0.1 -1.86111e-005 -7.4763e-008 -1.82566e-008 3.00804e-010 3.00804e-010
0.2 -3.72949e-005 -1.49943e-007 -3.65628e-008 6.01756e-010 6.01756e-010
0.3 -5.60523e-005 -2.25545e-007 -5.49192e-008 9.02858e-010 9.02858e-010
0.4 -7.48842e-005 -3.01574e-007 -7.33262e-008 1.20411e-009 1.20411e-009
0.5 -9.37914e-005 -3.78036e-007 -9.17843e-008 1.50552e-009 1.50552e-009
0.6 -0.000112775 -4.54937e-007 -1.10294e-007 1.80709e-009 1.80709e-009
0.7 -0.000131836 -5.32282e-007 -1.28856e-007 2.10881e-009 2.10881e-009
0.8 -0.000150974 -6.10078e-007 -1.47471e-007 2.41069e-009 2.41069e-009
0.9 -0.000170184 -6.83416e-007 -1.65934e-007 2.70869e-009 2.70869e-009
1 -0.000189408 -7.55793e-007 -1.83287e-007 3.00634e-009 3.00634e-009
0.01 -0.000189408 -7.60519e-007 -1.84431e-007 3.00614e-009 3.00614e-009
0.02 -0.000189409 -7.73744e-007 -1.87466e-007 3.00509e-009 3.00509e-009
0.03 -0.000189411 -7.88556e-007 -1.90645e-007 3.00265e-009 3.00265e-009
0.04 -0.000189412 -7.98425e-007 -1.92945e-007 2.9992e-009 2.9992e-009
0.05 -0.000189412 -8.03245e-007 -1.95064e-007 2.99574e-009 2.99574e-009
0.06 -0.000189412 -8.03753e-007 -1.97498e-007 2.99283e-009 2.99283e-009
0.07 -0.000189412 -8.00669e-007 -2.003e-007 2.9902e-009 2.9902e-009
0.08 -0.000189413 -7.94703e-007 -2.03178e-007 2.98745e-009 2.98745e-009
0.09 -0.000189413 -7.86391e-007 -2.05647e-007 2.98462e-009 2.98462e-009
0.1 -0.000189413 -7.76292e-007 -2.07389e-007 2.98217e-009 2.98217e-009
0.11 -0.000189413 -7.64969e-007 -2.08369e-007 2.98049e-009 2.98049e-009
0.12 -0.000189413 -7.53009e-007 -2.08818e-007 2.97961e-009 2.97961e-009
0.13 -0.000189414 -7.40798e-007 -2.09236e-007 2.97923e-009 2.97923e-009
0.14 -0.000189414 -7.2856e-007 -2.10159e-007 2.97874e-009 2.97874e-009
0.15 -0.000189415 -7.1659e-007 -2.11951e-007 2.97738e-009 2.97738e-009
0.16 -0.000189416 -7.05038e-007 -2.14618e-007 2.97436e-009 2.97436e-009
0.17 -0.000189416 -6.94108e-007 -2.17769e-007 2.96913e-009 2.96913e-009
0.18 -0.000189417 -6.83861e-007 -2.21036e-007 2.96156e-009 2.96156e-009
0.19 -0.000189417 -6.73899e-007 -2.24233e-007 2.95216e-009 2.95216e-009
0.2 -0.000189417 -6.63546e-007 -2.2742e-007 2.94199e-009 2.94199e-009
0.21 -0.000189417 -6.5243e-007 -2.30691e-007 2.93253e-009 2.93253e-009
0.22 -0.000189418 -6.40194e-007 -2.33957e-007 2.9253e-009 2.9253e-009
0.23 -0.000189418 -6.26915e-007 -2.36977e-007 2.92151e-009 2.92151e-009
0.24 -0.000189419 -6.12826e-007 -2.39584e-007 2.92182e-009 2.92182e-009
0.25 -0.000189419 -5.98107e-007 -2.41788e-007 2.9263e-009 2.9263e-009
0.26 -0.000189419 -5.83306e-007 -2.4351e-007 2.93448e-009 2.93448e-009
0.27 -0.00018942 -5.68564e-007 -2.44326e-007 2.94563e-009 2.94563e-009
0.28 -0.000189421 -5.5358e-007 -2.43604e-007 2.95896e-009 2.95896e-009
0.29 -0.000189421 -5.37961e-007 -2.4129e-007 2.97369e-009 2.97369e-009
0.3 -0.000189422 -5.21456e-007 -2.38224e-007 2.98909e-009 2.98909e-009
0.31 -0.000189423 -5.03747e-007 -2.35401e-007 3.0045e-009 3.0045e-009
0.32 -0.000189424 -4.8473e-007 -2.33372e-007 3.01943e-009 3.01943e-009
0.33 -0.000189425 -4.64677e-007 -2.32532e-007 3.03381e-009 3.03381e-009
0.34 -0.000189426 -4.43886e-007 -2.33219e-007 3.04798e-009 3.04798e-009
0.35 -0.000189428 -4.22067e-007 -2.35681e-007 3.06235e-009 3.06235e-009
0.36 -0.000189429 -3.9863e-007 -2.40122e-007 3.07719e-009 3.07719e-009
0.37 -0.000189431 -3.73389e-007 -2.46393e-007 3.09248e-009 3.09248e-009
0.38 -0.000189433 -3.47218e-007 -2.53613e-007 3.10791e-009 3.10791e-009
0.39 -0.000189435 -3.21574e-007 -2.60543e-007 3.1231e-009 3.1231e-009
0.4 -0.000189437 -2.97393e-007 -2.66462e-007 3.1377e-009 3.1377e-009
0.41 -0.000189439 -2.74778e-007 -2.71283e-007 3.15145e-009 3.15145e-009
0.42 -0.00018944 -2.53368e-007 -2.75043e-007 3.16422e-009 3.16422e-009
0.43 -0.000189442 -2.33163e-007 -2.77479e-007 3.17606e-009 3.17606e-009
0.44 -0.000189443 -2.147e-007 -2.77883e-007 3.1872e-009 3.1872e-009
0.45 -0.000189444 -1.98411e-007 -2.75805e-007 3.19805e-009 3.19805e-009
0.46 -0.000189445 -1.84077e-007 -2.71499e-007 3.20905e-009 3.20905e-009
0.47 -0.000189447 -1.70718e-007 -2.65366e-007 3.22049e-009 3.22049e-009
0.48 -0.000189448 -1.57884e-007 -2.57957e-007 3.2324e-009 3.2324e-009
0.49 -0.000189449 -1.46015e-007 -2.49932e-007 3.24437e-009 3.24437e-009
0.5 -0.00018945 -1.35373e-007 -2.4141e-007 3.25571e-009 3.25571e-009
0.51 -0.000189451 -1.25996e-007 -2.3205e-007 3.26584e-009 3.26584e-009
0.52 -0.000189452 -1.18342e-007 -2.21731e-007 3.27446e-009 3.27446e-009
0.53 -0.000189453 -1.13153e-007 -2.10305e-007 3.28161e-009 3.28161e-009
0.54 -0.000189454 -1.10349e-007 -1.97201e-007 3.28757e-009 3.28757e-009
0.55 -0.000189455 -1.08141e-007 -1.82087e-007 3.29298e-009 3.29298e-009
0.56 -0.000189456 -1.05331e-007 -1.65971e-007 3.29872e-009 3.29872e-009
0.57 -0.000189457 -1.036e-007 -1.50959e-007 3.30555e-009 3.30555e-009
0.58 -0.000189458 -1.05791e-007 -1.38883e-007 3.31362e-009 3.31362e-009
0.59 -0.000189459 -1.12671e-007 -1.29854e-007 3.3225e-009 3.3225e-009
0.6 -0.000189459 -1.21969e-007 -1.22076e-007 3.33202e-009 3.33202e-009
0.61 -0.00018946 -1.30857e-007 -1.14181e-007 3.34282e-009 3.34282e-009
0.62 -0.000189461 -1.38261e-007 -1.06225e-007 3.35588e-009 3.35588e-009
0.63 -0.000189462 -1.44253e-007 -9.73145e-008 3.37158e-009 3.37158e-009
0.64 -0.000189464 -1.48753e-007 -8.50617e-008 3.3899e-009 3.3899e-009
0.65 -0.000189466 -1.52738e-007 -6.93469e-008 3.41086e-009 3.41086e-009
0.66 -0.000189467 -1.5794e-007 -5.31376e-008 3.43434e-009 3.43434e-009
0.67 -0.000189469 -1.64504e-007 -3.86768e-008 3.45952e-009 3.45952e-009
0.68 -0.000189471 -1.7176e-007 -2.57466e-008 3.48511e-009 3.48511e-009
0.69 -0.000189473 -1.8043e-007 -1.32885e-008 3.51017e-009 3.51017e-009
0.7 -0.000189475 -1.91527e-007 -6.99253e-010 3.53425e-009 3.53425e-009
0.71 -0.000189476 -2.04497e-007 1.17642e-008 3.55698e-009 3.55698e-009
0.72 -0.000189478 -2.17663e-007 2.25204e-008 3.57745e-009 3.57745e-009
0.73 -0.00018948 -2.30323e-007 2.91757e-008 3.59404e-009 3.59404e-009
0.74 -0.000189481 -2.44513e-007 3.07539e-008 3.60467e-009 3.60467e-009
0.75 -0.000189482 -2.63903e-007 2.85313e-008 3.60751e-009 3.60751e-009
0.76 -0.000189483 -2.8992e-007 2.47365e-008 3.60202e-009 3.60202e-009
0.77 -0.000189484 -3.20269e-007 2.1806e-008 3.58948e-009 3.58948e-009
0.78 -0.000189485 -3.50964e-007 2.24176e-008 3.57275e-009 3.57275e-009
0.79 -0.000189486 -3.79548e-007 2.863e-008 3.55544e-009 3.55544e-009
0.8 -0.000189487 -4.06314e-007 3.98568e-008 3.54067e-009 3.54067e-009
0.81 -0.000189489 -4.32093e-007 5.38721e-008 3.53004e-009 3.53004e-009
0.82 -0.00018949 -4.55908e-007 6.84463e-008 3.52346e-009 3.52346e-009
0.83 -0.000189492 -4.76488e-007 8.23396e-008 3.51995e-009 3.51995e-009
0.84 -0.000189493 -4.94541e-007 9.58147e-008 3.51835e-009 3.51835e-009
0.85 -0.000189495 -5.11511e-007 1.10958e-007 3.51781e-009 3.51781e-009
0.86 -0.000189496 -5.28429e-007 1.30624e-007 3.51811e-009 3.51811e-009
0.87 -0.000189498 -5.48328e-007 1.54251e-007 3.51931e-009 3.51931e-009
0.88 -0.000189501 -5.75322e-007 1.77726e-007 3.52063e-009 3.52063e-009
0.89 -0.000189503 -6.08754e-007 1.988e-007 3.52018e-009 3.52018e-009
0.9 -0.000189506 -6.42201e-007 2.19376e-007 3.51638e-009 3.51638e-009
0.91 -0.000189509 -6.7035e-007 2.41795e-007 3.50975e-009 3.50975e-009
0.92 -0.000189512 -6.96104e-007 2.64525e-007 3.50272e-009 3.50272e-009
0.93 -0.000189515 -7.28018e-007 2.83985e-007 3.4976e-009 3.4976e-009
0.94 -0.000189519 -7.69462e-007 2.99059e-007 3.49536e-009 3.49536e-009
0.95 -0.000189522 -8.13027e-007 3.10841e-007 3.49648e-009 3.49648e-009
0.96 -0.000189525 -8.47019e-007 3.20018e-007 3.50199e-009 3.50199e-009
0.97 -0.000189527 -8.67636e-007 3.26077e-007 3.51283e-009 3.51283e-009
0.98 -0.000189529 -8.82041e-007 3.27112e-007 3.52824e-009 3.52824e-009
0.99 -0.000189531 -8.97675e-007 3.23025e-007 3.5453e-009 3.5453e-009
1 -0.000189532 -9.14189e-007 3.17089e-007 3.56094e-009 3.56094e-009
1.01 -0.000189534 -9.26782e-007 3.10437e-007 3.57398e-009 3.57398e-009
1.02 -0.000189535 -9.32314e-007 3.01301e-007 3.5847e-009 3.5847e-009
1.03 -0.000189536 -9.32455e-007 2.92307e-007 3.59327e-009 3.59327e-009
1.04 -0.000189537 -9.33273e-007 2.90771e-007 3.5996e-009 3.5996e-009
1.05 -0.000189538 -9.40983e-007 2.99007e-007 3.60431e-009 3.60431e-009
1.06 -0.000189541 -9.57637e-007 3.1033e-007 3.60836e-009 3.60836e-009
1.07 -0.000189543 -9.80013e-007 3.16743e-007 3.61155e-009 3.61155e-009
1.08 -0.000189545 -1.0009e-006 3.17075e-007 3.61226e-009 3.61226e-009
1.09 -0.000189547 -1.01517e-006 3.14386e-007 3.60896e-009 3.60896e-009
1.1 -0.000189547 -1.02615e-006 3.08042e-007 3.60091e-009 3.60091e-009
1.11 -0.000189548 -1.04191e-006 2.95931e-007 3.5869e-009 3.5869e-009
1.12 -0.000189549 -1.0642e-006 2.82613e-007 3.56505e-009 3.56505e-009
1.13 -0.00018955 -1.08608e-006 2.76347e-007 3.53523e-009 3.53523e-009
1.14 -0.00018955 -1.09763e-006 2.77802e-007 3.50059e-009 3.50059e-009
1.15 -0.000189549 -1.09132e-006 2.82712e-007 3.46561e-009 3.46561e-009
1.16 -0.000189548 -1.06524e-006 2.91274e-007 3.43367e-009 3.43367e-009
1.17 -0.000189547 -1.02826e-006 3.05186e-007 3.40717e-009 3.40717e-009
1.18 -0.000189546 -9.97154e-007 3.24444e-007 3.38853e-009 3.38853e-009
1.19 -0.000189546 -9.83222e-007 3.47166e-007 3.38007e-009 3.38007e-009
1.2 -0.000189546 -9.84857e-007 3.67958e-007 3.38291e-009 3.38291e-009
1.21 -0.000189546 -9.92521e-007 3.81101e-007 3.39604e-009 3.39604e-009
1.22 -0.000189546 -9.97049e-007 3.83592e-007 3.41607e-009 3.41607e-009
1.23 -0.000189545 -9.93675e-007 3.75441e-007 3.43795e-009 3.43795e-009
1.24 -0.000189545 -9.81323e-007 3.60647e-007 3.45671e-009 3.45671e-009
1.25 -0.000189544 -9.59731e-007 3.4727e-007 3.46961e-009 3.46961e-009
1.26 -0.000189544 -9.28121e-007 3.43057e-007 3.47779e-009 3.47779e-009
1.27 -0.000189543 -8.87127e-007 3.49883e-007 3.48583e-009 3.48583e-009
1.28 -0.000189542 -8.39541e-007 3.64423e-007 3.49925e-009 3.49925e-009
1.29 -0.000189541 -7.90091e-007 3.80004e-007 3.52196e-009 3.52196e-009
1.3 -0.000189541 -7.44663e-007 3.89796e-007 3.55531e-009 3.55531e-009
1.31 -0.000189541 -7.06068e-007 3.93394e-007 3.59899e-009 3.59899e-009
1.32 -0.000189541 -6.71336e-007 3.94244e-007 3.6524e-009 3.6524e-009
1.33 -0.000189542 -6.34412e-007 3.91642e-007 3.71435e-009 3.71435e-009
1.34 -0.000189542 -5.88927e-007 3.86116e-007 3.78123e-009 3.78123e-009
1.35 -0.000189544 -5.33449e-007 3.87412e-007 3.84725e-009 3.84725e-009
1.36 -0.000189546 -4.78313e-007 4.04052e-007 3.90684e-009 3.90684e-009
1.37 -0.000189548 -4.38825e-007 4.3127e-007 3.95582e-009 3.95582e-009
1.38 -0.000189549 -4.20494e-007 4.54419e-007 3.99046e-009 3.99046e-009
1.39 -0.00018955 -4.13311e-007 4.60377e-007 4.00735e-009 4.00735e-009
1.4 -0.000189549 -4.00133e-007 4.45029e-007 4.00575e-009 4.00575e-009
1.41 -0.000189549 -3.7685e-007 4.11767e-007 3.9897e-009 3.9897e-009
1.42 -0.000189549 -3.57254e-007 3.70955e-007 3.96708e-009 3.96708e-009
1.43 -0.000189549 -3.51997e-007 3.37963e-007 3.94709e-009 3.94709e-009
1.44 -0.000189549 -3.56029e-007 3.19514e-007 3.93778e-009 3.93778e-009
1.45 -0.000189549 -3.5613e-007 3.0541e-007 3.94291e-009 3.94291e-009
1.46 -0.000189549 -3.43264e-007 2.79629e-007 3.95887e-009 3.95887e-009
1.47 -0.000189549 -3.2288e-007 2.37576e-007 3.97548e-009 3.97548e-009
1.48 -0.000189549 -3.15053e-007 1.87359e-007 3.9817e-009 3.9817e-009
1.49 -0.000189549 -3.40017e-007 1.33654e-007 3.9712e-009 3.9712e-009
1.5 -0.000189548 -4.0077e-007 7.42906e-008 3.943e-009 3.943e-009
1.51 -0.000189548 -4.77848e-007 1.86711e-008 3.89974e-009 3.89974e-009
1.52 -0.000189548 -5.42952e-007 -7.51e-009 3.84823e-009 3.84823e-009
1.53 -0.000189547 -5.83203e-007 1.12502e-008 3.79984e-009 3.79984e-009
1.54 -0.000189547 -6.07729e-007 6.16448e-008 3.76496e-009 3.76496e-009
1.55 -0.000189547 -6.28914e-007 1.18092e-007 3.74527e-009 3.74527e-009
1.56 -0.000189547 -6.50238e-007 1.64194e-007 3.73347e-009 3.73347e-009
1.57 -0.000189547 -6.69605e-007 1.94536e-007 3.72068e-009 3.72068e-009
1.58 -0.000189546 -6.81915e-007 2.07013e-007 3.70248e-009 3.70248e-009
1.59 -0.000189546 -6.81669e-007 1.98621e-007 3.6779e-009 3.6779e-009
1.6 -0.000189545 -6.7111e-007 1.6531e-007 3.64419e-009 3.64419e-009
1.61 -0.000189543 -6.66273e-007 1.10044e-007 3.59411e-009 3.59411e-009
1.62 -0.000189542 -6.8422e-007 5.25485e-008 3.51974e-009 3.51974e-009
1.63 -0.00018954 -7.14941e-007 2.32746e-008 3.42071e-009 3.42071e-009
1.64 -0.000189538 -7.18323e-007 4.65634e-008 3.30977e-009 3.30977e-009
1.65 -0.000189536 -6.6476e-007 1.24659e-007 3.20949e-009 3.20949e-009
1.66 -0.000189535 -5.69322e-007 2.35115e-007 3.14112e-009 3.14112e-009
1.67 -0.000189533 -4.78455e-007 3.46281e-007 3.11417e-009 3.11417e-009
1.68 -0.000189533 -4.30215e-007 4.3498e-007 3.12503e-009 3.12503e-009
1.69 -0.000189534 -4.2973e-007 4.89983e-007 3.16377e-009 3.16377e-009
1.7 -0.000189535 -4.6017e-007 5.08765e-007 3.22114e-009 3.22114e-009
1.71 -0.000189536 -5.04959e-007 5.01842e-007 3.28902e-009 3.28902e-009
1.72 -0.000189537 -5.51617e-007 4.91999e-007 3.35808e-009 3.35808e-009
1.73 -0.000189538 -5.88157e-007 4.97074e-007 3.41885e-009 3.41885e-009
1.74 -0.000189539 -6.05854e-007 5.17043e-007 3.46429e-009 3.46429e-009
1.75 -0.000189539 -6.00585e-007 5.41911e-007 3.49047e-009 3.49047e-009
1.76 -0.000189539 -5.72464e-007 5.62348e-007 3.49661e-009 3.49661e-009
1.77 -0.000189539 -5.30312e-007 5.66613e-007 3.48593e-009 3.48593e-009
1.78 -0.000189539 -4.96268e-007 5.37505e-007 3.46578e-009 3.46578e-009
1.79 -0.000189539 -4.95331e-007 4.68274e-007 3.44636e-009 3.44636e-009
1.8 -0.000189541 -5.32604e-007 3.74434e-007 3.44053e-009 3.44053e-009
1.81 -0.000189542 -5.86758e-007 2.78115e-007 3.46362e-009 3.46362e-009
1.82 -0.000189545 -6.29097e-007 1.92296e-007 3.52826e-009 3.52826e-009
1.83 -0.000189548 -6.45005e-007 1.22563e-007 3.63538e-009 3.63538e-009
1.84 -0.000189551 -6.38749e-007 7.45433e-008 3.7697e-009 3.7697e-009
1.85 -0.000189554 -6.26835e-007 5.27418e-008 3.9054e-009 3.9054e-009
1.86 -0.000189556 -6.2644e-007 5.16672e-008 4.01747e-009 4.01747e-009
1.87 -0.000189558 -6.38035e-007 6.45982e-008 4.0912e-009 4.0912e-009
1.88 -0.00018956 -6.37164e-007 1.05705e-007 4.12775e-009 4.12775e-009
1.89 -0.000189561 -5.96669e-007 1.94438e-007 4.14494e-009 4.14494e-009
1.9 -0.000189563 -5.20263e-007 3.08654e-007 4.1674e-009 4.1674e-009
1.91 -0.000189564 -4.40528e-007 3.883e-007 4.20752e-009 4.20752e-009
1.92 -0.000189565 -3.86389e-007 3.89813e-007 4.25438e-009 4.25438e-009
1.93 -0.000189565 -3.64286e-007 3.09184e-007 4.28274e-009 4.28274e-009
1.94 -0.000189565 -3.63812e-007 1.65103e-007 4.27144e-009 4.27144e-009
1.95 -0.000189563 -3.7113e-007 -1.41825e-008 4.21252e-009 4.21252e-009
1.96 -0.000189561 -3.74307e-007 -1.89402e-007 4.10868e-009 4.10868e-009
1.97 -0.000189559 -3.63392e-007 -3.15403e-007 3.96922e-009 3.96922e-009
1.98 -0.000189556 -3.37269e-007 -3.66387e-007 3.80919e-009 3.80919e-009
1.99 -0.000189552 -3.06104e-007 -3.533e-007 3.64623e-009 3.64623e-009
2 -0.000189548 -2.84427e-007 -3.11561e-007 3.49389e-009 3.49389e-009
2.01 -0.000189543 -2.85427e-007 -2.74891e-007 3.35819e-009 3.35819e-009
2.02 -0.000189539 -3.17838e-007 -2.55955e-007 3.24177e-009 3.24177e-009
2.03 -0.000189536 -3.85156e-007 -2.52083e-007 3.15046e-009 3.15046e-009
2.04 -0.000189532 -4.82393e-007 -2.59673e-007 3.09288e-009 3.09288e-009
2.05 -0.00018953 -5.88083e-007 -2.67989e-007 3.07327e-009 3.07327e-009
2.06 -0.000189527 -6.73326e-007 -2.56894e-007 3.08531e-009 3.08531e-009
2.07 -0.000189524 -7.27876e-007 -2.23669e-007 3.11019e-009 3.11019e-009
2.08 -0.00018952 -7.67323e-007 -1.93657e-007 3.11681e-009 3.11681e-009
2.09 -0.000189515 -8.12274e-007 -1.94784e-007 3.06738e-009 3.06738e-009
2.1 -0.000189511 -8.66102e-007 -2.33447e-007 2.93288e-009 2.93288e-009
2.11 -0.000189508 -9.16866e-007 -2.9768e-007 2.71121e-009 2.71121e-009
2.12 -0.000189506 -9.59016e-007 -3.80273e-007 2.43173e-009 2.43173e-009
2.13 -0.000189505 -1.00105e-006 -4.8787e-007 2.14009e-009 2.14009e-009
2.14 -0.000189509 -1.05489e-006 -6.26742e-007 1.87585e-009 1.87585e-009
2.15 -0.000189516 -1.12539e-006 -7.87597e-007 1.66055e-009 1.66055e-009
2.16 -0.000189526 -1.20385e-006 -9.42988e-007 1.50091e-009 1.50091e-009
2.17 -0.000189535 -1.27117e-006 -1.06776e-006 1.39737e-009 1.39737e-009
2.18 -0.000189542 -1.31206e-006 -1.16752e-006 1.34548e-009 1.34548e-009
2.19 -0.000189548 -1.32255e-006 -1.26457e-006 1.33076e-009 1.33076e-009
2.2 -0.000189552 -1.3044e-006 -1.35363e-006 1.32984e-009 1.32984e-009
2.21 -0.000189553 -1.26336e-006 -1.40437e-006 1.3227e-009 1.3227e-009
2.22 -0.000189551 -1.21238e-006 -1.4028e-006 1.30249e-009 1.30249e-009
2.23 -0.000189549 -1.16634e-006 -1.36746e-006 1.27113e-009 1.27113e-009
2.24 -0.000189547 -1.13012e-006 -1.33144e-006 1.22817e-009 1.22817e-009
2.25 -0.000189544 -1.09638e-006 -1.3222e-006 1.16746e-009 1.16746e-009
2.26 -0.000189542 -1.05695e-006 -1.35957e-006 1.08317e-009 1.08317e-009
2.27 -0.000189543 -1.00887e-006 -1.44914e-006 9.75671e-010 9.75671e-010
2.28 -0.000189546 -9.52125e-007 -1.5683e-006 8.52289e-010 8.52289e-010
2.29 -0.00018955 -8.91991e-007 -1.68175e-006 7.24634e-010 7.24634e-010
2.3 -0.000189552 -8.40025e-007 -1.7703e-006 6.03112e-010 6.03112e-010
2.31 -0.000189552 -8.06984e-007 -1.82977e-006 4.91295e-010 4.91295e-010
2.32 -0.000189549 -7.98366e-007 -1.8578e-006 3.85985e-010 3.85985e-010
2.33 -0.000189544 -8.15164e-007 -1.85622e-006 2.83762e-010 2.83762e-010
2.34 -0.000189539 -8.52691e-007 -1.83587e-006 1.87376e-010 1.87376e-010
2.35 -0.000189535 -9.00495e-007 -1.81102e-006 1.0658e-010 1.0658e-010
2.36 -0.000189532 -9.45978e-007 -1.78981e-006 5.46176e-011 5.46176e-011
2.37 -0.000189531 -9.81061e-007 -1.77575e-006 4.38533e-011 4.38533e-011
2.38 -0.00018953 -1.0029e-006 -1.76716e-006 8.21687e-011 8.21687e-011
2.39 -0.000189529 -1.00632e-006 -1.74424e-006 1.72194e-010 1.72194e-010
2.4 -0.00018953 -9.90025e-007 -1.68014e-006 3.13506e-010 3.13506e-010
2.41 -0.000189532 -9.68907e-007 -1.56602e-006 5.03056e-010 5.03056e-010
2.42 -0.000189534 -9.62024e-007 -1.40969e-006 7.32495e-010 7.32495e-010
2.43 -0.000189537 -9.72638e-007 -1.2351e-006 9.87243e-010 9.87243e-010
2.44 -0.000189541 -9.90021e-007 -1.08932e-006 1.24828e-009 1.24828e-009
2.45 -0.000189546 -1.00323e-006 -1.0146e-006 1.49423e-009 1.49423e-009
2.46 -0.000189552 -1.00787e-006 -1.00906e-006 1.706e-009 1.706e-009
2.47 -0.000189558 -1.00648e-006 -1.03488e-006 1.87466e-009 1.87466e-009
2.48 -0.000189566 -1.00585e-006 -1.05844e-006 2.00514e-009 2.00514e-009
2.49 -0.000189574 -1.0128e-006 -1.07202e-006 2.10977e-009 2.10977e-009
2.5 -0.000189583 -1.03342e-006 -1.08856e-006 2.19744e-009 2.19744e-009
2.51 -0.000189591 -1.06968e-006 -1.12329e-006 2.26852e-009 2.26852e-009
2.52 -0.0001896 -1.11337e-006 -1.18047e-006 2.31894e-009 2.31894e-009
2.53 -0.000189608 -1.1511e-006 -1.2532e-006 2.3476e-009 2.3476e-009
2.54 -0.000189616 -1.17213e-006 -1.32352e-006 2.35994e-009 2.35994e-009
2.55 -0.000189623 -1.16987e-006 -1.36687e-006 2.36691e-009 2.36691e-009
2.56 -0.000189631 -1.14312e-006 -1.36601e-006 2.38088e-009 2.38088e-009
2.57 -0.000189639 -1.09512e-006 -1.32066e-006 2.41039e-009 2.41039e-009
2.58 -0.000189646 -1.03196e-006 -1.24576e-006 2.45485e-009 2.45485e-009
2.59 -0.000189652 -9.66842e-007 -1.16215e-006 2.50236e-009 2.50236e-009
2.6 -0.000189657 -9.19601e-007 -1.08489e-006 2.53302e-009 2.53302e-009
2.61 -0.000189661 -9.03088e-007 -1.01577e-006 2.52753e-009 2.52753e-009
2.62 -0.000189664 -9.12825e-007 -9.45343e-007 2.47682e-009 2.47682e-009
2.63 -0.000189665 -9.36567e-007 -8.60224e-007 2.38666e-009 2.38666e-009
2.64 -0.000189666 -9.76185e-007 -7.58009e-007 2.27291e-009 2.27291e-009
2.65 -0.000189665 -1.05429e-006 -6.60273e-007 2.14934e-009 2.14934e-009
2.66 -0.000189663 -1.18828e-006 -5.94935e-007 2.0174e-009 2.0174e-009
2.67 -0.000189661 -1.36051e-006 -5.69745e-007 1.86882e-009 1.86882e-009
2.68 -0.00018966 -1.52474e-006 -5.70628e-007 1.69951e-009 1.69951e-009
2.69 -0.000189659 -1.64323e-006 -5.76968e-007 1.52114e-009 1.52114e-009
2.7 -0.000189657 -1.71481e-006 -5.79664e-007 1.35924e-009 1.35924e-009
2.71 -0.000189654 -1.76849e-006 -5.79016e-007 1.24109e-009 1.24109e-009
2.72 -0.000189653 -1.83144e-006 -5.63992e-007 1.18633e-009 1.18633e-009
2.73 -0.000189653 -1.90015e-006 -5.08542e-007 1.20761e-009 1.20761e-009
2.74 -0.000189654 -1.94067e-006 -4.00796e-007 1.31408e-009 1.31408e-009
2.75 -0.000189656 -1.91998e-006 -2.65795e-007 1.50716e-009 1.50716e-009
2.76 -0.000189656 -1.8359e-006 -1.39378e-007 1.77227e-009 1.77227e-009
2.77 -0.000189657 -1.71305e-006 -3.80621e-008 2.0798e-009 2.0798e-009
2.78 -0.000189659 -1.57275e-006 3.40981e-008 2.39743e-009 2.39743e-009
2.79 -0.000189661 -1.41417e-006 8.01599e-008 2.70167e-009 2.70167e-009
2.8 -0.000189664 -1.23111e-006 1.18759e-007 2.98038e-009 2.98038e-009
2.81 -0.000189666 -1.04033e-006 1.65004e-007 3.22751e-009 3.22751e-009
2.82 -0.000189668 -8.784e-007 2.0773e-007 3.43528e-009 3.43528e-009
2.83 -0.000189671 -7.71438e-007 2.22031e-007 3.59082e-009 3.59082e-009
2.84 -0.000189672 -7.1531e-007 1.8938e-007 3.68202e-009 3.68202e-009
2.85 -0.000189674 -6.83785e-007 1.10417e-007 3.70791e-009 3.70791e-009
2.86 -0.000189675 -6.49889e-007 -4.6786e-010 3.68281e-009 3.68281e-009
2.87 -0.000189677 -5.95077e-007 -1.30597e-007 3.62948e-009 3.62948e-009
2.88 -0.000189678 -5.10826e-007 -2.62599e-007 3.56758e-009 3.56758e-009
2.89 -0.000189678 -4.05804e-007 -3.67664e-007 3.50837e-009 3.50837e-009
2.9 -0.000189679 -3.04368e-007 -4.24062e-007 3.45722e-009 3.45722e-009
2.91 -0.000189679 -2.25911e-007 -4.31409e-007 3.41683e-009 3.41683e-009
2.92 -0.000189679 -1.69227e-007 -4.02634e-007 3.38758e-009 3.38758e-009
2.93 -0.00018968 -1.24894e-007 -3.52795e-007 3.3674e-009 3.3674e-009
2.94 -0.00018968 -9.34511e-008 -2.91393e-007 3.35308e-009 3.35308e-009
2.95 -0.00018968 -8.15774e-008 -2.20108e-007 3.34235e-009 3.34235e-009
2.96 -0.000189681 -9.10584e-008 -1.40619e-007 3.33494e-009 3.33494e-009
2.97 -0.000189682 -1.24274e-007 -6.32215e-008 3.33046e-009 3.33046e-009
2.98 -0.000189683 -1.91765e-007 -3.30072e-009 3.32397e-009 3.32397e-009
2.99 -0.000189683 -3.01179e-007 3.33078e-008 3.30467e-009 3.30467e-009
3 -0.000189683 -4.41599e-007 5.9839e-008 3.26233e-009 3.26233e-009
3.01 -0.000189683 -5.86685e-007 9.82315e-008 3.19805e-009 3.19805e-009
3.02 -0.000189683 -7.13337e-007 1.60156e-007 3.12918e-009 3.12918e-009
3.03 -0.000189683 -8.1451e-007 2.42128e-007 3.08304e-009 3.08304e-009
3.04 -0.000189684 -8.96394e-007 3.27041e-007 3.08429e-009 3.08429e-009
3.05 -0.000189686 -9.62532e-007 3.86222e-007 3.14453e-009 3.14453e-009
3.06 -0.000189689 -1.00456e-006 3.97411e-007 3.25975e-009 3.25975e-009
3.07 -0.000189693 -1.01437e-006 3.72213e-007 3.41702e-009 3.41702e-009
3.08 -0.000189697 -9.94513e-007 3.53522e-007 3.60548e-009 3.60548e-009
3.09 -0.000189703 -9.56708e-007 3.73521e-007 3.82186e-009 3.82186e-009
3.1 -0.00018971 -9.16777e-007 4.27667e-007 4.06427e-009 4.06427e-009
3.11 -0.000189718 -8.78781e-007 4.9761e-007 4.32232e-009 4.32232e-009
3.12 -0.000189727 -8.26865e-007 5.87251e-007 4.57784e-009 4.57784e-009
3.13 -0.00018974 -7.44558e-007 7.22203e-007 4.81661e-009 4.81661e-009
3.14 -0.000189759 -6.36195e-007 9.05975e-007 5.03559e-009 5.03559e-009
3.15 -0.000189783 -5.28232e-007 1.09475e-006 5.23497e-009 5.23497e-009
3.16 -0.000189802 -4.52545e-007 1.22823e-006 5.40482e-009 5.40482e-009
3.17 -0.000189812 -4.29127e-007 1.26428e-006 5.52328e-009 5.52328e-009
3.18 -0.000189816 -4.59275e-007 1.19643e-006 5.56748e-009 5.56748e-009
3.19 -0.000189821 -5.26218e-007 1.06795e-006 5.52663e-009 5.52663e-009
3.2 -0.000189824 -6.08066e-007 9.49936e-007 5.40844e-009 5.40844e-009
3.21 -0.000189826 -6.99698e-007 8.85673e-007 5.23368e-009 5.23368e-009
3.22 -0.000189826 -8.17932e-007 8.64376e-007 5.02118e-009 5.02118e-009
3.23 -0.000189826 -9.78712e-007 8.47616e-007 4.77655e-009 4.77655e-009
3.24 -0.000189827 -1.17799e-006 8.06451e-007 4.49645e-009 4.49645e-009
3.25 -0.000189827 -1.39608e-006 7.32007e-007 4.18276e-009 4.18276e-009
3.26 -0.000189827 -1.60323e-006 6.30745e-007 3.85128e-009 3.85128e-009
3.27 -0.000189826 -1.76285e-006 5.25717e-007 3.5289e-009 3.5289e-009
3.28 -0.000189823 -1.85089e-006 4.4755e-007 3.24543e-009 3.24543e-009
3.29 -0.000189819 -1.88058e-006 4.09133e-007 3.02478e-009 3.02478e-009
3.3 -0.000189816 -1.89629e-006 3.98706e-007 2.87611e-009 2.87611e-009
3.31 -0.000189814 -1.94304e-006 4.01224e-007 2.78985e-009 2.78985e-009
3.32 -0.000189815 -2.03948e-006 4.18765e-007 2.74408e-009 2.74408e-009
3.33 -0.000189819 -2.17361e-006 4.57831e-007 2.71657e-009 2.71657e-009
3.34 -0.000189825 -2.32315e-006 4.98105e-007 2.69136e-009 2.69136e-009
3.35 -0.00018983 -2.46635e-006 5.01241e-007 2.65672e-009 2.65672e-009
3.36 -0.000189831 -2.57246e-006 4.52068e-007 2.60395e-009 2.60395e-009
3.37 -0.000189829 -2.60366e-006 3.68722e-007 2.53346e-009 2.53346e-009
3.38 -0.000189824 -2.53742e-006 2.83346e-007 2.45984e-009 2.45984e-009
3.39 -0.00018982 -2.38308e-006 2.22623e-007 2.40614e-009 2.40614e-009
3.4 -0.000189814 -2.18181e-006 1.86581e-007 2.39054e-009 2.39054e-009
3.41 -0.000189808 -1.98939e-006 1.41221e-007 2.41615e-009 2.41615e-009
3.42 -0.000189802 -1.84561e-006 5.0473e-008 2.47203e-009 2.47203e-009
3.43 -0.000189796 -1.75223e-006 -8.37113e-008 2.54494e-009 2.54494e-009
3.44 -0.000189791 -1.68158e-006 -2.22448e-007 2.63136e-009 2.63136e-009
3.45 -0.000189787 -1.60542e-006 -3.23099e-007 2.73773e-009 2.73773e-009
3.46 -0.000189784 -1.51325e-006 -3.68845e-007 2.86731e-009 2.86731e-009
3.47 -0.000189782 -1.41069e-006 -3.73432e-007 3.0063e-009 3.0063e-009
3.48 -0.00018978 -1.31265e-006 -3.62397e-007 3.1233e-009 3.1233e-009
3.49 -0.000189777 -1.23735e-006 -3.5361e-007 3.18354e-009 3.18354e-009
3.5 -0.000189773 -1.20451e-006 -3.60007e-007 3.16572e-009 3.16572e-009
3.51 -0.000189768 -1.23125e-006 -3.95508e-007 3.06828e-009 3.06828e-009
3.52 -0.000189763 -1.31336e-006 -4.55721e-007 2.90559e-009 2.90559e-009
3.53 -0.000189756 -1.41669e-006 -5.1173e-007 2.70341e-009 2.70341e-009
3.54 -0.00018975 -1.50127e-006 -5.43518e-007 2.49402e-009 2.49402e-009
3.55 -0.000189744 -1.54941e-006 -5.68793e-007 2.30377e-009 2.30377e-009
3.56 -0.000189738 -1.57189e-006 -6.35943e-007 2.13579e-009 2.13579e-009
3.57 -0.000189733 -1.59304e-006 -7.84613e-007 1.96324e-009 1.96324e-009
3.58 -0.000189726 -1.63152e-006 -1.00866e-006 1.7444e-009 1.7444e-009
3.59 -0.000189723 -1.69523e-006 -1.25518e-006 1.45148e-009 1.45148e-009
3.6 -0.000189724 -1.78058e-006 -1.45143e-006 1.09219e-009 1.09219e-009
3.61 -0.000189724 -1.8721e-006 -1.54584e-006 7.09588e-010 7.09588e-010
3.62 -0.000189721 -1.95403e-006 -1.54542e-006 3.60543e-010 3.60543e-010
3.63 -0.000189718 -2.02192e-006 -1.51295e-006 8.60721e-011 8.60721e-011
3.64 -0.000189716 -2.08003e-006 -1.5152e-006 -1.05978e-010 -1.05978e-010
3.65 -0.000189718 -2.13058e-006 -1.57377e-006 -2.33175e-010 -2.33175e-010
3.66 -0.000189722 -2.16683e-006 -1.667e-006 -3.14806e-010 -3.14806e-010
3.67 -0.000189727 -2.18199e-006 -1.76363e-006 -3.55313e-010 -3.55313e-010
3.68 -0.000189731 -2.17711e-006 -1.84229e-006 -3.47452e-010 -3.47452e-010
3.69 -0.000189733 -2.14622e-006 -1.89465e-006 -2.8667e-010 -2.8667e-010
3.7 -0.000189734 -2.06697e-006 -1.92897e-006 -1.81707e-010 -1.81707e-010
3.71 -0.000189733 -1.91811e-006 -1.96463e-006 -5.55322e-011 -5.55322e-011
3.72 -0.000189732 -1.69285e-006 -2.01287e-006 6.19303e-011 6.19303e-011
3.73 -0.00018973 -1.40348e-006 -2.06873e-006 1.4617e-010 1.4617e-010
3.74 -0.000189729 -1.08795e-006 -2.12206e-006 1.89666e-010 1.89666e-010
3.75 -0.000189734 -7.92117e-007 -2.16752e-006 2.05635e-010 2.05635e-010
3.76 -0.000189741 -5.40495e-007 -2.20589e-006 2.21476e-010 2.21476e-010
3.77 -0.000189746 -3.3546e-007 -2.2369e-006 2.65826e-010 2.65826e-010
3.78 -0.000189751 -1.73449e-007 -2.25567e-006 3.55427e-010 3.55427e-010
3.79 -0.000189753 -5.08753e-008 -2.26049e-006 4.86369e-010 4.86369e-010
3.8 -0.000189753 3.89259e-008 -2.25341e-006 6.33864e-010 6.33864e-010
3.81 -0.00018975 1.0036e-007 -2.23263e-006 7.63075e-010 7.63075e-010
3.82 -0.000189745 1.23361e-007 -2.19261e-006 8.46037e-010 8.46037e-010
3.83 -0.00018974 9.02885e-008 -2.12446e-006 8.74389e-010 8.74389e-010
3.84 -0.000189734 1.07621e-008 -2.02191e-006 8.61042e-010 8.61042e-010
3.85 -0.000189728 -6.34021e-008 -1.90054e-006 8.30667e-010 8.30667e-010
3.86 -0.000189721 -8.31095e-008 -1.79139e-006 8.05065e-010 8.05065e-010
3.87 -0.000189715 -4.97003e-008 -1.7144e-006 7.93534e-010 7.93534e-010
3.88 -0.00018971 -8.22937e-010 -1.6733e-006 7.94893e-010 7.94893e-010
3.89 -0.000189706 3.28731e-008 -1.6664e-006 8.07101e-010 8.07101e-010
3.9 -0.000189703 4.47367e-008 -1.6964e-006 8.33468e-010 8.33468e-010
3.91 -0.000189702 3.46738e-008 -1.77299e-006 8.78417e-010 8.78417e-010
3.92 -0.000189703 -1.25045e-008 -1.90251e-006 9.37219e-010 9.37219e-010
3.93 -0.000189705 -1.14224e-007 -2.06555e-006 9.92454e-010 9.92454e-010
3.94 -0.000189708 -2.63356e-007 -2.21186e-006 1.02482e-009 1.02482e-009
3.95 -0.000189713 -4.37099e-007 -2.29147e-006 1.0292e-009 1.0292e-009
3.96 -0.00018972 -6.17781e-007 -2.28576e-006 1.01941e-009 1.01941e-009
3.97 -0.000189728 -7.86909e-007 -2.20886e-006 1.01888e-009 1.01888e-009
3.98 -0.000189738 -9.18805e-007 -2.08785e-006 1.04965e-009 1.04965e-009
3.99 -0.000189749 -9.93799e-007 -1.94526e-006 1.12808e-009 1.12808e-009
4 -0.000189761 -1.01557e-006 -1.80842e-006 1.2628e-009 1.2628e-009
4.01 -0.000189774 -1.0132e-006 -1.71779e-006 1.4484e-009 1.4484e-009
4.02 -0.000189787 -1.01045e-006 -1.69723e-006 1.66054e-009 1.66054e-009
4.03 -0.000189799 -9.97415e-007 -1.73488e-006 1.86307e-009 1.86307e-009
4.04 -0.000189811 -9.52206e-007 -1.80807e-006 2.02235e-009 2.02235e-009
4.05 -0.000189821 -8.69716e-007 -1.89758e-006 2.11466e-009 2.11466e-009
4.06 -0.000189829 -7.56832e-007 -1.96945e-006 2.12629e-009 2.12629e-009
4.07 -0.000189836 -6.30378e-007 -1.97942e-006 2.05513e-009 2.05513e-009
4.08 -0.000189841 -5.30174e-007 -1.91156e-006 1.91312e-009 1.91312e-009
4.09 -0.000189845 -5.12298e-007 -1.78428e-006 1.72255e-009 1.72255e-009
4.1 -0.000189849 -6.17281e-007 -1.61924e-006 1.50998e-009 1.50998e-009
4.11 -0.000189853 -8.48085e-007 -1.43118e-006 1.30479e-009 1.30479e-009
4.12 -0.000189859 -1.16973e-006 -1.22978e-006 1.13963e-009 1.13963e-009
4.13 -0.000189865 -1.5214e-006 -1.00997e-006 1.04612e-009 1.04612e-009
4.14 -0.000189871 -1.84501e-006 -7.66344e-007 1.0453e-009 1.0453e-009
4.15 -0.000189878 -2.10928e-006 -5.1855e-007 1.13545e-009 1.13545e-009
4.16 -0.000189883 -2.30628e-006 -2.98776e-007 1.28563e-009 1.28563e-009
4.17 -0.000189885 -2.43788e-006 -1.26617e-007 1.4436e-009 1.4436e-009
4.18 -0.000189885 -2.51307e-006 3.17611e-009 1.55704e-009 1.55704e-009
4.19 -0.000189883 -2.55183e-006 1.21287e-007 1.59592e-009 1.59592e-009
4.2 -0.00018988 -2.58441e-006 2.60604e-007 1.56387e-009 1.56387e-009
4.21 -0.00018988 -2.63659e-006 4.31677e-007 1.4937e-009 1.4937e-009
4.22 -0.00018989 -2.71135e-006 6.25731e-007 1.43245e-009 1.43245e-009
4.23 -0.000189905 -2.79834e-006 8.17296e-007 1.4248e-009 1.4248e-009
4.24 -0.000189921 -2.89563e-006 9.70485e-007 1.49968e-009 1.49968e-009
4.25 -0.00018994 -3.00223e-006 1.07525e-006 1.66544e-009 1.66544e-009
4.26 -0.00018996 -3.10829e-006 1.1568e-006 1.91656e-009 1.91656e-009
4.27 -0.000189982 -3.20306e-006 1.23938e-006 2.24266e-009 2.24266e-009
4.28 -0.000190005 -3.27525e-006 1.3347e-006 2.63036e-009 2.63036e-009
4.29 -0.000190027 -3.31381e-006 1.45126e-006 3.06091e-009 3.06091e-009
4.3 -0.000190048 -3.31588e-006 1.57512e-006 3.50924e-009 3.50924e-009
4.31 -0.000190065 -3.27985e-006 1.66494e-006 3.94384e-009 3.94384e-009
4.32 -0.000190078 -3.19114e-006 1.69171e-006 4.33049e-009 4.33049e-009
4.33 -0.00019009 -3.03058e-006 1.66318e-006 4.64446e-009 4.64446e-009
4.34 -0.000190102 -2.79887e-006 1.60848e-006 4.88415e-009 4.88415e-009
4.35 -0.000190113 -2.52488e-006 1.56104e-006 5.0737e-009 5.0737e-009
4.36 -0.000190124 -2.24566e-006 1.54561e-006 5.2516e-009 5.2516e-009
4.37 -0.000190136 -1.98642e-006 1.56205e-006 5.45251e-009 5.45251e-009
4.38 -0.000190148 -1.76492e-006 1.58748e-006 5.69106e-009 5.69106e-009
4.39 -0.000190159 -1.60938e-006 1.59208e-006 5.95424e-009 5.95424e-009
4.4 -0.000190168 -1.55586e-006 1.558e-006 6.20554e-009 6.20554e-009
4.41 -0.000190177 -1.61622e-006 1.50072e-006 6.40092e-009 6.40092e-009
4.42 -0.000190184 -1.7585e-006 1.46345e-006 6.50995e-009 6.50995e-009
4.43 -0.000190189 -1.92252e-006 1.4904e-006 6.52981e-009 6.52981e-009
4.44 -0.000190193 -2.04916e-006 1.61401e-006 6.48354e-009 6.48354e-009
4.45 -0.000190196 -2.1079e-006 1.8383e-006 6.40538e-009 6.40538e-009
4.46 -0.000190202 -2.10631e-006 2.11297e-006 6.32172e-009 6.32172e-009
4.47 -0.000190208 -2.06666e-006 2.35132e-006 6.23829e-009 6.23829e-009
4.48 -0.00019021 -2.00223e-006 2.49299e-006 6.14389e-009 6.14389e-009
4.49 -0.000190207 -1.92512e-006 2.53663e-006 6.02985e-009 6.02985e-009
4.5 -0.000190201 -1.85623e-006 2.519e-006 5.90744e-009 5.90744e-009
4.51 -0.000190195 -1.80691e-006 2.49243e-006 5.80744e-009 5.80744e-009
4.52 -0.000190189 -1.76408e-006 2.51197e-006 5.7643e-009 5.7643e-009
4.53 -0.000190187 -1.71443e-006 2.60465e-006 5.79788e-009 5.79788e-009
4.54 -0.000190191 -1.66956e-006 2.75639e-006 5.90205e-009 5.90205e-009
4.55 -0.000190199 -1.64758e-006 2.93798e-006 6.0459e-009 6.0459e-009
4.56 -0.000190208 -1.64737e-006 3.116e-006 6.18917e-009 6.18917e-009
4.57 -0.000190217 -1.65197e-006 3.25385e-006 6.3027e-009 6.3027e-009
4.58 -0.000190223 -1.64042e-006 3.33767e-006 6.38227e-009 6.38227e-009
4.59 -0.000190228 -1.58931e-006 3.39349e-006 6.45106e-009 6.45106e-009
4.6 -0.000190236 -1.47528e-006 3.46305e-006 6.55104e-009 6.55104e-009
4.61 -0.000190249 -1.29324e-006 3.55556e-006 6.7229e-009 6.7229e-009
4.62 -0.000190264 -1.07106e-006 3.62845e-006 6.98007e-009 6.98007e-009
4.63 -0.000190275 -8.45368e-007 3.63257e-006 7.29414e-009 7.29414e-009
4.64 -0.000190283 -6.19181e-007 3.57058e-006 7.60899e-009 7.60899e-009
4.65 -0.000190292 -3.60169e-007 3.48778e-006 7.87539e-009 7.87539e-009
4.66 -0.000190304 -3.79053e-008 3.4123e-006 8.07462e-009 8.07462e-009
4.67 -0.000190318 3.41729e-007 3.3318e-006 8.21112e-009 8.21112e-009
4.68 -0.00019033 7.30306e-007 3.22376e-006 8.28899e-009 8.28899e-009
4.69 -0.000190341 1.06681e-006 3.08717e-006 8.30063e-009 8.30063e-009
4.7 -0.000190347 1.31507e-006 2.94894e-006 8.23674e-009 8.23674e-009
4.71 -0.000190348 1.47433e-006 2.84686e-006 8.1037e-009 8.1037e-009
4.72 -0.000190347 1.56222e-006 2.79171e-006 7.92863e-009 7.92863e-009
4.73 -0.000190343 1.60362e-006 2.75004e-006 7.74689e-009 7.74689e-009
4.74 -0.000190338 1.63162e-006 2.68248e-006 7.58513e-009 7.58513e-009
4.75 -0.000190333 1.67719e-006 2.58323e-006 7.45599e-009 7.45599e-009
4.76 -0.000190327 1.76112e-006 2.48014e-006 7.36385e-009 7.36385e-009
4.77 -0.000190324 1.89726e-006 2.41959e-006 7.31045e-009 7.31045e-009
4.78 -0.000190324 2.08625e-006 2.43056e-006 7.29431e-009 7.29431e-009
4.79 -0.000190328 2.30378e-006 2.48545e-006 7.30458e-009 7.30458e-009
4.8 -0.00019033 2.51241e-006 2.52413e-006 7.31804e-009 7.31804e-009
4.81 -0.000190328 2.6879e-006 2.50597e-006 7.30885e-009 7.30885e-009
4.82 -0.000190322 2.83043e-006 2.41785e-006 7.26596e-009 7.26596e-009
4.83 -0.000190313 2.95285e-006 2.27719e-006 7.20225e-009 7.20225e-009
4.84 -0.000190306 3.06375e-006 2.15085e-006 7.15027e-009 7.15027e-009
4.85 -0.000190301 3.16405e-006 2.11305e-006 7.15145e-009 7.15145e-009
4.86 -0.000190299 3.24775e-006 2.1469e-006 7.23853e-009 7.23853e-009
4.87 -0.000190296 3.30974e-006 2.14192e-006 7.41219e-009 7.41219e-009
4.88 -0.000190293 3.36622e-006 2.01787e-006 7.63349e-009 7.63349e-009
4.89 -0.000190292 3.44624e-006 1.80277e-006 7.84974e-009 7.84974e-009
4.9 -0.000190293 3.55865e-006 1.58548e-006 8.033e-009 8.033e-009
4.91 -0.000190296 3.69252e-006 1.42827e-006 8.193e-009 8.193e-009
4.92 -0.000190301 3.85211e-006 1.33513e-006 8.35614e-009 8.35614e-009
4.93 -0.00019031 4.06764e-006 1.28082e-006 8.53834e-009 8.53834e-009
4.94 -0.000190327 4.35689e-006 1.22925e-006 8.73539e-009 8.73539e-009
4.95 -0.000190349 4.69149e-006 1.13191e-006 8.92631e-009 8.92631e-009
4.96 -0.000190371 5.01289e-006 9.60472e-007 9.07847e-009 9.07847e-009
4.97 -0.000190388 5.26746e-006 7.4509e-007 9.15735e-009 9.15735e-009
4.98 -0.000190399 5.42108e-006 5.41027e-007 9.14175e-009 9.14175e-009
4.99 -0.000190402 5.46454e-006 3.60714e-007 9.03022e-009 9.03022e-009
5 -0.000190401 5.42801e-006 1.80534e-007 8.8303e-009 8.8303e-009
5.01 -0.000190397 5.36986e-006 7.42481e-010 8.54567e-009 8.54567e-009
5.02 -0.000190392 5.31941e-006 -1.51518e-007 8.17554e-009 8.17554e-009
5.03 -0.000190383 5.24762e-006 -2.6091e-007 7.71997e-009 7.71997e-009
5.04 -0.00019037 5.11351e-006 -3.31547e-007 7.18281e-009 7.18281e-009
5.05 -0.000190358 4.90996e-006 -3.85235e-007 6.57478e-009 6.57478e-009
5.06 -0.000190345 4.65452e-006 -4.73195e-007 5.9156e-009 5.9156e-009
5.07 -0.000190331 4.37776e-006 -6.45761e-007 5.22999e-009 5.22999e-009
5.08 -0.000190317 4.12393e-006 -8.92326e-007 4.54232e-009 4.54232e-009
5.09 -0.000190304 3.92954e-006 -1.15031e-006 3.8759e-009 3.8759e-009
5.1 -0.000190291 3.80019e-006 -1.37009e-006 3.2508e-009 3.2508e-009
5.11 -0.000190277 3.71874e-006 -1.5295e-006 2.67676e-009 2.67676e-009
5.12 -0.000190263 3.66992e-006 -1.60943e-006 2.15274e-009 2.15274e-009
5.13 -0.000190248 3.64148e-006 -1.61741e-006 1.67681e-009 1.67681e-009
5.14 -0.000190233 3.60257e-006 -1.62077e-006 1.25087e-009 1.25087e-009
5.15 -0.000190219 3.50977e-006 -1.69763e-006 8.72487e-010 8.72487e-010
5.16 -0.000190208 3.35158e-006 -1.86345e-006 5.31541e-010 5.31541e-010
5.17 -0.000190201 3.16367e-006 -2.08607e-006 2.22044e-010 2.22044e-010
5.18 -0.000190196 2.99693e-006 -2.33862e-006 -4.74622e-011 -4.74622e-011
5.19 -0.000190194 2.89623e-006 -2.59992e-006 -2.59707e-010 -2.59707e-010
5.2 -0.000190194 2.89732e-006 -2.82572e-006 -3.99755e-010 -3.99755e-010
5.21 -0.000190194 3.00075e-006 -2.96023e-006 -4.57281e-010 -4.57281e-010
5.22 -0.000190191 3.13961e-006 -2.98678e-006 -4.26092e-010 -4.26092e-010
5.23 -0.000190184 3.20906e-006 -2.93076e-006 -3.09545e-010 -3.09545e-010
5.24 -0.000190179 3.13772e-006 -2.82579e-006 -1.2381e-010 -1.2381e-010
5.25 -0.000190176 2.91588e-006 -2.70811e-006 1.0894e-010 1.0894e-010
5.26 -0.000190177 2.57855e-006 -2.60626e-006 3.70397e-010 3.70397e-010
5.27 -0.00019018 2.17913e-006 -2.51682e-006 6.50423e-010 6.50423e-010
5.28 -0.000190187 1.75948e-006 -2.4225e-006 9.4357e-010 9.4357e-010
5.29 -0.000190196 1.3358e-006 -2.32788e-006 1.23878e-009 1.23878e-009
5.3 -0.000190208 9.18914e-007 -2.23885e-006 1.51141e-009 1.51141e-009
5.31 -0.00019022 5.26971e-007 -2.13286e-006 1.73016e-009 1.73016e-009
5.32 -0.000190232 1.59877e-007 -1.98544e-006 1.87481e-009 1.87481e-009
5.33 -0.000190246 -2.15994e-007 -1.79222e-006 1.94658e-009 1.94658e-009
5.34 -0.000190261 -6.44016e-007 -1.55294e-006 1.96569e-009 1.96569e-009
5.35 -0.000190278 -1.14643e-006 -1.25231e-006 1.96551e-009 1.96551e-009
5.36 -0.000190301 -1.71661e-006 -8.68166e-007 1.9883e-009 1.9883e-009
5.37 -0.000190329 -2.32922e-006 -4.27609e-007 2.0736e-009 2.0736e-009
5.38 -0.000190363 -2.94896e-006 -3.41556e-008 2.23298e-009 2.23298e-009
5.39 -0.000190409 -3.54072e-006 2.21492e-007 2.43062e-009 2.43062e-009
5.4 -0.000190467 -4.07832e-006 3.59682e-007 2.59883e-009 2.59883e-009
5.41 -0.000190534 -4.56157e-006 4.80635e-007 2.68259e-009 2.68259e-009
5.42 -0.000190605 -4.98973e-006 6.63033e-007 2.67146e-009 2.67146e-009
5.43 -0.000190671 -5.34897e-006 8.97969e-007 2.59023e-009 2.59023e-009
5.44 -0.000190733 -5.64483e-006 1.10974e-006 2.4639e-009 2.4639e-009
5.45 -0.00019079 -5.90539e-006 1.25008e-006 2.29774e-009 2.29774e-009
5.46 -0.000190844 -6.15829e-006 1.34738e-006 2.09227e-009 2.09227e-009
5.47 -0.000190898 -6.40288e-006 1.4579e-006 1.87089e-009 1.87089e-009
5.48 -0.00019095 -6.61663e-006 1.61312e-006 1.68535e-009 1.68535e-009
5.49 -0.000191 -6.77804e-006 1.81498e-006 1.59293e-009 1.59293e-009
5.5 -0.000191047 -6.88746e-006 2.02924e-006 1.62717e-009 1.62717e-009
5.51 -0.000191088 -6.96713e-006 2.19002e-006 1.78066e-009 1.78066e-009
5.52 -0.000191123 -7.03175e-006 2.26597e-006 2.00831e-009 2.00831e-009
5.53 -0.00019115 -7.0773e-006 2.2959e-006 2.25187e-009 2.25187e-009
5.54 -0.000191172 -7.10563e-006 2.33127e-006 2.46738e-009 2.46738e-009
5.55 -0.000191188 -7.1215e-006 2.39e-006 2.63486e-009 2.63486e-009
5.56 -0.000191196 -7.108e-006 2.45849e-006 2.75239e-009 2.75239e-009
5.57 -0.000191196 -7.04484e-006 2.50142e-006 2.82901e-009 2.82901e-009
5.58 -0.00019119 -6.94604e-006 2.48643e-006 2.88172e-009 2.88172e-009
5.59 -0.00019118 -6.85518e-006 2.40699e-006 2.93188e-009 2.93188e-009
5.6 -0.000191166 -6.80535e-006 2.26845e-006 2.99765e-009 2.99765e-009
5.61 -0.000191149 -6.79454e-006 2.06784e-006 3.08637e-009 3.08637e-009
5.62 -0.00019113 -6.79303e-006 1.81511e-006 3.19434e-009 3.19434e-009
5.63 -0.000191112 -6.76238e-006 1.5675e-006 3.31808e-009 3.31808e-009
5.64 -0.000191089 -6.67169e-006 1.40496e-006 3.46899e-009 3.46899e-009
5.65 -0.000191062 -6.51084e-006 1.35732e-006 3.67166e-009 3.67166e-009
5.66 -0.000191034 -6.29696e-006 1.37206e-006 3.9384e-009 3.9384e-009
5.67 -0.000191003 -6.06664e-006 1.35968e-006 4.24179e-009 4.24179e-009
5.68 -0.000190971 -5.84891e-006 1.27403e-006 4.51734e-009 4.51734e-009
5.69 -0.000190938 -5.63469e-006 1.14848e-006 4.70184e-009 4.70184e-009
5.7 -0.000190904 -5.37796e-006 1.05357e-006 4.77575e-009 4.77575e-009
5.71 -0.000190872 -5.03452e-006 1.02737e-006 4.77028e-009 4.77028e-009
5.72 -0.000190841 -4.59646e-006 1.05525e-006 4.73425e-009 4.73425e-009
5.73 -0.000190812 -4.08889e-006 1.11414e-006 4.695e-009 4.695e-009
5.74 -0.000190785 -3.53814e-006 1.2174e-006 4.65021e-009 4.65021e-009
5.75 -0.00019076 -2.94417e-006 1.40639e-006 4.59102e-009 4.59102e-009
5.76 -0.000190737 -2.28591e-006 1.69882e-006 4.5257e-009 4.5257e-009
5.77 -0.000190717 -1.5487e-006 2.05867e-006 4.47855e-009 4.47855e-009
5.78 -0.000190701 -7.4109e-007 2.41343e-006 4.46997e-009 4.46997e-009
5.79 -0.000190687 1.05092e-007 2.67141e-006 4.49921e-009 4.49921e-009
5.8 -0.000190676 9.39805e-007 2.73365e-006 4.53923e-009 4.53923e-009
5.81 -0.000190667 1.71857e-006 2.5469e-006 4.54256e-009 4.54256e-009
5.82 -0.00019066 2.45103e-006 2.19022e-006 4.4623e-009 4.4623e-009
5.83 -0.000190655 3.20825e-006 1.87138e-006 4.28857e-009 4.28857e-009
5.84 -0.000190652 4.04118e-006 1.76793e-006 4.07319e-009 4.07319e-009
5.85 -0.000190672 4.89686e-006 1.8843e-006 3.90772e-009 3.90772e-009
5.86 -0.000190717 5.64428e-006 2.08892e-006 3.86675e-009 3.86675e-009
5.87 -0.000190762 6.1779e-006 2.24617e-006 3.97232e-009 3.97232e-009
5.88 -0.000190791 6.4894e-006 2.28409e-006 4.21002e-009 4.21002e-009
5.89 -0.00019081 6.65386e-006 2.20539e-006 4.56757e-009 4.56757e-009
5.9 -0.000190827 6.7545e-006 2.07418e-006 5.05199e-009 5.05199e-009
5.91 -0.000190847 6.83278e-006 1.9569e-006 5.67658e-009 5.67658e-009
5.92 -0.000190868 6.89214e-006 1.8901e-006 6.43906e-009 6.43906e-009
5.93 -0.000190888 6.91532e-006 1.90048e-006 7.31216e-009 7.31216e-009
5.94 -0.000190907 6.8648e-006 2.00094e-006 8.24868e-009 8.24868e-009
5.95 -0.000190924 6.6902e-006 2.16195e-006 9.18912e-009 9.18912e-009
5.96 -0.00019094 6.36349e-006 2.30678e-006 1.00671e-008 1.00671e-008
5.97 -0.000190956 5.90641e-006 2.35842e-006 1.08219e-008 1.08219e-008
5.98 -0.000190972 5.3787e-006 2.29291e-006 1.14231e-008 1.14231e-008
5.99 -0.000190989 4.83904e-006 2.11997e-006 1.18906e-008 1.18906e-008
6 -0.000191008 4.3102e-006 1.81086e-006 1.22809e-008 1.22809e-008
6.01 -0.000191028 3.77454e-006 1.28348e-006 1.26363e-008 1.26363e-008
6.02 -0.000191048 3.19953e-006 4.85527e-007 1.29377e-008 1.29377e-008
6.03 -0.000191066 2.54704e-006 -5.43278e-007 1.31055e-008 1.31055e-008
6.04 -0.00019108 1.79037e-006 -1.69134e-006 1.30493e-008 1.30493e-008
6.05 -0.000191092 9.66408e-007 -2.81816e-006 1.27211e-008 1.27211e-008
6.06 -0.000191123 1.85656e-007 -3.80182e-006 1.21383e-008 1.21383e-008
6.07 -0.000191164 -4.23592e-007 -4.56586e-006 1.1368e-008 1.1368e-008
6.08 -0.000191193 -7.71811e-007 -5.07857e-006 1.04913e-008 1.04913e-008
6.09 -0.000191203 -8.39602e-007 -5.37034e-006 9.56627e-009 9.56627e-009
6.1 -0.000191199 -6.7917e-007 -5.5295e-006 8.60413e-009 8.60413e-009
6.11 -0.000191186 -3.78732e-007 -5.62546e-006 7.56966e-009 7.56966e-009
6.12 -0.000191166 -2.72909e-008 -5.65453e-006 6.40946e-009 6.40946e-009
6.13 -0.000191138 2.99389e-007 -5.56562e-006 5.09045e-009 5.09045e-009
6.14 -0.000191099 5.60457e-007 -5.27516e-006 3.61918e-009 3.61918e-009
6.15 -0.000191055 7.57129e-007 -4.6702e-006 2.03536e-009 2.03536e-009
6.16 -0.000191005 8.99609e-007 -3.67262e-006 3.91419e-010 3.91419e-010
6.17 -0.000190952 9.86106e-007 -2.30239e-006 -1.27008e-009 -1.27008e-009
6.18 -0.000190899 1.00501e-006 -6.64649e-007 -2.92993e-009 -2.92993e-009
6.19 -0.000190844 9.14998e-007 1.0825e-006 -4.58665e-009 -4.58665e-009
6.2 -0.000190791 6.30647e-007 2.76588e-006 -6.23393e-009 -6.23393e-009
6.21 -0.00019075 7.90063e-008 4.28575e-006 -7.83021e-009 -7.83021e-009
6.22 -0.000190742 -7.14541e-007 5.68369e-006 -9.26793e-009 -9.26793e-009
6.23 -0.000190771 -1.6164e-006 7.09393e-006 -1.03645e-008 -1.03645e-008
6.24 -0.000190857 -2.47625e-006 8.60831e-006 -1.09034e-008 -1.09034e-008
6.25 -0.000190997 -3.23929e-006 1.01717e-005 -1.07184e-008 -1.07184e-008
6.26 -0.000191161 -3.98144e-006 1.1576e-005 -9.76939e-009 -9.76939e-009
6.27 -0.000191321 -4.84305e-006 1.25528e-005 -8.16165e-009 -8.16165e-009
6.28 -0.000191459 -5.91014e-006 1.29382e-005 -6.09195e-009 -6.09195e-009
6.29 -0.000191598 -7.13826e-006 1.28134e-005 -3.74878e-009 -3.74878e-009
6.3 -0.000191751 -8.37549e-006 1.24854e-005 -1.21884e-009 -1.21884e-009
6.31 -0.000191923 -9.47326e-006 1.2235e-005 1.53541e-009 1.53541e-009
6.32 -0.000192104 -1.0392e-005 1.2056e-005 4.5909e-009 4.5909e-009
6.33 -0.000192283 -1.1187e-005 1.16487e-005 7.92511e-009 7.92511e-009
6.34 -0.000192456 -1.19142e-005 1.06247e-005 1.13404e-008 1.13404e-008
6.35 -0.000192641 -1.25915e-005 8.74902e-006 1.45165e-008 1.45165e-008
6.36 -0.000192854 -1.31854e-005 6.08933e-006 1.71471e-008 1.71471e-008
6.37 -0.000193092 -1.35729e-005 3.03687e-006 1.90684e-008 1.90684e-008
6.38 -0.000193331 -1.35814e-005 1.44138e-007 2.03134e-008 2.03134e-008
6.39 -0.000193534 -1.31339e-005 -2.23055e-006 2.10517e-008 2.10517e-008
6.4 -0.00019369 -1.23396e-005 -4.14123e-006 2.14339e-008 2.14339e-008
6.41 -0.000193817 -1.14088e-005 -5.84343e-006 2.14537e-008 2.14537e-008
6.42 -0.000193927 -1.05164e-005 -7.45696e-006 2.09442e-008 2.09442e-008
6.43 -0.000194019 -9.78602e-006 -8.91166e-006 1.97064e-008 1.97064e-008
6.44 -0.000194084 -9.30983e-006 -1.00457e-005 1.76573e-008 1.76573e-008
6.45 -0.000194098 -9.10404e-006 -1.06596e-005 1.48856e-008 1.48856e-008
6.46 -0.000194048 -9.10373e-006 -1.05849e-005 1.16128e-008 1.16128e-008
6.47 -0.000193976 -9.23589e-006 -9.80278e-006 8.10897e-009 8.10897e-009
6.48 -0.000193887 -9.47574e-006 -8.48084e-006 4.59038e-009 4.59038e-009
6.49 -0.000193773 -9.82785e-006 -6.86491e-006 1.14071e-009 1.14071e-009
6.5 -0.00019364 -1.02739e-005 -5.13099e-006 -2.28718e-009 -2.28718e-009
6.51 -0.000193488 -1.07417e-005 -3.35087e-006 -5.77707e-009 -5.77707e-009
6.52 -0.000193321 -1.11371e-005 -1.5702e-006 -9.33e-009 -9.33e-009
6.53 -0.000193144 -1.14141e-005 1.08899e-007 -1.28122e-008 -1.28122e-008
6.54 -0.000192965 -1.1584e-005 1.53882e-006 -1.6002e-008 -1.6002e-008
6.55 -0.000192788 -1.16411e-005 2.65413e-006 -1.86815e-008 -1.86815e-008
6.56 -0.00019262 -1.1526e-005 3.54091e-006 -2.06978e-008 -2.06978e-008
6.57 -0.000192464 -1.11654e-005 4.35355e-006 -2.19686e-008 -2.19686e-008
6.58 -0.000192326 -1.05195e-005 5.20611e-006 -2.24611e-008 -2.24611e-008
6.59 -0.000192208 -9.61363e-006 6.10705e-006 -2.21661e-008 -2.21661e-008
6.6 -0.000192114 -8.53986e-006 6.93603e-006 -2.10842e-008 -2.10842e-008
6.61 -0.000192046 -7.39557e-006 7.50669e-006 -1.92303e-008 -1.92303e-008
6.62 -0.000192002 -6.21517e-006 7.67319e-006 -1.66551e-008 -1.66551e-008
6.63 -0.000191983 -4.9628e-006 7.37351e-006 -1.34715e-008 -1.34715e-008
6.64 -0.000191985 -3.57444e-006 6.62089e-006 -9.87043e-009 -9.87043e-009
6.65 -0.000192005 -2.01622e-006 5.47726e-006 -6.10536e-009 -6.10536e-009
6.66 -0.000192038 -3.22298e-007 3.99806e-006 -2.4489e-009 -2.4489e-009
6.67 -0.000192076 1.41919e-006 2.21381e-006 8.60539e-010 8.60539e-010
6.68 -0.000192118 3.1181e-006 1.81942e-007 3.66101e-009 3.66101e-009
6.69 -0.000192178 4.71764e-006 -1.96997e-006 5.88785e-009 5.88785e-009
6.7 -0.000192345 6.16806e-006 -4.07299e-006 7.56294e-009 7.56294e-009
6.71 -0.000192554 7.35888e-006 -5.99171e-006 8.75465e-009 8.75465e-009
6.72 -0.000192746 8.13971e-006 -7.68992e-006 9.53054e-009 9.53054e-009
6.73 -0.000192913 8.4334e-006 -9.19299e-006 9.92961e-009 9.92961e-009
6.74 -0.000193053 8.31995e-006 -1.04994e-005 9.97333e-009 9.97333e-009
6.75 -0.000193171 8.00602e-006 -1.15837e-005 9.69556e-009 9.69556e-009
6.76 -0.00019327 7.7094e-006 -1.24093e-005 9.14504e-009 9.14504e-009
6.77 -0.000193349 7.56899e-006 -1.28997e-005 8.35799e-009 8.35799e-009
6.78 -0.000193398 7.62539e-006 -1.297e-005 7.34103e-009 7.34103e-009
6.79 -0.000193429 7.85456e-006 -1.26149e-005 6.07877e-009 6.07877e-009
6.8 -0.00019345 8.21629e-006 -1.1949e-005 4.55302e-009 4.55302e-009
6.81 -0.000193458 8.68665e-006 -1.11384e-005 2.76466e-009 2.76466e-009
6.82 -0.000193454 9.27693e-006 -1.03109e-005 7.55569e-010 7.55569e-010
6.83 -0.00019345 1.00124e-005 -9.56137e-006 -1.37668e-009 -1.37668e-009
6.84 -0.000193449 1.08711e-005 -9.00064e-006 -3.49194e-009 -3.49194e-009
6.85 -0.000193461 1.17904e-005 -8.72491e-006 -5.44859e-009 -5.44859e-009
6.86 -0.000193468 1.27266e-005 -8.71373e-006 -7.13258e-009 -7.13258e-009
6.87 -0.000193474 1.36582e-005 -8.80804e-006 -8.44787e-009 -8.44787e-009
6.88 -0.000193502 1.45468e-005 -8.83804e-006 -9.29747e-009 -9.29747e-009
6.89 -0.000193516 1.53345e-005 -8.75302e-006 -9.59569e-009 -9.59569e-009
6.9 -0.000193516 1.59554e-005 -8.57369e-006 -9.30167e-009 -9.30167e-009
6.91 -0.000193506 1.64143e-005 -8.29089e-006 -8.42564e-009 -8.42564e-009
6.92 -0.000193497 1.68297e-005 -7.84147e-006 -6.99106e-009 -6.99106e-009
6.93 -0.000193504 1.73586e-005 -7.2321e-006 -5.00307e-009 -5.00307e-009
6.94 -0.000193533 1.80739e-005 -6.62967e-006 -2.47882e-009 -2.47882e-009
6.95 -0.000193571 1.89129e-005 -6.25657e-006 4.85853e-010 4.85853e-010
6.96 -0.000193624 1.97467e-005 -6.19868e-006 3.69664e-009 3.69664e-009
6.97 -0.000193665 2.05014e-005 -6.36267e-006 6.92107e-009 6.92107e-009
6.98 -0.0001937 2.11667e-005 -6.57875e-006 9.96899e-009 9.96899e-009
6.99 -0.000193739 2.17635e-005 -6.7415e-006 1.27176e-008 1.27176e-008
7 -0.000193757 2.22983e-005 -6.8092e-006 1.50784e-008 1.50784e-008
7.01 -0.000193771 2.27574e-005 -6.68367e-006 1.69679e-008 1.69679e-008
7.02 -0.000193783 2.31466e-005 -6.23835e-006 1.83287e-008 1.83287e-008
7.03 -0.000193795 2.3437e-005 -5.47433e-006 1.91571e-008 1.91571e-008
7.04 -0.000193806 2.34909e-005 -4.59706e-006 1.9478e-008 1.9478e-008
7.05 -0.000193801 2.30737e-005 -3.941e-006 1.92812e-008 1.92812e-008
7.06 -0.000193794 2.19832e-005 -3.74361e-006 1.84944e-008 1.84944e-008
7.07 -0.000193803 2.02021e-005 -3.95173e-006 1.70376e-008 1.70376e-008
7.08 -0.000193823 1.78934e-005 -4.29429e-006 1.49198e-008 1.49198e-008
7.09 -0.000193853 1.52674e-005 -4.51054e-006 1.22764e-008 1.22764e-008
7.1 -0.000193894 1.24926e-005 -4.49977e-006 9.30468e-009 9.30468e-009
7.11 -0.000193942 9.69497e-006 -4.31215e-006 6.16679e-009 6.16679e-009
7.12 -0.000193996 6.99796e-006 -4.05235e-006 2.95188e-009 2.95188e-009
7.13 -0.000194057 4.49838e-006 -3.82905e-006 -2.85369e-010 -2.85369e-010
7.14 -0.000194126 2.22401e-006 -3.74368e-006 -3.46911e-009 -3.46911e-009
7.15 -0.000194202 1.46773e-007 -3.85859e-006 -6.48207e-009 -6.48207e-009
7.16 -0.000194289 -1.76959e-006 -4.16823e-006 -9.18103e-009 -9.18103e-009
7.17 -0.000194387 -3.55564e-006 -4.60619e-006 -1.14252e-008 -1.14252e-008
7.18 -0.000194497 -5.24144e-006 -5.06724e-006 -1.31067e-008 -1.31067e-008
7.19 -0.00019462 -6.83464e-006 -5.4307e-006 -1.41778e-008 -1.41778e-008
7.2 -0.000194749 -8.30349e-006 -5.60253e-006 -1.46661e-008 -1.46661e-008
7.21 -0.000194881 -9.58918e-006 -5.53166e-006 -1.46693e-008 -1.46693e-008
7.22 -0.000195011 -1.06173e-005 -5.16134e-006 -1.43209e-008 -1.43209e-008
7.23 -0.000195136 -1.1326e-005 -4.42937e-006 -1.37308e-008 -1.37308e-008
7.24 -0.000195256 -1.17118e-005 -3.34597e-006 -1.29418e-008 -1.29418e-008
7.25 -0.000195365 -1.18529e-005 -2.03523e-006 -1.19361e-008 -1.19361e-008
7.26 -0.000195455 -1.18702e-005 -6.87728e-007 -1.06834e-008 -1.06834e-008
7.27 -0.00019552 -1.18535e-005 5.40498e-007 -9.18505e-009 -9.18505e-009
7.28 -0.000195569 -1.18325e-005 1.57978e-006 -7.48482e-009 -7.48482e-009
7.29 -0.000195615 -1.17883e-005 2.42082e-006 -5.64597e-009 -5.64597e-009
7.3 -0.000195654 -1.16833e-005 3.11763e-006 -3.72671e-009 -3.72671e-009
7.31 -0.000195682 -1.14897e-005 3.83332e-006 -1.7662e-009 -1.7662e-009
7.32 -0.0001957 -1.12241e-005 4.77773e-006 2.2348e-010 2.2348e-010
7.33 -0.000195711 -1.10079e-005 5.9967e-006 2.25181e-009 2.25181e-009
7.34 -0.000195717 -1.10708e-005 7.26202e-006 4.30733e-009 4.30733e-009
7.35 -0.00019571 -1.16314e-005 8.25562e-006 6.29596e-009 6.29596e-009
7.36 -0.000195668 -1.27533e-005 8.8585e-006 8.05368e-009 8.05368e-009
7.37 -0.000195692 -1.4288e-005 9.19849e-006 9.46078e-009 9.46078e-009
7.38 -0.000195777 -1.60142e-005 9.48696e-006 1.05432e-008 1.05432e-008
7.39 -0.000195862 -1.77836e-005 9.77221e-006 1.14504e-008 1.14504e-008
7.4 -0.000195983 -1.95207e-005 9.93361e-006 1.23297e-008 1.23297e-008
7.41 -0.000196111 -2.11296e-005 9.87416e-006 1.32181e-008 1.32181e-008
7.42 -0.000196214 -2.24687e-005 9.62187e-006 1.40381e-008 1.40381e-008
7.43 -0.000196285 -2.34095e-005 9.25348e-006 1.46696e-008 1.46696e-008
7.44 -0.000196302 -2.39416e-005 8.70266e-006 1.49956e-008 1.49956e-008
7.45 -0.000196305 -2.4166e-005 7.75257e-006 1.48894e-008 1.48894e-008
7.46 -0.000196315 -2.41975e-005 6.22867e-006 1.42063e-008 1.42063e-008
7.47 -0.000196319 -2.40857e-005 4.19033e-006 1.28328e-008 1.28328e-008
7.48 -0.000196331 -2.37904e-005 1.95223e-006 1.07681e-008 1.07681e-008
7.49 -0.000196359 -2.32251e-005 -9.93094e-008 8.15852e-009 8.15852e-009
7.5 -0.000196349 -2.23135e-005 -1.75068e-006 5.23858e-009 5.23858e-009
7.51 -0.000196331 -2.0989e-005 -2.98929e-006 2.22653e-009 2.22653e-009
7.52 -0.000196314 -1.92278e-005 -3.8784e-006 -7.35753e-010 -7.35753e-010
7.53 -0.000196298 -1.7063e-005 -4.42948e-006 -3.55322e-009 -3.55322e-009
7.54 -0.000196279 -1.45866e-005 -4.62147e-006 -6.11333e-009 -6.11333e-009
7.55 -0.000196256 -1.19192e-005 -4.48739e-006 -8.27628e-009 -8.27628e-009
7.56 -0.000196228 -9.19075e-006 -4.19093e-006 -9.94065e-009 -9.94065e-009
7.57 -0.000196192 -6.52094e-006 -3.96759e-006 -1.11236e-008 -1.11236e-008
7.58 -0.000196145 -3.95164e-006 -3.88037e-006 -1.19654e-008 -1.19654e-008
7.59 -0.000196088 -1.41459e-006 -3.68095e-006 -1.26263e-008 -1.26263e-008
7.6 -0.00019602 1.18338e-006 -3.02828e-006 -1.31598e-008 -1.31598e-008
7.61 -0.000195941 3.83029e-006 -1.82615e-006 -1.3491e-008 -1.3491e-008
7.62 -0.000195853 6.35644e-006 -3.21146e-007 -1.35162e-008 -1.35162e-008
7.63 -0.000195757 8.50743e-006 1.10174e-006 -1.32086e-008 -1.32086e-008
7.64 -0.000195655 1.00729e-005 2.20854e-006 -1.26178e-008 -1.26178e-008
7.65 -0.000195551 1.09673e-005 3.01428e-006 -1.1772e-008 -1.1772e-008
7.66 -0.000195456 1.12482e-005 3.70097e-006 -1.05925e-008 -1.05925e-008
7.67 -0.000195376 1.10687e-005 4.46209e-006 -8.90752e-009 -8.90752e-009
7.68 -0.000195314 1.05711e-005 5.31208e-006 -6.55693e-009 -6.55693e-009
7.69 -0.000195267 9.83338e-006 6.0521e-006 -3.51197e-009 -3.51197e-009
7.7 -0.000195236 8.928e-006 6.48152e-006 8.06934e-011 8.06934e-011
7.71 -0.000195224 7.99007e-006 6.61056e-006 3.9689e-009 3.9689e-009
7.72 -0.00019523 7.18223e-006 6.61483e-006 7.92113e-009 7.92113e-009
7.73 -0.000195255 6.60796e-006 6.62156e-006 1.18015e-008 1.18015e-008
7.74 -0.0001953 6.29252e-006 6.61785e-006 1.55503e-008 1.55503e-008
7.75 -0.000195367 6.23877e-006 6.54263e-006 1.91323e-008 1.91323e-008
7.76 -0.000195457 6.46291e-006 6.37158e-006 2.25238e-008 2.25238e-008
7.77 -0.000195561 6.97777e-006 6.08182e-006 2.57229e-008 2.57229e-008
7.78 -0.00019568 7.77566e-006 5.57049e-006 2.87254e-008 2.87254e-008
7.79 -0.000195813 8.82812e-006 4.65209e-006 3.14612e-008 3.14612e-008
7.8 -0.000195955 1.00957e-005 3.18954e-006 3.37552e-008 3.37552e-008
7.81 -0.000196111 1.15526e-005 1.23774e-006 3.53746e-008 3.53746e-008
7.82 -0.000196276 1.32208e-005 -9.09401e-007 3.61412e-008 3.61412e-008
7.83 -0.000196434 1.51655e-005 -2.79229e-006 3.6023e-008 3.6023e-008
7.84 -0.000196474 1.74481e-005 -4.02629e-006 3.51383e-008 3.51383e-008
7.85 -0.000196471 1.99679e-005 -4.43523e-006 3.36877e-008 3.36877e-008
7.86 -0.000196428 2.25188e-005 -4.12058e-006 3.18488e-008 3.18488e-008
7.87 -0.000196545 2.48692e-005 -3.32121e-006 2.9707e-008 2.9707e-008
7.88 -0.000196782 2.6877e-005 -2.29967e-006 2.72867e-008 2.72867e-008
7.89 -0.000197034 2.84569e-005 -1.29566e-006 2.46316e-008 2.46316e-008
7.9 -0.000197195 2.95188e-005 -4.56428e-007 2.18355e-008 2.18355e-008
7.91 -0.000197257 2.99818e-005 1.45311e-007 1.90063e-008 1.90063e-008
7.92 -0.000197234 2.98217e-005 5.9291e-007 1.62117e-008 1.62117e-008
7.93 -0.000197182 2.91042e-005 1.08247e-006 1.34688e-008 1.34688e-008
7.94 -0.00019711 2.79773e-005 1.85109e-006 1.0783e-008 1.0783e-008
7.95 -0.000197026 2.66088e-005 3.00902e-006 8.19503e-009 8.19503e-009
7.96 -0.000196936 2.51065e-005 4.46179e-006 5.80041e-009 5.80041e-009
7.97 -0.000196841 2.35021e-005 5.98199e-006 3.73779e-009 3.73779e-009
7.98 -0.000196734 2.1805e-005 7.34676e-006 2.17597e-009 2.17597e-009
7.99 -0.000196629 2.00262e-005 8.45062e-006 1.31751e-009 1.31751e-009
8 -0.000196539 1.82027e-005 9.35427e-006 1.3946e-009 1.3946e-009
8.01 -0.000196473 1.63642e-005 1.01565e-005 2.62127e-009 2.62127e-009
8.02 -0.000196433 1.44883e-005 1.08297e-005 5.09383e-009 5.09383e-009
8.03 -0.000196414 1.25306e-005 1.12362e-005 8.69319e-009 8.69319e-009
8.04 -0.000196416 1.05315e-005 1.13196e-005 1.30794e-008 1.30794e-008
8.05 -0.000196437 8.65968e-006 1.12121e-005 1.78054e-008 1.78054e-008
8.06 -0.00019647 7.10713e-006 1.10886e-005 2.24695e-008 2.24695e-008
8.07 -0.000196511 5.9559e-006 1.09512e-005 2.67891e-008 2.67891e-008
8.08 -0.000196557 5.16761e-006 1.06363e-005 3.05659e-008 3.05659e-008
8.09 -0.00019661 4.66904e-006 1.00202e-005 3.36352e-008 3.36352e-008
8.1 -0.000196672 4.41503e-006 9.13259e-006 3.58839e-008 3.58839e-008
8.11 -0.000196744 4.38854e-006 8.06297e-006 3.73013e-008 3.73013e-008
8.12 -0.000196825 4.58641e-006 6.86519e-006 3.79761e-008 3.79761e-008
8.13 -0.000196913 5.00049e-006 5.57411e-006 3.80271e-008 3.80271e-008
8.14 -0.000197006 5.57307e-006 4.24854e-006 3.75319e-008 3.75319e-008
8.15 -0.000197101 6.15806e-006 2.98913e-006 3.64984e-008 3.64984e-008
8.16 -0.000197196 6.5463e-006 1.92905e-006 3.48741e-008 3.48741e-008
8.17 -0.000197288 6.55367e-006 1.19585e-006 3.25699e-008 3.25699e-008
8.18 -0.000197374 6.09695e-006 8.72509e-007 2.94864e-008 2.94864e-008
8.19 -0.00019745 5.1942e-006 9.77559e-007 2.55476e-008 2.55476e-008
8.2 -0.000197513 3.893e-006 1.43674e-006 2.07356e-008 2.07356e-008
8.21 -0.000197561 2.21416e-006 2.08487e-006 1.51165e-008 1.51165e-008
8.22 -0.000197603 1.47037e-007 2.72432e-006 8.84804e-009 8.84804e-009
8.23 -0.000197643 -2.33898e-006 3.17973e-006 2.16997e-009 2.16997e-009
8.24 -0.000197681 -5.27009e-006 3.34154e-006 -4.62661e-009 -4.62661e-009
8.25 -0.000197713 -8.63097e-006 3.20298e-006 -1.12401e-008 -1.12401e-008
8.26 -0.00019774 -1.23439e-005 2.85463e-006 -1.73913e-008 -1.73913e-008
8.27 -0.000197761 -1.62959e-005 2.40324e-006 -2.28458e-008 -2.28458e-008
8.28 -0.000197488 -2.04454e-005 1.93113e-006 -2.7427e-008 -2.7427e-008
8.29 -0.000197175 -2.46017e-005 1.41702e-006 -3.10265e-008 -3.10265e-008
8.3 -0.00019734 -2.85651e-005 9.39822e-007 -3.36083e-008 -3.36083e-008
8.31 -0.000197775 -3.2346e-005 4.87175e-007 -3.51892e-008 -3.51892e-008
8.32 -0.000198305 -3.60207e-005 -4.03895e-008 -3.58149e-008 -3.58149e-008
8.33 -0.00019887 -3.95003e-005 -6.90031e-007 -3.55484e-008 -3.55484e-008
8.34 -0.000199467 -4.26697e-005 -1.43991e-006 -3.44629e-008 -3.44629e-008
8.35 -0.000199947 -4.5452e-005 -2.31891e-006 -3.26293e-008 -3.26293e-008
8.36 -0.000199953 -4.78252e-005 -3.38156e-006 -3.01195e-008 -3.01195e-008
8.37 -0.000199767 -4.96251e-005 -4.65993e-006 -2.7041e-008 -2.7041e-008
8.38 -0.000199555 -5.08216e-005 -6.22308e-006 -2.35663e-008 -2.35663e-008
8.39 -0.000199358 -5.14639e-005 -8.02477e-006 -1.99241e-008 -1.99241e-008
8.4 -0.000199213 -5.16176e-005 -9.94173e-006 -1.63694e-008 -1.63694e-008
8.41 -0.000199082 -5.13804e-005 -1.1884e-005 -1.31624e-008 -1.31624e-008
8.42 -0.000198983 -5.08627e-005 -1.38006e-005 -1.05583e-008 -1.05583e-008
8.43 -0.000198885 -5.01819e-005 -1.56967e-005 -8.78294e-009 -8.78294e-009
8.44 -0.000198729 -4.94631e-005 -1.75775e-005 -8.00995e-009 -8.00995e-009
8.45 -0.000198555 -4.88189e-005 -1.94155e-005 -8.3537e-009 -8.3537e-009
8.46 -0.000198331 -4.8368e-005 -2.11966e-005 -9.86074e-009 -9.86074e-009
8.47 -0.000198061 -4.81817e-005 -2.28854e-005 -1.25077e-008 -1.25077e-008
8.48 -0.000197716 -4.82742e-005 -2.44484e-005 -1.62165e-008 -1.62165e-008
8.49 -0.000197232 -4.86374e-005 -2.5904e-005 -2.08736e-008 -2.08736e-008
8.5 -0.000196662 -4.92278e-005 -2.73041e-005 -2.63634e-008 -2.63634e-008
8.51 -0.000195924 -5.00212e-005 -2.87175e-005 -3.25997e-008 -3.25997e-008
8.52 -0.000195058 -5.09512e-005 -3.00592e-005 -3.94983e-008 -3.94983e-008
8.53 -0.000194201 -5.19231e-005 -3.11224e-005 -4.6924e-008 -4.6924e-008
8.54 -0.000193421 -5.28809e-005 -3.17643e-005 -5.46831e-008 -5.46831e-008
8.55 -0.00019273 -5.38445e-005 -3.20067e-005 -6.25565e-008 -6.25565e-008
8.56 -0.000192015 -5.48883e-005 -3.20536e-005 -7.03367e-008 -7.03367e-008
8.57 -0.000191209 -5.6084e-005 -3.21833e-005 -7.78377e-008 -7.78377e-008
8.58 -0.000190268 -5.74315e-005 -3.25829e-005 -8.48692e-008 -8.48692e-008
8.59 -0.000189075 -5.8869e-005 -3.32986e-005 -9.12124e-008 -9.12124e-008
8.6 -0.000187764 -6.02677e-005 -3.4275e-005 -9.66343e-008 -9.66343e-008
8.61 -0.000186367 -6.15794e-005 -3.55611e-005 -1.0093e-007 -1.0093e-007
8.62 -0.000184875 -6.27856e-005 -3.72504e-005 -1.03957e-007 -1.03957e-007
8.63 -0.000183187 -6.38713e-005 -3.94029e-005 -1.05636e-007 -1.05636e-007
8.64 -0.000181383 -6.47919e-005 -4.19671e-005 -1.05935e-007 -1.05935e-007
8.65 -0.000179528 -6.54933e-005 -4.48837e-005 -1.04852e-007 -1.04852e-007
8.66 -0.000177602 -6.59136e-005 -4.80749e-005 -1.02421e-007 -1.02421e-007
8.67 -0.000175917 -6.59338e-005 -5.13634e-005 -9.87128e-008 -9.87128e-008
8.68 -0.000174502 -6.54396e-005 -5.45779e-005 -9.38281e-008 -9.38281e-008
8.69 -0.000173359 -6.43743e-005 -5.76198e-005 -8.78802e-008 -8.78802e-008
8.7 -0.000172702 -6.27395e-005 -6.03728e-005 -8.09928e-008 -8.09928e-008
8.71 -0.000172426 -6.06116e-005 -6.28809e-005 -7.33403e-008 -7.33403e-008
8.72 -0.000172526 -5.80296e-005 -6.51568e-005 -6.51783e-008 -6.51783e-008
8.73 -0.000172817 -5.49939e-005 -6.71529e-005 -5.68278e-008 -5.68278e-008
8.74 -0.000173569 -5.15759e-005 -6.86488e-005 -4.86297e-008 -4.86297e-008
8.75 -0.0001747 -4.78991e-005 -6.9631e-005 -4.08969e-008 -4.08969e-008
8.76 -0.000175935 -4.41547e-005 -7.02659e-005 -3.39259e-008 -3.39259e-008
8.77 -0.000177185 -4.05486e-005 -7.06687e-005 -2.80179e-008 -2.80179e-008
8.78 -0.000178476 -3.71016e-005 -7.08573e-005 -2.3436e-008 -2.3436e-008
8.79 -0.000179934 -3.36577e-005 -7.07149e-005 -2.03594e-008 -2.03594e-008
8.8 -0.000181641 -3.00182e-005 -7.00576e-005 -1.88611e-008 -1.88611e-008
8.81 -0.000183617 -2.6077e-005 -6.87978e-005 -1.88991e-008 -1.88991e-008
8.82 -0.000185929 -2.18822e-005 -6.69276e-005 -2.0342e-008 -2.0342e-008
8.83 -0.000188504 -1.75935e-005 -6.45905e-005 -2.2999e-008 -2.2999e-008
8.84 -0.000191056 -1.34604e-005 -6.21064e-005 -2.66508e-008 -2.66508e-008
8.85 -0.000193232 -9.77085e-006 -5.98389e-005 -3.10873e-008 -3.10873e-008
8.86 -0.000194913 -6.6552e-006 -5.80548e-005 -3.61308e-008 -3.61308e-008
8.87 -0.000196128 -4.09539e-006 -5.67925e-005 -4.1627e-008 -4.1627e-008
8.88 -0.000197014 -1.94504e-006 -5.57979e-005 -4.73963e-008 -4.73963e-008
8.89 -0.000197929 4.2028e-008 -5.46403e-005 -5.31791e-008 -5.31791e-008
8.9 -0.00019906 2.05966e-006 -5.29795e-005 -5.86306e-008 -5.86306e-008
8.91 -0.000200447 4.19264e-006 -5.07295e-005 -6.33874e-008 -6.33874e-008
8.92 -0.00020197 6.42622e-006 -4.80015e-005 -6.71482e-008 -6.71482e-008
8.93 -0.000203519 8.73012e-006 -4.49614e-005 -6.96829e-008 -6.96829e-008
8.94 -0.000205001 1.11298e-005 -4.17204e-005 -7.07866e-008 -7.07866e-008
8.95 -0.000206203 1.36163e-005 -3.84048e-005 -7.02544e-008 -7.02544e-008
8.96 -0.000207019 1.61446e-005 -3.5128e-005 -6.79134e-008 -6.79134e-008
8.97 -0.000207355 1.87565e-005 -3.19361e-005 -6.36771e-008 -6.36771e-008
8.98 -0.000207394 2.15048e-005 -2.88905e-005 -5.75885e-008 -5.75885e-008
8.99 -0.000207241 2.44047e-005 -2.6124e-005 -4.98343e-008 -4.98343e-008
9 -0.000207048 2.744e-005 -2.37973e-005 -4.07251e-008 -4.07251e-008
9.01 -0.00020691 3.05663e-005 -2.19798e-005 -3.06689e-008 -3.06689e-008
9.02 -0.000206811 3.37496e-005 -2.06323e-005 -2.01281e-008 -2.01281e-008
9.03 -0.00020687 3.69842e-005 -1.96248e-005 -9.5271e-009 -9.5271e-009
9.04 -0.000206874 4.02585e-005 -1.87902e-005 8.48577e-010 8.48577e-010
9.05 -0.000206911 4.345e-005 -1.79711e-005 1.08837e-008 1.08837e-008
9.06 -0.00020677 4.65072e-005 -1.71924e-005 2.05944e-008 2.05944e-008
9.07 -0.000206532 4.92959e-005 -1.63353e-005 3.00464e-008 3.00464e-008
9.08 -0.000206155 5.17711e-005 -1.5305e-005 3.91616e-008 3.91616e-008
9.09 -0.000205858 5.38348e-005 -1.39338e-005 4.76495e-008 4.76495e-008
9.1 -0.000205806 5.54549e-005 -1.2018e-005 5.52994e-008 5.52994e-008
9.11 -0.000205675 5.66974e-005 -9.55136e-006 6.22075e-008 6.22075e-008
9.12 -0.000205424 5.75673e-005 -6.59364e-006 6.86364e-008 6.86364e-008
9.13 -0.000205261 5.8046e-005 -3.24757e-006 7.46736e-008 7.46736e-008
9.14 -0.000205116 5.81643e-005 4.24589e-007 8.00013e-008 8.00013e-008
9.15 -0.000204996 5.79243e-005 4.44447e-006 8.40186e-008 8.40186e-008
9.16 -0.000204698 5.74299e-005 8.88011e-006 8.61853e-008 8.61853e-008
9.17 -0.0002045 5.66954e-005 1.35248e-005 8.62782e-008 8.62782e-008
9.18 -0.000204238 5.57185e-005 1.80896e-005 8.4416e-008 8.4416e-008
9.19 -0.000204062 5.44046e-005 2.22636e-005 8.092e-008 8.092e-008
9.2 -0.000204134 5.26303e-005 2.5752e-005 7.62078e-008 7.62078e-008
9.21 -0.000204563 5.03259e-005 2.85055e-005 7.07486e-008 7.07486e-008
9.22 -0.000205212 4.75396e-005 3.08101e-005 6.49731e-008 6.49731e-008
9.23 -0.000205885 4.44305e-005 3.28932e-005 5.91895e-008 5.91895e-008
9.24 -0.000206565 4.11584e-005 3.48805e-005 5.35422e-008 5.35422e-008
9.25 -0.000207231 3.78966e-005 3.67668e-005 4.80337e-008 4.80337e-008
9.26 -0.000207811 3.4747e-005 3.85612e-005 4.26503e-008 4.26503e-008
9.27 -0.000208202 3.18336e-005 4.03215e-005 3.7493e-008 3.7493e-008
9.28 -0.000208454 2.93026e-005 4.22108e-005 3.2783e-008 3.2783e-008
9.29 -0.00020844 2.72998e-005 4.45028e-005 2.87568e-008 2.87568e-008
9.3 -0.000208159 2.58907e-005 4.7313e-005 2.55947e-008 2.55947e-008
9.31 -0.000207359 2.49844e-005 5.06559e-005 2.34626e-008 2.34626e-008
9.32 -0.000206283 2.44389e-005 5.4298e-005 2.25464e-008 2.25464e-008
9.33 -0.000204746 2.41119e-005 5.80962e-005 2.29906e-008 2.29906e-008
9.34 -0.00020293 2.39214e-005 6.1845e-005 2.48452e-008 2.48452e-008
9.35 -0.000200852 2.37705e-005 6.5371e-005 2.80314e-008 2.80314e-008
9.36 -0.00019885 2.35719e-005 6.84592e-005 3.23053e-008 3.23053e-008
9.37 -0.00019715 2.32564e-005 7.1047e-005 3.72997e-008 3.72997e-008
9.38 -0.000195764 2.27624e-005 7.31181e-005 4.25923e-008 4.25923e-008
9.39 -0.000194871 2.20259e-005 7.45871e-005 4.77717e-008 4.77717e-008
9.4 -0.000194468 2.10261e-005 7.54726e-005 5.2528e-008 5.2528e-008
9.41 -0.000194459 1.9842e-005 7.58536e-005 5.67025e-008 5.67025e-008
9.42 -0.0001947 1.85728e-005 7.58594e-005 6.02645e-008 6.02645e-008
9.43 -0.000195125 1.7277e-005 7.55493e-005 6.32523e-008 6.32523e-008
9.44 -0.000195774 1.59656e-005 7.48792e-005 6.57254e-008 6.57254e-008
9.45 -0.00019665 1.45822e-005 7.38116e-005 6.77505e-008 6.77505e-008
9.46 -0.000197737 1.30482e-005 7.23845e-005 6.94139e-008 6.94139e-008
9.47 -0.000198947 1.13384e-005 7.07589e-005 7.08227e-008 7.08227e-008
9.48 -0.000200142 9.50713e-006 6.91853e-005 7.20587e-008 7.20587e-008
9.49 -0.000201169 7.64638e-006 6.78908e-005 7.30961e-008 7.30961e-008
9.5 -0.000201964 5.80471e-006 6.69555e-005 7.37703e-008 7.37703e-008
9.51 -0.000202603 3.93924e-006 6.62394e-005 7.38452e-008 7.38452e-008
9.52 -0.000203281 1.97153e-006 6.54583e-005 7.31107e-008 7.31107e-008
9.53 -0.000204109 -9.88604e-008 6.44696e-005 7.14488e-008 7.14488e-008
9.54 -0.000204988 -2.15257e-006 6.33831e-005 6.88695e-008 6.88695e-008
9.55 -0.000205743 -4.02396e-006 6.23952e-005 6.5509e-008 6.5509e-008
9.56 -0.000206317 -5.58712e-006 6.16041e-005 6.15873e-008 6.15873e-008
9.57 -0.000206756 -6.77037e-006 6.09242e-005 5.7348e-008 5.7348e-008
9.58 -0.00020717 -7.51127e-006 6.01673e-005 5.30134e-008 5.30134e-008
9.59 -0.000207607 -7.73063e-006 5.92278e-005 4.87761e-008 4.87761e-008
9.6 -0.000208042 -7.35605e-006 5.81052e-005 4.47969e-008 4.47969e-008
9.61 -0.000208488 -6.39261e-006 5.67873e-005 4.11777e-008 4.11777e-008
9.62 -0.000209008 -4.95487e-006 5.51785e-005 3.79269e-008 3.79269e-008
9.63 -0.000209673 -3.19204e-006 5.31715e-005 3.49632e-008 3.49632e-008
9.64 -0.000210453 -1.17096e-006 5.0817e-005 3.21748e-008 3.21748e-008
9.65 -0.000211212 1.13375e-006 4.83673e-005 2.95032e-008 2.95032e-008
9.66 -0.000211793 3.78407e-006 4.61272e-005 2.69943e-008 2.69943e-008
9.67 -0.000212105 6.77359e-006 4.42459e-005 2.47777e-008 2.47777e-008
9.68 -0.000212256 9.95637e-006 4.26125e-005 2.29973e-008 2.29973e-008
9.69 -0.000212335 1.31496e-005 4.101e-005 2.175e-008 2.175e-008
9.7 -0.000212418 1.61949e-005 3.93323e-005 2.10733e-008 2.10733e-008
9.71 -0.000212407 1.90386e-005 3.76424e-005 2.09709e-008 2.09709e-008
9.72 -0.000212362 2.16383e-005 3.5973e-005 2.14275e-008 2.14275e-008
9.73 -0.000212291 2.3982e-005 3.42764e-005 2.23879e-008 2.23879e-008
9.74 -0.000212254 2.60421e-005 3.25451e-005 2.37284e-008 2.37284e-008
9.75 -0.000212243 2.788e-005 3.08225e-005 2.52606e-008 2.52606e-008
9.76 -0.0002122 2.95397e-005 2.91194e-005 2.67701e-008 2.67701e-008
9.77 -0.000212241 3.09834e-005 2.72606e-005 2.80466e-008 2.80466e-008
9.78 -0.0002125 3.20974e-005 2.49732e-005 2.88888e-008 2.88888e-008
9.79 -0.000212988 3.2792e-005 2.20982e-005 2.91265e-008 2.91265e-008
9.8 -0.000213692 3.30272e-005 1.86707e-005 2.86642e-008 2.86642e-008
9.81 -0.000214501 3.28422e-005 1.48897e-005 2.74977e-008 2.74977e-008
9.82 -0.000215284 3.23359e-005 1.11116e-005 2.57064e-008 2.57064e-008
9.83 -0.000215994 3.1624e-005 7.5598e-006 2.34447e-008 2.34447e-008
9.84 -0.000216602 3.07933e-005 4.34356e-006 2.09219e-008 2.09219e-008
9.85 -0.000217115 2.98817e-005 1.41322e-006 1.8358e-008 1.8358e-008
9.86 -0.000217513 2.89554e-005 -1.30343e-006 1.59091e-008 1.59091e-008
9.87 -0.000217814 2.81022e-005 -3.80312e-006 1.36216e-008 1.36216e-008
9.88 -0.000217957 2.74215e-005 -6.08007e-006 1.14883e-008 1.14883e-008
9.89 -0.000217979 2.69891e-005 -8.06786e-006 9.53784e-009 9.53784e-009
9.9 -0.000217891 2.68353e-005 -9.84044e-006 7.84243e-009 7.84243e-009
9.91 -0.000217684 2.69732e-005 -1.14027e-005 6.4154e-009 6.4154e-009
9.92 -0.000217416 2.74056e-005 -1.26924e-005 5.11191e-009 5.11191e-009
9.93 -0.000217103 2.81321e-005 -1.36675e-005 3.71921e-009 3.71921e-009
9.94 -0.000216799 2.91046e-005 -1.4299e-005 2.14896e-009 2.14896e-009
9.95 -0.000216474 3.02554e-005 -1.46524e-005 4.93344e-010 4.93344e-010
9.96 -0.000216129 3.15202e-005 -1.48455e-005 -1.07587e-009 -1.07587e-009
9.97 -0.000215737 3.28659e-005 -1.49927e-005 -2.42859e-009 -2.42859e-009
9.98 -0.000215335 3.42367e-005 -1.51839e-005 -3.52152e-009 -3.52152e-009
9.99 -0.000214957 3.55235e-005 -1.55108e-005 -4.38183e-009 -4.38183e-009
10 -0.000214677 3.65362e-005 -1.61022e-005 -5.08567e-009 -5.08567e-009
