0.1 -1.68144e-005 -4.17144e-022 -7.40375e-023 -6.46769e-013 -6.46769e-013
0.2 -3.3688e-005 -7.82664e-022 -2.86887e-022 -1.2952e-012 -1.2952e-012
0.3 -5.06214e-005 -1.10204e-021 -6.43891e-023 -1.94531e-012 -1.94531e-012
0.4 -6.76153e-005 -1.42882e-021 2.5742e-023 -2.59712e-012 -2.59712e-012
0.5 -8.46703e-005 -2.68499e-021 -4.76014e-022 -3.25065e-012 -3.25065e-012
0.6 -0.000101787 -3.82648e-021 -5.41906e-022 -3.9059e-012 -3.9059e-012
0.7 -0.000118966 -3.71657e-021 -1.44496e-021 -4.56291e-012 -4.56291e-012
0.8 -0.000136209 -9.37791e-021 -1.76672e-021 -5.22169e-012 -5.22169e-012
0.9 -0.000153515 -4.67604e-021 -5.68261e-022 -5.88225e-012 -5.88225e-012
1 -0.000170886 -8.91685e-021 -1.78448e-021 -6.54462e-012 -6.54462e-012
0.01 -0.000170885 -7.09875e-013 -5.27726e-013 -6.52607e-012 -6.52607e-012
0.02 -0.000170885 -8.25791e-013 -1.05286e-012 -6.42449e-012 -6.42449e-012
0.03 -0.000170885 -2.40267e-013 -1.09237e-012 -6.18895e-012 -6.18895e-012
0.04 -0.000170885 1.17814e-013 -7.51867e-013 -5.90083e-012 -5.90083e-012
0.05 -0.000170886 1.22084e-013 -1.03948e-013 -5.80568e-012 -5.80568e-012
0.06 -0.000170886 3.09111e-012 1.281e-011 -6.19317e-012 -6.19317e-012
0.07 -0.000170885 1.60328e-012 5.26177e-012 -7.22057e-012 -7.22057e-012
0.08 -0.000170885 -6.91173e-013 -1.97194e-012 -8.85828e-012 -8.85828e-012
0.09 -0.000170885 4.86236e-013 7.52634e-013 -1.09453e-011 -1.09453e-011
0.1 -0.000170885 1.16783e-013 -8.96136e-013 -1.32585e-011 -1.32585e-011
0.11 -0.000170885 1.16456e-013 4.88457e-013 -1.55704e-011 -1.55704e-011
0.12 -0.000170885 -1.65541e-011 1.7942e-011 -1.77091e-011 -1.77091e-011
0.13 -0.000170885 -8.4537e-012 9.37618e-012 -1.96146e-011 -1.96146e-011
0.14 -0.000170885 4.18195e-012 -4.49616e-012 -2.13628e-011 -2.13628e-011
0.15 -0.000170885 -1.98565e-012 2.34382e-012 -2.31427e-011 -2.31427e-011
0.16 -0.000170885 -2.3249e-011 1.29883e-011 -2.51557e-011 -2.51557e-011
0.17 -0.000170885 -1.28222e-011 7.75307e-012 -2.75241e-011 -2.75241e-011
0.18 -0.000170884 -3.1964e-011 6.46335e-012 -3.03084e-011 -3.03084e-011
0.19 -0.000170884 -2.25633e-011 7.08728e-012 -3.35162e-011 -3.35162e-011
0.2 -0.000170884 -2.73888e-011 7.19582e-012 -3.71015e-011 -3.71015e-011
0.21 -0.000170884 -2.50145e-011 7.15853e-012 -4.10181e-011 -4.10181e-011
0.22 -0.000170884 -1.31723e-011 -7.53798e-013 -4.52061e-011 -4.52061e-011
0.23 -0.000170884 -1.89619e-011 3.25563e-012 -4.95042e-011 -4.95042e-011
0.24 -0.000170883 -2.15843e-011 4.81779e-012 -5.36307e-011 -5.36307e-011
0.25 -0.000170883 -2.02926e-011 3.94e-012 -5.73193e-011 -5.73193e-011
0.26 -0.000170883 3.54255e-011 -1.94008e-011 -6.0442e-011 -6.0442e-011
0.27 -0.000170883 8.04175e-012 -7.76924e-012 -6.29939e-011 -6.29939e-011
0.28 -0.000170883 -4.84005e-012 4.06851e-012 -6.50947e-011 -6.50947e-011
0.29 -0.000170883 1.48371e-012 -1.7562e-012 -6.6934e-011 -6.6934e-011
0.3 -0.000170883 -1.70048e-012 1.01972e-012 -6.86542e-011 -6.86542e-011
0.31 -0.000170883 -1.43016e-013 -3.45465e-013 -7.03813e-011 -7.03813e-011
0.32 -0.000170883 -1.86724e-013 5.93748e-013 -7.22163e-011 -7.22163e-011
0.33 -0.000170883 -1.78275e-013 9.38027e-014 -7.4173e-011 -7.4173e-011
0.34 -0.000170883 -1.09551e-012 9.44654e-014 -7.61625e-011 -7.61625e-011
0.35 -0.000170883 -3.62881e-013 -1.88142e-013 -7.80708e-011 -7.80708e-011
0.36 -0.000170883 -7.23537e-011 1.61024e-011 -7.99496e-011 -7.99496e-011
0.37 -0.000170883 -3.72516e-011 8.39997e-012 -8.20361e-011 -8.20361e-011
0.38 -0.000170883 1.83696e-011 -3.91843e-012 -8.45176e-011 -8.45176e-011
0.39 -0.000170883 -1.06819e-011 2.18594e-012 -8.733e-011 -8.733e-011
0.4 -0.000170883 3.57694e-012 -8.1318e-013 -9.02045e-011 -9.02045e-011
0.41 -0.000170883 -3.26203e-012 6.02132e-013 -9.28699e-011 -9.28699e-011
0.42 -0.000170883 7.94857e-014 -9.38757e-014 -9.52623e-011 -9.52623e-011
0.43 -0.000170883 -1.44911e-012 2.24829e-013 -9.75049e-011 -9.75049e-011
0.44 -0.000170883 -7.15273e-013 6.71384e-014 -9.9659e-011 -9.9659e-011
0.45 -0.000170883 -7.08526e-011 -1.33306e-011 -1.01639e-010 -1.01639e-010
0.46 -0.000170883 -3.63913e-011 -6.74462e-012 -1.03314e-010 -1.03314e-010
0.47 -0.000170884 -4.05298e-011 -1.71243e-011 -1.04588e-010 -1.04588e-010
0.48 -0.000170884 -3.85052e-011 -1.20193e-011 -1.05469e-010 -1.05469e-010
0.49 -0.000170884 -3.14421e-011 -1.70161e-011 -1.06079e-010 -1.06079e-010
0.5 -0.000170884 -3.49267e-011 -1.45435e-011 -1.0654e-010 -1.0654e-010
0.51 -0.000170884 -2.25407e-011 -1.82481e-011 -1.06885e-010 -1.06885e-010
0.52 -0.000170884 -1.03012e-011 -1.11973e-012 -1.0701e-010 -1.0701e-010
0.53 -0.000170884 2.34612e-011 1.60403e-011 -1.06645e-010 -1.06645e-010
0.54 -0.000170884 -3.21008e-011 -3.57181e-011 -1.05413e-010 -1.05413e-010
0.55 -0.000170884 7.83254e-012 7.31965e-012 -1.02995e-010 -1.02995e-010
0.56 -0.000170885 -1.83138e-011 -2.26058e-011 -9.92464e-011 -9.92464e-011
0.57 -0.000170885 -1.81484e-011 -2.54398e-011 -9.42824e-011 -9.42824e-011
0.58 -0.000170885 1.11425e-011 1.63872e-011 -8.85228e-011 -8.85228e-011
0.59 -0.000170885 -7.35404e-012 -1.01633e-011 -8.24962e-011 -8.24962e-011
0.6 -0.000170885 3.97553e-012 8.54653e-012 -7.65216e-011 -7.65216e-011
0.61 -0.000170886 -1.88111e-012 -2.06802e-012 -7.06534e-011 -7.06534e-011
0.62 -0.000170886 9.5808e-013 8.95157e-013 -6.48443e-011 -6.48443e-011
0.63 -0.000170886 -4.78107e-013 -6.7024e-013 -5.90463e-011 -5.90463e-011
0.64 -0.000170887 4.94396e-013 1.94387e-012 -5.30594e-011 -5.30594e-011
0.65 -0.000170887 -2.51524e-013 -1.00432e-012 -4.64354e-011 -4.64354e-011
0.66 -0.000170888 4.6797e-013 2.26786e-012 -3.87865e-011 -3.87865e-011
0.67 -0.000170888 1.87097e-013 2.69098e-012 -3.01959e-011 -3.01959e-011
0.68 -0.000170889 -4.85498e-013 -6.63289e-012 -2.11763e-011 -2.11763e-011
0.69 -0.000170889 1.81203e-013 5.38423e-012 -1.21892e-011 -1.21892e-011
0.7 -0.00017089 -1.67815e-013 -5.83487e-012 -3.37617e-012 -3.37617e-012
0.71 -0.00017089 -1.71729e-014 5.21342e-012 5.23164e-012 5.23164e-012
0.72 -0.000170891 9.6779e-014 -5.30162e-012 1.33318e-011 1.33318e-011
0.73 -0.000170891 -1.75132e-013 3.61205e-012 2.0179e-011 2.0179e-011
0.74 -0.000170891 3.32903e-013 -2.34098e-012 2.48911e-011 2.48911e-011
0.75 -0.000170892 -4.116e-013 8.86407e-013 2.70818e-011 2.70818e-011
0.76 -0.000170892 2.08428e-014 -2.07504e-013 2.72606e-011 2.72606e-011
0.77 -0.000170892 -1.35908e-014 1.06837e-013 2.65954e-011 2.65954e-011
0.78 -0.000170892 2.32885e-014 -1.22624e-013 2.63138e-011 2.63138e-011
0.79 -0.000170892 -4.54485e-014 1.96773e-013 2.73351e-011 2.73351e-011
0.8 -0.000170892 -2.07395e-013 5.19084e-013 3.0181e-011 3.0181e-011
0.81 -0.000170893 -2.50064e-013 8.16267e-013 3.48943e-011 3.48943e-011
0.82 -0.000170893 -3.42491e-013 1.66865e-012 4.09533e-011 4.09533e-011
0.83 -0.000170893 1.38928e-013 -9.87856e-013 4.74071e-011 4.74071e-011
0.84 -0.000170893 2.24638e-012 -8.52352e-012 5.33305e-011 5.33305e-011
0.85 -0.000170893 9.06999e-012 -2.95916e-011 5.8385e-011 5.8385e-011
0.86 -0.000170893 1.19639e-011 -4.08559e-011 6.30741e-011 6.30741e-011
0.87 -0.000170892 1.58133e-011 -5.21964e-011 6.84479e-011 6.84479e-011
0.88 -0.000170892 2.80092e-011 -6.84353e-011 7.53315e-011 7.53315e-011
0.89 -0.000170892 9.5962e-012 -2.13199e-011 8.3772e-011 8.3772e-011
0.9 -0.000170893 -4.04731e-012 8.93696e-012 9.34133e-011 9.34133e-011
0.91 -0.000170892 6.08857e-011 -9.3226e-011 1.04225e-010 1.04225e-010
0.92 -0.000170892 2.82224e-011 -4.31903e-011 1.16652e-010 1.16652e-010
0.93 -0.000170892 -1.4256e-011 2.01103e-011 1.31158e-010 1.31158e-010
0.94 -0.000170893 7.72202e-012 -1.13497e-011 1.47773e-010 1.47773e-010
0.95 -0.000170893 -3.34027e-012 4.51751e-012 1.65907e-010 1.65907e-010
0.96 -0.000170893 1.07118e-012 -2.19984e-012 1.84308e-010 1.84308e-010
0.97 -0.000170894 -2.03014e-014 -6.30657e-014 2.01308e-010 2.01308e-010
0.98 -0.000170894 9.21639e-013 -9.12263e-013 2.15511e-010 2.15511e-010
0.99 -0.000170895 -9.57769e-014 1.04771e-013 2.26472e-010 2.26472e-010
1 -0.000170895 6.37499e-013 -7.9784e-014 2.34896e-010 2.34896e-010
1.01 -0.000170896 1.153e-015 -1.87144e-013 2.42011e-010 2.42011e-010
1.02 -0.000170896 1.08249e-013 1.7781e-013 2.48413e-010 2.48413e-010
1.03 -0.000170897 -1.26368e-014 -9.55189e-014 2.53795e-010 2.53795e-010
1.04 -0.000170898 4.56757e-013 2.39063e-013 2.58151e-010 2.58151e-010
1.05 -0.000170898 -8.25892e-013 4.44442e-013 2.62657e-010 2.62657e-010
1.06 -0.000170899 -5.16679e-013 6.50117e-013 2.68688e-010 2.68688e-010
1.07 -0.0001709 1.44703e-013 -1.94102e-013 2.76064e-010 2.76064e-010
1.08 -0.0001709 1.38427e-012 -7.76706e-013 2.82813e-010 2.82813e-010
1.09 -0.000170901 3.86383e-011 -1.7803e-011 2.86789e-010 2.86789e-010
1.1 -0.000170901 3.96721e-011 -2.28218e-011 2.87016e-010 2.87016e-010
1.11 -0.000170901 1.27401e-012 -2.44484e-012 2.83546e-010 2.83546e-010
1.12 -0.000170901 2.70239e-011 -2.13241e-012 2.7702e-010 2.7702e-010
1.13 -0.000170901 7.65589e-011 -1.89736e-011 2.68824e-010 2.68824e-010
1.14 -0.000170901 2.5268e-011 -7.66826e-012 2.6085e-010 2.6085e-010
1.15 -0.000170901 -1.35412e-011 1.88442e-011 2.54284e-010 2.54284e-010
1.16 -0.0001709 5.36872e-012 5.84113e-012 2.49099e-010 2.49099e-010
1.17 -0.0001709 -1.43202e-012 -2.19592e-012 2.45229e-010 2.45229e-010
1.18 -0.0001709 1.76187e-012 2.36544e-012 2.43738e-010 2.43738e-010
1.19 -0.0001709 2.27646e-013 -1.95007e-012 2.46373e-010 2.46373e-010
1.2 -0.000170899 4.77269e-013 -4.57328e-013 2.54059e-010 2.54059e-010
1.21 -0.000170899 6.0901e-014 -2.57078e-013 2.65735e-010 2.65735e-010
1.22 -0.0001709 7.57121e-013 1.40491e-013 2.78415e-010 2.78415e-010
1.23 -0.0001709 7.54655e-012 -7.22232e-012 2.88556e-010 2.88556e-010
1.24 -0.000170899 4.21892e-012 -3.68358e-012 2.93868e-010 2.93868e-010
1.25 -0.0001709 -1.11524e-012 1.58861e-012 2.94458e-010 2.94458e-010
1.26 -0.0001709 1.53433e-012 -9.83666e-013 2.92827e-010 2.92827e-010
1.27 -0.0001709 1.0025e-013 -1.79944e-013 2.92724e-010 2.92724e-010
1.28 -0.0001709 7.26652e-013 -9.32208e-013 2.97329e-010 2.97329e-010
1.29 -0.0001709 5.56237e-013 -8.00687e-014 3.07727e-010 3.07727e-010
1.3 -0.000170901 -3.93887e-012 -2.78847e-011 3.22646e-010 3.22646e-010
1.31 -0.000170901 -1.70815e-012 -1.41521e-011 3.39518e-010 3.39518e-010
1.32 -0.000170902 -1.53604e-012 -2.99854e-012 3.56053e-010 3.56053e-010
1.33 -0.000170903 -1.77078e-012 -8.17713e-012 3.70842e-010 3.70842e-010
1.34 -0.000170904 8.74706e-013 4.11787e-012 3.82714e-010 3.82714e-010
1.35 -0.000170904 -4.03823e-013 -2.05412e-012 3.90726e-010 3.90726e-010
1.36 -0.000170905 9.28713e-013 2.59444e-012 3.95228e-010 3.95228e-010
1.37 -0.000170906 -1.27211e-012 -1.22038e-012 3.97977e-010 3.97977e-010
1.38 -0.000170906 -9.90235e-013 -1.22079e-012 4.00382e-010 4.00382e-010
1.39 -0.000170907 5.59227e-013 6.89344e-013 4.01613e-010 4.01613e-010
1.4 -0.000170908 -2.30479e-013 -2.41058e-013 3.9881e-010 3.9881e-010
1.41 -0.000170908 1.35438e-013 1.28499e-013 3.89396e-010 3.89396e-010
1.42 -0.000170909 -8.64591e-014 -1.10793e-013 3.73446e-010 3.73446e-010
1.43 -0.000170909 4.73835e-014 5.85804e-014 3.5426e-010 3.5426e-010
1.44 -0.00017091 -3.29397e-014 -3.7198e-014 3.36336e-010 3.36336e-010
1.45 -0.000170911 1.6191e-014 1.82841e-014 3.21648e-010 3.21648e-010
1.46 -0.000170911 -8.16804e-013 -6.99342e-013 3.07426e-010 3.07426e-010
1.47 -0.000170912 8.86746e-013 8.58924e-013 2.88187e-010 2.88187e-010
1.48 -0.000170912 -7.69978e-013 -5.73489e-013 2.60749e-010 2.60749e-010
1.49 -0.000170912 -7.2739e-013 -7.89732e-013 2.27245e-010 2.27245e-010
1.5 -0.000170912 3.57654e-013 3.88339e-013 1.9289e-010 1.9289e-010
1.51 -0.000170911 -1.91953e-013 -2.1215e-013 1.61832e-010 1.61832e-010
1.52 -0.000170911 6.24721e-014 6.23065e-014 1.36455e-010 1.36455e-010
1.53 -0.00017091 -6.25868e-014 -7.25984e-014 1.19385e-010 1.19385e-010
1.54 -0.000170909 -1.11607e-015 -6.28806e-015 1.13328e-010 1.13328e-010
1.55 -0.000170907 -3.13311e-014 -3.88819e-014 1.18235e-010 1.18235e-010
1.56 -0.000170906 -1.64793e-014 -2.28609e-014 1.30189e-010 1.30189e-010
1.57 -0.000170904 -2.37795e-014 -3.07358e-014 1.43982e-010 1.43982e-010
1.58 -0.000170902 -2.01912e-014 -2.6865e-014 1.56136e-010 1.56136e-010
1.59 -0.0001709 -2.1955e-014 -2.87676e-014 1.65025e-010 1.65025e-010
1.6 -0.000170898 -2.1088e-014 -2.78324e-014 1.68841e-010 1.68841e-010
1.61 -0.000170896 -2.15142e-014 -2.82921e-014 1.64836e-010 1.64836e-010
1.62 -0.000170894 -2.13047e-014 -2.80661e-014 1.51826e-010 1.51826e-010
1.63 -0.000170891 -2.14076e-014 -2.81772e-014 1.33575e-010 1.33575e-010
1.64 -0.000170889 -2.1357e-014 -2.81226e-014 1.18807e-010 1.18807e-010
1.65 -0.000170887 -2.13819e-014 -2.81495e-014 1.1707e-010 1.1707e-010
1.66 -0.000170886 -2.13697e-014 -2.81363e-014 1.33944e-010 1.33944e-010
1.67 -0.000170885 -2.13757e-014 -2.81427e-014 1.68976e-010 1.68976e-010
1.68 -0.000170884 2.2001e-013 2.28602e-013 2.16449e-010 2.16449e-010
1.69 -0.000170885 2.14353e-012 2.40418e-012 2.67588e-010 2.67588e-010
1.7 -0.000170886 5.90278e-014 -7.23497e-014 3.12996e-010 3.12996e-010
1.71 -0.000170888 9.78438e-013 1.03012e-012 3.44648e-010 3.44648e-010
1.72 -0.000170889 -5.12815e-013 -5.48312e-013 3.58179e-010 3.58179e-010
1.73 -0.00017089 2.20187e-013 2.27541e-013 3.5473e-010 3.5473e-010
1.74 -0.000170892 -1.40109e-013 -1.53817e-013 3.39621e-010 3.39621e-010
1.75 -0.000170893 3.69887e-014 3.36337e-014 3.18517e-010 3.18517e-010
1.76 -0.000170894 -5.00609e-014 -5.85048e-014 2.95078e-010 2.95078e-010
1.77 -0.000170895 -7.273e-015 -1.32156e-014 2.71329e-010 2.71329e-010
1.78 -0.000170896 -2.83047e-014 -3.54768e-014 2.48295e-010 2.48295e-010
1.79 -0.000170898 -1.79669e-014 -2.45346e-014 2.25808e-010 2.25808e-010
1.8 -0.0001709 -2.30483e-014 -2.99131e-014 2.0299e-010 2.0299e-010
1.81 -0.000170902 -2.05506e-014 -2.72694e-014 1.79287e-010 1.79287e-010
1.82 -0.000170905 -2.17783e-014 -2.85688e-014 1.54181e-010 1.54181e-010
1.83 -0.000170907 -2.11749e-014 -2.79301e-014 1.26189e-010 1.26189e-010
1.84 -0.000170908 -2.14715e-014 -2.82441e-014 9.37225e-011 9.37225e-011
1.85 -0.000170909 -2.13257e-014 -2.80898e-014 5.78559e-011 5.78559e-011
1.86 -0.00017091 -2.13973e-014 -2.81656e-014 2.36523e-011 2.36523e-011
1.87 -0.00017091 -2.13621e-014 -2.81283e-014 -1.98972e-012 -1.98972e-012
1.88 -0.000170909 -2.13794e-014 -2.81466e-014 -1.31556e-011 -1.31556e-011
1.89 -0.000170909 -2.13709e-014 -2.81376e-014 -5.55962e-012 -5.55962e-012
1.9 -0.000170908 -2.13751e-014 -2.81421e-014 2.22044e-011 2.22044e-011
1.91 -0.000170907 -2.1373e-014 -2.81399e-014 6.43084e-011 6.43084e-011
1.92 -0.000170906 -9.52966e-012 -1.02208e-011 1.05714e-010 1.05714e-010
1.93 -0.000170904 -2.4703e-012 -2.66e-012 1.28291e-010 1.28291e-010
1.94 -0.000170902 1.15075e-012 1.22496e-012 1.20656e-010 1.20656e-010
1.95 -0.0001709 -5.97514e-013 -6.44082e-013 8.25679e-011 8.25679e-011
1.96 -0.000170897 2.61819e-013 2.74616e-013 2.23722e-011 2.23722e-011
1.97 -0.000170894 -1.60573e-013 -1.76956e-013 -4.60392e-011 -4.60392e-011
1.98 -0.000170891 3.13083e-014 1.32144e-013 -1.05045e-010 -1.05045e-010
1.99 -0.000170889 -5.29401e-014 -3.29843e-014 -1.3858e-010 -1.3858e-010
2 -0.000170887 -2.57282e-014 1.40789e-013 -1.39617e-010 -1.39617e-010
2.01 -0.000170885 1.11089e-014 -3.48193e-013 -1.12627e-010 -1.12627e-010
2.02 -0.000170884 -3.734e-014 1.29176e-013 -6.90221e-011 -6.90221e-011
2.03 -0.000170884 -2.77261e-015 -2.00484e-013 -2.05533e-011 -2.05533e-011
2.04 -0.000170884 -4.85645e-014 -1.42121e-013 2.36637e-011 2.36637e-011
2.05 -0.000170884 -1.24421e-013 -3.50367e-013 5.60807e-011 5.60807e-011
2.06 -0.000170884 -3.34481e-013 -3.85804e-013 7.01068e-011 7.01068e-011
2.07 -0.000170883 -4.15623e-013 -2.64981e-013 6.18156e-011 6.18156e-011
2.08 -0.000170881 -6.90348e-013 -6.29887e-013 3.08883e-011 3.08883e-011
2.09 -0.000170878 -5.17458e-014 -8.60523e-014 -2.0538e-011 -2.0538e-011
2.1 -0.000170875 -7.52611e-013 -7.11637e-013 -8.81683e-011 -8.81683e-011
2.11 -0.000170871 4.11083e-013 -1.81981e-013 -1.64227e-010 -1.64227e-010
2.12 -0.000170867 -1.08213e-012 -1.3828e-012 -2.38382e-010 -2.38382e-010
2.13 -0.000170863 -7.99056e-013 2.18378e-012 -3.02935e-010 -3.02935e-010
2.14 -0.00017086 -5.64005e-013 -3.5902e-013 -3.57985e-010 -3.57985e-010
2.15 -0.000170858 5.38481e-013 -2.17655e-012 -4.10837e-010 -4.10837e-010
2.16 -0.000170855 -8.35094e-013 5.21463e-014 -4.69606e-010 -4.69606e-010
2.17 -0.000170853 4.85014e-014 -7.73363e-013 -5.36816e-010 -5.36816e-010
2.18 -0.000170851 -3.92125e-013 2.52839e-013 -6.08941e-010 -6.08941e-010
2.19 -0.00017085 -6.29156e-013 5.23722e-013 -6.81006e-010 -6.81006e-010
2.2 -0.000170848 4.86728e-014 -4.27052e-013 -7.49043e-010 -7.49043e-010
2.21 -0.000170846 -5.73748e-013 -1.55977e-012 -8.0742e-010 -8.0742e-010
2.22 -0.000170844 5.36935e-013 -1.01583e-012 -8.47522e-010 -8.47522e-010
2.23 -0.000170842 -7.83271e-014 2.38617e-013 -8.6314e-010 -8.6314e-010
2.24 -0.00017084 6.62081e-015 -1.59261e-013 -8.57292e-010 -8.57292e-010
2.25 -0.000170838 -3.5134e-014 3.63096e-014 -8.421e-010 -8.421e-010
2.26 -0.000170835 -1.46101e-014 -5.98201e-014 -8.32432e-010 -8.32432e-010
2.27 -0.000170832 1.21101e-012 -1.43848e-012 -8.40113e-010 -8.40113e-010
2.28 -0.000170828 -8.68238e-013 -5.90637e-013 -8.70573e-010 -8.70573e-010
2.29 -0.000170825 4.6516e-014 2.49945e-012 -9.20498e-010 -9.20498e-010
2.3 -0.000170822 -9.0787e-013 3.44316e-012 -9.78544e-010 -9.78544e-010
2.31 -0.000170819 -4.35662e-013 6.66526e-013 -1.03012e-009 -1.03012e-009
2.32 -0.000170817 3.2256e-013 -6.79772e-013 -1.06233e-009 -1.06233e-009
2.33 -0.000170815 -1.22945e-013 -3.49119e-013 -1.06616e-009 -1.06616e-009
2.34 -0.000170814 6.05715e-012 -4.02301e-012 -1.03731e-009 -1.03731e-009
2.35 -0.000170814 2.72002e-012 -1.42913e-012 -9.77301e-010 -9.77301e-010
2.36 -0.000170816 -1.36886e-012 6.60494e-013 -8.94128e-010 -8.94128e-010
2.37 -0.000170818 6.40964e-013 -3.66628e-013 -8.00623e-010 -8.00623e-010
2.38 -0.000170822 -3.46935e-013 1.38238e-013 -7.10931e-010 -7.10931e-010
2.39 -0.000170825 1.38651e-013 -1.09921e-013 -6.36243e-010 -6.36243e-010
2.4 -0.000170829 -1.00031e-013 1.20574e-014 -5.81062e-010 -5.81062e-010
2.41 -0.000170833 1.72892e-014 -4.78993e-014 -5.42188e-010 -5.42188e-010
2.42 -0.000170837 -4.03779e-014 -1.84285e-014 -5.11017e-010 -5.11017e-010
2.43 -0.000170841 -1.20325e-014 -3.29144e-014 -4.77565e-010 -4.77565e-010
2.44 -0.000170845 -2.59652e-014 -2.57941e-014 -4.3541e-010 -4.3541e-010
2.45 -0.000170849 -1.91168e-014 -2.9294e-014 -3.85942e-010 -3.85942e-010
2.46 -0.000170852 -2.24831e-014 -2.75737e-014 -3.37556e-010 -3.37556e-010
2.47 -0.000170856 -2.08284e-014 -2.84193e-014 -2.98768e-010 -2.98768e-010
2.48 -0.00017086 -2.16417e-014 -2.80036e-014 -2.7218e-010 -2.7218e-010
2.49 -0.000170864 -2.1242e-014 -2.82079e-014 -2.55848e-010 -2.55848e-010
2.5 -0.000170868 -2.14385e-014 -2.81075e-014 -2.48786e-010 -2.48786e-010
2.51 -0.000170872 -2.13419e-014 -2.81569e-014 -2.53139e-010 -2.53139e-010
2.52 -0.000170876 -2.13894e-014 -2.81326e-014 -2.70998e-010 -2.70998e-010
2.53 -0.00017088 -2.1366e-014 -2.81445e-014 -3.00007e-010 -3.00007e-010
2.54 -0.000170884 -2.13775e-014 -2.81387e-014 -3.31931e-010 -3.31931e-010
2.55 -0.000170888 -2.13719e-014 -2.81416e-014 -3.5467e-010 -3.5467e-010
2.56 -0.000170891 -2.13746e-014 -2.81401e-014 -3.5644e-010 -3.5644e-010
2.57 -0.000170895 -2.13733e-014 -2.81408e-014 -3.30951e-010 -3.30951e-010
2.58 -0.000170899 -2.13739e-014 -2.81405e-014 -2.81609e-010 -2.81609e-010
2.59 -0.000170901 -2.13736e-014 -2.81407e-014 -2.21794e-010 -2.21794e-010
2.6 -0.000170903 -2.13738e-014 -2.81406e-014 -1.69753e-010 -1.69753e-010
2.61 -0.000170904 -2.13737e-014 -2.81406e-014 -1.40279e-010 -1.40279e-010
2.62 -0.000170904 -2.13737e-014 -2.81406e-014 -1.38006e-010 -1.38006e-010
2.63 -0.000170903 -2.13737e-014 -2.81406e-014 -1.55899e-010 -1.55899e-010
2.64 -0.000170901 -2.13737e-014 -2.81406e-014 -1.79159e-010 -1.79159e-010
2.65 -0.000170899 -2.13737e-014 -2.81406e-014 -1.92479e-010 -1.92479e-010
2.66 -0.000170896 -2.13737e-014 -2.81406e-014 -1.87034e-010 -1.87034e-010
2.67 -0.000170893 -2.13737e-014 -2.81406e-014 -1.62867e-010 -1.62867e-010
2.68 -0.000170891 -2.13737e-014 -2.81406e-014 -1.2557e-010 -1.2557e-010
2.69 -0.000170888 -2.13737e-014 -2.81406e-014 -8.07381e-011 -8.07381e-011
2.7 -0.000170886 -2.13737e-014 -2.81406e-014 -3.08066e-011 -3.08066e-011
2.71 -0.000170885 -2.13737e-014 -2.81406e-014 2.41764e-011 2.41764e-011
2.72 -0.000170884 8.07478e-013 2.83341e-014 8.44413e-011 8.44413e-011
2.73 -0.000170884 6.75393e-013 2.63568e-013 1.50074e-010 1.50074e-010
2.74 -0.000170885 -1.34014e-012 1.2692e-012 2.21112e-010 2.21112e-010
2.75 -0.000170886 6.62942e-013 5.61754e-013 2.95436e-010 2.95436e-010
2.76 -0.000170887 8.99826e-013 -1.50553e-013 3.66808e-010 3.66808e-010
2.77 -0.000170888 6.25553e-013 2.11822e-013 4.27688e-010 4.27688e-010
2.78 -0.000170889 -1.10103e-012 1.02683e-012 4.74331e-010 4.74331e-010
2.79 -0.00017089 9.74636e-014 -1.71673e-014 5.07268e-010 5.07268e-010
2.8 -0.00017089 -9.52201e-014 3.23965e-014 5.27463e-010 5.27463e-010
2.81 -0.000170891 1.49243e-014 -5.78967e-014 5.33996e-010 5.33996e-010
2.82 -0.000170891 -3.92154e-014 -1.35145e-014 5.24637e-010 5.24637e-010
2.83 -0.000170891 -1.26039e-014 -3.53299e-014 4.96847e-010 4.96847e-010
2.84 -0.000170891 -2.56844e-014 -2.46068e-014 4.48717e-010 4.48717e-010
2.85 -0.000170891 -1.92549e-014 -2.98776e-014 3.80832e-010 3.80832e-010
2.86 -0.000170891 -2.24152e-014 -2.72868e-014 2.98284e-010 2.98284e-010
2.87 -0.000170892 -2.08618e-014 -2.85603e-014 2.09956e-010 2.09956e-010
2.88 -0.000170893 -2.16253e-014 -2.79343e-014 1.24777e-010 1.24777e-010
2.89 -0.000170894 -2.125e-014 -2.8242e-014 4.89751e-011 4.89751e-011
2.9 -0.000170896 -2.14345e-014 -2.80908e-014 -1.36795e-011 -1.36795e-011
2.91 -0.000170898 -2.13438e-014 -2.81651e-014 -6.15546e-011 -6.15546e-011
2.92 -0.0001709 -3.45691e-012 1.079e-012 -9.64624e-011 -9.64624e-011
2.93 -0.000170901 -1.78906e-012 -1.344e-013 -1.24005e-010 -1.24005e-010
2.94 -0.000170903 1.43059e-012 -3.34313e-014 -1.5083e-010 -1.5083e-010
2.95 -0.000170903 -8.73935e-013 -6.60378e-014 -1.80361e-010 -1.80361e-010
2.96 -0.000170904 3.37517e-013 -5.82248e-014 -2.10886e-010 -2.10886e-010
2.97 -0.000170903 -2.15311e-013 -1.51359e-013 -2.38047e-010 -2.38047e-010
2.98 -0.000170902 -1.3349e-013 -2.35641e-013 -2.59067e-010 -2.59067e-010
2.99 -0.000170901 -4.00954e-014 -4.05553e-014 -2.74099e-010 -2.74099e-010
3 -0.000170899 -1.21714e-014 -2.20384e-014 -2.83341e-010 -2.83341e-010
3.01 -0.000170896 -2.5897e-014 -3.11401e-014 -2.83314e-010 -2.83314e-010
3.02 -0.000170893 -1.91504e-014 -2.66663e-014 -2.66489e-010 -2.66489e-010
3.03 -0.000170891 -2.24666e-014 -2.88653e-014 -2.24652e-010 -2.24652e-010
3.04 -0.000170889 -2.08365e-014 -2.77844e-014 -1.53264e-010 -1.53264e-010
3.05 -0.000170888 -2.16378e-014 -2.83157e-014 -5.46399e-011 -5.46399e-011
3.06 -0.000170887 -2.12439e-014 -2.80545e-014 6.12347e-011 6.12347e-011
3.07 -0.000170887 -2.14375e-014 -2.81829e-014 1.80304e-010 1.80304e-010
3.08 -0.000170888 -2.13424e-014 -2.81198e-014 2.9218e-010 2.9218e-010
3.09 -0.00017089 -2.13891e-014 -2.81508e-014 3.9548e-010 3.9548e-010
3.1 -0.000170892 5.9361e-014 -2.94076e-013 4.9457e-010 4.9457e-010
3.11 -0.000170893 5.38112e-013 -7.97279e-013 5.91554e-010 5.91554e-010
3.12 -0.000170896 -7.65296e-014 4.41743e-013 6.83197e-010 6.83197e-010
3.13 -0.000170898 -5.08636e-013 -4.48908e-012 7.65734e-010 7.65734e-010
3.14 -0.0001709 -2.41312e-013 -2.00848e-012 8.39787e-010 8.39787e-010
3.15 -0.000170902 -7.92656e-014 1.20635e-012 9.07419e-010 9.07419e-010
3.16 -0.000170904 -4.86659e-013 1.24825e-013 9.64714e-010 9.64714e-010
3.17 -0.000170906 1.65708e-013 1.45611e-012 9.99549e-010 9.99549e-010
3.18 -0.000170909 4.57312e-014 6.53908e-014 9.97237e-010 9.97237e-010
3.19 -0.000170911 -5.43581e-014 -7.41145e-014 9.49113e-010 9.49113e-010
3.2 -0.000170913 1.55452e-014 2.18835e-014 8.58528e-010 8.58528e-010
3.21 -0.000170915 -7.58613e-015 -1.0661e-014 7.40596e-010 7.40596e-010
3.22 -0.000170916 3.72883e-015 5.24022e-015 6.149e-010 6.149e-010
3.23 -0.000170918 -1.83286e-015 -2.57576e-015 4.96116e-010 4.96116e-010
3.24 -0.000170919 9.00902e-016 1.26607e-015 3.89929e-010 3.89929e-010
3.25 -0.00017092 1.74383e-012 2.69489e-013 2.95494e-010 2.95494e-010
3.26 -0.000170921 8.31533e-013 -2.70877e-013 2.09353e-010 2.09353e-010
3.27 -0.000170922 5.63331e-013 -1.50663e-013 1.27533e-010 1.27533e-010
3.28 -0.000170922 -6.44764e-013 1.23992e-013 4.70419e-011 4.70419e-011
3.29 -0.000170922 -2.07801e-013 -2.86397e-013 -3.2778e-011 -3.2778e-011
3.3 -0.000170921 4.36883e-014 1.86422e-013 -1.10709e-010 -1.10709e-010
3.31 -0.000170919 -2.10574e-014 -1.90842e-013 -1.85102e-010 -1.85102e-010
3.32 -0.000170915 5.60269e-013 -3.80666e-013 -2.53313e-010 -2.53313e-010
3.33 -0.00017091 -5.10354e-013 1.45426e-012 -3.09591e-010 -3.09591e-010
3.34 -0.000170905 -2.75997e-012 -2.09345e-013 -3.45784e-010 -3.45784e-010
3.35 -0.000170899 -3.7275e-013 1.0244e-012 -3.56056e-010 -3.56056e-010
3.36 -0.000170892 -2.41697e-012 -1.55447e-012 -3.40484e-010 -3.40484e-010
3.37 -0.000170885 7.02663e-013 9.10522e-013 -3.03532e-010 -3.03532e-010
3.38 -0.000170878 -6.14191e-013 -1.02897e-012 -2.50146e-010 -2.50146e-010
3.39 -0.000170871 -4.82378e-012 -1.5134e-012 -1.8394e-010 -1.8394e-010
3.4 -0.000170865 -2.08575e-012 -1.92143e-012 -1.08247e-010 -1.08247e-010
3.41 -0.00017086 9.96958e-013 9.51037e-013 -2.81416e-011 -2.81416e-011
3.42 -0.000170855 -5.18299e-013 -4.60877e-013 4.92805e-011 4.92805e-011
3.43 -0.000170851 2.26502e-013 2.33127e-013 1.1818e-010 1.1818e-010
3.44 -0.000170848 -1.39593e-013 -1.08e-013 1.7867e-010 1.7867e-010
3.45 -0.000170847 4.03549e-014 5.96759e-014 2.37786e-010 2.37786e-010
3.46 -0.000170847 -4.80959e-014 -2.27424e-014 3.0432e-010 3.0432e-010
3.47 -0.000170847 -4.61929e-015 1.7769e-014 3.80963e-010 3.80963e-010
3.48 -0.000170849 -2.59895e-014 -2.14374e-015 4.60127e-010 4.60127e-010
3.49 -0.000170851 -1.54853e-014 7.64406e-015 5.26693e-010 5.26693e-010
3.5 -0.000170853 -2.06485e-014 2.83302e-015 5.64621e-010 5.64621e-010
3.51 -0.000170855 -1.81106e-014 5.19781e-015 5.61931e-010 5.61931e-010
3.52 -0.000170858 -1.93581e-014 4.03543e-015 5.12921e-010 5.12921e-010
3.53 -0.00017086 -1.87449e-014 4.60679e-015 4.2005e-010 4.2005e-010
3.54 -0.000170863 -1.90463e-014 4.32594e-015 2.94477e-010 2.94477e-010
3.55 -0.000170865 -1.88982e-014 4.46399e-015 1.51459e-010 1.51459e-010
3.56 -0.000170868 -1.8971e-014 4.39613e-015 1.67252e-012 1.67252e-012
3.57 -0.00017087 -1.89352e-014 4.42949e-015 -1.54259e-010 -1.54259e-010
3.58 -0.000170871 7.47437e-013 2.03016e-012 -3.22187e-010 -3.22187e-010
3.59 -0.000170871 -2.08807e-012 -2.73452e-012 -5.04263e-010 -5.04263e-010
3.6 -0.000170872 -3.93334e-013 -1.22952e-013 -6.90833e-010 -6.90833e-010
3.61 -0.000170873 4.75062e-014 -1.01675e-012 -8.61728e-010 -8.61728e-010
3.62 -0.000170872 -1.28199e-012 -2.60967e-012 -9.97249e-010 -9.97249e-010
3.63 -0.000170872 -4.65878e-013 -1.56639e-012 -1.09109e-009 -1.09109e-009
3.64 -0.000170871 2.00735e-013 7.76526e-013 -1.15425e-009 -1.15425e-009
3.65 -0.000170869 -1.26928e-013 -3.75099e-013 -1.20542e-009 -1.20542e-009
3.66 -0.000170867 3.41295e-014 1.90964e-013 -1.25573e-009 -1.25573e-009
3.67 -0.000170864 -4.50359e-014 -8.72751e-014 -1.30112e-009 -1.30112e-009
3.68 -0.00017086 -6.12339e-015 4.94891e-014 -1.32714e-009 -1.32714e-009
3.69 -0.000170856 -2.52502e-014 -1.77352e-014 -1.32011e-009 -1.32011e-009
3.7 -0.000170851 -1.58487e-014 1.53078e-014 -1.27625e-009 -1.27625e-009
3.71 -0.000170846 -2.04699e-014 -9.33981e-016 -1.20443e-009 -1.20443e-009
3.72 -0.00017084 -1.81984e-014 7.04942e-015 -1.12131e-009 -1.12131e-009
3.73 -0.000170834 -1.93149e-014 3.1253e-015 -1.0415e-009 -1.0415e-009
3.74 -0.000170829 -1.87661e-014 5.05415e-015 -9.68842e-010 -9.68842e-010
3.75 -0.000170824 -1.90359e-014 4.10605e-015 -8.94915e-010 -8.94915e-010
3.76 -0.00017082 1.96298e-012 -9.05583e-013 -8.05927e-010 -8.05927e-010
3.77 -0.000170817 -2.50205e-012 1.07252e-012 -6.92869e-010 -6.92869e-010
3.78 -0.000170816 1.98232e-012 -7.36838e-013 -5.57604e-010 -5.57604e-010
3.79 -0.000170817 3.54559e-012 -1.75632e-013 -4.12013e-010 -4.12013e-010
3.8 -0.000170818 1.86171e-012 1.11224e-012 -2.72485e-010 -2.72485e-010
3.81 -0.000170819 -5.20567e-013 -5.6266e-013 -1.52911e-010 -1.52911e-010
3.82 -0.000170822 1.53523e-012 1.45634e-012 -5.91791e-011 -5.91791e-011
3.83 -0.000170825 9.67815e-013 -2.1025e-012 1.18956e-011 1.18956e-011
3.84 -0.000170829 1.94882e-012 -3.61905e-014 6.77935e-011 6.77935e-011
3.85 -0.000170834 -4.37115e-013 3.34513e-013 1.11161e-010 1.11161e-010
3.86 -0.000170839 1.86597e-013 -1.57834e-013 1.32778e-010 1.32778e-010
3.87 -0.000170844 -1.19979e-013 8.41713e-014 1.15009e-010 1.15009e-010
3.88 -0.000170849 -4.72989e-015 1.41149e-014 4.47801e-011 4.47801e-011
3.89 -0.000170854 -5.21191e-012 4.71452e-012 -7.60473e-011 -7.60473e-011
3.9 -0.000170859 2.48466e-012 -3.15298e-012 -2.32577e-010 -2.32577e-010
3.91 -0.000170863 -8.77607e-013 1.85476e-012 -4.0776e-010 -4.0776e-010
3.92 -0.000170867 9.79578e-013 -2.06613e-012 -5.91355e-010 -5.91355e-010
3.93 -0.000170871 2.62117e-013 1.27084e-013 -7.7995e-010 -7.7995e-010
3.94 -0.000170874 3.49764e-013 -1.89952e-013 -9.69861e-010 -9.69861e-010
3.95 -0.000170877 1.81855e-012 -1.80965e-012 -1.15043e-009 -1.15043e-009
3.96 -0.000170879 1.36215e-012 -3.23655e-012 -1.30389e-009 -1.30389e-009
3.97 -0.000170882 -3.8257e-013 2.49123e-013 -1.41186e-009 -1.41186e-009
3.98 -0.000170883 1.59786e-013 -1.15862e-013 -1.46351e-009 -1.46351e-009
3.99 -0.000170884 -1.06801e-013 6.35407e-014 -1.45931e-009 -1.45931e-009
4 -0.000170884 2.42361e-014 -2.46421e-014 -1.40919e-009 -1.40919e-009
4.01 -0.000170883 -4.01729e-014 1.87028e-014 -1.32894e-009 -1.32894e-009
4.02 -0.000170882 -8.5137e-015 -2.60272e-015 -1.23704e-009 -1.23704e-009
4.03 -0.000170879 -2.40753e-014 7.86966e-015 -1.14969e-009 -1.14969e-009
4.04 -0.000170875 -1.64262e-014 2.72213e-015 -1.07524e-009 -1.07524e-009
4.05 -0.00017087 -2.0186e-014 5.25232e-015 -1.01294e-009 -1.01294e-009
4.06 -0.000170864 -1.83379e-014 4.00864e-015 -9.5541e-010 -9.5541e-010
4.07 -0.000170857 -1.92463e-014 4.61995e-015 -8.90644e-010 -8.90644e-010
4.08 -0.000170851 -1.87998e-014 4.31947e-015 -8.03942e-010 -8.03942e-010
4.09 -0.000170845 -1.90193e-014 4.46717e-015 -6.82187e-010 -6.82187e-010
4.1 -0.000170841 -1.89114e-014 4.39457e-015 -5.18149e-010 -5.18149e-010
4.11 -0.000170839 -1.89645e-014 4.43025e-015 -3.11699e-010 -3.11699e-010
4.12 -0.000170838 -1.89384e-014 4.41272e-015 -6.9416e-011 -6.9416e-011
4.13 -0.00017084 -1.89512e-014 4.42134e-015 1.95735e-010 1.95735e-010
4.14 -0.000170844 -1.89449e-014 4.4171e-015 4.65566e-010 4.65566e-010
4.15 -0.000170849 -1.8948e-014 4.41918e-015 7.18631e-010 7.18631e-010
4.16 -0.000170854 -1.89465e-014 4.41816e-015 9.32577e-010 9.32577e-010
4.17 -0.00017086 -1.89472e-014 4.41866e-015 1.08803e-009 1.08803e-009
4.18 -0.000170865 -1.89469e-014 4.41841e-015 1.17403e-009 1.17403e-009
4.19 -0.00017087 -1.8947e-014 4.41853e-015 1.19269e-009 1.19269e-009
4.2 -0.000170875 -1.8947e-014 4.41848e-015 1.15975e-009 1.15975e-009
4.21 -0.000170879 -1.8947e-014 4.4185e-015 1.09861e-009 1.09861e-009
4.22 -0.000170884 -4.40559e-013 8.17635e-013 1.03057e-009 1.03057e-009
4.23 -0.000170889 -4.08187e-013 4.94336e-013 9.66926e-010 9.66926e-010
4.24 -0.000170895 -4.13312e-013 7.59092e-013 9.06854e-010 9.06854e-010
4.25 -0.0001709 6.80579e-013 -9.72281e-014 8.4169e-010 8.4169e-010
4.26 -0.000170906 9.23922e-014 1.87487e-012 7.63577e-010 7.63577e-010
4.27 -0.000170912 -4.21947e-012 -2.32048e-012 6.72169e-010 6.72169e-010
4.28 -0.000170918 -7.08088e-013 -1.11681e-012 5.74484e-010 5.74484e-010
4.29 -0.000170924 -6.2783e-013 3.3692e-013 4.80551e-010 4.80551e-010
4.3 -0.000170929 -1.59351e-012 -1.24889e-012 3.99261e-010 3.99261e-010
4.31 -0.000170934 -7.45527e-013 6.18373e-013 3.34825e-010 3.34825e-010
4.32 -0.000170938 -3.80964e-013 5.08642e-014 2.85263e-010 2.85263e-010
4.33 -0.000170941 -3.85688e-012 -4.08723e-012 2.46023e-010 2.46023e-010
4.34 -0.000170943 -3.60279e-012 4.27374e-013 2.16724e-010 2.16724e-010
4.35 -0.000170946 -2.86265e-013 2.2116e-012 2.04703e-010 2.04703e-010
4.36 -0.000170948 -2.96517e-013 -2.25177e-013 2.21838e-010 2.21838e-010
4.37 -0.000170949 -8.4531e-014 -1.92761e-012 2.76375e-010 2.76375e-010
4.38 -0.00017095 -7.27242e-014 7.39801e-013 3.65628e-010 3.65628e-010
4.39 -0.00017095 -4.93927e-013 -1.62002e-012 4.75806e-010 4.75806e-010
4.4 -0.000170951 1.11722e-013 9.87894e-013 5.89897e-010 5.89897e-010
4.41 -0.000170951 -9.37679e-013 -1.93843e-012 6.98602e-010 6.98602e-010
4.42 -0.00017095 4.20859e-013 9.95049e-013 8.06755e-010 8.06755e-010
4.43 -0.00017095 -2.68138e-013 -2.34554e-013 9.30151e-010 9.30151e-010
4.44 -0.000170949 -7.07381e-014 6.01447e-013 1.08569e-009 1.08569e-009
4.45 -0.000170949 -5.11871e-013 3.75905e-013 1.28221e-009 1.28221e-009
4.46 -0.000170949 -8.16203e-013 1.60217e-012 1.51484e-009 1.51484e-009
4.47 -0.000170949 -4.15489e-013 1.80687e-012 1.76276e-009 1.76276e-009
4.48 -0.00017095 -3.81946e-013 6.82987e-013 1.99368e-009 1.99368e-009
4.49 -0.000170952 -1.71644e-013 2.29061e-013 2.17711e-009 2.17711e-009
4.5 -0.000170954 -4.63356e-013 3.87016e-012 2.29848e-009 2.29848e-009
4.51 -0.000170957 -1.00605e-013 1.18537e-012 2.36292e-009 2.36292e-009
4.52 -0.00017096 5.04282e-014 -5.83839e-013 2.38754e-009 2.38754e-009
4.53 -0.000170963 -1.34559e-012 1.30671e-012 2.38979e-009 2.38979e-009
4.54 -0.000170965 -2.81627e-012 4.0172e-012 2.37989e-009 2.37989e-009
4.55 -0.000170968 -4.50927e-013 6.91567e-013 2.36003e-009 2.36003e-009
4.56 -0.000170971 6.2516e-013 -3.86529e-013 2.32816e-009 2.32816e-009
4.57 -0.000170973 -7.24877e-013 1.19309e-012 2.28109e-009 2.28109e-009
4.58 -0.000170976 -6.59361e-013 2.31636e-012 2.21574e-009 2.21574e-009
4.59 -0.000170979 2.14305e-013 -1.73509e-014 2.13077e-009 2.13077e-009
4.6 -0.000170982 9.66326e-013 -1.18651e-012 2.02826e-009 2.02826e-009
4.61 -0.000170986 -4.74982e-013 5.83211e-013 1.91194e-009 1.91194e-009
4.62 -0.000170989 2.3347e-013 -2.86668e-013 1.78189e-009 1.78189e-009
4.63 -0.000170991 -1.20468e-013 1.33948e-013 1.63251e-009 1.63251e-009
4.64 -0.000170993 1.65344e-015 -1.36001e-013 1.45941e-009 1.45941e-009
4.65 -0.000170993 -4.42729e-012 -5.60008e-012 1.27033e-009 1.27033e-009
4.66 -0.000170992 1.79813e-012 1.68137e-012 1.08717e-009 1.08717e-009
4.67 -0.000170992 -5.36786e-012 -3.6406e-012 9.34221e-010 9.34221e-010
4.68 -0.00017099 4.38285e-012 3.56479e-012 8.23679e-010 8.23679e-010
4.69 -0.000170989 -2.73573e-012 -1.55041e-013 7.51738e-010 7.51738e-010
4.7 -0.000170988 3.3009e-012 1.93111e-012 7.06468e-010 7.06468e-010
4.71 -0.000170986 -4.20777e-012 -1.38367e-013 6.78211e-010 6.78211e-010
4.72 -0.000170984 3.93473e-012 1.15515e-012 6.64088e-010 6.64088e-010
4.73 -0.000170982 -1.07536e-012 1.05956e-013 6.6481e-010 6.6481e-010
4.74 -0.000170979 -3.36738e-014 5.35075e-013 6.79216e-010 6.79216e-010
4.75 -0.000170976 -6.58195e-013 3.44787e-013 7.0367e-010 7.0367e-010
4.76 -0.000170973 2.62431e-012 -5.02871e-014 7.36649e-010 7.36649e-010
4.77 -0.000170969 -4.83062e-013 5.05182e-013 7.82653e-010 7.82653e-010
4.78 -0.000170966 1.69077e-012 6.68644e-013 8.50735e-010 8.50735e-010
4.79 -0.000170964 1.06905e-012 9.51288e-013 9.47222e-010 9.47222e-010
4.8 -0.000170961 -1.21677e-012 1.42835e-012 1.06765e-009 1.06765e-009
4.81 -0.000170959 1.30294e-012 -4.36282e-013 1.19575e-009 1.19575e-009
4.82 -0.000170957 -3.90439e-013 4.85613e-013 1.31038e-009 1.31038e-009
4.83 -0.000170955 1.57593e-012 2.43506e-012 1.39391e-009 1.39391e-009
4.84 -0.000170954 4.07752e-013 1.55738e-013 1.43879e-009 1.43879e-009
4.85 -0.000170954 4.45291e-014 -9.04241e-014 1.45191e-009 1.45191e-009
4.86 -0.000170954 1.39222e-012 1.2899e-012 1.45035e-009 1.45035e-009
4.87 -0.000170954 2.59748e-013 3.49556e-013 1.4452e-009 1.4452e-009
4.88 -0.000170954 2.75967e-012 3.00383e-012 1.42799e-009 1.42799e-009
4.89 -0.000170955 1.49116e-012 1.0393e-012 1.37762e-009 1.37762e-009
4.9 -0.000170955 -2.20146e-012 2.77913e-013 1.28193e-009 1.28193e-009
4.91 -0.000170956 1.77498e-012 -7.32889e-013 1.14984e-009 1.14984e-009
4.92 -0.000170956 -8.01753e-013 3.8837e-013 1.00184e-009 1.00184e-009
4.93 -0.000170957 2.06868e-012 -1.74696e-012 8.51526e-010 8.51526e-010
4.94 -0.000170956 3.04704e-012 7.79789e-013 6.96651e-010 6.96651e-010
4.95 -0.000170956 4.4261e-012 -3.71676e-013 5.23404e-010 5.23404e-010
4.96 -0.000170954 -8.65541e-012 8.14124e-013 3.16339e-010 3.16339e-010
4.97 -0.000170951 -9.38145e-013 -3.25268e-012 6.90772e-011 6.90772e-011
4.98 -0.000170948 6.639e-012 2.48906e-014 -2.08089e-010 -2.08089e-010
4.99 -0.000170943 3.69453e-012 -3.84206e-012 -4.90949e-010 -4.90949e-010
5 -0.000170938 -4.97712e-012 4.39806e-012 -7.55203e-010 -7.55203e-010
5.01 -0.000170932 1.05284e-013 -9.77385e-013 -9.89324e-010 -9.89324e-010
5.02 -0.000170925 2.48714e-012 -1.02373e-012 -1.19498e-009 -1.19498e-009
5.03 -0.000170917 1.70961e-012 -2.51521e-012 -1.37804e-009 -1.37804e-009
5.04 -0.000170908 1.76163e-012 -1.6059e-012 -1.54084e-009 -1.54084e-009
5.05 -0.000170898 -1.29542e-012 9.99579e-013 -1.68072e-009 -1.68072e-009
5.06 -0.000170888 3.83311e-012 -1.86838e-012 -1.79413e-009 -1.79413e-009
5.07 -0.000170878 1.50748e-013 -5.84255e-013 -1.88269e-009 -1.88269e-009
5.08 -0.000170867 -2.3646e-013 -2.54506e-013 -1.95462e-009 -1.95462e-009
5.09 -0.000170856 1.54991e-012 -1.81858e-012 -2.01852e-009 -2.01852e-009
5.1 -0.000170844 -2.38408e-013 -2.54426e-012 -2.07676e-009 -2.07676e-009
5.11 -0.000170832 2.28333e-013 -6.72782e-013 -2.12473e-009 -2.12473e-009
5.12 -0.00017082 -5.14749e-013 3.29119e-013 -2.15298e-009 -2.15298e-009
5.13 -0.000170808 5.75155e-012 -7.63759e-012 -2.14936e-009 -2.14936e-009
5.14 -0.000170797 1.95939e-012 -3.64902e-012 -2.10547e-009 -2.10547e-009
5.15 -0.000170786 -9.36136e-013 -7.06717e-013 -2.02629e-009 -2.02629e-009
5.16 -0.000170775 1.29481e-012 -3.9656e-012 -1.93181e-009 -1.93181e-009
5.17 -0.000170767 -4.86189e-013 5.61263e-013 -1.84665e-009 -1.84665e-009
5.18 -0.000170758 1.74893e-012 -5.97098e-012 -1.7887e-009 -1.7887e-009
5.19 -0.000170751 -6.82343e-013 -6.16517e-012 -1.76576e-009 -1.76576e-009
5.2 -0.000170745 3.4153e-012 -2.85205e-012 -1.77674e-009 -1.77674e-009
5.21 -0.000170738 1.5356e-012 -3.87407e-012 -1.81187e-009 -1.81187e-009
5.22 -0.000170733 3.0235e-012 -3.60562e-012 -1.85386e-009 -1.85386e-009
5.23 -0.000170728 6.42289e-013 -5.20909e-012 -1.88374e-009 -1.88374e-009
5.24 -0.000170725 2.87173e-012 -5.31765e-012 -1.88795e-009 -1.88795e-009
5.25 -0.000170724 -1.60568e-012 2.31603e-012 -1.86186e-009 -1.86186e-009
5.26 -0.000170725 5.95118e-013 -1.43618e-012 -1.80976e-009 -1.80976e-009
5.27 -0.000170728 -4.8665e-013 4.0816e-013 -1.74226e-009 -1.74226e-009
5.28 -0.000170731 3.97175e-014 -5.17894e-013 -1.67262e-009 -1.67262e-009
5.29 -0.000170736 -4.02748e-013 -8.74958e-013 -1.61544e-009 -1.61544e-009
5.3 -0.000170742 -5.23791e-014 4.44127e-015 -1.58647e-009 -1.58647e-009
5.31 -0.000170747 -1.69582e-013 -2.23969e-013 -1.59788e-009 -1.59788e-009
5.32 -0.000170753 -1.49562e-012 -4.68651e-012 -1.64955e-009 -1.64955e-009
5.33 -0.000170759 2.60934e-013 9.86384e-013 -1.72459e-009 -1.72459e-009
5.34 -0.000170765 -1.46222e-013 -4.83067e-014 -1.79314e-009 -1.79314e-009
5.35 -0.000170773 -1.22256e-013 -2.7403e-013 -1.82033e-009 -1.82033e-009
5.36 -0.000170784 -1.34036e-013 -1.63079e-013 -1.77378e-009 -1.77378e-009
5.37 -0.000170796 -1.29282e-013 -2.18872e-013 -1.63194e-009 -1.63194e-009
5.38 -0.000170809 -1.49219e-013 -2.12791e-013 -1.3964e-009 -1.3964e-009
5.39 -0.000170824 -1.1e-013 -1.80104e-013 -1.09879e-009 -1.09879e-009
5.4 -0.00017084 -2.06756e-012 -2.54666e-012 -7.87495e-010 -7.87495e-010
5.41 -0.000170855 -1.0593e-011 -1.0607e-011 -4.98685e-010 -4.98685e-010
5.42 -0.000170871 -2.39002e-012 6.70749e-013 -2.38302e-010 -2.38302e-010
5.43 -0.000170886 3.06492e-012 1.61277e-012 8.94264e-012 8.94264e-012
5.44 -0.0001709 3.8027e-013 4.80751e-012 2.56278e-010 2.56278e-010
5.45 -0.000170914 -1.02762e-011 5.25055e-012 5.03509e-010 5.03509e-010
5.46 -0.000170927 -1.53125e-012 1.29059e-012 7.47963e-010 7.47963e-010
5.47 -0.00017094 -4.34619e-012 1.60034e-012 1.00029e-009 1.00029e-009
5.48 -0.000170953 -4.51807e-012 4.26448e-012 1.28312e-009 1.28312e-009
5.49 -0.000170965 -3.58495e-012 1.4233e-012 1.61395e-009 1.61395e-009
5.5 -0.000170978 -4.12108e-012 8.20328e-013 1.99001e-009 1.99001e-009
5.51 -0.000170991 -1.40717e-012 8.90268e-013 2.38504e-009 2.38504e-009
5.52 -0.000171004 -6.38781e-013 7.42758e-013 2.75733e-009 2.75733e-009
5.53 -0.000171016 -3.36448e-013 4.18017e-013 3.06626e-009 3.06626e-009
5.54 -0.000171027 -2.03816e-013 2.35411e-013 3.2885e-009 3.2885e-009
5.55 -0.000171036 -6.72129e-013 5.95382e-014 3.4236e-009 3.4236e-009
5.56 -0.000171043 -1.00072e-013 6.66378e-014 3.48773e-009 3.48773e-009
5.57 -0.000171049 3.42077e-012 -4.78793e-012 3.50221e-009 3.50221e-009
5.58 -0.000171053 8.13427e-013 -1.69552e-012 3.48491e-009 3.48491e-009
5.59 -0.000171055 -3.76524e-012 5.03033e-012 3.4478e-009 3.4478e-009
5.6 -0.000171056 1.11854e-012 2.3762e-013 3.39609e-009 3.39609e-009
5.61 -0.000171056 -2.56387e-012 2.6062e-013 3.3258e-009 3.3258e-009
5.62 -0.000171055 7.62572e-013 1.40563e-012 3.22423e-009 3.22423e-009
5.63 -0.000171053 -2.20729e-012 1.04312e-012 3.07891e-009 3.07891e-009
5.64 -0.000171049 -5.86889e-012 -9.96216e-012 2.89014e-009 2.89014e-009
5.65 -0.000171044 -5.41313e-012 -8.73596e-012 2.67303e-009 2.67303e-009
5.66 -0.000171038 -4.03857e-013 9.63357e-013 2.44417e-009 2.44417e-009
5.67 -0.000171029 2.47574e-013 -4.60883e-013 2.20729e-009 2.20729e-009
5.68 -0.000171019 -7.26267e-014 2.3918e-013 1.95527e-009 1.95527e-009
5.69 -0.000171007 8.47627e-014 -1.04925e-013 1.68713e-009 1.68713e-009
5.7 -0.000170994 7.40039e-015 6.42141e-014 1.42157e-009 1.42157e-009
5.71 -0.00017098 4.54266e-014 -1.89237e-014 1.19132e-009 1.19132e-009
5.72 -0.000170965 2.67354e-014 2.19414e-014 1.02255e-009 1.02255e-009
5.73 -0.00017095 3.59228e-014 1.85477e-015 9.19231e-010 9.19231e-010
5.74 -0.000170936 3.14069e-014 1.1728e-014 8.67267e-010 8.67267e-010
5.75 -0.000170921 3.36266e-014 6.87498e-015 8.52256e-010 8.52256e-010
5.76 -0.000170908 3.25355e-014 9.26042e-015 8.72198e-010 8.72198e-010
5.77 -0.000170896 -9.36769e-015 5.74202e-013 9.34524e-010 9.34524e-010
5.78 -0.000170886 -7.24494e-013 9.67522e-012 1.04409e-009 1.04409e-009
5.79 -0.000170878 1.0155e-012 3.46662e-012 1.19394e-009 1.19394e-009
5.8 -0.000170873 -3.18262e-014 1.67475e-012 1.3626e-009 1.3626e-009
5.81 -0.00017087 6.38031e-013 2.91131e-012 1.51764e-009 1.51764e-009
5.82 -0.00017087 5.51617e-013 4.07492e-012 1.6279e-009 1.6279e-009
5.83 -0.000170871 -4.71241e-013 -2.11082e-012 1.68329e-009 1.68329e-009
5.84 -0.000170875 3.16094e-012 5.59128e-012 1.70659e-009 1.70659e-009
5.85 -0.00017088 2.17043e-011 2.85826e-011 1.73989e-009 1.73989e-009
5.86 -0.00017089 1.32209e-011 1.2731e-011 1.81401e-009 1.81401e-009
5.87 -0.000170903 4.04548e-012 2.49452e-012 1.92942e-009 1.92942e-009
5.88 -0.000170919 3.89693e-012 3.20041e-012 2.06175e-009 2.06175e-009
5.89 -0.000170938 4.45173e-013 5.06041e-012 2.1792e-009 2.1792e-009
5.9 -0.00017096 3.45522e-012 4.27434e-012 2.2572e-009 2.2572e-009
5.91 -0.000170983 -1.33739e-012 -2.43126e-012 2.28593e-009 2.28593e-009
5.92 -0.000171005 -1.89441e-012 3.14696e-013 2.26985e-009 2.26985e-009
5.93 -0.000171027 6.94924e-012 1.74008e-012 2.22001e-009 2.22001e-009
5.94 -0.000171046 1.41334e-012 -8.96839e-013 2.14568e-009 2.14568e-009
5.95 -0.000171064 -8.1249e-013 -1.96674e-012 2.05054e-009 2.05054e-009
5.96 -0.000171078 1.04362e-011 6.9824e-012 1.93283e-009 1.93283e-009
5.97 -0.000171089 3.08124e-012 2.0037e-012 1.7882e-009 1.7882e-009
5.98 -0.000171099 -2.60942e-012 -2.32516e-012 1.61572e-009 1.61572e-009
5.99 -0.000171106 1.28262e-012 1.1429e-012 1.42257e-009 1.42257e-009
6 -0.000171111 -6.30452e-013 -5.61773e-013 1.21816e-009 1.21816e-009
6.01 -0.000171113 3.09889e-013 2.76131e-013 9.9803e-010 9.9803e-010
6.02 -0.000171112 -1.39402e-013 -1.21766e-013 7.33758e-010 7.33758e-010
6.03 -0.000171107 8.27993e-014 7.52835e-014 3.85948e-010 3.85948e-010
6.04 -0.000171098 -2.71011e-014 -2.23113e-014 -6.61303e-011 -6.61303e-011
6.05 -0.000171085 2.69187e-014 2.56599e-014 -6.0301e-010 -6.0301e-010
6.06 -0.000171067 5.36029e-013 2.28703e-012 -1.16835e-009 -1.16835e-009
6.07 -0.000171044 2.65213e-012 1.35551e-011 -1.69358e-009 -1.69358e-009
6.08 -0.00017102 -1.0715e-011 -2.20073e-011 -2.12544e-009 -2.12544e-009
6.09 -0.000170993 1.36237e-012 -2.96129e-012 -2.44083e-009 -2.44083e-009
6.1 -0.000170962 -1.54569e-012 -9.47289e-012 -2.64891e-009 -2.64891e-009
6.11 -0.000170928 -1.09292e-013 -3.1258e-013 -2.78411e-009 -2.78411e-009
6.12 -0.000170891 1.20721e-012 -5.36203e-012 -2.88805e-009 -2.88805e-009
6.13 -0.000170851 -1.09568e-013 -5.42152e-012 -2.98783e-009 -2.98783e-009
6.14 -0.000170808 -1.89861e-012 7.53936e-013 -3.08522e-009 -3.08522e-009
6.15 -0.000170762 1.21899e-012 -8.02954e-012 -3.1579e-009 -3.1579e-009
6.16 -0.000170714 8.14596e-013 -4.02492e-012 -3.16798e-009 -3.16798e-009
6.17 -0.000170665 -3.86804e-013 1.99308e-012 -3.07585e-009 -3.07585e-009
6.18 -0.000170617 2.03725e-013 -9.64974e-013 -2.8543e-009 -2.8543e-009
6.19 -0.000170572 -8.65402e-014 4.89011e-013 -2.4953e-009 -2.4953e-009
6.2 -0.000170532 5.61351e-014 -2.25673e-013 -2.00868e-009 -2.00868e-009
6.21 -0.0001705 -1.39947e-014 1.25619e-013 -1.4164e-009 -1.4164e-009
6.22 -0.000170478 2.04765e-014 -4.70529e-014 -7.44056e-010 -7.44056e-010
6.23 -0.000170468 3.53272e-015 3.78212e-014 -1.28307e-011 -1.28307e-011
6.24 -0.000170469 -3.12069e-012 2.65846e-011 7.61617e-010 7.61617e-010
6.25 -0.00017048 -1.46366e-011 7.06872e-011 1.56019e-009 1.56019e-009
6.26 -0.000170506 -3.15758e-012 -2.08896e-011 2.34919e-009 2.34919e-009
6.27 -0.000170544 1.34242e-012 -1.12116e-011 3.07938e-009 3.07938e-009
6.28 -0.000170594 -3.53771e-011 4.16019e-011 3.70126e-009 3.70126e-009
6.29 -0.000170654 -2.87287e-011 5.02892e-011 4.19113e-009 4.19113e-009
6.3 -0.000170724 -4.84981e-011 7.08103e-012 4.57342e-009 4.57342e-009
6.31 -0.000170803 -2.8923e-012 -6.61426e-014 4.91688e-009 4.91688e-009
6.32 -0.000170887 -5.87648e-012 -1.06715e-011 5.28933e-009 5.28933e-009
6.33 -0.000170975 -5.9457e-011 -9.00316e-014 5.69405e-009 5.69405e-009
6.34 -0.000171063 -3.69506e-011 4.14935e-011 6.03884e-009 6.03884e-009
6.35 -0.000171149 -1.31358e-010 -7.4852e-011 6.16759e-009 6.16759e-009
6.36 -0.000171233 -1.87354e-010 -1.82122e-010 5.93743e-009 5.93743e-009
6.37 -0.000171309 -1.27802e-010 -1.76884e-010 5.29802e-009 5.29802e-009
6.38 -0.000171374 -5.94191e-011 -1.59807e-010 4.32912e-009 4.32912e-009
6.39 -0.000171427 -7.15982e-011 -6.42457e-011 3.20559e-009 3.20559e-009
6.4 -0.000171462 -3.68341e-011 -3.05372e-011 2.1009e-009 2.1009e-009
6.41 -0.000171482 -7.21596e-011 -1.08901e-010 1.09671e-009 1.09671e-009
6.42 -0.000171483 1.67379e-011 2.14559e-011 1.73011e-010 1.73011e-010
6.43 -0.000171468 -2.77316e-012 -3.09238e-011 -7.22208e-010 -7.22208e-010
6.44 -0.000171436 -7.36546e-012 3.13203e-011 -1.59875e-009 -1.59875e-009
6.45 -0.000171389 4.73086e-012 -2.41366e-011 -2.40487e-009 -2.40487e-009
6.46 -0.00017133 2.4357e-012 -2.6057e-012 -3.05832e-009 -3.05832e-009
6.47 -0.000171261 3.19459e-012 -5.03322e-012 -3.49397e-009 -3.49397e-009
6.48 -0.00017118 -8.55013e-013 3.59228e-012 -3.70254e-009 -3.70254e-009
6.49 -0.000171091 1.13551e-012 -6.47451e-013 -3.74152e-009 -3.74152e-009
6.5 -0.000170993 1.57097e-013 1.43652e-012 -3.7034e-009 -3.7034e-009
6.51 -0.000170891 6.38018e-013 4.12177e-013 -3.65453e-009 -3.65453e-009
6.52 -0.000170787 4.01629e-013 9.15677e-013 -3.5889e-009 -3.5889e-009
6.53 -0.000170687 5.17823e-013 6.6819e-013 -3.43516e-009 -3.43516e-009
6.54 -0.000170595 4.6071e-013 7.89838e-013 -3.11143e-009 -3.11143e-009
6.55 -0.000170514 1.42056e-012 1.71873e-012 -2.58327e-009 -2.58327e-009
6.56 -0.000170447 7.37436e-013 1.03792e-012 -1.88082e-009 -1.88082e-009
6.57 -0.000170395 3.52762e-013 6.08104e-013 -1.07119e-009 -1.07119e-009
6.58 -0.000170359 5.41842e-013 8.19372e-013 -2.1611e-010 -2.1611e-010
6.59 -0.000170339 4.48903e-013 7.15527e-013 6.56147e-010 6.56147e-010
6.6 -0.000170337 4.94586e-013 7.6657e-013 1.55124e-009 1.55124e-009
6.61 -0.000170352 4.72131e-013 7.41481e-013 2.48355e-009 2.48355e-009
6.62 -0.000170383 4.83169e-013 7.53813e-013 3.44294e-009 3.44294e-009
6.63 -0.000170428 4.77743e-013 7.47751e-013 4.37535e-009 4.37535e-009
6.64 -0.000170485 4.8041e-013 7.50731e-013 5.18881e-009 5.18881e-009
6.65 -0.000170548 4.79099e-013 7.49266e-013 5.7804e-009 5.7804e-009
6.66 -0.000170616 4.79744e-013 7.49986e-013 6.06685e-009 6.06685e-009
6.67 -0.000170684 4.79427e-013 7.49632e-013 6.00183e-009 6.00183e-009
6.68 -0.00017075 4.79582e-013 7.49806e-013 5.57755e-009 5.57755e-009
6.69 -0.000170811 4.79506e-013 7.49721e-013 4.81935e-009 4.81935e-009
6.7 -0.00017086 9.66968e-011 -2.12637e-010 3.77939e-009 3.77939e-009
6.71 -0.000170909 7.03225e-011 -6.75688e-011 2.53015e-009 2.53015e-009
6.72 -0.000170958 -1.48825e-011 4.58079e-011 1.15242e-009 1.15242e-009
6.73 -0.000170996 6.28675e-011 -7.00095e-011 -2.82356e-010 -2.82356e-010
6.74 -0.000171029 4.9737e-011 -5.10879e-011 -1.71957e-009 -1.71957e-009
6.75 -0.000171055 6.93655e-011 -6.55753e-011 -3.11869e-009 -3.11869e-009
6.76 -0.000171072 -6.37469e-011 6.63444e-011 -4.45372e-009 -4.45372e-009
6.77 -0.000171077 8.26212e-012 5.5233e-012 -5.71303e-009 -5.71303e-009
6.78 -0.000171073 3.66194e-011 -3.7601e-011 -6.88987e-009 -6.88987e-009
6.79 -0.000171058 5.49593e-011 1.99245e-012 -7.96816e-009 -7.96816e-009
6.8 -0.000171033 5.37429e-011 3.19409e-011 -8.91827e-009 -8.91827e-009
6.81 -0.000170996 8.34596e-011 8.86909e-011 -9.70584e-009 -9.70584e-009
6.82 -0.000170956 3.92199e-011 7.90696e-011 -1.03002e-008 -1.03002e-008
6.83 -0.000170914 5.61467e-011 6.69758e-011 -1.06741e-008 -1.06741e-008
6.84 -0.000170865 3.05909e-010 3.02464e-010 -1.08034e-008 -1.08034e-008
6.85 -0.000170816 5.66303e-011 4.36848e-011 -1.0675e-008 -1.0675e-008
6.86 -0.00017077 -8.77187e-011 -1.13455e-010 -1.02926e-008 -1.02926e-008
6.87 -0.000170729 1.69268e-010 1.58206e-010 -9.66893e-009 -9.66893e-009
6.88 -0.000170692 -4.13024e-011 -1.93575e-011 -8.81362e-009 -8.81362e-009
6.89 -0.000170662 2.76302e-011 -5.16387e-013 -7.73518e-009 -7.73518e-009
6.9 -0.00017064 1.22536e-010 1.08983e-010 -6.45624e-009 -6.45624e-009
6.91 -0.000170628 8.29964e-011 6.10819e-011 -5.01901e-009 -5.01901e-009
6.92 -0.000170627 -4.2374e-011 -2.91695e-011 -3.47008e-009 -3.47008e-009
6.93 -0.000170634 2.07083e-011 1.56298e-011 -1.84866e-009 -1.84866e-009
6.94 -0.000170651 -1.27861e-011 -7.25895e-012 -2.02392e-010 -2.02392e-010
6.95 -0.000170675 4.8416e-012 4.73936e-012 1.38563e-009 1.38563e-009
6.96 -0.000170704 -2.45238e-012 -9.39816e-012 2.79694e-009 2.79694e-009
6.97 -0.000170732 1.06983e-010 -7.69115e-011 3.91372e-009 3.91372e-009
6.98 -0.000170763 1.2472e-010 -9.3772e-011 4.6574e-009 4.6574e-009
6.99 -0.000170787 1.90135e-010 -2.34917e-010 4.9965e-009 4.9965e-009
7 -0.000170809 2.87564e-010 -3.98193e-010 4.93118e-009 4.93118e-009
7.01 -0.000170821 -3.52023e-010 3.10819e-010 4.48423e-009 4.48423e-009
7.02 -0.000170829 2.1572e-012 -1.33036e-010 3.7078e-009 3.7078e-009
7.03 -0.000170827 4.13258e-011 1.07482e-011 2.68491e-009 2.68491e-009
7.04 -0.000170819 -2.99322e-010 3.11196e-010 1.50117e-009 1.50117e-009
7.05 -0.000170809 1.15128e-010 -5.59483e-011 2.00408e-010 2.00408e-010
7.06 -0.000170793 2.52508e-011 1.36134e-011 -1.23002e-009 -1.23002e-009
7.07 -0.000170771 1.51354e-010 5.76506e-011 -2.8253e-009 -2.8253e-009
7.08 -0.000170746 1.99094e-010 -1.44166e-010 -4.58748e-009 -4.58748e-009
7.09 -0.000170719 -4.01591e-011 -7.62632e-011 -6.45541e-009 -6.45541e-009
7.1 -0.000170687 1.4122e-011 7.35431e-013 -8.32476e-009 -8.32476e-009
7.11 -0.000170651 -3.9333e-011 3.26663e-011 -1.00923e-008 -1.00923e-008
7.12 -0.000170612 -2.12112e-011 1.96875e-011 -1.168e-008 -1.168e-008
7.13 -0.000170572 -5.09273e-011 5.61598e-011 -1.30297e-008 -1.30297e-008
7.14 -0.000170534 -1.65764e-011 2.13142e-011 -1.40908e-008 -1.40908e-008
7.15 -0.000170499 -4.82319e-013 1.89015e-012 -1.48179e-008 -1.48179e-008
7.16 -0.000170471 9.52313e-013 1.89203e-013 -1.51789e-008 -1.51789e-008
7.17 -0.000170448 2.47143e-013 1.02528e-012 -1.5161e-008 -1.5161e-008
7.18 -0.000170433 5.93758e-013 6.14318e-013 -1.47705e-008 -1.47705e-008
7.19 -0.000170423 -1.44879e-012 -6.00517e-013 -1.40261e-008 -1.40261e-008
7.2 -0.000170417 -1.18696e-012 -5.65033e-013 -1.29524e-008 -1.29524e-008
7.21 -0.000170416 1.29867e-012 1.39601e-012 -1.15738e-008 -1.15738e-008
7.22 -0.000170418 -5.83861e-012 -4.62483e-013 -9.9078e-009 -9.9078e-009
7.23 -0.000170424 -1.98076e-012 5.03903e-013 -7.95831e-009 -7.95831e-009
7.24 -0.000170437 1.68885e-012 8.70591e-013 -5.71833e-009 -5.71833e-009
7.25 -0.000170456 -2.16266e-012 -1.86735e-012 -3.19322e-009 -3.19322e-009
7.26 -0.000170483 -5.99114e-013 -7.58397e-013 -4.35912e-010 -4.35912e-010
7.27 -0.000170518 9.10959e-013 1.5963e-012 2.4346e-009 2.4346e-009
7.28 -0.000170558 -3.11687e-013 6.2673e-013 5.24884e-009 5.24884e-009
7.29 -0.000170604 1.48094e-013 5.32081e-013 7.82614e-009 7.82614e-009
7.3 -0.000170653 -1.8142e-011 1.22292e-011 1.00154e-008 1.00154e-008
7.31 -0.000170703 -9.15876e-012 8.72087e-012 1.17253e-008 1.17253e-008
7.32 -0.000170754 5.21708e-012 -3.16833e-012 1.2938e-008 1.2938e-008
7.33 -0.000170805 -1.84914e-012 2.67562e-012 1.36956e-008 1.36956e-008
7.34 -0.000170858 1.62415e-012 -1.96883e-013 1.40572e-008 1.40572e-008
7.35 -0.000170915 -8.30893e-014 1.21505e-012 1.40509e-008 1.40509e-008
7.36 -0.000170974 7.56078e-013 5.21037e-013 1.36624e-008 1.36624e-008
7.37 -0.000171035 3.43599e-013 8.62169e-013 1.2875e-008 1.2875e-008
7.38 -0.000171094 -1.34824e-011 -1.34682e-011 1.17154e-008 1.17154e-008
7.39 -0.000171151 -3.62831e-011 -2.58525e-011 1.02521e-008 1.02521e-008
7.4 -0.000171202 -1.74398e-010 -1.11023e-010 8.55077e-009 8.55077e-009
7.41 -0.000171241 -4.98438e-010 -4.24832e-010 6.64374e-009 6.64374e-009
7.42 -0.000171277 -3.25474e-010 -2.68808e-010 4.54484e-009 4.54484e-009
7.43 -0.0001713 -5.03057e-010 -4.41748e-010 2.28933e-009 2.28933e-009
7.44 -0.000171306 1.01557e-010 3.20517e-010 -4.19739e-011 -4.19739e-011
7.45 -0.000171303 -1.3017e-010 1.36754e-011 -2.34307e-009 -2.34307e-009
7.46 -0.000171282 -7.27676e-012 1.34165e-010 -4.52403e-009 -4.52403e-009
7.47 -0.00017125 -1.438e-010 -1.51113e-010 -6.5203e-009 -6.5203e-009
7.48 -0.000171201 -1.41281e-011 4.01454e-011 -8.26676e-009 -8.26676e-009
7.49 -0.000171141 -5.30189e-011 -5.71222e-011 -9.67752e-009 -9.67752e-009
7.5 -0.000171068 -9.40742e-011 -1.15367e-010 -1.06628e-008 -1.06628e-008
7.51 -0.000170987 -3.14061e-010 -1.37278e-010 -1.11706e-008 -1.11706e-008
7.52 -0.000170899 1.59991e-011 1.19404e-010 -1.12037e-008 -1.12037e-008
7.53 -0.000170805 1.55329e-011 -1.6484e-011 -1.07922e-008 -1.07922e-008
7.54 -0.000170712 8.93491e-011 9.40027e-011 -9.95454e-009 -9.95454e-009
7.55 -0.000170622 5.36998e-011 4.5898e-011 -8.68948e-009 -8.68948e-009
7.56 -0.00017054 4.30919e-012 1.62735e-011 -7.00926e-009 -7.00926e-009
7.57 -0.000170467 2.18555e-012 1.30083e-011 -4.98133e-009 -4.98133e-009
7.58 -0.000170404 2.37995e-012 1.1736e-011 -2.73238e-009 -2.73238e-009
7.59 -0.000170353 4.5667e-012 -7.3482e-012 -3.97904e-010 -3.97904e-010
7.6 -0.000170314 3.45909e-012 1.63023e-012 1.93786e-009 1.93786e-009
7.61 -0.000170287 -2.11327e-012 5.35548e-011 4.25143e-009 4.25143e-009
7.62 -0.000170274 1.22921e-012 1.97723e-011 6.52696e-009 6.52696e-009
7.63 -0.000170278 1.59844e-011 1.26494e-011 8.69474e-009 8.69474e-009
7.64 -0.000170297 1.97066e-012 4.34529e-011 1.06312e-008 1.06312e-008
7.65 -0.000170334 -4.47914e-012 2.41516e-011 1.22187e-008 1.22187e-008
7.66 -0.000170388 7.75693e-012 2.08995e-011 1.34002e-008 1.34002e-008
7.67 -0.000170459 1.53175e-011 2.05578e-011 1.41845e-008 1.41845e-008
7.68 -0.000170544 8.83897e-012 5.97115e-012 1.46061e-008 1.46061e-008
7.69 -0.000170639 2.42391e-012 -6.30352e-013 1.46733e-008 1.46733e-008
7.7 -0.000170741 1.74696e-012 1.02796e-012 1.43506e-008 1.43506e-008
7.71 -0.000170846 1.17308e-013 4.94392e-013 1.35917e-008 1.35917e-008
7.72 -0.000170951 6.57576e-013 8.75266e-013 1.23917e-008 1.23917e-008
7.73 -0.000171055 3.92016e-013 6.88053e-013 1.08085e-008 1.08085e-008
7.74 -0.000171156 8.43221e-013 5.37031e-013 8.93746e-009 8.93746e-009
7.75 -0.000171252 5.77845e-013 6.44304e-013 6.87383e-009 6.87383e-009
7.76 -0.000171341 4.31207e-013 8.01579e-013 4.70249e-009 4.70249e-009
7.77 -0.000171421 5.03284e-013 7.24273e-013 2.50538e-009 2.50538e-009
7.78 -0.000171489 1.34025e-014 5.30541e-014 3.55057e-010 3.55057e-010
7.79 -0.000171545 3.6065e-012 -2.77743e-012 -1.71059e-009 -1.71059e-009
7.8 -0.000171585 5.30369e-012 -2.66066e-012 -3.69794e-009 -3.69794e-009
7.81 -0.000171607 1.18723e-011 -2.04761e-012 -5.62442e-009 -5.62442e-009
7.82 -0.000171611 1.82041e-011 1.78287e-013 -7.462e-009 -7.462e-009
7.83 -0.000171599 2.19203e-011 8.6651e-012 -9.10321e-009 -9.10321e-009
7.84 -0.000171572 7.1184e-011 5.45641e-011 -1.03796e-008 -1.03796e-008
7.85 -0.000171533 1.08599e-009 1.07239e-009 -1.11226e-008 -1.11226e-008
7.86 -0.000171473 2.37512e-009 2.14531e-009 -1.12242e-008 -1.12242e-008
7.87 -0.000171409 -4.38731e-011 4.22758e-012 -1.06653e-008 -1.06653e-008
7.88 -0.000171358 -4.8424e-010 -2.81895e-010 -9.51715e-009 -9.51715e-009
7.89 -0.00017129 -7.05474e-010 -2.54399e-011 -7.91696e-009 -7.91696e-009
7.9 -0.000171224 1.17622e-009 6.8104e-010 -6.01674e-009 -6.01674e-009
7.91 -0.000171162 4.41767e-010 1.03274e-009 -3.93915e-009 -3.93915e-009
7.92 -0.000171104 3.12688e-010 5.34952e-010 -1.76644e-009 -1.76644e-009
7.93 -0.000171048 1.26722e-010 -7.8962e-011 4.48702e-010 4.48702e-010
7.94 -0.000170998 3.32158e-011 2.58427e-011 2.66938e-009 2.66938e-009
7.95 -0.000170951 2.80301e-010 2.35233e-010 4.86179e-009 4.86179e-009
7.96 -0.000170911 8.11569e-011 1.30217e-010 6.98852e-009 6.98852e-009
7.97 -0.000170881 -2.20253e-011 -1.08739e-011 9.00814e-009 9.00814e-009
7.98 -0.000170862 1.07445e-011 6.96243e-011 1.08743e-008 1.08743e-008
7.99 -0.000170859 -1.156e-012 1.69753e-011 1.25346e-008 1.25346e-008
8 -0.000170872 4.17512e-012 -1.07704e-012 1.39315e-008 1.39315e-008
8.01 -0.000170899 7.40334e-012 1.96661e-011 1.49985e-008 1.49985e-008
8.02 -0.000170938 3.55609e-013 -8.36827e-012 1.5651e-008 1.5651e-008
8.03 -0.000170982 -6.19871e-011 -5.02031e-011 1.5785e-008 1.5785e-008
8.04 -0.000171025 -1.09727e-010 -1.16101e-010 1.53046e-008 1.53046e-008
8.05 -0.00017107 -1.56545e-010 -1.68471e-010 1.4176e-008 1.4176e-008
8.06 -0.000171114 3.02575e-010 3.53705e-010 1.24682e-008 1.24682e-008
8.07 -0.000171146 4.88508e-011 6.15028e-011 1.03377e-008 1.03377e-008
8.08 -0.000171171 -2.32108e-011 -3.02212e-011 7.96034e-009 7.96034e-009
8.09 -0.000171186 1.221e-011 1.48643e-011 5.45836e-009 5.45836e-009
8.1 -0.000171192 -5.20053e-012 -7.29679e-012 2.87623e-009 2.87623e-009
8.11 -0.000171188 5.46248e-012 7.17595e-012 2.07359e-010 2.07359e-010
8.12 -0.000171173 -4.39789e-012 1.39947e-012 -2.55082e-009 -2.55082e-009
8.13 -0.000171146 -1.12271e-011 2.18364e-012 -5.35607e-009 -5.35607e-009
8.14 -0.000171107 -1.65002e-011 -6.43921e-012 -8.12693e-009 -8.12693e-009
8.15 -0.000171057 -2.74715e-011 -3.38334e-011 -1.07629e-008 -1.07629e-008
8.16 -0.000170998 -9.87851e-012 -2.3304e-011 -1.31472e-008 -1.31472e-008
8.17 -0.000170929 2.68246e-012 -1.6427e-013 -1.51462e-008 -1.51462e-008
8.18 -0.000170855 -5.17416e-013 9.02585e-014 -1.66241e-008 -1.66241e-008
8.19 -0.000170777 1.05543e-012 -3.48508e-014 -1.74722e-008 -1.74722e-008
8.2 -0.000170698 2.82323e-013 2.66447e-014 -1.76337e-008 -1.76337e-008
8.21 -0.00017062 6.62333e-013 -3.58243e-015 -1.71125e-008 -1.71125e-008
8.22 -0.000170547 4.75545e-013 1.12752e-014 -1.597e-008 -1.597e-008
8.23 -0.00017048 -1.20601e-011 7.32666e-012 -1.43143e-008 -1.43143e-008
8.24 -0.000170418 -5.36136e-011 1.3867e-011 -1.22848e-008 -1.22848e-008
8.25 -0.000170365 -5.38585e-011 -1.65905e-011 -1.00304e-008 -1.00304e-008
8.26 -0.000170321 -6.73714e-011 -5.70811e-011 -7.68566e-009 -7.68566e-009
8.27 -0.000170286 -8.50149e-011 -1.00218e-010 -5.34274e-009 -5.34274e-009
8.28 -0.000170263 -2.63745e-010 -3.17103e-010 -3.02491e-009 -3.02491e-009
8.29 -0.000170254 -2.42142e-009 -2.10229e-009 -6.95477e-010 -6.95477e-010
8.3 -0.000170255 -2.89939e-009 -8.41107e-010 1.69006e-009 1.69006e-009
8.31 -0.000170237 1.56027e-009 3.00579e-009 4.12767e-009 4.12767e-009
8.32 -0.000170224 1.53978e-009 -3.36931e-010 6.53238e-009 6.53238e-009
8.33 -0.000170275 2.35202e-009 7.83836e-010 8.73084e-009 8.73084e-009
8.34 -0.000170318 -3.5934e-009 -2.15416e-009 1.04951e-008 1.04951e-008
8.35 -0.000170363 -5.1906e-009 -5.30648e-009 1.16223e-008 1.16223e-008
8.36 -0.000170431 -9.51056e-009 -1.07644e-008 1.19957e-008 1.19957e-008
8.37 -0.000170458 -6.9996e-009 -4.80946e-009 1.16051e-008 1.16051e-008
8.38 -0.000170493 -7.18301e-009 -7.76879e-009 1.05258e-008 1.05258e-008
8.39 -0.000170499 -3.04217e-009 -2.04968e-009 8.8463e-009 8.8463e-009
8.4 -0.000170517 -2.62955e-009 -3.31547e-009 6.65229e-009 6.65229e-009
8.41 -0.000170511 -1.4572e-009 -2.53628e-009 4.05661e-009 4.05661e-009
8.42 -0.000170503 -1.17277e-009 -1.43918e-009 1.19392e-009 1.19392e-009
8.43 -0.000170471 -1.93369e-010 -4.4773e-010 -1.80894e-009 -1.80894e-009
8.44 -0.000170437 -3.14233e-010 -3.80128e-010 -4.86581e-009 -4.86581e-009
8.45 -0.000170393 -3.78263e-010 -9.61486e-010 -7.9512e-009 -7.9512e-009
8.46 -0.000170339 1.53302e-010 3.31319e-010 -1.10838e-008 -1.10838e-008
8.47 -0.000170271 -2.47769e-011 -3.49439e-011 -1.42834e-008 -1.42834e-008
8.48 -0.000170201 -1.29405e-010 -4.01508e-010 -1.75431e-008 -1.75431e-008
8.49 -0.000170124 -2.26995e-010 -6.49163e-011 -2.08146e-008 -2.08146e-008
8.5 -0.000170043 -1.85058e-010 -4.16408e-010 -2.39844e-008 -2.39844e-008
8.51 -0.000169952 -3.04877e-011 7.1264e-011 -2.6865e-008 -2.6865e-008
8.52 -0.000169858 -9.11027e-011 -2.62373e-010 -2.92317e-008 -2.92317e-008
8.53 -0.000169762 -5.03429e-011 -4.51537e-010 -3.0886e-008 -3.0886e-008
8.54 -0.000169667 3.24803e-011 -4.89159e-011 -3.17019e-008 -3.17019e-008
8.55 -0.000169571 -2.513e-011 3.38416e-011 -3.16441e-008 -3.16441e-008
8.56 -0.000169477 1.03575e-011 -1.02735e-011 -3.07809e-008 -3.07809e-008
8.57 -0.00016939 -4.91713e-012 1.80771e-011 -2.92848e-008 -2.92848e-008
8.58 -0.000169315 -1.17037e-009 -1.91863e-010 -2.73778e-008 -2.73778e-008
8.59 -0.000169247 -4.63619e-009 -1.36183e-009 -2.52487e-008 -2.52487e-008
8.6 -0.000169182 -1.73808e-009 -1.75552e-009 -2.30136e-008 -2.30136e-008
8.61 -0.000169132 -1.02897e-009 -1.27153e-009 -2.07345e-008 -2.07345e-008
8.62 -0.000169089 -8.44012e-010 -1.15832e-009 -1.84565e-008 -1.84565e-008
8.63 -0.000169064 -1.54355e-009 -1.98464e-009 -1.62173e-008 -1.62173e-008
8.64 -0.000169044 -1.04813e-009 -1.52653e-009 -1.40357e-008 -1.40357e-008
8.65 -0.000169039 7.54946e-010 4.59619e-011 -1.19159e-008 -1.19159e-008
8.66 -0.000169045 -5.0047e-010 -1.23236e-009 -9.86476e-009 -9.86476e-009
8.67 -0.000169067 -7.57079e-012 -1.15643e-011 -7.90634e-009 -7.90634e-009
8.68 -0.000169106 -4.98852e-010 -6.15297e-010 -6.09927e-009 -6.09927e-009
8.69 -0.000169156 -8.55413e-010 3.9406e-010 -4.55163e-009 -4.55163e-009
8.7 -0.000169213 -5.98655e-010 -1.53018e-010 -3.42297e-009 -3.42297e-009
8.71 -0.000169285 -9.68278e-010 -1.29285e-009 -2.89129e-009 -2.89129e-009
8.72 -0.000169359 -4.76952e-010 -6.53704e-010 -3.08786e-009 -3.08786e-009
8.73 -0.000169436 -1.20091e-010 -1.07899e-009 -4.04028e-009 -4.04028e-009
8.74 -0.000169508 -2.14424e-012 -9.8526e-010 -5.65907e-009 -5.65907e-009
8.75 -0.000169576 3.94621e-011 -8.38174e-010 -7.78579e-009 -7.78579e-009
8.76 -0.000169635 1.08254e-010 -3.08198e-010 -1.02606e-008 -1.02606e-008
8.77 -0.000169682 -4.70196e-011 -5.13711e-011 -1.29586e-008 -1.29586e-008
8.78 -0.000169722 3.41549e-010 -4.75864e-010 -1.57846e-008 -1.57846e-008
8.79 -0.000169737 -1.88072e-010 8.26498e-011 -1.8652e-008 -1.8652e-008
8.8 -0.000169743 -5.47127e-010 -8.99215e-011 -2.14808e-008 -2.14808e-008
8.81 -0.000169742 -7.154e-010 1.85748e-010 -2.41985e-008 -2.41985e-008
8.82 -0.000169732 -1.54111e-009 -5.35341e-011 -2.67302e-008 -2.67302e-008
8.83 -0.000169725 -2.67302e-009 -4.5709e-010 -2.89942e-008 -2.89942e-008
8.84 -0.000169711 -2.98477e-009 -1.06728e-009 -3.09152e-008 -3.09152e-008
8.85 -0.000169699 -4.00166e-009 -2.50061e-009 -3.24331e-008 -3.24331e-008
8.86 -0.000169685 -3.98256e-009 -3.51347e-009 -3.3497e-008 -3.3497e-008
8.87 -0.000169666 -4.67126e-009 -6.43577e-009 -3.40538e-008 -3.40538e-008
8.88 -0.000169656 -3.67066e-009 -5.30263e-009 -3.40378e-008 -3.40378e-008
8.89 -0.000169646 -8.48361e-010 -4.10683e-009 -3.33728e-008 -3.33728e-008
8.9 -0.000169651 2.44927e-009 -3.31236e-011 -3.19825e-008 -3.19825e-008
8.91 -0.000169653 7.69915e-010 9.30096e-010 -2.98205e-008 -2.98205e-008
8.92 -0.000169682 2.25453e-009 2.10348e-009 -2.69056e-008 -2.69056e-008
8.93 -0.000169703 2.91968e-010 7.66988e-010 -2.33353e-008 -2.33353e-008
8.94 -0.000169744 -1.68301e-009 -2.65482e-010 -1.92824e-008 -1.92824e-008
8.95 -0.000169811 -1.06693e-009 -7.23869e-010 -1.49658e-008 -1.49658e-008
8.96 -0.000169905 -3.05494e-009 -3.12449e-009 -1.05914e-008 -1.05914e-008
8.97 -0.000170026 -2.29741e-009 -1.99305e-009 -6.2873e-009 -6.2873e-009
8.98 -0.000170125 -1.61225e-009 -1.9589e-009 -2.09362e-009 -2.09362e-009
8.99 -0.000170247 -1.16337e-010 -1.61199e-010 1.95941e-009 1.95941e-009
9 -0.000170377 6.11936e-010 8.00157e-010 5.77069e-009 5.77069e-009
9.01 -0.000170504 3.54893e-009 2.28701e-009 9.17818e-009 9.17818e-009
9.02 -0.000170632 7.74556e-009 7.53239e-009 1.20606e-008 1.20606e-008
9.03 -0.000170744 6.82638e-009 5.06639e-009 1.43914e-008 1.43914e-008
9.04 -0.000170874 5.04031e-009 2.92033e-009 1.6127e-008 1.6127e-008
9.05 -0.000171018 9.11796e-009 6.78997e-009 1.71629e-008 1.71629e-008
9.06 -0.000171149 7.58987e-009 4.52402e-009 1.74804e-008 1.74804e-008
9.07 -0.000171268 7.09152e-009 6.55186e-010 1.71791e-008 1.71791e-008
9.08 -0.000171401 5.37102e-009 3.24253e-009 1.63449e-008 1.63449e-008
9.09 -0.000171526 4.40741e-009 1.14363e-009 1.4978e-008 1.4978e-008
9.1 -0.000171651 2.1322e-009 -4.82803e-010 1.30242e-008 1.30242e-008
9.11 -0.000171767 4.15325e-010 3.70936e-010 1.0463e-008 1.0463e-008
9.12 -0.000171896 1.06064e-009 -2.25295e-010 7.37672e-009 7.37672e-009
9.13 -0.000171989 1.91969e-009 1.94043e-009 3.92778e-009 3.92778e-009
9.14 -0.000172099 -1.65541e-009 -1.34121e-009 2.84338e-010 2.84338e-010
9.15 -0.00017218 6.04103e-010 7.47856e-010 -3.3975e-009 -3.3975e-009
9.16 -0.000172264 -1.7713e-010 6.22399e-011 -6.95883e-009 -6.95883e-009
9.17 -0.000172312 -2.02646e-010 -5.79388e-010 -1.02598e-008 -1.02598e-008
9.18 -0.000172345 1.84547e-010 -4.77997e-010 -1.31903e-008 -1.31903e-008
9.19 -0.000172362 1.83576e-009 1.33801e-009 -1.5655e-008 -1.5655e-008
9.2 -0.000172366 1.54077e-009 1.56387e-009 -1.75697e-008 -1.75697e-008
9.21 -0.000172347 1.01562e-009 2.49227e-009 -1.88635e-008 -1.88635e-008
9.22 -0.000172312 -4.22858e-011 2.09484e-010 -1.94761e-008 -1.94761e-008
9.23 -0.000172274 1.26205e-010 -2.0117e-010 -1.93515e-008 -1.93515e-008
9.24 -0.000172228 6.6101e-011 3.24499e-011 -1.84429e-008 -1.84429e-008
9.25 -0.000172174 9.54749e-011 -3.84986e-011 -1.67313e-008 -1.67313e-008
9.26 -0.000172119 2.51837e-010 -1.56349e-010 -1.42474e-008 -1.42474e-008
9.27 -0.000172057 8.82107e-010 -4.76688e-010 -1.10703e-008 -1.10703e-008
9.28 -0.000172001 8.11591e-010 -3.8115e-011 -7.28579e-009 -7.28579e-009
9.29 -0.00017194 9.0822e-010 4.10885e-011 -2.94837e-009 -2.94837e-009
9.3 -0.000171876 1.2348e-009 -6.43666e-010 1.88889e-009 1.88889e-009
9.31 -0.000171812 3.31138e-010 5.01343e-010 7.11936e-009 7.11936e-009
9.32 -0.000171756 7.84271e-010 7.49664e-010 1.25613e-008 1.25613e-008
9.33 -0.000171715 4.64631e-010 8.36149e-010 1.79737e-008 1.79737e-008
9.34 -0.00017169 6.88648e-010 1.05279e-010 2.31061e-008 2.31061e-008
9.35 -0.000171663 4.4343e-010 4.60735e-010 2.77371e-008 2.77371e-008
9.36 -0.000171644 4.81994e-010 2.63199e-010 3.16854e-008 3.16854e-008
9.37 -0.000171624 -2.30591e-011 8.79831e-010 3.4825e-008 3.4825e-008
9.38 -0.00017161 1.5046e-010 2.7864e-010 3.70946e-008 3.70946e-008
9.39 -0.000171596 -1.32169e-010 2.33074e-010 3.84794e-008 3.84794e-008
9.4 -0.000171588 9.28369e-010 4.20027e-010 3.89743e-008 3.89743e-008
9.41 -0.000171581 1.88059e-010 2.37723e-010 3.85717e-008 3.85717e-008
9.42 -0.000171582 2.39589e-011 1.3257e-011 3.72845e-008 3.72845e-008
9.43 -0.000171587 4.83558e-010 2.77471e-010 3.5169e-008 3.5169e-008
9.44 -0.000171599 2.96571e-010 1.35162e-010 3.23167e-008 3.23167e-008
9.45 -0.000171623 3.75643e-011 1.06567e-010 2.88255e-008 2.88255e-008
9.46 -0.000171655 6.47102e-010 1.44985e-010 2.47859e-008 2.47859e-008
9.47 -0.000171689 4.81189e-010 2.95079e-010 2.02935e-008 2.02935e-008
9.48 -0.000171721 6.3782e-010 6.15482e-010 1.54669e-008 1.54669e-008
9.49 -0.000171746 6.62138e-010 6.42129e-010 1.04535e-008 1.04535e-008
9.5 -0.00017177 1.58517e-009 1.77094e-009 5.42531e-009 5.42531e-009
9.51 -0.000171778 -2.07833e-010 1.13473e-009 5.67382e-010 5.67382e-010
9.52 -0.000171777 2.92355e-009 4.31907e-009 -3.93871e-009 -3.93871e-009
9.53 -0.000171756 2.17366e-009 5.37753e-009 -7.92516e-009 -7.92516e-009
9.54 -0.000171722 -4.05921e-009 1.19384e-009 -1.12567e-008 -1.12567e-008
9.55 -0.000171646 -2.08987e-009 -1.40862e-009 -1.38439e-008 -1.38439e-008
9.56 -0.000171567 -2.64652e-009 -1.92852e-009 -1.56353e-008 -1.56353e-008
9.57 -0.000171468 -4.4333e-010 -1.81066e-009 -1.66323e-008 -1.66323e-008
9.58 -0.000171387 -2.7477e-009 -3.04666e-009 -1.6902e-008 -1.6902e-008
9.59 -0.000171286 -2.5675e-010 -9.30642e-010 -1.65174e-008 -1.65174e-008
9.6 -0.0001712 2.45812e-009 -3.08387e-010 -1.54912e-008 -1.54912e-008
9.61 -0.000171097 -4.21003e-010 -1.92629e-010 -1.3787e-008 -1.3787e-008
9.62 -0.000170996 -8.916e-011 3.33808e-011 -1.13722e-008 -1.13722e-008
9.63 -0.000170895 8.45496e-011 -8.75774e-012 -8.2667e-009 -8.2667e-009
9.64 -0.000170797 2.25005e-011 -1.92823e-010 -4.56204e-009 -4.56204e-009
9.65 -0.000170702 2.94238e-011 -1.33441e-010 -3.99381e-010 -3.99381e-010
9.66 -0.000170611 -1.47315e-010 -1.61256e-010 4.06192e-009 4.06192e-009
9.67 -0.000170525 1.01874e-012 -2.13036e-011 8.65308e-009 8.65308e-009
9.68 -0.000170457 -1.24851e-009 -1.25004e-009 1.31786e-008 1.31786e-008
9.69 -0.000170404 -2.28107e-009 -1.87511e-009 1.73964e-008 1.73964e-008
9.7 -0.000170348 -6.25835e-010 -7.00417e-010 2.10331e-008 2.10331e-008
9.71 -0.000170318 -3.32188e-009 -1.45559e-009 2.38405e-008 2.38405e-008
9.72 -0.000170281 -3.93534e-010 2.06915e-010 2.56468e-008 2.56468e-008
9.73 -0.000170266 -1.20005e-009 -7.55501e-010 2.63614e-008 2.63614e-008
9.74 -0.000170254 6.42863e-010 3.29379e-010 2.59693e-008 2.59693e-008
9.75 -0.000170255 -2.75522e-010 -6.5846e-011 2.45645e-008 2.45645e-008
9.76 -0.00017026 2.0188e-010 1.1159e-010 2.23635e-008 2.23635e-008
9.77 -0.000170268 -3.70817e-011 6.78112e-012 1.95997e-008 1.95997e-008
9.78 -0.000170278 7.38291e-011 1.82892e-011 1.63451e-008 1.63451e-008
9.79 -0.000170294 1.3217e-009 -2.54852e-009 1.2491e-008 1.2491e-008
9.8 -0.00017032 3.99577e-009 -5.62002e-009 7.91401e-009 7.91401e-009
9.81 -0.00017033 1.0596e-009 -2.26669e-009 2.63672e-009 2.63672e-009
9.82 -0.000170332 4.17689e-011 -1.37006e-010 -3.14174e-009 -3.14174e-009
9.83 -0.000170347 -3.88471e-010 -1.13539e-009 -9.14576e-009 -9.14576e-009
9.84 -0.000170354 -7.83855e-010 4.19794e-010 -1.51254e-008 -1.51254e-008
9.85 -0.000170353 3.28295e-010 -1.24228e-010 -2.08804e-008 -2.08804e-008
9.86 -0.000170349 -2.40747e-011 1.16895e-010 -2.62427e-008 -2.62427e-008
9.87 -0.000170336 2.02111e-010 -1.44648e-010 -3.10483e-008 -3.10483e-008
9.88 -0.000170315 -2.76849e-011 -1.53486e-010 -3.51163e-008 -3.51163e-008
9.89 -0.000170283 3.37357e-011 1.57123e-011 -3.82549e-008 -3.82549e-008
9.9 -0.000170244 -2.95805e-011 -4.76433e-010 -4.03005e-008 -4.03005e-008
9.91 -0.000170196 -1.40673e-010 -5.10225e-010 -4.11688e-008 -4.11688e-008
9.92 -0.00017014 2.64571e-010 -2.86981e-011 -4.08803e-008 -4.08803e-008
9.93 -0.00017008 5.38403e-010 2.99367e-010 -3.95363e-008 -3.95363e-008
9.94 -0.000170018 1.01174e-009 6.86016e-010 -3.72722e-008 -3.72722e-008
9.95 -0.000169959 2.69632e-009 1.51914e-009 -3.42252e-008 -3.42252e-008
9.96 -0.0001699 3.19196e-009 2.98342e-009 -3.0515e-008 -3.0515e-008
9.97 -0.000169867 6.93504e-009 5.33572e-009 -2.62194e-008 -2.62194e-008
9.98 -0.000169833 6.07234e-009 6.31302e-009 -2.13925e-008 -2.13925e-008
9.99 -0.000169817 3.57764e-009 4.69185e-009 -1.61171e-008 -1.61171e-008
10 -0.000169828 -1.73534e-010 1.09792e-009 -1.05072e-008 -1.05072e-008
