0.1 -6.93841e-006 3.63999e-021 1.19083e-021 -6.41372e-013 -6.41372e-013
0.2 -1.38873e-005 1.37095e-020 4.73654e-021 -1.28439e-012 -1.28439e-012
0.3 -2.08467e-005 2.50148e-020 9.62539e-021 -1.92908e-012 -1.92908e-012
0.4 -2.78167e-005 3.79905e-020 1.58806e-020 -2.57545e-012 -2.57545e-012
0.5 -3.47973e-005 5.20684e-020 2.33937e-020 -3.22352e-012 -3.22352e-012
0.6 -4.17886e-005 6.74537e-020 3.2456e-020 -3.87331e-012 -3.87331e-012
0.7 -4.87906e-005 8.51619e-020 4.33632e-020 -4.52483e-012 -4.52483e-012
0.8 -5.58034e-005 1.02585e-019 5.57928e-020 -5.17811e-012 -5.17811e-012
0.9 -6.2827e-005 1.23072e-019 6.97362e-020 -5.83316e-012 -5.83316e-012
1 -6.98615e-005 1.45891e-019 8.46488e-020 -6.49e-012 -6.49e-012
0.01 -6.98614e-005 2.91736e-012 1.07745e-012 -6.47162e-012 -6.47162e-012
0.02 -6.98612e-005 1.15548e-011 6.86494e-012 -6.37088e-012 -6.37088e-012
0.03 -6.9861e-005 1.69136e-011 8.41665e-012 -6.13731e-012 -6.13731e-012
0.04 -6.98608e-005 4.20873e-012 1.33697e-012 -5.85159e-012 -5.85159e-012
0.05 -6.98608e-005 -2.86241e-012 -1.94439e-012 -5.75723e-012 -5.75723e-012
0.06 -6.9861e-005 2.09481e-012 2.4864e-012 -6.14149e-012 -6.14149e-012
0.07 -6.98617e-005 -5.19311e-013 -2.21893e-012 -7.16032e-012 -7.16032e-012
0.08 -6.98629e-005 6.82168e-014 3.00331e-012 -8.78436e-012 -8.78436e-012
0.09 -6.98646e-005 1.07933e-012 -4.16583e-012 -1.0854e-011 -1.0854e-011
0.1 -6.98666e-005 2.12683e-012 -1.66067e-012 -1.31479e-011 -1.31479e-011
0.11 -6.9869e-005 2.0193e-012 -2.66501e-012 -1.54405e-011 -1.54405e-011
0.12 -6.98717e-005 4.43813e-012 -2.40233e-012 -1.75613e-011 -1.75613e-011
0.13 -6.98745e-005 2.90288e-012 -2.78733e-012 -1.94509e-011 -1.94509e-011
0.14 -6.98775e-005 -1.60461e-011 7.3456e-012 -2.11845e-011 -2.11845e-011
0.15 -6.98809e-005 -6.74282e-012 2.65298e-012 -2.29496e-011 -2.29496e-011
0.16 -6.98848e-005 -1.61846e-011 2.47397e-012 -2.49458e-011 -2.49458e-011
0.17 -6.98895e-005 -1.17643e-011 2.3903e-012 -2.72944e-011 -2.72944e-011
0.18 -6.9895e-005 -1.07781e-011 3.60405e-012 -3.00555e-011 -3.00555e-011
0.19 -6.99015e-005 -1.13865e-011 2.78371e-012 -3.32365e-011 -3.32365e-011
0.2 -6.9909e-005 3.54775e-012 -4.69906e-012 -3.67919e-011 -3.67919e-011
0.21 -6.99175e-005 -3.82617e-012 -1.03695e-012 -4.06759e-011 -4.06759e-011
0.22 -6.99267e-005 8.4224e-012 6.04361e-012 -4.48289e-011 -4.48289e-011
0.23 -6.99364e-005 2.41099e-012 2.62406e-012 -4.90911e-011 -4.90911e-011
0.24 -6.99462e-005 -2.41115e-011 3.54992e-012 -5.31832e-011 -5.31832e-011
0.25 -6.99559e-005 -1.11359e-011 2.94079e-012 -5.6841e-011 -5.6841e-011
0.26 -6.99656e-005 5.48158e-012 -1.45628e-012 -5.99377e-011 -5.99377e-011
0.27 -6.99747e-005 -1.03585e-011 1.36761e-011 -6.24682e-011 -6.24682e-011
0.28 -6.99836e-005 -2.57584e-012 6.22167e-012 -6.45515e-011 -6.45515e-011
0.29 -6.99923e-005 1.26946e-012 -3.088e-012 -6.63754e-011 -6.63754e-011
0.3 -7.00006e-005 -8.03862e-013 1.68148e-012 -6.80814e-011 -6.80814e-011
0.31 -7.00086e-005 -1.64009e-011 -5.42343e-012 -6.9794e-011 -6.9794e-011
0.32 -7.00166e-005 -8.53004e-012 -2.05022e-012 -7.16137e-011 -7.16137e-011
0.33 -7.00243e-005 4.19523e-012 1.00545e-012 -7.35541e-011 -7.35541e-011
0.34 -7.00314e-005 -2.27029e-012 -4.50521e-013 -7.5527e-011 -7.5527e-011
0.35 -7.00381e-005 9.0772e-013 2.72566e-013 -7.74194e-011 -7.74194e-011
0.36 -7.00441e-005 -4.40533e-013 -1.32834e-013 -7.92825e-011 -7.92825e-011
0.37 -7.00496e-005 1.28136e-013 2.04385e-014 -8.13516e-011 -8.13516e-011
0.38 -7.00544e-005 3.09058e-011 4.39125e-012 -8.38123e-011 -8.38123e-011
0.39 -7.00589e-005 1.61629e-011 2.24036e-012 -8.66012e-011 -8.66012e-011
0.4 -7.00627e-005 1.50555e-011 -1.41643e-011 -8.94518e-011 -8.94518e-011
0.41 -7.00661e-005 1.54655e-011 -6.21349e-012 -9.2095e-011 -9.2095e-011
0.42 -7.00694e-005 -7.46526e-012 2.92566e-012 -9.44674e-011 -9.44674e-011
0.43 -7.0072e-005 3.31531e-012 -1.476e-012 -9.66912e-011 -9.66912e-011
0.44 -7.00742e-005 2.42091e-011 1.40345e-011 -9.88274e-011 -9.88274e-011
0.45 -7.00762e-005 1.43034e-011 6.44441e-012 -1.0079e-010 -1.0079e-010
0.46 -7.00778e-005 -3.27719e-012 -1.69469e-012 -1.02452e-010 -1.02452e-010
0.47 -7.00785e-005 6.69087e-012 1.98978e-012 -1.03716e-010 -1.03716e-010
0.48 -7.00791e-005 5.20728e-012 1.5089e-012 -1.04589e-010 -1.04589e-010
0.49 -7.00793e-005 -1.34879e-011 -1.17121e-011 -1.05194e-010 -1.05194e-010
0.5 -7.00789e-005 -1.84912e-011 -1.92584e-011 -1.05651e-010 -1.05651e-010
0.51 -7.00783e-005 -6.73568e-012 -1.00819e-011 -1.05993e-010 -1.05993e-010
0.52 -7.00771e-005 9.7834e-012 1.16095e-011 -1.06117e-010 -1.06117e-010
0.53 -7.00752e-005 9.41103e-012 1.5648e-011 -1.05755e-010 -1.05755e-010
0.54 -7.00725e-005 6.55309e-012 9.53347e-012 -1.04534e-010 -1.04534e-010
0.55 -7.00687e-005 3.24149e-013 4.15436e-013 -1.02135e-010 -1.02135e-010
0.56 -7.00636e-005 5.78769e-013 -3.82616e-012 -9.84182e-011 -9.84182e-011
0.57 -7.00573e-005 7.95941e-012 1.0338e-011 -9.34957e-011 -9.34957e-011
0.58 -7.005e-005 3.99027e-012 7.67141e-012 -8.77841e-011 -8.77841e-011
0.59 -7.00416e-005 -2.76166e-013 -8.92143e-013 -8.18078e-011 -8.18078e-011
0.6 -7.00322e-005 -1.42712e-013 2.16303e-013 -7.58831e-011 -7.58831e-011
0.61 -7.00219e-005 -9.6718e-015 -7.46928e-013 -7.00638e-011 -7.00638e-011
0.62 -7.0011e-005 -1.95332e-013 5.82027e-013 -6.43032e-011 -6.43032e-011
0.63 -6.99994e-005 -1.54841e-013 -9.35121e-013 -5.85536e-011 -5.85536e-011
0.64 -6.99868e-005 -1.64123e-013 6.2175e-013 -5.26167e-011 -5.26167e-011
0.65 -6.99731e-005 -4.42056e-013 -2.05938e-012 -4.60479e-011 -4.60479e-011
0.66 -6.99582e-005 4.34998e-013 2.50519e-012 -3.84628e-011 -3.84628e-011
0.67 -6.99423e-005 -3.09223e-013 -2.10888e-012 -2.99439e-011 -2.99439e-011
0.68 -6.99254e-005 1.07747e-013 1.45952e-012 -2.09996e-011 -2.09996e-011
0.69 -6.99076e-005 -1.87452e-013 -1.11878e-012 -1.20875e-011 -1.20875e-011
0.7 -6.9889e-005 -1.94899e-013 7.10807e-013 -3.34799e-012 -3.34799e-012
0.71 -6.98698e-005 -4.39673e-014 -9.80152e-013 5.18798e-012 5.18798e-012
0.72 -6.98508e-005 -2.7011e-013 6.49589e-013 1.32206e-011 1.32206e-011
0.73 -6.98328e-005 -6.08561e-014 -4.89422e-013 2.00106e-011 2.00106e-011
0.74 -6.98163e-005 -1.8515e-013 1.12703e-013 2.46834e-011 2.46834e-011
0.75 -6.98015e-005 -1.68428e-013 -1.44302e-015 2.68558e-011 2.68558e-011
0.76 -6.97883e-005 -1.39506e-013 -2.32562e-013 2.70332e-011 2.70332e-011
0.77 -6.97766e-005 -1.53742e-013 -1.18957e-013 2.63734e-011 2.63734e-011
0.78 -6.97657e-005 -1.46729e-013 -1.748e-013 2.60942e-011 2.60942e-011
0.79 -6.97551e-005 -1.54237e-013 -1.36506e-013 2.7107e-011 2.7107e-011
0.8 -6.97445e-005 -2.77688e-013 2.44663e-013 2.99292e-011 2.99292e-011
0.81 -6.97337e-005 2.18208e-013 -1.3116e-012 3.46032e-011 3.46032e-011
0.82 -6.97228e-005 -7.23926e-013 1.80475e-012 4.06116e-011 4.06116e-011
0.83 -6.97123e-005 5.18144e-013 -2.6231e-012 4.70115e-011 4.70115e-011
0.84 -6.97025e-005 -1.12555e-012 3.30615e-012 5.28855e-011 5.28855e-011
0.85 -6.96933e-005 -1.75706e-012 3.97273e-012 5.78978e-011 5.78978e-011
0.86 -6.96845e-005 -1.78719e-012 4.58453e-012 6.25477e-011 6.25477e-011
0.87 -6.96759e-005 -2.08963e-012 6.78026e-012 6.78767e-011 6.78767e-011
0.88 -6.96674e-005 -2.48689e-012 5.46061e-012 7.47029e-011 7.47029e-011
0.89 -6.96587e-005 1.64588e-012 -4.00199e-012 8.3073e-011 8.3073e-011
0.9 -6.9649e-005 -5.40023e-013 1.13081e-012 9.26338e-011 9.26338e-011
0.91 -6.96377e-005 4.43774e-013 -1.21947e-012 1.03355e-010 1.03355e-010
0.92 -6.96242e-005 -3.22638e-013 1.09621e-013 1.15678e-010 1.15678e-010
0.93 -6.96083e-005 1.74011e-013 -4.93384e-013 1.30063e-010 1.30063e-010
0.94 -6.95898e-005 -1.08918e-013 -1.2033e-013 1.4654e-010 1.4654e-010
0.95 -6.95689e-005 -1.5271e-013 -2.47936e-013 1.64523e-010 1.64523e-010
0.96 -6.95463e-005 -1.23455e-013 -1.67968e-013 1.8277e-010 1.8277e-010
0.97 -6.95229e-005 -4.52223e-014 -3.17906e-013 1.99628e-010 1.99628e-010
0.98 -6.94993e-005 1.04055e-013 -4.61171e-013 2.13713e-010 2.13713e-010
0.99 -6.94758e-005 -1.06023e-013 -1.66605e-013 2.24583e-010 2.24583e-010
1 -6.94524e-005 -2.54198e-013 -4.63282e-014 2.32936e-010 2.32936e-010
1.01 -6.94294e-005 -1.28662e-013 -2.14555e-013 2.39991e-010 2.39991e-010
1.02 -6.94075e-005 -1.95268e-013 -2.20952e-015 2.4634e-010 2.4634e-010
1.03 -6.93865e-005 -1.6369e-013 -1.43625e-013 2.51677e-010 2.51677e-010
1.04 -6.93654e-005 -1.94118e-013 -1.36452e-013 2.55997e-010 2.55997e-010
1.05 -6.93435e-005 -1.27631e-013 -1.66089e-013 2.60465e-010 2.60465e-010
1.06 -6.93212e-005 -6.34849e-013 3.21261e-013 2.66446e-010 2.66446e-010
1.07 -6.92993e-005 -6.23309e-014 -3.97057e-014 2.73761e-010 2.73761e-010
1.08 -6.92788e-005 7.35053e-015 -2.67111e-013 2.80453e-010 2.80453e-010
1.09 -6.92602e-005 -2.30841e-013 -1.18473e-013 2.84396e-010 2.84396e-010
1.1 -6.92446e-005 -1.18238e-013 -1.79488e-013 2.84621e-010 2.84621e-010
1.11 -6.92332e-005 4.52177e-013 -4.2787e-013 2.8118e-010 2.8118e-010
1.12 -6.92257e-005 -2.0514e-012 7.41702e-013 2.74708e-010 2.74708e-010
1.13 -6.92214e-005 -3.81188e-012 3.40872e-012 2.66581e-010 2.66581e-010
1.14 -6.92202e-005 -4.0005e-012 2.90964e-012 2.58673e-010 2.58673e-010
1.15 -6.92221e-005 1.6812e-012 -1.46093e-012 2.52162e-010 2.52162e-010
1.16 -6.92263e-005 -1.35144e-012 3.89278e-013 2.4702e-010 2.4702e-010
1.17 -6.92314e-005 5.65851e-013 -8.49915e-013 2.43183e-010 2.43183e-010
1.18 -6.92357e-005 1.77854e-012 1.25773e-012 2.41705e-010 2.41705e-010
1.19 -6.92382e-005 1.7369e-012 -2.40232e-012 2.44317e-010 2.44317e-010
1.2 -6.92389e-005 -7.56729e-013 4.87769e-013 2.51939e-010 2.51939e-010
1.21 -6.92385e-005 1.31016e-011 -2.10499e-011 2.63518e-010 2.63518e-010
1.22 -6.92386e-005 4.82455e-012 -1.02102e-011 2.76092e-010 2.76092e-010
1.23 -6.92404e-005 -2.8959e-012 5.08589e-012 2.86148e-010 2.86148e-010
1.24 -6.92446e-005 2.1481e-012 -3.6782e-012 2.91416e-010 2.91416e-010
1.25 -6.92509e-005 -1.67721e-012 2.66999e-012 2.92001e-010 2.92001e-010
1.26 -6.92582e-005 6.02113e-013 -1.54566e-012 2.90383e-010 2.90383e-010
1.27 -6.9265e-005 1.11525e-012 5.24684e-012 2.90281e-010 2.90281e-010
1.28 -6.92703e-005 7.29385e-013 1.79278e-012 2.94848e-010 2.94848e-010
1.29 -6.92727e-005 -9.20264e-013 -2.72267e-012 3.0516e-010 3.0516e-010
1.3 -6.92713e-005 3.59499e-012 9.69908e-012 3.19954e-010 3.19954e-010
1.31 -6.92657e-005 8.75765e-013 1.96223e-012 3.36685e-010 3.36685e-010
1.32 -6.92554e-005 1.9827e-012 6.30656e-012 3.53082e-010 3.53082e-010
1.33 -6.92418e-005 1.20953e-012 4.01648e-012 3.67747e-010 3.67747e-010
1.34 -6.9227e-005 -6.49736e-013 -2.01729e-012 3.79521e-010 3.79521e-010
1.35 -6.92118e-005 9.16179e-013 1.89723e-012 3.87466e-010 3.87466e-010
1.36 -6.91965e-005 7.91535e-013 1.08908e-012 3.9193e-010 3.9193e-010
1.37 -6.91816e-005 8.44662e-013 7.81822e-013 3.94656e-010 3.94656e-010
1.38 -6.91685e-005 8.21724e-014 1.6566e-013 3.97041e-010 3.97041e-010
1.39 -6.91582e-005 -4.8461e-013 -4.12902e-013 3.98262e-010 3.98262e-010
1.4 -6.91514e-005 2.74486e-013 1.32426e-012 3.95482e-010 3.95482e-010
1.41 -6.91482e-005 1.5493e-013 7.71655e-013 3.86147e-010 3.86147e-010
1.42 -6.9147e-005 -2.90353e-013 -6.04932e-013 3.7033e-010 3.7033e-010
1.43 -6.91458e-005 -7.95757e-014 6.40731e-014 3.51304e-010 3.51304e-010
1.44 -6.9144e-005 -1.8318e-013 -2.64766e-013 3.3353e-010 3.3353e-010
1.45 -6.91433e-005 -1.32255e-013 -1.0313e-013 3.18964e-010 3.18964e-010
1.46 -6.91471e-005 -1.57286e-013 -1.8258e-013 3.04861e-010 3.04861e-010
1.47 -6.91572e-005 -1.44983e-013 -1.43527e-013 2.85782e-010 2.85782e-010
1.48 -6.91737e-005 -1.5103e-013 -1.62723e-013 2.58573e-010 2.58573e-010
1.49 -6.91964e-005 -1.48058e-013 -1.53288e-013 2.25349e-010 2.25349e-010
1.5 -6.92256e-005 -1.49519e-013 -1.57925e-013 1.91281e-010 1.91281e-010
1.51 -6.926e-005 -1.48907e-013 -1.55759e-013 1.60482e-010 1.60482e-010
1.52 -6.9296e-005 -1.49101e-013 -1.56711e-013 1.35316e-010 1.35316e-010
1.53 -6.93297e-005 -1.49006e-013 -1.56243e-013 1.18389e-010 1.18389e-010
1.54 -6.93597e-005 -1.49053e-013 -1.56473e-013 1.12382e-010 1.12382e-010
1.55 -6.93861e-005 -1.49055e-013 -1.56387e-013 1.17248e-010 1.17248e-010
1.56 -6.94093e-005 -1.4903e-013 -1.56404e-013 1.29102e-010 1.29102e-010
1.57 -6.94296e-005 -1.49041e-013 -1.56394e-013 1.4278e-010 1.4278e-010
1.58 -6.9449e-005 -1.49036e-013 -1.56399e-013 1.54833e-010 1.54833e-010
1.59 -6.94704e-005 -1.38212e-013 -2.04535e-013 1.63648e-010 1.63648e-010
1.6 -6.94969e-005 -1.54356e-013 -1.32748e-013 1.67432e-010 1.67432e-010
1.61 -6.95302e-005 -1.2892e-013 -2.45848e-013 1.6346e-010 1.6346e-010
1.62 -6.95685e-005 -1.59015e-013 -1.12515e-013 1.50559e-010 1.50559e-010
1.63 -6.96071e-005 -1.4414e-013 -1.77968e-013 1.32461e-010 1.32461e-010
1.64 -6.96413e-005 -1.51458e-013 -1.45807e-013 1.17816e-010 1.17816e-010
1.65 -6.96671e-005 4.13252e-014 -7.41178e-013 1.16093e-010 1.16093e-010
1.66 -6.96816e-005 1.35955e-013 -3.68775e-012 1.32826e-010 1.32826e-010
1.67 -6.96834e-005 -3.07967e-012 -7.7578e-012 1.67566e-010 1.67566e-010
1.68 -6.96724e-005 9.16447e-012 6.81129e-012 2.14643e-010 2.14643e-010
1.69 -6.96517e-005 7.75093e-013 2.64396e-012 2.65355e-010 2.65355e-010
1.7 -6.96253e-005 3.33395e-012 -6.35079e-013 3.10384e-010 3.10384e-010
1.71 -6.95981e-005 1.82207e-012 1.06853e-012 3.41772e-010 3.41772e-010
1.72 -6.95726e-005 -1.11791e-012 -7.58491e-013 3.5519e-010 3.5519e-010
1.73 -6.95501e-005 3.27126e-013 1.3948e-013 3.5177e-010 3.5177e-010
1.74 -6.9532e-005 -3.83088e-013 -3.01831e-013 3.36787e-010 3.36787e-010
1.75 -6.95184e-005 -3.39933e-014 -8.49113e-014 3.15859e-010 3.15859e-010
1.76 -6.95082e-005 -2.05604e-013 -1.91555e-013 2.92616e-010 2.92616e-010
1.77 -6.94995e-005 -1.21235e-013 -1.39119e-013 2.69065e-010 2.69065e-010
1.78 -6.94915e-005 -1.62703e-013 -1.6489e-013 2.46223e-010 2.46223e-010
1.79 -6.9483e-005 -1.4232e-013 -1.52222e-013 2.23924e-010 2.23924e-010
1.8 -6.94721e-005 -1.52454e-013 -1.5857e-013 2.01296e-010 2.01296e-010
1.81 -6.94582e-005 -1.47358e-013 -1.55329e-013 1.7779e-010 1.7779e-010
1.82 -6.94434e-005 -1.49863e-013 -1.56922e-013 1.52894e-010 1.52894e-010
1.83 -6.94309e-005 -1.48632e-013 -1.56139e-013 1.25136e-010 1.25136e-010
1.84 -6.9423e-005 -1.49237e-013 -1.56524e-013 9.29404e-011 9.29404e-011
1.85 -6.94207e-005 -1.48971e-013 -1.56368e-013 5.73731e-011 5.73731e-011
1.86 -6.94246e-005 -1.4907e-013 -1.56411e-013 2.3455e-011 2.3455e-011
1.87 -6.94339e-005 -1.49021e-013 -1.5639e-013 -1.97312e-012 -1.97312e-012
1.88 -6.94448e-005 -1.49045e-013 -1.564e-013 -1.30458e-011 -1.30458e-011
1.89 -6.94515e-005 -1.49033e-013 -1.56395e-013 -5.51323e-012 -5.51323e-012
1.9 -6.94524e-005 -1.49039e-013 -1.56398e-013 2.20191e-011 2.20191e-011
1.91 -6.94513e-005 -1.49036e-013 -1.56397e-013 6.37718e-011 6.37718e-011
1.92 -6.94535e-005 -1.48416e-013 -1.55738e-013 1.04832e-010 1.04832e-010
1.93 -6.94634e-005 -1.49343e-013 -1.56721e-013 1.27221e-010 1.27221e-010
1.94 -6.9486e-005 -1.48887e-013 -1.56238e-013 1.1965e-010 1.1965e-010
1.95 -6.95255e-005 -1.49245e-013 -1.56618e-013 8.18789e-011 8.18789e-011
1.96 -6.95825e-005 -1.49014e-013 -1.56373e-013 2.21855e-011 2.21855e-011
1.97 -6.96527e-005 -1.49048e-013 -1.56409e-013 -4.56551e-011 -4.56551e-011
1.98 -6.97292e-005 -1.47823e-013 -1.56574e-013 -1.04169e-010 -1.04169e-010
1.99 -6.98057e-005 -1.4966e-013 -1.56337e-013 -1.37424e-010 -1.37424e-010
2 -6.98771e-005 -1.48748e-013 -1.56445e-013 -1.38452e-010 -1.38452e-010
2.01 -6.99399e-005 -1.49179e-013 -1.56374e-013 -1.11687e-010 -1.11687e-010
2.02 -6.99912e-005 -1.48967e-013 -1.56409e-013 -6.84461e-011 -6.84461e-011
2.03 -7.00305e-005 -1.26704e-013 -3.09964e-013 -2.03818e-011 -2.03818e-011
2.04 -7.00607e-005 3.44432e-012 7.89011e-012 2.34663e-011 2.34663e-011
2.05 -7.00876e-005 1.03543e-011 8.25799e-012 5.56127e-011 5.56127e-011
2.06 -7.01162e-005 2.68211e-012 -1.73918e-012 6.95218e-011 6.95218e-011
2.07 -7.0152e-005 -3.47907e-013 7.97685e-014 6.12997e-011 6.12997e-011
2.08 -7.02007e-005 9.20524e-013 -1.04031e-012 3.06305e-011 3.06305e-011
2.09 -7.02653e-005 -8.63951e-013 4.20048e-013 -2.03667e-011 -2.03667e-011
2.1 -7.03441e-005 -7.62689e-013 1.19003e-012 -8.74326e-011 -8.74326e-011
2.11 -7.04308e-005 -2.01948e-012 1.03326e-012 -1.62857e-010 -1.62857e-010
2.12 -7.05189e-005 -2.05673e-012 1.19058e-012 -2.36393e-010 -2.36393e-010
2.13 -7.06035e-005 -6.75728e-013 -1.70762e-012 -3.00407e-010 -3.00407e-010
2.14 -7.06822e-005 1.98663e-012 -2.85774e-012 -3.54998e-010 -3.54998e-010
2.15 -7.07537e-005 -3.13325e-012 1.11646e-012 -4.07409e-010 -4.07409e-010
2.16 -7.08174e-005 2.59153e-012 -2.82267e-012 -4.65687e-010 -4.65687e-010
2.17 -7.08742e-005 -9.86184e-013 4.34748e-013 -5.32337e-010 -5.32337e-010
2.18 -7.09291e-005 4.14696e-013 -4.48282e-013 -6.03859e-010 -6.03859e-010
2.19 -7.09886e-005 -2.28982e-013 4.47475e-014 -6.75323e-010 -6.75323e-010
2.2 -7.10551e-005 -2.50716e-013 -3.07222e-013 -7.42792e-010 -7.42792e-010
2.21 -7.11256e-005 -5.98741e-013 -3.43241e-012 -8.00682e-010 -8.00682e-010
2.22 -7.11963e-005 5.57536e-012 -4.76149e-012 -8.40449e-010 -8.40449e-010
2.23 -7.12652e-005 6.19567e-013 1.01537e-012 -8.55937e-010 -8.55937e-010
2.24 -7.1331e-005 -1.0404e-013 -1.05028e-012 -8.50139e-010 -8.50139e-010
2.25 -7.13936e-005 2.45782e-014 1.52833e-012 -8.35073e-010 -8.35073e-010
2.26 -7.14549e-005 -1.18783e-011 3.47533e-011 -8.25486e-010 -8.25486e-010
2.27 -7.15177e-005 2.34805e-012 1.39674e-011 -8.33102e-010 -8.33102e-010
2.28 -7.15839e-005 2.02072e-011 -3.24325e-011 -8.63309e-010 -8.63309e-010
2.29 -7.16532e-005 -3.24663e-012 3.58689e-012 -9.12817e-010 -9.12817e-010
2.3 -7.17246e-005 5.46368e-013 -3.04162e-012 -9.70379e-010 -9.70379e-010
2.31 -7.17966e-005 -1.34632e-012 1.01334e-012 -1.02153e-009 -1.02153e-009
2.32 -7.18646e-005 1.49772e-012 -1.81018e-012 -1.05346e-009 -1.05346e-009
2.33 -7.19226e-005 2.09263e-012 -5.64083e-012 -1.05726e-009 -1.05726e-009
2.34 -7.19649e-005 -1.00498e-011 3.0542e-012 -1.02865e-009 -1.02865e-009
2.35 -7.19883e-005 -8.92202e-012 4.50902e-012 -9.69146e-010 -9.69146e-010
2.36 -7.19905e-005 4.19044e-012 -2.79544e-012 -8.86667e-010 -8.86667e-010
2.37 -7.19728e-005 -1.40108e-012 5.57237e-013 -7.93942e-010 -7.93942e-010
2.38 -7.1939e-005 1.56822e-012 -7.02652e-013 -7.04999e-010 -7.04999e-010
2.39 -7.18925e-005 1.63614e-013 1.34545e-014 -6.30934e-010 -6.30934e-010
2.4 -7.18352e-005 4.19209e-013 -2.02987e-013 -5.76214e-010 -5.76214e-010
2.41 -7.17679e-005 8.01333e-014 -9.62037e-013 -5.37663e-010 -5.37663e-010
2.42 -7.16894e-005 8.60815e-013 -1.44316e-012 -5.06753e-010 -5.06753e-010
2.43 -7.1598e-005 4.76657e-013 -8.84221e-013 -4.7358e-010 -4.7358e-010
2.44 -7.14948e-005 8.54245e-013 -1.70857e-012 -4.31777e-010 -4.31777e-010
2.45 -7.13822e-005 1.23122e-011 -2.30342e-011 -3.82722e-010 -3.82722e-010
2.46 -7.12603e-005 6.77089e-012 -1.18502e-011 -3.34739e-010 -3.34739e-010
2.47 -7.11275e-005 -3.25163e-012 5.76304e-012 -2.96275e-010 -2.96275e-010
2.48 -7.09836e-005 1.67565e-012 -2.89531e-012 -2.69909e-010 -2.69909e-010
2.49 -7.08317e-005 -7.46279e-013 1.36057e-012 -2.53713e-010 -2.53713e-010
2.5 -7.06771e-005 4.44181e-013 -7.31345e-013 -2.4671e-010 -2.4671e-010
2.51 -7.05251e-005 -1.40971e-013 2.96901e-013 -2.51026e-010 -2.51026e-010
2.52 -7.03799e-005 1.46651e-013 -2.08518e-013 -2.68737e-010 -2.68737e-010
2.53 -7.02441e-005 5.27473e-015 3.99128e-014 -2.97504e-010 -2.97504e-010
2.54 -7.01175e-005 7.4766e-014 -8.21992e-014 -3.29161e-010 -3.29161e-010
2.55 -6.99977e-005 4.06086e-014 -2.2177e-014 -3.5171e-010 -3.5171e-010
2.56 -6.98823e-005 5.73981e-014 -5.168e-014 -3.53465e-010 -3.53465e-010
2.57 -6.97708e-005 6.77111e-014 -1.98057e-014 -3.28189e-010 -3.28189e-010
2.58 -6.96661e-005 4.92391e-014 -5.04978e-014 -2.79259e-010 -2.79259e-010
2.59 -6.95731e-005 5.64226e-014 -3.72642e-014 -2.19944e-010 -2.19944e-010
2.6 -6.94972e-005 4.96251e-014 -4.42641e-014 -1.68336e-010 -1.68336e-010
2.61 -6.94422e-005 5.29663e-014 -4.08234e-014 -1.39109e-010 -1.39109e-010
2.62 -6.94097e-005 5.13239e-014 -4.25146e-014 -1.36854e-010 -1.36854e-010
2.63 -6.93987e-005 9.82358e-014 2.22132e-014 -1.54598e-010 -1.54598e-010
2.64 -6.94062e-005 3.10828e-014 -7.38039e-014 -1.77664e-010 -1.77664e-010
2.65 -6.94294e-005 6.20149e-014 -2.62937e-014 -1.90873e-010 -1.90873e-010
2.66 -6.9466e-005 4.57572e-014 -4.847e-014 -1.85473e-010 -1.85473e-010
2.67 -6.95127e-005 5.48674e-014 -3.87563e-014 -1.61508e-010 -1.61508e-010
2.68 -6.95654e-005 4.61006e-014 -4.65206e-014 -1.24522e-010 -1.24522e-010
2.69 -6.96197e-005 5.46986e-014 -3.97142e-014 -8.00644e-011 -8.00644e-011
2.7 -6.96726e-005 4.99197e-014 -4.3311e-014 -3.05496e-011 -3.05496e-011
2.71 -6.97218e-005 5.28215e-014 -4.1292e-014 2.39747e-011 2.39747e-011
2.72 -6.9764e-005 -1.17083e-014 -4.74573e-014 8.37366e-011 8.37366e-011
2.73 -6.97949e-005 6.59158e-013 -1.22437e-012 1.48822e-010 1.48822e-010
2.74 -6.98121e-005 3.21202e-012 -4.81911e-012 2.19267e-010 2.19267e-010
2.75 -6.98177e-005 -1.336e-013 1.726e-013 2.92971e-010 2.92971e-010
2.76 -6.98142e-005 -1.29508e-013 1.11642e-012 3.63747e-010 3.63747e-010
2.77 -6.98022e-005 9.99401e-014 -1.44176e-012 4.24119e-010 4.24119e-010
2.78 -6.97828e-005 1.00432e-012 3.81645e-014 4.70373e-010 4.70373e-010
2.79 -6.97586e-005 3.55865e-013 -1.07115e-012 5.03035e-010 5.03035e-010
2.8 -6.97313e-005 -1.92802e-013 8.13783e-013 5.23061e-010 5.23061e-010
2.81 -6.97009e-005 1.72128e-013 -4.62583e-013 5.2954e-010 5.2954e-010
2.82 -6.96686e-005 -7.24794e-015 1.64795e-013 5.20259e-010 5.20259e-010
2.83 -6.96361e-005 8.09213e-014 -1.43583e-013 4.92701e-010 4.92701e-010
2.84 -6.96048e-005 3.75831e-014 7.9952e-015 4.44972e-010 4.44972e-010
2.85 -6.95747e-005 5.88853e-014 -6.65106e-014 3.77654e-010 3.77654e-010
2.86 -6.95456e-005 4.70093e-014 -3.18351e-014 2.95795e-010 2.95795e-010
2.87 -6.95193e-005 5.42519e-014 -4.69326e-014 2.08204e-010 2.08204e-010
2.88 -6.94976e-005 5.32575e-014 -3.91229e-014 1.23736e-010 1.23736e-010
2.89 -6.94809e-005 5.11808e-014 -4.33505e-014 4.85664e-011 4.85664e-011
2.9 -6.94687e-005 5.04441e-014 -4.37081e-014 -1.35653e-011 -1.35653e-011
2.91 -6.94623e-005 5.76353e-014 -4.18655e-014 -6.10409e-011 -6.10409e-011
2.92 -6.94637e-005 5.36453e-014 -3.56045e-014 -9.56575e-011 -9.56575e-011
2.93 -6.94748e-005 9.46173e-014 -5.1693e-014 -1.2297e-010 -1.2297e-010
2.94 -6.94959e-005 7.32776e-012 2.36751e-012 -1.49571e-010 -1.49571e-010
2.95 -6.95258e-005 3.21542e-012 2.37826e-012 -1.78856e-010 -1.78856e-010
2.96 -6.95632e-005 3.0379e-013 1.32932e-013 -2.09126e-010 -2.09126e-010
2.97 -6.96078e-005 7.87218e-012 5.36437e-012 -2.36061e-010 -2.36061e-010
2.98 -6.96599e-005 3.65393e-012 3.09348e-012 -2.56905e-010 -2.56905e-010
2.99 -6.97191e-005 -2.72478e-012 -2.54517e-012 -2.71812e-010 -2.71812e-010
3 -6.97822e-005 1.41367e-012 1.18594e-012 -2.80976e-010 -2.80976e-010
3.01 -6.98445e-005 -6.17697e-013 -6.4554e-013 -2.8095e-010 -2.8095e-010
3.02 -6.98997e-005 3.79628e-013 2.53214e-013 -2.64265e-010 -2.64265e-010
3.03 -6.99417e-005 -1.1035e-013 -1.88526e-013 -2.22778e-010 -2.22778e-010
3.04 -6.99647e-005 1.31362e-013 2.99784e-014 -1.51985e-010 -1.51985e-010
3.05 -6.9967e-005 1.27895e-014 -7.73161e-014 -5.4184e-011 -5.4184e-011
3.06 -6.99502e-005 7.10722e-014 -2.45772e-014 6.07237e-011 6.07237e-011
3.07 -6.99154e-005 4.24243e-014 -5.05002e-014 1.78799e-010 1.78799e-010
3.08 -6.98618e-005 5.50215e-014 -3.95385e-014 2.89742e-010 2.89742e-010
3.09 -6.97894e-005 4.8865e-014 -4.47265e-014 3.92179e-010 3.92179e-010
3.1 -6.97017e-005 -5.48802e-013 2.27895e-012 4.90443e-010 4.90443e-010
3.11 -6.96035e-005 -1.19054e-012 2.83873e-012 5.86617e-010 5.86617e-010
3.12 -6.94967e-005 5.46509e-013 3.87216e-013 6.77496e-010 6.77496e-010
3.13 -6.93795e-005 -2.33176e-014 8.54098e-013 7.59345e-010 7.59345e-010
3.14 -6.92506e-005 1.84028e-012 5.10498e-012 8.3278e-010 8.3278e-010
3.15 -6.91132e-005 2.80849e-012 5.58601e-012 8.99847e-010 8.99847e-010
3.16 -6.89733e-005 -1.48385e-012 -7.13568e-013 9.56664e-010 9.56664e-010
3.17 -6.88382e-005 5.86316e-012 2.03978e-011 9.91208e-010 9.91208e-010
3.18 -6.87161e-005 2.84142e-012 5.37163e-012 9.88916e-010 9.88916e-010
3.19 -6.86116e-005 -1.321e-012 -2.70473e-012 9.41193e-010 9.41193e-010
3.2 -6.85251e-005 7.26678e-013 1.26689e-012 8.51364e-010 8.51364e-010
3.21 -6.84561e-005 -2.81534e-013 -6.87664e-013 7.34416e-010 7.34416e-010
3.22 -6.84057e-005 2.1453e-013 2.73792e-013 6.09769e-010 6.09769e-010
3.23 -6.83752e-005 -2.82276e-014 -1.97221e-013 4.91976e-010 4.91976e-010
3.24 -6.83649e-005 9.12335e-014 3.43603e-014 3.86675e-010 3.86675e-010
3.25 -6.83749e-005 3.21014e-014 -7.97829e-014 2.93029e-010 2.93029e-010
3.26 -6.84054e-005 6.09288e-014 -2.3758e-014 2.07606e-010 2.07606e-010
3.27 -6.84567e-005 4.61032e-014 -5.21202e-014 1.26468e-010 1.26468e-010
3.28 -6.85275e-005 5.42226e-014 -3.74657e-014 4.66494e-011 4.66494e-011
3.29 -6.86171e-005 5.06997e-014 -4.4164e-014 -3.25045e-011 -3.25045e-011
3.3 -6.87256e-005 5.24213e-014 -4.087e-014 -1.09785e-010 -1.09785e-010
3.31 -6.88522e-005 5.39401e-015 -3.55456e-014 -1.83557e-010 -1.83557e-010
3.32 -6.89931e-005 -9.7295e-013 -9.5702e-015 -2.51199e-010 -2.51199e-010
3.33 -6.91424e-005 -1.8199e-012 6.67456e-013 -3.07007e-010 -3.07007e-010
3.34 -6.9296e-005 1.93218e-012 -2.86686e-013 -3.42898e-010 -3.42898e-010
3.35 -6.94517e-005 5.41372e-012 -4.9638e-012 -3.53085e-010 -3.53085e-010
3.36 -6.96064e-005 5.66395e-012 -3.86982e-012 -3.37643e-010 -3.37643e-010
3.37 -6.97562e-005 -3.44061e-013 -1.28639e-012 -3.00999e-010 -3.00999e-010
3.38 -6.98975e-005 1.59408e-013 2.23053e-012 -2.48059e-010 -2.48059e-010
3.39 -7.00271e-005 -1.06086e-012 -1.51097e-012 -1.82405e-010 -1.82405e-010
3.4 -7.0143e-005 1.41589e-012 -7.09227e-013 -1.07343e-010 -1.07343e-010
3.41 -7.02455e-005 7.08967e-013 -4.99257e-013 -2.79068e-011 -2.79068e-011
3.42 -7.03354e-005 -2.55936e-013 1.71588e-013 4.88693e-011 4.88693e-011
3.43 -7.0411e-005 3.07765e-013 -3.90389e-013 1.17194e-010 1.17194e-010
3.44 -7.04679e-005 3.5676e-013 -6.67117e-013 1.77179e-010 1.77179e-010
3.45 -7.05022e-005 -9.0065e-014 2.44158e-013 2.35802e-010 2.35802e-010
3.46 -7.05128e-005 1.21629e-013 -1.82593e-013 3.01781e-010 3.01781e-010
3.47 -7.05029e-005 1.7574e-014 2.71699e-014 3.77784e-010 3.77784e-010
3.48 -7.04781e-005 6.87205e-014 -7.59357e-014 4.56288e-010 4.56288e-010
3.49 -7.04445e-005 4.35802e-014 -2.52557e-014 5.22298e-010 5.22298e-010
3.5 -7.04088e-005 5.59375e-014 -5.01667e-014 5.5991e-010 5.5991e-010
3.51 -7.03775e-005 4.98635e-014 -3.79221e-014 5.57242e-010 5.57242e-010
3.52 -7.03539e-005 5.28491e-014 -4.39407e-014 5.08641e-010 5.08641e-010
3.53 -7.03363e-005 5.13815e-014 -4.09824e-014 4.16545e-010 4.16545e-010
3.54 -7.0322e-005 5.21029e-014 -4.24365e-014 2.9202e-010 2.9202e-010
3.55 -7.03105e-005 5.17483e-014 -4.17217e-014 1.50195e-010 1.50195e-010
3.56 -7.03061e-005 5.19226e-014 -4.20731e-014 1.65856e-012 1.65856e-012
3.57 -7.03148e-005 4.99517e-014 -4.4513e-014 -1.52972e-010 -1.52972e-010
3.58 -7.03407e-005 5.16383e-014 -4.19397e-014 -3.19498e-010 -3.19498e-010
3.59 -7.03837e-005 -3.67765e-012 -5.59555e-012 -5.00055e-010 -5.00055e-010
3.6 -7.04391e-005 -1.09235e-012 -5.21492e-012 -6.85068e-010 -6.85068e-010
3.61 -7.0501e-005 1.14058e-012 8.4037e-013 -8.54537e-010 -8.54537e-010
3.62 -7.05656e-005 -2.18015e-012 -6.23346e-012 -9.88928e-010 -9.88928e-010
3.63 -7.06341e-005 -1.9518e-013 -1.77782e-012 -1.08198e-009 -1.08198e-009
3.64 -7.07091e-005 1.72343e-013 8.10583e-013 -1.14462e-009 -1.14462e-009
3.65 -7.07904e-005 3.36156e-013 -2.18224e-013 -1.19536e-009 -1.19536e-009
3.66 -7.08756e-005 -2.66458e-012 -1.4472e-012 -1.24525e-009 -1.24525e-009
3.67 -7.09623e-005 -1.69725e-012 -1.38636e-012 -1.29026e-009 -1.29026e-009
3.68 -7.10484e-005 1.44473e-011 9.30962e-012 -1.31607e-009 -1.31607e-009
3.69 -7.11331e-005 5.6888e-012 2.35139e-012 -1.30909e-009 -1.30909e-009
3.7 -7.12182e-005 6.00301e-013 -3.46707e-013 -1.2656e-009 -1.2656e-009
3.71 -7.1307e-005 3.29584e-012 2.13477e-012 -1.19438e-009 -1.19438e-009
3.72 -7.14009e-005 5.76722e-014 -8.40537e-013 -1.11196e-009 -1.11196e-009
3.73 -7.14974e-005 7.98702e-013 7.8377e-014 -1.03281e-009 -1.03281e-009
3.74 -7.15903e-005 -3.15231e-013 -1.01106e-013 -9.60758e-010 -9.60758e-010
3.75 -7.16719e-005 2.32305e-013 -1.28838e-014 -8.87448e-010 -8.87448e-010
3.76 -7.17357e-005 -1.61544e-011 -1.56963e-011 -7.99202e-010 -7.99202e-010
3.77 -7.17784e-005 6.45873e-012 -6.33645e-012 -6.87088e-010 -6.87088e-010
3.78 -7.17991e-005 8.57993e-013 -4.71028e-012 -5.52951e-010 -5.52951e-010
3.79 -7.17998e-005 2.7747e-012 -2.44503e-012 -4.08575e-010 -4.08575e-010
3.8 -7.17851e-005 1.99677e-012 -2.27884e-012 -2.70211e-010 -2.70211e-010
3.81 -7.17596e-005 1.48131e-012 1.39315e-012 -1.51635e-010 -1.51635e-010
3.82 -7.17257e-005 1.63282e-012 1.34271e-012 -5.86853e-011 -5.86853e-011
3.83 -7.16839e-005 2.50651e-013 -5.69209e-012 1.17964e-011 1.17964e-011
3.84 -7.16344e-005 3.81349e-012 -3.68302e-012 6.72278e-011 6.72278e-011
3.85 -7.15811e-005 -9.68043e-013 1.25791e-012 1.10233e-010 1.10233e-010
3.86 -7.15289e-005 5.48026e-013 -7.8489e-013 1.3167e-010 1.3167e-010
3.87 -7.14807e-005 -1.92015e-013 3.2322e-013 1.14049e-010 1.14049e-010
3.88 -7.14357e-005 1.71741e-013 -2.21454e-013 4.44064e-011 4.44064e-011
3.89 -7.1393e-005 -7.05769e-015 4.62717e-014 -7.54128e-011 -7.54128e-011
3.9 -7.13536e-005 1.783e-011 -1.99096e-011 -2.30636e-010 -2.30636e-010
3.91 -7.13213e-005 6.56053e-012 -6.5019e-012 -4.04358e-010 -4.04358e-010
3.92 -7.13e-005 -3.70681e-012 2.78846e-012 -5.8642e-010 -5.8642e-010
3.93 -7.12907e-005 -1.05882e-012 6.50227e-013 -7.73442e-010 -7.73442e-010
3.94 -7.12898e-005 9.56536e-013 -2.52584e-012 -9.61768e-010 -9.61768e-010
3.95 -7.129e-005 5.44885e-012 -5.6571e-012 -1.14083e-009 -1.14083e-009
3.96 -7.12833e-005 3.19969e-012 -7.10415e-012 -1.29301e-009 -1.29301e-009
3.97 -7.12634e-005 -2.08661e-013 -3.23915e-012 -1.40008e-009 -1.40008e-009
3.98 -7.12264e-005 2.14857e-014 -7.02901e-014 -1.4513e-009 -1.4513e-009
3.99 -7.11708e-005 5.97946e-014 -2.66654e-014 -1.44714e-009 -1.44714e-009
4 -7.1099e-005 3.45066e-014 -3.99458e-014 -1.39743e-009 -1.39743e-009
4.01 -7.1019e-005 5.57997e-014 -3.84184e-014 -1.31785e-009 -1.31785e-009
4.02 -7.09399e-005 4.99312e-014 -4.36968e-014 -1.22672e-009 -1.22672e-009
4.03 -7.08701e-005 5.26202e-014 -4.11319e-014 -1.14009e-009 -1.14009e-009
4.04 -7.08168e-005 5.12658e-014 -4.23976e-014 -1.06626e-009 -1.06626e-009
4.05 -7.07854e-005 4.85195e-014 -4.01936e-014 -1.00448e-009 -1.00448e-009
4.06 -7.0775e-005 4.28812e-014 -2.96093e-014 -9.47437e-010 -9.47437e-010
4.07 -7.07775e-005 7.35706e-014 -3.18106e-014 -8.83212e-010 -8.83212e-010
4.08 -7.07817e-005 4.72854e-014 -4.41757e-014 -7.97233e-010 -7.97233e-010
4.09 -7.07758e-005 7.06471e-014 -4.12646e-014 -6.76495e-010 -6.76495e-010
4.1 -7.07482e-005 4.26332e-014 -4.22978e-014 -5.13825e-010 -5.13825e-010
4.11 -7.06897e-005 5.57246e-014 -4.16871e-014 -3.09098e-010 -3.09098e-010
4.12 -7.05973e-005 3.95311e-014 -3.14151e-014 -6.88367e-011 -6.88367e-011
4.13 -7.04725e-005 3.69884e-014 -2.8872e-014 1.94102e-010 1.94102e-010
4.14 -7.03219e-005 5.12733e-014 -4.46477e-014 4.61682e-010 4.61682e-010
4.15 -7.01581e-005 5.11569e-014 -4.13921e-014 7.12635e-010 7.12635e-010
4.16 -6.99967e-005 5.17585e-014 -4.25798e-014 9.24795e-010 9.24795e-010
4.17 -6.98512e-005 5.19176e-014 -4.16513e-014 1.07895e-009 1.07895e-009
4.18 -6.97298e-005 5.18065e-014 -4.21425e-014 1.16423e-009 1.16423e-009
4.19 -6.96316e-005 5.13882e-014 -4.24029e-014 1.18274e-009 1.18274e-009
4.2 -6.95484e-005 5.20996e-014 -4.17382e-014 1.15007e-009 1.15007e-009
4.21 -6.9468e-005 5.17499e-014 -4.20649e-014 1.08944e-009 1.08944e-009
4.22 -6.93781e-005 5.19218e-014 -4.19044e-014 1.02197e-009 1.02197e-009
4.23 -6.92695e-005 -1.94457e-013 3.05202e-013 9.58857e-010 9.58857e-010
4.24 -6.91392e-005 -2.00834e-013 3.11971e-013 8.99287e-010 8.99287e-010
4.25 -6.89883e-005 -4.17017e-014 8.85366e-014 8.34666e-010 8.34666e-010
4.26 -6.88199e-005 -2.61959e-013 3.31641e-013 7.57205e-010 7.57205e-010
4.27 -6.86409e-005 -2.09182e-012 2.03213e-012 6.66561e-010 6.66561e-010
4.28 -6.84602e-005 -1.40082e-012 7.41027e-015 5.6969e-010 5.6969e-010
4.29 -6.82846e-005 6.87189e-013 -1.4386e-013 4.76541e-010 4.76541e-010
4.3 -6.812e-005 9.5886e-013 -1.22245e-012 3.9593e-010 3.9593e-010
4.31 -6.79727e-005 5.92336e-013 -4.39866e-013 3.32031e-010 3.32031e-010
4.32 -6.78458e-005 -1.34054e-012 3.53911e-012 2.82883e-010 2.82883e-010
4.33 -6.77371e-005 8.82622e-013 -2.53147e-012 2.4397e-010 2.4397e-010
4.34 -6.76409e-005 -2.16916e-012 2.18593e-012 2.14915e-010 2.14915e-010
4.35 -6.75503e-005 9.20723e-014 -8.02555e-013 2.02995e-010 2.02995e-010
4.36 -6.74595e-005 -1.56338e-012 5.29149e-012 2.19987e-010 2.19987e-010
4.37 -6.73679e-005 7.71692e-013 1.87891e-014 2.74069e-010 2.74069e-010
4.38 -6.72802e-005 3.28223e-013 3.66659e-012 3.62577e-010 3.62577e-010
4.39 -6.72036e-005 7.00675e-013 4.3339e-012 4.71835e-010 4.71835e-010
4.4 -6.71447e-005 8.87234e-013 2.48716e-012 5.84975e-010 5.84975e-010
4.41 -6.71052e-005 -4.09877e-015 -2.53447e-014 6.92772e-010 6.92772e-010
4.42 -6.70824e-005 6.58009e-013 2.54839e-012 8.00023e-010 8.00023e-010
4.43 -6.70701e-005 -4.49846e-013 3.21241e-012 9.2239e-010 9.2239e-010
4.44 -6.70599e-005 1.82924e-012 9.57726e-012 1.07663e-009 1.07663e-009
4.45 -6.70438e-005 2.20666e-012 8.79393e-012 1.27151e-009 1.27151e-009
4.46 -6.70187e-005 8.69627e-012 1.18987e-011 1.5022e-009 1.5022e-009
4.47 -6.69891e-005 2.90737e-012 -1.78662e-012 1.74805e-009 1.74805e-009
4.48 -6.69609e-005 3.18191e-012 1.96588e-012 1.97704e-009 1.97704e-009
4.49 -6.69375e-005 -9.23046e-013 -9.75466e-013 2.15895e-009 2.15895e-009
4.5 -6.69199e-005 6.94562e-012 1.20987e-011 2.2793e-009 2.2793e-009
4.51 -6.69076e-005 1.92902e-012 3.86478e-012 2.3432e-009 2.3432e-009
4.52 -6.68972e-005 -8.7082e-013 -1.96225e-012 2.36761e-009 2.36761e-009
4.53 -6.68848e-005 -7.47102e-013 2.48876e-012 2.36985e-009 2.36985e-009
4.54 -6.68676e-005 -6.86936e-013 3.07913e-012 2.36003e-009 2.36003e-009
4.55 -6.68422e-005 2.44994e-012 4.51984e-012 2.34034e-009 2.34034e-009
4.56 -6.68062e-005 7.11645e-013 -3.34519e-013 2.30874e-009 2.30874e-009
4.57 -6.67603e-005 1.58935e-012 2.92409e-012 2.26206e-009 2.26206e-009
4.58 -6.67062e-005 1.17012e-012 4.5626e-012 2.19725e-009 2.19725e-009
4.59 -6.66438e-005 -1.14969e-012 1.47026e-013 2.11299e-009 2.11299e-009
4.6 -6.65726e-005 6.42473e-013 -1.34849e-013 2.01134e-009 2.01134e-009
4.61 -6.6496e-005 -2.39382e-013 2.98748e-015 1.89599e-009 1.89599e-009
4.62 -6.64223e-005 1.94269e-013 -6.46208e-014 1.76702e-009 1.76702e-009
4.63 -6.63604e-005 -1.53671e-014 -2.87225e-014 1.61889e-009 1.61889e-009
4.64 -6.63133e-005 8.49121e-014 -4.84626e-014 1.44723e-009 1.44723e-009
4.65 -6.62794e-005 2.54245e-013 1.26938e-013 1.25973e-009 1.25973e-009
4.66 -6.62578e-005 2.81196e-011 3.41003e-011 1.07809e-009 1.07809e-009
4.67 -6.62509e-005 1.01203e-011 1.35523e-011 9.26426e-010 9.26426e-010
4.68 -6.6262e-005 8.65718e-012 3.78951e-012 8.16806e-010 8.16806e-010
4.69 -6.62922e-005 -3.15916e-012 -1.39128e-012 7.45465e-010 7.45465e-010
4.7 -6.63408e-005 9.8906e-012 3.37303e-012 7.00573e-010 7.00573e-010
4.71 -6.64057e-005 3.31723e-012 4.92805e-012 6.72552e-010 6.72552e-010
4.72 -6.64854e-005 -4.94556e-012 -7.22367e-012 6.58547e-010 6.58547e-010
4.73 -6.65825e-005 -1.24045e-012 -3.53858e-012 6.59263e-010 6.59263e-010
4.74 -6.67003e-005 1.80225e-012 -2.19103e-012 6.73548e-010 6.73548e-010
4.75 -6.68392e-005 1.88471e-012 -2.02616e-012 6.97799e-010 6.97799e-010
4.76 -6.69967e-005 -4.96636e-013 -1.98558e-012 7.30502e-010 7.30502e-010
4.77 -6.71674e-005 -3.96223e-012 -2.47019e-012 7.76122e-010 7.76122e-010
4.78 -6.7345e-005 -6.02099e-013 -4.71542e-012 8.43636e-010 8.43636e-010
4.79 -6.7527e-005 1.56028e-012 -5.94127e-012 9.39318e-010 9.39318e-010
4.8 -6.77134e-005 1.37914e-012 1.35389e-013 1.05874e-009 1.05874e-009
4.81 -6.79034e-005 -1.75047e-012 -7.29658e-013 1.18577e-009 1.18577e-009
4.82 -6.80959e-005 -1.35939e-012 3.1919e-012 1.29945e-009 1.29945e-009
4.83 -6.82891e-005 8.84939e-012 1.56018e-011 1.38228e-009 1.38228e-009
4.84 -6.84744e-005 1.47355e-012 -3.32405e-013 1.42678e-009 1.42678e-009
4.85 -6.86387e-005 5.08552e-013 -4.88263e-013 1.43979e-009 1.43979e-009
4.86 -6.87777e-005 7.08146e-013 -1.80287e-012 1.43825e-009 1.43825e-009
4.87 -6.89e-005 1.3722e-012 3.91926e-013 1.43314e-009 1.43314e-009
4.88 -6.90153e-005 8.97277e-012 2.83856e-013 1.41608e-009 1.41608e-009
4.89 -6.91262e-005 1.99025e-012 -5.16032e-012 1.36612e-009 1.36612e-009
4.9 -6.9228e-005 -1.16278e-012 9.11567e-013 1.27123e-009 1.27123e-009
4.91 -6.93162e-005 2.3631e-012 -2.24176e-012 1.14024e-009 1.14024e-009
4.92 -6.93908e-005 -4.39825e-012 2.66874e-012 9.93484e-010 9.93484e-010
4.93 -6.94534e-005 2.25978e-012 -3.80859e-013 8.44421e-010 8.44421e-010
4.94 -6.95079e-005 -4.56282e-012 -2.34653e-012 6.90838e-010 6.90838e-010
4.95 -6.95624e-005 1.8318e-011 -4.2794e-012 5.19037e-010 5.19037e-010
4.96 -6.96259e-005 -1.28017e-012 4.93271e-013 3.13699e-010 3.13699e-010
4.97 -6.97013e-005 1.33769e-011 -1.57678e-011 6.85008e-011 6.85008e-011
4.98 -6.97876e-005 -1.68806e-012 -6.55477e-013 -2.06353e-010 -2.06353e-010
4.99 -6.98875e-005 8.1078e-012 -7.9334e-012 -4.86852e-010 -4.86852e-010
5 -7.0008e-005 -2.91536e-012 4.27957e-012 -7.48901e-010 -7.48901e-010
5.01 -7.01544e-005 -2.37791e-012 2.9974e-012 -9.81069e-010 -9.81069e-010
5.02 -7.03273e-005 8.27592e-012 -1.19933e-011 -1.18501e-009 -1.18501e-009
5.03 -7.05254e-005 -1.03089e-012 1.88838e-012 -1.36654e-009 -1.36654e-009
5.04 -7.07453e-005 -3.0809e-012 1.89029e-012 -1.52798e-009 -1.52798e-009
5.05 -7.09838e-005 1.97175e-012 -5.05762e-013 -1.66669e-009 -1.66669e-009
5.06 -7.12413e-005 1.29633e-011 4.34142e-012 -1.77915e-009 -1.77915e-009
5.07 -7.15225e-005 3.45589e-012 5.43176e-013 -1.86698e-009 -1.86698e-009
5.08 -7.1829e-005 -3.54106e-012 1.27033e-012 -1.93831e-009 -1.93831e-009
5.09 -7.21608e-005 3.66327e-013 5.6535e-012 -2.00167e-009 -2.00167e-009
5.1 -7.25156e-005 -1.54604e-012 3.82684e-012 -2.05943e-009 -2.05943e-009
5.11 -7.28863e-005 6.88391e-013 -3.24848e-012 -2.107e-009 -2.107e-009
5.12 -7.32629e-005 -8.07276e-013 6.74285e-012 -2.13502e-009 -2.13502e-009
5.13 -7.36345e-005 4.03698e-013 -4.8039e-012 -2.13143e-009 -2.13143e-009
5.14 -7.39964e-005 4.93876e-012 -5.38105e-012 -2.0879e-009 -2.0879e-009
5.15 -7.43471e-005 1.53063e-012 3.78434e-012 -2.00938e-009 -2.00938e-009
5.16 -7.46826e-005 -8.83125e-013 -8.0206e-012 -1.91569e-009 -1.91569e-009
5.17 -7.4998e-005 8.25195e-012 4.41354e-012 -1.83124e-009 -1.83124e-009
5.18 -7.52923e-005 1.64051e-011 1.55983e-011 -1.77378e-009 -1.77378e-009
5.19 -7.55663e-005 7.26498e-012 -5.05467e-012 -1.75103e-009 -1.75103e-009
5.2 -7.58175e-005 1.25124e-011 3.79065e-013 -1.76191e-009 -1.76191e-009
5.21 -7.60392e-005 -2.34193e-012 -3.68205e-012 -1.79675e-009 -1.79675e-009
5.22 -7.62231e-005 -3.18864e-012 6.55117e-014 -1.83839e-009 -1.83839e-009
5.23 -7.63604e-005 1.33833e-012 -1.38196e-011 -1.86802e-009 -1.86802e-009
5.24 -7.64409e-005 -1.20407e-012 5.51802e-012 -1.8722e-009 -1.8722e-009
5.25 -7.64573e-005 -1.60637e-011 1.23008e-011 -1.84633e-009 -1.84633e-009
5.26 -7.64063e-005 3.91742e-012 -1.03013e-011 -1.79466e-009 -1.79466e-009
5.27 -7.62872e-005 -1.11418e-012 1.65422e-012 -1.72772e-009 -1.72772e-009
5.28 -7.61038e-005 2.43497e-012 -2.97553e-012 -1.65866e-009 -1.65866e-009
5.29 -7.58676e-005 7.65403e-013 -3.21021e-015 -1.60196e-009 -1.60196e-009
5.3 -7.55936e-005 1.67746e-012 -5.54624e-013 -1.57323e-009 -1.57323e-009
5.31 -7.52932e-005 -2.88294e-013 -2.6186e-013 -1.58454e-009 -1.58454e-009
5.32 -7.4973e-005 6.13895e-012 5.97178e-012 -1.63579e-009 -1.63579e-009
5.33 -7.46344e-005 -2.83957e-012 -1.89696e-012 -1.7102e-009 -1.7102e-009
5.34 -7.42703e-005 4.70926e-013 2.36722e-013 -1.77817e-009 -1.77817e-009
5.35 -7.38659e-005 6.74382e-015 -2.70771e-013 -1.80514e-009 -1.80514e-009
5.36 -7.34022e-005 -7.41973e-013 9.84582e-013 -1.75897e-009 -1.75897e-009
5.37 -7.28682e-005 1.69192e-012 -1.22932e-012 -1.61833e-009 -1.61833e-009
5.38 -7.22712e-005 1.70187e-012 -1.08824e-012 -1.38475e-009 -1.38475e-009
5.39 -7.16296e-005 6.19929e-013 -4.01862e-016 -1.08962e-009 -1.08962e-009
5.4 -7.09606e-005 -8.50953e-014 -2.84604e-012 -7.80924e-010 -7.80924e-010
5.41 -7.02772e-005 -1.49714e-012 -6.71141e-013 -4.94524e-010 -4.94524e-010
5.42 -6.95938e-005 2.2601e-013 4.64273e-013 -2.36314e-010 -2.36314e-010
5.43 -6.89289e-005 -1.55691e-012 -5.58106e-013 8.86802e-012 8.86802e-012
5.44 -6.83002e-005 -3.50406e-012 8.63242e-013 2.54139e-010 2.54139e-010
5.45 -6.77138e-005 -4.05032e-012 3.02953e-012 4.99308e-010 4.99308e-010
5.46 -6.71607e-005 -3.15115e-012 2.37379e-012 7.41721e-010 7.41721e-010
5.47 -6.66247e-005 -3.83832e-012 3.55798e-012 9.91947e-010 9.91947e-010
5.48 -6.6091e-005 -6.70898e-012 8.33825e-012 1.27242e-009 1.27242e-009
5.49 -6.55503e-005 -5.22504e-012 7.95237e-012 1.60048e-009 1.60048e-009
5.5 -6.50034e-005 -2.18287e-012 1.94731e-012 1.97341e-009 1.97341e-009
5.51 -6.44661e-005 -6.51136e-013 2.36881e-012 2.36514e-009 2.36514e-009
5.52 -6.39612e-005 -6.25916e-013 2.6571e-012 2.73433e-009 2.73433e-009
5.53 -6.3509e-005 1.50762e-013 -8.15431e-013 3.04068e-009 3.04068e-009
5.54 -6.31254e-005 -3.77942e-013 6.63981e-013 3.26106e-009 3.26106e-009
5.55 -6.28217e-005 -1.87391e-014 -7.29864e-013 3.39503e-009 3.39503e-009
5.56 -6.26027e-005 -2.15336e-013 1.22335e-013 3.45863e-009 3.45863e-009
5.57 -6.24672e-005 -9.43139e-014 1.67011e-013 3.47299e-009 3.47299e-009
5.58 -6.24076e-005 -2.80714e-013 2.67256e-013 3.45583e-009 3.45583e-009
5.59 -6.24114e-005 -3.56734e-013 7.08408e-013 3.41903e-009 3.41903e-009
5.6 -6.24673e-005 -1.56001e-012 2.03011e-012 3.36775e-009 3.36775e-009
5.61 -6.25705e-005 -3.21877e-013 -1.82388e-013 3.29805e-009 3.29805e-009
5.62 -6.27207e-005 -9.52731e-013 -8.84963e-014 3.19733e-009 3.19733e-009
5.63 -6.2916e-005 -1.29281e-012 4.49955e-013 3.05322e-009 3.05322e-009
5.64 -6.31527e-005 -4.2378e-013 7.52935e-015 2.86602e-009 2.86602e-009
5.65 -6.34312e-005 -2.11411e-012 -2.3904e-013 2.65073e-009 2.65073e-009
5.66 -6.37571e-005 1.71736e-013 1.58719e-013 2.42378e-009 2.42378e-009
5.67 -6.41366e-005 -3.99362e-013 2.14444e-013 2.18888e-009 2.18888e-009
5.68 -6.45675e-005 -1.18648e-013 1.87053e-013 1.93896e-009 1.93896e-009
5.69 -6.50364e-005 -2.56629e-013 2.00517e-013 1.67305e-009 1.67305e-009
5.7 -6.55232e-005 1.78893e-011 -2.03929e-011 1.40971e-009 1.40971e-009
5.71 -6.60095e-005 8.23311e-012 -9.28119e-012 1.18138e-009 1.18138e-009
5.72 -6.64823e-005 1.21127e-011 -1.8411e-011 1.01402e-009 1.01402e-009
5.73 -6.69312e-005 7.34433e-012 -1.05955e-011 9.11561e-010 9.11561e-010
5.74 -6.73445e-005 -1.47262e-012 -5.51271e-013 8.60031e-010 8.60031e-010
5.75 -6.77097e-005 3.06584e-012 -5.41453e-012 8.45145e-010 8.45145e-010
5.76 -6.80177e-005 -1.54715e-012 8.88132e-012 8.6492e-010 8.6492e-010
5.77 -6.82651e-005 5.71955e-013 4.16231e-012 9.26726e-010 9.26726e-010
5.78 -6.8453e-005 2.7231e-013 6.89917e-012 1.03538e-009 1.03538e-009
5.79 -6.85886e-005 4.92191e-012 9.35284e-012 1.18398e-009 1.18398e-009
5.8 -6.86869e-005 6.31523e-012 -9.07936e-013 1.35123e-009 1.35123e-009
5.81 -6.87657e-005 1.47133e-012 5.40369e-012 1.50498e-009 1.50498e-009
5.82 -6.88328e-005 -6.80632e-013 1.01288e-011 1.61431e-009 1.61431e-009
5.83 -6.88786e-005 4.34392e-012 4.67635e-012 1.66925e-009 1.66925e-009
5.84 -6.88863e-005 1.77978e-011 2.9189e-011 1.69235e-009 1.69235e-009
5.85 -6.8846e-005 5.30932e-011 5.4552e-011 1.72537e-009 1.72537e-009
5.86 -6.8756e-005 3.26028e-012 4.43057e-012 1.79887e-009 1.79887e-009
5.87 -6.86157e-005 2.46643e-011 1.44251e-011 1.91332e-009 1.91332e-009
5.88 -6.84299e-005 -2.59024e-012 -8.21538e-012 2.04454e-009 2.04454e-009
5.89 -6.82063e-005 4.75184e-012 1.08488e-011 2.16102e-009 2.16102e-009
5.9 -6.79542e-005 9.96018e-012 1.31811e-011 2.23837e-009 2.23837e-009
5.91 -6.76841e-005 -3.39774e-012 -5.12926e-012 2.26686e-009 2.26686e-009
5.92 -6.7409e-005 2.98091e-012 1.15842e-012 2.2509e-009 2.2509e-009
5.93 -6.71412e-005 5.8353e-013 -2.0537e-013 2.20148e-009 2.20148e-009
5.94 -6.68889e-005 2.54596e-014 -1.36679e-012 2.12777e-009 2.12777e-009
5.95 -6.66587e-005 3.01312e-013 1.22728e-012 2.03343e-009 2.03343e-009
5.96 -6.64577e-005 7.46547e-012 3.28193e-012 1.91671e-009 1.91671e-009
5.97 -6.62901e-005 2.30112e-012 1.63425e-012 1.77327e-009 1.77327e-009
5.98 -6.61532e-005 -1.45719e-012 -4.50432e-013 1.60224e-009 1.60224e-009
5.99 -6.60421e-005 4.19571e-013 5.27071e-013 1.4107e-009 1.4107e-009
6 -6.5963e-005 -5.31645e-013 -2.90314e-014 1.20799e-009 1.20799e-009
6.01 -6.59378e-005 -5.18835e-014 3.03701e-013 9.89702e-010 9.89702e-010
6.02 -6.5995e-005 -3.24822e-013 -1.8561e-013 7.27635e-010 7.27635e-010
6.03 -6.61575e-005 -4.60269e-013 -1.25087e-013 3.82728e-010 3.82728e-010
6.04 -6.64372e-005 -3.94758e-013 -6.71483e-014 -6.55785e-011 -6.55785e-011
6.05 -6.68345e-005 2.23007e-012 -4.22256e-012 -5.97978e-010 -5.97978e-010
6.06 -6.73395e-005 2.22719e-012 -2.15579e-012 -1.1586e-009 -1.1586e-009
6.07 -6.79345e-005 -3.96787e-013 -7.72741e-013 -1.67944e-009 -1.67944e-009
6.08 -6.85982e-005 -2.64514e-011 -5.47727e-011 -2.10771e-009 -2.10771e-009
6.09 -6.93128e-005 3.23222e-012 -1.06399e-011 -2.42046e-009 -2.42046e-009
6.1 -7.00702e-005 2.16599e-012 1.58978e-012 -2.6268e-009 -2.6268e-009
6.11 -7.08663e-005 2.66339e-012 -6.74558e-012 -2.76088e-009 -2.76088e-009
6.12 -7.16968e-005 8.72702e-012 -5.27186e-012 -2.86395e-009 -2.86395e-009
6.13 -7.25565e-005 1.823e-011 5.33519e-012 -2.9629e-009 -2.9629e-009
6.14 -7.3436e-005 1.17559e-011 2.68667e-012 -3.05947e-009 -3.05947e-009
6.15 -7.43158e-005 2.07329e-012 -2.87274e-011 -3.13155e-009 -3.13155e-009
6.16 -7.51679e-005 1.94331e-011 -8.44424e-013 -3.14155e-009 -3.14155e-009
6.17 -7.59617e-005 1.2476e-011 3.45746e-011 -3.05018e-009 -3.05018e-009
6.18 -7.66673e-005 3.63052e-011 -7.14982e-011 -2.83048e-009 -2.83048e-009
6.19 -7.72565e-005 -4.18173e-011 -1.48175e-010 -2.47447e-009 -2.47447e-009
6.2 -7.76943e-005 -7.62191e-012 -1.55687e-010 -1.99192e-009 -1.99192e-009
6.21 -7.79565e-005 1.68673e-011 -2.8145e-011 -1.40458e-009 -1.40458e-009
6.22 -7.8017e-005 5.85749e-012 -3.90078e-011 -7.37847e-010 -7.37847e-010
6.23 -7.78534e-005 2.05695e-011 -2.77864e-011 -1.27236e-011 -1.27236e-011
6.24 -7.74527e-005 -2.49931e-011 1.58604e-010 7.55262e-010 7.55262e-010
6.25 -7.6816e-005 -4.97634e-011 1.27321e-010 1.54717e-009 1.54717e-009
6.26 -7.5961e-005 -1.33761e-011 8.50213e-011 2.32959e-009 2.32959e-009
6.27 -7.49188e-005 -2.82042e-011 -2.39052e-011 3.05368e-009 3.05368e-009
6.28 -7.37198e-005 2.02071e-011 7.72179e-012 3.67037e-009 3.67037e-009
6.29 -7.23812e-005 2.04752e-011 6.15547e-011 4.15616e-009 4.15616e-009
6.3 -7.08948e-005 -2.17999e-011 -7.92432e-013 4.53526e-009 4.53526e-009
6.31 -6.92478e-005 -4.82505e-012 -1.15219e-012 4.87585e-009 4.87585e-009
6.32 -6.74533e-005 -5.91367e-012 -4.11629e-012 5.2452e-009 5.2452e-009
6.33 -6.55589e-005 -3.35704e-011 2.19048e-011 5.64653e-009 5.64653e-009
6.34 -6.3646e-005 -6.46071e-011 7.88961e-011 5.98845e-009 5.98845e-009
6.35 -6.18104e-005 -7.52066e-011 -6.12533e-012 6.11613e-009 6.11613e-009
6.36 -6.01391e-005 -5.98447e-011 -1.04092e-010 5.88788e-009 5.88788e-009
6.37 -5.86863e-005 -9.21685e-011 -1.23944e-010 5.25381e-009 5.25381e-009
6.38 -5.74695e-005 -1.23118e-010 -2.12728e-010 4.29299e-009 4.29299e-009
6.39 -5.64983e-005 -1.11171e-010 -2.27892e-010 3.17884e-009 3.17884e-009
6.4 -5.57977e-005 -2.30416e-011 -2.03446e-010 2.08337e-009 2.08337e-009
6.41 -5.53991e-005 -1.68532e-011 -1.38693e-010 1.08756e-009 1.08756e-009
6.42 -5.53153e-005 -2.38593e-010 1.758e-010 1.71567e-010 1.71567e-010
6.43 -5.55437e-005 -6.34053e-011 1.27855e-010 -7.16182e-010 -7.16182e-010
6.44 -5.60668e-005 3.95606e-011 -5.99867e-011 -1.58541e-009 -1.58541e-009
6.45 -5.68549e-005 -5.46621e-012 -2.87922e-011 -2.3848e-009 -2.3848e-009
6.46 -5.78742e-005 1.64363e-011 -2.9473e-011 -3.0328e-009 -3.0328e-009
6.47 -5.90996e-005 -8.23926e-012 2.53586e-011 -3.46481e-009 -3.46481e-009
6.48 -6.05259e-005 -2.72079e-012 3.06019e-012 -3.67165e-009 -3.67165e-009
6.49 -6.21547e-005 -1.08632e-011 1.41387e-011 -3.71029e-009 -3.71029e-009
6.5 -6.39743e-005 7.32943e-013 -2.09521e-012 -3.6725e-009 -3.6725e-009
6.51 -6.59485e-005 -2.43081e-013 8.35069e-014 -3.62404e-009 -3.62404e-009
6.52 -6.80219e-005 2.36668e-013 -9.87405e-013 -3.55895e-009 -3.55895e-009
6.53 -7.01312e-005 1.62144e-011 1.94023e-011 -3.40649e-009 -3.40649e-009
6.54 -7.22151e-005 1.66884e-011 -1.51784e-012 -3.08547e-009 -3.08547e-009
6.55 -7.4211e-005 2.03558e-010 -5.02929e-011 -2.56172e-009 -2.56172e-009
6.56 -7.60495e-005 1.65709e-010 -1.231e-010 -1.86512e-009 -1.86512e-009
6.57 -7.76672e-005 -7.3747e-011 7.11312e-011 -1.06225e-009 -1.06225e-009
6.58 -7.90209e-005 5.36298e-011 -2.65887e-011 -2.14307e-010 -2.14307e-010
6.59 -8.00428e-005 -1.35211e-011 1.16413e-011 6.50672e-010 6.50672e-010
6.6 -8.0692e-005 9.17484e-012 -4.75018e-012 1.53829e-009 1.53829e-009
6.61 -8.09591e-005 -2.72922e-011 1.82405e-011 2.46283e-009 2.46283e-009
6.62 -8.08658e-005 3.70233e-011 -5.91587e-011 3.41421e-009 3.41421e-009
6.63 -8.04582e-005 1.67704e-011 6.82219e-012 4.33884e-009 4.33884e-009
6.64 -7.97919e-005 -9.0144e-013 4.83339e-012 5.14551e-009 5.14551e-009
6.65 -7.89288e-005 7.02851e-012 1.05004e-011 5.73216e-009 5.73216e-009
6.66 -7.79311e-005 3.15486e-012 1.0764e-011 6.01622e-009 6.01622e-009
6.67 -7.68594e-005 4.07293e-012 2.38692e-011 5.95175e-009 5.95175e-009
6.68 -7.57667e-005 4.70144e-012 6.71941e-011 5.53101e-009 5.53101e-009
6.69 -7.46908e-005 1.67017e-010 -2.76813e-010 4.77914e-009 4.77914e-009
6.7 -7.36552e-005 2.9107e-010 -5.97576e-010 3.74786e-009 3.74786e-009
6.71 -7.26783e-005 1.02762e-010 -7.0294e-011 2.50904e-009 2.50904e-009
6.72 -7.17673e-005 7.84171e-012 -6.05759e-011 1.14281e-009 1.14281e-009
6.73 -7.09351e-005 1.19383e-011 -1.77902e-011 -2.8e-010 -2.8e-010
6.74 -7.01997e-005 -4.34162e-011 4.86793e-011 -1.70522e-009 -1.70522e-009
6.75 -6.95875e-005 -1.15075e-011 -4.89208e-011 -3.09267e-009 -3.09267e-009
6.76 -6.91378e-005 1.0634e-011 -3.47093e-012 -4.41656e-009 -4.41656e-009
6.77 -6.88846e-005 5.94398e-011 -3.07186e-011 -5.66536e-009 -5.66536e-009
6.78 -6.88509e-005 7.22435e-011 -2.61847e-011 -6.83238e-009 -6.83238e-009
6.79 -6.90465e-005 5.26198e-011 3.5327e-011 -7.90167e-009 -7.90167e-009
6.8 -6.94705e-005 7.61446e-011 7.26796e-011 -8.84385e-009 -8.84385e-009
6.81 -7.01093e-005 1.31045e-010 1.39408e-010 -9.62485e-009 -9.62485e-009
6.82 -7.09307e-005 7.90433e-011 8.2115e-011 -1.02142e-008 -1.02142e-008
6.83 -7.1894e-005 -2.43417e-011 1.85845e-011 -1.05851e-008 -1.05851e-008
6.84 -7.29595e-005 2.16345e-011 5.23403e-011 -1.07133e-008 -1.07133e-008
6.85 -7.40897e-005 4.7007e-011 1.10532e-010 -1.05859e-008 -1.05859e-008
6.86 -7.52468e-005 2.69997e-011 7.44815e-011 -1.02067e-008 -1.02067e-008
6.87 -7.63832e-005 -3.9763e-011 -5.54508e-011 -9.58825e-009 -9.58825e-009
6.88 -7.74607e-005 -2.02481e-012 9.34286e-012 -8.74008e-009 -8.74008e-009
6.89 -7.84528e-005 -1.44266e-011 -2.6181e-011 -7.67064e-009 -7.67064e-009
6.9 -7.93369e-005 7.11064e-011 7.86645e-011 -6.40236e-009 -6.40236e-009
6.91 -8.00877e-005 2.92928e-011 2.16844e-011 -4.97713e-009 -4.97713e-009
6.92 -8.06722e-005 -5.79232e-011 -5.35144e-011 -3.44113e-009 -3.44113e-009
6.93 -8.10667e-005 1.21106e-011 6.08317e-012 -1.83324e-009 -1.83324e-009
6.94 -8.12782e-005 -1.80516e-011 -1.5013e-012 -2.00704e-010 -2.00704e-010
6.95 -8.13298e-005 1.3981e-012 7.08967e-012 1.37407e-009 1.37407e-009
6.96 -8.1257e-005 -1.04106e-012 9.84082e-012 2.7736e-009 2.7736e-009
6.97 -8.10956e-005 6.79212e-013 1.00162e-011 3.88107e-009 3.88107e-009
6.98 -8.08822e-005 5.71352e-011 3.8697e-012 4.61854e-009 4.61854e-009
6.99 -8.06562e-005 1.14956e-010 -1.01312e-010 4.95481e-009 4.95481e-009
7 -8.04508e-005 2.15005e-010 -2.36072e-010 4.89003e-009 4.89003e-009
7.01 -8.0275e-005 1.2452e-010 -2.07046e-010 4.44681e-009 4.44681e-009
7.02 -8.01121e-005 3.25293e-011 -6.17282e-011 3.67686e-009 3.67686e-009
7.03 -7.99437e-005 5.46423e-011 -5.04297e-011 2.6625e-009 2.6625e-009
7.04 -7.97713e-005 1.34614e-011 5.04382e-011 1.48864e-009 1.48864e-009
7.05 -7.96153e-005 -5.27827e-012 -2.00719e-011 1.98736e-010 1.98736e-010
7.06 -7.95079e-005 8.21504e-012 7.62509e-012 -1.21976e-009 -1.21976e-009
7.07 -7.94724e-005 5.93536e-011 -3.59957e-011 -2.80172e-009 -2.80172e-009
7.08 -7.95181e-005 8.89109e-011 -5.73079e-011 -4.5492e-009 -4.5492e-009
7.09 -7.9653e-005 2.00576e-011 -5.90475e-011 -6.40154e-009 -6.40154e-009
7.1 -7.98848e-005 -2.9604e-014 7.46109e-012 -8.25529e-009 -8.25529e-009
7.11 -8.02153e-005 1.21013e-012 5.66732e-012 -1.00081e-008 -1.00081e-008
7.12 -8.06349e-005 3.4706e-013 -1.75577e-012 -1.15825e-008 -1.15825e-008
7.13 -8.11202e-005 1.84029e-012 1.38791e-012 -1.2921e-008 -1.2921e-008
7.14 -8.16443e-005 3.17245e-012 -1.21144e-012 -1.39732e-008 -1.39732e-008
7.15 -8.21668e-005 6.55796e-013 -1.19683e-014 -1.46942e-008 -1.46942e-008
7.16 -8.26417e-005 4.10678e-012 6.38271e-012 -1.50522e-008 -1.50522e-008
7.17 -8.30284e-005 5.82076e-012 1.90559e-011 -1.50345e-008 -1.50345e-008
7.18 -8.32919e-005 2.37435e-011 4.30442e-011 -1.46472e-008 -1.46472e-008
7.19 -8.34047e-005 4.98727e-011 6.21155e-011 -1.3909e-008 -1.3909e-008
7.2 -8.33484e-005 2.30165e-011 2.41965e-011 -1.28443e-008 -1.28443e-008
7.21 -8.31117e-005 3.76708e-011 2.90733e-011 -1.14773e-008 -1.14773e-008
7.22 -8.26763e-005 2.80253e-011 2.67862e-011 -9.82513e-009 -9.82513e-009
7.23 -8.20145e-005 2.08385e-011 2.63192e-011 -7.8919e-009 -7.8919e-009
7.24 -8.11004e-005 3.31386e-011 3.99278e-011 -5.67061e-009 -5.67061e-009
7.25 -7.99226e-005 1.86384e-011 1.09277e-011 -3.16658e-009 -3.16658e-009
7.26 -7.84878e-005 -1.37422e-012 -2.39853e-013 -4.32275e-010 -4.32275e-010
7.27 -7.68198e-005 -6.96062e-012 2.64722e-012 2.41428e-009 2.41428e-009
7.28 -7.49578e-005 -8.71095e-013 6.33484e-013 5.20504e-009 5.20504e-009
7.29 -7.29569e-005 -8.66546e-012 9.81113e-013 7.76084e-009 7.76084e-009
7.3 -7.08798e-005 -4.29203e-012 6.85207e-012 9.93181e-009 9.93181e-009
7.31 -6.87779e-005 8.97518e-013 1.76427e-012 1.16274e-008 1.16274e-008
7.32 -6.66866e-005 6.25502e-013 7.43838e-013 1.28301e-008 1.28301e-008
7.33 -6.46409e-005 7.59208e-013 1.24542e-012 1.35814e-008 1.35814e-008
7.34 -6.26899e-005 6.93487e-013 9.98873e-013 1.39399e-008 1.39399e-008
7.35 -6.08876e-005 7.25791e-013 1.12006e-012 1.39336e-008 1.39336e-008
7.36 -5.92693e-005 7.09912e-013 1.06049e-012 1.35484e-008 1.35484e-008
7.37 -5.78432e-005 7.17717e-013 1.08977e-012 1.27675e-008 1.27675e-008
7.38 -5.66083e-005 7.13881e-013 1.07538e-012 1.16176e-008 1.16176e-008
7.39 -5.55746e-005 7.15767e-013 1.08245e-012 1.01665e-008 1.01665e-008
7.4 -5.4769e-005 -9.5044e-011 -1.11004e-010 8.47942e-009 8.47942e-009
7.41 -5.42238e-005 -6.57782e-010 -7.02087e-010 6.5883e-009 6.5883e-009
7.42 -5.39543e-005 -4.19025e-010 -2.963e-010 4.50692e-009 4.50692e-009
7.43 -5.39713e-005 -1.73597e-011 -1.52743e-011 2.27023e-009 2.27023e-009
7.44 -5.42883e-005 6.14073e-011 3.21941e-011 -4.16236e-011 -4.16236e-011
7.45 -5.49208e-005 1.92788e-011 1.29828e-010 -2.32351e-009 -2.32351e-009
7.46 -5.58758e-005 1.24174e-010 8.18399e-011 -4.48628e-009 -4.48628e-009
7.47 -5.71304e-005 -1.50567e-010 -1.65519e-010 -6.46589e-009 -6.46589e-009
7.48 -5.86361e-005 3.99612e-011 6.27434e-011 -8.19778e-009 -8.19778e-009
7.49 -6.03212e-005 -1.06684e-010 -3.60937e-011 -9.59676e-009 -9.59676e-009
7.5 -6.21235e-005 -7.72116e-012 1.59001e-011 -1.05739e-008 -1.05739e-008
7.51 -6.39881e-005 -1.92188e-010 -1.85376e-010 -1.10774e-008 -1.10774e-008
7.52 -6.58715e-005 -3.922e-012 1.82887e-011 -1.11102e-008 -1.11102e-008
7.53 -6.77148e-005 5.32831e-011 4.4166e-011 -1.07022e-008 -1.07022e-008
7.54 -6.94615e-005 8.5134e-011 9.35713e-011 -9.87148e-009 -9.87148e-009
7.55 -7.1074e-005 1.08509e-011 1.53087e-011 -8.61697e-009 -8.61697e-009
7.56 -7.25349e-005 -6.9342e-012 2.56561e-012 -6.95077e-009 -6.95077e-009
7.57 -7.38506e-005 2.97322e-012 8.84366e-012 -4.93977e-009 -4.93977e-009
7.58 -7.5024e-005 -9.426e-013 -2.07276e-012 -2.70958e-009 -2.70958e-009
7.59 -7.60274e-005 7.32599e-011 1.00807e-010 -3.94584e-010 -3.94584e-010
7.6 -7.68171e-005 8.44061e-011 5.60287e-011 1.92169e-009 1.92169e-009
7.61 -7.73598e-005 4.54e-011 1.64539e-010 4.21596e-009 4.21596e-009
7.62 -7.76519e-005 6.64048e-012 -5.01583e-011 6.47249e-009 6.47249e-009
7.63 -7.77003e-005 2.36528e-010 3.15585e-010 8.62218e-009 8.62218e-009
7.64 -7.75097e-005 9.0692e-011 1.65021e-010 1.05425e-008 1.05425e-008
7.65 -7.70737e-005 -2.80644e-011 -2.12089e-011 1.21167e-008 1.21167e-008
7.66 -7.63788e-005 3.6881e-011 7.77512e-011 1.32884e-008 1.32884e-008
7.67 -7.5419e-005 2.22243e-011 1.92706e-011 1.40662e-008 1.40662e-008
7.68 -7.42064e-005 -7.37245e-013 -4.59128e-012 1.44842e-008 1.44842e-008
7.69 -7.27881e-005 3.07002e-012 2.95331e-012 1.45508e-008 1.45508e-008
7.7 -7.12254e-005 5.83329e-013 1.93325e-013 1.42309e-008 1.42309e-008
7.71 -6.95716e-005 7.20978e-012 -1.08875e-012 1.34783e-008 1.34783e-008
7.72 -6.7865e-005 6.69706e-012 -4.36776e-012 1.22882e-008 1.22882e-008
7.73 -6.61395e-005 -3.69563e-013 2.59254e-012 1.07183e-008 1.07183e-008
7.74 -6.44284e-005 -1.50368e-011 7.28284e-012 8.86288e-009 8.86288e-009
7.75 -6.27583e-005 1.73408e-011 -1.22069e-011 6.81647e-009 6.81647e-009
7.76 -6.11435e-005 -7.42695e-012 7.36129e-012 4.66325e-009 4.66325e-009
7.77 -5.95992e-005 7.20122e-012 -5.5066e-012 2.48447e-009 2.48447e-009
7.78 -5.81594e-005 1.60499e-011 -1.71128e-012 3.52094e-010 3.52094e-010
7.79 -5.68804e-005 -6.45732e-012 2.05662e-012 -1.69632e-009 -1.69632e-009
7.8 -5.58278e-005 -4.27116e-013 6.37473e-013 -3.66708e-009 -3.66708e-009
7.81 -5.50553e-005 -4.99611e-011 -1.64509e-011 -5.57749e-009 -5.57749e-009
7.82 -5.4592e-005 -1.98577e-011 -2.86757e-011 -7.39973e-009 -7.39973e-009
7.83 -5.44331e-005 1.44284e-010 -4.65797e-011 -9.02725e-009 -9.02725e-009
7.84 -5.45487e-005 9.70435e-011 -5.1627e-011 -1.0293e-008 -1.0293e-008
7.85 -5.48968e-005 6.87444e-012 4.73373e-011 -1.10298e-008 -1.10298e-008
7.86 -5.54293e-005 1.14976e-010 2.31985e-011 -1.11305e-008 -1.11305e-008
7.87 -5.60916e-005 4.34071e-009 4.95167e-009 -1.05763e-008 -1.05763e-008
7.88 -5.68537e-005 4.89836e-009 5.27358e-009 -9.43774e-009 -9.43774e-009
7.89 -5.76693e-005 4.19709e-009 4.52693e-009 -7.8509e-009 -7.8509e-009
7.9 -5.85264e-005 2.9145e-009 3.72193e-009 -5.96653e-009 -5.96653e-009
7.91 -5.94539e-005 2.18433e-009 2.49621e-009 -3.90628e-009 -3.90628e-009
7.92 -6.04662e-005 6.70234e-011 -4.08862e-010 -1.7517e-009 -1.7517e-009
7.93 -6.15896e-005 -3.99772e-012 2.82666e-010 4.44958e-010 4.44958e-010
7.94 -6.28029e-005 6.0548e-010 2.46538e-010 2.6471e-009 2.6471e-009
7.95 -6.40761e-005 6.55429e-010 7.99937e-010 4.82122e-009 4.82122e-009
7.96 -6.53654e-005 8.15404e-011 1.37909e-010 6.93021e-009 6.93021e-009
7.97 -6.66245e-005 9.59806e-011 1.58931e-010 8.93297e-009 8.93297e-009
7.98 -6.77868e-005 -9.22144e-011 -1.36324e-011 1.07835e-008 1.07835e-008
7.99 -6.87857e-005 -2.15064e-011 -5.96356e-011 1.243e-008 1.243e-008
8 -6.95588e-005 7.40728e-012 -5.21025e-012 1.38152e-008 1.38152e-008
8.01 -7.00673e-005 -1.72499e-012 2.87615e-012 1.48733e-008 1.48733e-008
8.02 -7.03156e-005 4.15754e-012 -5.52281e-012 1.55204e-008 1.55204e-008
8.03 -7.03467e-005 2.32808e-012 -2.3736e-012 1.56532e-008 1.56532e-008
8.04 -7.02229e-005 2.87256e-012 -1.01104e-012 1.51769e-008 1.51769e-008
8.05 -6.99976e-005 2.05157e-012 -2.40698e-012 1.40577e-008 1.40577e-008
8.06 -6.97135e-005 3.4024e-012 -2.33301e-012 1.23641e-008 1.23641e-008
8.07 -6.94116e-005 5.51052e-012 1.88373e-012 1.02514e-008 1.02514e-008
8.08 -6.91276e-005 1.40242e-011 -3.63602e-012 7.89391e-009 7.89391e-009
8.09 -6.88789e-005 1.64253e-010 3.72596e-010 5.41281e-009 5.41281e-009
8.1 -6.86618e-005 7.43744e-010 1.0268e-009 2.85223e-009 2.85223e-009
8.11 -6.84693e-005 1.06627e-009 1.13962e-009 2.05629e-010 2.05629e-010
8.12 -6.83072e-005 3.36574e-010 1.96946e-010 -2.52954e-009 -2.52954e-009
8.13 -6.81984e-005 1.99134e-011 -1.21256e-010 -5.31138e-009 -5.31138e-009
8.14 -6.81669e-005 -2.98292e-011 1.00704e-010 -8.05911e-009 -8.05911e-009
8.15 -6.82414e-005 -2.93589e-012 -7.35766e-011 -1.06731e-008 -1.06731e-008
8.16 -6.8443e-005 1.91096e-010 1.10243e-010 -1.30375e-008 -1.30375e-008
8.17 -6.87858e-005 3.50768e-010 -5.23911e-011 -1.50198e-008 -1.50198e-008
8.18 -6.92702e-005 3.05616e-010 2.49261e-010 -1.64854e-008 -1.64854e-008
8.19 -6.98847e-005 3.36207e-010 4.46291e-010 -1.73264e-008 -1.73264e-008
8.2 -7.06086e-005 2.80177e-010 3.76488e-010 -1.74865e-008 -1.74865e-008
8.21 -7.14159e-005 6.74203e-011 1.26805e-010 -1.69697e-008 -1.69697e-008
8.22 -7.22854e-005 4.00524e-011 6.42894e-011 -1.58368e-008 -1.58368e-008
8.23 -7.31953e-005 -2.23561e-011 -1.88545e-011 -1.41948e-008 -1.41948e-008
8.24 -7.41275e-005 5.79678e-011 1.02363e-010 -1.21823e-008 -1.21823e-008
8.25 -7.50689e-005 7.59886e-010 8.23584e-010 -9.94671e-009 -9.94671e-009
8.26 -7.60002e-005 1.80321e-009 1.74017e-009 -7.62152e-009 -7.62152e-009
8.27 -7.68944e-005 -2.90973e-011 -2.01584e-011 -5.29816e-009 -5.29816e-009
8.28 -7.77364e-005 2.16413e-011 2.04694e-011 -2.99967e-009 -2.99967e-009
8.29 -7.84811e-005 -1.83522e-010 -4.15684e-010 -6.89673e-010 -6.89673e-010
8.3 -7.90951e-005 -2.77474e-009 -2.70969e-009 1.67596e-009 1.67596e-009
8.31 -7.95218e-005 4.11857e-011 1.64445e-009 4.09323e-009 4.09323e-009
8.32 -7.97775e-005 1.91578e-009 1.91832e-009 6.47787e-009 6.47787e-009
8.33 -7.981e-005 4.75636e-010 1.43919e-010 8.65799e-009 8.65799e-009
8.34 -7.95901e-005 6.75161e-010 7.3259e-011 1.04075e-008 1.04075e-008
8.35 -7.91736e-005 -1.63126e-009 -1.63646e-009 1.15254e-008 1.15254e-008
8.36 -7.857e-005 -3.85925e-009 -3.98639e-009 1.18956e-008 1.18956e-008
8.37 -7.78637e-005 -7.53791e-009 -8.0087e-009 1.15083e-008 1.15083e-008
8.38 -7.70982e-005 -5.92617e-009 -6.96146e-009 1.04379e-008 1.04379e-008
8.39 -7.63456e-005 -5.01517e-009 -5.82341e-009 8.77248e-009 8.77248e-009
8.4 -7.56414e-005 -3.27922e-009 -5.0899e-009 6.59678e-009 6.59678e-009
8.41 -7.50266e-005 -1.46926e-009 -2.41031e-009 4.02276e-009 4.02276e-009
8.42 -7.45463e-005 -2.24049e-009 -2.58568e-009 1.18396e-009 1.18396e-009
8.43 -7.42153e-005 -1.12217e-010 -2.39411e-009 -1.79384e-009 -1.79384e-009
8.44 -7.40794e-005 -6.02821e-010 -1.18253e-009 -4.82521e-009 -4.82521e-009
8.45 -7.41379e-005 -2.6446e-010 -3.42032e-011 -7.88485e-009 -7.88485e-009
8.46 -7.44343e-005 3.18147e-010 5.56246e-010 -1.09913e-008 -1.09913e-008
8.47 -7.50121e-005 -4.05879e-010 -7.16723e-010 -1.41642e-008 -1.41642e-008
8.48 -7.5875e-005 -9.00399e-011 -5.3571e-010 -1.73967e-008 -1.73967e-008
8.49 -7.70371e-005 -4.62247e-010 -6.91516e-010 -2.06409e-008 -2.06409e-008
8.5 -7.85168e-005 -3.49625e-010 -6.42314e-010 -2.37843e-008 -2.37843e-008
8.51 -8.03203e-005 -9.95914e-012 -3.33416e-010 -2.66408e-008 -2.66408e-008
8.52 -8.242e-005 5.0524e-011 -2.32903e-010 -2.89878e-008 -2.89878e-008
8.53 -8.47811e-005 3.26524e-011 -1.06672e-010 -3.06283e-008 -3.06283e-008
8.54 -8.73257e-005 2.17931e-011 -3.01591e-010 -3.14374e-008 -3.14374e-008
8.55 -8.99592e-005 8.72472e-011 -2.53513e-011 -3.138e-008 -3.138e-008
8.56 -9.2613e-005 -5.29371e-012 -4.93637e-011 -3.05241e-008 -3.05241e-008
8.57 -9.52079e-005 -1.15023e-010 -8.35814e-011 -2.90404e-008 -2.90404e-008
8.58 -9.76889e-005 -1.55824e-010 -1.81856e-010 -2.71493e-008 -2.71493e-008
8.59 -0.000100022 -3.11912e-010 -3.56699e-010 -2.5038e-008 -2.5038e-008
8.6 -0.000102182 -1.90017e-010 -2.39202e-010 -2.28215e-008 -2.28215e-008
8.61 -0.000104144 -8.96978e-011 -9.90801e-011 -2.05615e-008 -2.05615e-008
8.62 -0.000105902 -1.34347e-009 -4.57572e-010 -1.83025e-008 -1.83025e-008
8.63 -0.000107449 -2.95053e-009 -2.0426e-009 -1.6082e-008 -1.6082e-008
8.64 -0.000108756 -3.17056e-009 -3.61965e-009 -1.39186e-008 -1.39186e-008
8.65 -0.000109752 -1.08048e-009 -2.22445e-009 -1.18165e-008 -1.18165e-008
8.66 -0.000110402 -7.62997e-010 -2.34049e-009 -9.78244e-009 -9.78244e-009
8.67 -0.000110729 -9.64715e-010 -3.08107e-009 -7.84036e-009 -7.84036e-009
8.68 -0.000110711 -5.67371e-010 -2.4974e-009 -6.04838e-009 -6.04838e-009
8.69 -0.000110335 5.73639e-011 -1.36271e-009 -4.51365e-009 -4.51365e-009
8.7 -0.000109631 -1.90436e-010 1.43908e-010 -3.39441e-009 -3.39441e-009
8.71 -0.000108632 -4.70087e-010 -9.17186e-010 -2.86716e-009 -2.86716e-009
8.72 -0.000107393 -8.47431e-010 -1.92301e-009 -3.0621e-009 -3.0621e-009
8.73 -0.000105991 -3.09326e-010 -2.07503e-009 -4.00656e-009 -4.00656e-009
8.74 -0.000104513 -1.29388e-010 -1.88083e-009 -5.61184e-009 -5.61184e-009
8.75 -0.000103031 -3.35624e-010 -4.50132e-010 -7.72082e-009 -7.72082e-009
8.76 -0.000101623 3.39128e-010 -1.13531e-009 -1.0175e-008 -1.0175e-008
8.77 -0.000100341 3.3131e-010 -5.90161e-010 -1.28505e-008 -1.28505e-008
8.78 -9.92113e-005 -1.10832e-010 -1.88181e-010 -1.56529e-008 -1.56529e-008
8.79 -9.82748e-005 6.22774e-010 -1.61492e-009 -1.84964e-008 -1.84964e-008
8.8 -9.7544e-005 -3.64309e-010 9.5408e-011 -2.13015e-008 -2.13015e-008
8.81 -9.70328e-005 6.7302e-010 -1.168e-009 -2.39966e-008 -2.39966e-008
8.82 -9.67263e-005 4.03107e-010 -8.2188e-010 -2.65072e-008 -2.65072e-008
8.83 -9.66143e-005 -1.15132e-009 -4.71114e-010 -2.87522e-008 -2.87522e-008
8.84 -9.67e-005 -9.17092e-010 -5.86636e-010 -3.06572e-008 -3.06572e-008
8.85 -9.69966e-005 -1.81583e-009 -1.66755e-009 -3.21624e-008 -3.21624e-008
8.86 -9.74901e-005 -2.27091e-009 -1.58385e-009 -3.32175e-008 -3.32175e-008
8.87 -9.81927e-005 -1.17538e-009 -2.07981e-009 -3.37697e-008 -3.37697e-008
8.88 -9.90742e-005 -2.27842e-009 -3.2251e-009 -3.37538e-008 -3.37538e-008
8.89 -0.000100079 -1.96719e-009 -3.59789e-009 -3.30944e-008 -3.30944e-008
8.9 -0.000101136 -5.3619e-010 -2.22583e-009 -3.17157e-008 -3.17157e-008
8.91 -0.000102168 -9.8185e-011 -1.02084e-009 -2.95716e-008 -2.95716e-008
8.92 -0.000103083 1.10667e-010 -4.67611e-010 -2.66811e-008 -2.66811e-008
8.93 -0.000103808 -6.33736e-011 -5.86862e-010 -2.31406e-008 -2.31406e-008
8.94 -0.00010425 -1.03125e-009 -1.39523e-009 -1.91215e-008 -1.91215e-008
8.95 -0.000104318 -4.28534e-010 -1.28296e-009 -1.48409e-008 -1.48409e-008
8.96 -0.000103933 -1.94943e-010 -1.341e-010 -1.0503e-008 -1.0503e-008
8.97 -0.000103043 7.85815e-010 1.6419e-010 -6.23483e-009 -6.23483e-009
8.98 -0.000101641 -6.05306e-010 -1.18133e-009 -2.07615e-009 -2.07615e-009
8.99 -9.97653e-005 2.287e-010 7.84998e-011 1.94306e-009 1.94306e-009
9 -9.73672e-005 -5.94657e-011 -6.46728e-010 5.72254e-009 5.72254e-009
9.01 -9.45389e-005 1.23107e-010 -2.97639e-010 9.10159e-009 9.10159e-009
9.02 -9.14463e-005 1.59649e-009 4.73636e-010 1.196e-008 1.196e-008
9.03 -8.81152e-005 1.17577e-008 7.8615e-009 1.42713e-008 1.42713e-008
9.04 -8.45295e-005 1.2461e-008 1.19597e-008 1.59924e-008 1.59924e-008
9.05 -8.06927e-005 6.59473e-009 5.22737e-009 1.70197e-008 1.70197e-008
9.06 -7.66802e-005 6.11857e-009 3.9734e-009 1.73345e-008 1.73345e-008
9.07 -7.25059e-005 3.04839e-009 2.07605e-009 1.70357e-008 1.70357e-008
9.08 -6.82247e-005 2.47151e-009 -1.96228e-009 1.62085e-008 1.62085e-008
9.09 -6.38453e-005 2.27071e-009 2.74159e-010 1.4853e-008 1.4853e-008
9.1 -5.95017e-005 8.56563e-010 1.83116e-010 1.29155e-008 1.29155e-008
9.11 -5.52169e-005 -2.20133e-009 -3.04486e-009 1.03757e-008 1.03757e-008
9.12 -5.11244e-005 -9.57987e-010 7.00857e-010 7.31516e-009 7.31516e-009
9.13 -4.73253e-005 -4.96985e-010 -9.95797e-010 3.89501e-009 3.89501e-009
9.14 -4.39096e-005 -1.71197e-009 4.85142e-010 2.81966e-010 2.81966e-010
9.15 -4.0937e-005 -2.14525e-009 -2.02599e-009 -3.36915e-009 -3.36915e-009
9.16 -3.84552e-005 -1.99415e-010 1.52285e-009 -6.90076e-009 -6.90076e-009
9.17 -3.64589e-005 6.89842e-010 -3.01628e-010 -1.01742e-008 -1.01742e-008
9.18 -3.49624e-005 4.73231e-011 -9.27904e-011 -1.30802e-008 -1.30802e-008
9.19 -3.39302e-005 5.71715e-010 1.27634e-010 -1.55244e-008 -1.55244e-008
9.2 -3.33419e-005 1.18181e-009 -1.17951e-010 -1.74231e-008 -1.74231e-008
9.21 -3.31369e-005 2.67402e-010 2.02917e-009 -1.8706e-008 -1.8706e-008
9.22 -3.32456e-005 3.03585e-011 1.90796e-010 -1.93136e-008 -1.93136e-008
9.23 -3.36544e-005 -8.58315e-011 4.16066e-010 -1.91901e-008 -1.91901e-008
9.24 -3.42932e-005 5.33583e-010 -1.04344e-009 -1.8289e-008 -1.8289e-008
9.25 -3.51315e-005 -5.58279e-010 1.35162e-009 -1.65917e-008 -1.65917e-008
9.26 -3.61056e-005 3.51737e-010 -4.5816e-010 -1.41285e-008 -1.41285e-008
9.27 -3.71955e-005 -9.43939e-010 1.23482e-009 -1.0978e-008 -1.0978e-008
9.28 -3.83519e-005 9.66466e-010 -9.72108e-010 -7.225e-009 -7.225e-009
9.29 -3.94975e-005 -2.86822e-010 1.50214e-009 -2.92376e-009 -2.92376e-009
9.3 -4.05181e-005 -2.08835e-009 3.20274e-009 1.87313e-009 1.87313e-009
9.31 -4.13764e-005 3.73197e-010 7.40593e-010 7.05995e-009 7.05995e-009
9.32 -4.1974e-005 -7.82167e-010 3.2176e-009 1.24565e-008 1.24565e-008
9.33 -4.22578e-005 -1.59458e-009 1.87076e-009 1.78237e-008 1.78237e-008
9.34 -4.22216e-005 -6.38052e-010 9.83338e-010 2.29133e-008 2.29133e-008
9.35 -4.1885e-005 -9.20718e-011 8.58354e-011 2.75057e-008 2.75057e-008
9.36 -4.12917e-005 -8.31815e-010 1.49739e-009 3.1421e-008 3.1421e-008
9.37 -4.04827e-005 4.38711e-010 1.3545e-009 3.45344e-008 3.45344e-008
9.38 -3.95165e-005 -1.46673e-009 1.9668e-009 3.67851e-008 3.67851e-008
9.39 -3.84371e-005 1.6522e-012 -9.77631e-011 3.81583e-008 3.81583e-008
9.4 -3.72989e-005 -5.74946e-013 -6.50108e-011 3.86491e-008 3.86491e-008
9.41 -3.61253e-005 2.02445e-011 -8.76795e-011 3.82498e-008 3.82498e-008
9.42 -3.49287e-005 -3.96997e-011 -6.19946e-011 3.69733e-008 3.69733e-008
9.43 -3.373e-005 8.67017e-012 -8.01494e-011 3.48755e-008 3.48755e-008
9.44 -3.25532e-005 6.07842e-011 -9.19706e-011 3.2047e-008 3.2047e-008
9.45 -3.14268e-005 -2.56927e-011 -6.92012e-011 2.8585e-008 2.8585e-008
9.46 -3.04031e-005 -1.07188e-011 -7.3574e-011 2.45791e-008 2.45791e-008
9.47 -2.95432e-005 -1.03918e-011 -7.32676e-011 2.01241e-008 2.01241e-008
9.48 -2.89124e-005 1.33588e-011 -8.1299e-011 1.53379e-008 1.53379e-008
9.49 -2.85757e-005 7.267e-012 -7.94175e-011 1.03663e-008 1.03663e-008
9.5 -2.85933e-005 1.30848e-011 -7.52902e-011 5.38004e-009 5.38004e-009
9.51 -2.90224e-005 1.89341e-010 -1.38718e-010 5.62647e-010 5.62647e-010
9.52 -2.99011e-005 5.02288e-011 -6.3743e-011 -3.90584e-009 -3.90584e-009
9.53 -3.12509e-005 -3.6516e-010 -3.21534e-010 -7.85903e-009 -7.85903e-009
9.54 -3.30352e-005 -1.31882e-010 -1.02224e-009 -1.11628e-008 -1.11628e-008
9.55 -3.52035e-005 -1.69935e-009 -3.20264e-009 -1.37284e-008 -1.37284e-008
9.56 -3.76717e-005 7.08456e-010 -1.8958e-009 -1.55049e-008 -1.55049e-008
9.57 -4.0367e-005 1.23156e-009 -7.8393e-010 -1.64936e-008 -1.64936e-008
9.58 -4.32359e-005 5.65906e-010 -9.19596e-010 -1.67609e-008 -1.67609e-008
9.59 -4.61773e-005 2.72015e-009 3.53151e-009 -1.63796e-008 -1.63796e-008
9.6 -4.91469e-005 2.02349e-009 3.06948e-009 -1.53619e-008 -1.53619e-008
9.61 -5.20796e-005 1.35382e-010 8.02486e-010 -1.36719e-008 -1.36719e-008
9.62 -5.49631e-005 1.64283e-010 8.14881e-011 -1.12773e-008 -1.12773e-008
9.63 -5.77516e-005 -5.00056e-011 -5.9567e-011 -8.19772e-009 -8.19772e-009
9.64 -6.04186e-005 -1.18107e-010 -1.78167e-010 -4.52397e-009 -4.52397e-009
9.65 -6.29305e-005 -1.63091e-010 -8.69057e-011 -3.96048e-010 -3.96048e-010
9.66 -6.52565e-005 -8.52699e-011 -1.19244e-010 4.02802e-009 4.02802e-009
9.67 -6.7366e-005 -7.60858e-010 -7.67421e-010 8.58087e-009 8.58087e-009
9.68 -6.92292e-005 -1.3097e-009 -9.75349e-010 1.30687e-008 1.30687e-008
9.69 -7.08544e-005 -1.15368e-009 -6.60626e-010 1.72512e-008 1.72512e-008
9.7 -7.22396e-005 -8.79478e-010 4.49196e-011 2.08576e-008 2.08576e-008
9.71 -7.33836e-005 -2.48158e-010 7.67573e-010 2.36416e-008 2.36416e-008
9.72 -7.4308e-005 -4.88177e-010 2.68091e-009 2.54328e-008 2.54328e-008
9.73 -7.50171e-005 -1.92738e-009 5.70603e-009 2.61414e-008 2.61414e-008
9.74 -7.55595e-005 1.75146e-010 3.04404e-010 2.57526e-008 2.57526e-008
9.75 -7.60414e-005 4.14486e-010 3.43969e-010 2.43595e-008 2.43595e-008
9.76 -7.64988e-005 1.37746e-009 -3.62916e-010 2.21769e-008 2.21769e-008
9.77 -7.70179e-005 7.98226e-009 -6.25791e-009 1.94361e-008 1.94361e-008
9.78 -7.75879e-005 2.86929e-009 -2.49117e-009 1.62087e-008 1.62087e-008
9.79 -7.8294e-005 -3.46614e-011 -4.53051e-010 1.23867e-008 1.23867e-008
9.8 -7.919e-005 4.99506e-010 -2.78984e-010 7.84797e-009 7.84797e-009
9.81 -8.02763e-005 -5.03771e-010 -1.40226e-009 2.61472e-009 2.61472e-009
9.82 -8.15463e-005 -1.89075e-010 8.24659e-011 -3.11552e-009 -3.11552e-009
9.83 -8.29851e-005 -2.0636e-010 -9.11795e-010 -9.06944e-009 -9.06944e-009
9.84 -8.45652e-005 -6.80094e-012 -4.59208e-011 -1.49992e-008 -1.49992e-008
9.85 -8.6273e-005 1.17619e-010 5.58464e-011 -2.07062e-008 -2.07062e-008
9.86 -8.8083e-005 7.13287e-011 -3.57088e-011 -2.60237e-008 -2.60237e-008
9.87 -8.99733e-005 2.5704e-011 -8.88733e-011 -3.07893e-008 -3.07893e-008
9.88 -9.19095e-005 -8.7391e-011 -2.92065e-010 -3.48233e-008 -3.48233e-008
9.89 -9.38613e-005 -4.00268e-010 -6.38298e-010 -3.79357e-008 -3.79357e-008
9.9 -9.57954e-005 -2.58184e-010 -5.93348e-010 -3.99642e-008 -3.99642e-008
9.91 -9.76794e-005 -4.04435e-010 -1.01114e-009 -4.08252e-008 -4.08252e-008
9.92 -9.94702e-005 -7.02952e-010 -1.60339e-009 -4.05392e-008 -4.05392e-008
9.93 -0.00010111 6.55553e-010 -7.20411e-010 -3.92063e-008 -3.92063e-008
9.94 -0.000102528 1.95772e-009 3.5549e-010 -3.69612e-008 -3.69612e-008
9.95 -0.000103645 3.68059e-009 3.01469e-009 -3.39396e-008 -3.39396e-008
9.96 -0.000104378 2.76903e-009 2.92694e-009 -3.02604e-008 -3.02604e-008
9.97 -0.000104683 1.75604e-009 2.71272e-009 -2.60006e-008 -2.60006e-008
9.98 -0.00010449 7.30668e-010 2.13813e-009 -2.1214e-008 -2.1214e-008
9.99 -0.000103802 1.9709e-010 2.37166e-009 -1.59826e-008 -1.59826e-008
10 -0.000102663 -2.83451e-011 8.33951e-010 -1.04195e-008 -1.04195e-008
