0.1 -6.70997e-006 -8.0489e-007 -9.61511e-008 -6.35763e-013 -6.35763e-013
0.2 -1.34332e-005 -1.61137e-006 -1.92594e-007 -1.27316e-012 -1.27316e-012
0.3 -2.01697e-005 -2.41946e-006 -2.89331e-007 -1.91221e-012 -1.91221e-012
0.4 -2.69195e-005 -3.22916e-006 -3.86365e-007 -2.55293e-012 -2.55293e-012
0.5 -3.36829e-005 -4.04049e-006 -4.83699e-007 -3.19533e-012 -3.19533e-012
0.6 -4.04598e-005 -4.85345e-006 -5.81336e-007 -3.83944e-012 -3.83944e-012
0.7 -4.72504e-005 -5.66806e-006 -6.79278e-007 -4.48527e-012 -4.48527e-012
0.8 -5.40546e-005 -6.48434e-006 -7.77529e-007 -5.13283e-012 -5.13283e-012
0.9 -6.08727e-005 -7.30229e-006 -8.76092e-007 -5.78215e-012 -5.78215e-012
1 -6.77047e-005 -8.12192e-006 -9.74968e-007 -6.43325e-012 -6.43325e-012
0.01 -6.7705e-005 -8.12603e-006 -9.76331e-007 -6.41502e-012 -6.41502e-012
0.02 -6.77058e-005 -8.13747e-006 -9.80052e-007 -6.31517e-012 -6.31517e-012
0.03 -6.77067e-005 -8.14986e-006 -9.84188e-007 -6.08363e-012 -6.08363e-012
0.04 -6.77075e-005 -8.15745e-006 -9.87478e-007 -5.80041e-012 -5.80041e-012
0.05 -6.7708e-005 -8.16041e-006 -9.90553e-007 -5.70688e-012 -5.70688e-012
0.06 -6.77078e-005 -8.15964e-006 -9.93759e-007 -6.08778e-012 -6.08778e-012
0.07 -6.77073e-005 -8.15616e-006 -9.97071e-007 -7.0977e-012 -7.0977e-012
0.08 -6.77063e-005 -8.1507e-006 -1.00011e-006 -8.70754e-012 -8.70754e-012
0.09 -6.77048e-005 -8.1437e-006 -1.0024e-006 -1.07591e-011 -1.07591e-011
0.1 -6.77029e-005 -8.13548e-006 -1.00366e-006 -1.30329e-011 -1.30329e-011
0.11 -6.77006e-005 -8.12646e-006 -1.00388e-006 -1.53055e-011 -1.53055e-011
0.12 -6.76981e-005 -8.11706e-006 -1.0034e-006 -1.74077e-011 -1.74077e-011
0.13 -6.76954e-005 -8.1076e-006 -1.00272e-006 -1.92808e-011 -1.92808e-011
0.14 -6.76925e-005 -8.09819e-006 -1.00246e-006 -2.09993e-011 -2.09993e-011
0.15 -6.76893e-005 -8.08898e-006 -1.00301e-006 -2.27489e-011 -2.27489e-011
0.16 -6.76856e-005 -8.0801e-006 -1.00445e-006 -2.47276e-011 -2.47276e-011
0.17 -6.76811e-005 -8.07176e-006 -1.00644e-006 -2.70557e-011 -2.70557e-011
0.18 -6.76759e-005 -8.06394e-006 -1.00869e-006 -2.97927e-011 -2.97927e-011
0.19 -6.76695e-005 -8.05635e-006 -1.01098e-006 -3.29458e-011 -3.29458e-011
0.2 -6.76622e-005 -8.04844e-006 -1.01336e-006 -3.64701e-011 -3.64701e-011
0.21 -6.76539e-005 -8.03986e-006 -1.01584e-006 -4.03201e-011 -4.03201e-011
0.22 -6.7645e-005 -8.03036e-006 -1.01825e-006 -4.44369e-011 -4.44369e-011
0.23 -6.76355e-005 -8.01999e-006 -1.02024e-006 -4.86618e-011 -4.86618e-011
0.24 -6.76259e-005 -8.00878e-006 -1.02167e-006 -5.27181e-011 -5.27181e-011
0.25 -6.76164e-005 -7.99699e-006 -1.02254e-006 -5.63439e-011 -5.63439e-011
0.26 -6.76069e-005 -7.98489e-006 -1.02299e-006 -5.94135e-011 -5.94135e-011
0.27 -6.75978e-005 -7.97271e-006 -1.0228e-006 -6.19219e-011 -6.19219e-011
0.28 -6.7589e-005 -7.96042e-006 -1.02151e-006 -6.3987e-011 -6.3987e-011
0.29 -6.75805e-005 -7.94797e-006 -1.01912e-006 -6.5795e-011 -6.5795e-011
0.3 -6.75723e-005 -7.93545e-006 -1.01635e-006 -6.7486e-011 -6.7486e-011
0.31 -6.75642e-005 -7.9228e-006 -1.01388e-006 -6.91837e-011 -6.91837e-011
0.32 -6.75563e-005 -7.90985e-006 -1.01185e-006 -7.09874e-011 -7.09874e-011
0.33 -6.75487e-005 -7.8966e-006 -1.01023e-006 -7.29108e-011 -7.29108e-011
0.34 -6.75415e-005 -7.88289e-006 -1.00903e-006 -7.48665e-011 -7.48665e-011
0.35 -6.7535e-005 -7.868e-006 -1.00833e-006 -7.67423e-011 -7.67423e-011
0.36 -6.75289e-005 -7.85099e-006 -1.00834e-006 -7.85891e-011 -7.85891e-011
0.37 -6.75234e-005 -7.83156e-006 -1.00914e-006 -8.06401e-011 -8.06401e-011
0.38 -6.75185e-005 -7.81041e-006 -1.01024e-006 -8.30794e-011 -8.30794e-011
0.39 -6.75142e-005 -7.78886e-006 -1.01081e-006 -8.58439e-011 -8.58439e-011
0.4 -6.75104e-005 -7.76792e-006 -1.01058e-006 -8.86695e-011 -8.86695e-011
0.41 -6.7507e-005 -7.74776e-006 -1.00979e-006 -9.12896e-011 -9.12896e-011
0.42 -6.7504e-005 -7.72822e-006 -1.00878e-006 -9.36412e-011 -9.36412e-011
0.43 -6.75012e-005 -7.70954e-006 -1.00751e-006 -9.58456e-011 -9.58456e-011
0.44 -6.74988e-005 -7.69241e-006 -1.00542e-006 -9.79632e-011 -9.79632e-011
0.45 -6.74968e-005 -7.67741e-006 -1.00212e-006 -9.9909e-011 -9.9909e-011
0.46 -6.74953e-005 -7.66439e-006 -9.97734e-007 -1.01556e-010 -1.01556e-010
0.47 -6.74942e-005 -7.65256e-006 -9.9252e-007 -1.02809e-010 -1.02809e-010
0.48 -6.74936e-005 -7.64148e-006 -9.8676e-007 -1.03674e-010 -1.03674e-010
0.49 -6.74934e-005 -7.63139e-006 -9.80846e-007 -1.04274e-010 -1.04274e-010
0.5 -6.74935e-005 -7.62254e-006 -9.74714e-007 -1.04727e-010 -1.04727e-010
0.51 -6.7494e-005 -7.61487e-006 -9.67864e-007 -1.05066e-010 -1.05066e-010
0.52 -6.74949e-005 -7.6087e-006 -9.60081e-007 -1.05189e-010 -1.05189e-010
0.53 -6.74965e-005 -7.60464e-006 -9.51186e-007 -1.0483e-010 -1.0483e-010
0.54 -6.74991e-005 -7.60236e-006 -9.40505e-007 -1.03619e-010 -1.03619e-010
0.55 -6.75026e-005 -7.60024e-006 -9.27661e-007 -1.01242e-010 -1.01242e-010
0.56 -6.75075e-005 -7.59714e-006 -9.13378e-007 -9.75575e-011 -9.75575e-011
0.57 -6.75135e-005 -7.5945e-006 -8.9983e-007 -9.2678e-011 -9.2678e-011
0.58 -6.75206e-005 -7.59485e-006 -8.8907e-007 -8.70164e-011 -8.70164e-011
0.59 -6.75287e-005 -7.59886e-006 -8.81349e-007 -8.10923e-011 -8.10923e-011
0.6 -6.75379e-005 -7.6047e-006 -8.75085e-007 -7.52195e-011 -7.52195e-011
0.61 -6.75479e-005 -7.61017e-006 -8.69124e-007 -6.94511e-011 -6.94511e-011
0.62 -6.75586e-005 -7.61472e-006 -8.6371e-007 -6.37408e-011 -6.37408e-011
0.63 -6.75699e-005 -7.61883e-006 -8.58118e-007 -5.80415e-011 -5.80415e-011
0.64 -6.75824e-005 -7.6227e-006 -8.49912e-007 -5.21565e-011 -5.21565e-011
0.65 -6.75959e-005 -7.62721e-006 -8.38958e-007 -4.56452e-011 -4.56452e-011
0.66 -6.76107e-005 -7.6335e-006 -8.28093e-007 -3.81265e-011 -3.81265e-011
0.67 -6.76264e-005 -7.64121e-006 -8.194e-007 -2.96821e-011 -2.96821e-011
0.68 -6.76429e-005 -7.64934e-006 -8.12544e-007 -2.08159e-011 -2.08159e-011
0.69 -6.76606e-005 -7.65814e-006 -8.06228e-007 -1.19818e-011 -1.19818e-011
0.7 -6.7679e-005 -7.66829e-006 -7.99769e-007 -3.31871e-012 -3.31871e-012
0.71 -6.7698e-005 -7.67912e-006 -7.93109e-007 5.14261e-012 5.14261e-012
0.72 -6.77168e-005 -7.68908e-006 -7.87642e-007 1.3105e-011 1.3105e-011
0.73 -6.77347e-005 -7.69758e-006 -7.85542e-007 1.98356e-011 1.98356e-011
0.74 -6.77511e-005 -7.70657e-006 -7.87803e-007 2.44676e-011 2.44676e-011
0.75 -6.77658e-005 -7.71948e-006 -7.93386e-007 2.66209e-011 2.66209e-011
0.76 -6.7779e-005 -7.73774e-006 -8.00298e-007 2.67968e-011 2.67968e-011
0.77 -6.77908e-005 -7.7594e-006 -8.06338e-007 2.61428e-011 2.61428e-011
0.78 -6.78018e-005 -7.78113e-006 -8.08834e-007 2.5866e-011 2.5866e-011
0.79 -6.78124e-005 -7.80107e-006 -8.05883e-007 2.68699e-011 2.68699e-011
0.8 -6.78232e-005 -7.81987e-006 -7.97998e-007 2.96674e-011 2.96674e-011
0.81 -6.78342e-005 -7.83855e-006 -7.87392e-007 3.43005e-011 3.43005e-011
0.82 -6.78453e-005 -7.85645e-006 -7.7613e-007 4.02564e-011 4.02564e-011
0.83 -6.7856e-005 -7.87251e-006 -7.65459e-007 4.66004e-011 4.66004e-011
0.84 -6.78661e-005 -7.88747e-006 -7.55236e-007 5.2423e-011 5.2423e-011
0.85 -6.78756e-005 -7.90279e-006 -7.43531e-007 5.73914e-011 5.73914e-011
0.86 -6.78848e-005 -7.91946e-006 -7.27821e-007 6.20007e-011 6.20007e-011
0.87 -6.78941e-005 -7.94008e-006 -7.0885e-007 6.72831e-011 6.72831e-011
0.88 -6.79034e-005 -7.96784e-006 -6.9094e-007 7.40496e-011 7.40496e-011
0.89 -6.79133e-005 -8.00155e-006 -6.76197e-007 8.23465e-011 8.23465e-011
0.9 -6.7924e-005 -8.03498e-006 -6.62216e-007 9.18237e-011 9.18237e-011
0.91 -6.79364e-005 -8.06311e-006 -6.46091e-007 1.02451e-010 1.02451e-010
0.92 -6.79509e-005 -8.08848e-006 -6.28835e-007 1.14667e-010 1.14667e-010
0.93 -6.7968e-005 -8.11867e-006 -6.1402e-007 1.28926e-010 1.28926e-010
0.94 -6.79877e-005 -8.15661e-006 -6.02785e-007 1.45258e-010 1.45258e-010
0.95 -6.80099e-005 -8.19568e-006 -5.93869e-007 1.63084e-010 1.63084e-010
0.96 -6.80335e-005 -8.22583e-006 -5.86322e-007 1.81171e-010 1.81171e-010
0.97 -6.80576e-005 -8.24426e-006 -5.80639e-007 1.97883e-010 1.97883e-010
0.98 -6.80816e-005 -8.25776e-006 -5.79106e-007 2.11844e-010 2.11844e-010
0.99 -6.81056e-005 -8.27322e-006 -5.82317e-007 2.22618e-010 2.22618e-010
1 -6.81295e-005 -8.29036e-006 -5.87372e-007 2.30898e-010 2.30898e-010
1.01 -6.8153e-005 -8.30446e-006 -5.93472e-007 2.37892e-010 2.37892e-010
1.02 -6.81752e-005 -8.31233e-006 -6.02777e-007 2.44186e-010 2.44186e-010
1.03 -6.81963e-005 -8.31546e-006 -6.13024e-007 2.49476e-010 2.49476e-010
1.04 -6.82176e-005 -8.31946e-006 -6.17069e-007 2.53758e-010 2.53758e-010
1.05 -6.82399e-005 -8.3298e-006 -6.12359e-007 2.58187e-010 2.58187e-010
1.06 -6.8263e-005 -8.34771e-006 -6.04858e-007 2.64115e-010 2.64115e-010
1.07 -6.82857e-005 -8.36956e-006 -6.01538e-007 2.71367e-010 2.71367e-010
1.08 -6.8307e-005 -8.38856e-006 -6.02429e-007 2.78e-010 2.78e-010
1.09 -6.83258e-005 -8.40024e-006 -6.03586e-007 2.81908e-010 2.81908e-010
1.1 -6.83416e-005 -8.40803e-006 -6.05422e-007 2.82132e-010 2.82132e-010
1.11 -6.83534e-005 -8.41919e-006 -6.10494e-007 2.78721e-010 2.78721e-010
1.12 -6.83616e-005 -8.43562e-006 -6.14952e-007 2.72306e-010 2.72306e-010
1.13 -6.83665e-005 -8.45117e-006 -6.11101e-007 2.64249e-010 2.64249e-010
1.14 -6.83682e-005 -8.45735e-006 -5.98552e-007 2.56411e-010 2.56411e-010
1.15 -6.83666e-005 -8.44806e-006 -5.817e-007 2.49956e-010 2.49956e-010
1.16 -6.83624e-005 -8.42267e-006 -5.60321e-007 2.4486e-010 2.4486e-010
1.17 -6.83575e-005 -8.39041e-006 -5.32953e-007 2.41056e-010 2.41056e-010
1.18 -6.83531e-005 -8.36651e-006 -5.00181e-007 2.39591e-010 2.39591e-010
1.19 -6.83508e-005 -8.36031e-006 -4.64609e-007 2.4218e-010 2.4218e-010
1.2 -6.83505e-005 -8.36936e-006 -4.31992e-007 2.49736e-010 2.49736e-010
1.21 -6.8351e-005 -8.38419e-006 -4.08198e-007 2.61213e-010 2.61213e-010
1.22 -6.83511e-005 -8.39639e-006 -3.96285e-007 2.73677e-010 2.73677e-010
1.23 -6.83492e-005 -8.40216e-006 -3.96056e-007 2.83646e-010 2.83646e-010
1.24 -6.83448e-005 -8.4012e-006 -4.03331e-007 2.88867e-010 2.88867e-010
1.25 -6.83384e-005 -8.39367e-006 -4.09687e-007 2.89447e-010 2.89447e-010
1.26 -6.83311e-005 -8.37876e-006 -4.06972e-007 2.87844e-010 2.87844e-010
1.27 -6.8324e-005 -8.35632e-006 -3.9309e-007 2.87743e-010 2.87743e-010
1.28 -6.83187e-005 -8.32783e-006 -3.71216e-007 2.9227e-010 2.9227e-010
1.29 -6.8316e-005 -8.29636e-006 -3.48077e-007 3.02491e-010 3.02491e-010
1.3 -6.83169e-005 -8.26606e-006 -3.3066e-007 3.17156e-010 3.17156e-010
1.31 -6.83219e-005 -8.23862e-006 -3.19381e-007 3.33741e-010 3.33741e-010
1.32 -6.83314e-005 -8.21102e-006 -3.10576e-007 3.49994e-010 3.49994e-010
1.33 -6.83441e-005 -8.17804e-006 -3.04641e-007 3.64531e-010 3.64531e-010
1.34 -6.83582e-005 -8.13488e-006 -3.00745e-007 3.76202e-010 3.76202e-010
1.35 -6.83727e-005 -8.08188e-006 -2.89258e-007 3.84077e-010 3.84077e-010
1.36 -6.83873e-005 -8.02981e-006 -2.62503e-007 3.88502e-010 3.88502e-010
1.37 -6.84016e-005 -7.99296e-006 -2.26493e-007 3.91205e-010 3.91205e-010
1.38 -6.84142e-005 -7.97596e-006 -1.96853e-007 3.93569e-010 3.93569e-010
1.39 -6.84237e-005 -7.96924e-006 -1.86882e-007 3.94779e-010 3.94779e-010
1.4 -6.84295e-005 -7.95716e-006 -1.99987e-007 3.92024e-010 3.92024e-010
1.41 -6.84321e-005 -7.93601e-006 -2.31673e-007 3.8277e-010 3.8277e-010
1.42 -6.84326e-005 -7.91774e-006 -2.70604e-007 3.67091e-010 3.67091e-010
1.43 -6.84332e-005 -7.91096e-006 -3.0037e-007 3.48232e-010 3.48232e-010
1.44 -6.84345e-005 -7.90968e-006 -3.1317e-007 3.30613e-010 3.30613e-010
1.45 -6.84346e-005 -7.90094e-006 -3.18698e-007 3.16174e-010 3.16174e-010
1.46 -6.84306e-005 -7.87689e-006 -3.33556e-007 3.02194e-010 3.02194e-010
1.47 -6.84204e-005 -7.84442e-006 -3.64131e-007 2.83283e-010 2.83283e-010
1.48 -6.84041e-005 -7.82419e-006 -4.04923e-007 2.56312e-010 2.56312e-010
1.49 -6.83819e-005 -7.83596e-006 -4.53792e-007 2.23378e-010 2.23378e-010
1.5 -6.83537e-005 -7.88239e-006 -5.14353e-007 1.89608e-010 1.89608e-010
1.51 -6.83205e-005 -7.94522e-006 -5.77012e-007 1.59078e-010 1.59078e-010
1.52 -6.8286e-005 -7.99872e-006 -6.14392e-007 1.34133e-010 1.34133e-010
1.53 -6.82537e-005 -8.03147e-006 -6.08695e-007 1.17353e-010 1.17353e-010
1.54 -6.8225e-005 -8.05147e-006 -5.71009e-007 1.11399e-010 1.11399e-010
1.55 -6.81998e-005 -8.06933e-006 -5.2516e-007 1.16223e-010 1.16223e-010
1.56 -6.81779e-005 -8.0876e-006 -4.86535e-007 1.27973e-010 1.27973e-010
1.57 -6.81586e-005 -8.10377e-006 -4.60495e-007 1.41531e-010 1.41531e-010
1.58 -6.81404e-005 -8.11297e-006 -4.499e-007 1.53479e-010 1.53479e-010
1.59 -6.81204e-005 -8.11037e-006 -4.58881e-007 1.62217e-010 1.62217e-010
1.6 -6.80955e-005 -8.09814e-006 -4.92972e-007 1.65968e-010 1.65968e-010
1.61 -6.80642e-005 -8.09036e-006 -5.51146e-007 1.62031e-010 1.62031e-010
1.62 -6.80284e-005 -8.1015e-006 -6.15434e-007 1.49242e-010 1.49242e-010
1.63 -6.79923e-005 -8.12188e-006 -6.55611e-007 1.31302e-010 1.31302e-010
1.64 -6.79604e-005 -8.11593e-006 -6.45599e-007 1.16785e-010 1.16785e-010
1.65 -6.79364e-005 -8.05897e-006 -5.81054e-007 1.15078e-010 1.15078e-010
1.66 -6.7923e-005 -7.96708e-006 -4.83808e-007 1.31664e-010 1.31664e-010
1.67 -6.79216e-005 -7.88358e-006 -3.86677e-007 1.661e-010 1.661e-010
1.68 -6.79321e-005 -7.84235e-006 -3.14754e-007 2.12766e-010 2.12766e-010
1.69 -6.79523e-005 -7.84608e-006 -2.80627e-007 2.63034e-010 2.63034e-010
1.7 -6.79776e-005 -7.87705e-006 -2.87098e-007 3.07669e-010 3.07669e-010
1.71 -6.80038e-005 -7.91876e-006 -3.23123e-007 3.38783e-010 3.38783e-010
1.72 -6.80284e-005 -7.96015e-006 -3.6447e-007 3.52084e-010 3.52084e-010
1.73 -6.805e-005 -7.99165e-006 -3.91172e-007 3.48693e-010 3.48693e-010
1.74 -6.80673e-005 -8.00641e-006 -4.01405e-007 3.33841e-010 3.33841e-010
1.75 -6.80801e-005 -8.00112e-006 -4.04279e-007 3.13096e-010 3.13096e-010
1.76 -6.80896e-005 -7.97596e-006 -4.09208e-007 2.90057e-010 2.90057e-010
1.77 -6.80972e-005 -7.93855e-006 -4.28519e-007 2.66712e-010 2.66712e-010
1.78 -6.8104e-005 -7.90786e-006 -4.79915e-007 2.4407e-010 2.4407e-010
1.79 -6.8111e-005 -7.90491e-006 -5.69701e-007 2.21966e-010 2.21966e-010
1.8 -6.81204e-005 -7.93291e-006 -6.79852e-007 1.99536e-010 1.99536e-010
1.81 -6.81327e-005 -7.97194e-006 -7.83811e-007 1.76236e-010 1.76236e-010
1.82 -6.81461e-005 -7.99669e-006 -8.63959e-007 1.51557e-010 1.51557e-010
1.83 -6.81574e-005 -7.99614e-006 -9.11993e-007 1.24042e-010 1.24042e-010
1.84 -6.81644e-005 -7.97746e-006 -9.22989e-007 9.21276e-011 9.21276e-011
1.85 -6.8166e-005 -7.95859e-006 -8.96725e-007 5.68713e-011 5.68713e-011
1.86 -6.81617e-005 -7.95651e-006 -8.45676e-007 2.32498e-011 2.32498e-011
1.87 -6.81523e-005 -7.97164e-006 -7.83952e-007 -1.95586e-012 -1.95586e-012
1.88 -6.81412e-005 -7.98175e-006 -7.02467e-007 -1.29317e-011 -1.29317e-011
1.89 -6.8134e-005 -7.96214e-006 -5.83169e-007 -5.46501e-012 -5.46501e-012
1.9 -6.81322e-005 -7.91436e-006 -4.46493e-007 2.18265e-011 2.18265e-011
1.91 -6.81323e-005 -7.86366e-006 -3.48968e-007 6.3214e-011 6.3214e-011
1.92 -6.81297e-005 -7.83065e-006 -3.30018e-007 1.03915e-010 1.03915e-010
1.93 -6.81199e-005 -7.81609e-006 -3.904e-007 1.26108e-010 1.26108e-010
1.94 -6.80984e-005 -7.80761e-006 -5.10735e-007 1.18603e-010 1.18603e-010
1.95 -6.80611e-005 -7.79364e-006 -6.65098e-007 8.11629e-011 8.11629e-011
1.96 -6.80073e-005 -7.7686e-006 -8.18548e-007 2.19915e-011 2.19915e-011
1.97 -6.79408e-005 -7.73164e-006 -9.30912e-007 -4.52558e-011 -4.52558e-011
1.98 -6.78683e-005 -7.6898e-006 -9.80354e-007 -1.03258e-010 -1.03258e-010
1.99 -6.77955e-005 -7.65673e-006 -9.79668e-007 -1.36222e-010 -1.36222e-010
2 -6.77272e-005 -7.6456e-006 -9.632e-007 -1.37242e-010 -1.37242e-010
2.01 -6.76672e-005 -7.66493e-006 -9.6133e-007 -1.1071e-010 -1.1071e-010
2.02 -6.76181e-005 -7.71742e-006 -9.83187e-007 -6.78476e-011 -6.78476e-011
2.03 -6.75807e-005 -7.80125e-006 -1.02278e-006 -2.02036e-011 -2.02036e-011
2.04 -6.75521e-005 -7.9082e-006 -1.07473e-006 2.32611e-011 2.32611e-011
2.05 -6.75276e-005 -8.01778e-006 -1.12782e-006 5.51264e-011 5.51264e-011
2.06 -6.75025e-005 -8.10547e-006 -1.16245e-006 6.89138e-011 6.89138e-011
2.07 -6.74705e-005 -8.16422e-006 -1.1772e-006 6.07637e-011 6.07637e-011
2.08 -6.74262e-005 -8.20937e-006 -1.19936e-006 3.03626e-011 3.03626e-011
2.09 -6.73679e-005 -8.2592e-006 -1.25839e-006 -2.01885e-011 -2.01885e-011
2.1 -6.72974e-005 -8.31525e-006 -1.36063e-006 -8.6668e-011 -8.6668e-011
2.11 -6.72202e-005 -8.36508e-006 -1.49225e-006 -1.61433e-010 -1.61433e-010
2.12 -6.71422e-005 -8.40215e-006 -1.64266e-006 -2.34325e-010 -2.34325e-010
2.13 -6.70681e-005 -8.43308e-006 -1.81385e-006 -2.9778e-010 -2.9778e-010
2.14 -6.70008e-005 -8.46851e-006 -2.00625e-006 -3.51893e-010 -3.51893e-010
2.15 -6.69413e-005 -8.51353e-006 -2.20398e-006 -4.03846e-010 -4.03846e-010
2.16 -6.68889e-005 -8.56146e-006 -2.37329e-006 -4.61614e-010 -4.61614e-010
2.17 -6.6841e-005 -8.59746e-006 -2.48461e-006 -5.27681e-010 -5.27681e-010
2.18 -6.67926e-005 -8.61142e-006 -2.54326e-006 -5.98578e-010 -5.98578e-010
2.19 -6.67383e-005 -8.60446e-006 -2.57669e-006 -6.69417e-010 -6.69417e-010
2.2 -6.66767e-005 -8.58376e-006 -2.58956e-006 -7.36296e-010 -7.36296e-010
2.21 -6.66107e-005 -8.55877e-006 -2.56403e-006 -7.9368e-010 -7.9368e-010
2.22 -6.65441e-005 -8.54098e-006 -2.49774e-006 -8.33099e-010 -8.33099e-010
2.23 -6.6479e-005 -8.53801e-006 -2.41676e-006 -8.48452e-010 -8.48452e-010
2.24 -6.64164e-005 -8.54467e-006 -2.35591e-006 -8.42704e-010 -8.42704e-010
2.25 -6.63566e-005 -8.54389e-006 -2.33848e-006 -8.2777e-010 -8.2777e-010
2.26 -6.6298e-005 -8.52e-006 -2.37628e-006 -8.18267e-010 -8.18267e-010
2.27 -6.62379e-005 -8.46676e-006 -2.46634e-006 -8.25817e-010 -8.25817e-010
2.28 -6.61749e-005 -8.38623e-006 -2.57926e-006 -8.55759e-010 -8.55759e-010
2.29 -6.61097e-005 -8.28968e-006 -2.67685e-006 -9.04834e-010 -9.04834e-010
2.3 -6.60421e-005 -8.19566e-006 -2.74092e-006 -9.61892e-010 -9.61892e-010
2.31 -6.59731e-005 -8.12134e-006 -2.7704e-006 -1.01259e-009 -1.01259e-009
2.32 -6.59069e-005 -8.0771e-006 -2.76654e-006 -1.04425e-009 -1.04425e-009
2.33 -6.58497e-005 -8.06651e-006 -2.73335e-006 -1.04802e-009 -1.04802e-009
2.34 -6.58071e-005 -8.08536e-006 -2.68185e-006 -1.01966e-009 -1.01966e-009
2.35 -6.57826e-005 -8.12262e-006 -2.62496e-006 -9.60671e-010 -9.60671e-010
2.36 -6.57781e-005 -8.16509e-006 -2.56929e-006 -8.78913e-010 -8.78913e-010
2.37 -6.5793e-005 -8.20389e-006 -2.51806e-006 -7.86999e-010 -7.86999e-010
2.38 -6.58237e-005 -8.23524e-006 -2.4714e-006 -6.98833e-010 -6.98833e-010
2.39 -6.5867e-005 -8.25389e-006 -2.41279e-006 -6.25416e-010 -6.25416e-010
2.4 -6.59209e-005 -8.258e-006 -2.31937e-006 -5.71175e-010 -5.71175e-010
2.41 -6.59845e-005 -8.25948e-006 -2.18659e-006 -5.32961e-010 -5.32961e-010
2.42 -6.60589e-005 -8.27308e-006 -2.02546e-006 -5.02321e-010 -5.02321e-010
2.43 -6.61458e-005 -8.29877e-006 -1.86082e-006 -4.69439e-010 -4.69439e-010
2.44 -6.62444e-005 -8.32358e-006 -1.73845e-006 -4.28001e-010 -4.28001e-010
2.45 -6.63524e-005 -8.33491e-006 -1.69767e-006 -3.79375e-010 -3.79375e-010
2.46 -6.64697e-005 -8.32774e-006 -1.7324e-006 -3.31812e-010 -3.31812e-010
2.47 -6.65982e-005 -8.30454e-006 -1.79927e-006 -2.93684e-010 -2.93684e-010
2.48 -6.67377e-005 -8.27228e-006 -1.85783e-006 -2.67549e-010 -2.67549e-010
2.49 -6.68855e-005 -8.23862e-006 -1.89268e-006 -2.51494e-010 -2.51494e-010
2.5 -6.70362e-005 -8.21165e-006 -1.90973e-006 -2.44553e-010 -2.44553e-010
2.51 -6.71848e-005 -8.19724e-006 -1.91921e-006 -2.48831e-010 -2.48831e-010
2.52 -6.7327e-005 -8.19322e-006 -1.92342e-006 -2.66387e-010 -2.66387e-010
2.53 -6.74603e-005 -8.19236e-006 -1.91749e-006 -2.94902e-010 -2.94902e-010
2.54 -6.75847e-005 -8.18786e-006 -1.88968e-006 -3.26282e-010 -3.26282e-010
2.55 -6.77024e-005 -8.17356e-006 -1.82483e-006 -3.48634e-010 -3.48634e-010
2.56 -6.78157e-005 -8.14491e-006 -1.71655e-006 -3.50374e-010 -3.50374e-010
2.57 -6.79248e-005 -8.09901e-006 -1.57473e-006 -3.25319e-010 -3.25319e-010
2.58 -6.80271e-005 -8.0352e-006 -1.42205e-006 -2.76817e-010 -2.76817e-010
2.59 -6.81177e-005 -7.96087e-006 -1.28396e-006 -2.1802e-010 -2.1802e-010
2.6 -6.81916e-005 -7.89233e-006 -1.17706e-006 -1.66864e-010 -1.66864e-010
2.61 -6.8245e-005 -7.84296e-006 -1.10177e-006 -1.37892e-010 -1.37892e-010
2.62 -6.82764e-005 -7.81331e-006 -1.04501e-006 -1.35658e-010 -1.35658e-010
2.63 -6.82867e-005 -7.79812e-006 -9.88731e-007 -1.53246e-010 -1.53246e-010
2.64 -6.82788e-005 -7.80392e-006 -9.26196e-007 -1.7611e-010 -1.7611e-010
2.65 -6.82555e-005 -7.85302e-006 -8.7557e-007 -1.89204e-010 -1.89204e-010
2.66 -6.82192e-005 -7.96e-006 -8.61382e-007 -1.83851e-010 -1.83851e-010
2.67 -6.81733e-005 -8.10704e-006 -8.86655e-007 -1.60096e-010 -1.60096e-010
2.68 -6.81215e-005 -8.25123e-006 -9.31104e-007 -1.23433e-010 -1.23433e-010
2.69 -6.80681e-005 -8.35891e-006 -9.67937e-007 -7.93642e-011 -7.93642e-011
2.7 -6.8016e-005 -8.43162e-006 -9.84133e-007 -3.02824e-011 -3.02824e-011
2.71 -6.79676e-005 -8.49841e-006 -9.79731e-007 2.3765e-011 2.3765e-011
2.72 -6.79262e-005 -8.5851e-006 -9.47101e-007 8.30043e-011 8.30043e-011
2.73 -6.78965e-005 -8.68797e-006 -8.6602e-007 1.4752e-010 1.4752e-010
2.74 -6.7881e-005 -8.77416e-006 -7.31352e-007 2.17349e-010 2.17349e-010
2.75 -6.78778e-005 -8.81064e-006 -5.75017e-007 2.90409e-010 2.90409e-010
2.76 -6.78829e-005 -8.79268e-006 -4.39806e-007 3.60566e-010 3.60566e-010
2.77 -6.78953e-005 -8.74089e-006 -3.4814e-007 4.2041e-010 4.2041e-010
2.78 -6.79145e-005 -8.6728e-006 -3.07403e-007 4.66259e-010 4.66259e-010
2.79 -6.79384e-005 -8.58601e-006 -3.14505e-007 4.98636e-010 4.98636e-010
2.8 -6.79657e-005 -8.47387e-006 -3.48076e-007 5.18487e-010 5.18487e-010
2.81 -6.79958e-005 -8.35053e-006 -3.88438e-007 5.24909e-010 5.24909e-010
2.82 -6.80278e-005 -8.24767e-006 -4.4042e-007 5.15709e-010 5.15709e-010
2.83 -6.80601e-005 -8.18709e-006 -5.20508e-007 4.88392e-010 4.88392e-010
2.84 -6.80914e-005 -8.16335e-006 -6.37101e-007 4.41081e-010 4.41081e-010
2.85 -6.81215e-005 -8.15175e-006 -7.794e-007 3.74351e-010 3.74351e-010
2.86 -6.81506e-005 -8.12801e-006 -9.25016e-007 2.93209e-010 2.93209e-010
2.87 -6.81769e-005 -8.07641e-006 -1.05712e-006 2.06383e-010 2.06383e-010
2.88 -6.81983e-005 -7.99099e-006 -1.15907e-006 1.22654e-010 1.22654e-010
2.89 -6.82146e-005 -7.88139e-006 -1.208e-006 4.81417e-011 4.81417e-011
2.9 -6.82258e-005 -7.77076e-006 -1.19222e-006 -1.34467e-011 -1.34467e-011
2.91 -6.82309e-005 -7.67749e-006 -1.12294e-006 -6.05071e-011 -6.05071e-011
2.92 -6.82279e-005 -7.60236e-006 -1.02359e-006 -9.48209e-011 -9.48209e-011
2.93 -6.82151e-005 -7.54051e-006 -9.17466e-007 -1.21895e-010 -1.21895e-010
2.94 -6.81922e-005 -7.49706e-006 -8.19795e-007 -1.48263e-010 -1.48263e-010
2.95 -6.81605e-005 -7.48211e-006 -7.35379e-007 -1.77291e-010 -1.77291e-010
2.96 -6.81215e-005 -7.49922e-006 -6.66403e-007 -2.07297e-010 -2.07297e-010
2.97 -6.80756e-005 -7.54936e-006 -6.21887e-007 -2.33996e-010 -2.33996e-010
2.98 -6.80228e-005 -7.63845e-006 -6.14745e-007 -2.54659e-010 -2.54659e-010
2.99 -6.79636e-005 -7.76922e-006 -6.46668e-007 -2.69435e-010 -2.69435e-010
3 -6.79009e-005 -7.92911e-006 -6.97671e-007 -2.78519e-010 -2.78519e-010
3.01 -6.78393e-005 -8.09398e-006 -7.36443e-007 -2.78493e-010 -2.78493e-010
3.02 -6.77846e-005 -8.24404e-006 -7.40818e-007 -2.61954e-010 -2.61954e-010
3.03 -6.77431e-005 -8.37402e-006 -7.04789e-007 -2.20829e-010 -2.20829e-010
3.04 -6.77202e-005 -8.48914e-006 -6.39105e-007 -1.50656e-010 -1.50656e-010
3.05 -6.77178e-005 -8.5901e-006 -5.70389e-007 -5.37101e-011 -5.37101e-011
3.06 -6.77346e-005 -8.66555e-006 -5.2354e-007 6.01927e-011 6.01927e-011
3.07 -6.77694e-005 -8.70499e-006 -4.94171e-007 1.77236e-010 1.77236e-010
3.08 -6.78232e-005 -8.70948e-006 -4.49884e-007 2.87208e-010 2.87208e-010
3.09 -6.78958e-005 -8.69017e-006 -3.70107e-007 3.8875e-010 3.8875e-010
3.1 -6.79841e-005 -8.66321e-006 -2.7046e-007 4.86154e-010 4.86154e-010
3.11 -6.80843e-005 -8.63535e-006 -1.78239e-007 5.81487e-010 5.81487e-010
3.12 -6.81934e-005 -8.59656e-006 -9.52926e-008 6.71571e-010 6.71571e-010
3.13 -6.83126e-005 -8.53622e-006 1.65663e-009 7.52704e-010 7.52704e-010
3.14 -6.84435e-005 -8.46015e-006 1.16734e-007 8.25497e-010 8.25497e-010
3.15 -6.85823e-005 -8.38972e-006 2.09477e-007 8.91977e-010 8.91977e-010
3.16 -6.8722e-005 -8.34724e-006 2.25398e-007 9.48297e-010 9.48297e-010
3.17 -6.8856e-005 -8.34272e-006 1.30227e-007 9.8254e-010 9.8254e-010
3.18 -6.89778e-005 -8.37005e-006 -7.32537e-008 9.80267e-010 9.80267e-010
3.19 -6.90824e-005 -8.41009e-006 -3.31633e-007 9.32962e-010 9.32962e-010
3.2 -6.91691e-005 -8.44297e-006 -5.63476e-007 8.43918e-010 8.43918e-010
3.21 -6.92383e-005 -8.46657e-006 -7.1761e-007 7.27993e-010 7.27993e-010
3.22 -6.92889e-005 -8.49949e-006 -8.01101e-007 6.04437e-010 6.04437e-010
3.23 -6.93198e-005 -8.55988e-006 -8.52875e-007 4.87674e-010 4.87674e-010
3.24 -6.93309e-005 -8.64854e-006 -9.06076e-007 3.83294e-010 3.83294e-010
3.25 -6.93226e-005 -8.75337e-006 -9.75833e-007 2.90466e-010 2.90466e-010
3.26 -6.92938e-005 -8.85422e-006 -1.06199e-006 2.0579e-010 2.0579e-010
3.27 -6.92444e-005 -8.92587e-006 -1.14599e-006 1.25362e-010 1.25362e-010
3.28 -6.91747e-005 -8.95426e-006 -1.19949e-006 4.62414e-011 4.62414e-011
3.29 -6.90858e-005 -8.95481e-006 -1.21072e-006 -3.22202e-011 -3.22202e-011
3.3 -6.89784e-005 -8.96735e-006 -1.19264e-006 -1.08825e-010 -1.08825e-010
3.31 -6.88538e-005 -9.02989e-006 -1.16199e-006 -1.81952e-010 -1.81952e-010
3.32 -6.8717e-005 -9.15423e-006 -1.11875e-006 -2.49002e-010 -2.49002e-010
3.33 -6.85739e-005 -9.32451e-006 -1.05823e-006 -3.04322e-010 -3.04322e-010
3.34 -6.84285e-005 -9.51605e-006 -1.002e-006 -3.399e-010 -3.399e-010
3.35 -6.82824e-005 -9.70485e-006 -9.88117e-007 -3.49997e-010 -3.49997e-010
3.36 -6.8137e-005 -9.8598e-006 -1.02878e-006 -3.3469e-010 -3.3469e-010
3.37 -6.79945e-005 -9.94414e-006 -1.09959e-006 -2.98367e-010 -2.98367e-010
3.38 -6.7858e-005 -9.93423e-006 -1.15982e-006 -2.45889e-010 -2.45889e-010
3.39 -6.77328e-005 -9.8353e-006 -1.17444e-006 -1.8081e-010 -1.8081e-010
3.4 -6.7621e-005 -9.68087e-006 -1.13819e-006 -1.06405e-010 -1.06405e-010
3.41 -6.75222e-005 -9.51708e-006 -1.08499e-006 -2.76627e-011 -2.76627e-011
3.42 -6.74357e-005 -9.37783e-006 -1.05672e-006 4.84419e-011 4.84419e-011
3.43 -6.73636e-005 -9.26694e-006 -1.06235e-006 1.16169e-010 1.16169e-010
3.44 -6.731e-005 -9.16549e-006 -1.07677e-006 1.75629e-010 1.75629e-010
3.45 -6.72787e-005 -9.05622e-006 -1.07181e-006 2.3374e-010 2.3374e-010
3.46 -6.72705e-005 -8.93678e-006 -1.04338e-006 2.99142e-010 2.99142e-010
3.47 -6.72824e-005 -8.81614e-006 -1.01409e-006 3.7448e-010 3.7448e-010
3.48 -6.73087e-005 -8.70776e-006 -1.01337e-006 4.52297e-010 4.52297e-010
3.49 -6.73432e-005 -8.62528e-006 -1.05787e-006 5.17731e-010 5.17731e-010
3.5 -6.73794e-005 -8.58257e-006 -1.15486e-006 5.55013e-010 5.55013e-010
3.51 -6.74108e-005 -8.5914e-006 -1.3092e-006 5.52369e-010 5.52369e-010
3.52 -6.74343e-005 -8.64591e-006 -1.50465e-006 5.04193e-010 5.04193e-010
3.53 -6.74514e-005 -8.71475e-006 -1.69833e-006 4.12902e-010 4.12902e-010
3.54 -6.74648e-005 -8.76116e-006 -1.85606e-006 2.89466e-010 2.89466e-010
3.55 -6.74749e-005 -8.76688e-006 -1.98357e-006 1.48882e-010 1.48882e-010
3.56 -6.74778e-005 -8.73797e-006 -2.12146e-006 1.64406e-012 1.64406e-012
3.57 -6.74679e-005 -8.69338e-006 -2.30674e-006 -1.51634e-010 -1.51634e-010
3.58 -6.74424e-005 -8.65045e-006 -2.53522e-006 -3.16704e-010 -3.16704e-010
3.59 -6.74033e-005 -8.62182e-006 -2.75963e-006 -4.95682e-010 -4.95682e-010
3.6 -6.73513e-005 -8.61416e-006 -2.91294e-006 -6.79077e-010 -6.79077e-010
3.61 -6.72897e-005 -8.62621e-006 -2.94808e-006 -8.47064e-010 -8.47064e-010
3.62 -6.72238e-005 -8.65489e-006 -2.87435e-006 -9.80279e-010 -9.80279e-010
3.63 -6.71545e-005 -8.70214e-006 -2.75468e-006 -1.07252e-009 -1.07252e-009
3.64 -6.70791e-005 -8.77154e-006 -2.65502e-006 -1.13461e-009 -1.13461e-009
3.65 -6.69978e-005 -8.85958e-006 -2.59687e-006 -1.18491e-009 -1.18491e-009
3.66 -6.69132e-005 -8.95149e-006 -2.56027e-006 -1.23436e-009 -1.23436e-009
3.67 -6.68278e-005 -9.03149e-006 -2.51832e-006 -1.27898e-009 -1.27898e-009
3.68 -6.67435e-005 -9.09222e-006 -2.45693e-006 -1.30456e-009 -1.30456e-009
3.69 -6.66611e-005 -9.12288e-006 -2.37598e-006 -1.29764e-009 -1.29764e-009
3.7 -6.65788e-005 -9.10101e-006 -2.29036e-006 -1.25453e-009 -1.25453e-009
3.71 -6.64933e-005 -9.00693e-006 -2.22284e-006 -1.18393e-009 -1.18393e-009
3.72 -6.64029e-005 -8.83477e-006 -2.18411e-006 -1.10223e-009 -1.10223e-009
3.73 -6.631e-005 -8.5954e-006 -2.16492e-006 -1.02378e-009 -1.02378e-009
3.74 -6.62205e-005 -8.32153e-006 -2.149e-006 -9.52355e-010 -9.52355e-010
3.75 -6.61418e-005 -8.05221e-006 -2.12541e-006 -8.79687e-010 -8.79687e-010
3.76 -6.60801e-005 -7.8074e-006 -2.0916e-006 -7.92213e-010 -7.92213e-010
3.77 -6.6039e-005 -7.58902e-006 -2.04754e-006 -6.81079e-010 -6.81079e-010
3.78 -6.60194e-005 -7.39716e-006 -1.99241e-006 -5.48115e-010 -5.48115e-010
3.79 -6.60192e-005 -7.23444e-006 -1.93113e-006 -4.05002e-010 -4.05002e-010
3.8 -6.60337e-005 -7.10185e-006 -1.87278e-006 -2.67848e-010 -2.67848e-010
3.81 -6.60583e-005 -7.00207e-006 -1.82166e-006 -1.50309e-010 -1.50309e-010
3.82 -6.60905e-005 -6.94864e-006 -1.77717e-006 -5.8172e-011 -5.8172e-011
3.83 -6.61295e-005 -6.95909e-006 -1.73381e-006 1.16932e-011 1.16932e-011
3.84 -6.61754e-005 -7.02387e-006 -1.6862e-006 6.66399e-011 6.66399e-011
3.85 -6.62246e-005 -7.09345e-006 -1.64734e-006 1.09269e-010 1.09269e-010
3.86 -6.62718e-005 -7.11983e-006 -1.64347e-006 1.30519e-010 1.30519e-010
3.87 -6.63148e-005 -7.10016e-006 -1.68887e-006 1.13052e-010 1.13052e-010
3.88 -6.63544e-005 -7.06378e-006 -1.78022e-006 4.4018e-011 4.4018e-011
3.89 -6.6392e-005 -7.03364e-006 -1.9067e-006 -7.47532e-011 -7.47532e-011
3.9 -6.64268e-005 -7.01222e-006 -2.0611e-006 -2.28619e-010 -2.28619e-010
3.91 -6.64554e-005 -6.99926e-006 -2.24499e-006 -4.00821e-010 -4.00821e-010
3.92 -6.64742e-005 -7.01242e-006 -2.4608e-006 -5.81292e-010 -5.81292e-010
3.93 -6.64819e-005 -7.07553e-006 -2.68894e-006 -7.66678e-010 -7.66678e-010
3.94 -6.64817e-005 -7.19249e-006 -2.88003e-006 -9.53357e-010 -9.53357e-010
3.95 -6.64803e-005 -7.35157e-006 -2.98409e-006 -1.13085e-009 -1.13085e-009
3.96 -6.64859e-005 -7.54103e-006 -2.98069e-006 -1.2817e-009 -1.2817e-009
3.97 -6.65049e-005 -7.74299e-006 -2.87995e-006 -1.38784e-009 -1.38784e-009
3.98 -6.65409e-005 -7.92866e-006 -2.70387e-006 -1.43861e-009 -1.43861e-009
3.99 -6.65955e-005 -8.07191e-006 -2.47201e-006 -1.43448e-009 -1.43448e-009
4 -6.66661e-005 -8.16637e-006 -2.21364e-006 -1.38521e-009 -1.38521e-009
4.01 -6.67455e-005 -8.2283e-006 -1.97751e-006 -1.30633e-009 -1.30633e-009
4.02 -6.68246e-005 -8.27087e-006 -1.80092e-006 -1.21599e-009 -1.21599e-009
4.03 -6.68958e-005 -8.28063e-006 -1.68696e-006 -1.13012e-009 -1.13012e-009
4.04 -6.69518e-005 -8.23696e-006 -1.62681e-006 -1.05694e-009 -1.05694e-009
4.05 -6.69873e-005 -8.13722e-006 -1.61246e-006 -9.95699e-010 -9.95699e-010
4.06 -6.70029e-005 -7.99194e-006 -1.61675e-006 -9.39152e-010 -9.39152e-010
4.07 -6.70063e-005 -7.82158e-006 -1.59774e-006 -8.75488e-010 -8.75488e-010
4.08 -6.7008e-005 -7.66615e-006 -1.53876e-006 -7.90261e-010 -7.90261e-010
4.09 -6.70193e-005 -7.57868e-006 -1.45569e-006 -6.70579e-010 -6.70579e-010
4.1 -6.70514e-005 -7.59776e-006 -1.36579e-006 -5.09331e-010 -5.09331e-010
4.11 -6.71132e-005 -7.72885e-006 -1.27722e-006 -3.06395e-010 -3.06395e-010
4.12 -6.72076e-005 -7.94471e-006 -1.19102e-006 -6.82347e-011 -6.82347e-011
4.13 -6.7333e-005 -8.19672e-006 -1.09234e-006 1.92405e-010 1.92405e-010
4.14 -6.74829e-005 -8.43935e-006 -9.67019e-007 4.57644e-010 4.57644e-010
4.15 -6.76449e-005 -8.64977e-006 -8.29685e-007 7.06402e-010 7.06402e-010
4.16 -6.78041e-005 -8.82336e-006 -7.1277e-007 9.16707e-010 9.16707e-010
4.17 -6.79471e-005 -8.96209e-006 -6.41537e-007 1.06952e-009 1.06952e-009
4.18 -6.80661e-005 -9.071e-006 -6.20434e-007 1.15405e-009 1.15405e-009
4.19 -6.81619e-005 -9.16192e-006 -6.29776e-007 1.17239e-009 1.17239e-009
4.2 -6.82424e-005 -9.25508e-006 -6.45455e-007 1.14001e-009 1.14001e-009
4.21 -6.83194e-005 -9.366e-006 -6.59815e-007 1.07992e-009 1.07992e-009
4.22 -6.84054e-005 -9.48996e-006 -6.76462e-007 1.01303e-009 1.01303e-009
4.23 -6.85098e-005 -9.61338e-006 -7.07723e-007 9.50471e-010 9.50471e-010
4.24 -6.86355e-005 -9.73311e-006 -7.71745e-007 8.91422e-010 8.91422e-010
4.25 -6.87819e-005 -9.85082e-006 -8.59771e-007 8.27367e-010 8.27367e-010
4.26 -6.89474e-005 -9.96502e-006 -9.29745e-007 7.50583e-010 7.50583e-010
4.27 -6.91249e-005 -1.00752e-005 -9.46324e-007 6.60731e-010 6.60731e-010
4.28 -6.93049e-005 -1.01803e-005 -8.93195e-007 5.64708e-010 5.64708e-010
4.29 -6.94805e-005 -1.02777e-005 -7.63695e-007 4.72374e-010 4.72374e-010
4.3 -6.9646e-005 -1.03671e-005 -5.78394e-007 3.92467e-010 3.92467e-010
4.31 -6.97952e-005 -1.04429e-005 -3.87545e-007 3.29127e-010 3.29127e-010
4.32 -6.9923e-005 -1.0482e-005 -2.2919e-007 2.80409e-010 2.80409e-010
4.33 -7.00305e-005 -1.04537e-005 -1.03854e-007 2.41837e-010 2.41837e-010
4.34 -7.01246e-005 -1.03442e-005 1.00104e-008 2.13036e-010 2.13036e-010
4.35 -7.02133e-005 -1.01668e-005 1.37781e-007 2.01219e-010 2.01219e-010
4.36 -7.03028e-005 -9.94614e-006 2.9571e-007 2.18063e-010 2.18063e-010
4.37 -7.03937e-005 -9.70245e-006 4.75477e-007 2.71672e-010 2.71672e-010
4.38 -7.04809e-005 -9.45536e-006 6.46638e-007 3.59406e-010 3.59406e-010
4.39 -7.05573e-005 -9.23882e-006 7.7271e-007 4.67709e-010 4.67709e-010
4.4 -7.06159e-005 -9.09647e-006 8.3095e-007 5.79859e-010 5.79859e-010
4.41 -7.06548e-005 -9.05102e-006 8.35382e-007 6.86714e-010 6.86714e-010
4.42 -7.06774e-005 -9.08506e-006 8.31959e-007 7.93026e-010 7.93026e-010
4.43 -7.06903e-005 -9.15405e-006 8.71006e-007 9.14323e-010 9.14323e-010
4.44 -7.07027e-005 -9.21253e-006 9.92466e-007 1.06721e-009 1.06721e-009
4.45 -7.07235e-005 -9.23826e-006 1.20719e-006 1.26039e-009 1.26039e-009
4.46 -7.07546e-005 -9.23923e-006 1.46951e-006 1.48907e-009 1.48907e-009
4.47 -7.0789e-005 -9.23212e-006 1.69536e-006 1.73277e-009 1.73277e-009
4.48 -7.08189e-005 -9.22312e-006 1.82566e-006 1.95975e-009 1.95975e-009
4.49 -7.08407e-005 -9.21672e-006 1.85811e-006 2.14007e-009 2.14007e-009
4.5 -7.08552e-005 -9.22558e-006 1.82671e-006 2.25936e-009 2.25936e-009
4.51 -7.08649e-005 -9.25489e-006 1.78005e-006 2.32271e-009 2.32271e-009
4.52 -7.08729e-005 -9.28931e-006 1.76927e-006 2.34691e-009 2.34691e-009
4.53 -7.08834e-005 -9.31452e-006 1.81667e-006 2.34912e-009 2.34912e-009
4.54 -7.09006e-005 -9.33909e-006 1.90244e-006 2.33939e-009 2.33939e-009
4.55 -7.09271e-005 -9.37855e-006 1.99266e-006 2.31987e-009 2.31987e-009
4.56 -7.09637e-005 -9.43286e-006 2.05284e-006 2.28855e-009 2.28855e-009
4.57 -7.10082e-005 -9.48971e-006 2.04992e-006 2.24227e-009 2.24227e-009
4.58 -7.10598e-005 -9.53563e-006 1.97814e-006 2.17804e-009 2.17804e-009
4.59 -7.11197e-005 -9.55656e-006 1.87582e-006 2.09451e-009 2.09451e-009
4.6 -7.11882e-005 -9.53741e-006 1.79976e-006 1.99375e-009 1.99375e-009
4.61 -7.12617e-005 -9.47496e-006 1.77481e-006 1.87941e-009 1.87941e-009
4.62 -7.13325e-005 -9.38866e-006 1.77128e-006 1.75157e-009 1.75157e-009
4.63 -7.13922e-005 -9.29986e-006 1.74773e-006 1.60473e-009 1.60473e-009
4.64 -7.14378e-005 -9.19781e-006 1.70901e-006 1.43457e-009 1.43457e-009
4.65 -7.14711e-005 -9.04132e-006 1.69712e-006 1.24871e-009 1.24871e-009
4.66 -7.14932e-005 -8.79515e-006 1.73145e-006 1.06867e-009 1.06867e-009
4.67 -7.15019e-005 -8.46237e-006 1.786e-006 9.18324e-010 9.18324e-010
4.68 -7.14937e-005 -8.0875e-006 1.82183e-006 8.09663e-010 8.09663e-010
4.69 -7.14665e-005 -7.7287e-006 1.82305e-006 7.38945e-010 7.38945e-010
4.7 -7.14205e-005 -7.42274e-006 1.80745e-006 6.94446e-010 6.94446e-010
4.71 -7.1358e-005 -7.17496e-006 1.81183e-006 6.6667e-010 6.6667e-010
4.72 -7.12803e-005 -6.97547e-006 1.85285e-006 6.52788e-010 6.52788e-010
4.73 -7.1185e-005 -6.80957e-006 1.90621e-006 6.53497e-010 6.53497e-010
4.74 -7.10689e-005 -6.65787e-006 1.94061e-006 6.67657e-010 6.67657e-010
4.75 -7.09316e-005 -6.50488e-006 1.95349e-006 6.91696e-010 6.91696e-010
4.76 -7.07759e-005 -6.34362e-006 1.96964e-006 7.24114e-010 7.24114e-010
4.77 -7.06076e-005 -6.16997e-006 2.02782e-006 7.69334e-010 7.69334e-010
4.78 -7.04326e-005 -5.98634e-006 2.14774e-006 8.36258e-010 8.36258e-010
4.79 -7.0253e-005 -5.81079e-006 2.2938e-006 9.31103e-010 9.31103e-010
4.8 -7.00677e-005 -5.66817e-006 2.4016e-006 1.04948e-009 1.04948e-009
4.81 -6.9877e-005 -5.57009e-006 2.43091e-006 1.1754e-009 1.1754e-009
4.82 -6.96829e-005 -5.50745e-006 2.3729e-006 1.28808e-009 1.28808e-009
4.83 -6.94883e-005 -5.46258e-006 2.25098e-006 1.37019e-009 1.37019e-009
4.84 -6.93019e-005 -5.42527e-006 2.13713e-006 1.41431e-009 1.41431e-009
4.85 -6.91361e-005 -5.3937e-006 2.10874e-006 1.4272e-009 1.4272e-009
4.86 -6.89953e-005 -5.37083e-006 2.14956e-006 1.42567e-009 1.42567e-009
4.87 -6.88717e-005 -5.3574e-006 2.14729e-006 1.42061e-009 1.42061e-009
4.88 -6.87557e-005 -5.33741e-006 2.01852e-006 1.40369e-009 1.40369e-009
4.89 -6.86454e-005 -5.28844e-006 1.78782e-006 1.35418e-009 1.35418e-009
4.9 -6.85449e-005 -5.20998e-006 1.54146e-006 1.26011e-009 1.26011e-009
4.91 -6.8458e-005 -5.11945e-006 1.34085e-006 1.13027e-009 1.13027e-009
4.92 -6.83851e-005 -5.01754e-006 1.19206e-006 9.84795e-010 9.84795e-010
4.93 -6.83245e-005 -4.87702e-006 1.07447e-006 8.37036e-010 8.37036e-010
4.94 -6.82729e-005 -4.67672e-006 9.56776e-007 6.84796e-010 6.84796e-010
4.95 -6.82227e-005 -4.4324e-006 7.93265e-007 5.14498e-010 5.14498e-010
4.96 -6.81655e-005 -4.18465e-006 5.56267e-007 3.10956e-010 3.10956e-010
4.97 -6.80979e-005 -3.97031e-006 2.75101e-007 6.79018e-011 6.79018e-011
4.98 -6.802e-005 -3.81139e-006 3.463e-009 -2.04548e-010 -2.04548e-010
4.99 -6.79291e-005 -3.71131e-006 -2.4769e-007 -4.82595e-010 -4.82595e-010
5 -6.78183e-005 -3.64302e-006 -5.01748e-007 -7.42352e-010 -7.42352e-010
5.01 -6.76831e-005 -3.56085e-006 -7.56441e-007 -9.72489e-010 -9.72489e-010
5.02 -6.75222e-005 -3.45055e-006 -9.82162e-007 -1.17465e-009 -1.17465e-009
5.03 -6.7336e-005 -3.34948e-006 -1.16156e-006 -1.35459e-009 -1.35459e-009
5.04 -6.71272e-005 -3.30266e-006 -1.29604e-006 -1.51462e-009 -1.51462e-009
5.05 -6.68989e-005 -3.32196e-006 -1.40338e-006 -1.65212e-009 -1.65212e-009
5.06 -6.66514e-005 -3.39461e-006 -1.5314e-006 -1.76359e-009 -1.76359e-009
5.07 -6.63816e-005 -3.49673e-006 -1.72881e-006 -1.85065e-009 -1.85065e-009
5.08 -6.60877e-005 -3.59565e-006 -1.98506e-006 -1.92135e-009 -1.92135e-009
5.09 -6.57717e-005 -3.66766e-006 -2.23996e-006 -1.98417e-009 -1.98417e-009
5.1 -6.54357e-005 -3.71502e-006 -2.44863e-006 -2.04142e-009 -2.04142e-009
5.11 -6.50837e-005 -3.75641e-006 -2.59485e-006 -2.08858e-009 -2.08858e-009
5.12 -6.47249e-005 -3.80476e-006 -2.66497e-006 -2.11635e-009 -2.11635e-009
5.13 -6.43702e-005 -3.86649e-006 -2.67064e-006 -2.11279e-009 -2.11279e-009
5.14 -6.40245e-005 -3.96133e-006 -2.68254e-006 -2.06964e-009 -2.06964e-009
5.15 -6.36893e-005 -4.11877e-006 -2.78172e-006 -1.99181e-009 -1.99181e-009
5.16 -6.33689e-005 -4.34078e-006 -2.98446e-006 -1.89893e-009 -1.89893e-009
5.17 -6.30686e-005 -4.58861e-006 -3.25607e-006 -1.81522e-009 -1.81522e-009
5.18 -6.27893e-005 -4.81127e-006 -3.56408e-006 -1.75827e-009 -1.75827e-009
5.19 -6.25308e-005 -4.96525e-006 -3.87928e-006 -1.73571e-009 -1.73571e-009
5.2 -6.22948e-005 -5.0187e-006 -4.14848e-006 -1.74651e-009 -1.74651e-009
5.21 -6.20864e-005 -4.97343e-006 -4.30897e-006 -1.78104e-009 -1.78104e-009
5.22 -6.19128e-005 -4.89063e-006 -4.34295e-006 -1.82232e-009 -1.82232e-009
5.23 -6.17827e-005 -4.86267e-006 -4.28217e-006 -1.85169e-009 -1.85169e-009
5.24 -6.17066e-005 -4.94953e-006 -4.17114e-006 -1.85583e-009 -1.85583e-009
5.25 -6.16921e-005 -5.15446e-006 -4.0581e-006 -1.83018e-009 -1.83018e-009
5.26 -6.1743e-005 -5.44075e-006 -3.98146e-006 -1.77896e-009 -1.77896e-009
5.27 -6.18606e-005 -5.75735e-006 -3.9423e-006 -1.71261e-009 -1.71261e-009
5.28 -6.20414e-005 -6.06532e-006 -3.92159e-006 -1.64416e-009 -1.64416e-009
5.29 -6.22745e-005 -6.3491e-006 -3.91712e-006 -1.58795e-009 -1.58795e-009
5.3 -6.25452e-005 -6.59946e-006 -3.92515e-006 -1.55947e-009 -1.55947e-009
5.31 -6.28422e-005 -6.80404e-006 -3.91364e-006 -1.57069e-009 -1.57069e-009
5.32 -6.31586e-005 -6.97049e-006 -3.85184e-006 -1.62148e-009 -1.62148e-009
5.33 -6.34931e-005 -7.13889e-006 -3.73365e-006 -1.69525e-009 -1.69525e-009
5.34 -6.3852e-005 -7.3582e-006 -3.5601e-006 -1.76262e-009 -1.76262e-009
5.35 -6.425e-005 -7.65576e-006 -3.31719e-006 -1.78935e-009 -1.78935e-009
5.36 -6.47052e-005 -8.0283e-006 -2.98157e-006 -1.74359e-009 -1.74359e-009
5.37 -6.52287e-005 -8.45013e-006 -2.57574e-006 -1.60417e-009 -1.60417e-009
5.38 -6.5814e-005 -8.88316e-006 -2.19627e-006 -1.37264e-009 -1.37264e-009
5.39 -6.64434e-005 -9.29175e-006 -1.92705e-006 -1.0801e-009 -1.0801e-009
5.4 -6.71003e-005 -9.6604e-006 -1.74414e-006 -7.74094e-010 -7.74094e-010
5.41 -6.77728e-005 -9.99365e-006 -1.54851e-006 -4.90199e-010 -4.90199e-010
5.42 -6.84464e-005 -1.02981e-005 -1.26582e-006 -2.34247e-010 -2.34247e-010
5.43 -6.91024e-005 -1.05749e-005 -9.11533e-007 8.79046e-012 8.79046e-012
5.44 -6.97268e-005 -1.08351e-005 -5.70148e-007 2.51917e-010 2.51917e-010
5.45 -7.03136e-005 -1.11055e-005 -2.99324e-007 4.94941e-010 4.94941e-010
5.46 -7.08717e-005 -1.14045e-005 -7.75219e-008 7.35235e-010 7.35235e-010
5.47 -7.14173e-005 -1.17181e-005 1.49393e-007 9.83272e-010 9.83272e-010
5.48 -7.19623e-005 -1.20078e-005 4.15369e-007 1.26129e-009 1.26129e-009
5.49 -7.25132e-005 -1.22366e-005 7.26447e-007 1.58648e-009 1.58648e-009
5.5 -7.30675e-005 -1.23937e-005 1.05073e-006 1.95615e-009 1.95615e-009
5.51 -7.36093e-005 -1.24967e-005 1.32103e-006 2.34445e-009 2.34445e-009
5.52 -7.41162e-005 -1.2566e-005 1.50268e-006 2.71041e-009 2.71041e-009
5.53 -7.45683e-005 -1.26123e-005 1.63061e-006 3.01408e-009 3.01408e-009
5.54 -7.49518e-005 -1.26529e-005 1.75322e-006 3.23254e-009 3.23254e-009
5.55 -7.52567e-005 -1.27035e-005 1.88819e-006 3.36534e-009 3.36534e-009
5.56 -7.54776e-005 -1.27542e-005 2.02522e-006 3.42838e-009 3.42838e-009
5.57 -7.56139e-005 -1.27839e-005 2.13365e-006 3.44262e-009 3.44262e-009
5.58 -7.56723e-005 -1.27955e-005 2.18319e-006 3.42561e-009 3.42561e-009
5.59 -7.56665e-005 -1.28143e-005 2.16553e-006 3.38913e-009 3.38913e-009
5.6 -7.56104e-005 -1.28552e-005 2.08201e-006 3.3383e-009 3.3383e-009
5.61 -7.5509e-005 -1.29043e-005 1.92507e-006 3.2692e-009 3.2692e-009
5.62 -7.53631e-005 -1.2931e-005 1.70147e-006 3.16937e-009 3.16937e-009
5.63 -7.51729e-005 -1.29073e-005 1.46868e-006 3.02651e-009 3.02651e-009
5.64 -7.49389e-005 -1.28219e-005 1.31061e-006 2.84096e-009 2.84096e-009
5.65 -7.46638e-005 -1.26852e-005 1.26362e-006 2.62755e-009 2.62755e-009
5.66 -7.43419e-005 -1.25282e-005 1.28169e-006 2.40258e-009 2.40258e-009
5.67 -7.39673e-005 -1.23919e-005 1.27868e-006 2.16973e-009 2.16973e-009
5.68 -7.35426e-005 -1.23026e-005 1.20832e-006 1.922e-009 1.922e-009
5.69 -7.30813e-005 -1.22466e-005 1.1024e-006 1.65842e-009 1.65842e-009
5.7 -7.26028e-005 -1.21746e-005 1.03083e-006 1.39738e-009 1.39738e-009
5.71 -7.21251e-005 -1.20393e-005 1.03276e-006 1.17105e-009 1.17105e-009
5.72 -7.16608e-005 -1.18279e-005 1.09583e-006 1.00515e-009 1.00515e-009
5.73 -7.12201e-005 -1.15605e-005 1.19988e-006 9.03589e-010 9.03589e-010
5.74 -7.08142e-005 -1.12612e-005 1.36196e-006 8.52509e-010 8.52509e-010
5.75 -7.04548e-005 -1.09313e-005 1.62823e-006 8.37754e-010 8.37754e-010
5.76 -7.01504e-005 -1.05531e-005 2.02118e-006 8.57356e-010 8.57356e-010
5.77 -6.99039e-005 -1.01121e-005 2.50727e-006 9.18621e-010 9.18621e-010
5.78 -6.97147e-005 -9.61246e-006 3.01214e-006 1.02633e-009 1.02633e-009
5.79 -6.95769e-005 -9.07578e-006 3.43704e-006 1.17363e-009 1.17363e-009
5.8 -6.94758e-005 -8.53637e-006 3.67027e-006 1.33942e-009 1.33942e-009
5.81 -6.93933e-005 -8.0221e-006 3.64278e-006 1.49181e-009 1.49181e-009
5.82 -6.93228e-005 -7.51589e-006 3.42037e-006 1.60019e-009 1.60019e-009
5.83 -6.92734e-005 -6.95339e-006 3.20342e-006 1.65465e-009 1.65465e-009
5.84 -6.92609e-005 -6.29506e-006 3.16816e-006 1.67755e-009 1.67755e-009
5.85 -6.92988e-005 -5.59725e-006 3.31953e-006 1.71028e-009 1.71028e-009
5.86 -6.93882e-005 -4.98419e-006 3.52635e-006 1.78314e-009 1.78314e-009
5.87 -6.95238e-005 -4.54834e-006 3.65379e-006 1.89658e-009 1.89658e-009
5.88 -6.96985e-005 -4.2929e-006 3.63246e-006 2.02666e-009 2.02666e-009
5.89 -6.99063e-005 -4.15234e-006 3.47041e-006 2.14212e-009 2.14212e-009
5.9 -7.01413e-005 -4.04941e-006 3.24014e-006 2.21879e-009 2.21879e-009
5.91 -7.03936e-005 -3.9416e-006 3.01895e-006 2.24703e-009 2.24703e-009
5.92 -7.06505e-005 -3.82311e-006 2.85494e-006 2.23122e-009 2.23122e-009
5.93 -7.09012e-005 -3.70797e-006 2.78404e-006 2.18223e-009 2.18223e-009
5.94 -7.11374e-005 -3.63064e-006 2.82283e-006 2.10916e-009 2.10916e-009
5.95 -7.13522e-005 -3.63814e-006 2.93872e-006 2.01565e-009 2.01565e-009
5.96 -7.15382e-005 -3.75892e-006 3.04671e-006 1.89994e-009 1.89994e-009
5.97 -7.16923e-005 -3.98058e-006 3.06131e-006 1.75777e-009 1.75777e-009
5.98 -7.18184e-005 -4.25898e-006 2.95388e-006 1.58823e-009 1.58823e-009
5.99 -7.19211e-005 -4.54995e-006 2.73464e-006 1.39836e-009 1.39836e-009
6 -7.1995e-005 -4.83807e-006 2.38042e-006 1.19743e-009 1.19743e-009
6.01 -7.20197e-005 -5.13841e-006 1.81725e-006 9.81046e-010 9.81046e-010
6.02 -7.19682e-005 -5.47648e-006 9.99785e-007 7.21272e-010 7.21272e-010
6.03 -7.18188e-005 -5.88334e-006 -3.0519e-008 3.79381e-010 3.79381e-010
6.04 -7.15597e-005 -6.38308e-006 -1.16752e-006 -6.5005e-011 -6.5005e-011
6.05 -7.11904e-005 -6.94838e-006 -2.28137e-006 -5.92749e-010 -5.92749e-010
6.06 -7.07232e-005 -7.49196e-006 -3.26313e-006 -1.14847e-009 -1.14847e-009
6.07 -7.01816e-005 -7.91483e-006 -4.05302e-006 -1.66476e-009 -1.66476e-009
6.08 -6.95734e-005 -8.15083e-006 -4.63256e-006 -2.08927e-009 -2.08927e-009
6.09 -6.89118e-005 -8.18834e-006 -5.04152e-006 -2.39929e-009 -2.39929e-009
6.1 -6.82054e-005 -8.06602e-006 -5.37143e-006 -2.60383e-009 -2.60383e-009
6.11 -6.74596e-005 -7.84202e-006 -5.68848e-006 -2.73674e-009 -2.73674e-009
6.12 -6.66791e-005 -7.5705e-006 -5.98166e-006 -2.8389e-009 -2.8389e-009
6.13 -6.58677e-005 -7.29677e-006 -6.18949e-006 -2.93699e-009 -2.93699e-009
6.14 -6.50334e-005 -7.04518e-006 -6.21797e-006 -3.03272e-009 -3.03272e-009
6.15 -6.41957e-005 -6.81791e-006 -5.94694e-006 -3.10416e-009 -3.10416e-009
6.16 -6.33821e-005 -6.619e-006 -5.2949e-006 -3.11407e-009 -3.11407e-009
6.17 -6.26218e-005 -6.46386e-006 -4.28043e-006 -3.0235e-009 -3.0235e-009
6.18 -6.19459e-005 -6.37155e-006 -3.00897e-006 -2.80573e-009 -2.80573e-009
6.19 -6.1385e-005 -6.37868e-006 -1.63936e-006 -2.45283e-009 -2.45283e-009
6.2 -6.09651e-005 -6.55297e-006 -3.45491e-007 -1.9745e-009 -1.9745e-009
6.21 -6.07092e-005 -6.94865e-006 7.73472e-007 -1.3923e-009 -1.3923e-009
6.22 -6.06426e-005 -7.53724e-006 1.76566e-006 -7.31395e-010 -7.31395e-010
6.23 -6.07892e-005 -8.20319e-006 2.77947e-006 -1.26123e-011 -1.26123e-011
6.24 -6.11638e-005 -8.8249e-006 3.92361e-006 7.48657e-010 7.48657e-010
6.25 -6.17684e-005 -9.37085e-006 5.1567e-006 1.53364e-009 1.53364e-009
6.26 -6.25963e-005 -9.92384e-006 6.27903e-006 2.30921e-009 2.30921e-009
6.27 -6.36222e-005 -1.06147e-005 7.0166e-006 3.02698e-009 3.02698e-009
6.28 -6.48033e-005 -1.15153e-005 7.18749e-006 3.63827e-009 3.63827e-009
6.29 -6.612e-005 -1.25801e-005 6.85158e-006 4.11981e-009 4.11981e-009
6.3 -6.75862e-005 -1.36729e-005 6.29885e-006 4.4956e-009 4.4956e-009
6.31 -6.92205e-005 -1.46698e-005 5.8067e-006 4.83321e-009 4.83321e-009
6.32 -7.10101e-005 -1.55382e-005 5.37952e-006 5.19932e-009 5.19932e-009
6.33 -7.29018e-005 -1.63084e-005 4.74533e-006 5.59715e-009 5.59715e-009
6.34 -7.48211e-005 -1.70076e-005 3.55638e-006 5.93607e-009 5.93607e-009
6.35 -7.66919e-005 -1.76274e-005 1.62125e-006 6.06264e-009 6.06264e-009
6.36 -7.84409e-005 -1.81108e-005 -9.51629e-007 5.83639e-009 5.83639e-009
6.37 -7.99999e-005 -1.83392e-005 -3.73735e-006 5.20786e-009 5.20786e-009
6.38 -8.13173e-005 -1.8167e-005 -6.16239e-006 4.25545e-009 4.25545e-009
6.39 -8.23517e-005 -1.7542e-005 -7.86746e-006 3.15104e-009 3.15104e-009
6.4 -8.30848e-005 -1.65782e-005 -8.92937e-006 2.06515e-009 2.06515e-009
6.41 -8.35094e-005 -1.54682e-005 -9.64675e-006 1.07805e-009 1.07805e-009
6.42 -8.3624e-005 -1.43627e-005 -1.0193e-005 1.70067e-010 1.70067e-010
6.43 -8.34304e-005 -1.33658e-005 -1.0555e-005 -7.09919e-010 -7.09919e-010
6.44 -8.29411e-005 -1.25552e-005 -1.06226e-005 -1.57155e-009 -1.57155e-009
6.45 -8.21824e-005 -1.19549e-005 -1.02407e-005 -2.36394e-009 -2.36394e-009
6.46 -8.11954e-005 -1.15319e-005 -9.27543e-006 -3.00628e-009 -3.00628e-009
6.47 -8.00044e-005 -1.12558e-005 -7.73028e-006 -3.43451e-009 -3.43451e-009
6.48 -7.86142e-005 -1.11432e-005 -5.794e-006 -3.63954e-009 -3.63954e-009
6.49 -7.70245e-005 -1.12313e-005 -3.73031e-006 -3.67785e-009 -3.67785e-009
6.5 -7.5247e-005 -1.15263e-005 -1.72579e-006 -3.64038e-009 -3.64038e-009
6.51 -7.33165e-005 -1.19751e-005 1.43021e-007 -3.59234e-009 -3.59234e-009
6.52 -7.12879e-005 -1.24959e-005 1.83239e-006 -3.52783e-009 -3.52783e-009
6.53 -6.92218e-005 -1.3045e-005 3.24346e-006 -3.3767e-009 -3.3767e-009
6.54 -6.7182e-005 -1.36268e-005 4.23031e-006 -3.05848e-009 -3.05848e-009
6.55 -6.52293e-005 -1.42318e-005 4.73485e-006 -2.53931e-009 -2.53931e-009
6.56 -6.34315e-005 -1.48003e-005 4.86002e-006 -1.84881e-009 -1.84881e-009
6.57 -6.18505e-005 -1.52558e-005 4.79396e-006 -1.05296e-009 -1.05296e-009
6.58 -6.05429e-005 -1.55461e-005 4.69997e-006 -2.12432e-010 -2.12432e-010
6.59 -5.95589e-005 -1.56736e-005 4.64515e-006 6.44982e-010 6.44982e-010
6.6 -5.89342e-005 -1.56968e-005 4.56316e-006 1.52484e-009 1.52484e-009
6.61 -5.86758e-005 -1.568e-005 4.3075e-006 2.44129e-009 2.44129e-009
6.62 -5.87657e-005 -1.56323e-005 3.75025e-006 3.38435e-009 3.38435e-009
6.63 -5.91632e-005 -1.5498e-005 2.8275e-006 4.30089e-009 4.30089e-009
6.64 -5.98137e-005 -1.51918e-005 1.54078e-006 5.10051e-009 5.10051e-009
6.65 -6.0657e-005 -1.46474e-005 -5.7192e-008 5.68203e-009 5.68203e-009
6.66 -6.16324e-005 -1.38505e-005 -1.90731e-006 5.96361e-009 5.96361e-009
6.67 -6.26801e-005 -1.28301e-005 -3.95954e-006 5.8997e-009 5.8997e-009
6.68 -6.3748e-005 -1.16222e-005 -6.12557e-006 5.48264e-009 5.48264e-009
6.69 -6.47978e-005 -1.02501e-005 -8.24386e-006 4.73734e-009 4.73734e-009
6.7 -6.58048e-005 -8.75702e-006 -1.01227e-005 3.71508e-009 3.71508e-009
6.71 -6.67776e-005 -7.25067e-006 -1.16291e-005 2.4871e-009 2.4871e-009
6.72 -6.76911e-005 -5.88497e-006 -1.27386e-005 1.13281e-009 1.13281e-009
6.73 -6.85254e-005 -4.76265e-006 -1.34873e-005 -2.77551e-010 -2.77551e-010
6.74 -6.92597e-005 -3.84749e-006 -1.38881e-005 -1.69031e-009 -1.69031e-009
6.75 -6.98564e-005 -3.00186e-006 -1.39122e-005 -3.06562e-009 -3.06562e-009
6.76 -7.02849e-005 -2.0896e-006 -1.35212e-005 -4.37793e-009 -4.37793e-009
6.77 -7.05155e-005 -1.06447e-006 -1.26408e-005 -5.61581e-009 -5.61581e-009
6.78 -7.05265e-005 3.1363e-008 -1.12085e-005 -6.77263e-009 -6.77263e-009
6.79 -7.03106e-005 1.10608e-006 -9.26196e-006 -7.83257e-009 -7.83257e-009
6.8 -6.98728e-005 2.07049e-006 -6.97459e-006 -8.76651e-009 -8.76651e-009
6.81 -6.92303e-005 2.88189e-006 -4.58105e-006 -9.54067e-009 -9.54067e-009
6.82 -6.84174e-005 3.55561e-006 -2.27491e-006 -1.01249e-008 -1.01249e-008
6.83 -6.74768e-005 4.12958e-006 -2.02229e-007 -1.04925e-008 -1.04925e-008
6.84 -6.64423e-005 4.61664e-006 1.48997e-006 -1.06196e-008 -1.06196e-008
6.85 -6.52995e-005 5.01878e-006 2.69453e-006 -1.04933e-008 -1.04933e-008
6.86 -6.41276e-005 5.32568e-006 3.41139e-006 -1.01175e-008 -1.01175e-008
6.87 -6.29972e-005 5.55509e-006 3.79675e-006 -9.5044e-009 -9.5044e-009
6.88 -6.19255e-005 5.70435e-006 4.00889e-006 -8.66364e-009 -8.66364e-009
6.89 -6.09363e-005 5.72976e-006 4.0977e-006 -7.60355e-009 -7.60355e-009
6.9 -6.00648e-005 5.57756e-006 4.03263e-006 -6.34637e-009 -6.34637e-009
6.91 -5.93291e-005 5.25538e-006 3.81848e-006 -4.9336e-009 -4.9336e-009
6.92 -5.87595e-005 4.86935e-006 3.52744e-006 -3.41103e-009 -3.41103e-009
6.93 -5.83791e-005 4.56897e-006 3.17444e-006 -1.8172e-009 -1.8172e-009
6.94 -5.81826e-005 4.43928e-006 2.62418e-006 -1.98948e-010 -1.98948e-010
6.95 -5.81444e-005 4.45611e-006 1.6879e-006 1.36205e-009 1.36205e-009
6.96 -5.82324e-005 4.55124e-006 3.06864e-007 2.74935e-009 2.74935e-009
6.97 -5.84126e-005 4.69929e-006 -1.39401e-006 3.84713e-009 3.84713e-009
6.98 -5.8624e-005 4.94281e-006 -3.2234e-006 4.57814e-009 4.57814e-009
6.99 -5.88604e-005 5.32364e-006 -5.03815e-006 4.91147e-009 4.91147e-009
7 -5.90913e-005 5.85874e-006 -6.75989e-006 4.84726e-009 4.84726e-009
7.01 -5.93139e-005 6.53547e-006 -8.24778e-006 4.40793e-009 4.40793e-009
7.02 -5.95337e-005 7.3398e-006 -9.3205e-006 3.6447e-009 3.6447e-009
7.03 -5.97608e-005 8.21959e-006 -9.917e-006 2.63922e-009 2.63922e-009
7.04 -5.99787e-005 9.04776e-006 -1.01876e-005 1.47562e-009 1.47562e-009
7.05 -6.01733e-005 9.6137e-006 -1.04273e-005 1.96998e-010 1.96998e-010
7.06 -6.03052e-005 9.73241e-006 -1.0861e-005 -1.20909e-009 -1.20909e-009
7.07 -6.03567e-005 9.37208e-006 -1.14327e-005 -2.77722e-009 -2.77722e-009
7.08 -6.03218e-005 8.6297e-006 -1.18779e-005 -4.50941e-009 -4.50941e-009
7.09 -6.02004e-005 7.62602e-006 -1.19508e-005 -6.34555e-009 -6.34555e-009
7.1 -5.99851e-005 6.43198e-006 -1.15701e-005 -8.1831e-009 -8.1831e-009
7.11 -5.96722e-005 5.08069e-006 -1.08161e-005 -9.92054e-009 -9.92054e-009
7.12 -5.92721e-005 3.61807e-006 -9.83492e-006 -1.14812e-008 -1.14812e-008
7.13 -5.88079e-005 2.09202e-006 -8.78808e-006 -1.2808e-008 -1.2808e-008
7.14 -5.83139e-005 5.16515e-007 -7.83907e-006 -1.3851e-008 -1.3851e-008
7.15 -5.78241e-005 -1.12254e-006 -7.11585e-006 -1.45657e-008 -1.45657e-008
7.16 -5.73848e-005 -2.82938e-006 -6.66708e-006 -1.49206e-008 -1.49206e-008
7.17 -5.70336e-005 -4.59519e-006 -6.46469e-006 -1.49031e-008 -1.49031e-008
7.18 -5.68032e-005 -6.40924e-006 -6.4198e-006 -1.45191e-008 -1.45191e-008
7.19 -5.67215e-005 -8.24107e-006 -6.40533e-006 -1.37874e-008 -1.37874e-008
7.2 -5.67984e-005 -1.00335e-005 -6.30748e-006 -1.2732e-008 -1.2732e-008
7.21 -5.7054e-005 -1.17089e-005 -6.05114e-006 -1.13769e-008 -1.13769e-008
7.22 -5.75085e-005 -1.31828e-005 -5.56404e-006 -9.7392e-009 -9.7392e-009
7.23 -5.81867e-005 -1.4391e-005 -4.7799e-006 -7.82288e-009 -7.82288e-009
7.24 -5.91151e-005 -1.53222e-005 -3.71603e-006 -5.62102e-009 -5.62102e-009
7.25 -6.02933e-005 -1.60248e-005 -2.51057e-006 -3.13888e-009 -3.13888e-009
7.26 -6.17211e-005 -1.65676e-005 -1.3732e-006 -4.28494e-010 -4.28494e-010
7.27 -6.3377e-005 -1.69858e-005 -4.66295e-007 2.39317e-009 2.39317e-009
7.28 -6.52186e-005 -1.72515e-005 1.46e-007 5.15952e-009 5.15952e-009
7.29 -6.71932e-005 -1.72964e-005 4.68005e-007 7.69297e-009 7.69297e-009
7.3 -6.92388e-005 -1.70603e-005 5.65713e-007 9.84495e-009 9.84495e-009
7.31 -7.13071e-005 -1.65253e-005 6.04316e-007 1.15257e-008 1.15257e-008
7.32 -7.3364e-005 -1.5746e-005 7.80949e-007 1.27179e-008 1.27179e-008
7.33 -7.53735e-005 -1.48915e-005 1.11212e-006 1.34626e-008 1.34626e-008
7.34 -7.72855e-005 -1.42291e-005 1.3355e-006 1.3818e-008 1.3818e-008
7.35 -7.90465e-005 -1.4005e-005 1.10629e-006 1.38118e-008 1.38118e-008
7.36 -8.06247e-005 -1.43058e-005 3.01186e-007 1.34299e-008 1.34299e-008
7.37 -8.20131e-005 -1.50331e-005 -8.87637e-007 1.26559e-008 1.26559e-008
7.38 -8.32189e-005 -1.60163e-005 -2.15286e-006 1.1516e-008 1.1516e-008
7.39 -8.42279e-005 -1.71444e-005 -3.32592e-006 1.00776e-008 1.00776e-008
7.4 -8.50206e-005 -1.83674e-005 -4.39486e-006 8.40527e-009 8.40527e-009
7.41 -8.55971e-005 -1.9623e-005 -5.34681e-006 6.53068e-009 6.53068e-009
7.42 -8.59377e-005 -2.08054e-005 -6.08196e-006 4.46751e-009 4.46751e-009
7.43 -8.59917e-005 -2.18114e-005 -6.49141e-006 2.25037e-009 2.25037e-009
7.44 -8.57315e-005 -2.26259e-005 -6.64385e-006 -4.12596e-011 -4.12596e-011
7.45 -8.51514e-005 -2.33207e-005 -6.80131e-006 -2.30319e-009 -2.30319e-009
7.46 -8.42599e-005 -2.39717e-005 -7.20249e-006 -4.44704e-009 -4.44704e-009
7.47 -8.3082e-005 -2.45828e-005 -7.85209e-006 -6.40934e-009 -6.40934e-009
7.48 -8.16535e-005 -2.50835e-005 -8.50002e-006 -8.12609e-009 -8.12609e-009
7.49 -8.00207e-005 -2.53675e-005 -8.81415e-006 -9.51283e-009 -9.51283e-009
7.5 -7.82596e-005 -2.53316e-005 -8.60658e-006 -1.04814e-008 -1.04814e-008
7.51 -7.64423e-005 -2.49055e-005 -7.90261e-006 -1.09805e-008 -1.09805e-008
7.52 -7.46105e-005 -2.40627e-005 -6.79463e-006 -1.1013e-008 -1.1013e-008
7.53 -7.28184e-005 -2.28474e-005 -5.33292e-006 -1.06086e-008 -1.06086e-008
7.54 -7.11195e-005 -2.13669e-005 -3.54953e-006 -9.78515e-009 -9.78515e-009
7.55 -6.95528e-005 -1.97465e-005 -1.53689e-006 -8.54161e-009 -8.54161e-009
7.56 -6.81341e-005 -1.81039e-005 4.76026e-007 -6.88998e-009 -6.88998e-009
7.57 -6.68512e-005 -1.65254e-005 2.19218e-006 -4.89657e-009 -4.89657e-009
7.58 -6.57114e-005 -1.50094e-005 3.49238e-006 -2.68588e-009 -2.68588e-009
7.59 -6.47387e-005 -1.34522e-005 4.59105e-006 -3.91133e-010 -3.91133e-010
7.6 -6.39699e-005 -1.17303e-005 5.81482e-006 1.90488e-009 1.90488e-009
7.61 -6.34394e-005 -9.82228e-006 7.2571e-006 4.17909e-009 4.17909e-009
7.62 -6.31572e-005 -7.85838e-006 8.67866e-006 6.41589e-009 6.41589e-009
7.63 -6.30986e-005 -6.05756e-006 9.70135e-006 8.54678e-009 8.54678e-009
7.64 -6.32425e-005 -4.61199e-006 1.01005e-005 1.04503e-008 1.04503e-008
7.65 -6.3628e-005 -3.62418e-006 9.89952e-006 1.20108e-008 1.20108e-008
7.66 -6.4281e-005 -3.07287e-006 9.32111e-006 1.31721e-008 1.31721e-008
7.67 -6.51876e-005 -2.85186e-006 8.62753e-006 1.39431e-008 1.39431e-008
7.68 -6.63339e-005 -2.87184e-006 7.91611e-006 1.43575e-008 1.43575e-008
7.69 -6.76786e-005 -3.10187e-006 7.07746e-006 1.44236e-008 1.44236e-008
7.7 -6.91623e-005 -3.5164e-006 5.99599e-006 1.41064e-008 1.41064e-008
7.71 -7.07354e-005 -4.03721e-006 4.7534e-006 1.33604e-008 1.33604e-008
7.72 -7.23593e-005 -4.56019e-006 3.58016e-006 1.21808e-008 1.21808e-008
7.73 -7.40005e-005 -5.02614e-006 2.64072e-006 1.06246e-008 1.06246e-008
7.74 -7.5627e-005 -5.43048e-006 1.94674e-006 8.78537e-009 8.78537e-009
7.75 -7.72145e-005 -5.76894e-006 1.45817e-006 6.75686e-009 6.75686e-009
7.76 -7.87493e-005 -6.00277e-006 1.17598e-006 4.62247e-009 4.62247e-009
7.77 -8.02172e-005 -6.07334e-006 1.10799e-006 2.46274e-009 2.46274e-009
7.78 -8.15867e-005 -5.92227e-006 1.18189e-006 3.49015e-010 3.49015e-010
7.79 -8.28055e-005 -5.5026e-006 1.23088e-006 -1.68148e-009 -1.68148e-009
7.8 -8.38117e-005 -4.78551e-006 1.11214e-006 -3.63501e-009 -3.63501e-009
7.81 -8.45537e-005 -3.7534e-006 8.44332e-007 -5.52871e-009 -5.52871e-009
7.82 -8.50027e-005 -2.37749e-006 6.5444e-007 -7.33502e-009 -7.33502e-009
7.83 -8.51611e-005 -6.17681e-007 9.16951e-007 -8.94831e-009 -8.94831e-009
7.84 -8.50592e-005 1.52001e-006 1.95115e-006 -1.0203e-008 -1.0203e-008
7.85 -8.47693e-005 3.92446e-006 3.81612e-006 -1.09333e-008 -1.09333e-008
7.86 -8.42897e-005 6.41877e-006 6.34473e-006 -1.10332e-008 -1.10332e-008
7.87 -8.37792e-005 8.78235e-006 9.21882e-006 -1.04838e-008 -1.04838e-008
7.88 -8.32537e-005 1.09021e-005 1.2141e-005 -9.3552e-009 -9.3552e-009
7.89 -8.269e-005 1.26995e-005 1.48486e-005 -7.78224e-009 -7.78224e-009
7.9 -8.20708e-005 1.41054e-005 1.71273e-005 -5.91435e-009 -5.91435e-009
7.91 -8.13356e-005 1.50669e-005 1.88455e-005 -3.87211e-009 -3.87211e-009
7.92 -8.04063e-005 1.55597e-005 2.0017e-005 -1.73638e-009 -1.73638e-009
7.93 -7.92891e-005 1.56212e-005 2.07918e-005 4.41067e-010 4.41067e-010
7.94 -7.80931e-005 1.53582e-005 2.13531e-005 2.62395e-009 2.62395e-009
7.95 -7.68522e-005 1.48872e-005 2.18148e-005 4.77906e-009 4.77906e-009
7.96 -7.55992e-005 1.42685e-005 2.21053e-005 6.8696e-009 6.8696e-009
7.97 -7.43721e-005 1.3501e-005 2.2041e-005 8.85485e-009 8.85485e-009
7.98 -7.32405e-005 1.25606e-005 2.1453e-005 1.06892e-008 1.06892e-008
7.99 -7.22713e-005 1.14401e-005 2.03008e-005 1.23213e-008 1.23213e-008
8 -7.1522e-005 1.01592e-005 1.87134e-005 1.36944e-008 1.36944e-008
8.01 -7.10328e-005 8.73856e-006 1.6869e-005 1.47432e-008 1.47432e-008
8.02 -7.08013e-005 7.16095e-006 1.48276e-005 1.53846e-008 1.53846e-008
8.03 -7.07905e-005 5.39139e-006 1.25417e-005 1.55163e-008 1.55163e-008
8.04 -7.09432e-005 3.46573e-006 1.00418e-005 1.50441e-008 1.50441e-008
8.05 -7.12032e-005 1.52666e-006 7.53457e-006 1.39348e-008 1.39348e-008
8.06 -7.15234e-005 -2.64121e-007 5.24878e-006 1.2256e-008 1.2256e-008
8.07 -7.18583e-005 -1.83319e-006 3.2113e-006 1.01618e-008 1.01618e-008
8.08 -7.21776e-005 -3.19274e-006 1.25758e-006 7.82487e-009 7.82487e-009
8.09 -7.24672e-005 -4.35607e-006 -7.42215e-007 5.36547e-009 5.36547e-009
8.1 -7.26369e-005 -5.30279e-006 -2.77791e-006 2.82729e-009 2.82729e-009
8.11 -7.27844e-005 -5.91746e-006 -4.70554e-006 2.03831e-010 2.03831e-010
8.12 -7.29549e-005 -6.10607e-006 -6.43209e-006 -2.50741e-009 -2.50741e-009
8.13 -7.3097e-005 -5.80894e-006 -7.87041e-006 -5.26493e-009 -5.26493e-009
8.14 -7.31589e-005 -5.05033e-006 -8.92948e-006 -7.98863e-009 -7.98863e-009
8.15 -7.31253e-005 -3.97656e-006 -9.51133e-006 -1.05797e-008 -1.05797e-008
8.16 -7.29752e-005 -2.83221e-006 -9.53818e-006 -1.29235e-008 -1.29235e-008
8.17 -7.26889e-005 -1.85822e-006 -8.99191e-006 -1.48885e-008 -1.48885e-008
8.18 -7.22656e-005 -1.21113e-006 -7.92395e-006 -1.63412e-008 -1.63412e-008
8.19 -7.17154e-005 -9.46793e-007 -6.45025e-006 -1.71749e-008 -1.71749e-008
8.2 -7.10592e-005 -1.07679e-006 -4.75346e-006 -1.73336e-008 -1.73336e-008
8.21 -7.03164e-005 -1.61588e-006 -3.06701e-006 -1.68213e-008 -1.68213e-008
8.22 -6.9507e-005 -2.58503e-006 -1.61245e-006 -1.56983e-008 -1.56983e-008
8.23 -6.86527e-005 -4.00472e-006 -5.56536e-007 -1.40707e-008 -1.40707e-008
8.24 -6.77751e-005 -5.88154e-006 1.26682e-008 -1.20758e-008 -1.20758e-008
8.25 -6.68496e-005 -8.19449e-006 1.09302e-007 -9.85972e-009 -9.85972e-009
8.26 -6.59504e-005 -1.08532e-005 -1.75552e-007 -7.55487e-009 -7.55487e-009
8.27 -6.51009e-005 -1.37717e-005 -7.45903e-007 -5.25182e-009 -5.25182e-009
8.28 -6.43219e-005 -1.68583e-005 -1.57105e-006 -2.97344e-009 -2.97344e-009
8.29 -6.36377e-005 -2.00577e-005 -2.63945e-006 -6.83642e-010 -6.83642e-010
8.3 -6.30962e-005 -2.33168e-005 -3.9283e-006 1.6613e-009 1.6613e-009
8.31 -6.27038e-005 -2.66087e-005 -5.45621e-006 4.05743e-009 4.05743e-009
8.32 -6.21108e-005 -3.00088e-005 -7.39303e-006 6.42121e-009 6.42121e-009
8.33 -6.11643e-005 -3.35513e-005 -9.77035e-006 8.58227e-009 8.58227e-009
8.34 -5.95122e-005 -3.71383e-005 -1.25007e-005 1.03165e-008 1.03165e-008
8.35 -5.74426e-005 -4.05571e-005 -1.54234e-005 1.14246e-008 1.14246e-008
8.36 -5.50274e-005 -4.36954e-005 -1.85285e-005 1.17916e-008 1.17916e-008
8.37 -5.24717e-005 -4.64857e-005 -2.17811e-005 1.14076e-008 1.14076e-008
8.38 -4.9956e-005 -4.89035e-005 -2.51548e-005 1.03466e-008 1.03466e-008
8.39 -4.74282e-005 -5.09584e-005 -2.85766e-005 8.69577e-009 8.69577e-009
8.4 -4.50302e-005 -5.26177e-005 -3.1851e-005 6.53909e-009 6.53909e-009
8.41 -4.29486e-005 -5.38858e-005 -3.48434e-005 3.98758e-009 3.98758e-009
8.42 -4.10445e-005 -5.47678e-005 -3.75763e-005 1.1736e-009 1.1736e-009
8.43 -3.93873e-005 -5.52607e-005 -4.00545e-005 -1.77816e-009 -1.77816e-009
8.44 -3.79439e-005 -5.53871e-005 -4.22842e-005 -4.78301e-009 -4.78301e-009
8.45 -3.65571e-005 -5.5216e-005 -4.42968e-005 -7.8159e-009 -7.8159e-009
8.46 -3.52044e-005 -5.4837e-005 -4.60732e-005 -1.08952e-008 -1.08952e-008
8.47 -3.38504e-005 -5.4329e-005 -4.75673e-005 -1.40403e-008 -1.40403e-008
8.48 -3.24195e-005 -5.37489e-005 -4.87307e-005 -1.72445e-008 -1.72445e-008
8.49 -3.08534e-005 -5.31473e-005 -4.95515e-005 -2.04604e-008 -2.04604e-008
8.5 -2.9118e-005 -5.25914e-005 -5.00872e-005 -2.35763e-008 -2.35763e-008
8.51 -2.71214e-005 -5.2147e-005 -5.04157e-005 -2.64078e-008 -2.64078e-008
8.52 -2.48873e-005 -5.18524e-005 -5.05025e-005 -2.87343e-008 -2.87343e-008
8.53 -2.2564e-005 -5.17196e-005 -5.02284e-005 -3.03604e-008 -3.03604e-008
8.54 -2.01698e-005 -5.17748e-005 -4.95403e-005 -3.11624e-008 -3.11624e-008
8.55 -1.7687e-005 -5.20652e-005 -4.85167e-005 -3.11056e-008 -3.11056e-008
8.56 -1.49941e-005 -5.26534e-005 -4.73687e-005 -3.02571e-008 -3.02571e-008
8.57 -1.19423e-005 -5.35801e-005 -4.63425e-005 -2.87865e-008 -2.87865e-008
8.58 -8.43883e-006 -5.4822e-005 -4.56003e-005 -2.69119e-008 -2.69119e-008
8.59 -4.57034e-006 -5.62747e-005 -4.5162e-005 -2.4819e-008 -2.4819e-008
8.6 -3.73652e-007 -5.78457e-005 -4.49775e-005 -2.2622e-008 -2.2622e-008
8.61 3.95665e-006 -5.94371e-005 -4.50951e-005 -2.03816e-008 -2.03816e-008
8.62 8.39813e-006 -6.10218e-005 -4.56225e-005 -1.81424e-008 -1.81424e-008
8.63 1.29979e-005 -6.25676e-005 -4.66444e-005 -1.59414e-008 -1.59414e-008
8.64 1.75776e-005 -6.40159e-005 -4.81285e-005 -1.37969e-008 -1.37969e-008
8.65 2.19686e-005 -6.53038e-005 -4.99774e-005 -1.17132e-008 -1.17132e-008
8.66 2.60195e-005 -6.6335e-005 -5.21163e-005 -9.69689e-009 -9.69689e-009
8.67 2.94121e-005 -6.7017e-005 -5.44302e-005 -7.77179e-009 -7.77179e-009
8.68 3.19049e-005 -6.72495e-005 -5.67363e-005 -5.99548e-009 -5.99548e-009
8.69 3.3298e-005 -6.69598e-005 -5.88471e-005 -4.47417e-009 -4.47417e-009
8.7 3.36517e-005 -6.61505e-005 -6.07362e-005 -3.36472e-009 -3.36472e-009
8.71 3.31367e-005 -6.48606e-005 -6.24347e-005 -2.84209e-009 -2.84209e-009
8.72 3.1909e-005 -6.30984e-005 -6.39595e-005 -3.03532e-009 -3.03532e-009
8.73 2.99878e-005 -6.08311e-005 -6.51987e-005 -3.97153e-009 -3.97153e-009
8.74 2.72041e-005 -5.80704e-005 -6.59475e-005 -5.56277e-009 -5.56277e-009
8.75 2.37577e-005 -5.48918e-005 -6.61808e-005 -7.6533e-009 -7.6533e-009
8.76 1.99076e-005 -5.14547e-005 -6.59977e-005 -1.0086e-008 -1.0086e-008
8.77 1.59952e-005 -4.78659e-005 -6.5575e-005 -1.27381e-008 -1.27381e-008
8.78 1.20474e-005 -4.41234e-005 -6.49235e-005 -1.5516e-008 -1.5516e-008
8.79 7.88656e-006 -4.0103e-005 -6.38964e-005 -1.83346e-008 -1.83346e-008
8.8 3.31548e-006 -3.56726e-005 -6.22774e-005 -2.11152e-008 -2.11152e-008
8.81 -1.81229e-006 -3.07689e-005 -5.99094e-005 -2.37867e-008 -2.37867e-008
8.82 -7.50573e-006 -2.54774e-005 -5.67605e-005 -2.62753e-008 -2.62753e-008
8.83 -1.34018e-005 -1.99963e-005 -5.29733e-005 -2.85008e-008 -2.85008e-008
8.84 -1.9121e-005 -1.47074e-005 -4.8809e-005 -3.03891e-008 -3.03891e-008
8.85 -2.43058e-005 -9.87199e-006 -4.46771e-005 -3.18812e-008 -3.18812e-008
8.86 -2.84208e-005 -5.74104e-006 -4.09073e-005 -3.2927e-008 -3.2927e-008
8.87 -3.14705e-005 -2.37644e-006 -3.76104e-005 -3.34744e-008 -3.34744e-008
8.88 -3.37533e-005 3.57836e-007 -3.46299e-005 -3.34586e-008 -3.34586e-008
8.89 -3.54672e-005 2.60964e-006 -3.16522e-005 -3.28049e-008 -3.28049e-008
8.9 -3.70002e-005 4.57082e-006 -2.83818e-005 -3.14383e-008 -3.14383e-008
8.91 -3.84507e-005 6.3116e-006 -2.4744e-005 -2.9313e-008 -2.9313e-008
8.92 -3.96997e-005 7.7715e-006 -2.09134e-005 -2.64478e-008 -2.64478e-008
8.93 -4.08488e-005 9.00119e-006 -1.70167e-005 -2.29382e-008 -2.29382e-008
8.94 -4.19162e-005 1.00514e-005 -1.31893e-005 -1.89543e-008 -1.89543e-008
8.95 -4.27393e-005 1.09809e-005 -9.55917e-006 -1.47111e-008 -1.47111e-008
8.96 -4.35245e-005 1.18826e-005 -6.13974e-006 -1.04111e-008 -1.04111e-008
8.97 -4.45532e-005 1.28232e-005 -2.88194e-006 -6.18031e-009 -6.18031e-009
8.98 -4.59433e-005 1.39093e-005 1.7712e-007 -2.05799e-009 -2.05799e-009
8.99 -4.77304e-005 1.52379e-005 2.95858e-006 1.92607e-009 1.92607e-009
9 -4.99611e-005 1.68632e-005 5.52514e-006 5.67249e-009 5.67249e-009
9.01 -5.25665e-005 1.88508e-005 7.87844e-006 9.02199e-009 9.02199e-009
9.02 -5.50911e-005 2.12613e-005 9.9992e-006 1.18554e-008 1.18554e-008
9.03 -5.74048e-005 2.40644e-005 1.19852e-005 1.41465e-008 1.41465e-008
9.04 -5.9606e-005 2.72196e-005 1.39638e-005 1.58526e-008 1.58526e-008
9.05 -6.16454e-005 3.06278e-005 1.59663e-005 1.68708e-008 1.68708e-008
9.06 -6.35051e-005 3.41483e-005 1.79795e-005 1.7183e-008 1.7183e-008
9.07 -6.53928e-005 3.7619e-005 1.99766e-005 1.68867e-008 1.68867e-008
9.08 -6.71777e-005 4.09927e-005 2.19693e-005 1.60668e-008 1.60668e-008
9.09 -6.89845e-005 4.42078e-005 2.40274e-005 1.47231e-008 1.47231e-008
9.1 -7.06776e-005 4.72562e-005 2.62814e-005 1.28026e-008 1.28026e-008
9.11 -7.20943e-005 5.02113e-005 2.87681e-005 1.0285e-008 1.0285e-008
9.12 -7.32194e-005 5.29927e-005 3.14239e-005 7.25119e-009 7.25119e-009
9.13 -7.41084e-005 5.55339e-005 3.41429e-005 3.86094e-009 3.86094e-009
9.14 -7.48286e-005 5.77346e-005 3.68472e-005 2.795e-010 2.795e-010
9.15 -7.52412e-005 5.9512e-005 3.95805e-005 -3.33969e-009 -3.33969e-009
9.16 -7.54238e-005 6.08016e-005 4.23542e-005 -6.84041e-009 -6.84041e-009
9.17 -7.54706e-005 6.1538e-005 4.50876e-005 -1.00853e-008 -1.00853e-008
9.18 -7.54667e-005 6.16607e-005 4.75298e-005 -1.29658e-008 -1.29658e-008
9.19 -7.58479e-005 6.10708e-005 4.93249e-005 -1.53886e-008 -1.53886e-008
9.2 -7.67e-005 5.96777e-005 5.03395e-005 -1.72707e-008 -1.72707e-008
9.21 -7.78659e-005 5.7485e-005 5.07302e-005 -1.85425e-008 -1.85425e-008
9.22 -7.92052e-005 5.45647e-005 5.08017e-005 -1.91447e-008 -1.91447e-008
9.23 -8.0557e-005 5.10716e-005 5.08396e-005 -1.90222e-008 -1.90222e-008
9.24 -8.17233e-005 4.71832e-005 5.10221e-005 -1.81291e-008 -1.81291e-008
9.25 -8.27372e-005 4.30559e-005 5.13464e-005 -1.64466e-008 -1.64466e-008
9.26 -8.36412e-005 3.87891e-005 5.17396e-005 -1.4005e-008 -1.4005e-008
9.27 -8.44079e-005 3.44744e-005 5.21988e-005 -1.0882e-008 -1.0882e-008
9.28 -8.49133e-005 3.02664e-005 5.28583e-005 -7.16181e-009 -7.16181e-009
9.29 -8.48934e-005 2.63195e-005 5.3933e-005 -2.89819e-009 -2.89819e-009
9.3 -8.43213e-005 2.27128e-005 5.54606e-005 1.85675e-009 1.85675e-009
9.31 -8.33034e-005 1.94077e-005 5.73171e-005 6.99821e-009 6.99821e-009
9.32 -8.21065e-005 1.63474e-005 5.92067e-005 1.23476e-008 1.23476e-008
9.33 -8.09991e-005 1.35655e-005 6.08187e-005 1.76678e-008 1.76678e-008
9.34 -8.03843e-005 1.11241e-005 6.19383e-005 2.27129e-008 2.27129e-008
9.35 -8.08299e-005 9.01208e-006 6.23247e-005 2.72651e-008 2.72651e-008
9.36 -8.23157e-005 7.18584e-006 6.18919e-005 3.11462e-008 3.11462e-008
9.37 -8.45483e-005 5.58508e-006 6.07081e-005 3.42323e-008 3.42323e-008
9.38 -8.73146e-005 4.1282e-006 5.88723e-005 3.64634e-008 3.64634e-008
9.39 -9.05453e-005 2.76691e-006 5.64533e-005 3.78246e-008 3.78246e-008
9.4 -9.41394e-005 1.48768e-006 5.35377e-005 3.83111e-008 3.83111e-008
9.41 -9.79127e-005 3.34394e-007 5.03059e-005 3.79153e-008 3.79153e-008
9.42 -0.000101681 -6.19567e-007 4.69794e-005 3.665e-008 3.665e-008
9.43 -0.000105337 -1.34428e-006 4.37048e-005 3.45705e-008 3.45705e-008
9.44 -0.000108856 -1.87835e-006 4.0513e-005 3.17668e-008 3.17668e-008
9.45 -0.000112245 -2.32668e-006 3.73837e-005 2.8335e-008 2.8335e-008
9.46 -0.000115428 -2.81138e-006 3.43328e-005 2.43641e-008 2.43641e-008
9.47 -0.000118284 -3.44741e-006 3.1454e-005 1.99481e-008 1.99481e-008
9.48 -0.00012066 -4.30125e-006 2.89002e-005 1.52037e-008 1.52037e-008
9.49 -0.000122455 -5.40811e-006 2.67751e-005 1.02756e-008 1.02756e-008
9.5 -0.000123555 -6.79579e-006 2.50463e-005 5.33298e-009 5.33298e-009
9.51 -0.000124042 -8.56933e-006 2.34512e-005 5.57727e-010 5.57727e-010
9.52 -0.000123825 -1.08659e-005 2.16178e-005 -3.87168e-009 -3.87168e-009
9.53 -0.000122758 -1.36753e-005 1.94068e-005 -7.7903e-009 -7.7903e-009
9.54 -0.000120421 -1.67941e-005 1.70664e-005 -1.10652e-008 -1.10652e-008
9.55 -0.0001169 -2.00829e-005 1.48168e-005 -1.36083e-008 -1.36083e-008
9.56 -0.000112404 -2.34132e-005 1.2789e-005 -1.53693e-008 -1.53693e-008
9.57 -0.000107409 -2.65907e-005 1.11061e-005 -1.63493e-008 -1.63493e-008
9.58 -0.000102145 -2.9492e-005 9.71898e-006 -1.66144e-008 -1.66144e-008
9.59 -9.70113e-005 -3.19605e-005 8.64565e-006 -1.62363e-008 -1.62363e-008
9.6 -9.22716e-005 -3.38529e-005 7.99033e-006 -1.52276e-008 -1.52276e-008
9.61 -8.80066e-005 -3.51379e-005 7.76225e-006 -1.35524e-008 -1.35524e-008
9.62 -8.42716e-005 -3.58719e-005 7.83521e-006 -1.11787e-008 -1.11787e-008
9.63 -8.10103e-005 -3.61522e-005 7.99781e-006 -8.12603e-009 -8.12603e-009
9.64 -7.82154e-005 -3.60107e-005 8.1414e-006 -4.4844e-009 -4.4844e-009
9.65 -7.59786e-005 -3.53898e-005 8.33147e-006 -3.92585e-010 -3.92585e-010
9.66 -7.4411e-005 -3.42165e-005 8.68244e-006 3.9928e-009 3.9928e-009
9.67 -7.35105e-005 -3.24926e-005 9.17427e-006 8.50583e-009 8.50583e-009
9.68 -7.31665e-005 -3.03321e-005 9.56406e-006 1.29544e-008 1.29544e-008
9.69 -7.31976e-005 -2.79054e-005 9.53815e-006 1.71004e-008 1.71004e-008
9.7 -7.35273e-005 -2.53284e-005 8.95088e-006 2.06752e-008 2.06752e-008
9.71 -7.41318e-005 -2.26442e-005 7.82647e-006 2.34348e-008 2.34348e-008
9.72 -7.49635e-005 -1.98755e-005 6.24698e-006 2.52104e-008 2.52104e-008
9.73 -7.59551e-005 -1.70651e-005 4.2637e-006 2.59128e-008 2.59128e-008
9.74 -7.69219e-005 -1.42429e-005 1.92629e-006 2.55274e-008 2.55274e-008
9.75 -7.76225e-005 -1.14187e-005 -6.48882e-007 2.41465e-008 2.41465e-008
9.76 -7.77433e-005 -8.63207e-006 -3.31156e-006 2.19829e-008 2.19829e-008
9.77 -7.70829e-005 -5.95636e-006 -6.14193e-006 1.92661e-008 1.92661e-008
9.78 -7.54363e-005 -3.4644e-006 -9.32919e-006 1.6067e-008 1.6067e-008
9.79 -7.30034e-005 -1.29572e-006 -1.28851e-005 1.22784e-008 1.22784e-008
9.8 -7.00843e-005 4.6121e-007 -1.66292e-005 7.77934e-009 7.77934e-009
9.81 -6.67874e-005 1.79155e-006 -2.02946e-005 2.59185e-009 2.59185e-009
9.82 -6.34084e-005 2.72977e-006 -2.35343e-005 -3.08827e-009 -3.08827e-009
9.83 -6.0208e-005 3.3206e-006 -2.60572e-005 -8.99013e-009 -8.99013e-009
9.84 -5.72709e-005 3.60017e-006 -2.77889e-005 -1.4868e-008 -1.4868e-008
9.85 -5.45814e-005 3.58833e-006 -2.88209e-005 -2.05251e-008 -2.05251e-008
9.86 -5.20885e-005 3.33968e-006 -2.92783e-005 -2.57961e-008 -2.57961e-008
9.87 -4.98316e-005 2.9587e-006 -2.92172e-005 -3.052e-008 -3.052e-008
9.88 -4.78896e-005 2.56062e-006 -2.86315e-005 -3.45187e-008 -3.45187e-008
9.89 -4.63257e-005 2.24084e-006 -2.75321e-005 -3.76039e-008 -3.76039e-008
9.9 -4.51472e-005 2.06264e-006 -2.6006e-005 -3.96147e-008 -3.96147e-008
9.91 -4.43294e-005 2.07619e-006 -2.41585e-005 -4.04682e-008 -4.04682e-008
9.92 -4.39215e-005 2.3451e-006 -2.20172e-005 -4.01847e-008 -4.01847e-008
9.93 -4.40108e-005 2.93162e-006 -1.95394e-005 -3.88635e-008 -3.88635e-008
9.94 -4.46662e-005 3.88012e-006 -1.66872e-005 -3.66379e-008 -3.66379e-008
9.95 -4.57952e-005 5.21323e-006 -1.34708e-005 -3.36428e-008 -3.36428e-008
9.96 -4.68912e-005 6.95864e-006 -9.93441e-006 -2.99958e-008 -2.99958e-008
9.97 -4.73396e-005 9.1494e-006 -6.13746e-006 -2.57732e-008 -2.57732e-008
9.98 -4.62311e-005 1.16171e-005 -2.4218e-006 -2.10285e-008 -2.10285e-008
9.99 -4.46084e-005 1.43524e-005 1.11412e-006 -1.58428e-008 -1.58428e-008
10 -4.33438e-005 1.72009e-005 4.3114e-006 -1.03284e-008 -1.03284e-008
