0.1 -0.0609918 -2.10317e-006
0.2 -0.122122 -4.2111e-006
0.3 -0.183391 -6.32383e-006
0.4 -0.2448 -8.44138e-006
0.5 -0.30635 -1.05638e-005
0.6 -0.368041 -1.26911e-005
0.7 -0.429874 -1.48233e-005
0.8 -0.491851 -1.69604e-005
0.9 -0.553972 -1.91025e-005
1 -0.616237 -2.12496e-005
0.01 -0.615727 -2.1232e-005
0.02 -0.614293 -2.11825e-005
0.03 -0.612766 -2.11299e-005
0.04 -0.611978 -2.11027e-005
0.05 -0.612013 -2.11039e-005
0.06 -0.612757 -2.11295e-005
0.07 -0.614024 -2.11732e-005
0.08 -0.615596 -2.12275e-005
0.09 -0.617303 -2.12863e-005
0.1 -0.619035 -2.1346e-005
0.11 -0.62071 -2.14038e-005
0.12 -0.62232 -2.14593e-005
0.13 -0.623895 -2.15136e-005
0.14 -0.625539 -2.15703e-005
0.15 -0.627283 -2.16304e-005
0.16 -0.629122 -2.16939e-005
0.17 -0.630939 -2.17565e-005
0.18 -0.632686 -2.18168e-005
0.19 -0.634363 -2.18746e-005
0.2 -0.636094 -2.19343e-005
0.21 -0.637936 -2.19978e-005
0.22 -0.639922 -2.20663e-005
0.23 -0.641976 -2.21371e-005
0.24 -0.644081 -2.22097e-005
0.25 -0.646191 -2.22825e-005
0.26 -0.648284 -2.23546e-005
0.27 -0.650277 -2.24233e-005
0.28 -0.652097 -2.24861e-005
0.29 -0.653747 -2.2543e-005
0.3 -0.655345 -2.25981e-005
0.31 -0.657031 -2.26562e-005
0.32 -0.65886 -2.27193e-005
0.33 -0.660831 -2.27873e-005
0.34 -0.662982 -2.28614e-005
0.35 -0.665465 -2.29471e-005
0.36 -0.668498 -2.30517e-005
0.37 -0.672155 -2.31778e-005
0.38 -0.676206 -2.33174e-005
0.39 -0.680249 -2.34569e-005
0.4 -0.684042 -2.35877e-005
0.41 -0.687597 -2.37103e-005
0.42 -0.691002 -2.38276e-005
0.43 -0.694204 -2.39381e-005
0.44 -0.69697 -2.40335e-005
0.45 -0.699115 -2.41074e-005
0.46 -0.700699 -2.4162e-005
0.47 -0.701916 -2.4204e-005
0.48 -0.702901 -2.4238e-005
0.49 -0.70368 -2.42648e-005
0.5 -0.704196 -2.42826e-005
0.51 -0.704365 -2.42885e-005
0.52 -0.704089 -2.42789e-005
0.53 -0.703223 -2.42491e-005
0.54 -0.701713 -2.4197e-005
0.55 -0.699795 -2.41309e-005
0.56 -0.697827 -2.4063e-005
0.57 -0.695947 -2.39982e-005
0.58 -0.694058 -2.3933e-005
0.59 -0.692082 -2.38649e-005
0.6 -0.690067 -2.37954e-005
0.61 -0.688202 -2.37311e-005
0.62 -0.686635 -2.36771e-005
0.63 -0.685135 -2.36253e-005
0.64 -0.683218 -2.35592e-005
0.65 -0.680697 -2.34723e-005
0.66 -0.67789 -2.33755e-005
0.67 -0.675252 -2.32846e-005
0.68 -0.672909 -2.32038e-005
0.69 -0.670572 -2.31232e-005
0.7 -0.667974 -2.30336e-005
0.71 -0.665228 -2.29389e-005
0.72 -0.662865 -2.28574e-005
0.73 -0.661387 -2.28064e-005
0.74 -0.660594 -2.27791e-005
0.75 -0.659639 -2.27462e-005
0.76 -0.657882 -2.26856e-005
0.77 -0.655282 -2.25959e-005
0.78 -0.651973 -2.24818e-005
0.79 -0.647967 -2.23437e-005
0.8 -0.643252 -2.21811e-005
0.81 -0.638048 -2.20017e-005
0.82 -0.632874 -2.18232e-005
0.83 -0.628145 -2.16602e-005
0.84 -0.62369 -2.15066e-005
0.85 -0.618873 -2.13404e-005
0.86 -0.613036 -2.11392e-005
0.87 -0.605842 -2.08911e-005
0.88 -0.597503 -2.06036e-005
0.89 -0.588655 -2.02984e-005
0.9 -0.58003 -2.0001e-005
0.91 -0.572047 -1.97258e-005
0.92 -0.564434 -1.94632e-005
0.93 -0.556444 -1.91877e-005
0.94 -0.547748 -1.88878e-005
0.95 -0.539346 -1.85981e-005
0.96 -0.532925 -1.83767e-005
0.97 -0.529078 -1.82441e-005
0.98 -0.526942 -1.81704e-005
0.99 -0.525326 -1.81147e-005
1 -0.523744 -1.80601e-005
1.01 -0.522917 -1.80316e-005
1.02 -0.52383 -1.80631e-005
1.03 -0.525784 -1.81305e-005
1.04 -0.526408 -1.8152e-005
1.05 -0.524219 -1.80765e-005
1.06 -0.520101 -1.79345e-005
1.07 -0.516015 -1.77936e-005
1.08 -0.513216 -1.76971e-005
1.09 -0.511779 -1.76475e-005
1.1 -0.511116 -1.76247e-005
1.11 -0.51031 -1.75969e-005
1.12 -0.50829 -1.75273e-005
1.13 -0.504775 -1.7406e-005
1.14 -0.501293 -1.7286e-005
1.15 -0.499822 -1.72352e-005
1.16 -0.500456 -1.72571e-005
1.17 -0.501235 -1.7284e-005
1.18 -0.499436 -1.72219e-005
1.19 -0.493832 -1.70287e-005
1.2 -0.485971 -1.67576e-005
1.21 -0.478704 -1.6507e-005
1.22 -0.474162 -1.63504e-005
1.23 -0.472976 -1.63095e-005
1.24 -0.474401 -1.63586e-005
1.25 -0.476833 -1.64425e-005
1.26 -0.478918 -1.65144e-005
1.27 -0.480326 -1.6563e-005
1.28 -0.48142 -1.66007e-005
1.29 -0.482914 -1.66522e-005
1.3 -0.485366 -1.67367e-005
1.31 -0.488559 -1.68468e-005
1.32 -0.492378 -1.69785e-005
1.33 -0.497845 -1.71671e-005
1.34 -0.505652 -1.74363e-005
1.35 -0.513898 -1.77206e-005
1.36 -0.519095 -1.78998e-005
1.37 -0.519669 -1.79196e-005
1.38 -0.517651 -1.785e-005
1.39 -0.517314 -1.78384e-005
1.4 -0.522229 -1.80079e-005
1.41 -0.532262 -1.83539e-005
1.42 -0.54306 -1.87262e-005
1.43 -0.549967 -1.89644e-005
1.44 -0.552657 -1.90571e-005
1.45 -0.555352 -1.91501e-005
1.46 -0.562569 -1.93989e-005
1.47 -0.574158 -1.97985e-005
1.48 -0.585188 -2.01789e-005
1.49 -0.591537 -2.03978e-005
1.5 -0.593383 -2.04615e-005
1.51 -0.592388 -2.04272e-005
1.52 -0.588348 -2.02879e-005
1.53 -0.580164 -2.00057e-005
1.54 -0.568458 -1.9602e-005
1.55 -0.555718 -1.91627e-005
1.56 -0.544356 -1.87709e-005
1.57 -0.535842 -1.84773e-005
1.58 -0.531583 -1.83305e-005
1.59 -0.533187 -1.83858e-005
1.6 -0.541196 -1.86619e-005
1.61 -0.55272 -1.90593e-005
1.62 -0.561699 -1.93689e-005
1.63 -0.564385 -1.94615e-005
1.64 -0.562694 -1.94032e-005
1.65 -0.560567 -1.93299e-005
1.66 -0.559169 -1.92817e-005
1.67 -0.55656 -1.91917e-005
1.68 -0.55108 -1.90028e-005
1.69 -0.544529 -1.87769e-005
1.7 -0.540644 -1.86429e-005
1.71 -0.540333 -1.86322e-005
1.72 -0.541037 -1.86565e-005
1.73 -0.54076 -1.86469e-005
1.74 -0.54041 -1.86348e-005
1.75 -0.542319 -1.87007e-005
1.76 -0.548264 -1.89057e-005
1.77 -0.559177 -1.9282e-005
1.78 -0.574848 -1.98223e-005
1.79 -0.592534 -2.04322e-005
1.8 -0.60829 -2.09755e-005
1.81 -0.620887 -2.14099e-005
1.82 -0.631717 -2.17833e-005
1.83 -0.641202 -2.21104e-005
1.84 -0.646999 -2.23103e-005
1.85 -0.645652 -2.22639e-005
1.86 -0.636299 -2.19413e-005
1.87 -0.621536 -2.14323e-005
1.88 -0.60395 -2.08259e-005
1.89 -0.58495 -2.01707e-005
1.9 -0.568141 -1.95911e-005
1.91 -0.559319 -1.92869e-005
1.92 -0.56189 -1.93755e-005
1.93 -0.575736 -1.9853e-005
1.94 -0.599394 -2.06688e-005
1.95 -0.630041 -2.17256e-005
1.96 -0.662126 -2.28319e-005
1.97 -0.688345 -2.3736e-005
1.98 -0.703449 -2.42568e-005
1.99 -0.707445 -2.43947e-005
2 -0.704457 -2.42916e-005
2.01 -0.69872 -2.40938e-005
2.02 -0.691522 -2.38456e-005
2.03 -0.682099 -2.35207e-005
2.04 -0.670901 -2.31345e-005
2.05 -0.659541 -2.27428e-005
2.06 -0.648813 -2.23729e-005
2.07 -0.639591 -2.20549e-005
2.08 -0.633974 -2.18612e-005
2.09 -0.634014 -2.18625e-005
2.1 -0.640679 -2.20924e-005
2.11 -0.653858 -2.25468e-005
2.12 -0.672958 -2.32055e-005
2.13 -0.697248 -2.4043e-005
2.14 -0.724887 -2.49961e-005
2.15 -0.75195 -2.59293e-005
2.16 -0.773308 -2.66658e-005
2.17 -0.786116 -2.71075e-005
2.18 -0.793136 -2.73495e-005
2.19 -0.799175 -2.75578e-005
2.2 -0.803717 -2.77144e-005
2.21 -0.801703 -2.76449e-005
2.22 -0.79063 -2.72631e-005
2.23 -0.774034 -2.66908e-005
2.24 -0.759493 -2.61894e-005
2.25 -0.754622 -2.60215e-005
2.26 -0.764554 -2.63639e-005
2.27 -0.78982 -2.72352e-005
2.28 -0.824458 -2.84296e-005
2.29 -0.859163 -2.96263e-005
2.3 -0.887001 -3.05862e-005
2.31 -0.904568 -3.1192e-005
2.32 -0.910259 -3.13882e-005
2.33 -0.904341 -3.11842e-005
2.34 -0.889843 -3.06843e-005
2.35 -0.871386 -3.00478e-005
2.36 -0.852757 -2.94054e-005
2.37 -0.83622 -2.88352e-005
2.38 -0.822405 -2.83588e-005
2.39 -0.809096 -2.78999e-005
2.4 -0.792274 -2.73198e-005
2.41 -0.768811 -2.65107e-005
2.42 -0.738031 -2.54494e-005
2.43 -0.704676 -2.42992e-005
2.44 -0.67979 -2.3441e-005
2.45 -0.673097 -2.32102e-005
2.46 -0.684401 -2.36e-005
2.47 -0.705104 -2.43139e-005
2.48 -0.72627 -2.50438e-005
2.49 -0.743468 -2.56368e-005
2.5 -0.756139 -2.60737e-005
2.51 -0.76495 -2.63776e-005
2.52 -0.770626 -2.65733e-005
2.53 -0.773536 -2.66737e-005
2.54 -0.772751 -2.66466e-005
2.55 -0.766633 -2.64356e-005
2.56 -0.754908 -2.60313e-005
2.57 -0.739992 -2.5517e-005
2.58 -0.726205 -2.50415e-005
2.59 -0.716816 -2.47178e-005
2.6 -0.711728 -2.45424e-005
2.61 -0.708389 -2.44272e-005
2.62 -0.70419 -2.42824e-005
2.63 -0.696744 -2.40257e-005
2.64 -0.683635 -2.35736e-005
2.65 -0.664162 -2.29021e-005
2.66 -0.640268 -2.20782e-005
2.67 -0.615982 -2.12408e-005
2.68 -0.595681 -2.05407e-005
2.69 -0.580776 -2.00267e-005
2.7 -0.568614 -1.96074e-005
2.71 -0.553791 -1.90962e-005
2.72 -0.530098 -1.82792e-005
2.73 -0.494561 -1.70538e-005
2.74 -0.452479 -1.56027e-005
2.75 -0.41604 -1.43462e-005
2.76 -0.394087 -1.35892e-005
2.77 -0.386932 -1.33425e-005
2.78 -0.392643 -1.35394e-005
2.79 -0.411035 -1.41736e-005
2.8 -0.439292 -1.5148e-005
2.81 -0.471025 -1.62422e-005
2.82 -0.501141 -1.72807e-005
2.83 -0.528591 -1.82273e-005
2.84 -0.555952 -1.91708e-005
2.85 -0.585837 -2.02013e-005
2.86 -0.618602 -2.13311e-005
2.87 -0.653992 -2.25515e-005
2.88 -0.689936 -2.37909e-005
2.89 -0.72029 -2.48376e-005
2.9 -0.738494 -2.54653e-005
2.91 -0.743165 -2.56264e-005
2.92 -0.738513 -2.54659e-005
2.93 -0.729793 -2.51653e-005
2.94 -0.718909 -2.479e-005
2.95 -0.704895 -2.43067e-005
2.96 -0.687537 -2.37082e-005
2.97 -0.668364 -2.3047e-005
2.98 -0.648692 -2.23687e-005
2.99 -0.628344 -2.1667e-005
3 -0.605998 -2.08965e-005
3.01 -0.580443 -2.00153e-005
3.02 -0.551397 -1.90137e-005
3.03 -0.5189 -1.78931e-005
3.04 -0.484152 -1.66949e-005
3.05 -0.4521 -1.55897e-005
3.06 -0.429533 -1.48115e-005
3.07 -0.417574 -1.43991e-005
3.08 -0.40994 -1.41359e-005
3.09 -0.400645 -1.38154e-005
3.1 -0.389505 -1.34312e-005
3.11 -0.380279 -1.31131e-005
3.12 -0.375118 -1.29351e-005
3.13 -0.371676 -1.28164e-005
3.14 -0.36812 -1.26938e-005
3.15 -0.36794 -1.26876e-005
3.16 -0.376995 -1.29998e-005
3.17 -0.399675 -1.37819e-005
3.18 -0.436409 -1.50486e-005
3.19 -0.480601 -1.65724e-005
3.2 -0.520619 -1.79524e-005
3.21 -0.547232 -1.88701e-005
3.22 -0.558232 -1.92494e-005
3.23 -0.557505 -1.92243e-005
3.24 -0.551141 -1.90049e-005
3.25 -0.544289 -1.87686e-005
3.26 -0.540687 -1.86444e-005
3.27 -0.541583 -1.86753e-005
3.28 -0.544292 -1.87687e-005
3.29 -0.543727 -1.87492e-005
3.3 -0.534841 -1.84428e-005
3.31 -0.513663 -1.77125e-005
3.32 -0.478105 -1.64864e-005
3.33 -0.430448 -1.4843e-005
3.34 -0.379528 -1.30872e-005
3.35 -0.337083 -1.16236e-005
3.36 -0.311325 -1.07354e-005
3.37 -0.304643 -1.05049e-005
3.38 -0.313905 -1.08243e-005
3.39 -0.331678 -1.14372e-005
3.4 -0.350716 -1.20937e-005
3.41 -0.368695 -1.27136e-005
3.42 -0.387107 -1.33485e-005
3.43 -0.406981 -1.40338e-005
3.44 -0.427266 -1.47333e-005
3.45 -0.446022 -1.53801e-005
3.46 -0.462939 -1.59634e-005
3.47 -0.480503 -1.65691e-005
3.48 -0.501561 -1.72952e-005
3.49 -0.526497 -1.81551e-005
3.5 -0.553878 -1.90992e-005
3.51 -0.582217 -2.00765e-005
3.52 -0.609468 -2.10161e-005
3.53 -0.633496 -2.18447e-005
3.54 -0.654868 -2.25817e-005
3.55 -0.678117 -2.33833e-005
3.56 -0.709645 -2.44705e-005
3.57 -0.752686 -2.59547e-005
3.58 -0.80311 -2.76934e-005
3.59 -0.849673 -2.92991e-005
3.6 -0.878508 -3.02934e-005
3.61 -0.881074 -3.03819e-005
3.62 -0.859859 -2.96503e-005
3.63 -0.826384 -2.8496e-005
3.64 -0.79233 -2.73217e-005
3.65 -0.762414 -2.62901e-005
3.66 -0.735735 -2.53702e-005
3.67 -0.710272 -2.44922e-005
3.68 -0.68481 -2.36141e-005
3.69 -0.661381 -2.28063e-005
3.7 -0.646977 -2.23096e-005
3.71 -0.649503 -2.23967e-005
3.72 -0.672035 -2.31736e-005
3.73 -0.710843 -2.45118e-005
3.74 -0.756872 -2.6099e-005
3.75 -0.80091 -2.76176e-005
3.76 -0.838896 -2.89274e-005
3.77 -0.870562 -3.00194e-005
3.78 -0.895768 -3.08885e-005
3.79 -0.914883 -3.15477e-005
3.8 -0.929295 -3.20447e-005
3.81 -0.939186 -3.23857e-005
3.82 -0.941801 -3.24759e-005
3.83 -0.932789 -3.21652e-005
3.84 -0.912935 -3.14805e-005
3.85 -0.893922 -3.08249e-005
3.86 -0.889588 -3.06754e-005
3.87 -0.903102 -3.11415e-005
3.88 -0.928327 -3.20113e-005
3.89 -0.958939 -3.30669e-005
3.9 -0.993089 -3.42445e-005
3.91 -1.03103 -3.55527e-005
3.92 -1.06977 -3.68887e-005
3.93 -1.1011 -3.79691e-005
3.94 -1.11507 -3.84507e-005
3.95 -1.10466 -3.80917e-005
3.96 -1.06847 -3.68437e-005
3.97 -1.01196 -3.48952e-005
3.98 -0.944816 -3.25798e-005
3.99 -0.875687 -3.01961e-005
4 -0.811226 -2.79733e-005
4.01 -0.757345 -2.61154e-005
4.02 -0.718331 -2.477e-005
4.03 -0.697073 -2.4037e-005
4.04 -0.695588 -2.39858e-005
4.05 -0.712715 -2.45764e-005
4.06 -0.741362 -2.55642e-005
4.07 -0.769987 -2.65513e-005
4.08 -0.78822 -2.718e-005
4.09 -0.789375 -2.72198e-005
4.1 -0.769765 -2.65436e-005
4.11 -0.730151 -2.51776e-005
4.12 -0.67595 -2.33086e-005
4.13 -0.613481 -2.11545e-005
4.14 -0.548469 -1.89127e-005
4.15 -0.487617 -1.68144e-005
4.16 -0.437471 -1.50852e-005
4.17 -0.402041 -1.38635e-005
4.18 -0.380986 -1.31374e-005
4.19 -0.368386 -1.2703e-005
4.2 -0.356116 -1.22798e-005
4.21 -0.340148 -1.17292e-005
4.22 -0.322412 -1.11177e-005
4.23 -0.308068 -1.06231e-005
4.24 -0.301213 -1.03867e-005
4.25 -0.299863 -1.03401e-005
4.26 -0.296325 -1.02181e-005
4.27 -0.283829 -9.7872e-006
4.28 -0.25922 -8.93863e-006
4.29 -0.221535 -7.63914e-006
4.3 -0.174554 -6.01911e-006
4.31 -0.128629 -4.43548e-006
4.32 -0.0951063 -3.27953e-006
4.33 -0.079936 -2.75641e-006
4.34 -0.0818388 -2.82203e-006
4.35 -0.0937773 -3.2337e-006
4.36 -0.108194 -3.73083e-006
4.37 -0.122878 -4.23717e-006
4.38 -0.139721 -4.81796e-006
4.39 -0.158987 -5.48231e-006
4.4 -0.176543 -6.08768e-006
4.41 -0.185404 -6.39324e-006
4.42 -0.180286 -6.21677e-006
4.43 -0.160295 -5.52742e-006
4.44 -0.126738 -4.37028e-006
4.45 -0.0820136 -2.82806e-006
4.46 -0.0332874 -1.14784e-006
4.47 0.00694934 2.39632e-007
4.48 0.0289466 9.98157e-007
4.49 0.0332259 1.14572e-006
4.5 0.0285542 9.84629e-007
4.51 0.0250031 8.62174e-007
4.52 0.0292293 1.00791e-006
4.53 0.0426097 1.4693e-006
4.54 0.0629108 2.16934e-006
4.55 0.086587 2.98576e-006
4.56 0.107107 3.69336e-006
4.57 0.115982 3.99938e-006
4.58 0.109612 3.77973e-006
4.59 0.0925313 3.19074e-006
4.6 0.0726 2.50345e-006
4.61 0.0539919 1.86179e-006
4.62 0.0350067 1.20713e-006
4.63 0.0120962 4.17111e-007
4.64 -0.0157591 -5.43417e-007
4.65 -0.0484634 -1.67115e-006
4.66 -0.0890384 -3.07029e-006
4.67 -0.141739 -4.88754e-006
4.68 -0.205407 -7.083e-006
4.69 -0.272025 -9.38017e-006
4.7 -0.331303 -1.14242e-005
4.71 -0.375373 -1.29439e-005
4.72 -0.40299 -1.38962e-005
4.73 -0.421442 -1.45325e-005
4.74 -0.440184 -1.51788e-005
4.75 -0.462612 -1.59521e-005
4.76 -0.485452 -1.67397e-005
4.77 -0.502338 -1.7322e-005
4.78 -0.509273 -1.75611e-005
4.79 -0.509622 -1.75732e-005
4.8 -0.51081 -1.76141e-005
4.81 -0.518245 -1.78705e-005
4.82 -0.535356 -1.84606e-005
4.83 -0.561154 -1.93501e-005
4.84 -0.584243 -2.01463e-005
4.85 -0.590735 -2.03702e-005
4.86 -0.583272 -2.01128e-005
4.87 -0.582645 -2.00912e-005
4.88 -0.607324 -2.09422e-005
4.89 -0.656843 -2.26497e-005
4.9 -0.715155 -2.46605e-005
4.91 -0.767515 -2.6466e-005
4.92 -0.812656 -2.80226e-005
4.93 -0.859554 -2.96398e-005
4.94 -0.918001 -3.16552e-005
4.95 -0.993419 -3.42558e-005
4.96 -1.08314 -3.73495e-005
4.97 -1.17458 -4.05028e-005
4.98 -1.25348 -4.32235e-005
4.99 -1.31705 -4.54156e-005
5 -1.3746 -4.74e-005
5.01 -1.43418 -4.94545e-005
5.02 -1.49285 -5.14776e-005
5.03 -1.54032 -5.31145e-005
5.04 -1.56844 -5.40841e-005
5.05 -1.57841 -5.44281e-005
5.06 -1.58168 -5.45406e-005
5.07 -1.59181 -5.48901e-005
5.08 -1.61295 -5.56188e-005
5.09 -1.63826 -5.64917e-005
5.1 -1.65892 -5.72042e-005
5.11 -1.66847 -5.75335e-005
5.12 -1.66217 -5.73162e-005
5.13 -1.64132 -5.65972e-005
5.14 -1.61566 -5.57124e-005
5.15 -1.59495 -5.49984e-005
5.16 -1.58203 -5.45528e-005
5.17 -1.5778 -5.44071e-005
5.18 -1.58579 -5.46826e-005
5.19 -1.60869 -5.5472e-005
5.2 -1.64251 -5.66384e-005
5.21 -1.67525 -5.77674e-005
5.22 -1.69223 -5.83529e-005
5.23 -1.68227 -5.80094e-005
5.24 -1.64276 -5.66471e-005
5.25 -1.58241 -5.45658e-005
5.26 -1.51547 -5.22577e-005
5.27 -1.45182 -5.00628e-005
5.28 -1.39511 -4.81072e-005
5.29 -1.34753 -4.64666e-005
5.3 -1.30971 -4.51623e-005
5.31 -1.27758 -4.40546e-005
5.32 -1.24373 -4.28874e-005
5.33 -1.19941 -4.1359e-005
5.34 -1.13577 -3.91644e-005
5.35 -1.04543 -3.60492e-005
5.36 -0.925142 -3.19014e-005
5.37 -0.784309 -2.70452e-005
5.38 -0.648128 -2.23493e-005
5.39 -0.538612 -1.85728e-005
5.4 -0.453696 -1.56447e-005
5.41 -0.3735 -1.28793e-005
5.42 -0.282366 -9.73676e-006
5.43 -0.182432 -6.29075e-006
5.44 -0.0871372 -3.00473e-006
5.45 -0.00213376 -7.3578e-008
5.46 0.0798518 2.75351e-006
5.47 0.165929 5.72169e-006
5.48 0.254863 8.78837e-006
5.49 0.340652 1.17466e-005
5.5 0.41531 1.4321e-005
5.51 0.469965 1.62057e-005
5.52 0.502572 1.73301e-005
5.53 0.522311 1.80107e-005
5.54 0.541945 1.86878e-005
5.55 0.56809 1.95893e-005
5.56 0.597061 2.05883e-005
5.57 0.619156 2.13502e-005
5.58 0.628991 2.16893e-005
5.59 0.629377 2.17027e-005
5.6 0.622966 2.14816e-005
5.61 0.605581 2.08821e-005
5.62 0.572688 1.97479e-005
5.63 0.529866 1.82713e-005
5.64 0.490751 1.69224e-005
5.65 0.464105 1.60036e-005
5.66 0.447248 1.54223e-005
5.67 0.431859 1.48917e-005
5.68 0.414076 1.42785e-005
5.69 0.396927 1.36871e-005
5.7 0.383747 1.32327e-005
5.71 0.37246 1.28434e-005
5.72 0.357967 1.23437e-005
5.73 0.339955 1.17226e-005
5.74 0.325844 1.1236e-005
5.75 0.324287 1.11823e-005
5.76 0.335888 1.15823e-005
5.77 0.351537 1.2122e-005
5.78 0.358011 1.23452e-005
5.79 0.340935 1.17564e-005
5.8 0.286151 9.86727e-006
5.81 0.186424 6.42842e-006
5.82 0.0511234 1.76288e-006
5.83 -0.094368 -3.25407e-006
5.84 -0.224751 -7.75003e-006
5.85 -0.328853 -1.13397e-005
5.86 -0.408023 -1.40698e-005
5.87 -0.470087 -1.62099e-005
5.88 -0.527325 -1.81836e-005
5.89 -0.590395 -2.03584e-005
5.9 -0.660017 -2.27592e-005
5.91 -0.729352 -2.51501e-005
5.92 -0.790053 -2.72432e-005
5.93 -0.832391 -2.87032e-005
5.94 -0.846504 -2.91898e-005
5.95 -0.829475 -2.86026e-005
5.96 -0.791745 -2.73015e-005
5.97 -0.751682 -2.59201e-005
5.98 -0.723109 -2.49348e-005
5.99 -0.712566 -2.45712e-005
6 -0.727171 -2.50749e-005
6.01 -0.777429 -2.68079e-005
6.02 -0.866302 -2.98725e-005
6.03 -0.979488 -3.37754e-005
6.04 -1.0921 -3.76585e-005
6.05 -1.18479 -4.08548e-005
6.06 -1.25384 -4.32359e-005
6.07 -1.30731 -4.50798e-005
6.08 -1.35443 -4.67047e-005
6.09 -1.40527 -4.84575e-005
6.1 -1.47003 -5.06905e-005
6.11 -1.55039 -5.34616e-005
6.12 -1.6342 -5.63516e-005
6.13 -1.70144 -5.86704e-005
6.14 -1.73004 -5.96565e-005
6.15 -1.6975 -5.85344e-005
6.16 -1.58849 -5.47754e-005
6.17 -1.40446 -4.84295e-005
6.18 -1.16258 -4.0089e-005
6.19 -0.886804 -3.05794e-005
6.2 -0.597877 -2.06165e-005
6.21 -0.304947 -1.05154e-005
6.22 -0.00504 -1.73793e-007
6.23 0.307345 1.05981e-005
6.24 0.629343 2.17015e-005
6.25 0.947158 3.26606e-005
6.26 1.23895 4.27224e-005
6.27 1.47846 5.09813e-005
6.28 1.64618 5.67649e-005
6.29 1.74539 6.01858e-005
6.3 1.80468 6.22303e-005
6.31 1.85243 6.38768e-005
6.32 1.88369 6.49548e-005
6.33 1.85448 6.39475e-005
6.34 1.70651 5.88451e-005
6.35 1.4043 4.8424e-005
6.36 0.959722 3.30939e-005
6.37 0.432447 1.4912e-005
6.38 -0.095324 -3.28703e-006
6.39 -0.564544 -1.9467e-005
6.4 -0.967648 -3.33672e-005
6.41 -1.32444 -4.56703e-005
6.42 -1.6391 -5.65208e-005
6.43 -1.88965 -6.51604e-005
6.44 -2.04099 -7.0379e-005
6.45 -2.06016 -7.104e-005
6.46 -1.92931 -6.6528e-005
6.47 -1.65556 -5.70883e-005
6.48 -1.27149 -4.38445e-005
6.49 -0.819771 -2.8268e-005
6.5 -0.334772 -1.15439e-005
6.51 0.158088 5.45131e-006
6.52 0.633537 2.18461e-005
6.53 1.06294 3.6653e-005
6.54 1.41779 4.88894e-005
6.55 1.68357 5.80542e-005
6.56 1.86646 6.43606e-005
6.57 1.98572 6.8473e-005
6.58 2.06064 7.10565e-005
6.59 2.10287 7.25127e-005
6.6 2.10991 7.27557e-005
6.61 2.06605 7.1243e-005
6.62 1.9494 6.72206e-005
6.63 1.73862 5.99525e-005
6.64 1.41949 4.89479e-005
6.65 0.991201 3.41794e-005
6.66 0.463954 1.59984e-005
6.67 -0.145616 -5.02124e-006
6.68 -0.812585 -2.80202e-005
6.69 -1.50096 -5.17573e-005
6.7 -2.16576 -7.46815e-005
6.71 -2.76189 -9.52375e-005
6.72 -3.25495 -0.00011224
6.73 -3.63184 -0.000125236
6.74 -3.90119 -0.000134524
6.75 -4.08244 -0.000140774
6.76 -4.19312 -0.00014459
6.77 -4.22709 -0.000145762
6.78 -4.16398 -0.000143586
6.79 -3.99338 -0.000137703
6.8 -3.73131 -0.000128666
6.81 -3.41444 -0.000117739
6.82 -3.08316 -0.000106316
6.83 -2.77337 -9.56336e-005
6.84 -2.5162 -8.67656e-005
6.85 -2.33181 -8.04072e-005
6.86 -2.22055 -7.65705e-005
6.87 -2.15836 -7.44264e-005
6.88 -2.11543 -7.2946e-005
6.89 -2.0748 -7.15447e-005
6.9 -2.0331 -7.01069e-005
6.91 -1.9914 -6.8669e-005
6.92 -1.95698 -6.74819e-005
6.93 -1.95586 -6.74435e-005
6.94 -2.02944 -6.99807e-005
6.95 -2.208 -7.61378e-005
6.96 -2.48881 -8.58209e-005
6.97 -2.84255 -9.8019e-005
6.98 -3.23943 -0.000111704
6.99 -3.66015 -0.000126212
7 -4.09226 -0.000141112
7.01 -4.50674 -0.000155405
7.02 -4.86694 -0.000167826
7.03 -5.15181 -0.000177649
7.04 -5.36525 -0.000185008
7.05 -5.52276 -0.00019044
7.06 -5.63071 -0.000194162
7.07 -5.67204 -0.000195588
7.08 -5.61502 -0.000193621
7.09 -5.43604 -0.00018745
7.1 -5.13296 -0.000176999
7.11 -4.72704 -0.000163001
7.12 -4.25478 -0.000146717
7.13 -3.75633 -0.000129529
7.14 -3.26613 -0.000112625
7.15 -2.80664 -9.67806e-005
7.16 -2.38757 -8.23299e-005
7.17 -2.00637 -6.91853e-005
7.18 -1.64928 -5.68719e-005
7.19 -1.29889 -4.47892e-005
7.2 -0.944805 -3.25795e-005
7.21 -0.588074 -2.02784e-005
7.22 -0.231618 -7.98684e-006
7.23 0.124279 4.28548e-006
7.24 0.473424 1.6325e-005
7.25 0.798926 2.75492e-005
7.26 1.07423 3.70425e-005
7.27 1.27599 4.39995e-005
7.28 1.38809 4.78651e-005
7.29 1.39998 4.82753e-005
7.3 1.31457 4.533e-005
7.31 1.16103 4.00355e-005
7.32 0.987783 3.40615e-005
7.33 0.830843 2.86498e-005
7.34 0.692657 2.38847e-005
7.35 0.556123 1.91767e-005
7.36 0.415303 1.43208e-005
7.37 0.288037 9.9323e-006
7.38 0.199906 6.89331e-006
7.39 0.162179 5.59238e-006
7.4 0.168229 5.80099e-006
7.41 0.20874 7.19791e-006
7.42 0.283179 9.76478e-006
7.43 0.394052 1.3588e-005
7.44 0.526403 1.81518e-005
7.45 0.644521 2.22249e-005
7.46 0.71746 2.474e-005
7.47 0.74436 2.56676e-005
7.48 0.758041 2.61393e-005
7.49 0.799711 2.75762e-005
7.5 0.883144 3.04533e-005
7.51 0.98822 3.40766e-005
7.52 1.09133 3.76321e-005
7.53 1.18975 4.10259e-005
7.54 1.29612 4.46937e-005
7.55 1.41547 4.88095e-005
7.56 1.52642 5.26352e-005
7.57 1.58958 5.48132e-005
7.58 1.58196 5.45503e-005
7.59 1.52373 5.25425e-005
7.6 1.45213 5.00736e-005
7.61 1.37972 4.75766e-005
7.62 1.28567 4.43336e-005
7.63 1.1407 3.93343e-005
7.64 0.939269 3.23886e-005
7.65 0.704007 2.42761e-005
7.66 0.472115 1.62798e-005
7.67 0.273426 9.42847e-006
7.68 0.109844 3.78774e-006
7.69 -0.0438752 -1.51294e-006
7.7 -0.212619 -7.33168e-006
7.71 -0.394297 -1.35965e-005
7.72 -0.563964 -1.9447e-005
7.73 -0.700812 -2.41659e-005
7.74 -0.802577 -2.76751e-005
7.75 -0.876909 -3.02383e-005
7.76 -0.930536 -3.20874e-005
7.77 -0.972617 -3.35385e-005
7.78 -1.02688 -3.54097e-005
7.79 -1.1321 -3.90378e-005
7.8 -1.31883 -4.5477e-005
7.81 -1.58538 -5.46684e-005
7.82 -1.89356 -6.52952e-005
7.83 -2.18039 -7.5186e-005
7.84 -2.38545 -8.22568e-005
7.85 -2.47873 -8.54735e-005
7.86 -2.45836 -8.47709e-005
7.87 -2.34732 -8.09422e-005
7.88 -2.18083 -7.52012e-005
7.89 -1.99291 -6.87211e-005
7.9 -1.81042 -6.24283e-005
7.91 -1.64645 -5.67743e-005
7.92 -1.49157 -5.14336e-005
7.93 -1.32471 -4.56797e-005
7.94 -1.13467 -3.91264e-005
7.95 -0.922852 -3.18225e-005
7.96 -0.715135 -2.46598e-005
7.97 -0.546999 -1.88621e-005
7.98 -0.447749 -1.54396e-005
7.99 -0.425612 -1.46763e-005
8 -0.461674 -1.59198e-005
8.01 -0.527362 -1.81849e-005
8.02 -0.608069 -2.09679e-005
8.03 -0.705087 -2.43133e-005
8.04 -0.817768 -2.81989e-005
8.05 -0.932402 -3.21518e-005
8.06 -1.035 -3.56895e-005
8.07 -1.133 -3.90691e-005
8.08 -1.25426 -4.32505e-005
8.09 -1.42034 -4.89772e-005
8.1 -1.63053 -5.62252e-005
8.11 -1.8823 -6.4907e-005
8.12 -2.17715 -7.5074e-005
8.13 -2.5084 -8.64966e-005
8.14 -2.85283 -9.83734e-005
8.15 -3.16394 -0.000109101
8.16 -3.38036 -0.000116564
8.17 -3.45268 -0.000119058
8.18 -3.36107 -0.000115899
8.19 -3.11715 -0.000107488
8.2 -2.75377 -9.49575e-005
8.21 -2.31271 -7.97488e-005
8.22 -1.83237 -6.31853e-005
8.23 -1.34095 -4.62395e-005
8.24 -0.854419 -2.94627e-005
8.25 -0.373375 -1.2875e-005
8.26 0.100166 3.45398e-006
8.27 0.567435 1.95667e-005
8.28 1.01631 3.50452e-005
8.29 1.43785 4.95812e-005
8.3 1.82493 6.29288e-005
8.31 2.16883 7.47874e-005
8.32 2.46186 8.48918e-005
8.33 2.70895 9.3412e-005
8.34 2.91832 0.000100632
8.35 3.07186 0.000105926
8.36 3.14817 0.000108558
8.37 3.13513 0.000108108
8.38 3.02791 0.000104411
8.39 2.84357 9.8054e-005
8.4 2.60864 8.99532e-005
8.41 2.34399 8.08273e-005
8.42 2.0503 7.07001e-005
8.43 1.72412 5.94524e-005
8.44 1.36952 4.72249e-005
8.45 0.998098 3.44172e-005
8.46 0.631059 2.17607e-005
8.47 0.29292 1.01007e-005
8.48 0.00576622 1.98835e-007
8.49 -0.216935 -7.48052e-006
8.5 -0.372371 -1.28404e-005
8.51 -0.460184 -1.58684e-005
8.52 -0.467279 -1.61131e-005
8.53 -0.373253 -1.28708e-005
8.54 -0.163733 -5.64597e-006
8.55 0.155963 5.37802e-006
8.56 0.561343 1.93567e-005
8.57 1.01796 3.51022e-005
8.58 1.49355 5.15017e-005
8.59 1.96222 6.76628e-005
8.6 2.41482 8.32697e-005
8.61 2.81821 9.71796e-005
8.62 3.1463 0.000108493
8.63 3.37847 0.000116499
8.64 3.50453 0.000120846
8.65 3.52612 0.00012159
8.66 3.43478 0.000118441
8.67 3.22556 0.000111226
8.68 2.90696 0.00010024
8.69 2.49488 8.60304e-005
8.7 1.9965 6.88448e-005
8.71 1.41824 4.8905e-005
8.72 0.763044 2.63119e-005
8.73 0.0463556 1.59847e-006
8.74 -0.695914 -2.3997e-005
8.75 -1.439 -4.96205e-005
8.76 -2.16403 -7.46216e-005
8.77 -2.8743 -9.91139e-005
8.78 -3.57144 -0.000123153
8.79 -4.25636 -0.000146771
8.8 -4.91885 -0.000169615
8.81 -5.54553 -0.000191225
8.82 -6.11451 -0.000210845
8.83 -6.60482 -0.000227752
8.84 -6.98267 -0.000240782
8.85 -7.26562 -0.000250539
8.86 -7.45304 -0.000257002
8.87 -7.55424 -0.000260491
8.88 -7.57403 -0.000261174
8.89 -7.4869 -0.000258169
8.9 -7.28458 -0.000251192
8.91 -6.96904 -0.000240312
8.92 -6.55839 -0.000226151
8.93 -6.08899 -0.000209965
8.94 -5.59644 -0.000192981
8.95 -5.11125 -0.00017625
8.96 -4.65943 -0.00016067
8.97 -4.25246 -0.000146636
8.98 -3.92087 -0.000135202
8.99 -3.69883 -0.000127546
9 -3.58609 -0.000123658
9.01 -3.59272 -0.000123887
9.02 -3.72055 -0.000128295
9.03 -3.94168 -0.00013592
9.04 -4.2273 -0.000145769
9.05 -4.55141 -0.000156945
9.06 -4.88945 -0.000168602
9.07 -5.22199 -0.000180069
9.08 -5.53408 -0.00019083
9.09 -5.80455 -0.000200157
9.1 -6.00339 -0.000207013
9.11 -6.13278 -0.000211475
9.12 -6.18908 -0.000213417
9.13 -6.18134 -0.00021315
9.14 -6.1073 -0.000210596
9.15 -5.93908 -0.000204796
9.16 -5.66462 -0.000195332
9.17 -5.28955 -0.000182398
9.18 -4.85221 -0.000167318
9.19 -4.41367 -0.000152196
9.2 -3.98454 -0.000137398
9.21 -3.5314 -0.000121772
9.22 -3.00628 -0.000103665
9.23 -2.37988 -8.20649e-005
9.24 -1.64635 -5.67705e-005
9.25 -0.836627 -2.88492e-005
9.26 0.0155804 5.37255e-007
9.27 0.893222 3.08008e-005
9.28 1.7961 6.19344e-005
9.29 2.74324 9.45946e-005
9.3 3.72763 0.000128539
9.31 4.73013 0.000163108
9.32 5.6979 0.000196479
9.33 6.55825 0.000226147
9.34 7.24733 0.000249908
9.35 7.70536 0.000265702
9.36 7.92493 0.000273274
9.37 7.93879 0.000273751
9.38 7.78715 0.000268522
9.39 7.49406 0.000258416
9.4 7.08139 0.000244186
9.41 6.58015 0.000226902
9.42 6.02365 0.000207712
9.43 5.43698 0.000187482
9.44 4.83393 0.000166687
9.45 4.2303 0.000145872
9.46 3.65426 0.000126009
9.47 3.14869 0.000108575
9.48 2.75934 9.51497e-005
9.49 2.51533 8.67355e-005
9.5 2.41914 8.34187e-005
9.51 2.43865 8.40914e-005
9.52 2.53225 8.73191e-005
9.53 2.676 9.2276e-005
9.54 2.8905 9.96725e-005
9.55 3.18849 0.000109948
9.56 3.56441 0.000122911
9.57 3.99098 0.00013762
9.58 4.42906 0.000152726
9.59 4.84093 0.000166929
9.6 5.21157 0.000179709
9.61 5.53448 0.000190844
9.62 5.79492 0.000199825
9.63 5.97297 0.000205964
9.64 6.05443 0.000208773
9.65 6.03808 0.00020821
9.66 5.92852 0.000204432
9.67 5.72241 0.000197324
9.68 5.3986 0.000186159
9.69 4.93538 0.000170185
9.7 4.32934 0.000149288
9.71 3.5939 0.000123927
9.72 2.75015 9.48327e-005
9.73 1.81778 6.26822e-005
9.74 0.817153 2.81777e-005
9.75 -0.220939 -7.61859e-006
9.76 -1.25164 -4.316e-005
9.77 -2.27039 -7.82892e-005
9.78 -3.29317 -0.000113557
9.79 -4.30169 -0.000148334
9.8 -5.25398 -0.000181172
9.81 -6.10007 -0.000210347
9.82 -6.78963 -0.000234125
9.83 -7.28375 -0.000251164
9.84 -7.57769 -0.0002613
9.85 -7.69199 -0.000265241
9.86 -7.65905 -0.000264105
9.87 -7.51027 -0.000258975
9.88 -7.26851 -0.000250638
9.89 -6.95564 -0.00023985
9.9 -6.6002 -0.000227593
9.91 -6.23079 -0.000214855
9.92 -5.86602 -0.000202276
9.93 -5.51209 -0.000190072
9.94 -5.17226 -0.000178354
9.95 -4.85 -0.000167241
9.96 -4.54419 -0.000156696
9.97 -4.25442 -0.000146704
9.98 -3.98703 -0.000137484
9.99 -3.78907 -0.000130657
10 -3.68664 -0.000127125
