0.1 -1.02869e-005 1.64097e-020 -1.26938e-020 -1.96144e-010 -1.96144e-010
0.2 -2.0598e-005 6.10551e-020 -4.80851e-020 -3.92468e-010 -3.92468e-010
0.3 -3.09335e-005 1.14175e-019 -9.40786e-020 -5.88976e-010 -5.88976e-010
0.4 -4.12936e-005 1.75649e-019 -1.52708e-019 -7.8567e-010 -7.8567e-010
0.5 -5.16784e-005 2.49733e-019 -2.23382e-019 -9.82556e-010 -9.82556e-010
0.6 -6.20883e-005 3.34928e-019 -3.08487e-019 -1.17964e-009 -1.17964e-009
0.7 -7.25232e-005 3.53568e-019 -3.35524e-019 -1.37691e-009 -1.37691e-009
0.8 -8.29825e-005 5.52106e-020 -5.54755e-020 -1.5744e-009 -1.5744e-009
0.9 -9.34697e-005 -6.53375e-020 6.31874e-020 -1.77228e-009 -1.77228e-009
1 -0.000103994 -4.62411e-019 4.61287e-019 -1.97174e-009 -1.97174e-009
0.01 -0.000103994 5.6663e-012 -1.13822e-011 -1.97118e-009 -1.97118e-009
0.02 -0.000103994 9.91339e-012 -2.63881e-011 -1.96811e-009 -1.96811e-009
0.03 -0.000103995 3.23988e-012 -1.15812e-011 -1.96025e-009 -1.96025e-009
0.04 -0.000103995 -7.5565e-013 2.5691e-012 -1.94734e-009 -1.94734e-009
0.05 -0.000103996 5.07401e-012 -1.08508e-011 -1.93148e-009 -1.93148e-009
0.06 -0.000103996 3.61791e-012 -7.49923e-012 -1.91552e-009 -1.91552e-009
0.07 -0.000103996 -1.70558e-012 1.44808e-012 -1.90172e-009 -1.90172e-009
0.08 -0.000103996 1.07677e-012 -6.07209e-013 -1.89132e-009 -1.89132e-009
0.09 -0.000103995 9.34945e-013 2.41381e-013 -1.88479e-009 -1.88479e-009
0.1 -0.000103995 -1.35386e-012 -9.25679e-013 -1.88225e-009 -1.88225e-009
0.11 -0.000103994 9.43974e-014 -7.53928e-013 -1.88367e-009 -1.88367e-009
0.12 -0.000103992 -1.83118e-012 -2.20109e-012 -1.88877e-009 -1.88877e-009
0.13 -0.000103991 6.40337e-012 9.77745e-012 -1.89702e-009 -1.89702e-009
0.14 -0.000103989 2.69512e-012 -2.6188e-012 -1.90765e-009 -1.90765e-009
0.15 -0.000103988 -2.4987e-012 -2.23595e-011 -1.91976e-009 -1.91976e-009
0.16 -0.000103985 5.53239e-013 -7.86718e-012 -1.93244e-009 -1.93244e-009
0.17 -0.000103983 4.02159e-012 1.8425e-011 -1.94485e-009 -1.94485e-009
0.18 -0.00010398 2.83394e-012 1.21196e-011 -1.95641e-009 -1.95641e-009
0.19 -0.000103977 -1.41237e-012 -1.80259e-011 -1.96682e-009 -1.96682e-009
0.2 -0.000103973 3.72806e-012 2.70917e-013 -1.97601e-009 -1.97601e-009
0.21 -0.000103969 3.01723e-012 1.0821e-011 -1.98403e-009 -1.98403e-009
0.22 -0.000103965 4.86012e-012 -2.16492e-011 -1.99105e-009 -1.99105e-009
0.23 -0.000103961 4.671e-012 -1.37339e-011 -1.9974e-009 -1.9974e-009
0.24 -0.000103957 -1.14903e-012 3.70361e-012 -2.0036e-009 -2.0036e-009
0.25 -0.000103953 2.0759e-013 -5.71713e-013 -2.01026e-009 -2.01026e-009
0.26 -0.000103948 7.07723e-012 8.91213e-012 -2.0181e-009 -2.0181e-009
0.27 -0.000103944 5.32627e-012 6.56986e-012 -2.02798e-009 -2.02798e-009
0.28 -0.000103939 -1.3534e-012 -1.62964e-012 -2.04097e-009 -2.04097e-009
0.29 -0.000103935 9.76905e-013 3.86112e-013 -2.05841e-009 -2.05841e-009
0.3 -0.00010393 -2.97468e-013 2.92859e-014 -2.08161e-009 -2.08161e-009
0.31 -0.000103924 2.9649e-013 -4.27136e-013 -2.11134e-009 -2.11134e-009
0.32 -0.000103918 4.62516e-014 2.88179e-013 -2.14751e-009 -2.14751e-009
0.33 -0.000103912 -1.6379e-013 3.56386e-013 -2.18918e-009 -2.18918e-009
0.34 -0.000103905 -8.18915e-014 -5.84184e-014 -2.23471e-009 -2.23471e-009
0.35 -0.000103897 -2.76067e-014 1.65063e-014 -2.2821e-009 -2.2821e-009
0.36 -0.000103889 -1.31861e-014 -1.63253e-014 -2.32937e-009 -2.32937e-009
0.37 -0.000103881 -1.68118e-014 2.88053e-015 -2.3749e-009 -2.3749e-009
0.38 -0.000103871 -8.16004e-014 3.82957e-013 -2.41767e-009 -2.41767e-009
0.39 -0.000103862 1.53084e-011 -2.53979e-011 -2.45729e-009 -2.45729e-009
0.4 -0.000103852 1.15488e-011 -1.93184e-011 -2.49388e-009 -2.49388e-009
0.41 -0.000103843 -2.84588e-012 4.83281e-012 -2.52787e-009 -2.52787e-009
0.42 -0.000103833 7.21811e-013 -1.1392e-012 -2.55991e-009 -2.55991e-009
0.43 -0.000103823 8.78707e-013 1.87757e-011 -2.59081e-009 -2.59081e-009
0.44 -0.000103813 8.01327e-013 1.40863e-011 -2.62149e-009 -2.62149e-009
0.45 -0.000103803 3.33196e-013 1.71672e-011 -2.65294e-009 -2.65294e-009
0.46 -0.000103793 5.27714e-013 1.60136e-011 -2.68605e-009 -2.68605e-009
0.47 -0.000103784 -1.53714e-013 -3.99091e-012 -2.72154e-009 -2.72154e-009
0.48 -0.000103774 -2.75831e-014 1.12781e-012 -2.76e-009 -2.76e-009
0.49 -0.000103765 1.54827e-013 -3.78692e-013 -2.80169e-009 -2.80169e-009
0.5 -0.000103755 1.60492e-011 -2.893e-011 -2.84649e-009 -2.84649e-009
0.51 -0.000103745 1.19625e-011 -2.17487e-011 -2.8939e-009 -2.8939e-009
0.52 -0.000103735 -2.9224e-012 5.26767e-012 -2.94315e-009 -2.94315e-009
0.53 -0.000103725 9.1045e-013 -1.2179e-012 -2.99336e-009 -2.99336e-009
0.54 -0.000103715 3.35374e-014 5.6987e-013 -3.04368e-009 -3.04368e-009
0.55 -0.000103705 5.47689e-014 -1.00993e-014 -3.09355e-009 -3.09355e-009
0.56 -0.000103696 -1.73101e-013 1.17399e-013 -3.14283e-009 -3.14283e-009
0.57 -0.000103686 -1.78243e-013 5.04922e-014 -3.1913e-009 -3.1913e-009
0.58 -0.000103677 -2.09076e-015 -1.32032e-014 -3.23768e-009 -3.23768e-009
0.59 -0.000103668 2.31462e-012 -5.43648e-012 -3.27964e-009 -3.27964e-009
0.6 -0.000103659 1.70638e-012 -4.13062e-012 -3.3151e-009 -3.3151e-009
0.61 -0.000103651 -4.628e-013 1.03025e-012 -3.34374e-009 -3.34374e-009
0.62 -0.000103643 1.62327e-013 -1.34528e-013 -3.36723e-009 -3.36723e-009
0.63 -0.000103635 2.75909e-013 2.8756e-013 -3.38829e-009 -3.38829e-009
0.64 -0.000103628 -1.54355e-013 -2.80137e-013 -3.41002e-009 -3.41002e-009
0.65 -0.000103621 1.21114e-015 1.59127e-013 -3.43538e-009 -3.43538e-009
0.66 -0.000103615 1.28672e-013 1.49776e-013 -3.46622e-009 -3.46622e-009
0.67 -0.000103609 -4.82354e-014 3.40752e-014 -3.50265e-009 -3.50265e-009
0.68 -0.000103604 -1.00582e-014 8.92049e-014 -3.54342e-009 -3.54342e-009
0.69 -0.000103599 2.32889e-014 2.65413e-013 -3.58711e-009 -3.58711e-009
0.7 -0.000103595 1.31201e-013 1.63962e-013 -3.63274e-009 -3.63274e-009
0.71 -0.000103591 8.42247e-014 -3.63799e-015 -3.67978e-009 -3.67978e-009
0.72 -0.000103587 4.58448e-013 6.9172e-013 -3.72792e-009 -3.72792e-009
0.73 -0.000103584 -2.31237e-013 4.2402e-013 -3.77666e-009 -3.77666e-009
0.74 -0.000103581 -5.0138e-014 -1.54766e-013 -3.82473e-009 -3.82473e-009
0.75 -0.000103577 -8.40491e-014 9.39241e-015 -3.86997e-009 -3.86997e-009
0.76 -0.000103574 4.19138e-013 3.91657e-013 -3.90987e-009 -3.90987e-009
0.77 -0.000103571 -1.78302e-013 1.05874e-013 -3.9427e-009 -3.9427e-009
0.78 -0.000103568 -3.70252e-014 1.32246e-013 -3.96874e-009 -3.96874e-009
0.79 -0.000103566 -7.85423e-014 1.5805e-013 -3.99059e-009 -3.99059e-009
0.8 -0.000103564 5.13346e-013 5.65809e-013 -4.01222e-009 -4.01222e-009
0.81 -0.000103563 -5.01016e-013 3.53628e-013 -4.0371e-009 -4.0371e-009
0.82 -0.000103562 -1.50615e-013 -1.33975e-013 -4.06715e-009 -4.06715e-009
0.83 -0.000103561 -1.20116e-013 -1.67127e-014 -4.10293e-009 -4.10293e-009
0.84 -0.000103561 -1.44911e-013 -6.48678e-014 -4.14436e-009 -4.14436e-009
0.85 -0.000103561 -5.01039e-014 -1.20428e-014 -4.19133e-009 -4.19133e-009
0.86 -0.000103562 -3.09573e-013 7.31676e-013 -4.24417e-009 -4.24417e-009
0.87 -0.000103563 -3.61625e-013 5.30304e-013 -4.30327e-009 -4.30327e-009
0.88 -0.000103565 5.053e-014 -1.2345e-013 -4.36747e-009 -4.36747e-009
0.89 -0.000103567 4.54225e-014 9.52257e-014 -4.43325e-009 -4.43325e-009
0.9 -0.00010357 -2.04209e-013 1.03321e-013 -4.49669e-009 -4.49669e-009
0.91 -0.000103574 -9.69201e-012 7.50913e-012 -4.55621e-009 -4.55621e-009
0.92 -0.000103577 -7.16739e-012 5.29361e-012 -4.61274e-009 -4.61274e-009
0.93 -0.000103582 9.58016e-012 -8.09178e-012 -4.66668e-009 -4.66668e-009
0.94 -0.000103587 5.45342e-012 -4.86479e-012 -4.71564e-009 -4.71564e-009
0.95 -0.000103593 -1.25962e-012 7.30875e-013 -4.75593e-009 -4.75593e-009
0.96 -0.0001036 -2.93466e-013 1.02956e-013 -4.78602e-009 -4.78602e-009
0.97 -0.000103607 1.69781e-013 9.36617e-014 -4.80819e-009 -4.80819e-009
0.98 -0.000103615 2.8075e-012 9.48414e-013 -4.82625e-009 -4.82625e-009
0.99 -0.000103623 -1.06643e-012 2.61621e-013 -4.84209e-009 -4.84209e-009
1 -0.000103632 7.50686e-012 -1.03776e-012 -4.85529e-009 -4.85529e-009
1.01 -0.000103642 5.98007e-012 -3.43538e-013 -4.86536e-009 -4.86536e-009
1.02 -0.000103651 -1.51587e-012 1.15298e-013 -4.8732e-009 -4.8732e-009
1.03 -0.00010366 4.84019e-012 -4.03606e-012 -4.88095e-009 -4.88095e-009
1.04 -0.00010367 3.1295e-012 -3.46271e-012 -4.89146e-009 -4.89146e-009
1.05 -0.00010368 -2.46756e-011 1.68821e-011 -4.90739e-009 -4.90739e-009
1.06 -0.000103692 -2.02497e-011 1.17856e-011 -4.92935e-009 -4.92935e-009
1.07 -0.000103703 6.01938e-012 -3.44909e-012 -4.95442e-009 -4.95442e-009
1.08 -0.000103715 -1.2413e-012 1.03567e-012 -4.9775e-009 -4.9775e-009
1.09 -0.000103728 -5.64427e-013 -1.06952e-012 -4.99459e-009 -4.99459e-009
1.1 -0.000103741 -2.43969e-013 2.8927e-013 -5.0039e-009 -5.0039e-009
1.11 -0.000103754 -1.30235e-014 -1.04588e-013 -5.00366e-009 -5.00366e-009
1.12 -0.000103768 1.27466e-013 1.33331e-012 -4.99083e-009 -4.99083e-009
1.13 -0.000103783 9.11016e-015 -1.5885e-013 -4.96372e-009 -4.96372e-009
1.14 -0.000103799 2.66402e-012 2.38466e-012 -4.92507e-009 -4.92507e-009
1.15 -0.000103815 9.44855e-013 5.32119e-013 -4.88182e-009 -4.88182e-009
1.16 -0.000103831 -2.53192e-012 1.32669e-012 -4.84277e-009 -4.84277e-009
1.17 -0.000103848 -1.41769e-012 2.31775e-012 -4.81592e-009 -4.81592e-009
1.18 -0.000103865 4.82986e-012 -4.89606e-012 -4.80534e-009 -4.80534e-009
1.19 -0.000103883 3.78102e-012 -3.73289e-012 -4.80919e-009 -4.80919e-009
1.2 -0.000103901 7.70171e-013 -3.92799e-014 -4.82053e-009 -4.82053e-009
1.21 -0.000103919 8.50887e-012 1.73607e-012 -4.83055e-009 -4.83055e-009
1.22 -0.000103938 4.38254e-012 -1.54164e-012 -4.83186e-009 -4.83186e-009
1.23 -0.000103955 -9.41532e-013 -6.70083e-013 -4.82031e-009 -4.82031e-009
1.24 -0.000103972 7.15281e-013 1.96205e-013 -4.79527e-009 -4.79527e-009
1.25 -0.000103989 -1.28961e-011 -9.54404e-012 -4.75947e-009 -4.75947e-009
1.26 -0.000104005 -1.01322e-011 -7.36761e-012 -4.71884e-009 -4.71884e-009
1.27 -0.000104021 4.30343e-012 3.10056e-012 -4.68115e-009 -4.68115e-009
1.28 -0.000104038 -1.37748e-013 2.57795e-013 -4.6533e-009 -4.6533e-009
1.29 -0.000104056 9.89134e-013 4.66927e-013 -4.63845e-009 -4.63845e-009
1.3 -0.000104074 -1.34777e-012 7.7568e-013 -4.63453e-009 -4.63453e-009
1.31 -0.000104093 4.52591e-013 -9.17983e-014 -4.63572e-009 -4.63572e-009
1.32 -0.000104114 -1.34692e-012 -1.48418e-012 -4.63661e-009 -4.63661e-009
1.33 -0.000104136 9.55084e-013 -2.32675e-012 -4.63556e-009 -4.63556e-009
1.34 -0.000104159 9.18879e-013 1.85801e-012 -4.6353e-009 -4.6353e-009
1.35 -0.000104182 -1.09654e-012 -6.38442e-014 -4.6426e-009 -4.6426e-009
1.36 -0.000104207 2.9571e-012 -3.5056e-012 -4.66653e-009 -4.66653e-009
1.37 -0.000104233 -3.44603e-013 1.77402e-012 -4.7135e-009 -4.7135e-009
1.38 -0.000104259 -1.51433e-013 8.44077e-014 -4.7815e-009 -4.7815e-009
1.39 -0.000104285 -3.7105e-013 -1.35866e-012 -4.85914e-009 -4.85914e-009
1.4 -0.000104309 1.01877e-011 -6.75311e-012 -4.93109e-009 -4.93109e-009
1.41 -0.000104331 9.00492e-012 -2.0542e-012 -4.9846e-009 -4.9846e-009
1.42 -0.00010435 -2.30725e-013 3.06926e-012 -5.01196e-009 -5.01196e-009
1.43 -0.00010437 1.93125e-013 -1.27893e-012 -5.01009e-009 -5.01009e-009
1.44 -0.000104389 1.90409e-012 3.9249e-012 -4.98061e-009 -4.98061e-009
1.45 -0.000104408 7.75421e-013 1.65212e-012 -4.92877e-009 -4.92877e-009
1.46 -0.000104426 -3.27708e-013 -1.90007e-012 -4.86036e-009 -4.86036e-009
1.47 -0.000104443 6.31818e-013 8.17078e-013 -4.77879e-009 -4.77879e-009
1.48 -0.000104458 3.67956e-013 5.11045e-013 -4.68418e-009 -4.68418e-009
1.49 -0.000104473 -4.52724e-014 -1.52708e-012 -4.57324e-009 -4.57324e-009
1.5 -0.000104487 5.90215e-013 -8.21197e-013 -4.43931e-009 -4.43931e-009
1.51 -0.0001045 1.1539e-012 -9.57601e-013 -4.2765e-009 -4.2765e-009
1.52 -0.000104513 1.70986e-012 -3.86101e-012 -4.0892e-009 -4.0892e-009
1.53 -0.000104528 2.75396e-013 7.60166e-013 -3.8979e-009 -3.8979e-009
1.54 -0.000104544 1.02056e-013 5.23866e-013 -3.73111e-009 -3.73111e-009
1.55 -0.000104562 2.43955e-012 1.51657e-012 -3.60903e-009 -3.60903e-009
1.56 -0.000104579 -8.13085e-013 -1.63428e-012 -3.534e-009 -3.534e-009
1.57 -0.000104596 2.20522e-012 1.68548e-012 -3.49372e-009 -3.49372e-009
1.58 -0.000104612 -4.38384e-013 -1.14435e-012 -3.47029e-009 -3.47029e-009
1.59 -0.000104624 -6.97603e-013 -1.01385e-012 -3.44681e-009 -3.44681e-009
1.6 -0.000104632 3.78244e-012 -8.27466e-013 -3.40853e-009 -3.40853e-009
1.61 -0.000104636 4.81552e-012 -2.19682e-012 -3.34071e-009 -3.34071e-009
1.62 -0.000104637 9.06087e-013 -6.34056e-013 -3.22916e-009 -3.22916e-009
1.63 -0.000104637 3.53564e-012 -3.37208e-012 -3.06786e-009 -3.06786e-009
1.64 -0.000104636 1.51315e-012 -4.03594e-013 -2.86994e-009 -2.86994e-009
1.65 -0.000104636 2.31334e-011 -2.41932e-011 -2.67042e-009 -2.67042e-009
1.66 -0.000104635 1.78333e-011 -1.84842e-011 -2.51186e-009 -2.51186e-009
1.67 -0.000104636 -3.24063e-012 6.07969e-012 -2.42042e-009 -2.42042e-009
1.68 -0.000104638 1.06382e-013 -1.12964e-012 -2.39079e-009 -2.39079e-009
1.69 -0.000104642 -1.02605e-012 1.80086e-013 -2.39148e-009 -2.39148e-009
1.7 -0.000104648 -5.45908e-013 -4.89764e-013 -2.384e-009 -2.384e-009
1.71 -0.000104657 -8.98472e-013 -2.82025e-013 -2.34105e-009 -2.34105e-009
1.72 -0.000104669 -3.69918e-013 -9.21838e-014 -2.25604e-009 -2.25604e-009
1.73 -0.000104685 4.91502e-013 -9.99455e-013 -2.14309e-009 -2.14309e-009
1.74 -0.000104705 -8.39909e-013 -3.38341e-013 -2.02919e-009 -2.02919e-009
1.75 -0.000104727 8.93846e-013 7.30659e-013 -1.94228e-009 -1.94228e-009
1.76 -0.00010475 2.66987e-012 5.66103e-013 -1.90197e-009 -1.90197e-009
1.77 -0.000104772 1.55412e-012 -1.89056e-012 -1.91477e-009 -1.91477e-009
1.78 -0.000104791 3.78261e-012 -2.44669e-012 -1.97119e-009 -1.97119e-009
1.79 -0.000104807 2.19732e-012 -4.00829e-013 -2.04555e-009 -2.04555e-009
1.8 -0.000104821 -2.6464e-012 8.188e-014 -2.10437e-009 -2.10437e-009
1.81 -0.000104833 1.54388e-012 -9.51487e-013 -2.12216e-009 -2.12216e-009
1.82 -0.000104845 2.35118e-013 -6.03667e-013 -2.09335e-009 -2.09335e-009
1.83 -0.000104858 2.78127e-012 -3.22237e-012 -2.03221e-009 -2.03221e-009
1.84 -0.000104871 -3.29465e-013 5.05727e-013 -1.96328e-009 -1.96328e-009
1.85 -0.000104885 4.6046e-013 -8.55171e-013 -1.90996e-009 -1.90996e-009
1.86 -0.000104899 -4.91062e-014 2.58083e-013 -1.88604e-009 -1.88604e-009
1.87 -0.000104913 3.93257e-012 -7.09772e-012 -1.89331e-009 -1.89331e-009
1.88 -0.000104926 9.77135e-013 -1.60653e-012 -1.92923e-009 -1.92923e-009
1.89 -0.000104939 1.76981e-012 -2.47127e-012 -1.99983e-009 -1.99983e-009
1.9 -0.000104952 1.2949e-011 -2.14743e-011 -2.11967e-009 -2.11967e-009
1.91 -0.000104963 2.26184e-012 -9.31707e-012 -2.29229e-009 -2.29229e-009
1.92 -0.000104969 -5.53678e-013 2.28571e-012 -2.49194e-009 -2.49194e-009
1.93 -0.00010497 2.87477e-012 -1.58164e-012 -2.66864e-009 -2.66864e-009
1.94 -0.000104964 2.1606e-011 -2.19376e-011 -2.77175e-009 -2.77175e-009
1.95 -0.000104948 1.26983e-011 -9.95129e-012 -2.77175e-009 -2.77175e-009
1.96 -0.000104924 2.98641e-012 5.5399e-012 -2.66908e-009 -2.66908e-009
1.97 -0.00010489 2.96261e-012 1.56664e-012 -2.49162e-009 -2.49162e-009
1.98 -0.000104851 1.10082e-012 5.87649e-013 -2.28392e-009 -2.28392e-009
1.99 -0.000104806 1.0816e-012 -1.47329e-012 -2.08986e-009 -2.08986e-009
2 -0.000104757 8.08467e-013 -8.57422e-013 -1.9343e-009 -1.9343e-009
2.01 -0.000104704 2.59054e-013 2.36559e-013 -1.81396e-009 -1.81396e-009
2.02 -0.00010465 8.18044e-013 -6.93341e-013 -1.70322e-009 -1.70322e-009
2.03 -0.000104595 1.07602e-012 -2.83655e-013 -1.57019e-009 -1.57019e-009
2.04 -0.00010454 1.36265e-012 -3.53041e-012 -1.39177e-009 -1.39177e-009
2.05 -0.000104486 5.78586e-013 -3.23911e-012 -1.16227e-009 -1.16227e-009
2.06 -0.000104434 8.39286e-013 3.52506e-012 -8.97047e-010 -8.97047e-010
2.07 -0.000104382 1.39788e-012 1.22609e-012 -6.2781e-010 -6.2781e-010
2.08 -0.000104331 6.26158e-013 -8.3763e-013 -3.85981e-010 -3.85981e-010
2.09 -0.000104278 1.17422e-013 -1.75823e-013 -1.83758e-010 -1.83758e-010
2.1 -0.000104221 9.62381e-013 2.82871e-013 -9.29845e-012 -9.29845e-012
2.11 -0.000104159 1.11331e-012 -3.10146e-013 1.60867e-010 1.60867e-010
2.12 -0.000104092 8.86279e-013 -1.01193e-012 3.46836e-010 3.46836e-010
2.13 -0.000104019 1.38117e-012 1.07504e-012 5.61807e-010 5.61807e-010
2.14 -0.000103942 5.86514e-013 7.85314e-013 8.1747e-010 8.1747e-010
2.15 -0.000103861 3.48931e-013 9.59057e-014 1.12609e-009 1.12609e-009
2.16 -0.000103781 3.99893e-013 4.26735e-013 1.4933e-009 1.4933e-009
2.17 -0.000103704 1.14787e-013 -2.21373e-013 1.90814e-009 1.90814e-009
2.18 -0.000103631 1.22943e-012 -1.22703e-012 2.3434e-009 2.3434e-009
2.19 -0.000103561 -1.50225e-012 -1.86565e-012 2.7688e-009 2.7688e-009
2.2 -0.000103495 -2.91886e-013 -1.21048e-013 3.16215e-009 3.16215e-009
2.21 -0.000103433 7.15117e-013 7.43961e-013 3.50784e-009 3.50784e-009
2.22 -0.000103378 5.62486e-013 -6.61249e-013 3.79135e-009 3.79135e-009
2.23 -0.00010333 -1.62429e-013 -6.69834e-013 4.00206e-009 4.00206e-009
2.24 -0.000103289 -1.59657e-012 -1.4738e-012 4.14121e-009 4.14121e-009
2.25 -0.000103253 1.36966e-013 -1.91929e-013 4.22344e-009 4.22344e-009
2.26 -0.000103222 2.67255e-012 2.4982e-012 4.26973e-009 4.26973e-009
2.27 -0.000103193 -5.85261e-013 -1.20332e-012 4.29802e-009 4.29802e-009
2.28 -0.000103167 -1.71756e-012 -2.32049e-012 4.31543e-009 4.31543e-009
2.29 -0.000103142 1.84521e-012 1.50189e-012 4.31442e-009 4.31442e-009
2.3 -0.000103119 5.60431e-012 6.63339e-012 4.27802e-009 4.27802e-009
2.31 -0.000103098 1.08941e-012 1.14823e-012 4.19216e-009 4.19216e-009
2.32 -0.000103079 -2.24085e-012 -4.31429e-012 4.05506e-009 4.05506e-009
2.33 -0.000103063 9.56507e-016 -1.48996e-013 3.87824e-009 3.87824e-009
2.34 -0.000103052 7.95545e-013 1.0717e-012 3.68188e-009 3.68188e-009
2.35 -0.000103044 1.14495e-012 2.06482e-012 3.48874e-009 3.48874e-009
2.36 -0.000103041 4.58415e-013 8.6886e-013 3.31787e-009 3.31787e-009
2.37 -0.00010304 1.52043e-013 -1.04166e-012 3.18014e-009 3.18014e-009
2.38 -0.000103042 1.08799e-012 -1.55535e-012 3.07652e-009 3.07652e-009
2.39 -0.000103045 -1.12368e-012 -8.86971e-013 2.99643e-009 2.99643e-009
2.4 -0.000103051 8.94822e-013 1.65589e-012 2.91596e-009 2.91596e-009
2.41 -0.000103059 -1.06399e-013 -6.20463e-013 2.80285e-009 2.80285e-009
2.42 -0.000103072 3.30764e-012 -2.00807e-012 2.62858e-009 2.62858e-009
2.43 -0.00010309 2.54967e-012 -1.04862e-012 2.37932e-009 2.37932e-009
2.44 -0.000103109 -5.71364e-013 2.18399e-013 2.06151e-009 2.06151e-009
2.45 -0.000103127 2.07393e-013 -9.7746e-014 1.7017e-009 1.7017e-009
2.46 -0.000103143 1.30781e-014 -1.88618e-014 1.33698e-009 1.33698e-009
2.47 -0.000103156 6.15632e-014 -3.85449e-014 9.97706e-010 9.97706e-010
2.48 -0.00010317 4.94653e-014 -3.36336e-014 6.95018e-010 6.95018e-010
2.49 -0.000103183 5.24839e-014 -3.48591e-014 4.22597e-010 4.22597e-010
2.5 -0.000103195 5.17307e-014 -3.45533e-014 1.69538e-010 1.69538e-010
2.51 -0.000103206 5.19186e-014 -3.46296e-014 -6.72166e-011 -6.72166e-011
2.52 -0.000103214 5.18717e-014 -3.46105e-014 -2.79907e-010 -2.79907e-010
2.53 -0.000103219 5.18835e-014 -3.46153e-014 -4.5574e-010 -4.5574e-010
2.54 -0.000103219 5.18805e-014 -3.46141e-014 -5.84666e-010 -5.84666e-010
2.55 -0.000103215 5.18813e-014 -3.46144e-014 -6.64492e-010 -6.64492e-010
2.56 -0.000103208 5.18811e-014 -3.46143e-014 -7.01675e-010 -7.01675e-010
2.57 -0.000103198 5.18811e-014 -3.46143e-014 -7.07836e-010 -7.07836e-010
2.58 -0.000103187 5.18811e-014 -3.46143e-014 -6.94372e-010 -6.94372e-010
2.59 -0.000103174 5.18811e-014 -3.46143e-014 -6.68064e-010 -6.68064e-010
2.6 -0.000103162 5.18811e-014 -3.46143e-014 -6.29417e-010 -6.29417e-010
2.61 -0.00010315 5.18811e-014 -3.46143e-014 -5.75089e-010 -5.75089e-010
2.62 -0.000103138 5.18811e-014 -3.46143e-014 -5.04105e-010 -5.04105e-010
2.63 -0.000103128 5.18811e-014 -3.46143e-014 -4.23584e-010 -4.23584e-010
2.64 -0.00010312 5.18811e-014 -3.46143e-014 -3.47054e-010 -3.47054e-010
2.65 -0.000103113 5.18811e-014 -3.46143e-014 -2.82149e-010 -2.82149e-010
2.66 -0.000103108 5.18811e-014 -3.46143e-014 -2.17011e-010 -2.17011e-010
2.67 -0.000103104 5.18811e-014 -3.46143e-014 -1.21788e-010 -1.21788e-010
2.68 -0.0001031 5.18811e-014 -3.46143e-014 3.18963e-011 3.18963e-011
2.69 -0.000103097 5.18811e-014 -3.46143e-014 2.50257e-010 2.50257e-010
2.7 -0.000103093 5.18811e-014 -3.46143e-014 5.14391e-010 5.14391e-010
2.71 -0.00010309 5.18811e-014 -3.46143e-014 7.96334e-010 7.96334e-010
2.72 -0.00010309 5.18811e-014 -3.46143e-014 1.07621e-009 1.07621e-009
2.73 -0.000103093 5.18811e-014 -3.46143e-014 1.34358e-009 1.34358e-009
2.74 -0.000103102 5.18811e-014 -3.46143e-014 1.58625e-009 1.58625e-009
2.75 -0.000103116 5.18811e-014 -3.46143e-014 1.78457e-009 1.78457e-009
2.76 -0.000103134 5.18811e-014 -3.46143e-014 1.91918e-009 1.91918e-009
2.77 -0.000103156 5.18811e-014 -3.46143e-014 1.98195e-009 1.98195e-009
2.78 -0.00010318 7.25571e-014 -5.65532e-014 1.978e-009 1.978e-009
2.79 -0.000103205 4.67221e-014 -2.91402e-014 1.91772e-009 1.91772e-009
2.8 -0.000103232 5.31684e-014 -3.59802e-014 1.805e-009 1.805e-009
2.81 -0.000103259 5.15599e-014 -3.42735e-014 1.6329e-009 1.6329e-009
2.82 -0.00010329 1.05538e-013 -1.08951e-013 1.39364e-009 1.39364e-009
2.83 -0.000103322 3.84928e-014 -1.60659e-014 1.0942e-009 1.0942e-009
2.84 -0.000103355 1.22088e-013 -8.99214e-014 7.60631e-010 7.60631e-010
2.85 -0.00010339 3.43632e-014 -2.08142e-014 4.26748e-010 4.26748e-010
2.86 -0.000103425 5.62522e-014 -3.80577e-014 1.17373e-010 1.17373e-010
2.87 -0.000103461 5.07905e-014 -3.37551e-014 -1.60117e-010 -1.60117e-010
2.88 -0.000103498 5.21533e-014 -3.48287e-014 -4.13641e-010 -4.13641e-010
2.89 -0.000103536 5.18132e-014 -3.45608e-014 -6.60636e-010 -6.60636e-010
2.9 -0.000103578 1.73421e-012 4.54212e-012 -9.22099e-010 -9.22099e-010
2.91 -0.000103625 1.63631e-012 5.15023e-012 -1.21612e-009 -1.21612e-009
2.92 -0.000103677 -8.11391e-013 -2.54818e-012 -1.55365e-009 -1.55365e-009
2.93 -0.000103733 1.46976e-012 -1.05359e-012 -1.93879e-009 -1.93879e-009
2.94 -0.000103793 1.80362e-012 -5.87702e-012 -2.37088e-009 -2.37088e-009
2.95 -0.000103854 3.59938e-012 -3.36382e-012 -2.84584e-009 -2.84584e-009
2.96 -0.000103915 2.71107e-012 -4.3135e-012 -3.3567e-009 -3.3567e-009
2.97 -0.000103974 -1.0654e-012 3.61452e-012 -3.89252e-009 -3.89252e-009
2.98 -0.000104029 2.40184e-012 -1.2638e-011 -4.43512e-009 -4.43512e-009
2.99 -0.000104079 6.94539e-012 2.91211e-012 -4.95807e-009 -4.95807e-009
3 -0.000104125 1.12952e-012 1.29058e-011 -5.43384e-009 -5.43384e-009
3.01 -0.000104168 -2.1509e-013 -3.1697e-012 -5.84668e-009 -5.84668e-009
3.02 -0.000104208 1.18495e-013 7.47649e-013 -6.2e-009 -6.2e-009
3.03 -0.000104247 3.52596e-014 -2.29804e-013 -6.51032e-009 -6.51032e-009
3.04 -0.000104286 5.60285e-014 1.40891e-014 -6.79212e-009 -6.79212e-009
3.05 -0.000104325 5.08463e-014 -4.67667e-014 -7.04428e-009 -7.04428e-009
3.06 -0.000104363 5.03312e-014 -2.90762e-014 -7.24759e-009 -7.24759e-009
3.07 -0.000104399 5.0391e-014 -3.3395e-014 -7.37633e-009 -7.37633e-009
3.08 -0.000104436 5.22529e-014 -3.49186e-014 -7.41714e-009 -7.41714e-009
3.09 -0.000104474 5.17883e-014 -3.45384e-014 -7.38033e-009 -7.38033e-009
3.1 -0.000104514 5.19043e-014 -3.46333e-014 -7.29343e-009 -7.29343e-009
3.11 -0.000104553 2.43483e-012 3.88316e-013 -7.18509e-009 -7.18509e-009
3.12 -0.00010459 -2.93604e-012 1.16785e-012 -7.07782e-009 -7.07782e-009
3.13 -0.000104626 7.3407e-012 4.63697e-012 -6.99444e-009 -6.99444e-009
3.14 -0.000104661 6.47523e-012 5.94308e-012 -6.96158e-009 -6.96158e-009
3.15 -0.000104693 3.26812e-012 3.17521e-012 -6.99608e-009 -6.99608e-009
3.16 -0.000104721 1.09661e-012 2.43484e-012 -7.08391e-009 -7.08391e-009
3.17 -0.000104743 -3.91558e-012 4.56039e-012 -7.17313e-009 -7.17313e-009
3.18 -0.00010476 6.66501e-012 -2.61226e-012 -7.19025e-009 -7.19025e-009
3.19 -0.000104774 4.64799e-012 -1.35236e-012 -7.07184e-009 -7.07184e-009
3.2 -0.000104788 -1.14576e-012 -6.74041e-015 -6.79447e-009 -6.79447e-009
3.21 -0.000104806 5.51244e-013 -3.18095e-012 -6.38274e-009 -6.38274e-009
3.22 -0.000104831 -1.1775e-012 -1.97978e-012 -5.88702e-009 -5.88702e-009
3.23 -0.000104861 4.1619e-012 -1.0557e-012 -5.34961e-009 -5.34961e-009
3.24 -0.000104897 3.20328e-012 3.9977e-012 -4.78698e-009 -4.78698e-009
3.25 -0.000104936 2.89933e-012 -3.32734e-012 -4.19633e-009 -4.19633e-009
3.26 -0.000104976 7.68479e-012 -2.04407e-012 -3.57392e-009 -3.57392e-009
3.27 -0.000105017 9.64296e-012 7.08122e-012 -2.93133e-009 -2.93133e-009
3.28 -0.000105057 1.97817e-012 7.52314e-012 -2.30209e-009 -2.30209e-009
3.29 -0.000105097 -1.76156e-012 -6.04496e-012 -1.73437e-009 -1.73437e-009
3.3 -0.000105135 4.62486e-013 -2.18988e-012 -1.27051e-009 -1.27051e-009
3.31 -0.000105172 -2.2681e-013 6.58515e-013 -9.27406e-010 -9.27406e-010
3.32 -0.00010521 -7.96009e-014 -5.15191e-014 -6.94138e-010 -6.94138e-010
3.33 -0.00010525 -5.87589e-013 -1.29362e-012 -5.4632e-010 -5.4632e-010
3.34 -0.000105288 -2.14765e-012 -8.04401e-012 -4.59336e-010 -4.59336e-010
3.35 -0.000105322 -1.0147e-011 -2.77182e-011 -4.08851e-010 -4.08851e-010
3.36 -0.000105349 -4.38649e-012 -7.59467e-012 -3.6858e-010 -3.6858e-010
3.37 -0.00010537 -3.83714e-012 1.04523e-011 -3.1809e-010 -3.1809e-010
3.38 -0.000105385 -1.28387e-011 -6.57723e-012 -2.55209e-010 -2.55209e-010
3.39 -0.000105396 -2.18056e-012 -1.08063e-011 -1.99293e-010 -1.99293e-010
3.4 -0.000105406 1.40567e-012 -3.4276e-012 -1.79059e-010 -1.79059e-010
3.41 -0.000105416 -3.58817e-013 9.09407e-013 -2.10077e-010 -2.10077e-010
3.42 -0.000105424 2.78728e-014 -9.26285e-014 -2.78767e-010 -2.78767e-010
3.43 -0.000105431 -4.65482e-014 8.90238e-014 -3.49817e-010 -3.49817e-010
3.44 -0.000105438 -3.09065e-014 2.0811e-014 -3.93907e-010 -3.93907e-010
3.45 -0.000105444 6.80031e-014 -4.61191e-014 -4.12382e-010 -4.12382e-010
3.46 -0.00010545 4.00426e-014 4.89883e-014 -4.38475e-010 -4.38475e-010
3.47 -0.000105454 5.73522e-014 6.00677e-014 -5.1642e-010 -5.1642e-010
3.48 -0.000105455 -2.52138e-015 1.94211e-014 -6.76743e-010 -6.76743e-010
3.49 -0.000105452 2.84312e-014 1.52664e-015 -9.24403e-010 -9.24403e-010
3.5 -0.000105446 8.86357e-014 1.40671e-013 -1.24128e-009 -1.24128e-009
3.51 -0.000105435 5.69573e-014 6.28491e-014 -1.59359e-009 -1.59359e-009
3.52 -0.000105419 2.22535e-013 1.35619e-013 -1.94079e-009 -1.94079e-009
3.53 -0.000105399 3.7727e-013 -2.02496e-013 -2.24915e-009 -2.24915e-009
3.54 -0.000105378 3.95266e-014 -5.34454e-014 -2.50381e-009 -2.50381e-009
3.55 -0.000105356 3.80004e-013 -3.88484e-013 -2.70579e-009 -2.70579e-009
3.56 -0.000105331 -5.85085e-014 7.45467e-014 -2.85326e-009 -2.85326e-009
3.57 -0.000105301 1.25354e-012 -2.28142e-012 -2.92459e-009 -2.92459e-009
3.58 -0.000105267 8.50709e-012 -1.54926e-011 -2.88153e-009 -2.88153e-009
3.59 -0.000105228 1.21149e-011 -1.22695e-011 -2.69297e-009 -2.69297e-009
3.6 -0.000105187 1.60208e-011 -1.33653e-011 -2.36127e-009 -2.36127e-009
3.61 -0.000105147 3.15651e-012 2.96569e-012 -1.93147e-009 -1.93147e-009
3.62 -0.000105108 1.05354e-012 8.04314e-012 -1.47459e-009 -1.47459e-009
3.63 -0.000105069 3.78911e-014 -1.29387e-012 -1.0525e-009 -1.0525e-009
3.64 -0.000105029 -2.07761e-012 1.30412e-012 -6.87237e-010 -6.87237e-010
3.65 -0.000104986 1.23352e-012 7.99374e-013 -3.57052e-010 -3.57052e-010
3.66 -0.000104941 -9.29059e-013 2.79849e-012 -1.92949e-011 -1.92949e-011
3.67 -0.000104894 9.10864e-013 1.17425e-012 3.61368e-010 3.61368e-010
3.68 -0.000104846 -1.72591e-012 1.90804e-012 7.99861e-010 7.99861e-010
3.69 -0.000104796 -2.6171e-012 6.42932e-012 1.29369e-009 1.29369e-009
3.7 -0.000104744 -4.86615e-013 1.95781e-012 1.83127e-009 1.83127e-009
3.71 -0.000104687 -1.20809e-012 -1.34134e-012 2.39891e-009 2.39891e-009
3.72 -0.000104624 7.39075e-013 -5.15961e-013 2.9847e-009 2.9847e-009
3.73 -0.000104556 2.39663e-012 -1.73791e-012 3.57908e-009 3.57908e-009
3.74 -0.000104481 -9.12452e-013 -1.74905e-012 4.17499e-009 4.17499e-009
3.75 -0.000104403 1.08088e-012 -2.03608e-012 4.77044e-009 4.77044e-009
3.76 -0.000104322 1.20808e-012 -2.07276e-013 5.36962e-009 5.36962e-009
3.77 -0.00010424 2.29942e-014 -6.07438e-014 5.97864e-009 5.97864e-009
3.78 -0.000104159 6.18747e-013 -2.42469e-013 6.5982e-009 6.5982e-009
3.79 -0.00010408 2.4763e-013 9.30411e-014 7.21966e-009 7.21966e-009
3.8 -0.000104005 -1.57249e-013 2.1517e-013 7.82667e-009 7.82667e-009
3.81 -0.000103934 -1.01657e-013 5.80261e-014 8.39937e-009 8.39937e-009
3.82 -0.000103868 6.22875e-017 5.53141e-015 8.91903e-009 8.91903e-009
3.83 -0.000103809 1.88373e-013 1.8497e-014 9.37254e-009 9.37254e-009
3.84 -0.000103757 2.68046e-013 -1.05576e-014 9.75331e-009 9.75331e-009
3.85 -0.000103711 -2.95159e-013 8.21065e-014 1.00576e-008 1.00576e-008
3.86 -0.000103668 -1.18342e-013 4.71033e-014 1.0282e-008 1.0282e-008
3.87 -0.000103629 -6.32745e-013 1.28044e-013 1.04274e-008 1.04274e-008
3.88 -0.000103591 6.7048e-013 1.25774e-013 1.05053e-008 1.05053e-008
3.89 -0.000103556 1.07608e-012 7.70389e-014 1.05391e-008 1.05391e-008
3.9 -0.000103522 -7.34156e-013 5.99457e-013 1.05565e-008 1.05565e-008
3.91 -0.000103487 1.97636e-012 -1.00991e-012 1.05816e-008 1.05816e-008
3.92 -0.000103449 4.58742e-012 -3.35151e-013 1.06326e-008 1.06326e-008
3.93 -0.00010341 7.30316e-012 2.74038e-012 1.07209e-008 1.07209e-008
3.94 -0.00010337 7.63389e-012 -3.72378e-012 1.08456e-008 1.08456e-008
3.95 -0.000103332 -1.16224e-012 1.90388e-012 1.09837e-008 1.09837e-008
3.96 -0.0001033 3.22396e-012 -4.13933e-012 1.10909e-008 1.10909e-008
3.97 -0.000103273 1.29702e-012 6.1165e-013 1.11167e-008 1.11167e-008
3.98 -0.000103255 3.14736e-012 1.69944e-013 1.10211e-008 1.10211e-008
3.99 -0.000103245 2.26861e-012 -2.05044e-012 1.07822e-008 1.07822e-008
4 -0.000103244 -3.10362e-013 4.00067e-013 1.03973e-008 1.03973e-008
4.01 -0.000103251 7.73841e-014 -9.92908e-014 9.8858e-009 9.8858e-009
4.02 -0.000103263 -1.93659e-014 2.53084e-014 9.29082e-009 9.29082e-009
4.03 -0.000103278 4.77503e-015 -5.78139e-015 8.6672e-009 8.6672e-009
4.04 -0.000103293 -1.24858e-015 1.9761e-015 8.06021e-009 8.06021e-009
4.05 -0.000103304 2.54417e-016 4.04619e-017 7.49317e-009 7.49317e-009
4.06 -0.000103311 -1.20603e-016 5.23441e-016 6.96787e-009 6.96787e-009
4.07 -0.000103312 2.76321e-012 1.0455e-012 6.46983e-009 6.46983e-009
4.08 -0.000103308 1.29629e-012 7.99124e-013 5.97874e-009 5.97874e-009
4.09 -0.0001033 9.87799e-013 1.28902e-012 5.48644e-009 5.48644e-009
4.1 -0.000103291 9.38868e-013 2.1927e-013 5.01063e-009 5.01063e-009
4.11 -0.000103282 2.98396e-012 1.92884e-012 4.59101e-009 4.59101e-009
4.12 -0.000103276 1.4395e-012 1.06432e-012 4.27069e-009 4.27069e-009
4.13 -0.000103277 -3.59239e-013 -2.65035e-013 4.07368e-009 4.07368e-009
4.14 -0.000103286 8.95797e-014 6.66648e-014 3.99128e-009 3.99128e-009
4.15 -0.000103305 -2.24089e-014 -1.61006e-014 3.98797e-009 3.98797e-009
4.16 -0.000103333 5.53432e-015 4.55093e-015 4.02197e-009 4.02197e-009
4.17 -0.000103368 -1.43804e-015 -6.02005e-016 4.06309e-009 4.06309e-009
4.18 -0.000103408 3.01697e-016 6.83748e-016 4.09648e-009 4.09648e-009
4.19 -0.00010345 -1.324e-016 3.62929e-016 4.11467e-009 4.11467e-009
4.2 -0.000103496 -2.40882e-017 4.42977e-016 4.10918e-009 4.10918e-009
4.21 -0.000103545 -5.11149e-017 4.23002e-016 4.07044e-009 4.07044e-009
4.22 -0.000103596 -4.43683e-017 4.27988e-016 3.99297e-009 3.99297e-009
4.23 -0.000103649 -4.60531e-017 4.2675e-016 3.87902e-009 3.87902e-009
4.24 -0.000103703 -4.56328e-017 4.27047e-016 3.7408e-009 3.7408e-009
4.25 -0.000103757 -4.57348e-017 4.26982e-016 3.59882e-009 3.59882e-009
4.26 -0.000103814 -4.57134e-017 4.26993e-016 3.47185e-009 3.47185e-009
4.27 -0.000103875 -4.57171e-017 4.26996e-016 3.3663e-009 3.3663e-009
4.28 -0.000103941 -4.57083e-017 4.26982e-016 3.27565e-009 3.27565e-009
4.29 -0.000104013 -4.57233e-017 4.27005e-016 3.18737e-009 3.18737e-009
4.3 -0.000104092 -4.57064e-017 4.2698e-016 3.09235e-009 3.09235e-009
4.31 -0.000104177 -4.57206e-017 4.27003e-016 2.99509e-009 2.99509e-009
4.32 -0.000104266 -4.57132e-017 4.26984e-016 2.91581e-009 2.91581e-009
4.33 -0.000104355 -4.57209e-017 4.27001e-016 2.87698e-009 2.87698e-009
4.34 -0.000104446 -4.57128e-017 4.26986e-016 2.88389e-009 2.88389e-009
4.35 -0.000104537 -4.5719e-017 4.27e-016 2.91527e-009 2.91527e-009
4.36 -0.000104629 -4.57128e-017 4.26984e-016 2.92847e-009 2.92847e-009
4.37 -0.000104721 7.92753e-013 -8.40798e-013 2.87341e-009 2.87341e-009
4.38 -0.000104812 -1.97864e-013 2.10328e-013 2.70874e-009 2.70874e-009
4.39 -0.000104902 9.87956e-013 -7.63359e-013 2.41604e-009 2.41604e-009
4.4 -0.00010499 6.80677e-013 -1.09407e-012 2.00815e-009 2.00815e-009
4.41 -0.000105077 -1.69899e-013 2.73524e-013 1.52411e-009 1.52411e-009
4.42 -0.000105167 -1.16644e-011 5.25592e-012 1.00837e-009 1.00837e-009
4.43 -0.00010526 -9.90374e-012 4.51632e-012 4.85731e-010 4.85731e-010
4.44 -0.000105359 2.06034e-012 -5.46443e-013 -5.20632e-011 -5.20632e-011
4.45 -0.000105466 -1.23701e-011 8.78897e-012 -6.40348e-010 -6.40348e-010
4.46 -0.000105582 -1.11838e-010 4.5551e-011 -1.31659e-009 -1.31659e-009
4.47 -0.000105698 4.75487e-011 -3.22813e-011 -2.08895e-009 -2.08895e-009
4.48 -0.000105813 6.6534e-011 -3.39322e-011 -2.92291e-009 -2.92291e-009
4.49 -0.000105919 1.75008e-011 1.60083e-011 -3.75801e-009 -3.75801e-009
4.5 -0.000106016 1.22638e-011 1.2883e-011 -4.53738e-009 -4.53738e-009
4.51 -0.000106103 7.23873e-012 4.28396e-012 -5.22888e-009 -5.22888e-009
4.52 -0.000106184 -7.15754e-013 -4.97565e-012 -5.83398e-009 -5.83398e-009
4.53 -0.000106258 1.03193e-011 5.14958e-012 -6.38341e-009 -6.38341e-009
4.54 -0.00010633 1.12454e-011 -5.61863e-012 -6.918e-009 -6.918e-009
4.55 -0.0001064 5.58488e-012 4.47562e-012 -7.46657e-009 -7.46657e-009
4.56 -0.000106469 8.35746e-012 -6.84459e-012 -8.03568e-009 -8.03568e-009
4.57 -0.000106535 -3.15826e-011 9.61036e-012 -8.61286e-009 -8.61286e-009
4.58 -0.000106598 -2.81319e-011 4.82214e-012 -9.17766e-009 -9.17766e-009
4.59 -0.000106658 1.5863e-011 -1.1573e-012 -9.71721e-009 -9.71721e-009
4.6 -0.000106718 -3.47128e-012 4.66701e-013 -1.02398e-008 -1.02398e-008
4.61 -0.00010678 2.94623e-012 4.75424e-014 -1.07737e-008 -1.07737e-008
4.62 -0.000106845 2.64334e-011 -2.29757e-011 -1.13453e-008 -1.13453e-008
4.63 -0.000106912 -2.57149e-011 2.18728e-011 -1.19516e-008 -1.19516e-008
4.64 -0.000106981 -8.60722e-012 3.65049e-011 -1.25585e-008 -1.25585e-008
4.65 -0.000107049 1.07004e-011 -5.60972e-012 -1.31293e-008 -1.31293e-008
4.66 -0.000107115 9.60971e-012 -5.54232e-012 -1.36543e-008 -1.36543e-008
4.67 -0.000107174 -5.16572e-012 2.36178e-013 -1.41516e-008 -1.41516e-008
4.68 -0.000107222 4.65163e-012 -4.04466e-011 -1.46406e-008 -1.46406e-008
4.69 -0.000107261 1.02141e-011 -1.69983e-011 -1.51195e-008 -1.51195e-008
4.7 -0.000107292 2.60062e-012 -4.112e-012 -1.55651e-008 -1.55651e-008
4.71 -0.000107321 7.52557e-012 -1.25078e-011 -1.59526e-008 -1.59526e-008
4.72 -0.000107351 -7.76141e-012 -1.76353e-011 -1.62734e-008 -1.62734e-008
4.73 -0.000107383 -2.35474e-011 5.54247e-012 -1.65337e-008 -1.65337e-008
4.74 -0.000107417 5.11031e-012 8.53943e-012 -1.67415e-008 -1.67415e-008
4.75 -0.000107452 1.4064e-011 -2.61226e-011 -1.69007e-008 -1.69007e-008
4.76 -0.000107487 -2.2275e-013 -4.51084e-012 -1.70171e-008 -1.70171e-008
4.77 -0.000107522 -1.11074e-014 4.76557e-012 -1.71094e-008 -1.71094e-008
4.78 -0.000107559 2.44299e-012 -2.70293e-012 -1.72111e-008 -1.72111e-008
4.79 -0.000107596 5.18627e-012 -1.68412e-012 -1.7356e-008 -1.7356e-008
4.8 -0.000107631 -9.44877e-012 2.80404e-011 -1.75541e-008 -1.75541e-008
4.81 -0.00010766 -1.55202e-011 3.35447e-011 -1.77811e-008 -1.77811e-008
4.82 -0.000107682 6.2284e-012 -7.959e-012 -1.79922e-008 -1.79922e-008
4.83 -0.000107694 -7.67656e-012 1.11803e-012 -1.81477e-008 -1.81477e-008
4.84 -0.000107697 1.67997e-011 -1.38405e-011 -1.8236e-008 -1.8236e-008
4.85 -0.000107694 1.29928e-011 -1.13876e-011 -1.82843e-008 -1.82843e-008
4.86 -0.000107684 3.04062e-012 -5.23244e-013 -1.83422e-008 -1.83422e-008
4.87 -0.000107664 1.62566e-012 -9.2197e-013 -1.84409e-008 -1.84409e-008
4.88 -0.000107628 6.97379e-012 -3.22335e-012 -1.85637e-008 -1.85637e-008
4.89 -0.000107575 1.5815e-011 -1.37362e-011 -1.86622e-008 -1.86622e-008
4.9 -0.000107509 -1.71139e-012 -6.6542e-014 -1.87009e-008 -1.87009e-008
4.91 -0.000107432 6.48987e-013 -2.08307e-012 -1.8686e-008 -1.8686e-008
4.92 -0.000107343 -2.57327e-013 1.57315e-012 -1.8657e-008 -1.8657e-008
4.93 -0.000107243 1.81398e-012 -6.14707e-012 -1.866e-008 -1.866e-008
4.94 -0.000107129 7.82156e-012 -1.55213e-011 -1.87282e-008 -1.87282e-008
4.95 -0.000106998 8.79007e-012 -9.09859e-012 -1.88691e-008 -1.88691e-008
4.96 -0.000106849 -1.52625e-011 1.92982e-011 -1.90602e-008 -1.90602e-008
4.97 -0.000106681 -7.65592e-012 1.5258e-011 -1.9258e-008 -1.9258e-008
4.98 -0.000106496 5.75858e-012 -6.48199e-012 -1.94215e-008 -1.94215e-008
4.99 -0.000106295 1.06631e-012 1.54707e-012 -1.9526e-008 -1.9526e-008
5 -0.000106075 1.11836e-012 3.77826e-013 -1.95617e-008 -1.95617e-008
5.01 -0.000105836 -5.43249e-013 -1.57169e-012 -1.95301e-008 -1.95301e-008
5.02 -0.000105581 -1.26386e-013 -5.49793e-013 -1.94466e-008 -1.94466e-008
5.03 -0.000105312 2.19128e-012 -3.22138e-013 -1.93365e-008 -1.93365e-008
5.04 -0.000105033 2.54701e-012 -3.69091e-012 -1.92192e-008 -1.92192e-008
5.05 -0.000104747 -4.02542e-012 -7.64768e-012 -1.90944e-008 -1.90944e-008
5.06 -0.000104452 1.65143e-012 -2.81162e-012 -1.894e-008 -1.894e-008
5.07 -0.000104148 -2.83907e-014 -4.65871e-012 -1.87172e-008 -1.87172e-008
5.08 -0.000103833 3.60017e-013 4.71759e-013 -1.83877e-008 -1.83877e-008
5.09 -0.000103511 -9.16704e-013 -2.19747e-012 -1.79407e-008 -1.79407e-008
5.1 -0.000103182 1.24226e-012 1.99228e-012 -1.74048e-008 -1.74048e-008
5.11 -0.00010285 -4.50115e-012 -5.34018e-012 -1.68356e-008 -1.68356e-008
5.12 -0.000102516 -1.32322e-012 -1.78487e-011 -1.62927e-008 -1.62927e-008
5.13 -0.000102182 -5.1512e-012 -2.72649e-011 -1.58242e-008 -1.58242e-008
5.14 -0.000101847 -6.77095e-012 5.43152e-013 -1.54511e-008 -1.54511e-008
5.15 -0.000101509 2.89143e-012 2.56663e-012 -1.51503e-008 -1.51503e-008
5.16 -0.000101168 1.13048e-013 -8.80852e-013 -1.48584e-008 -1.48584e-008
5.17 -0.000100825 -1.59966e-011 -1.42028e-011 -1.45035e-008 -1.45035e-008
5.18 -0.000100481 -1.42329e-012 -1.72237e-012 -1.40396e-008 -1.40396e-008
5.19 -0.000100137 -5.24423e-012 -4.68206e-012 -1.34611e-008 -1.34611e-008
5.2 -9.97972e-005 -1.18203e-012 -1.32639e-012 -1.28004e-008 -1.28004e-008
5.21 -9.94669e-005 -1.40249e-011 -1.08341e-011 -1.21204e-008 -1.21204e-008
5.22 -9.9152e-005 -6.78531e-012 -1.35497e-011 -1.14943e-008 -1.14943e-008
5.23 -9.88573e-005 4.88386e-013 -1.0393e-011 -1.09723e-008 -1.09723e-008
5.24 -9.8586e-005 4.23654e-012 -2.10841e-011 -1.0557e-008 -1.0557e-008
5.25 -9.83395e-005 1.92636e-012 3.52612e-012 -1.02057e-008 -1.02057e-008
5.26 -9.81178e-005 5.70556e-012 -9.84163e-012 -9.85592e-009 -9.85592e-009
5.27 -9.79215e-005 7.83607e-013 -1.29272e-011 -9.45617e-009 -9.45617e-009
5.28 -9.77507e-005 -3.30673e-013 1.90409e-012 -8.98848e-009 -8.98848e-009
5.29 -9.76036e-005 1.75209e-012 -5.55598e-013 -8.4684e-009 -8.4684e-009
5.3 -9.74781e-005 2.41245e-012 -1.88023e-012 -7.92864e-009 -7.92864e-009
5.31 -9.73728e-005 -6.30629e-012 -2.29604e-011 -7.40779e-009 -7.40779e-009
5.32 -9.72861e-005 3.21664e-012 3.25911e-012 -6.94857e-009 -6.94857e-009
5.33 -9.72169e-005 -2.64817e-012 -1.9654e-011 -6.5907e-009 -6.5907e-009
5.34 -9.71657e-005 -2.09292e-012 8.6994e-012 -6.35616e-009 -6.35616e-009
5.35 -9.71347e-005 1.17883e-014 -2.50958e-012 -6.24159e-009 -6.24159e-009
5.36 -9.71281e-005 -8.69746e-012 -2.42769e-011 -6.22654e-009 -6.22654e-009
5.37 -9.71496e-005 -1.0209e-011 -2.12434e-011 -6.2851e-009 -6.2851e-009
5.38 -9.71964e-005 2.91459e-012 5.01742e-012 -6.38292e-009 -6.38292e-009
5.39 -9.7263e-005 -4.65967e-013 -1.44055e-012 -6.46853e-009 -6.46853e-009
5.4 -9.73488e-005 2.24398e-013 2.12086e-013 -6.48654e-009 -6.48654e-009
5.41 -9.74552e-005 2.31769e-013 -2.63321e-013 -6.41356e-009 -6.41356e-009
5.42 -9.75821e-005 3.22453e-013 -3.10443e-013 -6.28253e-009 -6.28253e-009
5.43 -9.77253e-005 2.93246e-013 -1.73666e-013 -6.1673e-009 -6.1673e-009
5.44 -9.7878e-005 3.0395e-013 -2.34277e-013 -6.13472e-009 -6.13472e-009
5.45 -9.8036e-005 -1.23729e-012 9.11271e-014 -6.20285e-009 -6.20285e-009
5.46 -9.81996e-005 2.84305e-012 3.08341e-012 -6.33968e-009 -6.33968e-009
5.47 -9.83705e-005 6.38745e-012 3.84238e-012 -6.49726e-009 -6.49726e-009
5.48 -9.85497e-005 1.94501e-012 9.97717e-013 -6.64653e-009 -6.64653e-009
5.49 -9.8737e-005 3.08453e-012 2.43015e-012 -6.78851e-009 -6.78851e-009
5.5 -9.89309e-005 -2.34856e-013 -1.65556e-014 -6.94174e-009 -6.94174e-009
5.51 -9.91269e-005 3.0281e-012 1.78357e-012 -7.11751e-009 -7.11751e-009
5.52 -9.93206e-005 -2.54249e-013 -6.26028e-013 -7.30525e-009 -7.30525e-009
5.53 -9.95094e-005 3.36033e-012 1.21574e-012 -7.48449e-009 -7.48449e-009
5.54 -9.96918e-005 8.83817e-012 7.91309e-012 -7.64673e-009 -7.64673e-009
5.55 -9.98659e-005 2.10398e-012 2.43801e-012 -7.79937e-009 -7.79937e-009
5.56 -0.000100029 5.81609e-012 4.31603e-012 -7.95116e-009 -7.95116e-009
5.57 -0.000100177 1.23261e-012 7.6317e-012 -8.09634e-009 -8.09634e-009
5.58 -0.000100308 -1.47588e-012 6.35471e-012 -8.20688e-009 -8.20688e-009
5.59 -0.000100421 7.00372e-012 8.73353e-012 -8.23545e-009 -8.23545e-009
5.6 -0.000100518 4.6461e-012 2.95251e-012 -8.12812e-009 -8.12812e-009
5.61 -0.000100595 -1.67592e-012 -1.10535e-012 -7.8405e-009 -7.8405e-009
5.62 -0.000100652 2.14047e-012 2.69214e-012 -7.35264e-009 -7.35264e-009
5.63 -0.00010069 2.15509e-012 4.01187e-012 -6.68392e-009 -6.68392e-009
5.64 -0.000100717 3.1584e-012 4.71995e-012 -5.90328e-009 -5.90328e-009
5.65 -0.000100734 1.2544e-012 1.49769e-012 -5.11831e-009 -5.11831e-009
5.66 -0.000100745 -4.20685e-013 -4.65737e-013 -4.43448e-009 -4.43448e-009
5.67 -0.000100749 -2.8248e-014 8.61314e-014 -3.90469e-009 -3.90469e-009
5.68 -0.000100747 4.0404e-013 -4.25947e-013 -3.50693e-009 -3.50693e-009
5.69 -0.000100741 9.60342e-014 4.38344e-014 -3.17078e-009 -3.17078e-009
5.7 -0.000100736 3.3559e-013 -3.44992e-013 -2.83341e-009 -2.83341e-009
5.71 -0.000100732 1.51131e-013 -9.39898e-014 -2.4799e-009 -2.4799e-009
5.72 -0.000100731 2.8964e-013 -2.88108e-013 -2.14037e-009 -2.14037e-009
5.73 -0.000100733 2.35855e-013 -1.98588e-013 -1.8586e-009 -1.8586e-009
5.74 -0.000100741 4.84767e-013 -5.23478e-013 -1.66915e-009 -1.66915e-009
5.75 -0.000100761 8.16358e-013 -7.47058e-013 -1.59998e-009 -1.59998e-009
5.76 -0.000100795 1.57472e-013 -1.12682e-013 -1.68476e-009 -1.68476e-009
5.77 -0.000100846 3.71805e-013 -3.86577e-013 -1.95916e-009 -1.95916e-009
5.78 -0.000100915 4.02232e-012 -3.93926e-012 -2.43794e-009 -2.43794e-009
5.79 -0.000101 1.70698e-012 -2.13637e-012 -3.08965e-009 -3.08965e-009
5.8 -0.000101097 2.11487e-012 -4.40544e-013 -3.82453e-009 -3.82453e-009
5.81 -0.000101206 3.25749e-012 -1.82291e-012 -4.50635e-009 -4.50635e-009
5.82 -0.000101326 -4.52374e-013 3.40587e-013 -5.00054e-009 -5.00054e-009
5.83 -0.000101465 5.5111e-013 -3.21268e-013 -5.25158e-009 -5.25158e-009
5.84 -0.000101632 2.59407e-012 -2.08383e-012 -5.33617e-009 -5.33617e-009
5.85 -0.000101832 -4.74626e-014 1.48587e-014 -5.4296e-009 -5.4296e-009
5.86 -0.000102066 5.41457e-012 4.66039e-014 -5.69665e-009 -5.69665e-009
5.87 -0.000102331 4.38969e-012 -1.02141e-012 -6.19512e-009 -6.19512e-009
5.88 -0.000102626 -7.40559e-013 1.95698e-013 -6.86301e-009 -6.86301e-009
5.89 -0.000102949 5.7346e-013 -4.37142e-013 -7.58022e-009 -7.58022e-009
5.9 -0.000103297 8.03835e-012 3.27324e-012 -8.24751e-009 -8.24751e-009
5.91 -0.000103673 -1.66719e-012 -1.04286e-012 -8.8302e-009 -8.8302e-009
5.92 -0.000104079 7.21765e-012 -5.76747e-013 -9.35175e-009 -9.35175e-009
5.93 -0.000104515 2.4041e-011 1.25132e-011 -9.86286e-009 -9.86286e-009
5.94 -0.000104983 -5.48207e-012 -3.54682e-012 -1.0414e-008 -1.0414e-008
5.95 -0.000105481 5.42389e-011 4.03388e-011 -1.10343e-008 -1.10343e-008
5.96 -0.000106 -3.66594e-012 -3.00698e-012 -1.17137e-008 -1.17137e-008
5.97 -0.00010653 1.47625e-010 1.49916e-010 -1.23962e-008 -1.23962e-008
5.98 -0.000107053 5.46475e-011 7.70025e-011 -1.29985e-008 -1.29985e-008
5.99 -0.000107564 3.61981e-011 -1.21765e-011 -1.34424e-008 -1.34424e-008
6 -0.000108059 1.31883e-011 -2.04149e-011 -1.36673e-008 -1.36673e-008
6.01 -0.000108513 6.82832e-011 7.95745e-011 -1.36114e-008 -1.36114e-008
6.02 -0.000108916 3.34517e-011 -1.73543e-011 -1.31895e-008 -1.31895e-008
6.03 -0.000109262 6.97059e-011 -3.2314e-011 -1.23011e-008 -1.23011e-008
6.04 -0.00010955 9.57297e-011 -1.08236e-010 -1.08669e-008 -1.08669e-008
6.05 -0.000109782 1.37199e-010 -8.23017e-011 -8.87168e-009 -8.87168e-009
6.06 -0.00010996 4.56868e-011 5.22461e-011 -6.38876e-009 -6.38876e-009
6.07 -0.000110084 -1.99912e-011 6.75947e-011 -3.57736e-009 -3.57736e-009
6.08 -0.000110156 -3.85432e-011 4.429e-011 -6.51243e-010 -6.51243e-010
6.09 -0.00011018 1.8633e-012 3.26592e-011 2.17102e-009 2.17102e-009
6.1 -0.000110157 -2.80262e-012 1.72551e-011 4.72137e-009 4.72137e-009
6.11 -0.000110092 -1.63627e-011 5.65594e-012 6.91803e-009 6.91803e-009
6.12 -0.000109989 5.06443e-012 -1.78753e-012 8.75662e-009 8.75662e-009
6.13 -0.000109856 1.46397e-011 -5.52531e-012 1.02662e-008 1.02662e-008
6.14 -0.000109703 -3.10893e-012 2.28506e-011 1.14612e-008 1.14612e-008
6.15 -0.000109543 -1.61323e-011 1.58653e-011 1.2309e-008 1.2309e-008
6.16 -0.000109387 6.28826e-012 -3.16681e-013 1.27247e-008 1.27247e-008
6.17 -0.000109243 3.82294e-012 6.21936e-012 1.2606e-008 1.2606e-008
6.18 -0.000109114 1.69984e-010 2.7292e-010 1.18907e-008 1.18907e-008
6.19 -0.000109005 2.24983e-010 2.42803e-010 1.06094e-008 1.06094e-008
6.2 -0.000108921 1.1928e-010 1.88781e-013 8.90777e-009 8.90777e-009
6.21 -0.000108864 -6.38646e-012 -1.99945e-010 7.0271e-009 7.0271e-009
6.22 -0.000108845 1.30516e-010 1.22806e-011 5.23097e-009 5.23097e-009
6.23 -0.000108876 3.69635e-011 -1.17845e-010 3.70279e-009 3.70279e-009
6.24 -0.000108972 1.73252e-010 4.96609e-011 2.47614e-009 2.47614e-009
6.25 -0.000109141 4.76441e-011 -9.45834e-011 1.45784e-009 1.45784e-009
6.26 -0.000109392 2.64363e-010 -4.23091e-011 5.35836e-010 5.35836e-010
6.27 -0.000109719 1.61094e-010 -1.35154e-010 -3.05641e-010 -3.05641e-010
6.28 -0.000110113 3.05467e-010 2.59215e-010 -9.5041e-010 -9.5041e-010
6.29 -0.000110575 1.86173e-010 1.94923e-010 -1.23046e-009 -1.23046e-009
6.3 -0.000111098 4.14451e-011 -9.70281e-011 -1.07257e-009 -1.07257e-009
6.31 -0.000111691 -2.39578e-012 -7.45191e-011 -5.99158e-010 -5.99158e-010
6.32 -0.000112353 1.08813e-010 1.85743e-010 -8.92055e-011 -8.92055e-011
6.33 -0.000113069 8.71453e-011 1.15141e-010 1.87888e-010 1.87888e-010
6.34 -0.000113815 5.20387e-010 5.46813e-010 1.42721e-010 1.42721e-010
6.35 -0.000114564 2.84384e-010 4.35188e-010 -8.25195e-011 -8.25195e-011
6.36 -0.000115294 -1.6788e-010 -1.96743e-010 -2.11581e-010 -2.11581e-010
6.37 -0.000115987 4.02742e-011 1.26884e-011 -1.91952e-011 -1.91952e-011
6.38 -0.000116644 2.99651e-011 -4.19129e-011 5.03266e-010 5.03266e-010
6.39 -0.000117265 3.66485e-011 -2.78891e-011 1.11523e-009 1.11523e-009
6.4 -0.00011784 2.82606e-011 -2.66339e-011 1.47772e-009 1.47772e-009
6.41 -0.000118355 4.73998e-011 -3.9862e-011 1.38454e-009 1.38454e-009
6.42 -0.000118787 6.13137e-011 -3.10527e-011 8.84256e-010 8.84256e-010
6.43 -0.000119124 8.84946e-011 -4.71265e-011 2.20331e-010 2.20331e-010
6.44 -0.000119386 6.92135e-011 5.97652e-011 -3.1991e-010 -3.1991e-010
6.45 -0.00011958 6.49652e-011 1.27992e-011 -5.34861e-010 -5.34861e-010
6.46 -0.000119702 -3.69765e-011 5.54028e-011 -3.69543e-010 -3.69543e-010
6.47 -0.000119755 -3.62268e-011 5.77449e-011 1.01279e-010 1.01279e-010
6.48 -0.00011974 -1.81655e-011 7.89237e-012 7.5655e-010 7.5655e-010
6.49 -0.000119652 -1.49648e-011 5.02326e-011 1.52816e-009 1.52816e-009
6.5 -0.000119477 -2.22369e-011 5.6095e-011 2.44643e-009 2.44643e-009
6.51 -0.000119206 -1.67804e-011 1.52275e-011 3.60719e-009 3.60719e-009
6.52 -0.000118834 -1.36012e-011 2.87391e-011 5.10361e-009 5.10361e-009
6.53 -0.000118352 -1.8167e-011 1.57101e-011 6.98898e-009 6.98898e-009
6.54 -0.000117752 -2.54005e-011 1.46049e-010 9.29285e-009 9.29285e-009
6.55 -0.000117034 -5.83424e-011 1.60554e-010 1.20441e-008 1.20441e-008
6.56 -0.000116209 -2.21795e-010 4.03416e-010 1.52453e-008 1.52453e-008
6.57 -0.000115298 4.62841e-011 2.67374e-011 1.88104e-008 1.88104e-008
6.58 -0.000114324 7.2547e-011 2.32526e-011 2.25318e-008 2.25318e-008
6.59 -0.000113308 -1.81043e-010 1.64818e-010 2.61125e-008 2.61125e-008
6.6 -0.000112278 -2.17896e-010 2.87873e-010 2.92563e-008 2.92563e-008
6.61 -0.000111245 4.46052e-011 8.38663e-011 3.1768e-008 3.1768e-008
6.62 -0.000110217 1.8181e-012 -1.49685e-011 3.3605e-008 3.3605e-008
6.63 -0.000109209 -4.93392e-012 -1.35401e-011 3.48511e-008 3.48511e-008
6.64 -0.000108227 -1.49139e-011 4.51057e-012 3.56497e-008 3.56497e-008
6.65 -0.000107293 9.97446e-012 2.33118e-011 3.61401e-008 3.61401e-008
6.66 -0.000106419 5.38056e-012 -1.60624e-014 3.64279e-008 3.64279e-008
6.67 -0.000105607 1.97093e-012 -1.88134e-012 3.65885e-008 3.65885e-008
6.68 -0.000104862 1.05556e-011 -2.29352e-012 3.66811e-008 3.66811e-008
6.69 -0.000104189 -3.61073e-012 4.53197e-013 3.67422e-008 3.67422e-008
6.7 -0.000103597 9.09796e-012 -2.16811e-013 3.6762e-008 3.6762e-008
6.71 -0.000103091 -3.08621e-012 -3.89762e-013 3.66845e-008 3.66845e-008
6.72 -0.000102681 -5.42412e-013 -1.62007e-012 3.64583e-008 3.64583e-008
6.73 -0.000102372 -9.2927e-013 4.74726e-013 3.60953e-008 3.60953e-008
6.74 -0.000102173 9.24312e-013 2.87505e-012 3.56744e-008 3.56744e-008
6.75 -0.000102089 -2.33925e-013 -1.37596e-012 3.52776e-008 3.52776e-008
6.76 -0.000102117 -5.30666e-012 -1.05387e-011 3.49136e-008 3.49136e-008
6.77 -0.000102255 -5.74967e-012 -6.14092e-012 3.44817e-008 3.44817e-008
6.78 -0.0001025 -1.58185e-011 -2.06557e-011 3.37893e-008 3.37893e-008
6.79 -0.000102838 -2.00174e-011 -2.0414e-011 3.2615e-008 3.2615e-008
6.8 -0.000103251 3.548e-011 4.40943e-011 3.07904e-008 3.07904e-008
6.81 -0.000103714 5.18829e-011 5.81352e-011 2.82651e-008 2.82651e-008
6.82 -0.0001042 -1.30135e-011 -1.20132e-011 2.51167e-008 2.51167e-008
6.83 -0.000104682 5.60299e-012 6.29181e-012 2.15134e-008 2.15134e-008
6.84 -0.000105135 3.50702e-013 -5.77023e-015 1.76702e-008 1.76702e-008
6.85 -0.000105533 5.89083e-011 7.82722e-011 1.38259e-008 1.38259e-008
6.86 -0.000105863 1.32632e-010 2.53295e-010 1.02168e-008 1.02168e-008
6.87 -0.000106126 -6.31854e-011 4.3635e-011 7.02576e-009 7.02576e-009
6.88 -0.000106316 -5.92465e-010 -5.96678e-010 4.3373e-009 4.3373e-009
6.89 -0.00010643 -4.47068e-010 -5.54001e-010 2.14995e-009 2.14995e-009
6.9 -0.000106473 -8.77847e-010 -1.05872e-009 4.3542e-010 4.3542e-010
6.91 -0.000106435 -2.35583e-010 -1.57275e-010 -8.22543e-010 -8.22543e-010
6.92 -0.000106323 -2.18112e-011 1.71012e-010 -1.65042e-009 -1.65042e-009
6.93 -0.000106135 -2.70914e-010 -4.89072e-010 -2.12229e-009 -2.12229e-009
6.94 -0.00010585 4.78343e-010 1.36425e-009 -2.34428e-009 -2.34428e-009
6.95 -0.00010546 6.04945e-010 3.91029e-010 -2.38816e-009 -2.38816e-009
6.96 -0.000104944 5.59986e-010 5.08099e-010 -2.24497e-009 -2.24497e-009
6.97 -0.000104296 3.2542e-010 1.38654e-009 -1.86073e-009 -1.86073e-009
6.98 -0.000103495 3.22159e-010 -3.51031e-010 -1.22816e-009 -1.22816e-009
6.99 -0.000102545 5.71992e-010 1.23827e-009 -4.43766e-010 -4.43766e-010
7 -0.00010143 -3.25291e-010 1.16337e-011 3.13311e-010 3.13311e-010
7.01 -0.000100164 -1.21886e-010 2.05672e-011 8.3829e-010 8.3829e-010
7.02 -9.87678e-005 -3.8464e-010 2.92003e-010 9.38791e-010 9.38791e-010
7.03 -9.72628e-005 -2.94179e-010 -4.781e-010 4.61005e-010 4.61005e-010
7.04 -9.56874e-005 6.42616e-011 -2.03179e-010 -6.4792e-010 -6.4792e-010
7.05 -9.40604e-005 9.8504e-011 3.1298e-010 -2.2466e-009 -2.2466e-009
7.06 -9.24031e-005 2.17325e-010 -5.92758e-010 -3.96155e-009 -3.96155e-009
7.07 -9.07574e-005 2.29458e-010 -3.73612e-010 -5.28905e-009 -5.28905e-009
7.08 -8.91643e-005 -4.74852e-011 -2.20728e-011 -5.80682e-009 -5.80682e-009
7.09 -8.76658e-005 2.08875e-010 -2.89867e-010 -5.35092e-009 -5.35092e-009
7.1 -8.62875e-005 1.41104e-010 -1.40923e-010 -4.03845e-009 -4.03845e-009
7.11 -8.5049e-005 -1.93099e-011 1.0769e-011 -2.15075e-009 -2.15075e-009
7.12 -8.3971e-005 1.71513e-010 -1.69769e-010 1.24205e-011 1.24205e-011
7.13 -8.3055e-005 5.15499e-011 -4.9487e-011 2.2215e-009 2.2215e-009
7.14 -8.22788e-005 -2.5195e-010 2.58369e-010 4.34395e-009 4.34395e-009
7.15 -8.16311e-005 -2.92728e-011 8.28908e-011 6.3384e-009 6.3384e-009
7.16 -8.1106e-005 6.2531e-011 -9.4239e-011 8.22706e-009 8.22706e-009
7.17 -8.06992e-005 -3.02395e-011 -1.33156e-012 1.00492e-008 1.00492e-008
7.18 -8.04156e-005 7.82532e-012 4.40943e-011 1.18113e-008 1.18113e-008
7.19 -8.02649e-005 -1.44508e-011 -7.413e-013 1.34536e-008 1.34536e-008
7.2 -8.02595e-005 3.99107e-011 3.02489e-011 1.48458e-008 1.48458e-008
7.21 -8.04056e-005 2.90525e-011 2.31449e-011 1.58132e-008 1.58132e-008
7.22 -8.07024e-005 1.7738e-011 -4.46638e-011 1.61746e-008 1.61746e-008
7.23 -8.115e-005 -4.23928e-011 3.34795e-011 1.57706e-008 1.57706e-008
7.24 -8.17422e-005 9.20707e-011 -2.13806e-010 1.44887e-008 1.44887e-008
7.25 -8.24741e-005 4.56302e-011 -1.29859e-011 1.23033e-008 1.23033e-008
7.26 -8.33315e-005 2.00605e-011 1.7326e-011 9.31811e-009 9.31811e-009
7.27 -8.43034e-005 1.45719e-010 -1.85105e-010 5.7706e-009 5.7706e-009
7.28 -8.53782e-005 -1.53217e-011 -1.75673e-010 1.97362e-009 1.97362e-009
7.29 -8.65387e-005 2.9919e-011 7.1797e-011 -1.77989e-009 -1.77989e-009
7.3 -8.77653e-005 -1.96372e-011 2.35101e-012 -5.30029e-009 -5.30029e-009
7.31 -8.90395e-005 9.57968e-011 -2.12209e-010 -8.54826e-009 -8.54826e-009
7.32 -9.0346e-005 1.59074e-010 -3.42847e-010 -1.16421e-008 -1.16421e-008
7.33 -9.16629e-005 -2.25086e-011 1.14586e-012 -1.47991e-008 -1.47991e-008
7.34 -9.29588e-005 2.28747e-011 -2.0224e-010 -1.81937e-008 -1.81937e-008
7.35 -9.41952e-005 -5.599e-012 -3.83753e-010 -2.18077e-008 -2.18077e-008
7.36 -9.53454e-005 8.77109e-011 -1.13969e-010 -2.54023e-008 -2.54023e-008
7.37 -9.63942e-005 -1.14788e-009 -1.9907e-009 -2.86551e-008 -2.86551e-008
7.38 -9.73402e-005 -1.05921e-009 -1.9745e-009 -3.13521e-008 -3.13521e-008
7.39 -9.81745e-005 -6.02416e-010 -9.22893e-010 -3.34737e-008 -3.34737e-008
7.4 -9.88847e-005 -5.22633e-010 -6.66508e-010 -3.51356e-008 -3.51356e-008
7.41 -9.94746e-005 -5.8974e-010 -9.3937e-010 -3.64786e-008 -3.64786e-008
7.42 -9.99286e-005 -5.3019e-011 -1.47313e-010 -3.76166e-008 -3.76166e-008
7.43 -0.00010026 3.10828e-012 -4.94263e-011 -3.8661e-008 -3.8661e-008
7.44 -0.000100458 -1.34771e-009 -1.99748e-009 -3.97284e-008 -3.97284e-008
7.45 -0.000100506 -6.55858e-010 -8.24754e-010 -4.0875e-008 -4.0875e-008
7.46 -0.000100393 1.53858e-010 2.44704e-010 -4.20207e-008 -4.20207e-008
7.47 -0.000100116 -3.95722e-011 -5.93753e-011 -4.29664e-008 -4.29664e-008
7.48 -9.96947e-005 8.72363e-012 1.74487e-011 -4.3524e-008 -4.3524e-008
7.49 -9.91513e-005 -3.42646e-012 -2.88932e-012 -4.36628e-008 -4.36628e-008
7.5 -9.85095e-005 8.2901e-013 4.08234e-012 -4.35583e-008 -4.35583e-008
7.51 -9.77853e-005 1.5052e-011 -4.19352e-012 -4.35122e-008 -4.35122e-008
7.52 -9.69923e-005 2.41225e-011 -1.43411e-012 -4.382e-008 -4.382e-008
7.53 -9.61401e-005 1.06149e-009 -1.27307e-009 -4.4679e-008 -4.4679e-008
7.54 -9.52719e-005 2.45023e-009 -3.88403e-009 -4.61629e-008 -4.61629e-008
7.55 -9.43798e-005 2.55115e-009 -3.97227e-009 -4.82257e-008 -4.82257e-008
7.56 -9.34953e-005 4.34788e-009 -6.43168e-009 -5.06921e-008 -5.06921e-008
7.57 -9.26088e-005 6.11799e-009 -7.55167e-009 -5.32392e-008 -5.32392e-008
7.58 -9.17202e-005 6.96517e-010 -8.22371e-010 -5.54491e-008 -5.54491e-008
7.59 -9.08996e-005 2.11119e-009 -2.58304e-009 -5.69705e-008 -5.69705e-008
7.6 -9.01553e-005 1.88583e-009 -1.86114e-009 -5.7676e-008 -5.7676e-008
7.61 -8.95211e-005 2.00418e-009 -2.20199e-009 -5.76941e-008 -5.76941e-008
7.62 -8.89956e-005 1.66823e-010 -3.18487e-010 -5.72916e-008 -5.72916e-008
7.63 -8.86033e-005 8.1992e-010 -1.02243e-009 -5.66899e-008 -5.66899e-008
7.64 -8.83351e-005 1.12153e-009 -1.38616e-009 -5.5954e-008 -5.5954e-008
7.65 -8.82157e-005 2.18112e-009 -3.05522e-009 -5.50185e-008 -5.50185e-008
7.66 -8.82646e-005 2.29559e-009 -2.8654e-009 -5.37983e-008 -5.37983e-008
7.67 -8.85053e-005 4.28279e-010 -3.45773e-010 -5.22946e-008 -5.22946e-008
7.68 -8.89596e-005 2.99829e-011 2.2307e-010 -5.0629e-008 -5.0629e-008
7.69 -8.9636e-005 5.43486e-010 4.03728e-010 -4.89769e-008 -4.89769e-008
7.7 -9.05291e-005 1.93222e-010 -2.11139e-010 -4.74631e-008 -4.74631e-008
7.71 -9.16231e-005 1.11731e-010 -8.7738e-011 -4.61325e-008 -4.61325e-008
7.72 -9.29024e-005 -2.91992e-010 -1.94932e-010 -4.50155e-008 -4.50155e-008
7.73 -9.43432e-005 2.41644e-010 2.69879e-010 -4.41906e-008 -4.41906e-008
7.74 -9.59061e-005 1.33009e-010 5.23871e-011 -4.37605e-008 -4.37605e-008
7.75 -9.75556e-005 -2.32835e-010 -3.01101e-010 -4.3776e-008 -4.3776e-008
7.76 -9.92603e-005 -2.20078e-011 -4.28073e-012 -4.41924e-008 -4.41924e-008
7.77 -0.00010099 5.41089e-012 1.0604e-011 -4.48833e-008 -4.48833e-008
7.78 -0.000102713 1.4441e-011 1.99283e-012 -4.56713e-008 -4.56713e-008
7.79 -0.000104391 4.13285e-011 3.93851e-011 -4.63406e-008 -4.63406e-008
7.8 -0.000105983 1.78692e-011 3.89841e-011 -4.66457e-008 -4.66457e-008
7.81 -0.000107454 -1.37291e-011 -2.30082e-011 -4.63588e-008 -4.63588e-008
7.82 -0.000108771 -2.6404e-011 -4.01161e-011 -4.53676e-008 -4.53676e-008
7.83 -0.00010994 -3.97722e-011 -5.00348e-011 -4.37778e-008 -4.37778e-008
7.84 -0.000110995 -2.22075e-011 -1.70083e-011 -4.19462e-008 -4.19462e-008
7.85 -0.000111952 9.02266e-012 3.01469e-011 -4.03885e-008 -4.03885e-008
7.86 -0.000112825 -3.70178e-011 2.93819e-011 -3.95928e-008 -3.95928e-008
7.87 -0.000113626 -5.42651e-011 5.00681e-012 -3.98504e-008 -3.98504e-008
7.88 -0.000114361 -1.16059e-010 8.65074e-011 -4.11935e-008 -4.11935e-008
7.89 -0.000115027 -2.1791e-010 2.24743e-010 -4.34379e-008 -4.34379e-008
7.9 -0.000115612 -1.55031e-010 1.36606e-010 -4.62703e-008 -4.62703e-008
7.91 -0.000116095 -1.29005e-010 1.59768e-010 -4.93274e-008 -4.93274e-008
7.92 -0.00011646 -6.90607e-011 2.84046e-011 -5.22647e-008 -5.22647e-008
7.93 -0.000116707 -8.5177e-012 2.22529e-011 -5.4828e-008 -5.4828e-008
7.94 -0.000116841 3.40216e-011 5.89815e-011 -5.69102e-008 -5.69102e-008
7.95 -0.000116863 -5.53446e-011 1.08576e-010 -5.85529e-008 -5.85529e-008
7.96 -0.000116766 1.93994e-010 8.67966e-011 -5.98778e-008 -5.98778e-008
7.97 -0.000116544 5.99994e-010 -1.72389e-010 -6.09764e-008 -6.09764e-008
7.98 -0.000116198 4.57653e-010 -1.00265e-010 -6.18285e-008 -6.18285e-008
7.99 -0.000115731 1.53762e-010 -1.43702e-010 -6.23036e-008 -6.23036e-008
8 -0.000115166 1.405e-010 2.92764e-010 -6.22443e-008 -6.22443e-008
8.01 -0.000114526 7.04113e-010 1.53692e-010 -6.1563e-008 -6.1563e-008
8.02 -0.000113849 3.65533e-010 1.4919e-010 -6.02759e-008 -6.02759e-008
8.03 -0.000113153 8.82171e-011 2.9219e-010 -5.84627e-008 -5.84627e-008
8.04 -0.000112471 6.07664e-010 3.75432e-010 -5.62221e-008 -5.62221e-008
8.05 -0.000111827 1.23344e-010 2.68276e-010 -5.3693e-008 -5.3693e-008
8.06 -0.000111222 1.92158e-010 -3.5912e-011 -5.11072e-008 -5.11072e-008
8.07 -0.000110674 1.4307e-010 2.41863e-010 -4.87689e-008 -4.87689e-008
8.08 -0.00011017 8.40903e-011 -1.22128e-012 -4.69329e-008 -4.69329e-008
8.09 -0.000109699 1.62016e-010 -1.35137e-010 -4.56832e-008 -4.56832e-008
8.1 -0.000109268 1.44274e-010 1.09027e-010 -4.49167e-008 -4.49167e-008
8.11 -0.000108883 -5.06782e-011 -1.25606e-010 -4.44275e-008 -4.44275e-008
8.12 -0.000108553 -1.21564e-014 -3.45699e-011 -4.40061e-008 -4.40061e-008
8.13 -0.000108288 9.00956e-012 4.11374e-011 -4.34979e-008 -4.34979e-008
8.14 -0.000108097 5.92122e-012 2.1716e-011 -4.28153e-008 -4.28153e-008
8.15 -0.000107989 -3.64455e-012 -3.73107e-012 -4.19255e-008 -4.19255e-008
8.16 -0.000107971 -1.87775e-012 8.92727e-014 -4.08243e-008 -4.08243e-008
8.17 -0.000108044 1.96446e-012 4.89365e-012 -3.95131e-008 -3.95131e-008
8.18 -0.000108208 2.99233e-012 8.74775e-012 -3.79826e-008 -3.79826e-008
8.19 -0.000108455 9.02973e-013 2.61455e-012 -3.62117e-008 -3.62117e-008
8.2 -0.000108774 2.88244e-012 7.27943e-012 -3.41682e-008 -3.41682e-008
8.21 -0.000109153 8.32833e-011 -2.41022e-010 -3.17996e-008 -3.17996e-008
8.22 -0.000109573 6.3936e-011 -1.61815e-010 -2.90189e-008 -2.90189e-008
8.23 -0.00011002 3.56831e-010 -7.35308e-010 -2.5702e-008 -2.5702e-008
8.24 -0.000110477 1.22605e-009 -2.18693e-009 -2.17039e-008 -2.17039e-008
8.25 -0.000110929 3.67007e-009 -4.64865e-009 -1.68901e-008 -1.68901e-008
8.26 -0.000111353 5.13975e-009 -5.00955e-009 -1.11744e-008 -1.11744e-008
8.27 -0.000111734 7.5327e-010 -1.37574e-010 -4.55907e-009 -4.55907e-009
8.28 -0.000112102 -3.69101e-010 1.89366e-009 2.8454e-009 2.8454e-009
8.29 -0.000112448 -4.98781e-009 7.96186e-009 1.08467e-008 1.08467e-008
8.3 -0.000112695 -8.50885e-010 -1.12782e-009 1.9223e-008 1.9223e-008
8.31 -0.000112936 4.61961e-009 -6.96558e-009 2.77887e-008 2.77887e-008
8.32 -0.000113175 5.35518e-010 -1.40335e-009 3.64391e-008 3.64391e-008
8.33 -0.000113317 -1.6069e-009 2.39088e-009 4.51401e-008 4.51401e-008
8.34 -0.00011343 -4.2506e-009 6.30335e-009 5.38901e-008 5.38901e-008
8.35 -0.000113479 -4.56654e-009 8.69639e-009 6.26565e-008 6.26565e-008
8.36 -0.000113456 -1.02144e-008 1.43189e-008 7.13206e-008 7.13206e-008
8.37 -0.000113307 -4.82752e-009 8.56197e-009 7.97002e-008 7.97002e-008
8.38 -0.000113066 -6.99639e-009 9.14042e-009 8.76278e-008 8.76278e-008
8.39 -0.000112691 -3.67824e-009 6.57892e-009 9.49999e-008 9.49999e-008
8.4 -0.000112191 -7.46015e-010 2.69691e-009 1.01795e-007 1.01795e-007
8.41 -0.000111589 -2.3691e-009 3.31829e-009 1.08075e-007 1.08075e-007
8.42 -0.000110846 -1.45356e-009 9.01492e-010 1.13951e-007 1.13951e-007
8.43 -0.000110013 -1.90927e-009 3.0009e-009 1.19553e-007 1.19553e-007
8.44 -0.000109075 -8.60754e-010 2.5787e-009 1.25001e-007 1.25001e-007
8.45 -0.000108064 -3.36346e-010 9.17007e-010 1.30412e-007 1.30412e-007
8.46 -0.000107027 -3.64113e-012 7.83938e-011 1.35883e-007 1.35883e-007
8.47 -0.000105983 -8.87794e-010 4.85362e-010 1.41469e-007 1.41469e-007
8.48 -0.000104951 -1.11568e-010 -2.07382e-011 1.47152e-007 1.47152e-007
8.49 -0.000103991 -1.13173e-009 4.81343e-010 1.52847e-007 1.52847e-007
8.5 -0.000103101 -6.82482e-010 1.30221e-009 1.58443e-007 1.58443e-007
8.51 -0.00010228 -1.18372e-009 6.05861e-011 1.63832e-007 1.63832e-007
8.52 -0.000101561 -7.22768e-010 -5.30354e-010 1.68917e-007 1.68917e-007
8.53 -0.000100969 -2.19596e-009 1.16245e-009 1.73584e-007 1.73584e-007
8.54 -0.000100499 5.66058e-010 -1.29171e-009 1.77683e-007 1.77683e-007
8.55 -0.00010014 9.61098e-010 -8.8051e-010 1.81054e-007 1.81054e-007
8.56 -9.98851e-005 -9.89007e-010 5.89712e-010 1.83601e-007 1.83601e-007
8.57 -9.97493e-005 -8.01154e-010 2.54827e-010 1.85352e-007 1.85352e-007
8.58 -9.97015e-005 -3.70328e-010 1.29802e-009 1.86428e-007 1.86428e-007
8.59 -9.97419e-005 -8.38824e-011 4.633e-011 1.86984e-007 1.86984e-007
8.6 -9.98682e-005 3.89437e-010 8.91026e-011 1.8716e-007 1.8716e-007
8.61 -0.000100076 -3.64954e-010 2.60385e-010 1.8708e-007 1.8708e-007
8.62 -0.000100368 1.29109e-009 7.04013e-010 1.86882e-007 1.86882e-007
8.63 -0.000100715 2.21969e-011 9.75617e-010 1.8673e-007 1.8673e-007
8.64 -0.000101117 -1.68237e-009 1.86004e-009 1.86801e-007 1.86801e-007
8.65 -0.000101612 2.8246e-009 -5.75161e-009 1.87277e-007 1.87277e-007
8.66 -0.000102157 1.66304e-010 -1.37268e-009 1.88303e-007 1.88303e-007
8.67 -0.000102748 2.39858e-009 -1.97662e-009 1.89943e-007 1.89943e-007
8.68 -0.000103358 5.74646e-010 -1.72708e-009 1.92159e-007 1.92159e-007
8.69 -0.000104008 -2.58733e-009 -2.75668e-010 1.94834e-007 1.94834e-007
8.7 -0.000104729 3.57718e-009 -3.66798e-009 1.97809e-007 1.97809e-007
8.71 -0.000105414 1.62407e-010 -2.35815e-009 2.00903e-007 2.00903e-007
8.72 -0.000106081 -4.8596e-010 -7.89358e-010 2.03957e-007 2.03957e-007
8.73 -0.00010674 -1.1006e-009 1.14395e-009 2.06862e-007 2.06862e-007
8.74 -0.000107373 5.98058e-010 -4.26475e-010 2.09518e-007 2.09518e-007
8.75 -0.000107941 6.26746e-010 -3.13861e-010 2.11782e-007 2.11782e-007
8.76 -0.000108463 -1.61777e-010 -1.19054e-010 2.13534e-007 2.13534e-007
8.77 -0.000108905 -1.42366e-009 -9.78404e-010 2.1478e-007 2.1478e-007
8.78 -0.000109272 -4.9971e-011 -3.04777e-011 2.15648e-007 2.15648e-007
8.79 -0.000109562 -5.08503e-011 6.14558e-011 2.16309e-007 2.16309e-007
8.8 -0.000109776 -5.60724e-011 -1.13764e-010 2.16883e-007 2.16883e-007
8.81 -0.00010994 -5.79874e-009 2.30761e-009 2.17396e-007 2.17396e-007
8.82 -0.000110003 -3.58053e-009 1.23895e-009 2.17772e-007 2.17772e-007
8.83 -0.00011002 7.76337e-010 -4.44227e-010 2.17898e-007 2.17898e-007
8.84 -0.000110008 -2.42358e-010 5.55047e-011 2.1776e-007 2.1776e-007
8.85 -0.000109942 3.74721e-011 -4.78351e-011 2.17524e-007 2.17524e-007
8.86 -0.000109821 -1.24452e-011 3.89206e-012 2.17506e-007 2.17506e-007
8.87 -0.000109646 -3.25141e-011 -9.13723e-011 2.18046e-007 2.18046e-007
8.88 -0.000109422 7.3038e-010 1.95165e-009 2.19366e-007 2.19366e-007
8.89 -0.000109155 8.12863e-010 2.7489e-009 2.21466e-007 2.21466e-007
8.9 -0.000108863 -1.96843e-011 1.6396e-010 2.24109e-007 2.24109e-007
8.91 -0.000108581 8.4942e-010 1.59924e-009 2.26903e-007 2.26903e-007
8.92 -0.000108316 4.43407e-010 8.28364e-010 2.29429e-007 2.29429e-007
8.93 -0.000108093 6.79661e-010 1.32019e-009 2.31346e-007 2.31346e-007
8.94 -0.000107926 3.67592e-010 8.66511e-010 2.32413e-007 2.32413e-007
8.95 -0.000107826 -4.57482e-010 -6.31776e-010 2.32477e-007 2.32477e-007
8.96 -0.000107835 8.8575e-010 1.61529e-009 2.31446e-007 2.31446e-007
8.97 -0.000107953 1.24253e-009 2.13537e-009 2.29274e-007 2.29274e-007
8.98 -0.000108201 -1.14412e-010 9.37296e-010 2.25949e-007 2.25949e-007
8.99 -0.000108596 -1.23348e-010 2.71008e-009 2.21508e-007 2.21508e-007
9 -0.000109095 1.35778e-009 2.34718e-009 2.1603e-007 2.1603e-007
9.01 -0.000109725 -8.55891e-010 -6.95008e-010 2.0963e-007 2.0963e-007
9.02 -0.00011048 1.83068e-009 3.46285e-009 2.02436e-007 2.02436e-007
9.03 -0.000111305 -1.98827e-009 3.42919e-010 1.94565e-007 1.94565e-007
9.04 -0.000112197 -8.28558e-010 1.80697e-009 1.86094e-007 1.86094e-007
9.05 -0.000113132 -2.15963e-010 8.46314e-010 1.77072e-007 1.77072e-007
9.06 -0.000114101 9.06174e-010 1.37815e-009 1.67554e-007 1.67554e-007
9.07 -0.000115112 -1.07513e-009 -7.17646e-011 1.57643e-007 1.57643e-007
9.08 -0.000116179 -1.60366e-009 -1.77618e-010 1.47482e-007 1.47482e-007
9.09 -0.000117268 -1.59739e-009 3.19038e-010 1.37226e-007 1.37226e-007
9.1 -0.000118435 2.03172e-010 4.16045e-010 1.26999e-007 1.26999e-007
9.11 -0.000119669 7.87321e-010 -4.10926e-010 1.16867e-007 1.16867e-007
9.12 -0.000121012 1.84459e-009 -1.77746e-009 1.06833e-007 1.06833e-007
9.13 -0.00012243 -3.56949e-010 -5.7107e-010 9.68523e-008 9.68523e-008
9.14 -0.000123888 -1.15082e-010 -5.98303e-010 8.68604e-008 8.68604e-008
9.15 -0.000125402 3.977e-009 -4.00519e-009 7.67922e-008 7.67922e-008
9.16 -0.00012693 1.34865e-009 -1.55859e-009 6.65798e-008 6.65798e-008
9.17 -0.000128486 -2.14861e-009 -3.14193e-010 5.61466e-008 5.61466e-008
9.18 -0.000130015 2.38855e-009 -3.93745e-009 4.54518e-008 4.54518e-008
9.19 -0.000131523 -1.29539e-009 -3.95468e-010 3.45624e-008 3.45624e-008
9.2 -0.000132931 -1.89272e-009 2.40175e-011 2.36637e-008 2.36637e-008
9.21 -0.000134224 -1.05396e-009 -5.72356e-010 1.29925e-008 1.29925e-008
9.22 -0.000135391 -3.3363e-009 2.5494e-009 2.74964e-009 2.74964e-009
9.23 -0.000136414 -6.6171e-009 7.13387e-009 -6.96468e-009 -6.96468e-009
9.24 -0.000137278 -3.90753e-009 5.85259e-009 -1.61498e-008 -1.61498e-008
9.25 -0.000137976 -5.54913e-009 5.245e-009 -2.48417e-008 -2.48417e-008
9.26 -0.000138493 -4.84515e-009 9.74365e-009 -3.30488e-008 -3.30488e-008
9.27 -0.000138825 -1.4583e-009 6.94064e-009 -4.07385e-008 -4.07385e-008
9.28 -0.000138997 3.41327e-010 4.22074e-009 -4.78782e-008 -4.78782e-008
9.29 -0.000138974 1.23383e-009 3.97999e-009 -5.4505e-008 -5.4505e-008
9.3 -0.000138853 4.08654e-009 5.43102e-009 -6.07753e-008 -6.07753e-008
9.31 -0.000138655 1.60152e-008 2.69655e-009 -6.69057e-008 -6.69057e-008
9.32 -0.000138294 1.5168e-008 -1.32512e-009 -7.30488e-008 -7.30488e-008
9.33 -0.000137838 9.61097e-009 -1.86263e-009 -7.92372e-008 -7.92372e-008
9.34 -0.000137419 2.53544e-008 -1.24304e-008 -8.53973e-008 -8.53973e-008
9.35 -0.000136763 1.97576e-008 -1.19548e-008 -9.13844e-008 -9.13844e-008
9.36 -0.000136041 1.22562e-008 -1.37499e-008 -9.70563e-008 -9.70563e-008
9.37 -0.000135235 1.3151e-008 -1.09973e-008 -1.02322e-007 -1.02322e-007
9.38 -0.000134323 9.4113e-009 -8.77362e-009 -1.07139e-007 -1.07139e-007
9.39 -0.000133272 -1.10471e-009 8.27594e-010 -1.11489e-007 -1.11489e-007
9.4 -0.000132108 -5.96799e-009 -8.9492e-010 -1.15394e-007 -1.15394e-007
9.41 -0.00013094 -3.61666e-009 -8.07647e-009 -1.1895e-007 -1.1895e-007
9.42 -0.000129665 -7.01144e-009 1.63894e-009 -1.22283e-007 -1.22283e-007
9.43 -0.000128382 -5.54627e-009 1.26054e-010 -1.25485e-007 -1.25485e-007
9.44 -0.000127089 -4.39017e-010 -4.04835e-009 -1.28645e-007 -1.28645e-007
9.45 -0.000125807 -7.91887e-010 -7.65929e-009 -1.31851e-007 -1.31851e-007
9.46 -0.000124599 -4.28675e-009 2.21196e-009 -1.3517e-007 -1.3517e-007
9.47 -0.000123449 -1.53864e-009 -1.23143e-009 -1.38652e-007 -1.38652e-007
9.48 -0.000122417 -4.36534e-010 -4.63309e-009 -1.42348e-007 -1.42348e-007
9.49 -0.000121467 -1.64612e-009 -1.18018e-009 -1.46308e-007 -1.46308e-007
9.5 -0.000120623 -4.89922e-010 -3.08621e-009 -1.50601e-007 -1.50601e-007
9.51 -0.000119944 -1.43671e-009 1.52419e-009 -1.55289e-007 -1.55289e-007
9.52 -0.000119316 -6.88897e-010 -3.12977e-009 -1.60351e-007 -1.60351e-007
9.53 -0.000118765 -4.10561e-010 -3.02864e-009 -1.65663e-007 -1.65663e-007
9.54 -0.000118257 1.55107e-009 2.79118e-009 -1.71043e-007 -1.71043e-007
9.55 -0.000117786 1.61936e-010 -1.56457e-009 -1.7635e-007 -1.7635e-007
9.56 -0.00011734 6.41194e-010 2.18771e-009 -1.81534e-007 -1.81534e-007
9.57 -0.000116902 1.25281e-010 -2.09912e-010 -1.86622e-007 -1.86622e-007
9.58 -0.000116452 -2.59898e-010 -6.75352e-010 -1.91651e-007 -1.91651e-007
9.59 -0.000116018 -8.40406e-010 3.32355e-010 -1.96635e-007 -1.96635e-007
9.6 -0.000115574 -9.16126e-010 -4.77169e-010 -2.01574e-007 -2.01574e-007
9.61 -0.000115105 -3.85097e-010 -1.59978e-009 -2.06494e-007 -2.06494e-007
9.62 -0.000114605 -1.05448e-009 -2.44736e-009 -2.11441e-007 -2.11441e-007
9.63 -0.000114054 6.34724e-010 -3.61013e-010 -2.1644e-007 -2.1644e-007
9.64 -0.000113455 -1.02737e-010 -9.30889e-010 -2.21461e-007 -2.21461e-007
9.65 -0.000112794 6.63536e-010 -2.16478e-009 -2.26421e-007 -2.26421e-007
9.66 -0.000112022 1.27962e-009 1.06204e-009 -2.31249e-007 -2.31249e-007
9.67 -0.000111166 -1.50228e-011 1.20391e-009 -2.35944e-007 -2.35944e-007
9.68 -0.00011022 -1.12293e-009 -9.99975e-010 -2.40543e-007 -2.40543e-007
9.69 -0.000109137 9.10583e-010 2.30857e-009 -2.45051e-007 -2.45051e-007
9.7 -0.000107954 -3.80927e-009 -9.88493e-009 -2.49394e-007 -2.49394e-007
9.71 -0.000106632 -9.81288e-010 -2.73304e-009 -2.53424e-007 -2.53424e-007
9.72 -0.000105195 1.00728e-009 2.22178e-009 -2.56981e-007 -2.56981e-007
9.73 -0.000103633 -1.36116e-009 -3.08382e-009 -2.5994e-007 -2.5994e-007
9.74 -0.000101943 2.53643e-011 -6.46421e-010 -2.62224e-007 -2.62224e-007
9.75 -0.000100183 -2.32105e-009 -2.94141e-010 -2.63805e-007 -2.63805e-007
9.76 -9.83184e-005 -3.43126e-009 -4.94763e-009 -2.64712e-007 -2.64712e-007
9.77 -9.6378e-005 -1.00348e-009 -1.23599e-009 -2.65007e-007 -2.65007e-007
9.78 -9.43893e-005 8.32884e-010 3.43616e-009 -2.64748e-007 -2.64748e-007
9.79 -9.23203e-005 -4.9375e-010 -4.04847e-010 -2.63945e-007 -2.63945e-007
9.8 -9.0176e-005 7.93044e-010 1.48681e-009 -2.62558e-007 -2.62558e-007
9.81 -8.79764e-005 1.43846e-009 3.60665e-009 -2.60544e-007 -2.60544e-007
9.82 -8.57138e-005 -1.3826e-009 -1.52171e-009 -2.57914e-007 -2.57914e-007
9.83 -8.34234e-005 2.27645e-009 4.74124e-009 -2.5476e-007 -2.5476e-007
9.84 -8.10697e-005 -3.06845e-009 -3.83285e-009 -2.51232e-007 -2.51232e-007
9.85 -7.87193e-005 -1.99585e-009 -1.85047e-009 -2.47476e-007 -2.47476e-007
9.86 -7.63758e-005 4.06044e-010 2.09277e-010 -2.43593e-007 -2.43593e-007
9.87 -7.4057e-005 1.94698e-009 4.49642e-009 -2.39631e-007 -2.39631e-007
9.88 -7.17684e-005 7.6117e-010 1.86594e-009 -2.35602e-007 -2.35602e-007
9.89 -6.95445e-005 -6.66393e-010 -1.46287e-009 -2.31516e-007 -2.31516e-007
9.9 -6.74104e-005 -1.60656e-011 -8.80572e-011 -2.27391e-007 -2.27391e-007
9.91 -6.5386e-005 -9.06148e-010 -6.61546e-010 -2.23253e-007 -2.23253e-007
9.92 -6.34909e-005 2.37584e-010 4.34785e-010 -2.19136e-007 -2.19136e-007
9.93 -6.17422e-005 3.95282e-011 -1.72198e-010 -2.15088e-007 -2.15088e-007
9.94 -6.01611e-005 -1.13522e-010 2.10239e-010 -2.11182e-007 -2.11182e-007
9.95 -5.87523e-005 6.89006e-011 4.88578e-010 -2.07495e-007 -2.07495e-007
9.96 -5.75183e-005 2.3102e-010 6.44526e-010 -2.04099e-007 -2.04099e-007
9.97 -5.64469e-005 3.4189e-011 -8.05428e-011 -2.01046e-007 -2.01046e-007
9.98 -5.55349e-005 -2.4881e-010 2.57865e-011 -1.98368e-007 -1.98368e-007
9.99 -5.47606e-005 -2.53405e-010 5.42575e-011 -1.96072e-007 -1.96072e-007
10 -5.41186e-005 1.48828e-009 2.06848e-009 -1.94123e-007 -1.94123e-007
