0.1 -0.0452797 -1.25877e-005
0.2 -0.0904665 -2.52048e-005
0.3 -0.135559 -3.78515e-005
0.4 -0.180558 -5.0528e-005
0.5 -0.225462 -6.32346e-005
0.6 -0.27027 -7.59713e-005
0.7 -0.314982 -8.87384e-005
0.8 -0.359593 -0.000101535
0.9 -0.404172 -0.000114382
1 -0.448879 -0.000127325
0.01 -0.448782 -0.000127299
0.02 -0.448512 -0.000127224
0.03 -0.448203 -0.000127138
0.04 -0.447974 -0.000127075
0.05 -0.447824 -0.000127033
0.06 -0.447746 -0.000127011
0.07 -0.447735 -0.000127008
0.08 -0.447782 -0.000127021
0.09 -0.447878 -0.000127048
0.1 -0.448013 -0.000127085
0.11 -0.448177 -0.000127131
0.12 -0.448357 -0.000127181
0.13 -0.448542 -0.000127232
0.14 -0.448725 -0.000127283
0.15 -0.448893 -0.00012733
0.16 -0.449038 -0.000127372
0.17 -0.449166 -0.000127409
0.18 -0.44928 -0.000127442
0.19 -0.44939 -0.000127474
0.2 -0.449507 -0.000127508
0.21 -0.44964 -0.000127546
0.22 -0.449794 -0.000127591
0.23 -0.449975 -0.000127644
0.24 -0.450179 -0.000127703
0.25 -0.450397 -0.000127766
0.26 -0.450622 -0.000127831
0.27 -0.450859 -0.0001279
0.28 -0.451126 -0.000127978
0.29 -0.451437 -0.000128068
0.3 -0.45179 -0.000128171
0.31 -0.45218 -0.000128284
0.32 -0.4526 -0.000128406
0.33 -0.453034 -0.000128532
0.34 -0.453463 -0.000128656
0.35 -0.453878 -0.000128777
0.36 -0.454278 -0.000128893
0.37 -0.454664 -0.000129005
0.38 -0.455039 -0.000129114
0.39 -0.455403 -0.00012922
0.4 -0.455754 -0.000129321
0.41 -0.456096 -0.000129421
0.42 -0.456436 -0.00012952
0.43 -0.456783 -0.00012962
0.44 -0.457142 -0.000129725
0.45 -0.457518 -0.000129834
0.46 -0.457915 -0.000129949
0.47 -0.45834 -0.000130072
0.48 -0.458792 -0.000130204
0.49 -0.459256 -0.000130339
0.5 -0.459721 -0.000130474
0.51 -0.460192 -0.000130611
0.52 -0.460662 -0.000130747
0.53 -0.461121 -0.000130881
0.54 -0.461583 -0.000131015
0.55 -0.462083 -0.00013116
0.56 -0.46263 -0.000131319
0.57 -0.46317 -0.000131476
0.58 -0.463627 -0.000131609
0.59 -0.463986 -0.000131713
0.6 -0.4643 -0.000131804
0.61 -0.46463 -0.0001319
0.62 -0.464991 -0.000132005
0.63 -0.465401 -0.000132124
0.64 -0.465906 -0.000132271
0.65 -0.466494 -0.000132442
0.66 -0.467098 -0.000132618
0.67 -0.467681 -0.000132787
0.68 -0.468259 -0.000132955
0.69 -0.468841 -0.000133125
0.7 -0.469426 -0.000133295
0.71 -0.470023 -0.000133468
0.72 -0.470638 -0.000133647
0.73 -0.471244 -0.000133824
0.74 -0.471785 -0.000133981
0.75 -0.47221 -0.000134105
0.76 -0.472513 -0.000134193
0.77 -0.472752 -0.000134262
0.78 -0.473023 -0.000134341
0.79 -0.4734 -0.000134451
0.8 -0.473882 -0.000134591
0.81 -0.47443 -0.00013475
0.82 -0.475025 -0.000134924
0.83 -0.475657 -0.000135108
0.84 -0.476304 -0.000135296
0.85 -0.47696 -0.000135487
0.86 -0.477645 -0.000135686
0.87 -0.478303 -0.000135878
0.88 -0.478808 -0.000136025
0.89 -0.479143 -0.000136122
0.9 -0.479443 -0.000136209
0.91 -0.479838 -0.000136325
0.92 -0.480278 -0.000136453
0.93 -0.480589 -0.000136543
0.94 -0.480699 -0.000136575
0.95 -0.480728 -0.000136584
0.96 -0.480852 -0.00013662
0.97 -0.481117 -0.000136697
0.98 -0.481386 -0.000136775
0.99 -0.481536 -0.000136819
1 -0.481601 -0.000136838
1.01 -0.481649 -0.000136852
1.02 -0.481692 -0.000136864
1.03 -0.481754 -0.000136883
1.04 -0.481882 -0.00013692
1.05 -0.482048 -0.000136968
1.06 -0.482137 -0.000136994
1.07 -0.482081 -0.000136979
1.08 -0.481965 -0.000136946
1.09 -0.481903 -0.000136929
1.1 -0.481811 -0.000136904
1.11 -0.481505 -0.000136819
1.12 -0.481002 -0.000136679
1.13 -0.480525 -0.000136547
1.14 -0.480244 -0.000136469
1.15 -0.480239 -0.000136468
1.16 -0.480587 -0.000136564
1.17 -0.481202 -0.000136735
1.18 -0.48182 -0.000136906
1.19 -0.482208 -0.000137015
1.2 -0.482269 -0.000137033
1.21 -0.482039 -0.000136969
1.22 -0.481602 -0.000136847
1.23 -0.481043 -0.000136692
1.24 -0.480453 -0.000136529
1.25 -0.479971 -0.000136395
1.26 -0.479736 -0.00013633
1.27 -0.479775 -0.000136341
1.28 -0.480015 -0.000136407
1.29 -0.480312 -0.00013649
1.3 -0.480501 -0.000136542
1.31 -0.480564 -0.00013656
1.32 -0.480623 -0.000136576
1.33 -0.480766 -0.000136615
1.34 -0.481099 -0.000136708
1.35 -0.481784 -0.000136898
1.36 -0.48274 -0.00013717
1.37 -0.483605 -0.000137421
1.38 -0.484046 -0.00013755
1.39 -0.48397 -0.000137529
1.4 -0.483543 -0.00013741
1.41 -0.482894 -0.00013723
1.42 -0.481984 -0.000136978
1.43 -0.480895 -0.000136676
1.44 -0.479815 -0.000136376
1.45 -0.478792 -0.000136093
1.46 -0.477718 -0.000135795
1.47 -0.476444 -0.000135441
1.48 -0.474779 -0.000134979
1.49 -0.472456 -0.000134335
1.5 -0.469365 -0.000133478
1.51 -0.465961 -0.000132533
1.52 -0.463148 -0.000131753
1.53 -0.461473 -0.000131288
1.54 -0.460697 -0.000131073
1.55 -0.46029 -0.00013096
1.56 -0.459919 -0.000130857
1.57 -0.459448 -0.000130727
1.58 -0.458816 -0.000130551
1.59 -0.457978 -0.000130319
1.6 -0.456797 -0.000129991
1.61 -0.455057 -0.000129509
1.62 -0.452792 -0.000128881
1.63 -0.450645 -0.000128285
1.64 -0.449676 -0.000128016
1.65 -0.450481 -0.000128239
1.66 -0.452582 -0.000128822
1.67 -0.454824 -0.000129444
1.68 -0.456242 -0.000129837
1.69 -0.456511 -0.000129912
1.7 -0.455789 -0.000129712
1.71 -0.454477 -0.000129348
1.72 -0.453169 -0.000128985
1.73 -0.4524 -0.000128772
1.74 -0.45235 -0.000128758
1.75 -0.452926 -0.000128918
1.76 -0.453954 -0.000129203
1.77 -0.455087 -0.000129517
1.78 -0.455706 -0.000129689
1.79 -0.45532 -0.000129582
1.8 -0.454092 -0.000129241
1.81 -0.452681 -0.000128849
1.82 -0.451678 -0.000128571
1.83 -0.451295 -0.000128465
1.84 -0.451403 -0.000128495
1.85 -0.451633 -0.000128559
1.86 -0.451461 -0.000128511
1.87 -0.450688 -0.000128297
1.88 -0.449994 -0.000128104
1.89 -0.450357 -0.000128205
1.9 -0.451712 -0.000128581
1.91 -0.4529 -0.00012891
1.92 -0.452914 -0.000128914
1.93 -0.451506 -0.000128524
1.94 -0.448888 -0.000127798
1.95 -0.445444 -0.000126842
1.96 -0.441803 -0.000125832
1.97 -0.438799 -0.000124999
1.98 -0.436939 -0.000124483
1.99 -0.436043 -0.000124234
2 -0.435461 -0.000124073
2.01 -0.434526 -0.000123813
2.02 -0.432889 -0.00012336
2.03 -0.430482 -0.000122692
2.04 -0.427372 -0.000121829
2.05 -0.424041 -0.000120905
2.06 -0.421316 -0.000120149
2.07 -0.419502 -0.000119646
2.08 -0.418069 -0.000119249
2.09 -0.416331 -0.000118766
2.1 -0.414163 -0.000118165
2.11 -0.411943 -0.000117549
2.12 -0.409885 -0.000116978
2.13 -0.407789 -0.000116397
2.14 -0.405399 -0.000115734
2.15 -0.402754 -0.000115
2.16 -0.400307 -0.000114321
2.17 -0.398559 -0.000113837
2.18 -0.397435 -0.000113525
2.19 -0.396431 -0.000113246
2.2 -0.395448 -0.000112974
2.21 -0.39483 -0.000112802
2.22 -0.394692 -0.000112764
2.23 -0.394756 -0.000112782
2.24 -0.394771 -0.000112786
2.25 -0.39478 -0.000112788
2.26 -0.394879 -0.000112816
2.27 -0.395156 -0.000112892
2.28 -0.395933 -0.000113108
2.29 -0.39751 -0.000113545
2.3 -0.39975 -0.000114167
2.31 -0.402278 -0.000114868
2.32 -0.404793 -0.000115566
2.33 -0.407042 -0.00011619
2.34 -0.408771 -0.000116669
2.35 -0.409813 -0.000116958
2.36 -0.410175 -0.000117059
2.37 -0.409908 -0.000116985
2.38 -0.409103 -0.000116761
2.39 -0.408226 -0.000116518
2.4 -0.407869 -0.000116419
2.41 -0.408135 -0.000116493
2.42 -0.408849 -0.000116691
2.43 -0.409823 -0.000116961
2.44 -0.410671 -0.000117196
2.45 -0.411009 -0.00011729
2.46 -0.410969 -0.000117279
2.47 -0.411075 -0.000117308
2.48 -0.411687 -0.000117478
2.49 -0.412736 -0.000117769
2.5 -0.413812 -0.000118068
2.51 -0.41449 -0.000118256
2.52 -0.414624 -0.000118293
2.53 -0.4143 -0.000118203
2.54 -0.413762 -0.000118054
2.55 -0.413377 -0.000117947
2.56 -0.41343 -0.000117962
2.57 -0.413991 -0.000118117
2.58 -0.414931 -0.000118378
2.59 -0.415941 -0.000118658
2.6 -0.416663 -0.000118858
2.61 -0.416985 -0.000118948
2.62 -0.417183 -0.000119003
2.63 -0.417677 -0.00011914
2.64 -0.418478 -0.000119362
2.65 -0.418881 -0.000119474
2.66 -0.418149 -0.000119271
2.67 -0.416399 -0.000118785
2.68 -0.414549 -0.000118272
2.69 -0.413508 -0.000117983
2.7 -0.413396 -0.000117952
2.71 -0.413651 -0.000118023
2.72 -0.413849 -0.000118078
2.73 -0.414256 -0.000118191
2.74 -0.415468 -0.000118527
2.75 -0.41763 -0.000119127
2.76 -0.420372 -0.000119887
2.77 -0.423263 -0.000120689
2.78 -0.426095 -0.000121475
2.79 -0.429055 -0.000122296
2.8 -0.432615 -0.000123284
2.81 -0.436828 -0.000124452
2.82 -0.441022 -0.000125616
2.83 -0.444452 -0.000126567
2.84 -0.446886 -0.000127242
2.85 -0.448665 -0.000127736
2.86 -0.450305 -0.00012819
2.87 -0.452144 -0.000128701
2.88 -0.45445 -0.00012934
2.89 -0.457418 -0.000130164
2.9 -0.460899 -0.000131129
2.91 -0.464506 -0.00013213
2.92 -0.468003 -0.0001331
2.93 -0.471287 -0.000134011
2.94 -0.474213 -0.000134822
2.95 -0.476673 -0.000135505
2.96 -0.478642 -0.000136051
2.97 -0.479955 -0.000136415
2.98 -0.48024 -0.000136494
2.99 -0.479349 -0.000136247
3 -0.477743 -0.000135802
3.01 -0.476262 -0.000135391
3.02 -0.47551 -0.000135182
3.03 -0.475534 -0.000135189
3.04 -0.475876 -0.000135284
3.05 -0.475863 -0.00013528
3.06 -0.475086 -0.000135065
3.07 -0.47372 -0.000134686
3.08 -0.47237 -0.000134311
3.09 -0.471458 -0.000134058
3.1 -0.470843 -0.000133888
3.11 -0.470377 -0.000133758
3.12 -0.470544 -0.000133805
3.13 -0.472144 -0.000134249
3.14 -0.475266 -0.000135115
3.15 -0.478887 -0.000136119
3.16 -0.481598 -0.000136871
3.17 -0.482386 -0.00013709
3.18 -0.481041 -0.000136717
3.19 -0.478418 -0.000135989
3.2 -0.475927 -0.000135298
3.21 -0.474323 -0.000134853
3.22 -0.473173 -0.000134534
3.23 -0.471587 -0.000134094
3.24 -0.469081 -0.000133399
3.25 -0.465717 -0.000132466
3.26 -0.462007 -0.000131436
3.27 -0.458931 -0.000130583
3.28 -0.457463 -0.000130176
3.29 -0.457728 -0.00013025
3.3 -0.458848 -0.00013056
3.31 -0.459706 -0.000130798
3.32 -0.459763 -0.000130814
3.33 -0.459024 -0.000130609
3.34 -0.457346 -0.000130144
3.35 -0.454474 -0.000129347
3.36 -0.450832 -0.000128337
3.37 -0.44758 -0.000127435
3.38 -0.445888 -0.000126965
3.39 -0.446282 -0.000127075
3.4 -0.448245 -0.000127619
3.41 -0.450336 -0.000128199
3.42 -0.451161 -0.000128428
3.43 -0.45043 -0.000128225
3.44 -0.448942 -0.000127812
3.45 -0.44771 -0.000127471
3.46 -0.447259 -0.000127345
3.47 -0.447508 -0.000127415
3.48 -0.448062 -0.000127568
3.49 -0.448499 -0.00012769
3.5 -0.448313 -0.000127638
3.51 -0.446902 -0.000127247
3.52 -0.444235 -0.000126507
3.53 -0.441158 -0.000125653
3.54 -0.438536 -0.000124926
3.55 -0.436354 -0.000124321
3.56 -0.433688 -0.000123581
3.57 -0.429518 -0.000122424
3.58 -0.423601 -0.000120783
3.59 -0.416606 -0.000118843
3.6 -0.409759 -0.000116943
3.61 -0.404224 -0.000115408
3.62 -0.400309 -0.000114322
3.63 -0.397226 -0.000113467
3.64 -0.393851 -0.00011253
3.65 -0.389635 -0.000111361
3.66 -0.384746 -0.000110005
3.67 -0.379512 -0.000108553
3.68 -0.374099 -0.000107051
3.69 -0.368749 -0.000105567
3.7 -0.363866 -0.000104213
3.71 -0.359763 -0.000103075
3.72 -0.356685 -0.000102221
3.73 -0.354806 -0.0001017
3.74 -0.353898 -0.000101448
3.75 -0.353426 -0.000101317
3.76 -0.353008 -0.000101201
3.77 -0.352587 -0.000101084
3.78 -0.352253 -0.000100991
3.79 -0.352055 -0.000100937
3.8 -0.352035 -0.000100931
3.81 -0.352218 -0.000100982
3.82 -0.352394 -0.000101031
3.83 -0.35221 -0.00010098
3.84 -0.351706 -0.00010084
3.85 -0.351358 -0.000100743
3.86 -0.351502 -0.000100783
3.87 -0.351974 -0.000100914
3.88 -0.352323 -0.000101011
3.89 -0.352227 -0.000100984
3.9 -0.351558 -0.000100799
3.91 -0.350067 -0.000100385
3.92 -0.34726 -9.96067e-005
3.93 -0.343013 -9.84286e-005
3.94 -0.338133 -9.70747e-005
3.95 -0.333752 -9.58596e-005
3.96 -0.33051 -9.49602e-005
3.97 -0.328594 -9.44287e-005
3.98 -0.3281 -9.42918e-005
3.99 -0.329051 -9.45557e-005
4 -0.330954 -9.50835e-005
4.01 -0.33264 -9.5551e-005
4.02 -0.333247 -9.57194e-005
4.03 -0.333032 -9.56598e-005
4.04 -0.332669 -9.55593e-005
4.05 -0.332579 -9.55341e-005
4.06 -0.333276 -9.57276e-005
4.07 -0.335301 -9.62891e-005
4.08 -0.338358 -9.71372e-005
4.09 -0.341307 -9.79553e-005
4.1 -0.343155 -9.84678e-005
4.11 -0.343575 -9.85843e-005
4.12 -0.342905 -9.83985e-005
4.13 -0.342134 -9.81845e-005
4.14 -0.342223 -9.82094e-005
4.15 -0.343299 -9.85077e-005
4.16 -0.344874 -9.89448e-005
4.17 -0.346462 -9.93853e-005
4.18 -0.347886 -9.97803e-005
4.19 -0.34933 -0.000100181
4.2 -0.351019 -0.000100649
4.21 -0.353081 -0.000101221
4.22 -0.355818 -0.00010198
4.23 -0.359441 -0.000102985
4.24 -0.363689 -0.000104164
4.25 -0.368413 -0.000105474
4.26 -0.373843 -0.00010698
4.27 -0.379976 -0.000108682
4.28 -0.386515 -0.000110496
4.29 -0.393163 -0.00011234
4.3 -0.39931 -0.000114045
4.31 -0.404122 -0.00011538
4.32 -0.407417 -0.000116294
4.33 -0.409897 -0.000116982
4.34 -0.412466 -0.000117694
4.35 -0.415756 -0.000118607
4.36 -0.420141 -0.000119823
4.37 -0.425695 -0.000121364
4.38 -0.432073 -0.000123133
4.39 -0.438411 -0.000124891
4.4 -0.443645 -0.000126343
4.41 -0.447403 -0.000127385
4.42 -0.450326 -0.000128196
4.43 -0.453544 -0.000129089
4.44 -0.458131 -0.000130361
4.45 -0.464462 -0.000132117
4.46 -0.471616 -0.000134102
4.47 -0.477975 -0.000135866
4.48 -0.482508 -0.000137123
4.49 -0.485032 -0.000137837
4.5 -0.485935 -0.0001381
4.51 -0.486029 -0.000138128
4.52 -0.48651 -0.000138268
4.53 -0.488155 -0.000138747
4.54 -0.490691 -0.000139486
4.55 -0.493448 -0.00014029
4.56 -0.495898 -0.000141005
4.57 -0.497666 -0.00014152
4.58 -0.498804 -0.000141852
4.59 -0.500096 -0.000142229
4.6 -0.502668 -0.00014298
4.61 -0.506958 -0.000144232
4.62 -0.512089 -0.000145731
4.63 -0.516854 -0.000147123
4.64 -0.521212 -0.000148397
4.65 -0.526218 -0.000149862
4.66 -0.532689 -0.000151756
4.67 -0.540376 -0.000154007
4.68 -0.548346 -0.000156344
4.69 -0.555829 -0.000158539
4.7 -0.562776 -0.000160579
4.71 -0.569729 -0.000162622
4.72 -0.576989 -0.000164757
4.73 -0.584179 -0.000166873
4.74 -0.590847 -0.000168837
4.75 -0.596937 -0.000170632
4.76 -0.60274 -0.000172344
4.77 -0.608864 -0.000174151
4.78 -0.615689 -0.000176167
4.79 -0.622627 -0.000178217
4.8 -0.628538 -0.000179965
4.81 -0.632787 -0.000181223
4.82 -0.635398 -0.000181995
4.83 -0.636897 -0.000182439
4.84 -0.638377 -0.000182878
4.85 -0.640909 -0.000183628
4.86 -0.644116 -0.000184578
4.87 -0.64623 -0.000185204
4.88 -0.646203 -0.000185197
4.89 -0.644688 -0.000184777
4.9 -0.643118 -0.000184341
4.91 -0.64225 -0.000184101
4.92 -0.642273 -0.000184107
4.93 -0.643397 -0.000184419
4.94 -0.645478 -0.000184996
4.95 -0.647331 -0.000185531
4.96 -0.64776 -0.000185658
4.97 -0.646433 -0.00018529
4.98 -0.643744 -0.000184544
4.99 -0.639886 -0.000183474
5 -0.635173 -0.000182166
5.01 -0.630742 -0.000180937
5.02 -0.627607 -0.000180068
5.03 -0.625545 -0.000179496
5.04 -0.623693 -0.000178982
5.05 -0.621336 -0.000178328
5.06 -0.617645 -0.000177304
5.07 -0.612052 -0.000175753
5.08 -0.60528 -0.000173874
5.09 -0.598891 -0.000172102
5.1 -0.593875 -0.000170711
5.11 -0.590496 -0.000169773
5.12 -0.588993 -0.000169356
5.13 -0.58917 -0.000169405
5.14 -0.589481 -0.000169492
5.15 -0.587903 -0.000169054
5.16 -0.583858 -0.000167932
5.17 -0.578305 -0.000166392
5.18 -0.572458 -0.00016477
5.19 -0.567467 -0.000163385
5.2 -0.564772 -0.000162638
5.21 -0.565392 -0.00016281
5.22 -0.568517 -0.000163677
5.23 -0.57192 -0.000164621
5.24 -0.573702 -0.000165115
5.25 -0.572954 -0.000164907
5.26 -0.569786 -0.000164028
5.27 -0.565323 -0.000162791
5.28 -0.560864 -0.000161554
5.29 -0.556941 -0.000160465
5.3 -0.553823 -0.000159601
5.31 -0.552119 -0.000159128
5.32 -0.551976 -0.000159088
5.33 -0.552582 -0.000159256
5.34 -0.552911 -0.000159348
5.35 -0.552597 -0.00015926
5.36 -0.551997 -0.000159094
5.37 -0.551152 -0.00015886
5.38 -0.549147 -0.000158304
5.39 -0.54526 -0.000157225
5.4 -0.540194 -0.00015582
5.41 -0.535535 -0.000154528
5.42 -0.532484 -0.000153681
5.43 -0.530955 -0.000153257
5.44 -0.529627 -0.000152889
5.45 -0.527275 -0.000152236
5.46 -0.523931 -0.000151309
5.47 -0.520551 -0.000150371
5.48 -0.518119 -0.000149697
5.49 -0.517212 -0.000149445
5.5 -0.517489 -0.000149522
5.51 -0.517654 -0.000149568
5.52 -0.516915 -0.000149362
5.53 -0.515735 -0.000149035
5.54 -0.514625 -0.000148727
5.55 -0.513564 -0.000148433
5.56 -0.512494 -0.000148136
5.57 -0.511167 -0.000147768
5.58 -0.508883 -0.000147134
5.59 -0.504884 -0.000146025
5.6 -0.498791 -0.000144335
5.61 -0.490712 -0.000142094
5.62 -0.481494 -0.000139537
5.63 -0.47296 -0.00013717
5.64 -0.467164 -0.000135562
5.65 -0.464901 -0.000134934
5.66 -0.465042 -0.000134973
5.67 -0.465306 -0.000135047
5.68 -0.464003 -0.000134685
5.69 -0.461271 -0.000133927
5.7 -0.4586 -0.000133186
5.71 -0.457283 -0.000132821
5.72 -0.457525 -0.000132888
5.73 -0.459036 -0.000133307
5.74 -0.462061 -0.000134146
5.75 -0.46756 -0.000135672
5.76 -0.476293 -0.000138094
5.77 -0.487946 -0.000141327
5.78 -0.501161 -0.000144993
5.79 -0.5138 -0.000148498
5.8 -0.523202 -0.000151106
5.81 -0.527449 -0.000152285
5.82 -0.527656 -0.000152342
5.83 -0.528207 -0.000152495
5.84 -0.533034 -0.000153834
5.85 -0.541885 -0.000156289
5.86 -0.551104 -0.000158846
5.87 -0.557208 -0.00016054
5.88 -0.558901 -0.000161009
5.89 -0.557097 -0.000160509
5.9 -0.553994 -0.000159648
5.91 -0.551443 -0.00015894
5.92 -0.550278 -0.000158617
5.93 -0.550739 -0.000158745
5.94 -0.552235 -0.00015916
5.95 -0.553034 -0.000159382
5.96 -0.550945 -0.000158802
5.97 -0.544652 -0.000157057
5.98 -0.534595 -0.000154267
5.99 -0.521967 -0.000150764
6 -0.506885 -0.00014658
6.01 -0.487997 -0.000141341
6.02 -0.463977 -0.000134678
6.03 -0.434512 -0.000126505
6.04 -0.400319 -0.00011702
6.05 -0.363494 -0.000106805
6.06 -0.327236 -9.67469e-005
6.07 -0.294769 -8.7741e-005
6.08 -0.268556 -8.04696e-005
6.09 -0.249382 -7.51507e-005
6.1 -0.23619 -7.14914e-005
6.11 -0.227586 -6.91049e-005
6.12 -0.223065 -6.78507e-005
6.13 -0.222758 -6.77655e-005
6.14 -0.227594 -6.91069e-005
6.15 -0.239444 -7.23941e-005
6.16 -0.259673 -7.80055e-005
6.17 -0.287854 -8.58225e-005
6.18 -0.321978 -9.52885e-005
6.19 -0.358624 -0.000105454
6.2 -0.393261 -0.000115062
6.21 -0.422493 -0.000123171
6.22 -0.446677 -0.000129879
6.23 -0.469556 -0.000136226
6.24 -0.49456 -0.000143162
6.25 -0.521455 -0.000150622
6.26 -0.545709 -0.00015735
6.27 -0.560349 -0.000161411
6.28 -0.560681 -0.000161503
6.29 -0.548021 -0.000157991
6.3 -0.529465 -0.000152844
6.31 -0.512652 -0.00014818
6.32 -0.499754 -0.000144602
6.33 -0.487268 -0.000141139
6.34 -0.469423 -0.000136189
6.35 -0.4422 -0.000128637
6.36 -0.406218 -0.000118656
6.37 -0.367835 -0.000108009
6.38 -0.33692 -9.94331e-005
6.39 -0.319346 -9.45584e-005
6.4 -0.312014 -9.25246e-005
6.41 -0.307235 -9.11987e-005
6.42 -0.299654 -8.9096e-005
6.43 -0.287396 -8.56957e-005
6.44 -0.270611 -8.10395e-005
6.45 -0.251501 -7.57387e-005
6.46 -0.233746 -7.08136e-005
6.47 -0.219475 -6.68547e-005
6.48 -0.207271 -6.34695e-005
6.49 -0.193867 -5.97515e-005
6.5 -0.177243 -5.51399e-005
6.51 -0.157606 -4.96929e-005
6.52 -0.136048 -4.37129e-005
6.53 -0.11232 -3.71307e-005
6.54 -0.0851188 -2.95854e-005
6.55 -0.0548044 -2.11764e-005
6.56 -0.0254637 -1.30375e-005
6.57 -0.00265129 -6.7095e-006
6.58 0.00856038 -3.42827e-006
6.59 0.00816422 -3.53816e-006
6.6 -0.00198711 -6.35459e-006
6.61 -0.0172703 -1.05981e-005
6.62 -0.0339606 -1.52323e-005
6.63 -0.0504311 -1.98054e-005
6.64 -0.0669332 -2.43873e-005
6.65 -0.0845772 -2.92863e-005
6.66 -0.103736 -3.46057e-005
6.67 -0.123549 -4.0107e-005
6.68 -0.143198 -4.55627e-005
6.69 -0.162961 -5.10501e-005
6.7 -0.183504 -5.6754e-005
6.71 -0.204084 -6.24683e-005
6.72 -0.221964 -6.74327e-005
6.73 -0.234706 -7.09707e-005
6.74 -0.242862 -7.32351e-005
6.75 -0.249311 -7.50257e-005
6.76 -0.2571 -7.71884e-005
6.77 -0.268482 -8.03487e-005
6.78 -0.28417 -8.47046e-005
6.79 -0.302638 -8.98326e-005
6.8 -0.320518 -9.4797e-005
6.81 -0.334509 -9.86818e-005
6.82 -0.343248 -0.000101108
6.83 -0.346823 -0.000102101
6.84 -0.345024 -0.000101602
6.85 -0.337481 -9.95094e-005
6.86 -0.325675 -9.62344e-005
6.87 -0.313013 -9.27222e-005
6.88 -0.301705 -8.95854e-005
6.89 -0.291186 -8.66675e-005
6.9 -0.279426 -8.34053e-005
6.91 -0.265828 -7.96333e-005
6.92 -0.252784 -7.6015e-005
6.93 -0.242725 -7.32248e-005
6.94 -0.234906 -7.10558e-005
6.95 -0.226129 -6.86211e-005
6.96 -0.214467 -6.53862e-005
6.97 -0.201533 -6.17983e-005
6.98 -0.191096 -5.89032e-005
6.99 -0.1864 -5.76006e-005
7 -0.189822 -5.85498e-005
7.01 -0.204135 -6.25201e-005
7.02 -0.232362 -7.03501e-005
7.03 -0.274251 -8.19698e-005
7.04 -0.324015 -9.5774e-005
7.05 -0.371301 -0.000108897
7.06 -0.407143 -0.000118849
7.07 -0.429726 -0.000125119
7.08 -0.443603 -0.000128972
7.09 -0.454652 -0.00013204
7.1 -0.466125 -0.000135226
7.11 -0.47873 -0.000138726
7.12 -0.492396 -0.00014252
7.13 -0.506366 -0.000146399
7.14 -0.518788 -0.000149848
7.15 -0.527732 -0.000152331
7.16 -0.532487 -0.000153652
7.17 -0.533677 -0.000153982
7.18 -0.53266 -0.0001537
7.19 -0.531249 -0.000153308
7.2 -0.531142 -0.000153279
7.21 -0.533483 -0.000153928
7.22 -0.539642 -0.000155638
7.23 -0.551145 -0.000158832
7.24 -0.567969 -0.000163504
7.25 -0.587758 -0.000168998
7.26 -0.607045 -0.000174353
7.27 -0.623672 -0.00017897
7.28 -0.637773 -0.000182885
7.29 -0.650809 -0.000186562
7.3 -0.664661 -0.000190673
7.31 -0.682897 -0.000196095
7.32 -0.708164 -0.000203626
7.33 -0.738656 -0.000212742
7.34 -0.766778 -0.000221177
7.35 -0.7842 -0.000226416
7.36 -0.787765 -0.00022749
7.37 -0.781381 -0.000225719
7.38 -0.771846 -0.000223074
7.39 -0.762831 -0.000220573
7.4 -0.754232 -0.000218188
7.41 -0.745844 -0.000215861
7.42 -0.739621 -0.000214135
7.43 -0.737653 -0.000213589
7.44 -0.73847 -0.000213816
7.45 -0.737007 -0.00021341
7.46 -0.72927 -0.000211264
7.47 -0.716468 -0.000207712
7.48 -0.704989 -0.000204528
7.49 -0.702812 -0.000203925
7.5 -0.715208 -0.000207363
7.51 -0.743078 -0.000215094
7.52 -0.784829 -0.000226675
7.53 -0.834096 -0.000241479
7.54 -0.890161 -0.000258506
7.55 -0.9483 -0.000276281
7.56 -1.00235 -0.000292916
7.57 -1.04601 -0.000306429
7.58 -1.07735 -0.000316174
7.59 -1.1013 -0.000323646
7.6 -1.12534 -0.000331168
7.61 -1.15256 -0.000339715
7.62 -1.17931 -0.000348138
7.63 -1.19888 -0.000354321
7.64 -1.20615 -0.000356621
7.65 -1.20079 -0.000355134
7.66 -1.18706 -0.000351324
7.67 -1.17154 -0.00034702
7.68 -1.15755 -0.000343139
7.69 -1.14341 -0.000339215
7.7 -1.12588 -0.000334353
7.71 -1.10498 -0.000328557
7.72 -1.08302 -0.000322465
7.73 -1.06114 -0.000316394
7.74 -1.03808 -0.000309998
7.75 -1.01289 -0.000303011
7.76 -0.986527 -0.000295698
7.77 -0.96059 -0.000288503
7.78 -0.935081 -0.000281427
7.79 -0.907756 -0.000273847
7.8 -0.876214 -0.000265097
7.81 -0.840532 -0.0002552
7.82 -0.804981 -0.000245338
7.83 -0.777628 -0.000237751
7.84 -0.766204 -0.000234582
7.85 -0.77327 -0.000236542
7.86 -0.795958 -0.000242835
7.87 -0.829307 -0.000252086
7.88 -0.868222 -0.000262881
7.89 -0.907672 -0.000273824
7.9 -0.942978 -0.000283617
7.91 -0.970565 -0.00029127
7.92 -0.98935 -0.000296481
7.93 -1.00252 -0.000300134
7.94 -1.01599 -0.000303869
7.95 -1.03365 -0.000308768
7.96 -1.05507 -0.00031471
7.97 -1.07655 -0.000320669
7.98 -1.09374 -0.000325438
7.99 -1.10383 -0.000328236
8 -1.10705 -0.00032913
8.01 -1.1048 -0.000328505
8.02 -1.09623 -0.000326128
8.03 -1.07878 -0.000321288
8.04 -1.05241 -0.000313973
8.05 -1.02163 -0.000305434
8.06 -0.991873 -0.00029718
8.07 -0.96433 -0.00028954
8.08 -0.936462 -0.00028181
8.09 -0.906099 -0.000273388
8.1 -0.874719 -0.000264683
8.11 -0.845415 -0.000256554
8.12 -0.820876 -0.000249747
8.13 -0.802867 -0.000244752
8.14 -0.791584 -0.000241622
8.15 -0.785009 -0.000239798
8.16 -0.779414 -0.000238246
8.17 -0.770709 -0.000235831
8.18 -0.75602 -0.000231757
8.19 -0.734282 -0.000225727
8.2 -0.705018 -0.000217609
8.21 -0.667252 -0.000207133
8.22 -0.619645 -0.000193927
8.23 -0.560731 -0.000177585
8.24 -0.489378 -0.000157792
8.25 -0.405827 -0.000134616
8.26 -0.312463 -0.000108717
8.27 -0.212144 -8.08895e-005
8.28 -0.106378 -5.15507e-005
8.29 -0.00184593 -2.19219e-005
8.3 0.101604 7.28994e-006
8.31 0.203933 3.56751e-005
8.32 0.304174 6.34812e-005
8.33 0.401417 9.04559e-005
8.34 0.495209 0.000116473
8.35 0.587062 0.000141953
8.36 0.673659 0.000165974
8.37 0.725972 0.000188292
8.38 0.720058 0.000209411
8.39 0.71461 0.000228868
8.4 0.70958 0.000246833
8.41 0.704984 0.000263249
8.42 0.700699 0.000278551
8.43 0.696499 0.000293551
8.44 0.692408 0.000308161
8.45 0.688368 0.000322591
8.46 0.684316 0.000337063
8.47 0.680215 0.000351707
8.48 0.67628 0.000365762
8.49 0.672417 0.000379558
8.5 0.668452 0.00039372
8.51 0.664244 0.000408747
8.52 0.659918 0.000424198
8.53 0.655798 0.00043891
8.54 0.652098 0.000452128
8.55 0.648768 0.00046402
8.56 0.645369 0.000476158
8.57 0.641565 0.000489743
8.58 0.636985 0.000506102
8.59 0.631654 0.00052514
8.6 0.625599 0.000546765
8.61 0.618794 0.00057107
8.62 0.61101 0.000598868
8.63 0.60208 0.000630761
8.64 0.591978 0.000666841
8.65 0.580905 0.000706387
8.66 0.568932 0.000749149
8.67 0.556365 0.00079403
8.68 0.543823 0.000838822
8.69 0.531865 0.000881528
8.7 0.520896 0.000920703
8.71 0.510857 0.000956558
8.72 0.501741 0.000989117
8.73 0.493891 0.00101715
8.74 0.487644 0.00103946
8.75 0.483001 0.00105604
8.76 0.479528 0.00106845
8.77 0.476731 0.00107844
8.78 0.474485 0.00108646
8.79 0.473138 0.00109127
8.8 0.473004 0.00109095
8.81 0.470233 0.00108444
8.82 0.464791 0.00107165
8.83 0.457155 0.0010537
8.84 0.448565 0.00103351
8.85 0.440521 0.0010146
8.86 0.434243 0.00099984
8.87 0.430225 0.000990395
8.88 0.427918 0.000984973
8.89 0.426045 0.000980569
8.9 0.423601 0.000974826
8.91 0.420063 0.000966509
8.92 0.415432 0.000955622
8.93 0.40979 0.000942361
8.94 0.403206 0.000926884
8.95 0.395639 0.000909097
8.96 0.387127 0.000889088
8.97 0.377688 0.000866901
8.98 0.367143 0.000842115
8.99 0.355511 0.000814771
9 0.343014 0.000785397
9.01 0.329822 0.000754386
9.02 0.315954 0.00072179
9.03 0.301447 0.000687689
9.04 0.286178 0.000651798
9.05 0.270365 0.000614627
9.06 0.254131 0.000576467
9.07 0.237751 0.000537965
9.08 0.221445 0.000499636
9.09 0.205283 0.000461645
9.1 0.189455 0.000424441
9.11 0.174043 0.000388212
9.12 0.159137 0.000353174
9.13 0.144932 0.000319784
9.14 0.131499 0.000288209
9.15 0.118643 0.000257988
9.16 0.105861 0.000227943
9.17 0.0925756 0.000196715
9.18 0.0787588 0.000164237
9.19 0.0650631 0.000132043
9.2 0.0525034 0.00010252
9.21 0.0408133 7.50417e-005
9.22 0.0299008 4.93908e-005
9.23 0.0195856 2.51436e-005
9.24 0.00924773 8.43453e-007
9.25 -0.00817074 -2.31686e-005
9.26 -0.0910419 -4.62353e-005
9.27 -0.172865 -6.90104e-005
9.28 -0.255564 -9.20292e-005
9.29 -0.34415 -0.000116686
9.3 -0.442702 -0.000144118
9.31 -0.549973 -0.000173976
9.32 -0.661501 -0.000205019
9.33 -0.777258 -0.00023724
9.34 -0.89831 -0.000270934
9.35 -1.02443 -0.000306038
9.36 -1.15518 -0.000342432
9.37 -1.27846 -0.000379612
9.38 -1.39723 -0.00041784
9.39 -1.51697 -0.000456991
9.4 -1.63903 -0.000497562
9.41 -1.76306 -0.000539508
9.42 -1.89 -0.000583228
9.43 -2.0235 -0.000630121
9.44 -2.16024 -0.000679183
9.45 -2.29155 -0.000727353
9.46 -2.4146 -0.000773483
9.47 -2.528 -0.00081691
9.48 -2.63283 -0.000857885
9.49 -2.72974 -0.000896509
9.5 -2.8188 -0.000932685
9.51 -2.89756 -0.000965239
9.52 -2.96325 -0.000992822
9.53 -3.01521 -0.00101493
9.54 -3.05634 -0.00103261
9.55 -3.09113 -0.0010477
9.56 -3.12286 -0.00106158
9.57 -3.15319 -0.00107494
9.58 -3.18233 -0.00108787
9.59 -3.21101 -0.00110069
9.6 -3.24023 -0.00111384
9.61 -3.26972 -0.00112722
9.62 -3.29692 -0.00113964
9.63 -3.31837 -0.00114951
9.64 -3.33322 -0.00115637
9.65 -3.34428 -0.0011615
9.66 -3.35543 -0.00116668
9.67 -3.36989 -0.00117343
9.68 -3.38723 -0.00118156
9.69 -3.40555 -0.00119019
9.7 -3.4237 -0.00119878
9.71 -3.44263 -0.00120778
9.72 -3.46316 -0.00121761
9.73 -3.48481 -0.00122804
9.74 -3.50741 -0.00123899
9.75 -3.53208 -0.00125103
9.76 -3.55957 -0.00126455
9.77 -3.588 -0.00127865
9.78 -3.61324 -0.00129127
9.79 -3.63207 -0.00130076
9.8 -3.64367 -0.00130663
9.81 -3.64899 -0.00130933
9.82 -3.6506 -0.00131014
9.83 -3.65126 -0.00131048
9.84 -3.65208 -0.0013109
9.85 -3.65263 -0.00131118
9.86 -3.6519 -0.00131097
9.87 -3.64907 -0.00131019
9.88 -3.64435 -0.00130888
9.89 -3.63766 -0.00130702
9.9 -3.62811 -0.00130438
9.91 -3.61513 -0.00130078
9.92 -3.60014 -0.00129662
9.93 -3.586 -0.00129269
9.94 -3.57483 -0.0012896
9.95 -3.56716 -0.00128747
9.96 -3.56263 -0.00128621
9.97 -3.56075 -0.00128569
9.98 -3.56081 -0.00128571
9.99 -3.56067 -0.00128567
10 -3.55512 -0.00128413
