0.1 -12.1889 3.06422e-014 -8.88178e-015 0.0825526 0.0825526
0.2 -24.3801 1.06137e-013 -4.13003e-014 0.165006 0.165006
0.3 -36.5737 1.92735e-013 -8.9706e-014 0.247358 0.247358
0.4 -48.7697 2.52243e-013 -1.08358e-013 0.329611 0.329611
0.5 -60.9682 3.39284e-013 -1.42997e-013 0.411762 0.411762
0.6 -73.169 4.40536e-013 -1.75859e-013 0.493811 0.493811
0.7 -85.3724 4.84945e-013 -2.00728e-013 0.575759 0.575759
0.8 -97.5783 6.57252e-013 -2.80664e-013 0.657604 0.657604
0.9 -109.787 8.08242e-013 -3.01981e-013 0.739345 0.739345
1 -121.998 8.11795e-013 -3.6593e-013 0.820984 0.820984
0.01 -121.998 6.44606e-005 -4.6952e-005 0.814368 0.814368
0.02 -121.999 2.5422e-005 -7.01586e-005 0.779298 0.779298
0.03 -122.001 8.6418e-005 -1.63931e-005 0.695434 0.695434
0.04 -122.002 2.49112e-005 3.01242e-005 0.57338 0.57338
0.05 -122.004 -5.28065e-005 -2.48324e-005 0.450804 0.450804
0.06 -122.005 6.58085e-005 -6.28255e-005 0.362203 0.362203
0.07 -122.006 -2.83407e-005 9.81377e-007 0.32192 0.32192
0.08 -122.006 3.2893e-005 -3.9927e-006 0.32864 0.32864
0.09 -122.006 -8.88434e-006 -7.25424e-006 0.375333 0.375333
0.1 -122.004 2.33411e-005 1.79364e-005 0.454443 0.454443
0.11 -122.002 -1.92776e-005 -2.0604e-005 0.558509 0.558509
0.12 -121.999 4.1088e-006 -1.60761e-005 0.679589 0.679589
0.13 -121.995 -1.18656e-005 -2.35139e-005 0.810228 0.810228
0.14 -121.99 -7.81673e-006 -5.09032e-005 0.944704 0.944704
0.15 -121.985 6.93896e-006 -3.95672e-005 1.07855 1.07855
0.16 -121.978 5.22043e-005 -0.000250888 1.20739 1.20739
0.17 -121.971 5.76158e-005 -9.20975e-005 1.32701 1.32701
0.18 -121.964 8.29014e-007 0.000108454 1.4359 1.4359
0.19 -121.956 -3.46359e-005 -0.000118045 1.53871 1.53871
0.2 -121.949 0.000140495 0.000135476 1.64788 1.64788
0.21 -121.941 7.02306e-005 4.19544e-005 1.78134 1.78134
0.22 -121.932 2.65288e-005 -0.000450802 1.95605 1.95605
0.23 -121.923 4.58801e-005 -0.00026615 2.18057 2.18057
0.24 -121.913 0.000133666 0.000126109 2.45087 2.45087
0.25 -121.902 0.000100458 -2.2583e-005 2.75182 2.75182
0.26 -121.89 0.000103107 0.000111535 3.06297 3.06297
0.27 -121.876 0.000100982 6.09142e-005 3.3657 3.3657
0.28 -121.861 0.000129039 -0.000375004 3.64963 3.64963
0.29 -121.844 0.000116086 -0.000209964 3.91569 3.91569
0.3 -121.827 0.000266375 -0.000629706 4.17316 4.17316
0.31 -121.807 0.000142326 -0.000269341 4.43372 4.43372
0.32 -121.787 -0.000119663 0.000303914 4.70707 4.70707
0.33 -121.765 4.6195e-005 -0.000115407 4.9981 4.9981
0.34 -121.743 -1.70435e-005 4.61827e-005 5.30611 5.30611
0.35 -121.721 6.6157e-006 -1.50423e-005 5.62726 5.62726
0.36 -121.698 -2.4066e-006 5.48449e-006 5.95854 5.95854
0.37 -121.674 9.47694e-007 -2.20224e-006 6.2988 6.2988
0.38 -121.651 5.14852e-008 3.4203e-006 6.64476 6.64476
0.39 -121.627 -2.92882e-007 7.49823e-007 6.98582 6.98582
0.4 -121.603 2.62228e-007 3.46926e-006 7.3039 7.3039
0.41 -121.579 0.000155721 -0.000249296 7.58091 7.58091
0.42 -121.555 9.51077e-005 -0.000154062 7.80823 7.80823
0.43 -121.53 0.000138123 -0.000390662 7.98989 7.98989
0.44 -121.506 0.000123271 -0.000303489 8.13757 8.13757
0.45 -121.481 -4.63416e-005 0.000115272 8.26479 8.26479
0.46 -121.457 1.78159e-005 -4.39099e-005 8.38573 8.38573
0.47 -121.433 -5.63392e-006 1.60851e-005 8.51601 8.51601
0.48 -121.41 5.22357e-006 -6.87993e-006 8.6705 8.6705
0.49 -121.387 2.59388e-006 9.22213e-007 8.85801 8.85801
0.5 -121.364 -0.000254292 0.000284179 9.07775 9.07775
0.51 -121.343 -0.000150545 0.000169851 9.32154 9.32154
0.52 -121.322 5.03703e-005 -5.44991e-005 9.57854 9.57854
0.53 -121.303 -2.23989e-005 2.47832e-005 9.83725 9.83725
0.54 -121.285 7.52212e-006 -4.07653e-006 10.0866 10.0866
0.55 -121.268 -4.39516e-006 4.97324e-006 10.3201 10.3201
0.56 -121.253 1.563e-006 5.35611e-007 10.5406 10.5406
0.57 -121.239 -9.70259e-006 1.03123e-005 10.7558 10.7558
0.58 -121.227 6.99941e-006 -2.71959e-006 10.9683 10.9683
0.59 -121.216 -2.20308e-006 1.4197e-006 11.1728 11.1728
0.6 -121.207 8.61459e-007 -1.77364e-007 11.3659 11.3659
0.61 -121.2 -2.86931e-005 0.000164778 11.5562 11.5562
0.62 -121.195 -1.74084e-005 0.000101845 11.7628 11.7628
0.63 -121.191 0.000613404 -0.00077394 12.0005 12.0005
0.64 -121.188 0.000373257 -0.000446983 12.2709 12.2709
0.65 -121.187 -0.000142937 0.000170266 12.5634 12.5634
0.66 -121.188 5.84366e-005 -6.54404e-005 12.8609 12.8609
0.67 -121.189 -1.60726e-005 2.70607e-005 13.1472 13.1472
0.68 -121.191 -0.000252734 0.000472556 13.4129 13.4129
0.69 -121.195 -0.00016186 0.000303159 13.6546 13.6546
0.7 -121.199 -1.32122e-006 0.000136502 13.8697 13.8697
0.71 -121.204 -6.2582e-005 0.00019596 14.0573 14.0573
0.72 -121.208 -0.000247375 0.0003025 14.2237 14.2237
0.73 -121.212 -0.000175986 0.00026156 14.3848 14.3848
0.74 -121.215 0.000134925 -0.000192707 14.5549 14.5549
0.75 -121.217 1.72904e-005 -2.30968e-005 14.7317 14.7317
0.76 -121.218 -3.75774e-005 -2.83723e-006 14.8926 14.8926
0.77 -121.219 6.83984e-005 -2.62181e-005 15.0119 15.0119
0.78 -121.219 -1.02277e-005 2.24214e-005 15.0809 15.0809
0.79 -121.22 -5.08978e-007 -1.14817e-005 15.1104 15.1104
0.8 -121.221 -8.99982e-006 -4.09118e-006 15.1144 15.1144
0.81 -121.222 3.16014e-005 -7.23169e-005 15.0971 15.0971
0.82 -121.224 4.06477e-005 -6.49503e-005 15.0547 15.0547
0.83 -121.226 -0.000311109 0.000350238 14.9871 14.9871
0.84 -121.227 -0.000220671 0.000190536 14.9 14.9
0.85 -121.228 0.000502279 -0.000310958 14.7958 14.7958
0.86 -121.229 0.00022883 -0.000120972 14.669 14.669
0.87 -121.231 0.000199221 -4.8661e-005 14.5065 14.5065
0.88 -121.235 0.000219236 -7.42482e-005 14.288 14.288
0.89 -121.239 -2.06314e-005 1.78728e-005 13.9913 13.9913
0.9 -121.246 -6.79117e-005 -3.97059e-005 13.6096 13.6096
0.91 -121.256 0.000142915 4.09617e-006 13.162 13.162
0.92 -121.268 0.000193336 5.95869e-005 12.6772 12.6772
0.93 -121.286 0.000213399 1.66978e-005 12.161 12.161
0.94 -121.309 -0.000101966 -2.46972e-005 11.5882 11.5882
0.95 -121.337 0.000150642 7.12664e-005 10.9383 10.9383
0.96 -121.369 6.45209e-005 2.37656e-005 10.2419 10.2419
0.97 -121.404 5.35745e-005 9.60733e-005 9.57836 9.57836
0.98 -121.442 7.44003e-005 6.86282e-005 9.01723 9.01723
0.99 -121.48 -1.51972e-005 -2.54508e-005 8.56547 8.56547
1 -121.52 5.75165e-005 3.93144e-006 8.17732 8.17732
1.01 -121.56 -6.69695e-005 1.5109e-005 7.80795 7.80795
1.02 -121.599 7.64559e-005 -1.54363e-005 7.44894 7.44894
1.03 -121.638 -6.73986e-005 2.95759e-005 7.11464 7.11464
1.04 -121.677 8.25394e-005 -5.95265e-005 6.8026 6.8026
1.05 -121.718 -2.41445e-005 0.000112346 6.47467 6.47467
1.06 -121.762 -1.96332e-005 0.000268616 6.08096 6.08096
1.07 -121.809 5.49308e-005 0.000228384 5.60124 5.60124
1.08 -121.858 -0.000713069 -0.000153606 5.06392 5.06392
1.09 -121.909 -0.000643214 0.000127021 4.52898 4.52898
1.1 -121.961 1.6275e-005 0.000100399 4.04837 4.04837
1.11 -122.013 -0.000482309 -0.000298035 3.63175 3.63175
1.12 -122.066 -0.000281051 -0.000152351 3.24675 3.24675
1.13 -122.118 5.93878e-005 -1.1526e-006 2.85608 2.85608
1.14 -122.169 -3.50185e-005 -2.19615e-005 2.45902 2.45902
1.15 -122.216 1.7256e-005 -1.8064e-005 2.10217 2.10217
1.16 -122.26 -5.92779e-006 1.38823e-005 1.84908 1.84908
1.17 -122.301 -4.20883e-005 1.66238e-005 1.72689 1.72689
1.18 -122.34 1.19047e-005 1.06478e-005 1.68591 1.68591
1.19 -122.379 2.92984e-005 1.95197e-005 1.61109 1.61109
1.2 -122.419 -2.51495e-005 -1.13178e-005 1.3896 1.3896
1.21 -122.46 4.31507e-006 -3.91324e-005 0.982457 0.982457
1.22 -122.5 1.29998e-006 1.51915e-006 0.439686 0.439686
1.23 -122.54 1.34371e-005 3.51286e-005 -0.144023 -0.144023
1.24 -122.578 4.76727e-006 -2.69671e-005 -0.685225 -0.685225
1.25 -122.614 -0.000277229 -0.000285026 -1.14027 -1.14027
1.26 -122.648 -0.000216519 -0.000148742 -1.5044 -1.5044
1.27 -122.683 9.55617e-005 8.39179e-005 -1.79821 -1.79821
1.28 -122.718 -2.82472e-005 -1.86676e-005 -2.05576 -2.05576
1.29 -122.755 1.39928e-005 3.07375e-005 -2.3153 -2.3153
1.3 -122.793 -1.7588e-005 -1.47394e-005 -2.61206 -2.61206
1.31 -122.832 -8.72491e-006 -9.80451e-006 -2.97369 -2.97369
1.32 -122.873 -5.01257e-006 -1.60178e-005 -3.41314 -3.41314
1.33 -122.912 1.99645e-005 -1.30919e-005 -3.91904 -3.91904
1.34 -122.948 -2.14956e-006 -3.25021e-006 -4.45445 -4.45445
1.35 -122.981 1.97815e-005 4.98604e-006 -4.97697 -4.97697
1.36 -123.012 6.07348e-006 6.51326e-006 -5.47704 -5.47704
1.37 -123.042 1.77517e-005 -3.56128e-006 -5.99852 -5.99852
1.38 -123.071 1.54983e-007 2.90585e-005 -6.60094 -6.60094
1.39 -123.099 -7.17618e-006 3.71459e-005 -7.28421 -7.28421
1.4 -123.124 4.26686e-005 -6.35668e-006 -7.94991 -7.94991
1.41 -123.146 0.000165116 7.21197e-005 -8.45624 -8.45624
1.42 -123.166 9.03111e-005 5.2085e-005 -8.74036 -8.74036
1.43 -123.185 -0.000219119 0.000490105 -8.88921 -8.88921
1.44 -123.206 -9.45232e-005 0.000337391 -9.07056 -9.07056
1.45 -123.227 4.21959e-005 -0.000119099 -9.38895 -9.38895
1.46 -123.244 0.000372958 -0.00111745 -9.80912 -9.80912
1.47 -123.256 0.000207667 -0.00067311 -10.212 -10.212
1.48 -123.263 -9.81629e-005 0.000334875 -10.5231 -10.5231
1.49 -123.265 5.21491e-005 -0.000118742 -10.7926 -10.7926
1.5 -123.262 1.45356e-005 7.16913e-005 -11.15 -11.15
1.51 -123.254 -1.68031e-005 3.17684e-005 -11.6832 -11.6832
1.52 -123.243 -4.14611e-006 2.05721e-005 -12.3628 -12.3628
1.53 -123.233 5.27534e-006 8.25311e-006 -13.079 -13.079
1.54 -123.225 0.00018304 -5.17015e-006 -13.736 -13.736
1.55 -123.221 2.37951e-005 -2.389e-005 -14.3036 -14.3036
1.56 -123.22 -4.42978e-006 7.97632e-006 -14.7901 -14.7901
1.57 -123.222 -1.49918e-005 -1.3363e-005 -15.1963 -15.1963
1.58 -123.227 7.49324e-006 6.20094e-006 -15.5018 -15.5018
1.59 -123.23 4.10146e-005 4.20224e-005 -15.6748 -15.6748
1.6 -123.23 1.97691e-005 1.51995e-005 -15.69 -15.69
1.61 -123.225 -5.11292e-006 -1.07562e-005 -15.5639 -15.5639
1.62 -123.215 0.000170691 -0.000116135 -15.3905 -15.3905
1.63 -123.204 9.20581e-005 -1.36582e-005 -15.3077 -15.3077
1.64 -123.192 6.54268e-005 -5.21297e-005 -15.3683 -15.3683
1.65 -123.181 0.000135681 -8.08426e-005 -15.4491 -15.4491
1.66 -123.176 -5.13863e-005 3.06175e-005 -15.3405 -15.3405
1.67 -123.179 1.94615e-005 -1.15957e-005 -14.9479 -14.9479
1.68 -123.194 -7.37063e-006 4.39164e-006 -14.3861 -14.3861
1.69 -123.222 2.79147e-006 -1.66324e-006 -13.864 -13.864
1.7 -123.258 -5.24282e-006 -9.73026e-007 -13.493 -13.493
1.71 -123.3 -2.25407e-006 -3.29138e-006 -13.224 -13.224
1.72 -123.344 4.32767e-006 2.07569e-005 -12.9372 -12.9372
1.73 -123.387 -0.000432345 0.00119857 -12.5473 -12.5473
1.74 -123.424 3.36371e-005 -6.71094e-005 -12.0187 -12.0187
1.75 -123.45 0.000153177 0.000850516 -11.3256 -11.3256
1.76 -123.466 -5.00679e-005 0.000143249 -10.433 -10.433
1.77 -123.469 1.38068e-005 -5.27416e-006 -9.3178 -9.3178
1.78 -123.461 -2.12723e-005 0.000238882 -8.00681 -8.00681
1.79 -123.444 5.07511e-005 -3.04516e-005 -6.6004 -6.6004
1.8 -123.422 -7.74532e-005 0.000140016 -5.24539 -5.24539
1.81 -123.394 0.000112312 6.62245e-005 -4.04638 -4.04638
1.82 -123.358 -1.40928e-005 -2.16108e-005 -2.98621 -2.98621
1.83 -123.312 -0.000126594 -0.000144727 -1.95141 -1.95141
1.84 -123.252 0.00020765 0.000205778 -0.855868 -0.855868
1.85 -123.18 9.76814e-005 -3.78619e-006 0.25159 0.25159
1.86 -123.097 5.0262e-005 0.000105515 1.19376 1.19376
1.87 -123.006 -1.50105e-005 -1.17176e-005 1.78458 1.78458
1.88 -122.91 5.68493e-006 4.43779e-006 1.97341 1.97341
1.89 -122.813 -2.15305e-006 -1.68072e-006 1.89928 1.89928
1.9 -122.717 8.15423e-007 6.36539e-007 1.80156 1.80156
1.91 -122.62 -3.08824e-007 -2.41076e-007 1.85586 1.85586
1.92 -122.518 5.77188e-005 -3.40773e-005 2.07331 2.07331
1.93 -122.409 0.000432019 -0.000273586 2.33416 2.33416
1.94 -122.291 0.000230508 -0.000147506 2.5027 2.5027
1.95 -122.16 -8.73002e-005 5.5865e-005 2.5169 2.5169
1.96 -122.018 3.30632e-005 -2.11577e-005 2.39873 2.39873
1.97 -121.87 -1.2522e-005 8.01305e-006 2.2148 2.2148
1.98 -121.719 4.74244e-006 -3.03478e-006 2.03398 2.03398
1.99 -121.571 -1.7961e-006 1.14936e-006 1.89955 1.89955
2 -121.429 6.80237e-007 -4.35296e-007 1.8194 1.8194
2.01 -121.298 -2.57626e-007 1.64859e-007 1.76578 1.76578
2.02 -121.181 9.75704e-008 -6.2437e-008 1.67671 1.67671
2.03 -121.084 -3.69527e-008 2.36467e-008 1.46968 1.46968
2.04 -121.008 1.39951e-008 -8.95571e-009 1.08365 1.08365
2.05 -120.951 -2.42554e-005 2.12756e-006 0.5433 0.5433
2.06 -120.907 -3.86724e-005 4.11441e-007 -0.00523616 -0.00523616
2.07 -120.87 -3.27908e-006 -7.98738e-007 -0.348506 -0.348506
2.08 -120.834 -1.80213e-005 -7.07768e-006 -0.331952 -0.331952
2.09 -120.793 8.94132e-006 -7.92668e-006 0.0503959 0.0503959
2.1 -120.746 3.51564e-005 1.36865e-005 0.691089 0.691089
2.11 -120.693 -2.56921e-005 -4.94828e-005 1.49291 1.49291
2.12 -120.636 -0.000102491 -9.92115e-005 2.45288 2.45288
2.13 -120.579 -3.4529e-005 -1.08513e-005 3.63458 3.63458
2.14 -120.524 8.23196e-006 -4.45012e-005 5.08047 5.08047
2.15 -120.472 0.000139647 0.00021408 6.75192 6.75192
2.16 -120.425 8.26663e-005 -6.29618e-005 8.53497 8.53497
2.17 -120.383 6.15913e-005 3.28164e-005 10.2995 10.2995
2.18 -120.344 1.97751e-005 3.15579e-005 11.9709 11.9709
2.19 -120.305 -1.76247e-006 -2.56399e-005 13.5644 13.5644
2.2 -120.265 1.52464e-005 2.56453e-005 15.1535 15.1535
2.21 -120.225 -7.09185e-006 1.50424e-005 16.7978 16.7978
2.22 -120.185 -8.3639e-006 -7.61074e-005 18.489 18.489
2.23 -120.145 4.24992e-005 4.07518e-005 20.1517 20.1517
2.24 -120.104 1.12312e-006 1.10215e-005 21.6948 21.6948
2.25 -120.059 -7.58249e-006 -1.09806e-005 23.0732 23.0732
2.26 -120.008 -1.29687e-005 -2.07133e-005 24.3147 24.3147
2.27 -119.948 -0.000108218 -0.000111357 25.4962 25.4962
2.28 -119.879 -5.67329e-005 6.27261e-006 26.6951 26.6951
2.29 -119.803 5.23015e-005 9.55113e-005 27.9447 27.9447
2.3 -119.72 8.50598e-006 7.58126e-007 29.2104 29.2104
2.31 -119.634 6.39773e-006 3.70394e-006 30.3958 30.3958
2.32 -119.547 6.14121e-006 4.68256e-006 31.3712 31.3712
2.33 -119.465 0.000211171 0.000297625 32.0061 32.0061
2.34 -119.389 -0.000239194 -0.000487833 32.2041 32.2041
2.35 -119.323 -0.000204575 -0.000407588 31.9372 31.9372
2.36 -119.267 7.74786e-005 0.000154365 31.2573 31.2573
2.37 -119.223 -2.93434e-005 -5.84627e-005 30.2651 30.2651
2.38 -119.191 1.11132e-005 2.21415e-005 29.0503 29.0503
2.39 -119.171 -4.2089e-006 -8.38565e-006 27.654 27.654
2.4 -119.166 1.59403e-006 3.17589e-006 26.0725 26.0725
2.41 -119.178 -6.03707e-007 -1.2028e-006 24.2715 24.2715
2.42 -119.211 2.28641e-007 4.55537e-007 22.196 22.196
2.43 -119.264 -8.65933e-008 -1.72525e-007 19.8135 19.8135
2.44 -119.333 3.27953e-008 6.53404e-008 17.1894 17.1894
2.45 -119.411 -1.24206e-008 -2.47463e-008 14.5138 14.5138
2.46 -119.495 4.70401e-009 9.37217e-009 12.0132 12.0132
2.47 -119.583 -1.78167e-009 -3.54948e-009 9.81121 9.81121
2.48 -119.677 6.74671e-010 1.34429e-009 7.86781 7.86781
2.49 -119.778 -2.55556e-010 -5.09115e-010 6.04598 6.04598
2.5 -119.887 9.67884e-011 1.92793e-010 4.22954 4.22954
2.51 -120.005 -3.66285e-011 -7.30331e-011 2.39143 2.39143
2.52 -120.131 1.38662e-011 2.7681e-011 0.594523 0.594523
2.53 -120.264 -5.24736e-012 -1.04965e-011 -1.04174 -1.04174
2.54 -120.405 1.89715e-012 3.97904e-012 -2.39316 -2.39316
2.55 -120.553 -1.84818e-005 2.1122e-005 -3.38733 -3.38733
2.56 -120.711 7.00589e-006 -8.00673e-006 -4.03237 -4.03237
2.57 -120.878 -2.92151e-005 3.33887e-005 -4.39565 -4.39565
2.58 -121.053 1.10646e-005 -1.26453e-005 -4.54661 -4.54661
2.59 -121.231 -4.19049e-006 4.78913e-006 -4.51206 -4.51206
2.6 -121.407 1.58706e-006 -1.81378e-006 -4.28411 -4.28411
2.61 -121.579 -6.01067e-007 6.86933e-007 -3.85648 -3.85648
2.62 -121.742 2.27641e-007 -2.60162e-007 -3.23257 -3.23257
2.63 -121.896 -8.62145e-008 9.85309e-008 -2.40943 -2.40943
2.64 -122.041 3.2652e-008 -3.73165e-008 -1.39886 -1.39886
2.65 -122.178 -1.23663e-008 1.41327e-008 -0.293528 -0.293528
2.66 -122.309 4.68347e-009 -5.35238e-009 0.713596 0.713596
2.67 -122.435 -1.77372e-009 2.02697e-009 1.43589 1.43589
2.68 -122.554 6.71665e-010 -7.67557e-010 1.85929 1.85929
2.69 -122.666 -2.5439e-010 2.90605e-010 2.19386 2.19386
2.7 -122.773 9.62537e-011 -1.10125e-010 2.72433 2.72433
2.71 -122.873 1.75839e-007 1.85318e-006 3.57645 3.57645
2.72 -122.972 1.45348e-005 8.31938e-005 4.60176 4.60176
2.73 -123.07 8.17468e-006 2.24085e-005 5.47564 5.47564
2.74 -123.167 5.66821e-006 1.17199e-005 5.93021 5.93021
2.75 -123.258 -1.39171e-005 6.79976e-005 5.93696 5.93696
2.76 -123.34 -0.000296962 0.000399897 5.68431 5.68431
2.77 -123.408 -0.000206947 0.000147938 5.37884 5.37884
2.78 -123.46 -0.000143232 9.79915e-005 5.08312 5.08312
2.79 -123.492 -2.28184e-005 8.69791e-006 4.74358 4.74358
2.8 -123.505 -4.08764e-006 1.14118e-005 4.31051 4.31051
2.81 -123.501 1.16638e-005 -7.75562e-006 3.75989 3.75989
2.82 -123.485 -0.000530435 0.000707605 3.0123 3.0123
2.83 -123.462 -0.000324157 0.000411459 1.90873 1.90873
2.84 -123.433 0.000122768 -0.000155832 0.319101 0.319101
2.85 -123.401 -4.64957e-005 5.9018e-005 -1.72806 -1.72806
2.86 -123.365 1.76093e-005 -2.23519e-005 -4.04019 -4.04019
2.87 -123.325 8.36485e-005 -1.51591e-005 -6.37355 -6.37355
2.88 -123.28 0.000206319 -0.000101086 -8.54849 -8.54849
2.89 -123.231 0.000438967 -0.000359885 -10.5075 -10.5075
2.9 -123.18 8.22856e-005 -2.88465e-005 -12.3201 -12.3201
2.91 -123.129 -4.16585e-006 1.34196e-005 -14.1189 -14.1189
2.92 -123.077 0.000116838 -2.65014e-005 -15.9713 -15.9713
2.93 -123.02 -1.88715e-005 -1.25857e-005 -17.7883 -17.7883
2.94 -122.957 5.05452e-005 8.38683e-006 -19.3809 -19.3809
2.95 -122.889 -1.93148e-006 4.54512e-005 -20.6158 -20.6158
2.96 -122.815 2.13951e-005 5.63899e-005 -21.5092 -21.5092
2.97 -122.739 3.5969e-005 6.998e-005 -22.1895 -22.1895
2.98 -122.663 9.22116e-005 0.000117885 -22.8137 -22.8137
2.99 -122.593 0.00012361 7.74171e-005 -23.5137 -23.5137
3 -122.536 -3.01981e-005 -2.63916e-005 -24.3579 -24.3579
3.01 -122.496 -8.69258e-006 -2.62225e-005 -25.3061 -25.3061
3.02 -122.478 6.70529e-005 -2.26112e-006 -26.2046 -26.2046
3.03 -122.487 -9.38584e-005 -6.25694e-005 -26.8625 -26.8625
3.04 -122.523 6.25275e-005 -1.46063e-005 -27.1674 -27.1674
3.05 -122.585 -7.19193e-005 -6.95035e-005 -27.1387 -27.1387
3.06 -122.668 -1.83548e-006 -5.02548e-005 -26.8713 -26.8713
3.07 -122.768 -1.91323e-006 -5.75208e-005 -26.4539 -26.4539
3.08 -122.884 3.72811e-006 -6.06725e-005 -25.9579 -25.9579
3.09 -123.014 -1.0681e-005 -3.19459e-005 -25.4705 -25.4705
3.1 -123.156 -7.28366e-005 -6.01795e-005 -25.086 -25.086
3.11 -123.304 -1.9808e-005 -2.80508e-005 -24.8493 -24.8493
3.12 -123.457 1.47881e-005 -6.69871e-007 -24.708 -24.708
3.13 -123.615 -0.000104842 -3.6419e-006 -24.5332 -24.5332
3.14 -123.78 8.54627e-005 -3.8464e-005 -24.2059 -24.2059
3.15 -123.951 -0.000100987 6.8125e-005 -23.6854 -23.6854
3.16 -124.127 -7.88354e-005 0.000110094 -23.0064 -23.0064
3.17 -124.305 0.000476206 0.000192047 -22.2246 -22.2246
3.18 -124.48 0.000339162 -0.000396964 -21.3706 -21.3706
3.19 -124.647 0.00020015 -0.000339525 -20.4434 -20.4434
3.2 -124.803 0.000443446 0.000105305 -19.4467 -19.4467
3.21 -124.946 0.00013718 8.1669e-005 -18.4402 -18.4402
3.22 -125.073 8.03222e-005 8.24087e-005 -17.5675 -17.5675
3.23 -125.181 -7.72863e-006 2.03659e-005 -17.0222 -17.0222
3.24 -125.268 -5.82886e-005 8.51552e-005 -16.949 -16.949
3.25 -125.33 -0.000110854 0.00020685 -17.3458 -17.3458
3.26 -125.363 -4.16363e-005 6.95538e-005 -18.0324 -18.0324
3.27 -125.365 -3.89627e-005 -6.24422e-005 -18.6881 -18.6881
3.28 -125.332 0.000153088 -0.000500365 -18.9442 -18.9442
3.29 -125.264 0.000410662 -0.000419746 -18.5296 -18.5296
3.3 -125.161 0.000160428 7.49221e-005 -17.4199 -17.4199
3.31 -125.027 1.08943e-005 1.50184e-006 -15.8903 -15.8903
3.32 -124.866 0.000226599 0.000331482 -14.4138 -14.4138
3.33 -124.685 -8.58197e-005 -0.000125542 -13.4587 -13.4587
3.34 -124.491 3.25024e-005 4.75464e-005 -13.3102 -13.3102
3.35 -124.285 -1.23096e-005 -1.80072e-005 -14.006 -14.006
3.36 -124.071 4.66202e-006 6.81986e-006 -15.3731 -15.3731
3.37 -123.852 -0.00010072 0.000166027 -17.1022 -17.1022
3.38 -123.63 -8.04067e-005 0.000115447 -18.8386 -18.8386
3.39 -123.411 -5.61608e-005 0.000101749 -20.2951 -20.2951
3.4 -123.201 -7.6504e-005 0.000121648 -21.3499 -21.3499
3.41 -123.003 2.89743e-005 -4.60718e-005 -22.0646 -22.0646
3.42 -122.82 -1.09734e-005 1.74487e-005 -22.6034 -22.6034
3.43 -122.652 -7.768e-005 0.000202783 -23.1105 -23.1105
3.44 -122.499 -0.000249329 0.000318498 -23.6331 -23.6331
3.45 -122.361 7.11922e-005 -0.000151111 -24.1445 -24.1445
3.46 -122.237 6.25265e-006 8.22011e-005 -24.6356 -24.6356
3.47 -122.127 3.04529e-006 -2.52919e-005 -25.1772 -25.1772
3.48 -122.032 -2.37696e-006 1.02862e-005 -25.8921 -25.8921
3.49 -121.955 5.3144e-006 1.5447e-005 -26.8716 -26.8716
3.5 -121.9 1.36181e-006 -3.58756e-006 -28.1076 -28.1076
3.51 -121.869 3.77538e-006 1.18378e-005 -29.4749 -29.4749
3.52 -121.864 -3.04187e-005 1.96705e-005 -30.752 -30.752
3.53 -121.884 6.23937e-005 -4.34336e-005 -31.6549 -31.6549
3.54 -121.926 -3.49431e-005 3.61345e-005 -31.8931 -31.8931
3.55 -121.984 9.37207e-006 0.000151703 -31.2657 -31.2657
3.56 -122.049 -7.93984e-006 8.36734e-005 -29.76 -29.76
3.57 -122.11 -6.35167e-005 -1.33924e-005 -27.5807 -27.5807
3.58 -122.16 -6.92898e-005 6.12586e-005 -25.0792 -25.0792
3.59 -122.199 9.17589e-005 -2.22588e-005 -22.6246 -22.6246
3.6 -122.228 9.43092e-005 -5.44711e-005 -20.4903 -20.4903
3.61 -122.251 -1.84253e-005 1.25074e-005 -18.7869 -18.7869
3.62 -122.271 5.76088e-005 -5.63507e-005 -17.4407 -17.4407
3.63 -122.285 2.66665e-005 -2.68299e-005 -16.233 -16.233
3.64 -122.29 -2.51926e-006 1.29329e-005 -14.9076 -14.9076
3.65 -122.284 9.54116e-007 -4.89806e-006 -13.2936 -13.2936
3.66 -122.27 -3.61352e-007 1.85504e-006 -11.3625 -11.3625
3.67 -122.251 1.36855e-007 -7.02558e-007 -9.19524 -9.19524
3.68 -122.231 -5.18308e-008 2.66079e-007 -6.91599 -6.91599
3.69 -122.211 1.96299e-008 -1.00772e-007 -4.63549 -4.63549
3.7 -122.188 -7.4344e-009 3.81653e-008 -2.3876 -2.3876
3.71 -122.153 2.81565e-009 -1.44543e-008 -0.0916832 -0.0916832
3.72 -122.099 -1.06637e-009 5.47429e-009 2.39454 2.39454
3.73 -122.021 4.03883e-010 -2.07329e-009 5.15181 5.15181
3.74 -121.921 -1.52859e-010 7.85255e-010 8.09086 8.09086
3.75 -121.805 5.79607e-011 -2.9738e-010 10.9406 10.9406
3.76 -121.683 -2.19984e-011 1.12591e-010 13.3743 13.3743
3.77 -121.559 8.22453e-012 -4.26628e-011 15.1953 15.1953
3.78 -121.438 -2.86704e-012 1.6124e-011 16.4232 16.4232
3.79 -121.322 1.14753e-012 -6.08047e-012 17.227 17.227
3.8 -121.211 -4.86722e-013 2.31992e-012 17.7984 17.7984
3.81 -121.103 1.20792e-013 -7.88702e-013 18.2538 18.2538
3.82 -121.002 -1.06581e-014 2.57572e-013 18.5741 18.5741
3.83 -120.915 -7.81597e-014 -9.76996e-014 18.5802 18.5802
3.84 -120.846 1.03029e-013 2.66454e-014 18.0183 18.0183
3.85 -120.794 3.01981e-014 -5.32907e-014 16.793 16.793
3.86 -120.751 -6.39488e-014 1.29674e-013 15.1617 15.1617
3.87 -120.709 -2.84217e-014 -8.17124e-014 13.6249 13.6249
3.88 -120.663 1.3145e-013 8.17124e-014 12.5748 12.5748
3.89 -120.607 -1.06581e-013 -9.59233e-014 12.0613 12.0613
3.9 -120.537 1.24345e-013 1.5099e-013 11.8708 11.8708
3.91 -120.449 -8.88178e-014 -1.75859e-013 11.7519 11.7519
3.92 -120.343 1.24345e-013 9.76996e-014 11.529 11.529
3.93 -120.221 -1.06581e-014 3.55271e-015 11.068 11.068
3.94 -120.089 -1.1191e-013 -7.10543e-015 10.2496 10.2496
3.95 -119.956 1.38556e-013 4.26326e-014 9.02068 9.02068
3.96 -119.831 1.03029e-013 5.32907e-015 7.42703 7.42703
3.97 -119.722 -1.95399e-014 -5.15143e-014 5.57777 5.57777
3.98 -119.636 -1.59872e-014 3.37508e-014 3.6102 3.6102
3.99 -119.578 -4.08562e-014 -5.32907e-014 1.68682 1.68682
4 -119.552 1.42109e-014 -5.32907e-015 -0.02156 -0.02156
4.01 -119.555 8.88178e-015 5.68434e-014 -1.38673 -1.38673
4.02 -119.58 -8.34888e-014 -3.90799e-014 -2.35314 -2.35314
4.03 -119.618 8.52651e-014 2.66454e-014 -2.89125 -2.89125
4.04 -119.658 -9.76996e-014 2.30926e-014 -2.93033 -2.93033
4.05 -119.691 8.17124e-014 -3.73035e-014 -2.38664 -2.38664
4.06 -119.713 2.66454e-014 2.66454e-014 -1.2743 -1.2743
4.07 -119.726 -5.50671e-014 -3.73035e-014 0.227465 0.227465
4.08 -119.74 -1.03029e-013 2.84217e-014 1.80443 1.80443
4.09 -119.768 -3.01981e-014 1.77636e-015 3.086 3.086
4.1 -119.828 -1.42109e-014 -5.32907e-015 3.73353 3.73353
4.11 -119.933 6.21725e-014 -3.55271e-014 3.54202 3.54202
4.12 -120.094 -6.57252e-014 -3.90799e-014 2.5367 2.5367
4.13 -120.313 5.68434e-014 2.66454e-014 1.00617 1.00617
4.14 -120.586 1.59872e-014 7.10543e-015 -0.57432 -0.57432
4.15 -120.9 -1.77636e-015 3.19744e-014 -1.70634 -1.70634
4.16 -121.238 7.63833e-014 -5.68434e-014 -2.02409 -2.02409
4.17 -121.582 -7.63833e-014 5.86198e-014 -1.36943 -1.36943
4.18 -121.914 9.41469e-014 -4.61853e-014 0.210745 0.210745
4.19 -122.225 -3.01981e-014 6.39488e-014 2.49815 2.49815
4.2 -122.51 2.74044e-007 3.47526e-006 5.13643 5.13643
4.21 -122.769 -6.28842e-006 0.000225085 7.6915 7.6915
4.22 -123.004 -0.00010429 0.00040961 9.77404 9.77404
4.23 -123.218 -0.000170961 0.000242838 11.1639 11.1639
4.24 -123.413 5.75722e-005 9.29324e-005 11.8294 11.8294
4.25 -123.592 5.47127e-005 7.86653e-005 11.8423 11.8423
4.26 -123.763 -1.47356e-005 1.9012e-005 11.2974 11.2974
4.27 -123.928 -2.54923e-005 5.8325e-005 10.3061 10.3061
4.28 -124.091 -1.1088e-005 2.3775e-005 9.02913 9.02913
4.29 -124.25 4.77602e-005 3.781e-005 7.67805 7.67805
4.3 -124.401 -2.89592e-005 7.04506e-005 6.45574 6.45574
4.31 -124.535 5.64326e-006 -7.1269e-006 5.48406 5.48406
4.32 -124.639 -0.000104991 1.51075e-006 4.78206 4.78206
4.33 -124.705 0.000156388 -2.54521e-005 4.28442 4.28442
4.34 -124.731 -8.46191e-005 6.31259e-006 3.8382 3.8382
4.35 -124.723 -0.000108452 -1.04287e-005 3.17267 3.17267
4.36 -124.687 0.000259628 -4.45052e-005 1.9273 1.9273
4.37 -124.633 9.82969e-005 -2.72849e-005 -0.203665 -0.203665
4.38 -124.566 0.00013734 1.00936e-005 -3.30025 -3.30025
4.39 -124.49 0.000335806 0.000180609 -7.18584 -7.18584
4.4 -124.41 0.000410015 0.000219795 -11.5732 -11.5732
4.41 -124.331 0.000126183 2.98276e-005 -16.2332 -16.2332
4.42 -124.258 3.13144e-005 2.30979e-005 -21.0225 -21.0225
4.43 -124.198 -8.65846e-006 3.49484e-005 -25.789 -25.789
4.44 -124.16 -6.18422e-006 -9.57049e-005 -30.3104 -30.3104
4.45 -124.148 0.000209704 4.3379e-007 -34.3588 -34.3588
4.46 -124.167 0.000159353 -6.53473e-005 -37.8178 -37.8178
4.47 -124.213 7.55545e-005 -5.99185e-006 -40.7203 -40.7203
4.48 -124.281 6.48856e-005 -6.49535e-005 -43.1755 -43.1755
4.49 -124.367 -3.0142e-006 1.33835e-006 -45.3015 -45.3015
4.5 -124.471 0.000195821 -4.82789e-005 -47.245 -47.245
4.51 -124.594 0.00016973 -8.57153e-006 -49.207 -49.207
4.52 -124.736 -3.0052e-005 9.08868e-005 -51.3642 -51.3642
4.53 -124.897 0.00015342 6.50955e-005 -53.746 -53.746
4.54 -125.078 9.37628e-005 2.83343e-005 -56.2242 -56.2242
4.55 -125.277 8.74903e-005 -9.06488e-005 -58.6214 -58.6214
4.56 -125.495 4.86119e-005 -4.93683e-005 -60.7807 -60.7807
4.57 -125.731 1.70984e-006 2.74947e-007 -62.5273 -62.5273
4.58 -125.983 0.000148794 -6.7421e-005 -63.6315 -63.6315
4.59 -126.253 0.00141583 0.000886106 -63.8591 -63.8591
4.6 -126.542 0.000549125 0.000782359 -63.052 -63.052
4.61 -126.845 0.000132044 -0.00012027 -61.1656 -61.1656
4.62 -127.153 0.000414422 0.000204224 -58.2867 -58.2867
4.63 -127.453 -7.55403e-005 0.00013838 -54.6495 -54.6495
4.64 -127.733 0.000161277 9.0713e-005 -50.5903 -50.5903
4.65 -127.985 0.000112364 3.81504e-006 -46.4071 -46.4071
4.66 -128.198 0.000192017 -5.2688e-005 -42.2141 -42.2141
4.67 -128.366 2.24828e-005 -3.7587e-005 -37.9322 -37.9322
4.68 -128.485 0.000276552 -0.000149682 -33.44 -33.44
4.69 -128.556 -8.07728e-005 0.000223574 -28.7539 -28.7539
4.7 -128.585 0.000175315 -0.000244724 -24.0696 -24.0696
4.71 -128.579 7.22098e-005 0.000149963 -19.6397 -19.6397
4.72 -128.547 8.32707e-005 -2.50927e-005 -15.6227 -15.6227
4.73 -128.492 1.15421e-005 -4.44645e-005 -12.0148 -12.0148
4.74 -128.414 3.93623e-005 -0.000154056 -8.66508 -8.66508
4.75 -128.31 3.14778e-006 -5.01659e-005 -5.35569 -5.35569
4.76 -128.178 -4.1691e-005 6.96773e-005 -1.92764 -1.92764
4.77 -128.016 2.34489e-005 7.95927e-005 1.61544 1.61544
4.78 -127.822 -9.57892e-006 2.41287e-005 5.09259 5.09259
4.79 -127.594 0.000249609 4.9609e-005 8.2114 8.2114
4.8 -127.33 -1.26881e-005 0.000164255 10.6638 10.6638
4.81 -127.029 -0.00136279 0.0014437 12.2197 12.2197
4.82 -126.689 0.000798542 -0.000494328 12.8115 12.8115
4.83 -126.312 0.00122495 -0.00106003 12.5648 12.5648
4.84 -125.906 -0.000463926 0.000401464 11.7014 11.7014
4.85 -125.484 0.000175702 -0.000152046 10.3644 10.3644
4.86 -125.06 -6.65436e-005 5.75844e-005 8.55724 8.55724
4.87 -124.635 2.5202e-005 -2.18089e-005 6.27462 6.27462
4.88 -124.208 -9.84868e-006 8.52562e-006 3.68052 3.68052
4.89 -123.782 3.48272e-006 -3.01255e-006 1.13676 1.13676
4.9 -123.361 -1.42177e-006 1.17947e-006 -0.966854 -0.966854
4.91 -122.95 2.79556e-007 -3.4961e-007 -2.42344 -2.42344
4.92 -122.547 -1.05876e-007 1.32408e-007 -3.24321 -3.24321
4.93 -122.148 3.14777e-008 -4.26036e-008 -3.49045 -3.49045
4.94 -121.747 -4.94628e-008 4.89838e-008 -3.14596 -3.14596
4.95 -121.337 1.87331e-008 -1.85516e-008 -2.16707 -2.16707
4.96 -120.916 -7.09474e-009 7.02603e-009 -0.64591 -0.64591
4.97 -120.485 -1.76662e-008 1.5148e-008 1.13722 1.13722
4.98 -120.056 -1.12177e-007 9.82724e-008 2.82479 2.82479
4.99 -119.635 -6.36111e-007 4.73875e-007 4.17743 4.17743
5 -119.226 -7.57371e-007 6.54377e-007 5.25625 5.25625
5.01 -118.828 8.78e-008 -2.03598e-008 6.48737 6.48737
5.02 -118.445 -3.32524e-008 7.71083e-009 8.49796 8.49796
5.03 -118.08 -4.42657e-007 4.44005e-007 11.7682 11.7682
5.04 -117.738 -1.75385e-005 -0.000141116 16.377 16.377
5.05 -117.419 -2.16236e-005 -0.000173901 22.0735 22.0735
5.06 -117.122 -0.000120878 -0.00034511 28.5651 28.5651
5.07 -116.837 -0.00016443 -0.000297142 35.7275 35.7275
5.08 -116.554 -0.000460226 -0.000732451 43.6051 43.6051
5.09 -116.265 -0.000480566 -0.000573126 52.2751 52.2751
5.1 -115.96 9.62625e-005 0.000252125 61.7095 61.7095
5.11 -115.635 0.000224769 -0.000299946 71.7164 71.7164
5.12 -115.29 0.000310191 -0.000414211 81.9762 81.9762
5.13 -114.932 -5.1574e-005 -0.000180086 92.1444 92.1444
5.14 -114.566 0.000220569 -0.0003335 101.95 101.95
5.15 -114.197 0.000257388 -0.000293779 111.226 111.226
5.16 -113.83 -0.000153391 -0.000142713 119.896 119.896
5.17 -113.467 -3.24463e-006 -0.000208502 128.009 128.009
5.18 -113.106 -8.06172e-005 -0.000150561 135.779 135.779
5.19 -112.742 -4.76273e-006 -4.07608e-005 143.519 143.519
5.2 -112.372 -0.000177397 -0.000134503 151.472 151.472
5.21 -111.998 9.95269e-005 -0.000192522 159.644 159.644
5.22 -111.628 8.4331e-005 -0.00083389 167.689 167.689
5.23 -111.268 0.000408714 -0.00051336 174.907 174.907
5.24 -110.929 0.000406997 0.000367746 180.425 180.425
5.25 -110.615 -0.000546535 -0.00160768 183.532 183.532
5.26 -110.33 -6.53086e-005 -0.00127378 183.956 183.956
5.27 -110.071 2.2306e-005 0.000487551 181.887 181.887
5.28 -109.839 -8.52894e-006 -0.000173264 177.787 177.787
5.29 -109.629 4.6257e-006 7.10098e-005 172.159 172.159
5.3 -109.441 -3.69985e-006 -2.33322e-005 165.452 165.452
5.31 -109.274 -2.39463e-007 1.5597e-005 158.097 158.097
5.32 -109.133 -1.40104e-007 -5.29154e-006 150.523 150.523
5.33 -109.029 4.36998e-008 2.01342e-006 143.059 143.059
5.34 -108.973 -2.21053e-007 8.06596e-007 135.787 135.787
5.35 -108.981 -1.5212e-006 3.50152e-006 128.51 128.51
5.36 -109.066 -1.54498e-007 -1.57159e-007 120.842 120.842
5.37 -109.238 -3.97864e-007 7.02477e-007 112.373 112.373
5.38 -109.492 -5.19367e-007 1.17089e-006 102.838 102.838
5.39 -109.818 -7.9678e-007 1.15741e-006 92.2381 92.2381
5.4 -110.211 -1.62983e-007 -3.16933e-008 80.7948 80.7948
5.41 -110.672 6.17266e-008 1.20031e-008 68.8044 68.8044
5.42 -111.202 -4.70427e-007 5.06362e-007 56.5755 56.5755
5.43 -111.798 -2.11295e-007 2.2621e-007 44.5415 44.5415
5.44 -112.45 -3.54362e-008 1.53543e-008 33.3523 33.3523
5.45 -113.152 -1.90037e-007 2.66358e-007 23.7136 23.7136
5.46 -113.905 -3.628e-007 4.2884e-007 16.0515 16.0515
5.47 -114.713 1.14008e-007 -1.35675e-007 10.3349 10.3349
5.48 -115.576 5.3926e-006 -1.68299e-006 6.21946 6.21946
5.49 -116.494 -4.00925e-006 3.07235e-006 3.32423 3.32423
5.5 -117.461 1.64364e-008 1.26331e-006 1.38585 1.38585
5.51 -118.463 1.76307e-005 -1.26332e-005 0.256395 0.256395
5.52 -119.481 -5.74494e-006 3.66769e-006 -0.129744 -0.129744
5.53 -120.495 2.15324e-006 -3.9209e-007 0.247885 0.247885
5.54 -121.487 0.000533229 -0.00044696 1.48598 1.48598
5.55 -122.44 0.00114003 -0.00101483 3.71567 3.71567
5.56 -123.34 0.000353388 -0.000167568 7.09645 7.09645
5.57 -124.174 -0.000108835 0.000854915 11.8289 11.8289
5.58 -124.935 -0.00116723 0.00228931 18.0503 18.0503
5.59 -125.622 -0.000479331 0.00136621 25.6123 25.6123
5.6 -126.234 -8.13978e-005 0.000410113 33.9754 33.9754
5.61 -126.771 0.000427413 0.000181723 42.3868 42.3868
5.62 -127.23 0.000774481 -0.000176673 50.194 50.194
5.63 -127.612 0.000133737 0.000149068 57.0058 57.0058
5.64 -127.923 0.000102401 5.88616e-005 62.63 62.63
5.65 -128.161 -2.00938e-005 9.55446e-006 66.9529 66.9529
5.66 -128.319 -3.81687e-007 1.91683e-005 69.9016 69.9016
5.67 -128.388 -0.000623949 0.00104387 71.4457 71.4457
5.68 -128.362 -0.000329861 0.000728248 71.557 71.557
5.69 -128.243 0.000178228 -0.000217204 70.1626 70.1626
5.7 -128.039 3.3636e-005 0.000174078 67.175 67.175
5.71 -127.762 2.18819e-005 -4.66228e-005 62.5761 62.5761
5.72 -127.426 -9.34224e-006 1.85738e-005 56.4299 56.4299
5.73 -127.049 3.48629e-006 -7.02674e-006 48.7829 48.7829
5.74 -126.652 -2.04266e-006 3.37058e-006 39.5593 39.5593
5.75 -126.262 -7.42427e-008 -5.64753e-007 28.5898 28.5898
5.76 -125.9 -9.96613e-007 8.04026e-007 15.7889 15.7889
5.77 -125.583 -5.69286e-007 4.1605e-007 1.33616 1.33616
5.78 -125.319 0.00359466 0.00138229 -14.2908 -14.2908
5.79 -125.113 0.00436407 0.0038924 -30.4377 -30.4377
5.8 -124.956 -0.000779971 -0.00025813 -46.4496 -46.4496
5.81 -124.832 0.000654935 0.000524826 -61.807 -61.807
5.82 -124.735 -0.000318386 -0.000768918 -76.1691 -76.1691
5.83 -124.669 -0.000371171 -0.000393131 -89.3203 -89.3203
5.84 -124.648 7.99879e-005 -5.88648e-005 -101.102 -101.102
5.85 -124.692 0.000416848 0.000261195 -111.461 -111.461
5.86 -124.819 0.00119147 0.000688275 -120.595 -120.595
5.87 -125.042 -0.000216822 -0.000319929 -128.945 -128.945
5.88 -125.368 9.61154e-005 -0.000344885 -136.905 -136.905
5.89 -125.793 0.000493392 0.000180169 -144.469 -144.469
5.9 -126.31 0.000341484 -0.000449846 -151.141 -151.141
5.91 -126.907 0.000407764 -0.000347475 -156.196 -156.196
5.92 -127.569 0.000265428 -0.000324742 -159.032 -159.032
5.93 -128.276 -5.1365e-005 -4.4659e-005 -159.358 -159.358
5.94 -129.011 0.000137694 0.000173862 -157.224 -157.224
5.95 -129.758 0.00073696 0.000142985 -152.991 -152.991
5.96 -130.498 0.000357172 -4.97736e-005 -147.218 -147.218
5.97 -131.216 -0.000152439 0.000147925 -140.455 -140.455
5.98 -131.899 -7.03318e-006 9.53623e-005 -133.051 -133.051
5.99 -132.54 0.000970822 0.000287233 -125.139 -125.139
6 -133.127 0.000894813 0.000511984 -116.765 -116.765
6.01 -133.642 -0.00108507 -0.000170882 -108.031 -108.031
6.02 -134.06 -0.00108738 -0.000140756 -99.1625 -99.1625
6.03 -134.367 5.44695e-005 0.000720031 -90.5311 -90.5311
6.04 -134.556 -0.000524391 0.000895341 -82.6603 -82.6603
6.05 -134.625 -0.00135455 0.000855005 -76.1012 -76.1012
6.06 -134.576 -0.000295649 0.00080502 -71.134 -71.134
6.07 -134.41 -0.000251938 0.000438442 -67.5344 -67.5344
6.08 -134.13 -0.000750879 -1.34084e-005 -64.6753 -64.6753
6.09 -133.738 -3.43434e-005 8.18209e-005 -61.9225 -61.9225
6.1 -133.234 0.000262909 -5.93272e-006 -59.0281 -59.0281
6.11 -132.621 0.000382638 -0.00024295 -56.2629 -56.2629
6.12 -131.913 0.000345839 -7.71201e-005 -54.2534 -54.2534
6.13 -131.124 0.00025913 0.00015399 -53.6909 -53.6909
6.14 -130.277 -0.000159011 0.00027018 -55.0765 -55.0765
6.15 -129.398 -0.000376385 3.87516e-005 -58.5815 -58.5815
6.16 -128.516 5.86267e-005 -4.65964e-005 -64.0641 -64.0641
6.17 -127.66 -2.22036e-005 1.76474e-005 -71.2161 -71.2161
6.18 -126.86 8.40917e-006 -6.68359e-006 -79.721 -79.721
6.19 -126.151 -3.1848e-006 2.53127e-006 -89.3466 -89.3466
6.2 -125.57 1.20618e-006 -9.58667e-007 -100.01 -100.01
6.21 -125.159 0.000169127 0.000148749 -111.789 -111.789
6.22 -124.957 0.00024527 0.000226741 -124.745 -124.745
6.23 -124.994 0.000700751 0.000593471 -138.558 -138.558
6.24 -125.282 0.00334521 0.00419788 -152.314 -152.314
6.25 -125.811 0.0145348 0.00979719 -164.771 -164.771
6.26 -126.562 0.00226317 -0.00153414 -174.997 -174.997
6.27 -127.496 -0.00335912 -0.000499967 -182.888 -182.888
6.28 -128.567 -0.00251626 -0.00277801 -189.146 -189.146
6.29 -129.748 0.00114491 -0.00119668 -194.755 -194.755
6.3 -131.027 0.000676897 -0.00150594 -200.362 -200.362
6.31 -132.398 -0.00131727 -0.000413153 -205.985 -205.985
6.32 -133.845 1.87043e-005 -0.00116068 -211.124 -211.124
6.33 -135.325 0.000329771 -0.00058807 -215.044 -215.044
6.34 -136.771 0.00281422 0.00261425 -216.973 -216.973
6.35 -138.108 -0.00112815 -0.00164839 -216.218 -216.218
6.36 -139.265 0.00372404 -0.00593229 -212.307 -212.307
6.37 -140.197 0.00425856 0.00397358 -205.079 -205.079
6.38 -140.897 0.000837467 0.00648111 -194.588 -194.588
6.39 -141.354 0.000626261 0.00229606 -180.957 -180.957
6.4 -141.543 -0.000442943 0.00131285 -164.486 -164.486
6.41 -141.437 0.000283582 0.000181729 -145.887 -145.887
6.42 -141.014 0.000152572 -0.000342134 -126.379 -126.379
6.43 -140.279 0.000843144 2.68869e-005 -107.578 -107.578
6.44 -139.257 0.00214269 0.00178831 -91.2829 -91.2829
6.45 -138.005 -0.000625431 0.000769904 -79.1437 -79.1437
6.46 -136.591 -0.00116642 -0.000678805 -72.164 -72.164
6.47 -135.077 0.000441757 0.000257084 -70.2954 -70.2954
6.48 -133.505 -0.000167306 -9.73651e-005 -72.4719 -72.4719
6.49 -131.897 6.33639e-005 3.6875e-005 -77.0835 -77.0835
6.5 -130.268 0.000454286 0.000468084 -82.5505 -82.5505
6.51 -128.638 0.00018199 8.50601e-005 -87.6556 -87.6556
6.52 -127.033 0.00175158 0.00177346 -91.563 -91.563
6.53 -125.481 0.00058356 7.08436e-005 -93.7343 -93.7343
6.54 -124.007 0.000915813 0.000543505 -93.9341 -93.9341
6.55 -122.63 0.00061998 0.000736389 -92.2526 -92.2526
6.56 -121.366 0.0007584 0.000515255 -89.0245 -89.0245
6.57 -120.234 -0.000634081 -8.24266e-005 -84.7086 -84.7086
6.58 -119.255 -0.000265987 0.000186334 -79.8337 -79.8337
6.59 -118.464 0.000604555 -0.00052888 -74.9981 -74.9981
6.6 -117.9 -0.00174097 0.00136813 -70.8188 -70.8188
6.61 -117.59 -0.00132907 0.00110634 -67.7359 -67.7359
6.62 -117.542 0.000584789 -0.000643541 -65.7003 -65.7003
6.63 -117.736 0.000877826 -0.00117791 -63.96 -63.96
6.64 -118.129 0.000790051 -0.000909671 -61.1648 -61.1648
6.65 -118.667 -0.000402276 0.000255037 -55.8165 -55.8165
6.66 -119.291 9.9915e-005 -0.000179539 -46.8816 -46.8816
6.67 -119.941 -4.24491e-005 6.31506e-005 -34.2239 -34.2239
6.68 -120.566 0.000136921 8.24358e-005 -18.5932 -18.5932
6.69 -121.124 -0.00399812 -0.00124841 -1.2332 -1.2332
6.7 -121.59 -0.00231461 -0.000774819 16.5716 16.5716
6.71 -121.944 -0.00162016 -0.000998696 33.6952 33.6952
6.72 -122.175 0.000494903 -0.00030052 49.1115 49.1115
6.73 -122.275 -0.00135983 -0.000598583 61.9164 61.9164
6.74 -122.231 -0.00273146 -0.00273607 71.6719 71.6719
6.75 -122.026 -0.00210761 -0.00132622 78.8649 78.8649
6.76 -121.633 -8.93301e-005 0.000492631 85.0171 85.0171
6.77 -121.033 2.31746e-006 -0.000166216 92.1906 92.1906
6.78 -120.222 -8.77691e-007 6.29508e-005 102.159 102.159
6.79 -119.203 3.32407e-007 -2.38413e-005 115.807 115.807
6.8 -117.987 -1.25892e-007 9.02941e-006 133.063 133.063
6.81 -116.591 0.00165639 -0.00200041 153.184 153.184
6.82 -115.044 0.00819725 -0.00945675 175.066 175.066
6.83 -113.376 0.0181509 -0.0275715 197.412 197.412
6.84 -111.631 0.00576419 -0.00784667 218.807 218.807
6.85 -109.851 -0.00714746 -0.00130729 237.837 237.837
6.86 -108.064 0.0027502 -6.69388e-005 253.24 253.24
6.87 -106.331 -0.00325869 -0.00528326 264.083 264.083
6.88 -104.703 0.00465492 -0.000128867 269.901 269.901
6.89 -103.229 0.00216534 -0.00483604 270.712 270.712
6.9 -101.945 0.00326386 -0.00514565 266.949 266.949
6.91 -100.878 0.00277691 -0.00274094 259.43 259.43
6.92 -100.042 -0.00126325 0.000240041 249.403 249.403
6.93 -99.424 0.000476751 -9.15415e-005 238.558 238.558
6.94 -98.9894 -0.000161127 2.11188e-005 228.813 228.813
6.95 -98.6846 -0.00190691 -0.00316377 221.751 221.751
6.96 -98.4548 0.00140989 0.00321294 218.006 218.006
6.97 -98.2537 -0.00424239 -0.0050849 217.165 217.165
6.98 -98.0329 -0.00307921 -0.00246853 218.337 218.337
6.99 -97.749 -0.00112249 0.000467118 220.937 220.937
7 -97.3683 -0.00658772 -0.00626766 225.07 225.07
7.01 -96.8785 -0.00151376 0.00447841 231.312 231.312
7.02 -96.2851 -0.00294655 -0.00175731 240.251 240.251
7.03 -95.6132 0.00381731 0.00638264 252.201 252.201
7.04 -94.8847 -0.00237362 -0.00202979 267.041 267.041
7.05 -94.1241 0.00245097 -0.000190617 284.022 284.022
7.06 -93.36 0.00534122 0.00352057 301.725 301.725
7.07 -92.6223 -0.00603195 -0.00368452 318.467 318.467
7.08 -91.9458 -0.00206288 -0.00106466 332.943 332.943
7.09 -91.3517 -0.000826585 -0.00274672 344.561 344.561
7.1 -90.8601 -0.00276215 -0.00285107 353.265 353.265
7.11 -90.4721 0.000993709 0.000975218 359.189 359.189
7.12 -90.1781 -0.000393348 -0.000385919 362.565 362.565
7.13 -89.9729 0.000240767 0.000174784 363.748 363.748
7.14 -89.8501 -4.70568e-006 -0.000125374 363.164 363.164
7.15 -89.8098 1.17934e-005 4.15378e-005 361.203 361.203
7.16 -89.854 -4.72356e-005 -7.8312e-005 358.177 358.177
7.17 -89.9855 -2.8001e-005 -9.179e-005 354.346 354.346
7.18 -90.2082 4.40885e-005 -3.69622e-005 349.853 349.853
7.19 -90.5267 1.74532e-005 -8.26373e-005 344.555 344.555
7.2 -90.9455 -6.76963e-006 -0.000117224 337.956 337.956
7.21 -91.475 1.77573e-005 -3.51793e-005 329.381 329.381
7.22 -92.1375 0.000129604 9.0899e-005 318.283 318.283
7.23 -92.9696 4.6386e-005 7.7569e-006 304.489 304.489
7.24 -94.0127 0.00021869 0.000108674 288.273 288.273
7.25 -95.2991 2.91428e-005 0.000167419 270.229 270.229
7.26 -96.8418 0.000348883 -5.06889e-005 251.071 251.071
7.27 -98.6309 -2.11972e-005 0.000123784 231.461 231.461
7.28 -100.634 0.000323561 -4.46249e-005 211.974 211.974
7.29 -102.797 -0.000117148 2.69583e-005 193.145 193.145
7.3 -105.058 6.0202e-005 1.25841e-005 175.504 175.504
7.31 -107.359 -1.45625e-005 -3.71817e-006 159.486 159.486
7.32 -109.659 7.00189e-006 6.80404e-005 145.243 145.243
7.33 -111.923 -0.00025072 0.00143949 132.492 132.492
7.34 -114.116 -0.000680719 0.00169877 120.491 120.491
7.35 -116.199 -0.000192253 0.000873997 108.228 108.228
7.36 -118.149 -0.000819769 0.0016151 94.847 94.847
7.37 -119.958 -0.000520298 0.00131915 80.1332 80.1332
7.38 -121.628 0.000251758 0.000140392 64.7485 64.7485
7.39 -123.158 -0.000347717 0.000521594 50.0111 50.0111
7.4 -124.534 -0.000333625 0.000408584 37.3612 37.3612
7.41 -125.735 -0.000188857 0.0002017 27.9014 27.9014
7.42 -126.737 -2.76286e-005 2.06021e-005 22.2487 22.2487
7.43 -127.517 -2.82248e-005 -2.96548e-006 20.5675 20.5675
7.44 -128.049 -2.64022e-007 2.49547e-006 22.5614 22.5614
7.45 -128.3 9.9993e-008 -9.45107e-007 27.4323 27.4323
7.46 -128.244 1.83763e-005 1.17918e-005 33.9514 33.9514
7.47 -127.869 5.40386e-005 4.10876e-005 40.69 40.69
7.48 -127.194 4.63158e-006 6.62829e-006 46.272 46.272
7.49 -126.263 6.50437e-007 1.29328e-006 49.5346 49.5346
7.5 -125.126 0.000132843 0.000138626 49.6933 49.6933
7.51 -123.842 5.73537e-005 0.000185662 46.562 46.562
7.52 -122.479 -1.44978e-005 0.000133511 40.6528 40.6528
7.53 -121.122 0.00024054 9.93254e-005 32.9562 32.9562
7.54 -119.858 8.40651e-005 3.5014e-005 24.4475 24.4475
7.55 -118.764 -3.18379e-005 -1.32608e-005 15.6673 15.6673
7.56 -117.886 1.2058e-005 5.02226e-006 6.64625 6.64625
7.57 -117.242 -4.64774e-006 -2.19882e-006 -2.92594 -2.92594
7.58 -116.836 0.00689442 0.00358335 -13.5223 -13.5223
7.59 -116.678 -0.00185995 -0.000832584 -25.6591 -25.6591
7.6 -116.786 0.0105481 0.00544649 -39.7769 -39.7769
7.61 -117.166 -0.0108609 -0.00710756 -56.1197 -56.1197
7.62 -117.824 -0.011128 -0.00848129 -74.6843 -74.6843
7.63 -118.759 0.00345625 -0.00442217 -95.2646 -95.2646
7.64 -119.974 0.00590338 -0.00122316 -117.551 -117.551
7.65 -121.478 0.00017569 -0.0087061 -141.144 -141.144
7.66 -123.283 -0.0012977 0.000148168 -165.354 -165.354
7.67 -125.387 0.0016543 0.00309729 -189.003 -189.003
7.68 -127.76 -0.000390757 -0.000640146 -210.495 -210.495
7.69 -130.346 0.000435902 0.00077678 -228.233 -228.233
7.7 -133.061 0.000642279 0.000573653 -241.1 -241.1
7.71 -135.825 -0.00116806 0.000929611 -248.738 -248.738
7.72 -138.563 -0.00498945 -0.00163532 -251.533 -251.533
7.73 -141.217 -0.0029216 -0.00321751 -250.419 -250.419
7.74 -143.738 -0.000877917 -0.000418295 -246.614 -246.614
7.75 -146.093 -0.000820003 -0.000241581 -241.313 -241.313
7.76 -148.258 -0.000540048 0.000165409 -235.416 -235.416
7.77 -150.211 -0.00171025 6.42338e-005 -229.394 -229.394
7.78 -151.924 -0.00277463 -0.000435217 -223.341 -223.341
7.79 -153.359 0.00199316 0.00315995 -217.106 -217.106
7.8 -154.476 0.00396338 0.00435074 -210.382 -210.382
7.81 -155.247 0.00108132 0.000350898 -202.822 -202.822
7.82 -155.667 1.42433e-005 -0.000172069 -194.186 -194.186
7.83 -155.752 0.0014009 0.000120289 -184.365 -184.365
7.84 -155.536 0.00270425 -0.00135917 -173.326 -173.326
7.85 -155.059 0.00344846 0.000573678 -161.17 -161.17
7.86 -154.364 0.00493911 0.000835118 -148.345 -148.345
7.87 -153.498 0.00722846 -0.000110825 -135.787 -135.787
7.88 -152.505 -0.0121802 0.0117424 -124.756 -124.756
7.89 -151.422 -0.00886118 0.00250213 -116.414 -116.414
7.9 -150.277 0.0150613 0.00622872 -111.491 -111.491
7.91 -149.084 0.0100729 0.00728871 -110.251 -110.251
7.92 -147.869 0.00149782 0.00750788 -112.584 -112.584
7.93 -146.64 -0.0062185 -0.00298275 -118.04 -118.04
7.94 -145.414 0.000555036 -0.000402195 -125.746 -125.746
7.95 -144.21 0.00378957 0.000972002 -134.373 -134.373
7.96 -143.043 0.00233669 0.0027007 -142.353 -142.353
7.97 -141.928 0.00167481 -0.00243653 -148.244 -148.244
7.98 -140.884 -0.000608347 -0.000306513 -151.041 -151.041
7.99 -139.93 -0.000983392 -0.000496463 -150.355 -150.355
8 -139.085 0.000532396 0.000149616 -146.461 -146.461
8.01 -138.355 -0.000176951 -0.00011644 -140.233 -140.233
8.02 -137.727 0.000471753 -4.56862e-005 -132.998 -132.998
8.03 -137.16 6.66949e-006 -9.31672e-005 -126.292 -126.292
8.04 -136.605 -0.00031648 -0.000199415 -121.493 -121.493
8.05 -136.016 -0.000669866 -0.000368202 -119.361 -119.361
8.06 -135.355 -0.000937743 -0.000120717 -119.734 -119.734
8.07 -134.593 -0.000738064 0.000115419 -121.623 -121.623
8.08 -133.708 -0.00025367 0.000102535 -123.654 -123.654
8.09 -132.695 -4.47192e-006 2.75123e-005 -124.526 -124.526
8.1 -131.57 -2.53952e-006 -2.16997e-005 -123.243 -123.243
8.11 -130.351 -4.05445e-006 -5.14393e-006 -119.125 -119.125
8.12 -129.046 2.05305e-005 -4.52027e-006 -111.671 -111.671
8.13 -127.654 2.62058e-005 -1.73674e-005 -100.446 -100.446
8.14 -126.165 -2.56419e-006 -4.54445e-007 -85.1866 -85.1866
8.15 -124.573 -5.88529e-005 3.89282e-005 -66.1545 -66.1545
8.16 -122.88 -0.000122275 5.13618e-005 -44.5211 -44.5211
8.17 -121.096 -0.000138116 -0.00010101 -22.3555 -22.3555
8.18 -119.242 -0.000143122 -0.000174033 -2.01732 -2.01732
8.19 -117.348 1.09707e-005 -1.21965e-005 14.7436 14.7436
8.2 -115.455 -4.15494e-006 4.61918e-006 27.3791 27.3791
8.21 -113.61 1.5736e-006 -1.74942e-006 36.4959 36.4959
8.22 -111.864 -5.95967e-007 6.62556e-007 43.34 43.34
8.23 -110.267 2.2571e-007 -2.50929e-007 49.183 49.183
8.24 -108.867 0.000206135 -0.000180348 54.8598 54.8598
8.25 -107.711 -0.000463843 0.000405855 60.5503 60.5503
8.26 -106.838 -0.00043324 0.000303673 65.8303 65.8303
8.27 -106.27 0.000134596 -0.000168542 69.9319 69.9319
8.28 -106.009 -7.33066e-005 6.25814e-005 72.04 72.04
8.29 -106.041 -0.000103046 -0.000228897 71.468 71.468
8.3 -106.334 -0.00041512 -0.000442443 67.6891 67.6891
8.31 -106.847 -0.00040444 -0.000300128 60.2938 60.2938
8.32 -107.534 -0.000195972 4.10051e-005 48.9485 48.9485
8.33 -108.352 -0.000560052 0.000256525 33.4616 33.4616
8.34 -109.264 -0.00346775 0.00129202 14.031 14.031
8.35 -110.236 -0.0890602 0.0422473 -8.47643 -8.47643
8.36 -111.219 -0.0460987 0.00522017 -32.4638 -32.4638
8.37 -112.159 0.055072 -0.0386042 -55.8397 -55.8397
8.38 -113.03 0.0252086 0.00718943 -76.48 -76.48
8.39 -113.784 0.00387895 0.0275802 -92.8484 -92.8484
8.4 -114.399 -0.0228954 -0.000979111 -104.449 -104.449
8.41 -114.843 -0.0123138 0.021962 -111.938 -111.938
8.42 -115.131 -0.0121407 -0.0203259 -116.862 -116.862
8.43 -115.247 -0.00943433 0.0237929 -120.942 -120.942
8.44 -115.196 -0.0161024 0.0121483 -125.497 -125.497
8.45 -114.974 -0.0331519 0.0192703 -131.377 -131.377
8.46 -114.59 -0.0236631 0.0274631 -139.031 -139.031
8.47 -114.061 -0.0178393 0.00755028 -148.518 -148.518
8.48 -113.409 -0.0799847 0.0763998 -159.59 -159.59
8.49 -112.638 -0.081703 0.0934799 -171.767 -171.767
8.5 -111.77 -0.0500212 0.0379709 -184.257 -184.257
8.51 -110.835 -0.0194766 0.00916274 -195.911 -195.911
8.52 -109.871 -0.0134196 0.0130709 -205.545 -205.545
8.53 -108.91 -0.0221473 0.016532 -212.442 -212.442
8.54 -108.003 -0.00269582 -0.00142743 -216.697 -216.697
8.55 -107.221 -0.0155361 0.0160545 -219.208 -219.208
8.56 -106.608 -0.0260146 0.0175132 -221.345 -221.345
8.57 -106.199 -0.00395245 0.00767453 -224.504 -224.504
8.58 -106.028 -0.00406877 -0.00325793 -229.824 -229.824
8.59 -106.124 -0.0119893 0.00787365 -238.087 -238.087
8.6 -106.508 -0.00728134 0.00474469 -249.597 -249.597
8.61 -107.18 -0.0167404 0.0125207 -263.994 -263.994
8.62 -108.133 -0.0271545 0.0183351 -280.299 -280.299
8.63 -109.358 -0.041483 0.025073 -297.356 -297.356
8.64 -110.838 -0.0644804 0.042351 -314.329 -314.329
8.65 -112.573 -0.065083 0.109155 -330.855 -330.855
8.66 -114.508 -0.0492328 0.0402045 -346.905 -346.905
8.67 -116.647 -0.110467 0.0465236 -362.521 -362.521
8.68 -118.951 -0.0983844 0.101608 -377.72 -377.72
8.69 -121.382 -0.018201 0.020412 -392.608 -392.608
8.7 -123.949 -0.0671555 0.0767914 -407.504 -407.504
8.71 -126.554 0.0184849 0.00535412 -422.906 -422.906
8.72 -129.144 -0.0113961 0.000489637 -439.065 -439.065
8.73 -131.699 -0.0452209 0.00737001 -455.672 -455.672
8.74 -134.154 -0.0108847 -0.00108185 -472.148 -472.148
8.75 -136.467 -0.0031378 0.000637131 -488.014 -488.014
8.76 -138.614 -0.0596849 0.00963336 -502.94 -502.94
8.77 -140.569 -0.039818 0.0211282 -516.612 -516.612
8.78 -142.311 -0.0134024 0.0205868 -528.68 -528.68
8.79 -143.841 -0.0185795 0.0351261 -538.815 -538.815
8.8 -145.18 -0.00239871 0.0273351 -546.662 -546.662
8.81 -146.356 0.0047701 0.00497447 -551.801 -551.801
8.82 -147.406 0.000527754 0.000635923 -553.935 -553.935
8.83 -148.352 0.000849348 0.00124204 -553.093 -553.093
8.84 -149.226 0.00582483 0.00688695 -549.648 -549.648
8.85 -150.046 -0.00115253 -0.000780535 -544.221 -544.221
8.86 -150.794 -0.00211111 -0.0029751 -537.506 -537.506
8.87 -151.465 -0.00122539 -0.00227157 -530.081 -530.081
8.88 -152.056 0.000743892 0.00125971 -522.253 -522.253
8.89 -152.576 0.00573976 0.00618755 -514.059 -514.059
8.9 -153.061 -0.00110495 0.00129876 -505.448 -505.448
8.91 -153.553 -0.00445676 0.00193762 -496.487 -496.487
8.92 -154.092 -0.0127058 -0.00210561 -487.421 -487.421
8.93 -154.738 -0.0299057 0.00158722 -478.575 -478.575
8.94 -155.543 -0.0406388 0.0115352 -470.147 -470.147
8.95 -156.548 -0.05059 0.0173242 -462.113 -462.113
8.96 -157.779 -0.0604304 0.0232301 -454.319 -454.319
8.97 -159.243 -0.0895191 0.0728461 -446.615 -446.615
8.98 -160.885 -0.140421 0.126019 -438.9 -438.9
8.99 -162.648 -0.133087 0.165226 -431.107 -431.107
9 -164.421 -0.0830778 0.127166 -423.084 -423.084
9.01 -166.138 0.0184702 0.0201161 -414.545 -414.545
9.02 -167.705 -0.00198156 -0.0095711 -405.256 -405.256
9.03 -169.082 0.0569408 -0.0392608 -395.207 -395.207
9.04 -170.242 0.0105006 -0.0118458 -384.562 -384.562
9.05 -171.196 -0.0362044 0.0130271 -373.411 -373.411
9.06 -171.955 -0.0824261 0.0694389 -361.661 -361.661
9.07 -172.573 -0.0322257 0.0239573 -349.181 -349.181
9.08 -173.059 -0.0402961 0.0412463 -335.937 -335.937
9.09 -173.443 0.00296777 0.0110098 -322.14 -322.14
9.1 -173.729 0.0170443 -0.0151858 -308.287 -308.287
9.11 -173.919 -0.0191899 0.0342164 -294.863 -294.863
9.12 -173.978 0.0630934 -0.0311974 -281.977 -281.977
9.13 -173.867 0.0148566 0.0101638 -269.357 -269.357
9.14 -173.515 0.13304 -0.0457801 -256.492 -256.492
9.15 -172.89 0.0898064 -0.0235501 -242.849 -242.849
9.16 -171.943 -0.0127804 0.0143198 -227.967 -227.967
9.17 -170.67 0.15313 -0.0533052 -211.284 -211.284
9.18 -169.108 0.33737 -0.124117 -192.405 -192.405
9.19 -167.184 0.195734 -0.0485346 -171.27 -171.27
9.2 -164.951 0.0598024 -0.0641064 -147.604 -147.604
9.21 -162.484 0.0991837 -0.00708188 -120.966 -120.966
9.22 -159.785 0.070388 -0.0280305 -91.3579 -91.3579
9.23 -156.943 0.0639138 -0.0392812 -59.2525 -59.2525
9.24 -153.999 0.0270037 -0.00671278 -25.32 -25.32
9.25 -151.012 0.0893889 -0.106983 9.84523 9.84523
9.26 -147.949 0.0524123 -0.100489 45.8886 45.8886
9.27 -144.836 0.0275379 -0.0162912 82.6595 82.6595
9.28 -141.708 0.055688 -0.0997233 120.102 120.102
9.29 -138.573 0.0527727 -0.0340835 158.057 158.057
9.3 -135.55 0.0675067 -0.126505 196.158 196.158
9.31 -132.593 -0.0309903 0.00391061 233.985 233.985
9.32 -129.798 0.0367532 -0.0707535 271.139 271.139
9.33 -127.115 0.0345121 -0.0464914 307.235 307.235
9.34 -124.599 -0.00552775 -0.0309874 341.998 341.998
9.35 -122.216 0.0244484 -0.0862558 375.473 375.473
9.36 -119.912 0.0245182 -0.0344607 408.133 408.133
9.37 -117.692 0.0371529 -0.0146958 440.555 440.555
9.38 -115.489 0.0390587 -0.0593033 473.009 473.009
9.39 -113.276 0.0595568 0.00621977 505.418 505.418
9.4 -111.039 -0.00552645 -0.0432015 537.692 537.692
9.41 -108.751 -0.0012635 -0.0643507 570.056 570.056
9.42 -106.404 0.0214037 0.00959509 602.879 602.879
9.43 -103.985 0.000573432 -0.0120153 636.211 636.211
9.44 -101.522 -0.0267187 -0.0768359 669.732 669.732
9.45 -98.9645 0.0556843 0.0159788 702.948 702.948
9.46 -96.3695 0.00946027 -0.0670471 735.042 735.042
9.47 -93.7039 -0.0526554 -0.0889973 765.021 765.021
9.48 -90.9425 -0.100429 -0.145306 792.168 792.168
9.49 -88.0758 -0.0138407 -0.0880945 816.03 816.03
9.5 -85.0927 -0.010666 -0.0232283 836.448 836.448
9.51 -81.9597 -0.103979 -0.140193 853.796 853.796
9.52 -78.5951 -0.041513 -0.0535741 868.683 868.683
9.53 -75.0414 -0.0393603 -0.0690303 881.467 881.467
9.54 -71.2744 -0.00778912 -0.0458751 892.323 892.323
9.55 -67.3347 -0.0259837 -0.0393391 901.52 901.52
9.56 -63.2904 -0.00634842 -0.00834473 909.37 909.37
9.57 -59.2051 -0.0334624 -0.0335463 916.019 916.019
9.58 -55.1369 -0.0232667 -0.0263 921.468 921.468
9.59 -51.1303 -0.038912 -0.0319485 925.781 925.781
9.6 -47.2374 -0.0052976 -0.0242 929.193 929.193
9.61 -43.4865 -0.00137306 -0.0190053 931.982 931.982
9.62 -39.8936 -0.0131007 -0.00993796 934.254 934.254
9.63 -36.4426 -0.0121898 -0.0153488 935.815 935.815
9.64 -33.1439 0.00279612 -0.00599774 936.348 936.348
9.65 -30.0199 -0.0181163 -0.0192629 935.84 935.84
9.66 -27.0887 -0.0103666 0.00207637 934.829 934.829
9.67 -24.3826 0.00562241 0.00656875 934.141 934.141
9.68 -21.9487 0.00746564 -0.0128096 934.368 934.368
9.69 -19.8236 0.00647673 -0.00762418 935.646 935.646
9.7 -18.0474 -0.00903323 0.00337164 937.739 937.739
9.71 -16.6731 -0.029143 -0.0163221 940.287 940.287
9.72 -15.732 -0.0295352 -0.0331602 943.075 943.075
9.73 -15.2339 -0.0276331 -0.0136633 946.119 946.119
9.74 -15.1506 0.0267889 0.0629606 949.568 949.568
9.75 -15.4432 -0.00742052 -0.00608014 953.64 953.64
9.76 -16.0742 -0.00979575 -0.00333196 958.665 958.665
9.77 -16.9523 -0.0669416 -0.0299244 965.01 965.01
9.78 -17.963 0.0237433 0.0107111 972.831 972.831
9.79 -19.0603 -0.0446791 -0.0409238 981.914 981.914
9.8 -20.1552 -0.0072563 -0.00114876 991.728 991.728
9.81 -21.2158 -0.0303051 0.0104285 1001.57 1001.57
9.82 -22.2714 -0.00956838 0.0124492 1010.8 1010.8
9.83 -23.3263 0.0245078 0.00456882 1019.03 1019.03
9.84 -24.4122 -0.0286117 -0.0118964 1026.12 1026.12
9.85 -25.5475 -0.00816004 -0.0235273 1031.87 1031.87
9.86 -26.7574 -0.0803718 -0.071551 1035.76 1035.76
9.87 -28.0197 -0.0479455 -0.0250862 1037.01 1037.01
9.88 -29.3766 0.00585899 0.0139472 1035.01 1035.01
9.89 -30.8224 0.000125663 -0.00564162 1029.51 1029.51
9.9 -32.3384 0.00612619 0.000627633 1020.49 1020.49
9.91 -33.9177 -0.00235002 -0.000234281 1007.95 1007.95
9.92 -35.5558 0.0261652 -0.00433983 991.889 991.889
9.93 -37.2423 0.00602166 -0.00120829 972.247 972.247
9.94 -38.9963 -0.00381723 0.000589032 948.884 948.884
9.95 -40.8744 -0.0193481 0.00129896 921.548 921.548
9.96 -42.9318 -0.0431425 0.00214258 889.998 889.998
9.97 -45.2181 0.0136767 -0.000833012 854.216 854.216
9.98 -47.8021 0.0346498 0.0021412 814.631 814.631
9.99 -50.715 0.00072457 9.53579e-005 772.059 772.059
10 -53.9894 -0.0168023 -0.00460274 727.328 727.328
