0.1 -0.265419 -9.15239e-006
0.2 -0.531318 -1.83213e-005
0.3 -0.797698 -2.75068e-005
0.4 -1.06456 -3.67091e-005
0.5 -1.33192 -4.59282e-005
0.6 -1.59977 -5.51643e-005
0.7 -1.86811 -6.44175e-005
0.8 -2.13694 -7.36878e-005
0.9 -2.40629 -8.29753e-005
1 -2.67613 -9.22803e-005
0.01 -2.67538 -9.22546e-005
0.02 -2.67331 -9.21833e-005
0.03 -2.671 -9.21035e-005
0.04 -2.66938 -9.20474e-005
0.05 -2.66837 -9.20129e-005
0.06 -2.66787 -9.19956e-005
0.07 -2.66778 -9.19924e-005
0.08 -2.66805 -9.20016e-005
0.09 -2.66865 -9.20223e-005
0.1 -2.66955 -9.20535e-005
0.11 -2.6707 -9.2093e-005
0.12 -2.672 -9.2138e-005
0.13 -2.67336 -9.2185e-005
0.14 -2.6747 -9.22312e-005
0.15 -2.67594 -9.22737e-005
0.16 -2.67704 -9.23117e-005
0.17 -2.678 -9.23449e-005
0.18 -2.67886 -9.23746e-005
0.19 -2.6797 -9.24033e-005
0.2 -2.68058 -9.24338e-005
0.21 -2.68157 -9.2468e-005
0.22 -2.68274 -9.25083e-005
0.23 -2.68411 -9.25556e-005
0.24 -2.68569 -9.26098e-005
0.25 -2.6874 -9.2669e-005
0.26 -2.6892 -9.27309e-005
0.27 -2.6911 -9.27966e-005
0.28 -2.69325 -9.28707e-005
0.29 -2.69572 -9.29558e-005
0.3 -2.69847 -9.30505e-005
0.31 -2.70144 -9.3153e-005
0.32 -2.7046 -9.3262e-005
0.33 -2.70787 -9.33748e-005
0.34 -2.71115 -9.34881e-005
0.35 -2.71443 -9.36011e-005
0.36 -2.71772 -9.37144e-005
0.37 -2.72099 -9.38273e-005
0.38 -2.72421 -9.39382e-005
0.39 -2.72728 -9.40441e-005
0.4 -2.73011 -9.41418e-005
0.41 -2.73267 -9.42299e-005
0.42 -2.73498 -9.43097e-005
0.43 -2.73715 -9.43843e-005
0.44 -2.73927 -9.44577e-005
0.45 -2.74148 -9.45337e-005
0.46 -2.74388 -9.46164e-005
0.47 -2.74661 -9.47107e-005
0.48 -2.74974 -9.48187e-005
0.49 -2.75319 -9.49377e-005
0.5 -2.75692 -9.50661e-005
0.51 -2.76097 -9.5206e-005
0.52 -2.76529 -9.53548e-005
0.53 -2.76973 -9.55078e-005
0.54 -2.77436 -9.56675e-005
0.55 -2.7794 -9.58414e-005
0.56 -2.78484 -9.60289e-005
0.57 -2.79015 -9.62121e-005
0.58 -2.79469 -9.63687e-005
0.59 -2.79831 -9.64935e-005
0.6 -2.80146 -9.66022e-005
0.61 -2.8046 -9.67102e-005
0.62 -2.8078 -9.68208e-005
0.63 -2.81115 -9.69364e-005
0.64 -2.81495 -9.70673e-005
0.65 -2.81909 -9.72101e-005
0.66 -2.82299 -9.73446e-005
0.67 -2.82638 -9.74615e-005
0.68 -2.82944 -9.75669e-005
0.69 -2.83229 -9.76651e-005
0.7 -2.83493 -9.77563e-005
0.71 -2.83746 -9.78435e-005
0.72 -2.83991 -9.79279e-005
0.73 -2.84207 -9.80023e-005
0.74 -2.84355 -9.80535e-005
0.75 -2.84404 -9.80703e-005
0.76 -2.84357 -9.80542e-005
0.77 -2.84267 -9.80232e-005
0.78 -2.84213 -9.80045e-005
0.79 -2.84248 -9.80165e-005
0.8 -2.8436 -9.80551e-005
0.81 -2.84508 -9.81063e-005
0.82 -2.84671 -9.81626e-005
0.83 -2.84841 -9.82209e-005
0.84 -2.84999 -9.82756e-005
0.85 -2.85148 -9.83268e-005
0.86 -2.85307 -9.83816e-005
0.87 -2.85431 -9.84246e-005
0.88 -2.85421 -9.84211e-005
0.89 -2.85267 -9.83678e-005
0.9 -2.85083 -9.83046e-005
0.91 -2.84978 -9.82682e-005
0.92 -2.84901 -9.82417e-005
0.93 -2.84702 -9.81731e-005
0.94 -2.84325 -9.80429e-005
0.95 -2.83872 -9.7887e-005
0.96 -2.83495 -9.77567e-005
0.97 -2.8323 -9.76655e-005
0.98 -2.82965 -9.7574e-005
0.99 -2.826 -9.74484e-005
1 -2.82175 -9.73016e-005
1.01 -2.81757 -9.71576e-005
1.02 -2.81363 -9.70218e-005
1.03 -2.81018 -9.69028e-005
1.04 -2.80757 -9.68128e-005
1.05 -2.80547 -9.67403e-005
1.06 -2.80284 -9.66497e-005
1.07 -2.7991 -9.65206e-005
1.08 -2.79499 -9.6379e-005
1.09 -2.79154 -9.62601e-005
1.1 -2.78816 -9.61435e-005
1.11 -2.78343 -9.59804e-005
1.12 -2.77756 -9.57778e-005
1.13 -2.77235 -9.55984e-005
1.14 -2.76908 -9.54855e-005
1.15 -2.76815 -9.54535e-005
1.16 -2.76995 -9.55156e-005
1.17 -2.77364 -9.56429e-005
1.18 -2.77716 -9.5764e-005
1.19 -2.7788 -9.58208e-005
1.2 -2.77801 -9.57935e-005
1.21 -2.77522 -9.56973e-005
1.22 -2.77121 -9.55591e-005
1.23 -2.76661 -9.54004e-005
1.24 -2.76201 -9.52417e-005
1.25 -2.75836 -9.51159e-005
1.26 -2.75663 -9.50561e-005
1.27 -2.75689 -9.50653e-005
1.28 -2.75845 -9.51191e-005
1.29 -2.76004 -9.51737e-005
1.3 -2.76024 -9.51807e-005
1.31 -2.75882 -9.51318e-005
1.32 -2.75667 -9.50576e-005
1.33 -2.7544 -9.49794e-005
1.34 -2.75284 -9.49254e-005
1.35 -2.75343 -9.49457e-005
1.36 -2.75602 -9.5035e-005
1.37 -2.75815 -9.51085e-005
1.38 -2.75734 -9.50806e-005
1.39 -2.75331 -9.49418e-005
1.4 -2.7479 -9.4755e-005
1.41 -2.74221 -9.4559e-005
1.42 -2.7359 -9.43415e-005
1.43 -2.72946 -9.41193e-005
1.44 -2.72407 -9.39334e-005
1.45 -2.71976 -9.37848e-005
1.46 -2.71542 -9.36352e-005
1.47 -2.70976 -9.34401e-005
1.48 -2.7013 -9.31482e-005
1.49 -2.68794 -9.26876e-005
1.5 -2.66885 -9.20294e-005
1.51 -2.64768 -9.12994e-005
1.52 -2.63161 -9.07451e-005
1.53 -2.62476 -9.05088e-005
1.54 -2.62477 -9.05094e-005
1.55 -2.62707 -9.05887e-005
1.56 -2.62903 -9.06561e-005
1.57 -2.62987 -9.0685e-005
1.58 -2.62947 -9.06713e-005
1.59 -2.62771 -9.06108e-005
1.6 -2.62356 -9.04675e-005
1.61 -2.61531 -9.01831e-005
1.62 -2.6034 -8.97725e-005
1.63 -2.59305 -8.94155e-005
1.64 -2.5925 -8.93966e-005
1.65 -2.60597 -8.9861e-005
1.66 -2.62909 -9.06583e-005
1.67 -2.65249 -9.14652e-005
1.68 -2.66878 -9.20269e-005
1.69 -2.67599 -9.22754e-005
1.7 -2.67584 -9.22702e-005
1.71 -2.67158 -9.21233e-005
1.72 -2.66746 -9.19812e-005
1.73 -2.66695 -9.19637e-005
1.74 -2.6708 -9.20964e-005
1.75 -2.67806 -9.23468e-005
1.76 -2.68767 -9.26784e-005
1.77 -2.69753 -9.30182e-005
1.78 -2.70329 -9.32169e-005
1.79 -2.70154 -9.31565e-005
1.8 -2.69388 -9.28926e-005
1.81 -2.68562 -9.26074e-005
1.82 -2.68132 -9.24592e-005
1.83 -2.68264 -9.25049e-005
1.84 -2.68885 -9.27188e-005
1.85 -2.69757 -9.30198e-005
1.86 -2.70529 -9.32859e-005
1.87 -2.71077 -9.3475e-005
1.88 -2.71921 -9.37659e-005
1.89 -2.73733 -9.43909e-005
1.9 -2.76284 -9.52704e-005
1.91 -2.78473 -9.6025e-005
1.92 -2.79406 -9.6347e-005
1.93 -2.78916 -9.61779e-005
1.94 -2.77276 -9.56125e-005
1.95 -2.74913 -9.47975e-005
1.96 -2.72418 -9.39374e-005
1.97 -2.70505 -9.32776e-005
1.98 -2.69588 -9.29614e-005
1.99 -2.69511 -9.29347e-005
2 -2.69752 -9.3018e-005
2.01 -2.69804 -9.30359e-005
2.02 -2.69432 -9.29077e-005
2.03 -2.68611 -9.26244e-005
2.04 -2.67389 -9.22033e-005
2.05 -2.66108 -9.17613e-005
2.06 -2.6534 -9.14965e-005
2.07 -2.65228 -9.14581e-005
2.08 -2.65251 -9.14657e-005
2.09 -2.64798 -9.13096e-005
2.1 -2.63762 -9.09522e-005
2.11 -2.62469 -9.05064e-005
2.12 -2.61123 -9.00423e-005
2.13 -2.59599 -8.95168e-005
2.14 -2.57739 -8.88753e-005
2.15 -2.55646 -8.81539e-005
2.16 -2.53771 -8.75073e-005
2.17 -2.52583 -8.70976e-005
2.18 -2.52047 -8.69126e-005
2.19 -2.51763 -8.68147e-005
2.2 -2.5166 -8.67794e-005
2.21 -2.52013 -8.6901e-005
2.22 -2.5287 -8.71965e-005
2.23 -2.53906 -8.75539e-005
2.24 -2.54777 -8.78543e-005
2.25 -2.55371 -8.80588e-005
2.26 -2.5564 -8.81517e-005
2.27 -2.55584 -8.81325e-005
2.28 -2.55455 -8.8088e-005
2.29 -2.55548 -8.812e-005
2.3 -2.55863 -8.82286e-005
2.31 -2.56252 -8.83628e-005
2.32 -2.56663 -8.85045e-005
2.33 -2.5708 -8.86483e-005
2.34 -2.57445 -8.87743e-005
2.35 -2.57711 -8.88657e-005
2.36 -2.57899 -8.89307e-005
2.37 -2.5801 -8.89691e-005
2.38 -2.58035 -8.89777e-005
2.39 -2.58235 -8.90464e-005
2.4 -2.58938 -8.92891e-005
2.41 -2.60071 -8.96796e-005
2.42 -2.61327 -9.01129e-005
2.43 -2.62429 -9.04926e-005
2.44 -2.62989 -9.06859e-005
2.45 -2.62699 -9.05857e-005
2.46 -2.6173 -9.02517e-005
2.47 -2.60615 -8.98671e-005
2.48 -2.59751 -8.95693e-005
2.49 -2.59181 -8.93726e-005
2.5 -2.58678 -8.91993e-005
2.51 -2.58022 -8.89733e-005
2.52 -2.57227 -8.86989e-005
2.53 -2.56468 -8.84372e-005
2.54 -2.56004 -8.82774e-005
2.55 -2.5614 -8.83241e-005
2.56 -2.57064 -8.86429e-005
2.57 -2.58758 -8.92269e-005
2.58 -2.61016 -9.00056e-005
2.59 -2.6348 -9.08552e-005
2.6 -2.65749 -9.16376e-005
2.61 -2.67626 -9.22849e-005
2.62 -2.6923 -9.28378e-005
2.63 -2.70819 -9.3386e-005
2.64 -2.72368 -9.39199e-005
2.65 -2.73325 -9.42499e-005
2.66 -2.7316 -9.4193e-005
2.67 -2.7204 -9.38069e-005
2.68 -2.70744 -9.33601e-005
2.69 -2.69986 -9.30985e-005
2.7 -2.69812 -9.30386e-005
2.71 -2.69736 -9.30124e-005
2.72 -2.69442 -9.29111e-005
2.73 -2.6922 -9.28344e-005
2.74 -2.69602 -9.29662e-005
2.75 -2.7069 -9.33412e-005
2.76 -2.72098 -9.3827e-005
2.77 -2.73362 -9.42629e-005
2.78 -2.74189 -9.4548e-005
2.79 -2.74622 -9.46974e-005
2.8 -2.7498 -9.48207e-005
2.81 -2.75294 -9.49291e-005
2.82 -2.75064 -9.48497e-005
2.83 -2.73773 -9.44046e-005
2.84 -2.71361 -9.35727e-005
2.85 -2.68245 -9.24984e-005
2.86 -2.64975 -9.13706e-005
2.87 -2.61921 -9.03176e-005
2.88 -2.59376 -8.944e-005
2.89 -2.57576 -8.88192e-005
2.9 -2.5649 -8.84449e-005
2.91 -2.55895 -8.82397e-005
2.92 -2.55667 -8.81611e-005
2.93 -2.55761 -8.81935e-005
2.94 -2.56071 -8.83004e-005
2.95 -2.56494 -8.84462e-005
2.96 -2.56969 -8.86101e-005
2.97 -2.57311 -8.8728e-005
2.98 -2.57177 -8.86816e-005
2.99 -2.56397 -8.84128e-005
3 -2.55283 -8.80287e-005
3.01 -2.54427 -8.77336e-005
3.02 -2.54214 -8.76601e-005
3.03 -2.54606 -8.77953e-005
3.04 -2.55217 -8.80058e-005
3.05 -2.55553 -8.81218e-005
3.06 -2.55379 -8.80617e-005
3.07 -2.54921 -8.79037e-005
3.08 -2.5469 -8.78242e-005
3.09 -2.54946 -8.79123e-005
3.1 -2.5542 -8.8076e-005
3.11 -2.55833 -8.82184e-005
3.12 -2.56478 -8.84407e-005
3.13 -2.57975 -8.89569e-005
3.14 -2.60423 -8.98009e-005
3.15 -2.63048 -9.07062e-005
3.16 -2.64809 -9.13133e-005
3.17 -2.65023 -9.13873e-005
3.18 -2.63653 -9.09147e-005
3.19 -2.61457 -9.01576e-005
3.2 -2.59563 -8.95045e-005
3.21 -2.5849 -8.91343e-005
3.22 -2.57786 -8.88918e-005
3.23 -2.56701 -8.85177e-005
3.24 -2.54903 -8.78976e-005
3.25 -2.52541 -8.70831e-005
3.26 -2.50085 -8.6236e-005
3.27 -2.48284 -8.56151e-005
3.28 -2.47802 -8.54491e-005
3.29 -2.48605 -8.57259e-005
3.3 -2.49923 -8.61802e-005
3.31 -2.509 -8.65171e-005
3.32 -2.51227 -8.663e-005
3.33 -2.5103 -8.65621e-005
3.34 -2.50238 -8.62891e-005
3.35 -2.48596 -8.57228e-005
3.36 -2.4632 -8.4938e-005
3.37 -2.44186 -8.42022e-005
3.38 -2.42978 -8.37855e-005
3.39 -2.42996 -8.37918e-005
3.4 -2.4377 -8.40588e-005
3.41 -2.44186 -8.42021e-005
3.42 -2.43282 -8.38902e-005
3.43 -2.41048 -8.312e-005
3.44 -2.38336 -8.21849e-005
3.45 -2.36075 -8.14053e-005
3.46 -2.34678 -8.09233e-005
3.47 -2.33998 -8.0689e-005
3.48 -2.33645 -8.05672e-005
3.49 -2.33271 -8.04384e-005
3.5 -2.32533 -8.01838e-005
3.51 -2.31056 -7.96745e-005
3.52 -2.28945 -7.89465e-005
3.53 -2.27002 -7.82764e-005
3.54 -2.26007 -7.79334e-005
3.55 -2.25989 -7.79273e-005
3.56 -2.26213 -7.80045e-005
3.57 -2.25845 -7.78775e-005
3.58 -2.24648 -7.74647e-005
3.59 -2.23066 -7.69194e-005
3.6 -2.21927 -7.65265e-005
3.61 -2.21959 -7.65375e-005
3.62 -2.23226 -7.69746e-005
3.63 -2.25025 -7.75948e-005
3.64 -2.26536 -7.81159e-005
3.65 -2.27527 -7.84576e-005
3.66 -2.28342 -7.87386e-005
3.67 -2.29346 -7.90848e-005
3.68 -2.30619 -7.95239e-005
3.69 -2.32176 -8.00608e-005
3.7 -2.34093 -8.07217e-005
3.71 -2.3638 -8.15105e-005
3.72 -2.39046 -8.24298e-005
3.73 -2.42108 -8.34854e-005
3.74 -2.45325 -8.45948e-005
3.75 -2.48272 -8.56112e-005
3.76 -2.50698 -8.64475e-005
3.77 -2.52638 -8.71165e-005
3.78 -2.54258 -8.7675e-005
3.79 -2.55665 -8.81604e-005
3.8 -2.5692 -8.85933e-005
3.81 -2.58057 -8.8985e-005
3.82 -2.58932 -8.92869e-005
3.83 -2.59338 -8.94268e-005
3.84 -2.59391 -8.94451e-005
3.85 -2.59514 -8.94875e-005
3.86 -2.59975 -8.96464e-005
3.87 -2.60616 -8.98676e-005
3.88 -2.61047 -9.00163e-005
3.89 -2.60987 -8.99957e-005
3.9 -2.60336 -8.9771e-005
3.91 -2.58943 -8.92906e-005
3.92 -2.5651 -8.84516e-005
3.93 -2.53065 -8.72639e-005
3.94 -2.49364 -8.59876e-005
3.95 -2.46361 -8.49522e-005
3.96 -2.44544 -8.43254e-005
3.97 -2.43993 -8.41357e-005
3.98 -2.44723 -8.43872e-005
3.99 -2.46712 -8.50731e-005
4 -2.49549 -8.60514e-005
4.01 -2.52277 -8.6992e-005
4.02 -2.54167 -8.76439e-005
4.03 -2.55346 -8.80505e-005
4.04 -2.56229 -8.83548e-005
4.05 -2.57013 -8.86251e-005
4.06 -2.58007 -8.89681e-005
4.07 -2.59617 -8.95232e-005
4.08 -2.6167 -9.02312e-005
4.09 -2.63406 -9.08298e-005
4.1 -2.64243 -9.11184e-005
4.11 -2.64133 -9.10803e-005
4.12 -2.63491 -9.08589e-005
4.13 -2.63147 -9.07403e-005
4.14 -2.63804 -9.09668e-005
4.15 -2.65427 -9.15267e-005
4.16 -2.67495 -9.22396e-005
4.17 -2.69517 -9.2937e-005
4.18 -2.71285 -9.35465e-005
4.19 -2.72864 -9.40909e-005
4.2 -2.74303 -9.45871e-005
4.21 -2.75519 -9.50065e-005
4.22 -2.76561 -9.53659e-005
4.23 -2.77466 -9.56781e-005
4.24 -2.7801 -9.58654e-005
4.25 -2.7819 -9.59276e-005
4.26 -2.78421 -9.60073e-005
4.27 -2.78978 -9.61995e-005
4.28 -2.79911 -9.65209e-005
4.29 -2.81238 -9.69787e-005
4.3 -2.82669 -9.74721e-005
4.31 -2.83632 -9.78042e-005
4.32 -2.8395 -9.79137e-005
4.33 -2.84023 -9.79391e-005
4.34 -2.84293 -9.80321e-005
4.35 -2.84904 -9.82428e-005
4.36 -2.85796 -9.85503e-005
4.37 -2.86749 -9.88791e-005
4.38 -2.87367 -9.90922e-005
4.39 -2.87038 -9.89785e-005
4.4 -2.85176 -9.83367e-005
4.41 -2.81885 -9.72017e-005
4.42 -2.7811 -9.59001e-005
4.43 -2.75127 -9.48712e-005
4.44 -2.74049 -9.44997e-005
4.45 -2.75286 -9.49263e-005
4.46 -2.7807 -9.58862e-005
4.47 -2.80947 -9.68783e-005
4.48 -2.82877 -9.75437e-005
4.49 -2.83546 -9.77744e-005
4.5 -2.82998 -9.75856e-005
4.51 -2.81621 -9.71107e-005
4.52 -2.80223 -9.66285e-005
4.53 -2.7936 -9.63311e-005
4.54 -2.7885 -9.61553e-005
4.55 -2.78296 -9.59641e-005
4.56 -2.77485 -9.56845e-005
4.57 -2.76311 -9.52796e-005
4.58 -2.74953 -9.48114e-005
4.59 -2.74095 -9.45155e-005
4.6 -2.74585 -9.46846e-005
4.61 -2.76607 -9.53818e-005
4.62 -2.79242 -9.62904e-005
4.63 -2.81347 -9.70161e-005
4.64 -2.82834 -9.75289e-005
4.65 -2.84594 -9.81357e-005
4.66 -2.87287 -9.90646e-005
4.67 -2.90664 -0.000100229
4.68 -2.93941 -0.000101359
4.69 -2.96548 -0.000102258
4.7 -2.98597 -0.000102964
4.71 -3.00706 -0.000103692
4.72 -3.03228 -0.000104561
4.73 -3.05893 -0.00010548
4.74 -3.08354 -0.000106329
4.75 -3.10637 -0.000107116
4.76 -3.13086 -0.000107961
4.77 -3.16253 -0.000109053
4.78 -3.20386 -0.000110478
4.79 -3.24777 -0.000111992
4.8 -3.28209 -0.000113175
4.81 -3.29924 -0.000113767
4.82 -3.29823 -0.000113732
4.83 -3.2835 -0.000113224
4.84 -3.26538 -0.000112599
4.85 -3.25453 -0.000112225
4.86 -3.24932 -0.000112046
4.87 -3.23643 -0.000111601
4.88 -3.20901 -0.000110656
4.89 -3.17516 -0.000109488
4.9 -3.14709 -0.00010852
4.91 -3.12993 -0.000107929
4.92 -3.12287 -0.000107685
4.93 -3.12536 -0.000107771
4.94 -3.13522 -0.000108111
4.95 -3.14396 -0.000108412
4.96 -3.14242 -0.000108359
4.97 -3.12946 -0.000107913
4.98 -3.1092 -0.000107214
4.99 -3.08295 -0.000106309
5 -3.05255 -0.00010526
5.01 -3.02682 -0.000104373
5.02 -3.01444 -0.000103946
5.03 -3.01496 -0.000103964
5.04 -3.02315 -0.000104247
5.05 -3.03489 -0.000104651
5.06 -3.0446 -0.000104986
5.07 -3.048 -0.000105103
5.08 -3.05008 -0.000105175
5.09 -3.06131 -0.000105562
5.1 -3.08647 -0.00010643
5.11 -3.12423 -0.000107732
5.12 -3.1739 -0.000109445
5.13 -3.23256 -0.000111468
5.14 -3.2879 -0.000113376
5.15 -3.32482 -0.000114649
5.16 -3.3403 -0.000115183
5.17 -3.34314 -0.000115281
5.18 -3.34301 -0.000115276
5.19 -3.34778 -0.000115441
5.2 -3.36705 -0.000116105
5.21 -3.40711 -0.000117487
5.22 -3.46029 -0.00011932
5.23 -3.50858 -0.000120985
5.24 -3.53746 -0.000121981
5.25 -3.5408 -0.000122097
5.26 -3.52048 -0.000121396
5.27 -3.48568 -0.000120196
5.28 -3.44635 -0.00011884
5.29 -3.40632 -0.000117459
5.3 -3.36798 -0.000116137
5.31 -3.33771 -0.000115093
5.32 -3.31921 -0.000114456
5.33 -3.30902 -0.000114104
5.34 -3.30168 -0.000113851
5.35 -3.29639 -0.000113669
5.36 -3.29698 -0.000113689
5.37 -3.3033 -0.000113907
5.38 -3.30646 -0.000114016
5.39 -3.29875 -0.00011375
5.4 -3.28423 -0.000113249
5.41 -3.2743 -0.000112907
5.42 -3.27716 -0.000113005
5.43 -3.29079 -0.000113476
5.44 -3.30438 -0.000113944
5.45 -3.30967 -0.000114127
5.46 -3.3097 -0.000114127
5.47 -3.31444 -0.000114291
5.48 -3.33233 -0.000114908
5.49 -3.36676 -0.000116095
5.5 -3.41282 -0.000117684
5.51 -3.45811 -0.000119245
5.52 -3.49523 -0.000120525
5.53 -3.52789 -0.000121651
5.54 -3.56072 -0.000122783
5.55 -3.59395 -0.000123929
5.56 -3.62735 -0.000125081
5.57 -3.65934 -0.000126184
5.58 -3.68498 -0.000127068
5.59 -3.69869 -0.000127541
5.6 -3.69681 -0.000127476
5.61 -3.67794 -0.000126826
5.62 -3.64511 -0.000125694
5.63 -3.60836 -0.000124426
5.64 -3.57971 -0.000123438
5.65 -3.56224 -0.000122836
5.66 -3.54532 -0.000122253
5.67 -3.51164 -0.000121091
5.68 -3.45117 -0.000119006
5.69 -3.36973 -0.000116197
5.7 -3.28312 -0.000113211
5.71 -3.20336 -0.000110461
5.72 -3.13174 -0.000107991
5.73 -3.0649 -0.000105686
5.74 -3.00406 -0.000103588
5.75 -2.95684 -0.00010196
5.76 -2.92968 -0.000101023
5.77 -2.92071 -0.000100714
5.78 -2.92054 -0.000100708
5.79 -2.91502 -0.000100518
5.8 -2.88678 -9.95441e-005
5.81 -2.82489 -9.741e-005
5.82 -2.74232 -9.45629e-005
5.83 -2.67583 -9.22698e-005
5.84 -2.65512 -9.1556e-005
5.85 -2.67436 -9.22194e-005
5.86 -2.70063 -9.31251e-005
5.87 -2.70505 -9.32775e-005
5.88 -2.67902 -9.23802e-005
5.89 -2.63266 -9.07815e-005
5.9 -2.58533 -8.91493e-005
5.91 -2.55163 -8.79872e-005
5.92 -2.53684 -8.74771e-005
5.93 -2.54196 -8.76538e-005
5.94 -2.56293 -8.83769e-005
5.95 -2.58793 -8.92391e-005
5.96 -2.60137 -8.97023e-005
5.97 -2.59364 -8.94359e-005
5.98 -2.56724 -8.85254e-005
5.99 -2.52934 -8.72186e-005
6 -2.47761 -8.5435e-005
6.01 -2.39751 -8.26729e-005
6.02 -2.27578 -7.84752e-005
6.03 -2.10926 -7.2733e-005
6.04 -1.90416 -6.56608e-005
6.05 -1.6778 -5.78551e-005
6.06 -1.45521 -5.01798e-005
6.07 -1.26014 -4.3453e-005
6.08 -1.10888 -3.82374e-005
6.09 -1.00421 -3.46279e-005
6.1 -0.933637 -3.21944e-005
6.11 -0.882453 -3.04294e-005
6.12 -0.843628 -2.90906e-005
6.13 -0.815895 -2.81343e-005
6.14 -0.805534 -2.7777e-005
6.15 -0.828075 -2.85543e-005
6.16 -0.896919 -3.09282e-005
6.17 -1.01315 -3.49362e-005
6.18 -1.16676 -4.02331e-005
6.19 -1.33726 -4.61124e-005
6.2 -1.49552 -5.15698e-005
6.21 -1.62098 -5.5896e-005
6.22 -1.72118 -5.93512e-005
6.23 -1.82743 -6.30148e-005
6.24 -1.96672 -6.7818e-005
6.25 -2.13534 -7.36324e-005
6.26 -2.29438 -7.91167e-005
6.27 -2.38926 -8.23882e-005
6.28 -2.38443 -8.22218e-005
6.29 -2.29279 -7.90617e-005
6.3 -2.17103 -7.4863e-005
6.31 -2.07378 -7.15098e-005
6.32 -2.00789 -6.92375e-005
6.33 -1.93411 -6.66933e-005
6.34 -1.80138 -6.21165e-005
6.35 -1.58021 -5.44901e-005
6.36 -1.28348 -4.42578e-005
6.37 -0.972034 -3.35184e-005
6.38 -0.731118 -2.5211e-005
6.39 -0.609986 -2.1034e-005
6.4 -0.584618 -2.01593e-005
6.41 -0.596347 -2.05637e-005
6.42 -0.610105 -2.10381e-005
6.43 -0.619765 -2.13712e-005
6.44 -0.632184 -2.17994e-005
6.45 -0.666076 -2.29682e-005
6.46 -0.746924 -2.5756e-005
6.47 -0.885569 -3.05369e-005
6.48 -1.0653 -3.67345e-005
6.49 -1.25701 -4.33451e-005
6.5 -1.4427 -4.97482e-005
6.51 -1.62131 -5.59071e-005
6.52 -1.79509 -6.18996e-005
6.53 -1.95195 -6.73085e-005
6.54 -2.06827 -7.13196e-005
6.55 -2.13641 -7.36695e-005
6.56 -2.17817 -7.51094e-005
6.57 -2.22701 -7.67934e-005
6.58 -2.30639 -7.95307e-005
6.59 -2.41633 -8.33217e-005
6.6 -2.53017 -8.72474e-005
6.61 -2.61164 -9.00565e-005
6.62 -2.63843 -9.09804e-005
6.63 -2.61001 -9.00002e-005
6.64 -2.54133 -8.7632e-005
6.65 -2.45114 -8.45222e-005
6.66 -2.34855 -8.09845e-005
6.67 -2.23093 -7.69287e-005
6.68 -2.09681 -7.23038e-005
6.69 -1.95667 -6.74715e-005
6.7 -1.82716 -6.30055e-005
6.71 -1.71528 -5.91475e-005
6.72 -1.61278 -5.56132e-005
6.73 -1.51354 -5.2191e-005
6.74 -1.43441 -4.94623e-005
6.75 -1.40888 -4.8582e-005
6.76 -1.4688 -5.06483e-005
6.77 -1.63658 -5.64337e-005
6.78 -1.91931 -6.6183e-005
6.79 -2.30293 -7.94113e-005
6.8 -2.75492 -9.49972e-005
6.81 -3.23935 -0.000111702
6.82 -3.73096 -0.000128654
6.83 -4.21284 -0.00014527
6.84 -4.65848 -0.000160637
6.85 -5.03669 -0.000173679
6.86 -5.33516 -0.000183971
6.87 -5.56161 -0.00019178
6.88 -5.72357 -0.000197364
6.89 -5.81403 -0.000200484
6.9 -5.82062 -0.000200711
6.91 -5.7504 -0.00019829
6.92 -5.63658 -0.000194365
6.93 -5.51142 -0.000190049
6.94 -5.3777 -0.000185438
6.95 -5.21458 -0.000179813
6.96 -5.00945 -0.00017274
6.97 -4.77683 -0.000164718
6.98 -4.54737 -0.000156806
6.99 -4.34654 -0.000149881
7 -4.19027 -0.000144492
7.01 -4.1008 -0.000141407
7.02 -4.10587 -0.000141582
7.03 -4.21056 -0.000145192
7.04 -4.37605 -0.000150898
7.05 -4.53038 -0.00015622
7.06 -4.61216 -0.00015904
7.07 -4.6156 -0.000159158
7.08 -4.58072 -0.000157956
7.09 -4.55019 -0.000156903
7.1 -4.53949 -0.000156534
7.11 -4.54139 -0.0001566
7.12 -4.54497 -0.000156723
7.13 -4.53942 -0.000156532
7.14 -4.51009 -0.00015552
7.15 -4.44383 -0.000153236
7.16 -4.33854 -0.000149605
7.17 -4.20321 -0.000144938
7.18 -4.05342 -0.000139773
7.19 -3.9094 -0.000134807
7.2 -3.79118 -0.00013073
7.21 -3.71458 -0.000128089
7.22 -3.69627 -0.000127458
7.23 -3.75144 -0.00012936
7.24 -3.87901 -0.000133759
7.25 -4.05463 -0.000139815
7.26 -4.24127 -0.000146251
7.27 -4.40941 -0.000152049
7.28 -4.54691 -0.00015679
7.29 -4.65291 -0.000160445
7.3 -4.73326 -0.000163216
7.31 -4.80501 -0.00016569
7.32 -4.88689 -0.000168514
7.33 -4.9662 -0.000171248
7.34 -4.98648 -0.000171947
7.35 -4.88665 -0.000168505
7.36 -4.65518 -0.000160523
7.37 -4.34169 -0.000149713
7.38 -4.01316 -0.000138385
7.39 -3.70239 -0.000127669
7.4 -3.40869 -0.000117541
7.41 -3.13315 -0.00010804
7.42 -2.89585 -9.98568e-005
7.43 -2.7177 -9.37137e-005
7.44 -2.58582 -8.9166e-005
7.45 -2.45293 -8.45838e-005
7.46 -2.27643 -7.84977e-005
7.47 -2.05416 -7.08331e-005
7.48 -1.82575 -6.29568e-005
7.49 -1.64481 -5.67177e-005
7.5 -1.54586 -5.33057e-005
7.51 -1.53268 -5.28509e-005
7.52 -1.59649 -5.50515e-005
7.53 -1.72888 -5.96166e-005
7.54 -1.91705 -6.61052e-005
7.55 -2.13741 -7.37037e-005
7.56 -2.34916 -8.10054e-005
7.57 -2.50523 -8.63871e-005
7.58 -2.59158 -8.93649e-005
7.59 -2.65111 -9.14175e-005
7.6 -2.74387 -9.46162e-005
7.61 -2.8859 -9.95137e-005
7.62 -3.03317 -0.000104592
7.63 -3.11688 -0.000107479
7.64 -3.09606 -0.000106761
7.65 -2.97846 -0.000102706
7.66 -2.8081 -9.68311e-005
7.67 -2.63959 -9.10203e-005
7.68 -2.49758 -8.61235e-005
7.69 -2.36711 -8.16245e-005
7.7 -2.22814 -7.68324e-005
7.71 -2.09128 -7.21132e-005
7.72 -1.988 -6.85517e-005
7.73 -1.935 -6.67243e-005
7.74 -1.92325 -6.63189e-005
7.75 -1.93969 -6.68858e-005
7.76 -1.98299 -6.83788e-005
7.77 -2.05402 -7.08284e-005
7.78 -2.14024 -7.38015e-005
7.79 -2.21303 -7.63115e-005
7.8 -2.24523 -7.74219e-005
7.81 -2.23452 -7.70525e-005
7.82 -2.21533 -7.63906e-005
7.83 -2.2517 -7.76449e-005
7.84 -2.40179 -8.28203e-005
7.85 -2.67895 -9.23775e-005
7.86 -3.05126 -0.000105216
7.87 -3.47148 -0.000119706
7.88 -3.89418 -0.000134282
7.89 -4.2778 -0.00014751
7.9 -4.5859 -0.000158134
7.91 -4.79291 -0.000165273
7.92 -4.89944 -0.000168946
7.93 -4.93801 -0.000170276
7.94 -4.95823 -0.000170973
7.95 -4.9971 -0.000172314
7.96 -5.05512 -0.000174314
7.97 -5.10641 -0.000176083
7.98 -5.12153 -0.000176605
7.99 -5.08669 -0.000175403
8 -5.0112 -0.0001728
8.01 -4.90855 -0.00016926
8.02 -4.76881 -0.000164442
8.03 -4.56366 -0.000157368
8.04 -4.28442 -0.000147739
8.05 -3.96193 -0.000136618
8.06 -3.63633 -0.000125391
8.07 -3.31622 -0.000114352
8.08 -2.9817 -0.000102817
8.09 -2.62305 -9.045e-005
8.1 -2.26149 -7.79824e-005
8.11 -1.93176 -6.66125e-005
8.12 -1.6628 -5.7338e-005
8.13 -1.47362 -5.08145e-005
8.14 -1.37094 -4.72738e-005
8.15 -1.34724 -4.64567e-005
8.16 -1.38526 -4.77676e-005
8.17 -1.46802 -5.06213e-005
8.18 -1.58754 -5.47426e-005
8.19 -1.74505 -6.0174e-005
8.2 -1.93842 -6.68419e-005
8.21 -2.15271 -7.42313e-005
8.22 -2.36301 -8.14831e-005
8.23 -2.53938 -8.75649e-005
8.24 -2.65376 -9.15091e-005
8.25 -2.69057 -9.27782e-005
8.26 -2.65115 -9.14191e-005
8.27 -2.54366 -8.77123e-005
8.28 -2.37301 -8.18279e-005
8.29 -2.14449 -7.39481e-005
8.3 -1.86412 -6.42801e-005
8.31 -1.52902 -5.2725e-005
8.32 -1.12821 -3.89037e-005
8.33 -0.659674 -2.27474e-005
8.34 -0.136079 -4.69239e-006
8.35 0.412989 1.4241e-005
8.36 0.966375 3.33233e-005
8.37 1.5161 5.22792e-005
8.38 2.06011 7.10383e-005
8.39 2.59183 8.93736e-005
8.4 3.10078 0.000106923
8.41 3.58295 0.00012355
8.42 4.04499 0.000139482
8.43 4.49404 0.000154967
8.44 4.9494 0.000170669
8.45 5.40721 0.000186455
8.46 5.86651 0.000202293
8.47 6.32733 0.000218184
8.48 6.77557 0.00023364
8.49 7.19287 0.00024803
8.5 7.59961 0.000262055
8.51 7.99601 0.000275724
8.52 8.35972 0.000288266
8.53 8.64931 0.000298252
8.54 8.84824 0.000305112
8.55 8.9622 0.000309041
8.56 9.03226 0.000311457
8.57 9.10802 0.00031407
8.58 9.22035 0.000317943
8.59 9.3728 0.0003232
8.6 9.56041 0.000329669
8.61 9.79965 0.000337919
8.62 10.1243 0.000349114
8.63 10.5539 0.000363927
8.64 11.0769 0.000381963
8.65 11.6947 0.000403267
8.66 12.3988 0.000427546
8.67 13.1426 0.000453192
8.68 13.8868 0.000478854
8.69 14.6008 0.000503475
8.7 15.2456 0.000525711
8.71 15.8246 0.000545676
8.72 16.3547 0.000563954
8.73 16.799 0.000579274
8.74 17.1116 0.000590056
8.75 17.2885 0.000596155
8.76 17.369 0.000598931
8.77 17.389 0.000599622
8.78 17.3471 0.000598177
8.79 17.1975 0.000593016
8.8 16.8877 0.000582336
8.81 16.3836 0.000564952
8.82 15.6837 0.000540816
8.83 14.8243 0.000511181
8.84 13.8853 0.000478803
8.85 12.9649 0.000447064
8.86 12.1377 0.000418541
8.87 11.4281 0.000394074
8.88 10.7997 0.000372402
8.89 10.1797 0.000351024
8.9 9.50931 0.000327907
8.91 8.77251 0.0003025
8.92 7.98286 0.000275271
8.93 7.15466 0.000246712
8.94 6.29692 0.000217135
8.95 5.41732 0.000186804
8.96 4.52142 0.000155911
8.97 3.6241 0.000124969
8.98 2.72368 9.39199e-005
8.99 1.84222 6.35247e-005
9 0.985298 3.39758e-005
9.01 0.171303 5.90699e-006
9.02 -0.588527 -2.0294e-005
9.03 -1.30516 -4.50055e-005
9.04 -1.99979 -6.89581e-005
9.05 -2.67314 -9.21772e-005
9.06 -3.32167 -0.00011454
9.07 -3.93885 -0.000135822
9.08 -4.53107 -0.000156244
9.09 -5.1042 -0.000176007
9.1 -5.66939 -0.000195496
9.11 -6.23205 -0.000214898
9.12 -6.78765 -0.000234057
9.13 -7.32519 -0.000252593
9.14 -7.84649 -0.000270569
9.15 -8.37036 -0.000288633
9.16 -8.92139 -0.000307634
9.17 -9.50835 -0.000327874
9.18 -10.1205 -0.000348983
9.19 -10.7063 -0.000369182
9.2 -11.2284 -0.000387188
9.21 -11.6823 -0.000402839
9.22 -12.0896 -0.000416883
9.23 -12.4783 -0.000430286
9.24 -12.8722 -0.000443869
9.25 -13.2704 -0.000457601
9.26 -13.6648 -0.000471198
9.27 -14.0551 -0.00048466
9.28 -14.463 -0.000498724
9.29 -14.9278 -0.000514751
9.3 -15.4568 -0.000532995
9.31 -16.0178 -0.000552338
9.32 -16.5748 -0.000571544
9.33 -17.0878 -0.000589236
9.34 -17.5329 -0.000604581
9.35 -17.89 -0.000616896
9.36 -18.1402 -0.000625523
9.37 -18.2846 -0.000630504
9.38 -18.3293 -0.000632046
9.39 -18.2818 -0.000630406
9.4 -18.1613 -0.000626253
9.41 -18.0027 -0.000620782
9.42 -17.8489 -0.000615479
9.43 -17.7287 -0.000611336
9.44 -17.6406 -0.000608298
9.45 -17.566 -0.000605724
9.46 -17.4808 -0.000602788
9.47 -17.3794 -0.00059929
9.48 -17.2796 -0.000595849
9.49 -17.2001 -0.000593108
9.5 -17.1395 -0.000591017
9.51 -17.0598 -0.00058827
9.52 -16.9136 -0.000583229
9.53 -16.6858 -0.000575374
9.54 -16.4064 -0.000565738
9.55 -16.1246 -0.000556019
9.56 -15.8739 -0.000547375
9.57 -15.6615 -0.00054005
9.58 -15.4816 -0.000533849
9.59 -15.3383 -0.000528906
9.6 -15.2428 -0.000525612
9.61 -15.1896 -0.000523778
9.62 -15.1459 -0.000522273
9.63 -15.0726 -0.000519745
9.64 -14.9608 -0.000515888
9.65 -14.8404 -0.000511736
9.66 -14.7556 -0.000508813
9.67 -14.7259 -0.00050779
9.68 -14.7276 -0.000507847
9.69 -14.715 -0.000507414
9.7 -14.6627 -0.000505609
9.71 -14.5728 -0.000502512
9.72 -14.4501 -0.000498281
9.73 -14.2889 -0.000492722
9.74 -14.094 -0.000486001
9.75 -13.8889 -0.000478929
9.76 -13.6911 -0.000472106
9.77 -13.4822 -0.000464905
9.78 -13.2247 -0.000456023
9.79 -12.8936 -0.000444605
9.8 -12.4922 -0.000430767
9.81 -12.0596 -0.00041585
9.82 -11.6434 -0.000401497
9.83 -11.2918 -0.000389373
9.84 -11.0247 -0.000380161
9.85 -10.8329 -0.000373547
9.86 -10.7015 -0.000369017
9.87 -10.6228 -0.000366305
9.88 -10.5984 -0.000365461
9.89 -10.6247 -0.00036637
9.9 -10.6874 -0.00036853
9.91 -10.7739 -0.000371513
9.92 -10.8853 -0.000375356
9.93 -11.0298 -0.000380337
9.94 -11.206 -0.000386414
9.95 -11.3978 -0.000393029
9.96 -11.5904 -0.000399668
9.97 -11.7757 -0.000406059
9.98 -11.9468 -0.000411959
9.99 -12.0892 -0.000416868
10 -12.168 -0.000419586
