0.1 -1.83493e-006 -4.59664e-023 -1.0938e-023 -9.38083e-011 -9.38083e-011
0.2 -3.67047e-006 -9.33449e-023 -1.55004e-023 -1.87642e-010 -1.87642e-010
0.3 -5.50663e-006 -1.61637e-022 -6.93207e-023 -2.81501e-010 -2.81501e-010
0.4 -7.34339e-006 -1.37656e-022 -7.68455e-023 -3.75386e-010 -3.75386e-010
0.5 -9.18075e-006 -1.85106e-022 -4.85639e-023 -4.69297e-010 -4.69297e-010
0.6 -1.10187e-005 -4.8961e-022 -4.30259e-023 -5.63234e-010 -5.63234e-010
0.7 -1.28573e-005 -3.14625e-022 -4.84306e-023 -6.57197e-010 -6.57197e-010
0.8 -1.46964e-005 -3.59424e-022 3.92973e-024 -7.51186e-010 -7.51186e-010
0.9 -1.65361e-005 -3.4283e-022 -1.17537e-022 -8.45202e-010 -8.45202e-010
1 -1.83764e-005 -6.39433e-024 -2.41331e-023 -9.39244e-010 -9.39244e-010
0.01 -1.83726e-005 3.7043e-021 -2.91553e-022 -9.40256e-010 -9.40256e-010
0.02 -1.83608e-005 -3.14615e-013 -2.28517e-014 -9.45277e-010 -9.45277e-010
0.03 -1.83433e-005 1.67896e-013 1.59083e-014 -9.5609e-010 -9.5609e-010
0.04 -1.8324e-005 -4.27938e-014 1.09817e-013 -9.69712e-010 -9.69712e-010
0.05 -1.83047e-005 2.95995e-013 4.9877e-015 -9.81907e-010 -9.81907e-010
0.06 -1.8288e-005 -2.26502e-013 3.80449e-014 -9.92362e-010 -9.92362e-010
0.07 -1.82763e-005 6.52236e-014 -1.40466e-014 -1.00347e-009 -1.00347e-009
0.08 -1.82708e-005 -9.70566e-014 -8.66348e-014 -1.01599e-009 -1.01599e-009
0.09 -1.82719e-005 5.1999e-014 5.87624e-015 -1.02803e-009 -1.02803e-009
0.1 -1.82793e-005 -3.53714e-014 6.41843e-014 -1.03716e-009 -1.03716e-009
0.11 -1.82922e-005 2.11128e-013 -3.78658e-013 -1.04238e-009 -1.04238e-009
0.12 -1.83101e-005 -4.09124e-013 7.14703e-013 -1.04416e-009 -1.04416e-009
0.13 -1.8332e-005 1.05919e-012 -1.24806e-012 -1.04382e-009 -1.04382e-009
0.14 -1.83571e-005 -1.50037e-012 3.98769e-012 -1.0433e-009 -1.0433e-009
0.15 -1.8385e-005 4.60631e-013 -1.62707e-013 -1.04489e-009 -1.04489e-009
0.16 -1.84153e-005 1.81639e-012 -5.19812e-013 -1.05074e-009 -1.05074e-009
0.17 -1.84475e-005 1.60645e-012 1.5884e-013 -1.06201e-009 -1.06201e-009
0.18 -1.84813e-005 2.59858e-012 -7.54774e-013 -1.07855e-009 -1.07855e-009
0.19 -1.85165e-005 1.89812e-012 -1.52139e-013 -1.09921e-009 -1.09921e-009
0.2 -1.85533e-005 -3.00478e-012 -1.40839e-012 -1.12255e-009 -1.12255e-009
0.21 -1.85916e-005 -7.85508e-013 -7.97763e-013 -1.14718e-009 -1.14718e-009
0.22 -1.86316e-005 2.21467e-012 1.62939e-012 -1.17159e-009 -1.17159e-009
0.23 -1.86733e-005 5.72021e-013 4.49529e-013 -1.19388e-009 -1.19388e-009
0.24 -1.87168e-005 -6.67297e-012 -3.7845e-012 -1.21178e-009 -1.21178e-009
0.25 -1.87623e-005 -3.05288e-012 -1.66187e-012 -1.22322e-009 -1.22322e-009
0.26 -1.88099e-005 -4.50945e-013 3.7215e-012 -1.22679e-009 -1.22679e-009
0.27 -1.88601e-005 -1.76691e-012 1.04521e-012 -1.22191e-009 -1.22191e-009
0.28 -1.89135e-005 2.61692e-012 -2.48637e-012 -1.20888e-009 -1.20888e-009
0.29 -1.89707e-005 3.91156e-013 -6.32297e-013 -1.18949e-009 -1.18949e-009
0.3 -1.90316e-005 -1.39571e-013 3.18603e-013 -1.16787e-009 -1.16787e-009
0.31 -1.90957e-005 6.56001e-014 -1.58047e-013 -1.14967e-009 -1.14967e-009
0.32 -1.91622e-005 -2.86345e-014 6.86563e-014 -1.13901e-009 -1.13901e-009
0.33 -1.92296e-005 1.12802e-014 -3.15242e-014 -1.1361e-009 -1.1361e-009
0.34 -1.92965e-005 -3.91398e-014 3.06479e-017 -1.1381e-009 -1.1381e-009
0.35 -1.93623e-005 -1.93693e-014 -1.52088e-014 -1.14163e-009 -1.14163e-009
0.36 -1.94268e-005 -2.22197e-014 -7.82903e-015 -1.14434e-009 -1.14434e-009
0.37 -1.94902e-005 -1.97408e-014 -1.96165e-014 -1.14496e-009 -1.14496e-009
0.38 -1.95522e-005 1.99915e-014 6.13627e-015 -1.14245e-009 -1.14245e-009
0.39 -1.96121e-005 -4.72388e-014 -1.14031e-014 -1.13517e-009 -1.13517e-009
0.4 -1.96691e-005 -2.65933e-014 -3.92071e-015 -1.12134e-009 -1.12134e-009
0.41 -1.9723e-005 -2.53536e-014 1.53469e-015 -1.10095e-009 -1.10095e-009
0.42 -1.97738e-005 -3.16682e-014 -1.12009e-014 -1.07634e-009 -1.07634e-009
0.43 -1.98213e-005 -1.32123e-011 6.21881e-013 -1.05072e-009 -1.05072e-009
0.44 -1.98656e-005 -6.61242e-012 3.11403e-013 -1.02583e-009 -1.02583e-009
0.45 -1.99062e-005 -7.64759e-012 -4.04237e-012 -1.00133e-009 -1.00133e-009
0.46 -1.99431e-005 -7.13109e-012 -1.86472e-012 -9.7639e-010 -9.7639e-010
0.47 -1.99767e-005 -3.74293e-012 -2.49461e-012 -9.51197e-010 -9.51197e-010
0.48 -2.00073e-005 -5.44446e-012 -2.1806e-012 -9.26544e-010 -9.26544e-010
0.49 -2.00348e-005 -3.38497e-012 -5.15102e-012 -9.0286e-010 -9.0286e-010
0.5 -2.00589e-005 -4.42581e-012 -3.66364e-012 -8.80052e-010 -8.80052e-010
0.51 -2.00796e-005 3.75742e-012 3.4612e-012 -8.57494e-010 -8.57494e-010
0.52 -2.00963e-005 -6.63004e-012 -7.37953e-012 -8.34286e-010 -8.34286e-010
0.53 -2.0108e-005 5.31074e-012 8.11513e-012 -8.0985e-010 -8.0985e-010
0.54 -2.01144e-005 -2.03761e-012 -7.12947e-012 -7.83395e-010 -7.83395e-010
0.55 -2.01163e-005 6.1621e-013 4.30681e-012 -7.52727e-010 -7.52727e-010
0.56 -2.01148e-005 -5.78232e-013 -2.85086e-012 -7.15376e-010 -7.15376e-010
0.57 -2.01093e-005 5.00256e-013 2.70958e-012 -6.71969e-010 -6.71969e-010
0.58 -2.00978e-005 -2.36137e-013 -2.56493e-012 -6.27558e-010 -6.27558e-010
0.59 -2.0079e-005 -2.12115e-013 1.69919e-012 -5.88002e-010 -5.88002e-010
0.6 -2.0053e-005 7.54534e-013 -1.31907e-012 -5.54552e-010 -5.54552e-010
0.61 -2.0021e-005 -5.21494e-013 1.01345e-012 -5.23235e-010 -5.23235e-010
0.62 -1.99841e-005 5.40705e-013 -7.57472e-013 -4.90327e-010 -4.90327e-010
0.63 -1.99434e-005 -3.02687e-013 4.90271e-013 -4.55817e-010 -4.55817e-010
0.64 -1.99004e-005 1.98096e-013 -2.70307e-013 -4.19425e-010 -4.19425e-010
0.65 -1.98553e-005 -1.21899e-013 1.92899e-013 -3.77675e-010 -3.77675e-010
0.66 -1.98077e-005 1.00969e-013 -1.0019e-013 -3.29399e-010 -3.29399e-010
0.67 -1.97576e-005 -7.42559e-014 1.39754e-013 -2.80026e-010 -2.80026e-010
0.68 -1.97053e-005 3.72422e-014 -1.20347e-014 -2.35395e-010 -2.35395e-010
0.69 -1.96505e-005 -2.42031e-014 5.90819e-014 -1.94048e-010 -1.94048e-010
0.7 -1.95926e-005 1.26028e-014 -1.66466e-015 -1.49371e-010 -1.49371e-010
0.71 -1.95321e-005 2.86106e-014 -1.5181e-014 -9.77112e-011 -9.77112e-011
0.72 -1.94705e-005 -4.57992e-014 8.79478e-014 -4.28635e-011 -4.28635e-011
0.73 -1.94095e-005 4.96917e-015 2.2293e-014 5.1553e-012 5.1553e-012
0.74 -1.93485e-005 -2.79851e-014 6.78461e-014 3.48931e-011 3.48931e-011
0.75 -1.92853e-005 8.89622e-015 4.65222e-015 3.96764e-011 3.96764e-011
0.76 -1.92176e-005 -1.2618e-015 2.47889e-014 2.14111e-011 2.14111e-011
0.77 -1.91449e-005 3.8329e-015 1.46894e-014 -1.0822e-011 -1.0822e-011
0.78 -1.90682e-005 -1.07958e-014 3.59344e-014 -4.45467e-011 -4.45467e-011
0.79 -1.89895e-005 -1.40439e-014 3.61102e-014 -6.67878e-011 -6.67878e-011
0.8 -1.89101e-005 1.32424e-013 -1.29406e-013 -6.77509e-011 -6.77509e-011
0.81 -1.88313e-005 -3.04241e-013 3.47262e-013 -4.52238e-011 -4.52238e-011
0.82 -1.87556e-005 3.64887e-013 -3.4673e-013 -5.03675e-012 -5.03675e-012
0.83 -1.86853e-005 -5.40699e-013 6.09919e-013 4.34489e-011 4.34489e-011
0.84 -1.86213e-005 4.78162e-013 -5.26581e-013 9.24421e-011 9.24421e-011
0.85 -1.85636e-005 -5.49277e-013 6.19927e-013 1.38368e-010 1.38368e-010
0.86 -1.85115e-005 1.73265e-013 -8.77836e-014 1.81945e-010 1.81945e-010
0.87 -1.84616e-005 -1.68683e-013 1.70163e-013 2.2399e-010 2.2399e-010
0.88 -1.84085e-005 6.25029e-014 -6.63336e-014 2.57938e-010 2.57938e-010
0.89 -1.83488e-005 -4.71084e-014 1.07616e-013 2.70427e-010 2.70427e-010
0.9 -1.82838e-005 -7.64793e-014 -1.82676e-014 2.55118e-010 2.55118e-010
0.91 -1.82164e-005 4.54908e-014 4.00766e-014 2.2355e-010 2.2355e-010
0.92 -1.81466e-005 -3.06649e-014 3.76223e-014 1.97165e-010 1.97165e-010
0.93 -1.80706e-005 -4.7551e-014 1.6179e-014 1.89962e-010 1.89962e-010
0.94 -1.79855e-005 -6.41794e-014 1.68475e-014 2.03686e-010 2.03686e-010
0.95 -1.78944e-005 4.19632e-014 3.27232e-014 2.36905e-010 2.36905e-010
0.96 -1.78048e-005 -1.5578e-014 1.75049e-014 2.89696e-010 2.89696e-010
0.97 -1.77227e-005 2.58384e-014 1.21442e-014 3.5761e-010 3.5761e-010
0.98 -1.76488e-005 -1.67918e-013 2.76424e-013 4.26407e-010 4.26407e-010
0.99 -1.75815e-005 -9.91095e-014 6.27173e-014 4.77775e-010 4.77775e-010
1 -1.75211e-005 5.29081e-014 -4.33349e-015 5.0279e-010 5.0279e-010
1.01 -1.747e-005 -2.33359e-014 2.92956e-014 5.06678e-010 5.06678e-010
1.02 -1.74309e-005 1.49041e-014 1.24291e-014 4.9789e-010 4.9789e-010
1.03 -1.74044e-005 -4.27504e-015 2.08884e-014 4.80884e-010 4.80884e-010
1.04 -1.73881e-005 5.34419e-015 1.66457e-014 4.65749e-010 4.65749e-010
1.05 -1.73766e-005 5.1969e-016 1.87736e-014 4.73031e-010 4.73031e-010
1.06 -1.73652e-005 2.9394e-015 1.77063e-014 5.16099e-010 5.16099e-010
1.07 -1.73515e-005 1.7258e-015 1.82416e-014 5.84754e-010 5.84754e-010
1.08 -1.73372e-005 2.33448e-015 1.79732e-014 6.57521e-010 6.57521e-010
1.09 -1.73262e-005 -3.46811e-015 1.56079e-014 7.25239e-010 7.25239e-010
1.1 -1.73188e-005 -2.24647e-015 1.60264e-014 7.89601e-010 7.89601e-010
1.11 -1.73116e-005 4.32665e-015 1.90843e-014 8.42463e-010 8.42463e-010
1.12 -1.73026e-005 1.03005e-015 1.75505e-014 8.66118e-010 8.66118e-010
1.13 -1.72945e-005 2.68341e-015 1.83198e-014 8.58021e-010 8.58021e-010
1.14 -1.72943e-005 -3.22123e-015 1.56259e-014 8.37143e-010 8.37143e-010
1.15 -1.73117e-005 -5.84537e-015 1.4437e-014 8.20529e-010 8.20529e-010
1.16 -1.73552e-005 6.13175e-015 1.98814e-014 8.1162e-010 8.1162e-010
1.17 -1.74256e-005 1.2468e-016 1.71508e-014 8.15247e-010 8.15247e-010
1.18 -1.75132e-005 3.13752e-015 1.85203e-014 8.46695e-010 8.46695e-010
1.19 -1.76058e-005 -5.12861e-013 1.60331e-012 9.19666e-010 9.19666e-010
1.2 -1.76946e-005 -4.91925e-013 7.1183e-013 1.03096e-009 1.03096e-009
1.21 -1.77767e-005 1.20468e-013 -1.72802e-013 1.15844e-009 1.15844e-009
1.22 -1.78529e-005 3.12497e-014 5.78589e-014 1.27158e-009 1.27158e-009
1.23 -1.79256e-005 1.45917e-013 -1.91912e-013 1.3434e-009 1.3434e-009
1.24 -1.7998e-005 -5.80431e-013 8.04278e-013 1.35783e-009 1.35783e-009
1.25 -1.80729e-005 -1.87815e-013 2.33638e-013 1.31586e-009 1.31586e-009
1.26 -1.81532e-005 2.60176e-013 -3.71092e-013 1.23863e-009 1.23863e-009
1.27 -1.82406e-005 -1.77643e-013 7.93574e-013 1.15921e-009 1.15921e-009
1.28 -1.83349e-005 1.64494e-013 -1.28497e-012 1.10641e-009 1.10641e-009
1.29 -1.84339e-005 4.04725e-014 2.04746e-012 1.09472e-009 1.09472e-009
1.3 -1.85331e-005 6.91175e-014 -7.5951e-013 1.12541e-009 1.12541e-009
1.31 -1.86283e-005 2.01467e-013 7.82755e-013 1.19589e-009 1.19589e-009
1.32 -1.87196e-005 1.2308e-014 -1.94526e-013 1.30861e-009 1.30861e-009
1.33 -1.88111e-005 -1.53029e-013 -7.29649e-013 1.46486e-009 1.46486e-009
1.34 -1.89106e-005 7.00403e-013 1.64586e-012 1.65143e-009 1.65143e-009
1.35 -1.90241e-005 2.63274e-013 -5.73972e-013 1.84772e-009 1.84772e-009
1.36 -1.91488e-005 3.96594e-013 4.69687e-013 2.04383e-009 2.04383e-009
1.37 -1.92741e-005 8.065e-013 -1.32708e-012 2.23199e-009 2.23199e-009
1.38 -1.93897e-005 1.05916e-014 -1.10094e-012 2.38054e-009 2.38054e-009
1.39 -1.94928e-005 -1.23402e-013 -6.4635e-013 2.43798e-009 2.43798e-009
1.4 -1.95876e-005 -1.23757e-013 -5.09382e-013 2.37441e-009 2.37441e-009
1.41 -1.96749e-005 4.48868e-015 5.78065e-013 2.21375e-009 2.21375e-009
1.42 -1.9746e-005 5.78968e-013 -9.27093e-013 2.02434e-009 2.02434e-009
1.43 -1.97926e-005 -1.83204e-013 3.80369e-013 1.88704e-009 1.88704e-009
1.44 -1.98151e-005 2.67448e-013 -2.24025e-013 1.86267e-009 1.86267e-009
1.45 -1.98225e-005 -1.33408e-013 7.22598e-014 1.95991e-009 1.95991e-009
1.46 -1.9827e-005 9.16319e-014 -2.69475e-013 2.12173e-009 2.12173e-009
1.47 -1.9834e-005 5.86228e-014 3.45118e-014 2.25903e-009 2.25903e-009
1.48 -1.98356e-005 -1.67489e-014 8.49198e-015 2.31044e-009 2.31044e-009
1.49 -1.98138e-005 2.11904e-014 2.16573e-014 2.26431e-009 2.26431e-009
1.5 -1.9753e-005 1.24072e-013 6.30236e-015 2.12731e-009 2.12731e-009
1.51 -1.96503e-005 -1.66973e-013 -5.78935e-014 1.90585e-009 1.90585e-009
1.52 -1.95163e-005 1.69654e-012 1.48831e-013 1.63936e-009 1.63936e-009
1.53 -1.93646e-005 -8.61526e-013 1.57422e-013 1.41674e-009 1.41674e-009
1.54 -1.92026e-005 8.71427e-013 -9.39823e-014 1.31392e-009 1.31392e-009
1.55 -1.90358e-005 4.25714e-014 3.10482e-013 1.32137e-009 1.32137e-009
1.56 -1.88688e-005 -1.30328e-013 -7.97295e-014 1.36199e-009 1.36199e-009
1.57 -1.8705e-005 1.48711e-013 3.9148e-015 1.37118e-009 1.37118e-009
1.58 -1.85484e-005 -8.18337e-014 3.3041e-014 1.33452e-009 1.33452e-009
1.59 -1.84046e-005 8.07287e-014 -2.12091e-014 1.25573e-009 1.25573e-009
1.6 -1.82756e-005 -3.72892e-014 3.77595e-014 1.11543e-009 1.11543e-009
1.61 -1.81517e-005 2.19023e-014 8.18401e-015 8.72523e-010 8.72523e-010
1.62 -1.80168e-005 -7.785e-015 2.30175e-014 5.0631e-010 5.0631e-010
1.63 -1.78696e-005 7.10459e-015 1.55778e-014 5.88266e-011 5.88266e-011
1.64 -1.77349e-005 -3.63236e-016 1.93092e-014 -3.65418e-010 -3.65418e-010
1.65 -1.76444e-005 3.38223e-015 1.74377e-014 -6.4959e-010 -6.4959e-010
1.66 -1.76101e-005 1.5037e-015 1.83764e-014 -7.28486e-010 -7.28486e-010
1.67 -1.76186e-005 2.44587e-015 1.79056e-014 -6.15642e-010 -6.15642e-010
1.68 -1.76441e-005 1.97333e-015 1.81417e-014 -3.75007e-010 -3.75007e-010
1.69 -1.76648e-005 2.21033e-015 1.80233e-014 -7.38559e-011 -7.38559e-011
1.7 -1.76684e-005 2.09147e-015 1.80827e-014 2.34265e-010 2.34265e-010
1.71 -1.76488e-005 2.15108e-015 1.80529e-014 5.01637e-010 5.01637e-010
1.72 -1.76091e-005 2.12118e-015 1.80678e-014 6.92155e-010 6.92155e-010
1.73 -1.75628e-005 2.13618e-015 1.80603e-014 7.9524e-010 7.9524e-010
1.74 -1.75282e-005 2.12866e-015 1.80641e-014 8.13126e-010 8.13126e-010
1.75 -1.75233e-005 2.13243e-015 1.80622e-014 7.36513e-010 7.36513e-010
1.76 -1.75636e-005 2.13054e-015 1.80631e-014 5.51949e-010 5.51949e-010
1.77 -1.76551e-005 2.13149e-015 1.80627e-014 2.70743e-010 2.70743e-010
1.78 -1.77868e-005 2.13101e-015 1.80629e-014 -6.50838e-011 -6.50838e-011
1.79 -1.7932e-005 2.13125e-015 1.80628e-014 -3.94121e-010 -3.94121e-010
1.8 -1.80658e-005 2.13113e-015 1.80629e-014 -6.29084e-010 -6.29084e-010
1.81 -1.8179e-005 -2.13956e-012 -1.52336e-012 -6.58669e-010 -6.58669e-010
1.82 -1.82777e-005 -4.43518e-013 -1.10246e-012 -4.04114e-010 -4.04114e-010
1.83 -1.83731e-005 4.0398e-013 4.49203e-013 1.10503e-010 1.10503e-010
1.84 -1.8473e-005 -8.67131e-013 -8.15422e-013 7.58046e-010 7.58046e-010
1.85 -1.8576e-005 -1.2428e-013 -3.29476e-013 1.38091e-009 1.38091e-009
1.86 -1.8672e-005 1.3625e-013 1.30357e-013 1.85772e-009 1.85772e-009
1.87 -1.87531e-005 -6.51356e-014 -3.82581e-014 2.12343e-009 2.12343e-009
1.88 -1.88262e-005 3.58686e-014 4.63104e-014 2.18544e-009 2.18544e-009
1.89 -1.89073e-005 -4.58744e-014 7.75383e-015 2.14348e-009 2.14348e-009
1.9 -1.90023e-005 -1.22382e-013 4.32448e-014 2.13336e-009 2.13336e-009
1.91 -1.91007e-005 7.60034e-014 -3.38203e-015 2.19822e-009 2.19822e-009
1.92 -1.91861e-005 -5.55708e-014 4.74346e-014 2.24508e-009 2.24508e-009
1.93 -1.92471e-005 2.39791e-013 -2.243e-013 2.1536e-009 2.1536e-009
1.94 -1.92823e-005 -1.17066e-013 1.39619e-013 1.8863e-009 1.8863e-009
1.95 -1.92985e-005 6.19143e-014 -4.29033e-014 1.47477e-009 1.47477e-009
1.96 -1.93083e-005 -2.78529e-014 4.86402e-014 9.55994e-010 9.55994e-010
1.97 -1.93265e-005 1.71696e-014 2.72684e-015 3.68068e-010 3.68068e-010
1.98 -1.93604e-005 -5.41129e-015 2.57546e-014 -2.23845e-010 -2.23845e-010
1.99 -1.94061e-005 5.91407e-015 1.42051e-014 -7.51224e-010 -7.51224e-010
2 -1.94504e-005 2.33868e-016 1.99977e-014 -1.19201e-009 -1.19201e-009
2.01 -1.94752e-005 3.08276e-015 1.70924e-014 -1.56487e-009 -1.56487e-009
2.02 -1.94617e-005 1.6539e-015 1.85495e-014 -1.86613e-009 -1.86613e-009
2.03 -1.93942e-005 2.37054e-015 1.78187e-014 -2.03483e-009 -2.03483e-009
2.04 -1.92665e-005 -1.17659e-014 -3.28317e-013 -2.00145e-009 -2.00145e-009
2.05 -1.90905e-005 1.23746e-013 -2.69854e-013 -1.76518e-009 -1.76518e-009
2.06 -1.88933e-005 6.40709e-014 -4.03658e-013 -1.41262e-009 -1.41262e-009
2.07 -1.86996e-005 -1.07102e-012 -1.21731e-012 -1.09156e-009 -1.09156e-009
2.08 -1.85196e-005 -5.21087e-013 -1.98585e-013 -9.96486e-010 -9.96486e-010
2.09 -1.8353e-005 -1.81911e-013 -1.58083e-013 -1.33299e-009 -1.33299e-009
2.1 -1.81994e-005 -1.80006e-013 -4.8528e-013 -2.21249e-009 -2.21249e-009
2.11 -1.80626e-005 1.9979e-013 -5.88346e-013 -3.54836e-009 -3.54836e-009
2.12 -1.79441e-005 -6.32853e-014 -6.35564e-013 -5.0751e-009 -5.0751e-009
2.13 -1.78396e-005 2.32909e-013 -9.05555e-013 -6.48926e-009 -6.48926e-009
2.14 -1.77412e-005 9.92139e-013 -1.57623e-012 -7.57901e-009 -7.57901e-009
2.15 -1.7639e-005 2.58274e-013 -8.929e-013 -8.24619e-009 -8.24619e-009
2.16 -1.75282e-005 4.08727e-013 -4.11399e-013 -8.45843e-009 -8.45843e-009
2.17 -1.74131e-005 3.79035e-013 5.17205e-013 -8.22539e-009 -8.22539e-009
2.18 -1.73048e-005 -9.05264e-013 -5.05275e-013 -7.63838e-009 -7.63838e-009
2.19 -1.72161e-005 -6.96191e-013 -1.25293e-012 -6.90676e-009 -6.90676e-009
2.2 -1.71575e-005 3.66076e-013 6.16254e-013 -6.2881e-009 -6.2881e-009
2.21 -1.71328e-005 -8.22135e-014 -4.68738e-013 -5.94416e-009 -5.94416e-009
2.22 -1.71356e-005 4.02214e-013 -2.62992e-013 -5.88699e-009 -5.88699e-009
2.23 -1.71529e-005 5.18163e-014 -1.54423e-013 -6.06682e-009 -6.06682e-009
2.24 -1.7175e-005 -2.27883e-014 1.04573e-013 -6.46066e-009 -6.46066e-009
2.25 -1.7203e-005 1.84175e-013 -1.94805e-013 -7.05141e-009 -7.05141e-009
2.26 -1.72458e-005 1.02887e-012 -1.14819e-012 -7.76766e-009 -7.76766e-009
2.27 -1.73164e-005 1.31679e-012 -1.88453e-012 -8.49099e-009 -8.49099e-009
2.28 -1.74298e-005 2.09098e-013 -6.82658e-013 -9.10933e-009 -9.10933e-009
2.29 -1.75952e-005 -1.129e-013 2.1576e-013 -9.55045e-009 -9.55045e-009
2.3 -1.78118e-005 4.17239e-013 1.30133e-012 -9.80226e-009 -9.80226e-009
2.31 -1.80699e-005 -9.0914e-014 1.6484e-012 -9.92459e-009 -9.92459e-009
2.32 -1.83524e-005 5.38067e-012 -4.08503e-012 -1.00092e-008 -1.00092e-008
2.33 -1.86376e-005 1.25515e-011 -9.36778e-012 -1.01026e-008 -1.01026e-008
2.34 -1.89057e-005 3.17191e-012 -1.07992e-012 -1.01735e-008 -1.01735e-008
2.35 -1.91435e-005 -1.04025e-012 2.7377e-012 -1.01511e-008 -1.01511e-008
2.36 -1.93457e-005 9.18216e-013 -6.50694e-013 -9.97461e-009 -9.97461e-009
2.37 -1.95126e-005 4.28175e-013 8.57574e-013 -9.60868e-009 -9.60868e-009
2.38 -1.96476e-005 5.27659e-013 -8.60116e-014 -9.04625e-009 -9.04625e-009
2.39 -1.97595e-005 2.95448e-013 2.02409e-013 -8.30784e-009 -8.30784e-009
2.4 -1.98565e-005 3.67193e-013 2.57218e-013 -7.4356e-009 -7.4356e-009
2.41 -1.99353e-005 -1.04e-013 2.79363e-013 -6.50266e-009 -6.50266e-009
2.42 -1.99848e-005 1.00621e-012 1.52996e-012 -5.62629e-009 -5.62629e-009
2.43 -1.99991e-005 -1.2017e-013 -6.28702e-013 -4.94095e-009 -4.94095e-009
2.44 -1.99807e-005 4.34129e-014 3.87716e-013 -4.54974e-009 -4.54974e-009
2.45 -1.99361e-005 6.1864e-013 -1.79476e-013 -4.49364e-009 -4.49364e-009
2.46 -1.98723e-005 4.33433e-013 -3.72694e-014 -4.7178e-009 -4.7178e-009
2.47 -1.97952e-005 -1.20995e-012 1.86958e-013 -5.04042e-009 -5.04042e-009
2.48 -1.97084e-005 6.10046e-013 -6.6646e-014 -5.19951e-009 -5.19951e-009
2.49 -1.9613e-005 -3.02767e-013 6.05483e-014 -4.98524e-009 -4.98524e-009
2.5 -1.95056e-005 1.55052e-013 -3.24561e-015 -4.34742e-009 -4.34742e-009
2.51 -1.93802e-005 -7.45657e-014 2.875e-014 -3.39067e-009 -3.39067e-009
2.52 -1.92341e-005 4.05982e-014 1.27027e-014 -2.28967e-009 -2.28967e-009
2.53 -1.90683e-005 -1.71619e-014 2.07512e-014 -1.21167e-009 -1.21167e-009
2.54 -1.88858e-005 1.18075e-014 1.67145e-014 -2.79014e-010 -2.79014e-010
2.55 -1.86928e-005 -2.72198e-015 1.87391e-014 4.52235e-010 4.52235e-010
2.56 -1.84987e-005 4.56525e-015 1.77237e-014 1.00121e-009 1.00121e-009
2.57 -1.83156e-005 9.10362e-016 1.82329e-014 1.43552e-009 1.43552e-009
2.58 -1.81566e-005 2.74346e-015 1.79775e-014 1.81617e-009 1.81617e-009
2.59 -1.80291e-005 1.82408e-015 1.81056e-014 2.15577e-009 2.15577e-009
2.6 -1.79303e-005 2.28519e-015 1.80414e-014 2.41838e-009 2.41838e-009
2.61 -1.78529e-005 2.05392e-015 1.80736e-014 2.55375e-009 2.55375e-009
2.62 -1.7794e-005 2.16991e-015 1.80574e-014 2.53677e-009 2.53677e-009
2.63 -1.77534e-005 2.11174e-015 1.80655e-014 2.38557e-009 2.38557e-009
2.64 -1.77229e-005 -2.52836e-015 2.4182e-014 2.14477e-009 2.14477e-009
2.65 -1.76802e-005 2.58305e-015 1.6994e-014 1.83741e-009 1.83741e-009
2.66 -1.76008e-005 1.90453e-015 1.85989e-014 1.43156e-009 1.43156e-009
2.67 -1.74788e-005 2.24484e-015 1.7794e-014 8.79574e-010 8.79574e-010
2.68 -1.73323e-005 -1.16043e-012 5.13935e-013 2.04142e-010 2.04142e-010
2.69 -1.71879e-005 -2.37705e-012 1.58135e-012 -4.65046e-010 -4.65046e-010
2.7 -1.70604e-005 -4.11615e-013 6.44724e-013 -9.51016e-010 -9.51016e-010
2.71 -1.69437e-005 -6.31098e-013 2.71325e-013 -1.12885e-009 -1.12885e-009
2.72 -1.68193e-005 1.72822e-013 -9.35979e-014 -9.70917e-010 -9.70917e-010
2.73 -1.6675e-005 -2.86398e-013 6.11061e-013 -5.17479e-010 -5.17479e-010
2.74 -1.65198e-005 -5.20139e-013 5.90019e-013 1.52365e-010 1.52365e-010
2.75 -1.63787e-005 -1.51143e-013 4.70612e-013 8.963e-010 8.963e-010
2.76 -1.62744e-005 -3.22295e-013 2.81043e-013 1.50105e-009 1.50105e-009
2.77 -1.62182e-005 -2.81547e-012 2.80651e-012 1.77248e-009 1.77248e-009
2.78 -1.6217e-005 -1.24865e-013 8.14913e-013 1.6498e-009 1.6498e-009
2.79 -1.62804e-005 6.81757e-014 -3.86155e-013 1.21722e-009 1.21722e-009
2.8 -1.64132e-005 -3.56539e-015 1.88114e-013 6.29631e-010 6.29631e-010
2.81 -1.6601e-005 4.98831e-015 -6.72257e-014 4.13178e-011 4.13178e-011
2.82 -1.68107e-005 6.98167e-016 6.0839e-014 -4.46202e-010 -4.46202e-010
2.83 -1.70062e-005 2.84987e-015 -3.39148e-015 -8.13164e-010 -8.13164e-010
2.84 -1.71643e-005 1.77071e-015 2.88232e-014 -1.09282e-009 -1.09282e-009
2.85 -1.72797e-005 2.31196e-015 1.2666e-014 -1.30097e-009 -1.30097e-009
2.86 -1.73627e-005 2.0405e-015 2.07696e-014 -1.40007e-009 -1.40007e-009
2.87 -1.74358e-005 2.17665e-015 1.67053e-014 -1.3407e-009 -1.3407e-009
2.88 -1.75276e-005 2.10836e-015 1.87437e-014 -1.12124e-009 -1.12124e-009
2.89 -1.76562e-005 2.14261e-015 1.77213e-014 -7.81732e-010 -7.81732e-010
2.9 -1.78223e-005 2.12543e-015 1.82341e-014 -3.5713e-010 -3.5713e-010
2.91 -1.80183e-005 2.13405e-015 1.79769e-014 1.2559e-010 1.2559e-010
2.92 -1.8241e-005 1.09285e-014 5.39741e-015 6.10641e-010 6.10641e-010
2.93 -1.84889e-005 -2.2811e-015 2.44151e-014 1.0075e-009 1.0075e-009
2.94 -1.87531e-005 4.34413e-015 1.48769e-014 1.2322e-009 1.2322e-009
2.95 -1.90204e-005 1.02127e-015 1.96607e-014 1.24963e-009 1.24963e-009
2.96 -1.92799e-005 2.68784e-015 1.72614e-014 1.07654e-009 1.07654e-009
2.97 -1.95197e-005 1.85197e-015 1.84648e-014 7.45759e-010 7.45759e-010
2.98 -1.97217e-005 2.2712e-015 1.78613e-014 2.6867e-010 2.6867e-010
2.99 -1.98677e-005 1.20043e-012 -8.41554e-013 -3.60756e-010 -3.60756e-010
3 -1.99483e-005 3.16166e-012 -1.63183e-012 -1.1159e-009 -1.1159e-009
3.01 -1.99648e-005 3.01084e-012 1.76611e-013 -1.89406e-009 -1.89406e-009
3.02 -1.99218e-005 4.28283e-013 5.96235e-014 -2.53713e-009 -2.53713e-009
3.03 -1.98202e-005 -9.60801e-014 -2.66486e-013 -2.90431e-009 -2.90431e-009
3.04 -1.96571e-005 2.05268e-012 -2.50409e-013 -2.93224e-009 -2.93224e-009
3.05 -1.94345e-005 -3.04116e-014 -2.66662e-013 -2.65146e-009 -2.65146e-009
3.06 -1.91663e-005 1.43768e-012 -1.79027e-012 -2.1657e-009 -2.1657e-009
3.07 -1.88706e-005 -2.59362e-014 7.23182e-014 -1.59493e-009 -1.59493e-009
3.08 -1.85635e-005 1.99982e-013 -3.05894e-013 -1.00526e-009 -1.00526e-009
3.09 -1.82571e-005 -9.71003e-014 1.80543e-013 -4.0078e-010 -4.0078e-010
3.1 -1.7958e-005 5.19004e-014 -6.34284e-014 1.96264e-010 1.96264e-010
3.11 -1.76731e-005 -2.28304e-014 5.89345e-014 6.8356e-010 6.8356e-010
3.12 -1.74167e-005 1.46506e-014 -2.43622e-015 9.42032e-010 9.42032e-010
3.13 -1.72028e-005 -4.14791e-015 2.83441e-014 9.59869e-010 9.59869e-010
3.14 -1.70357e-005 5.28042e-015 1.29063e-014 8.48292e-010 8.48292e-010
3.15 -1.69056e-005 5.51673e-016 2.06491e-014 7.13812e-010 7.13812e-010
3.16 -1.67932e-005 2.92336e-015 1.67657e-014 5.5323e-010 5.5323e-010
3.17 -1.66774e-005 1.73385e-015 1.87134e-014 3.01066e-010 3.01066e-010
3.18 -1.65424e-005 2.33045e-015 1.77365e-014 -5.38944e-011 -5.38944e-011
3.19 -1.63848e-005 2.03122e-015 1.82265e-014 -4.18284e-010 -4.18284e-010
3.2 -1.6211e-005 2.1813e-015 1.79808e-014 -6.32529e-010 -6.32529e-010
3.21 -1.60265e-005 2.10603e-015 1.8104e-014 -5.66009e-010 -5.66009e-010
3.22 -1.58272e-005 2.14378e-015 1.80422e-014 -2.20463e-010 -2.20463e-010
3.23 -1.56079e-005 2.12485e-015 1.80732e-014 2.50051e-010 2.50051e-010
3.24 -1.53722e-005 2.13434e-015 1.80576e-014 6.44828e-010 6.44828e-010
3.25 -1.51336e-005 2.12958e-015 1.80654e-014 8.48808e-010 8.48808e-010
3.26 -1.49177e-005 2.13197e-015 1.80615e-014 8.65205e-010 8.65205e-010
3.27 -1.47634e-005 2.13077e-015 1.80635e-014 7.59441e-010 7.59441e-010
3.28 -1.47073e-005 -4.70605e-013 -1.90726e-013 6.11208e-010 6.11208e-010
3.29 -1.47621e-005 -3.00206e-013 -9.38548e-014 4.94101e-010 4.94101e-010
3.3 -1.4907e-005 5.91809e-014 3.00773e-014 4.39966e-010 4.39966e-010
3.31 -1.50974e-005 -4.91134e-013 -1.32518e-013 4.05966e-010 4.05966e-010
3.32 -1.52838e-005 -3.19225e-013 -3.03727e-013 3.00277e-010 3.00277e-010
3.33 -1.54272e-005 -2.08572e-012 -1.06379e-013 4.59528e-011 4.59528e-011
3.34 -1.55027e-005 2.74641e-013 2.5925e-013 -3.97914e-010 -3.97914e-010
3.35 -1.55029e-005 -2.05773e-012 3.68107e-013 -1.05792e-009 -1.05792e-009
3.36 -1.54457e-005 -4.11099e-013 -5.72933e-013 -1.92199e-009 -1.92199e-009
3.37 -1.53718e-005 -5.75088e-012 -9.99884e-013 -2.86976e-009 -2.86976e-009
3.38 -1.53267e-005 -4.08689e-012 -1.19341e-012 -3.67704e-009 -3.67704e-009
3.39 -1.5341e-005 2.0862e-012 6.31213e-013 -4.13154e-009 -4.13154e-009
3.4 -1.54169e-005 -1.04313e-012 -2.89461e-013 -4.15629e-009 -4.15629e-009
3.41 -1.55297e-005 5.26377e-013 1.723e-013 -3.84737e-009 -3.84737e-009
3.42 -1.56429e-005 -2.60803e-013 -5.92945e-014 -3.41418e-009 -3.41418e-009
3.43 -1.57297e-005 1.34005e-013 5.68612e-014 -3.05707e-009 -3.05707e-009
3.44 -1.57849e-005 -6.40097e-014 -1.39636e-015 -2.86267e-009 -2.86267e-009
3.45 -1.58201e-005 3.53039e-014 2.78225e-014 -2.80257e-009 -2.80257e-009
3.46 -1.58553e-005 -1.45065e-014 1.31679e-014 -2.82612e-009 -2.82612e-009
3.47 -1.5912e-005 1.04758e-014 2.05179e-014 -2.94022e-009 -2.94022e-009
3.48 -1.60056e-005 -2.05403e-015 1.68315e-014 -3.19503e-009 -3.19503e-009
3.49 -1.61398e-005 4.23024e-015 1.86804e-014 -3.60699e-009 -3.60699e-009
3.5 -1.63024e-005 8.67093e-015 2.52353e-014 -4.11945e-009 -4.11945e-009
3.51 -1.64662e-005 2.21158e-015 1.59936e-014 -4.64698e-009 -4.64698e-009
3.52 -1.66041e-005 6.16399e-015 1.97179e-014 -5.12922e-009 -5.12922e-009
3.53 -1.67045e-005 3.29138e-015 1.67504e-014 -5.51166e-009 -5.51166e-009
3.54 -1.6771e-005 7.09393e-015 9.68555e-015 -5.70921e-009 -5.70921e-009
3.55 -1.68146e-005 -3.57894e-016 2.22644e-014 -5.6538e-009 -5.6538e-009
3.56 -1.6847e-005 5.83484e-015 1.25528e-014 -5.3906e-009 -5.3906e-009
3.57 -1.68796e-005 3.56569e-015 1.62638e-014 -5.08999e-009 -5.08999e-009
3.58 -1.69231e-005 -6.26967e-013 -9.16459e-013 -4.92929e-009 -4.92929e-009
3.59 -1.6984e-005 -3.64535e-012 -6.92871e-012 -4.94932e-009 -4.94932e-009
3.6 -1.70643e-005 -2.44522e-014 -2.81238e-013 -5.01698e-009 -5.01698e-009
3.61 -1.71647e-005 -9.54107e-013 -6.63458e-013 -4.9193e-009 -4.9193e-009
3.62 -1.72828e-005 -7.6273e-013 -2.55039e-012 -4.52102e-009 -4.52102e-009
3.63 -1.74081e-005 -9.67093e-013 -1.07142e-012 -3.88401e-009 -3.88401e-009
3.64 -1.75225e-005 1.01992e-013 3.93827e-013 -3.25159e-009 -3.25159e-009
3.65 -1.76082e-005 2.601e-014 -1.29657e-013 -2.88531e-009 -2.88531e-009
3.66 -1.76555e-005 3.44189e-014 1.06791e-013 -2.88707e-009 -2.88707e-009
3.67 -1.7663e-005 -1.40626e-014 -2.64383e-014 -3.16709e-009 -3.16709e-009
3.68 -1.76322e-005 1.02531e-014 4.03823e-014 -3.55762e-009 -3.55762e-009
3.69 -1.75758e-005 -1.94237e-015 6.86858e-015 -3.93247e-009 -3.93247e-009
3.7 -1.75228e-005 4.17425e-015 2.36773e-014 -4.24691e-009 -4.24691e-009
3.71 -1.75076e-005 1.10647e-015 1.52469e-014 -4.52655e-009 -4.52655e-009
3.72 -1.75599e-005 2.64511e-015 1.94752e-014 -4.83658e-009 -4.83658e-009
3.73 -1.76981e-005 1.65028e-014 1.26011e-014 -5.2271e-009 -5.2271e-009
3.74 -1.79183e-005 6.72825e-014 2.42679e-014 -5.67859e-009 -5.67859e-009
3.75 -1.8199e-005 1.11679e-012 -2.39332e-013 -6.0945e-009 -6.0945e-009
3.76 -1.85203e-005 6.54538e-012 3.93324e-013 -6.34729e-009 -6.34729e-009
3.77 -1.88696e-005 1.28612e-013 1.87723e-012 -6.34272e-009 -6.34272e-009
3.78 -1.92361e-005 -2.91243e-012 2.99303e-012 -6.07e-009 -6.07e-009
3.79 -1.96117e-005 -7.09589e-012 8.18877e-013 -5.62514e-009 -5.62514e-009
3.8 -1.99913e-005 -3.73378e-012 -1.97927e-012 -5.18991e-009 -5.18991e-009
3.81 -2.03681e-005 -1.17806e-012 -9.57479e-013 -4.94828e-009 -4.94828e-009
3.82 -2.07211e-005 5.92651e-013 1.12825e-012 -4.97984e-009 -4.97984e-009
3.83 -2.10192e-005 5.62505e-012 5.09942e-013 -5.21524e-009 -5.21524e-009
3.84 -2.12481e-005 2.15687e-012 -4.76632e-012 -5.49242e-009 -5.49242e-009
3.85 -2.14311e-005 -1.08909e-012 -7.88469e-013 -5.67665e-009 -5.67665e-009
3.86 -2.16081e-005 6.43803e-012 2.19655e-011 -5.75421e-009 -5.75421e-009
3.87 -2.18013e-005 2.94212e-012 1.04457e-011 -5.81152e-009 -5.81152e-009
3.88 -2.20092e-005 3.98693e-012 -3.16654e-012 -5.91857e-009 -5.91857e-009
3.89 -2.22215e-005 2.88006e-012 8.41209e-013 -6.04322e-009 -6.04322e-009
3.9 -2.24283e-005 1.68671e-012 -3.36478e-012 -6.07773e-009 -6.07773e-009
3.91 -2.26162e-005 1.08189e-012 -5.19635e-013 -5.93572e-009 -5.93572e-009
3.92 -2.27607e-005 6.43574e-013 -1.0756e-012 -5.62366e-009 -5.62366e-009
3.93 -2.28341e-005 4.11155e-013 -9.7368e-013 -5.22583e-009 -5.22583e-009
3.94 -2.28207e-005 -4.71924e-013 -1.7046e-012 -4.81906e-009 -4.81906e-009
3.95 -2.27145e-005 -3.00499e-012 -1.38187e-012 -4.40551e-009 -4.40551e-009
3.96 -2.25091e-005 2.49545e-012 3.0518e-012 -3.93184e-009 -3.93184e-009
3.97 -2.2206e-005 2.30688e-012 -9.4736e-013 -3.35586e-009 -3.35586e-009
3.98 -2.18211e-005 -5.84398e-013 -1.87015e-012 -2.67438e-009 -2.67438e-009
3.99 -2.13765e-005 5.99019e-013 7.49283e-013 -1.90005e-009 -1.90005e-009
4 -2.08874e-005 -2.98013e-013 -3.82761e-013 -1.05759e-009 -1.05759e-009
4.01 -2.03556e-005 1.51891e-013 1.85012e-013 -2.37648e-010 -2.37648e-010
4.02 -1.9783e-005 -7.37568e-014 -9.97526e-014 3.76277e-010 3.76277e-010
4.03 -1.91907e-005 3.94161e-014 4.30704e-014 5.9338e-010 5.9338e-010
4.04 -1.86117e-005 -1.73454e-014 -2.8562e-014 3.30947e-010 3.30947e-010
4.05 -1.80762e-005 1.11232e-014 7.36503e-015 -3.71896e-010 -3.71896e-010
4.06 -1.76101e-005 -3.15515e-015 -1.06541e-014 -1.40901e-009 -1.40901e-009
4.07 -1.72285e-005 4.0061e-015 -1.61666e-015 -2.63017e-009 -2.63017e-009
4.08 -1.69192e-005 4.14396e-016 -6.14935e-015 -3.85766e-009 -3.85766e-009
4.09 -1.66393e-005 2.21581e-015 -3.87599e-015 -4.94568e-009 -4.94568e-009
4.1 -1.63324e-005 1.31231e-015 -5.01619e-015 -5.80978e-009 -5.80978e-009
4.11 -1.595e-005 1.76546e-015 -4.44432e-015 -6.37705e-009 -6.37705e-009
4.12 -1.54673e-005 1.53818e-015 -4.73114e-015 -6.54735e-009 -6.54735e-009
4.13 -1.48935e-005 1.65217e-015 -4.58729e-015 -6.23452e-009 -6.23452e-009
4.14 -1.42646e-005 1.595e-015 -4.65944e-015 -5.44264e-009 -5.44264e-009
4.15 -1.36279e-005 -8.02335e-013 8.64024e-013 -4.32259e-009 -4.32259e-009
4.16 -1.30324e-005 -2.22665e-012 2.40729e-012 -3.17033e-009 -3.17033e-009
4.17 -1.25215e-005 -8.63051e-013 1.95986e-013 -2.33577e-009 -2.33577e-009
4.18 -1.21241e-005 -1.24976e-012 -1.15355e-013 -2.07892e-009 -2.07892e-009
4.19 -1.1847e-005 -1.57323e-012 -8.48289e-013 -2.46319e-009 -2.46319e-009
4.2 -1.16724e-005 -3.01443e-012 -2.72232e-012 -3.34645e-009 -3.34645e-009
4.21 -1.15707e-005 9.56382e-013 6.05485e-013 -4.46073e-009 -4.46073e-009
4.22 -1.15187e-005 -1.85718e-012 -1.31124e-012 -5.50942e-009 -5.50942e-009
4.23 -1.15017e-005 -3.79799e-012 -9.57465e-013 -6.22787e-009 -6.22787e-009
4.24 -1.15064e-005 -3.74339e-012 -1.69138e-012 -6.42292e-009 -6.42292e-009
4.25 -1.15254e-005 3.66e-011 1.21848e-010 -5.99355e-009 -5.99355e-009
4.26 -1.15599e-005 1.89046e-011 6.10653e-011 -4.91092e-009 -4.91092e-009
4.27 -1.16117e-005 -1.31208e-011 -3.3308e-011 -3.20688e-009 -3.20688e-009
4.28 -1.16813e-005 2.01389e-012 1.49469e-011 -1.0109e-009 -1.0109e-009
4.29 -1.17665e-005 -9.3129e-013 -7.89684e-012 1.43451e-009 1.43451e-009
4.3 -1.18563e-005 -1.28323e-012 6.29614e-012 3.82107e-009 3.82107e-009
4.31 -1.19393e-005 -2.31755e-013 -1.39726e-012 5.82978e-009 5.82978e-009
4.32 -1.20166e-005 -1.67615e-012 3.44676e-012 7.18952e-009 7.18952e-009
4.33 -1.21051e-005 -1.03445e-012 1.12944e-012 7.78016e-009 7.78016e-009
4.34 -1.22268e-005 1.16937e-013 4.20042e-013 7.71761e-009 7.71761e-009
4.35 -1.23995e-005 1.58186e-013 8.08081e-013 7.31783e-009 7.31783e-009
4.36 -1.26384e-005 5.48849e-013 1.34061e-012 6.95256e-009 6.95256e-009
4.37 -1.29584e-005 6.08279e-013 1.9501e-012 6.89064e-009 6.89064e-009
4.38 -1.33642e-005 1.03491e-013 3.39407e-012 7.19842e-009 7.19842e-009
4.39 -1.38339e-005 -1.01982e-012 1.96551e-012 7.73362e-009 7.73362e-009
4.4 -1.43167e-005 -9.54357e-014 1.14033e-012 8.23271e-009 8.23271e-009
4.41 -1.4756e-005 -6.01739e-013 4.82884e-013 8.45743e-009 8.45743e-009
4.42 -1.51144e-005 -1.08088e-014 6.30532e-014 8.32679e-009 8.32679e-009
4.43 -1.53845e-005 -9.94247e-013 9.69371e-013 7.94747e-009 7.94747e-009
4.44 -1.5587e-005 -1.02331e-012 1.08548e-012 7.5347e-009 7.5347e-009
4.45 -1.57557e-005 3.67478e-013 2.43643e-012 7.29746e-009 7.29746e-009
4.46 -1.59196e-005 2.14808e-012 3.92871e-012 7.3352e-009 7.3352e-009
4.47 -1.60999e-005 1.88849e-012 -3.31658e-013 7.57583e-009 7.57583e-009
4.48 -1.63106e-005 1.48004e-012 5.62532e-013 7.82622e-009 7.82622e-009
4.49 -1.65499e-005 4.95277e-013 4.13365e-014 7.93395e-009 7.93395e-009
4.5 -1.67972e-005 -9.97121e-013 7.8294e-012 7.9058e-009 7.9058e-009
4.51 -1.70295e-005 4.66191e-013 2.4733e-012 7.86601e-009 7.86601e-009
4.52 -1.72381e-005 -2.60285e-013 -1.81553e-012 7.93239e-009 7.93239e-009
4.53 -1.74209e-005 2.51607e-013 6.13658e-013 8.13168e-009 8.13168e-009
4.54 -1.75674e-005 -2.69937e-013 -3.46798e-013 8.37781e-009 8.37781e-009
4.55 -1.76661e-005 -5.18782e-013 8.00223e-013 8.51647e-009 8.51647e-009
4.56 -1.77162e-005 -3.12124e-013 3.17523e-013 8.4305e-009 8.4305e-009
4.57 -1.77251e-005 -3.35587e-013 -2.42088e-013 8.12862e-009 8.12862e-009
4.58 -1.77029e-005 -2.89626e-013 -8.11841e-016 7.76028e-009 7.76028e-009
4.59 -1.7664e-005 3.22463e-013 -7.7579e-014 7.5814e-009 7.5814e-009
4.6 -1.76291e-005 -1.95411e-013 -7.49663e-015 7.88262e-009 7.88262e-009
4.61 -1.76149e-005 8.40095e-013 5.33203e-013 8.8507e-009 8.8507e-009
4.62 -1.76201e-005 9.54312e-012 1.3318e-011 1.04087e-008 1.04087e-008
4.63 -1.76343e-005 2.54058e-012 3.60687e-012 1.21928e-008 1.21928e-008
4.64 -1.76626e-005 2.35799e-012 1.57681e-012 1.37575e-008 1.37575e-008
4.65 -1.77376e-005 4.91516e-013 -1.6778e-012 1.48487e-008 1.48487e-008
4.66 -1.79057e-005 5.05747e-013 -1.50799e-012 1.54754e-008 1.54754e-008
4.67 -1.82029e-005 -3.36614e-012 -2.89674e-012 1.57444e-008 1.57444e-008
4.68 -1.86345e-005 2.41606e-012 -3.72202e-012 1.56987e-008 1.56987e-008
4.69 -1.91735e-005 -3.24247e-012 -1.97629e-012 1.53343e-008 1.53343e-008
4.7 -1.97766e-005 5.71349e-013 -4.0146e-012 1.47113e-008 1.47113e-008
4.71 -2.04006e-005 -1.03136e-012 -3.38861e-012 1.39952e-008 1.39952e-008
4.72 -2.101e-005 -1.37995e-013 -3.01479e-012 1.33805e-008 1.33805e-008
4.73 -2.15864e-005 8.91179e-013 -2.1237e-012 1.29666e-008 1.29666e-008
4.74 -2.21353e-005 -5.01973e-013 -1.11943e-012 1.27076e-008 1.27076e-008
4.75 -2.26772e-005 1.18421e-013 -1.0713e-012 1.24862e-008 1.24862e-008
4.76 -2.32385e-005 -2.01152e-012 1.40433e-013 1.22263e-008 1.22263e-008
4.77 -2.3843e-005 1.09753e-016 -2.81305e-013 1.19315e-008 1.19315e-008
4.78 -2.45058e-005 9.46603e-013 -3.20342e-013 1.16378e-008 1.16378e-008
4.79 -2.52222e-005 -1.60401e-012 1.96098e-012 1.13393e-008 1.13393e-008
4.8 -2.59674e-005 7.69841e-013 1.02019e-012 1.09598e-008 1.09598e-008
4.81 -2.67108e-005 -1.41447e-012 2.68179e-012 1.0426e-008 1.0426e-008
4.82 -2.74285e-005 2.39779e-012 5.76149e-012 9.76437e-009 9.76437e-009
4.83 -2.81035e-005 5.76472e-012 1.80739e-011 9.09607e-009 9.09607e-009
4.84 -2.87197e-005 -9.53888e-013 4.75017e-012 8.56488e-009 8.56488e-009
4.85 -2.9261e-005 1.10703e-012 2.17046e-012 8.29585e-009 8.29585e-009
4.86 -2.97131e-005 -5.56712e-013 2.08498e-012 8.33089e-009 8.33089e-009
4.87 -3.00668e-005 4.43632e-013 2.67398e-012 8.50982e-009 8.50982e-009
4.88 -3.03279e-005 4.10925e-012 -1.46117e-011 8.49526e-009 8.49526e-009
4.89 -3.05143e-005 5.728e-012 -1.16129e-011 8.04632e-009 8.04632e-009
4.9 -3.06354e-005 1.76647e-012 6.1755e-012 7.25745e-009 7.25745e-009
4.91 -3.0691e-005 7.88367e-012 -6.38325e-012 6.46366e-009 6.46366e-009
4.92 -3.06915e-005 3.87194e-012 -1.75883e-012 5.94334e-009 5.94334e-009
4.93 -3.06672e-005 8.57769e-012 -1.65229e-012 5.77405e-009 5.77405e-009
4.94 -3.06514e-005 4.89162e-012 -3.58901e-013 5.91553e-009 5.91553e-009
4.95 -3.06578e-005 9.34382e-012 -2.10121e-013 6.28903e-009 6.28903e-009
4.96 -3.06783e-005 1.34015e-012 -1.768e-012 6.74878e-009 6.74878e-009
4.97 -3.06881e-005 2.89317e-012 -2.04895e-012 7.09827e-009 7.09827e-009
4.98 -3.0651e-005 4.55206e-012 -7.53e-014 7.20787e-009 7.20787e-009
4.99 -3.0533e-005 -2.32063e-013 3.70168e-012 7.05842e-009 7.05842e-009
5 -3.0328e-005 -3.05608e-013 8.26179e-013 6.64586e-009 6.64586e-009
5.01 -3.00647e-005 8.97517e-013 -3.05542e-013 5.93024e-009 5.93024e-009
5.02 -2.97731e-005 1.35624e-013 -1.45446e-013 4.91043e-009 4.91043e-009
5.03 -2.9457e-005 1.73326e-013 8.61099e-013 3.6622e-009 3.6622e-009
5.04 -2.91054e-005 4.60172e-013 -2.07336e-013 2.26515e-009 2.26515e-009
5.05 -2.8713e-005 1.28831e-013 -1.40976e-013 7.5138e-010 7.5138e-010
5.06 -2.82818e-005 8.76509e-013 -1.82524e-012 -8.651e-010 -8.651e-010
5.07 -2.78253e-005 9.16591e-013 -1.55178e-012 -2.56e-009 -2.56e-009
5.08 -2.73771e-005 5.17192e-013 -2.38424e-012 -4.2892e-009 -4.2892e-009
5.09 -2.69795e-005 1.83008e-012 -3.25552e-012 -5.97642e-009 -5.97642e-009
5.1 -2.66635e-005 -3.39485e-013 1.31797e-012 -7.55379e-009 -7.55379e-009
5.11 -2.64435e-005 1.2449e-012 -1.27398e-012 -9.04087e-009 -9.04087e-009
5.12 -2.63242e-005 3.52039e-013 -2.75781e-013 -1.05201e-008 -1.05201e-008
5.13 -2.63002e-005 1.10172e-012 -2.48292e-012 -1.20154e-008 -1.20154e-008
5.14 -2.63431e-005 7.80756e-015 6.17757e-013 -1.34774e-008 -1.34774e-008
5.15 -2.64013e-005 9.6036e-013 -1.22699e-012 -1.4904e-008 -1.4904e-008
5.16 -2.64268e-005 2.02992e-012 -4.64802e-013 -1.63683e-008 -1.63683e-008
5.17 -2.63984e-005 2.89435e-012 -6.1235e-012 -1.78955e-008 -1.78955e-008
5.18 -2.63194e-005 5.18852e-012 -8.40579e-012 -1.94028e-008 -1.94028e-008
5.19 -2.62158e-005 1.08582e-012 -7.91132e-012 -2.07822e-008 -2.07822e-008
5.2 -2.6135e-005 9.46956e-012 -7.67886e-012 -2.1954e-008 -2.1954e-008
5.21 -2.61189e-005 4.32536e-012 -4.57421e-012 -2.28163e-008 -2.28163e-008
5.22 -2.61638e-005 1.43987e-012 3.36007e-012 -2.32473e-008 -2.32473e-008
5.23 -2.6216e-005 5.0903e-012 -7.95124e-012 -2.32223e-008 -2.32223e-008
5.24 -2.6205e-005 4.17485e-012 -6.07873e-012 -2.28681e-008 -2.28681e-008
5.25 -2.60711e-005 7.37271e-012 -8.75995e-012 -2.2358e-008 -2.2358e-008
5.26 -2.57782e-005 -3.62699e-012 4.36876e-012 -2.17794e-008 -2.17794e-008
5.27 -2.53193e-005 1.811e-012 -2.21496e-012 -2.10928e-008 -2.10928e-008
5.28 -2.47103e-005 -9.5921e-013 1.12523e-012 -2.01773e-008 -2.01773e-008
5.29 -2.39789e-005 1.84167e-013 -6.35972e-013 -1.89427e-008 -1.89427e-008
5.3 -2.31666e-005 -2.30496e-012 -2.32336e-012 -1.74335e-008 -1.74335e-008
5.31 -2.23258e-005 -9.6336e-013 -1.40804e-012 -1.5807e-008 -1.5807e-008
5.32 -2.14939e-005 -1.3277e-013 2.72421e-013 -1.42187e-008 -1.42187e-008
5.33 -2.06728e-005 -9.68062e-013 -1.40822e-012 -1.27625e-008 -1.27625e-008
5.34 -1.98306e-005 -3.67445e-013 -4.01354e-013 -1.14767e-008 -1.14767e-008
5.35 -1.89196e-005 2.17187e-013 2.23232e-013 -1.03198e-008 -1.03198e-008
5.36 -1.78933e-005 -4.9087e-012 -5.63781e-012 -9.12091e-009 -9.12091e-009
5.37 -1.67254e-005 -3.60269e-013 8.32098e-013 -7.6365e-009 -7.6365e-009
5.38 -1.54254e-005 -5.35033e-011 1.48793e-011 -5.75232e-009 -5.75232e-009
5.39 -1.40356e-005 4.44751e-011 2.84364e-011 -3.61065e-009 -3.61065e-009
5.4 -1.2612e-005 5.04978e-011 1.55629e-012 -1.44823e-009 -1.44823e-009
5.41 -1.121e-005 2.27974e-011 2.80468e-011 6.74165e-010 6.74165e-010
5.42 -9.87981e-006 -2.24665e-011 5.55827e-012 2.87838e-009 2.87838e-009
5.43 -8.66281e-006 -2.54118e-011 -1.02695e-011 5.19113e-009 5.19113e-009
5.44 -7.57245e-006 6.25964e-012 -9.60109e-012 7.33867e-009 7.33867e-009
5.45 -6.58424e-006 -5.87793e-012 3.99683e-012 8.88787e-009 8.88787e-009
5.46 -5.65314e-006 -4.42253e-011 2.59594e-011 9.6099e-009 9.6099e-009
5.47 -4.74528e-006 -2.84991e-011 -3.60375e-012 9.68878e-009 9.68878e-009
5.48 -3.85577e-006 1.91382e-011 3.78587e-013 9.59041e-009 9.59041e-009
5.49 -3.01036e-006 -7.86367e-012 -1.09612e-012 9.78991e-009 9.78991e-009
5.5 -2.2544e-006 6.30369e-012 1.17257e-013 1.05987e-008 1.05987e-008
5.51 -1.63686e-006 -3.63271e-012 -2.03614e-012 1.20978e-008 1.20978e-008
5.52 -1.20501e-006 1.42884e-012 2.53326e-013 1.4136e-008 1.4136e-008
5.53 -9.93991e-007 -1.43783e-012 -8.47851e-013 1.64284e-008 1.64284e-008
5.54 -1.00703e-006 7.07306e-013 3.69026e-013 1.86788e-008 1.86788e-008
5.55 -1.22165e-006 -9.02626e-013 7.95172e-013 2.06082e-008 2.06082e-008
5.56 -1.61559e-006 -2.70878e-013 6.2389e-013 2.19466e-008 2.19466e-008
5.57 -2.16742e-006 8.79087e-014 -2.66842e-013 2.25033e-008 2.25033e-008
5.58 -2.83851e-006 -1.44161e-013 1.21283e-013 2.22682e-008 2.22682e-008
5.59 -3.57416e-006 -1.27721e-013 1.45974e-013 2.14331e-008 2.14331e-008
5.6 -4.32681e-006 2.13206e-013 6.7934e-013 2.02985e-008 2.02985e-008
5.61 -5.07413e-006 -3.36205e-013 3.39123e-013 1.91324e-008 1.91324e-008
5.62 -5.82005e-006 -8.74673e-013 4.05174e-013 1.81069e-008 1.81069e-008
5.63 -6.58726e-006 -8.37451e-013 -6.27255e-013 1.7372e-008 1.7372e-008
5.64 -7.40647e-006 1.57312e-013 6.47268e-013 1.71411e-008 1.71411e-008
5.65 -8.30239e-006 -4.66862e-012 3.95309e-012 1.75886e-008 1.75886e-008
5.66 -9.27842e-006 3.9543e-013 -2.3891e-013 1.85895e-008 1.85895e-008
5.67 -1.03084e-005 -1.61228e-012 2.87534e-012 1.96064e-008 1.96064e-008
5.68 -1.13488e-005 5.64376e-013 -7.55774e-013 1.99391e-008 1.99391e-008
5.69 -1.23657e-005 1.51913e-013 6.2037e-014 1.91734e-008 1.91734e-008
5.7 -1.3353e-005 2.59063e-013 -2.42462e-013 1.74294e-008 1.74294e-008
5.71 -1.43242e-005 -9.40697e-013 1.06175e-012 1.52066e-008 1.52066e-008
5.72 -1.52931e-005 -8.01211e-013 7.84559e-013 1.30109e-008 1.30109e-008
5.73 -1.62624e-005 6.24274e-013 2.42705e-013 1.11228e-008 1.11228e-008
5.74 -1.72291e-005 2.19983e-013 3.87304e-013 9.64725e-009 9.64725e-009
5.75 -1.81973e-005 4.43917e-013 1.64394e-012 8.67086e-009 8.67086e-009
5.76 -1.91842e-005 -1.12943e-012 5.99314e-012 8.28704e-009 8.28704e-009
5.77 -2.02128e-005 -1.00761e-012 7.40327e-012 8.47296e-009 8.47296e-009
5.78 -2.13015e-005 2.06327e-012 2.03824e-011 9.00382e-009 9.00382e-009
5.79 -2.24571e-005 3.40017e-011 7.98847e-011 9.51319e-009 9.51319e-009
5.8 -2.36654e-005 4.34974e-011 5.14701e-011 9.60995e-009 9.60995e-009
5.81 -2.48973e-005 1.01685e-011 1.00951e-011 8.96825e-009 8.96825e-009
5.82 -2.61418e-005 8.7445e-012 8.13575e-012 7.46092e-009 7.46092e-009
5.83 -2.74298e-005 -1.44938e-011 -3.09956e-011 5.35155e-009 5.35155e-009
5.84 -2.88032e-005 -1.40631e-011 -2.94835e-011 3.30173e-009 3.30173e-009
5.85 -3.02572e-005 -2.08024e-011 -1.19935e-011 2.00553e-009 2.00553e-009
5.86 -3.17338e-005 -1.67194e-011 1.79911e-013 1.74423e-009 1.74423e-009
5.87 -3.31418e-005 -1.56613e-011 1.41228e-011 2.32709e-009 2.32709e-009
5.88 -3.44099e-005 2.23474e-012 1.91663e-011 3.39992e-009 3.39992e-009
5.89 -3.55056e-005 4.55251e-011 4.5199e-011 4.71421e-009 4.71421e-009
5.9 -3.64288e-005 5.8604e-012 -1.30073e-013 6.17245e-009 6.17245e-009
5.91 -3.71929e-005 8.78829e-012 1.45788e-011 7.76877e-009 7.76877e-009
5.92 -3.78155e-005 3.78006e-012 5.60067e-012 9.52905e-009 9.52905e-009
5.93 -3.83089e-005 5.79488e-012 6.24271e-012 1.14683e-008 1.14683e-008
5.94 -3.86597e-005 -1.63501e-012 4.02685e-012 1.35508e-008 1.35508e-008
5.95 -3.88251e-005 -1.35141e-011 1.34754e-011 1.5628e-008 1.5628e-008
5.96 -3.87568e-005 1.88814e-012 3.68696e-012 1.73965e-008 1.73965e-008
5.97 -3.84268e-005 3.32142e-012 -6.65917e-012 1.84912e-008 1.84912e-008
5.98 -3.7834e-005 8.17714e-012 -6.37128e-012 1.87362e-008 1.87362e-008
5.99 -3.69972e-005 8.22987e-012 -5.88673e-012 1.83353e-008 1.83353e-008
6 -3.59381e-005 1.08271e-011 -1.9259e-012 1.77321e-008 1.77321e-008
6.01 -3.46669e-005 4.62809e-012 -7.57347e-013 1.72005e-008 1.72005e-008
6.02 -3.31764e-005 3.30025e-012 1.68679e-012 1.65782e-008 1.65782e-008
6.03 -3.14298e-005 2.93083e-012 8.33782e-012 1.542e-008 1.542e-008
6.04 -2.93702e-005 -6.63522e-011 -7.75252e-011 1.33652e-008 1.33652e-008
6.05 -2.69736e-005 -1.4222e-010 -2.0627e-010 1.03567e-008 1.03567e-008
6.06 -2.42831e-005 -2.12319e-011 -3.92756e-011 6.61469e-009 6.61469e-009
6.07 -2.14026e-005 -1.70808e-010 -1.63058e-010 2.49103e-009 2.49103e-009
6.08 -1.84742e-005 -9.25175e-011 -1.0667e-010 -1.67304e-009 -1.67304e-009
6.09 -1.56399e-005 3.40261e-011 5.15149e-011 -5.65357e-009 -5.65357e-009
6.1 -1.30128e-005 -3.76316e-011 -5.15548e-011 -9.41697e-009 -9.41697e-009
6.11 -1.06658e-005 3.43675e-011 5.28276e-011 -1.30826e-008 -1.30826e-008
6.12 -8.62903e-006 -1.69161e-011 2.14814e-011 -1.67406e-008 -1.67406e-008
6.13 -6.89961e-006 1.3415e-011 -1.07751e-012 -2.0306e-008 -2.0306e-008
6.14 -5.46244e-006 -4.73125e-012 -1.80216e-013 -2.35664e-008 -2.35664e-008
6.15 -4.30608e-006 1.12701e-012 -2.56488e-012 -2.63226e-008 -2.63226e-008
6.16 -3.41457e-006 -5.89751e-013 1.42648e-012 -2.84845e-008 -2.84845e-008
6.17 -2.76316e-006 2.38896e-012 -2.1573e-013 -3.01374e-008 -3.01374e-008
6.18 -2.32248e-006 -2.57499e-012 4.83286e-014 -3.15548e-008 -3.15548e-008
6.19 -2.04321e-006 7.29982e-012 2.73812e-012 -3.3064e-008 -3.3064e-008
6.2 -1.83728e-006 -9.10163e-012 4.48769e-011 -3.48184e-008 -3.48184e-008
6.21 -1.59559e-006 3.97804e-011 -2.91952e-011 -3.66213e-008 -3.66213e-008
6.22 -1.25775e-006 -1.00697e-011 1.62388e-011 -3.78729e-008 -3.78729e-008
6.23 -8.35609e-007 -2.34717e-011 4.15953e-011 -3.76993e-008 -3.76993e-008
6.24 -3.97364e-007 -1.56165e-010 1.71179e-010 -3.53214e-008 -3.53214e-008
6.25 1.00899e-008 -3.06269e-011 5.34506e-011 -3.05313e-008 -3.05313e-008
6.26 4.00445e-007 -3.77626e-011 7.15486e-011 -2.39413e-008 -2.39413e-008
6.27 8.61499e-007 -2.58203e-011 2.45299e-011 -1.67903e-008 -1.67903e-008
6.28 1.49593e-006 -3.25483e-011 1.12244e-011 -1.03925e-008 -1.03925e-008
6.29 2.35799e-006 -2.57348e-011 3.68294e-011 -5.49443e-009 -5.49443e-009
6.3 3.4204e-006 -4.36152e-011 2.31124e-011 -1.86918e-009 -1.86918e-009
6.31 4.60405e-006 -3.33073e-011 -2.84209e-011 1.5175e-009 1.5175e-009
6.32 5.83592e-006 -3.81651e-011 -2.14838e-011 5.72181e-009 5.72181e-009
6.33 7.06716e-006 -4.64842e-011 2.34165e-012 1.09687e-008 1.09687e-008
6.34 8.27086e-006 -7.74593e-011 -3.68041e-011 1.64704e-008 1.64704e-008
6.35 9.4375e-006 -9.22843e-011 -6.99285e-011 2.10309e-008 2.10309e-008
6.36 1.05488e-005 -7.5041e-011 -1.30211e-010 2.38692e-008 2.38692e-008
6.37 1.15231e-005 -5.49709e-011 -1.20524e-010 2.5096e-008 2.5096e-008
6.38 1.22042e-005 2.35387e-011 -1.84285e-010 2.56601e-008 2.56601e-008
6.39 1.24367e-005 -5.3225e-010 5.88769e-010 2.67659e-008 2.67659e-008
6.4 1.21424e-005 -3.15601e-010 2.17963e-010 2.89638e-008 2.89638e-008
6.41 1.13439e-005 1.67461e-010 -2.49873e-010 3.16285e-008 3.16285e-008
6.42 1.0125e-005 -7.34193e-011 6.32452e-011 3.34689e-008 3.34689e-008
6.43 8.6193e-006 1.12132e-010 -1.12917e-010 3.36074e-008 3.36074e-008
6.44 7.0024e-006 -2.93992e-011 -1.15927e-011 3.21481e-008 3.21481e-008
6.45 5.41718e-006 7.9628e-011 -5.65102e-011 2.99388e-008 2.99388e-008
6.46 3.93456e-006 1.3067e-011 -5.84345e-011 2.80592e-008 2.80592e-008
6.47 2.56823e-006 5.5968e-011 1.96139e-011 2.73512e-008 2.73512e-008
6.48 1.31957e-006 2.71028e-011 3.12966e-011 2.79287e-008 2.79287e-008
6.49 1.87834e-007 1.72817e-010 2.74919e-010 2.88786e-008 2.88786e-008
6.5 -8.23944e-007 -1.02149e-010 3.44097e-010 2.85867e-008 2.85867e-008
6.51 -1.74446e-006 6.49507e-011 2.20419e-010 2.56173e-008 2.56173e-008
6.52 -2.61586e-006 -3.57086e-011 -1.10268e-010 1.94734e-008 1.94734e-008
6.53 -3.47338e-006 1.6606e-011 5.53071e-011 1.06963e-008 1.06963e-008
6.54 -4.33933e-006 -9.21471e-012 4.76182e-011 4.06583e-010 4.06583e-010
6.55 -5.24695e-006 -8.53648e-012 7.2046e-011 -1.02094e-008 -1.02094e-008
6.56 -6.25723e-006 -5.33144e-012 1.1872e-011 -2.01431e-008 -2.01431e-008
6.57 -7.44513e-006 -1.25805e-011 3.29838e-011 -2.86147e-008 -2.86147e-008
6.58 -8.87611e-006 -1.02091e-011 2.68796e-012 -3.50935e-008 -3.50935e-008
6.59 -1.05762e-005 2.92404e-012 5.47044e-012 -3.92872e-008 -3.92872e-008
6.6 -1.25129e-005 -2.20665e-011 2.84979e-011 -4.10981e-008 -4.10981e-008
6.61 -1.46118e-005 -4.02503e-012 5.03822e-012 -4.06497e-008 -4.06497e-008
6.62 -1.67981e-005 1.6644e-011 -2.28541e-011 -3.83864e-008 -3.83864e-008
6.63 -1.90189e-005 -4.56627e-012 1.89267e-012 -3.51196e-008 -3.51196e-008
6.64 -2.12539e-005 -9.55212e-013 -5.45368e-012 -3.1908e-008 -3.1908e-008
6.65 -2.35012e-005 -5.3714e-012 -4.57768e-012 -2.97451e-008 -2.97451e-008
6.66 -2.57586e-005 2.18472e-011 -2.40096e-011 -2.91804e-008 -2.91804e-008
6.67 -2.80185e-005 2.83962e-010 -4.51751e-010 -3.0108e-008 -3.0108e-008
6.68 -3.02678e-005 2.41256e-010 6.71713e-011 -3.18357e-008 -3.18357e-008
6.69 -3.25388e-005 3.41087e-010 -5.16974e-010 -3.33659e-008 -3.33659e-008
6.7 -3.48518e-005 6.22988e-012 -1.84775e-011 -3.37506e-008 -3.37506e-008
6.71 -3.71651e-005 1.54384e-010 -2.1123e-010 -3.24041e-008 -3.24041e-008
6.72 -3.93834e-005 -2.37147e-011 3.16248e-012 -2.92615e-008 -2.92615e-008
6.73 -4.14141e-005 2.48961e-010 -2.45528e-010 -2.4652e-008 -2.4652e-008
6.74 -4.32217e-005 9.29208e-011 -1.68174e-010 -1.89247e-008 -1.89247e-008
6.75 -4.48863e-005 2.95814e-010 -4.6927e-010 -1.21753e-008 -1.21753e-008
6.76 -4.65637e-005 1.8745e-010 -2.91841e-010 -4.36426e-009 -4.36426e-009
6.77 -4.84263e-005 -6.76745e-011 1.69189e-010 4.34714e-009 4.34714e-009
6.78 -5.06014e-005 1.41687e-011 -1.60071e-010 1.34347e-008 1.34347e-008
6.79 -5.31397e-005 1.31952e-010 7.56633e-011 2.20986e-008 2.20986e-008
6.8 -5.60156e-005 2.22729e-010 5.09231e-011 2.94195e-008 2.94195e-008
6.81 -5.91487e-005 5.36223e-011 -1.84803e-010 3.45353e-008 3.45353e-008
6.82 -6.24455e-005 1.12778e-010 -5.53895e-011 3.68902e-008 3.68902e-008
6.83 -6.58061e-005 9.64247e-011 2.28331e-011 3.64209e-008 3.64209e-008
6.84 -6.91215e-005 1.475e-011 -9.34704e-011 3.34587e-008 3.34587e-008
6.85 -7.22821e-005 4.29982e-011 -1.50791e-011 2.84509e-008 2.84509e-008
6.86 -7.51958e-005 2.10193e-011 8.05353e-012 2.18744e-008 2.18744e-008
6.87 -7.7796e-005 4.08334e-011 1.42166e-011 1.4413e-008 1.4413e-008
6.88 -8.00085e-005 1.83988e-010 2.09069e-010 6.99096e-009 6.99096e-009
6.89 -8.17379e-005 1.27312e-011 6.97696e-011 4.10535e-010 4.10535e-010
6.9 -8.28618e-005 -7.93148e-011 -6.829e-011 -5.04818e-009 -5.04818e-009
6.91 -8.32758e-005 -4.71848e-011 -5.85307e-011 -9.57267e-009 -9.57267e-009
6.92 -8.29618e-005 2.15095e-011 -5.37377e-011 -1.33768e-008 -1.33768e-008
6.93 -8.19946e-005 5.61008e-011 -2.21234e-011 -1.6451e-008 -1.6451e-008
6.94 -8.04859e-005 2.94647e-011 1.85242e-011 -1.88145e-008 -1.88145e-008
6.95 -7.8541e-005 -1.03857e-012 1.20319e-011 -2.0848e-008 -2.0848e-008
6.96 -7.62543e-005 4.38065e-011 -4.56541e-011 -2.31433e-008 -2.31433e-008
6.97 -7.37343e-005 3.75536e-011 -5.79036e-011 -2.59943e-008 -2.59943e-008
6.98 -7.11153e-005 -1.29352e-010 1.70377e-010 -2.91751e-008 -2.91751e-008
6.99 -6.85383e-005 -9.56725e-011 8.61194e-011 -3.22759e-008 -3.22759e-008
7 -6.61181e-005 -8.60192e-012 8.57158e-011 -3.51318e-008 -3.51318e-008
7.01 -6.39351e-005 4.06111e-010 -4.43448e-010 -3.77702e-008 -3.77702e-008
7.02 -6.20474e-005 4.19252e-010 -7.14206e-010 -3.99889e-008 -3.99889e-008
7.03 -6.04455e-005 -1.44156e-010 1.55232e-010 -4.12348e-008 -4.12348e-008
7.04 -5.90192e-005 4.06329e-010 -5.05349e-010 -4.10456e-008 -4.10456e-008
7.05 -5.75347e-005 -5.41276e-011 -1.56882e-011 -3.95396e-008 -3.95396e-008
7.06 -5.56816e-005 4.62386e-010 -3.97859e-010 -3.73479e-008 -3.73479e-008
7.07 -5.32253e-005 1.4404e-010 -4.77005e-011 -3.50014e-008 -3.50014e-008
7.08 -5.00376e-005 -8.95225e-011 -2.26423e-011 -3.24244e-008 -3.24244e-008
7.09 -4.60919e-005 4.69889e-011 3.23802e-011 -2.91257e-008 -2.91257e-008
7.1 -4.1434e-005 -4.23513e-011 -3.45646e-011 -2.49016e-008 -2.49016e-008
7.11 -3.61784e-005 -4.90718e-011 -1.15136e-010 -2.03097e-008 -2.03097e-008
7.12 -3.05037e-005 -1.73133e-010 -2.03355e-010 -1.64674e-008 -1.64674e-008
7.13 -2.46145e-005 -3.24911e-010 -2.09683e-010 -1.44448e-008 -1.44448e-008
7.14 -1.86901e-005 5.95213e-010 1.3323e-009 -1.48173e-008 -1.48173e-008
7.15 -1.28756e-005 -4.32123e-010 2.1904e-009 -1.75962e-008 -1.75962e-008
7.16 -7.23403e-006 2.41764e-009 -8.38171e-010 -2.23225e-008 -2.23225e-008
7.17 -1.86496e-006 -1.06416e-009 2.50736e-010 -2.81748e-008 -2.81748e-008
7.18 3.27453e-006 4.89508e-010 8.74567e-011 -3.41762e-008 -3.41762e-008
7.19 8.11403e-006 -3.12111e-010 3.60379e-010 -3.9475e-008 -3.9475e-008
7.2 1.26959e-005 -4.44039e-011 -3.88683e-011 -4.3558e-008 -4.3558e-008
7.21 1.70325e-005 -8.96088e-010 -7.88023e-010 -4.63502e-008 -4.63502e-008
7.22 2.11032e-005 -1.19435e-009 -9.70214e-010 -4.81249e-008 -4.81249e-008
7.23 2.48555e-005 -2.59146e-010 3.664e-011 -4.92021e-008 -4.92021e-008
7.24 2.8224e-005 -4.84234e-010 -2.92678e-010 -4.9667e-008 -4.9667e-008
7.25 3.11729e-005 -5.74417e-010 -2.40226e-010 -4.93732e-008 -4.93732e-008
7.26 3.37402e-005 6.4866e-011 1.39988e-010 -4.81868e-008 -4.81868e-008
7.27 3.59883e-005 -4.06916e-011 -9.16931e-011 -4.61605e-008 -4.61605e-008
7.28 3.79534e-005 -3.10739e-011 1.87392e-010 -4.34573e-008 -4.34573e-008
7.29 3.96259e-005 -3.36418e-011 5.74763e-011 -4.01936e-008 -4.01936e-008
7.3 4.09378e-005 1.77144e-011 -2.20844e-012 -3.63857e-008 -3.63857e-008
7.31 4.17716e-005 -4.82443e-011 -2.86956e-011 -3.19395e-008 -3.19395e-008
7.32 4.19971e-005 7.21339e-011 -5.90397e-011 -2.66425e-008 -2.66425e-008
7.33 4.1557e-005 1.28183e-010 -5.44557e-011 -2.0372e-008 -2.0372e-008
7.34 4.05282e-005 2.07054e-011 3.67477e-011 -1.35483e-008 -1.35483e-008
7.35 3.90955e-005 1.096e-010 1.37443e-010 -7.27791e-009 -7.27791e-009
7.36 3.74667e-005 1.04595e-010 7.1039e-011 -2.68836e-009 -2.68836e-009
7.37 3.57935e-005 -6.15868e-011 -4.7653e-011 9.05156e-011 9.05156e-011
7.38 3.41601e-005 2.70397e-011 1.69646e-011 2.23427e-009 2.23427e-009
7.39 3.26231e-005 -1.15437e-011 -1.73542e-011 5.40566e-009 5.40566e-009
7.4 3.12061e-005 1.42886e-011 -3.75083e-012 1.06053e-008 1.06053e-008
7.41 2.98698e-005 -9.24219e-012 3.05113e-012 1.77621e-008 1.77621e-008
7.42 2.85092e-005 -3.32384e-010 -4.91054e-010 2.61703e-008 2.61703e-008
7.43 2.69974e-005 -7.45185e-010 -8.27874e-010 3.49965e-008 3.49965e-008
7.44 2.52556e-005 1.4691e-010 1.58778e-010 4.32819e-008 4.32819e-008
7.45 2.32604e-005 -2.86847e-010 -3.08671e-010 4.97102e-008 4.97102e-008
7.46 2.10515e-005 5.06164e-011 7.10817e-011 5.28177e-008 5.28177e-008
7.47 1.86794e-005 -6.58662e-011 -6.30659e-011 5.17475e-008 5.17475e-008
7.48 1.61817e-005 -4.95512e-011 -3.45321e-011 4.68754e-008 4.68754e-008
7.49 1.35529e-005 -1.32245e-010 -1.30136e-010 3.96466e-008 3.96466e-008
7.5 1.07314e-005 -5.37695e-011 -2.89693e-011 3.17064e-008 3.17064e-008
7.51 7.60665e-006 3.35438e-011 6.34282e-011 2.40624e-008 2.40624e-008
7.52 4.05652e-006 -1.82173e-011 -2.55726e-011 1.6969e-008 1.6969e-008
7.53 -4.6924e-009 8.58382e-012 1.42747e-011 1.04748e-008 1.04748e-008
7.54 -4.58383e-006 -2.21555e-012 2.68934e-011 4.88987e-009 4.88987e-009
7.55 -9.60815e-006 1.04134e-010 1.94432e-010 6.18183e-010 6.18183e-010
7.56 -1.49242e-005 -5.24922e-010 -5.86596e-010 -2.42157e-009 -2.42157e-009
7.57 -2.03417e-005 -5.01619e-010 7.24304e-011 -5.09772e-009 -5.09772e-009
7.58 -2.57451e-005 -3.23802e-010 -1.9155e-010 -8.59256e-009 -8.59256e-009
7.59 -3.10667e-005 2.55899e-010 1.41397e-011 -1.34032e-008 -1.34032e-008
7.6 -3.63366e-005 8.03156e-010 9.64569e-010 -1.87838e-008 -1.87838e-008
7.61 -4.16334e-005 2.15465e-009 2.26639e-009 -2.33425e-008 -2.33425e-008
7.62 -4.69637e-005 4.26693e-009 5.00857e-009 -2.62995e-008 -2.62995e-008
7.63 -5.22728e-005 5.61045e-011 -7.92779e-011 -2.80592e-008 -2.80592e-008
7.64 -5.74689e-005 6.54836e-010 8.83548e-010 -2.94832e-008 -2.94832e-008
7.65 -6.23933e-005 1.63646e-009 1.87586e-009 -3.08067e-008 -3.08067e-008
7.66 -6.68292e-005 -1.23263e-010 -3.67305e-010 -3.13518e-008 -3.13518e-008
7.67 -7.06732e-005 1.11193e-010 7.20685e-011 -3.00506e-008 -3.00506e-008
7.68 -7.38797e-005 -9.82532e-011 -7.29318e-011 -2.61763e-008 -2.61763e-008
7.69 -7.64391e-005 3.81209e-011 2.13341e-011 -1.98166e-008 -1.98166e-008
7.7 -7.83748e-005 -2.42355e-011 -1.76304e-011 -1.17747e-008 -1.17747e-008
7.71 -7.97696e-005 8.38148e-012 7.88152e-012 -2.91697e-009 -2.91697e-009
7.72 -8.07303e-005 8.84145e-011 1.49648e-010 6.42735e-009 6.42735e-009
7.73 -8.13507e-005 1.855e-010 1.49535e-010 1.63861e-008 1.63861e-008
7.74 -8.1684e-005 2.47809e-010 2.92106e-010 2.69853e-008 2.69853e-008
7.75 -8.17461e-005 2.91755e-010 2.83278e-010 3.79263e-008 3.79263e-008
7.76 -8.15366e-005 1.96544e-011 6.44601e-012 4.8961e-008 4.8961e-008
7.77 -8.10448e-005 4.42395e-011 5.57971e-011 6.01994e-008 6.01994e-008
7.78 -8.0262e-005 7.1045e-011 2.14468e-011 7.17655e-008 7.17655e-008
7.79 -7.92035e-005 1.41959e-010 1.29799e-010 8.31522e-008 8.31522e-008
7.8 -7.79207e-005 3.29864e-010 3.69449e-010 9.31174e-008 9.31174e-008
7.81 -7.64929e-005 1.34586e-010 1.46001e-010 1.00382e-007 1.00382e-007
7.82 -7.50391e-005 -1.03872e-011 -5.39231e-011 1.04503e-007 1.04503e-007
7.83 -7.37236e-005 4.60099e-011 -3.20655e-011 1.0614e-007 1.0614e-007
7.84 -7.26992e-005 -1.44206e-010 7.29838e-012 1.06527e-007 1.06527e-007
7.85 -7.20479e-005 -4.91771e-011 -2.23367e-011 1.06574e-007 1.06574e-007
7.86 -7.16718e-005 -5.15167e-010 -7.30878e-010 1.06318e-007 1.06318e-007
7.87 -7.12626e-005 9.49284e-009 1.08258e-008 1.05075e-007 1.05075e-007
7.88 -7.08574e-005 1.70378e-008 1.92121e-008 1.02092e-007 1.02092e-007
7.89 -7.03301e-005 4.34736e-009 3.89555e-009 9.72235e-008 9.72235e-008
7.9 -6.97616e-005 4.64285e-009 6.69864e-009 9.10375e-008 9.10375e-008
7.91 -6.91293e-005 8.43077e-011 -3.60019e-010 8.42073e-008 8.42073e-008
7.92 -6.84008e-005 2.2653e-009 1.09317e-009 7.6952e-008 7.6952e-008
7.93 -6.73915e-005 6.33669e-009 8.20614e-009 6.90118e-008 6.90118e-008
7.94 -6.60527e-005 -3.20094e-010 1.0199e-009 5.99904e-008 5.99904e-008
7.95 -6.4497e-005 1.29817e-010 -4.45044e-010 4.97358e-008 4.97358e-008
7.96 -6.27151e-005 -1.65906e-010 3.71352e-010 3.83479e-008 3.83479e-008
7.97 -6.07385e-005 2.78909e-010 -4.68145e-010 2.59809e-008 2.59809e-008
7.98 -5.85659e-005 -8.02206e-012 3.73252e-011 1.29837e-008 1.29837e-008
7.99 -5.61889e-005 -1.55626e-010 1.71186e-010 2.69594e-010 2.69594e-010
8 -5.35799e-005 1.29012e-010 -1.19268e-010 -1.0624e-008 -1.0624e-008
8.01 -5.07211e-005 1.05485e-010 2.64053e-010 -1.80321e-008 -1.80321e-008
8.02 -4.75088e-005 2.7152e-009 1.45278e-009 -2.0983e-008 -2.0983e-008
8.03 -4.38667e-005 3.57372e-009 7.6256e-009 -1.97969e-008 -1.97969e-008
8.04 -3.95957e-005 2.96922e-009 -6.56457e-010 -1.58693e-008 -1.58693e-008
8.05 -3.47623e-005 2.40994e-009 3.30096e-009 -1.06666e-008 -1.06666e-008
8.06 -2.95978e-005 -3.24547e-009 -2.31757e-009 -5.01078e-009 -5.01078e-009
8.07 -2.4106e-005 5.63586e-010 -2.71847e-011 5.99048e-010 5.99048e-010
8.08 -1.83972e-005 -1.82832e-009 -9.1932e-010 5.34969e-009 5.34969e-009
8.09 -1.24923e-005 4.12003e-010 -1.57627e-010 8.2034e-009 8.2034e-009
8.1 -6.46955e-006 -2.76621e-009 -3.9535e-009 8.72338e-009 8.72338e-009
8.11 -3.41971e-007 -6.0128e-010 -1.95607e-010 7.63148e-009 7.63148e-009
8.12 5.71209e-006 -4.72535e-010 -6.10224e-010 6.39045e-009 6.39045e-009
8.13 1.15574e-005 -1.25072e-009 -1.46917e-009 6.30682e-009 6.30682e-009
8.14 1.70356e-005 -5.48068e-011 -6.52478e-011 7.98907e-009 7.98907e-009
8.15 2.20279e-005 1.0541e-011 -1.92829e-010 1.13114e-008 1.13114e-008
8.16 2.65113e-005 8.70085e-011 -3.75493e-011 1.55876e-008 1.55876e-008
8.17 3.05094e-005 2.88438e-010 9.72149e-011 1.97589e-008 1.97589e-008
8.18 3.40421e-005 2.14606e-009 1.56266e-009 2.25798e-008 2.25798e-008
8.19 3.71231e-005 4.91569e-009 7.65448e-009 2.28567e-008 2.28567e-008
8.2 3.98207e-005 -4.38267e-010 -4.72806e-010 1.97645e-008 1.97645e-008
8.21 4.21195e-005 2.18896e-010 2.35757e-010 1.31093e-008 1.31093e-008
8.22 4.41142e-005 -1.10702e-010 -1.19621e-010 3.34565e-009 3.34565e-009
8.23 4.59125e-005 8.27942e-011 2.62499e-011 -8.64517e-009 -8.64517e-009
8.24 4.76623e-005 6.38026e-012 -4.13527e-011 -2.18812e-008 -2.18812e-008
8.25 4.95077e-005 1.6119e-009 8.32927e-010 -3.55599e-008 -3.55599e-008
8.26 5.15413e-005 6.6057e-009 6.80344e-009 -4.91673e-008 -4.91673e-008
8.27 5.38341e-005 -3.14733e-009 4.70691e-009 -6.24338e-008 -6.24338e-008
8.28 5.59032e-005 -4.48871e-008 -1.55736e-008 -7.52077e-008 -7.52077e-008
8.29 5.75837e-005 -3.39916e-008 -1.77791e-008 -8.73212e-008 -8.73212e-008
8.3 5.90432e-005 -3.76867e-009 6.21114e-010 -9.85809e-008 -9.85809e-008
8.31 6.03486e-005 3.78347e-009 -2.82411e-010 -1.08831e-007 -1.08831e-007
8.32 6.15774e-005 8.09396e-009 3.29639e-009 -1.17883e-007 -1.17883e-007
8.33 6.28151e-005 4.42578e-009 -8.86384e-010 -1.2535e-007 -1.2535e-007
8.34 6.41421e-005 4.14866e-009 -2.0198e-009 -1.30544e-007 -1.30544e-007
8.35 6.56429e-005 1.5176e-009 -6.65518e-010 -1.32658e-007 -1.32658e-007
8.36 6.73384e-005 6.96817e-010 9.80795e-010 -1.31214e-007 -1.31214e-007
8.37 6.92084e-005 6.1317e-010 -2.25278e-009 -1.26449e-007 -1.26449e-007
8.38 7.12925e-005 -2.13478e-010 -2.88903e-010 -1.19336e-007 -1.19336e-007
8.39 7.34609e-005 3.78833e-010 -8.95541e-010 -1.11223e-007 -1.11223e-007
8.4 7.56926e-005 1.26584e-009 -3.12922e-009 -1.03345e-007 -1.03345e-007
8.41 7.8008e-005 1.30539e-009 -3.69303e-009 -9.65209e-008 -9.65209e-008
8.42 8.03927e-005 9.93303e-010 -8.9878e-010 -9.11321e-008 -9.11321e-008
8.43 8.27272e-005 4.44544e-009 -8.15744e-009 -8.72015e-008 -8.72015e-008
8.44 8.50082e-005 1.73111e-009 -2.34049e-009 -8.44347e-008 -8.44347e-008
8.45 8.71211e-005 2.3157e-009 -3.52922e-009 -8.23103e-008 -8.23103e-008
8.46 8.89993e-005 8.31481e-010 -5.01912e-010 -8.02623e-008 -8.02623e-008
8.47 9.05981e-005 -8.13381e-011 -2.1472e-010 -7.79243e-008 -7.79243e-008
8.48 9.18195e-005 4.41082e-010 -9.8928e-010 -7.52969e-008 -7.52969e-008
8.49 9.25844e-005 -2.10399e-010 -3.14862e-010 -7.27748e-008 -7.27748e-008
8.5 9.2768e-005 1.66405e-009 -2.25364e-009 -7.11507e-008 -7.11507e-008
8.51 9.23017e-005 1.47965e-010 -1.47665e-010 -7.1534e-008 -7.1534e-008
8.52 9.10927e-005 -1.12229e-010 1.13921e-010 -7.50197e-008 -7.50197e-008
8.53 8.91115e-005 -1.77477e-010 2.17822e-010 -8.22189e-008 -8.22189e-008
8.54 8.63617e-005 -2.64663e-010 3.20859e-010 -9.30148e-008 -9.30148e-008
8.55 8.29001e-005 -1.87545e-011 3.12339e-011 -1.06713e-007 -1.06713e-007
8.56 7.88291e-005 -6.9588e-011 9.29463e-011 -1.22363e-007 -1.22363e-007
8.57 7.42743e-005 -4.34997e-011 7.28888e-011 -1.38975e-007 -1.38975e-007
8.58 6.93703e-005 -2.03748e-011 1.24289e-011 -1.5558e-007 -1.5558e-007
8.59 6.42483e-005 -7.69108e-012 3.56295e-012 -1.71256e-007 -1.71256e-007
8.6 5.90109e-005 4.28608e-011 -3.75131e-011 -1.85264e-007 -1.85264e-007
8.61 5.37672e-005 4.80869e-011 -4.06658e-011 -1.97311e-007 -1.97311e-007
8.62 4.86391e-005 -2.90064e-012 9.92235e-012 -2.07698e-007 -2.07698e-007
8.63 4.37313e-005 9.14888e-012 -6.31642e-012 -2.17082e-007 -2.17082e-007
8.64 3.91562e-005 2.01721e-011 4.39951e-011 -2.25992e-007 -2.25992e-007
8.65 3.50278e-005 1.5864e-010 2.70729e-010 -2.34528e-007 -2.34528e-007
8.66 3.14446e-005 8.89077e-011 -3.84576e-010 -2.42379e-007 -2.42379e-007
8.67 2.85242e-005 -5.08244e-010 -1.35986e-009 -2.48835e-007 -2.48835e-007
8.68 2.62151e-005 -2.84627e-010 -6.5315e-010 -2.52791e-007 -2.52791e-007
8.69 2.43687e-005 -1.47603e-009 1.78803e-009 -2.52998e-007 -2.52998e-007
8.7 2.29332e-005 -4.70679e-010 1.90272e-010 -2.48509e-007 -2.48509e-007
8.71 2.18041e-005 -2.57916e-009 1.70526e-009 -2.39014e-007 -2.39014e-007
8.72 2.08488e-005 -1.89267e-009 1.05671e-009 -2.24932e-007 -2.24932e-007
8.73 1.98526e-005 2.33107e-009 -6.02174e-009 -2.07269e-007 -2.07269e-007
8.74 1.85708e-005 5.33098e-009 -1.09783e-008 -1.87332e-007 -1.87332e-007
8.75 1.69907e-005 4.841e-009 -4.93702e-009 -1.66496e-007 -1.66496e-007
8.76 1.50202e-005 -1.20499e-009 -6.21437e-010 -1.4619e-007 -1.4619e-007
8.77 1.27033e-005 4.20158e-010 -1.0326e-009 -1.27805e-007 -1.27805e-007
8.78 1.00075e-005 1.423e-009 -8.9863e-010 -1.12291e-007 -1.12291e-007
8.79 6.86249e-006 -2.57638e-009 -1.12674e-011 -9.97118e-008 -9.97118e-008
8.8 3.21956e-006 2.53886e-010 -1.57837e-009 -8.92928e-008 -8.92928e-008
8.81 -1.13476e-006 1.10825e-009 -7.32751e-010 -7.98887e-008 -7.98887e-008
8.82 -6.67898e-006 -1.73495e-009 -9.33616e-010 -7.04409e-008 -7.04409e-008
8.83 -1.33418e-005 7.96076e-010 2.64879e-010 -6.02837e-008 -6.02837e-008
8.84 -2.0893e-005 -1.69314e-009 1.44655e-009 -4.94298e-008 -4.94298e-008
8.85 -2.93256e-005 -7.28148e-009 -6.68035e-009 -3.87166e-008 -3.87166e-008
8.86 -3.82687e-005 -8.88991e-009 -1.42303e-008 -2.9569e-008 -2.9569e-008
8.87 -4.74653e-005 -9.5164e-010 -5.59374e-009 -2.34971e-008 -2.34971e-008
8.88 -5.66989e-005 -9.65938e-010 -5.53602e-009 -2.15072e-008 -2.15072e-008
8.89 -6.58006e-005 6.08081e-010 -3.95262e-009 -2.35989e-008 -2.35989e-008
8.9 -7.48081e-005 1.07988e-009 -4.27231e-009 -2.87514e-008 -2.87514e-008
8.91 -8.36712e-005 2.29874e-009 -4.97005e-009 -3.54593e-008 -3.54593e-008
8.92 -9.24353e-005 3.795e-009 -5.22721e-009 -4.23423e-008 -4.23423e-008
8.93 -0.00010088 5.69007e-009 -6.10933e-009 -4.84181e-008 -4.84181e-008
8.94 -0.000108908 1.68679e-009 -1.37923e-009 -5.2961e-008 -5.2961e-008
8.95 -0.000116442 3.77357e-011 -8.36922e-010 -5.52438e-008 -5.52438e-008
8.96 -0.000123361 4.58342e-011 -3.27082e-010 -5.45151e-008 -5.45151e-008
8.97 -0.000129552 -2.61237e-010 3.87101e-010 -5.02177e-008 -5.02177e-008
8.98 -0.000134951 -1.05704e-010 6.66492e-011 -4.22448e-008 -4.22448e-008
8.99 -0.000139554 -1.80125e-010 -5.44576e-011 -3.1075e-008 -3.1075e-008
9 -0.000143371 -2.99439e-010 -2.63898e-010 -1.77171e-008 -1.77171e-008
9.01 -0.000146462 -2.92573e-010 -1.21617e-010 -3.44008e-009 -3.44008e-009
9.02 -0.000148933 3.31472e-010 -3.94316e-010 1.07011e-008 1.07011e-008
9.03 -0.000150798 1.84314e-009 4.81906e-010 2.43176e-008 2.43176e-008
9.04 -0.00015177 2.77463e-009 1.69852e-009 3.7731e-008 3.7731e-008
9.05 -0.000151687 1.43102e-009 2.79571e-011 5.16985e-008 5.16985e-008
9.06 -0.000150849 1.1185e-009 -8.8616e-010 6.71912e-008 6.71912e-008
9.07 -0.000149366 1.93279e-009 2.99929e-010 8.51055e-008 8.51055e-008
9.08 -0.000147195 1.35694e-008 8.99042e-009 1.05848e-007 1.05848e-007
9.09 -0.000144334 1.20778e-008 1.05211e-008 1.29133e-007 1.29133e-007
9.1 -0.000140835 4.40084e-009 5.71951e-009 1.54134e-007 1.54134e-007
9.11 -0.000136803 2.76515e-010 2.38371e-009 1.79787e-007 1.79787e-007
9.12 -0.00013236 4.32173e-011 1.21528e-009 2.04901e-007 2.04901e-007
9.13 -0.000127659 1.96673e-009 3.14819e-009 2.28159e-007 2.28159e-007
9.14 -0.000122694 3.35785e-010 -7.46997e-010 2.48214e-007 2.48214e-007
9.15 -0.000117562 3.51793e-009 3.29898e-009 2.63928e-007 2.63928e-007
9.16 -0.000112371 2.44344e-009 2.57388e-010 2.74579e-007 2.74579e-007
9.17 -0.000107178 7.45559e-010 2.82919e-009 2.79946e-007 2.79946e-007
9.18 -0.000102015 -6.357e-010 4.32923e-009 2.80202e-007 2.80202e-007
9.19 -9.68873e-005 -2.3755e-011 4.55772e-009 2.75767e-007 2.75767e-007
9.2 -9.17588e-005 -2.97215e-009 7.14211e-009 2.67295e-007 2.67295e-007
9.21 -8.649e-005 -8.27798e-010 1.9752e-009 2.55721e-007 2.55721e-007
9.22 -8.10201e-005 -3.89381e-009 6.2836e-009 2.42165e-007 2.42165e-007
9.23 -7.52184e-005 -2.10317e-009 2.54759e-009 2.27582e-007 2.27582e-007
9.24 -6.90893e-005 -4.75817e-009 4.51881e-009 2.12425e-007 2.12425e-007
9.25 -6.26143e-005 -3.283e-009 5.13214e-009 1.9658e-007 1.9658e-007
9.26 -5.58935e-005 -5.28831e-009 3.78819e-009 1.7965e-007 1.7965e-007
9.27 -4.89821e-005 -1.91304e-009 1.604e-009 1.61462e-007 1.61462e-007
9.28 -4.17097e-005 -2.39719e-009 8.32481e-010 1.42501e-007 1.42501e-007
9.29 -3.41477e-005 -1.93585e-009 1.668e-009 1.23898e-007 1.23898e-007
9.3 -2.65275e-005 -8.47865e-010 4.77432e-010 1.06953e-007 1.06953e-007
9.31 -1.88596e-005 -1.30833e-009 4.70435e-010 9.26153e-008 9.26153e-008
9.32 -1.11773e-005 -1.65436e-010 -7.86142e-011 8.12781e-008 8.12781e-008
9.33 -3.33423e-006 1.01071e-010 2.83266e-010 7.29126e-008 7.29126e-008
9.34 4.22869e-006 -1.30224e-009 1.53098e-009 6.72177e-008 6.72177e-008
9.35 1.15502e-005 3.66432e-010 1.10068e-009 6.35937e-008 6.35937e-008
9.36 1.85697e-005 1.6419e-010 2.05244e-010 6.11487e-008 6.11487e-008
9.37 2.5191e-005 1.05507e-009 5.81949e-010 5.89701e-008 5.89701e-008
9.38 3.13221e-005 -1.8461e-009 -1.68302e-009 5.64909e-008 5.64909e-008
9.39 3.68694e-005 4.69928e-011 8.59628e-010 5.36359e-008 5.36359e-008
9.4 4.17457e-005 3.61049e-010 -2.56561e-009 5.07197e-008 5.07197e-008
9.41 4.58579e-005 -5.12896e-010 -1.73483e-009 4.83113e-008 4.83113e-008
9.42 4.91188e-005 -1.71303e-009 -1.83621e-009 4.71584e-008 4.71584e-008
9.43 5.14543e-005 -7.08284e-010 -3.88948e-009 4.8024e-008 4.8024e-008
9.44 5.28451e-005 2.92814e-009 -8.56525e-009 5.14012e-008 5.14012e-008
9.45 5.33077e-005 4.15831e-009 -7.53762e-009 5.73026e-008 5.73026e-008
9.46 5.29347e-005 -3.29913e-011 1.28699e-010 6.52211e-008 6.52211e-008
9.47 5.17653e-005 3.41009e-010 -4.54419e-010 7.42198e-008 7.42198e-008
9.48 4.98784e-005 -7.96829e-011 2.95725e-010 8.30949e-008 8.30949e-008
9.49 4.72819e-005 6.29246e-010 -5.10172e-010 9.05355e-008 9.05355e-008
9.5 4.40391e-005 4.10658e-009 -2.09311e-009 9.52443e-008 9.52443e-008
9.51 4.02134e-005 8.37894e-009 2.73986e-009 9.60165e-008 9.60165e-008
9.52 3.59279e-005 6.25371e-009 7.85971e-009 9.18249e-008 9.18249e-008
9.53 3.13653e-005 2.13379e-009 3.86011e-009 8.21124e-008 8.21124e-008
9.54 2.66655e-005 6.4278e-010 2.25032e-009 6.72927e-008 6.72927e-008
9.55 2.19385e-005 1.3751e-010 7.2958e-010 4.88895e-008 4.88895e-008
9.56 1.72557e-005 1.25295e-010 8.90589e-010 2.8965e-008 2.8965e-008
9.57 1.26571e-005 4.45734e-011 -2.59054e-010 9.29739e-009 9.29739e-009
9.58 8.11082e-006 9.57772e-011 2.0747e-010 -9.05717e-009 -9.05717e-009
9.59 3.53183e-006 -4.40786e-011 1.42248e-010 -2.5631e-008 -2.5631e-008
9.6 -1.20074e-006 -6.53987e-012 8.4869e-011 -4.01932e-008 -4.01932e-008
9.61 -6.18893e-006 1.16588e-010 -1.57087e-011 -5.26466e-008 -5.26466e-008
9.62 -1.14853e-005 3.48241e-011 1.00054e-010 -6.32231e-008 -6.32231e-008
9.63 -1.70881e-005 -1.54739e-012 1.50922e-010 -7.257e-008 -7.257e-008
9.64 -2.2979e-005 -9.55922e-010 1.84492e-009 -8.141e-008 -8.141e-008
9.65 -2.92618e-005 -8.53874e-009 1.20585e-008 -9.00077e-008 -9.00077e-008
9.66 -3.5963e-005 -1.10572e-008 6.9517e-009 -9.79663e-008 -9.79663e-008
9.67 -4.2597e-005 -2.50137e-009 -2.83828e-008 -1.04524e-007 -1.04524e-007
9.68 -4.95507e-005 2.07632e-009 5.15336e-009 -1.09272e-007 -1.09272e-007
9.69 -5.68757e-005 -8.16245e-011 -2.0365e-009 -1.12645e-007 -1.12645e-007
9.7 -6.40091e-005 2.22615e-010 8.30541e-010 -1.15305e-007 -1.15305e-007
9.71 -7.11657e-005 1.2266e-010 -9.01367e-010 -1.17151e-007 -1.17151e-007
9.72 -7.82063e-005 1.40811e-010 1.95594e-010 -1.17338e-007 -1.17338e-007
9.73 -8.5151e-005 1.15354e-009 -1.16241e-009 -1.15086e-007 -1.15086e-007
9.74 -9.19653e-005 1.35517e-009 -7.19442e-010 -1.10206e-007 -1.10206e-007
9.75 -9.87387e-005 2.08068e-009 -9.90297e-010 -1.029e-007 -1.029e-007
9.76 -0.000105577 6.30134e-010 1.076e-010 -9.3421e-008 -9.3421e-008
9.77 -0.000112517 2.21386e-013 6.3187e-010 -8.21045e-008 -8.21045e-008
9.78 -0.000119556 1.7066e-010 6.90373e-010 -6.96266e-008 -6.96266e-008
9.79 -0.000126668 8.34825e-010 8.51871e-010 -5.69696e-008 -5.69696e-008
9.8 -0.00013374 6.51458e-010 1.46219e-009 -4.50015e-008 -4.50015e-008
9.81 -0.000140661 1.11242e-009 1.84354e-009 -3.40971e-008 -3.40971e-008
9.82 -0.000147261 1.12062e-009 4.77587e-010 -2.41306e-008 -2.41306e-008
9.83 -0.000153433 1.15829e-009 6.78328e-010 -1.47588e-008 -1.47588e-008
9.84 -0.00015912 8.77667e-010 7.96967e-010 -5.79905e-009 -5.79905e-009
9.85 -0.00016403 6.15849e-010 -7.3674e-010 2.51956e-009 2.51956e-009
9.86 -0.000168037 3.86374e-010 -8.37722e-010 9.6607e-009 9.6607e-009
9.87 -0.000171063 3.63035e-010 -9.22227e-010 1.51812e-008 1.51812e-008
9.88 -0.000173063 7.49675e-010 -1.028e-009 1.90488e-008 1.90488e-008
9.89 -0.000174034 2.05091e-009 -3.63583e-010 2.15637e-008 2.15637e-008
9.9 -0.000173956 2.36695e-009 -3.48236e-010 2.29926e-008 2.29926e-008
9.91 -0.000172927 3.18148e-009 1.39246e-009 2.32975e-008 2.32975e-008
9.92 -0.000171081 2.72131e-009 1.4667e-009 2.22556e-008 2.22556e-008
9.93 -0.000168472 1.7324e-009 2.64903e-009 1.98849e-008 1.98849e-008
9.94 -0.00016509 1.82725e-009 2.41219e-009 1.66403e-008 1.66403e-008
9.95 -0.000161058 9.30885e-010 3.24918e-009 1.3175e-008 1.3175e-008
9.96 -0.000156482 6.08125e-010 1.80425e-009 1.00564e-008 1.00564e-008
9.97 -0.00015146 -3.21263e-010 2.19033e-009 7.72612e-009 7.72612e-009
9.98 -0.000146136 -4.64085e-010 2.02548e-009 6.64194e-009 6.64194e-009
9.99 -0.000140596 -6.27146e-010 1.9346e-009 7.29621e-009 7.29621e-009
10 -0.00013484 -3.40593e-010 4.552e-010 9.95399e-009 9.95399e-009
