0.1 -14.014 -39.8637 3.59093 -0.88006 -0.88006
0.2 -28.0296 -79.7087 7.18033 -1.76036 -1.76036
0.3 -42.0466 -119.535 10.7682 -2.6409 -2.6409
0.4 -56.0652 -159.342 14.3546 -3.52168 -3.52168
0.5 -70.0854 -199.131 17.9395 -4.4027 -4.4027
0.6 -84.1072 -238.901 21.5229 -5.28397 -5.28397
0.7 -98.1306 -278.651 25.1048 -6.16548 -6.16548
0.8 -112.156 -318.383 28.6852 -7.04724 -7.04724
0.9 -126.182 -358.096 32.2643 -7.92924 -7.92924
1 -140.21 -397.79 35.8419 -8.8115 -8.8115
0.01 -140.211 -397.978 35.7781 -8.82098 -8.82098
0.02 -140.214 -398.493 35.6031 -8.86809 -8.86809
0.03 -140.217 -399.03 35.4069 -8.96954 -8.96954
0.04 -140.221 -399.333 35.2521 -9.09733 -9.09733
0.05 -140.227 -399.429 35.1164 -9.21174 -9.21174
0.06 -140.232 -399.374 34.9833 -9.30982 -9.30982
0.07 -140.238 -399.205 34.8538 -9.41399 -9.41399
0.08 -140.243 -398.938 34.7438 -9.53152 -9.53152
0.09 -140.248 -398.584 34.6754 -9.64442 -9.64442
0.1 -140.253 -398.166 34.6592 -9.73008 -9.73008
0.11 -140.256 -397.717 34.693 -9.77906 -9.77906
0.12 -140.26 -397.264 34.76 -9.79574 -9.79574
0.13 -140.262 -396.823 34.8366 -9.79262 -9.79262
0.14 -140.265 -396.391 34.897 -9.78766 -9.78766
0.15 -140.267 -395.972 34.924 -9.80261 -9.80261
0.16 -140.268 -395.576 34.915 -9.8575 -9.8575
0.17 -140.269 -395.217 34.879 -9.96327 -9.96327
0.18 -140.267 -394.893 34.8295 -10.1184 -10.1184
0.19 -140.264 -394.588 34.7729 -10.3122 -10.3122
0.2 -140.26 -394.27 34.7101 -10.5312 -10.5312
0.21 -140.253 -393.924 34.6437 -10.7623 -10.7623
0.22 -140.245 -393.543 34.5828 -10.9913 -10.9913
0.23 -140.234 -393.14 34.5427 -11.2003 -11.2003
0.24 -140.223 -392.731 34.5305 -11.3683 -11.3683
0.25 -140.209 -392.348 34.5435 -11.4756 -11.4756
0.26 -140.195 -392.015 34.577 -11.5091 -11.5091
0.27 -140.18 -391.753 34.6393 -11.4633 -11.4633
0.28 -140.164 -391.54 34.7509 -11.3411 -11.3411
0.29 -140.147 -391.342 34.9089 -11.1592 -11.1592
0.3 -140.13 -391.111 35.0822 -10.9563 -10.9563
0.31 -140.112 -390.795 35.2368 -10.7856 -10.7856
0.32 -140.094 -390.356 35.3656 -10.6856 -10.6856
0.33 -140.076 -389.796 35.4709 -10.6583 -10.6583
0.34 -140.059 -389.137 35.5563 -10.677 -10.677
0.35 -140.041 -388.388 35.6235 -10.7102 -10.7102
0.36 -140.023 -387.555 35.6682 -10.7356 -10.7356
0.37 -140.005 -386.657 35.6914 -10.7414 -10.7414
0.38 -139.987 -385.747 35.7149 -10.7179 -10.7179
0.39 -139.969 -384.89 35.7699 -10.6495 -10.6495
0.4 -139.952 -384.125 35.8643 -10.5199 -10.5199
0.41 -139.935 -383.45 35.9818 -10.3285 -10.3285
0.42 -139.918 -382.846 36.1034 -10.0976 -10.0976
0.43 -139.901 -382.316 36.2257 -9.85728 -9.85728
0.44 -139.885 -381.881 36.3663 -9.6238 -9.6238
0.45 -139.868 -381.551 36.5404 -9.39398 -9.39398
0.46 -139.853 -381.297 36.7414 -9.15998 -9.15998
0.47 -139.837 -381.066 36.9602 -8.92363 -8.92363
0.48 -139.821 -380.837 37.1855 -8.69235 -8.69235
0.49 -139.806 -380.618 37.4076 -8.47016 -8.47016
0.5 -139.791 -380.427 37.6309 -8.25619 -8.25619
0.51 -139.777 -380.268 37.8792 -8.04456 -8.04456
0.52 -139.763 -380.163 38.1646 -7.82683 -7.82683
0.53 -139.75 -380.152 38.4887 -7.59759 -7.59759
0.54 -139.737 -380.234 38.8828 -7.3494 -7.3494
0.55 -139.725 -380.35 39.3646 -7.06169 -7.06169
0.56 -139.712 -380.456 39.9084 -6.71128 -6.71128
0.57 -139.7 -380.625 40.4221 -6.30406 -6.30406
0.58 -139.689 -380.963 40.8159 -5.88742 -5.88742
0.59 -139.679 -381.472 41.074 -5.51633 -5.51633
0.6 -139.671 -382.035 41.2637 -5.20252 -5.20252
0.61 -139.664 -382.525 41.4344 -4.90872 -4.90872
0.62 -139.658 -382.903 41.5744 -4.6 -4.6
0.63 -139.654 -383.184 41.7083 -4.27624 -4.27624
0.64 -139.651 -383.38 41.9345 -3.93483 -3.93483
0.65 -139.647 -383.538 42.259 -3.54315 -3.54315
0.66 -139.645 -383.73 42.567 -3.09025 -3.09025
0.67 -139.642 -383.963 42.769 -2.62705 -2.62705
0.68 -139.641 -384.218 42.8888 -2.20835 -2.20835
0.69 -139.64 -384.535 42.9815 -1.82046 -1.82046
0.7 -139.639 -384.958 43.0866 -1.40132 -1.40132
0.71 -139.64 -385.453 43.207 -0.916675 -0.916675
0.72 -139.643 -385.935 43.2916 -0.402123 -0.402123
0.73 -139.647 -386.364 43.247 0.0483643 0.0483643
0.74 -139.654 -386.821 43.03 0.327349 0.327349
0.75 -139.664 -387.456 42.6773 0.372224 0.372224
0.76 -139.676 -388.314 42.2679 0.200868 0.200868
0.77 -139.69 -389.29 41.8947 -0.101527 -0.101527
0.78 -139.705 -390.229 41.6718 -0.417914 -0.417914
0.79 -139.722 -391.062 41.6834 -0.626568 -0.626568
0.8 -139.738 -391.832 41.9097 -0.635603 -0.635603
0.81 -139.755 -392.588 42.265 -0.424266 -0.424266
0.82 -139.771 -393.285 42.6616 -0.0472522 -0.0472522
0.83 -139.787 -393.872 43.0479 0.407615 0.407615
0.84 -139.804 -394.397 43.421 0.867243 0.867243
0.85 -139.82 -394.944 43.8441 1.29809 1.29809
0.86 -139.837 -395.561 44.4122 1.70691 1.70691
0.87 -139.853 -396.349 45.0796 2.10136 2.10136
0.88 -139.871 -397.417 45.6523 2.41983 2.41983
0.89 -139.89 -398.681 46.0465 2.537 2.537
0.9 -139.908 -399.845 46.3815 2.39338 2.39338
0.91 -139.925 -400.707 46.8065 2.09722 2.09722
0.92 -139.939 -401.425 47.2918 1.8497 1.8497
0.93 -139.949 -402.362 47.6865 1.78213 1.78213
0.94 -139.957 -403.628 47.9412 1.91088 1.91088
0.95 -139.963 -404.885 48.1229 2.22252 2.22252
0.96 -139.965 -405.67 48.2911 2.71777 2.71777
0.97 -139.965 -405.899 48.4213 3.35491 3.35491
0.98 -139.963 -405.926 48.385 4.00033 4.00033
0.99 -139.961 -406.074 48.1213 4.48223 4.48223
1 -139.959 -406.306 47.7395 4.71691 4.71691
1.01 -139.957 -406.397 47.2851 4.75338 4.75338
1.02 -139.955 -406.232 46.6857 4.67094 4.67094
1.03 -139.952 -405.922 46.0438 4.5114 4.5114
1.04 -139.947 -405.735 45.6609 4.36942 4.36942
1.05 -139.941 -405.868 45.6533 4.43773 4.43773
1.06 -139.933 -406.29 45.7862 4.84177 4.84177
1.07 -139.924 -406.775 45.785 5.48586 5.48586
1.08 -139.916 -407.025 45.666 6.16851 6.16851
1.09 -139.907 -406.899 45.6097 6.80381 6.80381
1.1 -139.898 -406.626 45.5916 7.40762 7.40762
1.11 -139.891 -406.578 45.4688 7.90355 7.90355
1.12 -139.888 -406.838 45.3632 8.12546 8.12546
1.13 -139.885 -407.136 45.5853 8.0495 8.0495
1.14 -139.883 -407.11 46.1713 7.85363 7.85363
1.15 -139.88 -406.518 46.9629 7.69777 7.69777
1.16 -139.872 -405.34 47.9784 7.61419 7.61419
1.17 -139.86 -403.964 49.2667 7.64822 7.64822
1.18 -139.841 -403.019 50.778 7.94325 7.94325
1.19 -139.818 -402.848 52.3839 8.62782 8.62782
1.2 -139.792 -403.27 53.8315 9.67194 9.67194
1.21 -139.764 -403.83 54.8744 10.8679 10.8679
1.22 -139.737 -404.168 55.3904 11.9293 11.9293
1.23 -139.71 -404.13 55.386 12.603 12.603
1.24 -139.686 -403.704 55.027 12.7384 12.7384
1.25 -139.662 -402.897 54.6585 12.3447 12.3447
1.26 -139.635 -401.7 54.6203 11.6202 11.6202
1.27 -139.603 -400.175 55.013 10.8751 10.8751
1.28 -139.563 -398.477 55.7244 10.3797 10.3797
1.29 -139.514 -396.813 56.5018 10.2701 10.2701
1.3 -139.459 -395.403 57.0827 10.558 10.558
1.31 -139.4 -394.327 57.4688 11.2192 11.2192
1.32 -139.338 -393.44 57.8255 12.2767 12.2767
1.33 -139.276 -392.486 58.1347 13.7425 13.7425
1.34 -139.214 -391.216 58.4094 15.4928 15.4928
1.35 -139.153 -389.609 59.0159 17.3343 17.3343
1.36 -139.09 -388.095 60.2271 19.1741 19.1741
1.37 -139.028 -387.225 61.7486 20.9394 20.9394
1.38 -138.966 -387.074 62.8995 22.333 22.333
1.39 -138.908 -387.097 63.1298 22.8718 22.8718
1.4 -138.853 -386.569 62.3452 22.2755 22.2755
1.41 -138.801 -385.428 60.8013 20.7682 20.7682
1.42 -138.755 -384.392 59.0165 18.9913 18.9913
1.43 -138.715 -384.005 57.7006 17.7032 17.7032
1.44 -138.68 -384.109 57.2023 17.4746 17.4746
1.45 -138.653 -384.207 57.1319 18.3869 18.3869
1.46 -138.635 -384.013 56.7874 19.905 19.905
1.47 -138.628 -383.837 55.8593 21.193 21.193
1.48 -138.633 -384.478 54.5064 21.6753 21.6753
1.49 -138.655 -386.554 52.7433 21.2426 21.2426
1.5 -138.699 -389.878 50.3602 19.9573 19.9573
1.51 -138.766 -393.462 47.7421 17.8797 17.8797
1.52 -138.849 -396.211 46.0799 15.3796 15.3796
1.53 -138.942 -397.832 46.2023 13.2911 13.2911
1.54 -139.043 -398.861 47.7097 12.3265 12.3265
1.55 -139.15 -399.777 49.6216 12.3964 12.3964
1.56 -139.26 -400.588 51.2851 12.7775 12.7775
1.57 -139.372 -401.117 52.4762 12.8637 12.8637
1.58 -139.487 -401.184 53.0825 12.5197 12.5197
1.59 -139.604 -400.664 52.9114 11.7806 11.7806
1.6 -139.728 -399.733 51.6717 10.4644 10.4644
1.61 -139.862 -399.086 49.3303 8.18555 8.18555
1.62 -140.007 -399.428 46.5977 4.74994 4.74994
1.63 -140.157 -400.368 44.781 0.55188 0.55188
1.64 -140.297 -400.359 45.0797 -3.42816 -3.42816
1.65 -140.411 -398.381 47.7574 -6.09411 -6.09411
1.66 -140.489 -395.203 51.8909 -6.83427 -6.83427
1.67 -140.525 -392.647 56.0377 -5.77563 -5.77563
1.68 -140.525 -391.926 59.0833 -3.51812 -3.51812
1.69 -140.495 -392.825 60.4969 -0.692877 -0.692877
1.7 -140.446 -394.421 60.1665 2.19775 2.19775
1.71 -140.387 -396.127 58.5108 4.70609 4.70609
1.72 -140.325 -397.739 56.4873 6.49343 6.49343
1.73 -140.261 -399.059 54.9118 7.46052 7.46052
1.74 -140.194 -399.894 53.8904 7.62832 7.62832
1.75 -140.121 -400.148 53.0967 6.90957 6.90957
1.76 -140.035 -399.852 52.2035 5.1781 5.1781
1.77 -139.933 -399.316 50.769 2.53997 2.53997
1.78 -139.814 -399.24 48.1235 -0.610582 -0.610582
1.79 -139.686 -400.304 44.0723 -3.69744 -3.69744
1.8 -139.557 -402.377 39.466 -5.90173 -5.90173
1.81 -139.436 -404.42 35.5369 -6.17929 -6.17929
1.82 -139.332 -405.373 33.0898 -3.79118 -3.79118
1.83 -139.251 -404.99 32.3852 1.03668 1.03668
1.84 -139.195 -403.806 33.4211 7.11159 7.11159
1.85 -139.161 -402.696 35.9326 12.955 12.955
1.86 -139.146 -402.327 39.169 17.4281 17.4281
1.87 -139.147 -402.557 42.4108 19.9209 19.9209
1.88 -139.153 -402.283 46.037 20.5026 20.5026
1.89 -139.154 -400.41 50.9173 20.109 20.109
1.9 -139.149 -397.079 56.3605 20.0141 20.0141
1.91 -139.146 -393.456 60.1423 20.6226 20.6226
1.92 -139.158 -390.485 60.7202 21.0621 21.0621
1.93 -139.193 -388.337 58.1717 20.2039 20.2039
1.94 -139.257 -386.789 53.4001 17.6963 17.6963
1.95 -139.35 -385.716 47.4755 13.8355 13.8355
1.96 -139.467 -385.054 41.7146 8.96863 8.96863
1.97 -139.593 -384.584 37.6206 3.45302 3.45302
1.98 -139.715 -384.123 35.9835 -2.1 -2.1
1.99 -139.823 -383.68 36.2374 -7.04759 -7.04759
2 -139.911 -383.413 36.9804 -11.1828 -11.1828
2.01 -139.98 -383.606 37.0038 -14.6808 -14.6808
2.02 -140.032 -384.624 36.0064 -17.5071 -17.5071
2.03 -140.075 -386.837 34.3112 -19.0897 -19.0897
2.04 -140.122 -390.317 32.1705 -18.7765 -18.7765
2.05 -140.184 -394.42 30.0154 -16.56 -16.56
2.06 -140.266 -398.114 28.581 -13.2524 -13.2524
2.07 -140.372 -400.987 27.7972 -10.2404 -10.2404
2.08 -140.503 -403.453 26.4082 -9.34851 -9.34851
2.09 -140.658 -405.934 23.134 -12.5054 -12.5054
2.1 -140.831 -408.156 17.7889 -20.7564 -20.7564
2.11 -141.009 -409.45 11.1931 -33.2888 -33.2888
2.12 -141.186 -409.674 4.12608 -47.6119 -47.6119
2.13 -141.36 -409.384 -3.17903 -60.8789 -60.8789
2.14 -141.536 -409.228 -10.5263 -71.1023 -71.1023
2.15 -141.719 -409.476 -17.1644 -77.3614 -77.3614
2.16 -141.91 -409.834 -21.7299 -79.3525 -79.3525
2.17 -142.108 -409.708 -23.1843 -77.1663 -77.1663
2.18 -142.31 -408.751 -22.0942 -71.6592 -71.6592
2.19 -142.514 -407.065 -20.0655 -64.7956 -64.7956
2.2 -142.714 -404.92 -17.7656 -58.9917 -58.9917
2.21 -142.899 -402.597 -14.7762 -55.765 -55.765
2.22 -143.062 -400.474 -11.1324 -55.2286 -55.2286
2.23 -143.204 -398.862 -7.8957 -56.9157 -56.9157
2.24 -143.325 -397.659 -6.34046 -60.6105 -60.6105
2.25 -143.427 -396.402 -7.08264 -66.1526 -66.1526
2.26 -143.514 -394.779 -10.1299 -72.8721 -72.8721
2.27 -143.588 -392.807 -14.8828 -79.658 -79.658
2.28 -143.648 -390.638 -19.8418 -85.459 -85.459
2.29 -143.687 -388.55 -23.4087 -89.5973 -89.5973
2.3 -143.699 -386.926 -25.0298 -91.9597 -91.9597
2.31 -143.677 -386.02 -24.9621 -93.1073 -93.1073
2.32 -143.615 -385.896 -23.5112 -93.9012 -93.9012
2.33 -143.51 -386.549 -20.9846 -94.7774 -94.7774
2.34 -143.365 -387.865 -17.8549 -95.4421 -95.4421
2.35 -143.186 -389.581 -14.6272 -95.2326 -95.2326
2.36 -142.979 -391.396 -11.5668 -93.5765 -93.5765
2.37 -142.757 -393.168 -8.84328 -90.1436 -90.1436
2.38 -142.528 -394.88 -6.5338 -84.8672 -84.8672
2.39 -142.299 -396.336 -4.04561 -77.9398 -77.9398
2.4 -142.073 -397.411 -0.536307 -69.7569 -69.7569
2.41 -141.85 -398.536 4.06745 -61.0046 -61.0046
2.42 -141.629 -400.197 9.23363 -52.7829 -52.7829
2.43 -141.41 -402.134 13.9861 -46.3534 -46.3534
2.44 -141.193 -403.515 16.6529 -42.6833 -42.6833
2.45 -140.985 -403.681 15.9594 -42.157 -42.157
2.46 -140.788 -402.547 12.5623 -44.26 -44.26
2.47 -140.603 -400.535 8.62781 -47.2866 -47.2866
2.48 -140.434 -398.27 6.08326 -48.7791 -48.7791
2.49 -140.282 -396.273 5.6338 -46.7689 -46.7689
2.5 -140.15 -394.883 6.91013 -40.7852 -40.7852
2.51 -140.042 -394.17 9.22445 -31.8095 -31.8095
2.52 -139.958 -393.758 12.1309 -21.4805 -21.4805
2.53 -139.893 -393.104 15.4048 -11.3673 -11.3673
2.54 -139.845 -391.872 19.0566 -2.61756 -2.61756
2.55 -139.803 -390.001 23.2921 4.24263 4.24263
2.56 -139.763 -387.693 28.1419 9.39281 9.39281
2.57 -139.721 -385.278 33.2287 13.4673 13.4673
2.58 -139.677 -383.071 37.8804 17.0384 17.0384
2.59 -139.639 -381.519 41.4241 20.2243 20.2243
2.6 -139.612 -381.204 43.5332 22.688 22.688
2.61 -139.603 -382.34 44.4528 23.958 23.958
2.62 -139.609 -384.452 44.8728 23.7986 23.7986
2.63 -139.626 -386.867 45.5896 22.3802 22.3802
2.64 -139.647 -389.639 46.8532 20.1211 20.1211
2.65 -139.672 -393.699 47.8464 17.2376 17.2376
2.66 -139.701 -399.71 47.5182 13.4302 13.4302
2.67 -139.735 -406.911 45.7989 8.2517 8.2517
2.68 -139.768 -413.509 43.6562 1.91515 1.91515
2.69 -139.797 -418.25 42.2973 -4.36282 -4.36282
2.7 -139.821 -421.454 42.2141 -8.92193 -8.92193
2.71 -139.843 -424.481 43.1912 -10.5903 -10.5903
2.72 -139.871 -428.31 45.2447 -9.10864 -9.10864
2.73 -139.907 -432.537 48.9224 -4.85472 -4.85472
2.74 -139.948 -435.62 54.2123 1.42941 1.42941
2.75 -139.994 -436.256 59.6188 8.40862 8.40862
2.76 -140.044 -434.533 63.2598 14.0821 14.0821
2.77 -140.097 -431.554 64.2477 16.6285 16.6285
2.78 -140.152 -428.02 62.5542 15.4776 15.4776
2.79 -140.208 -423.58 58.7811 11.4193 11.4193
2.8 -140.263 -417.767 54.2956 5.90687 5.90687
2.81 -140.313 -411.219 50.2603 0.387622 0.387622
2.82 -140.358 -405.394 46.6601 -4.18603 -4.18603
2.83 -140.4 -401.205 42.8908 -7.62868 -7.62868
2.84 -140.441 -398.314 38.6273 -10.2522 -10.2522
2.85 -140.476 -395.711 34.2779 -12.205 -12.205
2.86 -140.5 -392.692 30.61 -13.1347 -13.1347
2.87 -140.508 -389.06 28.0008 -12.5778 -12.5778
2.88 -140.493 -384.956 26.6922 -10.5189 -10.5189
2.89 -140.451 -381.022 27.1631 -7.3338 -7.3338
2.9 -140.382 -378.288 29.5349 -3.35041 -3.35041
2.91 -140.293 -377.368 33.1615 1.17822 1.17822
2.92 -140.192 -377.921 37.0584 5.72871 5.72871
2.93 -140.089 -379.284 40.3513 9.45187 9.45187
2.94 -139.99 -381.254 42.544 11.5599 11.5599
2.95 -139.902 -383.912 43.605 11.7234 11.7234
2.96 -139.828 -387.146 43.6404 10.0995 10.0995
2.97 -139.77 -390.906 42.4861 6.99632 6.99632
2.98 -139.731 -395.543 39.8223 2.52052 2.52052
2.99 -139.712 -401.319 35.8263 -3.38442 -3.38442
3 -139.713 -407.722 31.6178 -10.4688 -10.4688
3.01 -139.725 -413.615 28.7728 -17.769 -17.769
3.02 -139.744 -418.039 28.3715 -23.8021 -23.8021
3.03 -139.765 -420.792 30.6291 -27.2467 -27.2467
3.04 -139.787 -422.298 34.8789 -27.5087 -27.5087
3.05 -139.814 -422.907 39.6888 -24.8746 -24.8746
3.06 -139.851 -422.519 43.6639 -20.3174 -20.3174
3.07 -139.901 -421.133 46.6195 -14.9628 -14.9628
3.08 -139.963 -419.203 49.5607 -9.43078 -9.43078
3.09 -140.036 -417.35 53.0738 -3.7599 -3.7599
3.1 -140.119 -416.009 56.3441 1.84125 1.84125
3.11 -140.214 -414.878 58.2248 6.4128 6.4128
3.12 -140.313 -412.848 58.842 8.83765 8.83765
3.13 -140.402 -409.029 59.5341 9.00499 9.00499
3.14 -140.468 -403.594 60.889 7.95823 7.95823
3.15 -140.506 -397.65 61.5769 6.69661 6.69661
3.16 -140.517 -392.477 59.6158 5.19011 5.19011
3.17 -140.508 -388.903 53.8719 2.82444 2.82444
3.18 -140.487 -387.142 44.7863 -0.505609 -0.505609
3.19 -140.462 -386.865 34.8144 -3.92412 -3.92412
3.2 -140.432 -387.626 27.3122 -5.93405 -5.93405
3.21 -140.395 -389.564 24.064 -5.30999 -5.30999
3.22 -140.351 -393.435 24.2149 -2.06826 -2.06826
3.23 -140.306 -399.696 25.5729 2.34585 2.34585
3.24 -140.26 -407.903 26.3791 6.04944 6.04944
3.25 -140.219 -417.068 25.8495 7.96307 7.96307
3.26 -140.185 -425.907 23.9613 8.1169 8.1169
3.27 -140.161 -432.923 21.4868 7.12467 7.12467
3.28 -140.148 -437.156 19.6122 5.73404 5.73404
3.29 -140.151 -439.043 18.8827 4.63539 4.63539
3.3 -140.18 -440.188 18.8987 4.12753 4.12753
3.31 -140.245 -442.18 19.1735 3.80856 3.80856
3.32 -140.353 -445.548 19.9444 2.81705 2.81705
3.33 -140.501 -449.741 21.6195 0.431105 0.431105
3.34 -140.682 -453.952 23.4566 -3.73302 -3.73302
3.35 -140.893 -457.498 23.9833 -9.92488 -9.92488
3.36 -141.123 -459.368 22.8469 -18.0311 -18.0311
3.37 -141.358 -458.281 21.2826 -26.9226 -26.9226
3.38 -141.584 -453.546 21.1511 -34.4961 -34.4961
3.39 -141.787 -445.742 23.8616 -38.76 -38.76
3.4 -141.96 -436.591 29.3042 -38.9921 -38.9921
3.41 -142.104 -428.15 35.5499 -36.094 -36.094
3.42 -142.225 -421.715 40.3288 -32.03 -32.03
3.43 -142.328 -417.182 42.873 -28.6798 -28.6798
3.44 -142.413 -413.517 43.9732 -26.856 -26.856
3.45 -142.474 -409.875 44.6365 -26.2922 -26.2922
3.46 -142.507 -406.096 44.9413 -26.5132 -26.5132
3.47 -142.506 -402.451 44.0055 -27.5836 -27.5836
3.48 -142.465 -399.379 40.9106 -29.9741 -29.9741
3.49 -142.384 -397.399 35.518 -33.8389 -33.8389
3.5 -142.267 -397.125 28.1829 -38.6465 -38.6465
3.51 -142.123 -399.066 19.2496 -43.5955 -43.5955
3.52 -141.963 -402.859 9.71389 -48.1197 -48.1197
3.53 -141.791 -406.991 1.4807 -51.7075 -51.7075
3.54 -141.61 -409.886 -4.04124 -53.5608 -53.5608
3.55 -141.427 -411.068 -7.21343 -53.041 -53.041
3.56 -141.252 -411.3 -9.94778 -50.5717 -50.5717
3.57 -141.097 -411.838 -14.0574 -47.7516 -47.7516
3.58 -140.971 -413.572 -19.6326 -46.244 -46.244
3.59 -140.879 -416.811 -24.9175 -46.4319 -46.4319
3.6 -140.817 -421.256 -27.3648 -47.0667 -47.0667
3.61 -140.783 -426.006 -25.3049 -46.1503 -46.1503
3.62 -140.776 -429.955 -19.3668 -42.4138 -42.4138
3.63 -140.804 -432.411 -12.3547 -36.4377 -36.4377
3.64 -140.875 -433.211 -7.08327 -30.5047 -30.5047
3.65 -140.992 -432.494 -4.36177 -27.0685 -27.0685
3.66 -141.15 -430.444 -3.14674 -27.0849 -27.0849
3.67 -141.337 -427.483 -2.07761 -29.712 -29.712
3.68 -141.544 -424.321 -0.36121 -33.3757 -33.3757
3.69 -141.758 -421.095 2.21362 -36.8924 -36.8924
3.7 -141.972 -416.908 5.29362 -39.8423 -39.8423
3.71 -142.179 -410.675 8.19394 -42.4657 -42.4657
3.72 -142.372 -401.888 10.6089 -45.3743 -45.3743
3.73 -142.541 -390.928 12.8632 -49.0379 -49.0379
3.74 -142.673 -379.362 15.3847 -53.2735 -53.2735
3.75 -142.755 -369.133 18.3029 -57.1754 -57.1754
3.76 -142.782 -361.247 21.443 -59.547 -59.547
3.77 -142.751 -355.753 24.5995 -59.5041 -59.5041
3.78 -142.665 -352.432 27.6141 -56.9456 -56.9456
3.79 -142.529 -350.939 30.06 -52.7721 -52.7721
3.8 -142.35 -350.661 31.3329 -48.689 -48.689
3.81 -142.132 -351.064 31.1143 -46.4221 -46.4221
3.82 -141.879 -352.362 29.4843 -46.7182 -46.7182
3.83 -141.594 -355.327 26.955 -48.9266 -48.9266
3.84 -141.282 -359.805 24.2295 -51.527 -51.527
3.85 -140.948 -363.982 21.32 -53.2553 -53.2553
3.86 -140.599 -366.219 17.5813 -53.983 -53.983
3.87 -140.246 -366.938 12.6708 -54.5206 -54.5206
3.88 -139.901 -367.804 6.86588 -55.5249 -55.5249
3.89 -139.578 -369.818 0.7429 -56.6944 -56.6944
3.9 -139.289 -372.763 -5.28416 -57.0181 -57.0181
3.91 -139.05 -376.194 -11.2792 -55.6858 -55.6858
3.92 -138.877 -380.472 -17.526 -52.7583 -52.7583
3.93 -138.783 -386.171 -23.5578 -49.026 -49.026
3.94 -138.769 -392.862 -27.7459 -45.2099 -45.2099
3.95 -138.828 -399.476 -28.4479 -41.3302 -41.3302
3.96 -138.952 -405.225 -25.2213 -36.8865 -36.8865
3.97 -139.127 -409.421 -18.7716 -31.4829 -31.4829
3.98 -139.34 -411.222 -10.1092 -25.0897 -25.0897
3.99 -139.578 -410.178 0.0265466 -17.8253 -17.8253
4 -139.836 -406.855 10.5521 -9.92176 -9.92176
4.01 -140.119 -402.775 19.5137 -2.22949 -2.22949
4.02 -140.433 -399.108 25.3769 3.53004 3.53004
4.03 -140.779 -395.585 28.087 5.56678 5.56678
4.04 -141.156 -391.472 28.2062 3.10477 3.10477
4.05 -141.556 -386.762 26.3302 -3.48893 -3.48893
4.06 -141.963 -381.913 23.8325 -13.2186 -13.2186
4.07 -142.352 -377.649 22.6216 -24.6749 -24.6749
4.08 -142.698 -375.377 23.4315 -36.1906 -36.1906
4.09 -142.982 -376.894 25.5152 -46.3978 -46.3978
4.1 -143.192 -383.189 28.0021 -54.5043 -54.5043
4.11 -143.321 -393.719 30.431 -59.8261 -59.8261
4.12 -143.371 -406.621 32.6914 -61.4238 -61.4238
4.13 -143.348 -419.413 35.3169 -58.489 -58.489
4.14 -143.261 -430.18 38.725 -51.0599 -51.0599
4.15 -143.126 -438.343 42.0418 -40.5523 -40.5523
4.16 -142.96 -444.269 43.6507 -29.7424 -29.7424
4.17 -142.777 -448.598 42.3711 -21.9129 -21.9129
4.18 -142.588 -451.994 38.0679 -19.5034 -19.5034
4.19 -142.397 -455.302 31.8058 -23.1084 -23.1084
4.2 -142.205 -459.549 24.9825 -31.3946 -31.3946
4.21 -142.014 -465.275 18.4272 -41.8483 -41.8483
4.22 -141.822 -471.84 12.6169 -51.6865 -51.6865
4.23 -141.632 -478.083 7.71403 -58.4266 -58.4266
4.24 -141.448 -483.342 3.54565 -60.2565 -60.2565
4.25 -141.274 -487.271 0.811351 -56.2283 -56.2283
4.26 -141.108 -489.509 1.23016 -46.0716 -46.0716
4.27 -140.949 -489.846 5.88068 -30.0853 -30.0853
4.28 -140.798 -488.227 14.6899 -9.4837 -9.4837
4.29 -140.654 -484.69 27.0084 13.4579 13.4579
4.3 -140.521 -479.551 41.0746 35.8473 35.8473
4.31 -140.409 -473.064 54.0884 54.6919 54.6919
4.32 -140.321 -464.919 64.0459 67.4483 67.4483
4.33 -140.256 -454.747 70.7967 72.9894 72.9894
4.34 -140.203 -443.173 75.3715 72.4025 72.4025
4.35 -140.147 -431.976 79.1687 68.652 68.652
4.36 -140.076 -422.926 83.3348 65.2253 65.2253
4.37 -139.977 -416.758 88.0426 64.6444 64.6444
4.38 -139.847 -413.384 92.4794 67.5318 67.5318
4.39 -139.689 -412.852 95.4054 72.5528 72.5528
4.4 -139.514 -415.487 95.9351 77.235 77.235
4.41 -139.328 -420.844 94.5726 79.3431 79.3431
4.42 -139.133 -427.169 93.1346 78.1176 78.1176
4.43 -138.923 -432.229 93.651 74.559 74.559
4.44 -138.687 -434.482 97.743 70.6866 70.6866
4.45 -138.415 -433.881 105.807 68.461 68.461
4.46 -138.109 -431.737 115.86 68.815 68.815
4.47 -137.778 -429.418 124.316 71.0725 71.0725
4.48 -137.438 -427.468 128.607 73.4215 73.4215
4.49 -137.105 -426.215 128.494 74.4322 74.4322
4.5 -136.797 -426.342 125.261 74.1681 74.1681
4.51 -136.529 -428.078 120.85 73.7948 73.7948
4.52 -136.307 -430.544 117.386 74.4175 74.4175
4.53 -136.134 -432.776 115.888 76.2872 76.2872
4.54 -136.008 -434.812 115.723 78.5962 78.5962
4.55 -135.925 -436.969 115.812 79.8971 79.8971
4.56 -135.875 -438.799 115.185 79.0905 79.0905
4.57 -135.849 -439.305 112.989 76.2585 76.2585
4.58 -135.838 -437.576 109.446 72.8029 72.8029
4.59 -135.836 -432.922 106.463 71.1247 71.1247
4.6 -135.837 -424.899 106.508 73.9506 73.9506
4.61 -135.844 -413.899 110.427 83.0326 83.0326
4.62 -135.868 -401.619 116.466 97.6486 97.6486
4.63 -135.922 -390.07 122.161 114.386 114.386
4.64 -136.005 -379.918 127.004 129.065 129.065
4.65 -136.101 -370.444 132.221 139.303 139.303
4.66 -136.192 -360.919 138.257 145.182 145.182
4.67 -136.262 -351.712 143.751 147.706 147.706
4.68 -136.306 -344.215 146.91 147.277 147.277
4.69 -136.32 -339.672 147.109 143.858 143.858
4.7 -136.304 -338.028 145.406 138.013 138.013
4.71 -136.257 -338.033 143.82 131.296 131.296
4.72 -136.177 -338.354 143.516 125.528 125.528
4.73 -136.066 -338.086 143.815 121.646 121.646
4.74 -135.926 -336.586 143.621 119.216 119.216
4.75 -135.758 -333.665 142.925 117.139 117.139
4.76 -135.558 -329.64 142.758 114.701 114.701
4.77 -135.322 -324.931 144.609 111.935 111.935
4.78 -135.047 -320.111 149.053 109.18 109.18
4.79 -134.737 -316.224 154.345 106.38 106.38
4.8 -134.408 -314.369 157.688 102.819 102.819
4.81 -134.079 -314.873 157.514 97.8112 97.8112
4.82 -133.775 -317.043 153.728 91.6042 91.6042
4.83 -133.512 -319.817 147.515 85.3346 85.3346
4.84 -133.295 -322.537 141.815 80.3512 80.3512
4.85 -133.116 -324.918 139.573 77.8273 77.8273
4.86 -132.971 -326.756 139.818 78.1561 78.1561
4.87 -132.868 -327.636 137.763 79.8347 79.8347
4.88 -132.816 -326.489 130.112 79.6981 79.6981
4.89 -132.815 -322.288 118.349 75.4863 75.4863
4.9 -132.859 -315.336 106.607 68.0856 68.0856
4.91 -132.945 -306.859 97.8055 60.6387 60.6387
4.92 -133.073 -297.282 92.2962 55.7573 55.7573
4.93 -133.238 -285.896 89.2084 54.1691 54.1691
4.94 -133.44 -272.651 87.2767 55.4964 55.4964
4.95 -133.688 -259.461 84.6359 59.0004 59.0004
4.96 -133.989 -249.201 79.9788 63.3136 63.3136
4.97 -134.344 -243.965 74.0864 66.5923 66.5923
4.98 -134.744 -244.402 68.589 67.6205 67.6205
4.99 -135.185 -249.637 63.4033 66.2184 66.2184
5 -135.661 -257.043 57.2319 62.3479 62.3479
5.01 -136.162 -263.226 50.0987 55.6344 55.6344
5.02 -136.675 -266.665 43.3152 46.0671 46.0671
5.03 -137.193 -268.675 37.6795 34.3569 34.3569
5.04 -137.708 -271.251 33.1498 21.2504 21.2504
5.05 -138.212 -275.109 29.0173 7.04905 7.04905
5.06 -138.706 -280.098 23.4501 -8.11592 -8.11592
5.07 -139.196 -285.762 14.7319 -24.0166 -24.0166
5.08 -139.688 -291.258 3.65514 -40.239 -40.239
5.09 -140.183 -295.938 -7.0644 -56.0676 -56.0676
5.1 -140.683 -299.972 -15.6036 -70.8657 -70.8657
5.11 -141.184 -303.94 -21.5473 -84.8167 -84.8167
5.12 -141.672 -307.99 -24.5778 -98.6943 -98.6943
5.13 -142.127 -311.985 -25.1947 -112.722 -112.722
5.14 -142.547 -316.436 -26.1416 -126.438 -126.438
5.15 -142.94 -322.305 -30.5793 -139.822 -139.822
5.16 -143.313 -329.294 -39.0727 -153.558 -153.558
5.17 -143.673 -335.358 -50.1503 -167.886 -167.886
5.18 -144.025 -338.196 -62.5182 -182.027 -182.027
5.19 -144.369 -336.226 -75.0653 -194.968 -194.968
5.2 -144.694 -328.711 -85.6456 -205.961 -205.961
5.21 -144.979 -316.644 -91.6193 -214.05 -214.05
5.22 -145.21 -303.744 -92.1815 -218.094 -218.094
5.23 -145.382 -294.95 -88.67 -217.859 -217.859
5.24 -145.494 -293.408 -83.0296 -214.537 -214.537
5.25 -145.55 -299.383 -77.3295 -209.751 -209.751
5.26 -145.557 -311.132 -73.0906 -204.323 -204.323
5.27 -145.527 -326.156 -70.1503 -197.881 -197.881
5.28 -145.469 -342.382 -67.4851 -189.292 -189.292
5.29 -145.397 -358.623 -64.8528 -177.71 -177.71
5.3 -145.319 -373.831 -62.0898 -163.552 -163.552
5.31 -145.228 -386.811 -58.0028 -148.293 -148.293
5.32 -145.112 -397.373 -51.5952 -133.393 -133.393
5.33 -144.959 -406.837 -43.0172 -119.731 -119.731
5.34 -144.761 -416.901 -32.7695 -107.668 -107.668
5.35 -144.513 -428.375 -20.6246 -96.8148 -96.8148
5.36 -144.211 -441.057 -5.73512 -85.5676 -85.5676
5.37 -143.862 -454.264 11.0815 -71.6416 -71.6416
5.38 -143.487 -467.121 26.066 -53.9653 -53.9653
5.39 -143.11 -478.947 35.9856 -33.8732 -33.8732
5.4 -142.743 -489.821 42.0585 -13.5866 -13.5866
5.41 -142.383 -500.228 48.561 6.32466 6.32466
5.42 -142.024 -510.066 58.5532 27.0035 27.0035
5.43 -141.664 -518.37 71.115 48.7005 48.7005
5.44 -141.304 -524.306 82.3229 68.8476 68.8476
5.45 -140.945 -527.988 89.4848 83.3814 83.3814
5.46 -140.582 -529.782 93.5616 90.1551 90.1551
5.47 -140.205 -529.412 97.2436 90.8951 90.8951
5.48 -139.806 -526.308 102.499 89.9722 89.9722
5.49 -139.372 -520.56 110.075 91.8438 91.8438
5.5 -138.902 -513.454 119.047 99.4318 99.4318
5.51 -138.409 -506.968 126.938 113.495 113.495
5.52 -137.91 -502.259 132.431 132.617 132.617
5.53 -137.42 -499.239 136.8 154.122 154.122
5.54 -136.951 -497.72 141.534 175.235 175.235
5.55 -136.512 -497.455 146.646 193.335 193.335
5.56 -136.107 -497.302 151.1 205.892 205.892
5.57 -135.735 -496.11 153.392 211.114 211.114
5.58 -135.4 -494.387 152.472 208.908 208.908
5.59 -135.108 -494.03 148.53 201.074 201.074
5.6 -134.865 -496.393 142.224 190.43 190.43
5.61 -134.678 -501.166 133.755 179.49 179.49
5.62 -134.555 -506.836 123.767 169.87 169.87
5.63 -134.493 -511.674 114.891 162.975 162.975
5.64 -134.487 -514.422 110.741 160.809 160.809
5.65 -134.535 -514.581 112.727 165.007 165.007
5.66 -134.648 -512.528 118.437 174.397 174.397
5.67 -134.84 -509.386 123.434 183.937 183.937
5.68 -135.121 -506.221 124.922 187.058 187.058
5.69 -135.486 -502.993 123.7 179.875 179.875
5.7 -135.917 -498.51 122.629 163.514 163.514
5.71 -136.395 -491.643 123.59 142.66 142.66
5.72 -136.906 -482.335 126.388 122.061 122.061
5.73 -137.434 -471.296 130.479 104.348 104.348
5.74 -137.956 -458.834 136.852 90.5054 90.5054
5.75 -138.437 -444.073 147.646 81.3455 81.3455
5.76 -138.84 -425.529 163.783 77.7446 77.7446
5.77 -139.132 -402.453 183.561 79.4888 79.4888
5.78 -139.29 -375.511 203.393 84.4691 84.4691
5.79 -139.31 -346.474 218.816 89.2478 89.2478
5.8 -139.21 -317.761 225.086 90.1555 90.1555
5.81 -139.019 -291.481 219.415 84.1354 84.1354
5.82 -138.755 -267.667 204.756 69.9944 69.9944
5.83 -138.4 -244.159 189.809 50.2054 50.2054
5.84 -137.919 -219.743 182.295 30.9751 30.9751
5.85 -137.291 -197.071 182.636 18.8148 18.8148
5.86 -136.518 -181.095 185.417 16.3635 16.3635
5.87 -135.614 -174.685 185.121 21.8316 21.8316
5.88 -134.6 -176.667 179.035 31.8962 31.8962
5.89 -133.505 -183.306 167.654 44.2262 44.2262
5.9 -132.359 -191.153 153.883 57.9067 57.9067
5.91 -131.193 -198.847 140.643 72.8825 72.8825
5.92 -130.051 -206.652 129.749 89.3966 89.3966
5.93 -128.971 -215.409 122.836 107.589 107.589
5.94 -127.994 -226.573 120.956 127.126 127.126
5.95 -127.155 -241.891 123.043 146.614 146.614
5.96 -126.485 -261.934 125.609 163.205 163.205
5.97 -126.003 -285.22 124.942 173.474 173.474
5.98 -125.717 -308.99 119.757 175.773 175.773
5.99 -125.632 -330.905 110.655 172.012 172.012
6 -125.769 -350.317 97.0473 166.353 166.353
6.01 -126.168 -368.077 76.1474 161.366 161.366
6.02 -126.877 -385.422 46.0754 155.528 155.528
6.03 -127.928 -403.789 8.27464 144.662 144.662
6.04 -129.339 -424.329 -33.2823 125.385 125.385
6.05 -131.1 -445.908 -73.6821 97.1609 97.1609
6.06 -133.17 -464.599 -108.682 62.0555 62.0555
6.07 -135.497 -476.27 -136.097 23.3695 23.3695
6.08 -138.009 -478.447 -155.413 -15.6955 -15.6955
6.09 -140.635 -471.109 -168.323 -53.0388 -53.0388
6.1 -143.325 -456.505 -178.539 -88.3451 -88.3451
6.11 -146.033 -437.998 -188.698 -122.734 -122.734
6.12 -148.724 -419.021 -198.13 -157.052 -157.052
6.13 -151.368 -402.726 -204.092 -190.5 -190.5
6.14 -153.932 -391.018 -202.587 -221.088 -221.088
6.15 -156.368 -384.015 -188.637 -246.945 -246.945
6.16 -158.611 -381.137 -159.04 -267.226 -267.226
6.17 -160.588 -381.762 -115.01 -282.734 -282.734
6.18 -162.22 -385.388 -61.3871 -296.031 -296.031
6.19 -163.427 -392.813 -5.07724 -310.189 -310.189
6.2 -164.156 -406.958 46.7029 -326.648 -326.648
6.21 -164.377 -430.609 90.1948 -343.562 -343.562
6.22 -164.072 -462.907 128.056 -355.304 -355.304
6.23 -163.232 -499.15 167.34 -353.675 -353.675
6.24 -161.858 -533.933 212.802 -331.366 -331.366
6.25 -159.986 -565.746 262.292 -286.428 -286.428
6.26 -157.688 -597.805 306.542 -224.605 -224.605
6.27 -155.063 -635.105 333.275 -157.518 -157.518
6.28 -152.221 -680.053 334.382 -97.4969 -97.4969
6.29 -149.242 -730.163 312.279 -51.5458 -51.5458
6.3 -146.164 -779.402 279.408 -17.5356 -17.5356
6.31 -143.007 -822.387 248.077 14.2363 14.2363
6.32 -139.822 -857.094 219.315 53.679 53.679
6.33 -136.711 -883.055 182.823 102.902 102.902
6.34 -133.814 -899.076 125.436 154.517 154.517
6.35 -131.285 -903.314 40.6677 197.301 197.301
6.36 -129.25 -893.732 -65.6236 223.929 223.929
6.37 -127.764 -867.559 -175.247 235.438 235.438
6.38 -126.806 -821.948 -264.878 240.73 240.73
6.39 -126.332 -757.928 -320.695 251.104 251.104
6.4 -126.327 -682.605 -347.193 271.723 271.723
6.41 -126.797 -605.276 -357.828 296.722 296.722
6.42 -127.727 -532.727 -360.409 313.988 313.988
6.43 -129.088 -469.874 -354.626 315.287 315.287
6.44 -130.841 -420.974 -336.245 301.596 301.596
6.45 -132.909 -387.912 -299.55 280.87 280.87
6.46 -135.201 -369.394 -239.769 263.237 263.237
6.47 -137.639 -363.268 -157.551 256.594 256.594
6.48 -140.169 -368.479 -61.0618 262.012 262.012
6.49 -142.748 -384.278 38.1898 270.924 270.924
6.5 -145.314 -408.632 131.459 268.186 268.186
6.51 -147.773 -437.761 214.471 240.328 240.328
6.52 -150.018 -467.944 284.748 182.69 182.69
6.53 -151.961 -498.244 338.201 100.347 100.347
6.54 -153.562 -530.036 369.853 3.81435 3.81435
6.55 -154.809 -563.398 379.003 -95.779 -95.779
6.56 -155.694 -595.48 371.784 -188.972 -188.972
6.57 -156.212 -622.219 357.209 -268.448 -268.448
6.58 -156.338 -640.619 342.459 -329.229 -329.229
6.59 -156.035 -650.198 330.03 -368.572 -368.572
6.6 -155.288 -652.832 316.74 -385.561 -385.561
6.61 -154.124 -650.118 296.261 -381.355 -381.355
6.62 -152.602 -640.649 263.204 -360.121 -360.121
6.63 -150.809 -620.041 214.693 -329.473 -329.473
6.64 -148.841 -583.256 150.285 -299.344 -299.344
6.65 -146.789 -527.552 71.7316 -279.053 -279.053
6.66 -144.737 -454.28 -18.2327 -273.755 -273.755
6.67 -142.761 -368.354 -116.089 -282.458 -282.458
6.68 -140.919 -276.042 -215.72 -298.666 -298.666
6.69 -139.233 -183.414 -307.595 -313.021 -313.021
6.7 -137.723 -95.8227 -382.237 -316.63 -316.63
6.71 -136.359 -20.1866 -433.707 -303.998 -303.998
6.72 -135.131 36.6844 -462.256 -274.516 -274.516
6.73 -134.031 72.0428 -471.624 -231.272 -231.272
6.74 -133.065 89.7582 -463.31 -177.541 -177.541
6.75 -132.23 97.9151 -436.555 -114.222 -114.222
6.76 -131.537 103.814 -390.132 -40.9432 -40.9432
6.77 -130.975 110.72 -322.11 40.7826 40.7826
6.78 -130.526 118.191 -231.88 126.037 126.037
6.79 -130.16 124.349 -123.647 207.317 207.317
6.8 -129.856 127.731 -7.16316 275.998 275.998
6.81 -129.593 128.3 105.893 323.992 323.992
6.82 -129.348 127.301 206.709 346.085 346.085
6.83 -129.097 125.767 289.476 341.682 341.682
6.84 -128.831 123.219 349.135 313.892 313.892
6.85 -128.552 117.999 382.263 266.912 266.912
6.86 -128.252 109.233 391.312 205.214 205.214
6.87 -127.91 96.6305 384.352 135.215 135.215
6.88 -127.506 79.5236 369.615 65.5855 65.5855
6.89 -127.04 56.4631 350.253 3.85143 3.85143
6.9 -126.531 26.883 325.383 -47.3594 -47.3594
6.91 -125.994 -6.25578 295.03 -89.8058 -89.8058
6.92 -125.436 -35.5596 261.91 -125.494 -125.494
6.93 -124.869 -52.8116 226.453 -154.335 -154.335
6.94 -124.345 -54.3048 182.77 -176.508 -176.508
6.95 -123.945 -42.617 122.711 -195.585 -195.585
6.96 -123.758 -23.2401 43.8269 -217.118 -217.118
6.97 -123.86 -0.192683 -48.0264 -243.865 -243.865
6.98 -124.31 25.2023 -143.717 -273.706 -273.706
6.99 -125.146 52.6079 -236.389 -302.796 -302.796
7 -126.373 80.9827 -321.533 -329.588 -329.588
7.01 -127.952 109.51 -392.344 -354.34 -354.34
7.02 -129.789 138.631 -440.181 -375.154 -375.154
7.03 -131.796 167.332 -461.097 -386.843 -386.843
7.04 -133.913 191.048 -461.069 -385.069 -385.069
7.05 -136.116 200.329 -452.656 -370.94 -370.94
7.06 -138.424 186.561 -445.922 -350.379 -350.379
7.07 -140.85 147.697 -439.463 -328.365 -328.365
7.08 -143.397 88.0945 -423.212 -304.189 -304.189
7.09 -146.049 13.6242 -388.426 -273.242 -273.242
7.1 -148.786 -71.5842 -334.27 -233.614 -233.614
7.11 -151.567 -164.106 -267.177 -190.535 -190.535
7.12 -154.325 -259.67 -196.157 -154.489 -154.489
7.13 -156.977 -354.499 -130.146 -135.513 -135.513
7.14 -159.452 -447.439 -77.3364 -139.008 -139.008
7.15 -161.696 -539.249 -43.5546 -165.078 -165.078
7.16 -163.684 -630.223 -30.604 -209.418 -209.418
7.17 -165.42 -719.339 -35.9948 -264.321 -264.321
7.18 -166.935 -804.77 -54.0126 -320.624 -320.624
7.19 -168.272 -883.697 -76.9948 -370.333 -370.333
7.2 -169.454 -951.701 -98.3349 -408.638 -408.638
7.21 -170.464 -1004.66 -113.483 -434.833 -434.833
7.22 -171.258 -1038.88 -118.871 -451.482 -451.482
7.23 -171.737 -1051.96 -111.552 -461.588 -461.588
7.24 -171.798 -1044.23 -92.1253 -465.95 -465.95
7.25 -171.391 -1019.16 -66.4041 -463.193 -463.193
7.26 -170.501 -981.59 -42.8036 -452.064 -452.064
7.27 -169.162 -935.498 -27.7275 -433.053 -433.053
7.28 -167.454 -882.902 -23.2831 -407.693 -407.693
7.29 -165.46 -824.88 -28.5853 -377.075 -377.075
7.3 -163.263 -763.326 -40.362 -341.351 -341.351
7.31 -160.922 -701.463 -51.5246 -299.64 -299.64
7.32 -158.437 -644.04 -53.9432 -249.946 -249.946
7.33 -155.802 -598.409 -47.2811 -191.119 -191.119
7.34 -153.053 -573.707 -43.0815 -127.103 -127.103
7.35 -150.247 -576.104 -56.1435 -68.2775 -68.2775
7.36 -147.441 -604.21 -91.2497 -25.2208 -25.2208
7.37 -144.678 -649.519 -138.979 0.84917 0.84917
7.38 -142.001 -702.359 -184.485 20.9607 20.9607
7.39 -139.491 -757.569 -219.101 50.7131 50.7131
7.4 -137.243 -813.554 -241.626 99.4932 99.4932
7.41 -135.348 -867.893 -251.812 166.635 166.635
7.42 -133.86 -916.114 -246.274 245.516 245.516
7.43 -132.801 -954.633 -222.321 328.319 328.319
7.44 -132.195 -983.931 -185.746 406.048 406.048
7.45 -132.083 -1007.26 -151.022 466.355 466.355
7.46 -132.514 -1026.68 -131.106 495.508 495.508
7.47 -133.514 -1040.47 -127.841 485.468 485.468
7.48 -135.072 -1044.03 -130.767 439.76 439.76
7.49 -137.131 -1032.03 -125.098 371.944 371.944
7.5 -139.594 -999.971 -102 297.452 297.452
7.51 -142.332 -944.898 -61.7465 225.741 225.741
7.52 -145.178 -865.934 -7.77117 159.194 159.194
7.53 -147.951 -765.256 58.3865 98.2688 98.2688
7.54 -150.473 -647.973 135.886 45.8742 45.8742
7.55 -152.597 -520.112 220.779 5.79947 5.79947
7.56 -154.238 -387.557 302.577 -22.7179 -22.7179
7.57 -155.367 -255.646 367.242 -47.8241 -47.8241
7.58 -155.975 -127.6 408.775 -80.6108 -80.6108
7.59 -156.017 -4.2986 436.028 -125.741 -125.741
7.6 -155.433 112.98 463.725 -176.22 -176.22
7.61 -154.153 219.26 497.426 -218.987 -218.987
7.62 -152.143 305.361 528.121 -246.728 -246.728
7.63 -149.428 361.6 540.439 -263.237 -263.237
7.64 -146.011 383.755 525.627 -276.596 -276.596
7.65 -141.956 373.173 486.005 -289.012 -289.012
7.66 -137.342 336.638 432.389 -294.126 -294.126
7.67 -132.257 283.745 376.751 -281.919 -281.919
7.68 -126.848 222.196 324.134 -245.572 -245.572
7.69 -121.294 155.982 270.945 -185.909 -185.909
7.7 -115.8 87.5547 213.551 -110.464 -110.464
7.71 -110.535 20.5876 156.715 -27.3655 -27.3655
7.72 -105.631 -41.1966 110.897 60.298 60.298
7.73 -101.201 -96.4496 82.6515 153.726 153.726
7.74 -97.3337 -145.547 70.9728 253.162 253.162
7.75 -94.0932 -187.572 72.3746 355.805 355.805
7.76 -91.538 -219.194 85.7324 459.326 459.326
7.77 -89.7232 -236.371 111.035 564.759 564.759
7.78 -88.7072 -235.999 144.969 673.266 673.266
7.79 -88.5358 -216.679 179.636 780.09 780.09
7.8 -89.2272 -178.672 207.255 873.578 873.578
7.81 -90.7491 -123.375 226.76 941.733 941.733
7.82 -93.0069 -51.7032 246.265 980.394 980.394
7.83 -95.8401 36.3792 280.55 995.752 995.752
7.84 -99.0467 139.617 342.065 999.376 999.376
7.85 -102.413 253.194 432.247 999.82 999.82
7.86 -105.744 368.37 541.804 997.421 997.421
7.87 -108.881 476.36 657.877 985.763 985.763
7.88 -111.667 570.065 766.975 957.775 957.775
7.89 -114.032 644.61 859.443 912.1 912.1
7.9 -115.943 692.181 927.541 854.066 854.066
7.91 -117.399 705.945 967.417 789.988 789.988
7.92 -118.467 680.883 979.349 721.923 721.923
7.93 -119.176 618.369 968.834 647.433 647.433
7.94 -119.554 526.87 944.17 562.799 562.799
7.95 -119.569 416.775 910.368 466.595 466.595
7.96 -119.219 296.219 866.147 359.76 359.76
7.97 -118.505 170.291 805.744 243.739 243.739
7.98 -117.459 42.2568 724.201 121.806 121.806
7.99 -116.149 -85.5418 622.629 2.52919 2.52919
8 -114.685 -211.062 509.263 -99.6687 -99.6687
8.01 -113.219 -333.5 393.984 -169.168 -169.168
8.02 -111.961 -453.987 280.833 -196.852 -196.852
8.03 -111.155 -573.384 168.791 -185.724 -185.724
8.04 -110.997 -689.421 59.2212 -148.878 -148.878
8.05 -111.644 -794.158 -39.9355 -100.068 -100.068
8.06 -113.144 -878.817 -120.69 -47.0085 -47.0085
8.07 -115.493 -939.354 -183.549 5.61995 5.61995
8.08 -118.673 -975.333 -237.103 50.188 50.188
8.09 -122.6 -987.33 -289.212 76.96 76.96
8.1 -127.18 -974.982 -338.972 81.8382 81.8382
8.11 -132.299 -938.222 -380.957 71.5945 71.5945
8.12 -137.862 -878.195 -409.577 59.9518 59.9518
8.13 -143.76 -797.824 -420.537 59.1672 59.1672
8.14 -149.881 -703.177 -410.494 74.9492 74.9492
8.15 -156.097 -604.325 -377.578 106.118 106.118
8.16 -162.269 -513.655 -322.163 146.235 146.235
8.17 -168.238 -441.848 -247.73 185.368 185.368
8.18 -173.811 -394.556 -160.846 211.832 211.832
8.19 -178.795 -372.543 -69.9604 214.429 214.429
8.2 -183.083 -374.832 15.2561 185.42 185.42
8.21 -186.577 -400.801 85.0385 122.985 122.985
8.22 -189.199 -450.149 131.666 31.3871 31.3871
8.23 -190.947 -522.603 150.705 -81.1045 -81.1045
8.24 -191.857 -617.447 141.316 -205.278 -205.278
8.25 -192.007 -732.553 106.209 -333.604 -333.604
8.26 -191.479 -863.917 50.7283 -461.262 -461.262
8.27 -190.356 -1006.22 -20.3371 -585.721 -585.721
8.28 -188.723 -1153.07 -103.558 -705.56 -705.56
8.29 -186.723 -1300.86 -197.197 -819.201 -819.201
8.3 -184.432 -1447.47 -299.371 -924.834 -924.834
8.31 -181.987 -1589.37 -408.784 -1020.99 -1020.99
8.32 -179.534 -1723.57 -524.846 -1105.92 -1105.92
8.33 -177.248 -1845.25 -643.375 -1175.97 -1175.97
8.34 -175.223 -1950.14 -761.447 -1224.69 -1224.69
8.35 -173.696 -2031.41 -872.557 -1244.53 -1244.53
8.36 -172.76 -2086.33 -976.94 -1230.98 -1230.98
8.37 -172.631 -2110.95 -1073.02 -1186.28 -1186.28
8.38 -173.35 -2104.91 -1162.1 -1119.55 -1119.55
8.39 -174.978 -2068.16 -1243.19 -1043.44 -1043.44
8.4 -177.474 -2001.98 -1312.08 -969.53 -969.53
8.41 -180.759 -1909.5 -1365.72 -905.508 -905.508
8.42 -184.708 -1796.89 -1404.71 -854.954 -854.954
8.43 -189.21 -1672.07 -1430.94 -818.079 -818.079
8.44 -194.142 -1543.62 -1445.82 -792.122 -792.122
8.45 -199.376 -1420.07 -1449.86 -772.192 -772.192
8.46 -204.78 -1308.71 -1442.27 -752.979 -752.979
8.47 -210.23 -1214.36 -1421.5 -731.045 -731.045
8.48 -215.629 -1139.42 -1386.46 -706.396 -706.396
8.49 -220.878 -1084.86 -1339.01 -682.735 -682.735
8.5 -225.852 -1050.8 -1285.15 -667.499 -667.499
8.51 -230.423 -1036.34 -1231.42 -671.095 -671.095
8.52 -234.452 -1039.04 -1179.92 -703.796 -703.796
8.53 -237.789 -1055.42 -1128.58 -771.335 -771.335
8.54 -240.307 -1082.87 -1075.98 -872.616 -872.616
8.55 -241.925 -1120.57 -1024.72 -1001.13 -1001.13
8.56 -242.607 -1168.72 -981.379 -1147.95 -1147.95
8.57 -242.384 -1227.33 -953.301 -1303.79 -1303.79
8.58 -241.338 -1294.6 -943.728 -1459.57 -1459.57
8.59 -239.568 -1366.28 -950.154 -1606.64 -1606.64
8.6 -237.184 -1437.56 -968.752 -1738.05 -1738.05
8.61 -234.304 -1505.29 -999.591 -1851.07 -1851.07
8.62 -231.045 -1567.27 -1045.88 -1948.51 -1948.51
8.63 -227.533 -1620.54 -1109.22 -2036.55 -2036.55
8.64 -223.885 -1661.76 -1187.96 -2120.14 -2120.14
8.65 -220.197 -1688.37 -1278.87 -2200.22 -2200.22
8.66 -216.531 -1697.29 -1377.15 -2273.87 -2273.87
8.67 -212.986 -1684.49 -1477.26 -2334.44 -2334.44
8.68 -209.672 -1647.03 -1571.35 -2371.55 -2371.55
8.69 -206.64 -1583.5 -1651.36 -2373.49 -2373.49
8.7 -203.933 -1495.04 -1716.59 -2331.38 -2331.38
8.71 -201.611 -1385.33 -1768.16 -2242.31 -2242.31
8.72 -199.755 -1256.83 -1804.92 -2110.19 -2110.19
8.73 -198.373 -1111.69 -1823.3 -1944.49 -1944.49
8.74 -197.424 -953.365 -1818.71 -1757.45 -1757.45
8.75 -196.856 -789.181 -1790.31 -1561.98 -1561.98
8.76 -196.59 -628.222 -1742.83 -1371.47 -1371.47
8.77 -196.58 -477.316 -1683.59 -1199 -1199
8.78 -196.736 -337.361 -1614.76 -1053.46 -1053.46
8.79 -196.922 -204.78 -1531.09 -935.444 -935.444
8.8 -196.971 -75.0916 -1425.42 -837.698 -837.698
8.81 -196.691 52.7178 -1292.3 -749.474 -749.474
8.82 -195.899 175.299 -1130.81 -660.84 -660.84
8.83 -194.44 286.475 -945.73 -565.55 -565.55
8.84 -192.233 378.668 -747.412 -463.725 -463.725
8.85 -189.229 442.517 -553.028 -363.219 -363.219
8.86 -185.49 472.664 -379.922 -277.4 -277.4
8.87 -181.117 470.891 -236.744 -220.437 -220.437
8.88 -176.144 444.836 -121.979 -201.77 -201.77
8.89 -170.622 403.704 -26.1817 -221.392 -221.392
8.9 -164.563 354.992 62.9501 -269.73 -269.73
8.91 -158.009 301.556 148.008 -332.66 -332.66
8.92 -150.965 246.001 225.674 -397.233 -397.233
8.93 -143.484 192.301 294.126 -454.233 -454.233
8.94 -135.636 145.958 353.644 -496.853 -496.853
8.95 -127.447 111.976 406.065 -518.268 -518.268
8.96 -118.993 93.1605 453.752 -511.432 -511.432
8.97 -110.441 91.221 499.464 -471.116 -471.116
8.98 -101.95 109.272 544.478 -396.318 -396.318
8.99 -93.706 150.067 587.501 -291.529 -291.529
9 -85.8828 213.574 626.015 -166.212 -166.212
9.01 -78.6209 297.979 658.241 -32.273 -32.273
9.02 -72.0428 398.651 685.391 100.392 100.392
9.03 -66.1645 512.253 712.134 228.135 228.135
9.04 -60.9571 635.236 743.83 353.972 353.972
9.05 -56.372 762.1 781.242 485.008 485.008
9.06 -52.3993 885.6 823.303 630.352 630.352
9.07 -48.9623 1002.14 869.794 798.415 798.415
9.08 -46.0564 1106.89 921.806 993.015 993.015
9.09 -43.6906 1194.86 980.678 1211.45 1211.45
9.1 -41.7882 1264.37 1050.39 1446.01 1446.01
9.11 -40.3805 1311.19 1130.68 1686.67 1686.67
9.12 -39.435 1330.54 1218.33 1922.28 1922.28
9.13 -38.9078 1320.31 1309.44 2140.46 2140.46
9.14 -38.8252 1279.41 1398.9 2328.61 2328.61
9.15 -39.0999 1209.51 1486.36 2476.03 2476.03
9.16 -39.7526 1115.33 1569.82 2575.96 2575.96
9.17 -40.6852 1002.7 1645.94 2626.3 2626.3
9.18 -41.8834 875.834 1706.8 2628.7 2628.7
9.19 -43.3201 736.167 1743.7 2587.1 2587.1
9.2 -45.0158 584.277 1753.04 2507.62 2507.62
9.21 -46.9829 419.633 1741.06 2399.04 2399.04
9.22 -49.2635 244.872 1717.54 2271.86 2271.86
9.23 -51.8785 67.1001 1689.63 2135.06 2135.06
9.24 -54.8231 -106.357 1661.63 1992.86 1992.86
9.25 -58.1286 -268.097 1630.97 1844.21 1844.21
9.26 -61.7478 -414.127 1594.36 1685.38 1685.38
9.27 -65.7146 -539.54 1550.32 1514.76 1514.76
9.28 -69.952 -640.777 1503.46 1336.87 1336.87
9.29 -74.4154 -714.119 1461.29 1162.34 1162.34
9.3 -79.0156 -759.933 1427.4 1003.38 1003.38
9.31 -83.7088 -783.701 1398.39 868.869 868.869
9.32 -88.473 -792.248 1367.77 762.508 762.508
9.33 -93.303 -789.595 1330.65 684.028 684.028
9.34 -98.1992 -777.354 1283.81 630.601 630.601
9.35 -103.165 -757.143 1224.36 596.603 596.603
9.36 -108.18 -730.927 1151.14 573.665 573.665
9.37 -113.191 -700.64 1065.36 553.226 553.226
9.38 -118.119 -668.062 969.235 529.968 529.968
9.39 -122.886 -635.176 864.899 503.184 503.184
9.4 -127.415 -603.95 755.212 475.826 475.826
9.41 -131.617 -575.052 646.062 453.231 453.231
9.42 -135.401 -548.329 545.148 442.415 442.415
9.43 -138.696 -524.962 457.545 450.536 450.536
9.44 -141.476 -508.492 383.673 482.219 482.219
9.45 -143.754 -504.033 321.179 537.583 537.583
9.46 -145.58 -516.703 268.024 611.871 611.871
9.47 -147.027 -549.182 224.784 696.292 696.292
9.48 -148.162 -600.097 193.469 779.552 779.552
9.49 -149.051 -665.22 174.245 849.356 849.356
9.5 -149.757 -741.201 161.852 893.532 893.532
9.51 -150.379 -825.302 144.889 900.776 900.776
9.52 -151.005 -915.758 110.358 861.453 861.453
9.53 -151.713 -1007.2 54.224 770.335 770.335
9.54 -152.516 -1090.84 -15.4359 631.305 631.305
9.55 -153.422 -1158.08 -84.9997 458.656 458.656
9.56 -154.429 -1202.94 -143.97 271.735 271.735
9.57 -155.501 -1222.46 -188.126 87.2233 87.2233
9.58 -156.61 -1214.41 -217.486 -84.9696 -84.9696
9.59 -157.714 -1175.97 -231.287 -240.457 -240.457
9.6 -158.758 -1105.93 -227.131 -377.072 -377.072
9.61 -159.702 -1007.32 -205.898 -493.903 -493.903
9.62 -160.532 -886.826 -175.518 -593.126 -593.126
9.63 -161.25 -751.797 -146.962 -680.813 -680.813
9.64 -161.86 -605.812 -126.58 -763.746 -763.746
9.65 -162.339 -448.175 -112.035 -844.405 -844.405
9.66 -162.622 -278.444 -97.9242 -919.068 -919.068
9.67 -162.643 -100.176 -84.2108 -980.592 -980.592
9.68 -162.362 81.2465 -77.4484 -1025.13 -1025.13
9.69 -161.709 259.953 -87.2346 -1056.78 -1056.78
9.7 -160.632 431.34 -116.294 -1081.73 -1081.73
9.71 -159.068 590.974 -159.137 -1099.05 -1099.05
9.72 -156.934 736.598 -211.277 -1100.8 -1100.8
9.73 -154.312 863.978 -268.209 -1079.68 -1079.68
9.74 -151.194 971.949 -326.144 -1033.89 -1033.89
9.75 -147.639 1059 -378.199 -965.354 -965.354
9.76 -143.72 1125.45 -419.673 -876.427 -876.427
9.77 -139.559 1170.1 -451.92 -770.262 -770.262
9.78 -135.276 1188.98 -481.908 -653.2 -653.2
9.79 -131.025 1180.08 -513.716 -534.459 -534.459
9.8 -126.918 1144.48 -545.573 -422.18 -422.18
9.81 -123.063 1086.87 -570.217 -319.881 -319.881
9.82 -119.523 1014.59 -578.856 -226.38 -226.38
9.83 -116.354 936.056 -564.888 -138.459 -138.459
9.84 -113.588 858.125 -527.809 -54.4037 -54.4037
9.85 -111.27 786.365 -472.324 23.6372 23.6372
9.86 -109.432 725.542 -403.54 90.6316 90.6316
9.87 -108.066 679.373 -323.359 142.422 142.422
9.88 -107.154 649.761 -230.99 178.706 178.706
9.89 -106.684 635.691 -127.357 202.299 202.299
9.9 -106.611 635.722 -16.9674 215.704 215.704
9.91 -106.924 648.006 95.2947 218.565 218.565
9.92 -107.572 672.024 213.387 208.79 208.79
9.93 -108.46 707.448 338.159 186.55 186.55
9.94 -109.418 752.275 469.187 156.11 156.11
9.95 -110.298 803.384 606.59 123.601 123.601
9.96 -110.959 858.439 745.335 94.3436 94.3436
9.97 -111.205 916.434 881.046 72.4824 72.4824
9.98 -110.895 975.875 1008.71 62.3112 62.3112
9.99 -109.931 1032.99 1122.8 68.4492 68.4492
10 -108.285 1081.04 1215.09 93.3831 93.3831
