0.1 -0.101858 -3.51235e-006
0.2 -0.203919 -7.03168e-006
0.3 -0.306182 -1.0558e-005
0.4 -0.408651 -1.40914e-005
0.5 -0.511325 -1.76319e-005
0.6 -0.614206 -2.11795e-005
0.7 -0.717295 -2.47343e-005
0.8 -0.820594 -2.82963e-005
0.9 -0.924104 -3.18656e-005
1 -1.02783 -3.54423e-005
0.01 -1.02738 -3.5427e-005
0.02 -1.02617 -3.53852e-005
0.03 -1.02492 -3.53422e-005
0.04 -1.02436 -3.53227e-005
0.05 -1.02448 -3.5327e-005
0.06 -1.02517 -3.53507e-005
0.07 -1.02629 -3.53893e-005
0.08 -1.0277 -3.5438e-005
0.09 -1.02928 -3.54924e-005
0.1 -1.03088 -3.55476e-005
0.11 -1.03241 -3.56005e-005
0.12 -1.03383 -3.56493e-005
0.13 -1.03519 -3.56961e-005
0.14 -1.03657 -3.57437e-005
0.15 -1.03804 -3.57944e-005
0.16 -1.03954 -3.58461e-005
0.17 -1.04097 -3.58956e-005
0.18 -1.04227 -3.59403e-005
0.19 -1.04348 -3.59821e-005
0.2 -1.04471 -3.60244e-005
0.21 -1.04604 -3.60703e-005
0.22 -1.04744 -3.61188e-005
0.23 -1.04885 -3.61671e-005
0.24 -1.05014 -3.62118e-005
0.25 -1.05126 -3.62504e-005
0.26 -1.0521 -3.62794e-005
0.27 -1.05259 -3.62963e-005
0.28 -1.05271 -3.63002e-005
0.29 -1.0526 -3.62965e-005
0.3 -1.05259 -3.62962e-005
0.31 -1.05301 -3.63105e-005
0.32 -1.05401 -3.63452e-005
0.33 -1.05559 -3.63997e-005
0.34 -1.05766 -3.6471e-005
0.35 -1.06016 -3.65573e-005
0.36 -1.0631 -3.66588e-005
0.37 -1.06641 -3.67726e-005
0.38 -1.06977 -3.68886e-005
0.39 -1.07282 -3.69937e-005
0.4 -1.07536 -3.70815e-005
0.41 -1.07749 -3.71549e-005
0.42 -1.07934 -3.72186e-005
0.43 -1.0809 -3.72725e-005
0.44 -1.08203 -3.73113e-005
0.45 -1.08262 -3.73316e-005
0.46 -1.0828 -3.73378e-005
0.47 -1.08282 -3.73387e-005
0.48 -1.08282 -3.73387e-005
0.49 -1.08281 -3.73382e-005
0.5 -1.08269 -3.7334e-005
0.51 -1.08235 -3.73224e-005
0.52 -1.08167 -3.7299e-005
0.53 -1.08049 -3.72584e-005
0.54 -1.0787 -3.71966e-005
0.55 -1.07646 -3.71192e-005
0.56 -1.07404 -3.7036e-005
0.57 -1.07159 -3.69513e-005
0.58 -1.06906 -3.68641e-005
0.59 -1.06647 -3.67748e-005
0.6 -1.06397 -3.66885e-005
0.61 -1.0618 -3.66138e-005
0.62 -1.06019 -3.65583e-005
0.63 -1.05897 -3.65162e-005
0.64 -1.05771 -3.64726e-005
0.65 -1.0562 -3.64207e-005
0.66 -1.05471 -3.63694e-005
0.67 -1.05356 -3.63296e-005
0.68 -1.0527 -3.63e-005
0.69 -1.05172 -3.62664e-005
0.7 -1.05031 -3.62175e-005
0.71 -1.04856 -3.61573e-005
0.72 -1.04701 -3.61039e-005
0.73 -1.04617 -3.60749e-005
0.74 -1.04587 -3.60647e-005
0.75 -1.04537 -3.60471e-005
0.76 -1.04412 -3.60042e-005
0.77 -1.04216 -3.59364e-005
0.78 -1.03961 -3.58485e-005
0.79 -1.03644 -3.57392e-005
0.8 -1.03262 -3.56077e-005
0.81 -1.02839 -3.54617e-005
0.82 -1.02426 -3.53193e-005
0.83 -1.02062 -3.51939e-005
0.84 -1.01727 -3.50782e-005
0.85 -1.01358 -3.49511e-005
0.86 -1.00899 -3.47927e-005
0.87 -1.00332 -3.45974e-005
0.88 -0.996993 -3.43791e-005
0.89 -0.990676 -3.41612e-005
0.9 -0.984952 -3.39638e-005
0.91 -0.979989 -3.37927e-005
0.92 -0.975389 -3.36341e-005
0.93 -0.970464 -3.34643e-005
0.94 -0.965001 -3.32759e-005
0.95 -0.959966 -3.31023e-005
0.96 -0.956836 -3.29944e-005
0.97 -0.956035 -3.29667e-005
0.98 -0.956745 -3.29912e-005
0.99 -0.957955 -3.30329e-005
1 -0.959298 -3.30793e-005
1.01 -0.961408 -3.3152e-005
1.02 -0.965036 -3.32771e-005
1.03 -0.969336 -3.34254e-005
1.04 -0.972054 -3.35191e-005
1.05 -0.972016 -3.35178e-005
1.06 -0.970399 -3.3462e-005
1.07 -0.969186 -3.34202e-005
1.08 -0.969336 -3.34254e-005
1.09 -0.970536 -3.34668e-005
1.1 -0.972007 -3.35175e-005
1.11 -0.972925 -3.35492e-005
1.12 -0.972396 -3.35309e-005
1.13 -0.970125 -3.34526e-005
1.14 -0.967409 -3.33589e-005
1.15 -0.965952 -3.33087e-005
1.16 -0.965818 -3.33041e-005
1.17 -0.965381 -3.3289e-005
1.18 -0.962523 -3.31904e-005
1.19 -0.956523 -3.29836e-005
1.2 -0.949097 -3.27275e-005
1.21 -0.942918 -3.25144e-005
1.22 -0.939772 -3.24059e-005
1.23 -0.940103 -3.24173e-005
1.24 -0.943172 -3.25232e-005
1.25 -0.94749 -3.26721e-005
1.26 -0.951726 -3.28181e-005
1.27 -0.955379 -3.29441e-005
1.28 -0.958504 -3.30519e-005
1.29 -0.961502 -3.31552e-005
1.3 -0.964696 -3.32654e-005
1.31 -0.967737 -3.33702e-005
1.32 -0.970416 -3.34626e-005
1.33 -0.97372 -3.35765e-005
1.34 -0.978425 -3.37388e-005
1.35 -0.982969 -3.38955e-005
1.36 -0.984535 -3.39495e-005
1.37 -0.982328 -3.38734e-005
1.38 -0.978932 -3.37563e-005
1.39 -0.978622 -3.37456e-005
1.4 -0.984397 -3.39447e-005
1.41 -0.995398 -3.43241e-005
1.42 -1.00678 -3.47167e-005
1.43 -1.01361 -3.49521e-005
1.44 -1.01515 -3.50051e-005
1.45 -1.01501 -3.50002e-005
1.46 -1.01718 -3.50751e-005
1.47 -1.02162 -3.52283e-005
1.48 -1.02446 -3.53263e-005
1.49 -1.02323 -3.52837e-005
1.5 -1.01947 -3.51541e-005
1.51 -1.01526 -3.50091e-005
1.52 -1.00981 -3.4821e-005
1.53 -1.00106 -3.45194e-005
1.54 -0.989147 -3.41085e-005
1.55 -0.976594 -3.36757e-005
1.56 -0.966007 -3.33106e-005
1.57 -0.958759 -3.30606e-005
1.58 -0.955822 -3.29594e-005
1.59 -0.95835 -3.30466e-005
1.6 -0.966758 -3.33365e-005
1.61 -0.978395 -3.37377e-005
1.62 -0.98746 -3.40504e-005
1.63 -0.989946 -3.41361e-005
1.64 -0.986926 -3.40319e-005
1.65 -0.981666 -3.38505e-005
1.66 -0.975666 -3.36436e-005
1.67 -0.968355 -3.33915e-005
1.68 -0.959674 -3.30922e-005
1.69 -0.952297 -3.28378e-005
1.7 -0.949737 -3.27495e-005
1.71 -0.952002 -3.28277e-005
1.72 -0.955565 -3.29505e-005
1.73 -0.957705 -3.30243e-005
1.74 -0.958853 -3.30639e-005
1.75 -0.960941 -3.31359e-005
1.76 -0.965388 -3.32892e-005
1.77 -0.973069 -3.35541e-005
1.78 -0.984343 -3.39429e-005
1.79 -0.997523 -3.43973e-005
1.8 -1.00948 -3.48096e-005
1.81 -1.01899 -3.51377e-005
1.82 -1.02659 -3.53997e-005
1.83 -1.03195 -3.55846e-005
1.84 -1.03292 -3.56179e-005
1.85 -1.02707 -3.54161e-005
1.86 -1.01492 -3.49973e-005
1.87 -1.00005 -3.44845e-005
1.88 -0.985135 -3.39702e-005
1.89 -0.971027 -3.34837e-005
1.9 -0.960694 -3.31274e-005
1.91 -0.959423 -3.30835e-005
1.92 -0.969777 -3.34406e-005
1.93 -0.989953 -3.41363e-005
1.94 -1.01624 -3.50429e-005
1.95 -1.0442 -3.60068e-005
1.96 -1.0684 -3.68412e-005
1.97 -1.0836 -3.73654e-005
1.98 -1.0878 -3.75104e-005
1.99 -1.08411 -3.7383e-005
2 -1.07843 -3.71874e-005
2.01 -1.0749 -3.70656e-005
2.02 -1.07325 -3.70086e-005
2.03 -1.07052 -3.69144e-005
2.04 -1.06515 -3.67294e-005
2.05 -1.0575 -3.64655e-005
2.06 -1.04806 -3.614e-005
2.07 -1.03853 -3.58113e-005
2.08 -1.0326 -3.5607e-005
2.09 -1.03403 -3.5656e-005
2.1 -1.0445 -3.60174e-005
2.11 -1.0632 -3.66622e-005
2.12 -1.08783 -3.75115e-005
2.13 -1.11589 -3.84791e-005
2.14 -1.14441 -3.94625e-005
2.15 -1.16913 -4.03147e-005
2.16 -1.18509 -4.0865e-005
2.17 -1.18993 -4.10321e-005
2.18 -1.18736 -4.09435e-005
2.19 -1.18364 -4.08153e-005
2.2 -1.18017 -4.06954e-005
2.21 -1.17388 -4.04785e-005
2.22 -1.16368 -4.01271e-005
2.23 -1.15331 -3.97693e-005
2.24 -1.14877 -3.96129e-005
2.25 -1.15445 -3.98087e-005
2.26 -1.1715 -4.03967e-005
2.27 -1.19722 -4.12833e-005
2.28 -1.22451 -4.22243e-005
2.29 -1.24543 -4.2946e-005
2.3 -1.25627 -4.33197e-005
2.31 -1.25734 -4.33565e-005
2.32 -1.2499 -4.30999e-005
2.33 -1.23547 -4.26023e-005
2.34 -1.2167 -4.19552e-005
2.35 -1.19687 -4.12714e-005
2.36 -1.17821 -4.0628e-005
2.37 -1.16181 -4.00625e-005
2.38 -1.14784 -3.95808e-005
2.39 -1.13434 -3.91153e-005
2.4 -1.11817 -3.85575e-005
2.41 -1.09752 -3.78456e-005
2.42 -1.07302 -3.70008e-005
2.43 -1.0499 -3.62034e-005
2.44 -1.03835 -3.58052e-005
2.45 -1.04609 -3.6072e-005
2.46 -1.07031 -3.69072e-005
2.47 -1.10008 -3.79339e-005
2.48 -1.12503 -3.8794e-005
2.49 -1.14046 -3.93261e-005
2.5 -1.14675 -3.9543e-005
2.51 -1.14631 -3.95281e-005
2.52 -1.14206 -3.93814e-005
2.53 -1.1366 -3.9193e-005
2.54 -1.13091 -3.8997e-005
2.55 -1.12436 -3.87711e-005
2.56 -1.11629 -3.84926e-005
2.57 -1.10737 -3.81853e-005
2.58 -1.09948 -3.79129e-005
2.59 -1.09369 -3.77135e-005
2.6 -1.08889 -3.75478e-005
2.61 -1.0828 -3.73381e-005
2.62 -1.07406 -3.70365e-005
2.63 -1.06181 -3.66141e-005
2.64 -1.04507 -3.60368e-005
2.65 -1.02412 -3.53145e-005
2.66 -1.00106 -3.45195e-005
2.67 -0.978967 -3.37575e-005
2.68 -0.960416 -3.31178e-005
2.69 -0.945205 -3.25933e-005
2.7 -0.930461 -3.20849e-005
2.71 -0.912317 -3.14592e-005
2.72 -0.887097 -3.05896e-005
2.73 -0.853948 -2.94465e-005
2.74 -0.818846 -2.82361e-005
2.75 -0.793253 -2.73535e-005
2.76 -0.784818 -2.70627e-005
2.77 -0.792854 -2.73398e-005
2.78 -0.814461 -2.80848e-005
2.79 -0.848207 -2.92485e-005
2.8 -0.889948 -3.06878e-005
2.81 -0.932407 -3.2152e-005
2.82 -0.97032 -3.34593e-005
2.83 -1.00285 -3.45809e-005
2.84 -1.03247 -3.56025e-005
2.85 -1.06107 -3.65884e-005
2.86 -1.08794 -3.75151e-005
2.87 -1.11228 -3.83544e-005
2.88 -1.13255 -3.90534e-005
2.89 -1.14433 -3.94598e-005
2.9 -1.14334 -3.94254e-005
2.91 -1.13013 -3.897e-005
2.92 -1.11021 -3.82832e-005
2.93 -1.08967 -3.75749e-005
2.94 -1.07119 -3.69374e-005
2.95 -1.05448 -3.63612e-005
2.96 -1.03953 -3.58459e-005
2.97 -1.02734 -3.54254e-005
2.98 -1.01799 -3.51032e-005
2.99 -1.00976 -3.48191e-005
3 -0.99982 -3.44765e-005
3.01 -0.986036 -3.40012e-005
3.02 -0.967915 -3.33764e-005
3.03 -0.945848 -3.26154e-005
3.04 -0.921432 -3.17735e-005
3.05 -0.899485 -3.10167e-005
3.06 -0.886015 -3.05522e-005
3.07 -0.88135 -3.03914e-005
3.08 -0.879204 -3.03174e-005
3.09 -0.874739 -3.01634e-005
3.1 -0.869852 -2.99949e-005
3.11 -0.870425 -3.00146e-005
3.12 -0.879774 -3.0337e-005
3.13 -0.895451 -3.08776e-005
3.14 -0.914548 -3.15361e-005
3.15 -0.93885 -3.23741e-005
3.16 -0.971856 -3.35123e-005
3.17 -1.01471 -3.49899e-005
3.18 -1.06403 -3.66908e-005
3.19 -1.11012 -3.82802e-005
3.2 -1.14033 -3.93216e-005
3.21 -1.14696 -3.95504e-005
3.22 -1.13129 -3.90102e-005
3.23 -1.10111 -3.79694e-005
3.24 -1.06542 -3.67387e-005
3.25 -1.03107 -3.55543e-005
3.26 -1.00294 -3.4584e-005
3.27 -0.98345 -3.39121e-005
3.28 -0.971415 -3.34971e-005
3.29 -0.963249 -3.32155e-005
3.3 -0.954917 -3.29282e-005
3.31 -0.942486 -3.24995e-005
3.32 -0.922698 -3.18172e-005
3.33 -0.895725 -3.08871e-005
3.34 -0.867777 -2.99233e-005
3.35 -0.847836 -2.92357e-005
3.36 -0.841307 -2.90106e-005
3.37 -0.847946 -2.92395e-005
3.38 -0.862829 -2.97527e-005
3.39 -0.878245 -3.02843e-005
3.4 -0.888461 -3.06366e-005
3.41 -0.893867 -3.0823e-005
3.42 -0.898738 -3.09909e-005
3.43 -0.906062 -3.12435e-005
3.44 -0.915906 -3.1583e-005
3.45 -0.927152 -3.19708e-005
3.46 -0.940366 -3.24264e-005
3.47 -0.958546 -3.30533e-005
3.48 -0.983972 -3.39301e-005
3.49 -1.01512 -3.5004e-005
3.5 -1.04795 -3.61363e-005
3.51 -1.07886 -3.7202e-005
3.52 -1.10474 -3.80943e-005
3.53 -1.12315 -3.87293e-005
3.54 -1.1344 -3.91172e-005
3.55 -1.14236 -3.93917e-005
3.56 -1.15254 -3.97428e-005
3.57 -1.16764 -4.02634e-005
3.58 -1.18403 -4.08286e-005
3.59 -1.19273 -4.11286e-005
3.6 -1.18398 -4.08269e-005
3.61 -1.15465 -3.98154e-005
3.62 -1.11246 -3.83608e-005
3.63 -1.07239 -3.69791e-005
3.64 -1.04673 -3.60941e-005
3.65 -1.03767 -3.57818e-005
3.66 -1.03949 -3.58446e-005
3.67 -1.04471 -3.60246e-005
3.68 -1.04756 -3.61227e-005
3.69 -1.04696 -3.61021e-005
3.7 -1.04804 -3.61394e-005
3.71 -1.05788 -3.64785e-005
3.72 -1.07959 -3.72271e-005
3.73 -1.11025 -3.82843e-005
3.74 -1.14221 -3.93865e-005
3.75 -1.16783 -4.02699e-005
3.76 -1.18426 -4.08365e-005
3.77 -1.19227 -4.11128e-005
3.78 -1.19327 -4.11473e-005
3.79 -1.19012 -4.10387e-005
3.8 -1.18735 -4.09432e-005
3.81 -1.18795 -4.0964e-005
3.82 -1.19057 -4.10542e-005
3.83 -1.19016 -4.10402e-005
3.84 -1.18459 -4.08479e-005
3.85 -1.18093 -4.07218e-005
3.86 -1.18828 -4.09752e-005
3.87 -1.2065 -4.16034e-005
3.88 -1.2281 -4.23483e-005
3.89 -1.24689 -4.29963e-005
3.9 -1.26199 -4.35168e-005
3.91 -1.27525 -4.39741e-005
3.92 -1.28625 -4.43535e-005
3.93 -1.29046 -4.44988e-005
3.94 -1.28235 -4.4219e-005
3.95 -1.2592 -4.34207e-005
3.96 -1.22271 -4.21624e-005
3.97 -1.17912 -4.06594e-005
3.98 -1.13632 -3.91833e-005
3.99 -1.09926 -3.79056e-005
4 -1.07034 -3.69082e-005
4.01 -1.05173 -3.62665e-005
4.02 -1.0448 -3.60276e-005
4.03 -1.04995 -3.62053e-005
4.04 -1.067 -3.67931e-005
4.05 -1.09327 -3.76991e-005
4.06 -1.12134 -3.86671e-005
4.07 -1.14079 -3.93377e-005
4.08 -1.1439 -3.94447e-005
4.09 -1.12775 -3.88879e-005
4.1 -1.09273 -3.76802e-005
4.11 -1.043 -3.59654e-005
4.12 -0.986106 -3.40037e-005
4.13 -0.929091 -3.20376e-005
4.14 -0.877281 -3.02511e-005
4.15 -0.836252 -2.88363e-005
4.16 -0.810888 -2.79616e-005
4.17 -0.803127 -2.7694e-005
4.18 -0.810374 -2.79439e-005
4.19 -0.824743 -2.84394e-005
4.2 -0.836945 -2.88602e-005
4.21 -0.842417 -2.90489e-005
4.22 -0.842615 -2.90557e-005
4.23 -0.842036 -2.90357e-005
4.24 -0.844235 -2.91116e-005
4.25 -0.847287 -2.92168e-005
4.26 -0.844658 -2.91262e-005
4.27 -0.832025 -2.86905e-005
4.28 -0.809447 -2.79119e-005
4.29 -0.779009 -2.68624e-005
4.3 -0.746539 -2.57427e-005
4.31 -0.722623 -2.4918e-005
4.32 -0.716558 -2.47089e-005
4.33 -0.730096 -2.51757e-005
4.34 -0.756642 -2.60911e-005
4.35 -0.784239 -2.70427e-005
4.36 -0.802201 -2.76621e-005
4.37 -0.807697 -2.78516e-005
4.38 -0.804672 -2.77473e-005
4.39 -0.79782 -2.7511e-005
4.4 -0.788851 -2.72017e-005
4.41 -0.77643 -2.67734e-005
4.42 -0.758988 -2.6172e-005
4.43 -0.736526 -2.53974e-005
4.44 -0.708721 -2.44387e-005
4.45 -0.675065 -2.32781e-005
4.46 -0.639921 -2.20663e-005
4.47 -0.613687 -2.11616e-005
4.48 -0.604803 -2.08553e-005
4.49 -0.612174 -2.11095e-005
4.5 -0.627278 -2.16303e-005
4.51 -0.640935 -2.21012e-005
4.52 -0.647643 -2.23325e-005
4.53 -0.647062 -2.23125e-005
4.54 -0.642022 -2.21387e-005
4.55 -0.635932 -2.19287e-005
4.56 -0.634408 -2.18761e-005
4.57 -0.644604 -2.22277e-005
4.58 -0.668869 -2.30645e-005
4.59 -0.701779 -2.41993e-005
4.6 -0.734864 -2.53401e-005
4.61 -0.763519 -2.63282e-005
4.62 -0.788949 -2.72051e-005
4.63 -0.813411 -2.80487e-005
4.64 -0.835468 -2.88092e-005
4.65 -0.851941 -2.93773e-005
4.66 -0.863722 -2.97835e-005
4.67 -0.8756 -3.01931e-005
4.68 -0.890205 -3.06967e-005
4.69 -0.90543 -3.12217e-005
4.7 -0.916878 -3.16165e-005
4.71 -0.920793 -3.17515e-005
4.72 -0.917584 -3.16408e-005
4.73 -0.913817 -3.15109e-005
4.74 -0.916547 -3.16051e-005
4.75 -0.926224 -3.19388e-005
4.76 -0.937062 -3.23125e-005
4.77 -0.941304 -3.24588e-005
4.78 -0.934874 -3.2237e-005
4.79 -0.921871 -3.17886e-005
4.8 -0.910366 -3.13919e-005
4.81 -0.905679 -3.12303e-005
4.82 -0.910458 -3.13951e-005
4.83 -0.923331 -3.1839e-005
4.84 -0.934152 -3.22121e-005
4.85 -0.931768 -3.21299e-005
4.86 -0.921688 -3.17824e-005
4.87 -0.926049 -3.19327e-005
4.88 -0.962212 -3.31797e-005
4.89 -1.02677 -3.54059e-005
4.9 -1.10068 -3.79544e-005
4.91 -1.16742 -4.02557e-005
4.92 -1.22462 -4.22282e-005
4.93 -1.27907 -4.41057e-005
4.94 -1.3364 -4.60829e-005
4.95 -1.39708 -4.81753e-005
4.96 -1.45517 -5.01783e-005
4.97 -1.49845 -5.16707e-005
4.98 -1.51693 -5.23078e-005
4.99 -1.51423 -5.22147e-005
5 -1.50595 -5.19294e-005
5.01 -1.50479 -5.18894e-005
5.02 -1.51098 -5.21029e-005
5.03 -1.51652 -5.22938e-005
5.04 -1.51447 -5.22229e-005
5.05 -1.50541 -5.19108e-005
5.06 -1.49789 -5.16512e-005
5.07 -1.50084 -5.17532e-005
5.08 -1.51392 -5.2204e-005
5.09 -1.52796 -5.26882e-005
5.1 -1.53486 -5.29262e-005
5.11 -1.53115 -5.27982e-005
5.12 -1.51537 -5.22542e-005
5.13 -1.49072 -5.14042e-005
5.14 -1.46738 -5.05992e-005
5.15 -1.45504 -5.01739e-005
5.16 -1.45656 -5.02262e-005
5.17 -1.47273 -5.07838e-005
5.18 -1.50658 -5.1951e-005
5.19 -1.55955 -5.37777e-005
5.2 -1.62559 -5.60548e-005
5.21 -1.69008 -5.82785e-005
5.22 -1.73626 -5.98711e-005
5.23 -1.75173 -6.04044e-005
5.24 -1.73297 -5.97575e-005
5.25 -1.68759 -5.81927e-005
5.26 -1.62831 -5.61486e-005
5.27 -1.56364 -5.39187e-005
5.28 -1.49696 -5.16193e-005
5.29 -1.4316 -4.93655e-005
5.3 -1.37048 -4.72581e-005
5.31 -1.31254 -4.52599e-005
5.32 -1.25399 -4.32411e-005
5.33 -1.19069 -4.10584e-005
5.34 -1.1188 -3.85793e-005
5.35 -1.03492 -3.56869e-005
5.36 -0.937089 -3.23134e-005
5.37 -0.832322 -2.87008e-005
5.38 -0.74028 -2.55269e-005
5.39 -0.676386 -2.33237e-005
5.4 -0.633653 -2.18501e-005
5.41 -0.5908 -2.03724e-005
5.42 -0.534823 -1.84422e-005
5.43 -0.473454 -1.6326e-005
5.44 -0.426428 -1.47044e-005
5.45 -0.404203 -1.3938e-005
5.46 -0.400724 -1.38181e-005
5.47 -0.405777 -1.39923e-005
5.48 -0.414019 -1.42765e-005
5.49 -0.422962 -1.45849e-005
5.5 -0.432221 -1.49042e-005
5.51 -0.4446 -1.5331e-005
5.52 -0.460111 -1.58659e-005
5.53 -0.472007 -1.62761e-005
5.54 -0.473323 -1.63215e-005
5.55 -0.46424 -1.60083e-005
5.56 -0.453301 -1.56311e-005
5.57 -0.451341 -1.55635e-005
5.58 -0.461172 -1.59025e-005
5.59 -0.475347 -1.63913e-005
5.6 -0.486419 -1.67731e-005
5.61 -0.495082 -1.70718e-005
5.62 -0.504525 -1.73974e-005
5.63 -0.510334 -1.75977e-005
5.64 -0.502564 -1.73298e-005
5.65 -0.478135 -1.64874e-005
5.66 -0.446467 -1.53954e-005
5.67 -0.421756 -1.45433e-005
5.68 -0.41075 -1.41638e-005
5.69 -0.409329 -1.41148e-005
5.7 -0.410142 -1.41428e-005
5.71 -0.410852 -1.41673e-005
5.72 -0.414128 -1.42803e-005
5.73 -0.420708 -1.45072e-005
5.74 -0.425721 -1.468e-005
5.75 -0.423735 -1.46115e-005
5.76 -0.416817 -1.4373e-005
5.77 -0.415423 -1.43249e-005
5.78 -0.432307 -1.49071e-005
5.79 -0.479209 -1.65245e-005
5.8 -0.565673 -1.9506e-005
5.81 -0.693415 -2.39109e-005
5.82 -0.847826 -2.92354e-005
5.83 -0.999549 -3.44672e-005
5.84 -1.12187 -3.86852e-005
5.85 -1.20571 -4.15763e-005
5.86 -1.25724 -4.33531e-005
5.87 -1.28913 -4.44527e-005
5.88 -1.31616 -4.53847e-005
5.89 -1.34885 -4.65119e-005
5.9 -1.38671 -4.78177e-005
5.91 -1.42207 -4.90368e-005
5.92 -1.44629 -4.98721e-005
5.93 -1.44949 -4.99824e-005
5.94 -1.42182 -4.90284e-005
5.95 -1.36113 -4.69355e-005
5.96 -1.27971 -4.4128e-005
5.97 -1.19837 -4.13232e-005
5.98 -1.13267 -3.90577e-005
5.99 -1.08925 -3.75605e-005
6 -1.07383 -3.70288e-005
6.01 -1.09509 -3.77618e-005
6.02 -1.15492 -3.98247e-005
6.03 -1.23934 -4.2736e-005
6.04 -1.32511 -4.56934e-005
6.05 -1.39558 -4.81233e-005
6.06 -1.44795 -4.99294e-005
6.07 -1.48979 -5.13719e-005
6.08 -1.53067 -5.27816e-005
6.09 -1.58027 -5.44919e-005
6.1 -1.64756 -5.68124e-005
6.11 -1.73154 -5.97084e-005
6.12 -1.81592 -6.2618e-005
6.13 -1.87626 -6.46986e-005
6.14 -1.88769 -6.50929e-005
6.15 -1.82875 -6.30604e-005
6.16 -1.68926 -5.82504e-005
6.17 -1.47824 -5.09739e-005
6.18 -1.21963 -4.20561e-005
6.19 -0.940643 -3.2436e-005
6.2 -0.661047 -2.27947e-005
6.21 -0.385605 -1.32967e-005
6.22 -0.105665 -3.64363e-006
6.23 0.188958 6.51581e-006
6.24 0.497112 1.71418e-005
6.25 0.801929 2.76527e-005
6.26 1.07517 3.70748e-005
6.27 1.28526 4.43192e-005
6.28 1.41097 4.86541e-005
6.29 1.45715 5.02465e-005
6.3 1.45562 5.01938e-005
6.31 1.43605 4.95188e-005
6.32 1.3913 4.79758e-005
6.33 1.27373 4.39217e-005
6.34 1.02509 3.53478e-005
6.35 0.616291 2.12514e-005
6.36 0.0709074 2.44508e-006
6.37 -0.539452 -1.86018e-005
6.38 -1.12525 -3.88017e-005
6.39 -1.62665 -5.60915e-005
6.4 -2.04074 -7.03704e-005
6.41 -2.39165 -8.24706e-005
6.42 -2.68444 -9.25669e-005
6.43 -2.89578 -9.98546e-005
6.44 -2.98947 -0.000103085
6.45 -2.9342 -0.000101179
6.46 -2.71703 -9.36906e-005
6.47 -2.35163 -8.10907e-005
6.48 -1.87851 -6.47763e-005
6.49 -1.34901 -4.65176e-005
6.5 -0.805597 -2.77792e-005
6.51 -0.278566 -9.60572e-006
6.52 0.206582 7.12353e-006
6.53 0.626179 2.15924e-005
6.54 0.960005 3.31036e-005
6.55 1.20171 4.14382e-005
6.56 1.36343 4.70149e-005
6.57 1.46566 5.05401e-005
6.58 1.52445 5.25672e-005
6.59 1.54526 5.32848e-005
6.6 1.51919 5.23858e-005
6.61 1.42469 4.91272e-005
6.62 1.23539 4.25996e-005
6.63 0.926293 3.19411e-005
6.64 0.481005 1.65864e-005
6.65 -0.0994149 -3.4281e-006
6.66 -0.795653 -2.74363e-005
6.67 -1.57272 -5.42317e-005
6.68 -2.38042 -8.20836e-005
6.69 -3.1587 -0.000108921
6.7 -3.84609 -0.000132624
6.71 -4.3907 -0.000151404
6.72 -4.76188 -0.000164203
6.73 -4.96587 -0.000171237
6.74 -5.0235 -0.000173224
6.75 -4.96285 -0.000171133
6.76 -4.80615 -0.000165729
6.77 -4.55631 -0.000157114
6.78 -4.20779 -0.000145096
6.79 -3.77067 -0.000130023
6.8 -3.28097 -0.000113137
6.81 -2.78835 -9.61499e-005
6.82 -2.33541 -8.05315e-005
6.83 -1.95207 -6.73128e-005
6.84 -1.65939 -5.72202e-005
6.85 -1.46719 -5.05926e-005
6.86 -1.36392 -4.70318e-005
6.87 -1.31453 -4.53287e-005
6.88 -1.28288 -4.42374e-005
6.89 -1.25171 -4.31624e-005
6.9 -1.22361 -4.21933e-005
6.91 -1.20986 -4.17195e-005
6.92 -1.22708 -4.23132e-005
6.93 -1.30545 -4.50157e-005
6.94 -1.48498 -5.12062e-005
6.95 -1.78982 -6.1718e-005
6.96 -2.20687 -7.6099e-005
6.97 -2.69304 -9.28634e-005
6.98 -3.20212 -0.000110418
6.99 -3.70325 -0.000127698
7 -4.17495 -0.000143964
7.01 -4.58339 -0.000158048
7.02 -4.89524 -0.000168801
7.03 -5.09521 -0.000175697
7.04 -5.18966 -0.000178954
7.05 -5.19524 -0.000179146
7.06 -5.11946 -0.000176533
7.07 -4.94485 -0.000170512
7.08 -4.64156 -0.000160054
7.09 -4.19422 -0.000144628
7.1 -3.6164 -0.000124703
7.11 -2.95002 -0.000101725
7.12 -2.25104 -7.76221e-005
7.13 -1.5731 -5.42447e-005
7.14 -0.957104 -3.30036e-005
7.15 -0.425966 -1.46885e-005
7.16 0.00958579 3.30545e-007
7.17 0.353708 1.21968e-005
7.18 0.623621 2.15042e-005
7.19 0.837851 2.88914e-005
7.2 1.00786 3.4754e-005
7.21 1.13604 3.91738e-005
7.22 1.22346 4.21882e-005
7.23 1.27302 4.38972e-005
7.24 1.28289 4.42374e-005
7.25 1.2403 4.27691e-005
7.26 1.12792 3.88937e-005
7.27 0.935583 3.22615e-005
7.28 0.66575 2.29569e-005
7.29 0.330708 1.14037e-005
7.3 -0.0444068 -1.53127e-006
7.31 -0.414039 -1.42772e-005
7.32 -0.723811 -2.4959e-005
7.33 -0.944032 -3.25528e-005
7.34 -1.08862 -3.75387e-005
7.35 -1.19475 -4.11981e-005
7.36 -1.28399 -4.42756e-005
7.37 -1.34591 -4.64106e-005
7.38 -1.35503 -4.67253e-005
7.39 -1.2976 -4.4745e-005
7.4 -1.17795 -4.0619e-005
7.41 -1.0052 -3.4662e-005
7.42 -0.779959 -2.68951e-005
7.43 -0.503843 -1.73739e-005
7.44 -0.201527 -6.94921e-006
7.45 0.0770646 2.6574e-006
7.46 0.284836 9.82193e-006
7.47 0.408278 1.40785e-005
7.48 0.473598 1.6331e-005
7.49 0.520333 1.79425e-005
7.5 0.564089 1.94513e-005
7.51 0.588188 2.02823e-005
7.52 0.572517 1.9742e-005
7.53 0.51709 1.78307e-005
7.54 0.437047 1.50706e-005
7.55 0.337581 1.16407e-005
7.56 0.19687 6.78864e-006
7.57 -0.0214524 -7.39737e-007
7.58 -0.326356 -1.12537e-005
7.59 -0.673868 -2.32368e-005
7.6 -0.994307 -3.42865e-005
7.61 -1.25247 -4.31886e-005
7.62 -1.45373 -5.01285e-005
7.63 -1.62677 -5.60953e-005
7.64 -1.78894 -6.16876e-005
7.65 -1.93403 -6.66905e-005
7.66 -2.04202 -7.04145e-005
7.67 -2.10037 -7.24264e-005
7.68 -2.11938 -7.30821e-005
7.69 -2.13068 -7.34717e-005
7.7 -2.15707 -7.43817e-005
7.71 -2.18866 -7.5471e-005
7.72 -2.19247 -7.56024e-005
7.73 -2.14564 -7.39875e-005
7.74 -2.05209 -7.07618e-005
7.75 -1.93133 -6.65977e-005
7.76 -1.80205 -6.21398e-005
7.77 -1.68088 -5.79614e-005
7.78 -1.59396 -5.49641e-005
7.79 -1.57867 -5.44369e-005
7.8 -1.66171 -5.73003e-005
7.81 -1.83649 -6.33273e-005
7.82 -2.06065 -7.10567e-005
7.83 -2.27064 -7.82978e-005
7.84 -2.41194 -8.31702e-005
7.85 -2.46507 -8.50024e-005
7.86 -2.44591 -8.43417e-005
7.87 -2.37299 -8.18272e-005
7.88 -2.2734 -7.83931e-005
7.89 -2.16571 -7.46796e-005
7.9 -2.05295 -7.07912e-005
7.91 -1.92365 -6.63328e-005
7.92 -1.75719 -6.05928e-005
7.93 -1.5352 -5.29379e-005
7.94 -1.25192 -4.31695e-005
7.95 -0.924505 -3.18795e-005
7.96 -0.594841 -2.05118e-005
7.97 -0.310942 -1.07221e-005
7.98 -0.109983 -3.79253e-006
7.99 0.000342593 1.18136e-008
8 0.0442171 1.52473e-006
8.01 0.0570071 1.96576e-006
8.02 0.0600695 2.07136e-006
8.03 0.0559299 1.92862e-006
8.04 0.037266 1.28503e-006
8.05 0.0147624 5.09047e-007
8.06 -0.00364872 -1.25818e-007
8.07 -0.0354501 -1.22242e-006
8.08 -0.122564 -4.22635e-006
8.09 -0.294086 -1.01409e-005
8.1 -0.548149 -1.89017e-005
8.11 -0.861346 -2.97016e-005
8.12 -1.20769 -4.16445e-005
8.13 -1.55921 -5.3766e-005
8.14 -1.87799 -6.47582e-005
8.15 -2.11594 -7.29635e-005
8.16 -2.22482 -7.67181e-005
8.17 -2.17599 -7.50342e-005
8.18 -1.97282 -6.80284e-005
8.19 -1.64718 -5.67994e-005
8.2 -1.24531 -4.29416e-005
8.21 -0.812355 -2.80122e-005
8.22 -0.382861 -1.32021e-005
8.23 0.0211864 7.30566e-007
8.24 0.393278 1.35613e-005
8.25 0.737109 2.54175e-005
8.26 1.06103 3.65874e-005
8.27 1.36554 4.70877e-005
8.28 1.63719 5.64548e-005
8.29 1.85834 6.40806e-005
8.3 2.03025 7.00087e-005
8.31 2.15948 7.44649e-005
8.32 2.24172 7.73009e-005
8.33 2.26718 7.81785e-005
8.34 2.22941 7.68763e-005
8.35 2.11091 7.27901e-005
8.36 1.89279 6.52687e-005
8.37 1.56132 5.38385e-005
8.38 1.11628 3.84925e-005
8.39 0.573268 1.97679e-005
8.4 -0.033179 -1.1441e-006
8.41 -0.669987 -2.3103e-005
8.42 -1.31373 -4.53009e-005
8.43 -1.94019 -6.69032e-005
8.44 -2.52226 -8.69746e-005
8.45 -3.02929 -0.000104458
8.46 -3.4282 -0.000118214
8.47 -3.69129 -0.000127286
8.48 -3.80346 -0.000131154
8.49 -3.76767 -0.00012992
8.5 -3.60874 -0.000124439
8.51 -3.35713 -0.000115763
8.52 -3.03114 -0.000104522
8.53 -2.63719 -9.09374e-005
8.54 -2.18393 -7.53078e-005
8.55 -1.69156 -5.83298e-005
8.56 -1.19285 -4.11328e-005
8.57 -0.722971 -2.493e-005
8.58 -0.307075 -1.05888e-005
8.59 0.0475503 1.63967e-006
8.6 0.335977 1.15854e-005
8.61 0.544777 1.87854e-005
8.62 0.650708 2.24382e-005
8.63 0.635861 2.19262e-005
8.64 0.499191 1.72135e-005
8.65 0.250294 8.63082e-006
8.66 -0.105657 -3.64335e-006
8.67 -0.575445 -1.98429e-005
8.68 -1.14934 -3.96324e-005
8.69 -1.80757 -6.23299e-005
8.7 -2.52631 -8.71141e-005
8.71 -3.28601 -0.000113311
8.72 -4.07306 -0.00014045
8.73 -4.85764 -0.000167505
8.74 -5.59796 -0.000193033
8.75 -6.25154 -0.00021557
8.76 -6.80647 -0.000234706
8.77 -7.2612 -0.000250386
8.78 -7.61341 -0.000262531
8.79 -7.85017 -0.000270695
8.8 -7.96392 -0.000274618
8.81 -7.93825 -0.000273733
8.82 -7.75672 -0.000267473
8.83 -7.41923 -0.000255835
8.84 -6.94279 -0.000239406
8.85 -6.36639 -0.000219531
8.86 -5.73566 -0.000197781
8.87 -5.09861 -0.000175814
8.88 -4.48146 -0.000154533
8.89 -3.87793 -0.000133722
8.9 -3.27902 -0.00011307
8.91 -2.68825 -9.26982e-005
8.92 -2.12814 -7.3384e-005
8.93 -1.62573 -5.60597e-005
8.94 -1.20453 -4.15355e-005
8.95 -0.877302 -3.02518e-005
8.96 -0.654309 -2.25624e-005
8.97 -0.535006 -1.84485e-005
8.98 -0.525128 -1.81079e-005
8.99 -0.632911 -2.18245e-005
9 -0.865444 -2.98429e-005
9.01 -1.2168 -4.19587e-005
9.02 -1.66052 -5.72594e-005
9.03 -2.15822 -7.44215e-005
9.04 -2.67436 -9.22194e-005
9.05 -3.17853 -0.000109605
9.06 -3.65055 -0.000125881
9.07 -4.07552 -0.000140535
9.08 -4.4216 -0.000152469
9.09 -4.66572 -0.000160887
9.1 -4.77041 -0.000164497
9.11 -4.719 -0.000162724
9.12 -4.50606 -0.000155381
9.13 -4.13192 -0.00014248
9.14 -3.62239 -0.00012491
9.15 -2.98952 -0.000103087
9.16 -2.25634 -7.78048e-005
9.17 -1.45993 -5.03424e-005
9.18 -0.665029 -2.2932e-005
9.19 0.0788605 2.71933e-006
9.2 0.75485 2.60293e-005
9.21 1.38772 4.78525e-005
9.22 2.01747 6.9568e-005
9.23 2.65553 9.15701e-005
9.24 3.28518 0.000113282
9.25 3.87339 0.000133565
9.26 4.38042 0.000151049
9.27 4.77406 0.000164623
9.28 5.04741 0.000174049
9.29 5.21953 0.000179984
9.3 5.30656 0.000182985
9.31 5.31303 0.000183208
9.32 5.23473 0.000180508
9.33 5.0659 0.000174686
9.34 4.80038 0.00016553
9.35 4.43564 0.000152953
9.36 3.97907 0.000137209
9.37 3.44905 0.000118933
9.38 2.86693 9.88596e-005
9.39 2.25421 7.77313e-005
9.4 1.63342 5.63249e-005
9.41 1.03492 3.5687e-005
9.42 0.493235 1.70081e-005
9.43 0.0329706 1.13692e-006
9.44 -0.331695 -1.14378e-005
9.45 -0.59221 -2.0421e-005
9.46 -0.737046 -2.54154e-005
9.47 -0.75186 -2.59262e-005
9.48 -0.631106 -2.17623e-005
9.49 -0.382446 -1.31878e-005
9.5 -0.0462327 -1.59423e-006
9.51 0.31806 1.09676e-005
9.52 0.646348 2.22879e-005
9.53 0.90018 3.10407e-005
9.54 1.07719 3.71444e-005
9.55 1.19483 4.12009e-005
9.56 1.26757 4.37092e-005
9.57 1.29555 4.46742e-005
9.58 1.26273 4.35426e-005
9.59 1.1571 3.98999e-005
9.6 0.982481 3.38786e-005
9.61 0.746332 2.57356e-005
9.62 0.44431 1.5321e-005
9.63 0.0617415 2.12902e-006
9.64 -0.40963 -1.41252e-005
9.65 -0.957231 -3.3008e-005
9.66 -1.55887 -5.37541e-005
9.67 -2.19384 -7.56496e-005
9.68 -2.87035 -9.89774e-005
9.69 -3.61497 -0.000124654
9.7 -4.41035 -0.000152081
9.71 -5.22733 -0.000180253
9.72 -6.02975 -0.000207923
9.73 -6.78975 -0.000234129
9.74 -7.48171 -0.00025799
9.75 -8.06965 -0.000278264
9.76 -8.53313 -0.000294246
9.77 -8.86994 -0.00030586
9.78 -9.09643 -0.00031367
9.79 -9.21555 -0.000317777
9.8 -9.21724 -0.000317836
9.81 -9.09014 -0.000313453
9.82 -8.82718 -0.000304386
9.83 -8.43511 -0.000290866
9.84 -7.94343 -0.000273911
9.85 -7.3982 -0.000255111
9.86 -6.84162 -0.000235918
9.87 -6.29669 -0.000217127
9.88 -5.7668 -0.000198855
9.89 -5.25176 -0.000181095
9.9 -4.76055 -0.000164157
9.91 -4.30639 -0.000148496
9.92 -3.89299 -0.000134241
9.93 -3.5078 -0.000120959
9.94 -3.13339 -0.000108048
9.95 -2.76793 -9.5446e-005
9.96 -2.42482 -8.36144e-005
9.97 -2.1223 -7.31829e-005
9.98 -1.87552 -6.4673e-005
9.99 -1.69888 -5.85822e-005
10 -1.60162 -5.52282e-005
