0.1 -0.0455468 -1.57058e-006
0.2 -0.091111 -3.14176e-006
0.3 -0.136693 -4.71353e-006
0.4 -0.182291 -6.28591e-006
0.5 -0.227907 -7.85887e-006
0.6 -0.27354 -9.43242e-006
0.7 -0.31919 -1.10066e-005
0.8 -0.364857 -1.25813e-005
0.9 -0.41054 -1.41566e-005
1 -0.456239 -1.57324e-005
0.01 -0.455462 -1.57056e-005
0.02 -0.453229 -1.56286e-005
0.03 -0.450633 -1.55391e-005
0.04 -0.448863 -1.5478e-005
0.05 -0.448144 -1.54532e-005
0.06 -0.44849 -1.54652e-005
0.07 -0.449792 -1.55101e-005
0.08 -0.45187 -1.55817e-005
0.09 -0.454494 -1.56722e-005
0.1 -0.457435 -1.57736e-005
0.11 -0.460494 -1.58791e-005
0.12 -0.463565 -1.5985e-005
0.13 -0.466637 -1.60909e-005
0.14 -0.469821 -1.62007e-005
0.15 -0.47315 -1.63155e-005
0.16 -0.476568 -1.64334e-005
0.17 -0.479951 -1.655e-005
0.18 -0.483214 -1.66626e-005
0.19 -0.486415 -1.67729e-005
0.2 -0.489703 -1.68863e-005
0.21 -0.493188 -1.70065e-005
0.22 -0.496855 -1.71329e-005
0.23 -0.500583 -1.72615e-005
0.24 -0.504227 -1.73871e-005
0.25 -0.507659 -1.75055e-005
0.26 -0.510757 -1.76123e-005
0.27 -0.513433 -1.77046e-005
0.28 -0.515727 -1.77837e-005
0.29 -0.517889 -1.78582e-005
0.3 -0.520359 -1.79434e-005
0.31 -0.52354 -1.80531e-005
0.32 -0.527602 -1.81932e-005
0.33 -0.532464 -1.83608e-005
0.34 -0.537959 -1.85503e-005
0.35 -0.544005 -1.87588e-005
0.36 -0.55062 -1.89869e-005
0.37 -0.557715 -1.92315e-005
0.38 -0.56489 -1.9479e-005
0.39 -0.571595 -1.97102e-005
0.4 -0.577528 -1.99148e-005
0.41 -0.582743 -2.00946e-005
0.42 -0.587402 -2.02552e-005
0.43 -0.591505 -2.03967e-005
0.44 -0.594842 -2.05118e-005
0.45 -0.597275 -2.05957e-005
0.46 -0.598985 -2.06546e-005
0.47 -0.600286 -2.06995e-005
0.48 -0.601369 -2.07369e-005
0.49 -0.602245 -2.07671e-005
0.5 -0.602809 -2.07865e-005
0.51 -0.602904 -2.07898e-005
0.52 -0.602325 -2.07698e-005
0.53 -0.600792 -2.0717e-005
0.54 -0.598111 -2.06245e-005
0.55 -0.594521 -2.05007e-005
0.56 -0.59047 -2.0361e-005
0.57 -0.586136 -2.02116e-005
0.58 -0.581405 -2.00484e-005
0.59 -0.576263 -1.98711e-005
0.6 -0.57095 -1.96879e-005
0.61 -0.565961 -1.95159e-005
0.62 -0.5617 -1.9369e-005
0.63 -0.558017 -1.9242e-005
0.64 -0.554328 -1.91148e-005
0.65 -0.550327 -1.89768e-005
0.66 -0.546235 -1.88357e-005
0.67 -0.5424 -1.87035e-005
0.68 -0.538753 -1.85777e-005
0.69 -0.534785 -1.84409e-005
0.7 -0.530113 -1.82797e-005
0.71 -0.524912 -1.81004e-005
0.72 -0.519938 -1.79289e-005
0.73 -0.515916 -1.77902e-005
0.74 -0.512639 -1.76772e-005
0.75 -0.509026 -1.75526e-005
0.76 -0.504277 -1.73888e-005
0.77 -0.498387 -1.71858e-005
0.78 -0.491579 -1.6951e-005
0.79 -0.483894 -1.6686e-005
0.8 -0.475349 -1.63913e-005
0.81 -0.466275 -1.60784e-005
0.82 -0.457402 -1.57725e-005
0.83 -0.449349 -1.54948e-005
0.84 -0.441929 -1.52389e-005
0.85 -0.434401 -1.49793e-005
0.86 -0.425965 -1.46884e-005
0.87 -0.416186 -1.43512e-005
0.88 -0.4052 -1.39724e-005
0.89 -0.393609 -1.35727e-005
0.9 -0.382228 -1.31803e-005
0.91 -0.371583 -1.28132e-005
0.92 -0.361357 -1.24606e-005
0.93 -0.350533 -1.20873e-005
0.94 -0.338626 -1.16768e-005
0.95 -0.327025 -1.12767e-005
0.96 -0.31817 -1.09714e-005
0.97 -0.313088 -1.07961e-005
0.98 -0.310785 -1.07167e-005
0.99 -0.309724 -1.06801e-005
1 -0.309234 -1.06632e-005
1.01 -0.310171 -1.06955e-005
1.02 -0.3137 -1.08172e-005
1.03 -0.318799 -1.09931e-005
1.04 -0.322328 -1.11148e-005
1.05 -0.322372 -1.11163e-005
1.06 -0.320055 -1.10364e-005
1.07 -0.317715 -1.09557e-005
1.08 -0.316767 -1.0923e-005
1.09 -0.317293 -1.09412e-005
1.1 -0.31862 -1.09869e-005
1.11 -0.319536 -1.10185e-005
1.12 -0.318466 -1.09816e-005
1.13 -0.314893 -1.08584e-005
1.14 -0.310862 -1.07194e-005
1.15 -0.309202 -1.06622e-005
1.16 -0.310469 -1.07058e-005
1.17 -0.312523 -1.07766e-005
1.18 -0.312018 -1.07593e-005
1.19 -0.307232 -1.05942e-005
1.2 -0.299881 -1.03407e-005
1.21 -0.29343 -1.01183e-005
1.22 -0.290634 -1.00218e-005
1.23 -0.292667 -1.0092e-005
1.24 -0.299029 -1.03113e-005
1.25 -0.307903 -1.06173e-005
1.26 -0.317466 -1.09471e-005
1.27 -0.326815 -1.12695e-005
1.28 -0.335666 -1.15747e-005
1.29 -0.344162 -1.18677e-005
1.3 -0.352368 -1.21506e-005
1.31 -0.359661 -1.24021e-005
1.32 -0.365956 -1.26192e-005
1.33 -0.37306 -1.28642e-005
1.34 -0.382603 -1.31932e-005
1.35 -0.392872 -1.35473e-005
1.36 -0.39992 -1.37903e-005
1.37 -0.401922 -1.38594e-005
1.38 -0.401389 -1.3841e-005
1.39 -0.403578 -1.39165e-005
1.4 -0.412945 -1.42395e-005
1.41 -0.429168 -1.47989e-005
1.42 -0.446145 -1.53843e-005
1.43 -0.457037 -1.57599e-005
1.44 -0.460495 -1.58791e-005
1.45 -0.461237 -1.59047e-005
1.46 -0.464892 -1.60307e-005
1.47 -0.471791 -1.62686e-005
1.48 -0.476734 -1.64391e-005
1.49 -0.475764 -1.64056e-005
1.5 -0.470028 -1.62079e-005
1.51 -0.461788 -1.59237e-005
1.52 -0.450408 -1.55313e-005
1.53 -0.434125 -1.49698e-005
1.54 -0.41354 -1.426e-005
1.55 -0.391697 -1.35068e-005
1.56 -0.371557 -1.28123e-005
1.57 -0.355047 -1.2243e-005
1.58 -0.344378 -1.18751e-005
1.59 -0.342214 -1.18005e-005
1.6 -0.349578 -1.20544e-005
1.61 -0.362308 -1.24934e-005
1.62 -0.371439 -1.28082e-005
1.63 -0.371126 -1.27975e-005
1.64 -0.363783 -1.25442e-005
1.65 -0.355272 -1.22508e-005
1.66 -0.348085 -1.20029e-005
1.67 -0.34042 -1.17386e-005
1.68 -0.330445 -1.13947e-005
1.69 -0.320516 -1.10523e-005
1.7 -0.315144 -1.0867e-005
1.71 -0.314867 -1.08575e-005
1.72 -0.31581 -1.089e-005
1.73 -0.315194 -1.08688e-005
1.74 -0.31416 -1.08331e-005
1.75 -0.315546 -1.08809e-005
1.76 -0.321499 -1.10862e-005
1.77 -0.333413 -1.1497e-005
1.78 -0.35147 -1.21197e-005
1.79 -0.372431 -1.28424e-005
1.8 -0.391286 -1.34926e-005
1.81 -0.406567 -1.40195e-005
1.82 -0.420221 -1.44904e-005
1.83 -0.432837 -1.49254e-005
1.84 -0.441449 -1.52224e-005
1.85 -0.441815 -1.5235e-005
1.86 -0.433075 -1.49336e-005
1.87 -0.418763 -1.44401e-005
1.88 -0.402427 -1.38768e-005
1.89 -0.386248 -1.33189e-005
1.9 -0.375031 -1.29321e-005
1.91 -0.375387 -1.29444e-005
1.92 -0.389554 -1.34329e-005
1.93 -0.414845 -1.4305e-005
1.94 -0.447778 -1.54406e-005
1.95 -0.484684 -1.67132e-005
1.96 -0.519974 -1.79302e-005
1.97 -0.547033 -1.88632e-005
1.98 -0.562221 -1.93869e-005
1.99 -0.567636 -1.95737e-005
2 -0.568715 -1.96109e-005
2.01 -0.56917 -1.96265e-005
2.02 -0.568046 -1.95878e-005
2.03 -0.56205 -1.9381e-005
2.04 -0.550426 -1.89802e-005
2.05 -0.535141 -1.84532e-005
2.06 -0.518202 -1.7869e-005
2.07 -0.502389 -1.73238e-005
2.08 -0.49187 -1.6961e-005
2.09 -0.489967 -1.68954e-005
2.1 -0.497931 -1.717e-005
2.11 -0.515338 -1.77703e-005
2.12 -0.540991 -1.86549e-005
2.13 -0.573275 -1.97681e-005
2.14 -0.608944 -2.09981e-005
2.15 -0.642126 -2.21423e-005
2.16 -0.665892 -2.29618e-005
2.17 -0.677064 -2.3347e-005
2.18 -0.680512 -2.34659e-005
2.19 -0.684256 -2.3595e-005
2.2 -0.689622 -2.37801e-005
2.21 -0.691902 -2.38587e-005
2.22 -0.688668 -2.37472e-005
2.23 -0.683174 -2.35577e-005
2.24 -0.681631 -2.35045e-005
2.25 -0.68937 -2.37714e-005
2.26 -0.709484 -2.4465e-005
2.27 -0.741369 -2.55644e-005
2.28 -0.778572 -2.68473e-005
2.29 -0.812159 -2.80055e-005
2.3 -0.836836 -2.88564e-005
2.31 -0.850976 -2.9344e-005
2.32 -0.853466 -2.94299e-005
2.33 -0.844095 -2.91067e-005
2.34 -0.825477 -2.84647e-005
2.35 -0.802256 -2.7664e-005
2.36 -0.77847 -2.68438e-005
2.37 -0.756923 -2.61008e-005
2.38 -0.739035 -2.5484e-005
2.39 -0.722949 -2.49293e-005
2.4 -0.704384 -2.42891e-005
2.41 -0.679508 -2.34313e-005
2.42 -0.646731 -2.23011e-005
2.43 -0.610963 -2.10677e-005
2.44 -0.585285 -2.01822e-005
2.45 -0.581159 -2.004e-005
2.46 -0.597298 -2.05965e-005
2.47 -0.621893 -2.14446e-005
2.48 -0.64311 -2.21762e-005
2.49 -0.65517 -2.25921e-005
2.5 -0.657554 -2.26743e-005
2.51 -0.652068 -2.24851e-005
2.52 -0.641814 -2.21315e-005
2.53 -0.630228 -2.1732e-005
2.54 -0.618606 -2.13312e-005
2.55 -0.605751 -2.0888e-005
2.56 -0.590235 -2.03529e-005
2.57 -0.572548 -1.9743e-005
2.58 -0.555128 -1.91423e-005
2.59 -0.539677 -1.86096e-005
2.6 -0.524993 -1.81032e-005
2.61 -0.508494 -1.75343e-005
2.62 -0.488962 -1.68608e-005
2.63 -0.465792 -1.60618e-005
2.64 -0.43738 -1.50821e-005
2.65 -0.402617 -1.38833e-005
2.66 -0.36236 -1.24952e-005
2.67 -0.319956 -1.1033e-005
2.68 -0.280381 -9.6683e-006
2.69 -0.246518 -8.50061e-006
2.7 -0.217261 -7.49178e-006
2.71 -0.188163 -6.4884e-006
2.72 -0.15295 -5.27412e-006
2.73 -0.108463 -3.7401e-006
2.74 -0.0614683 -2.1196e-006
2.75 -0.0270635 -9.33223e-007
2.76 -0.0154631 -5.33211e-007
2.77 -0.0258211 -8.90384e-007
2.78 -0.0550522 -1.89835e-006
2.79 -0.102846 -3.5464e-006
2.8 -0.165062 -5.6918e-006
2.81 -0.231973 -7.99907e-006
2.82 -0.294817 -1.01661e-005
2.83 -0.349842 -1.20635e-005
2.84 -0.398401 -1.3738e-005
2.85 -0.442898 -1.52724e-005
2.86 -0.484162 -1.66952e-005
2.87 -0.523533 -1.80529e-005
2.88 -0.560602 -1.93311e-005
2.89 -0.589344 -2.03222e-005
2.9 -0.602455 -2.07743e-005
2.91 -0.59884 -2.06497e-005
2.92 -0.584618 -2.01593e-005
2.93 -0.567563 -1.95711e-005
2.94 -0.551385 -1.90133e-005
2.95 -0.536015 -1.84833e-005
2.96 -0.521659 -1.79883e-005
2.97 -0.509386 -1.7565e-005
2.98 -0.498505 -1.71898e-005
2.99 -0.485896 -1.6755e-005
3 -0.467849 -1.61327e-005
3.01 -0.442476 -1.52578e-005
3.02 -0.410361 -1.41504e-005
3.03 -0.372662 -1.28504e-005
3.04 -0.331324 -1.1425e-005
3.05 -0.29243 -1.00838e-005
3.06 -0.264234 -9.11153e-006
3.07 -0.247913 -8.54871e-006
3.08 -0.235915 -8.13499e-006
3.09 -0.222232 -7.66317e-006
3.1 -0.208888 -7.20302e-006
3.11 -0.202736 -6.9909e-006
3.12 -0.207951 -7.17072e-006
3.13 -0.222062 -7.65732e-006
3.14 -0.24203 -8.34585e-006
3.15 -0.269793 -9.30321e-006
3.16 -0.308275 -1.06302e-005
3.17 -0.357583 -1.23304e-005
3.18 -0.413687 -1.42651e-005
3.19 -0.465798 -1.6062e-005
3.2 -0.499175 -1.72129e-005
3.21 -0.50388 -1.73752e-005
3.22 -0.47954 -1.65359e-005
3.23 -0.433462 -1.4947e-005
3.24 -0.375972 -1.29645e-005
3.25 -0.317184 -1.09374e-005
3.26 -0.266735 -9.19776e-006
3.27 -0.231691 -7.98935e-006
3.28 -0.213186 -7.35123e-006
3.29 -0.206939 -7.13584e-006
3.3 -0.205635 -7.09086e-006
3.31 -0.200511 -6.91416e-006
3.32 -0.183647 -6.33265e-006
3.33 -0.15289 -5.27208e-006
3.34 -0.115634 -3.98738e-006
3.35 -0.0843104 -2.90725e-006
3.36 -0.0682434 -2.35322e-006
3.37 -0.0708913 -2.44453e-006
3.38 -0.0897087 -3.0934e-006
3.39 -0.116519 -4.0179e-006
3.4 -0.142596 -4.91709e-006
3.41 -0.164835 -5.68396e-006
3.42 -0.184961 -6.37798e-006
3.43 -0.204931 -7.0666e-006
3.44 -0.22546 -7.77448e-006
3.45 -0.24695 -8.5155e-006
3.46 -0.271355 -9.35707e-006
3.47 -0.302421 -1.04283e-005
3.48 -0.342171 -1.1799e-005
3.49 -0.388055 -1.33812e-005
3.5 -0.435091 -1.50031e-005
3.51 -0.479054 -1.65191e-005
3.52 -0.51609 -1.77962e-005
3.53 -0.543108 -1.87279e-005
3.54 -0.560693 -1.93342e-005
3.55 -0.573932 -1.97908e-005
3.56 -0.58961 -2.03314e-005
3.57 -0.610736 -2.10599e-005
3.58 -0.632795 -2.18205e-005
3.59 -0.645051 -2.22431e-005
3.6 -0.636328 -2.19423e-005
3.61 -0.603407 -2.08071e-005
3.62 -0.555859 -1.91675e-005
3.63 -0.511545 -1.76395e-005
3.64 -0.484406 -1.67037e-005
3.65 -0.475974 -1.64129e-005
3.66 -0.479056 -1.65192e-005
3.67 -0.48516 -1.67296e-005
3.68 -0.487697 -1.68171e-005
3.69 -0.485904 -1.67553e-005
3.7 -0.487629 -1.68148e-005
3.71 -0.50373 -1.737e-005
3.72 -0.539735 -1.86115e-005
3.73 -0.592388 -2.04272e-005
3.74 -0.650736 -2.24392e-005
3.75 -0.70275 -2.42328e-005
3.76 -0.743017 -2.56213e-005
3.77 -0.771729 -2.66113e-005
3.78 -0.790514 -2.72591e-005
3.79 -0.802998 -2.76896e-005
3.8 -0.814627 -2.80906e-005
3.81 -0.828304 -2.85622e-005
3.82 -0.840959 -2.89986e-005
3.83 -0.844933 -2.91356e-005
3.84 -0.837673 -2.88853e-005
3.85 -0.830686 -2.86443e-005
3.86 -0.838575 -2.89164e-005
3.87 -0.862424 -2.97387e-005
3.88 -0.892218 -3.07661e-005
3.89 -0.919273 -3.16991e-005
3.9 -0.942173 -3.24887e-005
3.91 -0.963387 -3.32202e-005
3.92 -0.982096 -3.38654e-005
3.93 -0.991732 -3.41976e-005
3.94 -0.984388 -3.39444e-005
3.95 -0.955572 -3.29508e-005
3.96 -0.905989 -3.1241e-005
3.97 -0.842472 -2.90507e-005
3.98 -0.775052 -2.67259e-005
3.99 -0.711097 -2.45206e-005
4 -0.654991 -2.25859e-005
4.01 -0.610202 -2.10415e-005
4.02 -0.578513 -1.99487e-005
4.03 -0.561155 -1.93502e-005
4.04 -0.559829 -1.93045e-005
4.05 -0.573331 -1.977e-005
4.06 -0.593536 -2.04667e-005
4.07 -0.607008 -2.09313e-005
4.08 -0.60191 -2.07555e-005
4.09 -0.570882 -1.96856e-005
4.1 -0.510358 -1.75985e-005
4.11 -0.423247 -1.45947e-005
4.12 -0.319618 -1.10213e-005
4.13 -0.211313 -7.28666e-006
4.14 -0.10889 -3.75481e-006
4.15 -0.0226629 -7.81478e-007
4.16 0.0391485 1.34995e-006
4.17 0.0732529 2.52596e-006
4.18 0.0828676 2.8575e-006
4.19 0.078742 2.71524e-006
4.2 0.0745071 2.56921e-006
4.21 0.0782413 2.69797e-006
4.22 0.0896703 3.09208e-006
4.23 0.103301 3.56211e-006
4.24 0.113544 3.91533e-006
4.25 0.120979 4.17169e-006
4.26 0.131943 4.54975e-006
4.27 0.150502 5.18974e-006
4.28 0.176356 6.08124e-006
4.29 0.208074 7.17497e-006
4.3 0.240406 8.28985e-006
4.31 0.261934 9.03219e-006
4.32 0.262038 9.03581e-006
4.33 0.238546 8.22571e-006
4.34 0.198983 6.8615e-006
4.35 0.157603 5.43457e-006
4.36 0.127375 4.39223e-006
4.37 0.111368 3.84027e-006
4.38 0.104303 3.59665e-006
4.39 0.100954 3.48116e-006
4.4 0.101101 3.48623e-006
4.41 0.108658 3.74684e-006
4.42 0.126715 4.36948e-006
4.43 0.154747 5.33609e-006
4.44 0.191632 6.60799e-006
4.45 0.236558 8.15717e-006
4.46 0.283175 9.76467e-006
4.47 0.317869 1.0961e-005
4.48 0.329528 1.1363e-005
4.49 0.31909 1.10031e-005
4.5 0.296992 1.02411e-005
4.51 0.274776 9.47505e-006
4.52 0.259946 8.96365e-006
4.53 0.254365 8.77121e-006
4.54 0.25672 8.85242e-006
4.55 0.264663 9.12632e-006
4.56 0.271102 9.34833e-006
4.57 0.264669 9.12651e-006
4.58 0.238945 8.23948e-006
4.59 0.197459 6.80892e-006
4.6 0.148574 5.12324e-006
4.61 0.0978504 3.37415e-006
4.62 0.0464482 1.60166e-006
4.63 -0.00398617 -1.37454e-007
4.64 -0.0482298 -1.6631e-006
4.65 -0.0824037 -2.84151e-006
4.66 -0.110991 -3.82726e-006
4.67 -0.143558 -4.95028e-006
4.68 -0.184332 -6.35627e-006
4.69 -0.228814 -7.89012e-006
4.7 -0.268714 -9.26599e-006
4.71 -0.297124 -1.02456e-005
4.72 -0.313429 -1.08079e-005
4.73 -0.326211 -1.12487e-005
4.74 -0.346048 -1.19327e-005
4.75 -0.375819 -1.29593e-005
4.76 -0.410379 -1.4151e-005
4.77 -0.440976 -1.52061e-005
4.78 -0.461527 -1.59147e-005
4.79 -0.474408 -1.63589e-005
4.8 -0.48647 -1.67748e-005
4.81 -0.50257 -1.733e-005
4.82 -0.527298 -1.81827e-005
4.83 -0.562087 -1.93823e-005
4.84 -0.595941 -2.05497e-005
4.85 -0.614137 -2.11772e-005
4.86 -0.621832 -2.14425e-005
4.87 -0.645303 -2.22518e-005
4.88 -0.706039 -2.43462e-005
4.89 -0.801215 -2.76281e-005
4.9 -0.909226 -3.13526e-005
4.91 -1.01083 -3.4856e-005
4.92 -1.10286 -3.80295e-005
4.93 -1.19279 -4.11308e-005
4.94 -1.28716 -4.43848e-005
4.95 -1.38677 -4.78198e-005
4.96 -1.48374 -5.11635e-005
4.97 -1.56048 -5.38097e-005
4.98 -1.60116 -5.52123e-005
4.99 -1.6082 -5.54553e-005
5 -1.6017 -5.52311e-005
5.01 -1.60021 -5.51796e-005
5.02 -1.60673 -5.54044e-005
5.03 -1.61198 -5.55854e-005
5.04 -1.6058 -5.53723e-005
5.05 -1.58682 -5.4718e-005
5.06 -1.56512 -5.39695e-005
5.07 -1.55403 -5.35872e-005
5.08 -1.55721 -5.36969e-005
5.09 -1.56719 -5.40411e-005
5.1 -1.57562 -5.43318e-005
5.11 -1.57669 -5.43685e-005
5.12 -1.56503 -5.39665e-005
5.13 -1.54185 -5.31673e-005
5.14 -1.51907 -5.23818e-005
5.15 -1.50873 -5.20251e-005
5.16 -1.51459 -5.22273e-005
5.17 -1.53922 -5.30764e-005
5.18 -1.589 -5.4793e-005
5.19 -1.66796 -5.7516e-005
5.2 -1.76944 -6.10152e-005
5.21 -1.87417 -6.46266e-005
5.22 -1.95737 -6.74956e-005
5.23 -1.99676 -6.88538e-005
5.24 -1.98076 -6.8302e-005
5.25 -1.91452 -6.60181e-005
5.26 -1.81386 -6.25469e-005
5.27 -1.69266 -5.83676e-005
5.28 -1.55992 -5.37904e-005
5.29 -1.42444 -4.91185e-005
5.3 -1.29335 -4.45984e-005
5.31 -1.16762 -4.02627e-005
5.32 -1.04355 -3.59843e-005
5.33 -0.915014 -3.15522e-005
5.34 -0.774007 -2.66899e-005
5.35 -0.611653 -2.10915e-005
5.36 -0.421252 -1.45259e-005
5.37 -0.21003 -7.24241e-006
5.38 -0.00455211 -1.56969e-007
5.39 0.170778 5.8889e-006
5.4 0.32028 1.10441e-005
5.41 0.465826 1.6063e-005
5.42 0.619297 2.13551e-005
5.43 0.768389 2.64962e-005
5.44 0.889034 3.06563e-005
5.45 0.972062 3.35194e-005
5.46 1.02965 3.5505e-005
5.47 1.07711 3.71416e-005
5.48 1.12131 3.86659e-005
5.49 1.1643 4.01481e-005
5.5 1.2041 4.15208e-005
5.51 1.23335 4.25294e-005
5.52 1.24783 4.30285e-005
5.53 1.25314 4.32117e-005
5.54 1.25775 4.33705e-005
5.55 1.26363 4.35733e-005
5.56 1.26327 4.35609e-005
5.57 1.24596 4.29642e-005
5.58 1.21067 4.17472e-005
5.59 1.16878 4.03029e-005
5.6 1.13054 3.89841e-005
5.61 1.09443 3.7739e-005
5.62 1.05474 3.63703e-005
5.63 1.01463 3.49871e-005
5.64 0.983834 3.39253e-005
5.65 0.964234 3.32495e-005
5.66 0.944716 3.25764e-005
5.67 0.911763 3.14401e-005
5.68 0.862815 2.97522e-005
5.69 0.806741 2.78187e-005
5.7 0.752274 2.59405e-005
5.71 0.699228 2.41113e-005
5.72 0.64175 2.21293e-005
5.73 0.578808 1.99589e-005
5.74 0.51791 1.7859e-005
5.75 0.466759 1.60951e-005
5.76 0.422333 1.45632e-005
5.77 0.370649 1.2781e-005
5.78 0.29536 1.01848e-005
5.79 0.181424 6.25599e-006
5.8 0.0160372 5.53007e-007
5.81 -0.203652 -7.02249e-006
5.82 -0.459992 -1.58618e-005
5.83 -0.71741 -2.47383e-005
5.84 -0.943318 -3.25282e-005
5.85 -1.1238 -3.87517e-005
5.86 -1.25941 -4.34281e-005
5.87 -1.35811 -4.68315e-005
5.88 -1.43529 -4.94929e-005
5.89 -1.50693 -5.1963e-005
5.9 -1.57711 -5.43831e-005
5.91 -1.63952 -5.6535e-005
5.92 -1.68407 -5.80715e-005
5.93 -1.69687 -5.85126e-005
5.94 -1.66229 -5.73202e-005
5.95 -1.57375 -5.42673e-005
5.96 -1.44392 -4.97903e-005
5.97 -1.29844 -4.47739e-005
5.98 -1.15944 -3.99807e-005
5.99 -1.04099 -3.58962e-005
6 -0.957624 -3.30215e-005
6.01 -0.926072 -3.19335e-005
6.02 -0.950434 -3.27736e-005
6.03 -1.01054 -3.48463e-005
6.04 -1.07286 -3.6995e-005
6.05 -1.11299 -3.8379e-005
6.06 -1.12946 -3.89469e-005
6.07 -1.13652 -3.91904e-005
6.08 -1.15092 -3.96869e-005
6.09 -1.18793 -4.09631e-005
6.1 -1.25893 -4.34114e-005
6.11 -1.35979 -4.68893e-005
6.12 -1.46571 -5.05416e-005
6.13 -1.5425 -5.31897e-005
6.14 -1.55692 -5.3687e-005
6.15 -1.47963 -5.10216e-005
6.16 -1.29412 -4.46249e-005
6.17 -1.00655 -3.47085e-005
6.18 -0.641138 -2.21082e-005
6.19 -0.22691 -7.82449e-006
6.2 0.214659 7.40203e-006
6.21 0.676309 2.3321e-005
6.22 1.16319 4.011e-005
6.23 1.67754 5.78462e-005
6.24 2.20603 7.60701e-005
6.25 2.72106 9.38296e-005
6.26 3.18934 0.000109977
6.27 3.57751 0.000123363
6.28 3.86313 0.000133212
6.29 4.05109 0.000139693
6.3 4.17421 0.000143938
6.31 4.26111 0.000146935
6.32 4.29702 0.000148173
6.33 4.22135 0.000145564
6.34 3.96139 0.0001366
6.35 3.47766 0.000119919
6.36 2.79193 9.62733e-005
6.37 1.98358 6.83991e-005
6.38 1.15811 3.99348e-005
6.39 0.391432 1.34977e-005
6.4 -0.299346 -1.03223e-005
6.41 -0.924053 -3.18639e-005
6.42 -1.46845 -5.06363e-005
6.43 -1.88868 -6.51268e-005
6.44 -2.13233 -7.35287e-005
6.45 -2.15752 -7.43974e-005
6.46 -1.94836 -6.71847e-005
6.47 -1.52505 -5.25879e-005
6.48 -0.942608 -3.25037e-005
6.49 -0.267044 -9.20842e-006
6.5 0.44763 1.54355e-005
6.51 1.16168 4.00578e-005
6.52 1.83729 6.33549e-005
6.53 2.43385 8.39258e-005
6.54 2.91331 0.000100459
6.55 3.25561 0.000112262
6.56 3.46736 0.000119564
6.57 3.56967 0.000123092
6.58 3.58423 0.000123594
6.59 3.52405 0.000121519
6.6 3.38507 0.000116727
6.61 3.14372 0.000108404
6.62 2.76546 9.53608e-005
6.63 2.21531 7.63899e-005
6.64 1.47104 5.07255e-005
6.65 0.537505 1.85347e-005
6.66 -0.553113 -1.90729e-005
6.67 -1.74911 -6.0314e-005
6.68 -2.98226 -0.000102837
6.69 -4.17813 -0.000144074
6.7 -5.25384 -0.000181167
6.71 -6.1364 -0.0002116
6.72 -6.77918 -0.000233765
6.73 -7.17269 -0.000247334
6.74 -7.33492 -0.000252928
6.75 -7.30745 -0.000251981
6.76 -7.13896 -0.000246171
6.77 -6.85199 -0.000236276
6.78 -6.4502 -0.000222421
6.79 -5.94804 -0.000205105
6.8 -5.38558 -0.00018571
6.81 -4.81786 -0.000166133
6.82 -4.29367 -0.000148058
6.83 -3.85027 -0.000132768
6.84 -3.51642 -0.000121256
6.85 -3.30592 -0.000113997
6.86 -3.20301 -0.000110449
6.87 -3.16465 -0.000109126
6.88 -3.14774 -0.000108543
6.89 -3.1311 -0.000107969
6.9 -3.11415 -0.000107385
6.91 -3.10523 -0.000107077
6.92 -3.12321 -0.000107697
6.93 -3.21108 -0.000110727
6.94 -3.42711 -0.000118176
6.95 -3.80641 -0.000131256
6.96 -4.3334 -0.000149428
6.97 -4.95389 -0.000170824
6.98 -5.61225 -0.000193526
6.99 -6.27273 -0.000216301
7 -6.90592 -0.000238135
7.01 -7.46746 -0.000257499
7.02 -7.91122 -0.000272801
7.03 -8.20214 -0.000282833
7.04 -8.34248 -0.000287672
7.05 -8.33613 -0.000287453
7.06 -8.17791 -0.000281997
7.07 -7.8403 -0.000270355
7.08 -7.28922 -0.000251352
7.09 -6.51464 -0.000224643
7.1 -5.54193 -0.000191101
7.11 -4.42826 -0.000152699
7.12 -3.24724 -0.000111974
7.13 -2.07223 -7.14564e-005
7.14 -0.964191 -3.3248e-005
7.15 0.041674 1.43704e-006
7.16 0.909144 3.13498e-005
7.17 1.64304 5.66565e-005
7.18 2.26039 7.79446e-005
7.19 2.78277 9.59577e-005
7.2 3.22509 0.00011121
7.21 3.59388 0.000123927
7.22 3.8962 0.000134352
7.23 4.1303 0.000142424
7.24 4.28761 0.000147848
7.25 4.35971 0.000150335
7.26 4.33095 0.000149343
7.27 4.19283 0.00014458
7.28 3.95128 0.000136251
7.29 3.61972 0.000124818
7.3 3.22352 0.000111156
7.31 2.81233 9.69768e-005
7.32 2.4493 8.44586e-005
7.33 2.17193 7.48942e-005
7.34 1.97128 6.79751e-005
7.35 1.81534 6.25979e-005
7.36 1.68898 5.82407e-005
7.37 1.60738 5.54269e-005
7.38 1.59467 5.49885e-005
7.39 1.65807 5.71749e-005
7.4 1.78726 6.16298e-005
7.41 1.97025 6.79396e-005
7.42 2.2037 7.59895e-005
7.43 2.48287 8.56164e-005
7.44 2.77386 9.56505e-005
7.45 3.01963 0.000104125
7.46 3.1687 0.000109265
7.47 3.20897 0.000110654
7.48 3.17217 0.000109385
7.49 3.10184 0.00010696
7.5 3.01052 0.000103811
7.51 2.87291 9.90658e-005
7.52 2.66129 9.17686e-005
7.53 2.37412 8.18661e-005
7.54 2.02787 6.99266e-005
7.55 1.63044 5.62222e-005
7.56 1.16437 4.01508e-005
7.57 0.594081 2.04856e-005
7.58 -0.0789897 -2.72378e-006
7.59 -0.78963 -2.72286e-005
7.6 -1.44789 -4.99271e-005
7.61 -2.00588 -6.91682e-005
7.62 -2.47099 -8.52066e-005
7.63 -2.88725 -9.95603e-005
7.64 -3.27136 -0.000112806
7.65 -3.5969 -0.000124031
7.66 -3.83955 -0.000132398
7.67 -3.98545 -0.000137429
7.68 -4.04997 -0.000139654
7.69 -4.07335 -0.00014046
7.7 -4.08748 -0.000140948
7.71 -4.08785 -0.00014096
7.72 -4.04504 -0.000139484
7.73 -3.94127 -0.000135906
7.74 -3.78492 -0.000130515
7.75 -3.59635 -0.000124012
7.76 -3.39468 -0.000117058
7.77 -3.19969 -0.000110334
7.78 -3.04718 -0.000105075
7.79 -2.98812 -0.000103039
7.8 -3.05949 -0.0001055
7.81 -3.259 -0.000112379
7.82 -3.54222 -0.000122145
7.83 -3.83797 -0.000132344
7.84 -4.07927 -0.000140665
7.85 -4.23113 -0.000145901
7.86 -4.28538 -0.000147772
7.87 -4.22792 -0.000145791
7.88 -4.0202 -0.000138628
7.89 -3.73863 -0.000128918
7.9 -3.42517 -0.000118109
7.91 -3.10661 -0.000107125
7.92 -2.77601 -9.57243e-005
7.93 -2.38029 -8.20791e-005
7.94 -1.89911 -6.54867e-005
7.95 -1.35491 -4.67209e-005
7.96 -0.799249 -2.75603e-005
7.97 -0.296148 -1.0212e-005
7.98 0.105661 3.64349e-006
7.99 0.383813 1.32349e-005
8 0.563022 1.94146e-005
8.01 0.684814 2.36143e-005
8.02 0.777511 2.68107e-005
8.03 0.892261 3.07676e-005
8.04 1.01618 3.50407e-005
8.05 1.13069 3.89893e-005
8.06 1.23564 4.26081e-005
8.07 1.30366 4.49537e-005
8.08 1.28247 4.4223e-005
8.09 1.14597 3.95164e-005
8.1 0.908211 3.13176e-005
8.11 0.592427 2.04285e-005
8.12 0.223132 7.69421e-006
8.13 -0.167522 -5.77662e-006
8.14 -0.535394 -1.84618e-005
8.15 -0.817909 -2.82038e-005
8.16 -0.945451 -3.26018e-005
8.17 -0.868475 -2.99474e-005
8.18 -0.575042 -1.9829e-005
8.19 -0.075198 -2.59303e-006
8.2 0.564379 1.94613e-005
8.21 1.27331 4.39072e-005
8.22 2.00076 6.89917e-005
8.23 2.71059 9.34688e-005
8.24 3.38529 0.000116734
8.25 4.02688 0.000138858
8.26 4.66107 0.000160726
8.27 5.34711 0.000184383
8.28 6.20594 0.000213998
8.29 7.08624 0.000244353
8.3 7.90786 0.000272685
8.31 8.62536 0.000297426
8.32 9.21116 0.000317626
8.33 9.63563 0.000332263
8.34 9.89956 0.000341364
8.35 9.98006 0.00034414
8.36 9.84514 0.000339488
8.37 9.48813 0.000327177
8.38 8.9055 0.000307086
8.39 8.11066 0.000279678
8.4 7.1592 0.000246869
8.41 6.12191 0.0002111
8.42 5.02055 0.000173122
8.43 3.93315 0.000135626
8.44 2.89966 9.99883e-005
8.45 1.96184 6.76497e-005
8.46 1.20727 4.163e-005
8.47 0.64634 2.22876e-005
8.48 0.293912 1.01349e-005
8.49 0.158985 5.48225e-006
8.5 0.207299 7.14822e-006
8.51 0.391481 1.34993e-005
8.52 0.6863 2.36655e-005
8.53 1.08235 3.73224e-005
8.54 1.57022 5.41455e-005
8.55 2.13069 7.34719e-005
8.56 2.7243 9.39412e-005
8.57 3.30846 0.000114085
8.58 3.84439 0.000132565
8.59 4.30809 0.000148555
8.6 4.67684 0.00016127
8.61 4.92129 0.0001697
8.62 5.01015 0.000172764
8.63 4.92083 0.000169684
8.64 4.64624 0.000160215
8.65 4.18721 0.000144387
8.66 3.54561 0.000122263
8.67 2.72676 9.40263e-005
8.68 1.7443 6.01484e-005
8.69 0.63528 2.19062e-005
8.7 -0.56732 -1.95628e-005
8.71 -1.84983 -6.37872e-005
8.72 -3.19225 -0.000110077
8.73 -4.58002 -0.000157932
8.74 -5.93215 -0.000204557
8.75 -7.18508 -0.000247761
8.76 -8.29839 -0.000286151
8.77 -9.26086 -0.00031934
8.78 -10.0581 -0.000346829
8.79 -10.6788 -0.000368236
8.8 -11.113 -0.000383208
8.81 -11.3611 -0.000391762
8.82 -11.417 -0.000393691
8.83 -11.271 -0.000388655
8.84 -10.9022 -0.000375938
8.85 -10.3484 -0.00035684
8.86 -9.68329 -0.000333906
8.87 -8.98324 -0.000309767
8.88 -8.28781 -0.000285787
8.89 -7.59307 -0.00026183
8.9 -6.88071 -0.000237266
8.91 -6.17148 -0.00021281
8.92 -5.50473 -0.000189818
8.93 -4.91433 -0.00016946
8.94 -4.43288 -0.000152858
8.95 -4.06868 -0.000140299
8.96 -3.82677 -0.000131957
8.97 -3.7011 -0.000127624
8.98 -3.70075 -0.000127612
8.99 -3.84003 -0.000132415
9 -4.12877 -0.000142371
9.01 -4.56213 -0.000157315
9.02 -5.11559 -0.0001764
9.03 -5.74575 -0.000198129
9.04 -6.39024 -0.000220353
9.05 -6.98388 -0.000240823
9.06 -7.51963 -0.000259298
9.07 -7.98243 -0.000275256
9.08 -8.30194 -0.000286274
9.09 -8.43942 -0.000291015
9.1 -8.35038 -0.000287944
9.11 -8.01444 -0.00027636
9.12 -7.45119 -0.000256938
9.13 -6.67193 -0.000230067
9.14 -5.69482 -0.000196373
9.15 -4.54858 -0.000156848
9.16 -3.25489 -0.000112238
9.17 -1.83923 -6.34218e-005
9.18 -0.397838 -1.37186e-005
9.19 1.01871 3.5128e-005
9.2 2.35071 8.10589e-005
9.21 3.65305 0.000125967
9.22 4.94538 0.00017053
9.23 6.2482 0.000215455
9.24 7.54948 0.000260327
9.25 8.81072 0.000303818
9.26 9.92636 0.000342288
9.27 10.8637 0.000374609
9.28 11.6412 0.000401422
9.29 12.2558 0.000422615
9.3 12.7083 0.000438218
9.31 13.0173 0.000448873
9.32 13.1741 0.000454279
9.33 13.1736 0.000454262
9.34 13.0081 0.000448556
9.35 12.6675 0.00043681
9.36 12.1555 0.000419156
9.37 11.4981 0.000396487
9.38 10.7272 0.000369902
9.39 9.86997 0.000340344
9.4 8.96226 0.000309044
9.41 8.05055 0.000277605
9.42 7.18746 0.000247843
9.43 6.41246 0.000221119
9.44 5.74436 0.000198081
9.45 5.18001 0.000178621
9.46 4.74907 0.000163761
9.47 4.49425 0.000154974
9.48 4.43397 0.000152895
9.49 4.551 0.000156931
9.5 4.79106 0.000165209
9.51 5.08706 0.000175416
9.52 5.35905 0.000184795
9.53 5.55273 0.000191473
9.54 5.65178 0.000194889
9.55 5.65634 0.000195046
9.56 5.57918 0.000192385
9.57 5.40574 0.000186405
9.58 5.10976 0.000176199
9.59 4.66874 0.000160991
9.6 4.07914 0.00014066
9.61 3.34453 0.000115329
9.62 2.45662 8.47111e-005
9.63 1.40375 4.84051e-005
9.64 0.192632 6.64248e-006
9.65 -1.1121 -3.83482e-005
9.66 -2.36035 -8.13914e-005
9.67 -3.53208 -0.000121796
9.68 -4.79162 -0.000165228
9.69 -6.15274 -0.000212163
9.7 -7.58455 -0.000261536
9.71 -9.04458 -0.000311882
9.72 -10.4801 -0.000361383
9.73 -11.8602 -0.000408971
9.74 -13.1442 -0.000453247
9.75 -14.2828 -0.000492512
9.76 -15.2327 -0.000525266
9.77 -16.0008 -0.000551753
9.78 -16.6137 -0.000572887
9.79 -17.0846 -0.000589123
9.8 -17.4045 -0.000600155
9.81 -17.5405 -0.000604844
9.82 -17.4718 -0.000602474
9.83 -17.2025 -0.000593188
9.84 -16.7571 -0.00057783
9.85 -16.1798 -0.000557924
9.86 -15.5207 -0.000535195
9.87 -14.8074 -0.000510602
9.88 -14.0559 -0.000484686
9.89 -13.2741 -0.000457729
9.9 -12.4881 -0.000430624
9.91 -11.7088 -0.000403751
9.92 -10.9239 -0.000376687
9.93 -10.1281 -0.000349246
9.94 -9.28774 -0.000320267
9.95 -8.41121 -0.000290042
9.96 -7.51915 -0.000259281
9.97 -6.63712 -0.000228866
9.98 -5.80446 -0.000200154
9.99 -5.05232 -0.000174218
10 -4.41928 -0.000152389
