0.1 -0.0140466 -3.89907e-006
0.2 -0.0281027 -7.80603e-006
0.3 -0.0421682 -1.1721e-005
0.4 -0.0562432 -1.56439e-005
0.5 -0.0703279 -1.95748e-005
0.6 -0.0844222 -2.35139e-005
0.7 -0.0985262 -2.74612e-005
0.8 -0.11264 -3.14166e-005
0.9 -0.126764 -3.53803e-005
1 -0.140897 -3.93523e-005
0.01 -0.140847 -3.93383e-005
0.02 -0.140709 -3.93e-005
0.03 -0.140567 -3.92607e-005
0.04 -0.140503 -3.92429e-005
0.05 -0.140518 -3.9247e-005
0.06 -0.140596 -3.92687e-005
0.07 -0.140723 -3.9304e-005
0.08 -0.140884 -3.93485e-005
0.09 -0.141061 -3.93983e-005
0.1 -0.141241 -3.94488e-005
0.11 -0.141412 -3.94971e-005
0.12 -0.141571 -3.95417e-005
0.13 -0.141723 -3.95844e-005
0.14 -0.141877 -3.96279e-005
0.15 -0.142042 -3.96741e-005
0.16 -0.142209 -3.97211e-005
0.17 -0.142369 -3.97661e-005
0.18 -0.142512 -3.98065e-005
0.19 -0.142647 -3.98443e-005
0.2 -0.142782 -3.98824e-005
0.21 -0.142929 -3.99237e-005
0.22 -0.143084 -3.99673e-005
0.23 -0.143239 -4.00108e-005
0.24 -0.143381 -4.00509e-005
0.25 -0.143504 -4.00854e-005
0.26 -0.143596 -4.01112e-005
0.27 -0.143648 -4.01259e-005
0.28 -0.143658 -4.01287e-005
0.29 -0.143643 -4.01245e-005
0.3 -0.143639 -4.01234e-005
0.31 -0.143683 -4.01359e-005
0.32 -0.143794 -4.0167e-005
0.33 -0.143969 -4.02163e-005
0.34 -0.1442 -4.02812e-005
0.35 -0.144479 -4.03597e-005
0.36 -0.144808 -4.04523e-005
0.37 -0.145177 -4.05562e-005
0.38 -0.145554 -4.06622e-005
0.39 -0.145895 -4.07582e-005
0.4 -0.146181 -4.08385e-005
0.41 -0.146419 -4.09055e-005
0.42 -0.146626 -4.09637e-005
0.43 -0.146801 -4.1013e-005
0.44 -0.146927 -4.10485e-005
0.45 -0.146993 -4.1067e-005
0.46 -0.147013 -4.10727e-005
0.47 -0.147016 -4.10735e-005
0.48 -0.147016 -4.10735e-005
0.49 -0.147014 -4.1073e-005
0.5 -0.147 -4.10692e-005
0.51 -0.146962 -4.10586e-005
0.52 -0.146885 -4.10373e-005
0.53 -0.146751 -4.10002e-005
0.54 -0.146548 -4.09439e-005
0.55 -0.146294 -4.08733e-005
0.56 -0.146021 -4.07975e-005
0.57 -0.145743 -4.07205e-005
0.58 -0.145458 -4.06413e-005
0.59 -0.145166 -4.05603e-005
0.6 -0.144884 -4.04821e-005
0.61 -0.144641 -4.04147e-005
0.62 -0.144461 -4.03648e-005
0.63 -0.144326 -4.03275e-005
0.64 -0.144187 -4.02888e-005
0.65 -0.14402 -4.02426e-005
0.66 -0.143856 -4.0197e-005
0.67 -0.14373 -4.01621e-005
0.68 -0.143638 -4.01365e-005
0.69 -0.143533 -4.01073e-005
0.7 -0.143377 -4.00643e-005
0.71 -0.143185 -4.00108e-005
0.72 -0.143014 -3.99635e-005
0.73 -0.142924 -3.99384e-005
0.74 -0.142895 -3.99304e-005
0.75 -0.142841 -3.99156e-005
0.76 -0.142704 -3.98774e-005
0.77 -0.142483 -3.98161e-005
0.78 -0.142195 -3.97364e-005
0.79 -0.141837 -3.9637e-005
0.8 -0.141405 -3.95172e-005
0.81 -0.140925 -3.93841e-005
0.82 -0.140457 -3.92543e-005
0.83 -0.140045 -3.914e-005
0.84 -0.139665 -3.90345e-005
0.85 -0.139247 -3.89185e-005
0.86 -0.138725 -3.87737e-005
0.87 -0.138081 -3.85951e-005
0.88 -0.137362 -3.83955e-005
0.89 -0.136644 -3.81964e-005
0.9 -0.135994 -3.80161e-005
0.91 -0.135431 -3.786e-005
0.92 -0.13491 -3.77155e-005
0.93 -0.134353 -3.75609e-005
0.94 -0.133735 -3.73896e-005
0.95 -0.133167 -3.7232e-005
0.96 -0.132817 -3.71348e-005
0.97 -0.132732 -3.71112e-005
0.98 -0.132819 -3.71354e-005
0.99 -0.132963 -3.71754e-005
1 -0.133123 -3.72197e-005
1.01 -0.13337 -3.72882e-005
1.02 -0.133789 -3.74046e-005
1.03 -0.134285 -3.75421e-005
1.04 -0.1346 -3.76295e-005
1.05 -0.134601 -3.76298e-005
1.06 -0.134422 -3.75801e-005
1.07 -0.134289 -3.75431e-005
1.08 -0.13431 -3.7549e-005
1.09 -0.13445 -3.75878e-005
1.1 -0.13462 -3.76349e-005
1.11 -0.134725 -3.76641e-005
1.12 -0.134664 -3.76473e-005
1.13 -0.134404 -3.75751e-005
1.14 -0.134092 -3.74886e-005
1.15 -0.133923 -3.74417e-005
1.16 -0.133904 -3.74364e-005
1.17 -0.13385 -3.74215e-005
1.18 -0.133521 -3.73302e-005
1.19 -0.132835 -3.71398e-005
1.2 -0.131986 -3.69045e-005
1.21 -0.131281 -3.67087e-005
1.22 -0.13092 -3.66087e-005
1.23 -0.130956 -3.66186e-005
1.24 -0.131303 -3.67149e-005
1.25 -0.131792 -3.68506e-005
1.26 -0.132272 -3.69838e-005
1.27 -0.132686 -3.70986e-005
1.28 -0.133041 -3.71969e-005
1.29 -0.133382 -3.72916e-005
1.3 -0.133747 -3.73928e-005
1.31 -0.134095 -3.74895e-005
1.32 -0.134404 -3.75752e-005
1.33 -0.134785 -3.76809e-005
1.34 -0.135326 -3.78309e-005
1.35 -0.135848 -3.79757e-005
1.36 -0.136031 -3.80263e-005
1.37 -0.135783 -3.79576e-005
1.38 -0.135399 -3.78511e-005
1.39 -0.135366 -3.78419e-005
1.4 -0.136026 -3.8025e-005
1.41 -0.137281 -3.83731e-005
1.42 -0.138579 -3.87332e-005
1.43 -0.139357 -3.89491e-005
1.44 -0.139533 -3.89979e-005
1.45 -0.139517 -3.89934e-005
1.46 -0.139764 -3.90618e-005
1.47 -0.140267 -3.92015e-005
1.48 -0.140587 -3.92902e-005
1.49 -0.14044 -3.92496e-005
1.5 -0.140006 -3.9129e-005
1.51 -0.139519 -3.8994e-005
1.52 -0.13889 -3.88195e-005
1.53 -0.137887 -3.85411e-005
1.54 -0.136522 -3.81626e-005
1.55 -0.135086 -3.77642e-005
1.56 -0.133874 -3.74281e-005
1.57 -0.133043 -3.71977e-005
1.58 -0.132705 -3.71037e-005
1.59 -0.132989 -3.71825e-005
1.6 -0.133942 -3.7447e-005
1.61 -0.135263 -3.78132e-005
1.62 -0.136289 -3.80981e-005
1.63 -0.136567 -3.81751e-005
1.64 -0.136218 -3.80783e-005
1.65 -0.135616 -3.79112e-005
1.66 -0.134932 -3.77215e-005
1.67 -0.134101 -3.74911e-005
1.68 -0.133118 -3.72182e-005
1.69 -0.132285 -3.69873e-005
1.7 -0.132002 -3.69089e-005
1.71 -0.13227 -3.69831e-005
1.72 -0.132684 -3.7098e-005
1.73 -0.132935 -3.71676e-005
1.74 -0.133072 -3.72055e-005
1.75 -0.133314 -3.72727e-005
1.76 -0.133823 -3.74141e-005
1.77 -0.134701 -3.76576e-005
1.78 -0.135989 -3.80147e-005
1.79 -0.137494 -3.84322e-005
1.8 -0.13886 -3.88113e-005
1.81 -0.139951 -3.91137e-005
1.82 -0.140823 -3.93555e-005
1.83 -0.141437 -3.95261e-005
1.84 -0.141548 -3.95568e-005
1.85 -0.14088 -3.93714e-005
1.86 -0.139491 -3.89862e-005
1.87 -0.13779 -3.85144e-005
1.88 -0.136084 -3.80411e-005
1.89 -0.134471 -3.75937e-005
1.9 -0.13329 -3.72662e-005
1.91 -0.133143 -3.72254e-005
1.92 -0.134321 -3.75519e-005
1.93 -0.136615 -3.81884e-005
1.94 -0.139603 -3.90172e-005
1.95 -0.142775 -3.98972e-005
1.96 -0.145516 -4.06574e-005
1.97 -0.147224 -4.11322e-005
1.98 -0.147676 -4.12593e-005
1.99 -0.147235 -4.11369e-005
2 -0.146571 -4.09528e-005
2.01 -0.146154 -4.08372e-005
2.02 -0.145955 -4.07819e-005
2.03 -0.145635 -4.06931e-005
2.04 -0.145016 -4.05213e-005
2.05 -0.144135 -4.02771e-005
2.06 -0.143049 -3.99758e-005
2.07 -0.141949 -3.96707e-005
2.08 -0.141257 -3.94786e-005
2.09 -0.141398 -3.95179e-005
2.1 -0.142571 -3.98431e-005
2.11 -0.14468 -4.04284e-005
2.12 -0.147467 -4.12014e-005
2.13 -0.150605 -4.20836e-005
2.14 -0.153792 -4.29808e-005
2.15 -0.156551 -4.3758e-005
2.16 -0.158328 -4.42586e-005
2.17 -0.158857 -4.44076e-005
2.18 -0.158548 -4.43218e-005
2.19 -0.158106 -4.41992e-005
2.2 -0.15769 -4.40838e-005
2.21 -0.156952 -4.38792e-005
2.22 -0.155771 -4.35514e-005
2.23 -0.154569 -4.32182e-005
2.24 -0.154034 -4.30697e-005
2.25 -0.154663 -4.32442e-005
2.26 -0.156588 -4.37781e-005
2.27 -0.159488 -4.45854e-005
2.28 -0.162528 -4.5442e-005
2.29 -0.164853 -4.60973e-005
2.3 -0.166046 -4.64335e-005
2.31 -0.166144 -4.64613e-005
2.32 -0.165277 -4.62209e-005
2.33 -0.16362 -4.57611e-005
2.34 -0.161475 -4.5166e-005
2.35 -0.159215 -4.45393e-005
2.36 -0.157095 -4.39512e-005
2.37 -0.155238 -4.34359e-005
2.38 -0.15366 -4.29984e-005
2.39 -0.152138 -4.25762e-005
2.4 -0.150314 -4.20701e-005
2.41 -0.147982 -4.14232e-005
2.42 -0.145215 -4.06556e-005
2.43 -0.142609 -3.99328e-005
2.44 -0.141329 -3.95777e-005
2.45 -0.14225 -3.98333e-005
2.46 -0.145055 -4.06113e-005
2.47 -0.148495 -4.15656e-005
2.48 -0.151387 -4.23679e-005
2.49 -0.153196 -4.28697e-005
2.5 -0.153963 -4.30822e-005
2.51 -0.153961 -4.30818e-005
2.52 -0.153521 -4.29599e-005
2.53 -0.152942 -4.2799e-005
2.54 -0.152334 -4.26306e-005
2.55 -0.151626 -4.24342e-005
2.56 -0.150743 -4.21891e-005
2.57 -0.149762 -4.19169e-005
2.58 -0.148892 -4.16756e-005
2.59 -0.148257 -4.14995e-005
2.6 -0.147726 -4.13522e-005
2.61 -0.147042 -4.11625e-005
2.62 -0.146047 -4.08866e-005
2.63 -0.144647 -4.04982e-005
2.64 -0.142732 -3.99669e-005
2.65 -0.140335 -3.9302e-005
2.66 -0.137695 -3.85698e-005
2.67 -0.135164 -3.78677e-005
2.68 -0.133037 -3.72776e-005
2.69 -0.13129 -3.67932e-005
2.7 -0.129597 -3.63235e-005
2.71 -0.127518 -3.57466e-005
2.72 -0.124634 -3.49466e-005
2.73 -0.120849 -3.38968e-005
2.74 -0.116846 -3.27863e-005
2.75 -0.113929 -3.19771e-005
2.76 -0.112969 -3.17109e-005
2.77 -0.113888 -3.19659e-005
2.78 -0.116356 -3.26504e-005
2.79 -0.120208 -3.37188e-005
2.8 -0.12497 -3.50398e-005
2.81 -0.129813 -3.63833e-005
2.82 -0.134137 -3.75827e-005
2.83 -0.137845 -3.86115e-005
2.84 -0.141223 -3.95484e-005
2.85 -0.144481 -4.04522e-005
2.86 -0.147543 -4.13015e-005
2.87 -0.150314 -4.20702e-005
2.88 -0.152619 -4.27096e-005
2.89 -0.153954 -4.308e-005
2.9 -0.15383 -4.30454e-005
2.91 -0.152311 -4.26242e-005
2.92 -0.150024 -4.19898e-005
2.93 -0.147663 -4.13349e-005
2.94 -0.145533 -4.0744e-005
2.95 -0.143603 -4.02087e-005
2.96 -0.141874 -3.97289e-005
2.97 -0.140457 -3.93358e-005
2.98 -0.139364 -3.90327e-005
2.99 -0.138397 -3.87646e-005
3 -0.137239 -3.84431e-005
3.01 -0.135644 -3.80009e-005
3.02 -0.133561 -3.74229e-005
3.03 -0.131035 -3.67223e-005
3.04 -0.12825 -3.59498e-005
3.05 -0.125755 -3.52577e-005
3.06 -0.124234 -3.48357e-005
3.07 -0.123722 -3.46937e-005
3.08 -0.123503 -3.46328e-005
3.09 -0.123024 -3.45e-005
3.1 -0.1225 -3.43549e-005
3.11 -0.122602 -3.4383e-005
3.12 -0.123705 -3.4689e-005
3.13 -0.125531 -3.51955e-005
3.14 -0.127748 -3.58106e-005
3.15 -0.13056 -3.65905e-005
3.16 -0.134363 -3.76454e-005
3.17 -0.139285 -3.90108e-005
3.18 -0.14494 -4.05795e-005
3.19 -0.150221 -4.20443e-005
3.2 -0.153684 -4.3005e-005
3.21 -0.154456 -4.3219e-005
3.22 -0.15268 -4.27265e-005
3.23 -0.149245 -4.17737e-005
3.24 -0.145177 -4.06453e-005
3.25 -0.141258 -3.9558e-005
3.26 -0.13804 -3.86654e-005
3.27 -0.135802 -3.80447e-005
3.28 -0.134407 -3.76578e-005
3.29 -0.133448 -3.73915e-005
3.3 -0.132463 -3.71185e-005
3.31 -0.131007 -3.67145e-005
3.32 -0.12871 -3.60773e-005
3.33 -0.125593 -3.52128e-005
3.34 -0.122367 -3.43179e-005
3.35 -0.120057 -3.3677e-005
3.36 -0.119279 -3.34612e-005
3.37 -0.120006 -3.36628e-005
3.38 -0.121676 -3.41262e-005
3.39 -0.123411 -3.46075e-005
3.4 -0.124557 -3.49254e-005
3.41 -0.125159 -3.50923e-005
3.42 -0.125704 -3.52434e-005
3.43 -0.126532 -3.54732e-005
3.44 -0.127653 -3.57841e-005
3.45 -0.128939 -3.61409e-005
3.46 -0.130454 -3.65612e-005
3.47 -0.132539 -3.71394e-005
3.48 -0.13545 -3.7947e-005
3.49 -0.139013 -3.89352e-005
3.5 -0.142766 -3.99763e-005
3.51 -0.146295 -4.09554e-005
3.52 -0.149249 -4.17747e-005
3.53 -0.151351 -4.23578e-005
3.54 -0.152636 -4.27143e-005
3.55 -0.153547 -4.29669e-005
3.56 -0.15471 -4.32896e-005
3.57 -0.15643 -4.37666e-005
3.58 -0.158292 -4.42833e-005
3.59 -0.159274 -4.45556e-005
3.6 -0.158263 -4.42752e-005
3.61 -0.154903 -4.33432e-005
3.62 -0.150079 -4.20048e-005
3.63 -0.145494 -4.07331e-005
3.64 -0.14255 -3.99165e-005
3.65 -0.141498 -3.96245e-005
3.66 -0.141684 -3.96761e-005
3.67 -0.142256 -3.98351e-005
3.68 -0.142559 -3.9919e-005
3.69 -0.14247 -3.98943e-005
3.7 -0.142574 -3.99232e-005
3.71 -0.143676 -4.02288e-005
3.72 -0.146132 -4.09101e-005
3.73 -0.149609 -4.18745e-005
3.74 -0.153237 -4.28808e-005
3.75 -0.156145 -4.36877e-005
3.76 -0.158012 -4.42055e-005
3.77 -0.158923 -4.44583e-005
3.78 -0.159039 -4.44904e-005
3.79 -0.158684 -4.4392e-005
3.8 -0.158373 -4.43058e-005
3.81 -0.158446 -4.4326e-005
3.82 -0.158749 -4.44099e-005
3.83 -0.158708 -4.43985e-005
3.84 -0.158078 -4.42239e-005
3.85 -0.157668 -4.411e-005
3.86 -0.158511 -4.4344e-005
3.87 -0.160593 -4.49215e-005
3.88 -0.16306 -4.56058e-005
3.89 -0.165207 -4.62015e-005
3.9 -0.166921 -4.66804e-005
3.91 -0.168413 -4.7101e-005
3.92 -0.16965 -4.74499e-005
3.93 -0.170124 -4.75836e-005
3.94 -0.169199 -4.73271e-005
3.95 -0.166561 -4.65952e-005
3.96 -0.162404 -4.5442e-005
3.97 -0.15744 -4.40652e-005
3.98 -0.152569 -4.2714e-005
3.99 -0.148356 -4.15454e-005
4 -0.145073 -4.06346e-005
4.01 -0.142966 -4.00501e-005
4.02 -0.14219 -3.98349e-005
4.03 -0.142789 -4.00011e-005
4.04 -0.144741 -4.05425e-005
4.05 -0.147741 -4.13746e-005
4.06 -0.150942 -4.22625e-005
4.07 -0.153159 -4.28775e-005
4.08 -0.153514 -4.2976e-005
4.09 -0.151679 -4.24671e-005
4.1 -0.1477 -4.13634e-005
4.11 -0.142054 -3.97971e-005
4.12 -0.135599 -3.80067e-005
4.13 -0.129138 -3.62145e-005
4.14 -0.123276 -3.45882e-005
4.15 -0.118643 -3.33032e-005
4.16 -0.115794 -3.25128e-005
4.17 -0.114945 -3.22774e-005
4.18 -0.115801 -3.25147e-005
4.19 -0.117462 -3.29755e-005
4.2 -0.118874 -3.33673e-005
4.21 -0.119522 -3.35469e-005
4.22 -0.119573 -3.35612e-005
4.23 -0.119543 -3.35527e-005
4.24 -0.119834 -3.36335e-005
4.25 -0.120226 -3.37421e-005
4.26 -0.119971 -3.36714e-005
4.27 -0.118574 -3.32839e-005
4.28 -0.116041 -3.25813e-005
4.29 -0.112609 -3.16292e-005
4.3 -0.108941 -3.06118e-005
4.31 -0.106243 -2.98634e-005
4.32 -0.105573 -2.96777e-005
4.33 -0.107133 -3.01103e-005
4.34 -0.110171 -3.0953e-005
4.35 -0.113326 -3.18282e-005
4.36 -0.115382 -3.23985e-005
4.37 -0.116016 -3.25743e-005
4.38 -0.115676 -3.24802e-005
4.39 -0.114898 -3.22642e-005
4.4 -0.113874 -3.19803e-005
4.41 -0.112455 -3.15867e-005
4.42 -0.110463 -3.10342e-005
4.43 -0.1079 -3.03232e-005
4.44 -0.104732 -2.94443e-005
4.45 -0.100901 -2.83817e-005
4.46 -0.0969052 -2.72732e-005
4.47 -0.0939263 -2.64469e-005
4.48 -0.0929243 -2.6169e-005
4.49 -0.0937737 -2.64046e-005
4.5 -0.0955047 -2.68847e-005
4.51 -0.0970721 -2.73195e-005
4.52 -0.0978496 -2.75352e-005
4.53 -0.0977991 -2.75212e-005
4.54 -0.0972429 -2.73669e-005
4.55 -0.0965695 -2.71801e-005
4.56 -0.0964183 -2.71382e-005
4.57 -0.0976032 -2.74668e-005
4.58 -0.100391 -2.82402e-005
4.59 -0.104164 -2.92868e-005
4.6 -0.107956 -3.03387e-005
4.61 -0.111243 -3.12504e-005
4.62 -0.114159 -3.20594e-005
4.63 -0.116961 -3.28365e-005
4.64 -0.119482 -3.35359e-005
4.65 -0.121362 -3.40573e-005
4.66 -0.122702 -3.4429e-005
4.67 -0.124047 -3.48021e-005
4.68 -0.125696 -3.52596e-005
4.69 -0.127409 -3.57348e-005
4.7 -0.128686 -3.60889e-005
4.71 -0.129099 -3.62034e-005
4.72 -0.128695 -3.60916e-005
4.73 -0.128225 -3.5961e-005
4.74 -0.128491 -3.60349e-005
4.75 -0.129546 -3.63275e-005
4.76 -0.130731 -3.66563e-005
4.77 -0.131165 -3.67766e-005
4.78 -0.130385 -3.65602e-005
4.79 -0.128859 -3.61369e-005
4.8 -0.127507 -3.5762e-005
4.81 -0.126936 -3.56037e-005
4.82 -0.127448 -3.57456e-005
4.83 -0.128886 -3.61443e-005
4.84 -0.130093 -3.64792e-005
4.85 -0.129801 -3.63982e-005
4.86 -0.128637 -3.60755e-005
4.87 -0.129123 -3.62101e-005
4.88 -0.133233 -3.73502e-005
4.89 -0.140578 -3.93878e-005
4.9 -0.148989 -4.17209e-005
4.91 -0.156585 -4.38279e-005
4.92 -0.163095 -4.56339e-005
4.93 -0.169294 -4.73533e-005
4.94 -0.175726 -4.9164e-005
4.95 -0.182511 -5.10795e-005
4.96 -0.188995 -5.29111e-005
4.97 -0.193811 -5.42723e-005
4.98 -0.195845 -5.48475e-005
4.99 -0.195499 -5.47514e-005
5 -0.194511 -5.44773e-005
5.01 -0.194325 -5.44258e-005
5.02 -0.194969 -5.46045e-005
5.03 -0.195531 -5.47602e-005
5.04 -0.195221 -5.46743e-005
5.05 -0.194109 -5.43659e-005
5.06 -0.193168 -5.41048e-005
5.07 -0.193418 -5.41742e-005
5.08 -0.194818 -5.45626e-005
5.09 -0.196318 -5.49812e-005
5.1 -0.197 -5.5174e-005
5.11 -0.196487 -5.50317e-005
5.12 -0.194604 -5.45092e-005
5.13 -0.191716 -5.37081e-005
5.14 -0.188984 -5.29503e-005
5.15 -0.187513 -5.25423e-005
5.16 -0.187626 -5.25738e-005
5.17 -0.189416 -5.30702e-005
5.18 -0.193225 -5.41268e-005
5.19 -0.199175 -5.57892e-005
5.2 -0.206512 -5.78652e-005
5.21 -0.213674 -5.98933e-005
5.22 -0.218794 -6.13442e-005
5.23 -0.220495 -6.18261e-005
5.24 -0.218343 -6.12293e-005
5.25 -0.213173 -5.97951e-005
5.26 -0.206434 -5.79258e-005
5.27 -0.199097 -5.58906e-005
5.28 -0.191544 -5.37953e-005
5.29 -0.184151 -5.17448e-005
5.3 -0.177249 -4.983e-005
5.31 -0.170711 -4.80164e-005
5.32 -0.164108 -4.6185e-005
5.33 -0.15697 -4.42047e-005
5.34 -0.148861 -4.19555e-005
5.35 -0.139403 -3.9332e-005
5.36 -0.128378 -3.62735e-005
5.37 -0.116587 -3.30029e-005
5.38 -0.106269 -3.01408e-005
5.39 -0.0991752 -2.8173e-005
5.4 -0.094503 -2.6877e-005
5.41 -0.0898236 -2.55789e-005
5.42 -0.0836518 -2.38669e-005
5.43 -0.0768654 -2.19844e-005
5.44 -0.071709 -2.05541e-005
5.45 -0.069373 -1.99061e-005
5.46 -0.0691691 -1.98495e-005
5.47 -0.0699362 -2.00623e-005
5.48 -0.0710666 -2.03759e-005
5.49 -0.072276 -2.07113e-005
5.5 -0.073517 -2.10556e-005
5.51 -0.075102 -2.14953e-005
5.52 -0.0770246 -2.20286e-005
5.53 -0.0785104 -2.24407e-005
5.54 -0.0787631 -2.25108e-005
5.55 -0.0778022 -2.22443e-005
5.56 -0.0766015 -2.19112e-005
5.57 -0.0763965 -2.18543e-005
5.58 -0.0775097 -2.21631e-005
5.59 -0.0790947 -2.26028e-005
5.6 -0.0803041 -2.29383e-005
5.61 -0.0812169 -2.31915e-005
5.62 -0.082197 -2.34634e-005
5.63 -0.0827425 -2.36147e-005
5.64 -0.0817234 -2.3332e-005
5.65 -0.0787917 -2.25188e-005
5.66 -0.0750226 -2.14732e-005
5.67 -0.0720354 -2.06446e-005
5.68 -0.0706018 -2.02469e-005
5.69 -0.0702565 -2.01512e-005
5.7 -0.0701668 -2.01263e-005
5.71 -0.0700701 -2.00994e-005
5.72 -0.0702734 -2.01558e-005
5.73 -0.0708628 -2.03193e-005
5.74 -0.0712864 -2.04368e-005
5.75 -0.0709289 -2.03377e-005
5.76 -0.0700294 -2.00882e-005
5.77 -0.0697817 -2.00195e-005
5.78 -0.0716408 -2.05351e-005
5.79 -0.076944 -2.20062e-005
5.8 -0.0867736 -2.47329e-005
5.81 -0.101318 -2.87673e-005
5.82 -0.118908 -3.36467e-005
5.83 -0.136199 -3.84432e-005
5.84 -0.15015 -4.2313e-005
5.85 -0.159728 -4.49698e-005
5.86 -0.165635 -4.66084e-005
5.87 -0.169316 -4.76294e-005
5.88 -0.172453 -4.84997e-005
5.89 -0.176243 -4.95511e-005
5.9 -0.180628 -5.07675e-005
5.91 -0.184728 -5.19048e-005
5.92 -0.187557 -5.26894e-005
5.93 -0.187983 -5.28077e-005
5.94 -0.184884 -5.1948e-005
5.95 -0.178012 -5.00417e-005
5.96 -0.16877 -4.7478e-005
5.97 -0.159529 -4.49148e-005
5.98 -0.152068 -4.28451e-005
5.99 -0.147146 -4.14797e-005
6 -0.145413 -4.09991e-005
6.01 -0.147853 -4.16758e-005
6.02 -0.154671 -4.35671e-005
6.03 -0.164269 -4.62297e-005
6.04 -0.173994 -4.89273e-005
6.05 -0.181956 -5.11358e-005
6.06 -0.187836 -5.2767e-005
6.07 -0.192495 -5.40592e-005
6.08 -0.197028 -5.53166e-005
6.09 -0.20254 -5.68458e-005
6.1 -0.210058 -5.89309e-005
6.11 -0.219463 -6.15401e-005
6.12 -0.228716 -6.41576e-005
6.13 -0.235246 -6.60109e-005
6.14 -0.236314 -6.6314e-005
6.15 -0.229378 -6.439e-005
6.16 -0.213263 -5.99197e-005
6.17 -0.189006 -5.3191e-005
6.18 -0.159345 -4.49633e-005
6.19 -0.127394 -3.61004e-005
6.2 -0.0954138 -2.72293e-005
6.21 -0.0639542 -1.85026e-005
6.22 -0.0320372 -9.64907e-006
6.23 0.00146095 -3.48798e-007
6.24 0.0364597 9.35959e-006
6.25 0.0709964 1.89398e-005
6.26 0.101861 2.75014e-005
6.27 0.125464 3.40488e-005
6.28 0.139397 3.79137e-005
6.29 0.144215 3.92501e-005
6.3 0.143541 3.90632e-005
6.31 0.140754 3.82902e-005
6.32 0.135051 3.6708e-005
6.33 0.121018 3.28155e-005
6.34 0.0920421 2.47778e-005
6.35 0.0448349 1.16828e-005
6.36 -0.0178896 -5.71711e-006
6.37 -0.0879424 -2.51516e-005
6.38 -0.15511 -4.37859e-005
6.39 -0.212565 -5.97255e-005
6.4 -0.259406 -7.28779e-005
6.41 -0.298427 -8.40046e-005
6.42 -0.330781 -9.32639e-005
6.43 -0.353963 -9.9917e-005
6.44 -0.36406 -0.00010282
6.45 -0.357447 -0.000100985
6.46 -0.332293 -9.40081e-005
6.47 -0.29017 -8.23233e-005
6.48 -0.235697 -6.72128e-005
6.49 -0.174729 -5.03009e-005
6.5 -0.112119 -3.29332e-005
6.51 -0.0513369 -1.60728e-005
6.52 0.00457556 -5.33187e-007
6.53 0.0531082 1.29294e-005
6.54 0.0918246 2.36691e-005
6.55 0.119981 3.14795e-005
6.56 0.138944 3.67395e-005
6.57 0.151034 4.00934e-005
6.58 0.158068 4.20445e-005
6.59 0.160657 4.27627e-005
6.6 0.15778 4.19646e-005
6.61 0.146982 3.89692e-005
6.62 0.125266 3.29456e-005
6.63 0.0898028 2.31082e-005
6.64 0.0387447 8.94508e-006
6.65 -0.0277551 -9.50374e-006
6.66 -0.107464 -3.16211e-005
6.67 -0.196385 -5.62943e-005
6.68 -0.288777 -8.19308e-005
6.69 -0.377292 -0.000106629
6.7 -0.452735 -0.000128445
6.71 -0.512097 -0.000145733
6.72 -0.552375 -0.000157526
6.73 -0.574474 -0.000164017
6.74 -0.580756 -0.000165866
6.75 -0.57388 -0.000163958
6.76 -0.55599 -0.000158996
6.77 -0.52741 -0.000151068
6.78 -0.487506 -0.000139999
6.79 -0.437436 -0.00012611
6.8 -0.381313 -0.000110542
6.81 -0.324811 -9.48685e-005
6.82 -0.272805 -8.04425e-005
6.83 -0.228721 -6.82137e-005
6.84 -0.194973 -5.88523e-005
6.85 -0.172695 -5.26726e-005
6.86 -0.160594 -4.93158e-005
6.87 -0.154684 -4.76764e-005
6.88 -0.150854 -4.66141e-005
6.89 -0.147143 -4.55846e-005
6.9 -0.143848 -4.46705e-005
6.91 -0.14226 -4.42302e-005
6.92 -0.144277 -4.47897e-005
6.93 -0.153338 -4.73032e-005
6.94 -0.173993 -5.30327e-005
6.95 -0.208978 -6.27372e-005
6.96 -0.256777 -7.59962e-005
6.97 -0.312458 -9.14419e-005
6.98 -0.370737 -0.000107608
6.99 -0.428076 -0.000123513
7 -0.482011 -0.000138474
7.01 -0.528689 -0.000151423
7.02 -0.564317 -0.000161306
7.03 -0.586788 -0.000167642
7.04 -0.596935 -0.000170632
7.05 -0.597507 -0.0001708
7.06 -0.588792 -0.000168383
7.07 -0.568766 -0.000162828
7.08 -0.534024 -0.00015319
7.09 -0.482822 -0.000138987
7.1 -0.416714 -0.00012065
7.11 -0.340487 -9.95046e-005
7.12 -0.260533 -7.7326e-005
7.13 -0.182981 -5.58138e-005
7.14 -0.112514 -3.62668e-005
7.15 -0.0517571 -1.94132e-005
7.16 -0.00195393 -5.59813e-006
7.17 0.0368703 5.30538e-006
7.18 0.0676393 1.38405e-005
7.19 0.0919746 2.05909e-005
7.2 0.111185 2.59196e-005
7.21 0.125542 2.99023e-005
7.22 0.135165 3.25717e-005
7.23 0.140387 3.40203e-005
7.24 0.140999 3.419e-005
7.25 0.13555 3.26783e-005
7.26 0.122072 2.89396e-005
7.27 0.0994263 2.2658e-005
7.28 0.0679159 1.39172e-005
7.29 0.0289682 3.1134e-006
7.3 -0.0145157 -8.95197e-006
7.31 -0.0573132 -2.08333e-005
7.32 -0.0932408 -3.08074e-005
7.33 -0.118907 -3.79327e-005
7.34 -0.135885 -4.26463e-005
7.35 -0.148398 -4.61199e-005
7.36 -0.158896 -4.90344e-005
7.37 -0.16619 -5.10593e-005
7.38 -0.167384 -5.13908e-005
7.39 -0.160904 -4.95933e-005
7.4 -0.147241 -4.58033e-005
7.41 -0.127437 -4.03098e-005
7.42 -0.101551 -3.31291e-005
7.43 -0.0697676 -2.43127e-005
7.44 -0.0349151 -1.46449e-005
7.45 -0.00269335 -5.70681e-006
7.46 0.0213833 1.0094e-006
7.47 0.0360305 5.07243e-006
7.48 0.0440815 7.30573e-006
7.49 0.0500242 8.95417e-006
7.5 0.0556237 1.05074e-005
7.51 0.0589691 1.14354e-005
7.52 0.0577585 1.10996e-005
7.53 0.0519794 9.49653e-006
7.54 0.0433429 7.10084e-006
7.55 0.0324288 4.07334e-006
7.56 0.016745 -2.77224e-007
7.57 -0.00784457 -7.09996e-006
7.58 -0.0423434 -1.66774e-005
7.59 -0.0817576 -2.76195e-005
7.6 -0.118141 -3.77201e-005
7.61 -0.14751 -4.58734e-005
7.62 -0.170459 -5.22445e-005
7.63 -0.19024 -5.77361e-005
7.64 -0.208818 -6.28937e-005
7.65 -0.225492 -6.75227e-005
7.66 -0.237991 -7.09926e-005
7.67 -0.244888 -7.29073e-005
7.68 -0.247355 -7.35922e-005
7.69 -0.248981 -7.40435e-005
7.7 -0.252345 -7.49775e-005
7.71 -0.256308 -7.60775e-005
7.72 -0.257104 -7.62987e-005
7.73 -0.252124 -7.49171e-005
7.74 -0.24181 -7.20562e-005
7.75 -0.228387 -6.83328e-005
7.76 -0.21399 -6.43392e-005
7.77 -0.200515 -6.06013e-005
7.78 -0.190937 -5.79444e-005
7.79 -0.189502 -5.75464e-005
7.8 -0.199234 -6.02458e-005
7.81 -0.219364 -6.58299e-005
7.82 -0.245056 -7.29566e-005
7.83 -0.269058 -7.96172e-005
7.84 -0.285171 -8.40904e-005
7.85 -0.291197 -8.57634e-005
7.86 -0.289007 -8.51558e-005
7.87 -0.280689 -8.28485e-005
7.88 -0.269322 -7.96955e-005
7.89 -0.257028 -7.62852e-005
7.9 -0.244133 -7.27082e-005
7.91 -0.229311 -6.85968e-005
7.92 -0.210208 -6.32976e-005
7.93 -0.184742 -5.62336e-005
7.94 -0.152262 -4.7224e-005
7.95 -0.114732 -3.68132e-005
7.96 -0.0769405 -2.63302e-005
7.97 -0.0443768 -1.72973e-005
7.98 -0.0212987 -1.08956e-005
7.99 -0.00859753 -7.37235e-006
8 -0.00352992 -5.96663e-006
8.01 -0.00206689 -5.5608e-006
8.02 -0.00176194 -5.4762e-006
8.03 -0.00228696 -5.62184e-006
8.04 -0.00449225 -6.23357e-006
8.05 -0.00715468 -6.97211e-006
8.06 -0.00935447 -7.58232e-006
8.07 -0.0130718 -8.61348e-006
8.08 -0.0230833 -1.13906e-005
8.09 -0.042698 -1.68316e-005
8.1 -0.0717072 -2.48785e-005
8.11 -0.107432 -3.47882e-005
8.12 -0.146905 -4.57377e-005
8.13 -0.186932 -5.68409e-005
8.14 -0.223182 -6.68966e-005
8.15 -0.250172 -7.43835e-005
8.16 -0.262404 -7.77764e-005
8.17 -0.256617 -7.61711e-005
8.18 -0.233196 -6.96744e-005
8.19 -0.195786 -5.92972e-005
8.2 -0.149678 -4.65069e-005
8.21 -0.100025 -3.27337e-005
8.22 -0.05077 -1.90707e-005
8.23 -0.00442512 -6.21495e-006
8.24 0.038034 5.62819e-006
8.25 0.077493 1.65738e-005
8.26 0.114661 2.68838e-005
8.27 0.149584 3.65713e-005
8.28 0.180705 4.5204e-005
8.29 0.20597 5.22123e-005
8.3 0.225575 5.76508e-005
8.31 0.240401 6.17635e-005
8.32 0.250024 6.44326e-005
8.33 0.253275 6.53346e-005
8.34 0.249382 6.42546e-005
8.35 0.236271 6.06178e-005
8.36 0.211701 5.38022e-005
8.37 0.174076 4.33654e-005
8.38 0.123388 2.93046e-005
8.39 0.0614094 1.21124e-005
8.4 -0.00786626 -7.10598e-006
8.41 -0.0805874 -2.72946e-005
8.42 -0.154096 -4.77019e-005
8.43 -0.225602 -6.75532e-005
8.44 -0.291987 -8.59826e-005
8.45 -0.349734 -0.000102014
8.46 -0.395054 -0.000114596
8.47 -0.424783 -0.000122849
8.48 -0.437204 -0.000126297
8.49 -0.432651 -0.000125035
8.5 -0.413938 -0.000119844
8.51 -0.384533 -0.000111687
8.52 -0.346537 -0.000101147
8.53 -0.300715 -8.84364e-005
8.54 -0.248096 -7.38401e-005
8.55 -0.191009 -5.80048e-005
8.56 -0.133204 -4.197e-005
8.57 -0.0786988 -2.68507e-005
8.58 -0.0303798 -1.34473e-005
8.59 0.0105412 -1.99813e-006
8.6 0.0441791 7.3328e-006
8.61 0.0686368 1.41172e-005
8.62 0.0812591 1.76185e-005
8.63 0.08 1.72692e-005
8.64 0.0647824 1.3048e-005
8.65 0.0368544 5.30098e-006
8.66 -0.00323526 -5.82033e-006
8.67 -0.0564599 -2.05964e-005
8.68 -0.12182 -3.87416e-005
8.69 -0.19704 -5.96238e-005
8.7 -0.279406 -8.249e-005
8.71 -0.366632 -0.000106705
8.72 -0.45709 -0.000131818
8.73 -0.547346 -0.000156875
8.74 -0.6305 -0.000180546
8.75 -0.700992 -0.000201486
8.76 -0.760521 -0.000219298
8.77 -0.809077 -0.000233915
8.78 -0.846572 -0.000245258
8.79 -0.871834 -0.000252928
8.8 -0.884213 -0.000256694
8.81 -0.881863 -0.000256043
8.82 -0.861694 -0.000250448
8.83 -0.823708 -0.000239911
8.84 -0.769761 -0.000224946
8.85 -0.704215 -0.000206764
8.86 -0.632192 -0.000186786
8.87 -0.559261 -0.000166555
8.88 -0.488569 -0.000146946
8.89 -0.419457 -0.000127775
8.9 -0.350931 -0.000108766
8.91 -0.283411 -9.00363e-005
8.92 -0.219494 -7.23063e-005
8.93 -0.162278 -5.64349e-005
8.94 -0.114464 -4.31716e-005
8.95 -0.0775246 -3.2925e-005
8.96 -0.0526536 -2.60259e-005
8.97 -0.0397817 -2.24554e-005
8.98 -0.0395576 -2.23932e-005
8.99 -0.0528866 -2.60906e-005
9 -0.0805468 -3.37633e-005
9.01 -0.121832 -4.52154e-005
9.02 -0.173696 -5.96023e-005
9.03 -0.231742 -7.57038e-005
9.04 -0.291891 -9.23888e-005
9.05 -0.350675 -0.000108695
9.06 -0.405796 -0.000123985
9.07 -0.455552 -0.000137787
9.08 -0.496217 -0.000149067
9.09 -0.525173 -0.000157099
9.1 -0.538065 -0.000160676
9.11 -0.532999 -0.00015927
9.12 -0.509351 -0.000152711
9.13 -0.467158 -0.000141007
9.14 -0.409438 -0.000124995
9.15 -0.337561 -0.000105057
9.16 -0.254139 -8.19166e-005
9.17 -0.163399 -5.67458e-005
9.18 -0.0727724 -3.16068e-005
9.19 0.0104967 -8.06638e-006
9.2 0.0876623 1.33388e-005
9.21 0.159938 3.33874e-005
9.22 0.231873 5.33419e-005
9.23 0.304763 7.35611e-005
9.24 0.3767 9.35158e-005
9.25 0.443926 0.000112164
9.26 0.501913 0.000128249
9.27 0.546964 0.000140746
9.28 0.578267 0.000149429
9.29 0.597984 0.000154898
9.3 0.607945 0.000157661
9.31 0.608659 0.00015786
9.32 0.599642 0.000155358
9.33 0.580242 0.000149977
9.34 0.549772 0.000141525
9.35 0.507967 0.000129928
9.36 0.45569 0.000115427
9.37 0.395057 9.86077e-005
9.38 0.328519 8.01507e-005
9.39 0.258553 6.07425e-005
9.4 0.18774 4.10995e-005
9.41 0.119547 2.21833e-005
9.42 0.0579152 5.08715e-006
9.43 0.00564648 -9.41181e-006
9.44 -0.0355766 -2.08646e-005
9.45 -0.0648524 -2.90001e-005
9.46 -0.0808714 -3.34517e-005
9.47 -0.0819895 -3.37624e-005
9.48 -0.0675579 -2.97592e-005
9.49 -0.0384203 -2.16766e-005
9.5 0.00066929 -1.07924e-005
9.51 0.0432332 1.01447e-006
9.52 0.0818354 1.17224e-005
9.53 0.112086 2.01139e-005
9.54 0.133659 2.6098e-005
9.55 0.14847 3.02065e-005
9.56 0.158093 3.28757e-005
9.57 0.162477 3.40918e-005
9.58 0.159763 3.33391e-005
9.59 0.148554 3.02298e-005
9.6 0.129256 2.48767e-005
9.61 0.102719 1.75153e-005
9.62 0.0684855 8.01928e-006
9.63 0.0249367 -4.06085e-006
9.64 -0.0287804 -1.8976e-005
9.65 -0.0912078 -3.63241e-005
9.66 -0.159854 -5.54003e-005
9.67 -0.232276 -7.55261e-005
9.68 -0.309284 -9.69258e-005
9.69 -0.393902 -0.000120441
9.7 -0.484271 -0.000145554
9.71 -0.577125 -0.000171357
9.72 -0.66835 -0.000196708
9.73 -0.754752 -0.000220718
9.74 -0.833404 -0.000242575
9.75 -0.898804 -0.000261141
9.76 -0.946602 -0.00027576
9.77 -0.981104 -0.000286364
9.78 -1.00412 -0.000293463
9.79 -1.01607 -0.000297154
9.8 -1.01596 -0.000297123
9.81 -1.00113 -0.000293009
9.82 -0.970778 -0.000284591
9.83 -0.925714 -0.00027209
9.84 -0.869322 -0.000256448
9.85 -0.806867 -0.000239123
9.86 -0.743161 -0.000221452
9.87 -0.68083 -0.000204161
9.88 -0.620263 -0.000187361
9.89 -0.561421 -0.000171038
9.9 -0.50534 -0.000155482
9.91 -0.453545 -0.000141114
9.92 -0.406487 -0.000128061
9.93 -0.36275 -0.000115928
9.94 -0.320363 -0.00010417
9.95 -0.279142 -9.27359e-005
9.96 -0.240615 -8.20489e-005
9.97 -0.206871 -7.26884e-005
9.98 -0.179637 -6.51339e-005
9.99 -0.160557 -5.98414e-005
10 -0.150662 -5.70967e-005
