0.1 -5.77991e-006 3.33417e-007 -6.46125e-008 -4.0365e-011 -4.0365e-011
0.2 -1.15676e-005 6.67306e-007 -1.29413e-007 -8.07375e-011 -8.07375e-011
0.3 -1.73631e-005 1.00167e-006 -1.94402e-007 -1.21118e-010 -1.21118e-010
0.4 -2.31664e-005 1.33651e-006 -2.59583e-007 -1.61505e-010 -1.61505e-010
0.5 -2.89776e-005 1.67182e-006 -3.24955e-007 -2.019e-010 -2.019e-010
0.6 -3.47968e-005 2.00762e-006 -3.90522e-007 -2.42302e-010 -2.42302e-010
0.7 -4.06239e-005 2.34391e-006 -4.56283e-007 -2.82712e-010 -2.82712e-010
0.8 -4.6459e-005 2.68068e-006 -5.22242e-007 -3.23129e-010 -3.23129e-010
0.9 -5.23021e-005 3.01794e-006 -5.88399e-007 -3.63553e-010 -3.63553e-010
1 -5.81533e-005 3.35569e-006 -6.54755e-007 -4.03984e-010 -4.03984e-010
0.01 -5.81523e-005 3.35104e-006 -6.56331e-007 -4.05024e-010 -4.05024e-010
0.02 -5.81495e-005 3.33811e-006 -6.60562e-007 -4.10331e-010 -4.10331e-010
0.03 -5.81458e-005 3.32397e-006 -6.65077e-007 -4.22147e-010 -4.22147e-010
0.04 -5.81415e-005 3.31502e-006 -6.68409e-007 -4.37622e-010 -4.37622e-010
0.05 -5.81367e-005 3.31116e-006 -6.71403e-007 -4.51883e-010 -4.51883e-010
0.06 -5.81309e-005 3.31153e-006 -6.74511e-007 -4.63726e-010 -4.63726e-010
0.07 -5.81243e-005 3.31538e-006 -6.77688e-007 -4.75154e-010 -4.75154e-010
0.08 -5.81171e-005 3.32221e-006 -6.80439e-007 -4.8707e-010 -4.8707e-010
0.09 -5.81098e-005 3.33159e-006 -6.82286e-007 -4.97753e-010 -4.97753e-010
0.1 -5.81028e-005 3.34289e-006 -6.82936e-007 -5.04907e-010 -5.04907e-010
0.11 -5.80967e-005 3.3553e-006 -6.82492e-007 -5.07774e-010 -5.07774e-010
0.12 -5.80913e-005 3.36807e-006 -6.81282e-007 -5.07378e-010 -5.07378e-010
0.13 -5.80864e-005 3.38077e-006 -6.79881e-007 -5.0589e-010 -5.0589e-010
0.14 -5.8081e-005 3.39324e-006 -6.78877e-007 -5.06228e-010 -5.06228e-010
0.15 -5.80742e-005 3.40534e-006 -6.78691e-007 -5.11493e-010 -5.11493e-010
0.16 -5.80648e-005 3.41667e-006 -6.79359e-007 -5.237e-010 -5.237e-010
0.17 -5.8053e-005 3.42702e-006 -6.80547e-007 -5.42429e-010 -5.42429e-010
0.18 -5.80386e-005 3.43625e-006 -6.81977e-007 -5.64724e-010 -5.64724e-010
0.19 -5.80218e-005 3.44477e-006 -6.83505e-007 -5.86538e-010 -5.86538e-010
0.2 -5.80031e-005 3.45319e-006 -6.85106e-007 -6.0468e-010 -6.0468e-010
0.21 -5.79826e-005 3.46174e-006 -6.86814e-007 -6.17878e-010 -6.17878e-010
0.22 -5.79607e-005 3.47019e-006 -6.8839e-007 -6.26264e-010 -6.26264e-010
0.23 -5.7938e-005 3.47806e-006 -6.89562e-007 -6.30069e-010 -6.30069e-010
0.24 -5.7915e-005 3.48484e-006 -6.90287e-007 -6.29125e-010 -6.29125e-010
0.25 -5.78927e-005 3.49063e-006 -6.9088e-007 -6.23767e-010 -6.23767e-010
0.26 -5.78717e-005 3.49588e-006 -6.91619e-007 -6.1591e-010 -6.1591e-010
0.27 -5.78532e-005 3.50203e-006 -6.92337e-007 -6.08517e-010 -6.08517e-010
0.28 -5.78381e-005 3.51087e-006 -6.92436e-007 -6.03562e-010 -6.03562e-010
0.29 -5.78277e-005 3.52415e-006 -6.91751e-007 -6.00697e-010 -6.00697e-010
0.3 -5.78211e-005 3.54248e-006 -6.90804e-007 -5.98164e-010 -5.98164e-010
0.31 -5.78176e-005 3.56557e-006 -6.89995e-007 -5.94361e-010 -5.94361e-010
0.32 -5.78166e-005 3.59213e-006 -6.8909e-007 -5.87957e-010 -5.87957e-010
0.33 -5.78173e-005 3.62015e-006 -6.87755e-007 -5.77312e-010 -5.77312e-010
0.34 -5.78192e-005 3.64768e-006 -6.85816e-007 -5.60988e-010 -5.60988e-010
0.35 -5.78215e-005 3.67381e-006 -6.83278e-007 -5.38927e-010 -5.38927e-010
0.36 -5.78236e-005 3.69841e-006 -6.80426e-007 -5.12727e-010 -5.12727e-010
0.37 -5.7825e-005 3.72129e-006 -6.77522e-007 -4.84768e-010 -4.84768e-010
0.38 -5.78256e-005 3.74158e-006 -6.7435e-007 -4.56892e-010 -4.56892e-010
0.39 -5.7826e-005 3.75813e-006 -6.70532e-007 -4.29587e-010 -4.29587e-010
0.4 -5.78264e-005 3.77045e-006 -6.66318e-007 -4.02579e-010 -4.02579e-010
0.41 -5.78269e-005 3.77914e-006 -6.62511e-007 -3.76314e-010 -3.76314e-010
0.42 -5.78273e-005 3.78523e-006 -6.59768e-007 -3.52373e-010 -3.52373e-010
0.43 -5.7828e-005 3.7893e-006 -6.581e-007 -3.32071e-010 -3.32071e-010
0.44 -5.78294e-005 3.79126e-006 -6.56754e-007 -3.14962e-010 -3.14962e-010
0.45 -5.78324e-005 3.79095e-006 -6.54955e-007 -2.99087e-010 -2.99087e-010
0.46 -5.78374e-005 3.78884e-006 -6.52468e-007 -2.82802e-010 -2.82802e-010
0.47 -5.78447e-005 3.78572e-006 -6.49104e-007 -2.65858e-010 -2.65858e-010
0.48 -5.78547e-005 3.78179e-006 -6.44798e-007 -2.48495e-010 -2.48495e-010
0.49 -5.78674e-005 3.77659e-006 -6.39715e-007 -2.30291e-010 -2.30291e-010
0.5 -5.78832e-005 3.76997e-006 -6.33679e-007 -2.10039e-010 -2.10039e-010
0.51 -5.79028e-005 3.76256e-006 -6.26102e-007 -1.85958e-010 -1.85958e-010
0.52 -5.79268e-005 3.75481e-006 -6.16907e-007 -1.5617e-010 -1.5617e-010
0.53 -5.79558e-005 3.74683e-006 -6.06115e-007 -1.19616e-010 -1.19616e-010
0.54 -5.79911e-005 3.73938e-006 -5.93274e-007 -7.62071e-011 -7.62071e-011
0.55 -5.80336e-005 3.73424e-006 -5.78168e-007 -2.62337e-011 -2.62337e-011
0.56 -5.80827e-005 3.73217e-006 -5.62047e-007 2.89432e-011 2.89432e-011
0.57 -5.8136e-005 3.73078e-006 -5.4764e-007 8.49404e-011 8.49404e-011
0.58 -5.81901e-005 3.7264e-006 -5.3746e-007 1.34384e-010 1.34384e-010
0.59 -5.82426e-005 3.71766e-006 -5.31836e-007 1.70985e-010 1.70985e-010
0.6 -5.82923e-005 3.70614e-006 -5.29016e-007 1.94574e-010 1.94574e-010
0.61 -5.83385e-005 3.6941e-006 -5.27687e-007 2.11064e-010 2.11064e-010
0.62 -5.83803e-005 3.68205e-006 -5.28006e-007 2.26576e-010 2.26576e-010
0.63 -5.84177e-005 3.6694e-006 -5.28836e-007 2.43656e-010 2.43656e-010
0.64 -5.84539e-005 3.65587e-006 -5.27083e-007 2.64928e-010 2.64928e-010
0.65 -5.84904e-005 3.64059e-006 -5.22268e-007 2.96124e-010 2.96124e-010
0.66 -5.85261e-005 3.62251e-006 -5.17393e-007 3.40626e-010 3.40626e-010
0.67 -5.85599e-005 3.60216e-006 -5.14514e-007 3.93962e-010 3.93962e-010
0.68 -5.85917e-005 3.58079e-006 -5.12997e-007 4.48243e-010 4.48243e-010
0.69 -5.86224e-005 3.55828e-006 -5.11454e-007 4.99745e-010 4.99745e-010
0.7 -5.86525e-005 3.53422e-006 -5.09148e-007 5.48573e-010 5.48573e-010
0.71 -5.86821e-005 3.50975e-006 -5.06117e-007 5.9273e-010 5.9273e-010
0.72 -5.87101e-005 3.48691e-006 -5.03719e-007 6.25472e-010 6.25472e-010
0.73 -5.87337e-005 3.46657e-006 -5.04231e-007 6.38098e-010 6.38098e-010
0.74 -5.87507e-005 3.4467e-006 -5.08686e-007 6.25128e-010 6.25128e-010
0.75 -5.87604e-005 3.42362e-006 -5.16003e-007 5.88761e-010 5.88761e-010
0.76 -5.87634e-005 3.39626e-006 -5.24159e-007 5.39457e-010 5.39457e-010
0.77 -5.87611e-005 3.36748e-006 -5.30865e-007 4.9161e-010 4.9161e-010
0.78 -5.87565e-005 3.34159e-006 -5.33225e-007 4.58112e-010 4.58112e-010
0.79 -5.87536e-005 3.32104e-006 -5.29075e-007 4.47166e-010 4.47166e-010
0.8 -5.87542e-005 3.30528e-006 -5.19122e-007 4.59957e-010 4.59957e-010
0.81 -5.87588e-005 3.2932e-006 -5.06107e-007 4.88661e-010 4.88661e-010
0.82 -5.87666e-005 3.28548e-006 -4.92913e-007 5.18498e-010 5.18498e-010
0.83 -5.87759e-005 3.28309e-006 -4.81798e-007 5.34629e-010 5.34629e-010
0.84 -5.8786e-005 3.28485e-006 -4.73685e-007 5.28819e-010 5.28819e-010
0.85 -5.87975e-005 3.28878e-006 -4.673e-007 5.01844e-010 5.01844e-010
0.86 -5.88126e-005 3.29339e-006 -4.60108e-007 4.61679e-010 4.61679e-010
0.87 -5.88314e-005 3.29525e-006 -4.52441e-007 4.17584e-010 4.17584e-010
0.88 -5.8851e-005 3.28999e-006 -4.4788e-007 3.72512e-010 3.72512e-010
0.89 -5.88692e-005 3.27769e-006 -4.46946e-007 3.23368e-010 3.23368e-010
0.9 -5.88875e-005 3.26398e-006 -4.45329e-007 2.72575e-010 2.72575e-010
0.91 -5.89082e-005 3.25354e-006 -4.39075e-007 2.35825e-010 2.35825e-010
0.92 -5.89315e-005 3.24354e-006 -4.2968e-007 2.31852e-010 2.31852e-010
0.93 -5.89555e-005 3.22624e-006 -4.21774e-007 2.64764e-010 2.64764e-010
0.94 -5.89794e-005 3.19942e-006 -4.17051e-007 3.21493e-010 3.21493e-010
0.95 -5.90033e-005 3.17143e-006 -4.14408e-007 3.86021e-010 3.86021e-010
0.96 -5.90259e-005 3.15395e-006 -4.13188e-007 4.49882e-010 4.49882e-010
0.97 -5.90453e-005 3.1499e-006 -4.14728e-007 5.08627e-010 5.08627e-010
0.98 -5.90588e-005 3.1513e-006 -4.22467e-007 5.54504e-010 5.54504e-010
0.99 -5.90649e-005 3.15036e-006 -4.37594e-007 5.77836e-010 5.77836e-010
1 -5.90653e-005 3.1479e-006 -4.56823e-007 5.76877e-010 5.76877e-010
1.01 -5.90602e-005 3.15005e-006 -4.78545e-007 5.61539e-010 5.61539e-010
1.02 -5.90472e-005 3.16133e-006 -5.03742e-007 5.4342e-010 5.4342e-010
1.03 -5.90283e-005 3.18076e-006 -5.2782e-007 5.29192e-010 5.29192e-010
1.04 -5.90117e-005 3.20254e-006 -5.40754e-007 5.2994e-010 5.2994e-010
1.05 -5.90034e-005 3.22111e-006 -5.38335e-007 5.66136e-010 5.66136e-010
1.06 -5.90025e-005 3.23523e-006 -5.26714e-007 6.49596e-010 6.49596e-010
1.07 -5.90048e-005 3.24761e-006 -5.13672e-007 7.64265e-010 7.64265e-010
1.08 -5.9009e-005 3.26307e-006 -4.99918e-007 8.76473e-010 8.76473e-010
1.09 -5.90156e-005 3.28364e-006 -4.82794e-007 9.63082e-010 9.63082e-010
1.1 -5.90214e-005 3.30355e-006 -4.65365e-007 1.01963e-009 1.01963e-009
1.11 -5.90218e-005 3.31392e-006 -4.52865e-007 1.04413e-009 1.04413e-009
1.12 -5.90187e-005 3.31257e-006 -4.42261e-007 1.0308e-009 1.0308e-009
1.13 -5.90191e-005 3.30667e-006 -4.25434e-007 9.85022e-010 9.85022e-010
1.14 -5.90257e-005 3.30668e-006 -4.0212e-007 9.27838e-010 9.27838e-010
1.15 -5.90368e-005 3.32073e-006 -3.77116e-007 8.776e-010 8.776e-010
1.16 -5.90544e-005 3.35108e-006 -3.49827e-007 8.41039e-010 8.41039e-010
1.17 -5.90804e-005 3.38941e-006 -3.1865e-007 8.26071e-010 8.26071e-010
1.18 -5.91158e-005 3.42088e-006 -2.84712e-007 8.47674e-010 8.47674e-010
1.19 -5.91588e-005 3.43675e-006 -2.51372e-007 9.14151e-010 9.14151e-010
1.2 -5.92041e-005 3.44031e-006 -2.25131e-007 1.01256e-009 1.01256e-009
1.21 -5.9244e-005 3.44126e-006 -2.12205e-007 1.11022e-009 1.11022e-009
1.22 -5.92714e-005 3.44703e-006 -2.15586e-007 1.17032e-009 1.17032e-009
1.23 -5.92814e-005 3.45987e-006 -2.34912e-007 1.16878e-009 1.16878e-009
1.24 -5.92733e-005 3.47851e-006 -2.65579e-007 1.10382e-009 1.10382e-009
1.25 -5.92536e-005 3.50144e-006 -2.9804e-007 9.98504e-010 9.98504e-010
1.26 -5.92332e-005 3.52842e-006 -3.22603e-007 8.96099e-010 8.96099e-010
1.27 -5.9222e-005 3.55847e-006 -3.35517e-007 8.44452e-010 8.44452e-010
1.28 -5.92263e-005 3.58897e-006 -3.37987e-007 8.76291e-010 8.76291e-010
1.29 -5.92466e-005 3.61615e-006 -3.3453e-007 9.99433e-010 9.99433e-010
1.3 -5.92787e-005 3.63598e-006 -3.30169e-007 1.19957e-009 1.19957e-009
1.31 -5.93196e-005 3.64771e-006 -3.23736e-007 1.45071e-009 1.45071e-009
1.32 -5.93684e-005 3.65591e-006 -3.1123e-007 1.72614e-009 1.72614e-009
1.33 -5.942e-005 3.66763e-006 -2.94878e-007 1.9984e-009 1.9984e-009
1.34 -5.94714e-005 3.68906e-006 -2.76319e-007 2.23434e-009 2.23434e-009
1.35 -5.95309e-005 3.72045e-006 -2.47296e-007 2.40786e-009 2.40786e-009
1.36 -5.96084e-005 3.75111e-006 -2.01464e-007 2.5218e-009 2.5218e-009
1.37 -5.97038e-005 3.76752e-006 -1.46847e-007 2.60311e-009 2.60311e-009
1.38 -5.9805e-005 3.76682e-006 -1.00505e-007 2.67333e-009 2.67333e-009
1.39 -5.98951e-005 3.76e-006 -7.53165e-008 2.73484e-009 2.73484e-009
1.4 -5.99594e-005 3.76174e-006 -7.28209e-008 2.78598e-009 2.78598e-009
1.41 -5.99882e-005 3.77087e-006 -8.71895e-008 2.83454e-009 2.83454e-009
1.42 -5.99827e-005 3.76791e-006 -1.06642e-007 2.88907e-009 2.88907e-009
1.43 -5.99576e-005 3.73889e-006 -1.14879e-007 2.94712e-009 2.94712e-009
1.44 -5.9928e-005 3.68995e-006 -1.05738e-007 2.99501e-009 2.99501e-009
1.45 -5.98973e-005 3.63922e-006 -9.28403e-008 3.00624e-009 3.00624e-009
1.46 -5.98586e-005 3.60158e-006 -9.73065e-008 2.94046e-009 2.94046e-009
1.47 -5.98063e-005 3.57593e-006 -1.28461e-007 2.76468e-009 2.76468e-009
1.48 -5.97396e-005 3.54487e-006 -1.82164e-007 2.48809e-009 2.48809e-009
1.49 -5.96525e-005 3.49022e-006 -2.56971e-007 2.16274e-009 2.16274e-009
1.5 -5.95345e-005 3.40971e-006 -3.55157e-007 1.83795e-009 1.83795e-009
1.51 -5.93906e-005 3.32004e-006 -4.60672e-007 1.52956e-009 1.52956e-009
1.52 -5.92506e-005 3.24337e-006 -5.35979e-007 1.24652e-009 1.24652e-009
1.53 -5.91481e-005 3.18709e-006 -5.55833e-007 1.02033e-009 1.02033e-009
1.54 -5.90971e-005 3.14102e-006 -5.29881e-007 8.75019e-010 8.75019e-010
1.55 -5.9096e-005 3.09569e-006 -4.84005e-007 7.84739e-010 7.84739e-010
1.56 -5.91368e-005 3.05167e-006 -4.36318e-007 6.98427e-010 6.98427e-010
1.57 -5.92061e-005 3.01397e-006 -3.95736e-007 6.03178e-010 6.03178e-010
1.58 -5.92825e-005 2.98816e-006 -3.69507e-007 5.34472e-010 5.34472e-010
1.59 -5.93396e-005 2.97796e-006 -3.65397e-007 5.19651e-010 5.19651e-010
1.6 -5.93508e-005 2.97857e-006 -3.9044e-007 5.26811e-010 5.26811e-010
1.61 -5.93017e-005 2.97193e-006 -4.42495e-007 4.74566e-010 4.74566e-010
1.62 -5.92035e-005 2.93986e-006 -5.00531e-007 2.92234e-010 2.92234e-010
1.63 -5.90909e-005 2.89212e-006 -5.31552e-007 -2.03887e-011 -2.03887e-011
1.64 -5.90072e-005 2.8686e-006 -5.09543e-007 -3.79474e-010 -3.79474e-010
1.65 -5.89854e-005 2.89823e-006 -4.34241e-007 -6.58414e-010 -6.58414e-010
1.66 -5.9032e-005 2.96561e-006 -3.33383e-007 -7.53417e-010 -7.53417e-010
1.67 -5.91294e-005 3.02604e-006 -2.43312e-007 -6.26935e-010 -6.26935e-010
1.68 -5.92472e-005 3.04552e-006 -1.87896e-007 -3.06486e-010 -3.06486e-010
1.69 -5.93508e-005 3.02373e-006 -1.74936e-007 1.37184e-010 1.37184e-010
1.7 -5.94101e-005 2.97962e-006 -2.02398e-007 6.00125e-010 6.00125e-010
1.71 -5.94157e-005 2.92682e-006 -2.5629e-007 9.55051e-010 9.55051e-010
1.72 -5.93855e-005 2.87205e-006 -3.11614e-007 1.09147e-009 1.09147e-009
1.73 -5.93493e-005 2.82394e-006 -3.50468e-007 9.66392e-010 9.66392e-010
1.74 -5.93289e-005 2.79323e-006 -3.74713e-007 6.1686e-010 6.1686e-010
1.75 -5.93333e-005 2.7902e-006 -3.94871e-007 1.37773e-010 1.37773e-010
1.76 -5.93604e-005 2.82208e-006 -4.17248e-007 -3.32936e-010 -3.32936e-010
1.77 -5.93929e-005 2.88686e-006 -4.4849e-007 -6.26984e-010 -6.26984e-010
1.78 -5.93997e-005 2.96771e-006 -5.00756e-007 -5.98769e-010 -5.98769e-010
1.79 -5.9356e-005 3.04162e-006 -5.75074e-007 -2.03683e-010 -2.03683e-010
1.8 -5.9262e-005 3.10093e-006 -6.49113e-007 4.70391e-010 4.70391e-010
1.81 -5.91356e-005 3.16037e-006 -6.96795e-007 1.24038e-009 1.24038e-009
1.82 -5.90004e-005 3.23897e-006 -7.08339e-007 1.88994e-009 1.88994e-009
1.83 -5.88818e-005 3.34007e-006 -6.8828e-007 2.23265e-009 2.23265e-009
1.84 -5.88042e-005 3.44964e-006 -6.44869e-007 2.18293e-009 2.18293e-009
1.85 -5.87842e-005 3.54667e-006 -5.87732e-007 1.807e-009 1.807e-009
1.86 -5.88175e-005 3.61651e-006 -5.33332e-007 1.30009e-009 1.30009e-009
1.87 -5.88874e-005 3.66513e-006 -4.90611e-007 8.95588e-010 8.95588e-010
1.88 -5.89921e-005 3.72134e-006 -4.34651e-007 7.86161e-010 7.86161e-010
1.89 -5.91423e-005 3.81171e-006 -3.28012e-007 1.09116e-009 1.09116e-009
1.9 -5.93237e-005 3.92919e-006 -1.79658e-007 1.80567e-009 1.80567e-009
1.91 -5.94902e-005 4.03667e-006 -4.49362e-008 2.72594e-009 2.72594e-009
1.92 -5.95928e-005 4.09957e-006 3.19151e-008 3.48293e-009 3.48293e-009
1.93 -5.96047e-005 4.10793e-006 4.06535e-008 3.73462e-009 3.73462e-009
1.94 -5.95146e-005 4.07404e-006 -1.51707e-008 3.35325e-009 3.35325e-009
1.95 -5.93202e-005 4.01875e-006 -1.27865e-007 2.45074e-009 2.45074e-009
1.96 -5.90385e-005 3.96389e-006 -2.74471e-007 1.28529e-009 1.28529e-009
1.97 -5.87093e-005 3.92926e-006 -4.15719e-007 1.6789e-010 1.6789e-010
1.98 -5.83749e-005 3.92398e-006 -5.22506e-007 -6.16017e-010 -6.16017e-010
1.99 -5.8059e-005 3.94265e-006 -5.97061e-007 -9.07918e-010 -9.07918e-010
2 -5.77656e-005 3.96998e-006 -6.63273e-007 -7.55971e-010 -7.55971e-010
2.01 -5.74919e-005 3.9864e-006 -7.43454e-007 -3.85468e-010 -3.85468e-010
2.02 -5.72399e-005 3.97416e-006 -8.42399e-007 -6.63074e-011 -6.63074e-011
2.03 -5.7015e-005 3.92229e-006 -9.54137e-007 1.37204e-011 1.37204e-011
2.04 -5.68159e-005 3.83309e-006 -1.07508e-006 -2.17696e-010 -2.17696e-010
2.05 -5.66438e-005 3.72891e-006 -1.19172e-006 -7.48357e-010 -7.48357e-010
2.06 -5.6509e-005 3.64065e-006 -1.2758e-006 -1.49792e-009 -1.49792e-009
2.07 -5.64112e-005 3.58147e-006 -1.31673e-006 -2.32494e-009 -2.32494e-009
2.08 -5.63286e-005 3.53977e-006 -1.33639e-006 -3.07755e-009 -3.07755e-009
2.09 -5.62341e-005 3.49912e-006 -1.36163e-006 -3.65768e-009 -3.65768e-009
2.1 -5.61144e-005 3.45996e-006 -1.39776e-006 -4.02787e-009 -4.02787e-009
2.11 -5.59707e-005 3.43739e-006 -1.43259e-006 -4.1775e-009 -4.1775e-009
2.12 -5.58022e-005 3.43913e-006 -1.46142e-006 -4.12545e-009 -4.12545e-009
2.13 -5.5598e-005 3.45617e-006 -1.49446e-006 -3.96371e-009 -3.96371e-009
2.14 -5.53471e-005 3.47088e-006 -1.53937e-006 -3.85998e-009 -3.85998e-009
2.15 -5.50529e-005 3.46727e-006 -1.58675e-006 -3.97713e-009 -3.97713e-009
2.16 -5.47418e-005 3.44015e-006 -1.61196e-006 -4.37383e-009 -4.37383e-009
2.17 -5.44494e-005 3.39626e-006 -1.6009e-006 -4.9785e-009 -4.9785e-009
2.18 -5.419e-005 3.34543e-006 -1.58034e-006 -5.66324e-009 -5.66324e-009
2.19 -5.39566e-005 3.29441e-006 -1.59605e-006 -6.3433e-009 -6.3433e-009
2.2 -5.37535e-005 3.24852e-006 -1.65595e-006 -6.9899e-009 -6.9899e-009
2.21 -5.3599e-005 3.21039e-006 -1.72839e-006 -7.55965e-009 -7.55965e-009
2.22 -5.34995e-005 3.17506e-006 -1.78728e-006 -7.97261e-009 -7.97261e-009
2.23 -5.34398e-005 3.13268e-006 -1.83087e-006 -8.19284e-009 -8.19284e-009
2.24 -5.33974e-005 3.07893e-006 -1.8667e-006 -8.29635e-009 -8.29635e-009
2.25 -5.3356e-005 3.01968e-006 -1.89762e-006 -8.4246e-009 -8.4246e-009
2.26 -5.33022e-005 2.9641e-006 -1.92901e-006 -8.68244e-009 -8.68244e-009
2.27 -5.3229e-005 2.92098e-006 -1.96611e-006 -9.08741e-009 -9.08741e-009
2.28 -5.31498e-005 2.89988e-006 -1.99636e-006 -9.57272e-009 -9.57272e-009
2.29 -5.30906e-005 2.90673e-006 -2.0015e-006 -1.00012e-008 -1.00012e-008
2.3 -5.30691e-005 2.94044e-006 -1.98224e-006 -1.0207e-008 -1.0207e-008
2.31 -5.30931e-005 2.99576e-006 -1.94951e-006 -1.00735e-008 -1.00735e-008
2.32 -5.31705e-005 3.06471e-006 -1.90666e-006 -9.58686e-009 -9.58686e-009
2.33 -5.33053e-005 3.137e-006 -1.85389e-006 -8.83037e-009 -8.83037e-009
2.34 -5.34911e-005 3.20487e-006 -1.79763e-006 -7.94913e-009 -7.94913e-009
2.35 -5.37147e-005 3.26626e-006 -1.74795e-006 -7.10939e-009 -7.10939e-009
2.36 -5.39636e-005 3.32289e-006 -1.70988e-006 -6.44465e-009 -6.44465e-009
2.37 -5.42248e-005 3.37492e-006 -1.68548e-006 -6.00542e-009 -6.00542e-009
2.38 -5.4488e-005 3.42047e-006 -1.67183e-006 -5.75248e-009 -5.75248e-009
2.39 -5.47612e-005 3.46165e-006 -1.64421e-006 -5.58293e-009 -5.58293e-009
2.4 -5.50688e-005 3.49883e-006 -1.56831e-006 -5.35077e-009 -5.35077e-009
2.41 -5.54317e-005 3.51955e-006 -1.43015e-006 -4.89614e-009 -4.89614e-009
2.42 -5.58648e-005 3.50992e-006 -1.23454e-006 -4.10144e-009 -4.10144e-009
2.43 -5.63673e-005 3.4736e-006 -1.00431e-006 -2.94603e-009 -2.94603e-009
2.44 -5.69036e-005 3.42881e-006 -7.89333e-007 -1.53774e-009 -1.53774e-009
2.45 -5.74204e-005 3.39139e-006 -6.3609e-007 -1.02368e-010 -1.02368e-010
2.46 -5.78886e-005 3.36567e-006 -5.44471e-007 1.10533e-009 1.10533e-009
2.47 -5.83123e-005 3.34702e-006 -4.77457e-007 1.93493e-009 1.93493e-009
2.48 -5.87096e-005 3.32863e-006 -4.04875e-007 2.39621e-009 2.39621e-009
2.49 -5.90946e-005 3.30644e-006 -3.24583e-007 2.58937e-009 2.58937e-009
2.5 -5.94711e-005 3.27787e-006 -2.54868e-007 2.60581e-009 2.60581e-009
2.51 -5.9834e-005 3.24262e-006 -2.14486e-007 2.50325e-009 2.50325e-009
2.52 -6.01727e-005 3.20768e-006 -2.09989e-007 2.34592e-009 2.34592e-009
2.53 -6.04729e-005 3.18252e-006 -2.36917e-007 2.23088e-009 2.23088e-009
2.54 -6.07251e-005 3.17163e-006 -2.79181e-007 2.26418e-009 2.26418e-009
2.55 -6.09333e-005 3.17477e-006 -3.11496e-007 2.51802e-009 2.51802e-009
2.56 -6.11093e-005 3.18828e-006 -3.12805e-007 2.99813e-009 2.99813e-009
2.57 -6.12653e-005 3.20825e-006 -2.77014e-007 3.62397e-009 3.62397e-009
2.58 -6.14081e-005 3.23274e-006 -2.13383e-007 4.23521e-009 4.23521e-009
2.59 -6.15376e-005 3.25655e-006 -1.40497e-007 4.64608e-009 4.64608e-009
2.6 -6.16506e-005 3.26942e-006 -7.64908e-008 4.73462e-009 4.73462e-009
2.61 -6.17456e-005 3.26699e-006 -3.02388e-008 4.51391e-009 4.51391e-009
2.62 -6.18244e-005 3.25863e-006 2.04721e-010 4.13391e-009 4.13391e-009
2.63 -6.18914e-005 3.25634e-006 2.45432e-008 3.80661e-009 3.80661e-009
2.64 -6.19441e-005 3.25383e-006 4.71328e-008 3.69419e-009 3.69419e-009
2.65 -6.19598e-005 3.22336e-006 5.33385e-008 3.81747e-009 3.81747e-009
2.66 -6.19071e-005 3.14376e-006 2.74618e-008 4.04428e-009 4.04428e-009
2.67 -6.17697e-005 3.02987e-006 -2.28878e-008 4.18343e-009 4.18343e-009
2.68 -6.15534e-005 2.92556e-006 -7.26417e-008 4.11675e-009 4.11675e-009
2.69 -6.12792e-005 2.86565e-006 -1.01596e-007 3.85427e-009 3.85427e-009
2.7 -6.09675e-005 2.84664e-006 -1.1383e-007 3.4783e-009 3.4783e-009
2.71 -6.06336e-005 2.8342e-006 -1.28691e-007 3.05679e-009 3.05679e-009
2.72 -6.02983e-005 2.79688e-006 -1.49952e-007 2.62597e-009 2.62597e-009
2.73 -5.99951e-005 2.73491e-006 -1.57423e-007 2.24067e-009 2.24067e-009
2.74 -5.9747e-005 2.68182e-006 -1.39319e-007 1.99144e-009 1.99144e-009
2.75 -5.95451e-005 2.67386e-006 -1.19922e-007 1.92706e-009 1.92706e-009
2.76 -5.9366e-005 2.71831e-006 -1.33056e-007 1.96892e-009 1.96892e-009
2.77 -5.91945e-005 2.79677e-006 -1.90554e-007 1.93777e-009 1.93777e-009
2.78 -5.90173e-005 2.89611e-006 -2.9061e-007 1.66366e-009 1.66366e-009
2.79 -5.88216e-005 3.02405e-006 -4.22566e-007 1.0616e-009 1.0616e-009
2.8 -5.86113e-005 3.18757e-006 -5.56558e-007 1.50566e-010 1.50566e-010
2.81 -5.83964e-005 3.3657e-006 -6.6566e-007 -9.46847e-010 -9.46847e-010
2.82 -5.81731e-005 3.51767e-006 -7.52136e-007 -2.04048e-009 -2.04048e-009
2.83 -5.79281e-005 3.61576e-006 -8.34047e-007 -2.95177e-009 -2.95177e-009
2.84 -5.76481e-005 3.66407e-006 -9.2494e-007 -3.57889e-009 -3.57889e-009
2.85 -5.73289e-005 3.68699e-006 -1.02323e-006 -3.90511e-009 -3.90511e-009
2.86 -5.69738e-005 3.70634e-006 -1.1203e-006 -3.97392e-009 -3.97392e-009
2.87 -5.65852e-005 3.73427e-006 -1.21589e-006 -3.87376e-009 -3.87376e-009
2.88 -5.61746e-005 3.77444e-006 -1.30657e-006 -3.72648e-009 -3.72648e-009
2.89 -5.57724e-005 3.81726e-006 -1.37498e-006 -3.6473e-009 -3.6473e-009
2.9 -5.54132e-005 3.8439e-006 -1.40903e-006 -3.70111e-009 -3.70111e-009
2.91 -5.51192e-005 3.84621e-006 -1.41617e-006 -3.90278e-009 -3.90278e-009
2.92 -5.48967e-005 3.83772e-006 -1.41316e-006 -4.23816e-009 -4.23816e-009
2.93 -5.47398e-005 3.83659e-006 -1.41466e-006 -4.65514e-009 -4.65514e-009
2.94 -5.46352e-005 3.84526e-006 -1.42646e-006 -5.04387e-009 -5.04387e-009
2.95 -5.45685e-005 3.85517e-006 -1.44285e-006 -5.26211e-009 -5.26211e-009
2.96 -5.45242e-005 3.86084e-006 -1.45466e-006 -5.21089e-009 -5.21089e-009
2.97 -5.4483e-005 3.85763e-006 -1.46005e-006 -4.90568e-009 -4.90568e-009
2.98 -5.4428e-005 3.8352e-006 -1.46346e-006 -4.48354e-009 -4.48354e-009
2.99 -5.43576e-005 3.7877e-006 -1.462e-006 -4.13011e-009 -4.13011e-009
3 -5.42944e-005 3.72682e-006 -1.43718e-006 -3.96844e-009 -3.96844e-009
3.01 -5.42767e-005 3.67585e-006 -1.36797e-006 -3.98803e-009 -3.98803e-009
3.02 -5.43395e-005 3.64965e-006 -1.25142e-006 -4.06698e-009 -4.06698e-009
3.03 -5.45025e-005 3.64203e-006 -1.10481e-006 -4.06048e-009 -4.06048e-009
3.04 -5.47633e-005 3.6315e-006 -9.59952e-007 -3.88107e-009 -3.88107e-009
3.05 -5.50903e-005 3.6018e-006 -8.5786e-007 -3.53357e-009 -3.53357e-009
3.06 -5.54373e-005 3.55383e-006 -8.27729e-007 -3.10914e-009 -3.10914e-009
3.07 -5.57774e-005 3.49356e-006 -8.58265e-007 -2.73702e-009 -2.73702e-009
3.08 -5.61176e-005 3.4225e-006 -9.03131e-007 -2.50885e-009 -2.50885e-009
3.09 -5.6474e-005 3.34093e-006 -9.2845e-007 -2.44303e-009 -2.44303e-009
3.1 -5.68458e-005 3.25061e-006 -9.39984e-007 -2.52813e-009 -2.52813e-009
3.11 -5.72232e-005 3.16323e-006 -9.54222e-007 -2.7682e-009 -2.7682e-009
3.12 -5.76113e-005 3.10158e-006 -9.57399e-007 -3.13392e-009 -3.13392e-009
3.13 -5.80331e-005 3.07957e-006 -9.09859e-007 -3.46785e-009 -3.46785e-009
3.14 -5.84975e-005 3.08689e-006 -7.98429e-007 -3.49879e-009 -3.49879e-009
3.15 -5.89745e-005 3.09463e-006 -6.64003e-007 -3.01068e-009 -3.01068e-009
3.16 -5.9412e-005 3.07314e-006 -5.65528e-007 -2.01039e-009 -2.01039e-009
3.17 -5.97584e-005 3.0069e-006 -5.42641e-007 -7.34374e-010 -7.34374e-010
3.18 -5.99802e-005 2.89777e-006 -5.99521e-007 4.81242e-010 4.81242e-010
3.19 -6.00898e-005 2.76063e-006 -6.91327e-007 1.3536e-009 1.3536e-009
3.2 -6.01447e-005 2.61164e-006 -7.48338e-007 1.76259e-009 1.76259e-009
3.21 -6.02051e-005 2.45255e-006 -7.36125e-007 1.77283e-009 1.77283e-009
3.22 -6.03003e-005 2.27069e-006 -6.79646e-007 1.5537e-009 1.5537e-009
3.23 -6.04268e-005 2.06165e-006 -6.2788e-007 1.27368e-009 1.27368e-009
3.24 -6.0562e-005 1.84429e-006 -6.1145e-007 1.06388e-009 1.06388e-009
3.25 -6.06723e-005 1.65146e-006 -6.34036e-007 1.03692e-009 1.03692e-009
3.26 -6.07239e-005 1.52037e-006 -6.81467e-007 1.28024e-009 1.28024e-009
3.27 -6.07033e-005 1.48611e-006 -7.21645e-007 1.81409e-009 1.81409e-009
3.28 -6.06284e-005 1.56203e-006 -7.16205e-007 2.56762e-009 2.56762e-009
3.29 -6.05292e-005 1.72105e-006 -6.50668e-007 3.38179e-009 3.38179e-009
3.3 -6.04295e-005 1.90395e-006 -5.42307e-007 4.02082e-009 4.02082e-009
3.31 -6.03517e-005 2.05128e-006 -4.15221e-007 4.2296e-009 4.2296e-009
3.32 -6.03245e-005 2.13383e-006 -2.76839e-007 3.8704e-009 3.8704e-009
3.33 -6.03681e-005 2.15779e-006 -1.31219e-007 3.05051e-009 3.05051e-009
3.34 -6.04651e-005 2.14586e-006 -1.08218e-008 2.08914e-009 2.08914e-009
3.35 -6.05644e-005 2.12391e-006 3.93144e-008 1.31685e-009 1.31685e-009
3.36 -6.06202e-005 2.12485e-006 1.1913e-008 8.91508e-010 8.91508e-010
3.37 -6.06143e-005 2.1835e-006 -5.43488e-008 7.73486e-010 7.73486e-010
3.38 -6.05564e-005 2.3147e-006 -1.05124e-007 8.10907e-010 8.10907e-010
3.39 -6.04787e-005 2.49808e-006 -9.98924e-008 8.27798e-010 8.27798e-010
3.4 -6.04117e-005 2.68379e-006 -4.00014e-008 6.79556e-010 6.79556e-010
3.41 -6.03574e-005 2.81603e-006 2.37427e-008 2.80626e-010 2.80626e-010
3.42 -6.02939e-005 2.86279e-006 3.16614e-008 -3.79484e-010 -3.79484e-010
3.43 -6.02022e-005 2.83308e-006 -3.42247e-008 -1.20801e-009 -1.20801e-009
3.44 -6.00768e-005 2.76503e-006 -1.46782e-007 -1.99062e-009 -1.99062e-009
3.45 -5.99194e-005 2.69607e-006 -2.67536e-007 -2.44966e-009 -2.44966e-009
3.46 -5.97306e-005 2.64684e-006 -3.7678e-007 -2.38602e-009 -2.38602e-009
3.47 -5.9509e-005 2.62544e-006 -4.7835e-007 -1.80929e-009 -1.80929e-009
3.48 -5.92599e-005 2.63445e-006 -5.82777e-007 -9.51668e-010 -9.51668e-010
3.49 -5.90015e-005 2.67388e-006 -6.92553e-007 -1.54973e-010 -1.54973e-010
3.5 -5.87514e-005 2.73819e-006 -8.10775e-007 2.84801e-010 2.84801e-010
3.51 -5.85118e-005 2.8148e-006 -9.47949e-007 2.27286e-010 2.27286e-010
3.52 -5.82854e-005 2.89755e-006 -1.09515e-006 -2.60399e-010 -2.60399e-010
3.53 -5.80882e-005 2.9954e-006 -1.21191e-006 -8.98025e-010 -8.98025e-010
3.54 -5.79306e-005 3.11604e-006 -1.26326e-006 -1.28421e-009 -1.28421e-009
3.55 -5.77961e-005 3.24854e-006 -1.25485e-006 -1.11138e-009 -1.11138e-009
3.56 -5.76414e-005 3.36666e-006 -1.23004e-006 -3.74873e-010 -3.74873e-010
3.57 -5.74232e-005 3.44818e-006 -1.23191e-006 6.1032e-010 6.1032e-010
3.58 -5.7131e-005 3.49199e-006 -1.26661e-006 1.41476e-009 1.41476e-009
3.59 -5.67985e-005 3.51578e-006 -1.30191e-006 1.74934e-009 1.74934e-009
3.6 -5.64923e-005 3.5459e-006 -1.2895e-006 1.578e-009 1.578e-009
3.61 -5.62792e-005 3.60818e-006 -1.19886e-006 1.05189e-009 1.05189e-009
3.62 -5.61827e-005 3.7131e-006 -1.04905e-006 3.61076e-010 3.61076e-010
3.63 -5.61653e-005 3.84526e-006 -9.03592e-007 -3.821e-010 -3.821e-010
3.64 -5.61593e-005 3.96994e-006 -8.19046e-007 -1.15679e-009 -1.15679e-009
3.65 -5.61139e-005 4.052e-006 -8.01572e-007 -1.95308e-009 -1.95308e-009
3.66 -5.60133e-005 4.07302e-006 -8.19579e-007 -2.70073e-009 -2.70073e-009
3.67 -5.58672e-005 4.02997e-006 -8.44786e-007 -3.30741e-009 -3.30741e-009
3.68 -5.57006e-005 3.92782e-006 -8.6855e-007 -3.76823e-009 -3.76823e-009
3.69 -5.55419e-005 3.78967e-006 -8.94972e-007 -4.21082e-009 -4.21082e-009
3.7 -5.54029e-005 3.65964e-006 -9.37117e-007 -4.82121e-009 -4.82121e-009
3.71 -5.52712e-005 3.57909e-006 -1.01023e-006 -5.72313e-009 -5.72313e-009
3.72 -5.51261e-005 3.56931e-006 -1.11452e-006 -6.89102e-009 -6.89102e-009
3.73 -5.49565e-005 3.6283e-006 -1.23263e-006 -8.12507e-009 -8.12507e-009
3.74 -5.47657e-005 3.72821e-006 -1.3478e-006 -9.11012e-009 -9.11012e-009
3.75 -5.45682e-005 3.83529e-006 -1.45541e-006 -9.56049e-009 -9.56049e-009
3.76 -5.43826e-005 3.93807e-006 -1.56028e-006 -9.37685e-009 -9.37685e-009
3.77 -5.42264e-005 4.04252e-006 -1.6641e-006 -8.70238e-009 -8.70238e-009
3.78 -5.4111e-005 4.15091e-006 -1.7605e-006 -7.83424e-009 -7.83424e-009
3.79 -5.40349e-005 4.25707e-006 -1.84502e-006 -7.0623e-009 -7.0623e-009
3.8 -5.39872e-005 4.35301e-006 -1.91694e-006 -6.54499e-009 -6.54499e-009
3.81 -5.39592e-005 4.42788e-006 -1.9722e-006 -6.2733e-009 -6.2733e-009
3.82 -5.39496e-005 4.46072e-006 -2.00432e-006 -6.11257e-009 -6.11257e-009
3.83 -5.39672e-005 4.42992e-006 -2.00315e-006 -5.88459e-009 -5.88459e-009
3.84 -5.40254e-005 4.34811e-006 -1.958e-006 -5.44309e-009 -5.44309e-009
3.85 -5.41167e-005 4.27466e-006 -1.87691e-006 -4.7213e-009 -4.7213e-009
3.86 -5.42152e-005 4.26396e-006 -1.78278e-006 -3.75375e-009 -3.75375e-009
3.87 -5.43003e-005 4.312e-006 -1.68926e-006 -2.66111e-009 -2.66111e-009
3.88 -5.43636e-005 4.372e-006 -1.59831e-006 -1.60203e-009 -1.60203e-009
3.89 -5.44035e-005 4.40321e-006 -1.51298e-006 -7.33521e-010 -7.33521e-010
3.9 -5.4416e-005 4.39258e-006 -1.44685e-006 -1.99357e-010 -1.99357e-010
3.91 -5.43872e-005 4.3398e-006 -1.42473e-006 -1.19464e-010 -1.19464e-010
3.92 -5.42975e-005 4.23637e-006 -1.4681e-006 -5.55294e-010 -5.55294e-010
3.93 -5.41439e-005 4.07668e-006 -1.56654e-006 -1.4588e-009 -1.4588e-009
3.94 -5.39586e-005 3.8806e-006 -1.6697e-006 -2.64208e-009 -2.64208e-009
3.95 -5.37965e-005 3.67901e-006 -1.72308e-006 -3.82074e-009 -3.82074e-009
3.96 -5.37127e-005 3.48786e-006 -1.7039e-006 -4.73977e-009 -4.73977e-009
3.97 -5.37486e-005 3.31272e-006 -1.62149e-006 -5.29525e-009 -5.29525e-009
3.98 -5.39304e-005 3.15958e-006 -1.49549e-006 -5.5477e-009 -5.5477e-009
3.99 -5.42676e-005 3.02993e-006 -1.34004e-006 -5.62921e-009 -5.62921e-009
4 -5.47379e-005 2.91176e-006 -1.17877e-006 -5.65421e-009 -5.65421e-009
4.01 -5.52778e-005 2.78073e-006 -1.0564e-006 -5.71633e-009 -5.71633e-009
4.02 -5.58151e-005 2.62589e-006 -1.00444e-006 -5.91593e-009 -5.91593e-009
4.03 -5.62997e-005 2.47035e-006 -1.01774e-006 -6.32405e-009 -6.32405e-009
4.04 -5.66978e-005 2.34574e-006 -1.08217e-006 -6.92352e-009 -6.92352e-009
4.05 -5.69886e-005 2.26278e-006 -1.18844e-006 -7.6231e-009 -7.6231e-009
4.06 -5.71852e-005 2.21795e-006 -1.30695e-006 -8.30736e-009 -8.30736e-009
4.07 -5.73325e-005 2.20106e-006 -1.39097e-006 -8.83337e-009 -8.83337e-009
4.08 -5.74698e-005 2.1871e-006 -1.42166e-006 -9.01953e-009 -9.01953e-009
4.09 -5.76148e-005 2.1399e-006 -1.41557e-006 -8.70931e-009 -8.70931e-009
4.1 -5.77779e-005 2.03454e-006 -1.38955e-006 -7.85408e-009 -7.85408e-009
4.11 -5.79637e-005 1.87167e-006 -1.35053e-006 -6.52307e-009 -6.52307e-009
4.12 -5.81694e-005 1.67425e-006 -1.30014e-006 -4.86272e-009 -4.86272e-009
4.13 -5.84004e-005 1.47652e-006 -1.22564e-006 -3.05874e-009 -3.05874e-009
4.14 -5.86646e-005 1.30364e-006 -1.11776e-006 -1.30698e-009 -1.30698e-009
4.15 -5.8952e-005 1.15899e-006 -9.99775e-007 1.99727e-010 1.99727e-010
4.16 -5.92391e-005 1.03528e-006 -9.11556e-007 1.27697e-009 1.27697e-009
4.17 -5.95024e-005 9.29745e-007 -8.79054e-007 1.79134e-009 1.79134e-009
4.18 -5.97297e-005 8.45952e-007 -8.98473e-007 1.74259e-009 1.74259e-009
4.19 -5.99294e-005 7.85708e-007 -9.33556e-007 1.31798e-009 1.31798e-009
4.2 -6.01212e-005 7.42922e-007 -9.39288e-007 8.49947e-010 8.49947e-010
4.21 -6.03195e-005 7.14496e-007 -8.87366e-007 6.76361e-010 6.76361e-010
4.22 -6.05337e-005 7.14062e-007 -7.64392e-007 9.90405e-010 9.90405e-010
4.23 -6.07636e-005 7.57951e-007 -5.76038e-007 1.77257e-009 1.77257e-009
4.24 -6.09959e-005 8.45409e-007 -3.51009e-007 2.81512e-009 2.81512e-009
4.25 -6.12329e-005 9.67341e-007 -1.07359e-007 3.81799e-009 3.81799e-009
4.26 -6.15047e-005 1.11876e-006 1.57527e-007 4.53112e-009 4.53112e-009
4.27 -6.18386e-005 1.29645e-006 4.3132e-007 4.85375e-009 4.85375e-009
4.28 -6.22479e-005 1.49718e-006 6.86321e-007 4.81986e-009 4.81986e-009
4.29 -6.27363e-005 1.71351e-006 9.02663e-007 4.52795e-009 4.52795e-009
4.3 -6.32746e-005 1.92697e-006 1.05411e-006 4.08684e-009 4.08684e-009
4.31 -6.37933e-005 2.11825e-006 1.104e-006 3.57321e-009 3.57321e-009
4.32 -6.42218e-005 2.28493e-006 1.04487e-006 3.01968e-009 3.01968e-009
4.33 -6.45236e-005 2.43893e-006 9.15861e-007 2.47022e-009 2.47022e-009
4.34 -6.46995e-005 2.58763e-006 7.74846e-007 2.04175e-009 2.04175e-009
4.35 -6.47815e-005 2.72768e-006 6.73764e-007 1.89909e-009 1.89909e-009
4.36 -6.48188e-005 2.86064e-006 6.44823e-007 2.16448e-009 2.16448e-009
4.37 -6.48478e-005 3.00394e-006 6.8525e-007 2.85509e-009 2.85509e-009
4.38 -6.48749e-005 3.17488e-006 7.61113e-007 3.89167e-009 3.89167e-009
4.39 -6.48772e-005 3.36323e-006 8.24784e-007 5.15149e-009 5.15149e-009
4.4 -6.48194e-005 3.53078e-006 8.37304e-007 6.51937e-009 6.51937e-009
4.41 -6.46875e-005 3.64619e-006 7.96277e-007 7.91615e-009 7.91615e-009
4.42 -6.45048e-005 3.71172e-006 7.34487e-007 9.30187e-009 9.30187e-009
4.43 -6.43223e-005 3.75592e-006 6.94253e-007 1.06465e-008 1.06465e-008
4.44 -6.42096e-005 3.81042e-006 7.15981e-007 1.18932e-008 1.18932e-008
4.45 -6.42295e-005 3.88824e-006 8.19449e-007 1.29603e-008 1.29603e-008
4.46 -6.43881e-005 3.97922e-006 9.70975e-007 1.37694e-008 1.37694e-008
4.47 -6.46229e-005 4.07177e-006 1.09932e-006 1.42614e-008 1.42614e-008
4.48 -6.48493e-005 4.1678e-006 1.15976e-006 1.44258e-008 1.44258e-008
4.49 -6.50026e-005 4.26688e-006 1.16252e-006 1.43569e-008 1.43569e-008
4.5 -6.50472e-005 4.35421e-006 1.1458e-006 1.42508e-008 1.42508e-008
4.51 -6.49843e-005 4.41967e-006 1.15513e-006 1.42915e-008 1.42915e-008
4.52 -6.48572e-005 4.47424e-006 1.23611e-006 1.45265e-008 1.45265e-008
4.53 -6.47217e-005 4.52824e-006 1.40198e-006 1.48405e-008 1.48405e-008
4.54 -6.46167e-005 4.5674e-006 1.61851e-006 1.50134e-008 1.50134e-008
4.55 -6.45664e-005 4.57029e-006 1.83469e-006 1.48165e-008 1.48165e-008
4.56 -6.45714e-005 4.53458e-006 1.99659e-006 1.41172e-008 1.41172e-008
4.57 -6.46e-005 4.47391e-006 2.05079e-006 1.29337e-008 1.29337e-008
4.58 -6.46173e-005 4.40411e-006 1.97837e-006 1.14124e-008 1.14124e-008
4.59 -6.46129e-005 4.34081e-006 1.81864e-006 9.77348e-009 9.77348e-009
4.6 -6.4601e-005 4.29945e-006 1.64266e-006 8.25201e-009 8.25201e-009
4.61 -6.45906e-005 4.28083e-006 1.49412e-006 7.00638e-009 7.00638e-009
4.62 -6.45622e-005 4.25771e-006 1.3588e-006 6.01574e-009 6.01574e-009
4.63 -6.44901e-005 4.19696e-006 1.20624e-006 5.08531e-009 5.08531e-009
4.64 -6.43825e-005 4.09988e-006 1.0484e-006 4.0317e-009 4.0317e-009
4.65 -6.42762e-005 4.00716e-006 9.26495e-007 2.90306e-009 2.90306e-009
4.66 -6.41881e-005 3.96495e-006 8.49274e-007 1.98961e-009 1.98961e-009
4.67 -6.40912e-005 3.98935e-006 7.79553e-007 1.59909e-009 1.59909e-009
4.68 -6.39392e-005 4.05749e-006 6.79965e-007 1.84127e-009 1.84127e-009
4.69 -6.36998e-005 4.13046e-006 5.51437e-007 2.615e-009 2.615e-009
4.7 -6.3379e-005 4.18471e-006 4.34036e-007 3.73234e-009 3.73234e-009
4.71 -6.30237e-005 4.2188e-006 3.77715e-007 5.01175e-009 5.01175e-009
4.72 -6.26902e-005 4.23696e-006 3.92772e-007 6.27883e-009 6.27883e-009
4.73 -6.24063e-005 4.24413e-006 4.30706e-007 7.33493e-009 7.33493e-009
4.74 -6.21744e-005 4.25213e-006 4.33414e-007 7.98819e-009 7.98819e-009
4.75 -6.19874e-005 4.27336e-006 3.83888e-007 8.16684e-009 8.16684e-009
4.76 -6.18339e-005 4.31536e-006 3.10667e-007 8.00927e-009 8.00927e-009
4.77 -6.17103e-005 4.38448e-006 2.72997e-007 7.825e-009 7.825e-009
4.78 -6.1616e-005 4.47982e-006 3.18231e-007 7.94146e-009 7.94146e-009
4.79 -6.15283e-005 4.58339e-006 4.32328e-007 8.5209e-009 8.5209e-009
4.8 -6.14135e-005 4.66951e-006 5.60947e-007 9.44923e-009 9.44923e-009
4.81 -6.12545e-005 4.72613e-006 6.62332e-007 1.03823e-008 1.03823e-008
4.82 -6.1044e-005 4.76261e-006 7.12901e-007 1.09174e-008 1.09174e-008
4.83 -6.0788e-005 4.79408e-006 7.12106e-007 1.07672e-008 1.07672e-008
4.84 -6.05387e-005 4.82138e-006 7.10062e-007 9.88678e-009 9.88678e-009
4.85 -6.03752e-005 4.83338e-006 7.68695e-007 8.52444e-009 8.52444e-009
4.86 -6.03127e-005 4.81919e-006 8.5813e-007 7.08741e-009 7.08741e-009
4.87 -6.02714e-005 4.7786e-006 8.58761e-007 5.83117e-009 5.83117e-009
4.88 -6.01612e-005 4.73413e-006 6.97914e-007 4.68355e-009 4.68355e-009
4.89 -5.99575e-005 4.71606e-006 4.24903e-007 3.43396e-009 3.43396e-009
4.9 -5.96957e-005 4.73034e-006 1.45352e-007 2.04697e-009 2.04697e-009
4.91 -5.94229e-005 4.76148e-006 -7.72374e-008 7.0743e-010 7.0743e-010
4.92 -5.91694e-005 4.8072e-006 -2.44274e-007 -4.0695e-010 -4.0695e-010
4.93 -5.89524e-005 4.88811e-006 -3.78537e-007 -1.29544e-009 -1.29544e-009
4.94 -5.87661e-005 5.01304e-006 -5.04734e-007 -2.07377e-009 -2.07377e-009
4.95 -5.85644e-005 5.153e-006 -6.59735e-007 -2.83421e-009 -2.83421e-009
4.96 -5.82895e-005 5.26053e-006 -8.63501e-007 -3.58121e-009 -3.58121e-009
4.97 -5.79251e-005 5.30227e-006 -1.08044e-006 -4.20829e-009 -4.20829e-009
4.98 -5.74946e-005 5.26956e-006 -1.25823e-006 -4.50149e-009 -4.50149e-009
4.99 -5.70126e-005 5.1784e-006 -1.39874e-006 -4.27127e-009 -4.27127e-009
5 -5.64784e-005 5.07528e-006 -1.53973e-006 -3.56781e-009 -3.56781e-009
5.01 -5.59124e-005 5.01769e-006 -1.6817e-006 -2.72261e-009 -2.72261e-009
5.02 -5.5356e-005 5.01971e-006 -1.78928e-006 -2.12246e-009 -2.12246e-009
5.03 -5.48401e-005 5.03451e-006 -1.84092e-006 -1.95413e-009 -1.95413e-009
5.04 -5.43805e-005 5.00749e-006 -1.83837e-006 -2.14211e-009 -2.14211e-009
5.05 -5.39756e-005 4.92352e-006 -1.80322e-006 -2.45298e-009 -2.45298e-009
5.06 -5.35823e-005 4.79797e-006 -1.79082e-006 -2.66387e-009 -2.66387e-009
5.07 -5.3134e-005 4.66051e-006 -1.85683e-006 -2.71964e-009 -2.71964e-009
5.08 -5.25984e-005 4.551e-006 -1.98936e-006 -2.76078e-009 -2.76078e-009
5.09 -5.19926e-005 4.50066e-006 -2.12213e-006 -2.98146e-009 -2.98146e-009
5.1 -5.13487e-005 4.5144e-006 -2.20923e-006 -3.48359e-009 -3.48359e-009
5.11 -5.07104e-005 4.579e-006 -2.23807e-006 -4.27226e-009 -4.27226e-009
5.12 -5.01472e-005 4.68441e-006 -2.19775e-006 -5.31351e-009 -5.31351e-009
5.13 -4.97146e-005 4.82482e-006 -2.10387e-006 -6.55411e-009 -6.55411e-009
5.14 -4.93945e-005 4.9785e-006 -2.03673e-006 -7.95428e-009 -7.95428e-009
5.15 -4.91154e-005 5.10903e-006 -2.08457e-006 -9.53595e-009 -9.53595e-009
5.16 -4.88173e-005 5.20326e-006 -2.25832e-006 -1.13234e-008 -1.13234e-008
5.17 -4.84632e-005 5.28649e-006 -2.51042e-006 -1.32096e-008 -1.32096e-008
5.18 -4.80271e-005 5.39186e-006 -2.79789e-006 -1.49709e-008 -1.49709e-008
5.19 -4.75116e-005 5.53954e-006 -3.08332e-006 -1.64585e-008 -1.64585e-008
5.2 -4.6981e-005 5.73797e-006 -3.30442e-006 -1.77121e-008 -1.77121e-008
5.21 -4.65458e-005 5.96859e-006 -3.39288e-006 -1.88462e-008 -1.88462e-008
5.22 -4.63022e-005 6.16426e-006 -3.33571e-006 -1.98775e-008 -1.98775e-008
5.23 -4.63006e-005 6.24023e-006 -3.1751e-006 -2.0681e-008 -2.0681e-008
5.24 -4.65497e-005 6.15605e-006 -2.96132e-006 -2.1041e-008 -2.1041e-008
5.25 -4.70093e-005 5.93193e-006 -2.74123e-006 -2.07179e-008 -2.07179e-008
5.26 -4.76109e-005 5.62137e-006 -2.5457e-006 -1.9552e-008 -1.9552e-008
5.27 -4.83036e-005 5.27943e-006 -2.36354e-006 -1.75725e-008 -1.75725e-008
5.28 -4.90617e-005 4.93964e-006 -2.16628e-006 -1.50235e-008 -1.50235e-008
5.29 -4.98651e-005 4.61281e-006 -1.95298e-006 -1.23009e-008 -1.23009e-008
5.3 -5.07153e-005 4.31276e-006 -1.72928e-006 -9.82956e-009 -9.82956e-009
5.31 -5.16531e-005 4.06719e-006 -1.47559e-006 -7.88639e-009 -7.88639e-009
5.32 -5.2725e-005 3.88814e-006 -1.17831e-006 -6.45154e-009 -6.45154e-009
5.33 -5.39541e-005 3.75081e-006 -8.50367e-007 -5.22418e-009 -5.22418e-009
5.34 -5.53458e-005 3.61125e-006 -5.03872e-007 -3.77933e-009 -3.77933e-009
5.35 -5.69064e-005 3.43487e-006 -1.20868e-007 -1.71755e-009 -1.71755e-009
5.36 -5.8648e-005 3.20714e-006 3.3762e-007 1.248e-009 1.248e-009
5.37 -6.05457e-005 2.93221e-006 8.62433e-007 5.17984e-009 5.17984e-009
5.38 -6.25028e-005 2.63243e-006 1.3575e-006 9.74922e-009 9.74922e-009
5.39 -6.44174e-005 2.33757e-006 1.73133e-006 1.42117e-008 1.42117e-008
5.4 -6.62678e-005 2.06743e-006 1.99758e-006 1.77243e-008 1.77243e-008
5.41 -6.81063e-005 1.83288e-006 2.23841e-006 1.98158e-008 1.98158e-008
5.42 -6.99863e-005 1.65069e-006 2.50261e-006 2.05854e-008 2.05854e-008
5.43 -7.18949e-005 1.53952e-006 2.75189e-006 2.04929e-008 2.04929e-008
5.44 -7.37403e-005 1.48874e-006 2.90006e-006 2.00245e-008 2.00245e-008
5.45 -7.54252e-005 1.44424e-006 2.91976e-006 1.95587e-008 1.95587e-008
5.46 -7.69085e-005 1.34169e-006 2.88517e-006 1.9439e-008 1.9439e-008
5.47 -7.81979e-005 1.15102e-006 2.89941e-006 2.00005e-008 2.00005e-008
5.48 -7.93245e-005 8.84101e-007 3.02217e-006 2.14111e-008 2.14111e-008
5.49 -8.03367e-005 5.75327e-007 3.26026e-006 2.35033e-008 2.35033e-008
5.5 -8.12641e-005 2.5925e-007 3.56146e-006 2.58032e-008 2.58032e-008
5.51 -8.20792e-005 -3.70661e-008 3.82509e-006 2.77195e-008 2.77195e-008
5.52 -8.27356e-005 -2.80342e-007 3.98544e-006 2.8771e-008 2.8771e-008
5.53 -8.32113e-005 -4.34805e-007 4.05788e-006 2.87976e-008 2.87976e-008
5.54 -8.34889e-005 -4.91115e-007 4.07774e-006 2.80501e-008 2.80501e-008
5.55 -8.35439e-005 -4.61837e-007 4.05456e-006 2.70452e-008 2.70452e-008
5.56 -8.3357e-005 -3.5201e-007 3.98025e-006 2.62773e-008 2.62773e-008
5.57 -8.29079e-005 -1.69368e-007 3.83852e-006 2.5987e-008 2.5987e-008
5.58 -8.21835e-005 4.48891e-008 3.62359e-006 2.6091e-008 2.6091e-008
5.59 -8.11909e-005 2.27518e-007 3.3557e-006 2.62716e-008 2.62716e-008
5.6 -7.99422e-005 3.40277e-007 3.0585e-006 2.6164e-008 2.6164e-008
5.61 -7.84388e-005 3.9619e-007 2.73323e-006 2.55326e-008 2.55326e-008
5.62 -7.66946e-005 4.45532e-007 2.38324e-006 2.43511e-008 2.43511e-008
5.63 -7.47751e-005 5.46973e-007 2.05626e-006 2.27908e-008 2.27908e-008
5.64 -7.27868e-005 7.45413e-007 1.82053e-006 2.11387e-008 2.11387e-008
5.65 -7.08134e-005 1.05885e-006 1.68798e-006 1.96394e-008 1.96394e-008
5.66 -6.88709e-005 1.47039e-006 1.58262e-006 1.83173e-008 1.83173e-008
5.67 -6.6921e-005 1.93055e-006 1.39356e-006 1.69274e-008 1.69274e-008
5.68 -6.4931e-005 2.38161e-006 1.06558e-006 1.51138e-008 1.51138e-008
5.69 -6.29185e-005 2.79172e-006 6.38734e-007 1.26528e-008 1.26528e-008
5.7 -6.09416e-005 3.1642e-006 2.0081e-007 9.56406e-009 9.56406e-009
5.71 -5.9053e-005 3.51147e-006 -1.88563e-007 6.0133e-009 6.0133e-009
5.72 -5.72769e-005 3.82889e-006 -5.18705e-007 2.15334e-009 2.15334e-009
5.73 -5.56313e-005 4.09907e-006 -7.80931e-007 -1.89567e-009 -1.89567e-009
5.74 -5.41609e-005 4.31933e-006 -9.27713e-007 -5.91357e-009 -5.91357e-009
5.75 -5.29373e-005 4.52184e-006 -8.94489e-007 -9.48913e-009 -9.48913e-009
5.76 -5.20212e-005 4.75998e-006 -6.65305e-007 -1.21406e-008 -1.21406e-008
5.77 -5.1429e-005 5.07323e-006 -3.04988e-007 -1.35834e-008 -1.35834e-008
5.78 -5.11257e-005 5.46614e-006 7.00584e-008 -1.3911e-008 -1.3911e-008
5.79 -5.10108e-005 5.91062e-006 3.23391e-007 -1.35612e-008 -1.35612e-008
5.8 -5.09135e-005 6.35472e-006 3.19129e-007 -1.31566e-008 -1.31566e-008
5.81 -5.06571e-005 6.745e-006 -1.19554e-008 -1.3327e-008 -1.3327e-008
5.82 -5.01655e-005 7.07569e-006 -5.7874e-007 -1.44708e-008 -1.44708e-008
5.83 -4.95511e-005 7.39834e-006 -1.14043e-006 -1.64679e-008 -1.64679e-008
5.84 -4.90111e-005 7.75612e-006 -1.49356e-006 -1.86183e-008 -1.86183e-008
5.85 -4.86783e-005 8.11176e-006 -1.63349e-006 -2.00289e-008 -2.00289e-008
5.86 -4.85828e-005 8.36892e-006 -1.69675e-006 -2.01587e-008 -2.01587e-008
5.87 -4.86812e-005 8.46932e-006 -1.80973e-006 -1.89888e-008 -1.89888e-008
5.88 -4.88906e-005 8.44026e-006 -2.01781e-006 -1.67478e-008 -1.67478e-008
5.89 -4.91269e-005 8.36229e-006 -2.28834e-006 -1.36184e-008 -1.36184e-008
5.9 -4.93543e-005 8.30366e-006 -2.53293e-006 -9.72242e-009 -9.72242e-009
5.91 -4.95911e-005 8.27918e-006 -2.67167e-006 -5.29216e-009 -5.29216e-009
5.92 -4.98928e-005 8.26281e-006 -2.66702e-006 -7.99315e-010 -7.99315e-010
5.93 -5.03612e-005 8.21573e-006 -2.49707e-006 3.12298e-009 3.12298e-009
5.94 -5.11022e-005 8.08815e-006 -2.16147e-006 5.9495e-009 5.9495e-009
5.95 -5.2162e-005 7.82775e-006 -1.71481e-006 7.52273e-009 7.52273e-009
5.96 -5.34912e-005 7.41352e-006 -1.2667e-006 8.11407e-009 8.11407e-009
5.97 -5.4972e-005 6.87625e-006 -9.19074e-007 8.28785e-009 8.28785e-009
5.98 -5.64775e-005 6.28246e-006 -6.99289e-007 8.68697e-009 8.68697e-009
5.99 -5.78862e-005 5.69647e-006 -5.82173e-007 9.78611e-009 9.78611e-009
6 -5.90453e-005 5.14629e-006 -5.75913e-007 1.15996e-008 1.15996e-008
6.01 -5.97649e-005 4.61763e-006 -7.48159e-007 1.3481e-008 1.3481e-008
6.02 -5.98927e-005 4.07241e-006 -1.1476e-006 1.42952e-008 1.42952e-008
6.03 -5.93823e-005 3.45601e-006 -1.75205e-006 1.29981e-008 1.29981e-008
6.04 -5.82951e-005 2.71969e-006 -2.49872e-006 9.21566e-009 9.21566e-009
6.05 -5.67766e-005 1.87798e-006 -3.31771e-006 3.38944e-009 3.38944e-009
6.06 -5.50002e-005 1.02145e-006 -4.15181e-006 -3.51036e-009 -3.51036e-009
6.07 -5.31175e-005 2.61127e-007 -4.95972e-006 -1.03955e-008 -1.03955e-008
6.08 -5.12355e-005 -3.27618e-007 -5.7004e-006 -1.63571e-008 -1.63571e-008
6.09 -4.94002e-005 -7.29357e-007 -6.35298e-006 -2.0845e-008 -2.0845e-008
6.1 -4.76027e-005 -9.8463e-007 -6.92825e-006 -2.38099e-008 -2.38099e-008
6.11 -4.58292e-005 -1.15685e-006 -7.41996e-006 -2.57422e-008 -2.57422e-008
6.12 -4.41363e-005 -1.29919e-006 -7.76563e-006 -2.74646e-008 -2.74646e-008
6.13 -4.26443e-005 -1.44603e-006 -7.8882e-006 -2.97456e-008 -2.97456e-008
6.14 -4.15254e-005 -1.59989e-006 -7.70919e-006 -3.29621e-008 -3.29621e-008
6.15 -4.09939e-005 -1.73714e-006 -7.12993e-006 -3.69185e-008 -3.69185e-008
6.16 -4.12331e-005 -1.84294e-006 -6.08478e-006 -4.0848e-008 -4.0848e-008
6.17 -4.23189e-005 -1.92616e-006 -4.60004e-006 -4.36496e-008 -4.36496e-008
6.18 -4.4216e-005 -2.01023e-006 -2.7809e-006 -4.42913e-008 -4.42913e-008
6.19 -4.67947e-005 -2.14357e-006 -7.89783e-007 -4.21838e-008 -4.21838e-008
6.2 -4.98579e-005 -2.40729e-006 1.17812e-006 -3.73933e-008 -3.73933e-008
6.21 -5.323e-005 -2.86209e-006 2.98618e-006 -3.0633e-008 -3.0633e-008
6.22 -5.68436e-005 -3.47511e-006 4.63929e-006 -2.29787e-008 -2.29787e-008
6.23 -6.07881e-005 -4.11693e-006 6.23635e-006 -1.54178e-008 -1.54178e-008
6.24 -6.5145e-005 -4.64738e-006 7.82631e-006 -8.5309e-009 -8.5309e-009
6.25 -6.98927e-005 -5.02906e-006 9.30304e-006 -2.49661e-009 -2.49661e-009
6.26 -7.48431e-005 -5.35272e-006 1.04112e-005 2.70575e-009 2.70575e-009
6.27 -7.96528e-005 -5.75359e-006 1.08494e-005 7.16208e-009 7.16208e-009
6.28 -8.39614e-005 -6.29184e-006 1.04525e-005 1.10807e-008 1.10807e-008
6.29 -8.75956e-005 -6.89012e-006 9.3494e-006 1.49539e-008 1.49539e-008
6.3 -9.06477e-005 -7.36972e-006 7.93433e-006 1.96065e-008 1.96065e-008
6.31 -9.33323e-005 -7.56671e-006 6.59669e-006 2.58913e-008 2.58913e-008
6.32 -9.57748e-005 -7.42984e-006 5.4322e-006 3.40297e-008 3.40297e-008
6.33 -9.78924e-005 -7.00101e-006 4.24138e-006 4.309e-008 4.309e-008
6.34 -9.94255e-005 -6.35453e-006 2.73402e-006 5.12174e-008 5.12174e-008
6.35 -0.000100065 -5.56122e-006 7.54897e-007 5.66034e-008 5.66034e-008
6.36 -9.9627e-005 -4.65796e-006 -1.5779e-006 5.85114e-008 5.85114e-008
6.37 -9.82029e-005 -3.60698e-006 -3.85302e-006 5.76959e-008 5.76959e-008
6.38 -9.61621e-005 -2.31372e-006 -5.52231e-006 5.60402e-008 5.60402e-008
6.39 -9.39346e-005 -7.45838e-007 -6.2669e-006 5.55603e-008 5.55603e-008
6.4 -9.17194e-005 9.77949e-007 -6.21046e-006 5.7183e-008 5.7183e-008
6.41 -8.9496e-005 2.65687e-006 -5.66728e-006 6.01388e-008 6.01388e-008
6.42 -8.72157e-005 4.11695e-006 -4.7963e-006 6.26274e-008 6.26274e-008
6.43 -8.48687e-005 5.22427e-006 -3.59008e-006 6.31976e-008 6.31976e-008
6.44 -8.24907e-005 5.88424e-006 -2.00513e-006 6.15525e-008 6.15525e-008
6.45 -8.01987e-005 6.0896e-006 1.32087e-009 5.82954e-008 5.82954e-008
6.46 -7.8173e-005 5.93123e-006 2.44552e-006 5.42131e-008 5.42131e-008
6.47 -7.65274e-005 5.5272e-006 5.23005e-006 4.97273e-008 4.97273e-008
6.48 -7.52297e-005 4.94267e-006 8.09316e-006 4.46644e-008 4.46644e-008
6.49 -7.41066e-005 4.20201e-006 1.07284e-005 3.83978e-008 3.83978e-008
6.5 -7.29757e-005 3.32736e-006 1.29148e-005 3.03966e-008 3.03966e-008
6.51 -7.1726e-005 2.38331e-006 1.45246e-005 2.08115e-008 2.08115e-008
6.52 -7.02756e-005 1.46752e-006 1.5445e-005 1.05059e-008 1.05059e-008
6.53 -6.85207e-005 6.62918e-007 1.55132e-005 4.17247e-010 4.17247e-010
6.54 -6.63041e-005 2.45613e-008 1.4575e-005 -9.1629e-009 -9.1629e-009
6.55 -6.35065e-005 -3.64147e-007 1.26525e-005 -1.86592e-008 -1.86592e-008
6.56 -6.01499e-005 -3.83262e-007 1.00098e-005 -2.85413e-008 -2.85413e-008
6.57 -5.64082e-005 6.96516e-008 7.0128e-006 -3.8586e-008 -3.8586e-008
6.58 -5.25704e-005 1.02814e-006 3.96173e-006 -4.77683e-008 -4.77683e-008
6.59 -4.89568e-005 2.43361e-006 9.99204e-007 -5.47982e-008 -5.47982e-008
6.6 -4.57755e-005 4.15675e-006 -1.92092e-006 -5.88083e-008 -5.88083e-008
6.61 -4.31193e-005 6.04346e-006 -4.91192e-006 -5.97131e-008 -5.97131e-008
6.62 -4.09697e-005 8.00548e-006 -8.03428e-006 -5.80724e-008 -5.80724e-008
6.63 -3.9181e-005 1.00153e-005 -1.12217e-005 -5.46426e-008 -5.46426e-008
6.64 -3.74808e-005 1.20348e-005 -1.42851e-005 -4.99924e-008 -4.99924e-008
6.65 -3.56083e-005 1.39872e-005 -1.69787e-005 -4.44482e-008 -4.44482e-008
6.66 -3.31907e-005 1.57914e-005 -1.91677e-005 -3.83097e-008 -3.83097e-008
6.67 -3.02826e-005 1.72526e-005 -2.06903e-005 -3.20672e-008 -3.20672e-008
6.68 -2.73436e-005 1.8186e-005 -2.13919e-005 -2.63649e-008 -2.63649e-008
6.69 -2.47419e-005 1.85556e-005 -2.11912e-005 -2.16391e-008 -2.16391e-008
6.7 -2.26626e-005 1.84143e-005 -2.00631e-005 -1.76532e-008 -1.76532e-008
6.71 -2.11559e-005 1.78018e-005 -1.80693e-005 -1.34118e-008 -1.34118e-008
6.72 -2.02559e-005 1.67117e-005 -1.53728e-005 -7.76835e-009 -7.76835e-009
6.73 -1.99248e-005 1.52e-005 -1.22014e-005 -3.15465e-010 -3.15465e-010
6.74 -2.01099e-005 1.34451e-005 -8.74281e-006 8.18292e-009 8.18292e-009
6.75 -2.08019e-005 1.17027e-005 -5.15189e-006 1.60288e-008 1.60288e-008
6.76 -2.20072e-005 1.02014e-005 -1.5881e-006 2.12028e-008 2.12028e-008
6.77 -2.37963e-005 9.06851e-006 1.82515e-006 2.20704e-008 2.20704e-008
6.78 -2.62444e-005 8.33591e-006 4.9738e-006 1.79747e-008 1.79747e-008
6.79 -2.93202e-005 7.99683e-006 7.68563e-006 9.42301e-009 9.42301e-009
6.8 -3.30154e-005 8.01725e-006 9.7504e-006 -2.24007e-009 -2.24007e-009
6.81 -3.71575e-005 8.38383e-006 1.09766e-005 -1.53464e-008 -1.53464e-008
6.82 -4.14393e-005 9.091e-006 1.13109e-005 -2.82367e-008 -2.82367e-008
6.83 -4.55355e-005 1.01138e-005 1.07966e-005 -3.94334e-008 -3.94334e-008
6.84 -4.90973e-005 1.13796e-005 9.48459e-006 -4.79073e-008 -4.79073e-008
6.85 -5.18065e-005 1.27858e-005 7.43366e-006 -5.3424e-008 -5.3424e-008
6.86 -5.34944e-005 1.42444e-005 4.7963e-006 -5.65923e-008 -5.65923e-008
6.87 -5.42862e-005 1.56709e-005 1.82993e-006 -5.8417e-008 -5.8417e-008
6.88 -5.44521e-005 1.69603e-005 -1.25333e-006 -5.96927e-008 -5.96927e-008
6.89 -5.42041e-005 1.79729e-005 -4.39047e-006 -6.06672e-008 -6.06672e-008
6.9 -5.36559e-005 1.85605e-005 -7.59035e-006 -6.09812e-008 -6.09812e-008
6.91 -5.28784e-005 1.86405e-005 -1.07749e-005 -5.97038e-008 -5.97038e-008
6.92 -5.19577e-005 1.82503e-005 -1.37348e-005 -5.55225e-008 -5.55225e-008
6.93 -5.08952e-005 1.74961e-005 -1.62859e-005 -4.73134e-008 -4.73134e-008
6.94 -4.95547e-005 1.64463e-005 -1.84056e-005 -3.49724e-008 -3.49724e-008
6.95 -4.77596e-005 1.50861e-005 -2.01467e-005 -1.98528e-008 -1.98528e-008
6.96 -4.54279e-005 1.33956e-005 -2.1437e-005 -4.27428e-009 -4.27428e-009
6.97 -4.26685e-005 1.14441e-005 -2.20652e-005 9.5919e-009 9.5919e-009
6.98 -3.96983e-005 9.40435e-006 -2.18222e-005 2.05713e-008 2.05713e-008
6.99 -3.67483e-005 7.4899e-006 -2.06323e-005 2.85537e-008 2.85537e-008
7 -3.40305e-005 5.86127e-006 -1.85361e-005 3.40788e-008 3.40788e-008
7.01 -3.18149e-005 4.61741e-006 -1.55487e-005 3.80225e-008 3.80225e-008
7.02 -3.04147e-005 3.81224e-006 -1.16752e-005 4.14593e-008 4.14593e-008
7.03 -3.00339e-005 3.4188e-006 -7.09127e-006 4.52768e-008 4.52768e-008
7.04 -3.06539e-005 3.27928e-006 -2.22846e-006 4.94443e-008 4.94443e-008
7.05 -3.18806e-005 3.14232e-006 2.29874e-006 5.25085e-008 5.25085e-008
7.06 -3.3356e-005 2.72379e-006 6.02953e-006 5.19424e-008 5.19424e-008
7.07 -3.51999e-005 1.94248e-006 8.79263e-006 4.53184e-008 4.53184e-008
7.08 -3.73532e-005 8.7395e-007 1.07216e-005 3.15216e-008 3.15216e-008
7.09 -3.9828e-005 -3.62121e-007 1.19627e-005 1.11461e-008 1.11461e-008
7.1 -4.26258e-005 -1.67822e-006 1.25342e-005 -1.39602e-008 -1.39602e-008
7.11 -4.56372e-005 -3.01642e-006 1.23755e-005 -4.1334e-008 -4.1334e-008
7.12 -4.87033e-005 -4.29621e-006 1.14395e-005 -6.82691e-008 -6.82691e-008
7.13 -5.16113e-005 -5.43921e-006 9.72446e-006 -9.2099e-008 -9.2099e-008
7.14 -5.41255e-005 -6.41775e-006 7.25598e-006 -1.10694e-007 -1.10694e-007
7.15 -5.60306e-005 -7.2509e-006 4.10689e-006 -1.23021e-007 -1.23021e-007
7.16 -5.72088e-005 -7.96835e-006 4.2526e-007 -1.29306e-007 -1.29306e-007
7.17 -5.77328e-005 -8.5965e-006 -3.5641e-006 -1.30665e-007 -1.30665e-007
7.18 -5.77946e-005 -9.1867e-006 -7.6054e-006 -1.28504e-007 -1.28504e-007
7.19 -5.76618e-005 -9.76727e-006 -1.14183e-005 -1.23998e-007 -1.23998e-007
7.2 -5.75884e-005 -1.03291e-005 -1.47677e-005 -1.17718e-007 -1.17718e-007
7.21 -5.78096e-005 -1.08233e-005 -1.74797e-005 -1.09452e-007 -1.09452e-007
7.22 -5.86118e-005 -1.11706e-005 -1.93776e-005 -9.82515e-008 -9.82515e-008
7.23 -6.01832e-005 -1.12654e-005 -2.02942e-005 -8.27141e-008 -8.27141e-008
7.24 -6.2638e-005 -1.10462e-005 -2.01392e-005 -6.15717e-008 -6.15717e-008
7.25 -6.59494e-005 -1.0533e-005 -1.89549e-005 -3.44843e-008 -3.44843e-008
7.26 -6.98688e-005 -9.82617e-006 -1.68507e-005 -2.61913e-009 -2.61913e-009
7.27 -7.4057e-005 -9.04625e-006 -1.39295e-005 3.14371e-008 3.14371e-008
7.28 -7.82362e-005 -8.29087e-006 -1.0268e-005 6.44966e-008 6.44966e-008
7.29 -8.22277e-005 -7.61517e-006 -5.97517e-006 9.37321e-008 9.37321e-008
7.3 -8.59344e-005 -7.02261e-006 -1.22202e-006 1.17216e-007 1.17216e-007
7.31 -8.93843e-005 -6.48048e-006 3.84331e-006 1.34097e-007 1.34097e-007
7.32 -9.27203e-005 -5.9262e-006 9.06281e-006 1.44647e-007 1.44647e-007
7.33 -9.61e-005 -5.34369e-006 1.41118e-005 1.50001e-007 1.50001e-007
7.34 -9.93199e-005 -4.80961e-006 1.84072e-005 1.51338e-007 1.51338e-007
7.35 -0.000101812 -4.40325e-006 2.13935e-005 1.49e-007 1.49e-007
7.36 -0.000103179 -4.10829e-006 2.28815e-005 1.42408e-007 1.42408e-007
7.37 -0.000103382 -3.79414e-006 2.30845e-005 1.30859e-007 1.30859e-007
7.38 -0.000102607 -3.32287e-006 2.23367e-005 1.14163e-007 1.14163e-007
7.39 -0.000101042 -2.67207e-006 2.08134e-005 9.25526e-008 9.25526e-008
7.4 -9.88472e-005 -1.9029e-006 1.85454e-005 6.63815e-008 6.63815e-008
7.41 -9.61979e-005 -1.05087e-006 1.56052e-005 3.6348e-008 3.6348e-008
7.42 -9.3303e-005 -8.24522e-008 1.22051e-005 4.14893e-009 4.14893e-009
7.43 -9.03502e-005 1.04978e-006 8.59527e-006 -2.72757e-008 -2.72757e-008
7.44 -8.73271e-005 2.32682e-006 4.85117e-006 -5.45018e-008 -5.45018e-008
7.45 -8.40008e-005 3.66542e-006 8.72419e-007 -7.49723e-008 -7.49723e-008
7.46 -8.00704e-005 5.00302e-006 -3.39585e-006 -8.78835e-008 -8.78835e-008
7.47 -7.51231e-005 6.3731e-006 -7.79607e-006 -9.39952e-008 -9.39952e-008
7.48 -6.9671e-005 7.77955e-006 -1.1779e-005 -9.47891e-008 -9.47891e-008
7.49 -6.41352e-005 9.29564e-006 -1.48255e-005 -9.17352e-008 -9.17352e-008
7.5 -5.88767e-005 1.09816e-005 -1.66629e-005 -8.59279e-008 -8.59279e-008
7.51 -5.41626e-005 1.28582e-005 -1.7303e-005 -7.79365e-008 -7.79365e-008
7.52 -5.01615e-005 1.49122e-005 -1.68888e-005 -6.76663e-008 -6.76663e-008
7.53 -4.69681e-005 1.70754e-005 -1.55358e-005 -5.43022e-008 -5.43022e-008
7.54 -4.4593e-005 1.92121e-005 -1.33589e-005 -3.66817e-008 -3.66817e-008
7.55 -4.28723e-005 2.11638e-005 -1.05361e-005 -1.41634e-008 -1.41634e-008
7.56 -4.14553e-005 2.27764e-005 -7.378e-006 1.24832e-008 1.24832e-008
7.57 -3.98939e-005 2.39172e-005 -4.25468e-006 4.0782e-008 4.0782e-008
7.58 -3.79379e-005 2.45357e-005 -1.33746e-006 6.71488e-008 6.71488e-008
7.59 -3.57301e-005 2.47196e-005 1.54867e-006 8.81346e-008 8.81346e-008
7.6 -3.37087e-005 2.46282e-005 4.65248e-006 1.01535e-007 1.01535e-007
7.61 -3.20726e-005 2.44081e-005 7.9671e-006 1.06686e-007 1.06686e-007
7.62 -3.10922e-005 2.40316e-005 1.10229e-005 1.04088e-007 1.04088e-007
7.63 -3.07177e-005 2.33964e-005 1.32458e-005 9.50384e-008 9.50384e-008
7.64 -3.09319e-005 2.24439e-005 1.431e-005 8.15025e-008 8.15025e-008
7.65 -3.14436e-005 2.12367e-005 1.42967e-005 6.58101e-008 6.58101e-008
7.66 -3.2164e-005 1.98901e-005 1.35027e-005 4.9902e-008 4.9902e-008
7.67 -3.32313e-005 1.85286e-005 1.22517e-005 3.45858e-008 3.45858e-008
7.68 -3.47868e-005 1.72238e-005 1.06825e-005 1.9331e-008 1.9331e-008
7.69 -3.68708e-005 1.59642e-005 8.69057e-006 2.62903e-009 2.62903e-009
7.7 -3.94719e-005 1.47272e-005 6.16554e-006 -1.71632e-008 -1.71632e-008
7.71 -4.26027e-005 1.35637e-005 3.22472e-006 -4.06312e-008 -4.06312e-008
7.72 -4.63172e-005 1.25706e-005 1.61896e-007 -6.63462e-008 -6.63462e-008
7.73 -5.05774e-005 1.18203e-005 -2.78232e-006 -9.09208e-008 -9.09208e-008
7.74 -5.52073e-005 1.13347e-005 -5.4948e-006 -1.10186e-007 -1.10186e-007
7.75 -5.99943e-005 1.1116e-005 -7.85882e-006 -1.20702e-007 -1.20702e-007
7.76 -6.48421e-005 1.11416e-005 -9.68607e-006 -1.20741e-007 -1.20741e-007
7.77 -6.96815e-005 1.1348e-005 -1.07931e-005 -1.10579e-007 -1.10579e-007
7.78 -7.43712e-005 1.16295e-005 -1.11412e-005 -9.23082e-008 -9.23082e-008
7.79 -7.86739e-005 1.18526e-005 -1.08947e-005 -6.92135e-008 -6.92135e-008
7.8 -8.23396e-005 1.18887e-005 -1.02833e-005 -4.4702e-008 -4.4702e-008
7.81 -8.52096e-005 1.16561e-005 -9.42248e-006 -2.11257e-008 -2.11257e-008
7.82 -8.73062e-005 1.11625e-005 -8.21845e-006 8.79921e-010 8.79921e-010
7.83 -8.88678e-005 1.05011e-005 -6.39406e-006 2.22291e-008 2.22291e-008
7.84 -9.0237e-005 9.76874e-006 -3.69223e-006 4.45755e-008 4.45755e-008
7.85 -9.16099e-005 8.98566e-006 -1.22934e-007 6.92474e-008 6.92474e-008
7.86 -9.30529e-005 8.08418e-006 4.06705e-006 9.63642e-008 9.63642e-008
7.87 -9.4742e-005 6.93426e-006 8.55817e-006 1.24545e-007 1.24545e-007
7.88 -9.67098e-005 5.47323e-006 1.29591e-005 1.51245e-007 1.51245e-007
7.89 -9.87914e-005 3.69436e-006 1.68741e-005 1.73353e-007 1.73353e-007
7.9 -0.000100825 1.62763e-006 1.99344e-005 1.87826e-007 1.87826e-007
7.91 -0.000102475 -7.21515e-007 2.19246e-005 1.92398e-007 1.92398e-007
7.92 -0.000103476 -3.29022e-006 2.28089e-005 1.86236e-007 1.86236e-007
7.93 -0.000103794 -5.92103e-006 2.27763e-005 1.70227e-007 1.70227e-007
7.94 -0.000103506 -8.39045e-006 2.21137e-005 1.4668e-007 1.4668e-007
7.95 -0.000102758 -1.04747e-005 2.10107e-005 1.18603e-007 1.18603e-007
7.96 -0.000101739 -1.20429e-005 1.94415e-005 8.88413e-008 8.88413e-008
7.97 -0.000100546 -1.30633e-005 1.72554e-005 5.94169e-008 5.94169e-008
7.98 -9.91812e-005 -1.35476e-005 1.43285e-005 3.14184e-008 3.14184e-008
7.99 -9.75997e-005 -1.35249e-005 1.0714e-005 5.334e-009 5.334e-009
8 -9.57735e-005 -1.30395e-005 6.68328e-006 -1.85907e-008 -1.85907e-008
8.01 -9.37135e-005 -1.21797e-005 2.57687e-006 -4.02216e-008 -4.02216e-008
8.02 -9.14086e-005 -1.10969e-005 -1.3899e-006 -5.96089e-008 -5.96089e-008
8.03 -8.87905e-005 -9.97292e-006 -5.16927e-006 -7.7007e-008 -7.7007e-008
8.04 -8.58655e-005 -8.92054e-006 -8.67669e-006 -9.25459e-008 -9.25459e-008
8.05 -8.28238e-005 -7.90844e-006 -1.16739e-005 -1.05643e-007 -1.05643e-007
8.06 -7.98658e-005 -6.85987e-006 -1.39551e-005 -1.14747e-007 -1.14747e-007
8.07 -7.70641e-005 -5.783e-006 -1.55095e-005 -1.17893e-007 -1.17893e-007
8.08 -7.4277e-005 -4.77444e-006 -1.64911e-005 -1.1369e-007 -1.1369e-007
8.09 -7.12978e-005 -3.94429e-006 -1.69493e-005 -1.01914e-007 -1.01914e-007
8.1 -6.80081e-005 -3.36554e-006 -1.67263e-005 -8.33799e-008 -8.33799e-008
8.11 -6.44147e-005 -3.0721e-006 -1.56151e-005 -5.96099e-008 -5.96099e-008
8.12 -6.05712e-005 -3.05192e-006 -1.35434e-005 -3.2739e-008 -3.2739e-008
8.13 -5.66316e-005 -3.26282e-006 -1.06019e-005 -5.38815e-009 -5.38815e-009
8.14 -5.27969e-005 -3.65728e-006 -7.02425e-006 1.98629e-008 1.98629e-008
8.15 -4.93133e-005 -4.22658e-006 -3.13428e-006 4.11703e-008 4.11703e-008
8.16 -4.64435e-005 -5.0137e-006 7.57096e-007 5.77456e-008 5.77456e-008
8.17 -4.4381e-005 -5.97679e-006 4.31838e-006 6.96273e-008 6.96273e-008
8.18 -4.31404e-005 -7.00582e-006 7.30813e-006 7.72162e-008 7.72162e-008
8.19 -4.26235e-005 -7.91639e-006 9.57878e-006 8.09124e-008 8.09124e-008
8.2 -4.26412e-005 -8.54817e-006 1.10431e-005 8.08677e-008 8.08677e-008
8.21 -4.29649e-005 -8.82742e-006 1.16358e-005 7.67625e-008 7.67625e-008
8.22 -4.33552e-005 -8.76996e-006 1.13299e-005 6.77525e-008 6.77525e-008
8.23 -4.36198e-005 -8.46278e-006 1.01276e-005 5.28042e-008 5.28042e-008
8.24 -4.36234e-005 -8.02872e-006 8.06236e-006 3.13687e-008 3.13687e-008
8.25 -4.3324e-005 -7.57148e-006 5.2317e-006 4.05514e-009 4.05514e-009
8.26 -4.27575e-005 -7.13554e-006 1.80127e-006 -2.7098e-008 -2.7098e-008
8.27 -4.19843e-005 -6.70908e-006 -2.05271e-006 -5.90007e-008 -5.90007e-008
8.28 -4.10149e-005 -6.25253e-006 -6.18745e-006 -8.84276e-008 -8.84276e-008
8.29 -3.97961e-005 -5.70688e-006 -1.04503e-005 -1.12954e-007 -1.12954e-007
8.3 -3.83832e-005 -5.04346e-006 -1.46465e-005 -1.31412e-007 -1.31412e-007
8.31 -3.68798e-005 -4.29205e-006 -1.86296e-005 -1.43849e-007 -1.43849e-007
8.32 -3.5296e-005 -3.52168e-006 -2.23154e-005 -1.51219e-007 -1.51219e-007
8.33 -3.37187e-005 -2.8126e-006 -2.56107e-005 -1.54908e-007 -1.54908e-007
8.34 -3.19028e-005 -2.22434e-006 -2.84724e-005 -1.56067e-007 -1.56067e-007
8.35 -2.98074e-005 -1.71356e-006 -3.07704e-005 -1.55078e-007 -1.55078e-007
8.36 -2.7637e-005 -1.2605e-006 -3.23273e-005 -1.51538e-007 -1.51538e-007
8.37 -2.52513e-005 -8.75096e-007 -3.31196e-005 -1.44685e-007 -1.44685e-007
8.38 -2.2791e-005 -6.41382e-007 -3.30603e-005 -1.33774e-007 -1.33774e-007
8.39 -2.00252e-005 -6.74654e-007 -3.21416e-005 -1.18281e-007 -1.18281e-007
8.4 -1.68668e-005 -1.03733e-006 -3.03427e-005 -9.80968e-008 -9.80968e-008
8.41 -1.33984e-005 -1.7556e-006 -2.77207e-005 -7.3943e-008 -7.3943e-008
8.42 -9.73252e-006 -2.81792e-006 -2.44823e-005 -4.77283e-008 -4.77283e-008
8.43 -5.98299e-006 -4.16749e-006 -2.09121e-005 -2.23262e-008 -2.23262e-008
8.44 -2.27438e-006 -5.71933e-006 -1.73003e-005 -7.77473e-010 -7.77473e-010
8.45 1.31944e-006 -7.39699e-006 -1.39217e-005 1.45364e-008 1.45364e-008
8.46 4.75021e-006 -9.14424e-006 -1.10155e-005 2.23286e-008 2.23286e-008
8.47 7.99119e-006 -1.09003e-005 -8.75836e-006 2.24164e-008 2.24164e-008
8.48 1.09645e-005 -1.25837e-005 -7.27595e-006 1.54484e-008 1.54484e-008
8.49 1.36568e-005 -1.41235e-005 -6.67707e-006 2.45366e-009 2.45366e-009
8.5 1.61709e-005 -1.54537e-005 -7.08257e-006 -1.56372e-008 -1.56372e-008
8.51 1.86225e-005 -1.65065e-005 -8.53708e-006 -3.81918e-008 -3.81918e-008
8.52 2.12227e-005 -1.72535e-005 -1.0914e-005 -6.46223e-008 -6.46223e-008
8.53 2.39404e-005 -1.76281e-005 -1.38714e-005 -9.39456e-008 -9.39456e-008
8.54 2.65481e-005 -1.761e-005 -1.7092e-005 -1.24655e-007 -1.24655e-007
8.55 2.88339e-005 -1.72433e-005 -2.03684e-005 -1.55054e-007 -1.55054e-007
8.56 3.07595e-005 -1.664e-005 -2.36672e-005 -1.83687e-007 -1.83687e-007
8.57 3.24924e-005 -1.59153e-005 -2.70492e-005 -2.09502e-007 -2.09502e-007
8.58 3.424e-005 -1.51502e-005 -3.05329e-005 -2.31693e-007 -2.31693e-007
8.59 3.58518e-005 -1.43346e-005 -3.39333e-005 -2.49434e-007 -2.49434e-007
8.6 3.73157e-005 -1.34658e-005 -3.71247e-005 -2.61821e-007 -2.61821e-007
8.61 3.86651e-005 -1.26367e-005 -4.0113e-005 -2.68186e-007 -2.68186e-007
8.62 4.0317e-005 -1.19795e-005 -4.29761e-005 -2.68535e-007 -2.68535e-007
8.63 4.23206e-005 -1.16488e-005 -4.56605e-005 -2.63581e-007 -2.63581e-007
8.64 4.4731e-005 -1.17372e-005 -4.80564e-005 -2.54265e-007 -2.54265e-007
8.65 4.72354e-005 -1.23438e-005 -4.99103e-005 -2.41248e-007 -2.41248e-007
8.66 4.97969e-005 -1.34552e-005 -5.10655e-005 -2.24745e-007 -2.24745e-007
8.67 5.21831e-005 -1.49483e-005 -5.13332e-005 -2.04647e-007 -2.04647e-007
8.68 5.42534e-005 -1.6636e-005 -5.05885e-005 -1.80716e-007 -1.80716e-007
8.69 5.571e-005 -1.83256e-005 -4.87759e-005 -1.52929e-007 -1.52929e-007
8.7 5.64006e-005 -1.98842e-005 -4.59883e-005 -1.21941e-007 -1.21941e-007
8.71 5.63221e-005 -2.12099e-005 -4.24812e-005 -8.93697e-008 -8.93697e-008
8.72 5.5406e-005 -2.2186e-005 -3.851e-005 -5.75774e-008 -5.75774e-008
8.73 5.3509e-005 -2.26965e-005 -3.42018e-005 -2.90029e-008 -2.90029e-008
8.74 5.02995e-005 -2.26581e-005 -2.9645e-005 -5.52001e-009 -5.52001e-009
8.75 4.5775e-005 -2.21211e-005 -2.50262e-005 1.16854e-008 1.16854e-008
8.76 4.01101e-005 -2.11944e-005 -2.06753e-005 2.18225e-008 2.18225e-008
8.77 3.36602e-005 -1.9999e-005 -1.68719e-005 2.43256e-008 2.43256e-008
8.78 2.66226e-005 -1.8525e-005 -1.37219e-005 1.91296e-008 1.91296e-008
8.79 1.8959e-005 -1.66649e-005 -1.10515e-005 7.11126e-009 7.11126e-009
8.8 1.05419e-005 -1.4285e-005 -8.61183e-006 -9.85438e-009 -9.85438e-009
8.81 1.20381e-006 -1.1331e-005 -6.20792e-006 -2.94029e-008 -2.94029e-008
8.82 -9.03483e-006 -7.87257e-006 -3.76918e-006 -4.93935e-008 -4.93935e-008
8.83 -1.98541e-005 -4.08592e-006 -1.42319e-006 -6.8381e-008 -6.8381e-008
8.84 -2.92967e-005 -2.991e-007 4.45587e-007 -8.56996e-008 -8.56996e-008
8.85 -3.75841e-005 3.13434e-006 1.3956e-006 -1.01323e-007 -1.01323e-007
8.86 -4.53024e-005 6.16865e-006 1.31103e-006 -1.15602e-007 -1.15602e-007
8.87 -5.18247e-005 8.72503e-006 1.24716e-007 -1.28717e-007 -1.28717e-007
8.88 -5.68552e-005 1.08347e-005 -1.93411e-006 -1.40165e-007 -1.40165e-007
8.89 -6.05039e-005 1.25953e-005 -4.41474e-006 -1.48741e-007 -1.48741e-007
8.9 -6.30949e-005 1.40789e-005 -6.87651e-006 -1.52889e-007 -1.52889e-007
8.91 -6.50739e-005 1.52993e-005 -9.03081e-006 -1.51207e-007 -1.51207e-007
8.92 -6.6791e-005 1.62572e-005 -1.07191e-005 -1.42795e-007 -1.42795e-007
8.93 -6.86061e-005 1.70054e-005 -1.17751e-005 -1.27136e-007 -1.27136e-007
8.94 -7.0806e-005 1.76439e-005 -1.20028e-005 -1.03762e-007 -1.03762e-007
8.95 -7.3601e-005 1.8267e-005 -1.12315e-005 -7.22565e-008 -7.22565e-008
8.96 -7.70564e-005 1.89283e-005 -9.36555e-006 -3.27698e-008 -3.27698e-008
8.97 -8.12302e-005 1.967e-005 -6.36707e-006 1.34084e-008 1.34084e-008
8.98 -8.60509e-005 2.05534e-005 -2.32687e-006 6.3777e-008 6.3777e-008
8.99 -9.1541e-005 2.16183e-005 2.58504e-006 1.1505e-007 1.1505e-007
9 -9.76723e-005 2.29242e-005 8.06572e-006 1.63708e-007 1.63708e-007
9.01 -0.000103993 2.45612e-005 1.37561e-005 2.0648e-007 2.0648e-007
9.02 -0.000110344 2.65351e-005 1.94317e-005 2.40965e-007 2.40965e-007
9.03 -0.000115698 2.90104e-005 2.51838e-005 2.66302e-007 2.66302e-007
9.04 -0.000119692 3.19606e-005 3.07961e-005 2.83201e-007 2.83201e-007
9.05 -0.000122732 3.52185e-005 3.60931e-005 2.93135e-007 2.93135e-007
9.06 -0.000125128 3.85656e-005 4.09295e-005 2.97362e-007 2.97362e-007
9.07 -0.000127113 4.17673e-005 4.52936e-005 2.96438e-007 2.96438e-007
9.08 -0.00012901 4.45347e-005 4.90487e-005 2.90299e-007 2.90299e-007
9.09 -0.000131255 4.66194e-005 5.21497e-005 2.78626e-007 2.78626e-007
9.1 -0.000134189 4.78588e-005 5.4495e-005 2.61233e-007 2.61233e-007
9.11 -0.000138307 4.81667e-005 5.58727e-005 2.38305e-007 2.38305e-007
9.12 -0.000143239 4.75401e-005 5.60273e-005 2.10455e-007 2.10455e-007
9.13 -0.000148457 4.60887e-005 5.48533e-005 1.78657e-007 1.78657e-007
9.14 -0.000153923 4.39143e-005 5.23535e-005 1.44161e-007 1.44161e-007
9.15 -0.000159405 4.11636e-005 4.87689e-005 1.08688e-007 1.08688e-007
9.16 -0.000164462 3.80383e-005 4.45031e-005 7.45682e-008 7.45682e-008
9.17 -0.000168846 3.47171e-005 3.9892e-005 4.42967e-008 4.42967e-008
9.18 -0.000172312 3.12976e-005 3.50671e-005 1.97594e-008 1.97594e-008
9.19 -0.000174698 2.7799e-005 3.00448e-005 1.80316e-009 1.80316e-009
9.2 -0.000175858 2.41997e-005 2.49238e-005 -9.55727e-009 -9.55727e-009
9.21 -0.000175604 2.04975e-005 1.99932e-005 -1.45115e-008 -1.45115e-008
9.22 -0.000173693 1.67742e-005 1.56405e-005 -1.29458e-008 -1.29458e-008
9.23 -0.000170002 1.31929e-005 1.21748e-005 -4.46756e-009 -4.46756e-009
9.24 -0.000164745 9.92648e-006 9.69113e-006 1.10846e-008 1.10846e-008
9.25 -0.000158386 7.05932e-006 8.06487e-006 3.30696e-008 3.30696e-008
9.26 -0.000151364 4.59104e-006 7.03891e-006 5.98285e-008 5.98285e-008
9.27 -0.000143893 2.55338e-006 6.44712e-006 8.89333e-008 8.89333e-008
9.28 -0.000136138 9.83206e-007 6.28725e-006 1.17783e-007 1.17783e-007
9.29 -0.000128557 -6.05952e-008 6.69721e-006 1.44241e-007 1.44241e-007
9.3 -0.000121469 -6.44048e-007 7.68987e-006 1.6688e-007 1.6688e-007
9.31 -0.000115074 -9.59715e-007 9.11176e-006 1.84731e-007 1.84731e-007
9.32 -0.000109379 -1.24903e-006 1.07592e-005 1.96914e-007 1.96914e-007
9.33 -0.000104135 -1.63283e-006 1.25253e-005 2.02607e-007 2.02607e-007
9.34 -9.92814e-005 -2.1877e-006 1.42244e-005 2.01236e-007 2.01236e-007
9.35 -9.46981e-005 -2.96956e-006 1.56684e-005 1.92635e-007 1.92635e-007
9.36 -9.01612e-005 -3.99464e-006 1.66959e-005 1.77062e-007 1.77062e-007
9.37 -8.55916e-005 -5.23152e-006 1.71644e-005 1.55057e-007 1.55057e-007
9.38 -8.08362e-005 -6.60896e-006 1.69448e-005 1.27151e-007 1.27151e-007
9.39 -7.58323e-005 -8.04686e-006 1.59143e-005 9.36526e-008 9.36526e-008
9.4 -7.04605e-005 -9.46536e-006 1.40011e-005 5.47696e-008 5.47696e-008
9.41 -6.45426e-005 -1.07662e-005 1.12631e-005 1.1099e-008 1.1099e-008
9.42 -5.81048e-005 -1.18543e-005 7.84984e-006 -3.58936e-008 -3.58936e-008
9.43 -5.13088e-005 -1.27179e-005 3.88581e-006 -8.3868e-008 -8.3868e-008
9.44 -4.42069e-005 -1.34014e-005 -6.06309e-007 -1.30154e-007 -1.30154e-007
9.45 -3.65687e-005 -1.39539e-005 -5.71581e-006 -1.72446e-007 -1.72446e-007
9.46 -2.84145e-005 -1.442e-005 -1.13119e-005 -2.09136e-007 -2.09136e-007
9.47 -1.99168e-005 -1.47661e-005 -1.71064e-005 -2.39139e-007 -2.39139e-007
9.48 -1.14698e-005 -1.48909e-005 -2.2739e-005 -2.6153e-007 -2.6153e-007
9.49 -3.71176e-006 -1.46762e-005 -2.77607e-005 -2.75431e-007 -2.75431e-007
9.5 3.11368e-006 -1.40286e-005 -3.19523e-005 -2.80228e-007 -2.80228e-007
9.51 9.11503e-006 -1.29394e-005 -3.53265e-005 -2.75852e-007 -2.75852e-007
9.52 1.45712e-005 -1.14825e-005 -3.80292e-005 -2.62886e-007 -2.62886e-007
9.53 1.96247e-005 -9.69986e-006 -4.00505e-005 -2.42338e-007 -2.42338e-007
9.54 2.40862e-005 -7.56807e-006 -4.11348e-005 -2.15173e-007 -2.15173e-007
9.55 2.74934e-005 -5.06783e-006 -4.09676e-005 -1.82048e-007 -1.82048e-007
9.56 2.94694e-005 -2.23536e-006 -3.93926e-005 -1.43586e-007 -1.43586e-007
9.57 2.98283e-005 8.37475e-007 -3.65013e-005 -1.00976e-007 -1.00976e-007
9.58 2.85774e-005 4.07214e-006 -3.25413e-005 -5.63e-008 -5.63e-008
9.59 2.56625e-005 7.43663e-006 -2.77349e-005 -1.22578e-008 -1.22578e-008
9.6 2.13034e-005 1.09703e-005 -2.22587e-005 2.85137e-008 2.85137e-008
9.61 1.63514e-005 1.4675e-005 -1.63076e-005 6.39283e-008 6.39283e-008
9.62 1.18394e-005 1.84056e-005 -1.02796e-005 9.23824e-008 9.23824e-008
9.63 8.44981e-006 2.19125e-005 -4.82793e-006 1.1256e-007 1.1256e-007
9.64 6.12844e-006 2.50994e-005 -2.92207e-007 1.23669e-007 1.23669e-007
9.65 4.19837e-006 2.8103e-005 3.48682e-006 1.25647e-007 1.25647e-007
9.66 2.35726e-006 3.10291e-005 6.71027e-006 1.18968e-007 1.18968e-007
9.67 2.66783e-007 3.38592e-005 9.555e-006 1.04474e-007 1.04474e-007
9.68 -2.0852e-006 3.64721e-005 1.18577e-005 8.33602e-008 8.33602e-008
9.69 -4.80108e-006 3.86955e-005 1.33474e-005 5.70709e-008 5.70709e-008
9.7 -8.12336e-006 4.04032e-005 1.39407e-005 2.72292e-008 2.72292e-008
9.71 -1.2063e-005 4.16016e-005 1.37222e-005 -4.32069e-009 -4.32069e-009
9.72 -1.6579e-005 4.23456e-005 1.28133e-005 -3.56463e-008 -3.56463e-008
9.73 -2.14437e-005 4.27532e-005 1.12768e-005 -6.50987e-008 -6.50987e-008
9.74 -2.65423e-005 4.29683e-005 9.26593e-006 -9.15331e-008 -9.15331e-008
9.75 -3.1781e-005 4.31613e-005 7.0337e-006 -1.14109e-007 -1.14109e-007
9.76 -3.69476e-005 4.34938e-005 4.75049e-006 -1.31976e-007 -1.31976e-007
9.77 -4.20056e-005 4.40244e-005 2.44421e-006 -1.44298e-007 -1.44298e-007
9.78 -4.68298e-005 4.47203e-005 4.26701e-008 -1.50495e-007 -1.50495e-007
9.79 -5.10819e-005 4.55303e-005 -2.44768e-006 -1.5015e-007 -1.5015e-007
9.8 -5.47382e-005 4.6399e-005 -4.74967e-006 -1.42567e-007 -1.42567e-007
9.81 -5.77453e-005 4.73275e-005 -6.46892e-006 -1.26665e-007 -1.26665e-007
9.82 -6.01957e-005 4.83162e-005 -7.12545e-006 -1.01543e-007 -1.01543e-007
9.83 -6.23869e-005 4.93199e-005 -6.32415e-006 -6.72188e-008 -6.72188e-008
9.84 -6.45421e-005 5.02583e-005 -3.93964e-006 -2.49023e-008 -2.49023e-008
9.85 -6.69249e-005 5.10095e-005 -9.70929e-008 2.32497e-008 2.32497e-008
9.86 -6.95346e-005 5.14475e-005 4.8865e-006 7.4486e-008 7.4486e-008
9.87 -7.2814e-005 5.14591e-005 1.0724e-005 1.25866e-007 1.25866e-007
9.88 -7.6939e-005 5.10147e-005 1.71826e-005 1.74753e-007 1.74753e-007
9.89 -8.20188e-005 5.01008e-005 2.38898e-005 2.19108e-007 2.19108e-007
9.9 -8.79147e-005 4.87335e-005 3.0474e-005 2.57402e-007 2.57402e-007
9.91 -9.47331e-005 4.6932e-005 3.66605e-005 2.88387e-007 2.88387e-007
9.92 -0.000102281 4.47371e-005 4.23608e-005 3.11022e-007 3.11022e-007
9.93 -0.000110563 4.21872e-005 4.75787e-005 3.24611e-007 3.24611e-007
9.94 -0.000119553 3.93171e-005 5.23187e-005 3.28963e-007 3.28963e-007
9.95 -0.000128468 3.60243e-005 5.65921e-005 3.24351e-007 3.24351e-007
9.96 -0.000137743 3.24535e-005 6.00693e-005 3.11301e-007 3.11301e-007
9.97 -0.000147875 2.8661e-005 6.28376e-005 2.90763e-007 2.90763e-007
9.98 -0.000158794 2.47969e-005 6.47433e-005 2.64421e-007 2.64421e-007
9.99 -0.000170249 2.09924e-005 6.56168e-005 2.34414e-007 2.34414e-007
10 -0.000182126 1.7254e-005 6.52792e-005 2.02657e-007 2.02657e-007
