0.1 -1.70651e-005 4.85602e-008 -6.83561e-008 -3.99511e-011 -3.99511e-011
0.2 -3.41908e-005 9.7368e-008 -1.36936e-007 -7.99098e-011 -7.99098e-011
0.3 -5.13779e-005 1.46426e-007 -2.05741e-007 -1.19876e-010 -1.19876e-010
0.4 -6.86269e-005 1.95738e-007 -2.74773e-007 -1.59849e-010 -1.59849e-010
0.5 -8.59385e-005 2.45306e-007 -3.44034e-007 -1.9983e-010 -1.9983e-010
0.6 -0.000103313 2.95133e-007 -4.13526e-007 -2.39818e-010 -2.39818e-010
0.7 -0.000120752 3.45222e-007 -4.83251e-007 -2.79814e-010 -2.79814e-010
0.8 -0.000138256 3.95576e-007 -5.53211e-007 -3.19816e-010 -3.19816e-010
0.9 -0.000155825 4.46199e-007 -6.23407e-007 -3.59826e-010 -3.59826e-010
1 -0.000173461 4.97092e-007 -6.93842e-007 -3.99842e-010 -3.99842e-010
0.01 -0.000173461 4.92513e-007 -6.95353e-007 -4.00872e-010 -4.00872e-010
0.02 -0.000173462 4.79788e-007 -6.99451e-007 -4.06124e-010 -4.06124e-010
0.03 -0.000173463 4.65884e-007 -7.03899e-007 -4.1782e-010 -4.1782e-010
0.04 -0.000173463 4.57044e-007 -7.07207e-007 -4.33136e-010 -4.33136e-010
0.05 -0.000173464 4.53073e-007 -7.1013e-007 -4.47251e-010 -4.47251e-010
0.06 -0.000173464 4.53104e-007 -7.1313e-007 -4.58972e-010 -4.58972e-010
0.07 -0.000173464 4.56455e-007 -7.16136e-007 -4.70283e-010 -4.70283e-010
0.08 -0.000173464 4.62666e-007 -7.18758e-007 -4.82077e-010 -4.82077e-010
0.09 -0.000173465 4.7137e-007 -7.20469e-007 -4.9265e-010 -4.9265e-010
0.1 -0.000173465 4.82013e-007 -7.21012e-007 -4.99731e-010 -4.99731e-010
0.11 -0.000173466 4.93818e-007 -7.20446e-007 -5.02568e-010 -5.02568e-010
0.12 -0.000173466 5.06063e-007 -7.19153e-007 -5.02176e-010 -5.02176e-010
0.13 -0.000173467 5.18331e-007 -7.17696e-007 -5.00704e-010 -5.00704e-010
0.14 -0.000173468 5.30468e-007 -7.16673e-007 -5.01038e-010 -5.01038e-010
0.15 -0.000173469 5.42316e-007 -7.16491e-007 -5.06249e-010 -5.06249e-010
0.16 -0.00017347 5.53598e-007 -7.17202e-007 -5.18331e-010 -5.18331e-010
0.17 -0.00017347 5.63957e-007 -7.18512e-007 -5.36869e-010 -5.36869e-010
0.18 -0.000173471 5.73325e-007 -7.20066e-007 -5.58935e-010 -5.58935e-010
0.19 -0.000173471 5.82135e-007 -7.2168e-007 -5.80525e-010 -5.80525e-010
0.2 -0.000173472 5.90884e-007 -7.23314e-007 -5.98481e-010 -5.98481e-010
0.21 -0.000173472 5.99785e-007 -7.24943e-007 -6.11543e-010 -6.11543e-010
0.22 -0.000173472 6.08679e-007 -7.26364e-007 -6.19844e-010 -6.19844e-010
0.23 -0.000173472 6.17015e-007 -7.27308e-007 -6.2361e-010 -6.2361e-010
0.24 -0.000173472 6.24378e-007 -7.27744e-007 -6.22676e-010 -6.22676e-010
0.25 -0.000173473 6.30744e-007 -7.2797e-007 -6.17373e-010 -6.17373e-010
0.26 -0.000173473 6.366e-007 -7.28307e-007 -6.09596e-010 -6.09596e-010
0.27 -0.000173473 6.43264e-007 -7.28644e-007 -6.02278e-010 -6.02278e-010
0.28 -0.000173473 6.52606e-007 -7.28486e-007 -5.97374e-010 -5.97374e-010
0.29 -0.000173474 6.66164e-007 -7.2766e-007 -5.94539e-010 -5.94539e-010
0.3 -0.000173476 6.84616e-007 -7.26634e-007 -5.92032e-010 -5.92032e-010
0.31 -0.000173478 7.07638e-007 -7.25747e-007 -5.88268e-010 -5.88268e-010
0.32 -0.00017348 7.33971e-007 -7.24743e-007 -5.81929e-010 -5.81929e-010
0.33 -0.000173482 7.61662e-007 -7.23266e-007 -5.71393e-010 -5.71393e-010
0.34 -0.000173484 7.88855e-007 -7.21123e-007 -5.55237e-010 -5.55237e-010
0.35 -0.000173487 8.14679e-007 -7.18322e-007 -5.33402e-010 -5.33402e-010
0.36 -0.000173489 8.39029e-007 -7.15154e-007 -5.07471e-010 -5.07471e-010
0.37 -0.000173491 8.61727e-007 -7.11906e-007 -4.79799e-010 -4.79799e-010
0.38 -0.000173493 8.81944e-007 -7.084e-007 -4.52208e-010 -4.52208e-010
0.39 -0.000173494 8.98507e-007 -7.04309e-007 -4.25183e-010 -4.25183e-010
0.4 -0.000173495 9.111e-007 -6.99849e-007 -3.98452e-010 -3.98452e-010
0.41 -0.000173496 9.20188e-007 -6.9583e-007 -3.72457e-010 -3.72457e-010
0.42 -0.000173496 9.26787e-007 -6.92899e-007 -3.48761e-010 -3.48761e-010
0.43 -0.000173497 9.3146e-007 -6.91078e-007 -3.28667e-010 -3.28667e-010
0.44 -0.000173497 9.3404e-007 -6.89661e-007 -3.11733e-010 -3.11733e-010
0.45 -0.000173496 9.34461e-007 -6.87853e-007 -2.96021e-010 -2.96021e-010
0.46 -0.000173496 9.33089e-007 -6.85415e-007 -2.79903e-010 -2.79903e-010
0.47 -0.000173496 9.30751e-007 -6.82167e-007 -2.63132e-010 -2.63132e-010
0.48 -0.000173496 9.27588e-007 -6.78075e-007 -2.45948e-010 -2.45948e-010
0.49 -0.000173495 9.23133e-007 -6.73276e-007 -2.2793e-010 -2.2793e-010
0.5 -0.000173495 9.17228e-007 -6.67587e-007 -2.07885e-010 -2.07885e-010
0.51 -0.000173496 9.10467e-007 -6.60409e-007 -1.84051e-010 -1.84051e-010
0.52 -0.000173496 9.03297e-007 -6.5165e-007 -1.54569e-010 -1.54569e-010
0.53 -0.000173496 8.95824e-007 -6.41326e-007 -1.1839e-010 -1.1839e-010
0.54 -0.000173497 8.88802e-007 -6.29015e-007 -7.54258e-011 -7.54258e-011
0.55 -0.000173498 8.8398e-007 -6.14578e-007 -2.59648e-011 -2.59648e-011
0.56 -0.000173499 8.82082e-007 -5.9918e-007 2.86465e-011 2.86465e-011
0.57 -0.0001735 8.80762e-007 -5.85448e-007 8.40697e-011 8.40697e-011
0.58 -0.000173501 8.76395e-007 -5.75828e-007 1.33006e-010 1.33006e-010
0.59 -0.000173501 8.6759e-007 -5.7067e-007 1.69232e-010 1.69232e-010
0.6 -0.000173502 8.55982e-007 -5.68265e-007 1.92579e-010 1.92579e-010
0.61 -0.000173503 8.4379e-007 -5.672e-007 2.089e-010 2.089e-010
0.62 -0.000173503 8.31493e-007 -5.6757e-007 2.24253e-010 2.24253e-010
0.63 -0.000173504 8.18546e-007 -5.68288e-007 2.41158e-010 2.41158e-010
0.64 -0.000173505 8.04734e-007 -5.66486e-007 2.62212e-010 2.62212e-010
0.65 -0.000173506 7.89298e-007 -5.61649e-007 2.93088e-010 2.93088e-010
0.66 -0.000173506 7.71173e-007 -5.56625e-007 3.37134e-010 3.37134e-010
0.67 -0.000173507 7.50886e-007 -5.53418e-007 3.89923e-010 3.89923e-010
0.68 -0.000173508 7.29647e-007 -5.51535e-007 4.43648e-010 4.43648e-010
0.69 -0.000173508 7.0735e-007 -5.49671e-007 4.94622e-010 4.94622e-010
0.7 -0.000173509 6.83613e-007 -5.47118e-007 5.42949e-010 5.42949e-010
0.71 -0.000173509 6.59543e-007 -5.4395e-007 5.86654e-010 5.86654e-010
0.72 -0.000173509 6.37102e-007 -5.41567e-007 6.1906e-010 6.1906e-010
0.73 -0.000173509 6.17079e-007 -5.42247e-007 6.31556e-010 6.31556e-010
0.74 -0.00017351 5.97407e-007 -5.46994e-007 6.18719e-010 6.18719e-010
0.75 -0.00017351 5.74509e-007 -5.5472e-007 5.82725e-010 5.82725e-010
0.76 -0.00017351 5.47323e-007 -5.63311e-007 5.33926e-010 5.33926e-010
0.77 -0.00017351 5.18678e-007 -5.7039e-007 4.8657e-010 4.8657e-010
0.78 -0.000173511 4.9283e-007 -5.73087e-007 4.53415e-010 4.53415e-010
0.79 -0.000173512 4.72196e-007 -5.69314e-007 4.42582e-010 4.42582e-010
0.8 -0.000173512 4.56245e-007 -5.59776e-007 4.55242e-010 4.55242e-010
0.81 -0.000173513 4.43898e-007 -5.47227e-007 4.83651e-010 4.83651e-010
0.82 -0.000173514 4.35821e-007 -5.34578e-007 5.13183e-010 5.13183e-010
0.83 -0.000173515 4.3291e-007 -5.24161e-007 5.29149e-010 5.29149e-010
0.84 -0.000173515 4.34057e-007 -5.16895e-007 5.23398e-010 5.23398e-010
0.85 -0.000173516 4.37386e-007 -5.11542e-007 4.96699e-010 4.96699e-010
0.86 -0.000173516 4.41501e-007 -5.05628e-007 4.56946e-010 4.56946e-010
0.87 -0.000173517 4.43116e-007 -4.99333e-007 4.13303e-010 4.13303e-010
0.88 -0.000173517 4.37907e-007 -4.96039e-007 3.68693e-010 3.68693e-010
0.89 -0.000173518 4.25938e-007 -4.96282e-007 3.20053e-010 3.20053e-010
0.9 -0.000173518 4.12685e-007 -4.95897e-007 2.6978e-010 2.6978e-010
0.91 -0.000173519 4.02792e-007 -4.90881e-007 2.33407e-010 2.33407e-010
0.92 -0.00017352 3.93421e-007 -4.82345e-007 2.29475e-010 2.29475e-010
0.93 -0.000173521 3.76916e-007 -4.74686e-007 2.62049e-010 2.62049e-010
0.94 -0.000173522 3.51103e-007 -4.69798e-007 3.18197e-010 3.18197e-010
0.95 -0.000173523 3.24208e-007 -4.66794e-007 3.82064e-010 3.82064e-010
0.96 -0.000173524 3.07436e-007 -4.64994e-007 4.4527e-010 4.4527e-010
0.97 -0.000173525 3.03649e-007 -4.65656e-007 5.03413e-010 5.03413e-010
0.98 -0.000173525 3.04994e-007 -4.7215e-007 5.48819e-010 5.48819e-010
0.99 -0.000173525 3.0371e-007 -4.85755e-007 5.71912e-010 5.71912e-010
1 -0.000173526 3.00825e-007 -5.03479e-007 5.70963e-010 5.70963e-010
1.01 -0.000173527 3.02319e-007 -5.23665e-007 5.55782e-010 5.55782e-010
1.02 -0.000173527 3.12623e-007 -5.47043e-007 5.37849e-010 5.37849e-010
1.03 -0.000173528 3.30784e-007 -5.6923e-007 5.23767e-010 5.23767e-010
1.04 -0.000173528 3.51324e-007 -5.80719e-007 5.24507e-010 5.24507e-010
1.05 -0.000173529 3.69e-007 -5.77367e-007 5.60332e-010 5.60332e-010
1.06 -0.000173529 3.82637e-007 -5.64888e-007 6.42937e-010 6.42937e-010
1.07 -0.000173529 3.94828e-007 -5.50938e-007 7.5643e-010 7.5643e-010
1.08 -0.000173529 4.10249e-007 -5.36673e-007 8.67488e-010 8.67488e-010
1.09 -0.000173529 4.30887e-007 -5.19799e-007 9.53209e-010 9.53209e-010
1.1 -0.000173529 4.51032e-007 -5.03097e-007 1.00918e-009 1.00918e-009
1.11 -0.000173528 4.61902e-007 -4.9144e-007 1.03343e-009 1.03343e-009
1.12 -0.000173527 4.61465e-007 -4.82103e-007 1.02023e-009 1.02023e-009
1.13 -0.000173527 4.56914e-007 -4.67405e-007 9.74924e-010 9.74924e-010
1.14 -0.000173526 4.58442e-007 -4.468e-007 9.18326e-010 9.18326e-010
1.15 -0.000173525 4.73831e-007 -4.24549e-007 8.68603e-010 8.68603e-010
1.16 -0.000173525 5.05161e-007 -3.9999e-007 8.32417e-010 8.32417e-010
1.17 -0.000173526 5.44307e-007 -3.71522e-007 8.17602e-010 8.17602e-010
1.18 -0.000173527 5.76819e-007 -3.39982e-007 8.38984e-010 8.38984e-010
1.19 -0.000173528 5.94242e-007 -3.08373e-007 9.04779e-010 9.04779e-010
1.2 -0.00017353 5.9976e-007 -2.82956e-007 1.00218e-009 1.00218e-009
1.21 -0.00017353 6.02609e-007 -2.69974e-007 1.09884e-009 1.09884e-009
1.22 -0.000173531 6.09812e-007 -2.72629e-007 1.15832e-009 1.15832e-009
1.23 -0.000173531 6.23302e-007 -2.90734e-007 1.1568e-009 1.1568e-009
1.24 -0.000173531 6.41823e-007 -3.19864e-007 1.09251e-009 1.09251e-009
1.25 -0.000173531 6.64114e-007 -3.50782e-007 9.88268e-010 9.88268e-010
1.26 -0.000173532 6.9026e-007 -3.73993e-007 8.86913e-010 8.86913e-010
1.27 -0.000173532 7.19588e-007 -3.85615e-007 8.35795e-010 8.35795e-010
1.28 -0.000173533 7.49635e-007 -3.86622e-007 8.67308e-010 8.67308e-010
1.29 -0.000173534 7.76688e-007 -3.81307e-007 9.89187e-010 9.89187e-010
1.3 -0.000173536 7.9671e-007 -3.74516e-007 1.18727e-009 1.18727e-009
1.31 -0.000173537 8.08954e-007 -3.65311e-007 1.43584e-009 1.43584e-009
1.32 -0.000173538 8.17927e-007 -3.50121e-007 1.70845e-009 1.70845e-009
1.33 -0.00017354 8.30526e-007 -3.31252e-007 1.97791e-009 1.97791e-009
1.34 -0.000173542 8.52687e-007 -3.108e-007 2.21144e-009 2.21144e-009
1.35 -0.000173544 8.84756e-007 -2.81594e-007 2.38318e-009 2.38318e-009
1.36 -0.000173547 9.16545e-007 -2.37802e-007 2.49595e-009 2.49595e-009
1.37 -0.00017355 9.348e-007 -1.86763e-007 2.57642e-009 2.57642e-009
1.38 -0.000173552 9.36489e-007 -1.44209e-007 2.64593e-009 2.64593e-009
1.39 -0.000173552 9.3196e-007 -1.21996e-007 2.7068e-009 2.7068e-009
1.4 -0.000173552 9.35265e-007 -1.20964e-007 2.75741e-009 2.75741e-009
1.41 -0.000173552 9.45003e-007 -1.34951e-007 2.80548e-009 2.80548e-009
1.42 -0.000173552 9.42179e-007 -1.52482e-007 2.85945e-009 2.85945e-009
1.43 -0.000173552 9.1358e-007 -1.58379e-007 2.91691e-009 2.91691e-009
1.44 -0.000173551 8.65568e-007 -1.47667e-007 2.9643e-009 2.9643e-009
1.45 -0.000173552 8.15824e-007 -1.34071e-007 2.97542e-009 2.97542e-009
1.46 -0.000173552 7.785e-007 -1.38358e-007 2.91032e-009 2.91032e-009
1.47 -0.000173551 7.52167e-007 -1.69726e-007 2.73634e-009 2.73634e-009
1.48 -0.000173551 7.19713e-007 -2.23753e-007 2.46259e-009 2.46259e-009
1.49 -0.000173551 6.63356e-007 -2.97922e-007 2.14056e-009 2.14056e-009
1.5 -0.000173551 5.80861e-007 -3.93398e-007 1.81911e-009 1.81911e-009
1.51 -0.000173551 4.88758e-007 -4.9488e-007 1.51388e-009 1.51388e-009
1.52 -0.00017355 4.09382e-007 -5.67252e-007 1.23374e-009 1.23374e-009
1.53 -0.00017355 3.50497e-007 -5.86747e-007 1.00987e-009 1.00987e-009
1.54 -0.00017355 3.02209e-007 -5.62822e-007 8.66049e-010 8.66049e-010
1.55 -0.000173551 2.55052e-007 -5.20893e-007 7.76694e-010 7.76694e-010
1.56 -0.000173555 2.09431e-007 -4.78999e-007 6.91267e-010 6.91267e-010
1.57 -0.000173558 1.70173e-007 -4.4522e-007 5.96994e-010 5.96994e-010
1.58 -0.00017356 1.42494e-007 -4.24825e-007 5.28992e-010 5.28992e-010
1.59 -0.000173562 1.29622e-007 -4.23681e-007 5.14324e-010 5.14324e-010
1.6 -0.000173564 1.2641e-007 -4.48233e-007 5.2141e-010 5.2141e-010
1.61 -0.000173566 1.15101e-007 -4.97491e-007 4.69701e-010 4.69701e-010
1.62 -0.00017357 7.85238e-008 -5.5296e-007 2.89239e-010 2.89239e-010
1.63 -0.000173573 2.72221e-008 -5.84143e-007 -2.01796e-011 -2.01796e-011
1.64 -0.000173574 1.16885e-009 -5.66165e-007 -3.75584e-010 -3.75584e-010
1.65 -0.000173574 2.89274e-008 -4.97956e-007 -6.51665e-010 -6.51665e-010
1.66 -0.000173575 9.51286e-008 -4.04954e-007 -7.45693e-010 -7.45693e-010
1.67 -0.000173576 1.55634e-007 -3.20973e-007 -6.20507e-010 -6.20507e-010
1.68 -0.000173578 1.76802e-007 -2.68072e-007 -3.03344e-010 -3.03344e-010
1.69 -0.000173579 1.5799e-007 -2.53114e-007 1.35777e-010 1.35777e-010
1.7 -0.00017358 1.17507e-007 -2.74224e-007 5.93972e-010 5.93972e-010
1.71 -0.00017358 6.84856e-008 -3.19485e-007 9.4526e-010 9.4526e-010
1.72 -0.000173579 1.75769e-008 -3.67453e-007 1.08028e-009 1.08028e-009
1.73 -0.000173578 -2.66229e-008 -4.03068e-007 9.56485e-010 9.56485e-010
1.74 -0.000173577 -5.35023e-008 -4.28799e-007 6.10536e-010 6.10536e-010
1.75 -0.000173576 -5.30606e-008 -4.54004e-007 1.3636e-010 1.3636e-010
1.76 -0.000173575 -1.85691e-008 -4.82633e-007 -3.29522e-010 -3.29522e-010
1.77 -0.000173575 4.74878e-008 -5.17715e-007 -6.20557e-010 -6.20557e-010
1.78 -0.000173575 1.28053e-007 -5.67325e-007 -5.92631e-010 -5.92631e-010
1.79 -0.000173577 2.00284e-007 -6.30677e-007 -2.01595e-010 -2.01595e-010
1.8 -0.000173579 2.5704e-007 -6.87569e-007 4.65568e-010 4.65568e-010
1.81 -0.000173581 3.13519e-007 -7.16476e-007 1.22766e-009 1.22766e-009
1.82 -0.000173582 3.8902e-007 -7.12391e-007 1.87056e-009 1.87056e-009
1.83 -0.000173583 4.87273e-007 -6.83758e-007 2.20976e-009 2.20976e-009
1.84 -0.000173583 5.9486e-007 -6.40939e-007 2.16055e-009 2.16055e-009
1.85 -0.000173583 6.91412e-007 -5.92714e-007 1.78848e-009 1.78848e-009
1.86 -0.000173582 7.62415e-007 -5.51531e-007 1.28676e-009 1.28676e-009
1.87 -0.000173581 8.13376e-007 -5.21524e-007 8.86406e-010 8.86406e-010
1.88 -0.00017358 8.72456e-007 -4.75351e-007 7.78101e-010 7.78101e-010
1.89 -0.000173578 9.65901e-007 -3.75154e-007 1.07997e-009 1.07997e-009
1.9 -0.00017358 1.08655e-006 -2.28961e-007 1.78716e-009 1.78716e-009
1.91 -0.000173589 1.19729e-006 -9.18873e-008 2.69799e-009 2.69799e-009
1.92 -0.000173595 1.26341e-006 -1.09906e-008 3.44722e-009 3.44722e-009
1.93 -0.000173594 1.27481e-006 -7.75082e-010 3.69634e-009 3.69634e-009
1.94 -0.000173592 1.24361e-006 -5.9101e-008 3.31888e-009 3.31888e-009
1.95 -0.000173591 1.19001e-006 -1.76457e-007 2.42562e-009 2.42562e-009
1.96 -0.000173589 1.1351e-006 -3.27441e-007 1.27212e-009 1.27212e-009
1.97 -0.000173588 1.0985e-006 -4.71029e-007 1.66169e-010 1.66169e-010
1.98 -0.000173588 1.08977e-006 -5.76291e-007 -6.09702e-010 -6.09702e-010
1.99 -0.000173589 1.10397e-006 -6.43687e-007 -8.98611e-010 -8.98611e-010
2 -0.000173592 1.12617e-006 -6.97085e-007 -7.48221e-010 -7.48221e-010
2.01 -0.000173595 1.13728e-006 -7.61335e-007 -3.81517e-010 -3.81517e-010
2.02 -0.000173598 1.12023e-006 -8.452e-007 -6.56276e-011 -6.56276e-011
2.03 -0.000173601 1.06466e-006 -9.45812e-007 1.35797e-011 1.35797e-011
2.04 -0.000173603 9.72909e-007 -1.06072e-006 -2.15464e-010 -2.15464e-010
2.05 -0.000173606 8.66845e-007 -1.17689e-006 -7.40685e-010 -7.40685e-010
2.06 -0.000173609 7.76814e-007 -1.26644e-006 -1.48256e-009 -1.48256e-009
2.07 -0.000173609 7.15523e-007 -1.31718e-006 -2.30111e-009 -2.30111e-009
2.08 -0.000173609 6.70974e-007 -1.34717e-006 -3.046e-009 -3.046e-009
2.09 -0.00017361 6.2635e-007 -1.37997e-006 -3.62019e-009 -3.62019e-009
2.1 -0.000173611 5.81825e-007 -1.41969e-006 -3.98658e-009 -3.98658e-009
2.11 -0.000173613 5.52444e-007 -1.45434e-006 -4.13468e-009 -4.13468e-009
2.12 -0.000173614 5.46065e-007 -1.47957e-006 -4.08315e-009 -4.08315e-009
2.13 -0.000173616 5.53979e-007 -1.50633e-006 -3.92308e-009 -3.92308e-009
2.14 -0.000173619 5.59087e-007 -1.54443e-006 -3.82041e-009 -3.82041e-009
2.15 -0.000173622 5.46239e-007 -1.58744e-006 -3.93636e-009 -3.93636e-009
2.16 -0.000173623 5.11245e-007 -1.61298e-006 -4.32899e-009 -4.32899e-009
2.17 -0.000173623 4.61496e-007 -1.607e-006 -4.92746e-009 -4.92746e-009
2.18 -0.000173623 4.06534e-007 -1.59358e-006 -5.60519e-009 -5.60519e-009
2.19 -0.000173624 3.52263e-007 -1.61546e-006 -6.27827e-009 -6.27827e-009
2.2 -0.000173626 3.03673e-007 -1.68016e-006 -6.91824e-009 -6.91824e-009
2.21 -0.000173629 2.63816e-007 -1.757e-006 -7.48216e-009 -7.48216e-009
2.22 -0.000173632 2.28264e-007 -1.81936e-006 -7.89088e-009 -7.89088e-009
2.23 -0.000173634 1.87235e-007 -1.86436e-006 -8.10885e-009 -8.10885e-009
2.24 -0.000173635 1.36066e-007 -1.89999e-006 -8.2113e-009 -8.2113e-009
2.25 -0.000173636 8.00326e-008 -1.93109e-006 -8.33824e-009 -8.33824e-009
2.26 -0.000173638 2.76658e-008 -1.96413e-006 -8.59343e-009 -8.59343e-009
2.27 -0.00017364 -1.28093e-008 -2.00407e-006 -8.99425e-009 -8.99425e-009
2.28 -0.000173641 -3.20407e-008 -2.03813e-006 -9.47458e-009 -9.47458e-009
2.29 -0.000173641 -2.38543e-008 -2.04742e-006 -9.89865e-009 -9.89865e-009
2.3 -0.000173642 1.08171e-008 -2.03062e-006 -1.01024e-008 -1.01024e-008
2.31 -0.000173644 6.68702e-008 -1.99677e-006 -9.97025e-009 -9.97025e-009
2.32 -0.000173646 1.36667e-007 -1.94908e-006 -9.48858e-009 -9.48858e-009
2.33 -0.000173648 2.10315e-007 -1.88896e-006 -8.73984e-009 -8.73984e-009
2.34 -0.000173651 2.80235e-007 -1.82446e-006 -7.86763e-009 -7.86763e-009
2.35 -0.000173653 3.44281e-007 -1.76742e-006 -7.0365e-009 -7.0365e-009
2.36 -0.000173655 4.0398e-007 -1.72452e-006 -6.37858e-009 -6.37858e-009
2.37 -0.000173657 4.59376e-007 -1.69836e-006 -5.94385e-009 -5.94385e-009
2.38 -0.000173659 5.08482e-007 -1.68533e-006 -5.69351e-009 -5.69351e-009
2.39 -0.000173661 5.53586e-007 -1.66044e-006 -5.5257e-009 -5.5257e-009
2.4 -0.000173661 5.95557e-007 -1.58932e-006 -5.29591e-009 -5.29591e-009
2.41 -0.000173663 6.22667e-007 -1.4569e-006 -4.84595e-009 -4.84595e-009
2.42 -0.000173664 6.21503e-007 -1.26655e-006 -4.05939e-009 -4.05939e-009
2.43 -0.000173666 5.95383e-007 -1.03983e-006 -2.91583e-009 -2.91583e-009
2.44 -0.000173668 5.61136e-007 -8.24918e-007 -1.52197e-009 -1.52197e-009
2.45 -0.000173671 5.329e-007 -6.67916e-007 -1.01319e-010 -1.01319e-010
2.46 -0.000173674 5.14305e-007 -5.71284e-007 1.094e-009 1.094e-009
2.47 -0.000173677 5.01159e-007 -5.01503e-007 1.9151e-009 1.9151e-009
2.48 -0.000173681 4.87485e-007 -4.29886e-007 2.37165e-009 2.37165e-009
2.49 -0.000173684 4.69753e-007 -3.53684e-007 2.56282e-009 2.56282e-009
2.5 -0.000173688 4.45436e-007 -2.89955e-007 2.5791e-009 2.5791e-009
2.51 -0.000173692 4.13951e-007 -2.56301e-007 2.47758e-009 2.47758e-009
2.52 -0.000173695 3.81697e-007 -2.57757e-007 2.32187e-009 2.32187e-009
2.53 -0.0001737 3.57564e-007 -2.87875e-007 2.20801e-009 2.20801e-009
2.54 -0.000173704 3.45981e-007 -3.29138e-007 2.24097e-009 2.24097e-009
2.55 -0.000173709 3.47062e-007 -3.56318e-007 2.49221e-009 2.49221e-009
2.56 -0.000173714 3.57866e-007 -3.4976e-007 2.96739e-009 2.96739e-009
2.57 -0.000173719 3.75229e-007 -3.05557e-007 3.58682e-009 3.58682e-009
2.58 -0.000173722 3.97624e-007 -2.35602e-007 4.19179e-009 4.19179e-009
2.59 -0.000173726 4.20051e-007 -1.60714e-007 4.59845e-009 4.59845e-009
2.6 -0.000173728 4.32411e-007 -9.99929e-008 4.68608e-009 4.68608e-009
2.61 -0.00017373 4.30389e-007 -6.14835e-008 4.46763e-009 4.46763e-009
2.62 -0.00017373 4.23153e-007 -4.07601e-008 4.09153e-009 4.09153e-009
2.63 -0.00017373 4.22473e-007 -2.52209e-008 3.76759e-009 3.76759e-009
2.64 -0.000173729 4.22104e-007 -8.20471e-009 3.65632e-009 3.65632e-009
2.65 -0.000173727 3.94392e-007 -3.05693e-009 3.77833e-009 3.77833e-009
2.66 -0.000173724 3.18037e-007 -2.61715e-008 4.00282e-009 4.00282e-009
2.67 -0.000173721 2.07238e-007 -7.25843e-008 4.14055e-009 4.14055e-009
2.68 -0.000173717 1.04905e-007 -1.19736e-007 4.07454e-009 4.07454e-009
2.69 -0.000173713 4.51597e-008 -1.48244e-007 3.81476e-009 3.81476e-009
2.7 -0.000173709 2.45282e-008 -1.61344e-007 3.44264e-009 3.44264e-009
2.71 -0.000173705 9.55999e-009 -1.77389e-007 3.02546e-009 3.02546e-009
2.72 -0.000173701 -3.03228e-008 -2.00396e-007 2.59905e-009 2.59905e-009
2.73 -0.0001737 -9.41085e-008 -2.1079e-007 2.2177e-009 2.2177e-009
2.74 -0.0001737 -1.48518e-007 -1.9568e-007 1.97102e-009 1.97102e-009
2.75 -0.0001737 -1.58625e-007 -1.76571e-007 1.90731e-009 1.90731e-009
2.76 -0.000173699 -1.1829e-007 -1.86237e-007 1.94874e-009 1.94874e-009
2.77 -0.000173699 -4.5973e-008 -2.3854e-007 1.91791e-009 1.91791e-009
2.78 -0.0001737 4.57104e-008 -3.34257e-007 1.64661e-009 1.64661e-009
2.79 -0.000173701 1.64757e-007 -4.64342e-007 1.05072e-009 1.05072e-009
2.8 -0.000173702 3.18685e-007 -6.00287e-007 1.49022e-010 1.49022e-010
2.81 -0.000173703 4.87667e-007 -7.1513e-007 -9.3714e-010 -9.3714e-010
2.82 -0.000173704 6.31923e-007 -8.0847e-007 -2.01956e-009 -2.01956e-009
2.83 -0.000173705 7.24166e-007 -8.94832e-007 -2.92151e-009 -2.92151e-009
2.84 -0.000173705 7.68182e-007 -9.85367e-007 -3.5422e-009 -3.5422e-009
2.85 -0.000173704 7.8779e-007 -1.07803e-006 -3.86508e-009 -3.86508e-009
2.86 -0.000173702 8.04348e-007 -1.16509e-006 -3.93318e-009 -3.93318e-009
2.87 -0.0001737 8.29602e-007 -1.24755e-006 -3.83404e-009 -3.83404e-009
2.88 -0.000173697 8.67111e-007 -1.32427e-006 -3.68827e-009 -3.68827e-009
2.89 -0.000173694 9.08121e-007 -1.38131e-006 -3.60991e-009 -3.60991e-009
2.9 -0.000173691 9.34941e-007 -1.40903e-006 -3.66316e-009 -3.66316e-009
2.91 -0.000173686 9.39891e-007 -1.41531e-006 -3.86277e-009 -3.86277e-009
2.92 -0.00017368 9.3608e-007 -1.41621e-006 -4.19471e-009 -4.19471e-009
2.93 -0.000173675 9.40626e-007 -1.42476e-006 -4.60742e-009 -4.60742e-009
2.94 -0.00017367 9.55121e-007 -1.44418e-006 -4.99216e-009 -4.99216e-009
2.95 -0.000173667 9.70531e-007 -1.46596e-006 -5.20816e-009 -5.20816e-009
2.96 -0.000173664 9.80997e-007 -1.47896e-006 -5.15747e-009 -5.15747e-009
2.97 -0.000173661 9.81596e-007 -1.48111e-006 -4.85539e-009 -4.85539e-009
2.98 -0.000173659 9.61983e-007 -1.47858e-006 -4.43758e-009 -4.43758e-009
2.99 -0.000173658 9.1654e-007 -1.47177e-006 -4.08777e-009 -4.08777e-009
3 -0.000173656 8.56994e-007 -1.44544e-006 -3.92776e-009 -3.92776e-009
3.01 -0.000173656 8.06602e-007 -1.38008e-006 -3.94715e-009 -3.94715e-009
3.02 -0.000173656 7.8039e-007 -1.27169e-006 -4.02529e-009 -4.02529e-009
3.03 -0.000173657 7.72359e-007 -1.13507e-006 -4.01885e-009 -4.01885e-009
3.04 -0.000173659 7.61365e-007 -9.9938e-007 -3.84128e-009 -3.84128e-009
3.05 -0.000173663 7.3109e-007 -9.0301e-007 -3.49734e-009 -3.49734e-009
3.06 -0.000173667 6.81794e-007 -8.73678e-007 -3.07726e-009 -3.07726e-009
3.07 -0.000173673 6.19228e-007 -9.01314e-007 -2.70896e-009 -2.70896e-009
3.08 -0.00017368 5.45482e-007 -9.42864e-007 -2.48313e-009 -2.48313e-009
3.09 -0.000173686 4.61584e-007 -9.66892e-007 -2.41798e-009 -2.41798e-009
3.1 -0.000173693 3.69482e-007 -9.79691e-007 -2.50221e-009 -2.50221e-009
3.11 -0.000173699 2.80563e-007 -9.98079e-007 -2.73983e-009 -2.73983e-009
3.12 -0.000173706 2.17355e-007 -1.00931e-006 -3.10179e-009 -3.10179e-009
3.13 -0.000173712 1.9406e-007 -9.73542e-007 -3.43229e-009 -3.43229e-009
3.14 -0.000173718 2.00878e-007 -8.73704e-007 -3.46292e-009 -3.46292e-009
3.15 -0.000173724 2.08945e-007 -7.44598e-007 -2.97982e-009 -2.97982e-009
3.16 -0.00017373 1.88405e-007 -6.41599e-007 -1.98978e-009 -1.98978e-009
3.17 -0.000173735 1.23488e-007 -6.05081e-007 -7.26846e-010 -7.26846e-010
3.18 -0.000173739 1.5899e-008 -6.43083e-007 4.76308e-010 4.76308e-010
3.19 -0.000173741 -1.19064e-007 -7.16866e-007 1.33973e-009 1.33973e-009
3.2 -0.000173742 -2.64414e-007 -7.62809e-007 1.74452e-009 1.74452e-009
3.21 -0.000173743 -4.17698e-007 -7.49092e-007 1.75466e-009 1.75466e-009
3.22 -0.000173745 -5.91445e-007 -6.98876e-007 1.53778e-009 1.53778e-009
3.23 -0.00017375 -7.90938e-007 -6.57235e-007 1.26062e-009 1.26062e-009
3.24 -0.000173757 -9.98829e-007 -6.50758e-007 1.05298e-009 1.05298e-009
3.25 -0.000173764 -1.18398e-006 -6.79353e-007 1.02629e-009 1.02629e-009
3.26 -0.000173768 -1.3109e-006 -7.25799e-007 1.26711e-009 1.26711e-009
3.27 -0.000173767 -1.34556e-006 -7.57832e-007 1.79549e-009 1.79549e-009
3.28 -0.000173766 -1.27456e-006 -7.40164e-007 2.5413e-009 2.5413e-009
3.29 -0.000173766 -1.12348e-006 -6.62726e-007 3.34712e-009 3.34712e-009
3.3 -0.000173767 -9.48958e-007 -5.47165e-007 3.9796e-009 3.9796e-009
3.31 -0.000173769 -8.08005e-007 -4.21807e-007 4.18624e-009 4.18624e-009
3.32 -0.000173771 -7.28289e-007 -2.96869e-007 3.83072e-009 3.83072e-009
3.33 -0.000173775 -7.03406e-007 -1.74719e-007 3.01924e-009 3.01924e-009
3.34 -0.000173779 -7.12107e-007 -8.03141e-008 2.06773e-009 2.06773e-009
3.35 -0.000173781 -7.30791e-007 -4.96945e-008 1.30335e-009 1.30335e-009
3.36 -0.000173781 -7.2859e-007 -8.58017e-008 8.82369e-010 8.82369e-010
3.37 -0.00017378 -6.71672e-007 -1.51452e-007 7.65557e-010 7.65557e-010
3.38 -0.000173779 -5.44705e-007 -1.97142e-007 8.02594e-010 8.02594e-010
3.39 -0.000173778 -3.66283e-007 -1.88033e-007 8.19311e-010 8.19311e-010
3.4 -0.000173776 -1.84099e-007 -1.29345e-007 6.72589e-010 6.72589e-010
3.41 -0.000173775 -5.25066e-008 -7.20684e-008 2.77749e-010 2.77749e-010
3.42 -0.000173774 -3.29013e-009 -7.34023e-008 -3.75593e-010 -3.75593e-010
3.43 -0.000173773 -2.81352e-008 -1.48262e-007 -1.19563e-009 -1.19563e-009
3.44 -0.000173772 -9.01034e-008 -2.6622e-007 -1.97021e-009 -1.97021e-009
3.45 -0.000173771 -1.53085e-007 -3.85244e-007 -2.42454e-009 -2.42454e-009
3.46 -0.000173771 -1.97503e-007 -4.83098e-007 -2.36156e-009 -2.36156e-009
3.47 -0.000173771 -2.16073e-007 -5.63975e-007 -1.79075e-009 -1.79075e-009
3.48 -0.00017377 -2.0648e-007 -6.42386e-007 -9.41912e-010 -9.41912e-010
3.49 -0.000173769 -1.68313e-007 -7.27005e-007 -1.53384e-010 -1.53384e-010
3.5 -0.000173767 -1.06454e-007 -8.26124e-007 2.81881e-010 2.81881e-010
3.51 -0.000173764 -3.30112e-008 -9.52299e-007 2.24955e-010 2.24955e-010
3.52 -0.000173761 4.61024e-008 -1.09623e-006 -2.57729e-010 -2.57729e-010
3.53 -0.000173758 1.40044e-007 -1.21519e-006 -8.88819e-010 -8.88819e-010
3.54 -0.000173755 2.56591e-007 -1.26928e-006 -1.27104e-009 -1.27104e-009
3.55 -0.000173753 3.84791e-007 -1.25829e-006 -1.09998e-009 -1.09998e-009
3.56 -0.000173752 4.98143e-007 -1.2225e-006 -3.7103e-010 -3.7103e-010
3.57 -0.000173752 5.74192e-007 -1.20711e-006 6.04063e-010 6.04063e-010
3.58 -0.000173753 6.11934e-007 -1.22441e-006 1.40025e-009 1.40025e-009
3.59 -0.000173753 6.29677e-007 -1.2486e-006 1.73141e-009 1.73141e-009
3.6 -0.000173752 6.54648e-007 -1.23545e-006 1.56183e-009 1.56183e-009
3.61 -0.00017375 7.13318e-007 -1.1553e-006 1.04111e-009 1.04111e-009
3.62 -0.000173747 8.1608e-007 -1.02471e-006 3.57374e-010 3.57374e-010
3.63 -0.000173744 9.46797e-007 -9.02219e-007 -3.78182e-010 -3.78182e-010
3.64 -0.00017374 1.07016e-006 -8.39591e-007 -1.14493e-009 -1.14493e-009
3.65 -0.000173736 1.15114e-006 -8.40028e-007 -1.93306e-009 -1.93306e-009
3.66 -0.000173733 1.17193e-006 -8.70322e-007 -2.67304e-009 -2.67304e-009
3.67 -0.000173731 1.13008e-006 -9.0154e-007 -3.2735e-009 -3.2735e-009
3.68 -0.000173729 1.03092e-006 -9.26628e-007 -3.7296e-009 -3.7296e-009
3.69 -0.000173727 8.97233e-007 -9.5363e-007 -4.16766e-009 -4.16766e-009
3.7 -0.000173725 7.71863e-007 -9.99317e-007 -4.77178e-009 -4.77178e-009
3.71 -0.000173724 6.9442e-007 -1.07996e-006 -5.66446e-009 -5.66446e-009
3.72 -0.000173723 6.84808e-007 -1.19409e-006 -6.82037e-009 -6.82037e-009
3.73 -0.000173724 7.40595e-007 -1.32081e-006 -8.04177e-009 -8.04177e-009
3.74 -0.000173726 8.34691e-007 -1.43884e-006 -9.01673e-009 -9.01673e-009
3.75 -0.000173729 9.34732e-007 -1.54e-006 -9.46248e-009 -9.46248e-009
3.76 -0.000173737 1.03042e-006 -1.62858e-006 -9.28073e-009 -9.28073e-009
3.77 -0.000173747 1.12827e-006 -1.7097e-006 -8.61317e-009 -8.61317e-009
3.78 -0.000173757 1.23101e-006 -1.78273e-006 -7.75392e-009 -7.75392e-009
3.79 -0.000173765 1.3328e-006 -1.84786e-006 -6.9899e-009 -6.9899e-009
3.8 -0.000173773 1.4257e-006 -1.90632e-006 -6.47789e-009 -6.47789e-009
3.81 -0.000173779 1.49913e-006 -1.95375e-006 -6.20899e-009 -6.20899e-009
3.82 -0.000173781 1.5326e-006 -1.98198e-006 -6.04991e-009 -6.04991e-009
3.83 -0.00017378 1.50522e-006 -1.97914e-006 -5.82426e-009 -5.82426e-009
3.84 -0.000173777 1.42954e-006 -1.93325e-006 -5.38729e-009 -5.38729e-009
3.85 -0.000173774 1.36302e-006 -1.85065e-006 -4.6729e-009 -4.6729e-009
3.86 -0.00017377 1.35756e-006 -1.75261e-006 -3.71527e-009 -3.71527e-009
3.87 -0.000173766 1.40848e-006 -1.65282e-006 -2.63383e-009 -2.63383e-009
3.88 -0.000173762 1.46995e-006 -1.55479e-006 -1.58561e-009 -1.58561e-009
3.89 -0.00017376 1.50252e-006 -1.46359e-006 -7.26002e-010 -7.26002e-010
3.9 -0.000173757 1.4938e-006 -1.39456e-006 -1.97313e-010 -1.97313e-010
3.91 -0.000173756 1.4433e-006 -1.37339e-006 -1.1824e-010 -1.1824e-010
3.92 -0.000173754 1.34208e-006 -1.42134e-006 -5.49601e-010 -5.49601e-010
3.93 -0.000173754 1.18423e-006 -1.52729e-006 -1.44384e-009 -1.44384e-009
3.94 -0.000173753 9.89456e-007 -1.6402e-006 -2.61499e-009 -2.61499e-009
3.95 -0.000173753 7.88819e-007 -1.7044e-006 -3.78158e-009 -3.78158e-009
3.96 -0.000173753 5.98714e-007 -1.69583e-006 -4.69118e-009 -4.69118e-009
3.97 -0.000173753 4.24998e-007 -1.62389e-006 -5.24096e-009 -5.24096e-009
3.98 -0.000173754 2.73656e-007 -1.50995e-006 -5.49083e-009 -5.49083e-009
3.99 -0.000173756 1.46121e-007 -1.37001e-006 -5.5715e-009 -5.5715e-009
4 -0.000173759 3.02693e-008 -1.22711e-006 -5.59624e-009 -5.59624e-009
4.01 -0.000173763 -9.86401e-008 -1.12283e-006 -5.65773e-009 -5.65773e-009
4.02 -0.000173768 -2.52261e-007 -1.08625e-006 -5.85528e-009 -5.85528e-009
4.03 -0.000173774 -4.08423e-007 -1.11196e-006 -6.25922e-009 -6.25922e-009
4.04 -0.00017378 -5.36438e-007 -1.18538e-006 -6.85254e-009 -6.85254e-009
4.05 -0.000173787 -6.2601e-007 -1.29626e-006 -7.54495e-009 -7.54495e-009
4.06 -0.000173794 -6.80158e-007 -1.41575e-006 -8.2222e-009 -8.2222e-009
4.07 -0.000173803 -7.07701e-007 -1.49915e-006 -8.74282e-009 -8.74282e-009
4.08 -0.000173812 -7.31854e-007 -1.52742e-006 -8.92706e-009 -8.92706e-009
4.09 -0.00017382 -7.87094e-007 -1.51504e-006 -8.62003e-009 -8.62003e-009
4.1 -0.000173828 -8.97197e-007 -1.47788e-006 -7.77356e-009 -7.77356e-009
4.11 -0.000173835 -1.06128e-006 -1.42357e-006 -6.45619e-009 -6.45619e-009
4.12 -0.000173841 -1.25691e-006 -1.35512e-006 -4.81287e-009 -4.81287e-009
4.13 -0.000173847 -1.45058e-006 -1.26249e-006 -3.02738e-009 -3.02738e-009
4.14 -0.000173851 -1.61801e-006 -1.13947e-006 -1.29358e-009 -1.29358e-009
4.15 -0.000173855 -1.75644e-006 -1.01085e-006 1.97679e-010 1.97679e-010
4.16 -0.000173859 -1.87333e-006 -9.17184e-007 1.26388e-009 1.26388e-009
4.17 -0.000173862 -1.97197e-006 -8.84944e-007 1.77298e-009 1.77298e-009
4.18 -0.000173864 -2.04923e-006 -9.10234e-007 1.72473e-009 1.72473e-009
4.19 -0.000173866 -2.10327e-006 -9.55554e-007 1.30447e-009 1.30447e-009
4.2 -0.000173867 -2.13973e-006 -9.73102e-007 8.41234e-010 8.41234e-010
4.21 -0.000173869 -2.1615e-006 -9.3105e-007 6.69427e-010 6.69427e-010
4.22 -0.000173872 -2.15543e-006 -8.14087e-007 9.80251e-010 9.80251e-010
4.23 -0.000173878 -2.10572e-006 -6.28041e-007 1.7544e-009 1.7544e-009
4.24 -0.000173885 -2.0135e-006 -4.03058e-007 2.78626e-009 2.78626e-009
4.25 -0.000173893 -1.88779e-006 -1.60694e-007 3.77885e-009 3.77885e-009
4.26 -0.000173901 -1.73284e-006 9.74087e-008 4.48467e-009 4.48467e-009
4.27 -0.00017391 -1.55115e-006 3.57475e-007 4.80399e-009 4.80399e-009
4.28 -0.000173919 -1.34549e-006 5.93175e-007 4.77045e-009 4.77045e-009
4.29 -0.000173926 -1.12289e-006 7.86737e-007 4.48153e-009 4.48153e-009
4.3 -0.000173931 -9.01785e-007 9.15456e-007 4.04494e-009 4.04494e-009
4.31 -0.000173935 -7.02279e-007 9.47209e-007 3.53657e-009 3.53657e-009
4.32 -0.000173938 -5.28e-007 8.77282e-007 2.98872e-009 2.98872e-009
4.33 -0.000173942 -3.67915e-007 7.44806e-007 2.4449e-009 2.4449e-009
4.34 -0.000173945 -2.14573e-007 6.06748e-007 2.02082e-009 2.02082e-009
4.35 -0.000173948 -7.04477e-008 5.13811e-007 1.87962e-009 1.87962e-009
4.36 -0.000173951 6.69983e-008 4.96257e-007 2.14229e-009 2.14229e-009
4.37 -0.000173954 2.15276e-007 5.4959e-007 2.82582e-009 2.82582e-009
4.38 -0.000173957 3.91026e-007 6.39354e-007 3.85177e-009 3.85177e-009
4.39 -0.000173962 5.83471e-007 7.19051e-007 5.09868e-009 5.09868e-009
4.4 -0.000173966 7.54374e-007 7.5158e-007 6.45253e-009 6.45253e-009
4.41 -0.000173967 8.72851e-007 7.35029e-007 7.835e-009 7.835e-009
4.42 -0.000173965 9.4174e-007 7.00406e-007 9.20651e-009 9.20651e-009
4.43 -0.000173962 9.90036e-007 6.86455e-007 1.05374e-008 1.05374e-008
4.44 -0.000173961 1.04991e-006 7.28491e-007 1.17713e-008 1.17713e-008
4.45 -0.000173963 1.13484e-006 8.41583e-007 1.28274e-008 1.28274e-008
4.46 -0.000173968 1.23445e-006 9.91521e-007 1.36283e-008 1.36283e-008
4.47 -0.000173973 1.33569e-006 1.11081e-006 1.41152e-008 1.41152e-008
4.48 -0.000173975 1.43838e-006 1.15931e-006 1.42779e-008 1.42779e-008
4.49 -0.000173976 1.54094e-006 1.15102e-006 1.42097e-008 1.42097e-008
4.5 -0.000173978 1.62867e-006 1.12759e-006 1.41047e-008 1.41047e-008
4.51 -0.00017398 1.69208e-006 1.13578e-006 1.4145e-008 1.4145e-008
4.52 -0.000173985 1.7431e-006 1.21839e-006 1.43775e-008 1.43775e-008
4.53 -0.000173996 1.79306e-006 1.38403e-006 1.46884e-008 1.46884e-008
4.54 -0.000174008 1.82861e-006 1.59484e-006 1.48595e-008 1.48595e-008
4.55 -0.000174019 1.82908e-006 1.79776e-006 1.46646e-008 1.46646e-008
4.56 -0.000174026 1.79192e-006 1.93964e-006 1.39725e-008 1.39725e-008
4.57 -0.000174028 1.72966e-006 1.97116e-006 1.28012e-008 1.28012e-008
4.58 -0.00017403 1.65707e-006 1.87814e-006 1.12954e-008 1.12954e-008
4.59 -0.000174033 1.58935e-006 1.70236e-006 9.67328e-009 9.67328e-009
4.6 -0.000174035 1.5423e-006 1.5152e-006 8.16741e-009 8.16741e-009
4.61 -0.000174038 1.51749e-006 1.36031e-006 6.93456e-009 6.93456e-009
4.62 -0.000174041 1.48829e-006 1.22329e-006 5.95407e-009 5.95407e-009
4.63 -0.000174044 1.42213e-006 1.07137e-006 5.03318e-009 5.03318e-009
4.64 -0.000174047 1.32061e-006 9.12067e-007 3.99037e-009 3.99037e-009
4.65 -0.000174049 1.22427e-006 7.845e-007 2.8733e-009 2.8733e-009
4.66 -0.000174052 1.17823e-006 7.01266e-007 1.96921e-009 1.96921e-009
4.67 -0.000174054 1.19722e-006 6.32122e-007 1.5827e-009 1.5827e-009
4.68 -0.000174057 1.25779e-006 5.43905e-007 1.8224e-009 1.8224e-009
4.69 -0.000174058 1.3218e-006 4.36969e-007 2.58819e-009 2.58819e-009
4.7 -0.000174058 1.36731e-006 3.47534e-007 3.69408e-009 3.69408e-009
4.71 -0.000174057 1.39465e-006 3.20352e-007 4.96037e-009 4.96037e-009
4.72 -0.000174054 1.40918e-006 3.61101e-007 6.21446e-009 6.21446e-009
4.73 -0.00017405 1.41569e-006 4.18467e-007 7.25974e-009 7.25974e-009
4.74 -0.000174044 1.42496e-006 4.32495e-007 7.9063e-009 7.9063e-009
4.75 -0.000174038 1.44846e-006 3.85599e-007 8.08312e-009 8.08312e-009
4.76 -0.000174031 1.49328e-006 3.08443e-007 7.92716e-009 7.92716e-009
4.77 -0.000174024 1.56574e-006 2.64122e-007 7.74478e-009 7.74478e-009
4.78 -0.000174017 1.66507e-006 3.04092e-007 7.86004e-009 7.86004e-009
4.79 -0.000174012 1.77302e-006 4.18091e-007 8.43355e-009 8.43355e-009
4.8 -0.000174007 1.86352e-006 5.52673e-007 9.35236e-009 9.35236e-009
4.81 -0.000174003 1.92425e-006 6.626e-007 1.02759e-008 1.02759e-008
4.82 -0.000174 1.96407e-006 7.19475e-007 1.08054e-008 1.08054e-008
4.83 -0.000173997 1.99788e-006 7.18735e-007 1.06568e-008 1.06568e-008
4.84 -0.000173994 2.02749e-006 7.0668e-007 9.78543e-009 9.78543e-009
4.85 -0.000173992 2.04337e-006 7.44413e-007 8.43705e-009 8.43705e-009
4.86 -0.00017399 2.03463e-006 8.09013e-007 7.01475e-009 7.01475e-009
4.87 -0.00017399 1.99866e-006 7.91644e-007 5.77139e-009 5.77139e-009
4.88 -0.00017399 1.95509e-006 6.2388e-007 4.63553e-009 4.63553e-009
4.89 -0.000173991 1.93327e-006 3.50941e-007 3.39875e-009 3.39875e-009
4.9 -0.000173993 1.94029e-006 7.34832e-008 2.02599e-009 2.02599e-009
4.91 -0.000173996 1.96251e-006 -1.45926e-007 7.00178e-010 7.00178e-010
4.92 -0.000173999 1.99865e-006 -3.08192e-007 -4.02778e-010 -4.02778e-010
4.93 -0.000174004 2.06917e-006 -4.37842e-007 -1.28215e-009 -1.28215e-009
4.94 -0.00017401 2.1827e-006 -5.61659e-007 -2.05251e-009 -2.05251e-009
4.95 -0.000174017 2.31019e-006 -7.15162e-007 -2.80515e-009 -2.80515e-009
4.96 -0.000174025 2.40459e-006 -9.14946e-007 -3.5445e-009 -3.5445e-009
4.97 -0.000174033 2.4337e-006 -1.12385e-006 -4.16515e-009 -4.16515e-009
4.98 -0.000174036 2.3902e-006 -1.28869e-006 -4.45535e-009 -4.45535e-009
4.99 -0.000174036 2.29025e-006 -1.40897e-006 -4.22748e-009 -4.22748e-009
5 -0.000174033 2.17899e-006 -1.52238e-006 -3.53124e-009 -3.53124e-009
5.01 -0.000174029 2.11255e-006 -1.63594e-006 -2.6947e-009 -2.6947e-009
5.02 -0.000174023 2.10529e-006 -1.72305e-006 -2.1007e-009 -2.1007e-009
5.03 -0.000174016 2.11214e-006 -1.76646e-006 -1.9341e-009 -1.9341e-009
5.04 -0.000174005 2.0802e-006 -1.76642e-006 -2.12015e-009 -2.12015e-009
5.05 -0.000173995 1.99488e-006 -1.73942e-006 -2.42784e-009 -2.42784e-009
5.06 -0.000173986 1.87002e-006 -1.73357e-006 -2.63656e-009 -2.63656e-009
5.07 -0.000173976 1.73275e-006 -1.79887e-006 -2.69176e-009 -2.69176e-009
5.08 -0.000173967 1.62097e-006 -1.92442e-006 -2.73248e-009 -2.73248e-009
5.09 -0.00017396 1.56524e-006 -2.0494e-006 -2.95089e-009 -2.95089e-009
5.1 -0.000173956 1.57092e-006 -2.13172e-006 -3.44787e-009 -3.44787e-009
5.11 -0.000173952 1.62613e-006 -2.16091e-006 -4.22847e-009 -4.22847e-009
5.12 -0.000173949 1.72256e-006 -2.12861e-006 -5.25904e-009 -5.25904e-009
5.13 -0.000173947 1.85566e-006 -2.05123e-006 -6.48692e-009 -6.48692e-009
5.14 -0.000173948 2.00355e-006 -2.00496e-006 -7.87274e-009 -7.87274e-009
5.15 -0.000173954 2.12897e-006 -2.0726e-006 -9.43819e-009 -9.43819e-009
5.16 -0.000173965 2.21809e-006 -2.26275e-006 -1.12073e-008 -1.12073e-008
5.17 -0.000173982 2.2952e-006 -2.5258e-006 -1.30742e-008 -1.30742e-008
5.18 -0.000174002 2.39259e-006 -2.81501e-006 -1.48175e-008 -1.48175e-008
5.19 -0.000174024 2.53049e-006 -3.09273e-006 -1.62898e-008 -1.62898e-008
5.2 -0.000174045 2.71873e-006 -3.30327e-006 -1.75305e-008 -1.75305e-008
5.21 -0.000174062 2.94147e-006 -3.38808e-006 -1.8653e-008 -1.8653e-008
5.22 -0.00017407 3.13531e-006 -3.33948e-006 -1.96737e-008 -1.96737e-008
5.23 -0.000174071 3.21819e-006 -3.19807e-006 -2.0469e-008 -2.0469e-008
5.24 -0.00017407 3.15037e-006 -3.00861e-006 -2.08253e-008 -2.08253e-008
5.25 -0.000174069 2.95037e-006 -2.80985e-006 -2.05055e-008 -2.05055e-008
5.26 -0.000174067 2.66795e-006 -2.625e-006 -1.93515e-008 -1.93515e-008
5.27 -0.000174063 2.3549e-006 -2.44064e-006 -1.73923e-008 -1.73923e-008
5.28 -0.000174059 2.0426e-006 -2.23172e-006 -1.48695e-008 -1.48695e-008
5.29 -0.000174055 1.74043e-006 -2.00312e-006 -1.21748e-008 -1.21748e-008
5.3 -0.000174052 1.46156e-006 -1.76762e-006 -9.72879e-009 -9.72879e-009
5.31 -0.00017405 1.2337e-006 -1.51252e-006 -7.80554e-009 -7.80554e-009
5.32 -0.000174052 1.0694e-006 -1.22596e-006 -6.3854e-009 -6.3854e-009
5.33 -0.000174056 9.44624e-007 -9.16269e-007 -5.17062e-009 -5.17062e-009
5.34 -0.000174066 8.16328e-007 -5.88579e-007 -3.74058e-009 -3.74058e-009
5.35 -0.000174079 6.51028e-007 -2.19556e-007 -1.69994e-009 -1.69994e-009
5.36 -0.000174097 4.35369e-007 2.32756e-007 1.23521e-009 1.23521e-009
5.37 -0.000174119 1.73538e-007 7.62002e-007 5.12674e-009 5.12674e-009
5.38 -0.000174143 -1.14268e-007 1.27422e-006 9.64927e-009 9.64927e-009
5.39 -0.000174176 -4.01224e-007 1.67331e-006 1.4066e-008 1.4066e-008
5.4 -0.000174218 -6.68238e-007 1.96e-006 1.75426e-008 1.75426e-008
5.41 -0.00017426 -9.02136e-007 2.20354e-006 1.96126e-008 1.96126e-008
5.42 -0.000174301 -1.08367e-006 2.44981e-006 2.03744e-008 2.03744e-008
5.43 -0.000174338 -1.19421e-006 2.66809e-006 2.02828e-008 2.02828e-008
5.44 -0.000174367 -1.24546e-006 2.78352e-006 1.98192e-008 1.98192e-008
5.45 -0.000174389 -1.29164e-006 2.77712e-006 1.93582e-008 1.93582e-008
5.46 -0.000174411 -1.39527e-006 2.72702e-006 1.92398e-008 1.92398e-008
5.47 -0.000174437 -1.58417e-006 2.73849e-006 1.97955e-008 1.97955e-008
5.48 -0.000174473 -1.84507e-006 2.87095e-006 2.11916e-008 2.11916e-008
5.49 -0.000174516 -2.14329e-006 3.12565e-006 2.32623e-008 2.32623e-008
5.5 -0.000174561 -2.44496e-006 3.44188e-006 2.55387e-008 2.55387e-008
5.51 -0.000174599 -2.72475e-006 3.71311e-006 2.74354e-008 2.74354e-008
5.52 -0.000174625 -2.95169e-006 3.87044e-006 2.8476e-008 2.8476e-008
5.53 -0.000174636 -3.09156e-006 3.92856e-006 2.85024e-008 2.85024e-008
5.54 -0.000174635 -3.13587e-006 3.92768e-006 2.77625e-008 2.77625e-008
5.55 -0.000174628 -3.09788e-006 3.88649e-006 2.6768e-008 2.6768e-008
5.56 -0.000174619 -2.98347e-006 3.80509e-006 2.60079e-008 2.60079e-008
5.57 -0.000174608 -2.80084e-006 3.67117e-006 2.57206e-008 2.57206e-008
5.58 -0.000174596 -2.59037e-006 3.47743e-006 2.58235e-008 2.58235e-008
5.59 -0.000174583 -2.41342e-006 3.23793e-006 2.60022e-008 2.60022e-008
5.6 -0.000174569 -2.30691e-006 2.96944e-006 2.58958e-008 2.58958e-008
5.61 -0.000174555 -2.25829e-006 2.66962e-006 2.52709e-008 2.52709e-008
5.62 -0.00017454 -2.21891e-006 2.34118e-006 2.41015e-008 2.41015e-008
5.63 -0.000174523 -2.13105e-006 2.03128e-006 2.25571e-008 2.25571e-008
5.64 -0.000174506 -1.94967e-006 1.80765e-006 2.0922e-008 2.0922e-008
5.65 -0.000174488 -1.65637e-006 1.68386e-006 1.94381e-008 1.94381e-008
5.66 -0.00017447 -1.26803e-006 1.58725e-006 1.81295e-008 1.81295e-008
5.67 -0.000174452 -8.34069e-007 1.40893e-006 1.67538e-008 1.67538e-008
5.68 -0.000174433 -4.11087e-007 1.09219e-006 1.49589e-008 1.49589e-008
5.69 -0.000174415 -2.89097e-008 6.72931e-007 1.25231e-008 1.25231e-008
5.7 -0.000174397 3.17763e-007 2.35237e-007 9.46601e-009 9.46601e-009
5.71 -0.000174379 6.42482e-007 -1.62863e-007 5.95166e-009 5.95166e-009
5.72 -0.000174362 9.40948e-007 -5.11111e-007 2.13126e-009 2.13126e-009
5.73 -0.000174345 1.19616e-006 -8.01564e-007 -1.87624e-009 -1.87624e-009
5.74 -0.00017433 1.40615e-006 -9.86723e-007 -5.85294e-009 -5.85294e-009
5.75 -0.000174317 1.60352e-006 -9.9882e-007 -9.39185e-009 -9.39185e-009
5.76 -0.000174306 1.84091e-006 -8.14897e-007 -1.20162e-008 -1.20162e-008
5.77 -0.000174297 2.15605e-006 -4.92257e-007 -1.34441e-008 -1.34441e-008
5.78 -0.000174292 2.55153e-006 -1.43171e-007 -1.37684e-008 -1.37684e-008
5.79 -0.000174294 2.99755e-006 9.72297e-008 -1.34222e-008 -1.34222e-008
5.8 -0.000174302 3.44016e-006 9.5262e-008 -1.30217e-008 -1.30217e-008
5.81 -0.00017431 3.82538e-006 -2.19688e-007 -1.31904e-008 -1.31904e-008
5.82 -0.000174315 4.14753e-006 -7.63193e-007 -1.43225e-008 -1.43225e-008
5.83 -0.000174326 4.46089e-006 -1.30524e-006 -1.62991e-008 -1.62991e-008
5.84 -0.000174345 4.81201e-006 -1.64712e-006 -1.84274e-008 -1.84274e-008
5.85 -0.000174371 5.16587e-006 -1.77707e-006 -1.98235e-008 -1.98235e-008
5.86 -0.000174395 5.42787e-006 -1.82388e-006 -1.9952e-008 -1.9952e-008
5.87 -0.000174409 5.53836e-006 -1.90886e-006 -1.87941e-008 -1.87941e-008
5.88 -0.000174419 5.52255e-006 -2.07597e-006 -1.65761e-008 -1.65761e-008
5.89 -0.000174429 5.45774e-006 -2.29056e-006 -1.34788e-008 -1.34788e-008
5.9 -0.000174438 5.40965e-006 -2.46501e-006 -9.62275e-009 -9.62275e-009
5.91 -0.000174443 5.39304e-006 -2.52666e-006 -5.2379e-009 -5.2379e-009
5.92 -0.000174445 5.38382e-006 -2.44992e-006 -7.9112e-010 -7.9112e-010
5.93 -0.000174444 5.34662e-006 -2.22904e-006 3.09097e-009 3.09097e-009
5.94 -0.000174442 5.23523e-006 -1.87672e-006 5.8885e-009 5.8885e-009
5.95 -0.000174439 4.9992e-006 -1.44934e-006 7.4456e-009 7.4456e-009
5.96 -0.000174437 4.6158e-006 -1.04543e-006 8.03088e-009 8.03088e-009
5.97 -0.000174437 4.11087e-006 -7.48999e-007 8.20289e-009 8.20289e-009
5.98 -0.00017444 3.54549e-006 -5.71013e-007 8.59791e-009 8.59791e-009
5.99 -0.000174445 2.97941e-006 -4.75176e-007 9.68578e-009 9.68578e-009
6 -0.000174453 2.4372e-006 -4.64314e-007 1.14807e-008 1.14807e-008
6.01 -0.000174463 1.90219e-006 -6.0877e-007 1.33428e-008 1.33428e-008
6.02 -0.000174474 1.33558e-006 -9.70128e-007 1.41486e-008 1.41486e-008
6.03 -0.000174484 6.84677e-007 -1.54311e-006 1.28649e-008 1.28649e-008
6.04 -0.000174494 -9.55829e-008 -2.27518e-006 9.12119e-009 9.12119e-009
6.05 -0.000174535 -9.88378e-007 -3.09705e-006 3.35469e-009 3.35469e-009
6.06 -0.000174614 -1.90261e-006 -3.9457e-006 -3.47437e-009 -3.47437e-009
6.07 -0.000174701 -2.72635e-006 -4.77097e-006 -1.02889e-008 -1.02889e-008
6.08 -0.000174781 -3.38339e-006 -5.52329e-006 -1.61894e-008 -1.61894e-008
6.09 -0.000174851 -3.85703e-006 -6.17456e-006 -2.06313e-008 -2.06313e-008
6.1 -0.00017491 -4.18618e-006 -6.7351e-006 -2.35658e-008 -2.35658e-008
6.11 -0.000174961 -4.43031e-006 -7.20266e-006 -2.54783e-008 -2.54783e-008
6.12 -0.000174998 -4.63749e-006 -7.53032e-006 -2.7183e-008 -2.7183e-008
6.13 -0.000175017 -4.83618e-006 -7.66073e-006 -2.94406e-008 -2.94406e-008
6.14 -0.000175016 -5.0235e-006 -7.53044e-006 -3.26242e-008 -3.26242e-008
6.15 -0.000175004 -5.17206e-006 -7.0499e-006 -3.654e-008 -3.654e-008
6.16 -0.000174989 -5.26498e-006 -6.14968e-006 -4.04293e-008 -4.04293e-008
6.17 -0.00017497 -5.31094e-006 -4.83846e-006 -4.32021e-008 -4.32021e-008
6.18 -0.000174949 -5.33575e-006 -3.19711e-006 -4.38372e-008 -4.38372e-008
6.19 -0.000174932 -5.39176e-006 -1.36463e-006 -4.17514e-008 -4.17514e-008
6.2 -0.000174925 -5.5643e-006 4.80593e-007 -3.701e-008 -3.701e-008
6.21 -0.00017495 -5.91867e-006 2.20559e-006 -3.03189e-008 -3.03189e-008
6.22 -0.000175027 -6.42416e-006 3.80191e-006 -2.27431e-008 -2.27431e-008
6.23 -0.000175139 -6.95076e-006 5.34885e-006 -1.52597e-008 -1.52597e-008
6.24 -0.000175269 -7.36369e-006 6.88452e-006 -8.44344e-009 -8.44344e-009
6.25 -0.000175403 -7.63244e-006 8.30561e-006 -2.47102e-009 -2.47102e-009
6.26 -0.000175524 -7.85172e-006 9.37118e-006 2.67801e-009 2.67801e-009
6.27 -0.000175612 -8.16152e-006 9.80073e-006 7.08866e-009 7.08866e-009
6.28 -0.000175671 -8.62862e-006 9.44772e-006 1.09671e-008 1.09671e-008
6.29 -0.000175738 -9.18127e-006 8.44759e-006 1.48006e-008 1.48006e-008
6.3 -0.000175815 -9.64113e-006 7.18925e-006 1.94055e-008 1.94055e-008
6.31 -0.000175893 -9.84216e-006 6.05024e-006 2.56259e-008 2.56259e-008
6.32 -0.000175974 -9.73033e-006 5.11587e-006 3.36809e-008 3.36809e-008
6.33 -0.000176055 -9.34758e-006 4.17295e-006 4.26483e-008 4.26483e-008
6.34 -0.000176136 -8.76923e-006 2.9139e-006 5.06923e-008 5.06923e-008
6.35 -0.000176212 -8.06618e-006 1.16823e-006 5.60231e-008 5.60231e-008
6.36 -0.00017628 -7.27218e-006 -9.54837e-007 5.79116e-008 5.79116e-008
6.37 -0.000176338 -6.34307e-006 -3.04945e-006 5.71044e-008 5.71044e-008
6.38 -0.000176383 -5.17449e-006 -4.57514e-006 5.54657e-008 5.54657e-008
6.39 -0.000176412 -3.72287e-006 -5.21337e-006 5.49907e-008 5.49907e-008
6.4 -0.000176424 -2.09757e-006 -5.08162e-006 5.65967e-008 5.65967e-008
6.41 -0.000176415 -4.93177e-007 -4.49869e-006 5.95223e-008 5.95223e-008
6.42 -0.000176386 9.21755e-007 -3.64326e-006 6.19853e-008 6.19853e-008
6.43 -0.000176336 2.01861e-006 -2.52311e-006 6.25497e-008 6.25497e-008
6.44 -0.000176265 2.70572e-006 -1.09209e-006 6.09215e-008 6.09215e-008
6.45 -0.000176176 2.97566e-006 7.03603e-007 5.76978e-008 5.76978e-008
6.46 -0.0001761 2.91786e-006 2.89039e-006 5.36573e-008 5.36573e-008
6.47 -0.000176041 2.6423e-006 5.37786e-006 4.92175e-008 4.92175e-008
6.48 -0.00017599 2.20778e-006 7.92114e-006 4.42065e-008 4.42065e-008
6.49 -0.000175945 1.62583e-006 1.02284e-005 3.80042e-008 3.80042e-008
6.5 -0.000175896 9.06003e-007 1.20936e-005 3.0085e-008 3.0085e-008
6.51 -0.000175842 1.00479e-007 1.34108e-005 2.05981e-008 2.05981e-008
6.52 -0.000175781 -7.02329e-007 1.40934e-005 1.03982e-008 1.03982e-008
6.53 -0.00017572 -1.42953e-006 1.40043e-005 4.12969e-010 4.12969e-010
6.54 -0.000175685 -2.03353e-006 1.30024e-005 -9.06896e-009 -9.06896e-009
6.55 -0.000175681 -2.43781e-006 1.11033e-005 -1.84679e-008 -1.84679e-008
6.56 -0.000175703 -2.52315e-006 8.55054e-006 -2.82487e-008 -2.82487e-008
6.57 -0.000175752 -2.18401e-006 5.69313e-006 -3.81904e-008 -3.81904e-008
6.58 -0.000175824 -1.37965e-006 2.82564e-006 -4.72786e-008 -4.72786e-008
6.59 -0.000175915 -1.5782e-007 8.79624e-008 -5.42364e-008 -5.42364e-008
6.6 -0.000176019 1.35835e-006 -2.56285e-006 -5.82054e-008 -5.82054e-008
6.61 -0.000176154 3.03648e-006 -5.25825e-006 -5.91009e-008 -5.91009e-008
6.62 -0.000176457 4.80137e-006 -8.07026e-006 -5.7477e-008 -5.7477e-008
6.63 -0.000176856 6.6169e-006 -1.0937e-005 -5.40824e-008 -5.40824e-008
6.64 -0.000177232 8.4544e-006 -1.369e-005 -4.94799e-008 -4.94799e-008
6.65 -0.000177557 1.02349e-005 -1.60806e-005 -4.39926e-008 -4.39926e-008
6.66 -0.000177857 1.18212e-005 -1.7901e-005 -3.7917e-008 -3.7917e-008
6.67 -0.000178036 1.30688e-005 -1.90638e-005 -3.17385e-008 -3.17385e-008
6.68 -0.000178118 1.38728e-005 -1.95205e-005 -2.60946e-008 -2.60946e-008
6.69 -0.000178076 1.42151e-005 -1.92292e-005 -2.14173e-008 -2.14173e-008
6.7 -0.00017799 1.41333e-005 -1.81446e-005 -1.74722e-008 -1.74722e-008
6.71 -0.000177894 1.36412e-005 -1.62825e-005 -1.32743e-008 -1.32743e-008
6.72 -0.000177778 1.27267e-005 -1.37743e-005 -7.68871e-009 -7.68871e-009
6.73 -0.000177657 1.14316e-005 -1.08161e-005 -3.12231e-010 -3.12231e-010
6.74 -0.000177539 9.9175e-006 -7.58306e-006 8.09903e-009 8.09903e-009
6.75 -0.000177425 8.42304e-006 -4.2383e-006 1.58645e-008 1.58645e-008
6.76 -0.000177319 7.16228e-006 -9.53834e-007 2.09854e-008 2.09854e-008
6.77 -0.00017723 6.25096e-006 2.13295e-006 2.18441e-008 2.18441e-008
6.78 -0.000177169 5.71283e-006 4.91136e-006 1.77905e-008 1.77905e-008
6.79 -0.000177148 5.5265e-006 7.2401e-006 9.32641e-009 9.32641e-009
6.8 -0.000177179 5.66386e-006 8.92974e-006 -2.2171e-009 -2.2171e-009
6.81 -0.000177248 6.10602e-006 9.82612e-006 -1.5189e-008 -1.5189e-008
6.82 -0.000177346 6.84292e-006 9.90389e-006 -2.79472e-008 -2.79472e-008
6.83 -0.000177464 7.8475e-006 9.23442e-006 -3.90291e-008 -3.90291e-008
6.84 -0.000177603 9.04669e-006 7.89133e-006 -4.74161e-008 -4.74161e-008
6.85 -0.000177761 1.03362e-005 5.9418e-006 -5.28763e-008 -5.28763e-008
6.86 -0.00017793 1.1627e-005 3.52839e-006 -5.60122e-008 -5.60122e-008
6.87 -0.000178105 1.28499e-005 8.66433e-007 -5.78181e-008 -5.78181e-008
6.88 -0.000178269 1.39227e-005 -1.88064e-006 -5.90807e-008 -5.90807e-008
6.89 -0.000178412 1.47305e-005 -4.67873e-006 -6.00453e-008 -6.00453e-008
6.9 -0.000178498 1.51463e-005 -7.55523e-006 -6.0356e-008 -6.0356e-008
6.91 -0.000178558 1.50838e-005 -1.04182e-005 -5.90918e-008 -5.90918e-008
6.92 -0.000178614 1.4583e-005 -1.30492e-005 -5.49533e-008 -5.49533e-008
6.93 -0.000178618 1.3758e-005 -1.52695e-005 -4.68283e-008 -4.68283e-008
6.94 -0.000178616 1.26672e-005 -1.70368e-005 -3.46138e-008 -3.46138e-008
6.95 -0.000178577 1.12973e-005 -1.84252e-005 -1.96493e-008 -1.96493e-008
6.96 -0.000178551 9.6235e-006 -1.94043e-005 -4.23046e-009 -4.23046e-009
6.97 -0.000178514 7.71483e-006 -1.98105e-005 9.49357e-009 9.49357e-009
6.98 -0.000178434 5.74566e-006 -1.94619e-005 2.03604e-008 2.03604e-008
6.99 -0.000178321 3.92031e-006 -1.829e-005 2.8261e-008 2.8261e-008
7 -0.000178193 2.39128e-006 -1.63223e-005 3.37294e-008 3.37294e-008
7.01 -0.000178069 1.25262e-006 -1.35611e-005 3.76327e-008 3.76327e-008
7.02 -0.000177953 5.56369e-007 -9.99406e-006 4.10342e-008 4.10342e-008
7.03 -0.000177853 2.7387e-007 -5.76823e-006 4.48127e-008 4.48127e-008
7.04 -0.000177773 2.43461e-007 -1.28333e-006 4.89374e-008 4.89374e-008
7.05 -0.000177715 1.87547e-007 2.89003e-006 5.19702e-008 5.19702e-008
7.06 -0.000177679 -1.53804e-007 6.26632e-006 5.14099e-008 5.14099e-008
7.07 -0.000177661 -8.69405e-007 8.67531e-006 4.48538e-008 4.48538e-008
7.08 -0.000177662 -1.88162e-006 1.02153e-005 3.11984e-008 3.11984e-008
7.09 -0.000177681 -3.06746e-006 1.10306e-005 1.10318e-008 1.10318e-008
7.1 -0.000177717 -4.34558e-006 1.1168e-005 -1.38171e-008 -1.38171e-008
7.11 -0.00017777 -5.6622e-006 1.06013e-005 -4.09103e-008 -4.09103e-008
7.12 -0.000177843 -6.94453e-006 9.32504e-006 -6.75692e-008 -6.75692e-008
7.13 -0.000177938 -8.12008e-006 7.38145e-006 -9.11549e-008 -9.11549e-008
7.14 -0.000178054 -9.15939e-006 4.8324e-006 -1.0956e-007 -1.0956e-007
7.15 -0.000178211 -1.00834e-005 1.76572e-006 -1.2176e-007 -1.2176e-007
7.16 -0.00017842 -1.09215e-005 -1.6825e-006 -1.2798e-007 -1.2798e-007
7.17 -0.000178681 -1.16937e-005 -5.32992e-006 -1.29325e-007 -1.29325e-007
7.18 -0.00017896 -1.24382e-005 -8.97238e-006 -1.27186e-007 -1.27186e-007
7.19 -0.000179246 -1.31682e-005 -1.23699e-005 -1.22727e-007 -1.22727e-007
7.2 -0.000179549 -1.3864e-005 -1.53149e-005 -1.16512e-007 -1.16512e-007
7.21 -0.000179836 -1.4467e-005 -1.76427e-005 -1.0833e-007 -1.0833e-007
7.22 -0.000180041 -1.48919e-005 -1.92091e-005 -9.72443e-008 -9.72443e-008
7.23 -0.000180145 -1.50266e-005 -1.98319e-005 -8.18662e-008 -8.18662e-008
7.24 -0.000180151 -1.48071e-005 -1.94168e-005 -6.09404e-008 -6.09404e-008
7.25 -0.000180138 -1.42581e-005 -1.79927e-005 -3.41308e-008 -3.41308e-008
7.26 -0.000180102 -1.34811e-005 -1.56712e-005 -2.59228e-009 -2.59228e-009
7.27 -0.000180041 -1.26023e-005 -1.25705e-005 3.11149e-008 3.11149e-008
7.28 -0.000179971 -1.17234e-005 -8.79331e-006 6.38354e-008 6.38354e-008
7.29 -0.000179891 -1.08971e-005 -4.47985e-006 9.27712e-008 9.27712e-008
7.3 -0.000179805 -1.0134e-005 1.84644e-007 1.16014e-007 1.16014e-007
7.31 -0.000179718 -9.4013e-006 5.04681e-006 1.32722e-007 1.32722e-007
7.32 -0.000179649 -8.66089e-006 9.98061e-006 1.43164e-007 1.43164e-007
7.33 -0.00017969 -7.91939e-006 1.47047e-005 1.48463e-007 1.48463e-007
7.34 -0.000179801 -7.22734e-006 1.86733e-005 1.49787e-007 1.49787e-007
7.35 -0.000179908 -6.66599e-006 2.13816e-005 1.47472e-007 1.47472e-007
7.36 -0.000179938 -6.23407e-006 2.26457e-005 1.40948e-007 1.40948e-007
7.37 -0.000179921 -5.82982e-006 2.26588e-005 1.29517e-007 1.29517e-007
7.38 -0.000179931 -5.31231e-006 2.17486e-005 1.12992e-007 1.12992e-007
7.39 -0.000179967 -4.65177e-006 2.0084e-005 9.16037e-008 9.16037e-008
7.4 -0.000180027 -3.90532e-006 1.76796e-005 6.5701e-008 6.5701e-008
7.41 -0.000180116 -3.10353e-006 1.45961e-005 3.59754e-008 3.59754e-008
7.42 -0.000180228 -2.20821e-006 1.10497e-005 4.1064e-009 4.1064e-009
7.43 -0.000180354 -1.1696e-006 7.31993e-006 -2.69961e-008 -2.69961e-008
7.44 -0.000180491 -4.7912e-009 3.53094e-006 -5.3943e-008 -5.3943e-008
7.45 -0.000180633 1.20237e-006 -3.76639e-007 -7.42037e-008 -7.42037e-008
7.46 -0.000180774 2.38134e-006 -4.43698e-006 -8.69826e-008 -8.69826e-008
7.47 -0.000180903 3.53416e-006 -8.46386e-006 -9.30316e-008 -9.30316e-008
7.48 -0.000181007 4.72721e-006 -1.20291e-005 -9.38173e-008 -9.38173e-008
7.49 -0.000180987 6.06231e-006 -1.47029e-005 -9.07948e-008 -9.07948e-008
7.5 -0.000180929 7.58226e-006 -1.62236e-005 -8.5047e-008 -8.5047e-008
7.51 -0.000180845 9.3215e-006 -1.66189e-005 -7.71375e-008 -7.71375e-008
7.52 -0.000180776 1.12709e-005 -1.60398e-005 -6.69726e-008 -6.69726e-008
7.53 -0.000180692 1.33634e-005 -1.45902e-005 -5.37455e-008 -5.37455e-008
7.54 -0.000180571 1.54773e-005 -1.23555e-005 -3.63056e-008 -3.63056e-008
7.55 -0.000180499 1.74394e-005 -9.47307e-006 -1.40182e-008 -1.40182e-008
7.56 -0.000180446 1.90897e-005 -6.23278e-006 1.23552e-008 1.23552e-008
7.57 -0.000180315 2.03225e-005 -2.98931e-006 4.03639e-008 4.03639e-008
7.58 -0.000180213 2.10603e-005 4.90054e-008 6.64604e-008 6.64604e-008
7.59 -0.000180118 2.13747e-005 2.97719e-006 8.72311e-008 8.72311e-008
7.6 -0.000180053 2.14254e-005 6.00578e-006 1.00494e-007 1.00494e-007
7.61 -0.000180055 2.13104e-005 9.05779e-006 1.05592e-007 1.05592e-007
7.62 -0.000180045 2.10356e-005 1.1745e-005 1.03021e-007 1.03021e-007
7.63 -0.000180036 2.05212e-005 1.3567e-005 9.40641e-008 9.40641e-008
7.64 -0.000179983 1.97169e-005 1.42894e-005 8.06669e-008 8.06669e-008
7.65 -0.000179958 1.86473e-005 1.40085e-005 6.51354e-008 6.51354e-008
7.66 -0.000179975 1.74102e-005 1.30354e-005 4.93904e-008 4.93904e-008
7.67 -0.000180025 1.61301e-005 1.16897e-005 3.42312e-008 3.42312e-008
7.68 -0.00018011 1.4879e-005 1.00812e-005 1.91329e-008 1.91329e-008
7.69 -0.000180229 1.36443e-005 8.0721e-006 2.60208e-009 2.60208e-009
7.7 -0.000180383 1.24044e-005 5.51817e-006 -1.69872e-008 -1.69872e-008
7.71 -0.000180564 1.12103e-005 2.51544e-006 -4.02146e-008 -4.02146e-008
7.72 -0.00018076 1.0163e-005 -6.43381e-007 -6.5666e-008 -6.5666e-008
7.73 -0.000180963 9.33638e-006 -3.68506e-006 -8.99887e-008 -8.99887e-008
7.74 -0.000181167 8.75006e-006 -6.44414e-006 -1.09057e-007 -1.09057e-007
7.75 -0.000181362 8.40203e-006 -8.76995e-006 -1.19465e-007 -1.19465e-007
7.76 -0.000181539 8.28163e-006 -1.04571e-005 -1.19503e-007 -1.19503e-007
7.77 -0.00018169 8.34344e-006 -1.13324e-005 -1.09446e-007 -1.09446e-007
7.78 -0.000181809 8.49323e-006 -1.13943e-005 -9.13619e-008 -9.13619e-008
7.79 -0.000181901 8.60318e-006 -1.08474e-005 -6.85039e-008 -6.85039e-008
7.8 -0.000181959 8.54952e-006 -9.96141e-006 -4.42437e-008 -4.42437e-008
7.81 -0.00018198 8.25419e-006 -8.879e-006 -2.09091e-008 -2.09091e-008
7.82 -0.000181966 7.73015e-006 -7.51805e-006 8.70901e-010 8.70901e-010
7.83 -0.000181918 7.07726e-006 -5.6011e-006 2.20013e-008 2.20013e-008
7.84 -0.000181844 6.39708e-006 -2.85987e-006 4.41186e-008 4.41186e-008
7.85 -0.000181755 5.69619e-006 7.32314e-007 6.85375e-008 6.85375e-008
7.86 -0.000181659 4.88359e-006 4.94744e-006 9.53763e-008 9.53763e-008
7.87 -0.000181565 3.85343e-006 9.44161e-006 1.23268e-007 1.23268e-007
7.88 -0.000181472 2.55282e-006 1.38197e-005 1.49694e-007 1.49694e-007
7.89 -0.000181357 9.7642e-007 1.76768e-005 1.71576e-007 1.71576e-007
7.9 -0.000181016 -9.06334e-007 2.07074e-005 1.85901e-007 1.85901e-007
7.91 -0.000180841 -3.04727e-006 2.25415e-005 1.90425e-007 1.90425e-007
7.92 -0.000180729 -5.41594e-006 2.32114e-005 1.84326e-007 1.84326e-007
7.93 -0.000180767 -7.86432e-006 2.29081e-005 1.68482e-007 1.68482e-007
7.94 -0.000180813 -1.01884e-005 2.19484e-005 1.45176e-007 1.45176e-007
7.95 -0.000180848 -1.21845e-005 2.05478e-005 1.17387e-007 1.17387e-007
7.96 -0.000180916 -1.37252e-005 1.87117e-005 8.79305e-008 8.79305e-008
7.97 -0.000181003 -1.47756e-005 1.63202e-005 5.88077e-008 5.88077e-008
7.98 -0.000181127 -1.53421e-005 1.32644e-005 3.10963e-008 3.10963e-008
7.99 -0.000181288 -1.54505e-005 9.59842e-006 5.27932e-009 5.27932e-009
8 -0.000181487 -1.51362e-005 5.58414e-006 -1.84001e-008 -1.84001e-008
8.01 -0.000181707 -1.44732e-005 1.54868e-006 -3.98093e-008 -3.98093e-008
8.02 -0.000181927 -1.36077e-005 -2.31505e-006 -5.89978e-008 -5.89978e-008
8.03 -0.000182092 -1.27263e-005 -5.98657e-006 -7.62175e-008 -7.62175e-008
8.04 -0.0001822 -1.19197e-005 -9.39193e-006 -9.15972e-008 -9.15972e-008
8.05 -0.000182252 -1.11404e-005 -1.23014e-005 -1.04559e-007 -1.04559e-007
8.06 -0.000182308 -1.0301e-005 -1.44833e-005 -1.13571e-007 -1.13571e-007
8.07 -0.000182329 -9.40879e-006 -1.59321e-005 -1.16684e-007 -1.16684e-007
8.08 -0.000182319 -8.55283e-006 -1.67682e-005 -1.12524e-007 -1.12524e-007
8.09 -0.000182275 -7.84062e-006 -1.70336e-005 -1.00869e-007 -1.00869e-007
8.1 -0.000182192 -7.34004e-006 -1.65845e-005 -8.25251e-008 -8.25251e-008
8.11 -0.000182077 -7.07517e-006 -1.52422e-005 -5.89988e-008 -5.89988e-008
8.12 -0.00018194 -7.03273e-006 -1.29616e-005 -3.24034e-008 -3.24034e-008
8.13 -0.000181788 -7.17262e-006 -9.86444e-006 -5.33292e-009 -5.33292e-009
8.14 -0.000181625 -7.46174e-006 -6.20343e-006 1.96593e-008 1.96593e-008
8.15 -0.000181458 -7.90349e-006 -2.30247e-006 4.07482e-008 4.07482e-008
8.16 -0.000181291 -8.52295e-006 1.50551e-006 5.71536e-008 5.71536e-008
8.17 -0.000181133 -9.30441e-006 4.92651e-006 6.89135e-008 6.89135e-008
8.18 -0.00018099 -1.01436e-005 7.74412e-006 7.64246e-008 7.64246e-008
8.19 -0.000180819 -1.08845e-005 9.84948e-006 8.00829e-008 8.00829e-008
8.2 -0.000180717 -1.13581e-005 1.11495e-005 8.00387e-008 8.00387e-008
8.21 -0.000180631 -1.15145e-005 1.1607e-005 7.59756e-008 7.59756e-008
8.22 -0.000180606 -1.13697e-005 1.11792e-005 6.70579e-008 6.70579e-008
8.23 -0.000180618 -1.1018e-005 9.85885e-006 5.22628e-008 5.22628e-008
8.24 -0.00018067 -1.05801e-005 7.66515e-006 3.10472e-008 3.10472e-008
8.25 -0.00018076 -1.01556e-005 4.69324e-006 4.01357e-009 4.01357e-009
8.26 -0.000180883 -9.78474e-006 1.12453e-006 -2.68202e-008 -2.68202e-008
8.27 -0.000181035 -9.45305e-006 -2.83513e-006 -5.83958e-008 -5.83958e-008
8.28 -0.000181206 -9.12303e-006 -7.00489e-006 -8.75211e-008 -8.75211e-008
8.29 -0.000181366 -8.7529e-006 -1.12028e-005 -1.11796e-007 -1.11796e-007
8.3 -0.000181515 -8.3021e-006 -1.52359e-005 -1.30065e-007 -1.30065e-007
8.31 -0.000181614 -7.77571e-006 -1.89856e-005 -1.42374e-007 -1.42374e-007
8.32 -0.00018171 -7.22153e-006 -2.24074e-005 -1.49669e-007 -1.49669e-007
8.33 -0.000181835 -6.70317e-006 -2.54352e-005 -1.5332e-007 -1.5332e-007
8.34 -0.000182009 -6.25467e-006 -2.79534e-005 -1.54467e-007 -1.54467e-007
8.35 -0.00018219 -5.85786e-006 -2.98689e-005 -1.53488e-007 -1.53488e-007
8.36 -0.000182297 -5.49737e-006 -3.11035e-005 -1.49985e-007 -1.49985e-007
8.37 -0.000182296 -5.19495e-006 -3.16324e-005 -1.43201e-007 -1.43201e-007
8.38 -0.000182219 -5.02794e-006 -3.1425e-005 -1.32403e-007 -1.32403e-007
8.39 -0.000182116 -5.09115e-006 -3.04059e-005 -1.17068e-007 -1.17068e-007
8.4 -0.000181988 -5.44744e-006 -2.85181e-005 -9.70912e-008 -9.70912e-008
8.41 -0.000181844 -6.12377e-006 -2.58208e-005 -7.31849e-008 -7.31849e-008
8.42 -0.000181696 -7.11197e-006 -2.25319e-005 -4.7239e-008 -4.7239e-008
8.43 -0.000181552 -8.36217e-006 -1.89537e-005 -2.20973e-008 -2.20973e-008
8.44 -0.000181412 -9.79526e-006 -1.53999e-005 -7.69503e-010 -7.69503e-010
8.45 -0.000181273 -1.13439e-005 -1.21551e-005 1.43874e-008 1.43874e-008
8.46 -0.000181139 -1.29611e-005 -9.45154e-006 2.20996e-008 2.20996e-008
8.47 -0.000181014 -1.45971e-005 -7.44473e-006 2.21865e-008 2.21865e-008
8.48 -0.00018089 -1.61906e-005 -6.22468e-006 1.529e-008 1.529e-008
8.49 -0.000180794 -1.76676e-005 -5.87522e-006 2.4285e-009 2.4285e-009
8.5 -0.000180739 -1.89577e-005 -6.5013e-006 -1.54769e-008 -1.54769e-008
8.51 -0.000180718 -1.99998e-005 -8.13011e-006 -3.78003e-008 -3.78003e-008
8.52 -0.000180765 -2.07316e-005 -1.05913e-005 -6.39598e-008 -6.39598e-008
8.53 -0.000180871 -2.10983e-005 -1.35703e-005 -9.29825e-008 -9.29825e-008
8.54 -0.000181047 -2.10828e-005 -1.67469e-005 -1.23378e-007 -1.23378e-007
8.55 -0.000181281 -2.07464e-005 -1.99346e-005 -1.53465e-007 -1.53465e-007
8.56 -0.000181545 -2.01863e-005 -2.30909e-005 -1.81804e-007 -1.81804e-007
8.57 -0.000181849 -1.95188e-005 -2.62611e-005 -2.07354e-007 -2.07354e-007
8.58 -0.000182124 -1.8827e-005 -2.94549e-005 -2.29318e-007 -2.29318e-007
8.59 -0.000182315 -1.81192e-005 -3.25043e-005 -2.46877e-007 -2.46877e-007
8.6 -0.000182464 -1.73847e-005 -3.52847e-005 -2.59137e-007 -2.59137e-007
8.61 -0.000182617 -1.6694e-005 -3.7812e-005 -2.65436e-007 -2.65436e-007
8.62 -0.000182666 -1.61819e-005 -4.01607e-005 -2.65782e-007 -2.65782e-007
8.63 -0.00018266 -1.5962e-005 -4.23059e-005 -2.60878e-007 -2.60878e-007
8.64 -0.000182451 -1.6138e-005 -4.41861e-005 -2.51659e-007 -2.51659e-007
8.65 -0.000182114 -1.67564e-005 -4.56103e-005 -2.38775e-007 -2.38775e-007
8.66 -0.000181729 -1.78043e-005 -4.64103e-005 -2.22441e-007 -2.22441e-007
8.67 -0.000181395 -1.91706e-005 -4.64024e-005 -2.02549e-007 -2.02549e-007
8.68 -0.000181243 -2.06819e-005 -4.54272e-005 -1.78863e-007 -1.78863e-007
8.69 -0.000181208 -2.21725e-005 -4.34502e-005 -1.51361e-007 -1.51361e-007
8.7 -0.000181241 -2.35252e-005 -4.05806e-005 -1.20691e-007 -1.20691e-007
8.71 -0.000181344 -2.46632e-005 -3.70692e-005 -8.84535e-008 -8.84535e-008
8.72 -0.000181525 -2.54857e-005 -3.31763e-005 -5.69872e-008 -5.69872e-008
8.73 -0.000181764 -2.58742e-005 -2.90536e-005 -2.87056e-008 -2.87056e-008
8.74 -0.000182061 -2.57556e-005 -2.48005e-005 -5.46342e-009 -5.46342e-009
8.75 -0.00018241 -2.51601e-005 -2.06055e-005 1.15656e-008 1.15656e-008
8.76 -0.00018278 -2.42065e-005 -1.67578e-005 2.15987e-008 2.15987e-008
8.77 -0.000183122 -2.30037e-005 -1.35285e-005 2.40762e-008 2.40762e-008
8.78 -0.000183442 -2.15544e-005 -1.09841e-005 1.89335e-008 1.89335e-008
8.79 -0.000183748 -1.97503e-005 -8.96618e-006 7.03836e-009 7.03836e-009
8.8 -0.000184067 -1.7464e-005 -7.2202e-006 -9.75336e-009 -9.75336e-009
8.81 -0.000184352 -1.46524e-005 -5.5462e-006 -2.91015e-008 -2.91015e-008
8.82 -0.00018454 -1.13954e-005 -3.87753e-006 -4.88872e-008 -4.88872e-008
8.83 -0.000184754 -7.82458e-006 -2.26305e-006 -6.768e-008 -6.768e-008
8.84 -0.000184979 -4.17662e-006 -9.63107e-007 -8.4821e-008 -8.4821e-008
8.85 -0.000185203 -7.16905e-007 -3.23372e-007 -1.00285e-007 -1.00285e-007
8.86 -0.000185413 2.34337e-006 -6.09739e-007 -1.14417e-007 -1.14417e-007
8.87 -0.000185601 4.9117e-006 -1.86754e-006 -1.27397e-007 -1.27397e-007
8.88 -0.000185763 7.02503e-006 -3.86242e-006 -1.38728e-007 -1.38728e-007
8.89 -0.000185896 8.79444e-006 -6.16275e-006 -1.47217e-007 -1.47217e-007
8.9 -0.000185996 1.03075e-005 -8.35339e-006 -1.51322e-007 -1.51322e-007
8.91 -0.000186009 1.15978e-005 -1.01971e-005 -1.49657e-007 -1.49657e-007
8.92 -0.00018598 1.26615e-005 -1.15396e-005 -1.41331e-007 -1.41331e-007
8.93 -0.000185952 1.35395e-005 -1.22322e-005 -1.25833e-007 -1.25833e-007
8.94 -0.000185923 1.43429e-005 -1.2111e-005 -1.02699e-007 -1.02699e-007
8.95 -0.000185874 1.51613e-005 -1.10112e-005 -7.15158e-008 -7.15158e-008
8.96 -0.000185814 1.60435e-005 -8.8307e-006 -3.24339e-008 -3.24339e-008
8.97 -0.000185641 1.70537e-005 -5.51899e-006 1.3271e-008 1.3271e-008
8.98 -0.000185189 1.82732e-005 -1.14012e-006 6.31231e-008 6.31231e-008
8.99 -0.000184727 1.96133e-005 4.0171e-006 1.13871e-007 1.13871e-007
9 -0.000184413 2.11058e-005 9.64358e-006 1.6203e-007 1.6203e-007
9.01 -0.000184525 2.27982e-005 1.53841e-005 2.04363e-007 2.04363e-007
9.02 -0.000184905 2.47562e-005 2.10261e-005 2.38495e-007 2.38495e-007
9.03 -0.000184849 2.7127e-005 2.65586e-005 2.63572e-007 2.63572e-007
9.04 -0.000183994 2.99195e-005 3.18803e-005 2.80298e-007 2.80298e-007
9.05 -0.000182235 3.30702e-005 3.6895e-005 2.9013e-007 2.9013e-007
9.06 -0.000179833 3.63108e-005 4.15042e-005 2.94313e-007 2.94313e-007
9.07 -0.000177171 3.94244e-005 4.55475e-005 2.93399e-007 2.93399e-007
9.08 -0.000174442 4.21348e-005 4.90475e-005 2.87323e-007 2.87323e-007
9.09 -0.000172226 4.41685e-005 5.18349e-005 2.75769e-007 2.75769e-007
9.1 -0.000170661 4.53985e-005 5.38422e-005 2.58555e-007 2.58555e-007
9.11 -0.000170107 4.57136e-005 5.48509e-005 2.35862e-007 2.35862e-007
9.12 -0.000170505 4.51092e-005 5.46326e-005 2.08298e-007 2.08298e-007
9.13 -0.000171517 4.37091e-005 5.30993e-005 1.76825e-007 1.76825e-007
9.14 -0.000173125 4.16083e-005 5.02724e-005 1.42683e-007 1.42683e-007
9.15 -0.000175215 3.89407e-005 4.64086e-005 1.07574e-007 1.07574e-007
9.16 -0.000177578 3.59088e-005 4.19363e-005 7.38037e-008 7.38037e-008
9.17 -0.000180068 3.26755e-005 3.72073e-005 4.38426e-008 4.38426e-008
9.18 -0.000182604 2.93356e-005 3.2372e-005 1.95568e-008 1.95568e-008
9.19 -0.000185181 2.59018e-005 2.74471e-005 1.78467e-009 1.78467e-009
9.2 -0.000187778 2.23499e-005 2.25183e-005 -9.45929e-009 -9.45929e-009
9.21 -0.000190212 1.86784e-005 1.78576e-005 -1.43627e-008 -1.43627e-008
9.22 -0.000192077 1.49761e-005 1.38373e-005 -1.28131e-008 -1.28131e-008
9.23 -0.000193045 1.14196e-005 1.07695e-005 -4.42176e-009 -4.42176e-009
9.24 -0.000193241 8.18526e-006 8.77928e-006 1.09709e-008 1.09709e-008
9.25 -0.000193247 5.28962e-006 7.64525e-006 3.27306e-008 3.27306e-008
9.26 -0.00019322 2.75534e-006 7.11229e-006 5.92151e-008 5.92151e-008
9.27 -0.00019316 6.17843e-007 7.01331e-006 8.80216e-008 8.80216e-008
9.28 -0.000193073 -1.07109e-006 7.32454e-006 1.16576e-007 1.16576e-007
9.29 -0.000192961 -2.26569e-006 8.11529e-006 1.42762e-007 1.42762e-007
9.3 -0.000192838 -3.01764e-006 9.37587e-006 1.65169e-007 1.65169e-007
9.31 -0.000192715 -3.50574e-006 1.09478e-005 1.82837e-007 1.82837e-007
9.32 -0.000192596 -3.9445e-006 1.26215e-005 1.94896e-007 1.94896e-007
9.33 -0.00019248 -4.47995e-006 1.42435e-005 2.0053e-007 2.0053e-007
9.34 -0.000192333 -5.18619e-006 1.56996e-005 1.99173e-007 1.99173e-007
9.35 -0.000192196 -6.08769e-006 1.68367e-005 1.9066e-007 1.9066e-007
9.36 -0.000192107 -7.18129e-006 1.7512e-005 1.75247e-007 1.75247e-007
9.37 -0.000192038 -8.44302e-006 1.76364e-005 1.53467e-007 1.53467e-007
9.38 -0.000191994 -9.81472e-006 1.71083e-005 1.25847e-007 1.25847e-007
9.39 -0.000191991 -1.12246e-005 1.58014e-005 9.26925e-008 9.26925e-008
9.4 -0.000191932 -1.26263e-005 1.36232e-005 5.42082e-008 5.42082e-008
9.41 -0.000191749 -1.39427e-005 1.06072e-005 1.09852e-008 1.09852e-008
9.42 -0.000191409 -1.5073e-005 6.90455e-006 -3.55257e-008 -3.55257e-008
9.43 -0.000190938 -1.59607e-005 2.67951e-006 -8.30082e-008 -8.30082e-008
9.44 -0.000190372 -1.66144e-005 -1.96928e-006 -1.2882e-007 -1.2882e-007
9.45 -0.00018983 -1.71021e-005 -7.05207e-006 -1.70678e-007 -1.70678e-007
9.46 -0.000189274 -1.75037e-005 -1.24429e-005 -2.06992e-007 -2.06992e-007
9.47 -0.000188785 -1.78126e-005 -1.78443e-005 -2.36688e-007 -2.36688e-007
9.48 -0.000188365 -1.79414e-005 -2.29299e-005 -2.58849e-007 -2.58849e-007
9.49 -0.000188035 -1.77492e-005 -2.73643e-005 -2.72607e-007 -2.72607e-007
9.5 -0.000187797 -1.71416e-005 -3.09486e-005 -2.77355e-007 -2.77355e-007
9.51 -0.000187625 -1.61118e-005 -3.37156e-005 -2.73024e-007 -2.73024e-007
9.52 -0.000187535 -1.47405e-005 -3.57784e-005 -2.60191e-007 -2.60191e-007
9.53 -0.000187471 -1.3057e-005 -3.71568e-005 -2.39854e-007 -2.39854e-007
9.54 -0.000187511 -1.10465e-005 -3.76311e-005 -2.12968e-007 -2.12968e-007
9.55 -0.000187642 -8.67783e-006 -3.69327e-005 -1.80182e-007 -1.80182e-007
9.56 -0.000187913 -5.98099e-006 -3.49377e-005 -1.42114e-007 -1.42114e-007
9.57 -0.000188307 -3.0398e-006 -3.17559e-005 -9.99403e-008 -9.99403e-008
9.58 -0.000188802 7.02958e-008 -2.76426e-005 -5.57229e-008 -5.57229e-008
9.59 -0.000189356 3.32126e-006 -2.28498e-005 -1.21321e-008 -1.21321e-008
9.6 -0.000189767 6.67303e-006 -1.76214e-005 2.82214e-008 2.82214e-008
9.61 -0.000189925 1.00476e-005 -1.22525e-005 6.32729e-008 6.32729e-008
9.62 -0.000190094 1.33721e-005 -7.04933e-006 9.14354e-008 9.14354e-008
9.63 -0.000190136 1.65526e-005 -2.39723e-006 1.11406e-007 1.11406e-007
9.64 -0.000189574 1.96359e-005 1.58608e-006 1.22401e-007 1.22401e-007
9.65 -0.000188469 2.26404e-005 4.90205e-006 1.24359e-007 1.24359e-007
9.66 -0.000187208 2.55731e-005 7.69322e-006 1.17748e-007 1.17748e-007
9.67 -0.000185974 2.84158e-005 1.00709e-005 1.03402e-007 1.03402e-007
9.68 -0.00018487 3.10414e-005 1.18932e-005 8.25056e-008 8.25056e-008
9.69 -0.00018411 3.32762e-005 1.29124e-005 5.64858e-008 5.64858e-008
9.7 -0.000183747 3.50253e-005 1.30661e-005 2.69501e-008 2.69501e-008
9.71 -0.00018372 3.63018e-005 1.24661e-005 -4.2764e-009 -4.2764e-009
9.72 -0.000183979 3.71751e-005 1.12526e-005 -3.52808e-008 -3.52808e-008
9.73 -0.000184484 3.7723e-005 9.50634e-006 -6.44313e-008 -6.44313e-008
9.74 -0.000185181 3.80603e-005 7.37217e-006 -9.05947e-008 -9.05947e-008
9.75 -0.000185916 3.83636e-005 5.10297e-006 -1.12939e-007 -1.12939e-007
9.76 -0.000186613 3.87863e-005 2.86195e-006 -1.30623e-007 -1.30623e-007
9.77 -0.000187236 3.93738e-005 7.06705e-007 -1.42818e-007 -1.42818e-007
9.78 -0.00018783 4.00633e-005 -1.44045e-006 -1.48952e-007 -1.48952e-007
9.79 -0.000188375 4.08114e-005 -3.59068e-006 -1.4861e-007 -1.4861e-007
9.8 -0.000188767 4.16183e-005 -5.51096e-006 -1.41105e-007 -1.41105e-007
9.81 -0.000188891 4.24949e-005 -6.81228e-006 -1.25367e-007 -1.25367e-007
9.82 -0.000188734 4.34353e-005 -7.02404e-006 -1.00502e-007 -1.00502e-007
9.83 -0.000188263 4.44157e-005 -5.79375e-006 -6.65297e-008 -6.65297e-008
9.84 -0.000187434 4.53724e-005 -3.03394e-006 -2.4647e-008 -2.4647e-008
9.85 -0.000186272 4.61835e-005 1.0968e-006 2.30114e-008 2.30114e-008
9.86 -0.000184839 4.67273e-005 6.29558e-006 7.37224e-008 7.37224e-008
9.87 -0.00018324 4.69226e-005 1.22611e-005 1.24576e-007 1.24576e-007
9.88 -0.000181481 4.67353e-005 1.87611e-005 1.72962e-007 1.72962e-007
9.89 -0.000179689 4.6128e-005 2.54396e-005 2.16861e-007 2.16861e-007
9.9 -0.000178071 4.50927e-005 3.19239e-005 2.54763e-007 2.54763e-007
9.91 -0.000176608 4.3626e-005 3.79763e-005 2.8543e-007 2.8543e-007
9.92 -0.000175471 4.17629e-005 4.34453e-005 3.07834e-007 3.07834e-007
9.93 -0.000174563 3.95281e-005 4.8376e-005 3.21283e-007 3.21283e-007
9.94 -0.000173912 3.69303e-005 5.27828e-005 3.25591e-007 3.25591e-007
9.95 -0.000173536 3.39699e-005 5.65926e-005 3.21025e-007 3.21025e-007
9.96 -0.000173243 3.07032e-005 5.96827e-005 3.0811e-007 3.0811e-007
9.97 -0.000173329 2.72319e-005 6.1935e-005 2.87783e-007 2.87783e-007
9.98 -0.000173656 2.36354e-005 6.33447e-005 2.6171e-007 2.6171e-007
9.99 -0.000174451 2.00322e-005 6.37591e-005 2.3201e-007 2.3201e-007
10 -0.000175851 1.64368e-005 6.30183e-005 2.00579e-007 2.00579e-007
