0.1 -4.88393e-006 -1.34429e-022 -3.4802e-023 -4.1463e-011 -4.1463e-011
0.2 -9.77371e-006 -1.62889e-022 -5.42599e-023 -8.29338e-011 -8.29338e-011
0.3 -1.46694e-005 -2.48432e-022 -4.85886e-023 -1.24412e-010 -1.24412e-010
0.4 -1.95709e-005 -1.09951e-022 -2.31879e-022 -1.65899e-010 -1.65899e-010
0.5 -2.44784e-005 -6.107e-023 -3.85356e-023 -2.07393e-010 -2.07393e-010
0.6 -2.93919e-005 -5.38697e-022 -1.62166e-022 -2.48894e-010 -2.48894e-010
0.7 -3.43113e-005 -4.91447e-022 -2.32047e-023 -2.90403e-010 -2.90403e-010
0.8 -3.92367e-005 -1.73569e-021 -2.6735e-022 -3.31919e-010 -3.31919e-010
0.9 -4.41681e-005 -6.99418e-022 -1.88382e-022 -3.73443e-010 -3.73443e-010
1 -4.91056e-005 -2.06441e-021 -2.12601e-022 -4.14974e-010 -4.14974e-010
0.01 -4.91071e-005 2.29324e-012 8.83031e-013 -4.16042e-010 -4.16042e-010
0.02 -4.91121e-005 -3.17441e-012 -7.62007e-012 -4.21494e-010 -4.21494e-010
0.03 -4.91195e-005 -7.00286e-012 -1.14465e-011 -4.33631e-010 -4.33631e-010
0.04 -4.91274e-005 -6.92484e-013 -1.32878e-012 -4.49527e-010 -4.49527e-010
0.05 -4.91341e-005 -2.28082e-012 1.68307e-012 -4.64176e-010 -4.64176e-010
0.06 -4.9138e-005 1.95332e-012 1.25642e-012 -4.76341e-010 -4.76341e-010
0.07 -4.91378e-005 3.65539e-013 -4.03932e-013 -4.8808e-010 -4.8808e-010
0.08 -4.91333e-005 1.47225e-013 7.93122e-013 -5.0032e-010 -5.0032e-010
0.09 -4.91248e-005 3.4572e-013 -6.26212e-013 -5.11293e-010 -5.11293e-010
0.1 -4.91134e-005 -6.89125e-013 1.06007e-012 -5.18643e-010 -5.18643e-010
0.11 -4.90997e-005 1.30271e-012 -1.54494e-012 -5.21587e-010 -5.21587e-010
0.12 -4.90846e-005 -1.49528e-012 1.667e-012 -5.2118e-010 -5.2118e-010
0.13 -4.90684e-005 2.1289e-012 -1.69673e-012 -5.19653e-010 -5.19653e-010
0.14 -4.9051e-005 6.53651e-012 4.56609e-013 -5.19999e-010 -5.19999e-010
0.15 -4.90323e-005 3.72912e-012 -9.71425e-013 -5.25408e-010 -5.25408e-010
0.16 -4.90122e-005 -1.82857e-012 8.73535e-013 -5.37947e-010 -5.37947e-010
0.17 -4.89906e-005 7.72198e-012 2.44755e-012 -5.57185e-010 -5.57185e-010
0.18 -4.8968e-005 2.51428e-012 1.62434e-012 -5.80087e-010 -5.80087e-010
0.19 -4.89445e-005 -2.10253e-012 -4.20671e-013 -6.02494e-010 -6.02494e-010
0.2 -4.89198e-005 1.27596e-012 -3.14404e-013 -6.21129e-010 -6.21129e-010
0.21 -4.88935e-005 -3.85234e-013 3.33901e-013 -6.34686e-010 -6.34686e-010
0.22 -4.88652e-005 -3.5186e-013 4.38609e-014 -6.43301e-010 -6.43301e-010
0.23 -4.88344e-005 7.28445e-013 -1.83233e-013 -6.4721e-010 -6.4721e-010
0.24 -4.88013e-005 -3.94064e-013 1.19435e-013 -6.4624e-010 -6.4624e-010
0.25 -4.87664e-005 4.23184e-013 -9.32396e-014 -6.40736e-010 -6.40736e-010
0.26 -4.87308e-005 2.11815e-014 5.98703e-014 -6.32665e-010 -6.32665e-010
0.27 -4.8696e-005 -1.7973e-014 -6.89031e-014 -6.25071e-010 -6.25071e-010
0.28 -4.86634e-005 -4.12284e-013 -8.85295e-015 -6.19981e-010 -6.19981e-010
0.29 -4.86335e-005 1.15953e-013 -3.55846e-014 -6.17038e-010 -6.17038e-010
0.3 -4.86057e-005 1.08515e-012 1.35033e-013 -6.14436e-010 -6.14436e-010
0.31 -4.8579e-005 2.48016e-011 3.91312e-012 -6.1053e-010 -6.1053e-010
0.32 -4.85524e-005 1.19282e-011 1.99735e-012 -6.03952e-010 -6.03952e-010
0.33 -4.85254e-005 -6.62668e-012 -1.05513e-012 -5.93017e-010 -5.93017e-010
0.34 -4.84981e-005 3.48992e-012 8.15938e-013 -5.76249e-010 -5.76249e-010
0.35 -4.84707e-005 -1.80258e-012 -3.58958e-013 -5.53588e-010 -5.53588e-010
0.36 -4.84432e-005 9.53372e-013 1.34554e-013 -5.26676e-010 -5.26676e-010
0.37 -4.84156e-005 -5.41432e-013 -9.43862e-014 -4.97956e-010 -4.97956e-010
0.38 -4.83885e-005 3.3034e-013 8.41224e-014 -4.69321e-010 -4.69321e-010
0.39 -4.83632e-005 -1.48401e-013 -1.6264e-014 -4.41274e-010 -4.41274e-010
0.4 -4.83405e-005 1.13749e-013 -2.22166e-015 -4.13531e-010 -4.13531e-010
0.41 -4.83211e-005 -1.01711e-014 3.9414e-015 -3.86552e-010 -3.86552e-010
0.42 -4.8305e-005 -3.17484e-013 6.21999e-014 -3.61959e-010 -3.61959e-010
0.43 -4.82925e-005 1.17909e-013 -3.68862e-013 -3.41105e-010 -3.41105e-010
0.44 -4.82842e-005 3.23141e-013 4.7809e-013 -3.2353e-010 -3.2353e-010
0.45 -4.82803e-005 -1.41508e-013 -4.97165e-013 -3.07223e-010 -3.07223e-010
0.46 -4.82806e-005 3.7297e-013 5.09998e-013 -2.90495e-010 -2.90495e-010
0.47 -4.82844e-005 -3.32166e-013 -5.38828e-013 -2.7309e-010 -2.7309e-010
0.48 -4.82911e-005 4.63589e-013 6.88655e-013 -2.55255e-010 -2.55255e-010
0.49 -4.83e-005 -5.72537e-013 -8.90853e-013 -2.36556e-010 -2.36556e-010
0.5 -4.83111e-005 7.24656e-013 1.13639e-012 -2.15753e-010 -2.15753e-010
0.51 -4.83251e-005 -9.1911e-013 -1.56353e-012 -1.91016e-010 -1.91016e-010
0.52 -4.83429e-005 1.27387e-012 2.08252e-012 -1.60419e-010 -1.60419e-010
0.53 -4.83661e-005 2.05914e-012 4.20753e-012 -1.2287e-010 -1.2287e-010
0.54 -4.83962e-005 1.88563e-012 3.31114e-012 -7.82802e-011 -7.82802e-011
0.55 -4.84334e-005 -4.80383e-012 -8.75436e-012 -2.69474e-011 -2.69474e-011
0.56 -4.84766e-005 -7.17157e-013 -1.73689e-012 2.97306e-011 2.97306e-011
0.57 -4.85242e-005 3.45138e-012 1.05469e-011 8.72511e-011 8.72511e-011
0.58 -4.85746e-005 1.96841e-012 4.11383e-012 1.3804e-010 1.3804e-010
0.59 -4.86267e-005 2.27758e-012 6.82886e-012 1.75636e-010 1.75636e-010
0.6 -4.86793e-005 2.74069e-012 5.6659e-012 1.99867e-010 1.99867e-010
0.61 -4.87307e-005 -4.25897e-012 -4.55976e-012 2.16806e-010 2.16806e-010
0.62 -4.87794e-005 -3.12772e-013 1.04498e-012 2.32739e-010 2.32739e-010
0.63 -4.88249e-005 -2.09648e-013 -3.93386e-013 2.50284e-010 2.50284e-010
0.64 -4.88686e-005 2.01947e-012 1.28888e-012 2.72135e-010 2.72135e-010
0.65 -4.89117e-005 -3.38265e-012 -1.33516e-012 3.04179e-010 3.04179e-010
0.66 -4.89543e-005 -6.69857e-012 -6.50025e-012 3.49892e-010 3.49892e-010
0.67 -4.89964e-005 -4.49163e-012 -2.27374e-012 4.04679e-010 4.04679e-010
0.68 -4.90383e-005 1.8976e-012 2.09782e-014 4.60437e-010 4.60437e-010
0.69 -4.90816e-005 -1.42372e-012 -1.13838e-012 5.1334e-010 5.1334e-010
0.7 -4.91271e-005 1.14072e-012 -1.70931e-012 5.63496e-010 5.63496e-010
0.71 -4.91749e-005 -2.22182e-013 -1.0974e-012 6.08855e-010 6.08855e-010
0.72 -4.92234e-005 -8.6701e-013 -2.0859e-011 6.42487e-010 6.42487e-010
0.73 -4.92684e-005 -9.71384e-013 -9.45106e-012 6.55456e-010 6.55456e-010
0.74 -4.93081e-005 5.25669e-012 2.00019e-012 6.42133e-010 6.42133e-010
0.75 -4.9343e-005 1.35478e-012 -4.33426e-012 6.04777e-010 6.04777e-010
0.76 -4.93742e-005 8.6996e-013 4.86428e-012 5.54132e-010 5.54132e-010
0.77 -4.94029e-005 8.01197e-013 -2.34702e-013 5.04984e-010 5.04984e-010
0.78 -4.94305e-005 1.92471e-012 4.07959e-012 4.70574e-010 4.70574e-010
0.79 -4.94586e-005 3.38526e-013 1.54621e-013 4.5933e-010 4.5933e-010
0.8 -4.94877e-005 9.48493e-012 -1.70527e-011 4.7247e-010 4.7247e-010
0.81 -4.95173e-005 -2.1373e-012 -2.53765e-013 5.01954e-010 5.01954e-010
0.82 -4.95455e-005 -5.17753e-012 8.5704e-012 5.32603e-010 5.32603e-010
0.83 -4.95702e-005 8.47743e-012 -6.98124e-012 5.49173e-010 5.49173e-010
0.84 -4.95912e-005 1.44095e-012 1.41387e-012 5.43205e-010 5.43205e-010
0.85 -4.96097e-005 3.6105e-012 -2.83879e-012 5.15496e-010 5.15496e-010
0.86 -4.96282e-005 2.56298e-012 -6.77339e-013 4.74238e-010 4.74238e-010
0.87 -4.96488e-005 -4.1394e-012 -1.30295e-011 4.28944e-010 4.28944e-010
0.88 -4.96718e-005 -4.93949e-013 -6.47825e-012 3.82645e-010 3.82645e-010
0.89 -4.96966e-005 8.88474e-012 1.33689e-012 3.32165e-010 3.32165e-010
0.9 -4.97219e-005 2.00237e-011 -5.86269e-012 2.7999e-010 2.7999e-010
0.91 -4.9747e-005 5.37766e-012 4.96663e-013 2.4224e-010 2.4224e-010
0.92 -4.97719e-005 1.89735e-012 -1.04899e-011 2.38159e-010 2.38159e-010
0.93 -4.97984e-005 3.80049e-012 -4.54011e-012 2.71966e-010 2.71966e-010
0.94 -4.98285e-005 -2.51789e-012 2.51797e-012 3.30239e-010 3.30239e-010
0.95 -4.98607e-005 1.20584e-012 -1.47902e-012 3.96523e-010 3.96523e-010
0.96 -4.98899e-005 -5.88755e-013 1.09613e-012 4.62121e-010 4.62121e-010
0.97 -4.9911e-005 2.60789e-013 -5.46959e-013 5.22464e-010 5.22464e-010
0.98 -4.99211e-005 -7.77298e-012 1.12535e-012 5.69588e-010 5.69588e-010
0.99 -4.99207e-005 1.21602e-012 -2.09531e-012 5.93555e-010 5.93555e-010
1 -4.99114e-005 -2.34369e-012 1.1343e-012 5.9257e-010 5.9257e-010
1.01 -4.9893e-005 2.35376e-012 2.07507e-013 5.76815e-010 5.76815e-010
1.02 -4.98637e-005 -1.98377e-012 -9.0465e-014 5.58203e-010 5.58203e-010
1.03 -4.98258e-005 1.84073e-012 1.01949e-012 5.43588e-010 5.43588e-010
1.04 -4.97879e-005 -1.62294e-012 -2.62564e-014 5.44356e-010 5.44356e-010
1.05 -4.97579e-005 2.94269e-013 8.58862e-013 5.81537e-010 5.81537e-010
1.06 -4.9738e-005 -4.94982e-013 -1.32563e-013 6.67267e-010 6.67267e-010
1.07 -4.97261e-005 1.56131e-013 1.00346e-013 7.85056e-010 7.85056e-010
1.08 -4.97198e-005 -1.89008e-013 -3.69289e-014 9.00317e-010 9.00317e-010
1.09 -4.97168e-005 -5.80985e-015 4.17302e-014 9.89282e-010 9.89282e-010
1.1 -4.97144e-005 -2.9163e-013 4.75809e-014 1.04737e-009 1.04737e-009
1.11 -4.97114e-005 2.82159e-014 -7.42268e-014 1.07253e-009 1.07253e-009
1.12 -4.97109e-005 -8.40907e-013 -5.74315e-013 1.05884e-009 1.05884e-009
1.13 -4.97162e-005 7.74891e-013 1.55448e-012 1.01182e-009 1.01182e-009
1.14 -4.97242e-005 -2.05715e-012 4.1581e-012 9.53078e-010 9.53078e-010
1.15 -4.97269e-005 2.76823e-013 3.53855e-012 9.01473e-010 9.01473e-010
1.16 -4.97188e-005 -1.75543e-012 -2.47182e-012 8.63918e-010 8.63918e-010
1.17 -4.97007e-005 3.60544e-012 6.253e-012 8.48543e-010 8.48543e-010
1.18 -4.96787e-005 1.55555e-012 2.04071e-012 8.70734e-010 8.70734e-010
1.19 -4.96603e-005 -2.32183e-013 -6.75234e-013 9.39019e-010 9.39019e-010
1.2 -4.96476e-005 1.57924e-013 1.03441e-012 1.04011e-009 1.04011e-009
1.21 -4.96372e-005 1.1946e-012 7.24835e-012 1.14043e-009 1.14043e-009
1.22 -4.96231e-005 7.47185e-013 3.58327e-012 1.20215e-009 1.20215e-009
1.23 -4.95984e-005 3.20704e-012 5.69466e-012 1.20058e-009 1.20058e-009
1.24 -4.95595e-005 2.84254e-012 5.48732e-012 1.13385e-009 1.13385e-009
1.25 -4.9509e-005 -1.73236e-012 -3.01363e-012 1.02567e-009 1.02567e-009
1.26 -4.94533e-005 8.75326e-013 1.60891e-012 9.20476e-010 9.20476e-010
1.27 -4.93994e-005 -9.78289e-013 -8.56336e-013 8.67424e-010 8.67424e-010
1.28 -4.9353e-005 1.77241e-012 1.20304e-012 9.00129e-010 9.00129e-010
1.29 -4.9317e-005 -6.81239e-013 -4.39237e-013 1.02662e-009 1.02662e-009
1.3 -4.92921e-005 2.77969e-012 1.8167e-012 1.2322e-009 1.2322e-009
1.31 -4.92801e-005 9.4675e-012 8.7283e-012 1.49018e-009 1.49018e-009
1.32 -4.92814e-005 6.60332e-012 4.57278e-012 1.7731e-009 1.7731e-009
1.33 -4.92909e-005 -3.50565e-012 -1.94584e-012 2.05277e-009 2.05277e-009
1.34 -4.93026e-005 1.47238e-012 1.27756e-012 2.29512e-009 2.29512e-009
1.35 -4.93187e-005 -2.41539e-012 -1.64261e-012 2.47336e-009 2.47336e-009
1.36 -4.93482e-005 -1.51832e-012 -6.87922e-013 2.5904e-009 2.5904e-009
1.37 -4.93973e-005 -1.76318e-012 -1.33445e-012 2.67393e-009 2.67393e-009
1.38 -4.94622e-005 -4.7741e-013 -9.12107e-013 2.74606e-009 2.74606e-009
1.39 -4.95298e-005 -1.68101e-013 -7.25549e-014 2.80923e-009 2.80923e-009
1.4 -4.95827e-005 -4.23822e-013 -9.29926e-013 2.86176e-009 2.86176e-009
1.41 -4.96092e-005 2.93195e-014 4.92501e-013 2.91165e-009 2.91165e-009
1.42 -4.96118e-005 1.09233e-011 1.20685e-011 2.96766e-009 2.96766e-009
1.43 -4.96052e-005 2.61706e-012 4.66432e-012 3.0273e-009 3.0273e-009
1.44 -4.96021e-005 -2.80429e-012 -1.8038e-012 3.07648e-009 3.07648e-009
1.45 -4.96032e-005 1.26055e-012 1.38533e-012 3.08802e-009 3.08802e-009
1.46 -4.96009e-005 -7.50228e-013 -7.7775e-013 3.02045e-009 3.02045e-009
1.47 -4.95905e-005 3.71033e-013 2.03242e-013 2.83989e-009 2.83989e-009
1.48 -4.95769e-005 -6.42884e-013 7.26265e-013 2.55578e-009 2.55578e-009
1.49 -4.95655e-005 2.49483e-013 -3.80427e-013 2.22157e-009 2.22157e-009
1.5 -4.95558e-005 -2.40239e-013 2.26915e-013 1.88795e-009 1.88795e-009
1.51 -4.95508e-005 2.85158e-014 -1.06388e-013 1.57117e-009 1.57117e-009
1.52 -4.95633e-005 -1.18974e-013 7.65253e-014 1.28043e-009 1.28043e-009
1.53 -4.96076e-005 -3.80331e-014 -2.3856e-014 1.04809e-009 1.04809e-009
1.54 -4.96889e-005 -5.88221e-013 -5.14641e-013 8.98823e-010 8.98823e-010
1.55 -4.9803e-005 -5.98406e-013 5.6869e-013 8.06087e-010 8.06087e-010
1.56 -4.9943e-005 1.41836e-011 2.54161e-012 7.17426e-010 7.17426e-010
1.57 -5.01005e-005 2.82826e-012 -3.08968e-012 6.19587e-010 6.19587e-010
1.58 -5.02573e-005 -3.95225e-012 2.71412e-012 5.49011e-010 5.49011e-010
1.59 -5.03911e-005 -7.36567e-014 -1.12315e-012 5.33787e-010 5.33787e-010
1.6 -5.0481e-005 -2.08799e-012 1.95783e-012 5.41142e-010 5.41142e-010
1.61 -5.05222e-005 4.40666e-013 -2.81143e-012 4.87476e-010 4.87476e-010
1.62 -5.05325e-005 -3.07897e-014 -2.75702e-012 3.00184e-010 3.00184e-010
1.63 -5.05379e-005 -1.09699e-012 8.5899e-013 -2.09433e-011 -2.09433e-011
1.64 -5.05535e-005 -1.70434e-013 2.04514e-013 -3.89797e-010 -3.89797e-010
1.65 -5.05817e-005 1.86891e-012 3.73608e-013 -6.76326e-010 -6.76326e-010
1.66 -5.06188e-005 -1.91898e-012 -4.23303e-012 -7.73913e-010 -7.73913e-010
1.67 -5.06599e-005 -2.95019e-012 3.7334e-013 -6.4399e-010 -6.4399e-010
1.68 -5.06998e-005 -1.57746e-013 -1.92038e-012 -3.14824e-010 -3.14824e-010
1.69 -5.07287e-005 -2.71336e-013 8.17424e-013 1.40916e-010 1.40916e-010
1.7 -5.07345e-005 -2.13754e-012 -2.22097e-012 6.1645e-010 6.1645e-010
1.71 -5.0715e-005 -1.17296e-014 -2.22419e-012 9.81032e-010 9.81032e-010
1.72 -5.06806e-005 8.25288e-013 2.55456e-013 1.12116e-009 1.12116e-009
1.73 -5.06431e-005 -4.63591e-013 1.3379e-013 9.92682e-010 9.92682e-010
1.74 -5.06056e-005 1.96693e-013 -4.12971e-014 6.33641e-010 6.33641e-010
1.75 -5.05632e-005 1.27227e-012 1.83382e-013 1.41521e-010 1.41521e-010
1.76 -5.05059e-005 -6.92559e-013 6.79e-013 -3.41993e-010 -3.41993e-010
1.77 -5.04186e-005 -4.38915e-013 -7.82822e-013 -6.44041e-010 -6.44041e-010
1.78 -5.02865e-005 2.11996e-013 3.9322e-013 -6.15058e-010 -6.15058e-010
1.79 -5.01079e-005 -1.45218e-013 -2.52181e-013 -2.09224e-010 -2.09224e-010
1.8 -4.9899e-005 3.91323e-014 -6.30945e-014 4.83187e-010 4.83187e-010
1.81 -4.96795e-005 -7.05385e-015 -5.08541e-013 1.27412e-009 1.27412e-009
1.82 -4.94648e-005 -1.29871e-014 -3.18552e-014 1.94135e-009 1.94135e-009
1.83 -4.92682e-005 4.89159e-014 -4.96614e-013 2.29338e-009 2.29338e-009
1.84 -4.9105e-005 -1.24106e-014 1.04991e-013 2.24232e-009 2.24232e-009
1.85 -4.89903e-005 -2.20662e-014 -9.40029e-014 1.85616e-009 1.85616e-009
1.86 -4.89306e-005 -1.67673e-014 1.5203e-014 1.33546e-009 1.33546e-009
1.87 -4.89213e-005 -1.96753e-014 -4.47282e-014 9.19951e-010 9.19951e-010
1.88 -4.89582e-005 -1.80794e-014 -1.18385e-014 8.07547e-010 8.07547e-010
1.89 -4.90368e-005 3.90539e-013 -2.01697e-013 1.12084e-009 1.12084e-009
1.9 -4.91355e-005 7.10185e-012 5.97946e-013 1.85479e-009 1.85479e-009
1.91 -4.92161e-005 1.9415e-011 2.60564e-011 2.80009e-009 2.80009e-009
1.92 -4.92485e-005 -1.10612e-011 -6.29838e-012 3.57768e-009 3.57768e-009
1.93 -4.92178e-005 4.49764e-012 2.89895e-012 3.83622e-009 3.83622e-009
1.94 -4.91177e-005 3.12657e-012 7.35191e-012 3.44447e-009 3.44447e-009
1.95 -4.89493e-005 3.74416e-012 3.6852e-012 2.51741e-009 2.51741e-009
1.96 -4.87246e-005 -2.08364e-012 -2.05879e-012 1.32026e-009 1.32026e-009
1.97 -4.8468e-005 1.33675e-012 9.24886e-013 1.72457e-010 1.72457e-010
1.98 -4.82047e-005 -2.30364e-013 -9.49766e-013 -6.32775e-010 -6.32775e-010
1.99 -4.79493e-005 1.77316e-012 -1.34379e-012 -9.32617e-010 -9.32617e-010
2 -4.7707e-005 9.62555e-013 -1.92972e-012 -7.76536e-010 -7.76536e-010
2.01 -4.74833e-005 2.88786e-013 -7.80479e-013 -3.95954e-010 -3.95954e-010
2.02 -4.72932e-005 1.33001e-013 -7.36612e-013 -6.81112e-011 -6.81112e-011
2.03 -4.71565e-005 -3.18546e-014 -3.5812e-013 1.40936e-011 1.40936e-011
2.04 -4.70851e-005 2.35077e-013 -1.30755e-012 -2.23618e-010 -2.23618e-010
2.05 -4.7081e-005 -2.97762e-013 -1.17672e-012 -7.68715e-010 -7.68715e-010
2.06 -4.71397e-005 -4.03861e-013 -1.05853e-012 -1.53867e-009 -1.53867e-009
2.07 -4.72446e-005 -3.18059e-013 -3.84877e-013 -2.38819e-009 -2.38819e-009
2.08 -4.73666e-005 -1.97625e-013 -1.73514e-014 -3.16127e-009 -3.16127e-009
2.09 -4.74771e-005 -3.07583e-013 -6.08997e-013 -3.75719e-009 -3.75719e-009
2.1 -4.7559e-005 -4.00251e-013 -1.96249e-013 -4.13744e-009 -4.13744e-009
2.11 -4.76082e-005 -3.29828e-013 -5.34995e-013 -4.29115e-009 -4.29115e-009
2.12 -4.76251e-005 4.22856e-014 2.28914e-013 -4.23767e-009 -4.23767e-009
2.13 -4.76081e-005 -2.47845e-013 -2.53702e-013 -4.07154e-009 -4.07154e-009
2.14 -4.75562e-005 4.82551e-013 -4.33036e-013 -3.96498e-009 -3.96498e-009
2.15 -4.74762e-005 1.59857e-014 -2.54753e-013 -4.08533e-009 -4.08533e-009
2.16 -4.73854e-005 1.54763e-013 -3.25897e-013 -4.49281e-009 -4.49281e-009
2.17 -4.7303e-005 2.12059e-012 -2.96996e-012 -5.11393e-009 -5.11393e-009
2.18 -4.72324e-005 -6.75992e-014 -8.65926e-013 -5.8173e-009 -5.8173e-009
2.19 -4.71661e-005 -7.0387e-014 -3.59725e-014 -6.51586e-009 -6.51586e-009
2.2 -4.71083e-005 1.78496e-014 -1.92031e-012 -7.18005e-009 -7.18005e-009
2.21 -4.70753e-005 3.06414e-013 -4.3367e-013 -7.7653e-009 -7.7653e-009
2.22 -4.70764e-005 1.96859e-013 -1.04377e-012 -8.1895e-009 -8.1895e-009
2.23 -4.71045e-005 1.51105e-013 1.00529e-012 -8.41572e-009 -8.41572e-009
2.24 -4.71423e-005 -2.37884e-013 -6.24356e-013 -8.52204e-009 -8.52204e-009
2.25 -4.71701e-005 -4.3047e-013 -9.18579e-014 -8.65378e-009 -8.65378e-009
2.26 -4.71679e-005 -2.0817e-014 -1.68952e-013 -8.91863e-009 -8.91863e-009
2.27 -4.71212e-005 1.42064e-013 1.81193e-013 -9.33462e-009 -9.33462e-009
2.28 -4.70329e-005 -1.55423e-013 -2.45957e-013 -9.83313e-009 -9.83313e-009
2.29 -4.69203e-005 3.37351e-012 1.1554e-011 -1.02732e-008 -1.02732e-008
2.3 -4.68009e-005 1.1369e-012 3.42708e-012 -1.04847e-008 -1.04847e-008
2.31 -4.66891e-005 -6.24691e-013 -1.97166e-012 -1.03476e-008 -1.03476e-008
2.32 -4.66006e-005 3.13947e-013 1.04565e-012 -9.84766e-009 -9.84766e-009
2.33 -4.65489e-005 -2.01168e-013 -6.10225e-013 -9.07059e-009 -9.07059e-009
2.34 -4.65389e-005 8.15222e-014 2.98501e-013 -8.16537e-009 -8.16537e-009
2.35 -4.65676e-005 -7.36156e-014 -2.00199e-013 -7.30279e-009 -7.30279e-009
2.36 -4.66299e-005 1.15225e-014 7.34825e-014 -6.61997e-009 -6.61997e-009
2.37 -4.6718e-005 -3.52005e-014 -7.67114e-014 -6.16879e-009 -6.16879e-009
2.38 -4.68241e-005 -9.55933e-015 5.71359e-015 -5.90897e-009 -5.90897e-009
2.39 -4.69492e-005 -2.36309e-014 -3.95205e-014 -5.73481e-009 -5.73481e-009
2.4 -4.7105e-005 -1.59086e-014 -1.46965e-014 -5.49633e-009 -5.49633e-009
2.41 -4.73068e-005 -2.01465e-014 -2.83196e-014 -5.02934e-009 -5.02934e-009
2.42 -4.75691e-005 -1.78208e-014 -2.08434e-014 -4.21301e-009 -4.21301e-009
2.43 -4.78917e-005 -1.90971e-014 -2.49463e-014 -3.02618e-009 -3.02618e-009
2.44 -4.8244e-005 -1.83967e-014 -2.26946e-014 -1.57957e-009 -1.57957e-009
2.45 -4.85819e-005 -1.87811e-014 -2.39303e-014 -1.05153e-010 -1.05153e-010
2.46 -4.88809e-005 -1.85701e-014 -2.32522e-014 1.1354e-009 1.1354e-009
2.47 -4.91438e-005 -1.86859e-014 -2.36243e-014 1.98757e-009 1.98757e-009
2.48 -4.93864e-005 -1.86224e-014 -2.34201e-014 2.4614e-009 2.4614e-009
2.49 -4.9623e-005 -1.86572e-014 -2.35322e-014 2.65981e-009 2.65981e-009
2.5 -4.98606e-005 -1.86381e-014 -2.34707e-014 2.6767e-009 2.6767e-009
2.51 -5.00976e-005 -1.86486e-014 -2.35044e-014 2.57134e-009 2.57134e-009
2.52 -5.03229e-005 -1.86428e-014 -2.34859e-014 2.40974e-009 2.40974e-009
2.53 -5.05194e-005 -7.08076e-013 3.94801e-014 2.29157e-009 2.29157e-009
2.54 -5.06757e-005 -8.12861e-012 9.27825e-013 2.32578e-009 2.32578e-009
2.55 -5.07937e-005 -2.43601e-012 1.58194e-012 2.58652e-009 2.58652e-009
2.56 -5.08843e-005 9.76563e-014 -1.48029e-012 3.07969e-009 3.07969e-009
2.57 -5.096e-005 3.28648e-013 -2.42093e-012 3.72255e-009 3.72255e-009
2.58 -5.10291e-005 1.09368e-013 -2.07235e-012 4.35042e-009 4.35042e-009
2.59 -5.1096e-005 2.35679e-013 -4.83345e-013 4.77247e-009 4.77247e-009
2.6 -5.11646e-005 1.73824e-013 1.63196e-013 4.86342e-009 4.86342e-009
2.61 -5.12386e-005 -2.1983e-013 2.86339e-013 4.6367e-009 4.6367e-009
2.62 -5.13174e-005 6.23245e-014 1.27224e-012 4.24637e-009 4.24637e-009
2.63 -5.13987e-005 -2.0104e-013 -5.88069e-013 3.91017e-009 3.91017e-009
2.64 -5.14789e-005 2.80991e-013 1.22358e-012 3.79469e-009 3.79469e-009
2.65 -5.15498e-005 -2.52342e-013 -3.90654e-013 3.92132e-009 3.92132e-009
2.66 -5.15987e-005 -6.48478e-012 -1.8245e-012 4.1543e-009 4.1543e-009
2.67 -5.16139e-005 -2.22886e-012 -8.7927e-013 4.29724e-009 4.29724e-009
2.68 -5.15858e-005 8.8743e-012 6.51061e-012 4.22874e-009 4.22874e-009
2.69 -5.15108e-005 1.76384e-012 8.34819e-013 3.95912e-009 3.95912e-009
2.7 -5.1392e-005 3.04629e-012 8.80754e-014 3.57292e-009 3.57292e-009
2.71 -5.12405e-005 5.12591e-012 6.07113e-012 3.13995e-009 3.13995e-009
2.72 -5.10803e-005 -2.89513e-012 -3.33186e-012 2.6974e-009 2.6974e-009
2.73 -5.09402e-005 4.3067e-013 2.17461e-012 2.30163e-009 2.30163e-009
2.74 -5.0831e-005 -1.09573e-012 -3.16056e-013 2.04561e-009 2.04561e-009
2.75 -5.07341e-005 1.1693e-013 6.48747e-013 1.97948e-009 1.97948e-009
2.76 -5.06255e-005 -3.89207e-012 2.60626e-012 2.02249e-009 2.02249e-009
2.77 -5.04959e-005 -1.3254e-012 8.44674e-013 1.99049e-009 1.99049e-009
2.78 -5.03389e-005 6.96734e-013 -4.78203e-013 1.70892e-009 1.70892e-009
2.79 -5.0143e-005 -4.12994e-013 2.47779e-013 1.09048e-009 1.09048e-009
2.8 -4.99072e-005 1.96014e-013 -1.50633e-013 1.54662e-010 1.54662e-010
2.81 -4.96437e-005 -1.38203e-013 6.80117e-014 -9.72605e-010 -9.72605e-010
2.82 -4.93643e-005 4.52121e-014 -5.19784e-014 -2.09599e-009 -2.09599e-009
2.83 -4.90761e-005 -9.09622e-013 7.55509e-013 -3.03207e-009 -3.03207e-009
2.84 -4.87802e-005 4.28171e-014 -9.52936e-014 -3.67625e-009 -3.67625e-009
2.85 -4.84759e-005 2.42378e-013 -1.62798e-013 -4.01135e-009 -4.01135e-009
2.86 -4.81621e-005 1.46649e-013 -1.53897e-013 -4.08202e-009 -4.08202e-009
2.87 -4.78319e-005 -3.57568e-013 2.56078e-013 -3.97914e-009 -3.97914e-009
2.88 -4.74832e-005 1.74895e-012 -1.58863e-012 -3.82785e-009 -3.82785e-009
2.89 -4.71349e-005 2.74802e-013 -5.55647e-013 -3.74652e-009 -3.74652e-009
2.9 -4.68192e-005 1.29675e-013 -2.20691e-013 -3.80179e-009 -3.80179e-009
2.91 -4.6561e-005 1.99504e-012 -2.12751e-012 -4.00895e-009 -4.00895e-009
2.92 -4.63672e-005 5.70107e-013 -6.93094e-013 -4.35345e-009 -4.35345e-009
2.93 -4.62299e-005 -3.43502e-013 3.65709e-013 -4.78178e-009 -4.78178e-009
2.94 -4.61352e-005 1.57878e-013 -2.15352e-013 -5.18108e-009 -5.18108e-009
2.95 -4.60692e-005 -1.17275e-013 1.03529e-013 -5.40526e-009 -5.40526e-009
2.96 -4.60172e-005 3.37266e-014 -7.14699e-014 -5.35265e-009 -5.35265e-009
2.97 -4.59675e-005 -4.91414e-014 2.45678e-014 -5.03914e-009 -5.03914e-009
2.98 -4.59192e-005 -3.66426e-015 -2.81368e-014 -4.60551e-009 -4.60551e-009
2.99 -4.5885e-005 -2.86217e-014 7.86961e-016 -4.24246e-009 -4.24246e-009
3 -4.58875e-005 -1.49253e-014 -1.50861e-014 -4.0764e-009 -4.0764e-009
3.01 -4.59494e-005 -2.24417e-014 -6.37512e-015 -4.09652e-009 -4.09652e-009
3.02 -4.60848e-005 -1.83168e-014 -1.11556e-014 -4.17762e-009 -4.17762e-009
3.03 -4.62983e-005 -2.05805e-014 -8.53213e-015 -4.17094e-009 -4.17094e-009
3.04 -4.65831e-005 -1.93382e-014 -9.97188e-015 -3.98665e-009 -3.98665e-009
3.05 -4.69135e-005 -2.002e-014 -9.18176e-015 -3.6297e-009 -3.6297e-009
3.06 -4.72527e-005 -1.96458e-014 -9.61537e-015 -3.19372e-009 -3.19372e-009
3.07 -4.75798e-005 -1.98512e-014 -9.37741e-015 -2.81147e-009 -2.81147e-009
3.08 -4.79034e-005 -1.97385e-014 -9.508e-015 -2.5771e-009 -2.5771e-009
3.09 -4.82405e-005 -1.98003e-014 -9.43634e-015 -2.50949e-009 -2.50949e-009
3.1 -4.85959e-005 -1.97664e-014 -9.47566e-015 -2.5969e-009 -2.5969e-009
3.11 -4.89612e-005 -1.9785e-014 -9.45408e-015 -2.84351e-009 -2.84351e-009
3.12 -4.93268e-005 -1.97748e-014 -9.46592e-015 -3.21917e-009 -3.21917e-009
3.13 -4.96919e-005 -1.97804e-014 -9.45943e-015 -3.56218e-009 -3.56218e-009
3.14 -5.0052e-005 -1.44127e-013 3.32403e-013 -3.59397e-009 -3.59397e-009
3.15 -5.03885e-005 -1.26261e-013 2.56556e-013 -3.09259e-009 -3.09259e-009
3.16 -5.06813e-005 -4.05205e-013 1.26771e-012 -2.06508e-009 -2.06508e-009
3.17 -5.09174e-005 1.05779e-012 4.73513e-012 -7.54352e-010 -7.54352e-010
3.18 -5.10928e-005 6.14704e-012 1.08806e-011 4.94333e-010 4.94333e-010
3.19 -5.12243e-005 4.97885e-012 4.3482e-012 1.39043e-009 1.39043e-009
3.2 -5.13481e-005 1.07231e-012 1.19093e-012 1.81054e-009 1.81054e-009
3.21 -5.14995e-005 2.66196e-012 4.80703e-013 1.82106e-009 1.82106e-009
3.22 -5.16965e-005 5.18788e-012 -4.53576e-012 1.59597e-009 1.59597e-009
3.23 -5.19356e-005 3.61511e-012 -5.91526e-012 1.30833e-009 1.30833e-009
3.24 -5.21954e-005 -2.28405e-012 -4.26816e-012 1.09282e-009 1.09282e-009
3.25 -5.2444e-005 -2.38598e-012 -2.61087e-012 1.06513e-009 1.06513e-009
3.26 -5.26416e-005 -1.78941e-012 -1.00346e-012 1.31506e-009 1.31506e-009
3.27 -5.27553e-005 -7.43867e-013 -6.45145e-013 1.86343e-009 1.86343e-009
3.28 -5.27734e-005 2.2518e-013 1.16864e-012 2.63747e-009 2.63747e-009
3.29 -5.27071e-005 3.75856e-012 7.49896e-012 3.47379e-009 3.47379e-009
3.3 -5.25836e-005 -3.94166e-012 1.96192e-012 4.1302e-009 4.1302e-009
3.31 -5.24428e-005 1.17653e-012 -1.67275e-013 4.34466e-009 4.34466e-009
3.32 -5.2332e-005 -8.11016e-013 3.72244e-015 3.97569e-009 3.97569e-009
3.33 -5.22869e-005 -4.78926e-014 6.62227e-013 3.1335e-009 3.1335e-009
3.34 -5.23098e-005 -6.28454e-013 -3.46238e-012 2.14598e-009 2.14598e-009
3.35 -5.23709e-005 -1.16335e-013 8.40404e-013 1.35267e-009 1.35267e-009
3.36 -5.243e-005 -1.21179e-012 1.09815e-012 9.1576e-010 9.1576e-010
3.37 -5.24513e-005 4.42653e-013 -2.98926e-012 7.94528e-010 7.94528e-010
3.38 -5.24137e-005 7.00864e-013 -2.77503e-012 8.32967e-010 8.32967e-010
3.39 -5.23182e-005 -5.2455e-013 1.54374e-012 8.50317e-010 8.50317e-010
3.4 -5.21808e-005 -6.01661e-013 -4.34529e-013 6.98042e-010 6.98042e-010
3.41 -5.20142e-005 -7.37785e-013 4.6564e-013 2.8826e-010 2.8826e-010
3.42 -5.18243e-005 -4.81643e-013 -8.00611e-014 -3.89807e-010 -3.89807e-010
3.43 -5.16146e-005 2.67485e-013 6.38513e-014 -1.24087e-009 -1.24087e-009
3.44 -5.13868e-005 -1.43629e-013 -1.51265e-014 -2.04477e-009 -2.04477e-009
3.45 -5.11382e-005 8.19866e-014 2.82158e-014 -2.5163e-009 -2.5163e-009
3.46 -5.08624e-005 -4.18291e-014 4.42997e-015 -2.45093e-009 -2.45093e-009
3.47 -5.05542e-005 2.61197e-014 1.74834e-014 -1.85851e-009 -1.85851e-009
3.48 -5.02207e-005 -1.117e-014 1.03198e-014 -9.77557e-010 -9.77557e-010
3.49 -4.98861e-005 9.29427e-015 1.42511e-014 -1.59188e-010 -1.59188e-010
3.5 -4.95797e-005 -1.9363e-015 1.20936e-014 2.92548e-010 2.92548e-010
3.51 -4.93201e-005 4.22692e-015 1.32776e-014 2.33469e-010 2.33469e-010
3.52 -4.91151e-005 8.44604e-016 1.26279e-014 -2.67483e-010 -2.67483e-010
3.53 -4.89635e-005 2.70079e-015 1.29845e-014 -9.22454e-010 -9.22454e-010
3.54 -4.88479e-005 1.68213e-015 1.27888e-014 -1.31914e-009 -1.31914e-009
3.55 -4.87335e-005 2.24116e-015 1.28962e-014 -1.14161e-009 -1.14161e-009
3.56 -4.85791e-005 1.93437e-015 1.28372e-014 -3.85071e-010 -3.85071e-010
3.57 -4.83591e-005 2.10274e-015 1.28696e-014 6.26923e-010 6.26923e-010
3.58 -4.80829e-005 2.01034e-015 1.28518e-014 1.45324e-009 1.45324e-009
3.59 -4.77963e-005 2.06104e-015 1.28616e-014 1.79693e-009 1.79693e-009
3.6 -4.75641e-005 2.03322e-015 1.28562e-014 1.62093e-009 1.62093e-009
3.61 -4.7438e-005 2.04849e-015 1.28591e-014 1.0805e-009 1.0805e-009
3.62 -4.74256e-005 2.04011e-015 1.28575e-014 3.70898e-010 3.70898e-010
3.63 -4.74843e-005 2.04471e-015 1.28584e-014 -3.92494e-010 -3.92494e-010
3.64 -4.75507e-005 2.04218e-015 1.28579e-014 -1.18826e-009 -1.18826e-009
3.65 -4.75786e-005 1.06836e-012 -4.85186e-013 -2.00622e-009 -2.00622e-009
3.66 -4.75533e-005 3.03763e-013 -1.33658e-013 -2.7742e-009 -2.7742e-009
3.67 -4.74874e-005 5.27672e-013 -2.55239e-013 -3.39738e-009 -3.39738e-009
3.68 -4.74117e-005 2.10863e-012 -1.00705e-012 -3.87074e-009 -3.87074e-009
3.69 -4.7353e-005 -1.15403e-012 5.72576e-013 -4.32537e-009 -4.32537e-009
3.7 -4.73087e-005 6.36485e-013 -2.9431e-013 -4.95236e-009 -4.95236e-009
3.71 -4.7246e-005 -3.46132e-013 1.81429e-013 -5.87882e-009 -5.87882e-009
3.72 -4.71232e-005 1.93118e-013 -7.96519e-014 -7.07848e-009 -7.07848e-009
3.73 -4.69148e-005 -1.02817e-013 6.36267e-014 -8.3461e-009 -8.3461e-009
3.74 -4.66281e-005 5.95894e-014 -1.50032e-014 -9.35795e-009 -9.35795e-009
3.75 -4.62988e-005 1.74779e-012 -2.0759e-012 -9.82057e-009 -9.82057e-009
3.76 -4.59698e-005 6.00199e-012 -6.23168e-012 -9.63194e-009 -9.63194e-009
3.77 -4.56767e-005 -9.50027e-013 9.70028e-013 -8.93912e-009 -8.93912e-009
3.78 -4.54411e-005 3.24103e-012 -3.01306e-012 -8.04736e-009 -8.04736e-009
3.79 -4.52627e-005 -1.77302e-012 2.20086e-012 -7.25442e-009 -7.25442e-009
3.8 -4.51243e-005 1.55393e-012 -2.53516e-012 -6.72304e-009 -6.72304e-009
3.81 -4.50114e-005 -5.93537e-013 2.44002e-013 -6.44396e-009 -6.44396e-009
3.82 -4.49282e-005 7.13917e-013 -4.09881e-013 -6.27886e-009 -6.27886e-009
3.83 -4.49003e-005 4.50419e-012 -5e-012 -6.04467e-009 -6.04467e-009
3.84 -4.49516e-005 2.95399e-012 -3.10759e-012 -5.59116e-009 -5.59116e-009
3.85 -4.50698e-005 -1.61796e-012 1.72533e-012 -4.84974e-009 -4.84974e-009
3.86 -4.52147e-005 8.74958e-013 -9.09819e-013 -3.85587e-009 -3.85587e-009
3.87 -4.53545e-005 -4.77004e-013 5.19215e-013 -2.73351e-009 -2.73351e-009
3.88 -4.54745e-005 2.6494e-013 -2.65025e-013 -1.64561e-009 -1.64561e-009
3.89 -4.55675e-005 -1.42232e-013 1.65358e-013 -7.53476e-010 -7.53476e-010
3.9 -4.56267e-005 8.12199e-014 -7.08324e-014 -2.0478e-010 -2.0478e-010
3.91 -4.56457e-005 -4.14084e-014 5.87866e-014 -1.22714e-010 -1.22714e-010
3.92 -4.56263e-005 2.58888e-014 -1.2347e-014 -5.704e-010 -5.704e-010
3.93 -4.55878e-005 -1.10432e-014 2.66904e-014 -1.49848e-009 -1.49848e-009
3.94 -4.55667e-005 9.22473e-015 5.26705e-015 -2.71395e-009 -2.71395e-009
3.95 -4.56064e-005 -1.89814e-015 1.7024e-014 -3.92468e-009 -3.92468e-009
3.96 -4.57455e-005 4.20598e-015 1.05719e-014 -4.8687e-009 -4.8687e-009
3.97 -4.60046e-005 8.56099e-016 1.41128e-014 -5.4393e-009 -5.4393e-009
3.98 -4.63835e-005 2.69448e-015 1.21696e-014 -5.69862e-009 -5.69862e-009
3.99 -4.68703e-005 1.6856e-015 1.3236e-014 -5.78235e-009 -5.78235e-009
4 -4.74408e-005 2.23926e-015 1.26507e-014 -5.80802e-009 -5.80802e-009
4.01 -4.80562e-005 1.93542e-015 1.29719e-014 -5.87184e-009 -5.87184e-009
4.02 -4.86751e-005 2.10216e-015 1.27956e-014 -6.07687e-009 -6.07687e-009
4.03 -4.92594e-005 2.01065e-015 1.28924e-014 -6.49609e-009 -6.49609e-009
4.04 -4.97695e-005 2.06087e-015 1.28393e-014 -7.11187e-009 -7.11187e-009
4.05 -5.01713e-005 2.03331e-015 1.28684e-014 -7.83048e-009 -7.83048e-009
4.06 -5.04549e-005 -3.31433e-013 1.50463e-012 -8.53335e-009 -8.53335e-009
4.07 -5.06418e-005 -1.99497e-012 -1.63241e-012 -9.07368e-009 -9.07368e-009
4.08 -5.07713e-005 -6.14418e-013 -3.09485e-013 -9.26489e-009 -9.26489e-009
4.09 -5.08902e-005 -2.50678e-013 -2.89193e-013 -8.94624e-009 -8.94624e-009
4.1 -5.10486e-005 -6.13322e-013 4.75255e-013 -8.06774e-009 -8.06774e-009
4.11 -5.12829e-005 -9.48334e-013 -3.85353e-013 -6.70052e-009 -6.70052e-009
4.12 -5.1603e-005 -1.26297e-012 3.95802e-013 -4.99501e-009 -4.99501e-009
4.13 -5.19991e-005 3.92442e-012 1.3315e-011 -3.14195e-009 -3.14195e-009
4.14 -5.24471e-005 1.35406e-011 1.92085e-011 -1.34253e-009 -1.34253e-009
4.15 -5.29078e-005 1.9736e-011 -4.10605e-012 2.0516e-010 2.0516e-010
4.16 -5.33373e-005 9.93186e-012 -1.77028e-011 1.31171e-009 1.31171e-009
4.17 -5.3695e-005 -5.9314e-012 1.12821e-012 1.84007e-009 1.84007e-009
4.18 -5.39621e-005 8.50204e-013 -4.15859e-012 1.79e-009 1.79e-009
4.19 -5.41466e-005 -1.30619e-012 2.99647e-013 1.35383e-009 1.35383e-009
4.2 -5.42742e-005 4.30967e-014 -6.84955e-013 8.73069e-010 8.73069e-010
4.21 -5.43683e-005 -1.66105e-011 -9.78804e-012 6.9476e-010 6.9476e-010
4.22 -5.44404e-005 -5.40948e-012 3.29203e-012 1.01735e-009 1.01735e-009
4.23 -5.44868e-005 4.56568e-012 4.28977e-012 1.82079e-009 1.82079e-009
4.24 -5.44963e-005 -4.32298e-012 -3.17489e-012 2.8917e-009 2.8917e-009
4.25 -5.44717e-005 -4.62934e-013 2.2234e-012 3.92185e-009 3.92185e-009
4.26 -5.44382e-005 -5.17751e-012 -5.32257e-012 4.65438e-009 4.65438e-009
4.27 -5.44253e-005 -5.67058e-012 6.34797e-013 4.98579e-009 4.98579e-009
4.28 -5.44543e-005 -8.47411e-012 -8.32357e-013 4.95098e-009 4.95098e-009
4.29 -5.45373e-005 -4.06604e-012 1.22127e-012 4.65113e-009 4.65113e-009
4.3 -5.46583e-005 -3.09108e-012 3.14879e-012 4.19802e-009 4.19802e-009
4.31 -5.47633e-005 -4.65883e-013 2.53672e-012 3.67041e-009 3.67041e-009
4.32 -5.47868e-005 2.67893e-012 -2.13517e-013 3.10182e-009 3.10182e-009
4.33 -5.46851e-005 -3.70435e-012 -4.76485e-012 2.53742e-009 2.53742e-009
4.34 -5.44509e-005 -7.3007e-012 -4.38748e-012 2.0973e-009 2.0973e-009
4.35 -5.41154e-005 -3.79304e-012 2.16064e-012 1.95075e-009 1.95075e-009
4.36 -5.37307e-005 2.13025e-012 3.84884e-012 2.22336e-009 2.22336e-009
4.37 -5.33378e-005 2.72987e-012 3.2052e-012 2.93276e-009 2.93276e-009
4.38 -5.29517e-005 2.95194e-012 3.28134e-012 3.99754e-009 3.99754e-009
4.39 -5.25696e-005 3.65749e-012 2.38688e-012 5.29163e-009 5.29163e-009
4.4 -5.2186e-005 1.44194e-012 1.26667e-012 6.69672e-009 6.69672e-009
4.41 -5.18084e-005 -8.07325e-014 1.0846e-013 8.1315e-009 8.1315e-009
4.42 -5.146e-005 4.54018e-012 6.96976e-012 9.55491e-009 9.55491e-009
4.43 -5.11726e-005 1.52083e-012 2.76925e-013 1.09361e-008 1.09361e-008
4.44 -5.09823e-005 -1.65265e-014 8.33627e-014 1.22167e-008 1.22167e-008
4.45 -5.0917e-005 2.23454e-011 2.258e-011 1.33128e-008 1.33128e-008
4.46 -5.09686e-005 7.78351e-013 7.39494e-012 1.4144e-008 1.4144e-008
4.47 -5.10849e-005 -2.93615e-012 -3.54282e-012 1.46494e-008 1.46494e-008
4.48 -5.1198e-005 1.70729e-012 3.95471e-012 1.48182e-008 1.48182e-008
4.49 -5.12608e-005 -2.09958e-012 -1.97283e-012 1.47475e-008 1.47475e-008
4.5 -5.12565e-005 1.63798e-012 2.73345e-012 1.46385e-008 1.46385e-008
4.51 -5.11957e-005 -9.50701e-013 -1.59434e-012 1.46803e-008 1.46803e-008
4.52 -5.111e-005 2.56622e-012 3.10741e-012 1.49216e-008 1.49216e-008
4.53 -5.10367e-005 -1.87486e-012 -2.11778e-012 1.52442e-008 1.52442e-008
4.54 -5.10075e-005 7.63224e-013 4.94613e-012 1.54218e-008 1.54218e-008
4.55 -5.10444e-005 4.21986e-013 3.17266e-013 1.52196e-008 1.52196e-008
4.56 -5.11448e-005 -3.70032e-014 -2.06083e-012 1.45013e-008 1.45013e-008
4.57 -5.12793e-005 1.33593e-012 1.82456e-012 1.32856e-008 1.32856e-008
4.58 -5.14135e-005 7.58727e-012 1.85521e-011 1.17229e-008 1.17229e-008
4.59 -5.15316e-005 -1.46208e-012 2.39235e-012 1.00394e-008 1.00394e-008
4.6 -5.16323e-005 6.33427e-013 -1.40462e-012 8.47649e-009 8.47649e-009
4.61 -5.17144e-005 -3.4326e-013 7.54182e-013 7.19698e-009 7.19698e-009
4.62 -5.17676e-005 -1.86248e-014 -4.85052e-013 6.17939e-009 6.17939e-009
4.63 -5.17843e-005 -3.31302e-013 3.07406e-013 5.22365e-009 5.22365e-009
4.64 -5.17732e-005 -2.58003e-014 -1.89707e-013 4.14138e-009 4.14138e-009
4.65 -5.17495e-005 -4.50663e-014 4.28128e-013 2.98204e-009 2.98204e-009
4.66 -5.17075e-005 -1.12169e-013 -4.64932e-013 2.04373e-009 2.04373e-009
4.67 -5.16185e-005 1.00639e-013 2.51373e-013 1.64259e-009 1.64259e-009
4.68 -5.14567e-005 2.21934e-014 -1.69627e-013 1.89136e-009 1.89136e-009
4.69 -5.12199e-005 -2.83631e-013 3.11961e-013 2.68613e-009 2.68613e-009
4.7 -5.09342e-005 -2.97499e-013 1.0246e-013 3.83387e-009 3.83387e-009
4.71 -5.06473e-005 2.08576e-013 -7.94372e-014 5.14808e-009 5.14808e-009
4.72 -5.04056e-005 -1.36786e-012 7.34966e-013 6.44964e-009 6.44964e-009
4.73 -5.0227e-005 7.57982e-013 -4.46382e-013 7.53447e-009 7.53447e-009
4.74 -5.0102e-005 -3.69309e-013 2.51703e-013 8.2055e-009 8.2055e-009
4.75 -5.00102e-005 2.41754e-013 -1.41909e-013 8.38901e-009 8.38901e-009
4.76 -4.99286e-005 -9.35911e-014 7.41012e-014 8.22715e-009 8.22715e-009
4.77 -4.98402e-005 9.02907e-014 -4.46548e-014 8.03787e-009 8.03787e-009
4.78 -4.97357e-005 -2.10646e-014 6.04468e-015 8.1575e-009 8.1575e-009
4.79 -4.96023e-005 -1.20128e-013 1.15979e-013 8.7527e-009 8.7527e-009
4.8 -4.94303e-005 1.26405e-013 -6.86294e-014 9.70629e-009 9.70629e-009
4.81 -4.92233e-005 5.67126e-013 3.48952e-013 1.06648e-008 1.06648e-008
4.82 -4.89845e-005 -8.72605e-014 -1.44123e-013 1.12143e-008 1.12143e-008
4.83 -4.87195e-005 1.04258e-013 7.26954e-014 1.10601e-008 1.10601e-008
4.84 -4.84652e-005 -1.81342e-014 -4.36719e-014 1.01557e-008 1.01557e-008
4.85 -4.82784e-005 4.98512e-013 6.35334e-013 8.75634e-009 8.75634e-009
4.86 -4.8171e-005 -2.34497e-013 -3.52443e-013 7.28022e-009 7.28022e-009
4.87 -4.80887e-005 1.67771e-013 1.8964e-013 5.9898e-009 5.9898e-009
4.88 -4.79653e-005 -5.29899e-014 -1.0785e-013 4.81096e-009 4.81096e-009
4.89 -4.7778e-005 -7.44958e-015 -5.15773e-014 3.52737e-009 3.52737e-009
4.9 -4.75511e-005 1.06588e-013 1.05527e-013 2.10266e-009 2.10266e-009
4.91 -4.73216e-005 -9.71296e-014 -1.47745e-013 7.26675e-010 7.26675e-010
4.92 -4.71065e-005 4.71515e-013 -8.47406e-014 -4.1802e-010 -4.1802e-010
4.93 -4.69025e-005 2.22681e-012 -1.11123e-012 -1.33068e-009 -1.33068e-009
4.94 -4.6692e-005 8.90904e-013 1.94711e-013 -2.13018e-009 -2.13018e-009
4.95 -4.64451e-005 1.69246e-012 -1.17463e-013 -2.91131e-009 -2.91131e-009
4.96 -4.61418e-005 3.72461e-012 -2.55397e-012 -3.67863e-009 -3.67863e-009
4.97 -4.58046e-005 -5.91316e-012 1.8762e-012 -4.32277e-009 -4.32277e-009
4.98 -4.54877e-005 1.3477e-012 -9.90544e-013 -4.62395e-009 -4.62395e-009
4.99 -4.52284e-005 2.87967e-012 -7.19517e-013 -4.38746e-009 -4.38746e-009
5 -4.50243e-005 -4.52383e-013 -5.30727e-013 -3.66487e-009 -3.66487e-009
5.01 -4.48587e-005 9.88813e-012 -1.13808e-011 -2.79667e-009 -2.79667e-009
5.02 -4.47245e-005 5.42002e-012 -7.21109e-012 -2.1802e-009 -2.1802e-009
5.03 -4.46247e-005 -2.36094e-012 2.68667e-012 -2.00729e-009 -2.00729e-009
5.04 -4.4567e-005 8.75557e-012 -1.01522e-011 -2.20038e-009 -2.20038e-009
5.05 -4.45505e-005 3.63488e-012 -4.52286e-012 -2.51971e-009 -2.51971e-009
5.06 -4.45468e-005 -1.87671e-012 2.57727e-012 -2.73634e-009 -2.73634e-009
5.07 -4.4505e-005 9.48419e-013 -1.48444e-012 -2.79363e-009 -2.79363e-009
5.08 -4.43854e-005 -4.90023e-013 8.22824e-013 -2.83588e-009 -2.83588e-009
5.09 -4.41741e-005 6.72522e-013 -1.61118e-012 -3.06257e-009 -3.06257e-009
5.1 -4.38716e-005 9.84668e-013 -2.35347e-012 -3.57835e-009 -3.57835e-009
5.11 -4.34976e-005 5.5117e-014 -3.34016e-014 -4.38848e-009 -4.38848e-009
5.12 -4.30992e-005 1.42978e-012 -3.02675e-012 -5.45805e-009 -5.45805e-009
5.13 -4.27213e-005 2.43326e-013 -7.26864e-013 -6.7324e-009 -6.7324e-009
5.14 -4.23714e-005 2.25724e-012 -2.12889e-012 -8.17067e-009 -8.17067e-009
5.15 -4.20312e-005 5.20274e-012 -5.85007e-012 -9.79536e-009 -9.79536e-009
5.16 -4.16848e-005 1.24872e-011 -1.67888e-011 -1.16314e-008 -1.16314e-008
5.17 -4.13128e-005 3.61546e-012 -3.89053e-012 -1.3569e-008 -1.3569e-008
5.18 -4.08848e-005 2.22258e-012 -5.69507e-012 -1.53782e-008 -1.53782e-008
5.19 -4.038e-005 -5.44893e-012 1.56631e-011 -1.69063e-008 -1.69063e-008
5.2 -3.98144e-005 -3.19021e-012 7.04153e-012 -1.81939e-008 -1.81939e-008
5.21 -3.92491e-005 6.26117e-012 -7.71344e-012 -1.93589e-008 -1.93589e-008
5.22 -3.87708e-005 -1.13547e-012 -8.12197e-013 -2.04183e-008 -2.04183e-008
5.23 -3.84689e-005 1.56262e-011 -2.15255e-011 -2.12436e-008 -2.12436e-008
5.24 -3.84124e-005 7.91364e-012 -4.49745e-012 -2.16134e-008 -2.16134e-008
5.25 -3.86209e-005 2.50476e-011 1.46631e-011 -2.12815e-008 -2.12815e-008
5.26 -3.9066e-005 1.35447e-011 4.48192e-012 -2.00839e-008 -2.00839e-008
5.27 -3.97019e-005 -7.75447e-012 -2.2175e-012 -1.80505e-008 -1.80505e-008
5.28 -4.04798e-005 3.83291e-012 1.50413e-012 -1.54322e-008 -1.54322e-008
5.29 -4.13491e-005 -2.75199e-012 -1.85898e-013 -1.26355e-008 -1.26355e-008
5.3 -4.22733e-005 1.04371e-012 5.56659e-013 -1.0097e-008 -1.0097e-008
5.31 -4.32448e-005 -7.20219e-013 -1.44874e-013 -8.10092e-009 -8.10092e-009
5.32 -4.42725e-005 3.94046e-013 1.18472e-013 -6.62704e-009 -6.62704e-009
5.33 -4.53672e-005 -1.77168e-013 -6.87938e-014 -5.3663e-009 -5.3663e-009
5.34 -4.65425e-005 1.35773e-013 3.35695e-014 -3.88214e-009 -3.88214e-009
5.35 -4.78187e-005 -3.64896e-014 -2.30034e-014 -1.76427e-009 -1.76427e-009
5.36 -4.92215e-005 4.01433e-014 -5.52515e-015 1.28195e-009 1.28195e-009
5.37 -5.07459e-005 5.54271e-015 -9.46719e-015 5.32075e-009 5.32075e-009
5.38 -5.23269e-005 3.60396e-014 1.41819e-015 1.00144e-008 1.00144e-008
5.39 -5.38866e-005 -2.397e-011 2.89995e-011 1.45984e-008 1.45984e-008
5.4 -5.54156e-005 1.37266e-011 -2.20683e-010 1.82064e-008 1.82064e-008
5.41 -5.69615e-005 -2.16587e-011 2.266e-011 2.03549e-008 2.03549e-008
5.42 -5.8548e-005 1.46647e-011 3.70839e-011 2.11454e-008 2.11454e-008
5.43 -6.01489e-005 -8.01716e-012 4.00191e-011 2.10503e-008 2.10503e-008
5.44 -6.1679e-005 9.15584e-012 3.3801e-011 2.05692e-008 2.05692e-008
5.45 -6.30547e-005 6.48061e-012 2.32853e-011 2.00908e-008 2.00908e-008
5.46 -6.42383e-005 9.51971e-013 3.81168e-012 1.99679e-008 1.99679e-008
5.47 -6.52281e-005 3.67253e-014 1.11327e-012 2.05446e-008 2.05446e-008
5.48 -6.60466e-005 -8.83211e-014 2.77397e-012 2.19935e-008 2.19935e-008
5.49 -6.67399e-005 -3.76272e-012 4.31031e-012 2.41426e-008 2.41426e-008
5.5 -6.73514e-005 -6.41591e-012 7.06868e-012 2.65051e-008 2.65051e-008
5.51 -6.78877e-005 -3.01728e-012 1.92555e-012 2.84736e-008 2.84736e-008
5.52 -6.83286e-005 -3.28013e-013 1.95004e-012 2.95536e-008 2.95536e-008
5.53 -6.86545e-005 -4.99115e-013 6.8734e-013 2.9581e-008 2.9581e-008
5.54 -6.8845e-005 -5.0186e-013 1.04863e-012 2.88132e-008 2.88132e-008
5.55 -6.88724e-005 -5.88551e-012 8.33425e-012 2.7781e-008 2.7781e-008
5.56 -6.87057e-005 1.64206e-012 -7.51605e-012 2.69922e-008 2.69922e-008
5.57 -6.83129e-005 -8.26602e-012 1.3691e-012 2.66939e-008 2.66939e-008
5.58 -6.76824e-005 2.92827e-012 2.47924e-012 2.68007e-008 2.68007e-008
5.59 -6.68344e-005 -2.12014e-012 -1.37705e-012 2.69863e-008 2.69863e-008
5.6 -6.57975e-005 1.05558e-012 9.4106e-013 2.68758e-008 2.68758e-008
5.61 -6.4587e-005 -7.21145e-013 -3.78108e-013 2.62272e-008 2.62272e-008
5.62 -6.3218e-005 2.58276e-013 3.519e-013 2.50136e-008 2.50136e-008
5.63 -6.1735e-005 -3.10583e-013 -7.82457e-014 2.34108e-008 2.34108e-008
5.64 -6.02055e-005 6.21604e-014 2.27917e-013 2.17137e-008 2.17137e-008
5.65 -5.86801e-005 -2.77925e-013 -9.91129e-014 2.01737e-008 2.01737e-008
5.66 -5.71687e-005 4.45873e-014 2.3974e-013 1.88156e-008 1.88156e-008
5.67 -5.56563e-005 -1.32404e-013 5.37805e-014 1.73879e-008 1.73879e-008
5.68 -5.41394e-005 -3.52729e-014 1.55833e-013 1.5525e-008 1.5525e-008
5.69 -5.26421e-005 -8.85776e-014 9.98276e-014 1.2997e-008 1.2997e-008
5.7 -5.11983e-005 -5.93245e-014 1.30563e-013 9.82424e-009 9.82424e-009
5.71 -4.98254e-005 -7.53783e-014 1.13696e-013 6.17689e-009 6.17689e-009
5.72 -4.85212e-005 -6.65682e-014 1.22952e-013 2.21192e-009 2.21192e-009
5.73 -4.7287e-005 -7.14031e-014 1.17872e-013 -1.94724e-009 -1.94724e-009
5.74 -4.61475e-005 -6.87497e-014 1.2066e-013 -6.07444e-009 -6.07444e-009
5.75 -4.51431e-005 -7.02059e-014 1.1913e-013 -9.74727e-009 -9.74727e-009
5.76 -4.43022e-005 2.57475e-013 4.66818e-013 -1.24709e-008 -1.24709e-008
5.77 -4.3625e-005 4.71289e-012 7.93922e-013 -1.39529e-008 -1.39529e-008
5.78 -4.30827e-005 1.31503e-011 -2.19223e-013 -1.42895e-008 -1.42895e-008
5.79 -4.26106e-005 1.4731e-011 -5.0813e-012 -1.39301e-008 -1.39301e-008
5.8 -4.2105e-005 2.42433e-011 -1.9354e-012 -1.35145e-008 -1.35145e-008
5.81 -4.1457e-005 4.83407e-011 -4.00787e-011 -1.36896e-008 -1.36896e-008
5.82 -4.06197e-005 2.19769e-011 -2.6539e-011 -1.48645e-008 -1.48645e-008
5.83 -3.96468e-005 1.54977e-011 -1.6196e-011 -1.69159e-008 -1.69159e-008
5.84 -3.8649e-005 2.01242e-011 -2.73189e-011 -1.91248e-008 -1.91248e-008
5.85 -3.77262e-005 -1.84136e-011 2.40792e-011 -2.05737e-008 -2.05737e-008
5.86 -3.69452e-005 4.23437e-011 -4.40649e-011 -2.0707e-008 -2.0707e-008
5.87 -3.63382e-005 -2.65863e-012 1.22324e-011 -1.95054e-008 -1.95054e-008
5.88 -3.58934e-005 1.1703e-011 -5.97949e-012 -1.72034e-008 -1.72034e-008
5.89 -3.55741e-005 -7.39885e-012 1.0801e-011 -1.39889e-008 -1.39889e-008
5.9 -3.53607e-005 8.36616e-012 -1.55089e-011 -9.98691e-009 -9.98691e-009
5.91 -3.52662e-005 -6.21821e-012 1.27513e-012 -5.43612e-009 -5.43612e-009
5.92 -3.53339e-005 6.67704e-012 -2.15156e-011 -8.21059e-010 -8.21059e-010
5.93 -3.56391e-005 -3.12935e-013 -9.23652e-012 3.20794e-009 3.20794e-009
5.94 -3.62655e-005 2.60793e-013 5.10091e-012 6.11134e-009 6.11134e-009
5.95 -3.72576e-005 3.00255e-013 -2.34501e-012 7.72737e-009 7.72737e-009
5.96 -3.85821e-005 -1.9348e-013 2.52538e-012 8.3348e-009 8.3348e-009
5.97 -4.0141e-005 -1.35035e-012 8.53583e-013 8.51331e-009 8.51331e-009
5.98 -4.18188e-005 -2.30508e-012 2.88845e-012 8.92329e-009 8.92329e-009
5.99 -4.35038e-005 -3.2706e-012 2.10912e-012 1.00523e-008 1.00523e-008
6 -4.50719e-005 -1.54348e-012 3.47722e-013 1.19151e-008 1.19151e-008
6.01 -4.63872e-005 -8.70142e-013 -2.76947e-013 1.38477e-008 1.38477e-008
6.02 -4.73527e-005 -3.03813e-013 7.00784e-014 1.46841e-008 1.46841e-008
6.03 -4.79606e-005 -6.64609e-013 1.152e-012 1.33517e-008 1.33517e-008
6.04 -4.82869e-005 -7.62152e-013 -3.46274e-012 9.46636e-009 9.46636e-009
6.05 -4.84442e-005 -4.25802e-011 -9.64711e-011 3.48164e-009 3.48164e-009
6.06 -4.85311e-005 -5.55626e-011 -6.79073e-011 -3.60585e-009 -3.60585e-009
6.07 -4.86009e-005 -1.88469e-011 -2.35336e-011 -1.06783e-008 -1.06783e-008
6.08 -4.86587e-005 -6.39575e-011 -1.27579e-010 -1.68021e-008 -1.68021e-008
6.09 -4.86738e-005 -3.58087e-011 -1.29751e-010 -2.14121e-008 -2.14121e-008
6.1 -4.859e-005 2.68757e-011 8.57157e-011 -2.44576e-008 -2.44576e-008
6.11 -4.83965e-005 2.68683e-011 1.52254e-011 -2.64424e-008 -2.64424e-008
6.12 -4.81677e-005 -2.28233e-011 -4.26777e-011 -2.82117e-008 -2.82117e-008
6.13 -4.80416e-005 2.3048e-011 3.57331e-011 -3.05548e-008 -3.05548e-008
6.14 -4.81821e-005 -7.61183e-012 -4.11819e-011 -3.38588e-008 -3.38588e-008
6.15 -4.87467e-005 -3.71253e-011 -6.164e-011 -3.79228e-008 -3.79228e-008
6.16 -4.98379e-005 -2.07107e-011 -4.93799e-012 -4.19592e-008 -4.19592e-008
6.17 -5.14556e-005 1.11692e-011 1.94214e-011 -4.4837e-008 -4.4837e-008
6.18 -5.35129e-005 2.64464e-012 1.25455e-011 -4.54962e-008 -4.54962e-008
6.19 -5.58792e-005 5.15932e-012 5.9347e-012 -4.33314e-008 -4.33314e-008
6.2 -5.84229e-005 -1.62781e-011 1.58965e-013 -3.84106e-008 -3.84106e-008
6.21 -6.10581e-005 -3.59461e-011 2.14403e-011 -3.14663e-008 -3.14663e-008
6.22 -6.37596e-005 -2.17154e-010 2.82596e-010 -2.36038e-008 -2.36038e-008
6.23 -6.65349e-005 4.83271e-010 -2.48359e-010 -1.58372e-008 -1.58372e-008
6.24 -6.93761e-005 2.00646e-010 -3.09682e-010 -8.76297e-009 -8.76297e-009
6.25 -7.22249e-005 -2.43899e-010 2.83269e-011 -2.56453e-009 -2.56453e-009
6.26 -7.48962e-005 1.4522e-011 2.26128e-011 2.77935e-009 2.77935e-009
6.27 -7.71927e-005 -3.7343e-011 7.50998e-011 7.35692e-009 7.35692e-009
6.28 -7.89373e-005 6.56103e-011 1.2339e-010 1.13821e-008 1.13821e-008
6.29 -8.00632e-005 -1.57295e-010 2.36414e-010 1.53607e-008 1.53607e-008
6.3 -8.06799e-005 -1.0022e-010 -6.04098e-011 2.01398e-008 2.01398e-008
6.31 -8.09815e-005 2.98853e-011 4.16185e-011 2.65956e-008 2.65956e-008
6.32 -8.10925e-005 -2.63189e-011 -4.32252e-012 3.49555e-008 3.49555e-008
6.33 -8.098e-005 -3.1894e-012 1.86641e-011 4.42623e-008 4.42623e-008
6.34 -8.04795e-005 6.97481e-012 7.21679e-012 5.26107e-008 5.26107e-008
6.35 -7.93967e-005 2.21945e-012 2.18171e-011 5.81432e-008 5.81432e-008
6.36 -7.76354e-005 -4.70508e-012 4.22915e-011 6.01031e-008 6.01031e-008
6.37 -7.52914e-005 -8.37511e-012 1.00102e-010 5.92655e-008 5.92655e-008
6.38 -7.2647e-005 -5.87121e-011 1.18239e-010 5.75647e-008 5.75647e-008
6.39 -7.00155e-005 3.30969e-011 -7.15089e-012 5.70717e-008 5.70717e-008
6.4 -6.75735e-005 3.53707e-011 -1.22834e-011 5.87386e-008 5.87386e-008
6.41 -6.536e-005 3.12162e-011 -5.07364e-011 6.17748e-008 6.17748e-008
6.42 -6.33864e-005 7.91976e-011 -8.36492e-011 6.43311e-008 6.43311e-008
6.43 -6.16913e-005 1.45654e-011 8.53198e-012 6.49168e-008 6.49168e-008
6.44 -6.03533e-005 1.3038e-010 -4.51199e-011 6.3227e-008 6.3227e-008
6.45 -5.94932e-005 1.1606e-010 8.79973e-011 5.98813e-008 5.98813e-008
6.46 -5.92302e-005 -1.12235e-010 -8.62184e-011 5.56879e-008 5.56879e-008
6.47 -5.95922e-005 -5.42944e-012 7.58058e-011 5.10801e-008 5.10801e-008
6.48 -6.04424e-005 9.37398e-011 2.44578e-010 4.58794e-008 4.58794e-008
6.49 -6.15052e-005 -7.76822e-012 1.92197e-010 3.94424e-008 3.94424e-008
6.5 -6.24724e-005 1.27537e-011 1.55271e-010 3.12235e-008 3.12235e-008
6.51 -6.30806e-005 4.14466e-012 6.49372e-011 2.13776e-008 2.13776e-008
6.52 -6.31231e-005 -2.75559e-011 8.97992e-011 1.07917e-008 1.07917e-008
6.53 -6.24368e-005 9.65435e-011 1.12361e-010 4.28598e-010 4.28598e-010
6.54 -6.0891e-005 -3.15471e-011 2.25839e-010 -9.41216e-009 -9.41216e-009
6.55 -5.84137e-005 -1.52504e-011 -2.27487e-011 -1.91668e-008 -1.91668e-008
6.56 -5.50326e-005 7.55456e-012 1.81064e-011 -2.93177e-008 -2.93177e-008
6.57 -5.08813e-005 -2.7107e-012 -6.65949e-012 -3.96357e-008 -3.96357e-008
6.58 -4.61874e-005 1.29831e-011 -3.38688e-011 -4.90678e-008 -4.90678e-008
6.59 -4.12528e-005 -4.60118e-012 -2.70083e-011 -5.62889e-008 -5.62889e-008
6.6 -3.63956e-005 6.57257e-010 -6.91631e-010 -6.04081e-008 -6.04081e-008
6.61 -3.18524e-005 -1.21657e-009 1.37406e-009 -6.13375e-008 -6.13375e-008
6.62 -2.77589e-005 -4.5409e-011 4.40595e-010 -5.96521e-008 -5.96521e-008
6.63 -2.413e-005 1.68339e-010 -3.62814e-010 -5.61291e-008 -5.61291e-008
6.64 -2.08702e-005 2.31851e-010 -2.05651e-010 -5.13524e-008 -5.13524e-008
6.65 -1.79179e-005 1.74759e-009 -2.81068e-009 -4.56574e-008 -4.56574e-008
6.66 -1.52615e-005 4.00717e-009 -4.71831e-009 -3.93519e-008 -3.93519e-008
6.67 -1.29269e-005 1.93109e-009 -2.75846e-009 -3.29396e-008 -3.29396e-008
6.68 -1.09967e-005 8.16334e-010 -7.87007e-010 -2.70821e-008 -2.70821e-008
6.69 -9.57648e-006 2.9768e-010 -4.85634e-010 -2.22278e-008 -2.22278e-008
6.7 -8.84681e-006 4.57194e-009 -5.72813e-009 -1.81335e-008 -1.81335e-008
6.71 -8.90205e-006 1.19535e-009 -1.37414e-009 -1.37766e-008 -1.37766e-008
6.72 -9.76736e-006 -6.55719e-010 7.53611e-010 -7.97967e-009 -7.97967e-009
6.73 -1.13936e-005 3.64217e-010 -4.08327e-010 -3.24046e-010 -3.24046e-010
6.74 -1.36564e-005 -1.745e-010 2.54968e-010 8.40553e-009 8.40553e-009
6.75 -1.63869e-005 1.27236e-010 -9.51927e-011 1.64648e-008 1.64648e-008
6.76 -1.93767e-005 -2.94645e-011 1.02003e-010 2.17796e-008 2.17796e-008
6.77 -2.24586e-005 8.39888e-011 4.82188e-011 2.26708e-008 2.26708e-008
6.78 -2.55323e-005 7.45194e-010 -1.40941e-009 1.84637e-008 1.84637e-008
6.79 -2.849e-005 2.48264e-010 -4.76356e-010 9.67935e-009 9.67935e-009
6.8 -3.11818e-005 -1.05906e-010 9.37804e-011 -2.30101e-009 -2.30101e-009
6.81 -3.3431e-005 -5.13651e-013 -1.24493e-012 -1.57638e-008 -1.57638e-008
6.82 -3.50471e-005 -1.19771e-010 3.18068e-010 -2.90049e-008 -2.90049e-008
6.83 -3.58538e-005 4.79688e-011 1.58092e-010 -4.05061e-008 -4.05061e-008
6.84 -3.57047e-005 1.24298e-010 -1.5653e-010 -4.92105e-008 -4.92105e-008
6.85 -3.45465e-005 4.42513e-010 -3.17071e-010 -5.48773e-008 -5.48773e-008
6.86 -3.24929e-005 6.14854e-010 -7.94585e-010 -5.81319e-008 -5.81319e-008
6.87 -2.98304e-005 1.96165e-010 -5.53772e-010 -6.00061e-008 -6.00061e-008
6.88 -2.69311e-005 1.41484e-010 -2.96055e-010 -6.13166e-008 -6.13166e-008
6.89 -2.41409e-005 -1.03221e-010 -3.74335e-012 -6.23176e-008 -6.23176e-008
6.9 -2.17265e-005 2.57738e-011 -8.97691e-011 -6.26401e-008 -6.26401e-008
6.91 -1.98611e-005 -7.6274e-011 -6.30248e-011 -6.1328e-008 -6.1328e-008
6.92 -1.8647e-005 3.16293e-011 4.78929e-011 -5.70329e-008 -5.70329e-008
6.93 -1.80603e-005 -5.84619e-011 -9.76155e-011 -4.86005e-008 -4.86005e-008
6.94 -1.79444e-005 6.82979e-011 1.24445e-010 -3.59237e-008 -3.59237e-008
6.95 -1.8133e-005 -3.34955e-010 -4.04982e-010 -2.03929e-008 -2.03929e-008
6.96 -1.85511e-005 -1.70846e-011 -2.35342e-010 -4.39056e-009 -4.39056e-009
6.97 -1.92429e-005 -1.77097e-010 -1.97878e-010 9.85284e-009 9.85284e-009
6.98 -2.02833e-005 1.21598e-010 4.80439e-011 2.11309e-008 2.11309e-008
6.99 -2.17134e-005 -1.13943e-010 -1.77289e-010 2.93305e-008 2.93305e-008
7 -2.35332e-005 -5.7792e-011 -9.809e-011 3.50058e-008 3.50058e-008
7.01 -2.57573e-005 -9.15349e-011 -9.02761e-011 3.90569e-008 3.90569e-008
7.02 -2.84146e-005 -2.56869e-011 -2.62759e-011 4.25871e-008 4.25871e-008
7.03 -3.14869e-005 1.83403e-011 -1.49858e-011 4.65085e-008 4.65085e-008
7.04 -3.48815e-005 4.00777e-010 -2.71805e-010 5.07894e-008 5.07894e-008
7.05 -3.84684e-005 1.884e-009 -2.09187e-009 5.39369e-008 5.39369e-008
7.06 -4.2135e-005 -1.64026e-009 2.8134e-009 5.33554e-008 5.33554e-008
7.07 -4.58408e-005 8.33342e-010 -1.97052e-009 4.65512e-008 4.65512e-008
7.08 -4.96018e-005 -2.22842e-010 9.01588e-010 3.23791e-008 3.23791e-008
7.09 -5.34127e-005 3.77649e-011 -3.10623e-010 1.14493e-008 1.14493e-008
7.1 -5.71936e-005 -7.59559e-011 1.68133e-010 -1.434e-008 -1.434e-008
7.11 -6.07525e-005 6.6611e-011 -1.15811e-010 -4.24585e-008 -4.24585e-008
7.12 -6.38503e-005 -2.78835e-011 8.18519e-011 -7.01262e-008 -7.01262e-008
7.13 -6.62388e-005 -3.46865e-011 -3.22219e-011 -9.46045e-008 -9.46045e-008
7.14 -6.77186e-005 -2.47712e-011 -1.62193e-011 -1.13706e-007 -1.13706e-007
7.15 -6.8195e-005 3.73937e-011 -4.91185e-011 -1.26368e-007 -1.26368e-007
7.16 -6.77138e-005 -3.80767e-010 -3.94738e-010 -1.32823e-007 -1.32823e-007
7.17 -6.64489e-005 -1.13312e-011 -1.53178e-010 -1.34219e-007 -1.34219e-007
7.18 -6.46889e-005 6.60033e-010 9.21751e-010 -1.31999e-007 -1.31999e-007
7.19 -6.27796e-005 -1.22537e-010 -4.77757e-010 -1.27371e-007 -1.27371e-007
7.2 -6.10423e-005 4.01057e-010 -8.81698e-010 -1.20921e-007 -1.20921e-007
7.21 -5.98014e-005 -2.63867e-010 -7.21453e-010 -1.1243e-007 -1.1243e-007
7.22 -5.93414e-005 -8.49168e-010 -1.32394e-009 -1.00924e-007 -1.00924e-007
7.23 -5.98391e-005 2.38437e-010 -7.82309e-011 -8.49643e-008 -8.49643e-008
7.24 -6.13966e-005 -7.41342e-010 -7.81992e-010 -6.32466e-008 -6.32466e-008
7.25 -6.39737e-005 -2.27656e-010 -5.40256e-010 -3.54224e-008 -3.54224e-008
7.26 -6.73891e-005 4.03953e-010 1.43325e-010 -2.69038e-009 -2.69038e-009
7.27 -7.13759e-005 4.31079e-010 -9.15836e-010 3.22924e-008 3.22924e-008
7.28 -7.56356e-005 3.46912e-010 -4.08105e-010 6.62511e-008 6.62511e-008
7.29 -7.98582e-005 -6.5748e-011 3.18707e-011 9.6282e-008 9.6282e-008
7.3 -8.38233e-005 4.65851e-011 9.19118e-012 1.20405e-007 1.20405e-007
7.31 -8.73598e-005 -5.1196e-010 -2.09735e-010 1.37745e-007 1.37745e-007
7.32 -9.03752e-005 -4.2366e-010 -6.30449e-010 1.48582e-007 1.48582e-007
7.33 -9.27769e-005 3.72697e-010 1.99846e-009 1.54081e-007 1.54081e-007
7.34 -9.43516e-005 3.12286e-010 -4.98053e-010 1.55455e-007 1.55455e-007
7.35 -9.48871e-005 1.50481e-010 8.46515e-010 1.53053e-007 1.53053e-007
7.36 -9.43101e-005 -2.56359e-010 -3.92288e-010 1.46282e-007 1.46282e-007
7.37 -9.26601e-005 1.41779e-010 -7.90691e-011 1.34418e-007 1.34418e-007
7.38 -8.99716e-005 1.30843e-011 5.76847e-010 1.17268e-007 1.17268e-007
7.39 -8.63537e-005 1.3263e-010 2.16562e-010 9.50703e-008 9.50703e-008
7.4 -8.19507e-005 -6.6583e-011 -9.35076e-011 6.81874e-008 6.81874e-008
7.41 -7.69269e-005 4.26183e-011 8.54381e-011 3.73368e-008 3.73368e-008
7.42 -7.14493e-005 -1.43925e-011 -4.0217e-012 4.2618e-009 4.2618e-009
7.43 -6.5687e-005 4.09516e-011 3.36934e-011 -2.80177e-008 -2.80177e-008
7.44 -5.97224e-005 1.01809e-010 -1.27615e-010 -5.59844e-008 -5.59844e-008
7.45 -5.3557e-005 -7.54547e-012 -8.99194e-011 -7.70119e-008 -7.70119e-008
7.46 -4.72409e-005 4.00564e-009 -5.17037e-009 -9.02743e-008 -9.02743e-008
7.47 -4.08584e-005 -1.64828e-009 9.85359e-010 -9.65522e-008 -9.65522e-008
7.48 -3.46622e-005 -3.05908e-010 1.07198e-009 -9.73677e-008 -9.73677e-008
7.49 -2.90496e-005 -1.49676e-010 -2.32112e-010 -9.42308e-008 -9.42308e-008
7.5 -2.42798e-005 -4.12252e-010 2.60071e-010 -8.82655e-008 -8.82655e-008
7.51 -2.05016e-005 2.12794e-010 2.1277e-011 -8.00567e-008 -8.00567e-008
7.52 -1.7732e-005 1.95513e-010 -2.28469e-011 -6.95071e-008 -6.95071e-008
7.53 -1.59295e-005 1.66748e-010 -1.94939e-011 -5.57794e-008 -5.57794e-008
7.54 -1.49866e-005 1.52943e-010 8.44785e-012 -3.76796e-008 -3.76796e-008
7.55 -1.4711e-005 6.44737e-011 -6.78323e-011 -1.45487e-008 -1.45487e-008
7.56 -1.48146e-005 1.00875e-010 1.73967e-010 1.28228e-008 1.28228e-008
7.57 -1.49506e-005 9.82373e-011 2.05207e-010 4.18914e-008 4.18914e-008
7.58 -1.49138e-005 6.48354e-010 1.50334e-010 6.89755e-008 6.89755e-008
7.59 -1.47557e-005 1.39022e-009 1.68983e-009 9.05322e-008 9.05322e-008
7.6 -1.46539e-005 1.6978e-009 1.63446e-009 1.04297e-007 1.04297e-007
7.61 -1.47669e-005 3.14739e-009 4.05657e-009 1.09588e-007 1.09588e-007
7.62 -1.50744e-005 1.31174e-009 1.4069e-009 1.0692e-007 1.0692e-007
7.63 -1.54585e-005 1.56944e-009 2.44401e-009 9.76238e-008 9.76238e-008
7.64 -1.57327e-005 -1.83378e-010 -1.00947e-009 8.37197e-008 8.37197e-008
7.65 -1.58583e-005 4.19792e-009 5.7526e-009 6.76004e-008 6.76004e-008
7.66 -1.58052e-005 4.96528e-010 6.8808e-010 5.12595e-008 5.12595e-008
7.67 -1.57023e-005 -3.33891e-010 -2.48167e-010 3.55267e-008 3.55267e-008
7.68 -1.56681e-005 2.07544e-010 1.36786e-010 1.98569e-008 1.98569e-008
7.69 -1.57784e-005 -8.51099e-011 -8.12814e-011 2.70055e-009 2.70055e-009
7.7 -1.609e-005 8.20609e-011 3.8553e-012 -1.76301e-008 -1.76301e-008
7.71 -1.6692e-005 1.20428e-010 -2.81527e-010 -4.17365e-008 -4.17365e-008
7.72 -1.77058e-005 7.07472e-011 -1.95061e-010 -6.8151e-008 -6.8151e-008
7.73 -1.92214e-005 1.47766e-011 -2.50504e-010 -9.33942e-008 -9.33942e-008
7.74 -2.12536e-005 -3.96143e-011 -1.52838e-010 -1.13184e-007 -1.13184e-007
7.75 -2.38057e-005 -2.19577e-012 -5.08801e-012 -1.23985e-007 -1.23985e-007
7.76 -2.69059e-005 2.19508e-010 3.67721e-010 -1.24025e-007 -1.24025e-007
7.77 -3.05575e-005 1.51119e-010 1.77754e-010 -1.13587e-007 -1.13587e-007
7.78 -3.46795e-005 -7.73026e-011 -1.58935e-010 -9.48193e-008 -9.48193e-008
7.79 -3.91039e-005 -2.94404e-011 -7.97097e-011 -7.10963e-008 -7.10963e-008
7.8 -4.36257e-005 1.63352e-011 5.36838e-011 -4.5918e-008 -4.5918e-008
7.81 -4.81023e-005 -7.03848e-012 -9.60133e-012 -2.17004e-008 -2.17004e-008
7.82 -5.24832e-005 -3.86034e-012 4.2923e-011 9.03859e-010 9.03859e-010
7.83 -5.6814e-005 4.22772e-011 3.85954e-011 2.28339e-008 2.28339e-008
7.84 -6.11751e-005 2.41713e-010 3.54119e-010 4.57882e-008 4.57882e-008
7.85 -6.56103e-005 9.17646e-010 -6.38518e-010 7.11312e-008 7.11312e-008
7.86 -7.0112e-005 1.46564e-009 -1.27234e-009 9.89857e-008 9.89857e-008
7.87 -7.46462e-005 -4.81547e-010 8.56404e-010 1.27933e-007 1.27933e-007
7.88 -7.91382e-005 -3.61192e-010 3.15729e-010 1.55359e-007 1.55359e-007
7.89 -8.34384e-005 7.00115e-010 -6.48028e-010 1.78069e-007 1.78069e-007
7.9 -8.73806e-005 3.2632e-010 -2.16836e-010 1.92936e-007 1.92936e-007
7.91 -9.07543e-005 -2.07661e-010 1.84688e-010 1.97632e-007 1.97632e-007
7.92 -9.34016e-005 1.20437e-010 1.21594e-010 1.91302e-007 1.91302e-007
7.93 -9.51712e-005 -2.47563e-010 6.20937e-010 1.74858e-007 1.74858e-007
7.94 -9.60808e-005 2.71287e-010 2.3492e-010 1.5067e-007 1.5067e-007
7.95 -9.61198e-005 4.25661e-011 2.20605e-010 1.2183e-007 1.2183e-007
7.96 -9.53109e-005 5.31214e-010 5.76748e-010 9.12581e-008 9.12581e-008
7.97 -9.36381e-005 2.45138e-010 6.16217e-010 6.10332e-008 6.10332e-008
7.98 -9.1126e-005 4.27597e-010 5.65603e-010 3.22731e-008 3.22731e-008
7.99 -8.7872e-005 -8.87904e-011 2.00991e-011 5.4791e-009 5.4791e-009
8 -8.40701e-005 -4.33784e-011 -4.21532e-011 -1.90964e-008 -1.90964e-008
8.01 -7.9983e-005 -7.2299e-010 -7.21747e-010 -4.13158e-008 -4.13158e-008
8.02 -7.58698e-005 4.49577e-010 4.84276e-011 -6.12305e-008 -6.12305e-008
8.03 -7.19219e-005 5.88776e-010 -1.69085e-010 -7.91019e-008 -7.91019e-008
8.04 -6.83785e-005 6.25906e-010 -1.41001e-010 -9.50635e-008 -9.50635e-008
8.05 -6.54852e-005 6.54742e-010 -1.4113e-009 -1.08516e-007 -1.08516e-007
8.06 -6.34131e-005 8.45161e-010 -8.79978e-010 -1.17869e-007 -1.17869e-007
8.07 -6.21602e-005 -3.55047e-010 3.70554e-010 -1.211e-007 -1.211e-007
8.08 -6.15706e-005 1.84063e-010 -2.33128e-010 -1.16782e-007 -1.16782e-007
8.09 -6.14411e-005 2.45112e-010 -2.27763e-010 -1.04686e-007 -1.04686e-007
8.1 -6.15985e-005 -1.79591e-010 1.71314e-010 -8.56481e-008 -8.56481e-008
8.11 -6.1913e-005 -2.18994e-010 3.02166e-010 -6.12315e-008 -6.12315e-008
8.12 -6.2266e-005 -1.04539e-010 1.30941e-010 -3.36296e-008 -3.36296e-008
8.13 -6.25832e-005 3.13858e-010 -3.61022e-010 -5.53473e-009 -5.53473e-009
8.14 -6.28641e-005 1.03947e-009 -1.40353e-009 2.04033e-008 2.04033e-008
8.15 -6.31614e-005 2.79106e-010 -3.57243e-010 4.22903e-008 4.22903e-008
8.16 -6.35642e-005 -2.45868e-010 4.21384e-010 5.93165e-008 5.93165e-008
8.17 -6.41091e-005 -5.70255e-010 5.57545e-010 7.15214e-008 7.15214e-008
8.18 -6.4751e-005 3.43843e-010 1.22174e-010 7.93168e-008 7.93168e-008
8.19 -6.53787e-005 -4.55459e-011 2.11461e-010 8.31136e-008 8.31136e-008
8.2 -6.57819e-005 2.13809e-010 2.56988e-010 8.30676e-008 8.30676e-008
8.21 -6.5729e-005 -5.83889e-011 -9.4342e-011 7.88507e-008 7.88507e-008
8.22 -6.50148e-005 2.14743e-012 1.26348e-010 6.95956e-008 6.95956e-008
8.23 -6.34948e-005 -1.54429e-012 7.91265e-011 5.42406e-008 5.42406e-008
8.24 -6.11206e-005 2.87207e-011 2.05449e-011 3.22221e-008 3.22221e-008
8.25 -5.79579e-005 -2.51821e-011 6.87892e-012 4.16546e-009 4.16546e-009
8.26 -5.41669e-005 -2.23823e-010 -2.72202e-010 -2.78352e-008 -2.78352e-008
8.27 -4.99406e-005 1.42677e-010 -2.29702e-010 -6.06057e-008 -6.06057e-008
8.28 -4.54648e-005 1.18038e-009 1.7543e-010 -9.08332e-008 -9.08332e-008
8.29 -4.09702e-005 1.70605e-009 -9.92313e-010 -1.16026e-007 -1.16026e-007
8.3 -3.66715e-005 4.37878e-010 -3.48706e-010 -1.34987e-007 -1.34987e-007
8.31 -3.2768e-005 -4.73928e-011 7.11978e-010 -1.47762e-007 -1.47762e-007
8.32 -2.94898e-005 -1.02266e-009 -2.58179e-010 -1.55333e-007 -1.55333e-007
8.33 -2.71096e-005 -1.86662e-009 -6.89869e-009 -1.59122e-007 -1.59122e-007
8.34 -2.57103e-005 -2.31703e-009 -8.20861e-009 -1.60313e-007 -1.60313e-007
8.35 -2.51959e-005 -2.29757e-010 -5.8918e-009 -1.59297e-007 -1.59297e-007
8.36 -2.54095e-005 4.5274e-010 -1.30708e-009 -1.55661e-007 -1.55661e-007
8.37 -2.61255e-005 -2.5742e-010 -2.4852e-010 -1.48621e-007 -1.48621e-007
8.38 -2.71414e-005 -1.03622e-009 -3.31936e-009 -1.37413e-007 -1.37413e-007
8.39 -2.83062e-005 -2.28731e-010 -2.68982e-009 -1.21498e-007 -1.21498e-007
8.4 -2.95082e-005 2.86635e-010 1.12171e-009 -1.00765e-007 -1.00765e-007
8.41 -3.07143e-005 -1.55766e-010 -6.10454e-010 -7.59545e-008 -7.59545e-008
8.42 -3.19465e-005 9.89287e-011 3.30738e-010 -4.90267e-008 -4.90267e-008
8.43 -3.32589e-005 -5.91076e-011 -1.95009e-010 -2.29335e-008 -2.29335e-008
8.44 -3.46919e-005 4.99167e-011 6.08727e-011 -7.98623e-010 -7.98623e-010
8.45 -3.62388e-005 1.92837e-010 -2.18145e-010 1.49318e-008 1.49318e-008
8.46 -3.78412e-005 6.89848e-010 -8.05688e-010 2.2936e-008 2.2936e-008
8.47 -3.93585e-005 3.69817e-010 -7.0446e-010 2.30262e-008 2.30262e-008
8.48 -4.06339e-005 2.0952e-010 -2.78249e-010 1.58687e-008 1.58687e-008
8.49 -4.15344e-005 1.35732e-010 -1.50221e-010 2.5204e-009 2.5204e-009
8.5 -4.18605e-005 -1.63278e-010 8.92639e-011 -1.60626e-008 -1.60626e-008
8.51 -4.14518e-005 -7.82444e-011 3.30528e-011 -3.92308e-008 -3.92308e-008
8.52 -4.02414e-005 -2.72561e-010 -1.88853e-010 -6.63803e-008 -6.63803e-008
8.53 -3.82678e-005 -2.34164e-010 -8.86661e-010 -9.65012e-008 -9.65012e-008
8.54 -3.57131e-005 -2.53991e-009 -4.01956e-009 -1.28047e-007 -1.28047e-007
8.55 -3.27695e-005 -3.96066e-009 -6.21253e-009 -1.59272e-007 -1.59272e-007
8.56 -2.96097e-005 -2.43218e-009 -4.06485e-009 -1.88684e-007 -1.88684e-007
8.57 -2.64879e-005 -2.57441e-009 -5.34938e-009 -2.15201e-007 -2.15201e-007
8.58 -2.37414e-005 -2.05268e-009 -6.37837e-009 -2.37996e-007 -2.37996e-007
8.59 -2.14771e-005 -2.04963e-010 -7.66891e-009 -2.5622e-007 -2.5622e-007
8.6 -1.97399e-005 1.42117e-009 -8.78626e-009 -2.68943e-007 -2.68943e-007
8.61 -1.86212e-005 1.83602e-009 -4.89241e-009 -2.75481e-007 -2.75481e-007
8.62 -1.80948e-005 1.47383e-009 -4.2458e-009 -2.7584e-007 -2.7584e-007
8.63 -1.81354e-005 2.11475e-009 -1.82099e-009 -2.70751e-007 -2.70751e-007
8.64 -1.85987e-005 4.70041e-011 -9.54375e-010 -2.61182e-007 -2.61182e-007
8.65 -1.93553e-005 -3.51055e-010 -1.30454e-010 -2.47811e-007 -2.47811e-007
8.66 -2.02781e-005 3.47329e-010 -4.67653e-010 -2.30859e-007 -2.30859e-007
8.67 -2.1329e-005 2.2482e-009 -5.13119e-009 -2.10214e-007 -2.10214e-007
8.68 -2.25192e-005 -3.22214e-011 -3.63804e-009 -1.85632e-007 -1.85632e-007
8.69 -2.38849e-005 -1.65384e-009 -1.7375e-009 -1.57089e-007 -1.57089e-007
8.7 -2.53873e-005 -1.24848e-009 -1.62923e-009 -1.25259e-007 -1.25259e-007
8.71 -2.70357e-005 -5.74867e-010 4.01731e-012 -9.18009e-008 -9.18009e-008
8.72 -2.88978e-005 -1.87314e-010 -2.76392e-010 -5.91438e-008 -5.91438e-008
8.73 -3.10129e-005 -1.19878e-010 1.94709e-010 -2.97919e-008 -2.97919e-008
8.74 -3.34266e-005 5.07376e-010 -4.91247e-010 -5.67017e-009 -5.67017e-009
8.75 -3.61295e-005 2.83752e-010 -2.64413e-010 1.20033e-008 1.20033e-008
8.76 -3.90411e-005 3.53721e-010 -5.55952e-010 2.24161e-008 2.24161e-008
8.77 -4.20521e-005 8.70491e-010 -1.26227e-009 2.49873e-008 2.49873e-008
8.78 -4.49895e-005 4.8559e-010 -8.9249e-010 1.965e-008 1.965e-008
8.79 -4.76704e-005 1.22059e-010 -4.73986e-010 7.30472e-009 7.30472e-009
8.8 -4.99144e-005 2.09775e-010 -6.4846e-010 -1.01225e-008 -1.01225e-008
8.81 -5.15914e-005 6.02505e-011 -6.3491e-010 -3.02028e-008 -3.02028e-008
8.82 -5.26483e-005 1.2239e-011 -1.69865e-009 -5.07372e-008 -5.07372e-008
8.83 -5.3121e-005 -2.98524e-009 -6.88131e-009 -7.02412e-008 -7.02412e-008
8.84 -5.30006e-005 -1.25518e-008 -1.48103e-008 -8.80309e-008 -8.80309e-008
8.85 -5.21149e-005 5.99421e-009 8.21783e-009 -1.0408e-007 -1.0408e-007
8.86 -5.04259e-005 4.17012e-010 -1.28541e-009 -1.18747e-007 -1.18747e-007
8.87 -4.77431e-005 4.63755e-010 -4.66612e-009 -1.32218e-007 -1.32218e-007
8.88 -4.42089e-005 5.28367e-010 -1.27996e-009 -1.43978e-007 -1.43978e-007
8.89 -4.01263e-005 8.13099e-010 -2.43144e-009 -1.52788e-007 -1.52788e-007
8.9 -3.57744e-005 -1.26257e-010 -1.42963e-009 -1.57048e-007 -1.57048e-007
8.91 -3.1443e-005 -2.42657e-010 -1.20774e-009 -1.5532e-007 -1.5532e-007
8.92 -2.74343e-005 -4.06741e-010 -3.75109e-010 -1.46679e-007 -1.46679e-007
8.93 -2.39455e-005 -5.76658e-011 -2.4131e-010 -1.30594e-007 -1.30594e-007
8.94 -2.11808e-005 -1.79216e-010 -7.79565e-011 -1.06585e-007 -1.06585e-007
8.95 -1.92937e-005 -8.19861e-011 -2.00774e-010 -7.42222e-008 -7.42222e-008
8.96 -1.83909e-005 -1.46609e-010 -7.75186e-010 -3.36613e-008 -3.36613e-008
8.97 -1.8591e-005 -1.85689e-010 -5.24056e-010 1.37732e-008 1.37732e-008
8.98 -2.01216e-005 1.58953e-010 -2.40777e-009 6.55119e-008 6.55119e-008
8.99 -2.28261e-005 7.67617e-010 -4.23962e-009 1.1818e-007 1.1818e-007
9 -2.63981e-005 1.85777e-009 -4.45624e-009 1.68162e-007 1.68162e-007
9.01 -3.07966e-005 3.02561e-008 3.34727e-008 2.12097e-007 2.12097e-007
9.02 -3.53299e-005 1.29235e-008 1.96912e-008 2.4752e-007 2.4752e-007
9.03 -3.97719e-005 1.99543e-009 4.69705e-009 2.73546e-007 2.73546e-007
9.04 -4.42319e-005 2.41022e-009 1.0168e-008 2.90905e-007 2.90905e-007
9.05 -4.85181e-005 -2.11769e-009 3.54736e-009 3.0111e-007 3.0111e-007
9.06 -5.24432e-005 -5.41868e-010 1.44612e-009 3.05451e-007 3.05451e-007
9.07 -5.5915e-005 6.24825e-010 4.44844e-010 3.04502e-007 3.04502e-007
9.08 -5.87937e-005 -1.45647e-009 1.2535e-009 2.98196e-007 2.98196e-007
9.09 -6.10611e-005 2.55648e-010 -4.36552e-010 2.86205e-007 2.86205e-007
9.1 -6.28478e-005 -2.13669e-010 -4.42225e-010 2.6834e-007 2.6834e-007
9.11 -6.43525e-005 9.99015e-011 5.17831e-010 2.44788e-007 2.44788e-007
9.12 -6.58214e-005 2.36437e-009 1.44314e-009 2.16181e-007 2.16181e-007
9.13 -6.72908e-005 8.89151e-010 4.61196e-009 1.83517e-007 1.83517e-007
9.14 -6.86999e-005 -1.3809e-009 -1.68603e-009 1.48083e-007 1.48083e-007
9.15 -7.00623e-005 7.262e-010 9.05677e-010 1.11645e-007 1.11645e-007
9.16 -7.13095e-005 -4.0178e-010 -4.79989e-010 7.65967e-008 7.65967e-008
9.17 -7.24075e-005 2.24958e-010 2.73627e-010 4.55017e-008 4.55017e-008
9.18 -7.32659e-005 -1.13284e-010 -1.41779e-010 2.02969e-008 2.02969e-008
9.19 -7.37976e-005 7.33574e-011 9.15805e-011 1.85221e-009 1.85221e-009
9.2 -7.39726e-005 -2.72141e-011 -2.9116e-011 -9.81726e-009 -9.81726e-009
9.21 -7.38648e-005 2.91481e-011 3.31543e-011 -1.49062e-008 -1.49062e-008
9.22 -7.35955e-005 9.32575e-012 -1.02894e-011 -1.3298e-008 -1.3298e-008
9.23 -7.3305e-005 1.95759e-011 8.43901e-011 -4.5891e-009 -4.5891e-009
9.24 -7.31323e-005 8.34517e-011 3.55509e-010 1.13861e-008 1.13861e-008
9.25 -7.31798e-005 8.98785e-010 3.40882e-011 3.39693e-008 3.39693e-008
9.26 -7.34423e-005 7.11847e-010 -7.76171e-010 6.1456e-008 6.1456e-008
9.27 -7.39825e-005 1.58462e-009 9.29765e-010 9.13527e-008 9.13527e-008
9.28 -7.49292e-005 1.11647e-009 1.00032e-009 1.20987e-007 1.20987e-007
9.29 -7.62932e-005 1.7847e-010 5.28177e-010 1.48164e-007 1.48164e-007
9.3 -7.81602e-005 -5.32403e-011 -1.27235e-010 1.7142e-007 1.7142e-007
9.31 -8.05467e-005 -2.78501e-010 1.25946e-010 1.89756e-007 1.89756e-007
9.32 -8.32746e-005 4.4465e-010 2.4969e-010 2.02271e-007 2.02271e-007
9.33 -8.61764e-005 -1.91452e-010 3.74083e-010 2.08119e-007 2.08119e-007
9.34 -8.9006e-005 2.3924e-010 3.16507e-010 2.0671e-007 2.0671e-007
9.35 -9.14213e-005 -2e-010 -1.63784e-010 1.97875e-007 1.97875e-007
9.36 -9.30989e-005 2.65777e-010 1.13016e-010 1.81879e-007 1.81879e-007
9.37 -9.38492e-005 -1.1202e-012 3.4491e-010 1.59275e-007 1.59275e-007
9.38 -9.35439e-005 4.56651e-010 8.06021e-010 1.3061e-007 1.3061e-007
9.39 -9.21347e-005 3.7619e-010 9.77774e-010 9.62003e-008 9.62003e-008
9.4 -8.96788e-005 -1.57049e-009 3.17614e-010 5.62596e-008 5.62596e-008
9.41 -8.62489e-005 -6.00749e-010 1.69337e-009 1.14009e-008 1.14009e-008
9.42 -8.20523e-005 -2.21221e-009 -3.64299e-010 -3.68701e-008 -3.68701e-008
9.43 -7.73129e-005 -8.45929e-010 -1.88142e-009 -8.61495e-008 -8.61495e-008
9.44 -7.1664e-005 6.74492e-011 -1.85132e-009 -1.33695e-007 -1.33695e-007
9.45 -6.52372e-005 -2.49747e-009 -7.93547e-009 -1.77137e-007 -1.77137e-007
9.46 -5.85357e-005 1.62025e-009 -6.27043e-009 -2.14825e-007 -2.14825e-007
9.47 -5.16459e-005 4.57231e-009 -7.66161e-009 -2.45645e-007 -2.45645e-007
9.48 -4.48383e-005 1.16626e-009 -2.21032e-009 -2.68644e-007 -2.68644e-007
9.49 -3.82923e-005 -9.92216e-010 -1.29687e-009 -2.82923e-007 -2.82923e-007
9.5 -3.219e-005 -2.56398e-010 1.48875e-009 -2.87851e-007 -2.87851e-007
9.51 -2.658e-005 2.8242e-010 -6.32944e-010 -2.83356e-007 -2.83356e-007
9.52 -2.145e-005 -6.22305e-011 2.02858e-010 -2.70038e-007 -2.70038e-007
9.53 -1.67802e-005 1.41537e-010 -4.87651e-010 -2.48931e-007 -2.48931e-007
9.54 -1.26111e-005 2.03242e-010 -9.96872e-011 -2.21027e-007 -2.21027e-007
9.55 -9.02934e-006 3.50948e-010 -1.33609e-010 -1.87e-007 -1.87e-007
9.56 -6.13477e-006 -6.80254e-011 -6.28041e-012 -1.47492e-007 -1.47492e-007
9.57 -3.99124e-006 -3.34413e-010 5.58524e-011 -1.03722e-007 -1.03722e-007
9.58 -2.60069e-006 4.85707e-010 -2.61513e-011 -5.78316e-008 -5.78316e-008
9.59 -1.92695e-006 1.49793e-009 1.88852e-010 -1.25912e-008 -1.25912e-008
9.6 -1.94686e-006 2.11166e-009 8.01259e-010 2.92894e-008 2.92894e-008
9.61 -2.64719e-006 1.05537e-008 8.62963e-009 6.56674e-008 6.56674e-008
9.62 -3.70522e-006 1.03372e-008 1.7392e-008 9.48956e-008 9.48956e-008
9.63 -4.68113e-006 -1.0654e-008 -5.87692e-009 1.15622e-007 1.15622e-007
9.64 -5.1655e-006 -3.55415e-009 -5.85557e-009 1.27033e-007 1.27033e-007
9.65 -5.12472e-006 4.50792e-010 6.32741e-010 1.29065e-007 1.29065e-007
9.66 -4.87069e-006 3.59492e-010 -1.93322e-009 1.22204e-007 1.22204e-007
9.67 -4.10352e-006 6.5849e-010 -7.45552e-010 1.07316e-007 1.07316e-007
9.68 -2.79077e-006 9.94197e-010 1.248e-010 8.56279e-008 8.56279e-008
9.69 -8.68319e-007 1.10828e-009 -6.21375e-010 5.86234e-008 5.86234e-008
9.7 1.4973e-006 3.2858e-009 -1.07151e-009 2.797e-008 2.797e-008
9.71 4.24709e-006 1.27137e-009 -1.63657e-010 -4.43823e-009 -4.43823e-009
9.72 7.22132e-006 1.0568e-009 -4.73409e-010 -3.6616e-008 -3.6616e-008
9.73 1.02858e-005 6.68378e-010 -2.83346e-010 -6.68696e-008 -6.68696e-008
9.74 1.32246e-005 2.02725e-009 -2.31906e-009 -9.40231e-008 -9.40231e-008
9.75 1.58325e-005 1.29272e-009 -2.10851e-009 -1.17213e-007 -1.17213e-007
9.76 1.79796e-005 7.51143e-010 -4.76996e-010 -1.35566e-007 -1.35566e-007
9.77 1.95579e-005 1.00047e-009 -7.51597e-010 -1.48223e-007 -1.48223e-007
9.78 2.0552e-005 -6.48817e-012 -2.46836e-010 -1.54589e-007 -1.54589e-007
9.79 2.1002e-005 1.99478e-009 -3.01071e-009 -1.54234e-007 -1.54234e-007
9.8 2.09244e-005 1.32003e-009 -9.08948e-010 -1.46445e-007 -1.46445e-007
9.81 2.02988e-005 -1.08201e-009 8.53167e-010 -1.30111e-007 -1.30111e-007
9.82 1.91117e-005 4.01252e-010 -1.57883e-010 -1.04305e-007 -1.04305e-007
9.83 1.72362e-005 9.27443e-010 -1.1203e-009 -6.90474e-008 -6.90474e-008
9.84 1.45078e-005 2.11163e-009 -1.94563e-009 -2.55797e-008 -2.55797e-008
9.85 1.08356e-005 -4.4641e-011 -1.72678e-009 2.38822e-008 2.38822e-008
9.86 6.14426e-006 5.23085e-010 -4.26848e-010 7.65123e-008 7.65123e-008
9.87 3.37272e-007 5.92172e-010 -6.37955e-010 1.2929e-007 1.2929e-007
9.88 -6.60544e-006 5.08051e-010 -2.20793e-009 1.79507e-007 1.79507e-007
9.89 -1.4688e-005 1.42873e-009 -3.02528e-009 2.25068e-007 2.25068e-007
9.9 -2.37815e-005 2.64175e-009 -5.20607e-009 2.64404e-007 2.64404e-007
9.91 -3.36779e-005 3.78998e-009 -4.85811e-009 2.96232e-007 2.96232e-007
9.92 -4.41639e-005 3.879e-009 -4.80662e-009 3.19483e-007 3.19483e-007
9.93 -5.4968e-005 4.29531e-009 -3.63558e-009 3.33442e-007 3.33442e-007
9.94 -6.58409e-005 -2.8276e-010 2.17066e-009 3.37912e-007 3.37912e-007
9.95 -7.6386e-005 -1.81057e-009 8.88384e-009 3.33174e-007 3.33174e-007
9.96 -8.5962e-005 -3.38112e-009 5.20782e-009 3.1977e-007 3.1977e-007
9.97 -9.47842e-005 2.07006e-009 2.59401e-010 2.98673e-007 2.98673e-007
9.98 -0.000103094 -1.11876e-009 1.763e-009 2.71614e-007 2.71614e-007
9.99 -0.000110628 -3.02034e-010 1.35594e-009 2.40791e-007 2.40791e-007
10 -0.000117352 1.29985e-009 1.67352e-009 2.0817e-007 2.0817e-007
