0.1 -9.95769 0 2.66454e-015 -0.40365 -0.40365
0.2 -19.9156 1.73195e-014 -4.88498e-015 -0.807375 -0.807375
0.3 -29.8737 5.59552e-014 -1.19904e-014 -1.21118 -1.21118
0.4 -39.8321 2.93099e-014 -1.24345e-014 -1.61505 -1.61505
0.5 -49.7908 2.84217e-014 -4.44089e-015 -2.019 -2.019
0.6 -59.7497 4.26326e-014 1.59872e-014 -2.42302 -2.42302
0.7 -69.7088 1.95399e-014 -1.68754e-014 -2.82712 -2.82712
0.8 -79.6683 7.10543e-014 8.88178e-015 -3.23129 -3.23129
0.9 -89.6281 3.37508e-014 -3.19744e-014 -3.63553 -3.63553
1 -99.5881 -4.08562e-014 -1.77636e-015 -4.03984 -4.03984
0.01 -99.5863 2.53867e-005 -5.85349e-006 -4.05024 -4.05024
0.02 -99.5813 1.14424e-005 -2.64644e-006 -4.10331 -4.10331
0.03 -99.5747 0.000631137 0.000240455 -4.22147 -4.22147
0.04 -99.5675 0.000277632 6.53294e-005 -4.37622 -4.37622
0.05 -99.5593 -0.000107519 2.04721e-005 -4.51883 -4.51883
0.06 -99.5496 6.42214e-005 -2.95246e-005 -4.63726 -4.63726
0.07 -99.5386 -3.93091e-005 3.22488e-005 -4.75154 -4.75154
0.08 -99.5266 1.93966e-005 -2.7757e-005 -4.8707 -4.8707
0.09 -99.5144 -1.26762e-005 1.77489e-005 -4.97753 -4.97753
0.1 -99.5028 1.67728e-005 -2.88716e-005 -5.04907 -5.04907
0.11 -99.4923 0.000151541 -0.000117668 -5.07774 -5.07774
0.12 -99.4832 5.15571e-005 -4.17446e-005 -5.07378 -5.07378
0.13 -99.4747 -2.07557e-005 3.79281e-005 -5.0589 -5.0589
0.14 -99.4651 2.53887e-005 9.51435e-005 -5.06228 -5.06228
0.15 -99.4532 -4.01273e-005 6.07778e-005 -5.11493 -5.11493
0.16 -99.4374 -2.23026e-005 -4.14496e-005 -5.237 -5.237
0.17 -99.4171 0.000233263 1.94812e-005 -5.42429 -5.42429
0.18 -99.3928 5.20549e-005 -3.32211e-005 -5.64724 -5.64724
0.19 -99.3647 -1.62816e-005 5.15142e-006 -5.86538 -5.86538
0.2 -99.3333 0.000254618 -5.28816e-005 -6.0468 -6.0468
0.21 -99.299 0.000123391 -3.83075e-005 -6.17878 -6.17878
0.22 -99.2623 0.000298022 -7.05259e-005 -6.26264 -6.26264
0.23 -99.2244 0.00016098 -4.51245e-005 -6.30069 -6.30069
0.24 -99.1862 -6.63682e-005 1.91583e-005 -6.29125 -6.29125
0.25 -99.149 2.91119e-005 -8.86055e-006 -6.23767 -6.23767
0.26 -99.1141 -6.00665e-006 3.37613e-006 -6.1591 -6.1591
0.27 -99.0831 -1.66897e-005 -1.27477e-008 -6.08517 -6.08517
0.28 -99.058 1.84664e-005 -7.38771e-006 -6.03562 -6.03562
0.29 -99.0397 0.000546805 -2.44875e-006 -6.00697 -6.00697
0.3 -99.0279 0.000235661 -1.02366e-005 -5.98164 -5.98164
0.31 -99.0209 -0.000137217 1.55912e-006 -5.94361 -5.94361
0.32 -99.0177 6.76541e-005 1.41407e-005 -5.87957 -5.87957
0.33 -99.0174 -4.69731e-005 3.51131e-006 -5.77312 -5.77312
0.34 -99.0188 -4.98773e-005 2.96306e-006 -5.60988 -5.60988
0.35 -99.0211 -7.94998e-006 -1.78453e-005 -5.38927 -5.38927
0.36 -99.0232 -1.80616e-005 2.27187e-006 -5.12727 -5.12727
0.37 -99.0241 -8.26214e-006 -7.75062e-006 -4.84768 -4.84768
0.38 -99.024 -2.4555e-006 -6.42268e-007 -4.56892 -4.56892
0.39 -99.0236 3.92533e-007 1.75538e-006 -4.29587 -4.29587
0.4 -99.0236 -5.89445e-006 -1.43591e-006 -4.02579 -4.02579
0.41 -99.0239 1.28002e-006 7.16399e-007 -3.76314 -3.76314
0.42 -99.0243 0.000136082 -1.0434e-005 -3.52373 -3.52373
0.43 -99.0251 6.41449e-005 -1.4903e-006 -3.32071 -3.32071
0.44 -99.0275 -6.02728e-005 -2.37094e-005 -3.14962 -3.14962
0.45 -99.0324 6.93971e-005 5.14137e-005 -2.99087 -2.99087
0.46 -99.0406 -2.46317e-005 -6.31169e-005 -2.82802 -2.82802
0.47 -99.0527 1.8959e-005 5.66815e-005 -2.65858 -2.65858
0.48 -99.0693 -5.33552e-006 -5.6618e-005 -2.48495 -2.48495
0.49 -99.0903 3.9622e-006 6.46537e-005 -2.30291 -2.30291
0.5 -99.1164 1.18277e-005 -6.8899e-005 -2.10039 -2.10039
0.51 -99.1488 -1.14559e-005 8.44557e-005 -1.85958 -1.85958
0.52 -99.1884 -0.00024194 -9.76167e-006 -1.5617 -1.5617
0.53 -99.2364 -8.10732e-005 8.60205e-005 -1.19616 -1.19616
0.54 -99.2947 0.000290079 0.000420618 -0.762071 -0.762071
0.55 -99.3648 9.45484e-005 0.000254472 -0.262337 -0.262337
0.56 -99.4455 -0.000931544 -0.000594044 0.289432 0.289432
0.57 -99.5333 -0.000357159 -0.000114841 0.849404 0.849404
0.58 -99.6226 0.000564756 0.000350033 1.34384 1.34384
0.59 -99.7094 7.11622e-005 0.000123794 1.70985 1.70985
0.6 -99.7917 -5.89173e-006 -0.000409352 1.94574 1.94574
0.61 -99.8683 -0.00111542 -0.000131902 2.11064 2.11064
0.62 -99.9376 -0.000516277 1.49104e-005 2.26576 2.26576
0.63 -99.9997 -8.64057e-005 -4.25703e-006 2.43656 2.43656
0.64 -100.06 -0.000341475 4.46667e-006 2.64928 2.64928
0.65 -100.12 0.000418837 0.000164073 2.96124 2.96124
0.66 -100.179 0.000113115 0.000583091 3.40626 3.40626
0.67 -100.235 8.9855e-005 0.000181209 3.93962 3.93962
0.68 -100.288 0.000552184 -0.000633295 4.48243 4.48243
0.69 -100.338 0.000246992 -0.000192961 4.99745 4.99745
0.7 -100.388 0.00087469 -0.000268018 5.48573 5.48573
0.71 -100.437 0.000216357 0.000132784 5.9273 5.9273
0.72 -100.483 -0.000402076 0.000319588 6.25472 6.25472
0.73 -100.522 0.00113578 -6.02685e-005 6.38098 6.38098
0.74 -100.55 0.000295711 0.000134494 6.25128 6.25128
0.75 -100.566 0.000504099 0.000253866 5.88761 5.88761
0.76 -100.57 0.000408461 0.000191952 5.39457 5.39457
0.77 -100.566 0.00064195 -7.72307e-005 4.9161 4.9161
0.78 -100.558 0.000447995 0.000407581 4.58112 4.58112
0.79 -100.553 -0.000333234 0.000129484 4.47166 4.47166
0.8 -100.553 0.000488661 -0.000413333 4.59957 4.59957
0.81 -100.561 3.82151e-005 -0.000127008 4.88661 4.88661
0.82 -100.573 0.000485694 -0.000484682 5.18498 5.18498
0.83 -100.588 0.000238469 -0.000292712 5.34629 5.34629
0.84 -100.605 -0.00018808 0.000227161 5.28819 5.28819
0.85 -100.624 0.000163907 -0.000247568 5.01844 5.01844
0.86 -100.649 -8.77031e-005 9.25618e-005 4.61679 4.61679
0.87 -100.68 2.38057e-005 -0.000153033 4.17584 4.17584
0.88 -100.712 -3.01389e-005 -1.00191e-005 3.72512 3.72512
0.89 -100.742 0.000510554 -0.000174256 3.23368 3.23368
0.9 -100.772 0.000207221 -0.000110381 2.72575 2.72575
0.91 -100.806 0.000586041 -0.000555737 2.35825 2.35825
0.92 -100.844 0.000384622 -0.000319793 2.31852 2.31852
0.93 -100.883 0.000193593 4.98779e-005 2.64764 2.64764
0.94 -100.922 0.000300517 -0.000157253 3.21493 3.21493
0.95 -100.961 -0.000175453 7.93074e-005 3.86021 3.86021
0.96 -100.998 8.71154e-005 -5.40761e-005 4.49882 4.49882
0.97 -101.03 -4.71647e-005 2.48054e-005 5.08627 5.08627
0.98 -101.052 -6.94528e-005 -2.79948e-005 5.54504 5.54504
0.99 -101.062 -4.06224e-005 -5.23556e-006 5.77836 5.77836
1 -101.062 -0.000166159 -0.000104089 5.76877 5.76877
1.01 -101.054 -8.47434e-005 7.98278e-005 5.61539 5.61539
1.02 -101.032 -1.92314e-005 0.000272702 5.4342 5.4342
1.03 -101 -7.1823e-005 0.000169463 5.29192 5.29192
1.04 -100.973 5.19926e-005 -7.69506e-005 5.2994 5.2994
1.05 -100.959 -3.42834e-005 3.75723e-005 5.66136 5.66136
1.06 -100.958 6.82e-006 -2.78847e-006 6.49596 6.49596
1.07 -100.961 -1.15834e-005 7.65047e-006 7.64265 7.64265
1.08 -100.968 1.44892e-006 -5.75451e-006 8.76473 8.76473
1.09 -100.979 -4.6437e-005 -4.04836e-006 9.63082 9.63082
1.1 -100.989 -5.61757e-005 -6.67543e-005 10.1963 10.1963
1.11 -100.99 6.78034e-005 4.54119e-005 10.4413 10.4413
1.12 -100.984 -0.000121394 -4.13547e-005 10.308 10.308
1.13 -100.985 3.50417e-005 2.59175e-005 9.85022 9.85022
1.14 -100.996 -0.000184259 -0.000318955 9.27838 9.27838
1.15 -101.014 -4.58426e-005 -0.000127407 8.776 8.776
1.16 -101.042 -2.29147e-005 0.000102823 8.41039 8.41039
1.17 -101.084 5.76383e-005 0.000210889 8.26071 8.26071
1.18 -101.141 0.000119562 0.000211991 8.47674 8.47674
1.19 -101.211 -5.09654e-006 -8.04622e-005 9.14151 9.14151
1.2 -101.285 7.67747e-005 3.6172e-005 10.1256 10.1256
1.21 -101.351 -2.99114e-005 -4.48309e-005 11.1022 11.1022
1.22 -101.396 0.000317276 8.33436e-005 11.7032 11.7032
1.23 -101.413 0.00046923 -0.000197761 11.6878 11.6878
1.24 -101.399 0.000102871 -0.000146649 11.0382 11.0382
1.25 -101.366 -5.82231e-005 -7.90733e-005 9.98504 9.98504
1.26 -101.332 -0.000288134 0.000264532 8.96099 8.96099
1.27 -101.314 -8.5704e-005 -4.81824e-005 8.44452 8.44452
1.28 -101.32 5.18621e-005 5.38644e-005 8.76291 8.76291
1.29 -101.353 -5.13028e-005 3.35325e-006 9.99433 9.99433
1.3 -101.405 1.42924e-005 1.56049e-005 11.9957 11.9957
1.31 -101.472 -0.000869771 0.000215655 14.5071 14.5071
1.32 -101.553 -0.0003874 0.000129205 17.2614 17.2614
1.33 -101.637 0.000229795 -0.000137716 19.984 19.984
1.34 -101.721 -9.47001e-005 3.87683e-005 22.3434 22.3434
1.35 -101.817 0.000108535 -4.96506e-005 24.0786 24.0786
1.36 -101.943 2.59452e-005 -1.98552e-005 25.218 25.218
1.37 -102.098 0.000111867 -7.00571e-005 26.0311 26.0311
1.38 -102.263 7.45153e-005 -1.68872e-005 26.7333 26.7333
1.39 -102.412 2.30793e-005 -6.21161e-006 27.3484 27.3484
1.4 -102.517 2.09857e-005 4.75489e-005 27.8598 27.8598
1.41 -102.565 1.36744e-005 0.000274063 28.3454 28.3454
1.42 -102.556 -7.12541e-005 -0.000669387 28.8907 28.8907
1.43 -102.514 -0.000586867 0.000342968 29.4712 29.4712
1.44 -102.465 -0.000131434 0.000529782 29.9501 29.9501
1.45 -102.413 0.000185892 -0.000335594 30.0624 30.0624
1.46 -102.349 -0.000113317 0.000203561 29.4046 29.4046
1.47 -102.262 0.000320529 -0.000317968 27.6468 27.6468
1.48 -102.152 2.05771e-005 9.02654e-006 24.8809 24.8809
1.49 -102.007 -9.42431e-006 -2.67047e-006 21.6274 21.6274
1.5 -101.811 2.88202e-005 3.54273e-005 18.3795 18.3795
1.51 -101.572 4.15846e-005 5.68508e-005 15.2956 15.2956
1.52 -101.339 0.00034963 0.000154446 12.4652 12.4652
1.53 -101.169 4.6901e-005 -6.00018e-005 10.2033 10.2033
1.54 -101.084 -5.43107e-005 1.53936e-005 8.75019 8.75019
1.55 -101.081 -4.09212e-006 -3.24777e-005 7.84739 7.84739
1.56 -101.148 -2.68058e-005 0.00010198 6.98427 6.98427
1.57 -101.262 0.000113237 -8.05373e-006 6.03178 6.03178
1.58 -101.388 4.85689e-005 4.0773e-005 5.34472 5.34472
1.59 -101.482 2.5731e-005 -7.55941e-006 5.19651 5.19651
1.6 -101.501 -2.98906e-005 6.5237e-005 5.26811 5.26811
1.61 -101.418 4.87998e-005 -2.68867e-005 4.74566 4.74566
1.62 -101.254 -2.84188e-006 -4.25183e-005 2.92234 2.92234
1.63 -101.066 -2.87354e-006 1.64065e-005 -0.203887 -0.203887
1.64 -100.927 1.74256e-005 -2.38947e-005 -3.79474 -3.79474
1.65 -100.891 -0.000158361 -0.000101798 -6.58414 -6.58414
1.66 -100.969 -4.76176e-006 4.38829e-005 -7.53417 -7.53417
1.67 -101.13 -7.4131e-005 7.06723e-005 -6.26935 -6.26935
1.68 -101.325 1.93895e-005 5.10576e-006 -3.06486 -3.06486
1.69 -101.496 0.000114432 -8.55554e-005 1.37184 1.37184
1.7 -101.595 0.000119521 -3.60386e-005 6.00125 6.00125
1.71 -101.604 2.90492e-005 5.48244e-005 9.55051 9.55051
1.72 -101.553 3.40466e-005 -1.07309e-006 10.9147 10.9147
1.73 -101.493 6.28282e-005 7.47351e-005 9.66392 9.66392
1.74 -101.458 -2.77362e-005 -2.41605e-005 6.1686 6.1686
1.75 -101.466 -8.14348e-005 -8.47504e-005 1.37773 1.37773
1.76 -101.51 -0.000259791 9.65877e-005 -3.32936 -3.32936
1.77 -101.564 -0.000196734 -0.000115305 -6.26984 -6.26984
1.78 -101.576 0.000180857 0.000123006 -5.98769 -5.98769
1.79 -101.503 -8.59644e-005 -6.53053e-005 -2.03683 -2.03683
1.8 -101.346 3.24347e-005 -5.67751e-006 4.70391 4.70391
1.81 -101.136 -1.09961e-005 3.68144e-005 12.4038 12.4038
1.82 -100.911 -5.66266e-006 -6.42666e-005 18.8994 18.8994
1.83 -100.714 -1.22421e-005 -3.26258e-005 22.3265 22.3265
1.84 -100.585 1.10815e-005 -6.97617e-006 21.8293 21.8293
1.85 -100.552 -2.54327e-006 -5.2973e-006 18.07 18.07
1.86 -100.608 -5.98425e-007 6.07727e-006 13.0009 13.0009
1.87 -100.724 4.30878e-007 -3.47861e-006 8.95588 8.95588
1.88 -100.897 -3.7416e-006 7.46066e-006 7.86161 7.86161
1.89 -101.147 3.0534e-005 -1.09957e-005 10.9116 10.9116
1.9 -101.447 0.000401371 -2.75233e-005 18.0567 18.0567
1.91 -101.716 0.000999345 0.00109565 27.2594 27.2594
1.92 -101.881 -0.000665866 -0.000299894 34.8293 34.8293
1.93 -101.9 0.000156836 4.93665e-005 37.3462 37.3462
1.94 -101.75 -5.54119e-005 0.000195992 33.5325 33.5325
1.95 -101.427 3.43041e-005 5.43872e-005 24.5074 24.5074
1.96 -100.96 6.00857e-006 -5.31664e-005 12.8529 12.8529
1.97 -100.413 4.95237e-005 -2.02399e-005 1.6789 1.6789
1.98 -99.8569 7.20599e-005 -0.000111478 -6.16017 -6.16017
1.99 -99.3314 1.46789e-005 -1.55259e-005 -9.07918 -9.07918
2 -98.8435 1.26444e-005 -2.32793e-005 -7.55971 -7.55971
2.01 -98.3879 -2.22312e-007 5.72471e-006 -3.85468 -3.85468
2.02 -97.9685 4.93053e-006 -1.23777e-005 -0.663074 -0.663074
2.03 -97.5942 2.58463e-005 -4.81513e-005 0.137204 0.137204
2.04 -97.2629 3.97727e-005 -6.5664e-005 -2.17696 -2.17696
2.05 -96.9763 -1.54351e-006 -7.15675e-005 -7.48357 -7.48357
2.06 -96.7517 -3.37376e-006 -5.78207e-005 -14.9792 -14.9792
2.07 -96.589 7.92915e-006 -3.17263e-005 -23.2494 -23.2494
2.08 -96.4517 7.49599e-006 -1.87268e-005 -30.7755 -30.7755
2.09 -96.2946 -1.01392e-005 -1.07671e-005 -36.5768 -36.5768
2.1 -96.0955 -2.89036e-006 -8.75127e-006 -40.2787 -40.2787
2.11 -95.8565 -5.23176e-006 -8.42775e-006 -41.775 -41.775
2.12 -95.5766 2.34044e-006 -3.22546e-006 -41.2545 -41.2545
2.13 -95.2375 -6.82877e-006 -1.47249e-005 -39.6371 -39.6371
2.14 -94.8207 5.23595e-006 -2.84861e-006 -38.5998 -38.5998
2.15 -94.3321 -2.74649e-006 -1.21393e-005 -39.7713 -39.7713
2.16 -93.8154 1.66214e-005 -7.81026e-005 -43.7383 -43.7383
2.17 -93.3299 2.20901e-007 -3.97815e-005 -49.785 -49.785
2.18 -92.8991 -3.15605e-006 1.75536e-005 -56.6324 -56.6324
2.19 -92.5115 -7.94939e-007 -1.25212e-005 -63.433 -63.433
2.2 -92.1741 -3.54059e-005 -3.95154e-005 -69.899 -69.899
2.21 -91.9172 -1.58189e-005 -2.65097e-005 -75.5965 -75.5965
2.22 -91.7513 -6.90505e-005 -0.000130989 -79.7261 -79.7261
2.23 -91.6515 -2.73759e-006 9.66688e-006 -81.9284 -81.9284
2.24 -91.5804 -2.41612e-005 -4.78327e-005 -82.9635 -82.9635
2.25 -91.5108 -2.44182e-005 -2.77924e-005 -84.246 -84.246
2.26 -91.4206 -1.95115e-006 -5.23903e-006 -86.8244 -86.8244
2.27 -91.2981 -2.23922e-005 -2.07865e-005 -90.8741 -90.8741
2.28 -91.1661 1.06122e-005 6.88656e-006 -95.7272 -95.7272
2.29 -91.0679 -2.53781e-005 -4.76248e-005 -100.012 -100.012
2.3 -91.0321 -3.98248e-005 -6.4045e-005 -102.07 -102.07
2.31 -91.072 2.18555e-005 3.51473e-005 -100.735 -100.735
2.32 -91.2005 -1.19941e-005 -1.92885e-005 -95.8686 -95.8686
2.33 -91.4243 6.58223e-006 1.05853e-005 -88.3037 -88.3037
2.34 -91.7329 -3.61226e-006 -5.80914e-006 -79.4913 -79.4913
2.35 -92.1043 1.98238e-006 3.188e-006 -71.0939 -71.0939
2.36 -92.5174 -1.08791e-006 -1.74954e-006 -64.4465 -64.4465
2.37 -92.9513 5.97034e-007 9.60132e-007 -60.0542 -60.0542
2.38 -93.3883 -3.27647e-007 -5.26912e-007 -57.5248 -57.5248
2.39 -93.842 2.20106e-006 -5.10085e-006 -55.8293 -55.8293
2.4 -94.3528 1.99931e-005 -3.90904e-005 -53.5077 -53.5077
2.41 -94.9553 3.41887e-005 -7.57336e-005 -48.9614 -48.9614
2.42 -95.6745 -1.87624e-005 4.15619e-005 -41.0144 -41.0144
2.43 -96.509 1.02966e-005 -2.28087e-005 -29.4603 -29.4603
2.44 -97.3995 -5.6507e-006 1.25172e-005 -15.3774 -15.3774
2.45 -98.2578 3.10105e-006 -6.86933e-006 -1.02368 -1.02368
2.46 -99.0351 -1.70183e-006 3.76982e-006 11.0533 11.0533
2.47 -99.7388 9.33946e-007 -2.06884e-006 19.3493 19.3493
2.48 -100.399 -5.1254e-007 1.13536e-006 23.9621 23.9621
2.49 -101.038 2.81277e-007 -6.23076e-007 25.8937 25.8937
2.5 -101.663 -1.54362e-007 3.41938e-007 26.0581 26.0581
2.51 -102.266 0.00125015 -0.000605054 25.0325 25.0325
2.52 -102.828 0.00205475 -0.000157575 23.4592 23.4592
2.53 -103.326 -0.000427647 0.000605684 22.3088 22.3088
2.54 -103.744 -0.000317136 3.45996e-005 22.6418 22.6418
2.55 -104.089 -0.000267861 0.000259218 25.1802 25.1802
2.56 -104.381 -3.11837e-005 -0.000141001 29.9813 29.9813
2.57 -104.639 -0.000203668 2.47441e-005 36.2397 36.2397
2.58 -104.875 -8.85511e-005 -9.69441e-006 42.3521 42.3521
2.59 -105.088 -3.9868e-005 5.22899e-005 46.4608 46.4608
2.6 -105.274 -2.76639e-005 1.37111e-005 47.3462 47.3462
2.61 -105.43 -6.67695e-007 5.69809e-006 45.1391 45.1391
2.62 -105.56 -1.23624e-005 1.36682e-005 41.3391 41.3391
2.63 -105.67 4.81879e-006 -1.35237e-005 38.0661 38.0661
2.64 -105.757 -3.52155e-006 -1.26068e-005 36.9419 36.9419
2.65 -105.782 -0.000748057 0.000167336 38.1747 38.1747
2.66 -105.694 -0.000568326 -0.000190818 40.4428 40.4428
2.67 -105.465 0.000416205 -9.50171e-005 41.8343 41.8343
2.68 -105.104 0.000448146 0.000453462 41.1675 41.1675
2.69 -104.649 0.000581757 0.000282607 38.5427 38.5427
2.7 -104.132 -7.38877e-005 5.71943e-005 34.783 34.783
2.71 -103.577 -8.35339e-005 1.64208e-005 30.5679 30.5679
2.72 -103.02 4.58426e-005 -9.01156e-006 26.2597 26.2597
2.73 -102.516 -2.5158e-005 4.94546e-006 22.4067 22.4067
2.74 -102.104 1.08503e-005 -3.61758e-006 19.9144 19.9144
2.75 -101.769 -6.47916e-006 1.91785e-006 19.2706 19.2706
2.76 -101.472 -8.60288e-006 -4.20227e-006 19.6892 19.6892
2.77 -101.187 4.72118e-006 2.30616e-006 19.3777 19.3777
2.78 -100.893 -2.59094e-006 -1.2656e-006 16.6366 16.6366
2.79 -100.568 1.42188e-006 6.9455e-007 10.616 10.616
2.8 -100.219 -7.80315e-007 -3.81162e-007 1.50566 1.50566
2.81 -99.8616 4.2823e-007 2.09178e-007 -9.46847 -9.46847
2.82 -99.4908 -2.35008e-007 -1.14795e-007 -20.4048 -20.4048
2.83 -99.0839 1.2897e-007 6.29983e-008 -29.5177 -29.5177
2.84 -98.6191 -7.07777e-008 -3.45729e-008 -35.7889 -35.7889
2.85 -98.089 3.88422e-008 1.89733e-008 -39.0511 -39.0511
2.86 -97.4994 -2.13163e-008 -1.04124e-008 -39.7392 -39.7392
2.87 -96.854 1.16982e-008 5.71421e-009 -38.7376 -38.7376
2.88 -96.1714 0.000201338 -0.000236178 -37.2648 -37.2648
2.89 -95.5028 -3.63258e-005 4.71386e-005 -36.473 -36.473
2.9 -94.9064 4.57232e-005 -6.77047e-005 -37.0111 -37.0111
2.91 -94.418 0.000112629 -0.000123704 -39.0278 -39.0278
2.92 -94.0487 9.79472e-006 -4.73892e-006 -42.3816 -42.3816
2.93 -93.7881 -5.37525e-006 2.60068e-006 -46.5514 -46.5514
2.94 -93.6143 2.94988e-006 -1.42723e-006 -50.4387 -50.4387
2.95 -93.5037 -1.61887e-006 7.83248e-007 -52.6211 -52.6211
2.96 -93.4301 8.88419e-007 -4.29839e-007 -52.1089 -52.1089
2.97 -93.3617 -4.87556e-007 2.35892e-007 -49.0568 -49.0568
2.98 -93.2703 2.67566e-007 -1.29455e-007 -44.8354 -44.8354
2.99 -93.1534 -1.46838e-007 7.10436e-008 -41.3011 -41.3011
3 -93.0484 8.05831e-008 -3.8988e-008 -39.6844 -39.6844
3.01 -93.0191 -4.42232e-008 2.13962e-008 -39.8803 -39.8803
3.02 -93.1233 2.42691e-008 -1.17421e-008 -40.6698 -40.6698
3.03 -93.3941 -1.33187e-008 6.44394e-009 -40.6048 -40.6048
3.04 -93.8271 7.30916e-009 -3.53637e-009 -38.8107 -38.8107
3.05 -94.3701 -4.01118e-009 1.94071e-009 -35.3357 -35.3357
3.06 -94.9463 2.20133e-009 -1.06508e-009 -31.0914 -31.0914
3.07 -95.5111 -1.20797e-009 5.84608e-010 -27.3702 -27.3702
3.08 -96.0761 6.62929e-010 -3.2095e-010 -25.0885 -25.0885
3.09 -96.6678 -3.63876e-010 1.76245e-010 -24.4303 -24.4303
3.1 -97.2852 1.99595e-010 -9.68097e-011 -25.2813 -25.2813
3.11 -97.912 -1.09427e-010 5.32232e-011 -27.682 -27.682
3.12 -98.5564 6.00764e-011 -2.92619e-011 -31.3392 -31.3392
3.13 -99.2569 -3.29745e-011 1.61222e-011 -34.6785 -34.6785
3.14 -100.028 1.81046e-011 -8.7983e-012 -34.9879 -34.9879
3.15 -100.82 -1.00986e-011 4.8388e-012 -30.1068 -30.1068
3.16 -101.547 5.40723e-012 -2.63256e-012 -20.1039 -20.1039
3.17 -102.122 -3.01981e-012 1.44418e-012 -7.34374 -7.34374
3.18 -102.49 6.94789e-005 0.000169429 4.81242 4.81242
3.19 -102.67 -0.000173632 -3.9937e-005 13.536 13.536
3.2 -102.759 -0.00022499 -0.000201143 17.6259 17.6259
3.21 -102.856 -2.04218e-005 4.86376e-005 17.7283 17.7283
3.22 -103.011 2.65751e-007 0.000185408 15.537 15.537
3.23 -103.215 0.000138531 0.000304355 12.7368 12.7368
3.24 -103.431 0.00037777 5.08763e-005 10.6388 10.6388
3.25 -103.607 0.000235653 -4.85774e-005 10.3692 10.3692
3.26 -103.687 3.60963e-005 1.27766e-005 12.8024 12.8024
3.27 -103.651 -9.6832e-006 1.84834e-005 18.1409 18.1409
3.28 -103.527 0.000380856 0.000289374 25.6762 25.6762
3.29 -103.362 2.54794e-005 4.06589e-005 33.8179 33.8179
3.3 -103.197 -1.39828e-005 -2.23132e-005 40.2082 40.2082
3.31 -103.068 7.67364e-006 1.22453e-005 42.296 42.296
3.32 -103.023 -4.21122e-006 -6.72009e-006 38.704 38.704
3.33 -103.095 -5.2784e-005 9.44805e-005 30.5051 30.5051
3.34 -103.255 -0.000111827 0.000199292 20.8914 20.8914
3.35 -103.419 1.7184e-006 -2.04809e-005 13.1685 13.1685
3.36 -103.511 -6.4e-005 8.73636e-005 8.91508 8.91508
3.37 -103.502 -3.6678e-005 5.00468e-005 7.73486 7.73486
3.38 -103.406 2.84622e-005 -3.69362e-005 8.10907 8.10907
3.39 -103.276 -1.56198e-005 2.02702e-005 8.27798 8.27798
3.4 -103.165 8.57199e-006 -1.11241e-005 6.79556 6.79556
3.41 -103.075 -4.70423e-006 6.1048e-006 2.80626 2.80626
3.42 -102.97 2.58164e-006 -3.35026e-006 -3.79484 -3.79484
3.43 -102.817 -1.41678e-006 1.83859e-006 -12.0801 -12.0801
3.44 -102.609 7.77514e-007 -1.009e-006 -19.9062 -19.9062
3.45 -102.348 -4.26692e-007 5.53729e-007 -24.4966 -24.4966
3.46 -102.034 2.34165e-007 -3.03881e-007 -23.8602 -23.8602
3.47 -101.666 -1.28507e-007 1.66767e-007 -18.0929 -18.0929
3.48 -101.253 7.05234e-008 -9.15202e-008 -9.51668 -9.51668
3.49 -100.824 -3.87026e-008 5.02254e-008 -1.54973 -1.54973
3.5 -100.408 2.12397e-008 -2.75632e-008 2.84801 2.84801
3.51 -100.01 -1.16562e-008 1.51264e-008 2.27286 2.27286
3.52 -99.6344 6.39675e-009 -8.30125e-009 -2.60399 -2.60399
3.53 -99.3069 -2.11248e-006 -0.000125062 -8.98025 -8.98025
3.54 -99.045 -2.16106e-006 -3.29049e-005 -12.8421 -12.8421
3.55 -98.8216 6.81216e-006 1.10611e-005 -11.1138 -11.1138
3.56 -98.5647 -1.25696e-005 -1.03099e-005 -3.74873 -3.74873
3.57 -98.2023 4.36525e-006 1.06365e-005 6.1032 6.1032
3.58 -97.7171 -3.908e-006 -3.49907e-006 14.1476 14.1476
3.59 -97.165 -1.9017e-006 8.44136e-006 17.4934 17.4934
3.6 -96.6566 1.04363e-006 -4.63253e-006 15.78 15.78
3.61 -96.3027 -5.72735e-007 2.54229e-006 10.5189 10.5189
3.62 -96.1424 3.14312e-007 -1.39518e-006 3.61076 3.61076
3.63 -96.1135 -1.72491e-007 7.65664e-007 -3.821 -3.821
3.64 -96.1035 9.46617e-008 -4.20189e-007 -11.5679 -11.5679
3.65 -96.0282 -5.19493e-008 2.30596e-007 -19.5308 -19.5308
3.66 -95.8611 2.85093e-008 -1.26549e-007 -27.0073 -27.0073
3.67 -95.6184 -1.56457e-008 6.94487e-008 -33.0741 -33.0741
3.68 -95.3419 8.58612e-009 -3.81127e-008 -37.6823 -37.6823
3.69 -95.0784 -4.7119e-009 2.09159e-008 -42.1082 -42.1082
3.7 -94.8476 2.58582e-009 -1.14783e-008 -48.2121 -48.2121
3.71 -94.6289 -1.41897e-009 6.29919e-009 -57.2313 -57.2313
3.72 -94.3878 7.78723e-010 -3.45692e-009 -68.9102 -68.9102
3.73 -94.1062 -4.27402e-010 1.89704e-009 -81.2507 -81.2507
3.74 -93.7895 2.34534e-010 -1.04106e-009 -91.1012 -91.1012
3.75 -93.4614 -1.28724e-010 5.71385e-010 -95.6049 -95.6049
3.76 -93.1519 0.000377982 -0.000429762 -93.7685 -93.7685
3.77 -92.8893 0.000416825 -0.000438045 -87.0238 -87.0238
3.78 -92.6937 -0.000125212 0.000125843 -78.3424 -78.3424
3.79 -92.5631 0.000147169 -0.000138731 -70.623 -70.623
3.8 -92.4797 -7.34902e-005 8.84345e-005 -65.4499 -65.4499
3.81 -92.4298 4.49006e-005 -3.97105e-005 -62.733 -62.733
3.82 -92.4122 -2.73969e-005 2.34255e-005 -61.1257 -61.1257
3.83 -92.4415 0.000223634 -0.000190459 -58.8459 -58.8459
3.84 -92.5382 0.000164172 -0.00016811 -54.4309 -54.4309
3.85 -92.6897 -9.00961e-005 9.22574e-005 -47.213 -47.213
3.86 -92.8533 4.94439e-005 -5.063e-005 -37.5375 -37.5375
3.87 -92.9946 -2.71343e-005 2.77852e-005 -26.6111 -26.6111
3.88 -93.0997 1.48911e-005 -1.52483e-005 -16.0203 -16.0203
3.89 -93.1659 -8.17207e-006 8.36811e-006 -7.33521 -7.33521
3.9 -93.1867 4.48476e-006 -4.59234e-006 -1.99357 -1.99357
3.91 -93.1389 -2.46119e-006 2.52023e-006 -1.19464 -1.19464
3.92 -92.9899 1.35068e-006 -1.38308e-006 -5.55294 -5.55294
3.93 -92.7349 -7.41239e-007 7.5902e-007 -14.588 -14.588
3.94 -92.4271 4.06785e-007 -4.16543e-007 -26.4208 -26.4208
3.95 -92.158 -2.2324e-007 2.28595e-007 -38.2074 -38.2074
3.96 -92.0188 1.22512e-007 -1.25451e-007 -47.3977 -47.3977
3.97 -92.0785 -6.72334e-008 6.8846e-008 -52.9525 -52.9525
3.98 -92.3803 3.68971e-008 -3.7782e-008 -55.477 -55.477
3.99 -92.9403 -2.02487e-008 2.07343e-008 -56.2921 -56.2921
4 -93.7212 1.11124e-008 -1.13787e-008 -56.5421 -56.5421
4.01 -94.6178 -6.0985e-009 6.24442e-009 -57.1633 -57.1633
4.02 -95.51 3.34683e-009 -3.42674e-009 -59.1593 -59.1593
4.03 -96.3148 -1.83667e-009 1.88049e-009 -63.2405 -63.2405
4.04 -96.9758 1.00793e-009 -1.03192e-009 -69.2352 -69.2352
4.05 -97.4587 -5.53142e-010 5.664e-010 -76.231 -76.231
4.06 -97.7851 3.0353e-010 -3.10862e-010 -83.0736 -83.0736
4.07 -98.0297 -7.31666e-006 -5.93299e-005 -88.3337 -88.3337
4.08 -98.2576 -6.43936e-006 -2.80429e-005 -90.1953 -90.1953
4.09 -98.4982 3.05742e-007 3.81391e-006 -87.0931 -87.0931
4.1 -98.7689 -4.66893e-006 -1.61081e-005 -78.5408 -78.5408
4.11 -99.0773 -8.94809e-006 -1.31304e-005 -65.2307 -65.2307
4.12 -99.4183 -9.79012e-005 -0.000140224 -48.6272 -48.6272
4.13 -99.8008 -0.000219824 -0.000240158 -30.5874 -30.5874
4.14 -100.238 -0.000147062 -8.58964e-005 -13.0698 -13.0698
4.15 -100.714 -0.000197551 -9.91151e-006 1.99727 1.99727
4.16 -101.187 -0.000369039 0.0002625 12.7697 12.7697
4.17 -101.62 0.00016565 3.81189e-005 17.9134 17.9134
4.18 -101.993 0.000107345 4.41151e-005 17.4259 17.4259
4.19 -102.321 0.000454365 0.000255871 13.1798 13.1798
4.2 -102.636 0.000338209 -7.46408e-006 8.49947 8.49947
4.21 -102.963 0.000488528 -0.000143036 6.76361 6.76361
4.22 -103.317 2.24337e-005 -0.000311731 9.90405 9.90405
4.23 -103.696 1.58733e-005 0.000117671 17.7257 17.7257
4.24 -104.079 0.000192829 -3.52098e-005 28.1512 28.1512
4.25 -104.469 1.90718e-005 -7.78648e-005 38.1799 38.1799
4.26 -104.917 8.48359e-005 -6.0754e-005 45.3112 45.3112
4.27 -105.466 4.39632e-005 -0.000204834 48.5375 48.5375
4.28 -106.14 -7.15797e-005 -0.000388062 48.1986 48.1986
4.29 -106.945 -0.00049171 -0.000591256 45.2795 45.2795
4.3 -107.832 -0.00137533 -0.00064346 40.8684 40.8684
4.31 -108.689 -0.00115483 0.00049927 35.7321 35.7321
4.32 -109.399 -0.000812303 0.000946573 30.1968 30.1968
4.33 -109.899 -0.000541111 0.000700703 24.7022 24.7022
4.34 -110.19 0.00018882 -4.85479e-005 20.4175 20.4175
4.35 -110.325 1.81451e-005 -2.08894e-006 18.9909 18.9909
4.36 -110.386 0.00012978 0.000277747 21.6448 21.6448
4.37 -110.43 0.000239809 0.000253979 28.5509 28.5509
4.38 -110.469 0.000268356 0.000269774 38.9167 38.9167
4.39 -110.465 0.000275834 1.83809e-005 51.5149 51.5149
4.4 -110.363 0.000190028 -1.41725e-005 65.1937 65.1937
4.41 -110.141 -0.000235632 -0.000285271 79.1615 79.1615
4.42 -109.837 -0.000383685 0.000141052 93.0187 93.0187
4.43 -109.534 5.61045e-005 0.000102671 106.465 106.465
4.44 -109.346 9.49371e-005 6.14283e-005 118.932 118.932
4.45 -109.374 0.000201941 0.000441085 129.603 129.603
4.46 -109.628 -0.000956852 -0.000410162 137.694 137.694
4.47 -110.007 -0.00109903 -0.000728811 142.614 142.614
4.48 -110.375 1.11906e-005 9.55872e-005 144.258 144.258
4.49 -110.623 -0.000103443 6.31835e-005 143.569 143.569
4.5 -110.693 4.00832e-005 4.7014e-005 142.508 142.508
4.51 -110.586 -8.3215e-005 -8.71123e-005 142.915 142.915
4.52 -110.371 -0.000526655 0.000333916 145.265 145.265
4.53 -110.139 -1.45555e-006 3.97377e-005 148.405 148.405
4.54 -109.955 -1.00512e-005 -8.75709e-005 150.134 150.134
4.55 -109.864 3.3522e-005 -6.75348e-005 148.165 148.165
4.56 -109.866 2.2324e-005 -2.08331e-005 141.172 141.172
4.57 -109.913 9.46885e-005 0.000108524 129.337 129.337
4.58 -109.941 7.14625e-005 0.000186453 114.124 114.124
4.59 -109.934 -6.86166e-005 -3.69492e-005 97.7348 97.7348
4.6 -109.914 3.76561e-005 2.02774e-005 82.5201 82.5201
4.61 -109.897 -2.06653e-005 -1.1128e-005 70.0638 70.0638
4.62 -109.85 1.13409e-005 6.10695e-006 60.1574 60.1574
4.63 -109.73 -6.22379e-006 -3.35144e-006 50.8531 50.8531
4.64 -109.551 3.41556e-006 1.83924e-006 40.317 40.317
4.65 -109.375 -1.87443e-006 -1.00936e-006 29.0306 29.0306
4.66 -109.228 1.02867e-006 5.53925e-007 19.8961 19.8961
4.67 -109.068 -5.64523e-007 -3.03989e-007 15.9909 15.9909
4.68 -108.815 3.09805e-007 1.66826e-007 18.4127 18.4127
4.69 -108.418 -1.70018e-007 -9.15525e-008 26.15 26.15
4.7 -107.885 -1.26395e-005 3.43513e-005 37.3234 37.3234
4.71 -107.295 2.0332e-006 -1.14213e-005 50.1175 50.1175
4.72 -106.741 -3.01567e-005 7.06407e-005 62.7883 62.7883
4.73 -106.27 1.65497e-005 -3.87669e-005 73.3493 73.3493
4.74 -105.885 -9.08232e-006 2.12749e-005 79.8819 79.8819
4.75 -105.574 4.98429e-006 -1.16755e-005 81.6684 81.6684
4.76 -105.319 -2.73533e-006 6.40739e-006 80.0927 80.0927
4.77 -105.114 1.50112e-006 -3.51631e-006 78.25 78.25
4.78 -104.957 -8.23802e-007 1.92972e-006 79.4146 79.4146
4.79 -104.812 4.52095e-007 -1.05901e-006 85.209 85.209
4.8 -104.621 1.1855e-005 -3.95748e-006 94.4923 94.4923
4.81 -104.357 -6.36187e-006 2.11782e-006 103.823 103.823
4.82 -104.007 5.38194e-006 -1.87121e-006 109.174 109.174
4.83 -103.582 -2.95355e-006 1.0269e-006 107.672 107.672
4.84 -103.168 1.62088e-006 -5.63555e-007 98.8678 98.8678
4.85 -102.897 -8.89525e-007 3.09274e-007 85.2444 85.2444
4.86 -102.793 4.88163e-007 -1.69726e-007 70.8741 70.8741
4.87 -102.724 -2.67899e-007 9.31442e-008 58.3117 58.3117
4.88 -102.541 1.4702e-007 -5.11166e-008 46.8355 46.8355
4.89 -102.203 -8.06834e-008 2.80524e-008 34.3396 34.3396
4.9 -101.768 4.42783e-008 -1.53948e-008 20.4697 20.4697
4.91 -101.315 2.08962e-005 -7.83674e-006 7.0743 7.0743
4.92 -100.894 0.000355898 -0.000144452 -4.0695 -4.0695
4.93 -100.533 0.000185634 -6.0865e-005 -12.9544 -12.9544
4.94 -100.221 -5.2072e-005 4.96716e-005 -20.7377 -20.7377
4.95 -99.8828 0.000294651 -0.000187261 -28.3421 -28.3421
4.96 -99.4214 0.000404916 -0.00038785 -35.8121 -35.8121
4.97 -98.8121 0.000142126 -0.000266682 -42.0829 -42.0829
4.98 -98.0955 0.00014851 -4.97647e-005 -45.0149 -45.0149
4.99 -97.2948 0.00020575 -8.8368e-005 -42.7127 -42.7127
5 -96.4075 4.66949e-005 -6.42858e-005 -35.6781 -35.6781
5.01 -95.4675 -2.63772e-005 2.85169e-005 -27.2261 -27.2261
5.02 -94.5433 0.000104795 -0.000156946 -21.2246 -21.2246
5.03 -93.6866 -3.1877e-006 -3.63114e-005 -19.5413 -19.5413
5.04 -92.9235 6.77681e-005 -0.000121688 -21.4211 -21.4211
5.05 -92.2509 1.3257e-005 9.12674e-006 -24.5298 -24.5298
5.06 -91.5979 -7.27531e-006 -5.00867e-006 -26.6387 -26.6387
5.07 -90.8533 3.99262e-006 2.74871e-006 -27.1964 -27.1964
5.08 -89.964 -2.19111e-006 -1.50847e-006 -27.6078 -27.6078
5.09 -88.9581 1.20246e-006 8.27831e-007 -29.8146 -29.8146
5.1 -87.889 4.38491e-005 -5.13217e-005 -34.8359 -34.8359
5.11 -86.8291 -2.4064e-005 2.81649e-005 -42.7226 -42.7226
5.12 -85.8942 5.29566e-005 -4.03007e-005 -53.1351 -53.1351
5.13 -85.1757 -2.90621e-005 2.21166e-005 -65.5411 -65.5411
5.14 -84.6442 1.5949e-005 -1.21374e-005 -79.5428 -79.5428
5.15 -84.1811 6.3482e-005 -3.71963e-005 -95.3595 -95.3595
5.16 -83.6864 0.000123785 -0.000127365 -113.234 -113.234
5.17 -83.0983 0.000201615 -0.000242636 -132.096 -132.096
5.18 -82.3705 0.000790231 -0.000958989 -149.709 -149.709
5.19 -81.5081 0.000641177 -0.000942365 -164.585 -164.585
5.2 -80.6198 0.000611393 -0.000596787 -177.121 -177.121
5.21 -79.892 0.000160286 -3.77409e-005 -188.462 -188.462
5.22 -79.4855 8.69896e-005 -0.000210801 -198.775 -198.775
5.23 -79.4827 0.000573759 -0.000722481 -206.81 -206.81
5.24 -79.8964 0.000459461 -0.000297213 -210.41 -210.41
5.25 -80.6595 -0.000118505 0.000119397 -207.179 -207.179
5.26 -81.6585 4.50844e-005 -4.94406e-005 -195.52 -195.52
5.27 -82.8088 -4.02686e-005 3.66102e-005 -175.725 -175.725
5.28 -84.0674 1.55309e-008 -9.03649e-008 -150.235 -150.235
5.29 -85.4013 -1.63223e-005 1.47071e-005 -123.009 -123.009
5.3 -86.813 1.66507e-006 -1.29195e-006 -98.2956 -98.2956
5.31 -88.37 -4.77273e-006 4.59151e-006 -78.8639 -78.8639
5.32 -90.1497 2.61923e-006 -2.51978e-006 -64.5154 -64.5154
5.33 -92.1905 -1.43741e-006 1.38283e-006 -52.2418 -52.2418
5.34 -94.5013 7.88835e-007 -7.58884e-007 -37.7933 -37.7933
5.35 -97.0925 -4.32905e-007 4.16468e-007 -17.1755 -17.1755
5.36 -99.9842 2.37574e-007 -2.28554e-007 12.48 12.48
5.37 -103.135 -1.30378e-007 1.25428e-007 51.7984 51.7984
5.38 -106.385 7.15504e-008 -6.88337e-008 97.4922 97.4922
5.39 -109.555 0.0014817 -0.00105548 142.117 142.117
5.4 -112.607 0.00857204 -0.00354722 177.243 177.243
5.41 -115.634 -0.00421701 0.0035672 198.158 198.158
5.42 -118.725 -0.00454607 -0.000892814 205.854 205.854
5.43 -121.86 -0.00153976 0.00186163 204.929 204.929
5.44 -124.893 -0.000517723 -0.000447883 200.245 200.245
5.45 -127.666 -0.000252013 0.000735238 195.587 195.587
5.46 -130.106 -0.000158089 0.000108207 194.39 194.39
5.47 -132.22 8.94131e-006 0.000486834 200.005 200.005
5.48 -134.058 -0.000157083 -1.16805e-005 214.111 214.111
5.49 -135.7 -0.000158697 0.000230155 235.033 235.033
5.5 -137.196 -0.000211881 0.000215536 258.032 258.032
5.51 -138.509 -0.000139156 0.000122503 277.195 277.195
5.52 -139.568 0.000337894 -0.000233233 287.71 287.71
5.53 -140.339 0.000119516 -0.000232082 287.976 287.976
5.54 -140.791 -0.000144078 0.000114641 280.501 280.501
5.55 -140.882 -0.000298221 0.00028941 270.452 270.452
5.56 -140.571 0.00182555 -0.0010816 262.773 262.773
5.57 -139.826 0.000206789 -0.000165073 259.87 259.87
5.58 -138.623 -0.00032054 0.000190698 260.91 260.91
5.59 -136.974 0.000120548 -9.36066e-005 262.716 262.716
5.6 -134.901 -7.15947e-005 7.69938e-005 261.64 261.64
5.61 -132.404 3.78055e-005 -2.24603e-005 255.326 255.326
5.62 -129.508 -2.15486e-005 1.83599e-005 243.511 243.511
5.63 -126.32 9.77318e-006 -2.07332e-005 227.908 227.908
5.64 -123.018 -5.36343e-006 1.13782e-005 211.387 211.387
5.65 -119.742 2.9434e-006 -6.24425e-006 196.394 196.394
5.66 -116.516 -1.61531e-006 3.42678e-006 183.173 183.173
5.67 -113.278 8.86466e-007 -1.88059e-006 169.274 169.274
5.68 -109.973 -4.86484e-007 1.03205e-006 151.138 151.138
5.69 -106.632 2.66978e-007 -5.66378e-007 126.528 126.528
5.7 -103.349 -1.46515e-007 3.10823e-007 95.6406 95.6406
5.71 -100.213 8.04061e-008 -1.70577e-007 60.133 60.133
5.72 -97.2631 -4.41261e-008 9.36108e-008 21.5334 21.5334
5.73 -94.5304 2.42159e-008 -5.13727e-008 -18.9567 -18.9567
5.74 -92.0888 -1.32895e-008 2.81928e-008 -59.1357 -59.1357
5.75 -90.0568 7.29312e-009 -1.5472e-008 -94.8913 -94.8913
5.76 -88.5356 -4.0024e-009 8.49088e-009 -121.406 -121.406
5.77 -87.5523 2.19645e-009 -4.65972e-009 -135.834 -135.834
5.78 -87.0487 -1.20543e-009 2.5572e-009 -139.11 -139.11
5.79 -86.8598 0.000366405 0.00015392 -135.612 -135.612
5.8 -86.7043 -0.000187842 -0.00089026 -131.566 -131.566
5.81 -86.2789 -0.000237083 -0.000117755 -133.27 -133.27
5.82 -85.4658 0.00521937 -0.00245654 -144.708 -144.708
5.83 -84.4423 0.000852001 -0.00122839 -164.679 -164.679
5.84 -83.535 0.00291266 -0.00132232 -186.183 -186.183
5.85 -82.9712 0.000398233 -0.000581833 -200.289 -200.289
5.86 -82.8017 0.00104147 -0.000852475 -201.587 -201.587
5.87 -82.9572 -0.000422648 0.000285195 -189.888 -189.888
5.88 -83.2993 0.000421944 -0.000141883 -167.478 -167.478
5.89 -83.6851 8.99759e-005 -0.000142478 -136.184 -136.184
5.9 -84.0579 0.000208686 -0.000592167 -97.2242 -97.2242
5.91 -84.4459 -7.86361e-005 0.000299645 -52.9216 -52.9216
5.92 -84.9455 6.48074e-005 -0.000210083 -7.99315 -7.99315
5.93 -85.7232 0.00113135 -0.0012484 31.2298 31.2298
5.94 -86.9536 0.000348049 -0.000426694 59.495 59.495
5.95 -88.7133 -0.000275035 0.000308563 75.2273 75.2273
5.96 -90.9202 4.24377e-005 -8.52873e-005 81.1407 81.1407
5.97 -93.3785 -0.000191914 0.000159798 82.8785 82.8785
5.98 -95.8774 -6.02766e-005 2.17776e-005 86.8697 86.8697
5.99 -98.2153 -4.07842e-005 3.08764e-005 97.8611 97.8611
6 -100.139 1.51935e-006 -1.08308e-006 115.996 115.996
6.01 -101.333 -8.33803e-007 5.94382e-007 134.81 134.81
6.02 -101.544 -1.84718e-006 -1.6213e-005 142.952 142.952
6.03 -100.695 -9.08337e-005 -0.000451452 129.981 129.981
6.04 -98.8831 -0.000358148 -0.00152176 92.1566 92.1566
6.05 -96.3448 -0.00207672 -0.0028456 33.8944 33.8944
6.06 -93.3714 -0.00139089 -0.00122709 -35.1036 -35.1036
6.07 -90.2183 -0.000701772 -0.000549017 -103.955 -103.955
6.08 -87.0725 -0.000914478 -0.000998554 -163.571 -163.571
6.09 -84.0166 -3.81788e-005 -0.000496722 -208.45 -208.45
6.1 -81.0225 -0.000651318 -0.0015307 -238.099 -238.099
6.11 -78.0688 0.00275473 0.00114772 -257.422 -257.422
6.12 -75.2535 0.000723531 0.0008277 -274.646 -274.646
6.13 -72.7756 0.0019356 -0.000730773 -297.456 -297.456
6.14 -70.9177 6.10564e-005 -0.000263755 -329.621 -329.621
6.15 -70.035 -0.000792463 -0.000617898 -369.185 -369.185
6.16 -70.4318 0.000331047 0.000547046 -408.48 -408.48
6.17 -72.2324 -0.000378048 0.000473422 -436.496 -436.496
6.18 -75.377 0.000326543 0.000831285 -442.913 -442.913
6.19 -79.6521 -3.9157e-005 -7.96703e-005 -421.838 -421.838
6.2 -84.7313 1.73783e-005 4.3209e-005 -373.933 -373.933
6.21 -90.3237 -9.53704e-006 -2.37127e-005 -306.33 -306.33
6.22 -96.3266 -0.00183193 0.0019671 -229.787 -229.787
6.23 -102.824 -0.0171519 0.0163374 -154.178 -154.178
6.24 -109.938 -0.00524923 0.0107316 -85.309 -85.309
6.25 -117.65 0.00704831 0.00115653 -24.9661 -24.9661
6.26 -125.68 0.00981467 -0.00775407 27.0575 27.0575
6.27 -133.51 0.0149932 -0.0198148 71.6208 71.6208
6.28 -140.574 0.00728394 -0.00240569 110.807 110.807
6.29 -146.552 0.0108923 0.0172927 149.539 149.539
6.3 -151.566 -0.00192332 0.0126668 196.065 196.065
6.31 -155.977 -0.0049872 0.0057991 258.913 258.913
6.32 -159.994 -0.00819348 0.00503328 340.297 340.297
6.33 -163.476 -0.00481932 0.00268667 430.9 430.9
6.34 -165.982 -2.69069e-005 -0.00394801 512.174 512.174
6.35 -166.984 -0.00228043 -0.00829149 566.034 566.034
6.36 -166.168 -0.00298701 -0.00621025 585.114 585.114
6.37 -163.7 0.000586748 -0.00221096 576.959 576.959
6.38 -160.234 0.00283506 -0.000336307 560.402 560.402
6.39 -156.485 0.000500434 -0.00523807 555.603 555.603
6.4 -152.768 0.00100767 -0.00366872 571.83 571.83
6.41 -149.043 0.00284085 -0.000892079 601.388 601.388
6.42 -145.23 0.00216323 -0.000424503 626.274 626.274
6.43 -141.312 0.00370271 -0.00191717 631.976 631.976
6.44 -137.342 0.00431002 -0.000474436 615.525 615.525
6.45 -133.512 0.00300675 0.00166593 582.954 582.954
6.46 -130.113 0.00334499 0.00313716 542.131 542.131
6.47 -127.346 0.0054837 0.00646281 497.273 497.273
6.48 -125.141 0.00371752 0.00485214 446.644 446.644
6.49 -123.217 -0.000550512 0.00514589 383.978 383.978
6.5 -121.287 -0.00250239 -0.00143244 303.966 303.966
6.51 -119.169 0.00839506 -0.0140747 208.115 208.115
6.52 -116.744 0.00488598 -0.00260271 105.059 105.059
6.53 -113.829 -9.29798e-005 0.00701514 4.17247 4.17247
6.54 -110.151 -0.000850469 0.00301186 -91.629 -91.629
6.55 -105.506 -0.00516354 0.00343867 -186.592 -186.592
6.56 -99.9308 -0.0020673 0.000971551 -285.413 -285.413
6.57 -93.7147 0.00124308 -0.00247886 -385.86 -385.86
6.58 -87.3314 -0.000257876 -0.00124797 -477.683 -477.683
6.59 -81.3193 0.000205803 0.000212436 -547.982 -547.982
6.6 -76.0755 0.0126495 -0.0114764 -588.083 -588.083
6.61 -71.7319 -0.0581334 0.0539279 -597.131 -597.131
6.62 -68.1822 -0.0686257 0.0532122 -580.724 -580.724
6.63 -65.0942 0.067301 -0.0687188 -546.426 -546.426
6.64 -62.037 0.00627733 0.0183698 -499.924 -499.924
6.65 -58.7141 0.0236554 -0.035279 -444.482 -444.482
6.66 -54.9962 0.0573751 -0.0671228 -383.097 -383.097
6.67 -50.9407 0.099954 -0.0931983 -320.672 -320.672
6.68 -46.7122 0.0491316 -0.0500653 -263.649 -263.649
6.69 -42.6101 -0.0169923 0.00497812 -216.391 -216.391
6.7 -39.0883 0.107798 -0.122391 -176.532 -176.532
6.71 -36.4196 0.0216532 -0.0226542 -134.118 -134.118
6.72 -34.6714 -0.00946794 0.0136313 -77.6835 -77.6835
6.73 -33.7978 0.00303318 -0.0094051 -3.15465 -3.15465
6.74 -33.7425 -0.00053503 0.00651667 81.8292 81.8292
6.75 -34.5132 0.000746977 -0.00356481 160.288 160.288
6.76 -36.1497 0.00604566 0.0091428 212.028 212.028
6.77 -38.7922 2.49046e-005 -0.000778972 220.704 220.704
6.78 -42.6229 0.000723221 -0.00416831 179.747 179.747
6.79 -47.7171 0.0163077 -0.00942864 94.2301 94.2301
6.8 -53.8881 -0.00598666 0.00163254 -22.4007 -22.4007
6.81 -60.7613 0.00558164 -0.00552251 -153.464 -153.464
6.82 -67.8565 -0.0102191 0.0110544 -282.367 -282.367
6.83 -74.6306 0.00441663 0.00256864 -394.334 -394.334
6.84 -80.5145 0.00373191 0.000639939 -479.073 -479.073
6.85 -85.0166 0.00848076 -0.00555326 -534.24 -534.24
6.86 -87.9534 0.0174076 -0.0188891 -565.923 -565.923
6.87 -89.5095 0.00532394 -0.0105273 -584.17 -584.17
6.88 -90.0564 0.00100558 -0.0012464 -596.927 -596.927
6.89 -89.9045 0.00155828 -0.000608612 -606.672 -606.672
6.9 -89.2327 -0.00249147 0.000479944 -609.812 -609.812
6.91 -88.1625 0.000603614 -0.000610387 -597.038 -597.038
6.92 -86.8101 -0.00141399 -0.00170239 -555.225 -555.225
6.93 -85.1704 -0.00398518 -0.00027053 -473.134 -473.134
6.94 -83.0154 0.00267662 -0.0047953 -349.724 -349.724
6.95 -80.0489 -0.00217011 -0.0148245 -198.528 -198.528
6.96 -76.1485 0.000356053 -0.000760455 -42.7428 -42.7428
6.97 -71.4894 -0.000841958 -0.00994506 95.919 95.919
6.98 -66.4322 0.000147534 0.00152448 205.713 205.713
6.99 -61.3532 -0.00462455 -0.00829457 285.537 285.537
7 -56.6077 -0.000665691 6.70207e-005 340.788 340.788
7.01 -52.6547 0.000460595 -0.000228515 380.225 380.225
7.02 -50.0157 -0.000142361 6.18166e-005 414.593 414.593
7.03 -49.0359 0.00023191 -0.000407031 452.768 452.768
7.04 -49.6939 0.00340525 0.00284133 494.443 494.443
7.05 -51.5959 0.0538765 -0.029741 525.085 525.085
7.06 -54.2511 -0.0462188 0.0661225 519.424 519.424
7.07 -57.3471 0.0299535 -0.0716642 453.184 453.184
7.08 -60.9173 0.0233488 -0.00375639 315.216 315.216
7.09 -65.0331 -0.0101374 0.00330859 111.461 111.461
7.1 -69.668 0.0111171 -0.00369688 -139.602 -139.602
7.11 -74.6686 -0.00712772 0.00304134 -413.34 -413.34
7.12 -79.7578 0.00507695 -0.00130286 -682.691 -682.691
7.13 -84.5876 -0.00685276 0.0010627 -920.99 -920.99
7.14 -88.7536 0.00309697 -0.00139203 -1106.94 -1106.94
7.15 -91.9107 0.000205338 -0.000666571 -1230.21 -1230.21
7.16 -93.8882 -0.0135087 -0.0111214 -1293.06 -1293.06
7.17 -94.7508 -0.00103997 -0.0108672 -1306.65 -1306.65
7.18 -94.7715 -0.00303186 -0.00510299 -1285.04 -1285.04
7.19 -94.3824 -0.00852994 -0.0197083 -1239.98 -1239.98
7.2 -94.0784 0.00502468 -0.0104247 -1177.18 -1177.18
7.21 -94.3099 0.00930278 -0.0175512 -1094.52 -1094.52
7.22 -95.5065 -0.000268524 -0.00535318 -982.515 -982.515
7.23 -98.0368 0.000200428 0.000551125 -827.141 -827.141
7.24 -102.087 -0.00110516 0.00306113 -615.717 -615.717
7.25 -107.536 -0.0159039 -0.0205235 -344.843 -344.843
7.26 -113.966 0.00227231 -0.007293 -26.1913 -26.1913
7.27 -120.861 0.00905906 -0.00780329 314.371 314.371
7.28 -127.785 0.00439805 -0.00973664 644.966 644.966
7.29 -134.394 0.00164512 0.00175789 937.321 937.321
7.3 -140.512 0.0038753 0.00383235 1172.16 1172.16
7.31 -146.222 -0.00507569 0.004508 1340.97 1340.97
7.32 -151.777 -0.0208675 0.0229909 1446.47 1446.47
7.33 -157.151 -0.0357068 -0.00772793 1500.01 1500.01
7.34 -162.036 0.0311328 0.0390806 1513.38 1513.38
7.35 -165.696 0.00601761 -0.00292133 1490 1490
7.36 -167.687 0.000181126 0.00602285 1424.08 1424.08
7.37 -167.985 0.000890574 0.000590739 1308.59 1308.59
7.38 -166.7 -0.00111979 -0.00424033 1141.63 1141.63
7.39 -164.1 0.00287952 -0.00215547 925.526 925.526
7.4 -160.454 -0.00111028 0.00178543 663.815 663.815
7.41 -156.052 0.00113169 -0.00139909 363.48 363.48
7.42 -151.236 0.000864431 -0.00289235 41.4893 41.4893
7.43 -146.301 0.00260541 -0.00776394 -272.757 -272.757
7.44 -141.231 -0.000500123 -0.000147351 -545.018 -545.018
7.45 -135.655 -0.000115515 5.52387e-005 -749.723 -749.723
7.46 -129.123 0.00868871 -0.00874549 -878.835 -878.835
7.47 -121.468 0.124889 -0.151257 -939.952 -939.952
7.48 -112.932 -0.0613049 0.0346199 -947.891 -947.891
7.49 -104.133 0.0256654 0.0161109 -917.352 -917.352
7.5 -95.6922 0.000680518 0.00646937 -859.279 -859.279
7.51 -88.0813 -0.00767467 -0.0096844 -779.365 -779.365
7.52 -81.5847 0.00161075 -0.00593707 -676.663 -676.663
7.53 -76.3867 0.0115359 0.010782 -543.022 -543.022
7.54 -72.4625 -0.0110833 0.00770028 -366.817 -366.817
7.55 -69.5413 0.0148452 -0.00111188 -141.634 -141.634
7.56 -67.0471 0.000548928 0.00696594 124.832 124.832
7.57 -64.2754 0.00720684 0.00243388 407.82 407.82
7.58 -60.8257 0.000395893 0.00155737 671.488 671.488
7.59 -56.9542 -0.0109035 0.000914062 881.346 881.346
7.6 -53.3897 0.0173573 0.00922011 1015.35 1015.35
7.61 -50.7879 0.0474991 0.0563617 1066.86 1066.86
7.62 -49.3492 0.0222957 0.00646293 1040.88 1040.88
7.63 -48.9307 0.0401001 0.0626655 950.384 950.384
7.64 -49.2035 0.014405 -0.00687663 815.025 815.025
7.65 -49.9191 0.0756722 0.0871876 658.101 658.101
7.66 -50.9781 0.0036196 0.00123479 499.02 499.02
7.67 -52.6143 -0.000586128 -0.00381124 345.858 345.858
7.68 -55.0652 0.000540397 0.00235438 193.31 193.31
7.69 -58.3965 0.000367138 -0.00145334 26.2903 26.2903
7.7 -62.5882 0.000307149 0.000564334 -171.632 -171.632
7.71 -67.6881 0.00378389 -0.00685756 -406.312 -406.312
7.72 -73.7727 0.000378415 -0.00146214 -663.462 -663.462
7.73 -80.7759 0.00186898 -0.00440516 -909.208 -909.208
7.74 -88.4408 -0.000883927 0.00231556 -1101.86 -1101.86
7.75 -96.445 0.00779175 0.0086529 -1207.02 -1207.02
7.76 -104.564 0.00101735 -0.00665894 -1207.41 -1207.41
7.77 -112.632 0.000320664 0.00392785 -1105.79 -1105.79
7.78 -120.408 -0.00222648 -0.00300356 -923.082 -923.082
7.79 -127.504 -0.00750477 0.00541589 -692.135 -692.135
7.8 -133.51 -0.004713 0.00230249 -447.02 -447.02
7.81 -138.168 -0.000981507 0.000743571 -211.257 -211.257
7.82 -141.508 -0.000954138 0.00131517 8.79921 8.79921
7.83 -143.906 -0.00383299 0.00360079 222.291 222.291
7.84 -145.918 -0.00186376 0.00128339 445.755 445.755
7.85 -147.995 0.0315016 -0.0358877 692.474 692.474
7.86 -150.411 0.0299059 -0.00546133 963.642 963.642
7.87 -153.314 0.00406784 0.0273565 1245.45 1245.45
7.88 -156.682 -0.00827416 -0.00199674 1512.45 1512.45
7.89 -160.291 -0.034372 0.0381571 1733.53 1733.53
7.9 -163.683 -0.00655108 -0.0161474 1878.26 1878.26
7.91 -166.358 -0.00808233 0.00272629 1923.98 1923.98
7.92 -167.932 -0.00966593 -0.00279485 1862.36 1862.36
7.93 -168.214 -0.0273337 0.0276038 1702.27 1702.27
7.94 -167.481 0.00504361 -0.00327108 1466.8 1466.8
7.95 -166.092 0.0120635 0.00333091 1186.03 1186.03
7.96 -164.333 -0.00555495 0.00519947 888.413 888.413
7.97 -162.327 -0.00297579 0.00956611 594.169 594.169
7.98 -160.04 -0.00636591 0.00215305 314.184 314.184
7.99 -157.389 0.00313208 -0.000260439 53.34 53.34
8 -154.351 -0.00637619 -0.00188987 -185.907 -185.907
8.01 -150.962 -0.00758493 -0.00982604 -402.216 -402.216
8.02 -147.181 -0.0248722 -0.0273777 -596.089 -596.089
8.03 -142.849 0.0102355 -6.42987e-005 -770.07 -770.07
8.04 -138.005 0.0239733 0.0272244 -925.459 -925.459
8.05 -133.019 0.0101176 -0.0257753 -1056.43 -1056.43
8.06 -128.239 0.0254078 -0.0323887 -1147.47 -1147.47
8.07 -123.749 0.0220632 -0.00886876 -1178.93 -1178.93
8.08 -119.274 0.0108525 0.0121879 -1136.9 -1136.9
8.09 -114.444 0.00320771 -0.00379335 -1019.14 -1019.14
8.1 -109.047 -0.00443576 0.00162323 -833.799 -833.799
8.11 -103.056 -0.00148568 0.00393772 -596.099 -596.099
8.12 -96.5701 -0.00924217 0.0124107 -327.39 -327.39
8.13 -89.8601 -0.000102156 -0.000832393 -53.8815 -53.8815
8.14 -83.3546 0.0184612 -0.0182388 198.629 198.629
8.15 -77.5346 0.0117271 -0.011515 411.703 411.703
8.16 -72.8183 -0.0326207 0.0357604 577.456 577.456
8.17 -69.4229 0.0203016 -0.0246264 696.273 696.273
8.18 -67.3737 0.04545 -0.0195429 772.162 772.162
8.19 -66.5227 -0.00441579 0.00803419 809.124 809.124
8.2 -66.5569 0.000417675 -0.0179081 808.677 808.677
8.21 -67.092 -0.00429905 0.00681081 767.625 767.625
8.22 -67.7367 0.00274009 -0.0024703 677.525 677.525
8.23 -68.1728 -0.000886063 0.00374094 528.042 528.042
8.24 -68.1739 0.00039374 -0.00206369 313.687 313.687
8.25 -67.6706 -0.00116094 0.000380612 40.5514 40.5514
8.26 -66.7318 -0.00878725 -0.00742654 -270.98 -270.98
8.27 -65.4533 -0.00523077 -0.014609 -590.007 -590.007
8.28 -63.8648 0.0326439 0.0183692 -884.276 -884.276
8.29 -62.0297 0.0413621 -0.0316842 -1129.54 -1129.54
8.3 -60.0128 0.00304896 0.000940985 -1314.12 -1314.12
8.31 -57.8182 -0.0193929 0.0128977 -1438.49 -1438.49
8.32 -55.5034 0.0200709 0.0208315 -1512.19 -1512.19
8.33 -53.158 -0.0150053 -0.00262369 -1549.08 -1549.08
8.34 -50.8389 -0.0454235 -0.110076 -1560.67 -1560.67
8.35 -48.4569 0.00958824 -0.0753643 -1550.78 -1550.78
8.36 -45.8525 -0.0248694 -0.0149557 -1515.38 -1515.38
8.37 -42.7345 0.0220974 -0.0407539 -1446.85 -1446.85
8.38 -38.8563 -0.011482 -0.00336818 -1337.74 -1337.74
8.39 -34.1627 -0.0158118 -0.10372 -1182.81 -1182.81
8.4 -28.6589 -0.00557952 -0.0240128 -980.968 -980.968
8.41 -22.4872 0.00411359 0.0150427 -739.43 -739.43
8.42 -15.8704 -0.00260614 -0.00848065 -477.283 -477.283
8.43 -9.05204 -0.0124089 0.000853451 -223.262 -223.262
8.44 -2.28953 -0.00814401 -0.00352762 -7.77473 -7.77473
8.45 4.22418 0.0386189 -0.0100387 145.364 145.364
8.46 10.359 -3.98596e-005 0.000493991 223.286 223.286
8.47 16.004 -0.00841809 0.00888822 224.164 224.164
8.48 21.0555 0.0297212 -0.0250866 154.484 154.484
8.49 25.5308 -0.0111852 0.00143067 24.5366 24.5366
8.5 29.59 0.00737955 -0.00562744 -156.372 -156.372
8.51 33.4009 -0.00893061 0.00290208 -381.918 -381.918
8.52 36.9737 -0.055389 -0.0508642 -646.223 -646.223
8.53 40.0407 -0.163161 -0.172307 -939.456 -939.456
8.54 42.3655 -0.115818 -0.152608 -1246.55 -1246.55
8.55 43.7773 -0.0662622 -0.122026 -1550.54 -1550.54
8.56 44.2504 -0.0477135 -0.120239 -1836.87 -1836.87
8.57 43.9242 -0.0741672 -0.167977 -2095.02 -2095.02
8.58 42.9649 -0.010672 -0.195353 -2316.93 -2316.93
8.59 41.2727 -0.00337945 -0.214857 -2494.34 -2494.34
8.6 39.0209 0.0540139 -0.199179 -2618.21 -2618.21
8.61 36.566 0.0181051 -0.104619 -2681.86 -2681.86
8.62 34.1583 0.0855444 -0.153498 -2685.35 -2685.35
8.63 32.1514 0.0301235 -0.0897327 -2635.81 -2635.81
8.64 30.7928 0.0398648 -0.0330809 -2542.65 -2542.65
8.65 30.3412 0.0342972 -0.00747354 -2412.48 -2412.48
8.66 30.996 -0.0387579 0.00651868 -2247.45 -2247.45
8.67 32.7081 0.0819543 -0.145556 -2046.47 -2046.47
8.68 35.2268 0.0334432 -0.139262 -1807.16 -1807.16
8.69 38.1937 -0.0619863 -0.0890248 -1529.29 -1529.29
8.7 41.1492 -0.0435927 -0.0433622 -1219.41 -1219.41
8.71 43.782 -0.0411528 -0.00490717 -893.697 -893.697
8.72 45.7632 -0.0165885 -0.0236791 -575.774 -575.774
8.73 46.6787 -0.065319 0.0436274 -290.029 -290.029
8.74 46.0793 0.0011707 -0.00419434 -55.2001 -55.2001
8.75 43.662 -0.0130764 0.00909514 116.854 116.854
8.76 39.4202 0.0105038 -0.00798985 218.225 218.225
8.77 33.5293 -0.00218109 -0.000407833 243.256 243.256
8.78 26.2215 0.0241885 -0.0293149 191.296 191.296
8.79 17.6307 -0.0057795 0.010745 71.1126 71.1126
8.8 7.8063 0.014585 -0.0155068 -98.5438 -98.5438
8.81 -3.24194 -0.00284057 0.0028823 -294.029 -294.029
8.82 -15.4897 0.0160511 -0.0273078 -493.935 -493.935
8.83 -28.8036 0.0127104 -0.0937317 -683.81 -683.81
8.84 -43.0591 -0.562518 -0.735788 -856.996 -856.996
8.85 -57.1387 -0.131135 -0.0760023 -1013.23 -1013.23
8.86 -70.1065 0.074853 -0.00663535 -1156.02 -1156.02
8.87 -81.2099 0.0156692 -0.0326333 -1287.17 -1287.17
8.88 -90.0513 0.0390364 -0.0446179 -1401.65 -1401.65
8.89 -96.8077 0.00746593 -0.0408224 -1487.41 -1487.41
8.9 -101.95 0.00752273 -0.0270598 -1528.89 -1528.89
8.91 -106.055 -0.00122979 -0.014537 -1512.07 -1512.07
8.92 -109.609 0.0022152 -0.00673835 -1427.95 -1427.95
8.93 -113.057 -0.00344961 -0.00469283 -1271.36 -1271.36
8.94 -116.766 0.00158624 0.000550325 -1037.62 -1037.62
8.95 -121.042 -0.00146973 -0.0174141 -722.565 -722.565
8.96 -126.085 0.00310632 -0.0142738 -327.698 -327.698
8.97 -132.097 0.00861926 -0.034485 134.084 134.084
8.98 -139.195 0.0241043 -0.071567 637.77 637.77
8.99 -147.532 0.0771233 -0.0514398 1150.5 1150.5
9 -156.994 0.0987724 -0.0365366 1637.08 1637.08
9.01 -166.773 0.0331983 -0.0567931 2064.8 2064.8
9.02 -176.548 0.0426705 0.029924 2409.65 2409.65
9.03 -186.35 0.487744 0.520728 2663.02 2663.02
9.04 -195.663 0.419915 0.456579 2832.01 2832.01
9.05 -204.514 0.22472 0.285589 2931.35 2931.35
9.06 -213.033 0.349117 0.315816 2973.62 2973.62
9.07 -221.054 0.0482566 0.0892037 2964.38 2964.38
9.08 -228.666 0.143057 0.193579 2902.99 2902.99
9.09 -235.802 0.00380278 -0.0239774 2786.26 2786.26
9.1 -242.802 0.0405426 0.0618792 2612.33 2612.33
9.11 -249.879 -0.0166153 -0.0343037 2383.05 2383.05
9.12 -257.159 0.288803 0.290248 2104.55 2104.55
9.13 -263.973 0.181994 0.210842 1786.57 1786.57
9.14 -270.129 -0.0210933 -0.0220087 1441.61 1441.61
9.15 -275.448 0.000311915 0.00478318 1086.88 1086.88
9.16 -279.551 0.00153035 -0.00637074 745.682 745.682
9.17 -282.316 0.0049278 0.00784208 442.967 442.967
9.18 -283.472 0.00676848 0.00382405 197.594 197.594
9.19 -282.788 0.00602606 0.00935496 18.0316 18.0316
9.2 -280.08 0.00448336 0.00505559 -95.5727 -95.5727
9.21 -275.364 0.0319124 0.0525038 -145.115 -145.115
9.22 -268.812 0.115944 0.136252 -129.458 -129.458
9.23 -260.643 0.187839 0.186315 -44.6756 -44.6756
9.24 -251.073 0.162737 0.163507 110.846 110.846
9.25 -240.324 0.0444053 0.0433157 330.696 330.696
9.26 -228.631 0.00196886 0.00186978 598.285 598.285
9.27 -216.231 -0.00520936 -0.00574649 889.333 889.333
9.28 -203.508 -0.0140437 -0.0142245 1177.83 1177.83
9.29 -191.019 0.00483647 0.00511913 1442.41 1442.41
9.3 -179.303 -0.00825585 -0.0067309 1668.8 1668.8
9.31 -168.688 0.00127489 0.00040253 1847.31 1847.31
9.32 -159.289 -0.0129989 0.00802062 1969.14 1969.14
9.33 -151.034 0.016922 0.0531298 2026.07 2026.07
9.34 -143.607 0.0665992 0.0396928 2012.36 2012.36
9.35 -136.601 0.018827 0.0177208 1926.35 1926.35
9.36 -129.654 -0.0156718 -0.0041616 1770.62 1770.62
9.37 -122.482 -0.0230476 0.00298214 1550.57 1550.57
9.38 -114.965 -0.0922074 -0.0549937 1271.51 1271.51
9.39 -106.998 -0.0392398 -0.0598615 936.526 936.526
9.4 -98.6029 0.001903 0.00566044 547.696 547.696
9.41 -89.8859 0.0566036 0.0068364 110.99 110.99
9.42 -81.1213 0.0569925 0.0402012 -358.936 -358.936
9.43 -72.5374 -0.140728 -0.122959 -838.68 -838.68
9.44 -64.2432 -0.0795216 -0.144628 -1301.54 -1301.54
9.45 -55.9895 0.0343978 -0.126309 -1724.46 -1724.46
9.46 -47.8435 0.147672 -0.107491 -2091.36 -2091.36
9.47 -39.969 0.0290542 -0.240284 -2391.39 -2391.39
9.48 -32.3778 0.0633653 -0.0924911 -2615.3 -2615.3
9.49 -25.2314 -0.0158233 -0.0340089 -2754.31 -2754.31
9.5 -18.579 -0.0104204 -0.00956777 -2802.28 -2802.28
9.51 -12.3189 -0.00324529 0.0056455 -2758.52 -2758.52
9.52 -6.13724 -0.0202043 0.00275373 -2628.86 -2628.86
9.53 0.158182 0.0214551 -0.00740811 -2423.38 -2423.38
9.54 6.50807 -0.00262995 -0.0030693 -2151.73 -2151.73
9.55 12.5475 -0.00268727 -0.0010037 -1820.48 -1820.48
9.56 17.831 -0.00746658 -0.0032916 -1435.86 -1435.86
9.57 21.9366 0.000482751 -0.00446472 -1009.76 -1009.76
9.58 24.5545 0.0116374 -0.00265167 -563 -563
9.59 25.3992 0.0235803 0.005821 -122.578 -122.578
9.6 24.2875 0.0939058 0.0434794 285.137 285.137
9.61 21.2102 0.409768 0.383421 639.283 639.283
9.62 16.7522 0.135536 0.310363 923.824 923.824
9.63 11.7261 -0.412503 -0.344001 1125.6 1125.6
9.64 6.50826 -0.106661 -0.255299 1236.69 1236.69
9.65 1.18998 0.00163021 -0.0456546 1256.47 1256.47
9.66 -4.25363 0.0105191 -0.0750342 1189.68 1189.68
9.67 -10.1856 0.0579369 -0.0248997 1044.74 1044.74
9.68 -16.5705 0.0628638 -0.0254777 833.602 833.602
9.69 -23.1927 0.0320807 0.0100967 570.709 570.709
9.7 -30.0534 0.01993 -0.00332096 272.292 272.292
9.71 -37.1321 -0.00769308 0.00531784 -43.2069 -43.2069
9.72 -44.4318 0.0189467 -0.001737 -356.463 -356.463
9.73 -51.8091 0.0277432 0.00298113 -650.987 -650.987
9.74 -59.2854 0.00965329 -0.00535677 -915.331 -915.331
9.75 -66.9106 0.00549301 -0.00420925 -1141.09 -1141.09
9.76 -74.5768 0.00972916 -0.00527714 -1319.76 -1319.76
9.77 -82.3086 0.00374481 -0.013377 -1442.98 -1442.98
9.78 -89.9305 0.0643617 -0.0558907 -1504.95 -1504.95
9.79 -97.0183 0.0536577 -0.0355769 -1501.5 -1501.5
9.8 -103.338 0.0286675 -0.0144587 -1425.67 -1425.67
9.81 -108.771 -0.000991733 0.00067915 -1266.65 -1266.65
9.82 -113.433 0.00397134 -0.00416214 -1015.43 -1015.43
9.83 -117.639 0.00845638 -0.0109243 -672.188 -672.188
9.84 -121.767 0.11788 -0.0862516 -249.023 -249.023
9.85 -126.173 0.05642 -0.025034 232.497 232.497
9.86 -131.062 0.0294778 -0.00323903 744.86 744.86
9.87 -136.864 0.0220056 -0.0271211 1258.66 1258.66
9.88 -144.098 0.0450472 -0.0774694 1747.53 1747.53
9.89 -152.775 0.0530221 -0.0572498 2191.08 2191.08
9.9 -162.826 0.0509452 -0.0758141 2574.02 2574.02
9.91 -174.166 0.0728439 -0.0588834 2883.87 2883.87
9.92 -186.651 0.0968886 -0.0794344 3110.22 3110.22
9.93 -200.163 0.0530095 -0.0314171 3246.11 3246.11
9.94 -214.618 0.0483696 -0.0341183 3289.63 3289.63
9.95 -229.172 -0.0337108 0.219024 3243.51 3243.51
9.96 -243.52 0.0139648 0.120901 3113.01 3113.01
9.97 -258.619 0.0250928 -0.042406 2907.63 2907.63
9.98 -274.378 0.00637882 0.00626627 2644.21 2644.21
9.99 -290.368 -0.0219783 0.0395352 2344.14 2344.14
10 -306.238 0.0121228 0.0165913 2026.57 2026.57
