0.1 -28.2871 2.41627 -2.80305 -0.399511 -0.399511
0.2 -56.5724 4.83056 -5.59514 -0.799098 -0.799098
0.3 -84.8561 7.24282 -8.37614 -1.19876 -1.19876
0.4 -113.138 9.653 -11.1459 -1.59849 -1.59849
0.5 -141.418 12.061 -13.9043 -1.9983 -1.9983
0.6 -169.697 14.4669 -16.6513 -2.39818 -2.39818
0.7 -197.973 16.8705 -19.3865 -2.79814 -2.79814
0.8 -226.248 19.2719 -22.11 -3.19816 -3.19816
0.9 -254.521 21.6709 -24.8216 -3.59826 -3.59826
1 -282.792 24.0674 -27.521 -3.99842 -3.99842
0.01 -282.792 23.8423 -27.582 -4.00872 -4.00872
0.02 -282.791 23.2167 -27.7475 -4.06124 -4.06124
0.03 -282.791 22.5332 -27.927 -4.1782 -4.1782
0.04 -282.791 22.0986 -28.0606 -4.33136 -4.33136
0.05 -282.791 21.9035 -28.1787 -4.47251 -4.47251
0.06 -282.791 21.9058 -28.3006 -4.58972 -4.58972
0.07 -282.791 22.0729 -28.4234 -4.70283 -4.70283
0.08 -282.791 22.3826 -28.5302 -4.82077 -4.82077
0.09 -282.791 22.8162 -28.5992 -4.9265 -4.9265
0.1 -282.792 23.3453 -28.6191 -4.99731 -4.99731
0.11 -282.792 23.9311 -28.5927 -5.02568 -5.02568
0.12 -282.792 24.5373 -28.5365 -5.02176 -5.02176
0.13 -282.793 25.1428 -28.4743 -5.00704 -5.00704
0.14 -282.793 25.74 -28.4313 -5.01038 -5.01038
0.15 -282.793 26.3223 -28.4233 -5.06249 -5.06249
0.16 -282.793 26.8767 -28.4516 -5.18331 -5.18331
0.17 -282.793 27.3857 -28.5043 -5.36869 -5.36869
0.18 -282.792 27.846 -28.567 -5.58935 -5.58935
0.19 -282.792 28.2789 -28.632 -5.80525 -5.80525
0.2 -282.791 28.7088 -28.698 -5.98481 -5.98481
0.21 -282.79 29.1462 -28.7637 -6.11543 -6.11543
0.22 -282.789 29.5832 -28.821 -6.19844 -6.19844
0.23 -282.789 29.9929 -28.859 -6.2361 -6.2361
0.24 -282.788 30.3547 -28.8765 -6.22676 -6.22676
0.25 -282.787 30.6675 -28.8855 -6.17373 -6.17373
0.26 -282.787 30.9553 -28.899 -6.09596 -6.09596
0.27 -282.786 31.2827 -28.9125 -6.02278 -6.02278
0.28 -282.786 31.7417 -28.9059 -5.97374 -5.97374
0.29 -282.785 32.4079 -28.8721 -5.94539 -5.94539
0.3 -282.785 33.3145 -28.8302 -5.92032 -5.92032
0.31 -282.785 34.4457 -28.7938 -5.88268 -5.88268
0.32 -282.785 35.7394 -28.7527 -5.81929 -5.81929
0.33 -282.785 37.0999 -28.6926 -5.71393 -5.71393
0.34 -282.786 38.4358 -28.6057 -5.55237 -5.55237
0.35 -282.786 39.7045 -28.4922 -5.33402 -5.33402
0.36 -282.786 40.9007 -28.3639 -5.07471 -5.07471
0.37 -282.787 42.0158 -28.2324 -4.79799 -4.79799
0.38 -282.787 43.009 -28.0904 -4.52208 -4.52208
0.39 -282.786 43.8227 -27.9248 -4.25183 -4.25183
0.4 -282.787 44.4413 -27.7443 -3.98452 -3.98452
0.41 -282.787 44.8878 -27.5816 -3.72457 -3.72457
0.42 -282.787 45.212 -27.463 -3.48761 -3.48761
0.43 -282.787 45.4416 -27.3892 -3.28667 -3.28667
0.44 -282.786 45.5683 -27.3319 -3.11733 -3.11733
0.45 -282.786 45.5886 -27.2582 -2.96021 -2.96021
0.46 -282.785 45.5199 -27.1584 -2.79903 -2.79903
0.47 -282.785 45.403 -27.0253 -2.63132 -2.63132
0.48 -282.784 45.2448 -26.8577 -2.45948 -2.45948
0.49 -282.784 45.0222 -26.6609 -2.2793 -2.2793
0.5 -282.784 44.7273 -26.4275 -2.07885 -2.07885
0.51 -282.784 44.3895 -26.1332 -1.84051 -1.84051
0.52 -282.784 44.0311 -25.7743 -1.54569 -1.54569
0.53 -282.784 43.6574 -25.3518 -1.1839 -1.1839
0.54 -282.785 43.3058 -24.8487 -0.754258 -0.754258
0.55 -282.785 43.0631 -24.2594 -0.259648 -0.259648
0.56 -282.786 42.9654 -23.6317 0.286465 0.286465
0.57 -282.787 42.8966 -23.0723 0.840697 0.840697
0.58 -282.788 42.6773 -22.6796 1.33006 1.33006
0.59 -282.789 42.238 -22.4683 1.69232 1.69232
0.6 -282.79 41.6587 -22.3697 1.92579 1.92579
0.61 -282.791 41.0503 -22.3262 2.089 2.089
0.62 -282.792 40.4367 -22.3417 2.24253 2.24253
0.63 -282.793 39.7907 -22.3715 2.41158 2.41158
0.64 -282.794 39.1016 -22.298 2.62212 2.62212
0.65 -282.795 38.3316 -22.1001 2.93088 2.93088
0.66 -282.796 37.4274 -21.8948 3.37134 3.37134
0.67 -282.797 36.4153 -21.7641 3.89923 3.89923
0.68 -282.798 35.3557 -21.6876 4.43648 4.43648
0.69 -282.799 34.2436 -21.6125 4.94622 4.94622
0.7 -282.799 33.0601 -21.5096 5.42949 5.42949
0.71 -282.799 31.86 -21.3818 5.86654 5.86654
0.72 -282.799 30.7419 -21.2868 6.1906 6.1906
0.73 -282.799 29.7444 -21.3174 6.31556 6.31556
0.74 -282.799 28.7642 -21.5146 6.18719 6.18719
0.75 -282.799 27.6236 -21.8349 5.82725 5.82725
0.76 -282.799 26.2698 -22.1915 5.33926 5.33926
0.77 -282.799 24.8451 -22.4873 4.8657 4.8657
0.78 -282.798 23.5616 -22.604 4.53415 4.53415
0.79 -282.798 22.5392 -22.4551 4.42582 4.42582
0.8 -282.798 21.7515 -22.0699 4.55242 4.55242
0.81 -282.798 21.1433 -21.5613 4.83651 4.83651
0.82 -282.798 20.7468 -21.0476 5.13183 5.13183
0.83 -282.799 20.6056 -20.6235 5.29149 5.29149
0.84 -282.799 20.6644 -20.3269 5.23398 5.23398
0.85 -282.799 20.831 -20.1079 4.96699 4.96699
0.86 -282.8 21.0369 -19.8661 4.56946 4.56946
0.87 -282.8 21.1185 -19.6093 4.13303 4.13303
0.88 -282.801 20.8608 -19.4764 3.68693 3.68693
0.89 -282.801 20.268 -19.4896 3.20053 3.20053
0.9 -282.8 19.6124 -19.4774 2.6978 2.6978
0.91 -282.8 19.1243 -19.2756 2.33407 2.33407
0.92 -282.8 18.6629 -18.9304 2.29475 2.29475
0.93 -282.8 17.8486 -18.6227 2.62049 2.62049
0.94 -282.8 16.5741 -18.4299 3.18197 3.18197
0.95 -282.8 15.2463 -18.3138 3.82064 3.82064
0.96 -282.8 14.4184 -18.2444 4.4527 4.4527
0.97 -282.8 14.2313 -18.2723 5.03413 5.03413
0.98 -282.8 14.2987 -18.5394 5.48819 5.48819
0.99 -282.801 14.2359 -19.0987 5.71912 5.71912
1 -282.802 14.0939 -19.8272 5.70963 5.70963
1.01 -282.803 14.1699 -20.6571 5.55782 5.55782
1.02 -282.803 14.6847 -21.6188 5.37849 5.37849
1.03 -282.805 15.5911 -22.5318 5.23767 5.23767
1.04 -282.806 16.6161 -23.0045 5.24507 5.24507
1.05 -282.807 17.4983 -22.8666 5.60332 5.60332
1.06 -282.807 18.1788 -22.3531 6.42937 6.42937
1.07 -282.807 18.7872 -21.779 7.5643 7.5643
1.08 -282.807 19.5568 -21.192 8.67488 8.67488
1.09 -282.807 20.5867 -20.4975 9.53209 9.53209
1.1 -282.806 21.592 -19.8102 10.0918 10.0918
1.11 -282.805 22.1345 -19.3305 10.3343 10.3343
1.12 -282.804 22.1127 -18.9464 10.2023 10.2023
1.13 -282.802 21.8854 -18.3424 9.74924 9.74924
1.14 -282.801 21.9615 -17.496 9.18326 9.18326
1.15 -282.799 22.7293 -16.5836 8.68603 8.68603
1.16 -282.799 24.2919 -15.5786 8.32417 8.32417
1.17 -282.798 26.2443 -14.4146 8.17602 8.17602
1.18 -282.798 27.8638 -13.1286 8.38984 8.38984
1.19 -282.798 28.7296 -11.8413 9.04779 9.04779
1.2 -282.799 29.0016 -10.8069 10.0218 10.0218
1.21 -282.799 29.1423 -10.2792 10.9884 10.9884
1.22 -282.799 29.5013 -10.389 11.5832 11.5832
1.23 -282.8 30.1745 -11.1341 11.568 11.568
1.24 -282.8 31.0988 -12.3329 10.9251 10.9251
1.25 -282.801 32.2112 -13.6052 9.88268 9.88268
1.26 -282.801 33.516 -14.5604 8.86913 8.86913
1.27 -282.802 34.9791 -15.0392 8.35795 8.35795
1.28 -282.803 36.4758 -15.0832 8.67308 8.67308
1.29 -282.804 37.8199 -14.8698 9.89187 9.89187
1.3 -282.805 38.8132 -14.5959 11.8727 11.8727
1.31 -282.807 39.4192 -14.2219 14.3584 14.3584
1.32 -282.808 39.8606 -13.6027 17.0845 17.0845
1.33 -282.809 40.4805 -12.8352 19.7791 19.7791
1.34 -282.809 41.5739 -12.006 22.1144 22.1144
1.35 -282.81 43.1556 -10.8236 23.8318 23.8318
1.36 -282.81 44.7172 -9.04729 24.9595 24.9595
1.37 -282.809 45.6067 -6.97454 25.7642 25.7642
1.38 -282.809 45.6785 -5.24344 26.4593 26.4593
1.39 -282.808 45.4484 -4.33951 27.068 27.068
1.4 -282.807 45.6119 -4.2984 27.5741 27.5741
1.41 -282.807 46.0969 -4.87424 28.0548 28.0548
1.42 -282.806 45.956 -5.59569 28.5945 28.5945
1.43 -282.807 44.5287 -5.83837 29.1691 29.1691
1.44 -282.806 42.1327 -5.39756 29.643 29.643
1.45 -282.806 39.6514 -4.84081 29.7542 29.7542
1.46 -282.806 37.7898 -5.01913 29.1032 29.1032
1.47 -282.805 36.4756 -6.30998 27.3634 27.3634
1.48 -282.805 34.856 -8.53335 24.6259 24.6259
1.49 -282.806 32.0435 -11.5857 21.4056 21.4056
1.5 -282.805 27.9266 -15.5147 18.1911 18.1911
1.51 -282.805 23.3302 -19.691 15.1388 15.1388
1.52 -282.804 19.369 -22.6693 12.3374 12.3374
1.53 -282.803 16.4304 -23.4716 10.0987 10.0987
1.54 -282.803 14.0261 -22.4837 8.66049 8.66049
1.55 -282.802 11.687 -20.7576 7.76694 7.76694
1.56 -282.802 9.44092 -19.0473 6.91267 6.91267
1.57 -282.803 7.51032 -17.6717 5.96994 5.96994
1.58 -282.804 6.14898 -16.8417 5.28992 5.28992
1.59 -282.806 5.51546 -16.7959 5.14324 5.14324
1.6 -282.807 5.36123 -17.8017 5.2141 5.2141
1.61 -282.809 4.81176 -19.8175 4.69701 4.69701
1.62 -282.81 3.01621 -22.078 2.89239 2.89239
1.63 -282.81 0.490245 -23.3397 -0.201796 -0.201796
1.64 -282.809 -0.797555 -22.6005 -3.75584 -3.75584
1.65 -282.809 0.591889 -19.7971 -6.51665 -6.51665
1.66 -282.809 3.90081 -15.9765 -7.45693 -7.45693
1.67 -282.81 6.92636 -12.5298 -6.20507 -6.20507
1.68 -282.811 7.98959 -10.3628 -3.03344 -3.03344
1.69 -282.811 7.05826 -9.7558 1.35777 1.35777
1.7 -282.811 5.04259 -10.6284 5.93972 5.93972
1.71 -282.811 2.59991 -12.4931 9.4526 9.4526
1.72 -282.809 0.0643554 -14.4695 10.8028 10.8028
1.73 -282.807 -2.13349 -15.9381 9.56485 9.56485
1.74 -282.804 -3.46868 -16.998 6.10536 6.10536
1.75 -282.801 -3.4459 -18.035 1.3636 1.3636
1.76 -282.799 -1.72461 -19.2131 -3.29522 -3.29522
1.77 -282.799 1.57194 -20.6569 -6.20557 -6.20557
1.78 -282.801 5.59254 -22.6985 -5.92631 -5.92631
1.79 -282.803 9.19721 -25.3056 -2.01595 -2.01595
1.8 -282.806 12.0302 -27.6447 4.65568 4.65568
1.81 -282.809 14.8492 -28.8321 12.2766 12.2766
1.82 -282.811 18.617 -28.664 18.7056 18.7056
1.83 -282.812 23.5203 -27.4857 22.0976 22.0976
1.84 -282.813 28.8894 -25.7236 21.6055 21.6055
1.85 -282.813 33.7078 -23.739 17.8848 17.8848
1.86 -282.812 37.2512 -22.0442 12.8676 12.8676
1.87 -282.81 39.7944 -20.8093 8.86406 8.86406
1.88 -282.807 42.7428 -18.9091 7.78101 7.78101
1.89 -282.805 47.4057 -14.7857 10.7997 10.7997
1.9 -282.802 53.3889 -8.78255 17.8716 17.8716
1.91 -282.799 58.8238 -3.21453 26.9799 26.9799
1.92 -282.798 62.0675 0.0607316 34.4722 34.4722
1.93 -282.795 62.6277 0.473641 36.9634 36.9634
1.94 -282.791 61.071 -1.92664 33.1888 33.1888
1.95 -282.789 58.3961 -6.75619 24.2562 24.2562
1.96 -282.786 55.6553 -12.9695 12.7212 12.7212
1.97 -282.783 53.8255 -18.8766 1.66169 1.66169
1.98 -282.781 53.3759 -23.1976 -6.09702 -6.09702
1.99 -282.78 54.0628 -25.9491 -8.98611 -8.98611
2 -282.779 55.1484 -28.1207 -7.48221 -7.48221
2.01 -282.779 55.6801 -30.7362 -3.81517 -3.81517
2.02 -282.779 54.8106 -34.157 -0.656276 -0.656276
2.03 -282.779 52.0256 -38.2657 0.135797 0.135797
2.04 -282.778 47.4418 -42.957 -2.15464 -2.15464
2.05 -282.776 42.1503 -47.6928 -7.40685 -7.40685
2.06 -282.773 37.6656 -51.336 -14.8256 -14.8256
2.07 -282.77 34.6181 -53.3943 -23.0111 -23.0111
2.08 -282.766 32.4045 -54.6089 -30.46 -30.46
2.09 -282.764 30.1906 -55.9347 -36.2019 -36.2019
2.1 -282.762 27.9832 -57.5407 -39.8658 -39.8658
2.11 -282.761 26.5283 -58.9426 -41.3468 -41.3468
2.12 -282.76 26.2152 -59.9635 -40.8315 -40.8315
2.13 -282.761 26.6101 -61.0472 -39.2308 -39.2308
2.14 -282.761 26.8662 -62.5887 -38.2041 -38.2041
2.15 -282.76 26.2321 -64.3264 -39.3636 -39.3636
2.16 -282.759 24.5 -65.356 -43.2899 -43.2899
2.17 -282.757 22.0279 -65.0996 -49.2746 -49.2746
2.18 -282.755 19.2954 -64.5375 -56.0519 -56.0519
2.19 -282.752 16.6083 -65.4151 -62.7827 -62.7827
2.2 -282.749 14.2163 -68.0356 -69.1824 -69.1824
2.21 -282.745 12.2598 -71.1467 -74.8216 -74.8216
2.22 -282.742 10.5117 -73.6676 -78.9088 -78.9088
2.23 -282.738 8.48828 -75.4831 -81.0885 -81.0885
2.24 -282.734 5.96082 -76.9165 -82.113 -82.113
2.25 -282.73 3.19452 -78.1645 -83.3824 -83.3824
2.26 -282.726 0.610908 -79.4926 -85.9343 -85.9343
2.27 -282.723 -1.38265 -81.1025 -89.9425 -89.9425
2.28 -282.721 -2.32664 -82.4784 -94.7458 -94.7458
2.29 -282.721 -1.91869 -82.8563 -98.9865 -98.9865
2.3 -282.722 -0.188765 -82.1643 -101.024 -101.024
2.31 -282.724 2.60833 -80.7711 -99.7025 -99.7025
2.32 -282.727 6.09111 -78.8081 -94.8858 -94.8858
2.33 -282.732 9.76627 -76.3336 -87.3984 -87.3984
2.34 -282.736 13.2556 -73.6795 -78.6763 -78.6763
2.35 -282.74 16.4518 -71.3318 -70.365 -70.365
2.36 -282.744 19.4308 -69.5662 -63.7858 -63.7858
2.37 -282.747 22.1927 -68.4871 -59.4385 -59.4385
2.38 -282.749 24.6383 -67.9458 -56.9351 -56.9351
2.39 -282.751 26.8863 -66.9185 -55.257 -55.257
2.4 -282.752 28.9808 -63.992 -52.9591 -52.9591
2.41 -282.754 30.3337 -58.5423 -48.4595 -48.4595
2.42 -282.757 30.2756 -50.709 -40.5939 -40.5939
2.43 -282.76 28.9721 -41.3787 -29.1583 -29.1583
2.44 -282.763 27.263 -32.5344 -15.2197 -15.2197
2.45 -282.768 25.8539 -26.0734 -1.01319 -1.01319
2.46 -282.773 24.926 -22.0966 10.94 10.94
2.47 -282.778 24.2699 -19.225 19.151 19.151
2.48 -282.784 23.5875 -16.2777 23.7165 23.7165
2.49 -282.79 22.7026 -13.1418 25.6282 25.6282
2.5 -282.796 21.4891 -10.5191 25.791 25.791
2.51 -282.802 19.9178 -9.1342 24.7758 24.7758
2.52 -282.808 18.3082 -9.19411 23.2187 23.2187
2.53 -282.816 17.1038 -10.4336 22.0801 22.0801
2.54 -282.823 16.5258 -12.1316 22.4097 22.4097
2.55 -282.832 16.5797 -13.2502 24.9221 24.9221
2.56 -282.84 17.1189 -12.9803 29.6739 29.6739
2.57 -282.847 17.9854 -11.1612 35.8682 35.8682
2.58 -282.853 19.103 -8.28239 41.9179 41.9179
2.59 -282.858 20.2227 -5.20195 45.9845 45.9845
2.6 -282.861 20.8414 -2.70899 46.8608 46.8608
2.61 -282.863 20.7434 -1.13213 44.6763 44.6763
2.62 -282.863 20.3844 -0.284382 40.9153 40.9153
2.63 -282.862 20.3519 0.351553 37.6759 37.6759
2.64 -282.859 20.3357 1.04727 36.5632 36.5632
2.65 -282.855 18.9558 1.25404 37.7833 37.7833
2.66 -282.85 15.1498 0.297172 40.0282 40.0282
2.67 -282.843 9.62922 -1.62204 41.4055 41.4055
2.68 -282.835 4.53363 -3.57259 40.7454 40.7454
2.69 -282.827 1.56089 -4.75253 38.1476 38.1476
2.7 -282.82 0.534101 -5.29338 34.4264 34.4264
2.71 -282.812 -0.211901 -5.95413 30.2546 30.2546
2.72 -282.806 -2.19493 -6.90475 25.9905 25.9905
2.73 -282.8 -5.35806 -7.34513 22.177 22.177
2.74 -282.796 -8.0498 -6.74064 19.7102 19.7102
2.75 -282.794 -8.54534 -5.96248 19.0731 19.0731
2.76 -282.793 -6.53242 -6.36027 19.4874 19.4874
2.77 -282.793 -2.92348 -8.51269 19.1791 19.1791
2.78 -282.795 1.65195 -12.4517 16.4661 16.4661
2.79 -282.796 7.59292 -17.8051 10.5072 10.5072
2.8 -282.798 15.2747 -23.3996 1.49022 1.49022
2.81 -282.8 23.7077 -28.1258 -9.3714 -9.3714
2.82 -282.801 30.9067 -31.967 -20.1956 -20.1956
2.83 -282.802 35.5101 -35.521 -29.2151 -29.2151
2.84 -282.802 37.7067 -39.2468 -35.422 -35.422
2.85 -282.801 38.6852 -43.0601 -38.6508 -38.6508
2.86 -282.798 39.5115 -46.643 -39.3318 -39.3318
2.87 -282.794 40.7719 -50.0363 -38.3404 -38.3404
2.88 -282.788 42.638 -53.1895 -36.8827 -36.8827
2.89 -282.782 44.6689 -55.5242 -36.0991 -36.0991
2.9 -282.774 45.9942 -56.6545 -36.6316 -36.6316
2.91 -282.765 46.2388 -56.9112 -38.6277 -38.6277
2.92 -282.755 46.0486 -56.948 -41.9471 -41.9471
2.93 -282.746 46.2737 -57.2984 -46.0742 -46.0742
2.94 -282.737 46.9887 -58.0908 -49.9216 -49.9216
2.95 -282.73 47.7476 -58.9781 -52.0816 -52.0816
2.96 -282.724 48.2634 -59.5072 -51.5747 -51.5747
2.97 -282.72 48.2927 -59.595 -48.5539 -48.5539
2.98 -282.716 47.3139 -59.491 -44.3758 -44.3758
2.99 -282.713 45.0461 -59.2107 -40.8777 -40.8777
3 -282.711 42.0745 -58.1274 -39.2776 -39.2776
3.01 -282.71 39.5597 -55.4375 -39.4715 -39.4715
3.02 -282.71 38.2516 -50.9768 -40.2529 -40.2529
3.03 -282.712 37.8508 -45.3546 -40.1885 -40.1885
3.04 -282.716 37.3021 -39.7706 -38.4128 -38.4128
3.05 -282.722 35.7913 -35.8047 -34.9734 -34.9734
3.06 -282.73 33.3312 -34.5976 -30.7726 -30.7726
3.07 -282.739 30.2088 -35.7349 -27.0896 -27.0896
3.08 -282.75 26.5286 -37.4448 -24.8313 -24.8313
3.09 -282.761 22.3416 -38.4336 -24.1798 -24.1798
3.1 -282.772 17.7453 -38.9603 -25.0221 -25.0221
3.11 -282.783 13.3078 -39.7171 -27.3983 -27.3983
3.12 -282.793 10.1534 -40.1794 -31.0179 -31.0179
3.13 -282.803 8.99091 -38.7073 -34.3229 -34.3229
3.14 -282.813 9.33116 -34.5987 -34.6292 -34.6292
3.15 -282.824 9.73374 -29.2856 -29.7982 -29.7982
3.16 -282.833 8.70871 -25.0468 -19.8978 -19.8978
3.17 -282.842 5.46904 -23.5441 -7.26846 -7.26846
3.18 -282.848 0.0998554 -25.1079 4.76308 4.76308
3.19 -282.851 -6.63542 -28.1443 13.3973 13.3973
3.2 -282.852 -13.8802 -30.0346 17.4452 17.4452
3.21 -282.85 -21.5045 -29.4714 17.5466 17.5466
3.22 -282.846 -30.1234 -27.4133 15.3778 15.3778
3.23 -282.84 -39.9852 -25.7294 12.6062 12.6062
3.24 -282.833 -50.2459 -25.4983 10.5298 10.5298
3.25 -282.827 -59.3796 -26.6974 10.2629 10.2629
3.26 -282.821 -65.6356 -28.6089 12.6711 12.6711
3.27 -282.817 -67.3442 -29.9202 17.9549 17.9549
3.28 -282.815 -63.8008 -29.1931 25.413 25.413
3.29 -282.815 -56.2611 -26.0063 33.4712 33.4712
3.3 -282.817 -47.5519 -21.2506 39.796 39.796
3.31 -282.819 -40.5172 -16.093 41.8624 41.8624
3.32 -282.822 -36.5339 -10.9619 38.3072 38.3072
3.33 -282.825 -35.2829 -5.95284 30.1924 30.1924
3.34 -282.828 -35.7031 -2.0936 20.6773 20.6773
3.35 -282.829 -36.6285 -0.845751 13.0335 13.0335
3.36 -282.829 -36.5186 -2.33167 8.82369 8.82369
3.37 -282.828 -33.6781 -5.03336 7.65557 7.65557
3.38 -282.827 -27.3419 -6.91366 8.02594 8.02594
3.39 -282.824 -18.4378 -6.53881 8.19311 8.19311
3.4 -282.822 -9.34595 -4.12358 6.72589 6.72589
3.41 -282.82 -2.77885 -1.7665 2.77749 2.77749
3.42 -282.818 -0.322718 -1.8214 -3.75593 -3.75593
3.43 -282.816 -1.56261 -4.90207 -11.9563 -11.9563
3.44 -282.814 -4.65511 -9.75641 -19.7021 -19.7021
3.45 -282.814 -7.79817 -14.6546 -24.2454 -24.2454
3.46 -282.813 -10.0149 -18.6816 -23.6156 -23.6156
3.47 -282.813 -10.9416 -22.0099 -17.9075 -17.9075
3.48 -282.812 -10.4629 -25.2368 -9.41912 -9.41912
3.49 -282.809 -8.55815 -28.7191 -1.53384 -1.53384
3.5 -282.806 -5.47109 -32.7981 2.81881 2.81881
3.51 -282.801 -1.80594 -37.9906 2.24955 2.24955
3.52 -282.796 2.1422 -43.9136 -2.57729 -2.57729
3.53 -282.791 6.83032 -48.8092 -8.88819 -8.88819
3.54 -282.786 12.6466 -51.0354 -12.7104 -12.7104
3.55 -282.783 19.0444 -50.5831 -10.9998 -10.9998
3.56 -282.782 24.7012 -49.1102 -3.7103 -3.7103
3.57 -282.782 28.4964 -48.4769 6.04063 6.04063
3.58 -282.782 30.3799 -49.1888 14.0025 14.0025
3.59 -282.782 31.2653 -50.1842 17.3141 17.3141
3.6 -282.781 32.5115 -49.6429 15.6183 15.6183
3.61 -282.778 35.4394 -46.3447 10.4111 10.4111
3.62 -282.773 40.5677 -40.9704 3.57374 3.57374
3.63 -282.767 47.0911 -35.9296 -3.78182 -3.78182
3.64 -282.761 53.2473 -33.3523 -11.4493 -11.4493
3.65 -282.755 57.2883 -33.3702 -19.3306 -19.3306
3.66 -282.75 58.3243 -34.6166 -26.7304 -26.7304
3.67 -282.746 56.2355 -35.9014 -32.735 -32.735
3.68 -282.743 51.287 -36.9338 -37.296 -37.296
3.69 -282.739 44.6156 -38.045 -41.6766 -41.6766
3.7 -282.736 38.359 -39.9252 -47.7178 -47.7178
3.71 -282.734 34.4942 -43.244 -56.6446 -56.6446
3.72 -282.733 34.0146 -47.9405 -68.2037 -68.2037
3.73 -282.734 36.7986 -53.1554 -80.4177 -80.4177
3.74 -282.737 41.4945 -58.0129 -90.1673 -90.1673
3.75 -282.741 46.482 -62.1696 -94.6248 -94.6248
3.76 -282.746 51.2045 -65.7672 -92.8073 -92.8073
3.77 -282.752 56.0277 -69.0512 -86.1317 -86.1317
3.78 -282.756 61.0908 -72.0006 -77.5392 -77.5392
3.79 -282.76 66.1087 -74.6274 -69.899 -69.899
3.8 -282.762 70.6882 -76.981 -64.7789 -64.7789
3.81 -282.762 74.306 -78.89 -62.0899 -62.0899
3.82 -282.762 75.9518 -80.0299 -60.4991 -60.4991
3.83 -282.759 74.5852 -79.9126 -58.2426 -58.2426
3.84 -282.755 70.8087 -78.0242 -53.8729 -53.8729
3.85 -282.749 67.4886 -74.6253 -46.729 -46.729
3.86 -282.743 67.2163 -70.5904 -37.1527 -37.1527
3.87 -282.736 69.7577 -66.4836 -26.3383 -26.3383
3.88 -282.73 72.8251 -62.4498 -15.8561 -15.8561
3.89 -282.725 74.4484 -58.6966 -7.26002 -7.26002
3.9 -282.721 74.0134 -55.8557 -1.97313 -1.97313
3.91 -282.719 71.4934 -54.9846 -1.1824 -1.1824
3.92 -282.717 66.4421 -56.9579 -5.49601 -5.49601
3.93 -282.715 58.5642 -61.318 -14.4384 -14.4384
3.94 -282.714 48.8443 -65.9648 -26.1499 -26.1499
3.95 -282.714 38.8315 -68.6066 -37.8158 -37.8158
3.96 -282.714 29.3444 -68.254 -46.9118 -46.9118
3.97 -282.714 20.6751 -65.2936 -52.4096 -52.4096
3.98 -282.716 13.1224 -60.6044 -54.9083 -54.9083
3.99 -282.719 6.75784 -54.8454 -55.715 -55.715
4 -282.724 0.976299 -48.9647 -55.9624 -55.9624
4.01 -282.731 -5.45689 -44.6733 -56.5773 -56.5773
4.02 -282.739 -13.1233 -43.1679 -58.5528 -58.5528
4.03 -282.749 -20.9165 -44.226 -62.5922 -62.5922
4.04 -282.759 -27.3051 -47.2474 -68.5254 -68.5254
4.05 -282.771 -31.7752 -51.8104 -75.4495 -75.4495
4.06 -282.783 -34.4774 -56.728 -82.222 -82.222
4.07 -282.796 -35.8451 -60.1528 -87.4282 -87.4282
4.08 -282.81 -37.0435 -61.3093 -89.2706 -89.2706
4.09 -282.822 -39.7941 -60.7933 -86.2003 -86.2003
4.1 -282.833 -45.2772 -59.2533 -77.7356 -77.7356
4.11 -282.84 -53.4383 -56.9937 -64.5619 -64.5619
4.12 -282.844 -63.1586 -54.1439 -48.1287 -48.1287
4.13 -282.845 -72.7687 -50.304 -30.2738 -30.2738
4.14 -282.842 -81.0633 -45.234 -12.9358 -12.9358
4.15 -282.837 -87.8934 -39.9614 1.97679 1.97679
4.16 -282.831 -93.6473 -36.1342 12.6388 12.6388
4.17 -282.824 -98.499 -34.8183 17.7298 17.7298
4.18 -282.819 -102.297 -35.8474 17.2473 17.2473
4.19 -282.814 -104.951 -37.6901 13.0447 13.0447
4.2 -282.812 -106.741 -38.4026 8.41234 8.41234
4.21 -282.811 -107.808 -36.6854 6.69427 6.69427
4.22 -282.813 -107.477 -31.8985 9.80251 9.80251
4.23 -282.817 -104.965 -24.2756 17.544 17.544
4.24 -282.821 -100.33 -15.0587 27.8626 27.8626
4.25 -282.826 -94.0261 -5.13157 37.7885 37.7885
4.26 -282.832 -86.264 5.43237 44.8467 44.8467
4.27 -282.838 -77.173 16.0779 48.0399 48.0399
4.28 -282.843 -66.8963 25.7207 47.7045 47.7045
4.29 -282.848 -55.7828 33.6446 44.8153 44.8153
4.3 -282.853 -44.7512 38.91 40.4494 40.4494
4.31 -282.857 -34.7983 40.2042 35.3657 35.3657
4.32 -282.862 -26.101 37.3264 29.8872 29.8872
4.33 -282.868 -18.112 31.8746 24.449 24.449
4.34 -282.873 -10.4595 26.1932 20.2082 20.2082
4.35 -282.879 -3.26698 22.3685 18.7962 18.7962
4.36 -282.884 3.59222 21.6461 21.4229 21.4229
4.37 -282.888 10.9917 23.8405 28.2582 28.2582
4.38 -282.891 19.7534 27.5171 38.5177 38.5177
4.39 -282.892 29.3321 30.7575 50.9868 50.9868
4.4 -282.891 37.8253 32.0522 64.5253 64.5253
4.41 -282.889 43.7134 31.3467 78.35 78.35
4.42 -282.885 47.1423 29.9144 92.0651 92.0651
4.43 -282.879 49.5427 29.3322 105.374 105.374
4.44 -282.87 52.5 31.0321 117.713 117.713
4.45 -282.862 56.6775 35.6175 128.274 128.274
4.46 -282.853 61.5675 41.6985 136.283 136.283
4.47 -282.845 66.5431 46.5289 141.152 141.152
4.48 -282.839 71.6115 48.4735 142.779 142.779
4.49 -282.834 76.6903 48.1044 142.097 142.097
4.5 -282.832 81.0398 47.1217 141.047 141.047
4.51 -282.83 84.1759 47.4368 141.45 141.45
4.52 -282.83 86.6754 50.7865 143.775 143.775
4.53 -282.83 89.0971 57.5097 146.884 146.884
4.54 -282.831 90.7917 66.0721 148.595 148.595
4.55 -282.832 90.7524 74.3221 146.646 146.646
4.56 -282.834 88.8693 80.0983 139.725 139.725
4.57 -282.836 85.7635 81.3867 128.012 128.012
4.58 -282.839 82.1412 77.5586 112.954 112.954
4.59 -282.843 78.7613 70.3249 96.7328 96.7328
4.6 -282.848 76.4137 62.6227 81.6741 81.6741
4.61 -282.853 75.1753 56.2487 69.3456 69.3456
4.62 -282.858 73.7183 50.6098 59.5407 59.5407
4.63 -282.862 70.4163 44.3579 50.3318 50.3318
4.64 -282.867 65.3502 37.8021 39.9037 39.9037
4.65 -282.871 60.5423 32.5523 28.733 28.733
4.66 -282.875 58.2444 29.127 19.6921 19.6921
4.67 -282.879 59.1921 26.2815 15.827 15.827
4.68 -282.883 62.2153 22.6511 18.224 18.224
4.69 -282.885 65.4097 18.2504 25.8819 25.8819
4.7 -282.886 67.6807 14.5698 36.9408 36.9408
4.71 -282.884 69.045 13.4512 49.6037 49.6037
4.72 -282.879 69.7701 15.1282 62.1446 62.1446
4.73 -282.872 70.0951 17.4889 72.5974 72.5974
4.74 -282.862 70.5578 18.0662 79.063 79.063
4.75 -282.851 71.7305 16.1363 80.8312 80.8312
4.76 -282.84 73.9671 12.9611 79.2716 79.2716
4.77 -282.828 77.5833 11.1372 77.4478 77.4478
4.78 -282.818 82.5403 12.7821 78.6004 78.6004
4.79 -282.808 87.927 17.4735 84.3355 84.3355
4.8 -282.8 92.4399 23.0124 93.5236 93.5236
4.81 -282.793 95.4671 27.5366 102.759 102.759
4.82 -282.787 97.4515 29.8774 108.054 108.054
4.83 -282.781 99.1343 29.847 106.568 106.568
4.84 -282.776 100.608 29.3509 97.8543 97.8543
4.85 -282.773 101.398 30.9037 84.3705 84.3705
4.86 -282.77 100.962 33.5622 70.1475 70.1475
4.87 -282.769 99.167 32.8473 57.7139 57.7139
4.88 -282.769 96.9929 25.9434 46.3553 46.3553
4.89 -282.771 95.9038 14.7111 33.9875 33.9875
4.9 -282.774 96.2542 3.29294 20.2599 20.2599
4.91 -282.778 97.361 -5.73615 7.00178 7.00178
4.92 -282.784 99.1601 -12.4132 -4.02778 -4.02778
4.93 -282.79 102.672 -17.7475 -12.8215 -12.8215
4.94 -282.797 108.316 -22.8379 -20.5251 -20.5251
4.95 -282.804 114.645 -29.1476 -28.0515 -28.0515
4.96 -282.81 119.31 -37.3527 -35.445 -35.445
4.97 -282.816 120.722 -45.9249 -41.6515 -41.6515
4.98 -282.819 118.531 -52.6908 -44.5535 -44.5535
4.99 -282.818 113.54 -57.6373 -42.2748 -42.2748
5 -282.813 107.986 -62.3033 -35.3124 -35.3124
5.01 -282.804 104.663 -66.9667 -26.947 -26.947
5.02 -282.791 104.285 -70.5335 -21.007 -21.007
5.03 -282.777 104.616 -72.3061 -19.341 -19.341
5.04 -282.76 103.022 -72.3043 -21.2015 -21.2015
5.05 -282.743 98.7635 -71.1933 -24.2784 -24.2784
5.06 -282.727 92.5324 -70.9525 -26.3656 -26.3656
5.07 -282.711 85.6819 -73.6396 -26.9176 -26.9176
5.08 -282.696 80.1039 -78.8065 -27.3248 -27.3248
5.09 -282.683 77.3197 -83.9366 -29.5089 -29.5089
5.1 -282.673 77.5987 -87.3102 -34.4787 -34.4787
5.11 -282.665 80.3493 -88.5001 -42.2847 -42.2847
5.12 -282.659 85.159 -87.1669 -52.5904 -52.5904
5.13 -282.656 91.7985 -83.9793 -64.8692 -64.8692
5.14 -282.654 99.1615 -82.057 -78.7274 -78.7274
5.15 -282.654 105.367 -84.7841 -94.3819 -94.3819
5.16 -282.655 109.724 -92.5018 -112.073 -112.073
5.17 -282.656 113.461 -103.172 -130.742 -130.742
5.18 -282.656 118.186 -114.893 -148.175 -148.175
5.19 -282.656 124.92 -126.122 -162.898 -162.898
5.2 -282.656 134.163 -134.604 -175.305 -175.305
5.21 -282.657 145.136 -137.976 -186.53 -186.53
5.22 -282.657 154.723 -135.931 -196.737 -196.737
5.23 -282.656 158.844 -130.111 -204.69 -204.69
5.24 -282.655 155.459 -122.314 -208.253 -208.253
5.25 -282.653 145.478 -114.135 -205.055 -205.055
5.26 -282.649 131.384 -106.527 -193.515 -193.515
5.27 -282.643 115.762 -98.9403 -173.923 -173.923
5.28 -282.637 100.176 -90.3425 -148.695 -148.695
5.29 -282.63 85.0966 -80.9351 -121.748 -121.748
5.3 -282.624 71.1797 -71.2436 -97.2879 -97.2879
5.31 -282.622 59.8083 -60.7456 -78.0554 -78.0554
5.32 -282.624 51.6091 -48.9527 -63.854 -63.854
5.33 -282.632 45.3821 -36.208 -51.7062 -51.7062
5.34 -282.647 38.9796 -22.7226 -37.4058 -37.4058
5.35 -282.67 30.7303 -7.5362 -16.9994 -16.9994
5.36 -282.7 19.9679 11.0778 12.3521 12.3521
5.37 -282.735 6.90127 32.8578 51.2674 51.2674
5.38 -282.775 -7.46114 53.9359 96.4927 96.4927
5.39 -282.815 -21.7228 70.2612 140.66 140.66
5.4 -282.857 -34.9254 81.8889 175.426 175.426
5.41 -282.899 -46.4688 91.7473 196.126 196.126
5.42 -282.937 -55.3991 101.712 203.744 203.744
5.43 -282.974 -60.8113 110.551 202.828 202.828
5.44 -283.009 -63.3149 115.226 198.192 198.192
5.45 -283.042 -65.6039 114.949 193.582 193.582
5.46 -283.075 -70.7528 112.872 192.398 192.398
5.47 -283.107 -80.1086 113.281 197.955 197.955
5.48 -283.136 -92.9773 118.586 211.916 211.916
5.49 -283.164 -107.647 128.838 232.623 232.623
5.5 -283.186 -122.465 141.583 255.387 255.387
5.51 -283.201 -136.206 152.497 274.354 274.354
5.52 -283.209 -147.361 158.806 284.76 284.76
5.53 -283.209 -154.248 161.118 285.024 285.024
5.54 -283.203 -156.436 161.068 277.625 277.625
5.55 -283.192 -154.54 159.373 267.68 267.68
5.56 -283.177 -148.831 156.023 260.079 260.079
5.57 -283.159 -139.717 150.511 257.206 257.206
5.58 -283.138 -129.213 142.539 258.235 258.235
5.59 -283.117 -120.382 132.682 260.022 260.022
5.6 -283.095 -115.067 121.633 258.958 258.958
5.61 -283.071 -112.641 109.295 252.709 252.709
5.62 -283.046 -110.675 95.7786 241.015 241.015
5.63 -283.019 -106.291 83.0253 225.571 225.571
5.64 -282.99 -97.2393 73.8223 209.22 209.22
5.65 -282.96 -82.6018 68.7279 194.381 194.381
5.66 -282.93 -63.2221 64.752 181.295 181.295
5.67 -282.9 -41.5653 57.4138 167.538 167.538
5.68 -282.869 -20.4565 44.379 149.589 149.589
5.69 -282.838 -1.38407 27.1252 125.231 125.231
5.7 -282.808 15.9165 9.11281 94.6601 94.6601
5.71 -282.778 32.1215 -7.27018 59.5166 59.5166
5.72 -282.75 47.0164 -21.6016 21.3126 21.3126
5.73 -282.723 59.7525 -33.5546 -18.7624 -18.7624
5.74 -282.698 70.2322 -41.1744 -58.5294 -58.5294
5.75 -282.676 80.0819 -41.6723 -93.9185 -93.9185
5.76 -282.657 91.929 -34.1033 -120.162 -120.162
5.77 -282.643 107.656 -20.8257 -134.441 -134.441
5.78 -282.633 127.389 -6.46091 -137.684 -137.684
5.79 -282.626 149.581 3.40998 -134.222 -134.222
5.8 -282.623 171.557 3.28402 -130.217 -130.217
5.81 -282.621 190.688 -9.70237 -131.904 -131.904
5.82 -282.62 206.697 -32.0694 -143.225 -143.225
5.83 -282.621 222.224 -54.3575 -162.991 -162.991
5.84 -282.623 239.552 -68.3745 -184.274 -184.274
5.85 -282.628 256.966 -73.6488 -198.235 -198.235
5.86 -282.636 269.84 -75.5319 -199.52 -199.52
5.87 -282.644 275.255 -78.9817 -187.941 -187.941
5.88 -282.653 274.421 -85.8145 -165.761 -165.761
5.89 -282.662 271.145 -94.6008 -134.788 -134.788
5.9 -282.67 268.708 -101.739 -96.2275 -96.2275
5.91 -282.676 267.865 -104.259 -52.379 -52.379
5.92 -282.678 267.405 -101.1 -7.9112 -7.9112
5.93 -282.677 265.548 -92.0108 30.9097 30.9097
5.94 -282.674 259.989 -77.5116 58.885 58.885
5.95 -282.669 248.211 -59.9236 74.456 74.456
5.96 -282.665 229.077 -43.3015 80.3088 80.3088
5.97 -282.665 203.879 -31.1026 82.0289 82.0289
5.98 -282.669 175.663 -23.778 85.9791 85.9791
5.99 -282.679 147.413 -19.834 96.8578 96.8578
6 -282.692 120.354 -19.387 114.807 114.807
6.01 -282.709 93.6551 -25.3318 133.428 133.428
6.02 -282.726 65.3787 -40.2027 141.486 141.486
6.03 -282.743 32.8953 -63.7825 128.649 128.649
6.04 -282.756 -6.03438 -93.8921 91.2119 91.2119
6.05 -282.763 -50.3119 -127.325 33.5469 33.5469
6.06 -282.773 -95.3565 -161.584 -34.7437 -34.7437
6.07 -282.783 -135.833 -194.824 -102.889 -102.889
6.08 -282.792 -168.048 -225.123 -161.894 -161.894
6.09 -282.801 -191.224 -251.351 -206.313 -206.313
6.1 -282.811 -207.286 -273.928 -235.658 -235.658
6.11 -282.821 -219.176 -292.759 -254.783 -254.783
6.12 -282.826 -229.28 -305.939 -271.83 -271.83
6.13 -282.824 -239.029 -311.143 -294.406 -294.406
6.14 -282.812 -248.314 -305.76 -326.242 -326.242
6.15 -282.79 -255.705 -285.985 -365.4 -365.4
6.16 -282.762 -260.325 -248.94 -404.293 -404.293
6.17 -282.727 -262.603 -194.982 -432.021 -432.021
6.18 -282.69 -263.82 -127.439 -438.372 -438.372
6.19 -282.654 -266.565 -52.0387 -417.514 -417.514
6.2 -282.621 -275.04 23.8485 -370.1 -370.1
6.21 -282.591 -292.273 94.5358 -303.189 -303.189
6.22 -282.569 -316.687 159.439 -227.431 -227.431
6.23 -282.557 -342.077 222.024 -152.597 -152.597
6.24 -282.555 -361.865 283.994 -84.4344 -84.4344
6.25 -282.569 -374.594 341.273 -24.7102 -24.7102
6.26 -282.602 -385.018 384.146 26.7801 26.7801
6.27 -282.656 -400.104 401.337 70.8866 70.8866
6.28 -282.727 -423.237 386.754 109.671 109.671
6.29 -282.82 -450.694 345.59 148.006 148.006
6.3 -282.933 -473.546 293.811 194.055 194.055
6.31 -283.055 -483.529 246.944 256.259 256.259
6.32 -283.187 -477.938 208.495 336.809 336.809
6.33 -283.322 -458.837 169.691 426.483 426.483
6.34 -283.456 -429.974 117.877 506.923 506.923
6.35 -283.582 -394.888 46.038 560.231 560.231
6.36 -283.695 -355.264 -41.3326 579.116 579.116
6.37 -283.791 -308.897 -127.532 571.044 571.044
6.38 -283.866 -250.58 -190.319 554.657 554.657
6.39 -283.915 -178.137 -216.584 549.907 549.907
6.4 -283.934 -97.0265 -211.162 565.967 565.967
6.41 -283.92 -16.9598 -187.173 595.223 595.223
6.42 -283.871 53.652 -151.969 619.853 619.853
6.43 -283.788 108.39 -105.872 625.497 625.497
6.44 -283.67 142.68 -46.9812 609.215 609.215
6.45 -283.519 156.137 26.9019 576.978 576.978
6.46 -283.332 152.884 116.537 536.573 536.573
6.47 -283.128 138.542 218.28 492.175 492.175
6.48 -282.904 116.16 322.108 442.065 442.065
6.49 -282.679 86.4965 416.13 380.042 380.042
6.5 -282.467 50.1629 492.037 300.85 300.85
6.51 -282.281 9.79876 545.615 205.981 205.981
6.52 -282.132 -30.2476 573.388 103.982 103.982
6.53 -282.026 -66.5283 569.697 4.12969 4.12969
6.54 -281.968 -96.6707 528.466 -90.6896 -90.6896
6.55 -281.962 -116.846 450.313 -184.679 -184.679
6.56 -281.999 -121.105 345.26 -282.487 -282.487
6.57 -282.08 -104.18 227.669 -381.904 -381.904
6.58 -282.2 -64.0393 109.664 -472.786 -472.786
6.59 -282.351 -3.06411 -2.99996 -542.364 -542.364
6.6 -282.523 72.6 -112.089 -582.054 -582.054
6.61 -282.699 156.136 -222.705 -591.009 -591.009
6.62 -282.859 242.526 -336.478 -574.77 -574.77
6.63 -283.034 330.869 -451.817 -540.824 -540.824
6.64 -283.162 419.544 -561.564 -494.799 -494.799
6.65 -283.264 505.175 -656.068 -439.926 -439.926
6.66 -283.311 581.965 -728.144 -379.17 -379.17
6.67 -283.316 642.156 -773.745 -317.385 -317.385
6.68 -283.263 681.272 -791.647 -260.946 -260.946
6.69 -283.167 698.179 -779.635 -214.173 -214.173
6.7 -283.019 694.066 -735.01 -174.722 -174.722
6.71 -282.854 669.5 -658.41 -132.743 -132.743
6.72 -282.653 623.894 -555.248 -76.8871 -76.8871
6.73 -282.433 559.359 -433.636 -3.12231 -3.12231
6.74 -282.206 483.981 -300.809 80.9903 80.9903
6.75 -281.981 409.605 -163.406 158.645 158.645
6.76 -281.772 346.877 -28.472 209.854 209.854
6.77 -281.594 301.559 98.3496 218.441 218.441
6.78 -281.458 274.787 212.483 177.905 177.905
6.79 -281.376 265.395 308.065 93.2641 93.2641
6.8 -281.351 271.899 377.196 -22.171 -22.171
6.81 -281.389 293.523 413.667 -151.89 -151.89
6.82 -281.49 329.932 416.559 -279.472 -279.472
6.83 -281.652 379.842 388.866 -390.291 -390.291
6.84 -281.864 439.561 333.534 -474.161 -474.161
6.85 -282.114 503.833 253.274 -528.763 -528.763
6.86 -282.385 568.187 153.935 -560.122 -560.122
6.87 -282.657 629.097 44.3668 -578.181 -578.181
6.88 -282.915 682.546 -68.6966 -590.807 -590.807
6.89 -283.146 722.805 -183.853 -600.453 -600.453
6.9 -283.342 743.117 -301.835 -603.56 -603.56
6.91 -283.492 739.667 -419.283 -590.918 -590.918
6.92 -283.589 714.654 -527.523 -549.533 -549.533
6.93 -283.639 673.301 -618.568 -468.283 -468.283
6.94 -283.637 618.861 -691.298 -346.138 -346.138
6.95 -283.582 550.51 -748.232 -196.493 -196.493
6.96 -283.476 467.184 -788.001 -42.3046 -42.3046
6.97 -283.331 372.243 -804.168 94.9357 94.9357
6.98 -283.146 274.236 -789.509 203.604 203.604
6.99 -282.933 183.301 -741.216 282.61 282.61
7 -282.703 107.097 -660.366 337.294 337.294
7.01 -282.474 50.4064 -546.908 376.327 376.327
7.02 -282.255 15.8184 -400.312 410.342 410.342
7.03 -282.058 1.88801 -226.624 448.127 448.127
7.04 -281.896 0.548723 -42.2819 489.374 489.374
7.05 -281.77 -2.0732 129.251 519.702 519.702
7.06 -281.682 -18.9537 267.999 514.099 514.099
7.07 -281.629 -54.5339 366.975 448.538 448.538
7.08 -281.613 -104.94 430.222 311.984 311.984
7.09 -281.63 -164.032 463.681 110.318 110.318
7.1 -281.681 -227.755 469.277 -138.171 -138.171
7.11 -281.765 -293.425 445.926 -409.103 -409.103
7.12 -281.885 -357.407 393.397 -675.692 -675.692
7.13 -282.042 -416.07 313.411 -911.549 -911.549
7.14 -282.233 -467.935 208.511 -1095.6 -1095.6
7.15 -282.448 -513.747 82.3906 -1217.6 -1217.6
7.16 -282.685 -554.857 -59.2069 -1279.8 -1279.8
7.17 -282.927 -592.133 -208.52 -1293.25 -1293.25
7.18 -283.164 -627.002 -356.534 -1271.86 -1271.86
7.19 -283.386 -660.668 -493.827 -1227.27 -1227.27
7.2 -283.569 -692.932 -612.455 -1165.12 -1165.12
7.21 -283.73 -720.959 -706.165 -1083.3 -1083.3
7.22 -283.843 -740.769 -768.812 -972.443 -972.443
7.23 -283.912 -746.976 -793.84 -818.662 -818.662
7.24 -283.922 -736.022 -776.757 -609.404 -609.404
7.25 -283.9 -708.627 -718.156 -341.308 -341.308
7.26 -283.835 -669.864 -622.653 -25.9228 -25.9228
7.27 -283.721 -626.059 -495.13 311.149 311.149
7.28 -283.579 -582.34 -339.874 638.354 638.354
7.29 -283.409 -541.316 -162.626 927.712 927.712
7.3 -283.227 -503.457 29.0518 1160.14 1160.14
7.31 -283.041 -467.119 228.854 1327.22 1327.22
7.32 -282.857 -429.283 430.51 1431.64 1431.64
7.33 -282.694 -389.418 620.741 1484.63 1484.63
7.34 -282.587 -352.398 778.897 1497.87 1497.87
7.35 -282.493 -323.777 886.159 1474.72 1474.72
7.36 -282.446 -302.7 935.721 1409.48 1409.48
7.37 -282.421 -282.733 935.972 1295.17 1295.17
7.38 -282.436 -256.914 898.522 1129.92 1129.92
7.39 -282.488 -223.966 830.076 916.037 916.037
7.4 -282.563 -186.766 731.305 657.01 657.01
7.41 -282.663 -146.917 604.781 359.754 359.754
7.42 -282.786 -102.468 459.316 41.064 41.064
7.43 -282.929 -50.8859 306.329 -269.961 -269.961
7.44 -283.088 6.98284 150.921 -539.43 -539.43
7.45 -283.254 66.957 -9.35023 -742.037 -742.037
7.46 -283.414 125.518 -175.891 -869.826 -869.826
7.47 -283.553 182.807 -341.028 -930.316 -930.316
7.48 -283.656 242.125 -487.217 -938.173 -938.173
7.49 -283.715 307.511 -595.665 -907.948 -907.948
7.5 -283.721 382.451 -656.917 -850.47 -850.47
7.51 -283.675 468.398 -672.321 -771.375 -771.375
7.52 -283.571 565.47 -648.274 -669.726 -669.726
7.53 -283.432 669.79 -588.564 -537.455 -537.455
7.54 -283.252 774.83 -496.449 -363.056 -363.056
7.55 -283.04 872.094 -377.907 -140.182 -140.182
7.56 -282.812 953.408 -244.846 123.552 123.552
7.57 -282.566 1012.26 -112.765 403.639 403.639
7.58 -282.315 1046.76 10.4292 664.604 664.604
7.59 -282.072 1060.3 129.004 872.311 872.311
7.6 -281.822 1061.17 251.762 1004.94 1004.94
7.61 -281.604 1053.93 375.451 1055.92 1055.92
7.62 -281.408 1038.98 484.194 1030.21 1030.21
7.63 -281.252 1012.77 558.236 940.641 940.641
7.64 -281.149 972.658 587.718 806.669 806.669
7.65 -281.1 919.332 576.113 651.354 651.354
7.66 -281.122 857.643 536.054 493.904 493.904
7.67 -281.195 793.816 480.702 342.312 342.312
7.68 -281.323 731.457 414.562 191.329 191.329
7.69 -281.496 669.991 332.02 26.0208 26.0208
7.7 -281.712 608.383 227.17 -169.872 -169.872
7.71 -281.963 549.126 103.923 -402.146 -402.146
7.72 -282.238 497.191 -25.7463 -656.66 -656.66
7.73 -282.53 456.237 -150.62 -899.887 -899.887
7.74 -282.829 427.234 -263.903 -1090.57 -1090.57
7.75 -283.121 410.069 -359.406 -1194.65 -1194.65
7.76 -283.395 404.196 -428.695 -1195.03 -1195.03
7.77 -283.638 407.325 -464.631 -1094.46 -1094.46
7.78 -283.841 414.761 -467.134 -913.619 -913.619
7.79 -283.993 420.248 -444.628 -685.039 -685.039
7.8 -284.09 417.57 -408.166 -442.437 -442.437
7.81 -284.125 402.833 -363.622 -209.091 -209.091
7.82 -284.1 376.687 -307.615 8.70901 8.70901
7.83 -284.02 344.122 -228.731 220.013 220.013
7.84 -283.893 310.207 -115.931 441.186 441.186
7.85 -283.73 275.347 31.8096 685.375 685.375
7.86 -283.542 235.016 205.091 953.763 953.763
7.87 -283.34 183.921 389.728 1232.68 1232.68
7.88 -283.132 119.36 569.538 1496.94 1496.94
7.89 -282.929 40.8186 727.594 1715.76 1715.76
7.9 -282.74 -51.5016 848.545 1859.01 1859.01
7.91 -282.566 -157.305 922.573 1904.25 1904.25
7.92 -282.404 -274.713 949.261 1843.26 1843.26
7.93 -282.275 -395.434 935.655 1684.82 1684.82
7.94 -282.211 -510.106 895.44 1451.76 1451.76
7.95 -282.18 -608.548 837.451 1173.87 1173.87
7.96 -282.216 -684.945 761.97 879.305 879.305
7.97 -282.312 -737.095 663.748 588.077 588.077
7.98 -282.471 -765.143 538.293 310.963 310.963
7.99 -282.679 -770.379 387.852 52.7932 52.7932
8 -282.926 -754.621 223.237 -184.001 -184.001
8.01 -283.194 -721.621 57.8751 -398.093 -398.093
8.02 -283.461 -678.553 -100.424 -589.978 -589.978
8.03 -283.708 -634.127 -250.305 -762.175 -762.175
8.04 -283.916 -593.073 -388.937 -915.972 -915.972
8.05 -284.078 -553.288 -507.047 -1045.59 -1045.59
8.06 -284.178 -511.068 -596.001 -1135.71 -1135.71
8.07 -284.216 -466.521 -655.007 -1166.84 -1166.84
8.08 -284.196 -423.847 -689.092 -1125.24 -1125.24
8.09 -284.111 -388.382 -699.941 -1008.69 -1008.69
8.1 -283.968 -363.427 -681.472 -825.251 -825.251
8.11 -283.772 -350.246 -626.272 -589.988 -589.988
8.12 -283.532 -348.207 -532.512 -324.034 -324.034
8.13 -283.256 -355.347 -405.238 -53.3292 -53.3292
8.14 -282.957 -369.956 -254.785 196.593 196.593
8.15 -282.65 -392.188 -94.4643 407.482 407.482
8.16 -282.347 -423.273 62.0458 571.536 571.536
8.17 -282.063 -462.413 202.663 689.135 689.135
8.18 -281.809 -504.398 318.489 764.246 764.246
8.19 -281.599 -540.764 404.356 800.829 800.829
8.2 -281.438 -564.371 457.681 800.387 800.387
8.21 -281.336 -571.91 476.187 759.756 759.756
8.22 -281.293 -564.683 458.584 670.579 670.579
8.23 -281.314 -547.131 404.247 522.628 522.628
8.24 -281.394 -525.324 314.016 310.472 310.472
8.25 -281.533 -504.221 191.792 40.1357 40.1357
8.26 -281.723 -485.822 45.0513 -268.202 -268.202
8.27 -281.956 -469.398 -117.751 -583.958 -583.958
8.28 -282.22 -453.069 -289.19 -875.211 -875.211
8.29 -282.502 -434.461 -461.403 -1117.96 -1117.96
8.3 -282.785 -411.763 -626.624 -1300.65 -1300.65
8.31 -283.056 -384.979 -779.278 -1423.74 -1423.74
8.32 -283.282 -357.555 -917.49 -1496.69 -1496.69
8.33 -283.468 -332.247 -1038.52 -1533.2 -1533.2
8.34 -283.602 -310.316 -1138.98 -1544.67 -1544.67
8.35 -283.663 -290.508 -1215.48 -1534.88 -1534.88
8.36 -283.668 -272.469 -1264.75 -1499.85 -1499.85
8.37 -283.601 -257.545 -1285.77 -1432.01 -1432.01
8.38 -283.472 -249.211 -1277.23 -1324.03 -1324.03
8.39 -283.301 -252.366 -1235.29 -1170.68 -1170.68
8.4 -283.089 -270.145 -1157.61 -970.912 -970.912
8.41 -282.839 -303.846 -1046.67 -731.849 -731.849
8.42 -282.567 -353.027 -911.522 -472.39 -472.39
8.43 -282.276 -415.2 -764.653 -220.973 -220.973
8.44 -281.979 -486.488 -618.887 -7.69503 -7.69503
8.45 -281.683 -563.576 -485.848 143.874 143.874
8.46 -281.403 -644.111 -375.034 220.996 220.996
8.47 -281.15 -725.583 -292.783 221.865 221.865
8.48 -280.94 -804.684 -242.694 152.9 152.9
8.49 -280.784 -877.819 -228.297 24.285 24.285
8.5 -280.688 -941.481 -253.995 -154.769 -154.769
8.51 -280.66 -992.661 -320.865 -378.003 -378.003
8.52 -280.698 -1028.49 -421.958 -639.598 -639.598
8.53 -280.801 -1045.94 -544.133 -929.825 -929.825
8.54 -280.975 -1044.09 -674.091 -1233.78 -1233.78
8.55 -281.199 -1026.13 -804.257 -1534.65 -1534.65
8.56 -281.463 -996.898 -932.703 -1818.04 -1818.04
8.57 -281.74 -962.108 -1061.4 -2073.54 -2073.54
8.58 -282.029 -924.814 -1189.38 -2293.18 -2293.18
8.59 -282.301 -885.823 -1309.72 -2468.77 -2468.77
8.6 -282.55 -845.683 -1418.1 -2591.37 -2591.37
8.61 -282.749 -807.749 -1516.04 -2654.36 -2654.36
8.62 -282.895 -778.226 -1604.93 -2657.82 -2657.82
8.63 -282.99 -762.508 -1684.84 -2608.78 -2608.78
8.64 -283.01 -765.472 -1752.12 -2516.59 -2516.59
8.65 -282.973 -789.464 -1800.62 -2387.75 -2387.75
8.66 -282.87 -834.818 -1825.17 -2224.41 -2224.41
8.67 -282.712 -897.578 -1819.27 -2025.49 -2025.49
8.68 -282.521 -970.698 -1777.55 -1788.63 -1788.63
8.69 -282.303 -1045.05 -1696.96 -1513.61 -1513.61
8.7 -282.063 -1113.64 -1580.91 -1206.91 -1206.91
8.71 -281.821 -1172.05 -1439.46 -884.535 -884.535
8.72 -281.595 -1215.36 -1283.08 -569.872 -569.872
8.73 -281.39 -1237.62 -1117.92 -287.056 -287.056
8.74 -281.213 -1235.1 -948.013 -54.6342 -54.6342
8.75 -281.073 -1209.24 -780.845 115.656 115.656
8.76 -280.979 -1165.54 -627.883 215.987 215.987
8.77 -280.935 -1109.09 -499.612 240.762 240.762
8.78 -280.944 -1039.95 -398.816 189.335 189.335
8.79 -281.01 -952.855 -319.025 70.3836 70.3836
8.8 -281.136 -841.587 -250.077 -97.5336 -97.5336
8.81 -281.32 -703.427 -183.228 -291.015 -291.015
8.82 -281.55 -541.41 -115.036 -488.872 -488.872
8.83 -281.82 -363.725 -49.0592 -676.8 -676.8
8.84 -282.116 -182.18 4.0092 -848.21 -848.21
8.85 -282.423 -9.95773 29.9985 -1002.85 -1002.85
8.86 -282.727 142.445 18.0025 -1144.17 -1144.17
8.87 -283.013 270.425 -33.8551 -1273.97 -1273.97
8.88 -283.267 375.766 -115.971 -1387.28 -1387.28
8.89 -283.475 463.967 -210.637 -1472.17 -1472.17
8.9 -283.628 539.368 -300.771 -1513.22 -1513.22
8.91 -283.726 602.934 -375.904 -1496.57 -1496.57
8.92 -283.768 655.18 -430.491 -1413.31 -1413.31
8.93 -283.76 698.537 -458.586 -1258.33 -1258.33
8.94 -283.701 738.538 -453.596 -1026.99 -1026.99
8.95 -283.615 779.162 -408.359 -715.158 -715.158
8.96 -283.486 822.965 -318.787 -324.339 -324.339
8.97 -283.32 871.624 -184.151 132.71 132.71
8.98 -283.175 926.724 -8.95892 631.231 631.231
8.99 -283.041 988.342 197.853 1138.71 1138.71
9 -282.861 1060.15 425.221 1620.3 1620.3
9.01 -282.693 1140.28 655.309 2043.63 2043.63
9.02 -282.587 1231.02 878.101 2384.95 2384.95
9.03 -282.494 1333.96 1088.09 2635.72 2635.72
9.04 -282.451 1446.58 1277.18 2802.98 2802.98
9.05 -282.435 1567.06 1443.42 2901.3 2901.3
9.06 -282.426 1687.62 1586.42 2943.13 2943.13
9.07 -282.482 1800.11 1705.86 2933.99 2933.99
9.08 -282.565 1894.98 1804.88 2873.23 2873.23
9.09 -282.72 1964.33 1882.58 2757.69 2757.69
9.1 -282.892 2003.35 1939.25 2585.55 2585.55
9.11 -283.109 2010.28 1969.53 2358.62 2358.62
9.12 -283.358 1982.62 1962.96 2082.98 2082.98
9.13 -283.581 1921.13 1908.97 1768.25 1768.25
9.14 -283.795 1830.23 1808.09 1426.83 1426.83
9.15 -284.009 1715.53 1669.64 1075.74 1075.74
9.16 -284.188 1585.35 1509.24 738.037 738.037
9.17 -284.346 1446.4 1339.73 438.426 438.426
9.18 -284.471 1302.73 1166.51 195.568 195.568
9.19 -284.565 1154.89 990.206 17.8467 17.8467
9.2 -284.624 1001.52 814.134 -94.5929 -94.5929
9.21 -284.654 841.548 647.522 -143.627 -143.627
9.22 -284.666 675.881 502.094 -128.131 -128.131
9.23 -284.62 509.479 387.304 -44.2176 -44.2176
9.24 -284.51 351.141 308.451 109.709 109.709
9.25 -284.389 207.46 262.433 327.306 327.306
9.26 -284.241 81.662 240.941 592.151 592.151
9.27 -284.066 -24.4843 237.153 880.216 880.216
9.28 -283.871 -108.404 250.1 1165.76 1165.76
9.29 -283.66 -167.824 282.643 1427.62 1427.62
9.3 -283.441 -205.246 334.472 1651.69 1651.69
9.31 -283.222 -229.49 399.08 1828.37 1828.37
9.32 -283.009 -251.267 467.867 1948.96 1948.96
9.33 -282.81 -277.776 534.425 2005.3 2005.3
9.34 -282.635 -312.222 593.549 1991.73 1991.73
9.35 -282.485 -356.434 639.5 1906.6 1906.6
9.36 -282.376 -410.533 666.766 1752.47 1752.47
9.37 -282.306 -472.899 671.403 1534.67 1534.67
9.38 -282.254 -540.777 649.403 1258.47 1258.47
9.39 -282.231 -610.667 595.816 926.925 926.925
9.4 -282.234 -678.695 507.815 542.082 542.082
9.41 -282.261 -740.219 387.319 109.852 109.852
9.42 -282.32 -790.001 240.816 -355.257 -355.257
9.43 -282.388 -826.132 74.8244 -830.082 -830.082
9.44 -282.479 -850.009 -106.952 -1288.2 -1288.2
9.45 -282.561 -866.585 -306.16 -1706.78 -1706.78
9.46 -282.657 -879.576 -517.19 -2069.92 -2069.92
9.47 -282.767 -889.092 -729.004 -2366.88 -2366.88
9.48 -282.853 -890.367 -929.221 -2588.49 -2588.49
9.49 -282.913 -877.05 -1104.23 -2726.07 -2726.07
9.5 -282.958 -844.413 -1246.15 -2773.55 -2773.55
9.51 -282.958 -792.101 -1356.15 -2730.24 -2730.24
9.52 -282.927 -723.375 -1438.99 -2601.91 -2601.91
9.53 -282.854 -640.273 -1494.7 -2398.54 -2398.54
9.54 -282.748 -541.493 -1515.04 -2129.68 -2129.68
9.55 -282.614 -426.201 -1488.73 -1801.82 -1801.82
9.56 -282.448 -295.616 -1411.11 -1421.14 -1421.14
9.57 -282.269 -154.134 -1286.25 -999.403 -999.403
9.58 -282.081 -5.3191 -1124.32 -557.229 -557.229
9.59 -281.89 150.021 -935.199 -121.321 -121.321
9.6 -281.718 312.388 -726.315 282.214 282.214
9.61 -281.554 478.61 -508.165 632.729 632.729
9.62 -281.414 642.422 -296.807 914.354 914.354
9.63 -281.305 797.548 -109.402 1114.06 1114.06
9.64 -281.227 940.549 44.8329 1224.01 1224.01
9.65 -281.166 1074.08 167.798 1243.59 1243.59
9.66 -281.109 1203.69 267.44 1177.48 1177.48
9.67 -281.107 1329.4 350.109 1034.02 1034.02
9.68 -281.149 1446.06 411.552 825.056 825.056
9.69 -281.226 1546.98 443.678 564.858 564.858
9.7 -281.354 1627.61 444.758 269.501 269.501
9.71 -281.52 1688.29 418.716 -42.764 -42.764
9.72 -281.71 1731.84 370.415 -352.808 -352.808
9.73 -281.924 1761.51 302.67 -644.313 -644.313
9.74 -282.152 1782.15 220.745 -905.947 -905.947
9.75 -282.384 1801.14 133.554 -1129.39 -1129.39
9.76 -282.623 1825.27 47.3729 -1306.23 -1306.23
9.77 -282.845 1856.43 -36.1899 -1428.18 -1428.18
9.78 -283.028 1892.21 -119.679 -1489.52 -1489.52
9.79 -283.183 1930.43 -203.292 -1486.1 -1486.1
9.8 -283.306 1970.03 -277.697 -1411.05 -1411.05
9.81 -283.39 2010.69 -327.74 -1253.67 -1253.67
9.82 -283.442 2052.97 -336.258 -1005.02 -1005.02
9.83 -283.455 2095.64 -290.097 -665.297 -665.297
9.84 -283.434 2133.98 -185.167 -246.47 -246.47
9.85 -283.377 2161.83 -27.7137 230.114 230.114
9.86 -283.289 2173.63 169.027 737.224 737.224
9.87 -283.169 2166.47 393.748 1245.76 1245.76
9.88 -283.03 2139.75 637.167 1729.62 1729.62
9.89 -282.889 2093.31 886.745 2168.61 2168.61
9.9 -282.726 2027.5 1130.54 2547.63 2547.63
9.91 -282.58 1942.88 1358.85 2854.3 2854.3
9.92 -282.446 1841.22 1567.34 3078.34 3078.34
9.93 -282.355 1724.11 1756.31 3212.83 3212.83
9.94 -282.285 1592.25 1925.95 3255.91 3255.91
9.95 -282.267 1446.45 2069.85 3210.25 3210.25
9.96 -282.321 1288.27 2183.38 3081.1 3081.1
9.97 -282.43 1123.08 2266.16 2877.83 2877.83
9.98 -282.612 956.351 2317.58 2617.1 2617.1
9.99 -282.861 792.247 2334.15 2320.1 2320.1
10 -283.176 629.321 2311.61 2005.79 2005.79
