0.1 -10.6471 -3.9968e-015 2.22045e-015 -0.415306 -0.415306
0.2 -21.294 2.93099e-014 6.21725e-015 -0.830689 -0.830689
0.3 -31.9409 2.30926e-014 3.10862e-015 -1.24615 -1.24615
0.4 -42.5877 3.01981e-014 1.06581e-014 -1.66169 -1.66169
0.5 -53.2345 5.32907e-015 7.99361e-015 -2.0773 -2.0773
0.6 -63.8812 3.01981e-014 1.42109e-014 -2.49299 -2.49299
0.7 -74.5278 6.75016e-014 1.59872e-014 -2.90876 -2.90876
0.8 -85.1744 1.1724e-013 2.84217e-014 -3.3246 -3.3246
0.9 -95.821 4.61853e-014 1.42109e-014 -3.74051 -3.74051
1 -106.468 6.75016e-014 1.77636e-014 -4.1565 -4.1565
0.01 -106.47 0.000140866 4.58027e-005 -4.16719 -4.16719
0.02 -106.48 -0.000279887 8.66216e-005 -4.2218 -4.2218
0.03 -106.493 -0.00018987 1.83626e-005 -4.34337 -4.34337
0.04 -106.51 0.000379516 -4.29718e-005 -4.50259 -4.50259
0.05 -106.529 6.69024e-005 -8.3968e-006 -4.64932 -4.64932
0.06 -106.551 -0.000240788 -0.00014681 -4.77117 -4.77117
0.07 -106.574 -5.48806e-005 -8.36138e-005 -4.88875 -4.88875
0.08 -106.596 -0.000339856 0.000112509 -5.01135 -5.01135
0.09 -106.617 -0.000128729 6.95546e-006 -5.12126 -5.12126
0.1 -106.634 -0.000432303 -9.31138e-005 -5.19487 -5.19487
0.11 -106.648 -0.000272394 -0.000525293 -5.22436 -5.22436
0.12 -106.657 0.000430282 -0.00068599 -5.22029 -5.22029
0.13 -106.663 -0.00041322 6.28197e-005 -5.20499 -5.20499
0.14 -106.665 0.000411526 7.5319e-005 -5.20846 -5.20846
0.15 -106.663 -0.000221616 -0.000147824 -5.26263 -5.26263
0.16 -106.66 -0.000549987 -2.84269e-005 -5.38823 -5.38823
0.17 -106.653 0.000373389 0.0001277 -5.58093 -5.58093
0.18 -106.645 -0.000133533 4.28279e-005 -5.81032 -5.81032
0.19 -106.636 0.000141471 -8.38232e-005 -6.03475 -6.03475
0.2 -106.625 0.000223604 6.357e-005 -6.22141 -6.22141
0.21 -106.613 0.000881402 -0.000113994 -6.3572 -6.3572
0.22 -106.599 0.000149867 2.63917e-005 -6.44348 -6.44348
0.23 -106.583 -0.000117498 -0.000144578 -6.48264 -6.48264
0.24 -106.565 0.000184699 -8.05335e-005 -6.47292 -6.47292
0.25 -106.545 5.34499e-005 1.47583e-005 -6.4178 -6.4178
0.26 -106.523 -7.85641e-005 -1.23165e-005 -6.33695 -6.33695
0.27 -106.499 8.1677e-005 1.08672e-005 -6.26089 -6.26089
0.28 -106.472 0.000336279 6.15086e-005 -6.20991 -6.20991
0.29 -106.443 0.00018701 3.29655e-005 -6.18043 -6.18043
0.3 -106.412 -0.000105643 -2.25463e-005 -6.15437 -6.15437
0.31 -106.379 5.50786e-005 9.45918e-006 -6.11524 -6.11524
0.32 -106.346 -7.03629e-005 -8.59838e-006 -6.04935 -6.04935
0.33 -106.311 0.000483836 0.000358463 -5.93982 -5.93982
0.34 -106.276 0.000187461 0.000153688 -5.77187 -5.77187
0.35 -106.241 -0.000105387 -8.66975e-005 -5.54489 -5.54489
0.36 -106.205 5.77521e-005 4.80531e-005 -5.27533 -5.27533
0.37 -106.17 -3.15061e-005 -2.65676e-005 -4.98767 -4.98767
0.38 -106.136 1.73953e-005 1.40357e-005 -4.70085 -4.70085
0.39 -106.101 -9.5939e-006 -7.75519e-006 -4.41992 -4.41992
0.4 -106.064 -1.03038e-005 7.23191e-006 -4.14205 -4.14205
0.41 -106.026 -1.12651e-006 -5.98131e-006 -3.87181 -3.87181
0.42 -105.988 -7.76403e-005 -3.87468e-005 -3.62549 -3.62549
0.43 -105.949 0.000101126 5.16317e-005 -3.4166 -3.4166
0.44 -105.91 -5.88528e-005 -3.49307e-005 -3.24057 -3.24057
0.45 -105.871 5.39534e-005 2.47779e-005 -3.07724 -3.07724
0.46 -105.833 -1.56004e-005 -2.07123e-006 -2.90968 -2.90968
0.47 -105.794 8.56137e-006 1.13667e-006 -2.73535 -2.73535
0.48 -105.756 -4.6984e-006 -6.23794e-007 -2.55671 -2.55671
0.49 -105.719 2.60887e-006 5.85799e-007 -2.36941 -2.36941
0.5 -105.683 -1.43169e-006 -3.21178e-007 -2.16104 -2.16104
0.51 -105.647 1.15898e-006 2.33922e-006 -1.91327 -1.91327
0.52 -105.612 -1.02382e-006 -4.32355e-006 -1.6068 -1.6068
0.53 -105.578 1.24758e-006 5.46345e-006 -1.2307 -1.2307
0.54 -105.542 -1.12389e-006 -7.95273e-006 -0.784077 -0.784077
0.55 -105.504 2.98167e-006 1.34627e-005 -0.269913 -0.269913
0.56 -105.463 -1.792e-006 -1.43261e-005 0.29779 0.29779
0.57 -105.421 1.96757e-005 4.46668e-005 0.873932 0.873932
0.58 -105.383 -2.24784e-006 -2.39877e-005 1.38265 1.38265
0.59 -105.35 1.97255e-005 4.85597e-005 1.75923 1.75923
0.6 -105.324 2.29556e-005 1.59782e-005 2.00192 2.00192
0.61 -105.305 -1.22093e-005 -4.11675e-006 2.17159 2.17159
0.62 -105.294 6.67796e-006 2.45886e-006 2.33119 2.33119
0.63 -105.288 -3.87684e-006 3.4692e-007 2.50692 2.50692
0.64 -105.284 2.12757e-006 -1.90386e-007 2.72578 2.72578
0.65 -105.277 -1.16759e-006 1.04482e-007 3.04675 3.04675
0.66 -105.268 -6.25212e-007 1.03213e-005 3.50462 3.50462
0.67 -105.261 3.42644e-007 -5.66039e-006 4.05338 4.05338
0.68 -105.254 3.07138e-008 1.32181e-006 4.61187 4.61187
0.69 -105.247 -1.19642e-007 1.08519e-007 5.14176 5.14176
0.7 -105.242 -4.33609e-007 -2.15247e-008 5.64414 5.64414
0.71 -105.237 9.94598e-007 -1.37164e-006 6.09846 6.09846
0.72 -105.234 -2.44268e-006 5.14901e-006 6.43534 6.43534
0.73 -105.237 1.44294e-007 2.34103e-006 6.56524 6.56524
0.74 -105.248 -1.00248e-006 3.14436e-006 6.43179 6.43179
0.75 -105.271 -1.5312e-006 5.59838e-006 6.05762 6.05762
0.76 -105.306 1.77686e-006 -5.55286e-006 5.55034 5.55034
0.77 -105.352 -2.27043e-006 5.49937e-006 5.05806 5.05806
0.78 -105.405 2.00341e-007 -6.3399e-006 4.7134 4.7134
0.79 -105.46 -1.37291e-005 2.36061e-005 4.60078 4.60078
0.8 -105.513 -0.000261243 0.00035419 4.73239 4.73239
0.81 -105.561 -7.05947e-005 0.000105996 5.02772 5.02772
0.82 -105.604 -0.000348892 0.000469169 5.33471 5.33471
0.83 -105.642 -0.000214722 0.000308881 5.50068 5.50068
0.84 -105.675 0.000133048 -0.000198801 5.44089 5.44089
0.85 -105.7 -8.73665e-005 0.000125314 5.16335 5.16335
0.86 -105.716 4.79105e-005 -6.80367e-005 4.75011 4.75011
0.87 -105.721 -1.34261e-005 -5.95092e-006 4.29642 4.29642
0.88 -105.72 -1.75586e-005 6.59805e-005 3.83269 3.83269
0.89 -105.717 5.97519e-005 -9.54079e-005 3.32705 3.32705
0.9 -105.708 -9.01261e-005 0.000113844 2.80446 2.80446
0.91 -105.688 -0.000127513 0.000132658 2.42635 2.42635
0.92 -105.657 -0.000118951 0.000141687 2.38547 2.38547
0.93 -105.622 -0.000388899 0.00037191 2.72409 2.72409
0.94 -105.585 -0.000243074 0.000253681 3.30776 3.30776
0.95 -105.547 0.000129641 -0.000133792 3.97168 3.97168
0.96 -105.51 -7.2291e-005 7.0111e-005 4.62873 4.62873
0.97 -105.474 3.86213e-005 -3.7347e-005 5.23315 5.23315
0.98 -105.445 -2.40984e-005 2.9501e-005 5.70516 5.70516
0.99 -105.426 -2.11801e-006 -1.2731e-005 5.94522 5.94522
1 -105.415 8.08198e-007 6.9424e-006 5.93535 5.93535
1.01 -105.41 -4.24557e-006 -4.27129e-006 5.77754 5.77754
1.02 -105.417 -2.47701e-006 1.64981e-006 5.59112 5.59112
1.03 -105.433 -5.06113e-006 -1.82356e-006 5.44473 5.44473
1.04 -105.447 2.7775e-006 1.00075e-006 5.45243 5.45243
1.05 -105.452 -1.52426e-006 -5.492e-007 5.82484 5.82484
1.06 -105.448 8.36502e-007 3.01395e-007 6.68354 6.68354
1.07 -105.44 -4.59065e-007 -1.65402e-007 7.86335 7.86335
1.08 -105.427 2.5193e-007 9.077e-008 9.01783 9.01783
1.09 -105.406 -1.38257e-007 -4.98129e-008 9.90893 9.90893
1.1 -105.382 7.58741e-008 2.7336e-008 10.4907 10.4907
1.11 -105.361 -4.1639e-008 -1.50009e-008 10.7428 10.7428
1.12 -105.343 2.28511e-008 8.23142e-009 10.6057 10.6057
1.13 -105.316 -1.25405e-008 -4.51644e-009 10.1347 10.1347
1.14 -105.276 6.88218e-009 2.47773e-009 9.54631 9.54631
1.15 -105.22 3.58824e-006 2.90147e-005 9.02942 9.02942
1.16 -105.145 -3.28098e-006 1.21001e-005 8.65325 8.65325
1.17 -105.045 1.10313e-005 2.08158e-005 8.49925 8.49925
1.18 -104.92 5.4057e-006 1.19228e-005 8.72152 8.72152
1.19 -104.778 2.1266e-005 4.7131e-005 9.40548 9.40548
1.2 -104.629 -1.46284e-005 -2.18113e-005 10.418 10.418
1.21 -104.488 1.20877e-005 1.64042e-005 11.4228 11.4228
1.22 -104.367 5.0848e-006 6.14481e-005 12.0411 12.0411
1.23 -104.274 1.22368e-005 4.71678e-005 12.0253 12.0253
1.24 -104.209 -6.71543e-006 -2.58853e-005 11.357 11.357
1.25 -104.162 3.68536e-006 1.42056e-005 10.2734 10.2734
1.26 -104.115 -2.02249e-006 -7.79589e-006 9.21975 9.21975
1.27 -104.055 1.10992e-006 4.27831e-006 8.68837 8.68837
1.28 -103.974 -6.09116e-007 -2.34789e-006 9.01595 9.01595
1.29 -103.875 3.34277e-007 1.2885e-006 10.2829 10.2829
1.3 -103.766 3.77938e-006 3.82183e-006 12.3421 12.3421
1.31 -103.654 8.97215e-006 1.05269e-005 14.9261 14.9261
1.32 -103.54 -6.84865e-006 -9.58066e-006 17.7599 17.7599
1.33 -103.428 3.36084e-005 3.62013e-005 20.5611 20.5611
1.34 -103.319 1.34134e-005 1.82361e-005 22.9886 22.9886
1.35 -103.199 4.84914e-005 5.51367e-005 24.7739 24.7739
1.36 -103.052 6.98961e-005 7.66692e-005 25.9462 25.9462
1.37 -102.883 -1.16354e-006 1.49378e-005 26.7828 26.7828
1.38 -102.711 9.44379e-007 1.48609e-005 27.5053 27.5053
1.39 -102.56 6.81189e-007 -1.32934e-006 28.1381 28.1381
1.4 -102.449 1.55544e-005 2.72075e-005 28.6642 28.6642
1.41 -102.391 4.17478e-006 1.62536e-005 29.1639 29.1639
1.42 -102.386 -2.29108e-006 -8.91984e-006 29.7249 29.7249
1.43 -102.416 1.25732e-006 4.89512e-006 30.3223 30.3223
1.44 -102.462 -6.90007e-007 -2.6864e-006 30.8149 30.8149
1.45 -102.519 3.78669e-007 1.47427e-006 30.9305 30.9305
1.46 -102.598 -2.0781e-007 -8.09065e-007 30.2537 30.2537
1.47 -102.711 1.14044e-007 4.44007e-007 28.4452 28.4452
1.48 -102.863 -6.25863e-008 -2.43667e-007 25.5994 25.5994
1.49 -103.07 3.43468e-008 1.33722e-007 22.2519 22.2519
1.5 -103.353 -1.88491e-008 -7.33853e-008 18.9103 18.9103
1.51 -103.707 1.03442e-008 4.02731e-008 15.7373 15.7373
1.52 -104.085 -5.67688e-009 -2.21014e-008 12.8252 12.8252
1.53 -104.438 3.11537e-009 1.21291e-008 10.4979 10.4979
1.54 -104.741 -1.70972e-009 -6.65637e-009 9.00287 9.00287
1.55 -104.993 -3.99002e-005 -5.1785e-006 8.074 8.074
1.56 -105.198 -0.000227349 0.000126691 7.18595 7.18595
1.57 -105.368 0.000100666 -5.25031e-005 6.20596 6.20596
1.58 -105.526 9.47224e-005 -0.000103857 5.49905 5.49905
1.59 -105.705 8.19797e-005 -6.40402e-005 5.34657 5.34657
1.6 -105.937 4.14515e-005 -4.6129e-005 5.42024 5.42024
1.61 -106.243 0.0002432 6.7258e-006 4.8827 4.8827
1.62 -106.607 0.000562022 0.000286308 3.00673 3.00673
1.63 -106.974 1.43494e-006 0.000311421 -0.209774 -0.209774
1.64 -107.268 -0.000197983 8.82371e-005 -3.90432 -3.90432
1.65 -107.427 -0.000303815 -0.000201169 -6.77427 -6.77427
1.66 -107.431 0.000243319 0.000300413 -7.75173 -7.75173
1.67 -107.303 7.47303e-005 -0.000131091 -6.45038 -6.45038
1.68 -107.09 -0.000143266 -0.000257191 -3.15337 -3.15337
1.69 -106.849 -9.42452e-005 -0.000224063 1.41145 1.41145
1.7 -106.63 -4.15017e-006 0.000137399 6.17454 6.17454
1.71 -106.46 -3.88214e-005 -3.76461e-006 9.8263 9.8263
1.72 -106.324 1.5563e-005 6.7163e-006 11.2298 11.2298
1.73 -106.185 -1.69936e-005 3.50445e-008 9.94298 9.94298
1.74 -106.013 3.51934e-006 2.16076e-006 6.34673 6.34673
1.75 -105.792 -1.02207e-005 3.80027e-006 1.41751 1.41751
1.76 -105.524 -4.11988e-005 1.62082e-005 -3.4255 -3.4255
1.77 -105.236 2.26095e-005 -8.89491e-006 -6.4509 -6.4509
1.78 -104.983 -1.24079e-005 4.88144e-006 -6.16059 -6.16059
1.79 -104.817 6.80933e-006 -2.67889e-006 -2.09565 -2.09565
1.8 -104.751 -3.73689e-006 1.47015e-006 4.83974 4.83974
1.81 -104.764 2.05077e-006 -8.06804e-007 12.762 12.762
1.82 -104.818 -1.12544e-006 4.42766e-007 19.4451 19.4451
1.83 -104.868 6.17633e-007 -2.42986e-007 22.9712 22.9712
1.84 -104.869 -3.38951e-007 1.33348e-007 22.4597 22.4597
1.85 -104.794 1.86013e-007 -7.31803e-008 18.5918 18.5918
1.86 -104.648 -1.02082e-007 4.01606e-008 13.3763 13.3763
1.87 -104.46 5.60217e-008 -2.20398e-008 9.21449 9.21449
1.88 -104.229 -3.0744e-008 1.20952e-008 8.08862 8.08862
1.89 -103.935 4.3662e-005 1.58539e-005 11.2266 11.2266
1.9 -103.59 0.00112336 0.000947042 18.5781 18.5781
1.91 -103.258 0.000278729 0.000450091 28.0465 28.0465
1.92 -103.001 -0.000150658 -0.000197285 35.835 35.835
1.93 -102.85 7.39166e-005 9.14784e-005 38.4247 38.4247
1.94 -102.833 0.000680142 0.000729859 34.5008 34.5008
1.95 -102.965 0.000181112 0.000227175 25.2151 25.2151
1.96 -103.235 -9.93925e-005 -0.000124671 13.2241 13.2241
1.97 -103.595 5.45457e-005 6.84184e-005 1.72738 1.72738
1.98 -103.987 -2.99341e-005 -3.75474e-005 -6.33806 -6.33806
1.99 -104.375 0.000103471 -1.93708e-006 -9.34136 -9.34136
2 -104.75 0.00048749 -0.000362684 -7.77801 -7.77801
2.01 -105.117 -6.54635e-005 -0.000157337 -3.96599 -3.96599
2.02 -105.482 -0.000222868 0.000146109 -0.682221 -0.682221
2.03 -105.852 -0.000441904 0.000334136 0.141166 0.141166
2.04 -106.246 -0.000143896 0.00018277 -2.23982 -2.23982
2.05 -106.669 -6.11034e-005 0.000271131 -7.69967 -7.69967
2.06 -107.103 5.21952e-005 0.000350119 -15.4117 -15.4117
2.07 -107.536 0.000265868 0.00031684 -23.9208 -23.9208
2.08 -107.985 9.55828e-005 5.15202e-005 -31.6642 -31.6642
2.09 -108.478 0.000209136 -2.88747e-005 -37.6331 -37.6331
2.1 -109.025 0.000139082 -0.000228512 -41.4418 -41.4418
2.11 -109.616 0.000183198 -0.000350319 -42.9814 -42.9814
2.12 -110.25 0.00012855 -0.000505405 -42.4458 -42.4458
2.13 -110.942 0.000268617 -0.00036521 -40.7817 -40.7817
2.14 -111.7 0.00024213 -0.000224464 -39.7144 -39.7144
2.15 -112.511 1.17474e-005 -5.80802e-005 -40.9198 -40.9198
2.16 -113.321 -3.09083e-006 -4.15621e-005 -45.0013 -45.0013
2.17 -114.062 6.98199e-007 -6.16747e-005 -51.2226 -51.2226
2.18 -114.703 4.44085e-005 -0.000123587 -58.2678 -58.2678
2.19 -115.25 3.29017e-005 -4.86178e-005 -65.2647 -65.2647
2.2 -115.696 0.000143365 -0.000134876 -71.9174 -71.9174
2.21 -116.019 1.06821e-005 -2.57043e-006 -77.7795 -77.7795
2.22 -116.218 -3.55677e-005 9.52876e-008 -82.0283 -82.0283
2.23 -116.319 -5.06746e-005 -5.97571e-005 -84.2943 -84.2943
2.24 -116.359 -0.000118931 -9.81131e-005 -85.3592 -85.3592
2.25 -116.363 -3.99034e-005 4.80076e-005 -86.6788 -86.6788
2.26 -116.353 2.697e-006 -1.67847e-005 -89.3316 -89.3316
2.27 -116.342 1.80765e-005 -1.02074e-005 -93.4983 -93.4983
2.28 -116.312 1.50429e-005 -1.44756e-006 -98.4915 -98.4915
2.29 -116.231 0.00156582 0.0014354 -102.9 -102.9
2.3 -116.079 0.000583792 0.000582756 -105.018 -105.018
2.31 -115.85 -0.000299693 -0.000360362 -103.644 -103.644
2.32 -115.538 0.000164469 0.000197763 -98.6369 -98.6369
2.33 -115.143 -9.02589e-005 -0.000108531 -90.8536 -90.8536
2.34 -114.676 4.95332e-005 5.95605e-005 -81.7867 -81.7867
2.35 -114.159 -2.71833e-005 -3.26862e-005 -73.1468 -73.1468
2.36 -113.613 1.4918e-005 1.79379e-005 -66.3075 -66.3075
2.37 -113.056 -8.18683e-006 -9.84415e-006 -61.7883 -61.7883
2.38 -112.506 4.49286e-006 5.40237e-006 -59.186 -59.186
2.39 -111.949 -2.46564e-006 -2.96477e-006 -57.4415 -57.4415
2.4 -111.35 1.35312e-006 1.62704e-006 -55.0528 -55.0528
2.41 -110.679 -7.42578e-007 -8.92903e-007 -50.3753 -50.3753
2.42 -109.918 4.0752e-007 4.90017e-007 -42.1987 -42.1987
2.43 -109.07 -2.23643e-007 -2.68916e-007 -30.311 -30.311
2.44 -108.183 1.22733e-007 1.47579e-007 -15.8214 -15.8214
2.45 -107.333 -6.73548e-008 -8.09899e-008 -1.05324 -1.05324
2.46 -106.561 3.69637e-008 4.44465e-008 11.3724 11.3724
2.47 -105.861 -2.02854e-008 -2.43917e-008 19.9081 19.9081
2.48 -105.21 1.11323e-008 1.33859e-008 24.6541 24.6541
2.49 -104.591 -6.10931e-009 -7.34608e-009 26.6414 26.6414
2.5 -104.004 3.35279e-009 4.03144e-009 26.8106 26.8106
2.51 -103.458 -1.84007e-009 -2.21241e-009 25.7553 25.7553
2.52 -102.971 1.00977e-009 1.21418e-009 24.1366 24.1366
2.53 -102.56 -5.54108e-010 -6.66274e-010 22.953 22.953
2.54 -102.234 3.04087e-010 3.65668e-010 23.2957 23.2957
2.55 -101.987 -1.66828e-010 -2.00696e-010 25.9073 25.9073
2.56 -101.795 9.16138e-011 1.1012e-010 30.847 30.847
2.57 -101.639 -5.03082e-011 -6.04246e-011 37.2862 37.2862
2.58 -101.505 2.75655e-011 3.31806e-011 43.575 43.575
2.59 -101.391 -1.51452e-011 -1.82272e-011 47.8024 47.8024
2.6 -101.3 8.26184e-012 9.97602e-012 48.7134 48.7134
2.61 -101.232 -4.4782e-012 -5.48894e-012 46.4426 46.4426
2.62 -101.18 2.33591e-012 3.0056e-012 42.5328 42.5328
2.63 -101.131 -1.09068e-012 -1.72484e-012 39.1653 39.1653
2.64 -101.088 7.33635e-013 9.07718e-013 38.0087 38.0087
2.65 -101.089 -5.04485e-013 -5.09814e-013 39.2771 39.2771
2.66 -101.19 2.0961e-013 3.10862e-013 41.6106 41.6106
2.67 -101.422 -1.1724e-013 -1.45661e-013 43.0424 43.0424
2.68 -101.778 1.45661e-013 7.81597e-014 42.3562 42.3562
2.69 -102.225 -6.92779e-014 -2.13163e-014 39.6557 39.6557
2.7 -102.734 1.20792e-013 6.57252e-014 35.7874 35.7874
2.71 -103.286 -5.32907e-014 -1.42109e-014 31.4506 31.4506
2.72 -103.853 1.1724e-013 6.57252e-014 27.018 27.018
2.73 -104.388 -0.000208855 0.000190194 23.0538 23.0538
2.74 -104.854 -5.77063e-005 7.8361e-005 20.4895 20.4895
2.75 -105.257 1.94619e-005 -2.71372e-006 19.8271 19.8271
2.76 -105.626 -5.97026e-005 5.09397e-005 20.2578 20.2578
2.77 -105.98 6.14125e-005 0.0001177 19.9373 19.9373
2.78 -106.332 0.000112163 -4.46156e-005 17.117 17.117
2.79 -106.689 -6.15541e-005 2.44846e-005 10.9226 10.9226
2.8 -107.031 3.37803e-005 -1.34369e-005 1.54913 1.54913
2.81 -107.34 -1.85383e-005 7.37406e-006 -9.74189 -9.74189
2.82 -107.624 1.01737e-005 -4.04681e-006 -20.994 -20.994
2.83 -107.91 -5.5832e-006 2.22085e-006 -30.3701 -30.3701
2.84 -108.221 3.06401e-006 -1.21878e-006 -36.8224 -36.8224
2.85 -108.564 -1.6815e-006 6.68856e-007 -40.1788 -40.1788
2.86 -108.932 9.2279e-007 -3.67062e-007 -40.8867 -40.8867
2.87 -109.316 -5.06419e-007 2.0144e-007 -39.8562 -39.8562
2.88 -109.698 7.45445e-005 -3.38607e-006 -38.3408 -38.3408
2.89 -110.035 0.000101005 -5.93806e-006 -37.5262 -37.5262
2.9 -110.286 5.68153e-005 -1.68801e-005 -38.0798 -38.0798
2.91 -110.434 -1.4272e-005 -1.80016e-006 -40.1548 -40.1548
2.92 -110.482 3.2158e-005 -4.38524e-006 -43.6054 -43.6054
2.93 -110.448 -1.16602e-006 -7.29902e-007 -47.8956 -47.8956
2.94 -110.362 3.81338e-005 -5.06418e-006 -51.8952 -51.8952
2.95 -110.251 1.27873e-005 -4.88494e-006 -54.1406 -54.1406
2.96 -110.14 -4.94257e-006 2.68991e-006 -53.6136 -53.6136
2.97 -110.062 3.98662e-005 -9.06598e-006 -50.4734 -50.4734
2.98 -110.052 5.4531e-006 -2.4004e-006 -46.1301 -46.1301
2.99 -110.124 -2.99261e-006 1.31731e-006 -42.4937 -42.4937
3 -110.257 1.64232e-006 -7.2293e-007 -40.8304 -40.8304
3.01 -110.398 -9.01287e-007 3.96737e-007 -41.0319 -41.0319
3.02 -110.491 4.94618e-007 -2.17725e-007 -41.8442 -41.8442
3.03 -110.494 -2.71441e-007 1.19486e-007 -41.7773 -41.7773
3.04 -110.394 1.48964e-007 -6.55725e-008 -39.9314 -39.9314
3.05 -110.222 -1.27003e-005 -1.59621e-005 -36.3561 -36.3561
3.06 -110.031 -7.32974e-006 -8.20847e-006 -31.9892 -31.9892
3.07 -109.852 9.48835e-007 -2.50854e-006 -28.1605 -28.1605
3.08 -109.676 -5.20712e-007 1.37666e-006 -25.813 -25.813
3.09 -109.482 2.85762e-007 -7.55499e-007 -25.1357 -25.1357
3.1 -109.274 -1.56823e-007 4.14611e-007 -26.0113 -26.0113
3.11 -109.059 8.6063e-008 -2.27534e-007 -28.4814 -28.4814
3.12 -108.814 -4.72305e-008 1.24869e-007 -32.2442 -32.2442
3.13 -108.484 2.59197e-008 -6.85268e-008 -35.6798 -35.6798
3.14 -108.04 -1.42244e-008 3.76068e-008 -35.9982 -35.9982
3.15 -107.518 7.80634e-009 -2.06382e-008 -30.9762 -30.9762
3.16 -106.996 -4.28394e-009 1.13261e-008 -20.6845 -20.6845
3.17 -106.56 2.35097e-009 -6.21565e-009 -7.5558 -7.5558
3.18 -106.272 -1.29021e-009 3.41107e-009 4.95138 4.95138
3.19 -106.127 7.08059e-010 -1.87197e-009 13.9269 13.9269
3.2 -106.05 -3.88559e-010 1.02735e-009 18.1349 18.1349
3.21 -105.957 -1.38396e-005 5.18935e-006 18.2402 18.2402
3.22 -105.814 -0.000181143 9.56519e-005 15.9857 15.9857
3.23 -105.637 -0.000227176 0.000146921 13.1046 13.1046
3.24 -105.467 -0.000157587 0.000107489 10.946 10.946
3.25 -105.358 -5.35555e-005 -1.83809e-006 10.6686 10.6686
3.26 -105.367 -0.000102087 1.76683e-005 13.1721 13.1721
3.27 -105.507 3.32676e-005 -8.68893e-006 18.6647 18.6647
3.28 -105.745 -0.000285879 0.000113137 26.4177 26.4177
3.29 -106.026 -6.22707e-005 -9.13447e-006 34.7945 34.7945
3.3 -106.302 3.59905e-005 3.28448e-006 41.3692 41.3692
3.31 -106.534 -6.53389e-005 7.69704e-005 43.5173 43.5173
3.32 -106.681 -5.3096e-005 0.00014937 39.8216 39.8216
3.33 -106.715 -5.73113e-005 0.000178518 31.386 31.386
3.34 -106.668 -6.40789e-005 6.30078e-005 21.4947 21.4947
3.35 -106.613 9.43214e-006 -4.01871e-006 13.5488 13.5488
3.36 -106.608 -6.5188e-005 0.000111395 9.17252 9.17252
3.37 -106.658 -4.30892e-005 7.93337e-005 7.95822 7.95822
3.38 -106.724 2.36469e-005 -4.35376e-005 8.34323 8.34323
3.39 -106.738 -1.29772e-005 2.3893e-005 8.51702 8.51702
3.4 -106.649 7.12177e-006 -1.31122e-005 6.99179 6.99179
3.41 -106.463 -4.90987e-006 4.26391e-006 2.88729 2.88729
3.42 -106.233 4.30585e-006 1.20853e-005 -3.90442 -3.90442
3.43 -106.009 -3.49042e-006 -1.27212e-005 -12.4289 -12.4289
3.44 -105.813 1.91551e-006 6.98126e-006 -20.481 -20.481
3.45 -105.652 -1.05121e-006 -3.83125e-006 -25.204 -25.204
3.46 -105.53 5.76895e-007 2.10255e-006 -24.5492 -24.5492
3.47 -105.452 -3.16595e-007 -1.15386e-006 -18.6154 -18.6154
3.48 -105.419 1.73744e-007 6.33227e-007 -9.79149 -9.79149
3.49 -105.419 -9.53492e-008 -3.47509e-007 -1.59448 -1.59448
3.5 -105.449 5.23266e-008 1.9071e-007 2.93025 2.93025
3.51 -105.531 -2.87163e-008 -1.0466e-007 2.33849 2.33849
3.52 -105.679 1.57593e-008 5.74362e-008 -2.67918 -2.67918
3.53 -105.869 -8.64852e-009 -3.15205e-008 -9.23957 -9.23957
3.54 -106.071 4.74619e-009 1.72982e-008 -13.2129 -13.2129
3.55 -106.285 -2.6047e-009 -9.49317e-009 -11.4347 -11.4347
3.56 -106.552 1.4294e-009 5.20981e-009 -3.85698 -3.85698
3.57 -106.923 -7.84397e-010 -2.85913e-009 6.27944 6.27944
3.58 -107.416 4.30488e-010 1.5691e-009 14.5561 14.5561
3.59 -107.991 -2.3627e-010 -8.61045e-010 17.9986 17.9986
3.6 -108.562 1.29685e-010 4.72618e-010 16.2357 16.2357
3.61 -109.035 -7.11591e-011 -2.59474e-010 10.8226 10.8226
3.62 -109.359 3.9007e-011 1.42295e-010 3.71502 3.71502
3.63 -109.562 -0.000256078 -0.000167398 -3.93133 -3.93133
3.64 -109.713 1.37769e-005 -0.000250025 -11.902 -11.902
3.65 -109.866 0.000286709 -2.04034e-006 -20.0948 -20.0948
3.66 -110.035 -8.7389e-005 -1.92734e-005 -27.7872 -27.7872
3.67 -110.218 0.000707905 -0.000114668 -34.0292 -34.0292
3.68 -110.403 0.000264644 -7.08809e-005 -38.7704 -38.7704
3.69 -110.568 -0.000145056 4.01438e-005 -43.3242 -43.3242
3.7 -110.704 7.96054e-005 -2.20306e-005 -49.6043 -49.6043
3.71 -110.819 -4.36867e-005 1.20902e-005 -58.8839 -58.8839
3.72 -110.928 2.39748e-005 -6.63496e-006 -70.9001 -70.9001
3.73 -111.03 -1.31572e-005 3.6412e-006 -83.5969 -83.5969
3.74 -111.122 7.22052e-006 -1.99826e-006 -93.7319 -93.7319
3.75 -111.198 0.000297848 -0.000140321 -98.3656 -98.3656
3.76 -111.257 0.000601109 -0.000355985 -96.4763 -96.4763
3.77 -111.293 0.000198598 -0.000269558 -89.5368 -89.5368
3.78 -111.299 5.73107e-006 -1.44405e-005 -80.6046 -80.6046
3.79 -111.276 5.40104e-005 -4.2057e-005 -72.6623 -72.6623
3.8 -111.224 -3.82319e-005 1.60327e-005 -67.3398 -67.3398
3.81 -111.142 -3.33637e-005 -8.9723e-008 -64.5445 -64.5445
3.82 -111.026 3.04331e-005 -4.16299e-005 -62.8908 -62.8908
3.83 -110.876 0.000348259 -0.000252387 -60.5451 -60.5451
3.84 -110.692 0.000223909 -0.000168738 -56.0027 -56.0027
3.85 -110.496 -0.000122879 9.26017e-005 -48.5763 -48.5763
3.86 -110.322 6.7435e-005 -5.08189e-005 -38.6215 -38.6215
3.87 -110.196 -3.70077e-005 2.78889e-005 -27.3796 -27.3796
3.88 -110.12 2.03094e-005 -1.53052e-005 -16.4829 -16.4829
3.89 -110.085 -1.11456e-005 8.39934e-006 -7.54703 -7.54703
3.9 -110.085 9.18347e-005 2.75348e-005 -2.05114 -2.05114
3.91 -110.145 1.87663e-006 4.51064e-006 -1.22914 -1.22914
3.92 -110.311 9.33136e-005 3.3049e-005 -5.71329 -5.71329
3.93 -110.614 -5.12096e-005 -1.8137e-005 -15.0092 -15.0092
3.94 -111.027 2.81033e-005 9.95339e-006 -27.1837 -27.1837
3.95 -111.483 -1.54228e-005 -5.46232e-006 -39.3108 -39.3108
3.96 -111.901 8.46391e-006 2.99767e-006 -48.7663 -48.7663
3.97 -112.214 -4.64491e-006 -1.64509e-006 -54.4815 -54.4815
3.98 -112.367 2.54908e-006 9.02812e-007 -57.079 -57.079
3.99 -112.33 -1.39891e-006 -4.95454e-007 -57.9177 -57.9177
4 -112.126 7.6771e-007 2.71901e-007 -58.1748 -58.1748
4.01 -111.849 -4.21312e-007 -1.49217e-007 -58.814 -58.814
4.02 -111.607 2.31212e-007 8.18886e-008 -60.8676 -60.8676
4.03 -111.468 -1.26887e-007 -4.49398e-008 -65.0667 -65.0667
4.04 -111.467 6.96342e-008 2.46625e-008 -71.2345 -71.2345
4.05 -111.616 2.70426e-005 -1.26197e-005 -78.4323 -78.4323
4.06 -111.873 -5.40934e-006 2.06347e-006 -85.4725 -85.4725
4.07 -112.15 -4.5244e-005 -1.61779e-005 -90.8845 -90.8845
4.08 -112.382 -5.31156e-006 -7.96209e-006 -92.7998 -92.7998
4.09 -112.548 -6.38922e-006 -3.55686e-005 -89.6081 -89.6081
4.1 -112.649 -7.40965e-005 -5.9096e-005 -80.8088 -80.8088
4.11 -112.696 -0.000181027 -8.29342e-005 -67.1143 -67.1143
4.12 -112.703 -3.76807e-005 -0.0001836 -50.0314 -50.0314
4.13 -112.656 0.00017588 -0.000117367 -31.4707 -31.4707
4.14 -112.525 -9.39865e-005 0.000103032 -13.4472 -13.4472
4.15 -112.304 -0.000152076 0.000163718 2.05494 2.05494
4.16 -112.01 -5.22438e-005 6.84742e-005 13.1384 13.1384
4.17 -111.669 0.0001263 -9.40405e-005 18.4307 18.4307
4.18 -111.306 0.000126919 -0.000125667 17.9291 17.9291
4.19 -110.928 -4.33805e-005 6.92509e-005 13.5604 13.5604
4.2 -110.529 -1.93404e-005 4.52585e-006 8.74491 8.74491
4.21 -110.112 -6.19715e-005 -4.40423e-005 6.95892 6.95892
4.22 -109.668 -0.000220643 0.000294468 10.19 10.19
4.23 -109.19 3.76216e-005 -5.40292e-005 18.2375 18.2375
4.24 -108.684 -5.16454e-005 0.000148455 28.9641 28.9641
4.25 -108.134 -1.71231e-006 -5.14409e-005 39.2824 39.2824
4.26 -107.486 -3.89947e-005 0.000183373 46.6196 46.6196
4.27 -106.699 4.13294e-005 5.19256e-005 49.9391 49.9391
4.28 -105.757 -2.31023e-005 0.000162592 49.5904 49.5904
4.29 -104.654 -5.00399e-005 2.61381e-005 46.587 46.587
4.3 -103.432 -9.07675e-006 0.000206044 42.0485 42.0485
4.31 -102.185 -2.93711e-005 0.000146662 36.7639 36.7639
4.32 -101.004 4.18798e-005 0.000223774 31.0687 31.0687
4.33 -99.9386 2.00901e-005 1.94634e-005 25.4155 25.4155
4.34 -98.9918 -1.10253e-005 -1.06813e-005 21.0071 21.0071
4.35 -98.1342 6.05055e-006 5.86182e-006 19.5393 19.5393
4.36 -97.3187 -3.32049e-006 -3.21691e-006 22.2698 22.2698
4.37 -96.5146 1.82225e-006 1.76541e-006 29.3754 29.3754
4.38 -95.7282 -1.00003e-006 -9.6884e-007 40.0405 40.0405
4.39 -95.0027 5.48809e-007 5.3169e-007 53.0024 53.0024
4.4 -94.3987 -3.01181e-007 -2.91786e-007 67.0763 67.0763
4.41 -93.9469 1.65285e-007 1.6013e-007 81.4474 81.4474
4.42 -93.6247 -9.0707e-008 -8.78776e-008 95.7048 95.7048
4.43 -93.3688 4.97791e-008 4.82264e-008 109.54 109.54
4.44 -93.0859 -2.73182e-008 -2.64662e-008 122.366 122.366
4.45 -92.6913 8.97615e-006 1.43524e-005 133.345 133.345
4.46 -92.1789 0.000296726 0.000367899 141.67 141.67
4.47 -91.6335 0.000406834 0.000518656 146.732 146.732
4.48 -91.1687 7.67806e-005 4.25497e-005 148.423 148.423
4.49 -90.8735 0.000181076 0.000155512 147.715 147.715
4.5 -90.8034 -2.94473e-005 -2.78571e-005 146.623 146.623
4.51 -90.9624 5.59977e-005 4.71242e-005 147.042 147.042
4.52 -91.2884 9.10134e-005 4.30832e-005 149.459 149.459
4.53 -91.6943 -9.11258e-005 7.12769e-006 152.691 152.691
4.54 -92.1102 0.000328451 0.000375724 154.47 154.47
4.55 -92.4829 -9.07948e-006 1.02351e-005 152.444 152.444
4.56 -92.7903 -6.23976e-005 2.55197e-006 145.249 145.249
4.57 -93.0596 4.59811e-005 3.8569e-005 133.072 133.072
4.58 -93.3337 0.000704641 0.000984457 117.42 117.42
4.59 -93.624 0.000102736 0.000246427 100.557 100.557
4.6 -93.904 -6.5626e-005 -0.000144595 84.903 84.903
4.61 -94.1565 3.87036e-005 8.12737e-005 72.087 72.087
4.62 -94.4109 -2.47242e-005 -4.75805e-005 61.8945 61.8945
4.63 -94.7096 1.81572e-005 3.0442e-005 52.3216 52.3216
4.64 -95.0426 -1.21342e-005 -1.8779e-005 41.4812 41.4812
4.65 -95.353 7.85826e-006 1.1248e-005 29.8689 29.8689
4.66 -95.6102 -8.18333e-006 -9.8742e-006 20.4706 20.4706
4.67 -95.8473 1.98654e-006 2.85832e-006 16.4527 16.4527
4.68 -96.1297 -1.29782e-006 -1.57717e-006 18.9444 18.9444
4.69 -96.5053 1.96348e-006 1.94485e-006 26.9051 26.9051
4.7 -96.9683 -3.83182e-007 -2.00172e-007 38.4012 38.4012
4.71 -97.4539 -9.21951e-007 -1.22894e-006 51.5647 51.5647
4.72 -97.8866 -1.47427e-006 -1.34667e-006 64.6014 64.6014
4.73 -98.2315 5.91609e-008 -6.05387e-009 75.4674 75.4674
4.74 -98.4856 -2.62224e-007 -2.38912e-007 82.1886 82.1886
4.75 -98.6541 1.05148e-006 9.49039e-007 84.0267 84.0267
4.76 -98.7451 -1.06288e-006 -8.65268e-007 82.4055 82.4055
4.77 -98.7551 -1.83276e-006 -2.04154e-006 80.5096 80.5096
4.78 -98.6809 -3.2609e-006 -3.27984e-006 81.7078 81.7078
4.79 -98.562 1.78955e-006 1.79995e-006 87.6696 87.6696
4.8 -98.4625 -9.82089e-007 -9.87794e-007 97.2209 97.2209
4.81 -98.4237 0.000168494 6.37221e-005 106.821 106.821
4.82 -98.467 -5.23672e-005 -2.36455e-005 112.326 112.326
4.83 -98.5881 3.71776e-005 1.70398e-005 110.781 110.781
4.84 -98.7127 -2.37654e-005 -1.31989e-005 101.723 101.723
4.85 -98.7269 2.31829e-005 -4.34814e-007 87.706 87.706
4.86 -98.612 -4.0887e-006 -7.50738e-006 72.9207 72.9207
4.87 -98.4898 9.48688e-005 1.21172e-005 59.9955 59.9955
4.88 -98.4974 3.11906e-005 -5.14398e-006 48.1879 48.1879
4.89 -98.6759 -1.85187e-005 1.22117e-006 35.3312 35.3312
4.9 -98.9836 9.02674e-006 -1.66428e-006 21.0608 21.0608
4.91 -99.3631 -4.95379e-006 9.13351e-007 7.27858 7.27858
4.92 -99.7715 1.79125e-006 -1.98495e-006 -4.18701 -4.18701
4.93 -100.172 3.1703e-006 -3.71176e-006 -13.3284 -13.3284
4.94 -100.555 6.44304e-005 1.03855e-005 -21.3365 -21.3365
4.95 -100.976 9.98351e-005 1.51005e-005 -29.1605 -29.1605
4.96 -101.518 0.000104522 6.84226e-006 -36.8462 -36.8462
4.97 -102.213 0.000155953 -3.87332e-006 -43.2981 -43.2981
4.98 -103.039 9.26704e-005 1.46839e-005 -46.3148 -46.3148
4.99 -103.994 0.000147839 2.16578e-005 -43.9461 -43.9461
5 -105.081 2.07045e-005 -6.70048e-006 -36.7084 -36.7084
5.01 -106.252 -7.65186e-006 2.28567e-006 -28.0123 -28.0123
5.02 -107.42 0.000550741 -0.000290676 -21.8375 -21.8375
5.03 -108.521 0.00020652 -0.000358803 -20.1056 -20.1056
5.04 -109.52 -0.000596143 0.000429178 -22.0397 -22.0397
5.05 -110.42 0.00108821 -0.000812709 -25.2382 -25.2382
5.06 -111.288 0.000912137 -0.000489588 -27.408 -27.408
5.07 -112.232 -0.000286869 0.00018412 -27.9818 -27.9818
5.08 -113.301 -0.000193224 -0.000568344 -28.405 -28.405
5.09 -114.461 -0.00149202 0.000233946 -30.6755 -30.6755
5.1 -115.649 -0.00114052 -3.03694e-005 -35.8418 -35.8418
5.11 -116.781 -0.000200702 0.00011378 -43.9563 -43.9563
5.12 -117.737 0.000217941 -0.000498695 -54.6694 -54.6694
5.13 -118.427 0.000348385 -0.000189608 -67.4337 -67.4337
5.14 -118.882 0.000143894 -0.000192211 -81.8397 -81.8397
5.15 -119.223 -5.26839e-005 -8.40321e-005 -98.1132 -98.1132
5.16 -119.554 0.000117537 -0.000337898 -116.504 -116.504
5.17 -119.933 3.43024e-005 -0.000194263 -135.911 -135.911
5.18 -120.391 0.000303977 0.000294538 -154.032 -154.032
5.19 -120.906 0.000119146 -0.000150368 -169.338 -169.338
5.2 -121.364 0.000161946 0.000113084 -182.236 -182.236
5.21 -121.587 0.000267982 -6.95527e-006 -193.905 -193.905
5.22 -121.446 0.000591688 0.000788657 -204.515 -204.515
5.23 -120.903 -0.00147345 0.00022846 -212.782 -212.782
5.24 -119.997 -3.44308e-005 -0.000884233 -216.486 -216.486
5.25 -118.832 0.000474025 0.000198447 -213.162 -213.162
5.26 -117.545 -0.000142824 -7.67413e-005 -201.166 -201.166
5.27 -116.23 7.83806e-005 4.21149e-005 -180.799 -180.799
5.28 -114.931 -4.30145e-005 -2.31122e-005 -154.574 -154.574
5.29 -113.678 2.3606e-005 1.26838e-005 -126.561 -126.561
5.3 -112.461 -1.29547e-005 -6.96073e-006 -101.134 -101.134
5.31 -111.216 7.10943e-006 3.81998e-006 -81.1412 -81.1412
5.32 -109.879 -3.90159e-006 -2.09637e-006 -66.3783 -66.3783
5.33 -108.428 2.14115e-006 1.15047e-006 -53.7504 -53.7504
5.34 -106.868 -1.17505e-006 -6.31366e-007 -38.8846 -38.8846
5.35 -105.196 6.44853e-007 3.46488e-007 -17.6715 -17.6715
5.36 -103.385 -3.53889e-007 -1.90149e-007 12.8404 12.8404
5.37 -101.448 1.94211e-007 1.04352e-007 53.2942 53.2942
5.38 -99.4965 -1.06581e-007 -5.72673e-008 100.307 100.307
5.39 -97.6517 -0.000147229 0.000575111 146.221 146.221
5.4 -95.9241 -0.000368185 0.000568741 182.361 182.361
5.41 -94.2181 -0.000278617 0.00024892 203.88 203.88
5.42 -92.4349 -0.000124293 0.000125471 211.799 211.799
5.43 -90.5666 1.0181e-005 -2.05017e-005 210.846 210.846
5.44 -88.7092 -9.60664e-005 0.000143316 206.027 206.027
5.45 -86.9722 -0.000251575 0.000417456 201.235 201.235
5.46 -85.3941 7.57138e-005 -0.000119568 200.004 200.004
5.47 -83.9538 -4.1551e-005 6.56175e-005 205.781 205.781
5.48 -82.6062 -0.000133471 0.000107266 220.293 220.293
5.49 -81.2913 -0.000929955 0.00104991 241.82 241.82
5.5 -79.9834 -0.000357491 0.000723382 265.483 265.483
5.51 -78.7369 -0.000269377 0.000650009 285.2 285.2
5.52 -77.6277 0.00123309 -0.00266384 296.018 296.018
5.53 -76.6922 0.000378739 -0.00160334 296.292 296.292
5.54 -75.962 -0.00030926 0.00105143 288.601 288.601
5.55 -75.4831 -0.000102331 -0.000259676 278.262 278.262
5.56 -75.2974 1.34957e-005 0.000185651 270.361 270.361
5.57 -75.4437 -2.46416e-006 -0.000106208 267.374 267.374
5.58 -75.9575 1.06803e-005 4.43605e-005 268.444 268.444
5.59 -76.8553 6.45264e-006 -5.51558e-005 270.302 270.302
5.6 -78.1471 -7.01897e-006 2.27559e-005 269.196 269.196
5.61 -79.8535 2.59019e-006 -1.39306e-005 262.699 262.699
5.62 -81.9706 -1.42147e-006 7.64496e-006 250.543 250.543
5.63 -84.4112 7.80091e-007 -4.19548e-006 234.489 234.489
5.64 -87.0189 -4.28107e-007 2.30244e-006 217.491 217.491
5.65 -89.6608 2.34941e-007 -1.26356e-006 202.065 202.065
5.66 -92.2985 -1.28933e-007 6.93428e-007 188.462 188.462
5.67 -94.9754 -5.46259e-007 -1.08587e-006 174.162 174.162
5.68 -97.7334 -1.98572e-007 2.62388e-008 155.503 155.503
5.69 -100.543 -6.67715e-007 -9.02242e-007 130.182 130.182
5.7 -103.315 3.66435e-007 4.95141e-007 98.4024 98.4024
5.71 -105.963 -2.01096e-007 -2.71729e-007 61.8695 61.8695
5.72 -108.439 1.1036e-007 1.49122e-007 22.1552 22.1552
5.73 -110.701 -6.05643e-008 -8.18368e-008 -19.5041 -19.5041
5.74 -112.668 3.32371e-008 4.49113e-008 -60.8433 -60.8433
5.75 -114.216 -6.46542e-005 -0.000226364 -97.6315 -97.6315
5.76 -115.237 -0.000509399 -0.00101244 -124.912 -124.912
5.77 -115.691 0.00160203 0.000264197 -139.756 -139.756
5.78 -115.621 0.00246297 0.00257436 -143.127 -143.127
5.79 -115.165 3.02195e-005 0.000326944 -139.528 -139.528
5.8 -114.566 0.000500616 -0.000692791 -135.365 -135.365
5.81 -114.09 8.37399e-005 0.000186804 -137.119 -137.119
5.82 -113.847 0.000960517 0.00118685 -148.887 -148.887
5.83 -113.681 0.000864528 3.25452e-006 -169.434 -169.434
5.84 -113.314 0.0010989 -0.000461616 -191.559 -191.559
5.85 -112.572 0.00059528 -0.000107649 -206.072 -206.072
5.86 -111.452 0.000469604 -0.000162418 -207.408 -207.408
5.87 -110.061 0.000351054 0.000357401 -195.371 -195.371
5.88 -108.56 0.00142755 -0.000172771 -172.314 -172.314
5.89 -107.11 -0.000307544 -0.000156003 -140.117 -140.117
5.9 -105.796 0.000327306 2.18449e-005 -100.032 -100.032
5.91 -104.629 -5.92229e-005 -0.000144177 -54.4498 -54.4498
5.92 -103.552 0.000106968 4.7187e-005 -8.22396 -8.22396
5.93 -102.437 -5.32969e-005 -3.74817e-005 32.1316 32.1316
5.94 -101.145 2.8138e-005 2.18044e-005 61.213 61.213
5.95 -99.6244 -2.67974e-005 4.44273e-006 77.3996 77.3996
5.96 -97.9648 4.86065e-005 7.32913e-005 83.4837 83.4837
5.97 -96.3544 -4.02689e-005 -2.83004e-005 85.2718 85.2718
5.98 -94.9882 3.93471e-006 2.48596e-005 89.3782 89.3782
5.99 -94.0443 -1.51163e-005 -1.22649e-005 100.687 100.687
6 -93.738 -2.32254e-007 2.03522e-006 119.345 119.345
6.01 -94.3348 -4.7357e-006 -4.7733e-006 138.703 138.703
6.02 -96.047 2.59891e-006 2.61954e-006 147.08 147.08
6.03 -98.9468 -4.10424e-006 -6.45824e-006 133.735 133.735
6.04 -102.965 -2.75697e-005 -4.35339e-005 94.8178 94.8178
6.05 -107.907 -0.00349264 -0.00466283 34.8731 34.8731
6.06 -113.5 0.00496342 0.00195294 -36.1173 -36.1173
6.07 -119.471 0.0182698 0.00776242 -106.957 -106.957
6.08 -125.561 0.001357 7.5425e-005 -168.294 -168.294
6.09 -131.595 -0.00475455 0.00481615 -214.47 -214.47
6.1 -137.496 -0.00703476 -0.00103474 -244.974 -244.974
6.11 -143.2 -0.00386144 -0.00116496 -264.855 -264.855
6.12 -148.574 -0.00150113 -0.00331096 -282.576 -282.576
6.13 -153.423 -0.00233506 -0.000742357 -306.045 -306.045
6.14 -157.484 0.000461917 -0.00136642 -339.139 -339.139
6.15 -160.415 0.000406701 -0.00956271 -379.845 -379.845
6.16 -161.884 -0.00193296 0.00424637 -420.276 -420.276
6.17 -161.695 0.000115662 0.0113136 -449.1 -449.1
6.18 -159.799 -0.00345983 0.000443181 -455.703 -455.703
6.19 -156.321 -0.00246835 0.00488571 -434.02 -434.02
6.2 -151.537 -0.0013568 -0.000321086 -384.731 -384.731
6.21 -145.749 -0.000787873 0.000899483 -315.175 -315.175
6.22 -139.128 -0.000919398 0.00144445 -236.422 -236.422
6.23 -131.663 -0.00426424 0.0060047 -158.63 -158.63
6.24 -123.286 0.00136195 -0.000926309 -87.7724 -87.7724
6.25 -114.042 0.00992044 -0.00836119 -25.6871 -25.6871
6.26 -104.213 0.00409055 -0.00434222 27.8388 27.8388
6.27 -94.3254 -0.0021651 0.000460339 73.689 73.689
6.28 -84.9994 0.000407356 0.0134169 114.007 114.007
6.29 -76.6756 0.0106983 0.0066323 153.857 153.857
6.3 -69.4117 -0.00377369 0.00484815 201.726 201.726
6.31 -63.0279 -0.00309546 -0.00171995 266.39 266.39
6.32 -57.4391 0.000609554 0.000341344 350.124 350.124
6.33 -52.8088 -0.00114518 -0.000680142 443.343 443.343
6.34 -49.5074 -0.000764763 -0.000658681 526.964 526.964
6.35 -47.9524 -0.00233249 -0.0025982 582.379 582.379
6.36 -48.3823 -0.00207401 -0.00313725 602.01 602.01
6.37 -50.6256 0.00159432 -0.00312817 593.62 593.62
6.38 -54.0736 0.000708609 -0.00911304 576.584 576.584
6.39 -58.0331 0.00698519 -0.00791225 571.647 571.647
6.4 -62.1341 0.00243801 -0.000216857 588.342 588.342
6.41 -66.283 0.000192505 0.000211296 618.754 618.754
6.42 -70.4007 -0.00301448 0.00219705 644.358 644.358
6.43 -74.3857 0.00198589 -0.00115898 650.225 650.225
6.44 -78.135 0.00162519 0.00275656 633.3 633.3
6.45 -81.4841 0.00891545 0.00762275 599.788 599.788
6.46 -84.1916 -0.00772237 -0.00433749 557.786 557.786
6.47 -86.1065 0.00502592 0.00751366 511.633 511.633
6.48 -87.2857 0.00341377 0.00817406 459.542 459.542
6.49 -87.9584 -0.00704126 0.00121418 395.066 395.066
6.5 -88.3476 0.00201009 0.00315407 312.744 312.744
6.51 -88.6081 -0.00252642 0.002226 214.125 214.125
6.52 -88.898 0.00146475 0.000965824 108.093 108.093
6.53 -89.4874 0.00309282 0.00692132 4.29296 4.29296
6.54 -90.7749 -0.000195005 0.00950479 -94.2749 -94.2749
6.55 -93.0837 -0.00263712 0.00179552 -191.98 -191.98
6.56 -96.4693 0.00155895 0.000266009 -293.655 -293.655
6.57 -100.73 -0.000447397 -0.00022835 -397.002 -397.002
6.58 -105.453 0.000565842 -0.00478808 -491.477 -491.477
6.59 -110.152 -0.00065099 0.000104911 -563.806 -563.806
6.6 -114.456 0.000431599 2.12631e-005 -605.065 -605.065
6.61 -118.238 0.0138451 -0.0124136 -614.374 -614.374
6.62 -121.577 0.00108827 -0.001367 -597.493 -597.493
6.63 -124.723 -0.0231468 0.0248499 -562.205 -562.205
6.64 -127.936 0.00336533 -0.0137158 -514.36 -514.36
6.65 -131.368 -0.00661818 -0.00442953 -457.317 -457.317
6.66 -135.035 0.00586608 -0.00414043 -394.16 -394.16
6.67 -138.808 -0.00307879 -0.00139949 -329.932 -329.932
6.68 -142.497 0.0170967 -0.0212502 -271.262 -271.262
6.69 -145.812 -0.00439918 0.00195124 -222.64 -222.64
6.7 -148.378 0.0339499 -0.0416678 -181.63 -181.63
6.71 -149.975 -0.00698594 0.00942476 -137.991 -137.991
6.72 -150.627 -0.00286747 6.64271e-005 -79.9267 -79.9267
6.73 -150.456 8.22431e-005 -0.000756735 -3.24574 -3.24574
6.74 -149.56 0.000188268 0.000528715 84.1922 84.1922
6.75 -147.952 -0.00189946 -0.00030326 164.916 164.916
6.76 -145.592 -0.00182057 0.000261912 218.151 218.151
6.77 -142.342 0.00368818 -0.00042701 227.077 227.077
6.78 -138.012 0.00783463 0.0105071 184.938 184.938
6.79 -132.562 0.00874962 0.0228356 96.9511 96.9511
6.8 -126.178 -0.00812405 0.024339 -23.0475 -23.0475
6.81 -119.207 0.00105191 0.0142103 -157.895 -157.895
6.82 -112.072 0.000695711 0.00145245 -290.521 -290.521
6.83 -105.222 -0.0134595 0.014549 -405.721 -405.721
6.84 -99.1456 -8.55374e-005 0.0112198 -492.907 -492.907
6.85 -94.2653 0.00613823 -0.00496907 -549.667 -549.667
6.86 -90.732 -0.0175588 0.00935218 -582.265 -582.265
6.87 -88.3899 -0.00815255 0.00164862 -601.038 -601.038
6.88 -86.9453 0.00481499 -0.00361169 -614.164 -614.164
6.89 -86.1673 0.000106472 -0.00480046 -624.191 -624.191
6.9 -85.9603 -0.00271108 0.00297484 -627.421 -627.421
6.91 -86.2938 -0.00206021 2.08016e-006 -614.279 -614.279
6.92 -87.0949 -0.000795329 -0.00459599 -571.258 -571.258
6.93 -88.3799 -0.0022332 -0.00989556 -486.796 -486.796
6.94 -90.3955 -0.00135114 -0.00611776 -359.823 -359.823
6.95 -93.4789 -0.00509701 -0.00340366 -204.261 -204.261
6.96 -97.8506 0.00196728 0.00242486 -43.9771 -43.9771
6.97 -103.475 0.00287688 0.00499731 98.6888 98.6888
6.98 -110.128 0.00268029 -0.00314469 211.653 211.653
6.99 -117.544 0.000855847 0.00162455 293.782 293.782
7 -125.4 -0.00873464 -0.0114189 350.628 350.628
7.01 -133.213 -0.00643132 -0.00809298 391.205 391.205
7.02 -140.363 0.00156099 0.00390981 426.565 426.565
7.03 -146.338 4.82057e-005 0.00591127 465.843 465.843
7.04 -150.951 0.0012084 -0.00216944 508.721 508.721
7.05 -154.377 -0.0031597 -0.0116475 540.247 540.247
7.06 -156.95 0.00384859 -0.0438702 534.423 534.423
7.07 -158.891 -7.44799e-005 0.0198951 466.27 466.27
7.08 -160.179 -0.0310147 0.0315015 324.318 324.318
7.09 -160.683 -0.00484591 0.00701877 114.68 114.68
7.1 -160.321 -0.0014972 -0.0195452 -143.633 -143.633
7.11 -159.14 -0.000850433 0.00639604 -425.276 -425.276
7.12 -157.268 -0.00283414 0.000569399 -702.404 -702.404
7.13 -154.95 -0.000942077 0.00328294 -947.585 -947.585
7.14 -152.539 -0.00413287 -0.00134757 -1138.91 -1138.91
7.15 -150.419 0.00192199 -0.00166531 -1265.74 -1265.74
7.16 -148.87 -0.00408244 -0.00364691 -1330.4 -1330.4
7.17 -147.993 -0.0260151 -0.0205076 -1344.38 -1344.38
7.18 -147.684 0.000223037 -0.00832718 -1322.14 -1322.14
7.19 -147.635 0.0492676 0.0282279 -1275.78 -1275.78
7.2 -147.444 -0.0114883 -0.0166843 -1211.18 -1211.18
7.21 -146.72 0.00663352 -0.00412245 -1126.13 -1126.13
7.22 -145.201 -0.00623291 -0.0111075 -1010.89 -1010.89
7.23 -142.728 0.00862455 0.00292626 -851.026 -851.026
7.24 -139.196 -0.00752664 -0.0065381 -633.496 -633.496
7.25 -134.609 -0.0057333 -0.0126284 -354.801 -354.801
7.26 -129.305 0.00468463 0.0050891 -26.9477 -26.9477
7.27 -123.662 -0.00261556 -0.002891 323.449 323.449
7.28 -117.929 0.000663339 0.00248043 663.59 663.59
7.29 -112.271 -0.00376156 0.000949305 964.388 964.388
7.3 -106.692 -0.0233859 0.0218757 1206.01 1206.01
7.31 -100.953 0.0299391 0.0127805 1379.69 1379.69
7.32 -94.7262 0.14076 -0.0691441 1488.24 1488.24
7.33 -87.8911 -0.0230603 -0.00658299 1543.32 1543.32
7.34 -80.7596 -0.0270569 0.00258851 1557.08 1557.08
7.35 -74.0518 0.0259794 0.0915235 1533.02 1533.02
7.36 -68.2198 -0.014261 -0.0280384 1465.2 1465.2
7.37 -63.3261 -0.00270438 0.0264506 1346.37 1346.37
7.38 -59.3758 -0.0189687 0.0150879 1174.59 1174.59
7.39 -56.3313 0.00123775 0.00182236 952.252 952.252
7.4 -54.0843 -0.0101597 -0.0120569 682.984 682.984
7.41 -52.5052 -0.00228377 -0.0025328 373.976 373.976
7.42 -51.4144 0.0004813 0.00165044 42.6874 42.6874
7.43 -50.652 0.00360058 -0.000484018 -280.634 -280.634
7.44 -50.3594 -0.00226316 0.000594221 -560.756 -560.756
7.45 -51.0032 0.0130295 -0.0153686 -771.373 -771.373
7.46 -53.0909 0.010701 -0.045685 -904.213 -904.213
7.47 -56.9235 -0.0619982 0.0310287 -967.094 -967.094
7.48 -62.3952 0.0211226 -0.0114127 -975.263 -975.263
7.49 -68.9749 -0.0114308 0.0123782 -943.842 -943.842
7.5 -76.0845 0.00794058 -0.00687446 -884.092 -884.092
7.51 -83.1819 -0.00856056 0.00148672 -801.871 -801.871
7.52 -89.8286 0.00994105 -0.00253528 -696.203 -696.203
7.53 -95.6512 0.00281311 0.00349759 -558.703 -558.703
7.54 -100.441 0.00543252 0.00429501 -377.409 -377.409
7.55 -104.241 0.00907416 0.00482987 -145.724 -145.724
7.56 -107.383 0.0226588 0.0160933 128.437 128.437
7.57 -110.39 0.00034593 -0.00759878 419.596 419.596
7.58 -113.539 0.00778418 0.0101006 690.878 690.878
7.59 -116.499 0.00408794 0.00764842 906.796 906.796
7.6 -118.591 0.00331034 0.0111062 1044.67 1044.67
7.61 -119.211 0.0334749 0.0352754 1097.67 1097.67
7.62 -118.178 0.0209587 0.0301956 1070.94 1070.94
7.63 -115.738 0.020253 0.020351 977.828 977.828
7.64 -112.319 0.0161144 0.0233153 838.56 838.56
7.65 -108.303 0.064366 0.0615205 677.105 677.105
7.66 -103.939 0.0268262 0.0343 513.43 513.43
7.67 -99.2515 -0.016305 -0.0150182 355.845 355.845
7.68 -94.2434 0.00801433 0.0105798 198.893 198.893
7.69 -89.0324 -0.00372094 -0.00662671 27.0495 27.0495
7.7 -83.7933 0.00326868 0.00216909 -176.588 -176.588
7.71 -78.5913 0.00276047 -0.00677511 -418.045 -418.045
7.72 -73.4457 0.00244771 -0.00380937 -682.62 -682.62
7.73 -68.4862 0.0068457 -0.00971591 -935.463 -935.463
7.74 -64.0418 -0.00416953 0.0117092 -1133.68 -1133.68
7.75 -60.4319 -0.00911546 0.0285965 -1241.87 -1241.87
7.76 -57.7751 0.000544873 -0.00258429 -1242.27 -1242.27
7.77 -56.082 -0.00202975 -0.00610148 -1137.72 -1137.72
7.78 -55.3781 0.00207083 0.00577091 -949.738 -949.738
7.79 -55.772 -0.00205796 -0.00601786 -712.121 -712.121
7.8 -57.3893 0.000400555 0.000919987 -459.928 -459.928
7.81 -60.2369 2.71364e-006 -0.000231762 -217.357 -217.357
7.82 -64.0788 -0.000160028 -8.2371e-005 9.05331 9.05331
7.83 -68.377 0.001059 0.00142324 228.71 228.71
7.84 -72.4344 0.00115695 0.00194342 458.627 458.627
7.85 -75.6403 0.00150046 0.00508056 712.471 712.471
7.86 -77.5461 -0.00212549 0.0102356 991.469 991.469
7.87 -77.9255 -0.0380217 0.0533706 1281.41 1281.41
7.88 -76.7523 0.0265535 -0.0665875 1556.12 1556.12
7.89 -74.2643 0.0453869 -0.0435229 1783.59 1783.59
7.9 -70.9812 -0.0127074 0.0128923 1932.5 1932.5
7.91 -67.5177 0.0184423 -0.0124418 1979.54 1979.54
7.92 -64.4623 -0.0140024 -0.00371085 1916.13 1916.13
7.93 -62.1433 -0.0443401 0.0645081 1751.43 1751.43
7.94 -60.5654 -0.025967 0.00769521 1509.16 1509.16
7.95 -59.5258 0.0243374 0.00418415 1220.28 1220.28
7.96 -58.9546 -0.050424 0.01479 914.068 914.068
7.97 -58.8526 0.00719667 0.0164984 611.326 611.326
7.98 -59.3998 -0.00990723 -0.00899139 323.256 323.256
7.99 -60.7981 -0.0134438 -0.00584014 54.8803 54.8803
8 -63.1997 0.00650227 -0.00838204 -191.275 -191.275
8.01 -66.6626 0.0382568 0.034209 -413.831 -413.831
8.02 -71.2914 0.0121206 0.0145278 -613.302 -613.302
8.03 -77.2554 -0.00444737 0.00735752 -792.307 -792.307
8.04 -84.4608 0.0132541 0.011043 -952.183 -952.183
8.05 -92.462 0.012945 -0.0325017 -1086.93 -1086.93
8.06 -100.788 0.00129825 0.00976023 -1180.6 -1180.6
8.07 -109.188 -0.00301111 0.00440679 -1212.97 -1212.97
8.08 -117.727 -0.00284459 0.00181065 -1169.73 -1169.73
8.09 -126.534 -0.00424159 0.00419379 -1048.57 -1048.57
8.1 -135.615 0.00237526 -0.00254744 -857.876 -857.876
8.11 -144.827 -0.00234765 -0.00109128 -613.313 -613.313
8.12 -153.916 0.00120451 -0.000407275 -336.844 -336.844
8.13 -162.483 0.00478731 0.00780936 -55.4374 -55.4374
8.14 -170.005 0.0152731 0.00600889 204.365 204.365
8.15 -175.967 0.0102539 -0.0018206 423.592 423.592
8.16 -179.963 0.0123927 -0.0131639 594.131 594.131
8.17 -181.836 0.000318435 -0.012698 716.379 716.379
8.18 -181.636 -0.0229201 0.0139959 794.459 794.459
8.19 -179.583 -0.0137782 0.0124665 832.489 832.489
8.2 -176.087 -0.0074986 0.00416087 832.029 832.029
8.21 -171.629 0.0136664 -0.0132654 789.792 789.792
8.22 -166.673 -0.0128963 0.0172288 697.09 697.09
8.23 -161.647 -0.00263588 0.0122101 543.29 543.29
8.24 -156.895 0.000833576 0.000825881 322.746 322.746
8.25 -152.658 0.000971544 -0.0024443 41.7224 41.7224
8.26 -149.066 0.00308516 -0.00227664 -278.805 -278.805
8.27 -146.218 -0.0114108 0.0101809 -607.044 -607.044
8.28 -144.279 -0.0149138 -0.0163074 -909.811 -909.811
8.29 -143.309 -0.00786469 -0.0230001 -1162.15 -1162.15
8.3 -143.335 0.0206153 -0.0412028 -1352.07 -1352.07
8.31 -144.4 0.0117231 0.0107416 -1480.03 -1480.03
8.32 -146.502 -0.0239032 0.0250322 -1555.86 -1555.86
8.33 -149.429 0.0109132 -0.0186818 -1593.81 -1593.81
8.34 -153.158 -0.00265705 0.00662 -1605.74 -1605.74
8.35 -157.807 0.000115861 -0.0140016 -1595.56 -1595.56
8.36 -163.494 -0.00737492 0.00883944 -1559.14 -1559.14
8.37 -170.378 -0.00195135 0.00582128 -1488.63 -1488.63
8.38 -178.477 -0.00884056 0.00903534 -1376.37 -1376.37
8.39 -187.611 0.00271398 -0.00535454 -1216.96 -1216.96
8.4 -197.557 -0.00474861 -0.014833 -1009.3 -1009.3
8.41 -208.084 -0.00137185 0.00167808 -760.782 -760.782
8.42 -218.865 0.000946929 -0.00774469 -491.066 -491.066
8.43 -229.611 0.00297864 -0.0109042 -229.709 -229.709
8.44 -240.014 0.0197038 -0.0304527 -7.99924 -7.99924
8.45 -249.823 0.0145142 -0.0423322 149.561 149.561
8.46 -258.843 0.00788 -0.00977278 229.733 229.733
8.47 -266.903 -0.00298157 -0.0122749 230.637 230.637
8.48 -273.902 0.00222752 -0.00619255 158.945 158.945
8.49 -279.853 -0.00768938 -0.00199128 25.2451 25.2451
8.5 -284.897 -0.00279215 -0.00131967 -160.888 -160.888
8.51 -289.209 -0.0126205 -0.0022845 -392.947 -392.947
8.52 -292.822 -0.0170518 -0.0183555 -664.884 -664.884
8.53 -295.601 -0.0104228 -0.0168102 -966.584 -966.584
8.54 -297.384 -0.00975553 -0.0137654 -1282.55 -1282.55
8.55 -298.057 -0.00597625 -0.0049365 -1595.32 -1595.32
8.56 -297.664 -0.0041318 -0.0145297 -1889.91 -1889.91
8.57 -296.308 0.00473201 -0.0113212 -2155.52 -2155.52
8.58 -293.871 -0.00500184 -0.0178342 -2383.83 -2383.83
8.59 -290.691 -0.00842227 -0.0155925 -2566.37 -2566.37
8.6 -287.144 -0.0109142 -0.014215 -2693.81 -2693.81
8.61 -283.397 -0.00677715 0.00901077 -2759.3 -2759.3
8.62 -279.819 -0.020146 -0.0584149 -2762.89 -2762.89
8.63 -276.665 -0.0631887 -0.0887794 -2711.92 -2711.92
8.64 -274.284 -0.0372023 -0.0752027 -2616.08 -2616.08
8.65 -273.001 -0.0569477 -0.0683804 -2482.15 -2482.15
8.66 -273.042 0.00256275 -0.00712701 -2312.35 -2312.35
8.67 -274.478 -0.00533611 -0.0422391 -2105.56 -2105.56
8.68 -277.072 -0.00963723 -0.0407698 -1859.34 -1859.34
8.69 -280.567 -0.0468645 -0.0780477 -1573.45 -1573.45
8.7 -284.59 -0.0514609 -0.048736 -1254.63 -1254.63
8.71 -288.775 -0.000525808 0.00415001 -919.504 -919.504
8.72 -292.79 0.00194423 0.00440777 -592.401 -592.401
8.73 -296.152 0.00411064 0.000370693 -298.404 -298.404
8.74 -298.337 0.00251595 0.00057029 -56.7941 -56.7941
8.75 -298.927 0.00373076 0.000183405 120.228 120.228
8.76 -297.72 0.00451111 -0.00711944 224.526 224.526
8.77 -294.701 0.00271036 -0.00678709 250.28 250.28
8.78 -289.885 0.00208726 -0.00991555 196.82 196.82
8.79 -283.187 -0.00834965 -0.014583 73.1661 73.1661
8.8 -274.434 -0.0109749 -0.0164389 -101.389 -101.389
8.81 -263.409 -0.0576952 -0.0561888 -302.52 -302.52
8.82 -249.898 -0.0315745 -0.0277095 -508.198 -508.198
8.83 -233.827 0.00422203 0.00364406 -703.556 -703.556
8.84 -215.422 -0.00237946 -0.00214764 -881.743 -881.743
8.85 -195.408 0.0570698 0.0623644 -1042.49 -1042.49
8.86 -174.672 0.244216 0.248815 -1189.4 -1189.4
8.87 -153.93 0.0658929 0.0254609 -1324.34 -1324.34
8.88 -133.896 -0.0139271 -0.128981 -1442.13 -1442.13
8.89 -114.778 -0.217117 0.0042869 -1530.37 -1530.37
8.9 -96.4585 0.0135576 0.0282079 -1573.04 -1573.04
8.91 -78.7423 0.127611 0.00485506 -1555.73 -1555.73
8.92 -61.587 -0.0611706 0.0259164 -1469.18 -1469.18
8.93 -44.9524 -0.0546305 -0.0164488 -1308.07 -1308.07
8.94 -28.8867 0.0356094 -0.0996938 -1067.59 -1067.59
8.95 -13.484 0.101147 0.0281853 -743.43 -743.43
8.96 1.11869 -0.00661829 -0.0616243 -337.161 -337.161
8.97 15.0136 0.0239116 0.020498 137.956 137.956
8.98 28.5466 0.0545403 0.0474629 656.186 656.186
8.99 41.2714 0.842997 0.665438 1183.73 1183.73
9 52.802 1.0811 1.01975 1684.36 1684.36
9.01 63.2099 0.546121 0.614298 2124.43 2124.43
9.02 71.8139 0.040421 0.358699 2479.23 2479.23
9.03 78.6326 -0.174631 0.2199 2739.92 2739.92
9.04 84.2669 -0.151849 0.233748 2913.79 2913.79
9.05 89.0215 -0.230356 0.0622265 3016 3016
9.06 93.0473 -0.12406 -0.0766686 3059.49 3059.49
9.07 96.6394 -0.127586 -0.0723133 3049.98 3049.98
9.08 100.007 -0.127516 -0.0190075 2986.82 2986.82
9.09 103.438 0.0295849 -0.0608844 2866.71 2866.71
9.1 107.25 -0.0638571 -0.063408 2687.77 2687.77
9.11 111.776 0.0134995 0.00838716 2451.87 2451.87
9.12 117.1 0.0168706 0.0491988 2165.33 2165.33
9.13 122.824 0.227722 0.214915 1838.16 1838.16
9.14 128.573 -0.0672618 0.0476194 1483.24 1483.24
9.15 134.014 -0.0157933 -0.0226538 1118.26 1118.26
9.16 138.599 0.02922 0.0256832 767.214 767.214
9.17 142.067 -0.00656783 -0.00450997 455.758 455.758
9.18 143.916 0.00925262 0.00085845 203.3 203.3
9.19 143.678 -0.00453347 0.00474918 18.5523 18.5523
9.2 140.909 0.00362147 0.00407096 -98.3325 -98.3325
9.21 135.342 0.00197816 -0.00245041 -149.305 -149.305
9.22 126.855 0.00246878 0.0115309 -133.196 -133.196
9.23 115.458 -0.000523823 -0.00132789 -45.9657 -45.9657
9.24 101.22 0.0146797 0.0166013 114.046 114.046
9.25 84.3186 -0.131117 -0.151261 340.246 340.246
9.26 65.083 -0.10763 -0.0848782 615.561 615.561
9.27 43.8977 0.0446492 0.0130837 915.014 915.014
9.28 21.2627 -0.0505137 -0.0517145 1211.84 1211.84
9.29 -2.07395 0.0286328 -0.0910631 1484.06 1484.06
9.3 -25.473 0.121922 -0.0344299 1716.99 1716.99
9.31 -48.3121 0.0248982 -0.00645055 1900.65 1900.65
9.32 -70.1088 0.0147023 -0.0304719 2026 2026
9.33 -90.5479 -0.0269782 -0.0701771 2084.57 2084.57
9.34 -109.47 0.0114061 0.00598158 2070.47 2070.47
9.35 -126.835 -0.00456702 -0.0157555 1981.97 1981.97
9.36 -142.669 0.0511882 0.0529581 1821.75 1821.75
9.37 -156.95 0.0174091 0.0420778 1595.34 1595.34
9.38 -169.672 0.0872303 0.140416 1308.23 1308.23
9.39 -180.842 0.132555 0.210452 963.569 963.569
9.4 -190.411 0.0888498 0.254723 563.512 563.512
9.41 -198.215 -0.0204304 0.186138 114.195 114.195
9.42 -203.982 -0.0535191 0.14405 -369.301 -369.301
9.43 -207.457 -0.0688139 0.0863291 -862.898 -862.898
9.44 -209.619 -0.103597 -0.0475678 -1339.13 -1339.13
9.45 -210.661 -0.0624697 -0.0778695 -1774.26 -1774.26
9.46 -210.384 0.0287092 0.00284467 -2151.75 -2151.75
9.47 -209.407 0.0372594 0.0439218 -2460.45 -2460.45
9.48 -207.971 0.00747176 -0.00245504 -2690.82 -2690.82
9.49 -206.418 0.0372703 -0.0158664 -2833.84 -2833.84
9.5 -204.946 -0.000495209 0.00189952 -2883.2 -2883.2
9.51 -203.929 0.0114486 -0.00732674 -2838.18 -2838.18
9.52 -203.767 -0.023331 0.0160952 -2704.78 -2704.78
9.53 -204.758 -0.00793672 -0.00451066 -2493.36 -2493.36
9.54 -206.872 -0.000108112 -0.00588525 -2213.87 -2213.87
9.55 -209.793 0.00724227 -0.00748221 -1873.05 -1873.05
9.56 -213.029 -0.00216651 0.000987627 -1477.32 -1477.32
9.57 -216.066 0.00426894 -0.00381458 -1038.91 -1038.91
9.58 -218.377 -0.00144806 -0.00145988 -579.258 -579.258
9.59 -219.403 0.000556556 -0.0025409 -126.117 -126.117
9.6 -218.651 -0.0843219 -0.0806145 293.371 293.371
9.61 -215.772 -0.0987035 -0.13864 657.744 657.744
9.62 -210.563 0.117775 0.0372777 950.501 950.501
9.63 -203.383 0.897905 0.587577 1158.1 1158.1
9.64 -195.134 0.796327 0.743095 1272.4 1272.4
9.65 -185.811 -0.0548064 0.101876 1292.75 1292.75
9.66 -174.844 -0.0639444 0.0718763 1224.03 1224.03
9.67 -162.426 -0.0804473 0.0357063 1074.9 1074.9
9.68 -148.666 -0.0498815 0.0328095 857.673 857.673
9.69 -133.553 -0.0238773 -0.0240582 587.189 587.189
9.7 -117.308 -0.0416074 0.00350337 280.155 280.155
9.71 -100.095 -0.016532 -0.0282277 -44.4546 -44.4546
9.72 -82.2349 0.00285531 -0.00841632 -366.756 -366.756
9.73 -64.1477 0.0674575 -0.0213698 -669.785 -669.785
9.74 -46.236 0.248741 -0.156642 -941.762 -941.762
9.75 -28.7433 0.16731 -0.145791 -1174.04 -1174.04
9.76 -11.9195 0.196198 -0.133714 -1357.87 -1357.87
9.77 3.90519 0.174854 -0.176221 -1484.65 -1484.65
9.78 18.2127 0.236441 -0.135712 -1548.41 -1548.41
9.79 30.4889 0.0745489 -0.123993 -1544.85 -1544.85
9.8 40.2852 -0.072169 -0.0424921 -1466.83 -1466.83
9.81 47.4989 0.0267628 -0.00878603 -1303.23 -1303.23
9.82 52.1366 -0.0214059 0.00855198 -1044.75 -1044.75
9.83 54.5229 -0.0203507 0.00194381 -691.599 -691.599
9.84 54.9981 0.191593 -0.199918 -256.213 -256.213
9.85 54.1854 0.0601562 -0.0318288 239.211 239.211
9.86 52.5818 -0.0530944 0.187632 766.369 766.369
9.87 50.7932 -0.0121026 0.0174865 1295.01 1295.01
9.88 49.3542 -0.0808141 0.174382 1798 1798
9.89 48.7436 -0.0421881 0.0982718 2254.35 2254.35
9.9 49.1343 -0.0453059 0.0887578 2648.35 2648.35
9.91 50.6458 -0.0237177 0.00728472 2967.14 2967.14
9.92 53.3787 0.0787961 -0.108668 3200.04 3200.04
9.93 57.5132 0.0516418 -0.0554921 3339.85 3339.85
9.94 63.1107 0.125954 -0.110994 3384.62 3384.62
9.95 69.9776 -0.599691 0.807612 3337.17 3337.17
9.96 77.5622 -0.255943 0.561251 3202.91 3202.91
9.97 86.4001 0.0619065 -0.195389 2991.6 2991.6
9.98 96.5381 -0.140685 0.0628787 2720.56 2720.56
9.99 107.616 0.158579 -0.253071 2411.83 2411.83
10 119.039 0.0309694 -0.0165993 2085.09 2085.09
