0.1 -0.0380058 -1.31054e-006
0.2 -0.0760729 -2.62321e-006
0.3 -0.114202 -3.93799e-006
0.4 -0.152392 -5.25489e-006
0.5 -0.190644 -6.57392e-006
0.6 -0.228957 -7.89507e-006
0.7 -0.267332 -9.21836e-006
0.8 -0.305769 -1.05438e-005
0.9 -0.344268 -1.18713e-005
1 -0.382828 -1.3201e-005
0.01 -0.382424 -1.3187e-005
0.02 -0.381323 -1.31491e-005
0.03 -0.38026 -1.31124e-005
0.04 -0.379904 -1.31001e-005
0.05 -0.380255 -1.31122e-005
0.06 -0.381165 -1.31436e-005
0.07 -0.382471 -1.31887e-005
0.08 -0.38405 -1.32431e-005
0.09 -0.385753 -1.33018e-005
0.1 -0.387461 -1.33607e-005
0.11 -0.389062 -1.34159e-005
0.12 -0.390535 -1.34667e-005
0.13 -0.391929 -1.35148e-005
0.14 -0.393366 -1.35644e-005
0.15 -0.394904 -1.36174e-005
0.16 -0.396513 -1.36729e-005
0.17 -0.398083 -1.3727e-005
0.18 -0.399542 -1.37773e-005
0.19 -0.400901 -1.38242e-005
0.2 -0.40225 -1.38707e-005
0.21 -0.403597 -1.39171e-005
0.22 -0.404862 -1.39608e-005
0.23 -0.405873 -1.39956e-005
0.24 -0.406548 -1.40189e-005
0.25 -0.406919 -1.40317e-005
0.26 -0.407162 -1.40401e-005
0.27 -0.407509 -1.40521e-005
0.28 -0.408213 -1.40763e-005
0.29 -0.409494 -1.41205e-005
0.3 -0.411531 -1.41907e-005
0.31 -0.414293 -1.4286e-005
0.32 -0.417501 -1.43966e-005
0.33 -0.420762 -1.4509e-005
0.34 -0.423755 -1.46122e-005
0.35 -0.426373 -1.47025e-005
0.36 -0.428692 -1.47825e-005
0.37 -0.430757 -1.48537e-005
0.38 -0.432416 -1.49109e-005
0.39 -0.433431 -1.49459e-005
0.4 -0.433782 -1.4958e-005
0.41 -0.433724 -1.4956e-005
0.42 -0.433555 -1.49502e-005
0.43 -0.43338 -1.49441e-005
0.44 -0.433045 -1.49326e-005
0.45 -0.432381 -1.49097e-005
0.46 -0.4314 -1.48759e-005
0.47 -0.430183 -1.48339e-005
0.48 -0.428728 -1.47837e-005
0.49 -0.426957 -1.47226e-005
0.5 -0.42479 -1.46479e-005
0.51 -0.422214 -1.45591e-005
0.52 -0.419298 -1.44585e-005
0.53 -0.416094 -1.43481e-005
0.54 -0.41267 -1.423e-005
0.55 -0.409269 -1.41127e-005
0.56 -0.406196 -1.40068e-005
0.57 -0.403545 -1.39153e-005
0.58 -0.401219 -1.38351e-005
0.59 -0.399113 -1.37625e-005
0.6 -0.397207 -1.36968e-005
0.61 -0.395552 -1.36397e-005
0.62 -0.394184 -1.35926e-005
0.63 -0.392767 -1.35437e-005
0.64 -0.390702 -1.34725e-005
0.65 -0.387742 -1.33704e-005
0.66 -0.384242 -1.32497e-005
0.67 -0.380701 -1.31276e-005
0.68 -0.377298 -1.30103e-005
0.69 -0.373792 -1.28894e-005
0.7 -0.370016 -1.27592e-005
0.71 -0.366141 -1.26256e-005
0.72 -0.362766 -1.25092e-005
0.73 -0.360434 -1.24288e-005
0.74 -0.358993 -1.23791e-005
0.75 -0.357676 -1.23337e-005
0.76 -0.355927 -1.22734e-005
0.77 -0.353744 -1.21981e-005
0.78 -0.351242 -1.21118e-005
0.79 -0.348354 -1.20122e-005
0.8 -0.34505 -1.18983e-005
0.81 -0.341622 -1.17801e-005
0.82 -0.33873 -1.16803e-005
0.83 -0.336998 -1.16206e-005
0.84 -0.336446 -1.16016e-005
0.85 -0.336554 -1.16053e-005
0.86 -0.336634 -1.16081e-005
0.87 -0.336216 -1.15937e-005
0.88 -0.335271 -1.15611e-005
0.89 -0.333972 -1.15163e-005
0.9 -0.332412 -1.14625e-005
0.91 -0.330431 -1.13942e-005
0.92 -0.327621 -1.12973e-005
0.93 -0.323578 -1.11579e-005
0.94 -0.318472 -1.09818e-005
0.95 -0.313603 -1.08139e-005
0.96 -0.310652 -1.07121e-005
0.97 -0.310127 -1.0694e-005
0.98 -0.311284 -1.07339e-005
0.99 -0.313175 -1.07991e-005
1 -0.315493 -1.08791e-005
1.01 -0.318955 -1.09984e-005
1.02 -0.324367 -1.11851e-005
1.03 -0.330747 -1.14051e-005
1.04 -0.335445 -1.15671e-005
1.05 -0.33683 -1.16148e-005
1.06 -0.3358 -1.15793e-005
1.07 -0.334331 -1.15287e-005
1.08 -0.333528 -1.1501e-005
1.09 -0.333264 -1.14919e-005
1.1 -0.333029 -1.14838e-005
1.11 -0.332318 -1.14592e-005
1.12 -0.330455 -1.1395e-005
1.13 -0.327241 -1.12842e-005
1.14 -0.324028 -1.11734e-005
1.15 -0.322526 -1.11216e-005
1.16 -0.322673 -1.11267e-005
1.17 -0.322704 -1.11277e-005
1.18 -0.320475 -1.10509e-005
1.19 -0.315424 -1.08767e-005
1.2 -0.309575 -1.0675e-005
1.21 -0.305873 -1.05474e-005
1.22 -0.306155 -1.05571e-005
1.23 -0.310617 -1.07109e-005
1.24 -0.318069 -1.09679e-005
1.25 -0.326434 -1.12563e-005
1.26 -0.333806 -1.15106e-005
1.27 -0.339205 -1.16967e-005
1.28 -0.342335 -1.18047e-005
1.29 -0.343435 -1.18426e-005
1.3 -0.342923 -1.18249e-005
1.31 -0.340747 -1.17499e-005
1.32 -0.337146 -1.16257e-005
1.33 -0.333702 -1.1507e-005
1.34 -0.331726 -1.14388e-005
1.35 -0.329901 -1.13759e-005
1.36 -0.325463 -1.12229e-005
1.37 -0.317656 -1.09537e-005
1.38 -0.30907 -1.06576e-005
1.39 -0.303738 -1.04737e-005
1.4 -0.304021 -1.04835e-005
1.41 -0.30824 -1.0629e-005
1.42 -0.310989 -1.07238e-005
1.43 -0.307403 -1.06001e-005
1.44 -0.297821 -1.02697e-005
1.45 -0.28789 -9.92726e-006
1.46 -0.283864 -9.78842e-006
1.47 -0.287242 -9.9049e-006
1.48 -0.294411 -1.01521e-005
1.49 -0.302001 -1.04138e-005
1.5 -0.309972 -1.06887e-005
1.51 -0.318342 -1.09773e-005
1.52 -0.324102 -1.11759e-005
1.53 -0.323536 -1.11564e-005
1.54 -0.316238 -1.09048e-005
1.55 -0.305344 -1.05291e-005
1.56 -0.294634 -1.01598e-005
1.57 -0.286557 -9.88126e-006
1.58 -0.282662 -9.74695e-006
1.59 -0.284165 -9.7988e-006
1.6 -0.291386 -1.00478e-005
1.61 -0.30176 -1.04055e-005
1.62 -0.309775 -1.06819e-005
1.63 -0.311729 -1.07493e-005
1.64 -0.308817 -1.06488e-005
1.65 -0.304228 -1.04906e-005
1.66 -0.299101 -1.03138e-005
1.67 -0.292226 -1.00768e-005
1.68 -0.282821 -9.75245e-006
1.69 -0.273116 -9.41778e-006
1.7 -0.266749 -9.19824e-006
1.71 -0.264397 -9.11713e-006
1.72 -0.263461 -9.08487e-006
1.73 -0.262318 -9.04543e-006
1.74 -0.26257 -9.05413e-006
1.75 -0.266931 -9.20451e-006
1.76 -0.276553 -9.5363e-006
1.77 -0.290843 -1.00291e-005
1.78 -0.308023 -1.06215e-005
1.79 -0.324512 -1.11901e-005
1.8 -0.336442 -1.16014e-005
1.81 -0.343515 -1.18454e-005
1.82 -0.348843 -1.20291e-005
1.83 -0.355051 -1.22431e-005
1.84 -0.36188 -1.24786e-005
1.85 -0.367237 -1.26634e-005
1.86 -0.370447 -1.2774e-005
1.87 -0.372602 -1.28483e-005
1.88 -0.372685 -1.28512e-005
1.89 -0.367238 -1.26634e-005
1.9 -0.35594 -1.22738e-005
1.91 -0.343307 -1.18382e-005
1.92 -0.334018 -1.15179e-005
1.93 -0.330973 -1.14129e-005
1.94 -0.336645 -1.16085e-005
1.95 -0.352266 -1.21471e-005
1.96 -0.375511 -1.29486e-005
1.97 -0.400533 -1.38115e-005
1.98 -0.421649 -1.45396e-005
1.99 -0.437174 -1.5075e-005
2 -0.449251 -1.54914e-005
2.01 -0.460614 -1.58832e-005
2.02 -0.471772 -1.6268e-005
2.03 -0.481871 -1.66162e-005
2.04 -0.491599 -1.69517e-005
2.05 -0.502242 -1.73187e-005
2.06 -0.513012 -1.76901e-005
2.07 -0.52246 -1.80159e-005
2.08 -0.530582 -1.82959e-005
2.09 -0.538143 -1.85567e-005
2.1 -0.545713 -1.88177e-005
2.11 -0.553569 -1.90886e-005
2.12 -0.56239 -1.93928e-005
2.13 -0.57336 -1.9771e-005
2.14 -0.586439 -2.0222e-005
2.15 -0.598775 -2.06474e-005
2.16 -0.605634 -2.08839e-005
2.17 -0.60487 -2.08576e-005
2.18 -0.601456 -2.07399e-005
2.19 -0.603704 -2.08174e-005
2.2 -0.613866 -2.11678e-005
2.21 -0.626844 -2.16153e-005
2.22 -0.636796 -2.19585e-005
2.23 -0.641533 -2.21218e-005
2.24 -0.642142 -2.21428e-005
2.25 -0.640886 -2.20995e-005
2.26 -0.640517 -2.20868e-005
2.27 -0.643007 -2.21727e-005
2.28 -0.647017 -2.23109e-005
2.29 -0.649493 -2.23963e-005
2.3 -0.649488 -2.23961e-005
2.31 -0.647548 -2.23292e-005
2.32 -0.643258 -2.21813e-005
2.33 -0.635899 -2.19276e-005
2.34 -0.626559 -2.16055e-005
2.35 -0.617974 -2.13094e-005
2.36 -0.612373 -2.11163e-005
2.37 -0.610536 -2.1053e-005
2.38 -0.611287 -2.10789e-005
2.39 -0.609877 -2.10303e-005
2.4 -0.599417 -2.06695e-005
2.41 -0.57451 -1.98107e-005
2.42 -0.533211 -1.83866e-005
2.43 -0.480032 -1.65528e-005
2.44 -0.426936 -1.47219e-005
2.45 -0.385472 -1.32921e-005
2.46 -0.357594 -1.23308e-005
2.47 -0.336982 -1.16201e-005
2.48 -0.31731 -1.09417e-005
2.49 -0.297199 -1.02482e-005
2.5 -0.279277 -9.63024e-006
2.51 -0.266712 -9.19695e-006
2.52 -0.261217 -9.0075e-006
2.53 -0.262436 -9.0495e-006
2.54 -0.267164 -9.21255e-006
2.55 -0.270341 -9.32212e-006
2.56 -0.267843 -9.23598e-006
2.57 -0.258836 -8.92536e-006
2.58 -0.246049 -8.48445e-006
2.59 -0.233464 -8.0505e-006
2.6 -0.223687 -7.71335e-006
2.61 -0.217589 -7.50307e-006
2.62 -0.215155 -7.41912e-006
2.63 -0.214837 -7.40817e-006
2.64 -0.213477 -7.36128e-006
2.65 -0.209013 -7.20734e-006
2.66 -0.201968 -6.96442e-006
2.67 -0.194969 -6.72308e-006
2.68 -0.191289 -6.59616e-006
2.69 -0.192275 -6.63018e-006
2.7 -0.196894 -6.78944e-006
2.71 -0.202519 -6.98342e-006
2.72 -0.205086 -7.07193e-006
2.73 -0.201379 -6.94411e-006
2.74 -0.194033 -6.69079e-006
2.75 -0.191927 -6.61817e-006
2.76 -0.201876 -6.96123e-006
2.77 -0.224044 -7.72564e-006
2.78 -0.257356 -8.87434e-006
2.79 -0.301949 -1.0412e-005
2.8 -0.353813 -1.22004e-005
2.81 -0.404327 -1.39423e-005
2.82 -0.446353 -1.53915e-005
2.83 -0.477844 -1.64774e-005
2.84 -0.501628 -1.72975e-005
2.85 -0.52148 -1.79821e-005
2.86 -0.539492 -1.86032e-005
2.87 -0.557549 -1.92258e-005
2.88 -0.575913 -1.98591e-005
2.89 -0.590804 -2.03726e-005
2.9 -0.598046 -2.06223e-005
2.91 -0.598376 -2.06337e-005
2.92 -0.59726 -2.05952e-005
2.93 -0.599866 -2.0685e-005
2.94 -0.606451 -2.09121e-005
2.95 -0.613027 -2.11388e-005
2.96 -0.615865 -2.12367e-005
2.97 -0.613864 -2.11677e-005
2.98 -0.607509 -2.09486e-005
2.99 -0.597386 -2.05995e-005
3 -0.583595 -2.0124e-005
3.01 -0.566255 -1.9526e-005
3.02 -0.546037 -1.88289e-005
3.03 -0.52348 -1.8051e-005
3.04 -0.499733 -1.72322e-005
3.05 -0.47905 -1.6519e-005
3.06 -0.466928 -1.6101e-005
3.07 -0.463064 -1.59677e-005
3.08 -0.460378 -1.58751e-005
3.09 -0.453433 -1.56356e-005
3.1 -0.443819 -1.53041e-005
3.11 -0.436701 -1.50586e-005
3.12 -0.43313 -1.49355e-005
3.13 -0.426795 -1.47171e-005
3.14 -0.411009 -1.41727e-005
3.15 -0.386186 -1.33168e-005
3.16 -0.358216 -1.23523e-005
3.17 -0.334097 -1.15206e-005
3.18 -0.318052 -1.09673e-005
3.19 -0.30708 -1.0589e-005
3.2 -0.292527 -1.00871e-005
3.21 -0.268077 -9.24405e-006
3.22 -0.234797 -8.09645e-006
3.23 -0.19942 -6.87656e-006
3.24 -0.169332 -5.83902e-006
3.25 -0.149166 -5.14366e-006
3.26 -0.140793 -4.85492e-006
3.27 -0.142964 -4.92981e-006
3.28 -0.150836 -5.20124e-006
3.29 -0.158519 -5.46618e-006
3.3 -0.161857 -5.58129e-006
3.31 -0.158692 -5.47215e-006
3.32 -0.148168 -5.10924e-006
3.33 -0.132172 -4.55766e-006
3.34 -0.11764 -4.05654e-006
3.35 -0.113402 -3.91041e-006
3.36 -0.123887 -4.27196e-006
3.37 -0.147215 -5.07636e-006
3.38 -0.176472 -6.08526e-006
3.39 -0.202159 -6.97098e-006
3.4 -0.217841 -7.51174e-006
3.41 -0.224963 -7.75736e-006
3.42 -0.230075 -7.93362e-006
3.43 -0.238018 -8.20751e-006
3.44 -0.248753 -8.57769e-006
3.45 -0.258804 -8.92429e-006
3.46 -0.265494 -9.15498e-006
3.47 -0.270068 -9.3127e-006
3.48 -0.276452 -9.53282e-006
3.49 -0.288336 -9.94262e-006
3.5 -0.308687 -1.06444e-005
3.51 -0.339471 -1.17059e-005
3.52 -0.3784 -1.30483e-005
3.53 -0.417794 -1.44067e-005
3.54 -0.448901 -1.54793e-005
3.55 -0.467309 -1.61141e-005
3.56 -0.475304 -1.63898e-005
3.57 -0.479032 -1.65183e-005
3.58 -0.483274 -1.66646e-005
3.59 -0.488478 -1.68441e-005
3.6 -0.491698 -1.69551e-005
3.61 -0.491134 -1.69357e-005
3.62 -0.490164 -1.69022e-005
3.63 -0.495683 -1.70925e-005
3.64 -0.510722 -1.76111e-005
3.65 -0.529787 -1.82685e-005
3.66 -0.543511 -1.87418e-005
3.67 -0.546051 -1.88293e-005
3.68 -0.537561 -1.85366e-005
3.69 -0.524353 -1.80811e-005
3.7 -0.517236 -1.78357e-005
3.71 -0.525369 -1.81162e-005
3.72 -0.550381 -1.89787e-005
3.73 -0.586131 -2.02114e-005
3.74 -0.622708 -2.14727e-005
3.75 -0.652886 -2.25133e-005
3.76 -0.676677 -2.33337e-005
3.77 -0.698051 -2.40707e-005
3.78 -0.719399 -2.48069e-005
3.79 -0.740959 -2.55503e-005
3.8 -0.761666 -2.62643e-005
3.81 -0.778257 -2.68364e-005
3.82 -0.785183 -2.70753e-005
3.83 -0.776667 -2.67816e-005
3.84 -0.752758 -2.59572e-005
3.85 -0.724048 -2.49672e-005
3.86 -0.702698 -2.4231e-005
3.87 -0.690223 -2.38008e-005
3.88 -0.679779 -2.34407e-005
3.89 -0.66615 -2.29707e-005
3.9 -0.650789 -2.2441e-005
3.91 -0.639244 -2.20429e-005
3.92 -0.634859 -2.18917e-005
3.93 -0.635123 -2.19008e-005
3.94 -0.633556 -2.18468e-005
3.95 -0.623886 -2.15133e-005
3.96 -0.603051 -2.07948e-005
3.97 -0.572747 -1.97499e-005
3.98 -0.537388 -1.85306e-005
3.99 -0.499998 -1.72413e-005
4 -0.462932 -1.59632e-005
4.01 -0.430391 -1.48411e-005
4.02 -0.406895 -1.40309e-005
4.03 -0.395813 -1.36487e-005
4.04 -0.399118 -1.37627e-005
4.05 -0.415342 -1.43221e-005
4.06 -0.437229 -1.50769e-005
4.07 -0.453954 -1.56536e-005
4.08 -0.457652 -1.57811e-005
4.09 -0.445748 -1.53706e-005
4.1 -0.418693 -1.44377e-005
4.11 -0.379714 -1.30936e-005
4.12 -0.334122 -1.15214e-005
4.13 -0.285706 -9.85194e-006
4.14 -0.236749 -8.16375e-006
4.15 -0.191579 -6.60618e-006
4.16 -0.156169 -5.38513e-006
4.17 -0.135051 -4.65693e-006
4.18 -0.128251 -4.42246e-006
4.19 -0.128922 -4.44559e-006
4.2 -0.126544 -4.36359e-006
4.21 -0.113857 -3.92611e-006
4.22 -0.0895931 -3.08942e-006
4.23 -0.0572349 -1.97362e-006
4.24 -0.0225301 -7.76901e-007
4.25 0.0111469 3.84376e-007
4.26 0.0432449 1.4912e-006
4.27 0.0709855 2.44778e-006
4.28 0.0896848 3.09258e-006
4.29 0.0971608 3.35037e-006
4.3 0.0924854 3.18915e-006
4.31 0.0735172 2.53508e-006
4.32 0.0405157 1.39709e-006
4.33 -0.000490483 -1.69132e-008
4.34 -0.0394829 -1.36148e-006
4.35 -0.0661936 -2.28254e-006
4.36 -0.0755614 -2.60556e-006
4.37 -0.0720009 -2.48279e-006
4.38 -0.0655018 -2.25868e-006
4.39 -0.0636815 -2.19591e-006
4.4 -0.0678136 -2.3384e-006
4.41 -0.073812 -2.54524e-006
4.42 -0.0768562 -2.65021e-006
4.43 -0.0746914 -2.57557e-006
4.44 -0.0660289 -2.27686e-006
4.45 -0.0501847 -1.73051e-006
4.46 -0.0316813 -1.09246e-006
4.47 -0.020865 -7.19482e-007
4.48 -0.0252194 -8.69636e-007
4.49 -0.0417308 -1.43899e-006
4.5 -0.0597024 -2.0587e-006
4.51 -0.0683783 -2.35787e-006
4.52 -0.061712 -2.128e-006
4.53 -0.040435 -1.39431e-006
4.54 -0.0102044 -3.51875e-007
4.55 0.0217447 7.49819e-007
4.56 0.0457376 1.57716e-006
4.57 0.0511271 1.763e-006
4.58 0.0338343 1.1667e-006
4.59 0.00033827 1.16645e-008
4.6 -0.0373961 -1.28952e-006
4.61 -0.070571 -2.43348e-006
4.62 -0.0976823 -3.36835e-006
4.63 -0.12088 -4.16829e-006
4.64 -0.140444 -4.84291e-006
4.65 -0.155542 -5.36353e-006
4.66 -0.169209 -5.83479e-006
4.67 -0.187283 -6.45802e-006
4.68 -0.211444 -7.29118e-006
4.69 -0.236462 -8.15386e-006
4.7 -0.253744 -8.7498e-006
4.71 -0.25648 -8.84413e-006
4.72 -0.245441 -8.46349e-006
4.73 -0.231591 -7.98588e-006
4.74 -0.228278 -7.87165e-006
4.75 -0.240599 -8.29653e-006
4.76 -0.263054 -9.07084e-006
4.77 -0.283227 -9.76646e-006
4.78 -0.28972 -9.99036e-006
4.79 -0.280738 -9.68063e-006
4.8 -0.26288 -9.06482e-006
4.81 -0.24477 -8.44036e-006
4.82 -0.235453 -8.11906e-006
4.83 -0.239593 -8.26181e-006
4.84 -0.248999 -8.58618e-006
4.85 -0.249411 -8.60038e-006
4.86 -0.240994 -8.31014e-006
4.87 -0.242057 -8.34679e-006
4.88 -0.269049 -9.27755e-006
4.89 -0.319772 -1.10266e-005
4.9 -0.377121 -1.30042e-005
4.91 -0.426336 -1.47012e-005
4.92 -0.466331 -1.60804e-005
4.93 -0.504747 -1.74051e-005
4.94 -0.548131 -1.89011e-005
4.95 -0.598507 -2.06382e-005
4.96 -0.65165 -2.24707e-005
4.97 -0.696135 -2.40047e-005
4.98 -0.721424 -2.48767e-005
4.99 -0.730081 -2.51752e-005
5 -0.736549 -2.53982e-005
5.01 -0.751805 -2.59243e-005
5.02 -0.773632 -2.6677e-005
5.03 -0.791279 -2.72855e-005
5.04 -0.79554 -2.74324e-005
5.05 -0.786389 -2.71169e-005
5.06 -0.774582 -2.67097e-005
5.07 -0.773782 -2.66821e-005
5.08 -0.788447 -2.71878e-005
5.09 -0.812369 -2.80127e-005
5.1 -0.83799 -2.88962e-005
5.11 -0.860596 -2.96757e-005
5.12 -0.876864 -3.02367e-005
5.13 -0.889041 -3.06566e-005
5.14 -0.908004 -3.13105e-005
5.15 -0.944157 -3.25571e-005
5.16 -0.998187 -3.44202e-005
5.17 -1.065 -3.6724e-005
5.18 -1.13973 -3.93009e-005
5.19 -1.21686 -4.19607e-005
5.2 -1.28662 -4.43664e-005
5.21 -1.33541 -4.60486e-005
5.22 -1.35198 -4.662e-005
5.23 -1.33175 -4.59224e-005
5.24 -1.27807 -4.40715e-005
5.25 -1.20216 -4.14537e-005
5.26 -1.11649 -3.84997e-005
5.27 -1.02642 -3.53937e-005
5.28 -0.931836 -3.21323e-005
5.29 -0.835207 -2.88002e-005
5.3 -0.741762 -2.5578e-005
5.31 -0.654416 -2.25661e-005
5.32 -0.572857 -1.97537e-005
5.33 -0.493609 -1.7021e-005
5.34 -0.409326 -1.41147e-005
5.35 -0.309316 -1.06661e-005
5.36 -0.182998 -6.31028e-006
5.37 -0.0319094 -1.10032e-006
5.38 0.122597 4.22747e-006
5.39 0.255763 8.81942e-006
5.4 0.361009 1.24486e-005
5.41 0.446896 1.54102e-005
5.42 0.519267 1.79058e-005
5.43 0.571678 1.9713e-005
5.44 0.594733 2.0508e-005
5.45 0.59549 2.05341e-005
5.46 0.600129 2.06941e-005
5.47 0.634218 2.18696e-005
5.48 0.707344 2.43912e-005
5.49 0.81285 2.80293e-005
5.5 0.931434 3.21184e-005
5.51 1.03643 3.57389e-005
5.52 1.10796 3.82056e-005
5.53 1.14263 3.94009e-005
5.54 1.14799 3.95857e-005
5.55 1.1323 3.90447e-005
5.56 1.099 3.78967e-005
5.57 1.04828 3.61475e-005
5.58 0.984615 3.39522e-005
5.59 0.918355 3.16674e-005
5.6 0.856028 2.95182e-005
5.61 0.79338 2.73579e-005
5.62 0.722646 2.49188e-005
5.63 0.644254 2.22157e-005
5.64 0.565506 1.95002e-005
5.65 0.487995 1.68274e-005
5.66 0.401694 1.38515e-005
5.67 0.29312 1.01076e-005
5.68 0.158498 5.46546e-006
5.69 0.00753173 2.59715e-007
5.7 -0.14506 -5.00206e-006
5.71 -0.289387 -9.97887e-006
5.72 -0.421408 -1.45313e-005
5.73 -0.535916 -1.84798e-005
5.74 -0.622662 -2.14711e-005
5.75 -0.672287 -2.31823e-005
5.76 -0.686295 -2.36653e-005
5.77 -0.679338 -2.34254e-005
5.78 -0.672487 -2.31892e-005
5.79 -0.687648 -2.3712e-005
5.8 -0.743834 -2.56495e-005
5.81 -0.848861 -2.92711e-005
5.82 -0.988709 -3.40934e-005
5.83 -1.12916 -3.89366e-005
5.84 -1.23707 -4.26574e-005
5.85 -1.29993 -4.48251e-005
5.86 -1.32488 -4.56855e-005
5.87 -1.32731 -4.57694e-005
5.88 -1.3231 -4.5624e-005
5.89 -1.3203 -4.55277e-005
5.9 -1.3136 -4.52964e-005
5.91 -1.29196 -4.45505e-005
5.92 -1.24818 -4.30408e-005
5.93 -1.17849 -4.06377e-005
5.94 -1.08106 -3.72779e-005
5.95 -0.959821 -3.30973e-005
5.96 -0.828562 -2.85711e-005
5.97 -0.704406 -2.42899e-005
5.98 -0.595886 -2.05478e-005
5.99 -0.50299 -1.73445e-005
6 -0.429206 -1.48002e-005
6.01 -0.387249 -1.33534e-005
6.02 -0.387745 -1.33705e-005
6.03 -0.427031 -1.47252e-005
6.04 -0.491062 -1.69332e-005
6.05 -0.569042 -1.96221e-005
6.06 -0.660036 -2.27599e-005
6.07 -0.76611 -2.64176e-005
6.08 -0.883351 -3.04604e-005
6.09 -1.00339 -3.45996e-005
6.1 -1.11865 -3.85742e-005
6.11 -1.22031 -4.20797e-005
6.12 -1.29648 -4.47063e-005
6.13 -1.33737 -4.61163e-005
6.14 -1.33519 -4.60411e-005
6.15 -1.2778 -4.40622e-005
6.16 -1.15094 -3.96877e-005
6.17 -0.947193 -3.26618e-005
6.18 -0.669546 -2.30878e-005
6.19 -0.330427 -1.1394e-005
6.2 0.0506835 1.74771e-006
6.21 0.454666 1.56782e-005
6.22 0.868883 2.99615e-005
6.23 1.28219 4.42136e-005
6.24 1.67918 5.79029e-005
6.25 2.0385 7.02932e-005
6.26 2.33344 8.04633e-005
6.27 2.53565 8.74361e-005
6.28 2.62566 9.054e-005
6.29 2.61418 9.01441e-005
6.3 2.54355 8.77085e-005
6.31 2.45848 8.47751e-005
6.32 2.36678 8.16129e-005
6.33 2.23183 7.69595e-005
6.34 2.00009 6.89687e-005
6.35 1.64198 5.66199e-005
6.36 1.17809 4.06238e-005
6.37 0.678153 2.33846e-005
6.38 0.232561 8.01935e-006
6.39 -0.0978825 -3.37526e-006
6.4 -0.312729 -1.07837e-005
6.41 -0.443635 -1.52978e-005
6.42 -0.505836 -1.74426e-005
6.43 -0.487297 -1.68033e-005
6.44 -0.366074 -1.26232e-005
6.45 -0.128139 -4.41858e-006
6.46 0.220817 7.61437e-006
6.47 0.649606 2.24002e-005
6.48 1.10575 3.81294e-005
6.49 1.53565 5.29536e-005
6.5 1.90301 6.56211e-005
6.51 2.18644 7.53944e-005
6.52 2.36483 8.1546e-005
6.53 2.4077 8.30241e-005
6.54 2.28142 7.86697e-005
6.55 1.97197 6.79991e-005
6.56 1.5006 5.17448e-005
6.57 0.915042 3.15532e-005
6.58 0.268551 9.26038e-006
6.59 -0.399634 -1.37805e-005
6.6 -1.07612 -3.71076e-005
6.61 -1.76931 -6.10105e-005
6.62 -2.48982 -8.5856e-005
6.63 -3.23112 -0.000111418
6.64 -3.95755 -0.000136467
6.65 -4.61588 -0.000159168
6.66 -5.14761 -0.000177504
6.67 -5.51422 -0.000190146
6.68 -5.69476 -0.000196371
6.69 -5.68195 -0.000195929
6.7 -5.47327 -0.000188733
6.71 -5.06861 -0.00017478
6.72 -4.48365 -0.000154609
6.73 -3.75855 -0.000129605
6.74 -2.95181 -0.000101787
6.75 -2.13475 -7.36121e-005
6.76 -1.37486 -4.7409e-005
6.77 -0.71535 -2.46672e-005
6.78 -0.172484 -5.94773e-006
6.79 0.231448 7.98097e-006
6.8 0.473539 1.63289e-005
6.81 0.535986 1.84823e-005
6.82 0.420025 1.44836e-005
6.83 0.148239 5.11167e-006
6.84 -0.251099 -8.65858e-006
6.85 -0.75067 -2.58852e-005
6.86 -1.31743 -4.54285e-005
6.87 -1.91102 -6.58973e-005
6.88 -2.49837 -8.61506e-005
6.89 -3.06118 -0.000105558
6.9 -3.58732 -0.000123701
6.91 -4.04572 -0.000139508
6.92 -4.40193 -0.000151791
6.93 -4.63257 -0.000159744
6.94 -4.74062 -0.00016347
6.95 -4.73931 -0.000163424
6.96 -4.63124 -0.000159698
6.97 -4.40909 -0.000152038
6.98 -4.07216 -0.000140419
6.99 -3.63838 -0.000125461
7 -3.13147 -0.000107982
7.01 -2.55756 -8.81916e-005
7.02 -1.91099 -6.58961e-005
7.03 -1.20292 -4.14799e-005
7.04 -0.473497 -1.63275e-005
7.05 0.209447 7.22233e-006
7.06 0.785527 2.70871e-005
7.07 1.22346 4.21882e-005
7.08 1.52193 5.24805e-005
7.09 1.69231 5.83556e-005
7.1 1.74366 6.01261e-005
7.11 1.67767 5.78508e-005
7.12 1.49689 5.16169e-005
7.13 1.21164 4.17807e-005
7.14 0.838689 2.89203e-005
7.15 0.399164 1.37643e-005
7.16 -0.084113 -2.90045e-006
7.17 -0.585061 -2.01745e-005
7.18 -1.07097 -3.69299e-005
7.19 -1.50538 -5.19097e-005
7.2 -1.85742 -6.40488e-005
7.21 -2.10547 -7.26026e-005
7.22 -2.23044 -7.69119e-005
7.23 -2.22038 -7.65648e-005
7.24 -2.06429 -7.11823e-005
7.25 -1.76182 -6.07525e-005
7.26 -1.3233 -4.56311e-005
7.27 -0.760755 -2.62329e-005
7.28 -0.0883313 -3.04591e-006
7.29 0.668946 2.30671e-005
7.3 1.47562 5.08836e-005
7.31 2.30145 7.93604e-005
7.32 3.12004 0.000107588
7.33 3.88252 0.00013388
7.34 4.51441 0.000155669
7.35 4.95296 0.000170792
7.36 5.1377 0.000177162
7.37 5.07738 0.000175082
7.38 4.81784 0.000166132
7.39 4.38605 0.000151243
7.4 3.79561 0.000130883
7.41 3.06401 0.000105655
7.42 2.2291 7.68655e-005
7.43 1.34515 4.63846e-005
7.44 0.451177 1.55578e-005
7.45 -0.442491 -1.52583e-005
7.46 -1.32824 -4.58013e-005
7.47 -2.18839 -7.54616e-005
7.48 -2.9676 -0.000102331
7.49 -3.60126 -0.000124181
7.5 -4.06417 -0.000140144
7.51 -4.36905 -0.000150657
7.52 -4.53645 -0.000156429
7.53 -4.56686 -0.000157478
7.54 -4.44525 -0.000153284
7.55 -4.16673 -0.00014368
7.56 -3.75992 -0.000129652
7.57 -3.28004 -0.000113105
7.58 -2.77099 -9.55515e-005
7.59 -2.23768 -7.71614e-005
7.6 -1.67371 -5.77142e-005
7.61 -1.1061 -3.81414e-005
7.62 -0.602576 -2.07785e-005
7.63 -0.23264 -8.02207e-006
7.64 -0.0266025 -9.17327e-007
7.65 0.0382482 1.3189e-006
7.66 0.0101016 3.48333e-007
7.67 -0.0690334 -2.38046e-006
7.68 -0.193465 -6.67121e-006
7.69 -0.39401 -1.35866e-005
7.7 -0.702408 -2.4221e-005
7.71 -1.11475 -3.84397e-005
7.72 -1.59043 -5.48423e-005
7.73 -2.07882 -7.16833e-005
7.74 -2.53899 -8.75514e-005
7.75 -2.93438 -0.000101185
7.76 -3.21648 -0.000110913
7.77 -3.35371 -0.000115645
7.78 -3.33822 -0.000115111
7.79 -3.20086 -0.000110375
7.8 -2.98487 -0.000102927
7.81 -2.71337 -9.35645e-005
7.82 -2.37442 -8.18766e-005
7.83 -1.92627 -6.64231e-005
7.84 -1.32452 -4.56731e-005
7.85 -0.553889 -1.90996e-005
7.86 0.372779 1.28545e-005
7.87 1.39864 4.82291e-005
7.88 2.44774 8.44049e-005
7.89 3.43554 0.000118467
7.9 4.28108 0.000147623
7.91 4.92844 0.000169946
7.92 5.37332 0.000185287
7.93 5.61633 0.000193667
7.94 5.6829 0.000195962
7.95 5.60517 0.000193282
7.96 5.3856 0.00018571
7.97 5.00461 0.000172573
7.98 4.44563 0.000153297
7.99 3.72046 0.000128292
8 2.87881 9.92692e-005
8.01 1.98807 6.85541e-005
8.02 1.10076 3.79574e-005
8.03 0.244016 8.41436e-006
8.04 -0.557562 -1.92263e-005
8.05 -1.26939 -4.37721e-005
8.06 -1.86088 -6.41681e-005
8.07 -2.31878 -7.99578e-005
8.08 -2.64233 -9.11147e-005
8.09 -2.82122 -9.72835e-005
8.1 -2.81992 -9.72387e-005
8.11 -2.60593 -8.98596e-005
8.12 -2.17736 -7.50812e-005
8.13 -1.56846 -5.40848e-005
8.14 -0.836057 -2.88296e-005
8.15 -0.0362078 -1.24854e-006
8.16 0.771481 2.66028e-005
8.17 1.53022 5.27662e-005
8.18 2.18358 7.52957e-005
8.19 2.68449 9.25687e-005
8.2 2.99942 0.000103428
8.21 3.10844 0.000107188
8.22 3.00706 0.000103692
8.23 2.70207 9.31749e-005
8.24 2.21152 7.62592e-005
8.25 1.56743 5.40494e-005
8.26 0.813952 2.80673e-005
8.27 -0.00379473 -1.30853e-007
8.28 -0.846377 -2.91854e-005
8.29 -1.67849 -5.78789e-005
8.3 -2.47653 -8.53976e-005
8.31 -3.22406 -0.000111175
8.32 -3.90912 -0.000134797
8.33 -4.51908 -0.00015583
8.34 -5.04044 -0.000173808
8.35 -5.46343 -0.000188394
8.36 -5.77349 -0.000199086
8.37 -5.95548 -0.000205361
8.38 -5.98271 -0.0002063
8.39 -5.8221 -0.000200762
8.4 -5.44786 -0.000187857
8.41 -4.86688 -0.000167824
8.42 -4.1258 -0.000142269
8.43 -3.2999 -0.00011379
8.44 -2.47031 -8.51831e-005
8.45 -1.70716 -5.88674e-005
8.46 -1.06045 -3.65672e-005
8.47 -0.560328 -1.93216e-005
8.48 -0.225751 -7.78451e-006
8.49 -0.0778309 -2.68382e-006
8.5 -0.138639 -4.78065e-006
8.51 -0.417519 -1.43972e-005
8.52 -0.888848 -3.06499e-005
8.53 -1.49826 -5.16642e-005
8.54 -2.1837 -7.53e-005
8.55 -2.89691 -9.98935e-005
8.56 -3.61084 -0.000124512
8.57 -4.31068 -0.000148644
8.58 -4.98266 -0.000171816
8.59 -5.61475 -0.000193612
8.6 -6.19609 -0.000213658
8.61 -6.70203 -0.000231104
8.62 -7.13403 -0.000246001
8.63 -7.47517 -0.000257765
8.64 -7.69626 -0.000265388
8.65 -7.76557 -0.000267778
8.66 -7.65991 -0.000264135
8.67 -7.37037 -0.000254151
8.68 -6.89516 -0.000237764
8.69 -6.24562 -0.000215366
8.7 -5.45876 -0.000188233
8.71 -4.59562 -0.00015847
8.72 -3.72354 -0.000128398
8.73 -2.89349 -9.97754e-005
8.74 -2.13702 -7.36902e-005
8.75 -1.48258 -5.11235e-005
8.76 -0.960096 -3.31067e-005
8.77 -0.603365 -2.08057e-005
8.78 -0.419997 -1.44826e-005
8.79 -0.397861 -1.37193e-005
8.8 -0.497144 -1.71429e-005
8.81 -0.672149 -2.31775e-005
8.82 -0.883548 -3.04672e-005
8.83 -1.10982 -3.82696e-005
8.84 -1.35458 -4.67095e-005
8.85 -1.64758 -5.68132e-005
8.86 -2.01973 -6.96457e-005
8.87 -2.47322 -8.52833e-005
8.88 -2.97896 -0.000102723
8.89 -3.47549 -0.000119844
8.9 -3.90113 -0.000134522
8.91 -4.20162 -0.000144883
8.92 -4.35508 -0.000150175
8.93 -4.34755 -0.000149915
8.94 -4.16741 -0.000143704
8.95 -3.79912 -0.000131004
8.96 -3.22474 -0.000111198
8.97 -2.4451 -8.43137e-005
8.98 -1.50361 -5.18486e-005
8.99 -0.475363 -1.63918e-005
9 0.575332 1.9839e-005
9.01 1.58484 5.46498e-005
9.02 2.52692 8.71353e-005
9.03 3.4123 0.000117666
9.04 4.21503 0.000145346
9.05 4.90532 0.000169149
9.06 5.4784 0.00018891
9.07 5.93724 0.000204733
9.08 6.30023 0.000217249
9.09 6.5946 0.0002274
9.1 6.81668 0.000235058
9.11 6.93463 0.000239125
9.12 6.89009 0.000237589
9.13 6.67373 0.000230129
9.14 6.28133 0.000216598
9.15 5.74653 0.000198156
9.16 5.14096 0.000177275
9.17 4.52217 0.000155937
9.18 3.91481 0.000134993
9.19 3.32057 0.000114502
9.2 2.75605 9.50362e-005
9.21 2.26971 7.82658e-005
9.22 1.92123 6.62494e-005
9.23 1.74661 6.02279e-005
9.24 1.74527 6.01816e-005
9.25 1.88278 6.49233e-005
9.26 2.09668 7.22994e-005
9.27 2.33123 8.03872e-005
9.28 2.56202 8.83456e-005
9.29 2.78881 9.61658e-005
9.3 3.01486 0.000103961
9.31 3.23752 0.000111639
9.32 3.44976 0.000118957
9.33 3.64241 0.0001256
9.34 3.80257 0.000131123
9.35 3.91092 0.000134859
9.36 3.94878 0.000136165
9.37 3.89955 0.000134467
9.38 3.74228 0.000129044
9.39 3.44865 0.000118919
9.4 2.99685 0.00010334
9.41 2.39183 8.24767e-005
9.42 1.66873 5.75423e-005
9.43 0.863266 2.97678e-005
9.44 -0.0225107 -7.7623e-007
9.45 -0.94966 -3.27469e-005
9.46 -1.87933 -6.48044e-005
9.47 -2.7912 -9.62483e-005
9.48 -3.63892 -0.00012548
9.49 -4.38915 -0.00015135
9.5 -5.02573 -0.000173301
9.51 -5.55168 -0.000191437
9.52 -5.98836 -0.000206495
9.53 -6.33832 -0.000218563
9.54 -6.57451 -0.000226707
9.55 -6.65504 -0.000229484
9.56 -6.55353 -0.000225984
9.57 -6.27569 -0.000216403
9.58 -5.85875 -0.000202026
9.59 -5.35011 -0.000184487
9.6 -4.79181 -0.000165235
9.61 -4.22028 -0.000145527
9.62 -3.67272 -0.000126646
9.63 -3.20763 -0.000110608
9.64 -2.85393 -9.84114e-005
9.65 -2.59903 -8.96216e-005
9.66 -2.41848 -8.33959e-005
9.67 -2.31667 -7.98852e-005
9.68 -2.30254 -7.93978e-005
9.69 -2.38551 -8.2259e-005
9.7 -2.56462 -8.8435e-005
9.71 -2.81283 -9.6994e-005
9.72 -3.10995 -0.00010724
9.73 -3.44871 -0.000118921
9.74 -3.81808 -0.000131658
9.75 -4.20403 -0.000144967
9.76 -4.58085 -0.00015796
9.77 -4.95211 -0.000170763
9.78 -5.33552 -0.000183984
9.79 -5.72125 -0.000197285
9.8 -6.06064 -0.000208987
9.81 -6.28236 -0.000216633
9.82 -6.29862 -0.000217194
9.83 -6.03635 -0.00020815
9.84 -5.46617 -0.000188489
9.85 -4.60249 -0.000158707
9.86 -3.48538 -0.000120186
9.87 -2.16234 -7.45635e-005
9.88 -0.689877 -2.37888e-005
9.89 0.863166 2.97644e-005
9.9 2.4086 8.30553e-005
9.91 3.88761 0.000134056
9.92 5.27031 0.000181735
9.93 6.55878 0.000226165
9.94 7.83093 0.000270032
9.95 9.08748 0.000313361
9.96 10.236 0.000352966
9.97 11.2215 0.000386947
9.98 12.0076 0.000414056
9.99 12.5465 0.000432639
10 12.8364 0.000442635
