0.1 3.94469e-007
0.2 7.89443e-007
0.3 1.18492e-006
0.4 1.58091e-006
0.5 1.97741e-006
0.6 2.37443e-006
0.7 2.77196e-006
0.8 3.17002e-006
0.9 3.56859e-006
1 3.9677e-006
0.01 3.87929e-006
0.02 3.61981e-006
0.03 3.28522e-006
0.04 2.95997e-006
0.05 2.63997e-006
0.06 2.33799e-006
0.07 2.08113e-006
0.08 1.90055e-006
0.09 1.82152e-006
0.1 1.85629e-006
0.11 2.00174e-006
0.12 2.24128e-006
0.13 2.54873e-006
0.14 2.89357e-006
0.15 3.24713e-006
0.16 3.58969e-006
0.17 3.91327e-006
0.18 4.2182e-006
0.19 4.50902e-006
0.2 4.7909e-006
0.21 5.06818e-006
0.22 5.34705e-006
0.23 5.63336e-006
0.24 5.92735e-006
0.25 6.22191e-006
0.26 6.50872e-006
0.27 6.79246e-006
0.28 7.09135e-006
0.29 7.41644e-006
0.3 7.75961e-006
0.31 8.11034e-006
0.32 8.46447e-006
0.33 8.8108e-006
0.34 9.13246e-006
0.35 9.41546e-006
0.36 9.64683e-006
0.37 9.81578e-006
0.38 9.92025e-006
0.39 9.96289e-006
0.4 9.93946e-006
0.41 9.8423e-006
0.42 9.66833e-006
0.43 9.4227e-006
0.44 9.12256e-006
0.45 8.78705e-006
0.46 8.4333e-006
0.47 8.08437e-006
0.48 7.75795e-006
0.49 7.45751e-006
0.5 7.19267e-006
0.51 6.98259e-006
0.52 6.83131e-006
0.53 6.73655e-006
0.54 6.71933e-006
0.55 6.81364e-006
0.56 7.01853e-006
0.57 7.2678e-006
0.58 7.46955e-006
0.59 7.58103e-006
0.6 7.62471e-006
0.61 7.62441e-006
0.62 7.56663e-006
0.63 7.47327e-006
0.64 7.43049e-006
0.65 7.47018e-006
0.66 7.53953e-006
0.67 7.60851e-006
0.68 7.69907e-006
0.69 7.82681e-006
0.7 7.9844e-006
0.71 8.16135e-006
0.72 8.32468e-006
0.73 8.40831e-006
0.74 8.34419e-006
0.75 8.09273e-006
0.76 7.66e-006
0.77 7.10665e-006
0.78 6.54775e-006
0.79 6.09668e-006
0.8 5.79717e-006
0.81 5.64452e-006
0.82 5.63104e-006
0.83 5.74241e-006
0.84 5.95242e-006
0.85 6.26211e-006
0.86 6.70328e-006
0.87 7.22015e-006
0.88 7.6627e-006
0.89 7.98293e-006
0.9 8.30658e-006
0.91 8.77608e-006
0.92 9.36669e-006
0.93 9.92657e-006
0.94 1.03854e-005
0.95 1.08057e-005
0.96 1.1272e-005
0.97 1.17679e-005
0.98 1.214e-005
0.99 1.22764e-005
1 1.22317e-005
1.01 1.2065e-005
1.02 1.17682e-005
1.03 1.14286e-005
1.04 1.1242e-005
1.05 1.12951e-005
1.06 1.14767e-005
1.07 1.16513e-005
1.08 1.18444e-005
1.09 1.21324e-005
1.1 1.23901e-005
1.11 1.24006e-005
1.12 1.21877e-005
1.13 1.20013e-005
1.14 1.19886e-005
1.15 1.22084e-005
1.16 1.28119e-005
1.17 1.38606e-005
1.18 1.52373e-005
1.19 1.67513e-005
1.2 1.81725e-005
1.21 1.92867e-005
1.22 1.99292e-005
1.23 1.99951e-005
1.24 1.95041e-005
1.25 1.86678e-005
1.26 1.78019e-005
1.27 1.71467e-005
1.28 1.683e-005
1.29 1.68419e-005
1.3 1.70572e-005
1.31 1.74247e-005
1.32 1.79573e-005
1.33 1.85459e-005
1.34 1.91287e-005
1.35 1.98889e-005
1.36 2.09323e-005
1.37 2.20302e-005
1.38 2.28e-005
1.39 2.30057e-005
1.4 2.26524e-005
1.41 2.17632e-005
1.42 2.03519e-005
1.43 1.86355e-005
1.44 1.68436e-005
1.45 1.49145e-005
1.46 1.25994e-005
1.47 9.74337e-006
1.48 6.29435e-006
1.49 2.0533e-006
1.5 -3.1912e-006
1.51 -9.05258e-006
1.52 -1.4453e-005
1.53 -1.84967e-005
1.54 -2.10855e-005
1.55 -2.24899e-005
1.56 -2.28618e-005
1.57 -2.23012e-005
1.58 -2.10381e-005
1.59 -1.94575e-005
1.6 -1.80948e-005
1.61 -1.74316e-005
1.62 -1.74452e-005
1.63 -1.73532e-005
1.64 -1.58884e-005
1.65 -1.21208e-005
1.66 -6.05795e-006
1.67 1.58221e-006
1.68 9.96158e-006
1.69 1.83858e-005
1.7 2.62293e-005
1.71 3.30587e-005
1.72 3.886e-005
1.73 4.38334e-005
1.74 4.80818e-005
1.75 5.17242e-005
1.76 5.50249e-005
1.77 5.80937e-005
1.78 6.05758e-005
1.79 6.20359e-005
1.8 6.24985e-005
1.81 6.22425e-005
1.82 6.13832e-005
1.83 5.98467e-005
1.84 5.75778e-005
1.85 5.45743e-005
1.86 5.07198e-005
1.87 4.61369e-005
1.88 4.18545e-005
1.89 3.9209e-005
1.9 3.81917e-005
1.91 3.72933e-005
1.92 3.49616e-005
1.93 3.03182e-005
1.94 2.28766e-005
1.95 1.24676e-005
1.96 -3.71865e-007
1.97 -1.4292e-005
1.98 -2.78353e-005
1.99 -4.01341e-005
2 -5.09311e-005
2.01 -6.02606e-005
2.02 -6.81663e-005
2.03 -7.48118e-005
2.04 -8.063e-005
2.05 -8.57774e-005
2.06 -8.98664e-005
2.07 -9.276e-005
2.08 -9.49629e-005
2.09 -9.69438e-005
2.1 -9.84761e-005
2.11 -9.88255e-005
2.12 -9.75734e-005
2.13 -9.49447e-005
2.14 -9.1385e-005
2.15 -8.70827e-005
2.16 -8.17515e-005
2.17 -7.50361e-005
2.18 -6.72859e-005
2.19 -5.92639e-005
2.2 -5.09648e-005
2.21 -4.16202e-005
2.22 -3.07412e-005
2.23 -1.85269e-005
2.24 -5.45078e-006
2.25 8.08566e-006
2.26 2.15437e-005
2.27 3.43415e-005
2.28 4.63788e-005
2.29 5.78365e-005
2.3 6.86209e-005
2.31 7.85444e-005
2.32 8.76571e-005
2.33 9.60576e-005
2.34 0.000103644
2.35 0.000110147
2.36 0.000115286
2.37 0.000118682
2.38 0.000119951
2.39 0.000119281
2.4 0.000117254
2.41 0.00011416
2.42 0.000110127
2.43 0.000105189
2.44 9.88556e-005
2.45 9.04869e-005
2.46 8.01835e-005
2.47 6.86998e-005
2.48 5.66396e-005
2.49 4.40661e-005
2.5 3.06111e-005
2.51 1.58762e-005
2.52 -2.24004e-007
2.53 -1.74701e-005
2.54 -3.52956e-005
2.55 -5.27767e-005
2.56 -6.89475e-005
2.57 -8.31082e-005
2.58 -9.49525e-005
2.59 -0.000104599
2.6 -0.000112447
2.61 -0.000118842
2.62 -0.000123872
2.63 -0.000127405
2.64 -0.000129534
2.65 -0.000130964
2.66 -0.000132424
2.67 -0.000133801
2.68 -0.000134194
2.69 -0.000132644
2.7 -0.00012891
2.71 -0.000123415
2.72 -0.00011644
2.73 -0.00010765
2.74 -9.66571e-005
2.75 -8.38031e-005
2.76 -6.98376e-005
2.77 -5.52509e-005
2.78 -4.02711e-005
2.79 -2.48458e-005
2.8 -8.53425e-006
2.81 8.78439e-006
2.82 2.63428e-005
2.83 4.30208e-005
2.84 5.79765e-005
2.85 7.09166e-005
2.86 8.18859e-005
2.87 9.09476e-005
2.88 9.84383e-005
2.89 0.000105074
2.9 0.000111405
2.91 0.000117525
2.92 0.000123298
2.93 0.000128426
2.94 0.000132444
2.95 0.000134915
2.96 0.000135472
2.97 0.000133648
2.98 0.000128911
2.99 0.000121138
3 0.000111018
3.01 9.97612e-005
3.02 8.84042e-005
3.03 7.74694e-005
3.04 6.68749e-005
3.05 5.59959e-005
3.06 4.41561e-005
3.07 3.13032e-005
3.08 1.80804e-005
3.09 5.01063e-006
3.1 -8.04297e-006
3.11 -2.12051e-005
3.12 -3.36739e-005
3.13 -4.39611e-005
3.14 -5.12586e-005
3.15 -5.62323e-005
3.16 -6.03263e-005
3.17 -6.49437e-005
3.18 -7.09499e-005
3.19 -7.8029e-005
3.2 -8.49096e-005
3.21 -9.06866e-005
3.22 -9.5524e-005
3.23 -0.000100004
3.24 -0.000104329
3.25 -0.000108296
3.26 -0.000111466
3.27 -0.000112996
3.28 -0.000111901
3.29 -0.0001079
3.3 -0.000101664
3.31 -9.41282e-005
3.32 -8.57119e-005
3.33 -7.64958e-005
3.34 -6.70776e-005
3.35 -5.83863e-005
3.36 -5.05277e-005
3.37 -4.25462e-005
3.38 -3.31279e-005
3.39 -2.13019e-005
3.4 -7.14727e-006
3.41 7.92534e-006
3.42 2.20749e-005
3.43 3.43153e-005
3.44 4.47546e-005
3.45 5.3924e-005
3.46 6.21626e-005
3.47 6.9509e-005
3.48 7.59564e-005
3.49 8.16271e-005
3.5 8.6419e-005
3.51 8.97696e-005
3.52 9.14438e-005
3.53 9.20655e-005
3.54 9.23109e-005
3.55 9.20023e-005
3.56 9.00807e-005
3.57 8.54826e-005
3.58 7.80948e-005
3.59 6.8891e-005
3.6 5.95119e-005
3.61 5.14806e-005
3.62 4.51902e-005
3.63 3.96192e-005
3.64 3.3318e-005
3.65 2.55792e-005
3.66 1.65522e-005
3.67 6.58074e-006
3.68 -4.09767e-006
3.69 -1.51395e-005
3.7 -2.61189e-005
3.71 -3.67187e-005
3.72 -4.6537e-005
3.73 -5.50326e-005
3.74 -6.19481e-005
3.75 -6.7427e-005
3.76 -7.17496e-005
3.77 -7.50972e-005
3.78 -7.75476e-005
3.79 -7.92333e-005
3.8 -8.0261e-005
3.81 -8.0577e-005
3.82 -8.01519e-005
3.83 -7.89688e-005
3.84 -7.68e-005
3.85 -7.34818e-005
3.86 -6.91991e-005
3.87 -6.43482e-005
3.88 -5.93378e-005
3.89 -5.44915e-005
3.9 -5.01583e-005
3.91 -4.69682e-005
3.92 -4.57714e-005
3.93 -4.68282e-005
3.94 -4.91824e-005
3.95 -5.13203e-005
3.96 -5.20866e-005
3.97 -5.07638e-005
3.98 -4.67748e-005
3.99 -3.96786e-005
4 -2.98285e-005
4.01 -1.87634e-005
4.02 -8.12647e-006
4.03 1.33134e-006
4.04 9.22136e-006
4.05 1.51746e-005
4.06 1.96017e-005
4.07 2.36912e-005
4.08 2.81713e-005
4.09 3.29289e-005
4.1 3.77786e-005
4.11 4.26868e-005
4.12 4.76633e-005
4.13 5.30358e-005
4.14 5.90152e-005
4.15 6.49522e-005
4.16 6.97328e-005
4.17 7.25293e-005
4.18 7.31753e-005
4.19 7.22581e-005
4.2 7.06244e-005
4.21 6.89228e-005
4.22 6.77454e-005
4.23 6.73375e-005
4.24 6.7242e-005
4.25 6.71393e-005
4.26 6.72396e-005
4.27 6.74804e-005
4.28 6.74916e-005
4.29 6.70342e-005
4.3 6.54946e-005
4.31 6.17581e-005
4.32 5.52734e-005
4.33 4.65617e-005
4.34 3.66178e-005
4.35 2.64385e-005
4.36 1.6877e-005
4.37 8.31123e-006
4.38 4.56756e-007
4.39 -7.61446e-006
4.4 -1.70635e-005
4.41 -2.82895e-005
4.42 -4.0549e-005
4.43 -5.24052e-005
4.44 -6.20708e-005
4.45 -6.81105e-005
4.46 -7.05459e-005
4.47 -7.06962e-005
4.48 -6.98001e-005
4.49 -6.8423e-005
4.5 -6.68704e-005
4.51 -6.51066e-005
4.52 -6.24347e-005
4.53 -5.82703e-005
4.54 -5.27596e-005
4.55 -4.61479e-005
4.56 -3.85569e-005
4.57 -3.02713e-005
4.58 -2.13069e-005
4.59 -1.08989e-005
4.6 2.06541e-006
4.61 1.77662e-005
4.62 3.47287e-005
4.63 5.10245e-005
4.64 6.61417e-005
4.65 8.09758e-005
4.66 9.6205e-005
4.67 0.000111457
4.68 0.000125894
4.69 0.000139042
4.7 0.000151158
4.71 0.00016292
4.72 0.000174368
4.73 0.000184397
4.74 0.000191735
4.75 0.000195891
4.76 0.000197254
4.77 0.000197024
4.78 0.000196378
4.79 0.000195198
4.8 0.000192368
4.81 0.000186922
4.82 0.000178166
4.83 0.000165816
4.84 0.00015081
4.85 0.000134753
4.86 0.000117583
4.87 9.7269e-005
4.88 7.26782e-005
4.89 4.5206e-005
4.9 1.73576e-005
4.91 -9.18219e-006
4.92 -3.38021e-005
4.93 -5.61469e-005
4.94 -7.6256e-005
4.95 -9.5202e-005
4.96 -0.000114215
4.97 -0.000133246
4.98 -0.000151418
4.99 -0.000168494
5 -0.000184474
5.01 -0.000198235
5.02 -0.000208148
5.03 -0.000213455
5.04 -0.000214116
5.05 -0.000210447
5.06 -0.000203706
5.07 -0.000195516
5.08 -0.000186153
5.09 -0.000174633
5.1 -0.000160242
5.11 -0.000142631
5.12 -0.000121002
5.13 -9.49722e-005
5.14 -6.61079e-005
5.15 -3.70329e-005
5.16 -9.19581e-006
5.17 1.71743e-005
5.18 4.18573e-005
5.19 6.48485e-005
5.2 8.73134e-005
5.21 0.000111024
5.22 0.00013647
5.23 0.000162664
5.24 0.000188347
5.25 0.000212208
5.26 0.000233037
5.27 0.000250366
5.28 0.000264031
5.29 0.000273315
5.3 0.000277759
5.31 0.000278073
5.32 0.000275172
5.33 0.000269393
5.34 0.000261039
5.35 0.000251088
5.36 0.000241023
5.37 0.000231212
5.38 0.000219856
5.39 0.000204877
5.4 0.000186249
5.41 0.000165579
5.42 0.000144274
5.43 0.000122248
5.44 9.81429e-005
5.45 7.12871e-005
5.46 4.29824e-005
5.47 1.55253e-005
5.48 -9.11938e-006
5.49 -2.96915e-005
5.5 -4.62872e-005
5.51 -6.06371e-005
5.52 -7.43006e-005
5.53 -8.74531e-005
5.54 -0.000100126
5.55 -0.000112835
5.56 -0.000125991
5.57 -0.000139905
5.58 -0.000154859
5.59 -0.000170797
5.6 -0.000187479
5.61 -0.000204842
5.62 -0.00022249
5.63 -0.000238824
5.64 -0.000251589
5.65 -0.000259682
5.66 -0.000264151
5.67 -0.000267308
5.68 -0.000270628
5.69 -0.000273404
5.7 -0.000273431
5.71 -0.000268804
5.72 -0.000258788
5.73 -0.000242989
5.74 -0.000220277
5.75 -0.000188897
5.76 -0.000147815
5.77 -9.77419e-005
5.78 -4.0943e-005
5.79 1.89901e-005
5.8 7.72791e-005
5.81 0.000129575
5.82 0.000175217
5.83 0.000218214
5.84 0.000263206
5.85 0.000310915
5.86 0.000358473
5.87 0.000402647
5.88 0.000441389
5.89 0.000473992
5.9 0.000500919
5.91 0.000522626
5.92 0.000539186
5.93 0.000551
5.94 0.000558377
5.95 0.000560483
5.96 0.000555244
5.97 0.000540632
5.98 0.000515983
5.99 0.000481334
6 0.000435358
6.01 0.000374834
6.02 0.000296816
6.03 0.000200301
6.04 8.62827e-005
6.05 -4.20521e-005
6.06 -0.000179644
6.07 -0.000320425
6.08 -0.000457957
6.09 -0.000586852
6.1 -0.000703795
6.11 -0.000806322
6.12 -0.000891758
6.13 -0.000957758
6.14 -0.00100193
6.15 -0.00102097
6.16 -0.00101191
6.17 -0.000973558
6.18 -0.000906489
6.19 -0.000813309
6.2 -0.00069889
6.21 -0.000568255
6.22 -0.00042379
6.23 -0.000265379
6.24 -9.36386e-005
6.25 8.68335e-005
6.26 0.000266642
6.27 0.000433621
6.28 0.00057754
6.29 0.000695059
6.3 0.000790781
6.31 0.000871544
6.32 0.0009391
6.33 0.000988736
6.34 0.00101253
6.35 0.00100374
6.36 0.000960786
6.37 0.000889967
6.38 0.000804009
6.39 0.000713721
6.4 0.000621225
6.41 0.000524081
6.42 0.000422505
6.43 0.000319349
6.44 0.000217664
6.45 0.00012097
6.46 3.31214e-005
6.47 -4.44787e-005
6.48 -0.000114751
6.49 -0.000182607
6.5 -0.000251191
6.51 -0.000320826
6.52 -0.000390898
6.53 -0.000462464
6.54 -0.000538185
6.55 -0.000618454
6.56 -0.000699017
6.57 -0.000772907
6.58 -0.000833189
6.59 -0.000875149
6.6 -0.000897948
6.61 -0.000903771
6.62 -0.000895303
6.63 -0.000874493
6.64 -0.000842332
6.65 -0.000799044
6.66 -0.000745238
6.67 -0.000682288
6.68 -0.000610905
6.69 -0.00052993
6.7 -0.000437153
6.71 -0.000331689
6.72 -0.00021546
6.73 -9.15059e-005
6.74 3.87486e-005
6.75 0.000175028
6.76 0.000316812
6.77 0.000463637
6.78 0.0006146
6.79 0.000766739
6.8 0.000914487
6.81 0.00105141
6.82 0.00117244
6.83 0.00127346
6.84 0.00134946
6.85 0.00139524
6.86 0.0014087
6.87 0.00139156
6.88 0.00134614
6.89 0.0012729
6.9 0.00117137
6.91 0.00104355
6.92 0.000895159
6.93 0.000731763
6.94 0.000554867
6.95 0.000363154
6.96 0.000157137
6.97 -5.85293e-005
6.98 -0.000276958
6.99 -0.00049188
7 -0.000697466
7.01 -0.000885349
7.02 -0.00104515
7.03 -0.00116982
7.04 -0.00125981
7.05 -0.00132301
7.06 -0.00136911
7.07 -0.00140269
7.08 -0.00142302
7.09 -0.00142862
7.1 -0.00141995
7.11 -0.00139857
7.12 -0.00136506
7.13 -0.00131919
7.14 -0.00126133
7.15 -0.0011923
7.16 -0.0011125
7.17 -0.00102185
7.18 -0.000920049
7.19 -0.000806355
7.2 -0.000679935
7.21 -0.000539936
7.22 -0.000384093
7.23 -0.000208939
7.24 -1.2626e-005
7.25 0.000202874
7.26 0.000432046
7.27 0.000667953
7.28 0.000903501
7.29 0.00113112
7.3 0.00134359
7.31 0.00153661
7.32 0.00170861
7.33 0.0018555
7.34 0.00196735
7.35 0.00203289
7.36 0.00204719
7.37 0.00201424
7.38 0.00194165
7.39 0.00183369
7.4 0.00169128
7.41 0.00151671
7.42 0.00131611
7.43 0.00109699
7.44 0.000862677
7.45 0.000611421
7.46 0.000341584
7.47 5.69481e-005
7.48 -0.000232329
7.49 -0.000513276
7.5 -0.000775125
7.51 -0.00101123
7.52 -0.00121657
7.53 -0.00138619
7.54 -0.00151669
7.55 -0.00160822
7.56 -0.00166642
7.57 -0.00170074
7.58 -0.00171697
7.59 -0.00171193
7.6 -0.00167793
7.61 -0.00161149
7.62 -0.00151704
7.63 -0.00140311
7.64 -0.00127594
7.65 -0.00113699
7.66 -0.000984037
7.67 -0.000813997
7.68 -0.000627898
7.69 -0.00043263
7.7 -0.000235928
7.71 -4.06454e-005
7.72 0.000154486
7.73 0.00034979
7.74 0.000542874
7.75 0.000731406
7.76 0.000914852
7.77 0.00109246
7.78 0.00126014
7.79 0.00140975
7.8 0.00153225
7.81 0.00162216
7.82 0.00168069
7.83 0.00171617
7.84 0.00173965
7.85 0.00175868
7.86 0.00177567
7.87 0.00178986
7.88 0.0017977
7.89 0.00179222
7.9 0.00176385
7.91 0.00170256
7.92 0.00160161
7.93 0.00146055
7.94 0.00128486
7.95 0.00108208
7.96 0.000858185
7.97 0.00061743
7.98 0.000363632
7.99 0.000101745
8 -0.000161359
8.01 -0.0004197
8.02 -0.000672197
8.03 -0.0009218
8.04 -0.00116932
8.05 -0.00140944
8.06 -0.00163418
8.07 -0.00183882
8.08 -0.00202206
8.09 -0.00218101
8.1 -0.00230881
8.11 -0.00239787
8.12 -0.00244305
8.13 -0.00244194
8.14 -0.00239471
8.15 -0.00230405
8.16 -0.00217446
8.17 -0.00201109
8.18 -0.00181849
8.19 -0.00159998
8.2 -0.00135884
8.21 -0.00109965
8.22 -0.000828309
8.23 -0.000552055
8.24 -0.00027905
8.25 -1.67596e-005
8.26 0.000229237
8.27 0.000454512
8.28 0.000655296
8.29 0.000829854
8.3 0.000978694
8.31 0.00110242
8.32 0.00120075
8.33 0.00127401
8.34 0.00132378
8.35 0.00135132
8.36 0.00135608
8.37 0.00133565
8.38 0.00128723
8.39 0.00121017
8.4 0.00110654
8.41 0.000979201
8.42 0.000830727
8.43 0.000664138
8.44 0.000482986
8.45 0.000290476
8.46 8.90382e-005
8.47 -0.000119047
8.48 -0.000331506
8.49 -0.000547376
8.5 -0.000767374
8.51 -0.000991107
8.52 -0.00121358
8.53 -0.00142547
8.54 -0.00161698
8.55 -0.00178115
8.56 -0.00191534
8.57 -0.0020206
8.58 -0.00209895
8.59 -0.00215162
8.6 -0.00218072
8.61 -0.00219161
8.62 -0.00219142
8.63 -0.00218534
8.64 -0.00217555
8.65 -0.00216231
8.66 -0.00214422
8.67 -0.00211764
8.68 -0.00207694
8.69 -0.00201665
8.7 -0.00193429
8.71 -0.00183081
8.72 -0.00170744
8.73 -0.00156292
8.74 -0.00139524
8.75 -0.0012054
8.76 -0.000998068
8.77 -0.000778649
8.78 -0.000548916
8.79 -0.000305682
8.8 -4.38022e-005
8.81 0.000240594
8.82 0.00054791
8.83 0.000873049
8.84 0.00120408
8.85 0.00152347
8.86 0.00181254
8.87 0.00205685
8.88 0.00225005
8.89 0.00239386
8.9 0.0024934
8.91 0.00255331
8.92 0.00257786
8.93 0.0025727
8.94 0.00254448
8.95 0.00249882
8.96 0.00243908
8.97 0.00236667
8.98 0.00228083
8.99 0.00217806
9 0.00205357
9.01 0.00190355
9.02 0.00172706
9.03 0.00152696
9.04 0.00130833
9.05 0.00107585
9.06 0.000833167
9.07 0.000583247
9.08 0.000328447
9.09 7.09986e-005
9.1 -0.000187155
9.11 -0.000445515
9.12 -0.00070485
9.13 -0.000965278
9.14 -0.00122444
9.15 -0.00147616
9.16 -0.00171114
9.17 -0.00192154
9.18 -0.00210485
9.19 -0.00226294
9.2 -0.00239834
9.21 -0.00251115
9.22 -0.0025992
9.23 -0.00265997
9.24 -0.00269228
9.25 -0.00269666
9.26 -0.00267411
9.27 -0.0026234
9.28 -0.00253883
9.29 -0.00241217
9.3 -0.00223807
9.31 -0.00201706
9.32 -0.00175363
9.33 -0.00145342
9.34 -0.00112356
9.35 -0.000773151
9.36 -0.000411394
9.37 -4.58817e-005
9.38 0.00031712
9.39 0.000672161
9.4 0.00101549
9.41 0.00134663
9.42 0.0016672
9.43 0.00197715
9.44 0.00227296
9.45 0.00254842
9.46 0.00279661
9.47 0.00301254
9.48 0.00319428
9.49 0.00334167
9.5 0.00345353
9.51 0.00352511
9.52 0.00354965
9.53 0.00352468
9.54 0.00345466
9.55 0.00334769
9.56 0.00321118
9.57 0.00304972
9.58 0.00286643
9.59 0.00266589
9.6 0.00245362
9.61 0.00223236
9.62 0.00199978
9.63 0.001751
9.64 0.00148409
9.65 0.00120278
9.66 0.000913896
9.67 0.000622712
9.68 0.000330082
9.69 3.47952e-005
9.7 -0.000261322
9.71 -0.000552819
9.72 -0.000834685
9.73 -0.00110389
9.74 -0.00135651
9.75 -0.00158623
9.76 -0.00178794
9.77 -0.00196217
9.78 -0.00211412
9.79 -0.00224839
9.8 -0.00236553
9.81 -0.00246187
9.82 -0.00253054
9.83 -0.00256353
9.84 -0.00255501
9.85 -0.00250253
9.86 -0.00240522
9.87 -0.00226265
9.88 -0.00207535
9.89 -0.00184645
9.9 -0.0015822
9.91 -0.00128965
9.92 -0.000973707
9.93 -0.000636944
9.94 -0.000281602
9.95 8.90756e-005
9.96 0.000471272
9.97 0.000861266
9.98 0.00125456
9.99 0.001644
10 0.00201812
