0.1 6.29827e-005 -0.000742669 0.000380689
0.2 0.000126452 -0.00148639 0.000763106
0.3 0.000190412 -0.00223115 0.00114727
0.4 0.000254865 -0.00297698 0.0015332
0.5 0.000319814 -0.00372387 0.0019209
0.6 0.000383124 -0.00447254 0.0023082
0.7 0.000442184 -0.005223 0.00268697
0.8 0.000501201 -0.00597353 0.00305053
0.9 0.000561271 -0.00672475 0.0033983
1 0.000617199 -0.00747635 0.00374984
0.01 0.000617199 -0.00747635 0.00374984
0.02 0.000617199 -0.00747635 0.00374984
0.03 0.000617199 -0.00747635 0.00374984
0.04 0.000617199 -0.00747635 0.00374984
0.05 0.000617199 -0.00747635 0.00374984
0.06 0.000617199 -0.00747635 0.00374984
0.07 0.000617199 -0.00747635 0.00374984
0.08 0.000617199 -0.00747635 0.00374984
0.09 0.000617199 -0.00747635 0.00374984
0.1 0.000617199 -0.00747635 0.00374984
0.11 0.0006172 -0.00747635 0.00374984
0.12 0.000617199 -0.00747635 0.00374984
0.13 0.000617199 -0.00747635 0.00374984
0.14 0.000617199 -0.00747635 0.00374984
0.15 0.000617199 -0.00747635 0.00374984
0.16 0.000617199 -0.00747635 0.00374984
0.17 0.000617199 -0.00747635 0.00374984
0.18 0.0006172 -0.00747635 0.00374984
0.19 0.000617199 -0.00747635 0.00374984
0.2 0.000617199 -0.00747635 0.00374984
0.21 0.0006172 -0.00747635 0.00374984
0.22 0.0006172 -0.00747635 0.00374984
0.23 0.0006172 -0.00747635 0.00374984
0.24 0.0006172 -0.00747635 0.00374984
0.25 0.000617199 -0.00747635 0.00374984
0.26 0.000617199 -0.00747635 0.00374984
0.27 0.000617199 -0.00747635 0.00374984
0.28 0.000617199 -0.00747635 0.00374984
0.29 0.000617199 -0.00747635 0.00374984
0.3 0.000617199 -0.00747635 0.00374984
0.31 0.000617199 -0.00747635 0.00374984
0.32 0.000617199 -0.00747635 0.00374984
0.33 0.000617199 -0.00747635 0.00374984
0.34 0.000617199 -0.00747635 0.00374984
0.35 0.000617199 -0.00747635 0.00374984
0.36 0.000617199 -0.00747635 0.00374984
0.37 0.000617199 -0.00747635 0.00374984
0.38 0.000617199 -0.00747635 0.00374984
0.39 0.000617199 -0.00747635 0.00374984
0.4 0.000617199 -0.00747635 0.00374984
0.41 0.000617199 -0.00747635 0.00374984
0.42 0.0006172 -0.00747635 0.00374984
0.43 0.0006172 -0.00747635 0.00374984
0.44 0.0006172 -0.00747635 0.00374984
0.45 0.0006172 -0.00747635 0.00374984
0.46 0.000617199 -0.00747635 0.00374984
0.47 0.000617199 -0.00747635 0.00374984
0.48 0.000617199 -0.00747635 0.00374984
0.49 0.000617199 -0.00747635 0.00374984
0.5 0.000617199 -0.00747635 0.00374984
0.51 0.000617199 -0.00747635 0.00374984
0.52 0.0006172 -0.00747635 0.00374984
0.53 0.0006172 -0.00747635 0.00374984
0.54 0.0006172 -0.00747635 0.00374984
0.55 0.000617199 -0.00747635 0.00374984
0.56 0.000617199 -0.00747635 0.00374984
0.57 0.000617199 -0.00747635 0.00374984
0.58 0.000617199 -0.00747635 0.00374984
0.59 0.000617199 -0.00747635 0.00374984
0.6 0.000617199 -0.00747635 0.00374984
0.61 0.000617199 -0.00747635 0.00374984
0.62 0.000617199 -0.00747635 0.00374984
0.63 0.000617199 -0.00747635 0.00374984
0.64 0.000617199 -0.00747635 0.00374984
0.65 0.000617199 -0.00747635 0.00374984
0.66 0.000617199 -0.00747635 0.00374984
0.67 0.000617199 -0.00747635 0.00374984
0.68 0.000617199 -0.00747635 0.00374984
0.69 0.000617199 -0.00747635 0.00374984
0.7 0.000617199 -0.00747635 0.00374984
0.71 0.000617199 -0.00747635 0.00374984
0.72 0.000617199 -0.00747635 0.00374984
0.73 0.000617199 -0.00747635 0.00374984
0.74 0.000617199 -0.00747635 0.00374984
0.75 0.000617199 -0.00747635 0.00374984
0.76 0.000617199 -0.00747635 0.00374984
0.77 0.000617199 -0.00747635 0.00374984
0.78 0.000617199 -0.00747635 0.00374984
0.79 0.000617199 -0.00747635 0.00374984
0.8 0.000617199 -0.00747635 0.00374984
0.81 0.000617199 -0.00747635 0.00374984
0.82 0.000617199 -0.00747635 0.00374984
0.83 0.000617199 -0.00747635 0.00374984
0.84 0.000617199 -0.00747635 0.00374984
0.85 0.000617199 -0.00747635 0.00374984
0.86 0.000617199 -0.00747635 0.00374984
0.87 0.000617199 -0.00747635 0.00374984
0.88 0.000617199 -0.00747635 0.00374984
0.89 0.000617199 -0.00747635 0.00374984
0.9 0.000617199 -0.00747635 0.00374984
0.91 0.000617199 -0.00747635 0.00374984
0.92 0.000617199 -0.00747635 0.00374984
0.93 0.000617199 -0.00747635 0.00374984
0.94 0.000617199 -0.00747635 0.00374984
0.95 0.000617199 -0.00747635 0.00374984
0.96 0.000617199 -0.00747635 0.00374984
0.97 0.000617199 -0.00747635 0.00374984
0.98 0.000617199 -0.00747635 0.00374984
0.99 0.000617199 -0.00747635 0.00374984
1 0.000617199 -0.00747635 0.00374984
1.01 0.000617199 -0.00747635 0.00374984
1.02 0.000617199 -0.00747635 0.00374984
1.03 0.000617199 -0.00747635 0.00374984
1.04 0.000617199 -0.00747635 0.00374984
1.05 0.000617199 -0.00747635 0.00374984
1.06 0.000617199 -0.00747635 0.00374984
1.07 0.000617199 -0.00747635 0.00374984
1.08 0.000617199 -0.00747635 0.00374984
1.09 0.000617199 -0.00747635 0.00374984
1.1 0.000617199 -0.00747635 0.00374984
1.11 0.000617199 -0.00747635 0.00374984
1.12 0.000617199 -0.00747635 0.00374984
1.13 0.000617199 -0.00747635 0.00374984
1.14 0.000617199 -0.00747635 0.00374984
1.15 0.000617199 -0.00747635 0.00374984
1.16 0.000617199 -0.00747635 0.00374984
1.17 0.000617199 -0.00747635 0.00374984
1.18 0.000617199 -0.00747635 0.00374984
1.19 0.000617199 -0.00747635 0.00374984
1.2 0.000617199 -0.00747635 0.00374984
1.21 0.000617199 -0.00747635 0.00374984
1.22 0.000617199 -0.00747635 0.00374984
1.23 0.000617199 -0.00747635 0.00374984
1.24 0.000617199 -0.00747635 0.00374984
1.25 0.000617199 -0.00747635 0.00374984
1.26 0.000617199 -0.00747635 0.00374984
1.27 0.000617199 -0.00747635 0.00374984
1.28 0.000617199 -0.00747635 0.00374984
1.29 0.000617199 -0.00747635 0.00374984
1.3 0.000617199 -0.00747635 0.00374984
1.31 0.000617199 -0.00747635 0.00374984
1.32 0.000617199 -0.00747635 0.00374984
1.33 0.000617199 -0.00747635 0.00374984
1.34 0.000617199 -0.00747635 0.00374984
1.35 0.000617199 -0.00747635 0.00374984
1.36 0.000617199 -0.00747635 0.00374984
1.37 0.000617199 -0.00747635 0.00374984
1.38 0.000617199 -0.00747635 0.00374984
1.39 0.000617199 -0.00747635 0.00374984
1.4 0.000617199 -0.00747635 0.00374984
1.41 0.000617199 -0.00747635 0.00374984
1.42 0.000617199 -0.00747635 0.00374984
1.43 0.000617199 -0.00747635 0.00374984
1.44 0.000617199 -0.00747635 0.00374984
1.45 0.000617199 -0.00747635 0.00374984
1.46 0.000617199 -0.00747635 0.00374984
1.47 0.000617199 -0.00747635 0.00374984
1.48 0.000617199 -0.00747635 0.00374984
1.49 0.000617199 -0.00747635 0.00374984
1.5 0.000617199 -0.00747635 0.00374984
1.51 0.000617199 -0.00747635 0.00374984
1.52 0.000617199 -0.00747635 0.00374984
1.53 0.000617199 -0.00747635 0.00374984
1.54 0.000617199 -0.00747635 0.00374984
1.55 0.000617199 -0.00747635 0.00374984
1.56 0.000617199 -0.00747635 0.00374984
1.57 0.000617199 -0.00747635 0.00374984
1.58 0.000617199 -0.00747635 0.00374984
1.59 0.000617199 -0.00747635 0.00374984
1.6 0.000617199 -0.00747635 0.00374984
1.61 0.000617199 -0.00747635 0.00374984
1.62 0.000617199 -0.00747635 0.00374984
1.63 0.000617199 -0.00747635 0.00374984
1.64 0.000617199 -0.00747635 0.00374984
1.65 0.000617199 -0.00747635 0.00374984
1.66 0.000617199 -0.00747635 0.00374984
1.67 0.000617199 -0.00747635 0.00374984
1.68 0.000617199 -0.00747635 0.00374984
1.69 0.000617199 -0.00747635 0.00374984
1.7 0.000617199 -0.00747635 0.00374984
1.71 0.000617199 -0.00747635 0.00374984
1.72 0.000617199 -0.00747635 0.00374984
1.73 0.000617199 -0.00747635 0.00374984
1.74 0.000617199 -0.00747635 0.00374984
1.75 0.000617199 -0.00747635 0.00374984
1.76 0.000617199 -0.00747635 0.00374984
1.77 0.000617199 -0.00747635 0.00374984
1.78 0.000617199 -0.00747635 0.00374984
1.79 0.000617199 -0.00747635 0.00374984
1.8 0.000617199 -0.00747635 0.00374984
1.81 0.000617199 -0.00747635 0.00374984
1.82 0.000617199 -0.00747635 0.00374984
1.83 0.000617199 -0.00747635 0.00374984
1.84 0.000617199 -0.00747635 0.00374984
1.85 0.000617199 -0.00747635 0.00374984
1.86 0.000617199 -0.00747635 0.00374984
1.87 0.000617199 -0.00747635 0.00374984
1.88 0.000617199 -0.00747635 0.00374984
1.89 0.000617199 -0.00747635 0.00374984
1.9 0.000617199 -0.00747635 0.00374984
1.91 0.000617199 -0.00747635 0.00374984
1.92 0.000617199 -0.00747635 0.00374984
1.93 0.000617199 -0.00747635 0.00374984
1.94 0.000617199 -0.00747635 0.00374984
1.95 0.000617199 -0.00747635 0.00374984
1.96 0.000617199 -0.00747635 0.00374984
1.97 0.000617199 -0.00747635 0.00374984
1.98 0.000617199 -0.00747635 0.00374984
1.99 0.000617199 -0.00747635 0.00374984
2 0.000617199 -0.00747635 0.00374984
2.01 0.000617199 -0.00747635 0.00374984
2.02 0.000617199 -0.00747635 0.00374984
2.03 0.000617199 -0.00747635 0.00374984
2.04 0.000617199 -0.00747635 0.00374984
2.05 0.000617199 -0.00747635 0.00374984
2.06 0.000617199 -0.00747635 0.00374984
2.07 0.000617199 -0.00747635 0.00374984
2.08 0.000617199 -0.00747635 0.00374984
2.09 0.000617199 -0.00747635 0.00374984
2.1 0.000617199 -0.00747635 0.00374984
2.11 0.000617199 -0.00747635 0.00374984
2.12 0.000617199 -0.00747635 0.00374984
2.13 0.000617199 -0.00747635 0.00374984
2.14 0.000617199 -0.00747635 0.00374984
2.15 0.000617199 -0.00747635 0.00374984
2.16 0.000617199 -0.00747635 0.00374984
2.17 0.000617199 -0.00747635 0.00374984
2.18 0.000617199 -0.00747635 0.00374984
2.19 0.000617199 -0.00747635 0.00374984
2.2 0.000617199 -0.00747635 0.00374984
2.21 0.000617199 -0.00747635 0.00374984
2.22 0.000617199 -0.00747635 0.00374984
2.23 0.000617199 -0.00747635 0.00374984
2.24 0.000617199 -0.00747635 0.00374984
2.25 0.000617199 -0.00747635 0.00374984
2.26 0.000617199 -0.00747635 0.00374984
2.27 0.000617199 -0.00747635 0.00374984
2.28 0.000617199 -0.00747635 0.00374984
2.29 0.000617199 -0.00747635 0.00374984
2.3 0.000617199 -0.00747635 0.00374984
2.31 0.000617199 -0.00747635 0.00374984
2.32 0.000617199 -0.00747635 0.00374984
2.33 0.000617199 -0.00747635 0.00374984
2.34 0.000617199 -0.00747635 0.00374984
2.35 0.000617199 -0.00747635 0.00374984
2.36 0.000617199 -0.00747635 0.00374984
2.37 0.000617199 -0.00747635 0.00374984
2.38 0.000617199 -0.00747635 0.00374984
2.39 0.000617199 -0.00747635 0.00374984
2.4 0.000617199 -0.00747635 0.00374984
2.41 0.000617199 -0.00747635 0.00374984
2.42 0.000617199 -0.00747635 0.00374984
2.43 0.000617199 -0.00747635 0.00374984
2.44 0.000617199 -0.00747635 0.00374984
2.45 0.000617199 -0.00747635 0.00374984
2.46 0.000617199 -0.00747635 0.00374984
2.47 0.000617199 -0.00747635 0.00374984
2.48 0.000617199 -0.00747635 0.00374984
2.49 0.000617199 -0.00747635 0.00374984
2.5 0.000617199 -0.00747635 0.00374984
2.51 0.000617199 -0.00747635 0.00374984
2.52 0.000617199 -0.00747635 0.00374984
2.53 0.000617199 -0.00747635 0.00374984
2.54 0.000617199 -0.00747635 0.00374984
2.55 0.000617199 -0.00747635 0.00374984
2.56 0.000617199 -0.00747635 0.00374984
2.57 0.000617199 -0.00747635 0.00374984
2.58 0.000617199 -0.00747635 0.00374984
2.59 0.000617199 -0.00747635 0.00374984
2.6 0.000617199 -0.00747635 0.00374984
2.61 0.000617199 -0.00747635 0.00374984
2.62 0.000617199 -0.00747635 0.00374984
2.63 0.000617199 -0.00747635 0.00374984
2.64 0.000617199 -0.00747635 0.00374984
2.65 0.000617199 -0.00747635 0.00374984
2.66 0.000617199 -0.00747635 0.00374984
2.67 0.000617199 -0.00747635 0.00374984
2.68 0.000617199 -0.00747635 0.00374984
2.69 0.000617199 -0.00747635 0.00374984
2.7 0.000617199 -0.00747635 0.00374984
2.71 0.000617199 -0.00747635 0.00374984
2.72 0.000617199 -0.00747635 0.00374984
2.73 0.000617199 -0.00747635 0.00374984
2.74 0.000617199 -0.00747635 0.00374984
2.75 0.000617199 -0.00747635 0.00374984
2.76 0.000617199 -0.00747635 0.00374984
2.77 0.000617199 -0.00747635 0.00374984
2.78 0.000617199 -0.00747635 0.00374984
2.79 0.000617199 -0.00747635 0.00374984
2.8 0.000617199 -0.00747635 0.00374984
2.81 0.000617199 -0.00747635 0.00374984
2.82 0.000617199 -0.00747635 0.00374984
2.83 0.000617199 -0.00747635 0.00374984
2.84 0.000617199 -0.00747635 0.00374984
2.85 0.000617199 -0.00747635 0.00374984
2.86 0.000617199 -0.00747635 0.00374984
2.87 0.000617199 -0.00747635 0.00374984
2.88 0.000617199 -0.00747635 0.00374984
2.89 0.000617199 -0.00747635 0.00374984
2.9 0.000617199 -0.00747635 0.00374984
2.91 0.000617199 -0.00747635 0.00374984
2.92 0.000617199 -0.00747635 0.00374984
2.93 0.000617199 -0.00747635 0.00374984
2.94 0.000617199 -0.00747635 0.00374984
2.95 0.000617199 -0.00747635 0.00374984
2.96 0.000617199 -0.00747635 0.00374984
2.97 0.000617199 -0.00747635 0.00374984
2.98 0.000617199 -0.00747635 0.00374984
2.99 0.000617199 -0.00747635 0.00374984
3 0.000617199 -0.00747635 0.00374984
3.01 0.000617199 -0.00747635 0.00374984
3.02 0.000617199 -0.00747635 0.00374984
3.03 0.000617199 -0.00747635 0.00374984
3.04 0.000617199 -0.00747635 0.00374984
3.05 0.000617199 -0.00747635 0.00374984
3.06 0.000617199 -0.00747635 0.00374984
3.07 0.000617199 -0.00747635 0.00374984
3.08 0.000617199 -0.00747635 0.00374984
3.09 0.000617199 -0.00747635 0.00374984
3.1 0.000617199 -0.00747635 0.00374984
3.11 0.000617199 -0.00747635 0.00374984
3.12 0.000617199 -0.00747635 0.00374984
3.13 0.000617199 -0.00747635 0.00374984
3.14 0.000617199 -0.00747635 0.00374984
3.15 0.000617199 -0.00747635 0.00374984
3.16 0.000617199 -0.00747635 0.00374984
3.17 0.000617199 -0.00747635 0.00374984
3.18 0.000617199 -0.00747635 0.00374984
3.19 0.000617199 -0.00747635 0.00374984
3.2 0.000617199 -0.00747635 0.00374984
3.21 0.000617199 -0.00747635 0.00374984
3.22 0.000617199 -0.00747635 0.00374984
3.23 0.000617199 -0.00747635 0.00374984
3.24 0.000617199 -0.00747635 0.00374984
3.25 0.000617199 -0.00747635 0.00374984
3.26 0.000617199 -0.00747635 0.00374984
3.27 0.000617199 -0.00747635 0.00374984
3.28 0.000617199 -0.00747635 0.00374984
3.29 0.000617199 -0.00747635 0.00374984
3.3 0.000617199 -0.00747635 0.00374984
3.31 0.000617199 -0.00747635 0.00374984
3.32 0.000617199 -0.00747635 0.00374984
3.33 0.000617199 -0.00747635 0.00374984
3.34 0.000617199 -0.00747635 0.00374984
3.35 0.000617199 -0.00747635 0.00374984
3.36 0.000617199 -0.00747635 0.00374984
3.37 0.000617199 -0.00747635 0.00374984
3.38 0.000617199 -0.00747635 0.00374984
3.39 0.000617199 -0.00747635 0.00374984
3.4 0.000617199 -0.00747635 0.00374984
3.41 0.000617199 -0.00747635 0.00374984
3.42 0.000617199 -0.00747635 0.00374984
3.43 0.000617199 -0.00747635 0.00374984
3.44 0.000617199 -0.00747635 0.00374984
3.45 0.000617199 -0.00747635 0.00374984
3.46 0.000617199 -0.00747635 0.00374984
3.47 0.000617199 -0.00747635 0.00374984
3.48 0.000617199 -0.00747635 0.00374984
3.49 0.000617199 -0.00747635 0.00374984
3.5 0.000617199 -0.00747635 0.00374984
3.51 0.000617199 -0.00747635 0.00374984
3.52 0.000617199 -0.00747635 0.00374984
3.53 0.000617199 -0.00747635 0.00374984
3.54 0.000617199 -0.00747635 0.00374984
3.55 0.000617199 -0.00747635 0.00374984
3.56 0.000617199 -0.00747635 0.00374984
3.57 0.000617199 -0.00747635 0.00374984
3.58 0.000617199 -0.00747635 0.00374984
3.59 0.000617199 -0.00747635 0.00374984
3.6 0.000617199 -0.00747635 0.00374984
3.61 0.000617199 -0.00747635 0.00374984
3.62 0.000617199 -0.00747635 0.00374984
3.63 0.000617199 -0.00747635 0.00374984
3.64 0.000617199 -0.00747635 0.00374984
3.65 0.000617199 -0.00747635 0.00374984
3.66 0.000617199 -0.00747635 0.00374984
3.67 0.000617199 -0.00747635 0.00374984
3.68 0.000617199 -0.00747635 0.00374984
3.69 0.000617199 -0.00747635 0.00374984
3.7 0.000617199 -0.00747635 0.00374984
3.71 0.000617199 -0.00747635 0.00374984
3.72 0.000617199 -0.00747635 0.00374984
3.73 0.000617199 -0.00747635 0.00374984
3.74 0.000617199 -0.00747635 0.00374984
3.75 0.000617199 -0.00747635 0.00374984
3.76 0.000617199 -0.00747635 0.00374984
3.77 0.000617199 -0.00747635 0.00374984
3.78 0.000617199 -0.00747635 0.00374984
3.79 0.000617199 -0.00747635 0.00374984
3.8 0.000617199 -0.00747635 0.00374984
3.81 0.000617199 -0.00747635 0.00374984
3.82 0.000617199 -0.00747635 0.00374984
3.83 0.000617199 -0.00747635 0.00374984
3.84 0.000617199 -0.00747635 0.00374984
3.85 0.000617199 -0.00747635 0.00374984
3.86 0.000617199 -0.00747635 0.00374984
3.87 0.000617199 -0.00747635 0.00374984
3.88 0.000617199 -0.00747635 0.00374984
3.89 0.000617199 -0.00747635 0.00374984
3.9 0.000617199 -0.00747635 0.00374984
3.91 0.000617199 -0.00747635 0.00374984
3.92 0.000617199 -0.00747635 0.00374984
3.93 0.000617199 -0.00747635 0.00374984
3.94 0.000617199 -0.00747635 0.00374984
3.95 0.000617199 -0.00747635 0.00374984
3.96 0.000617199 -0.00747635 0.00374984
3.97 0.000617199 -0.00747635 0.00374984
3.98 0.000617199 -0.00747635 0.00374984
3.99 0.000617199 -0.00747635 0.00374984
4 0.000617199 -0.00747635 0.00374984
4.01 0.000617199 -0.00747635 0.00374984
4.02 0.000617199 -0.00747635 0.00374984
4.03 0.000617199 -0.00747635 0.00374984
4.04 0.000617199 -0.00747635 0.00374984
4.05 0.000617199 -0.00747635 0.00374984
4.06 0.000617199 -0.00747635 0.00374984
4.07 0.000617199 -0.00747635 0.00374984
4.08 0.000617199 -0.00747635 0.00374984
4.09 0.000617199 -0.00747635 0.00374984
4.1 0.000617199 -0.00747635 0.00374984
4.11 0.000617199 -0.00747635 0.00374984
4.12 0.000617199 -0.00747635 0.00374984
4.13 0.000617199 -0.00747635 0.00374984
4.14 0.000617199 -0.00747635 0.00374984
4.15 0.000617199 -0.00747635 0.00374984
4.16 0.000617199 -0.00747635 0.00374984
4.17 0.000617199 -0.00747635 0.00374984
4.18 0.000617199 -0.00747635 0.00374984
4.19 0.000617199 -0.00747635 0.00374984
4.2 0.000617199 -0.00747635 0.00374984
4.21 0.000617199 -0.00747635 0.00374984
4.22 0.000617199 -0.00747635 0.00374984
4.23 0.000617199 -0.00747635 0.00374984
4.24 0.000617199 -0.00747635 0.00374984
4.25 0.000617199 -0.00747635 0.00374984
4.26 0.000617199 -0.00747635 0.00374984
4.27 0.000617199 -0.00747635 0.00374984
4.28 0.000617199 -0.00747635 0.00374984
4.29 0.000617199 -0.00747635 0.00374984
4.3 0.000617199 -0.00747635 0.00374984
4.31 0.000617199 -0.00747635 0.00374984
4.32 0.000617199 -0.00747635 0.00374984
4.33 0.000617199 -0.00747635 0.00374984
4.34 0.000617199 -0.00747635 0.00374984
4.35 0.000617199 -0.00747635 0.00374984
4.36 0.000617199 -0.00747635 0.00374984
4.37 0.000617199 -0.00747635 0.00374984
4.38 0.000617199 -0.00747635 0.00374984
4.39 0.000617199 -0.00747635 0.00374984
4.4 0.000617199 -0.00747635 0.00374984
4.41 0.000617199 -0.00747635 0.00374984
4.42 0.000617199 -0.00747635 0.00374984
4.43 0.000617199 -0.00747635 0.00374984
4.44 0.000617199 -0.00747635 0.00374984
4.45 0.000617199 -0.00747635 0.00374984
4.46 0.000617199 -0.00747635 0.00374984
4.47 0.000617199 -0.00747635 0.00374984
4.48 0.000617199 -0.00747635 0.00374984
4.49 0.000617199 -0.00747635 0.00374984
4.5 0.000617199 -0.00747635 0.00374984
4.51 0.000617199 -0.00747635 0.00374984
4.52 0.000617199 -0.00747635 0.00374984
4.53 0.000617199 -0.00747635 0.00374984
4.54 0.000617199 -0.00747635 0.00374984
4.55 0.000617199 -0.00747635 0.00374984
4.56 0.000617199 -0.00747635 0.00374984
4.57 0.000617199 -0.00747635 0.00374984
4.58 0.000617199 -0.00747635 0.00374984
4.59 0.000617199 -0.00747635 0.00374984
4.6 0.000617199 -0.00747635 0.00374984
4.61 0.000617199 -0.00747635 0.00374984
4.62 0.000617199 -0.00747635 0.00374984
4.63 0.000617199 -0.00747635 0.00374984
4.64 0.000617199 -0.00747635 0.00374984
4.65 0.000617199 -0.00747635 0.00374984
4.66 0.000617199 -0.00747635 0.00374984
4.67 0.000617199 -0.00747635 0.00374984
4.68 0.000617199 -0.00747635 0.00374984
4.69 0.000617199 -0.00747635 0.00374984
4.7 0.000617199 -0.00747635 0.00374984
4.71 0.000617199 -0.00747635 0.00374984
4.72 0.000617199 -0.00747635 0.00374984
4.73 0.000617199 -0.00747635 0.00374984
4.74 0.000617199 -0.00747635 0.00374984
4.75 0.000617199 -0.00747635 0.00374984
4.76 0.000617199 -0.00747635 0.00374984
4.77 0.000617199 -0.00747635 0.00374984
4.78 0.000617199 -0.00747635 0.00374984
4.79 0.000617199 -0.00747635 0.00374984
4.8 0.000617199 -0.00747635 0.00374984
4.81 0.000617199 -0.00747635 0.00374984
4.82 0.000617199 -0.00747635 0.00374984
4.83 0.000617199 -0.00747635 0.00374984
4.84 0.000617199 -0.00747635 0.00374984
4.85 0.000617199 -0.00747635 0.00374984
4.86 0.000617199 -0.00747635 0.00374984
4.87 0.000617199 -0.00747635 0.00374984
4.88 0.000617199 -0.00747635 0.00374984
4.89 0.000617199 -0.00747635 0.00374984
4.9 0.000617199 -0.00747635 0.00374984
4.91 0.000617199 -0.00747635 0.00374984
4.92 0.000617199 -0.00747635 0.00374984
4.93 0.000617199 -0.00747635 0.00374984
4.94 0.000617199 -0.00747635 0.00374984
4.95 0.000617199 -0.00747635 0.00374984
4.96 0.000617199 -0.00747635 0.00374984
4.97 0.000617199 -0.00747635 0.00374984
4.98 0.000617199 -0.00747635 0.00374984
4.99 0.000617199 -0.00747635 0.00374984
5 0.000617199 -0.00747635 0.00374984
5.01 0.000617199 -0.00747635 0.00374984
5.02 0.000617199 -0.00747635 0.00374984
5.03 0.000617199 -0.00747635 0.00374984
5.04 0.000617199 -0.00747635 0.00374984
5.05 0.000617199 -0.00747635 0.00374984
5.06 0.000617199 -0.00747635 0.00374984
5.07 0.000617199 -0.00747635 0.00374984
5.08 0.000617199 -0.00747635 0.00374984
5.09 0.000617199 -0.00747635 0.00374984
5.1 0.000617199 -0.00747635 0.00374984
5.11 0.000617199 -0.00747635 0.00374984
5.12 0.000617199 -0.00747635 0.00374984
5.13 0.000617199 -0.00747635 0.00374984
5.14 0.000617199 -0.00747635 0.00374984
5.15 0.000617199 -0.00747635 0.00374984
5.16 0.000617199 -0.00747635 0.00374984
5.17 0.000617199 -0.00747635 0.00374984
5.18 0.000617199 -0.00747635 0.00374984
5.19 0.000617199 -0.00747635 0.00374984
5.2 0.000617199 -0.00747635 0.00374984
5.21 0.000617199 -0.00747635 0.00374984
5.22 0.000617199 -0.00747635 0.00374984
5.23 0.000617199 -0.00747635 0.00374984
5.24 0.000617199 -0.00747635 0.00374984
5.25 0.000617199 -0.00747635 0.00374984
5.26 0.000617199 -0.00747635 0.00374984
5.27 0.000617199 -0.00747635 0.00374984
5.28 0.000617199 -0.00747635 0.00374984
5.29 0.000617199 -0.00747635 0.00374984
5.3 0.000617199 -0.00747635 0.00374984
5.31 0.000617199 -0.00747635 0.00374984
5.32 0.000617199 -0.00747635 0.00374984
5.33 0.000617199 -0.00747635 0.00374984
5.34 0.000617199 -0.00747635 0.00374984
5.35 0.000617199 -0.00747635 0.00374984
5.36 0.000617199 -0.00747635 0.00374984
5.37 0.000617199 -0.00747635 0.00374984
5.38 0.000617199 -0.00747635 0.00374984
5.39 0.000617199 -0.00747635 0.00374984
5.4 0.000617199 -0.00747635 0.00374984
5.41 0.000617199 -0.00747635 0.00374984
5.42 0.000617199 -0.00747635 0.00374984
5.43 0.000617199 -0.00747635 0.00374984
5.44 0.000617199 -0.00747635 0.00374984
5.45 0.000617199 -0.00747635 0.00374984
5.46 0.000617199 -0.00747635 0.00374984
5.47 0.000617199 -0.00747635 0.00374984
5.48 0.000617199 -0.00747635 0.00374984
5.49 0.000617199 -0.00747635 0.00374984
5.5 0.000617199 -0.00747635 0.00374984
5.51 0.000617199 -0.00747635 0.00374984
5.52 0.000617199 -0.00747635 0.00374984
5.53 0.000617199 -0.00747635 0.00374984
5.54 0.000617199 -0.00747635 0.00374984
5.55 0.000617199 -0.00747635 0.00374984
5.56 0.000617199 -0.00747635 0.00374984
5.57 0.000617199 -0.00747635 0.00374984
5.58 0.000617199 -0.00747635 0.00374984
5.59 0.000617199 -0.00747635 0.00374984
5.6 0.000617199 -0.00747635 0.00374984
5.61 0.000617199 -0.00747635 0.00374984
5.62 0.000617199 -0.00747635 0.00374984
5.63 0.000617199 -0.00747635 0.00374984
5.64 0.000617199 -0.00747635 0.00374984
5.65 0.000617199 -0.00747635 0.00374984
5.66 0.000617199 -0.00747635 0.00374984
5.67 0.000617199 -0.00747635 0.00374984
5.68 0.000617199 -0.00747635 0.00374984
5.69 0.000617199 -0.00747635 0.00374984
5.7 0.000617199 -0.00747635 0.00374984
5.71 0.000617199 -0.00747635 0.00374984
5.72 0.000617199 -0.00747635 0.00374984
5.73 0.000617199 -0.00747635 0.00374984
5.74 0.000617199 -0.00747635 0.00374984
5.75 0.000617199 -0.00747635 0.00374984
5.76 0.000617199 -0.00747635 0.00374984
5.77 0.000617199 -0.00747635 0.00374984
5.78 0.000617199 -0.00747635 0.00374984
5.79 0.000617199 -0.00747635 0.00374984
5.8 0.000617199 -0.00747635 0.00374984
5.81 0.000617199 -0.00747635 0.00374984
5.82 0.000617199 -0.00747635 0.00374984
5.83 0.000617199 -0.00747635 0.00374984
5.84 0.000617199 -0.00747635 0.00374984
5.85 0.000617199 -0.00747635 0.00374984
5.86 0.000617199 -0.00747635 0.00374984
5.87 0.000617199 -0.00747635 0.00374984
5.88 0.000617199 -0.00747635 0.00374984
5.89 0.000617199 -0.00747635 0.00374984
5.9 0.000617199 -0.00747635 0.00374984
5.91 0.000617199 -0.00747635 0.00374984
5.92 0.000617199 -0.00747635 0.00374984
5.93 0.000617199 -0.00747635 0.00374984
5.94 0.000617199 -0.00747635 0.00374984
5.95 0.000617199 -0.00747635 0.00374984
5.96 0.000617199 -0.00747635 0.00374984
5.97 0.000617199 -0.00747635 0.00374984
5.98 0.000617199 -0.00747635 0.00374984
5.99 0.000617199 -0.00747635 0.00374984
6 0.000617199 -0.00747635 0.00374984
6.01 0.000617199 -0.00747635 0.00374984
6.02 0.000617199 -0.00747635 0.00374984
6.03 0.000617199 -0.00747635 0.00374984
6.04 0.000617199 -0.00747635 0.00374984
6.05 0.000617199 -0.00747635 0.00374984
6.06 0.000617199 -0.00747635 0.00374984
6.07 0.000617199 -0.00747635 0.00374984
6.08 0.000617199 -0.00747635 0.00374984
6.09 0.000617199 -0.00747635 0.00374984
6.1 0.000617199 -0.00747635 0.00374984
6.11 0.000617199 -0.00747635 0.00374984
6.12 0.000617199 -0.00747635 0.00374984
6.13 0.000617199 -0.00747635 0.00374984
6.14 0.000617199 -0.00747635 0.00374984
6.15 0.000617199 -0.00747635 0.00374984
6.16 0.000617199 -0.00747635 0.00374984
6.17 0.000617199 -0.00747635 0.00374984
6.18 0.000617199 -0.00747635 0.00374984
6.19 0.000617199 -0.00747635 0.00374984
6.2 0.000617199 -0.00747635 0.00374984
6.21 0.000617199 -0.00747635 0.00374984
6.22 0.000617199 -0.00747635 0.00374984
6.23 0.000617199 -0.00747635 0.00374984
6.24 0.000617199 -0.00747635 0.00374984
6.25 0.000617199 -0.00747635 0.00374984
6.26 0.000617199 -0.00747635 0.00374984
6.27 0.000617199 -0.00747635 0.00374984
6.28 0.000617199 -0.00747635 0.00374984
6.29 0.000617199 -0.00747635 0.00374984
6.3 0.000617199 -0.00747635 0.00374984
6.31 0.000617199 -0.00747635 0.00374984
6.32 0.000617199 -0.00747635 0.00374984
6.33 0.000617199 -0.00747635 0.00374984
6.34 0.000617199 -0.00747635 0.00374984
6.35 0.000617199 -0.00747635 0.00374984
6.36 0.000617199 -0.00747635 0.00374984
6.37 0.000617199 -0.00747635 0.00374984
6.38 0.000617199 -0.00747635 0.00374984
6.39 0.000617199 -0.00747635 0.00374984
6.4 0.000617199 -0.00747635 0.00374984
6.41 0.000617199 -0.00747635 0.00374984
6.42 0.000617199 -0.00747635 0.00374984
6.43 0.000617199 -0.00747635 0.00374984
6.44 0.000617199 -0.00747635 0.00374984
6.45 0.000617199 -0.00747635 0.00374984
6.46 0.000617199 -0.00747635 0.00374984
6.47 0.000617199 -0.00747635 0.00374984
6.48 0.000617199 -0.00747635 0.00374984
6.49 0.000617199 -0.00747635 0.00374984
6.5 0.000617199 -0.00747635 0.00374984
6.51 0.000617199 -0.00747635 0.00374984
6.52 0.000617199 -0.00747635 0.00374984
6.53 0.000617199 -0.00747635 0.00374984
6.54 0.000617199 -0.00747635 0.00374984
6.55 0.000617199 -0.00747635 0.00374984
6.56 0.000617199 -0.00747635 0.00374984
6.57 0.000617199 -0.00747635 0.00374984
6.58 0.000617199 -0.00747635 0.00374984
6.59 0.000617199 -0.00747635 0.00374984
6.6 0.000617199 -0.00747635 0.00374984
6.61 0.000617199 -0.00747635 0.00374984
6.62 0.000617199 -0.00747635 0.00374984
6.63 0.000617199 -0.00747635 0.00374984
6.64 0.000617199 -0.00747635 0.00374984
6.65 0.000617199 -0.00747635 0.00374984
6.66 0.000617199 -0.00747635 0.00374984
6.67 0.000617199 -0.00747635 0.00374984
6.68 0.000617199 -0.00747635 0.00374984
6.69 0.000617199 -0.00747635 0.00374984
6.7 0.000617199 -0.00747635 0.00374984
6.71 0.000617199 -0.00747635 0.00374984
6.72 0.000617199 -0.00747635 0.00374984
6.73 0.000617199 -0.00747635 0.00374984
6.74 0.000617199 -0.00747635 0.00374984
6.75 0.000617199 -0.00747635 0.00374984
6.76 0.000617199 -0.00747635 0.00374984
6.77 0.000617199 -0.00747635 0.00374984
6.78 0.000617199 -0.00747635 0.00374984
6.79 0.000617199 -0.00747635 0.00374984
6.8 0.000617199 -0.00747635 0.00374984
6.81 0.000617199 -0.00747635 0.00374984
6.82 0.000617199 -0.00747635 0.00374984
6.83 0.000617199 -0.00747635 0.00374984
6.84 0.000617199 -0.00747635 0.00374984
6.85 0.000617199 -0.00747635 0.00374984
6.86 0.000617199 -0.00747635 0.00374984
6.87 0.000617199 -0.00747635 0.00374984
6.88 0.000617199 -0.00747635 0.00374984
6.89 0.000617199 -0.00747635 0.00374984
6.9 0.000617199 -0.00747635 0.00374984
6.91 0.000617199 -0.00747635 0.00374984
6.92 0.000617199 -0.00747635 0.00374984
6.93 0.000617199 -0.00747635 0.00374984
6.94 0.000617199 -0.00747635 0.00374984
6.95 0.000617199 -0.00747635 0.00374984
6.96 0.000617199 -0.00747635 0.00374984
6.97 0.000617199 -0.00747635 0.00374984
6.98 0.000617199 -0.00747635 0.00374984
6.99 0.000617199 -0.00747635 0.00374984
7 0.000617199 -0.00747635 0.00374984
7.01 0.000617199 -0.00747635 0.00374984
7.02 0.000617199 -0.00747635 0.00374984
7.03 0.000617199 -0.00747635 0.00374984
7.04 0.000617199 -0.00747635 0.00374984
7.05 0.000617199 -0.00747635 0.00374984
7.06 0.000617199 -0.00747635 0.00374984
7.07 0.000617199 -0.00747635 0.00374984
7.08 0.000617199 -0.00747635 0.00374984
7.09 0.000617199 -0.00747635 0.00374984
7.1 0.000617199 -0.00747635 0.00374984
7.11 0.000617199 -0.00747635 0.00374984
7.12 0.000617199 -0.00747635 0.00374984
7.13 0.000617199 -0.00747635 0.00374984
7.14 0.000617199 -0.00747635 0.00374984
7.15 0.000617199 -0.00747635 0.00374984
7.16 0.000617199 -0.00747635 0.00374984
7.17 0.000617199 -0.00747635 0.00374984
7.18 0.000617199 -0.00747635 0.00374984
7.19 0.000617199 -0.00747635 0.00374984
7.2 0.000617199 -0.00747635 0.00374984
7.21 0.000617199 -0.00747635 0.00374984
7.22 0.000617199 -0.00747635 0.00374984
7.23 0.000617199 -0.00747635 0.00374984
7.24 0.000617199 -0.00747635 0.00374984
7.25 0.000617199 -0.00747635 0.00374984
7.26 0.000617199 -0.00747635 0.00374984
7.27 0.000617199 -0.00747635 0.00374984
7.28 0.000617199 -0.00747635 0.00374984
7.29 0.000617199 -0.00747635 0.00374984
7.3 0.000617199 -0.00747635 0.00374984
7.31 0.000617199 -0.00747635 0.00374984
7.32 0.000617199 -0.00747635 0.00374984
7.33 0.000617199 -0.00747635 0.00374984
7.34 0.000617199 -0.00747635 0.00374984
7.35 0.000617199 -0.00747635 0.00374984
7.36 0.000617199 -0.00747635 0.00374984
7.37 0.000617199 -0.00747635 0.00374984
7.38 0.000617199 -0.00747635 0.00374984
7.39 0.000617199 -0.00747635 0.00374984
7.4 0.000617199 -0.00747635 0.00374984
7.41 0.000617199 -0.00747635 0.00374984
7.42 0.000617199 -0.00747635 0.00374984
7.43 0.000617199 -0.00747635 0.00374984
7.44 0.000617199 -0.00747635 0.00374984
7.45 0.000617199 -0.00747635 0.00374984
7.46 0.000617199 -0.00747635 0.00374984
7.47 0.000617199 -0.00747635 0.00374984
7.48 0.000617199 -0.00747635 0.00374984
7.49 0.000617199 -0.00747635 0.00374984
7.5 0.000617199 -0.00747635 0.00374984
7.51 0.000617199 -0.00747635 0.00374984
7.52 0.000617199 -0.00747635 0.00374984
7.53 0.000617199 -0.00747635 0.00374984
7.54 0.000617199 -0.00747635 0.00374984
7.55 0.000617199 -0.00747635 0.00374984
7.56 0.000617199 -0.00747635 0.00374984
7.57 0.000617199 -0.00747635 0.00374984
7.58 0.000617199 -0.00747635 0.00374984
7.59 0.000617199 -0.00747635 0.00374984
7.6 0.000617199 -0.00747635 0.00374984
7.61 0.000617199 -0.00747635 0.00374984
7.62 0.000617199 -0.00747635 0.00374984
7.63 0.000617199 -0.00747635 0.00374984
7.64 0.000617199 -0.00747635 0.00374984
7.65 0.000617199 -0.00747635 0.00374984
7.66 0.000617199 -0.00747635 0.00374984
7.67 0.000617199 -0.00747635 0.00374984
7.68 0.000617199 -0.00747635 0.00374984
7.69 0.000617199 -0.00747635 0.00374984
7.7 0.000617199 -0.00747635 0.00374984
7.71 0.000617199 -0.00747635 0.00374984
7.72 0.000617199 -0.00747635 0.00374984
7.73 0.000617199 -0.00747635 0.00374984
7.74 0.000617199 -0.00747635 0.00374984
7.75 0.000617199 -0.00747635 0.00374984
7.76 0.000617199 -0.00747635 0.00374984
7.77 0.000617199 -0.00747635 0.00374984
7.78 0.000617199 -0.00747635 0.00374984
7.79 0.000617199 -0.00747635 0.00374984
7.8 0.000617199 -0.00747635 0.00374984
7.81 0.000617199 -0.00747635 0.00374984
7.82 0.000617199 -0.00747635 0.00374984
7.83 0.000617199 -0.00747635 0.00374984
7.84 0.000617199 -0.00747635 0.00374984
7.85 0.000617199 -0.00747635 0.00374984
7.86 0.000617199 -0.00747635 0.00374984
7.87 0.000617199 -0.00747635 0.00374984
7.88 0.000617199 -0.00747635 0.00374984
7.89 0.000617199 -0.00747635 0.00374984
7.9 0.000617199 -0.00747635 0.00374984
7.91 0.000617199 -0.00747635 0.00374984
7.92 0.000617199 -0.00747635 0.00374984
7.93 0.000617199 -0.00747635 0.00374984
7.94 0.000617199 -0.00747635 0.00374984
7.95 0.000617199 -0.00747635 0.00374984
7.96 0.000617199 -0.00747635 0.00374984
7.97 0.000617199 -0.00747635 0.00374984
7.98 0.000617199 -0.00747635 0.00374984
7.99 0.000617199 -0.00747635 0.00374984
8 0.000617199 -0.00747635 0.00374984
8.01 0.000617199 -0.00747635 0.00374984
8.02 0.000617199 -0.00747635 0.00374984
8.03 0.000617199 -0.00747635 0.00374984
8.04 0.000617199 -0.00747635 0.00374984
8.05 0.000617199 -0.00747635 0.00374984
8.06 0.000617199 -0.00747635 0.00374984
8.07 0.000617199 -0.00747635 0.00374984
8.08 0.000617199 -0.00747635 0.00374984
8.09 0.000617199 -0.00747635 0.00374984
8.1 0.000617199 -0.00747635 0.00374984
8.11 0.000617199 -0.00747635 0.00374984
8.12 0.000617199 -0.00747635 0.00374984
8.13 0.000617199 -0.00747635 0.00374984
8.14 0.000617199 -0.00747635 0.00374984
8.15 0.000617199 -0.00747635 0.00374984
8.16 0.000617199 -0.00747635 0.00374984
8.17 0.000617199 -0.00747635 0.00374984
8.18 0.000617199 -0.00747635 0.00374984
8.19 0.000617199 -0.00747635 0.00374984
8.2 0.000617199 -0.00747635 0.00374984
8.21 0.000617199 -0.00747635 0.00374984
8.22 0.000617199 -0.00747635 0.00374984
8.23 0.000617199 -0.00747635 0.00374984
8.24 0.000617199 -0.00747635 0.00374984
8.25 0.000617199 -0.00747635 0.00374984
8.26 0.000617199 -0.00747635 0.00374984
8.27 0.000617199 -0.00747635 0.00374984
8.28 0.000617199 -0.00747635 0.00374984
8.29 0.000617199 -0.00747635 0.00374984
8.3 0.000617199 -0.00747635 0.00374984
8.31 0.000617199 -0.00747635 0.00374984
8.32 0.000617199 -0.00747635 0.00374984
8.33 0.000617199 -0.00747635 0.00374984
8.34 0.000617199 -0.00747635 0.00374984
8.35 0.000617199 -0.00747635 0.00374984
8.36 0.000617199 -0.00747635 0.00374984
8.37 0.000617199 -0.00747635 0.00374984
8.38 0.000617199 -0.00747635 0.00374984
8.39 0.000617199 -0.00747635 0.00374984
8.4 0.000617199 -0.00747635 0.00374984
8.41 0.000617199 -0.00747635 0.00374984
8.42 0.000617199 -0.00747635 0.00374984
8.43 0.000617199 -0.00747635 0.00374984
8.44 0.000617199 -0.00747635 0.00374984
8.45 0.000617199 -0.00747635 0.00374984
8.46 0.000617199 -0.00747635 0.00374984
8.47 0.000617199 -0.00747635 0.00374984
8.48 0.000617199 -0.00747635 0.00374984
8.49 0.000617199 -0.00747635 0.00374984
8.5 0.000617199 -0.00747635 0.00374984
8.51 0.000617199 -0.00747635 0.00374984
8.52 0.000617199 -0.00747635 0.00374984
8.53 0.000617199 -0.00747635 0.00374984
8.54 0.000617199 -0.00747635 0.00374984
8.55 0.000617199 -0.00747635 0.00374984
8.56 0.000617199 -0.00747635 0.00374984
8.57 0.000617199 -0.00747635 0.00374984
8.58 0.000617199 -0.00747635 0.00374984
8.59 0.000617199 -0.00747635 0.00374984
8.6 0.000617199 -0.00747635 0.00374984
8.61 0.000617199 -0.00747635 0.00374984
8.62 0.000617199 -0.00747635 0.00374984
8.63 0.000617199 -0.00747635 0.00374984
8.64 0.000617199 -0.00747635 0.00374984
8.65 0.000617199 -0.00747635 0.00374984
8.66 0.000617199 -0.00747635 0.00374984
8.67 0.000617199 -0.00747635 0.00374984
8.68 0.000617199 -0.00747635 0.00374984
8.69 0.000617199 -0.00747635 0.00374984
8.7 0.000617199 -0.00747635 0.00374984
8.71 0.000617199 -0.00747635 0.00374984
8.72 0.000617199 -0.00747635 0.00374984
8.73 0.000617199 -0.00747635 0.00374984
8.74 0.000617199 -0.00747635 0.00374984
8.75 0.000617199 -0.00747635 0.00374984
8.76 0.000617199 -0.00747635 0.00374984
8.77 0.000617199 -0.00747635 0.00374984
8.78 0.000617199 -0.00747635 0.00374984
8.79 0.000617199 -0.00747635 0.00374984
8.8 0.000617199 -0.00747635 0.00374984
8.81 0.000617199 -0.00747635 0.00374984
8.82 0.000617199 -0.00747635 0.00374984
8.83 0.000617199 -0.00747635 0.00374984
8.84 0.000617199 -0.00747635 0.00374984
8.85 0.000617199 -0.00747635 0.00374984
8.86 0.000617199 -0.00747635 0.00374984
8.87 0.000617199 -0.00747635 0.00374984
8.88 0.000617199 -0.00747635 0.00374984
8.89 0.000617199 -0.00747635 0.00374984
8.9 0.000617199 -0.00747635 0.00374984
8.91 0.000617199 -0.00747635 0.00374984
8.92 0.000617199 -0.00747635 0.00374984
8.93 0.000617199 -0.00747635 0.00374984
8.94 0.000617199 -0.00747635 0.00374984
8.95 0.000617199 -0.00747635 0.00374984
8.96 0.000617199 -0.00747635 0.00374984
8.97 0.000617199 -0.00747635 0.00374984
8.98 0.000617199 -0.00747635 0.00374984
8.99 0.000617199 -0.00747635 0.00374984
9 0.000617199 -0.00747635 0.00374984
9.01 0.000617199 -0.00747635 0.00374984
9.02 0.000617199 -0.00747635 0.00374984
9.03 0.000617199 -0.00747635 0.00374984
9.04 0.000617199 -0.00747635 0.00374984
9.05 0.000617199 -0.00747635 0.00374984
9.06 0.000617199 -0.00747635 0.00374984
9.07 0.000617199 -0.00747635 0.00374984
9.08 0.000617199 -0.00747635 0.00374984
9.09 0.000617199 -0.00747635 0.00374984
9.1 0.000617199 -0.00747635 0.00374984
9.11 0.000617199 -0.00747635 0.00374984
9.12 0.000617199 -0.00747635 0.00374984
9.13 0.000617199 -0.00747635 0.00374984
9.14 0.000617199 -0.00747635 0.00374984
9.15 0.000617199 -0.00747635 0.00374984
9.16 0.000617199 -0.00747635 0.00374984
9.17 0.000617199 -0.00747635 0.00374984
9.18 0.000617199 -0.00747635 0.00374984
9.19 0.000617199 -0.00747635 0.00374984
9.2 0.000617199 -0.00747635 0.00374984
9.21 0.000617199 -0.00747635 0.00374984
9.22 0.000617199 -0.00747635 0.00374984
9.23 0.000617199 -0.00747635 0.00374984
9.24 0.000617199 -0.00747635 0.00374984
9.25 0.000617199 -0.00747635 0.00374984
9.26 0.000617199 -0.00747635 0.00374984
9.27 0.000617199 -0.00747635 0.00374984
9.28 0.000617199 -0.00747635 0.00374984
9.29 0.000617199 -0.00747635 0.00374984
9.3 0.000617199 -0.00747635 0.00374984
9.31 0.000617199 -0.00747635 0.00374984
9.32 0.000617199 -0.00747635 0.00374984
9.33 0.000617199 -0.00747635 0.00374984
9.34 0.000617199 -0.00747635 0.00374984
9.35 0.000617199 -0.00747635 0.00374984
9.36 0.000617199 -0.00747635 0.00374984
9.37 0.000617199 -0.00747635 0.00374984
9.38 0.000617199 -0.00747635 0.00374984
9.39 0.000617199 -0.00747635 0.00374984
9.4 0.000617199 -0.00747635 0.00374984
9.41 0.000617199 -0.00747635 0.00374984
9.42 0.000617199 -0.00747635 0.00374984
9.43 0.000617199 -0.00747635 0.00374984
9.44 0.000617199 -0.00747635 0.00374984
9.45 0.000617199 -0.00747635 0.00374984
9.46 0.000617199 -0.00747635 0.00374984
9.47 0.000617199 -0.00747635 0.00374984
9.48 0.000617199 -0.00747635 0.00374984
9.49 0.000617199 -0.00747635 0.00374984
9.5 0.000617199 -0.00747635 0.00374984
9.51 0.000617199 -0.00747635 0.00374984
9.52 0.000617199 -0.00747635 0.00374984
9.53 0.000617199 -0.00747635 0.00374984
9.54 0.000617199 -0.00747635 0.00374984
9.55 0.000617199 -0.00747635 0.00374984
9.56 0.000617199 -0.00747635 0.00374984
9.57 0.000617199 -0.00747635 0.00374984
9.58 0.000617199 -0.00747635 0.00374984
9.59 0.000617199 -0.00747635 0.00374984
9.6 0.000617199 -0.00747635 0.00374984
9.61 0.000617199 -0.00747635 0.00374984
9.62 0.000617199 -0.00747635 0.00374984
9.63 0.000617199 -0.00747635 0.00374984
9.64 0.000617199 -0.00747635 0.00374984
9.65 0.000617199 -0.00747635 0.00374984
9.66 0.000617199 -0.00747635 0.00374984
9.67 0.000617199 -0.00747635 0.00374984
9.68 0.000617199 -0.00747635 0.00374984
9.69 0.000617199 -0.00747635 0.00374984
9.7 0.000617199 -0.00747635 0.00374984
9.71 0.000617199 -0.00747635 0.00374984
9.72 0.000617199 -0.00747635 0.00374984
9.73 0.000617199 -0.00747635 0.00374984
9.74 0.000617199 -0.00747635 0.00374984
9.75 0.000617199 -0.00747635 0.00374984
9.76 0.000617199 -0.00747635 0.00374984
9.77 0.000617199 -0.00747635 0.00374984
9.78 0.000617199 -0.00747635 0.00374984
9.79 0.000617199 -0.00747635 0.00374984
9.8 0.000617199 -0.00747635 0.00374984
9.81 0.000617199 -0.00747635 0.00374984
9.82 0.000617199 -0.00747635 0.00374984
9.83 0.000617199 -0.00747635 0.00374984
9.84 0.000617199 -0.00747635 0.00374984
9.85 0.000617199 -0.00747635 0.00374984
9.86 0.000617199 -0.00747635 0.00374984
9.87 0.000617199 -0.00747635 0.00374984
9.88 0.000617199 -0.00747635 0.00374984
9.89 0.000617199 -0.00747635 0.00374984
9.9 0.000617199 -0.00747635 0.00374984
9.91 0.000617199 -0.00747635 0.00374984
9.92 0.000617199 -0.00747635 0.00374984
9.93 0.000617199 -0.00747635 0.00374984
9.94 0.000617199 -0.00747635 0.00374984
9.95 0.000617199 -0.00747635 0.00374984
9.96 0.000617199 -0.00747635 0.00374984
9.97 0.000617199 -0.00747635 0.00374984
9.98 0.000617199 -0.00747635 0.00374984
9.99 0.000617199 -0.00747635 0.00374984
10 0.000617199 -0.00747635 0.00374984
