0.1 0.000151321 -0.00395684 -0.000597942
0.2 0.000303572 -0.00792263 -0.00119571
0.3 0.000456766 -0.0118975 -0.00179331
0.4 0.000610915 -0.0158814 -0.00239073
0.5 0.000766031 -0.0198744 -0.00298798
0.6 0.000935775 -0.0238763 -0.00363275
0.7 0.00113325 -0.0278856 -0.00438395
0.8 0.00132365 -0.0319023 -0.00515862
0.9 0.0015163 -0.0359267 -0.00597492
1 0.00169625 -0.0399604 -0.00678584
0.01 0.00169625 -0.0399604 -0.00678584
0.02 0.00169625 -0.0399604 -0.00678584
0.03 0.00169625 -0.0399604 -0.00678584
0.04 0.00169625 -0.0399604 -0.00678584
0.05 0.00169625 -0.0399604 -0.00678584
0.06 0.00169625 -0.0399604 -0.00678584
0.07 0.00169625 -0.0399604 -0.00678584
0.08 0.00169625 -0.0399604 -0.00678584
0.09 0.00169625 -0.0399604 -0.00678584
0.1 0.00169625 -0.0399604 -0.00678584
0.11 0.00169625 -0.0399604 -0.00678584
0.12 0.00169625 -0.0399604 -0.00678584
0.13 0.00169625 -0.0399604 -0.00678584
0.14 0.00169625 -0.0399604 -0.00678584
0.15 0.00169625 -0.0399604 -0.00678584
0.16 0.00169625 -0.0399604 -0.00678584
0.17 0.00169625 -0.0399604 -0.00678584
0.18 0.00169625 -0.0399604 -0.00678584
0.19 0.00169625 -0.0399604 -0.00678584
0.2 0.00169625 -0.0399604 -0.00678584
0.21 0.00169625 -0.0399604 -0.00678584
0.22 0.00169625 -0.0399604 -0.00678584
0.23 0.00169625 -0.0399604 -0.00678584
0.24 0.00169625 -0.0399604 -0.00678584
0.25 0.00169625 -0.0399604 -0.00678584
0.26 0.00169625 -0.0399604 -0.00678584
0.27 0.00169625 -0.0399604 -0.00678584
0.28 0.00169625 -0.0399604 -0.00678584
0.29 0.00169625 -0.0399604 -0.00678584
0.3 0.00169625 -0.0399604 -0.00678584
0.31 0.00169625 -0.0399604 -0.00678584
0.32 0.00169625 -0.0399604 -0.00678584
0.33 0.00169625 -0.0399604 -0.00678584
0.34 0.00169625 -0.0399604 -0.00678584
0.35 0.00169625 -0.0399604 -0.00678584
0.36 0.00169625 -0.0399604 -0.00678584
0.37 0.00169625 -0.0399604 -0.00678584
0.38 0.00169625 -0.0399604 -0.00678584
0.39 0.00169625 -0.0399604 -0.00678584
0.4 0.00169625 -0.0399604 -0.00678584
0.41 0.00169625 -0.0399604 -0.00678584
0.42 0.00169625 -0.0399604 -0.00678584
0.43 0.00169625 -0.0399604 -0.00678584
0.44 0.00169625 -0.0399604 -0.00678584
0.45 0.00169625 -0.0399604 -0.00678584
0.46 0.00169625 -0.0399604 -0.00678584
0.47 0.00169625 -0.0399604 -0.00678584
0.48 0.00169625 -0.0399604 -0.00678584
0.49 0.00169625 -0.0399604 -0.00678584
0.5 0.00169625 -0.0399604 -0.00678584
0.51 0.00169625 -0.0399604 -0.00678584
0.52 0.00169625 -0.0399604 -0.00678584
0.53 0.00169625 -0.0399604 -0.00678584
0.54 0.00169625 -0.0399604 -0.00678584
0.55 0.00169625 -0.0399604 -0.00678584
0.56 0.00169625 -0.0399604 -0.00678584
0.57 0.00169625 -0.0399604 -0.00678584
0.58 0.00169625 -0.0399604 -0.00678584
0.59 0.00169625 -0.0399604 -0.00678584
0.6 0.00169625 -0.0399604 -0.00678584
0.61 0.00169625 -0.0399604 -0.00678584
0.62 0.00169625 -0.0399604 -0.00678584
0.63 0.00169625 -0.0399604 -0.00678584
0.64 0.00169625 -0.0399604 -0.00678584
0.65 0.00169625 -0.0399604 -0.00678584
0.66 0.00169625 -0.0399604 -0.00678584
0.67 0.00169625 -0.0399604 -0.00678584
0.68 0.00169625 -0.0399604 -0.00678584
0.69 0.00169625 -0.0399604 -0.00678584
0.7 0.00169625 -0.0399604 -0.00678584
0.71 0.00169625 -0.0399604 -0.00678584
0.72 0.00169625 -0.0399604 -0.00678584
0.73 0.00169625 -0.0399604 -0.00678584
0.74 0.00169625 -0.0399604 -0.00678584
0.75 0.00169625 -0.0399604 -0.00678584
0.76 0.00169625 -0.0399604 -0.00678584
0.77 0.00169625 -0.0399604 -0.00678584
0.78 0.00169625 -0.0399604 -0.00678584
0.79 0.00169625 -0.0399604 -0.00678584
0.8 0.00169625 -0.0399604 -0.00678584
0.81 0.00169625 -0.0399604 -0.00678584
0.82 0.00169625 -0.0399604 -0.00678584
0.83 0.00169625 -0.0399604 -0.00678584
0.84 0.00169625 -0.0399604 -0.00678584
0.85 0.00169625 -0.0399604 -0.00678584
0.86 0.00169625 -0.0399604 -0.00678584
0.87 0.00169625 -0.0399604 -0.00678584
0.88 0.00169625 -0.0399604 -0.00678584
0.89 0.00169625 -0.0399604 -0.00678584
0.9 0.00169625 -0.0399604 -0.00678584
0.91 0.00169625 -0.0399604 -0.00678584
0.92 0.00169625 -0.0399604 -0.00678584
0.93 0.00169625 -0.0399604 -0.00678584
0.94 0.00169625 -0.0399604 -0.00678584
0.95 0.00169625 -0.0399604 -0.00678584
0.96 0.00169625 -0.0399604 -0.00678584
0.97 0.00169625 -0.0399604 -0.00678584
0.98 0.00169625 -0.0399604 -0.00678584
0.99 0.00169625 -0.0399604 -0.00678584
1 0.00169625 -0.0399604 -0.00678584
1.01 0.00169625 -0.0399604 -0.00678584
1.02 0.00169625 -0.0399604 -0.00678584
1.03 0.00169625 -0.0399604 -0.00678584
1.04 0.00169625 -0.0399604 -0.00678584
1.05 0.00169625 -0.0399604 -0.00678584
1.06 0.00169625 -0.0399604 -0.00678584
1.07 0.00169625 -0.0399604 -0.00678584
1.08 0.00169625 -0.0399604 -0.00678584
1.09 0.00169625 -0.0399604 -0.00678584
1.1 0.00169625 -0.0399604 -0.00678584
1.11 0.00169625 -0.0399604 -0.00678584
1.12 0.00169625 -0.0399604 -0.00678584
1.13 0.00169625 -0.0399604 -0.00678584
1.14 0.00169625 -0.0399604 -0.00678584
1.15 0.00169625 -0.0399604 -0.00678584
1.16 0.00169625 -0.0399604 -0.00678584
1.17 0.00169625 -0.0399604 -0.00678584
1.18 0.00169625 -0.0399604 -0.00678584
1.19 0.00169625 -0.0399604 -0.00678584
1.2 0.00169625 -0.0399604 -0.00678584
1.21 0.00169625 -0.0399604 -0.00678584
1.22 0.00169625 -0.0399604 -0.00678584
1.23 0.00169625 -0.0399604 -0.00678584
1.24 0.00169625 -0.0399604 -0.00678584
1.25 0.00169625 -0.0399604 -0.00678584
1.26 0.00169625 -0.0399604 -0.00678584
1.27 0.00169625 -0.0399604 -0.00678584
1.28 0.00169625 -0.0399604 -0.00678584
1.29 0.00169625 -0.0399604 -0.00678584
1.3 0.00169625 -0.0399604 -0.00678584
1.31 0.00169625 -0.0399604 -0.00678584
1.32 0.00169625 -0.0399604 -0.00678584
1.33 0.00169625 -0.0399604 -0.00678584
1.34 0.00169625 -0.0399604 -0.00678584
1.35 0.00169625 -0.0399604 -0.00678584
1.36 0.00169625 -0.0399604 -0.00678584
1.37 0.00169625 -0.0399604 -0.00678584
1.38 0.00169625 -0.0399604 -0.00678584
1.39 0.00169625 -0.0399604 -0.00678584
1.4 0.00169625 -0.0399604 -0.00678584
1.41 0.00169625 -0.0399604 -0.00678584
1.42 0.00169625 -0.0399604 -0.00678584
1.43 0.00169625 -0.0399604 -0.00678584
1.44 0.00169625 -0.0399604 -0.00678584
1.45 0.00169625 -0.0399604 -0.00678584
1.46 0.00169625 -0.0399604 -0.00678584
1.47 0.00169625 -0.0399604 -0.00678584
1.48 0.00169625 -0.0399604 -0.00678584
1.49 0.00169625 -0.0399604 -0.00678584
1.5 0.00169625 -0.0399604 -0.00678584
1.51 0.00169625 -0.0399604 -0.00678584
1.52 0.00169625 -0.0399604 -0.00678584
1.53 0.00169625 -0.0399604 -0.00678584
1.54 0.00169625 -0.0399604 -0.00678584
1.55 0.00169625 -0.0399604 -0.00678584
1.56 0.00169625 -0.0399604 -0.00678584
1.57 0.00169625 -0.0399604 -0.00678584
1.58 0.00169625 -0.0399604 -0.00678584
1.59 0.00169625 -0.0399604 -0.00678584
1.6 0.00169625 -0.0399604 -0.00678584
1.61 0.00169625 -0.0399604 -0.00678584
1.62 0.00169625 -0.0399604 -0.00678584
1.63 0.00169625 -0.0399604 -0.00678584
1.64 0.00169625 -0.0399604 -0.00678584
1.65 0.00169625 -0.0399604 -0.00678584
1.66 0.00169625 -0.0399604 -0.00678584
1.67 0.00169625 -0.0399604 -0.00678584
1.68 0.00169625 -0.0399604 -0.00678584
1.69 0.00169625 -0.0399604 -0.00678584
1.7 0.00169625 -0.0399604 -0.00678584
1.71 0.00169625 -0.0399604 -0.00678584
1.72 0.00169625 -0.0399604 -0.00678584
1.73 0.00169625 -0.0399604 -0.00678584
1.74 0.00169625 -0.0399604 -0.00678584
1.75 0.00169625 -0.0399604 -0.00678584
1.76 0.00169625 -0.0399604 -0.00678584
1.77 0.00169625 -0.0399604 -0.00678584
1.78 0.00169625 -0.0399604 -0.00678584
1.79 0.00169625 -0.0399604 -0.00678584
1.8 0.00169625 -0.0399604 -0.00678584
1.81 0.00169625 -0.0399604 -0.00678584
1.82 0.00169625 -0.0399604 -0.00678584
1.83 0.00169625 -0.0399604 -0.00678584
1.84 0.00169625 -0.0399604 -0.00678584
1.85 0.00169625 -0.0399604 -0.00678584
1.86 0.00169625 -0.0399604 -0.00678584
1.87 0.00169625 -0.0399604 -0.00678584
1.88 0.00169625 -0.0399604 -0.00678584
1.89 0.00169625 -0.0399604 -0.00678584
1.9 0.00169625 -0.0399604 -0.00678584
1.91 0.00169625 -0.0399604 -0.00678584
1.92 0.00169625 -0.0399604 -0.00678584
1.93 0.00169625 -0.0399604 -0.00678584
1.94 0.00169625 -0.0399604 -0.00678584
1.95 0.00169625 -0.0399604 -0.00678584
1.96 0.00169625 -0.0399604 -0.00678584
1.97 0.00169625 -0.0399604 -0.00678584
1.98 0.00169625 -0.0399604 -0.00678584
1.99 0.00169625 -0.0399604 -0.00678584
2 0.00169625 -0.0399604 -0.00678584
2.01 0.00169625 -0.0399604 -0.00678584
2.02 0.00169625 -0.0399604 -0.00678584
2.03 0.00169625 -0.0399604 -0.00678584
2.04 0.00169625 -0.0399604 -0.00678584
2.05 0.00169625 -0.0399604 -0.00678584
2.06 0.00169625 -0.0399604 -0.00678584
2.07 0.00169625 -0.0399604 -0.00678584
2.08 0.00169625 -0.0399604 -0.00678584
2.09 0.00169625 -0.0399604 -0.00678584
2.1 0.00169625 -0.0399604 -0.00678584
2.11 0.00169625 -0.0399604 -0.00678584
2.12 0.00169625 -0.0399604 -0.00678584
2.13 0.00169625 -0.0399604 -0.00678584
2.14 0.00169625 -0.0399604 -0.00678584
2.15 0.00169625 -0.0399604 -0.00678584
2.16 0.00169625 -0.0399604 -0.00678584
2.17 0.00169625 -0.0399604 -0.00678584
2.18 0.00169625 -0.0399604 -0.00678584
2.19 0.00169625 -0.0399604 -0.00678584
2.2 0.00169625 -0.0399604 -0.00678584
2.21 0.00169625 -0.0399604 -0.00678584
2.22 0.00169625 -0.0399604 -0.00678584
2.23 0.00169625 -0.0399604 -0.00678584
2.24 0.00169625 -0.0399604 -0.00678584
2.25 0.00169625 -0.0399604 -0.00678584
2.26 0.00169625 -0.0399604 -0.00678584
2.27 0.00169625 -0.0399604 -0.00678584
2.28 0.00169625 -0.0399604 -0.00678584
2.29 0.00169625 -0.0399604 -0.00678584
2.3 0.00169625 -0.0399604 -0.00678584
2.31 0.00169625 -0.0399604 -0.00678584
2.32 0.00169625 -0.0399604 -0.00678584
2.33 0.00169625 -0.0399604 -0.00678584
2.34 0.00169625 -0.0399604 -0.00678584
2.35 0.00169625 -0.0399604 -0.00678584
2.36 0.00169625 -0.0399604 -0.00678584
2.37 0.00169625 -0.0399604 -0.00678584
2.38 0.00169625 -0.0399604 -0.00678584
2.39 0.00169625 -0.0399604 -0.00678584
2.4 0.00169625 -0.0399604 -0.00678584
2.41 0.00169625 -0.0399604 -0.00678584
2.42 0.00169625 -0.0399604 -0.00678584
2.43 0.00169625 -0.0399604 -0.00678584
2.44 0.00169625 -0.0399604 -0.00678584
2.45 0.00169625 -0.0399604 -0.00678584
2.46 0.00169625 -0.0399604 -0.00678584
2.47 0.00169625 -0.0399604 -0.00678584
2.48 0.00169625 -0.0399604 -0.00678584
2.49 0.00169625 -0.0399604 -0.00678584
2.5 0.00169625 -0.0399604 -0.00678584
2.51 0.00169625 -0.0399604 -0.00678584
2.52 0.00169625 -0.0399604 -0.00678584
2.53 0.00169625 -0.0399604 -0.00678584
2.54 0.00169625 -0.0399604 -0.00678584
2.55 0.00169625 -0.0399604 -0.00678584
2.56 0.00169625 -0.0399604 -0.00678584
2.57 0.00169625 -0.0399604 -0.00678584
2.58 0.00169625 -0.0399604 -0.00678584
2.59 0.00169625 -0.0399604 -0.00678584
2.6 0.00169625 -0.0399604 -0.00678584
2.61 0.00169625 -0.0399604 -0.00678584
2.62 0.00169625 -0.0399604 -0.00678584
2.63 0.00169625 -0.0399604 -0.00678584
2.64 0.00169625 -0.0399604 -0.00678584
2.65 0.00169625 -0.0399604 -0.00678584
2.66 0.00169625 -0.0399604 -0.00678584
2.67 0.00169625 -0.0399604 -0.00678584
2.68 0.00169625 -0.0399604 -0.00678584
2.69 0.00169625 -0.0399604 -0.00678584
2.7 0.00169625 -0.0399604 -0.00678584
2.71 0.00169625 -0.0399604 -0.00678584
2.72 0.00169625 -0.0399604 -0.00678584
2.73 0.00169625 -0.0399604 -0.00678584
2.74 0.00169625 -0.0399604 -0.00678584
2.75 0.00169625 -0.0399604 -0.00678584
2.76 0.00169625 -0.0399604 -0.00678584
2.77 0.00169625 -0.0399604 -0.00678584
2.78 0.00169625 -0.0399604 -0.00678584
2.79 0.00169625 -0.0399604 -0.00678584
2.8 0.00169625 -0.0399604 -0.00678584
2.81 0.00169625 -0.0399604 -0.00678584
2.82 0.00169625 -0.0399604 -0.00678584
2.83 0.00169625 -0.0399604 -0.00678584
2.84 0.00169625 -0.0399604 -0.00678584
2.85 0.00169625 -0.0399604 -0.00678584
2.86 0.00169625 -0.0399604 -0.00678584
2.87 0.00169625 -0.0399604 -0.00678584
2.88 0.00169625 -0.0399604 -0.00678584
2.89 0.00169625 -0.0399604 -0.00678584
2.9 0.00169625 -0.0399604 -0.00678584
2.91 0.00169625 -0.0399604 -0.00678584
2.92 0.00169625 -0.0399604 -0.00678584
2.93 0.00169625 -0.0399604 -0.00678584
2.94 0.00169625 -0.0399604 -0.00678584
2.95 0.00169625 -0.0399604 -0.00678584
2.96 0.00169625 -0.0399604 -0.00678584
2.97 0.00169625 -0.0399604 -0.00678584
2.98 0.00169625 -0.0399604 -0.00678584
2.99 0.00169625 -0.0399604 -0.00678584
3 0.00169625 -0.0399604 -0.00678584
3.01 0.00169625 -0.0399604 -0.00678584
3.02 0.00169625 -0.0399604 -0.00678584
3.03 0.00169625 -0.0399604 -0.00678584
3.04 0.00169625 -0.0399604 -0.00678584
3.05 0.00169625 -0.0399604 -0.00678584
3.06 0.00169625 -0.0399604 -0.00678584
3.07 0.00169625 -0.0399604 -0.00678584
3.08 0.00169625 -0.0399604 -0.00678584
3.09 0.00169625 -0.0399604 -0.00678584
3.1 0.00169625 -0.0399604 -0.00678584
3.11 0.00169625 -0.0399604 -0.00678584
3.12 0.00169625 -0.0399604 -0.00678584
3.13 0.00169625 -0.0399604 -0.00678584
3.14 0.00169625 -0.0399604 -0.00678584
3.15 0.00169625 -0.0399604 -0.00678584
3.16 0.00169625 -0.0399604 -0.00678584
3.17 0.00169625 -0.0399604 -0.00678584
3.18 0.00169625 -0.0399604 -0.00678584
3.19 0.00169625 -0.0399604 -0.00678584
3.2 0.00169625 -0.0399604 -0.00678584
3.21 0.00169625 -0.0399604 -0.00678584
3.22 0.00169625 -0.0399604 -0.00678584
3.23 0.00169625 -0.0399604 -0.00678584
3.24 0.00169625 -0.0399604 -0.00678584
3.25 0.00169625 -0.0399604 -0.00678584
3.26 0.00169625 -0.0399604 -0.00678584
3.27 0.00169625 -0.0399604 -0.00678584
3.28 0.00169625 -0.0399604 -0.00678584
3.29 0.00169625 -0.0399604 -0.00678584
3.3 0.00169625 -0.0399604 -0.00678584
3.31 0.00169625 -0.0399604 -0.00678584
3.32 0.00169625 -0.0399604 -0.00678584
3.33 0.00169625 -0.0399604 -0.00678584
3.34 0.00169625 -0.0399604 -0.00678584
3.35 0.00169625 -0.0399604 -0.00678584
3.36 0.00169625 -0.0399604 -0.00678584
3.37 0.00169625 -0.0399604 -0.00678584
3.38 0.00169625 -0.0399604 -0.00678584
3.39 0.00169625 -0.0399604 -0.00678584
3.4 0.00169625 -0.0399604 -0.00678584
3.41 0.00169625 -0.0399604 -0.00678584
3.42 0.00169625 -0.0399604 -0.00678584
3.43 0.00169625 -0.0399604 -0.00678584
3.44 0.00169625 -0.0399604 -0.00678584
3.45 0.00169625 -0.0399604 -0.00678584
3.46 0.00169625 -0.0399604 -0.00678584
3.47 0.00169625 -0.0399604 -0.00678584
3.48 0.00169625 -0.0399604 -0.00678584
3.49 0.00169625 -0.0399604 -0.00678584
3.5 0.00169625 -0.0399604 -0.00678584
3.51 0.00169625 -0.0399604 -0.00678584
3.52 0.00169625 -0.0399604 -0.00678584
3.53 0.00169625 -0.0399604 -0.00678584
3.54 0.00169625 -0.0399604 -0.00678584
3.55 0.00169625 -0.0399604 -0.00678584
3.56 0.00169625 -0.0399604 -0.00678584
3.57 0.00169625 -0.0399604 -0.00678584
3.58 0.00169625 -0.0399604 -0.00678584
3.59 0.00169625 -0.0399604 -0.00678584
3.6 0.00169625 -0.0399604 -0.00678584
3.61 0.00169625 -0.0399604 -0.00678584
3.62 0.00169625 -0.0399604 -0.00678584
3.63 0.00169625 -0.0399604 -0.00678584
3.64 0.00169625 -0.0399604 -0.00678584
3.65 0.00169625 -0.0399604 -0.00678584
3.66 0.00169625 -0.0399604 -0.00678584
3.67 0.00169625 -0.0399604 -0.00678584
3.68 0.00169625 -0.0399604 -0.00678584
3.69 0.00169625 -0.0399604 -0.00678584
3.7 0.00169625 -0.0399604 -0.00678584
3.71 0.00169625 -0.0399604 -0.00678584
3.72 0.00169625 -0.0399604 -0.00678584
3.73 0.00169625 -0.0399604 -0.00678584
3.74 0.00169625 -0.0399604 -0.00678584
3.75 0.00169625 -0.0399604 -0.00678584
3.76 0.00169625 -0.0399604 -0.00678584
3.77 0.00169625 -0.0399604 -0.00678584
3.78 0.00169625 -0.0399604 -0.00678584
3.79 0.00169625 -0.0399604 -0.00678584
3.8 0.00169625 -0.0399604 -0.00678584
3.81 0.00169625 -0.0399604 -0.00678584
3.82 0.00169625 -0.0399604 -0.00678584
3.83 0.00169625 -0.0399604 -0.00678584
3.84 0.00169625 -0.0399604 -0.00678584
3.85 0.00169625 -0.0399604 -0.00678584
3.86 0.00169625 -0.0399604 -0.00678584
3.87 0.00169625 -0.0399604 -0.00678584
3.88 0.00169625 -0.0399604 -0.00678584
3.89 0.00169625 -0.0399604 -0.00678584
3.9 0.00169625 -0.0399604 -0.00678584
3.91 0.00169625 -0.0399604 -0.00678584
3.92 0.00169625 -0.0399604 -0.00678584
3.93 0.00169625 -0.0399604 -0.00678584
3.94 0.00169625 -0.0399604 -0.00678584
3.95 0.00169625 -0.0399604 -0.00678584
3.96 0.00169625 -0.0399604 -0.00678584
3.97 0.00169625 -0.0399604 -0.00678584
3.98 0.00169625 -0.0399604 -0.00678584
3.99 0.00169625 -0.0399604 -0.00678584
4 0.00169625 -0.0399604 -0.00678584
4.01 0.00169625 -0.0399604 -0.00678584
4.02 0.00169625 -0.0399604 -0.00678584
4.03 0.00169625 -0.0399604 -0.00678584
4.04 0.00169625 -0.0399604 -0.00678584
4.05 0.00169625 -0.0399604 -0.00678584
4.06 0.00169625 -0.0399604 -0.00678584
4.07 0.00169625 -0.0399604 -0.00678584
4.08 0.00169625 -0.0399604 -0.00678584
4.09 0.00169625 -0.0399604 -0.00678584
4.1 0.00169625 -0.0399604 -0.00678584
4.11 0.00169625 -0.0399604 -0.00678584
4.12 0.00169625 -0.0399604 -0.00678584
4.13 0.00169625 -0.0399604 -0.00678584
4.14 0.00169625 -0.0399604 -0.00678584
4.15 0.00169625 -0.0399604 -0.00678584
4.16 0.00169625 -0.0399604 -0.00678584
4.17 0.00169625 -0.0399604 -0.00678584
4.18 0.00169625 -0.0399604 -0.00678584
4.19 0.00169625 -0.0399604 -0.00678584
4.2 0.00169625 -0.0399604 -0.00678584
4.21 0.00169625 -0.0399604 -0.00678584
4.22 0.00169625 -0.0399604 -0.00678584
4.23 0.00169625 -0.0399604 -0.00678584
4.24 0.00169625 -0.0399604 -0.00678584
4.25 0.00169625 -0.0399604 -0.00678584
4.26 0.00169625 -0.0399604 -0.00678584
4.27 0.00169625 -0.0399604 -0.00678584
4.28 0.00169625 -0.0399604 -0.00678584
4.29 0.00169625 -0.0399604 -0.00678584
4.3 0.00169625 -0.0399604 -0.00678584
4.31 0.00169625 -0.0399604 -0.00678584
4.32 0.00169625 -0.0399604 -0.00678584
4.33 0.00169625 -0.0399604 -0.00678584
4.34 0.00169625 -0.0399604 -0.00678584
4.35 0.00169625 -0.0399604 -0.00678584
4.36 0.00169625 -0.0399604 -0.00678584
4.37 0.00169625 -0.0399604 -0.00678584
4.38 0.00169625 -0.0399604 -0.00678584
4.39 0.00169625 -0.0399604 -0.00678584
4.4 0.00169625 -0.0399604 -0.00678584
4.41 0.00169625 -0.0399604 -0.00678584
4.42 0.00169625 -0.0399604 -0.00678584
4.43 0.00169625 -0.0399604 -0.00678584
4.44 0.00169625 -0.0399604 -0.00678584
4.45 0.00169625 -0.0399604 -0.00678584
4.46 0.00169625 -0.0399604 -0.00678584
4.47 0.00169625 -0.0399604 -0.00678584
4.48 0.00169625 -0.0399604 -0.00678584
4.49 0.00169625 -0.0399604 -0.00678584
4.5 0.00169625 -0.0399604 -0.00678584
4.51 0.00169625 -0.0399604 -0.00678584
4.52 0.00169625 -0.0399604 -0.00678584
4.53 0.00169625 -0.0399604 -0.00678584
4.54 0.00169625 -0.0399604 -0.00678584
4.55 0.00169625 -0.0399604 -0.00678584
4.56 0.00169625 -0.0399604 -0.00678584
4.57 0.00169625 -0.0399604 -0.00678584
4.58 0.00169625 -0.0399604 -0.00678584
4.59 0.00169625 -0.0399604 -0.00678584
4.6 0.00169625 -0.0399604 -0.00678584
4.61 0.00169625 -0.0399604 -0.00678584
4.62 0.00169625 -0.0399604 -0.00678584
4.63 0.00169625 -0.0399604 -0.00678584
4.64 0.00169625 -0.0399604 -0.00678584
4.65 0.00169625 -0.0399604 -0.00678584
4.66 0.00169625 -0.0399604 -0.00678584
4.67 0.00169625 -0.0399604 -0.00678584
4.68 0.00169625 -0.0399604 -0.00678584
4.69 0.00169625 -0.0399604 -0.00678584
4.7 0.00169625 -0.0399604 -0.00678584
4.71 0.00169625 -0.0399604 -0.00678584
4.72 0.00169625 -0.0399604 -0.00678584
4.73 0.00169625 -0.0399604 -0.00678584
4.74 0.00169625 -0.0399604 -0.00678584
4.75 0.00169625 -0.0399604 -0.00678584
4.76 0.00169625 -0.0399604 -0.00678584
4.77 0.00169625 -0.0399604 -0.00678584
4.78 0.00169625 -0.0399604 -0.00678584
4.79 0.00169625 -0.0399604 -0.00678584
4.8 0.00169625 -0.0399604 -0.00678584
4.81 0.00169625 -0.0399604 -0.00678584
4.82 0.00169625 -0.0399604 -0.00678584
4.83 0.00169625 -0.0399604 -0.00678584
4.84 0.00169625 -0.0399604 -0.00678584
4.85 0.00169625 -0.0399604 -0.00678584
4.86 0.00169625 -0.0399604 -0.00678584
4.87 0.00169625 -0.0399604 -0.00678584
4.88 0.00169625 -0.0399604 -0.00678584
4.89 0.00169625 -0.0399604 -0.00678584
4.9 0.00169625 -0.0399604 -0.00678584
4.91 0.00169625 -0.0399604 -0.00678584
4.92 0.00169625 -0.0399604 -0.00678584
4.93 0.00169625 -0.0399604 -0.00678584
4.94 0.00169625 -0.0399604 -0.00678584
4.95 0.00169625 -0.0399604 -0.00678584
4.96 0.00169625 -0.0399604 -0.00678584
4.97 0.00169625 -0.0399604 -0.00678584
4.98 0.00169625 -0.0399604 -0.00678584
4.99 0.00169625 -0.0399604 -0.00678584
5 0.00169625 -0.0399604 -0.00678584
5.01 0.00169625 -0.0399604 -0.00678584
5.02 0.00169625 -0.0399604 -0.00678584
5.03 0.00169625 -0.0399604 -0.00678584
5.04 0.00169625 -0.0399604 -0.00678584
5.05 0.00169625 -0.0399604 -0.00678584
5.06 0.00169625 -0.0399604 -0.00678584
5.07 0.00169625 -0.0399604 -0.00678584
5.08 0.00169625 -0.0399604 -0.00678584
5.09 0.00169625 -0.0399604 -0.00678584
5.1 0.00169625 -0.0399604 -0.00678584
5.11 0.00169625 -0.0399604 -0.00678584
5.12 0.00169625 -0.0399604 -0.00678584
5.13 0.00169625 -0.0399604 -0.00678584
5.14 0.00169625 -0.0399604 -0.00678584
5.15 0.00169625 -0.0399604 -0.00678584
5.16 0.00169625 -0.0399604 -0.00678584
5.17 0.00169625 -0.0399604 -0.00678584
5.18 0.00169625 -0.0399604 -0.00678584
5.19 0.00169625 -0.0399604 -0.00678584
5.2 0.00169625 -0.0399604 -0.00678584
5.21 0.00169625 -0.0399604 -0.00678584
5.22 0.00169625 -0.0399604 -0.00678584
5.23 0.00169625 -0.0399604 -0.00678584
5.24 0.00169625 -0.0399604 -0.00678584
5.25 0.00169625 -0.0399604 -0.00678584
5.26 0.00169625 -0.0399604 -0.00678584
5.27 0.00169625 -0.0399604 -0.00678584
5.28 0.00169625 -0.0399604 -0.00678584
5.29 0.00169625 -0.0399604 -0.00678584
5.3 0.00169625 -0.0399604 -0.00678584
5.31 0.00169625 -0.0399604 -0.00678584
5.32 0.00169625 -0.0399604 -0.00678584
5.33 0.00169625 -0.0399604 -0.00678584
5.34 0.00169625 -0.0399604 -0.00678584
5.35 0.00169625 -0.0399604 -0.00678584
5.36 0.00169625 -0.0399604 -0.00678584
5.37 0.00169625 -0.0399604 -0.00678584
5.38 0.00169625 -0.0399604 -0.00678584
5.39 0.00169625 -0.0399604 -0.00678584
5.4 0.00169625 -0.0399604 -0.00678584
5.41 0.00169625 -0.0399604 -0.00678584
5.42 0.00169625 -0.0399604 -0.00678584
5.43 0.00169625 -0.0399604 -0.00678584
5.44 0.00169625 -0.0399604 -0.00678584
5.45 0.00169625 -0.0399604 -0.00678584
5.46 0.00169625 -0.0399604 -0.00678584
5.47 0.00169625 -0.0399604 -0.00678584
5.48 0.00169625 -0.0399604 -0.00678584
5.49 0.00169625 -0.0399604 -0.00678584
5.5 0.00169625 -0.0399604 -0.00678584
5.51 0.00169625 -0.0399604 -0.00678584
5.52 0.00169625 -0.0399604 -0.00678584
5.53 0.00169625 -0.0399604 -0.00678584
5.54 0.00169625 -0.0399604 -0.00678584
5.55 0.00169625 -0.0399604 -0.00678584
5.56 0.00169625 -0.0399604 -0.00678584
5.57 0.00169625 -0.0399604 -0.00678584
5.58 0.00169625 -0.0399604 -0.00678584
5.59 0.00169625 -0.0399604 -0.00678584
5.6 0.00169625 -0.0399604 -0.00678584
5.61 0.00169625 -0.0399604 -0.00678584
5.62 0.00169625 -0.0399604 -0.00678584
5.63 0.00169625 -0.0399604 -0.00678584
5.64 0.00169625 -0.0399604 -0.00678584
5.65 0.00169625 -0.0399604 -0.00678584
5.66 0.00169625 -0.0399604 -0.00678584
5.67 0.00169625 -0.0399604 -0.00678584
5.68 0.00169625 -0.0399604 -0.00678584
5.69 0.00169625 -0.0399604 -0.00678584
5.7 0.00169625 -0.0399604 -0.00678584
5.71 0.00169625 -0.0399604 -0.00678584
5.72 0.00169625 -0.0399604 -0.00678584
5.73 0.00169625 -0.0399604 -0.00678584
5.74 0.00169625 -0.0399604 -0.00678584
5.75 0.00169625 -0.0399604 -0.00678584
5.76 0.00169625 -0.0399604 -0.00678584
5.77 0.00169625 -0.0399604 -0.00678584
5.78 0.00169625 -0.0399604 -0.00678584
5.79 0.00169625 -0.0399604 -0.00678584
5.8 0.00169625 -0.0399604 -0.00678584
5.81 0.00169625 -0.0399604 -0.00678584
5.82 0.00169625 -0.0399604 -0.00678584
5.83 0.00169625 -0.0399604 -0.00678584
5.84 0.00169625 -0.0399604 -0.00678584
5.85 0.00169625 -0.0399604 -0.00678584
5.86 0.00169625 -0.0399604 -0.00678584
5.87 0.00169625 -0.0399604 -0.00678584
5.88 0.00169625 -0.0399604 -0.00678584
5.89 0.00169625 -0.0399604 -0.00678584
5.9 0.00169625 -0.0399604 -0.00678584
5.91 0.00169625 -0.0399604 -0.00678584
5.92 0.00169625 -0.0399604 -0.00678584
5.93 0.00169625 -0.0399604 -0.00678584
5.94 0.00169625 -0.0399604 -0.00678584
5.95 0.00169625 -0.0399604 -0.00678584
5.96 0.00169625 -0.0399604 -0.00678584
5.97 0.00169625 -0.0399604 -0.00678584
5.98 0.00169625 -0.0399604 -0.00678584
5.99 0.00169625 -0.0399604 -0.00678584
6 0.00169625 -0.0399604 -0.00678584
6.01 0.00169625 -0.0399604 -0.00678584
6.02 0.00169625 -0.0399604 -0.00678584
6.03 0.00169625 -0.0399604 -0.00678584
6.04 0.00169625 -0.0399604 -0.00678584
6.05 0.00169625 -0.0399604 -0.00678584
6.06 0.00169625 -0.0399604 -0.00678584
6.07 0.00169625 -0.0399604 -0.00678584
6.08 0.00169625 -0.0399604 -0.00678584
6.09 0.00169625 -0.0399604 -0.00678584
6.1 0.00169625 -0.0399604 -0.00678584
6.11 0.00169625 -0.0399604 -0.00678584
6.12 0.00169625 -0.0399604 -0.00678584
6.13 0.00169625 -0.0399604 -0.00678584
6.14 0.00169625 -0.0399604 -0.00678584
6.15 0.00169625 -0.0399604 -0.00678584
6.16 0.00169625 -0.0399604 -0.00678584
6.17 0.00169625 -0.0399604 -0.00678584
6.18 0.00169625 -0.0399604 -0.00678584
6.19 0.00169625 -0.0399604 -0.00678584
6.2 0.00169625 -0.0399604 -0.00678584
6.21 0.00169625 -0.0399604 -0.00678584
6.22 0.00169625 -0.0399604 -0.00678584
6.23 0.00169625 -0.0399604 -0.00678584
6.24 0.00169625 -0.0399604 -0.00678584
6.25 0.00169625 -0.0399604 -0.00678584
6.26 0.00169625 -0.0399604 -0.00678584
6.27 0.00169625 -0.0399604 -0.00678584
6.28 0.00169625 -0.0399604 -0.00678584
6.29 0.00169625 -0.0399604 -0.00678584
6.3 0.00169625 -0.0399604 -0.00678584
6.31 0.00169625 -0.0399604 -0.00678584
6.32 0.00169625 -0.0399604 -0.00678584
6.33 0.00169625 -0.0399604 -0.00678584
6.34 0.00169625 -0.0399604 -0.00678584
6.35 0.00169625 -0.0399604 -0.00678584
6.36 0.00169625 -0.0399604 -0.00678584
6.37 0.00169625 -0.0399604 -0.00678584
6.38 0.00169625 -0.0399604 -0.00678584
6.39 0.00169625 -0.0399604 -0.00678584
6.4 0.00169625 -0.0399604 -0.00678584
6.41 0.00169625 -0.0399604 -0.00678584
6.42 0.00169625 -0.0399604 -0.00678584
6.43 0.00169625 -0.0399604 -0.00678584
6.44 0.00169625 -0.0399604 -0.00678584
6.45 0.00169625 -0.0399604 -0.00678584
6.46 0.00169625 -0.0399604 -0.00678584
6.47 0.00169625 -0.0399604 -0.00678584
6.48 0.00169625 -0.0399604 -0.00678584
6.49 0.00169625 -0.0399604 -0.00678584
6.5 0.00169625 -0.0399604 -0.00678584
6.51 0.00169625 -0.0399604 -0.00678584
6.52 0.00169625 -0.0399604 -0.00678584
6.53 0.00169625 -0.0399604 -0.00678584
6.54 0.00169625 -0.0399604 -0.00678584
6.55 0.00169625 -0.0399604 -0.00678584
6.56 0.00169625 -0.0399604 -0.00678584
6.57 0.00169625 -0.0399604 -0.00678584
6.58 0.00169625 -0.0399604 -0.00678584
6.59 0.00169625 -0.0399604 -0.00678584
6.6 0.00169625 -0.0399604 -0.00678584
6.61 0.00169625 -0.0399604 -0.00678584
6.62 0.00169625 -0.0399604 -0.00678584
6.63 0.00169625 -0.0399604 -0.00678584
6.64 0.00169625 -0.0399604 -0.00678584
6.65 0.00169625 -0.0399604 -0.00678584
6.66 0.00169625 -0.0399604 -0.00678584
6.67 0.00169625 -0.0399604 -0.00678584
6.68 0.00169625 -0.0399604 -0.00678584
6.69 0.00169625 -0.0399604 -0.00678584
6.7 0.00169625 -0.0399604 -0.00678584
6.71 0.00169625 -0.0399604 -0.00678584
6.72 0.00169625 -0.0399604 -0.00678584
6.73 0.00169625 -0.0399604 -0.00678584
6.74 0.00169625 -0.0399604 -0.00678584
6.75 0.00169625 -0.0399604 -0.00678584
6.76 0.00169625 -0.0399604 -0.00678584
6.77 0.00169625 -0.0399604 -0.00678584
6.78 0.00169625 -0.0399604 -0.00678584
6.79 0.00169625 -0.0399604 -0.00678584
6.8 0.00169625 -0.0399604 -0.00678584
6.81 0.00169625 -0.0399604 -0.00678584
6.82 0.00169625 -0.0399604 -0.00678584
6.83 0.00169625 -0.0399604 -0.00678584
6.84 0.00169625 -0.0399604 -0.00678584
6.85 0.00169625 -0.0399604 -0.00678584
6.86 0.00169625 -0.0399604 -0.00678584
6.87 0.00169625 -0.0399604 -0.00678584
6.88 0.00169625 -0.0399604 -0.00678584
6.89 0.00169625 -0.0399604 -0.00678584
6.9 0.00169625 -0.0399604 -0.00678584
6.91 0.00169625 -0.0399604 -0.00678584
6.92 0.00169625 -0.0399604 -0.00678584
6.93 0.00169625 -0.0399604 -0.00678584
6.94 0.00169625 -0.0399604 -0.00678584
6.95 0.00169625 -0.0399604 -0.00678584
6.96 0.00169625 -0.0399604 -0.00678584
6.97 0.00169625 -0.0399604 -0.00678584
6.98 0.00169625 -0.0399604 -0.00678584
6.99 0.00169625 -0.0399604 -0.00678584
7 0.00169625 -0.0399604 -0.00678584
7.01 0.00169625 -0.0399604 -0.00678584
7.02 0.00169625 -0.0399604 -0.00678584
7.03 0.00169625 -0.0399604 -0.00678584
7.04 0.00169625 -0.0399604 -0.00678584
7.05 0.00169625 -0.0399604 -0.00678584
7.06 0.00169625 -0.0399604 -0.00678584
7.07 0.00169625 -0.0399604 -0.00678584
7.08 0.00169625 -0.0399604 -0.00678584
7.09 0.00169625 -0.0399604 -0.00678584
7.1 0.00169625 -0.0399604 -0.00678584
7.11 0.00169625 -0.0399604 -0.00678584
7.12 0.00169625 -0.0399604 -0.00678584
7.13 0.00169625 -0.0399604 -0.00678584
7.14 0.00169625 -0.0399604 -0.00678584
7.15 0.00169625 -0.0399604 -0.00678584
7.16 0.00169625 -0.0399604 -0.00678584
7.17 0.00169625 -0.0399604 -0.00678584
7.18 0.00169625 -0.0399604 -0.00678584
7.19 0.00169625 -0.0399604 -0.00678584
7.2 0.00169625 -0.0399604 -0.00678584
7.21 0.00169625 -0.0399604 -0.00678584
7.22 0.00169625 -0.0399604 -0.00678584
7.23 0.00169625 -0.0399604 -0.00678584
7.24 0.00169625 -0.0399604 -0.00678584
7.25 0.00169625 -0.0399604 -0.00678584
7.26 0.00169625 -0.0399604 -0.00678584
7.27 0.00169625 -0.0399604 -0.00678584
7.28 0.00169625 -0.0399604 -0.00678584
7.29 0.00169625 -0.0399604 -0.00678584
7.3 0.00169625 -0.0399604 -0.00678584
7.31 0.00169625 -0.0399604 -0.00678584
7.32 0.00169625 -0.0399604 -0.00678584
7.33 0.00169625 -0.0399604 -0.00678584
7.34 0.00169625 -0.0399604 -0.00678584
7.35 0.00169625 -0.0399604 -0.00678584
7.36 0.00169625 -0.0399604 -0.00678584
7.37 0.00169625 -0.0399604 -0.00678584
7.38 0.00169625 -0.0399604 -0.00678584
7.39 0.00169625 -0.0399604 -0.00678584
7.4 0.00169625 -0.0399604 -0.00678584
7.41 0.00169625 -0.0399604 -0.00678584
7.42 0.00169625 -0.0399604 -0.00678584
7.43 0.00169625 -0.0399604 -0.00678584
7.44 0.00169625 -0.0399604 -0.00678584
7.45 0.00169625 -0.0399604 -0.00678584
7.46 0.00169625 -0.0399604 -0.00678584
7.47 0.00169625 -0.0399604 -0.00678584
7.48 0.00169625 -0.0399604 -0.00678584
7.49 0.00169625 -0.0399604 -0.00678584
7.5 0.00169625 -0.0399604 -0.00678584
7.51 0.00169625 -0.0399604 -0.00678584
7.52 0.00169625 -0.0399604 -0.00678584
7.53 0.00169625 -0.0399604 -0.00678584
7.54 0.00169625 -0.0399604 -0.00678584
7.55 0.00169625 -0.0399604 -0.00678584
7.56 0.00169625 -0.0399604 -0.00678584
7.57 0.00169625 -0.0399604 -0.00678584
7.58 0.00169625 -0.0399604 -0.00678584
7.59 0.00169625 -0.0399604 -0.00678584
7.6 0.00169625 -0.0399604 -0.00678584
7.61 0.00169625 -0.0399604 -0.00678584
7.62 0.00169625 -0.0399604 -0.00678584
7.63 0.00169625 -0.0399604 -0.00678584
7.64 0.00169625 -0.0399604 -0.00678584
7.65 0.00169625 -0.0399604 -0.00678584
7.66 0.00169625 -0.0399604 -0.00678584
7.67 0.00169625 -0.0399604 -0.00678584
7.68 0.00169625 -0.0399604 -0.00678584
7.69 0.00169625 -0.0399604 -0.00678584
7.7 0.00169625 -0.0399604 -0.00678584
7.71 0.00169625 -0.0399604 -0.00678584
7.72 0.00169625 -0.0399604 -0.00678584
7.73 0.00169625 -0.0399604 -0.00678584
7.74 0.00169625 -0.0399604 -0.00678584
7.75 0.00169625 -0.0399604 -0.00678584
7.76 0.00169625 -0.0399604 -0.00678584
7.77 0.00169625 -0.0399604 -0.00678584
7.78 0.00169625 -0.0399604 -0.00678584
7.79 0.00169625 -0.0399604 -0.00678584
7.8 0.00169625 -0.0399604 -0.00678584
7.81 0.00169625 -0.0399604 -0.00678584
7.82 0.00169625 -0.0399604 -0.00678584
7.83 0.00169625 -0.0399604 -0.00678584
7.84 0.00169625 -0.0399604 -0.00678584
7.85 0.00169625 -0.0399604 -0.00678584
7.86 0.00169625 -0.0399604 -0.00678584
7.87 0.00169625 -0.0399604 -0.00678584
7.88 0.00169625 -0.0399604 -0.00678584
7.89 0.00169625 -0.0399604 -0.00678584
7.9 0.00169625 -0.0399604 -0.00678584
7.91 0.00169625 -0.0399604 -0.00678584
7.92 0.00169625 -0.0399604 -0.00678584
7.93 0.00169625 -0.0399604 -0.00678584
7.94 0.00169625 -0.0399604 -0.00678584
7.95 0.00169625 -0.0399604 -0.00678584
7.96 0.00169625 -0.0399604 -0.00678584
7.97 0.00169625 -0.0399604 -0.00678584
7.98 0.00169625 -0.0399604 -0.00678584
7.99 0.00169625 -0.0399604 -0.00678584
8 0.00169625 -0.0399604 -0.00678584
8.01 0.00169625 -0.0399604 -0.00678584
8.02 0.00169625 -0.0399604 -0.00678584
8.03 0.00169625 -0.0399604 -0.00678584
8.04 0.00169625 -0.0399604 -0.00678584
8.05 0.00169625 -0.0399604 -0.00678584
8.06 0.00169625 -0.0399604 -0.00678584
8.07 0.00169625 -0.0399604 -0.00678584
8.08 0.00169625 -0.0399604 -0.00678584
8.09 0.00169625 -0.0399604 -0.00678584
8.1 0.00169625 -0.0399604 -0.00678584
8.11 0.00169625 -0.0399604 -0.00678584
8.12 0.00169625 -0.0399604 -0.00678584
8.13 0.00169625 -0.0399604 -0.00678584
8.14 0.00169625 -0.0399604 -0.00678584
8.15 0.00169625 -0.0399604 -0.00678584
8.16 0.00169625 -0.0399604 -0.00678584
8.17 0.00169625 -0.0399604 -0.00678584
8.18 0.00169625 -0.0399604 -0.00678584
8.19 0.00169625 -0.0399604 -0.00678584
8.2 0.00169625 -0.0399604 -0.00678584
8.21 0.00169625 -0.0399604 -0.00678584
8.22 0.00169625 -0.0399604 -0.00678584
8.23 0.00169625 -0.0399604 -0.00678584
8.24 0.00169625 -0.0399604 -0.00678584
8.25 0.00169625 -0.0399604 -0.00678584
8.26 0.00169625 -0.0399604 -0.00678584
8.27 0.00169625 -0.0399604 -0.00678584
8.28 0.00169625 -0.0399604 -0.00678584
8.29 0.00169625 -0.0399604 -0.00678584
8.3 0.00169625 -0.0399604 -0.00678584
8.31 0.00169625 -0.0399604 -0.00678584
8.32 0.00169625 -0.0399604 -0.00678584
8.33 0.00169625 -0.0399604 -0.00678584
8.34 0.00169625 -0.0399604 -0.00678584
8.35 0.00169625 -0.0399604 -0.00678584
8.36 0.00169625 -0.0399604 -0.00678584
8.37 0.00169625 -0.0399604 -0.00678584
8.38 0.00169625 -0.0399604 -0.00678584
8.39 0.00169625 -0.0399604 -0.00678584
8.4 0.00169625 -0.0399604 -0.00678584
8.41 0.00169625 -0.0399604 -0.00678584
8.42 0.00169625 -0.0399604 -0.00678584
8.43 0.00169625 -0.0399604 -0.00678584
8.44 0.00169625 -0.0399604 -0.00678584
8.45 0.00169625 -0.0399604 -0.00678584
8.46 0.00169625 -0.0399604 -0.00678584
8.47 0.00169625 -0.0399604 -0.00678584
8.48 0.00169625 -0.0399604 -0.00678584
8.49 0.00169625 -0.0399604 -0.00678584
8.5 0.00169625 -0.0399604 -0.00678584
8.51 0.00169625 -0.0399604 -0.00678584
8.52 0.00169625 -0.0399604 -0.00678584
8.53 0.00169625 -0.0399604 -0.00678584
8.54 0.00169625 -0.0399604 -0.00678584
8.55 0.00169625 -0.0399604 -0.00678584
8.56 0.00169625 -0.0399604 -0.00678584
8.57 0.00169625 -0.0399604 -0.00678584
8.58 0.00169625 -0.0399604 -0.00678584
8.59 0.00169625 -0.0399604 -0.00678584
8.6 0.00169625 -0.0399604 -0.00678584
8.61 0.00169625 -0.0399604 -0.00678584
8.62 0.00169625 -0.0399604 -0.00678584
8.63 0.00169625 -0.0399604 -0.00678584
8.64 0.00169625 -0.0399604 -0.00678584
8.65 0.00169625 -0.0399604 -0.00678584
8.66 0.00169625 -0.0399604 -0.00678584
8.67 0.00169625 -0.0399604 -0.00678584
8.68 0.00169625 -0.0399604 -0.00678584
8.69 0.00169625 -0.0399604 -0.00678584
8.7 0.00169625 -0.0399604 -0.00678584
8.71 0.00169625 -0.0399604 -0.00678584
8.72 0.00169625 -0.0399604 -0.00678584
8.73 0.00169625 -0.0399604 -0.00678584
8.74 0.00169625 -0.0399604 -0.00678584
8.75 0.00169625 -0.0399604 -0.00678584
8.76 0.00169625 -0.0399604 -0.00678584
8.77 0.00169625 -0.0399604 -0.00678584
8.78 0.00169625 -0.0399604 -0.00678584
8.79 0.00169625 -0.0399604 -0.00678584
8.8 0.00169625 -0.0399604 -0.00678584
8.81 0.00169625 -0.0399604 -0.00678584
8.82 0.00169625 -0.0399604 -0.00678584
8.83 0.00169625 -0.0399604 -0.00678584
8.84 0.00169625 -0.0399604 -0.00678584
8.85 0.00169625 -0.0399604 -0.00678584
8.86 0.00169625 -0.0399604 -0.00678584
8.87 0.00169625 -0.0399604 -0.00678584
8.88 0.00169625 -0.0399604 -0.00678584
8.89 0.00169625 -0.0399604 -0.00678584
8.9 0.00169625 -0.0399604 -0.00678584
8.91 0.00169625 -0.0399604 -0.00678584
8.92 0.00169625 -0.0399604 -0.00678584
8.93 0.00169625 -0.0399604 -0.00678584
8.94 0.00169625 -0.0399604 -0.00678584
8.95 0.00169625 -0.0399604 -0.00678584
8.96 0.00169625 -0.0399604 -0.00678584
8.97 0.00169625 -0.0399604 -0.00678584
8.98 0.00169625 -0.0399604 -0.00678584
8.99 0.00169625 -0.0399604 -0.00678584
9 0.00169625 -0.0399604 -0.00678584
9.01 0.00169625 -0.0399604 -0.00678584
9.02 0.00169625 -0.0399604 -0.00678584
9.03 0.00169625 -0.0399604 -0.00678584
9.04 0.00169625 -0.0399604 -0.00678584
9.05 0.00169625 -0.0399604 -0.00678584
9.06 0.00169625 -0.0399604 -0.00678584
9.07 0.00169625 -0.0399604 -0.00678584
9.08 0.00169625 -0.0399604 -0.00678584
9.09 0.00169625 -0.0399604 -0.00678584
9.1 0.00169625 -0.0399604 -0.00678584
9.11 0.00169625 -0.0399604 -0.00678584
9.12 0.00169625 -0.0399604 -0.00678584
9.13 0.00169625 -0.0399604 -0.00678584
9.14 0.00169625 -0.0399604 -0.00678584
9.15 0.00169625 -0.0399604 -0.00678584
9.16 0.00169625 -0.0399604 -0.00678584
9.17 0.00169625 -0.0399604 -0.00678584
9.18 0.00169625 -0.0399604 -0.00678584
9.19 0.00169625 -0.0399604 -0.00678584
9.2 0.00169625 -0.0399604 -0.00678584
9.21 0.00169625 -0.0399604 -0.00678584
9.22 0.00169625 -0.0399604 -0.00678584
9.23 0.00169625 -0.0399604 -0.00678584
9.24 0.00169625 -0.0399604 -0.00678584
9.25 0.00169625 -0.0399604 -0.00678584
9.26 0.00169625 -0.0399604 -0.00678584
9.27 0.00169625 -0.0399604 -0.00678584
9.28 0.00169625 -0.0399604 -0.00678584
9.29 0.00169625 -0.0399604 -0.00678584
9.3 0.00169625 -0.0399604 -0.00678584
9.31 0.00169625 -0.0399604 -0.00678584
9.32 0.00169625 -0.0399604 -0.00678584
9.33 0.00169625 -0.0399604 -0.00678584
9.34 0.00169625 -0.0399604 -0.00678584
9.35 0.00169625 -0.0399604 -0.00678584
9.36 0.00169625 -0.0399604 -0.00678584
9.37 0.00169625 -0.0399604 -0.00678584
9.38 0.00169625 -0.0399604 -0.00678584
9.39 0.00169625 -0.0399604 -0.00678584
9.4 0.00169625 -0.0399604 -0.00678584
9.41 0.00169625 -0.0399604 -0.00678584
9.42 0.00169625 -0.0399604 -0.00678584
9.43 0.00169625 -0.0399604 -0.00678584
9.44 0.00169625 -0.0399604 -0.00678584
9.45 0.00169625 -0.0399604 -0.00678584
9.46 0.00169625 -0.0399604 -0.00678584
9.47 0.00169625 -0.0399604 -0.00678584
9.48 0.00169625 -0.0399604 -0.00678584
9.49 0.00169625 -0.0399604 -0.00678584
9.5 0.00169625 -0.0399604 -0.00678584
9.51 0.00169625 -0.0399604 -0.00678584
9.52 0.00169625 -0.0399604 -0.00678584
9.53 0.00169625 -0.0399604 -0.00678584
9.54 0.00169625 -0.0399604 -0.00678584
9.55 0.00169625 -0.0399604 -0.00678584
9.56 0.00169625 -0.0399604 -0.00678584
9.57 0.00169625 -0.0399604 -0.00678584
9.58 0.00169625 -0.0399604 -0.00678584
9.59 0.00169625 -0.0399604 -0.00678584
9.6 0.00169625 -0.0399604 -0.00678584
9.61 0.00169625 -0.0399604 -0.00678584
9.62 0.00169625 -0.0399604 -0.00678584
9.63 0.00169625 -0.0399604 -0.00678584
9.64 0.00169625 -0.0399604 -0.00678584
9.65 0.00169625 -0.0399604 -0.00678584
9.66 0.00169625 -0.0399604 -0.00678584
9.67 0.00169625 -0.0399604 -0.00678584
9.68 0.00169625 -0.0399604 -0.00678584
9.69 0.00169625 -0.0399604 -0.00678584
9.7 0.00169625 -0.0399604 -0.00678584
9.71 0.00169625 -0.0399604 -0.00678584
9.72 0.00169625 -0.0399604 -0.00678584
9.73 0.00169625 -0.0399604 -0.00678584
9.74 0.00169625 -0.0399604 -0.00678584
9.75 0.00169625 -0.0399604 -0.00678584
9.76 0.00169625 -0.0399604 -0.00678584
9.77 0.00169625 -0.0399604 -0.00678584
9.78 0.00169625 -0.0399604 -0.00678584
9.79 0.00169625 -0.0399604 -0.00678584
9.8 0.00169625 -0.0399604 -0.00678584
9.81 0.00169625 -0.0399604 -0.00678584
9.82 0.00169625 -0.0399604 -0.00678584
9.83 0.00169625 -0.0399604 -0.00678584
9.84 0.00169625 -0.0399604 -0.00678584
9.85 0.00169625 -0.0399604 -0.00678584
9.86 0.00169625 -0.0399604 -0.00678584
9.87 0.00169625 -0.0399604 -0.00678584
9.88 0.00169625 -0.0399604 -0.00678584
9.89 0.00169625 -0.0399604 -0.00678584
9.9 0.00169625 -0.0399604 -0.00678584
9.91 0.00169625 -0.0399604 -0.00678584
9.92 0.00169625 -0.0399604 -0.00678584
9.93 0.00169625 -0.0399604 -0.00678584
9.94 0.00169625 -0.0399604 -0.00678584
9.95 0.00169625 -0.0399604 -0.00678584
9.96 0.00169625 -0.0399604 -0.00678584
9.97 0.00169625 -0.0399604 -0.00678584
9.98 0.00169625 -0.0399604 -0.00678584
9.99 0.00169625 -0.0399604 -0.00678584
10 0.00169625 -0.0399604 -0.00678584
