0.1 7.83333e-005 0.000201827 0.000346666
0.2 0.000157167 0.000403435 0.000695031
0.3 0.000236506 0.000604825 0.00104511
0.4 0.000316352 0.000805993 0.00139692
0.5 0.000396709 0.00100694 0.00175047
0.6 0.0004753 0.0012088 0.00210391
0.7 0.000549244 0.00141024 0.00244969
0.8 0.000623091 0.00160742 0.00278038
0.9 0.000698031 0.00180205 0.00309519
1 0.000768512 0.00199433 0.00341448
0.01 0.000768512 0.00199433 0.00341448
0.02 0.000768512 0.00199433 0.00341448
0.03 0.000768512 0.00199433 0.00341448
0.04 0.000768512 0.00199433 0.00341448
0.05 0.000768512 0.00199433 0.00341448
0.06 0.000768512 0.00199433 0.00341448
0.07 0.000768511 0.00199433 0.00341448
0.08 0.000768511 0.00199433 0.00341448
0.09 0.000768511 0.00199433 0.00341448
0.1 0.000768512 0.00199433 0.00341448
0.11 0.000768511 0.00199433 0.00341448
0.12 0.000768511 0.00199433 0.00341448
0.13 0.000768511 0.00199433 0.00341448
0.14 0.000768511 0.00199433 0.00341448
0.15 0.000768511 0.00199433 0.00341448
0.16 0.000768511 0.00199433 0.00341448
0.17 0.000768512 0.00199433 0.00341448
0.18 0.000768512 0.00199433 0.00341448
0.19 0.000768512 0.00199433 0.00341448
0.2 0.000768512 0.00199433 0.00341448
0.21 0.000768512 0.00199433 0.00341448
0.22 0.000768512 0.00199433 0.00341448
0.23 0.000768512 0.00199433 0.00341448
0.24 0.000768512 0.00199433 0.00341448
0.25 0.000768512 0.00199433 0.00341448
0.26 0.000768512 0.00199433 0.00341448
0.27 0.000768512 0.00199433 0.00341448
0.28 0.000768512 0.00199433 0.00341448
0.29 0.000768512 0.00199433 0.00341448
0.3 0.000768512 0.00199433 0.00341448
0.31 0.000768512 0.00199433 0.00341448
0.32 0.000768512 0.00199433 0.00341448
0.33 0.000768511 0.00199433 0.00341448
0.34 0.000768511 0.00199433 0.00341448
0.35 0.000768511 0.00199433 0.00341448
0.36 0.000768511 0.00199433 0.00341448
0.37 0.000768511 0.00199433 0.00341448
0.38 0.000768511 0.00199433 0.00341448
0.39 0.000768511 0.00199433 0.00341448
0.4 0.000768511 0.00199433 0.00341448
0.41 0.000768512 0.00199433 0.00341448
0.42 0.000768512 0.00199433 0.00341448
0.43 0.000768512 0.00199433 0.00341448
0.44 0.000768512 0.00199433 0.00341448
0.45 0.000768512 0.00199433 0.00341448
0.46 0.000768512 0.00199433 0.00341448
0.47 0.000768512 0.00199433 0.00341448
0.48 0.000768512 0.00199433 0.00341448
0.49 0.000768512 0.00199433 0.00341448
0.5 0.000768512 0.00199433 0.00341448
0.51 0.000768512 0.00199433 0.00341448
0.52 0.000768512 0.00199433 0.00341448
0.53 0.000768512 0.00199433 0.00341448
0.54 0.000768512 0.00199433 0.00341448
0.55 0.000768512 0.00199433 0.00341448
0.56 0.000768512 0.00199433 0.00341448
0.57 0.000768511 0.00199433 0.00341448
0.58 0.000768511 0.00199433 0.00341448
0.59 0.000768511 0.00199433 0.00341448
0.6 0.000768511 0.00199433 0.00341448
0.61 0.000768511 0.00199433 0.00341448
0.62 0.000768511 0.00199433 0.00341448
0.63 0.000768511 0.00199433 0.00341448
0.64 0.000768511 0.00199433 0.00341448
0.65 0.000768512 0.00199433 0.00341448
0.66 0.000768512 0.00199433 0.00341448
0.67 0.000768512 0.00199433 0.00341448
0.68 0.000768512 0.00199433 0.00341448
0.69 0.000768512 0.00199433 0.00341448
0.7 0.000768512 0.00199433 0.00341448
0.71 0.000768512 0.00199433 0.00341448
0.72 0.000768512 0.00199433 0.00341448
0.73 0.000768512 0.00199433 0.00341448
0.74 0.000768512 0.00199433 0.00341448
0.75 0.000768512 0.00199433 0.00341448
0.76 0.000768512 0.00199433 0.00341448
0.77 0.000768512 0.00199433 0.00341448
0.78 0.000768512 0.00199433 0.00341448
0.79 0.000768512 0.00199433 0.00341448
0.8 0.000768512 0.00199433 0.00341448
0.81 0.000768511 0.00199433 0.00341448
0.82 0.000768511 0.00199433 0.00341448
0.83 0.000768511 0.00199433 0.00341448
0.84 0.000768511 0.00199433 0.00341448
0.85 0.000768511 0.00199433 0.00341448
0.86 0.000768511 0.00199433 0.00341448
0.87 0.000768511 0.00199433 0.00341448
0.88 0.000768511 0.00199433 0.00341448
0.89 0.000768511 0.00199433 0.00341448
0.9 0.000768512 0.00199433 0.00341448
0.91 0.000768512 0.00199433 0.00341448
0.92 0.000768512 0.00199433 0.00341448
0.93 0.000768512 0.00199433 0.00341448
0.94 0.000768512 0.00199433 0.00341448
0.95 0.000768512 0.00199433 0.00341448
0.96 0.000768512 0.00199433 0.00341448
0.97 0.000768512 0.00199433 0.00341448
0.98 0.000768512 0.00199433 0.00341448
0.99 0.000768512 0.00199433 0.00341448
1 0.000768512 0.00199433 0.00341448
1.01 0.000768512 0.00199433 0.00341448
1.02 0.000768512 0.00199433 0.00341448
1.03 0.000768512 0.00199433 0.00341448
1.04 0.000768512 0.00199433 0.00341448
1.05 0.000768511 0.00199433 0.00341448
1.06 0.000768511 0.00199433 0.00341448
1.07 0.000768511 0.00199433 0.00341448
1.08 0.000768511 0.00199433 0.00341448
1.09 0.000768511 0.00199433 0.00341448
1.1 0.000768511 0.00199433 0.00341448
1.11 0.000768511 0.00199433 0.00341448
1.12 0.000768511 0.00199433 0.00341448
1.13 0.000768512 0.00199433 0.00341448
1.14 0.000768512 0.00199433 0.00341448
1.15 0.000768512 0.00199433 0.00341448
1.16 0.000768512 0.00199433 0.00341448
1.17 0.000768512 0.00199433 0.00341448
1.18 0.000768512 0.00199433 0.00341448
1.19 0.000768512 0.00199433 0.00341448
1.2 0.000768512 0.00199433 0.00341448
1.21 0.000768512 0.00199433 0.00341448
1.22 0.000768512 0.00199433 0.00341448
1.23 0.000768512 0.00199433 0.00341448
1.24 0.000768512 0.00199433 0.00341448
1.25 0.000768512 0.00199433 0.00341448
1.26 0.000768512 0.00199433 0.00341448
1.27 0.000768512 0.00199433 0.00341448
1.28 0.000768512 0.00199433 0.00341448
1.29 0.000768511 0.00199433 0.00341448
1.3 0.000768511 0.00199433 0.00341448
1.31 0.000768511 0.00199433 0.00341448
1.32 0.000768511 0.00199433 0.00341448
1.33 0.000768511 0.00199433 0.00341448
1.34 0.000768511 0.00199433 0.00341448
1.35 0.000768511 0.00199433 0.00341448
1.36 0.000768511 0.00199433 0.00341448
1.37 0.000768511 0.00199433 0.00341448
1.38 0.000768512 0.00199433 0.00341448
1.39 0.000768512 0.00199433 0.00341448
1.4 0.000768512 0.00199433 0.00341448
1.41 0.000768512 0.00199433 0.00341448
1.42 0.000768512 0.00199433 0.00341448
1.43 0.000768512 0.00199433 0.00341448
1.44 0.000768512 0.00199433 0.00341448
1.45 0.000768512 0.00199433 0.00341448
1.46 0.000768512 0.00199433 0.00341448
1.47 0.000768512 0.00199433 0.00341448
1.48 0.000768512 0.00199433 0.00341448
1.49 0.000768512 0.00199433 0.00341448
1.5 0.000768512 0.00199433 0.00341448
1.51 0.000768512 0.00199433 0.00341448
1.52 0.000768512 0.00199433 0.00341448
1.53 0.000768511 0.00199433 0.00341448
1.54 0.000768511 0.00199433 0.00341448
1.55 0.000768511 0.00199433 0.00341448
1.56 0.000768511 0.00199433 0.00341448
1.57 0.000768511 0.00199433 0.00341448
1.58 0.000768511 0.00199433 0.00341448
1.59 0.000768511 0.00199433 0.00341448
1.6 0.000768511 0.00199433 0.00341448
1.61 0.000768511 0.00199433 0.00341448
1.62 0.000768511 0.00199433 0.00341448
1.63 0.000768511 0.00199433 0.00341448
1.64 0.000768512 0.00199433 0.00341448
1.65 0.000768512 0.00199433 0.00341448
1.66 0.000768512 0.00199433 0.00341448
1.67 0.000768512 0.00199433 0.00341448
1.68 0.000768512 0.00199433 0.00341448
1.69 0.000768512 0.00199433 0.00341448
1.7 0.000768512 0.00199433 0.00341448
1.71 0.000768512 0.00199433 0.00341448
1.72 0.000768512 0.00199433 0.00341448
1.73 0.000768512 0.00199433 0.00341448
1.74 0.000768512 0.00199433 0.00341448
1.75 0.000768512 0.00199433 0.00341448
1.76 0.000768512 0.00199433 0.00341448
1.77 0.000768512 0.00199433 0.00341448
1.78 0.000768511 0.00199433 0.00341448
1.79 0.000768511 0.00199433 0.00341448
1.8 0.000768511 0.00199433 0.00341448
1.81 0.000768511 0.00199433 0.00341448
1.82 0.000768511 0.00199433 0.00341448
1.83 0.000768511 0.00199433 0.00341448
1.84 0.000768511 0.00199433 0.00341448
1.85 0.000768511 0.00199433 0.00341448
1.86 0.000768511 0.00199433 0.00341448
1.87 0.000768512 0.00199433 0.00341448
1.88 0.000768512 0.00199433 0.00341448
1.89 0.000768512 0.00199433 0.00341448
1.9 0.000768512 0.00199433 0.00341448
1.91 0.000768512 0.00199433 0.00341448
1.92 0.000768512 0.00199433 0.00341448
1.93 0.000768512 0.00199433 0.00341448
1.94 0.000768512 0.00199433 0.00341448
1.95 0.000768512 0.00199433 0.00341448
1.96 0.000768512 0.00199433 0.00341448
1.97 0.000768512 0.00199433 0.00341448
1.98 0.000768512 0.00199433 0.00341448
1.99 0.000768512 0.00199433 0.00341448
2 0.000768512 0.00199433 0.00341448
2.01 0.000768512 0.00199433 0.00341448
2.02 0.000768512 0.00199433 0.00341448
2.03 0.000768512 0.00199433 0.00341448
2.04 0.000768511 0.00199433 0.00341448
2.05 0.000768511 0.00199433 0.00341448
2.06 0.000768511 0.00199433 0.00341448
2.07 0.000768511 0.00199433 0.00341448
2.08 0.000768511 0.00199433 0.00341448
2.09 0.000768511 0.00199433 0.00341448
2.1 0.000768511 0.00199433 0.00341448
2.11 0.000768512 0.00199433 0.00341448
2.12 0.000768512 0.00199433 0.00341448
2.13 0.000768512 0.00199433 0.00341448
2.14 0.000768512 0.00199433 0.00341448
2.15 0.000768512 0.00199433 0.00341448
2.16 0.000768512 0.00199433 0.00341448
2.17 0.000768512 0.00199433 0.00341448
2.18 0.000768512 0.00199433 0.00341448
2.19 0.000768512 0.00199433 0.00341448
2.2 0.000768512 0.00199433 0.00341448
2.21 0.000768512 0.00199433 0.00341448
2.22 0.000768512 0.00199433 0.00341448
2.23 0.000768512 0.00199433 0.00341448
2.24 0.000768512 0.00199433 0.00341448
2.25 0.000768511 0.00199433 0.00341448
2.26 0.000768511 0.00199433 0.00341448
2.27 0.000768511 0.00199433 0.00341448
2.28 0.000768511 0.00199433 0.00341448
2.29 0.000768511 0.00199433 0.00341448
2.3 0.000768511 0.00199433 0.00341448
2.31 0.000768511 0.00199433 0.00341448
2.32 0.000768511 0.00199433 0.00341448
2.33 0.000768511 0.00199433 0.00341448
2.34 0.000768511 0.00199433 0.00341448
2.35 0.000768511 0.00199433 0.00341448
2.36 0.000768511 0.00199433 0.00341448
2.37 0.000768512 0.00199433 0.00341448
2.38 0.000768512 0.00199433 0.00341448
2.39 0.000768512 0.00199433 0.00341448
2.4 0.000768512 0.00199433 0.00341448
2.41 0.000768512 0.00199433 0.00341448
2.42 0.000768512 0.00199433 0.00341448
2.43 0.000768512 0.00199433 0.00341448
2.44 0.000768512 0.00199433 0.00341448
2.45 0.000768512 0.00199433 0.00341448
2.46 0.000768512 0.00199433 0.00341448
2.47 0.000768512 0.00199433 0.00341448
2.48 0.000768512 0.00199433 0.00341448
2.49 0.000768511 0.00199433 0.00341448
2.5 0.000768511 0.00199433 0.00341448
2.51 0.000768511 0.00199433 0.00341448
2.52 0.000768511 0.00199433 0.00341448
2.53 0.000768511 0.00199433 0.00341448
2.54 0.000768511 0.00199433 0.00341448
2.55 0.000768511 0.00199433 0.00341448
2.56 0.000768511 0.00199433 0.00341448
2.57 0.000768511 0.00199433 0.00341448
2.58 0.000768511 0.00199433 0.00341448
2.59 0.000768511 0.00199433 0.00341448
2.6 0.000768511 0.00199433 0.00341448
2.61 0.000768512 0.00199433 0.00341448
2.62 0.000768512 0.00199433 0.00341448
2.63 0.000768512 0.00199433 0.00341448
2.64 0.000768512 0.00199433 0.00341448
2.65 0.000768512 0.00199433 0.00341448
2.66 0.000768512 0.00199433 0.00341448
2.67 0.000768512 0.00199433 0.00341448
2.68 0.000768512 0.00199433 0.00341448
2.69 0.000768512 0.00199433 0.00341448
2.7 0.000768512 0.00199433 0.00341448
2.71 0.000768512 0.00199433 0.00341448
2.72 0.000768512 0.00199433 0.00341448
2.73 0.000768512 0.00199433 0.00341448
2.74 0.000768512 0.00199433 0.00341448
2.75 0.000768512 0.00199433 0.00341448
2.76 0.000768512 0.00199433 0.00341448
2.77 0.000768511 0.00199433 0.00341448
2.78 0.000768511 0.00199433 0.00341448
2.79 0.000768511 0.00199433 0.00341448
2.8 0.000768511 0.00199433 0.00341448
2.81 0.000768511 0.00199433 0.00341448
2.82 0.000768511 0.00199433 0.00341448
2.83 0.000768511 0.00199433 0.00341448
2.84 0.000768511 0.00199433 0.00341448
2.85 0.000768512 0.00199433 0.00341448
2.86 0.000768512 0.00199433 0.00341448
2.87 0.000768512 0.00199433 0.00341448
2.88 0.000768512 0.00199433 0.00341448
2.89 0.000768512 0.00199433 0.00341448
2.9 0.000768512 0.00199433 0.00341448
2.91 0.000768512 0.00199433 0.00341448
2.92 0.000768512 0.00199433 0.00341448
2.93 0.000768512 0.00199433 0.00341448
2.94 0.000768512 0.00199433 0.00341448
2.95 0.000768512 0.00199433 0.00341448
2.96 0.000768512 0.00199433 0.00341448
2.97 0.000768512 0.00199433 0.00341448
2.98 0.000768512 0.00199433 0.00341448
2.99 0.000768512 0.00199433 0.00341448
3 0.000768512 0.00199433 0.00341448
3.01 0.000768512 0.00199433 0.00341448
3.02 0.000768511 0.00199433 0.00341448
3.03 0.000768511 0.00199433 0.00341448
3.04 0.000768511 0.00199433 0.00341448
3.05 0.000768511 0.00199433 0.00341448
3.06 0.000768511 0.00199433 0.00341448
3.07 0.000768511 0.00199433 0.00341448
3.08 0.000768511 0.00199433 0.00341448
3.09 0.000768511 0.00199433 0.00341448
3.1 0.000768511 0.00199433 0.00341448
3.11 0.000768512 0.00199433 0.00341448
3.12 0.000768512 0.00199433 0.00341448
3.13 0.000768512 0.00199433 0.00341448
3.14 0.000768512 0.00199433 0.00341448
3.15 0.000768512 0.00199433 0.00341448
3.16 0.000768512 0.00199433 0.00341448
3.17 0.000768512 0.00199433 0.00341448
3.18 0.000768512 0.00199433 0.00341448
3.19 0.000768512 0.00199433 0.00341448
3.2 0.000768512 0.00199433 0.00341448
3.21 0.000768512 0.00199433 0.00341448
3.22 0.000768512 0.00199433 0.00341448
3.23 0.000768511 0.00199433 0.00341448
3.24 0.000768511 0.00199433 0.00341448
3.25 0.000768511 0.00199433 0.00341448
3.26 0.000768511 0.00199433 0.00341448
3.27 0.000768511 0.00199433 0.00341448
3.28 0.000768511 0.00199433 0.00341448
3.29 0.000768511 0.00199433 0.00341448
3.3 0.000768511 0.00199433 0.00341448
3.31 0.000768511 0.00199433 0.00341448
3.32 0.000768511 0.00199433 0.00341448
3.33 0.000768511 0.00199433 0.00341448
3.34 0.000768511 0.00199433 0.00341448
3.35 0.000768511 0.00199433 0.00341448
3.36 0.000768512 0.00199433 0.00341448
3.37 0.000768512 0.00199433 0.00341448
3.38 0.000768512 0.00199433 0.00341448
3.39 0.000768512 0.00199433 0.00341448
3.4 0.000768512 0.00199433 0.00341448
3.41 0.000768512 0.00199433 0.00341448
3.42 0.000768512 0.00199433 0.00341448
3.43 0.000768512 0.00199433 0.00341448
3.44 0.000768512 0.00199433 0.00341448
3.45 0.000768512 0.00199433 0.00341448
3.46 0.000768512 0.00199433 0.00341448
3.47 0.000768512 0.00199433 0.00341448
3.48 0.000768512 0.00199433 0.00341448
3.49 0.000768511 0.00199433 0.00341448
3.5 0.000768511 0.00199433 0.00341448
3.51 0.000768511 0.00199433 0.00341448
3.52 0.000768511 0.00199433 0.00341448
3.53 0.000768511 0.00199433 0.00341448
3.54 0.000768511 0.00199433 0.00341448
3.55 0.000768511 0.00199433 0.00341448
3.56 0.000768511 0.00199433 0.00341448
3.57 0.000768512 0.00199433 0.00341448
3.58 0.000768512 0.00199433 0.00341448
3.59 0.000768512 0.00199433 0.00341448
3.6 0.000768512 0.00199433 0.00341448
3.61 0.000768512 0.00199433 0.00341448
3.62 0.000768512 0.00199433 0.00341448
3.63 0.000768512 0.00199433 0.00341448
3.64 0.000768512 0.00199433 0.00341448
3.65 0.000768512 0.00199433 0.00341448
3.66 0.000768512 0.00199433 0.00341448
3.67 0.000768512 0.00199433 0.00341448
3.68 0.000768512 0.00199433 0.00341448
3.69 0.000768512 0.00199433 0.00341448
3.7 0.000768512 0.00199433 0.00341448
3.71 0.000768512 0.00199433 0.00341448
3.72 0.000768512 0.00199433 0.00341448
3.73 0.000768512 0.00199433 0.00341448
3.74 0.000768512 0.00199433 0.00341448
3.75 0.000768512 0.00199433 0.00341448
3.76 0.000768511 0.00199433 0.00341448
3.77 0.000768511 0.00199433 0.00341448
3.78 0.000768511 0.00199433 0.00341448
3.79 0.000768511 0.00199433 0.00341448
3.8 0.000768511 0.00199433 0.00341448
3.81 0.000768511 0.00199433 0.00341448
3.82 0.000768511 0.00199433 0.00341448
3.83 0.000768512 0.00199433 0.00341448
3.84 0.000768512 0.00199433 0.00341448
3.85 0.000768512 0.00199433 0.00341448
3.86 0.000768512 0.00199433 0.00341448
3.87 0.000768512 0.00199433 0.00341448
3.88 0.000768512 0.00199433 0.00341448
3.89 0.000768512 0.00199433 0.00341448
3.9 0.000768512 0.00199433 0.00341448
3.91 0.000768512 0.00199433 0.00341448
3.92 0.000768512 0.00199433 0.00341448
3.93 0.000768512 0.00199433 0.00341448
3.94 0.000768512 0.00199433 0.00341448
3.95 0.000768512 0.00199433 0.00341448
3.96 0.000768512 0.00199433 0.00341448
3.97 0.000768512 0.00199433 0.00341448
3.98 0.000768511 0.00199433 0.00341448
3.99 0.000768511 0.00199433 0.00341448
4 0.000768511 0.00199433 0.00341448
4.01 0.000768511 0.00199433 0.00341448
4.02 0.000768511 0.00199433 0.00341448
4.03 0.000768511 0.00199433 0.00341448
4.04 0.000768511 0.00199433 0.00341448
4.05 0.000768511 0.00199433 0.00341448
4.06 0.000768511 0.00199433 0.00341448
4.07 0.000768511 0.00199433 0.00341448
4.08 0.000768511 0.00199433 0.00341448
4.09 0.000768511 0.00199433 0.00341448
4.1 0.000768511 0.00199433 0.00341448
4.11 0.000768511 0.00199433 0.00341448
4.12 0.000768512 0.00199433 0.00341448
4.13 0.000768512 0.00199433 0.00341448
4.14 0.000768512 0.00199433 0.00341448
4.15 0.000768512 0.00199433 0.00341448
4.16 0.000768512 0.00199433 0.00341448
4.17 0.000768512 0.00199433 0.00341448
4.18 0.000768512 0.00199433 0.00341448
4.19 0.000768512 0.00199433 0.00341448
4.2 0.000768512 0.00199433 0.00341448
4.21 0.000768512 0.00199433 0.00341448
4.22 0.000768512 0.00199433 0.00341448
4.23 0.000768511 0.00199433 0.00341448
4.24 0.000768511 0.00199433 0.00341448
4.25 0.000768511 0.00199433 0.00341448
4.26 0.000768511 0.00199433 0.00341448
4.27 0.000768511 0.00199433 0.00341448
4.28 0.000768511 0.00199433 0.00341448
4.29 0.000768511 0.00199433 0.00341448
4.3 0.000768511 0.00199433 0.00341448
4.31 0.000768511 0.00199433 0.00341448
4.32 0.000768512 0.00199433 0.00341448
4.33 0.000768512 0.00199433 0.00341448
4.34 0.000768512 0.00199433 0.00341448
4.35 0.000768512 0.00199433 0.00341448
4.36 0.000768512 0.00199433 0.00341448
4.37 0.000768512 0.00199433 0.00341448
4.38 0.000768512 0.00199433 0.00341448
4.39 0.000768512 0.00199433 0.00341448
4.4 0.000768512 0.00199433 0.00341448
4.41 0.000768512 0.00199433 0.00341448
4.42 0.000768512 0.00199433 0.00341448
4.43 0.000768512 0.00199433 0.00341448
4.44 0.000768512 0.00199433 0.00341448
4.45 0.000768512 0.00199433 0.00341448
4.46 0.000768512 0.00199433 0.00341448
4.47 0.000768512 0.00199433 0.00341448
4.48 0.000768512 0.00199433 0.00341448
4.49 0.000768512 0.00199433 0.00341448
4.5 0.000768512 0.00199433 0.00341448
4.51 0.000768512 0.00199433 0.00341448
4.52 0.000768512 0.00199433 0.00341448
4.53 0.000768512 0.00199433 0.00341448
4.54 0.000768512 0.00199433 0.00341448
4.55 0.000768512 0.00199433 0.00341448
4.56 0.000768512 0.00199433 0.00341448
4.57 0.000768512 0.00199433 0.00341448
4.58 0.000768512 0.00199433 0.00341448
4.59 0.000768512 0.00199433 0.00341448
4.6 0.000768512 0.00199433 0.00341448
4.61 0.000768512 0.00199433 0.00341448
4.62 0.000768512 0.00199433 0.00341448
4.63 0.000768512 0.00199433 0.00341448
4.64 0.000768512 0.00199433 0.00341448
4.65 0.000768512 0.00199433 0.00341448
4.66 0.000768512 0.00199433 0.00341448
4.67 0.000768512 0.00199433 0.00341448
4.68 0.000768512 0.00199433 0.00341448
4.69 0.000768512 0.00199433 0.00341448
4.7 0.000768512 0.00199433 0.00341448
4.71 0.000768512 0.00199433 0.00341448
4.72 0.000768512 0.00199433 0.00341448
4.73 0.000768512 0.00199433 0.00341448
4.74 0.000768511 0.00199433 0.00341448
4.75 0.000768511 0.00199433 0.00341448
4.76 0.000768511 0.00199433 0.00341448
4.77 0.000768511 0.00199433 0.00341448
4.78 0.000768511 0.00199433 0.00341448
4.79 0.000768511 0.00199433 0.00341448
4.8 0.000768511 0.00199433 0.00341448
4.81 0.000768511 0.00199433 0.00341448
4.82 0.000768511 0.00199433 0.00341448
4.83 0.000768511 0.00199433 0.00341448
4.84 0.000768512 0.00199433 0.00341448
4.85 0.000768512 0.00199433 0.00341448
4.86 0.000768512 0.00199433 0.00341448
4.87 0.000768512 0.00199433 0.00341448
4.88 0.000768512 0.00199433 0.00341448
4.89 0.000768512 0.00199433 0.00341448
4.9 0.000768512 0.00199433 0.00341448
4.91 0.000768512 0.00199433 0.00341448
4.92 0.000768512 0.00199433 0.00341448
4.93 0.000768512 0.00199433 0.00341448
4.94 0.000768512 0.00199433 0.00341448
4.95 0.000768511 0.00199433 0.00341448
4.96 0.000768511 0.00199433 0.00341448
4.97 0.000768511 0.00199433 0.00341448
4.98 0.000768511 0.00199433 0.00341448
4.99 0.000768511 0.00199433 0.00341448
5 0.000768511 0.00199433 0.00341448
5.01 0.000768511 0.00199433 0.00341448
5.02 0.000768511 0.00199433 0.00341448
5.03 0.000768511 0.00199433 0.00341448
5.04 0.000768511 0.00199433 0.00341448
5.05 0.000768511 0.00199433 0.00341448
5.06 0.000768511 0.00199433 0.00341448
5.07 0.000768511 0.00199433 0.00341448
5.08 0.000768511 0.00199433 0.00341448
5.09 0.000768512 0.00199433 0.00341448
5.1 0.000768512 0.00199433 0.00341448
5.11 0.000768512 0.00199433 0.00341448
5.12 0.000768512 0.00199433 0.00341448
5.13 0.000768512 0.00199433 0.00341448
5.14 0.000768512 0.00199433 0.00341448
5.15 0.000768512 0.00199433 0.00341448
5.16 0.000768512 0.00199433 0.00341448
5.17 0.000768512 0.00199433 0.00341448
5.18 0.000768512 0.00199433 0.00341448
5.19 0.000768512 0.00199433 0.00341448
5.2 0.000768512 0.00199433 0.00341448
5.21 0.000768512 0.00199433 0.00341448
5.22 0.000768512 0.00199433 0.00341448
5.23 0.000768512 0.00199433 0.00341448
5.24 0.000768512 0.00199433 0.00341448
5.25 0.000768512 0.00199433 0.00341448
5.26 0.000768512 0.00199433 0.00341448
5.27 0.000768512 0.00199433 0.00341448
5.28 0.000768512 0.00199433 0.00341448
5.29 0.000768512 0.00199433 0.00341448
5.3 0.000768512 0.00199433 0.00341448
5.31 0.000768512 0.00199433 0.00341448
5.32 0.000768512 0.00199433 0.00341448
5.33 0.000768512 0.00199433 0.00341448
5.34 0.000768512 0.00199433 0.00341448
5.35 0.000768512 0.00199433 0.00341448
5.36 0.000768512 0.00199433 0.00341448
5.37 0.000768512 0.00199433 0.00341448
5.38 0.000768512 0.00199433 0.00341448
5.39 0.000768512 0.00199433 0.00341448
5.4 0.000768512 0.00199433 0.00341448
5.41 0.000768512 0.00199433 0.00341448
5.42 0.000768512 0.00199433 0.00341448
5.43 0.000768512 0.00199433 0.00341448
5.44 0.000768512 0.00199433 0.00341448
5.45 0.000768512 0.00199433 0.00341448
5.46 0.000768512 0.00199433 0.00341448
5.47 0.000768512 0.00199433 0.00341448
5.48 0.000768512 0.00199433 0.00341448
5.49 0.000768512 0.00199433 0.00341448
5.5 0.000768512 0.00199433 0.00341448
5.51 0.000768512 0.00199433 0.00341448
5.52 0.000768512 0.00199433 0.00341448
5.53 0.000768512 0.00199433 0.00341448
5.54 0.000768512 0.00199433 0.00341448
5.55 0.000768512 0.00199433 0.00341448
5.56 0.000768512 0.00199433 0.00341448
5.57 0.000768512 0.00199433 0.00341448
5.58 0.000768512 0.00199433 0.00341448
5.59 0.000768512 0.00199433 0.00341448
5.6 0.000768512 0.00199433 0.00341448
5.61 0.000768512 0.00199433 0.00341448
5.62 0.000768512 0.00199433 0.00341448
5.63 0.000768512 0.00199433 0.00341448
5.64 0.000768512 0.00199433 0.00341448
5.65 0.000768512 0.00199433 0.00341448
5.66 0.000768512 0.00199433 0.00341448
5.67 0.000768512 0.00199433 0.00341448
5.68 0.000768512 0.00199433 0.00341448
5.69 0.000768511 0.00199433 0.00341448
5.7 0.000768511 0.00199433 0.00341448
5.71 0.000768511 0.00199433 0.00341448
5.72 0.000768511 0.00199433 0.00341448
5.73 0.000768511 0.00199433 0.00341448
5.74 0.000768511 0.00199433 0.00341448
5.75 0.000768511 0.00199433 0.00341448
5.76 0.000768511 0.00199433 0.00341448
5.77 0.000768511 0.00199433 0.00341448
5.78 0.000768511 0.00199433 0.00341448
5.79 0.000768511 0.00199433 0.00341448
5.8 0.000768511 0.00199433 0.00341448
5.81 0.000768511 0.00199433 0.00341448
5.82 0.000768511 0.00199433 0.00341448
5.83 0.000768511 0.00199433 0.00341448
5.84 0.000768512 0.00199433 0.00341448
5.85 0.000768512 0.00199433 0.00341448
5.86 0.000768512 0.00199433 0.00341448
5.87 0.000768512 0.00199433 0.00341448
5.88 0.000768512 0.00199433 0.00341448
5.89 0.000768512 0.00199433 0.00341448
5.9 0.000768512 0.00199433 0.00341448
5.91 0.000768512 0.00199433 0.00341448
5.92 0.000768512 0.00199433 0.00341448
5.93 0.000768512 0.00199433 0.00341448
5.94 0.000768512 0.00199433 0.00341448
5.95 0.000768512 0.00199433 0.00341448
5.96 0.000768512 0.00199433 0.00341448
5.97 0.000768511 0.00199433 0.00341448
5.98 0.000768511 0.00199433 0.00341448
5.99 0.000768511 0.00199433 0.00341448
6 0.000768511 0.00199433 0.00341448
6.01 0.000768512 0.00199433 0.00341448
6.02 0.000768512 0.00199433 0.00341448
6.03 0.000768512 0.00199433 0.00341448
6.04 0.000768512 0.00199433 0.00341448
6.05 0.000768512 0.00199433 0.00341448
6.06 0.000768512 0.00199433 0.00341448
6.07 0.000768512 0.00199433 0.00341448
6.08 0.000768512 0.00199433 0.00341448
6.09 0.000768512 0.00199433 0.00341448
6.1 0.000768512 0.00199433 0.00341448
6.11 0.000768512 0.00199433 0.00341448
6.12 0.000768512 0.00199433 0.00341448
6.13 0.000768512 0.00199433 0.00341448
6.14 0.000768512 0.00199433 0.00341448
6.15 0.000768512 0.00199433 0.00341448
6.16 0.000768512 0.00199433 0.00341448
6.17 0.000768512 0.00199433 0.00341448
6.18 0.000768512 0.00199433 0.00341448
6.19 0.000768512 0.00199433 0.00341448
6.2 0.000768512 0.00199433 0.00341448
6.21 0.000768512 0.00199433 0.00341448
6.22 0.000768512 0.00199433 0.00341448
6.23 0.000768512 0.00199433 0.00341448
6.24 0.000768512 0.00199433 0.00341448
6.25 0.000768512 0.00199433 0.00341448
6.26 0.000768512 0.00199433 0.00341448
6.27 0.000768512 0.00199433 0.00341448
6.28 0.000768512 0.00199433 0.00341448
6.29 0.000768512 0.00199433 0.00341448
6.3 0.000768512 0.00199433 0.00341448
6.31 0.000768512 0.00199433 0.00341448
6.32 0.000768512 0.00199433 0.00341448
6.33 0.000768512 0.00199433 0.00341448
6.34 0.000768512 0.00199433 0.00341448
6.35 0.000768512 0.00199433 0.00341448
6.36 0.000768512 0.00199433 0.00341448
6.37 0.000768512 0.00199433 0.00341448
6.38 0.000768512 0.00199433 0.00341448
6.39 0.000768512 0.00199433 0.00341448
6.4 0.000768512 0.00199433 0.00341448
6.41 0.000768512 0.00199433 0.00341448
6.42 0.000768512 0.00199433 0.00341448
6.43 0.000768512 0.00199433 0.00341448
6.44 0.000768512 0.00199433 0.00341448
6.45 0.000768512 0.00199433 0.00341448
6.46 0.000768512 0.00199433 0.00341448
6.47 0.000768512 0.00199433 0.00341448
6.48 0.000768512 0.00199433 0.00341448
6.49 0.000768512 0.00199433 0.00341448
6.5 0.000768511 0.00199433 0.00341448
6.51 0.000768511 0.00199433 0.00341448
6.52 0.000768511 0.00199433 0.00341448
6.53 0.000768511 0.00199433 0.00341448
6.54 0.000768511 0.00199433 0.00341448
6.55 0.000768511 0.00199433 0.00341448
6.56 0.000768511 0.00199433 0.00341448
6.57 0.000768511 0.00199433 0.00341448
6.58 0.000768511 0.00199433 0.00341448
6.59 0.000768511 0.00199433 0.00341448
6.6 0.000768511 0.00199433 0.00341448
6.61 0.000768511 0.00199433 0.00341448
6.62 0.000768511 0.00199433 0.00341448
6.63 0.000768511 0.00199433 0.00341448
6.64 0.000768511 0.00199433 0.00341448
6.65 0.000768511 0.00199433 0.00341448
6.66 0.000768511 0.00199433 0.00341448
6.67 0.000768511 0.00199433 0.00341448
6.68 0.000768511 0.00199433 0.00341448
6.69 0.000768511 0.00199433 0.00341448
6.7 0.000768511 0.00199433 0.00341448
6.71 0.000768511 0.00199433 0.00341448
6.72 0.000768511 0.00199433 0.00341448
6.73 0.000768511 0.00199433 0.00341448
6.74 0.000768511 0.00199433 0.00341448
6.75 0.000768511 0.00199433 0.00341448
6.76 0.000768511 0.00199433 0.00341448
6.77 0.000768511 0.00199433 0.00341448
6.78 0.000768511 0.00199433 0.00341448
6.79 0.000768512 0.00199433 0.00341448
6.8 0.000768512 0.00199433 0.00341448
6.81 0.000768512 0.00199433 0.00341448
6.82 0.000768512 0.00199433 0.00341448
6.83 0.000768512 0.00199433 0.00341448
6.84 0.000768512 0.00199433 0.00341448
6.85 0.000768512 0.00199433 0.00341448
6.86 0.000768512 0.00199433 0.00341448
6.87 0.000768512 0.00199433 0.00341448
6.88 0.000768512 0.00199433 0.00341448
6.89 0.000768512 0.00199433 0.00341448
6.9 0.000768512 0.00199433 0.00341448
6.91 0.000768512 0.00199433 0.00341448
6.92 0.000768512 0.00199433 0.00341448
6.93 0.000768512 0.00199433 0.00341448
6.94 0.000768512 0.00199433 0.00341448
6.95 0.000768512 0.00199433 0.00341448
6.96 0.000768512 0.00199433 0.00341448
6.97 0.000768512 0.00199433 0.00341448
6.98 0.000768512 0.00199433 0.00341448
6.99 0.000768512 0.00199433 0.00341448
7 0.000768512 0.00199433 0.00341448
7.01 0.000768512 0.00199433 0.00341448
7.02 0.000768512 0.00199433 0.00341448
7.03 0.000768512 0.00199433 0.00341448
7.04 0.000768512 0.00199433 0.00341448
7.05 0.000768512 0.00199433 0.00341448
7.06 0.000768512 0.00199433 0.00341448
7.07 0.000768512 0.00199433 0.00341448
7.08 0.000768512 0.00199433 0.00341448
7.09 0.000768512 0.00199433 0.00341448
7.1 0.000768512 0.00199433 0.00341448
7.11 0.000768512 0.00199433 0.00341448
7.12 0.000768512 0.00199433 0.00341448
7.13 0.000768512 0.00199433 0.00341448
7.14 0.000768512 0.00199433 0.00341448
7.15 0.000768512 0.00199433 0.00341448
7.16 0.000768512 0.00199433 0.00341448
7.17 0.000768512 0.00199433 0.00341448
7.18 0.000768512 0.00199433 0.00341448
7.19 0.000768512 0.00199433 0.00341448
7.2 0.000768512 0.00199433 0.00341448
7.21 0.000768512 0.00199433 0.00341448
7.22 0.000768512 0.00199433 0.00341448
7.23 0.000768512 0.00199433 0.00341448
7.24 0.000768512 0.00199433 0.00341448
7.25 0.000768512 0.00199433 0.00341448
7.26 0.000768512 0.00199433 0.00341448
7.27 0.000768512 0.00199433 0.00341448
7.28 0.000768512 0.00199433 0.00341448
7.29 0.000768512 0.00199433 0.00341448
7.3 0.000768512 0.00199433 0.00341448
7.31 0.000768512 0.00199433 0.00341448
7.32 0.000768512 0.00199433 0.00341448
7.33 0.000768512 0.00199433 0.00341448
7.34 0.000768512 0.00199433 0.00341448
7.35 0.000768512 0.00199433 0.00341448
7.36 0.000768512 0.00199433 0.00341448
7.37 0.000768512 0.00199433 0.00341448
7.38 0.000768512 0.00199433 0.00341448
7.39 0.000768512 0.00199433 0.00341448
7.4 0.000768512 0.00199433 0.00341448
7.41 0.000768512 0.00199433 0.00341448
7.42 0.000768511 0.00199433 0.00341448
7.43 0.000768511 0.00199433 0.00341448
7.44 0.000768511 0.00199433 0.00341448
7.45 0.000768511 0.00199433 0.00341448
7.46 0.000768511 0.00199433 0.00341448
7.47 0.000768511 0.00199433 0.00341448
7.48 0.000768511 0.00199433 0.00341448
7.49 0.000768511 0.00199433 0.00341448
7.5 0.000768511 0.00199433 0.00341448
7.51 0.000768511 0.00199433 0.00341448
7.52 0.000768511 0.00199433 0.00341448
7.53 0.000768511 0.00199433 0.00341448
7.54 0.000768511 0.00199433 0.00341448
7.55 0.000768511 0.00199433 0.00341448
7.56 0.000768511 0.00199433 0.00341448
7.57 0.000768511 0.00199433 0.00341448
7.58 0.000768511 0.00199433 0.00341448
7.59 0.000768511 0.00199433 0.00341448
7.6 0.000768512 0.00199433 0.00341448
7.61 0.000768512 0.00199433 0.00341448
7.62 0.000768512 0.00199433 0.00341448
7.63 0.000768512 0.00199433 0.00341448
7.64 0.000768512 0.00199433 0.00341448
7.65 0.000768512 0.00199433 0.00341448
7.66 0.000768512 0.00199433 0.00341448
7.67 0.000768512 0.00199433 0.00341448
7.68 0.000768512 0.00199433 0.00341448
7.69 0.000768512 0.00199433 0.00341448
7.7 0.000768512 0.00199433 0.00341448
7.71 0.000768512 0.00199433 0.00341448
7.72 0.000768512 0.00199433 0.00341448
7.73 0.000768512 0.00199433 0.00341448
7.74 0.000768512 0.00199433 0.00341448
7.75 0.000768512 0.00199433 0.00341448
7.76 0.000768512 0.00199433 0.00341448
7.77 0.000768512 0.00199433 0.00341448
7.78 0.000768512 0.00199433 0.00341448
7.79 0.000768512 0.00199433 0.00341448
7.8 0.000768512 0.00199433 0.00341448
7.81 0.000768512 0.00199433 0.00341448
7.82 0.000768512 0.00199433 0.00341448
7.83 0.000768512 0.00199433 0.00341448
7.84 0.000768512 0.00199433 0.00341448
7.85 0.000768512 0.00199433 0.00341448
7.86 0.000768512 0.00199433 0.00341448
7.87 0.000768512 0.00199433 0.00341448
7.88 0.000768512 0.00199433 0.00341448
7.89 0.000768512 0.00199433 0.00341448
7.9 0.000768512 0.00199433 0.00341448
7.91 0.000768512 0.00199433 0.00341448
7.92 0.000768512 0.00199433 0.00341448
7.93 0.000768512 0.00199433 0.00341448
7.94 0.000768512 0.00199433 0.00341448
7.95 0.000768512 0.00199433 0.00341448
7.96 0.000768512 0.00199433 0.00341448
7.97 0.000768512 0.00199433 0.00341448
7.98 0.000768512 0.00199433 0.00341448
7.99 0.000768512 0.00199433 0.00341448
8 0.000768512 0.00199433 0.00341448
8.01 0.000768512 0.00199433 0.00341448
8.02 0.000768512 0.00199433 0.00341448
8.03 0.000768512 0.00199433 0.00341448
8.04 0.000768512 0.00199433 0.00341448
8.05 0.000768512 0.00199433 0.00341448
8.06 0.000768512 0.00199433 0.00341448
8.07 0.000768512 0.00199433 0.00341448
8.08 0.000768512 0.00199433 0.00341448
8.09 0.000768512 0.00199433 0.00341448
8.1 0.000768512 0.00199433 0.00341448
8.11 0.000768512 0.00199433 0.00341448
8.12 0.000768512 0.00199433 0.00341448
8.13 0.000768512 0.00199433 0.00341448
8.14 0.000768512 0.00199433 0.00341448
8.15 0.000768512 0.00199433 0.00341448
8.16 0.000768512 0.00199433 0.00341448
8.17 0.000768512 0.00199433 0.00341448
8.18 0.000768512 0.00199433 0.00341448
8.19 0.000768512 0.00199433 0.00341448
8.2 0.000768512 0.00199433 0.00341448
8.21 0.000768512 0.00199433 0.00341448
8.22 0.000768512 0.00199433 0.00341448
8.23 0.000768511 0.00199433 0.00341448
8.24 0.000768511 0.00199433 0.00341448
8.25 0.000768511 0.00199433 0.00341448
8.26 0.000768511 0.00199433 0.00341448
8.27 0.000768511 0.00199433 0.00341448
8.28 0.000768511 0.00199433 0.00341448
8.29 0.000768511 0.00199433 0.00341448
8.3 0.000768511 0.00199433 0.00341448
8.31 0.000768511 0.00199433 0.00341448
8.32 0.000768511 0.00199433 0.00341448
8.33 0.000768511 0.00199433 0.00341448
8.34 0.000768511 0.00199433 0.00341448
8.35 0.000768511 0.00199433 0.00341448
8.36 0.000768511 0.00199433 0.00341448
8.37 0.000768511 0.00199433 0.00341448
8.38 0.000768511 0.00199433 0.00341448
8.39 0.000768511 0.00199433 0.00341448
8.4 0.000768511 0.00199433 0.00341448
8.41 0.000768511 0.00199433 0.00341448
8.42 0.000768511 0.00199433 0.00341448
8.43 0.000768511 0.00199433 0.00341448
8.44 0.000768511 0.00199433 0.00341448
8.45 0.000768511 0.00199433 0.00341448
8.46 0.000768511 0.00199433 0.00341448
8.47 0.000768512 0.00199433 0.00341448
8.48 0.000768512 0.00199433 0.00341448
8.49 0.000768512 0.00199433 0.00341448
8.5 0.000768512 0.00199433 0.00341448
8.51 0.000768512 0.00199433 0.00341448
8.52 0.000768512 0.00199433 0.00341448
8.53 0.000768512 0.00199433 0.00341448
8.54 0.000768512 0.00199433 0.00341448
8.55 0.000768512 0.00199433 0.00341448
8.56 0.000768512 0.00199433 0.00341448
8.57 0.000768512 0.00199433 0.00341448
8.58 0.000768512 0.00199433 0.00341448
8.59 0.000768512 0.00199433 0.00341448
8.6 0.000768512 0.00199433 0.00341448
8.61 0.000768512 0.00199433 0.00341448
8.62 0.000768512 0.00199433 0.00341448
8.63 0.000768512 0.00199433 0.00341448
8.64 0.000768512 0.00199433 0.00341448
8.65 0.000768512 0.00199433 0.00341448
8.66 0.000768512 0.00199433 0.00341448
8.67 0.000768512 0.00199433 0.00341448
8.68 0.000768512 0.00199433 0.00341448
8.69 0.000768512 0.00199433 0.00341448
8.7 0.000768512 0.00199433 0.00341448
8.71 0.000768512 0.00199433 0.00341448
8.72 0.000768512 0.00199433 0.00341448
8.73 0.000768512 0.00199433 0.00341448
8.74 0.000768512 0.00199433 0.00341448
8.75 0.000768512 0.00199433 0.00341448
8.76 0.000768512 0.00199433 0.00341448
8.77 0.000768512 0.00199433 0.00341448
8.78 0.000768512 0.00199433 0.00341448
8.79 0.000768512 0.00199433 0.00341448
8.8 0.000768512 0.00199433 0.00341448
8.81 0.000768512 0.00199433 0.00341448
8.82 0.000768512 0.00199433 0.00341448
8.83 0.000768512 0.00199433 0.00341448
8.84 0.000768512 0.00199433 0.00341448
8.85 0.000768512 0.00199433 0.00341448
8.86 0.000768512 0.00199433 0.00341448
8.87 0.000768512 0.00199433 0.00341448
8.88 0.000768512 0.00199433 0.00341448
8.89 0.000768512 0.00199433 0.00341448
8.9 0.000768512 0.00199433 0.00341448
8.91 0.000768512 0.00199433 0.00341448
8.92 0.000768512 0.00199433 0.00341448
8.93 0.000768512 0.00199433 0.00341448
8.94 0.000768512 0.00199433 0.00341448
8.95 0.000768512 0.00199433 0.00341448
8.96 0.000768512 0.00199433 0.00341448
8.97 0.000768512 0.00199433 0.00341448
8.98 0.000768512 0.00199433 0.00341448
8.99 0.000768512 0.00199433 0.00341448
9 0.000768512 0.00199433 0.00341448
9.01 0.000768512 0.00199433 0.00341448
9.02 0.000768512 0.00199433 0.00341448
9.03 0.000768512 0.00199433 0.00341448
9.04 0.000768512 0.00199433 0.00341448
9.05 0.000768512 0.00199433 0.00341448
9.06 0.000768512 0.00199433 0.00341448
9.07 0.000768512 0.00199433 0.00341448
9.08 0.000768512 0.00199433 0.00341448
9.09 0.000768512 0.00199433 0.00341448
9.1 0.000768512 0.00199433 0.00341448
9.11 0.000768512 0.00199433 0.00341448
9.12 0.000768512 0.00199433 0.00341448
9.13 0.000768512 0.00199433 0.00341448
9.14 0.000768511 0.00199433 0.00341448
9.15 0.000768511 0.00199433 0.00341448
9.16 0.000768511 0.00199433 0.00341448
9.17 0.000768511 0.00199433 0.00341448
9.18 0.000768511 0.00199433 0.00341448
9.19 0.000768511 0.00199433 0.00341448
9.2 0.000768511 0.00199433 0.00341448
9.21 0.000768511 0.00199433 0.00341448
9.22 0.000768511 0.00199433 0.00341448
9.23 0.000768511 0.00199433 0.00341448
9.24 0.000768511 0.00199433 0.00341448
9.25 0.000768511 0.00199433 0.00341448
9.26 0.000768511 0.00199433 0.00341448
9.27 0.000768511 0.00199433 0.00341448
9.28 0.000768512 0.00199433 0.00341448
9.29 0.000768512 0.00199433 0.00341448
9.3 0.000768512 0.00199433 0.00341448
9.31 0.000768512 0.00199433 0.00341448
9.32 0.000768512 0.00199433 0.00341448
9.33 0.000768512 0.00199433 0.00341448
9.34 0.000768512 0.00199433 0.00341448
9.35 0.000768512 0.00199433 0.00341448
9.36 0.000768512 0.00199433 0.00341448
9.37 0.000768512 0.00199433 0.00341448
9.38 0.000768512 0.00199433 0.00341448
9.39 0.000768512 0.00199433 0.00341448
9.4 0.000768512 0.00199433 0.00341448
9.41 0.000768512 0.00199433 0.00341448
9.42 0.000768512 0.00199433 0.00341448
9.43 0.000768512 0.00199433 0.00341448
9.44 0.000768512 0.00199433 0.00341448
9.45 0.000768512 0.00199433 0.00341448
9.46 0.000768512 0.00199433 0.00341448
9.47 0.000768512 0.00199433 0.00341448
9.48 0.000768512 0.00199433 0.00341448
9.49 0.000768512 0.00199433 0.00341448
9.5 0.000768512 0.00199433 0.00341448
9.51 0.000768512 0.00199433 0.00341448
9.52 0.000768512 0.00199433 0.00341448
9.53 0.000768512 0.00199433 0.00341448
9.54 0.000768512 0.00199433 0.00341448
9.55 0.000768512 0.00199433 0.00341448
9.56 0.000768512 0.00199433 0.00341448
9.57 0.000768512 0.00199433 0.00341448
9.58 0.000768512 0.00199433 0.00341448
9.59 0.000768512 0.00199433 0.00341448
9.6 0.000768512 0.00199433 0.00341448
9.61 0.000768512 0.00199433 0.00341448
9.62 0.000768512 0.00199433 0.00341448
9.63 0.000768512 0.00199433 0.00341448
9.64 0.000768512 0.00199433 0.00341448
9.65 0.000768512 0.00199433 0.00341448
9.66 0.000768512 0.00199433 0.00341448
9.67 0.000768512 0.00199433 0.00341448
9.68 0.000768512 0.00199433 0.00341448
9.69 0.000768512 0.00199433 0.00341448
9.7 0.000768512 0.00199433 0.00341448
9.71 0.000768512 0.00199433 0.00341448
9.72 0.000768512 0.00199433 0.00341448
9.73 0.000768512 0.00199433 0.00341448
9.74 0.000768512 0.00199433 0.00341448
9.75 0.000768512 0.00199433 0.00341448
9.76 0.000768512 0.00199433 0.00341448
9.77 0.000768512 0.00199433 0.00341448
9.78 0.000768512 0.00199433 0.00341448
9.79 0.000768512 0.00199433 0.00341448
9.8 0.000768512 0.00199433 0.00341448
9.81 0.000768512 0.00199433 0.00341448
9.82 0.000768512 0.00199433 0.00341448
9.83 0.000768512 0.00199433 0.00341448
9.84 0.000768512 0.00199433 0.00341448
9.85 0.000768512 0.00199433 0.00341448
9.86 0.000768512 0.00199433 0.00341448
9.87 0.000768512 0.00199433 0.00341448
9.88 0.000768512 0.00199433 0.00341448
9.89 0.000768512 0.00199433 0.00341448
9.9 0.000768512 0.00199433 0.00341448
9.91 0.000768512 0.00199433 0.00341448
9.92 0.000768512 0.00199433 0.00341448
9.93 0.000768512 0.00199433 0.00341448
9.94 0.000768512 0.00199433 0.00341448
9.95 0.000768512 0.00199433 0.00341448
9.96 0.000768512 0.00199433 0.00341448
9.97 0.000768512 0.00199433 0.00341448
9.98 0.000768512 0.00199433 0.00341448
9.99 0.000768512 0.00199433 0.00341448
10 0.000768512 0.00199433 0.00341448
