0.1 -0.114552 -3.95008e-006
0.2 -0.229672 -7.91972e-006
0.3 -0.345366 -1.19092e-005
0.4 -0.461641 -1.59186e-005
0.5 -0.578505 -1.99484e-005
0.6 -0.695962 -2.39987e-005
0.7 -0.813452 -2.80501e-005
0.8 -0.929202 -3.20415e-005
0.9 -1.04161 -3.59175e-005
1 -1.1552 -3.98344e-005
0.01 -1.15468 -3.98167e-005
0.02 -1.15321 -3.97659e-005
0.03 -1.15152 -3.97076e-005
0.04 -1.15044 -3.96703e-005
0.05 -1.15012 -3.96592e-005
0.06 -1.15055 -3.9674e-005
0.07 -1.15162 -3.97111e-005
0.08 -1.15314 -3.97635e-005
0.09 -1.15489 -3.98239e-005
0.1 -1.1567 -3.98863e-005
0.11 -1.15849 -3.99478e-005
0.12 -1.16021 -4.00072e-005
0.13 -1.16194 -4.00668e-005
0.14 -1.16376 -4.01296e-005
0.15 -1.16571 -4.01968e-005
0.16 -1.16776 -4.02677e-005
0.17 -1.16985 -4.03395e-005
0.18 -1.17188 -4.04098e-005
0.19 -1.1739 -4.04793e-005
0.2 -1.17599 -4.05515e-005
0.21 -1.17823 -4.06288e-005
0.22 -1.18062 -4.0711e-005
0.23 -1.18308 -4.07958e-005
0.24 -1.18551 -4.08798e-005
0.25 -1.18788 -4.09615e-005
0.26 -1.19015 -4.10395e-005
0.27 -1.19229 -4.11136e-005
0.28 -1.1944 -4.1186e-005
0.29 -1.1966 -4.12621e-005
0.3 -1.19912 -4.13489e-005
0.31 -1.2021 -4.14516e-005
0.32 -1.20548 -4.15683e-005
0.33 -1.20905 -4.16913e-005
0.34 -1.21256 -4.18125e-005
0.35 -1.2159 -4.19275e-005
0.36 -1.21907 -4.20371e-005
0.37 -1.22211 -4.21417e-005
0.38 -1.22486 -4.22366e-005
0.39 -1.22713 -4.2315e-005
0.4 -1.22892 -4.23764e-005
0.41 -1.23045 -4.24293e-005
0.42 -1.23206 -4.24847e-005
0.43 -1.23393 -4.25494e-005
0.44 -1.23607 -4.26229e-005
0.45 -1.23841 -4.27037e-005
0.46 -1.24104 -4.27946e-005
0.47 -1.24409 -4.28995e-005
0.48 -1.24755 -4.30189e-005
0.49 -1.25132 -4.31488e-005
0.5 -1.2552 -4.32828e-005
0.51 -1.25901 -4.3414e-005
0.52 -1.26251 -4.3535e-005
0.53 -1.26549 -4.36375e-005
0.54 -1.26778 -4.37167e-005
0.55 -1.26957 -4.37782e-005
0.56 -1.27115 -4.38328e-005
0.57 -1.27265 -4.38844e-005
0.58 -1.27398 -4.39305e-005
0.59 -1.27512 -4.39695e-005
0.6 -1.27615 -4.40052e-005
0.61 -1.27734 -4.40461e-005
0.62 -1.27885 -4.40984e-005
0.63 -1.28055 -4.41569e-005
0.64 -1.282 -4.42068e-005
0.65 -1.28296 -4.424e-005
0.66 -1.28359 -4.42618e-005
0.67 -1.2842 -4.42828e-005
0.68 -1.28486 -4.43054e-005
0.69 -1.28532 -4.43214e-005
0.7 -1.28536 -4.43229e-005
0.71 -1.28508 -4.4313e-005
0.72 -1.28491 -4.43074e-005
0.73 -1.28532 -4.43213e-005
0.74 -1.28609 -4.43478e-005
0.75 -1.28647 -4.43609e-005
0.76 -1.28584 -4.43392e-005
0.77 -1.28413 -4.42804e-005
0.78 -1.28149 -4.41892e-005
0.79 -1.27795 -4.40674e-005
0.8 -1.2736 -4.39174e-005
0.81 -1.26873 -4.37494e-005
0.82 -1.26393 -4.35837e-005
0.83 -1.25968 -4.34374e-005
0.84 -1.25597 -4.33094e-005
0.85 -1.25231 -4.3183e-005
0.86 -1.24813 -4.30389e-005
0.87 -1.243 -4.28622e-005
0.88 -1.23688 -4.2651e-005
0.89 -1.23004 -4.24152e-005
0.9 -1.22299 -4.21719e-005
0.91 -1.21599 -4.19306e-005
0.92 -1.20873 -4.16804e-005
0.93 -1.20042 -4.13938e-005
0.94 -1.19064 -4.10566e-005
0.95 -1.18031 -4.07004e-005
0.96 -1.17111 -4.0383e-005
0.97 -1.1638 -4.01312e-005
0.98 -1.15783 -3.99251e-005
0.99 -1.15219 -3.97307e-005
1 -1.14643 -3.95321e-005
1.01 -1.1411 -3.93482e-005
1.02 -1.137 -3.92068e-005
1.03 -1.13359 -3.90892e-005
1.04 -1.12886 -3.89261e-005
1.05 -1.12147 -3.86713e-005
1.06 -1.11204 -3.83463e-005
1.07 -1.10215 -3.80053e-005
1.08 -1.09295 -3.7688e-005
1.09 -1.08472 -3.74041e-005
1.1 -1.07712 -3.71421e-005
1.11 -1.06938 -3.68753e-005
1.12 -1.0605 -3.65688e-005
1.13 -1.05021 -3.62143e-005
1.14 -1.04001 -3.58624e-005
1.15 -1.03193 -3.55839e-005
1.16 -1.02658 -3.53992e-005
1.17 -1.02258 -3.52614e-005
1.18 -1.0175 -3.50863e-005
1.19 -1.00986 -3.48226e-005
1.2 -1.00048 -3.44994e-005
1.21 -0.991551 -3.41914e-005
1.22 -0.984852 -3.39604e-005
1.23 -0.981069 -3.383e-005
1.24 -0.979603 -3.37794e-005
1.25 -0.978821 -3.37524e-005
1.26 -0.977055 -3.36916e-005
1.27 -0.973403 -3.35656e-005
1.28 -0.967693 -3.33687e-005
1.29 -0.96036 -3.31159e-005
1.3 -0.952002 -3.28276e-005
1.31 -0.942819 -3.2511e-005
1.32 -0.93326 -3.21814e-005
1.33 -0.924834 -3.18908e-005
1.34 -0.918816 -3.16833e-005
1.35 -0.914185 -3.15236e-005
1.36 -0.908284 -3.13202e-005
1.37 -0.899728 -3.10251e-005
1.38 -0.890087 -3.06927e-005
1.39 -0.88296 -3.04469e-005
1.4 -0.881487 -3.03961e-005
1.41 -0.885457 -3.0533e-005
1.42 -0.890567 -3.07092e-005
1.43 -0.891928 -3.07561e-005
1.44 -0.888428 -3.06354e-005
1.45 -0.883411 -3.04624e-005
1.46 -0.881365 -3.03919e-005
1.47 -0.883502 -3.04656e-005
1.48 -0.886989 -3.05858e-005
1.49 -0.889056 -3.06571e-005
1.5 -0.889802 -3.06828e-005
1.51 -0.890024 -3.06905e-005
1.52 -0.888724 -3.06457e-005
1.53 -0.884169 -3.04886e-005
1.54 -0.876277 -3.02165e-005
1.55 -0.866831 -2.98907e-005
1.56 -0.857853 -2.95811e-005
1.57 -0.850837 -2.93392e-005
1.58 -0.847426 -2.92216e-005
1.59 -0.849442 -2.92911e-005
1.6 -0.857549 -2.95706e-005
1.61 -0.868925 -2.99629e-005
1.62 -0.877606 -3.02623e-005
1.63 -0.879855 -3.03398e-005
1.64 -0.877607 -3.02623e-005
1.65 -0.875215 -3.01798e-005
1.66 -0.874774 -3.01646e-005
1.67 -0.875249 -3.0181e-005
1.68 -0.875184 -3.01787e-005
1.69 -0.875686 -3.01961e-005
1.7 -0.879282 -3.03201e-005
1.71 -0.886065 -3.0554e-005
1.72 -0.893424 -3.08077e-005
1.73 -0.899478 -3.10165e-005
1.74 -0.904901 -3.12035e-005
1.75 -0.911637 -3.14358e-005
1.76 -0.921321 -3.17697e-005
1.77 -0.934995 -3.22412e-005
1.78 -0.952542 -3.28463e-005
1.79 -0.971284 -3.34926e-005
1.8 -0.987278 -3.40441e-005
1.81 -0.998996 -3.44482e-005
1.82 -1.00753 -3.47425e-005
1.83 -1.01364 -3.49531e-005
1.84 -1.01612 -3.50385e-005
1.85 -1.01293 -3.49286e-005
1.86 -1.00407 -3.46232e-005
1.87 -0.992305 -3.42174e-005
1.88 -0.980359 -3.38055e-005
1.89 -0.969761 -3.344e-005
1.9 -0.96324 -3.32152e-005
1.91 -0.964586 -3.32616e-005
1.92 -0.975195 -3.36274e-005
1.93 -0.993787 -3.42685e-005
1.94 -1.01886 -3.51331e-005
1.95 -1.04893 -3.61698e-005
1.96 -1.08116 -3.72815e-005
1.97 -1.11156 -3.83297e-005
1.98 -1.13731 -3.92176e-005
1.99 -1.15888 -3.99612e-005
2 -1.179 -4.0655e-005
2.01 -1.19968 -4.13682e-005
2.02 -1.22006 -4.2071e-005
2.03 -1.23756 -4.26746e-005
2.04 -1.25098 -4.31374e-005
2.05 -1.26081 -4.34763e-005
2.06 -1.26761 -4.37106e-005
2.07 -1.27246 -4.38778e-005
2.08 -1.2775 -4.40517e-005
2.09 -1.28478 -4.43028e-005
2.1 -1.29542 -4.46698e-005
2.11 -1.30955 -4.51569e-005
2.12 -1.32662 -4.57456e-005
2.13 -1.34575 -4.64052e-005
2.14 -1.36508 -4.70718e-005
2.15 -1.3812 -4.76277e-005
2.16 -1.39023 -4.79391e-005
2.17 -1.39106 -4.79677e-005
2.18 -1.38822 -4.78698e-005
2.19 -1.38845 -4.78777e-005
2.2 -1.39366 -4.80574e-005
2.21 -1.40065 -4.82981e-005
2.22 -1.40617 -4.84886e-005
2.23 -1.41 -4.86206e-005
2.24 -1.4142 -4.87656e-005
2.25 -1.42123 -4.90078e-005
2.26 -1.43296 -4.94125e-005
2.27 -1.44954 -4.99842e-005
2.28 -1.46753 -5.06044e-005
2.29 -1.48169 -5.10927e-005
2.3 -1.4889 -5.13414e-005
2.31 -1.48856 -5.13297e-005
2.32 -1.48078 -5.10614e-005
2.33 -1.46649 -5.05687e-005
2.34 -1.44852 -4.99491e-005
2.35 -1.43085 -4.93396e-005
2.36 -1.41651 -4.8845e-005
2.37 -1.40699 -4.8517e-005
2.38 -1.40219 -4.83514e-005
2.39 -1.39942 -4.8256e-005
2.4 -1.39437 -4.80816e-005
2.41 -1.38321 -4.7697e-005
2.42 -1.36433 -4.70459e-005
2.43 -1.3412 -4.62483e-005
2.44 -1.32328 -4.56302e-005
2.45 -1.31928 -4.54925e-005
2.46 -1.32943 -4.58425e-005
2.47 -1.34644 -4.6429e-005
2.48 -1.36244 -4.69807e-005
2.49 -1.37363 -4.73667e-005
2.5 -1.38048 -4.76026e-005
2.51 -1.38581 -4.77864e-005
2.52 -1.39351 -4.8052e-005
2.53 -1.40702 -4.85178e-005
2.54 -1.42708 -4.92098e-005
2.55 -1.4514 -5.00484e-005
2.56 -1.47653 -5.09149e-005
2.57 -1.50014 -5.17289e-005
2.58 -1.52189 -5.24788e-005
2.59 -1.54212 -5.31764e-005
2.6 -1.56028 -5.38028e-005
2.61 -1.57545 -5.43257e-005
2.62 -1.58752 -5.47419e-005
2.63 -1.59645 -5.50498e-005
2.64 -1.60116 -5.52123e-005
2.65 -1.60074 -5.51981e-005
2.66 -1.59579 -5.50271e-005
2.67 -1.58882 -5.4787e-005
2.68 -1.58351 -5.46038e-005
2.69 -1.58187 -5.45471e-005
2.7 -1.58251 -5.45692e-005
2.71 -1.5811 -5.45206e-005
2.72 -1.57176 -5.41985e-005
2.73 -1.55057 -5.34679e-005
2.74 -1.52051 -5.24313e-005
2.75 -1.49078 -5.14064e-005
2.76 -1.4682 -5.06274e-005
2.77 -1.45255 -5.00878e-005
2.78 -1.44189 -4.97204e-005
2.79 -1.43585 -4.9512e-005
2.8 -1.43172 -4.93697e-005
2.81 -1.42368 -4.90923e-005
2.82 -1.40714 -4.85222e-005
2.83 -1.38171 -4.76452e-005
2.84 -1.35119 -4.65926e-005
2.85 -1.32044 -4.55324e-005
2.86 -1.29302 -4.45869e-005
2.87 -1.27195 -4.38604e-005
2.88 -1.25806 -4.33813e-005
2.89 -1.24746 -4.30157e-005
2.9 -1.23472 -4.25764e-005
2.91 -1.21837 -4.20126e-005
2.92 -1.20207 -4.14508e-005
2.93 -1.19094 -4.10668e-005
2.94 -1.18718 -4.09373e-005
2.95 -1.18982 -4.10281e-005
2.96 -1.1972 -4.12827e-005
2.97 -1.20779 -4.1648e-005
2.98 -1.2191 -4.20379e-005
2.99 -1.22775 -4.23361e-005
3 -1.23079 -4.24411e-005
3.01 -1.22698 -4.23098e-005
3.02 -1.21686 -4.19608e-005
3.03 -1.20138 -4.14269e-005
3.04 -1.18201 -4.07591e-005
3.05 -1.16301 -4.01038e-005
3.06 -1.1501 -3.96587e-005
3.07 -1.14433 -3.94598e-005
3.08 -1.14068 -3.9334e-005
3.09 -1.13463 -3.91251e-005
3.1 -1.12666 -3.88505e-005
3.11 -1.12078 -3.86476e-005
3.12 -1.11962 -3.86077e-005
3.13 -1.12145 -3.86707e-005
3.14 -1.12378 -3.87509e-005
3.15 -1.12732 -3.8873e-005
3.16 -1.13405 -3.91052e-005
3.17 -1.14502 -3.94833e-005
3.18 -1.15924 -3.99737e-005
3.19 -1.17163 -4.04012e-005
3.2 -1.1744 -4.04965e-005
3.21 -1.16233 -4.00803e-005
3.22 -1.13612 -3.91767e-005
3.23 -1.10167 -3.79887e-005
3.24 -1.06697 -3.67921e-005
3.25 -1.03933 -3.58388e-005
3.26 -1.02449 -3.53272e-005
3.27 -1.02502 -3.53455e-005
3.28 -1.03821 -3.58004e-005
3.29 -1.05698 -3.64474e-005
3.3 -1.0725 -3.69827e-005
3.31 -1.07645 -3.71191e-005
3.32 -1.06293 -3.66528e-005
3.33 -1.03133 -3.55632e-005
3.34 -0.988314 -3.40798e-005
3.35 -0.944119 -3.25558e-005
3.36 -0.906548 -3.12603e-005
3.37 -0.87861 -3.02969e-005
3.38 -0.858121 -2.95904e-005
3.39 -0.838649 -2.89189e-005
3.4 -0.81376 -2.80607e-005
3.41 -0.781624 -2.69525e-005
3.42 -0.744807 -2.5683e-005
3.43 -0.706956 -2.43778e-005
3.44 -0.670915 -2.3135e-005
3.45 -0.638382 -2.20132e-005
3.46 -0.610888 -2.10651e-005
3.47 -0.590468 -2.03609e-005
3.48 -0.578092 -1.99342e-005
3.49 -0.572302 -1.97346e-005
3.5 -0.570618 -1.96765e-005
3.51 -0.571293 -1.96998e-005
3.52 -0.572642 -1.97463e-005
3.53 -0.572854 -1.97536e-005
3.54 -0.571688 -1.97134e-005
3.55 -0.571493 -1.97067e-005
3.56 -0.576231 -1.987e-005
3.57 -0.588371 -2.02887e-005
3.58 -0.606184 -2.09029e-005
3.59 -0.623773 -2.15094e-005
3.6 -0.634139 -2.18669e-005
3.61 -0.634422 -2.18766e-005
3.62 -0.629307 -2.17003e-005
3.63 -0.628674 -2.16784e-005
3.64 -0.640182 -2.20752e-005
3.65 -0.663741 -2.28876e-005
3.66 -0.693599 -2.39172e-005
3.67 -0.723075 -2.49336e-005
3.68 -0.747024 -2.57594e-005
3.69 -0.764838 -2.63737e-005
3.7 -0.782371 -2.69783e-005
3.71 -0.807946 -2.78602e-005
3.72 -0.846476 -2.91888e-005
3.73 -0.896672 -3.09197e-005
3.74 -0.951424 -3.28077e-005
3.75 -1.00238 -3.4565e-005
3.76 -1.04541 -3.60485e-005
3.77 -1.08019 -3.72479e-005
3.78 -1.10746 -3.81884e-005
3.79 -1.12903 -3.89322e-005
3.8 -1.14745 -3.95674e-005
3.81 -1.16325 -4.0112e-005
3.82 -1.17301 -4.04486e-005
3.83 -1.17088 -4.03752e-005
3.84 -1.15544 -3.98428e-005
3.85 -1.13576 -3.91643e-005
3.86 -1.1239 -3.8755e-005
3.87 -1.12315 -3.87294e-005
3.88 -1.1289 -3.89275e-005
3.89 -1.13639 -3.9186e-005
3.9 -1.14511 -3.94865e-005
3.91 -1.15709 -3.98997e-005
3.92 -1.17247 -4.04299e-005
3.93 -1.18744 -4.09463e-005
3.94 -1.19655 -4.12604e-005
3.95 -1.19539 -4.12202e-005
3.96 -1.18214 -4.07635e-005
3.97 -1.15913 -3.99698e-005
3.98 -1.13161 -3.90209e-005
3.99 -1.1041 -3.80725e-005
4 -1.07983 -3.72355e-005
4.01 -1.0619 -3.66174e-005
4.02 -1.05284 -3.63047e-005
4.03 -1.05517 -3.63853e-005
4.04 -1.07178 -3.69578e-005
4.05 -1.10343 -3.80491e-005
4.06 -1.14623 -3.9525e-005
4.07 -1.19236 -4.1116e-005
4.08 -1.2343 -4.25621e-005
4.09 -1.26682 -4.36836e-005
4.1 -1.28692 -4.43766e-005
4.11 -1.29551 -4.46728e-005
4.12 -1.2977 -4.47482e-005
4.13 -1.29929 -4.4803e-005
4.14 -1.30492 -4.49973e-005
4.15 -1.31901 -4.54831e-005
4.16 -1.34489 -4.63756e-005
4.17 -1.38336 -4.77019e-005
4.18 -1.43153 -4.9363e-005
4.19 -1.48197 -5.11024e-005
4.2 -1.52544 -5.26012e-005
4.21 -1.55636 -5.36675e-005
4.22 -1.57496 -5.43088e-005
4.23 -1.58521 -5.46625e-005
4.24 -1.59137 -5.48749e-005
4.25 -1.59382 -5.49594e-005
4.26 -1.58903 -5.47941e-005
4.27 -1.57447 -5.42922e-005
4.28 -1.55029 -5.34582e-005
4.29 -1.5176 -5.2331e-005
4.3 -1.48032 -5.10455e-005
4.31 -1.44664 -4.98842e-005
4.32 -1.42456 -4.91229e-005
4.33 -1.41667 -4.88507e-005
4.34 -1.41889 -4.89271e-005
4.35 -1.42242 -4.90488e-005
4.36 -1.41917 -4.89368e-005
4.37 -1.40776 -4.85435e-005
4.38 -1.39268 -4.80235e-005
4.39 -1.37844 -4.75325e-005
4.4 -1.36573 -4.70941e-005
4.41 -1.35155 -4.66051e-005
4.42 -1.33246 -4.59469e-005
4.43 -1.3067 -4.50587e-005
4.44 -1.27321 -4.3904e-005
4.45 -1.2316 -4.24689e-005
4.46 -1.1859 -4.08932e-005
4.47 -1.14594 -3.95151e-005
4.48 -1.12055 -3.86397e-005
4.49 -1.11053 -3.82941e-005
4.5 -1.10937 -3.82542e-005
4.51 -1.10874 -3.82324e-005
4.52 -1.10234 -3.80117e-005
4.53 -1.08752 -3.75005e-005
4.54 -1.0642 -3.66965e-005
4.55 -1.03391 -3.56519e-005
4.56 -1.00199 -3.45514e-005
4.57 -0.976771 -3.36818e-005
4.58 -0.96301 -3.32072e-005
4.59 -0.958453 -3.30501e-005
4.6 -0.957059 -3.3002e-005
4.61 -0.954487 -3.29133e-005
4.62 -0.950113 -3.27625e-005
4.63 -0.944524 -3.25698e-005
4.64 -0.937302 -3.23208e-005
4.65 -0.92903 -3.20355e-005
4.66 -0.924436 -3.18771e-005
4.67 -0.929717 -3.20592e-005
4.68 -0.945711 -3.26107e-005
4.69 -0.965979 -3.33096e-005
4.7 -0.980783 -3.38201e-005
4.71 -0.981728 -3.38527e-005
4.72 -0.966245 -3.33188e-005
4.73 -0.940197 -3.24206e-005
4.74 -0.913044 -3.14843e-005
4.75 -0.890341 -3.07014e-005
4.76 -0.871983 -3.00684e-005
4.77 -0.854246 -2.94568e-005
4.78 -0.833944 -2.87567e-005
4.79 -0.812725 -2.8025e-005
4.8 -0.795242 -2.74221e-005
4.81 -0.78509 -2.70721e-005
4.82 -0.785173 -2.70749e-005
4.83 -0.795574 -2.74336e-005
4.84 -0.806585 -2.78133e-005
4.85 -0.8043 -2.77345e-005
4.86 -0.787657 -2.71606e-005
4.87 -0.770922 -2.65835e-005
4.88 -0.768077 -2.64854e-005
4.89 -0.779532 -2.68804e-005
4.9 -0.793952 -2.73777e-005
4.91 -0.800937 -2.76185e-005
4.92 -0.800513 -2.76039e-005
4.93 -0.8004 -2.76e-005
4.94 -0.808529 -2.78803e-005
4.95 -0.829414 -2.86005e-005
4.96 -0.861513 -2.97074e-005
4.97 -0.895643 -3.08842e-005
4.98 -0.921494 -3.17757e-005
4.99 -0.938563 -3.23642e-005
5 -0.957041 -3.30014e-005
5.01 -0.986323 -3.40111e-005
5.02 -1.0257 -3.53689e-005
5.03 -1.06621 -3.67657e-005
5.04 -1.09875 -3.78878e-005
5.05 -1.12128 -3.86649e-005
5.06 -1.14105 -3.93466e-005
5.07 -1.16918 -4.03167e-005
5.08 -1.21125 -4.17671e-005
5.09 -1.2646 -4.36067e-005
5.1 -1.32385 -4.56499e-005
5.11 -1.38329 -4.76996e-005
5.12 -1.43657 -4.95369e-005
5.13 -1.48153 -5.10872e-005
5.14 -1.52328 -5.2527e-005
5.15 -1.56767 -5.40577e-005
5.16 -1.61543 -5.57045e-005
5.17 -1.66584 -5.74429e-005
5.18 -1.7198 -5.93033e-005
5.19 -1.77689 -6.1272e-005
5.2 -1.8313 -6.31481e-005
5.21 -1.8712 -6.45242e-005
5.22 -1.88334 -6.49427e-005
5.23 -1.85851 -6.40867e-005
5.24 -1.79651 -6.19486e-005
5.25 -1.70826 -5.89054e-005
5.26 -1.61019 -5.55237e-005
5.27 -1.51489 -5.22375e-005
5.28 -1.42875 -4.92672e-005
5.29 -1.35522 -4.67316e-005
5.3 -1.29512 -4.46592e-005
5.31 -1.2453 -4.29412e-005
5.32 -1.20007 -4.13817e-005
5.33 -1.15296 -3.97571e-005
5.34 -1.09714 -3.78324e-005
5.35 -1.02598 -3.53787e-005
5.36 -0.934814 -3.2235e-005
5.37 -0.828701 -2.85759e-005
5.38 -0.726774 -2.50612e-005
5.39 -0.647603 -2.23312e-005
5.4 -0.591835 -2.04081e-005
5.41 -0.546884 -1.88581e-005
5.42 -0.504402 -1.73932e-005
5.43 -0.470255 -1.62157e-005
5.44 -0.45755 -1.57776e-005
5.45 -0.469822 -1.62008e-005
5.46 -0.496502 -1.71207e-005
5.47 -0.524714 -1.80936e-005
5.48 -0.54773 -1.88872e-005
5.49 -0.563766 -1.94402e-005
5.5 -0.575946 -1.98602e-005
5.51 -0.592693 -2.04377e-005
5.52 -0.621103 -2.14173e-005
5.53 -0.661048 -2.27947e-005
5.54 -0.708165 -2.44195e-005
5.55 -0.759849 -2.62017e-005
5.56 -0.818069 -2.82093e-005
5.57 -0.886039 -3.05531e-005
5.58 -0.960688 -3.31272e-005
5.59 -1.03118 -3.55581e-005
5.6 -1.08779 -3.75099e-005
5.61 -1.1292 -3.8938e-005
5.62 -1.15822 -3.99385e-005
5.63 -1.17334 -4.04598e-005
5.64 -1.16905 -4.03121e-005
5.65 -1.14419 -3.9455e-005
5.66 -1.10673 -3.81632e-005
5.67 -1.06721 -3.68005e-005
5.68 -1.02909 -3.54859e-005
5.69 -0.987927 -3.40664e-005
5.7 -0.937592 -3.23307e-005
5.71 -0.876342 -3.02187e-005
5.72 -0.806213 -2.78005e-005
5.73 -0.726733 -2.50597e-005
5.74 -0.632951 -2.18259e-005
5.75 -0.520518 -1.79489e-005
5.76 -0.393101 -1.35552e-005
5.77 -0.262762 -9.06077e-006
5.78 -0.144059 -4.96756e-006
5.79 -0.05147 -1.77483e-006
5.8 0.00217959 7.51584e-008
5.81 0.011065 3.81553e-007
5.82 -0.0158352 -5.4604e-007
5.83 -0.0563432 -1.94287e-006
5.84 -0.0890367 -3.07023e-006
5.85 -0.104434 -3.60116e-006
5.86 -0.104275 -3.59568e-006
5.87 -0.0972371 -3.353e-006
5.88 -0.0971679 -3.35062e-006
5.89 -0.116507 -4.01749e-006
5.9 -0.157368 -5.42648e-006
5.91 -0.212229 -7.31824e-006
5.92 -0.269314 -9.28668e-006
5.93 -0.314508 -1.08451e-005
5.94 -0.334485 -1.1534e-005
5.95 -0.324413 -1.11867e-005
5.96 -0.294196 -1.01447e-005
5.97 -0.263006 -9.06917e-006
5.98 -0.24661 -8.50378e-006
5.99 -0.252911 -8.72108e-006
6 -0.287428 -9.91132e-006
6.01 -0.356144 -1.22808e-005
6.02 -0.457906 -1.57899e-005
6.03 -0.577709 -1.9921e-005
6.04 -0.693579 -2.39165e-005
6.05 -0.79127 -2.72852e-005
6.06 -0.875301 -3.01828e-005
6.07 -0.957548 -3.30189e-005
6.08 -1.04977 -3.61989e-005
6.09 -1.16377 -4.01299e-005
6.1 -1.30592 -4.50316e-005
6.11 -1.47155 -5.0743e-005
6.12 -1.64479 -5.6717e-005
6.13 -1.80378 -6.21993e-005
6.14 -1.92795 -6.64811e-005
6.15 -1.99954 -6.89496e-005
6.16 -2.00927 -6.92852e-005
6.17 -1.96108 -6.76236e-005
6.18 -1.86891 -6.44451e-005
6.19 -1.74969 -6.03341e-005
6.2 -1.61545 -5.57051e-005
6.21 -1.46794 -5.06187e-005
6.22 -1.30082 -4.48559e-005
6.23 -1.10858 -3.8227e-005
6.24 -0.894726 -3.08526e-005
6.25 -0.671928 -2.31699e-005
6.26 -0.458222 -1.58008e-005
6.27 -0.273652 -9.43627e-006
6.28 -0.132516 -4.56952e-006
6.29 -0.0304261 -1.04917e-006
6.3 0.0576747 1.98878e-006
6.31 0.157811 5.44175e-006
6.32 0.270263 9.31943e-006
6.33 0.363981 1.25511e-005
6.34 0.394643 1.36084e-005
6.35 0.33385 1.15121e-005
6.36 0.189609 6.53826e-006
6.37 0.0059291 2.04452e-007
6.38 -0.156601 -5.40004e-006
6.39 -0.256676 -8.85089e-006
6.4 -0.295251 -1.01811e-005
6.41 -0.297931 -1.02735e-005
6.42 -0.282543 -9.74287e-006
6.43 -0.248677 -8.57507e-006
6.44 -0.185644 -6.40151e-006
6.45 -0.0825483 -2.84649e-006
6.46 0.0623526 2.15009e-006
6.47 0.233632 8.05626e-006
6.48 0.398122 1.37284e-005
6.49 0.518415 1.78764e-005
6.5 0.569124 1.9625e-005
6.51 0.536636 1.85047e-005
6.52 0.413744 1.4267e-005
6.53 0.196263 6.76768e-006
6.54 -0.115674 -3.98876e-006
6.55 -0.509633 -1.75735e-005
6.56 -0.955983 -3.29649e-005
6.57 -1.41531 -4.88039e-005
6.58 -1.84927 -6.37681e-005
6.59 -2.22871 -7.68521e-005
6.6 -2.54117 -8.76266e-005
6.61 -2.79108 -9.62443e-005
6.62 -2.99367 -0.00010323
6.63 -3.16659 -0.000109193
6.64 -3.32005 -0.000114484
6.65 -3.44846 -0.000118912
6.66 -3.5338 -0.000121855
6.67 -3.55496 -0.000122585
6.68 -3.49422 -0.00012049
6.69 -3.34025 -0.000115181
6.7 -3.08808 -0.000106486
6.71 -2.74074 -9.45082e-005
6.72 -2.31474 -7.98187e-005
6.73 -1.84266 -6.35402e-005
6.74 -1.36859 -4.71926e-005
6.75 -0.941794 -3.24757e-005
6.76 -0.602838 -2.07875e-005
6.77 -0.365805 -1.2614e-005
6.78 -0.221345 -7.63258e-006
6.79 -0.155403 -5.35873e-006
6.8 -0.165734 -5.71497e-006
6.81 -0.256546 -8.84641e-006
6.82 -0.428968 -1.4792e-005
6.83 -0.677189 -2.33513e-005
6.84 -0.991724 -3.41974e-005
6.85 -1.35813 -4.6832e-005
6.86 -1.74602 -6.02074e-005
6.87 -2.11147 -7.28093e-005
6.88 -2.41592 -8.33075e-005
6.89 -2.64085 -9.10639e-005
6.9 -2.78729 -9.61136e-005
6.91 -2.86647 -9.88437e-005
6.92 -2.89886 -9.99608e-005
6.93 -2.92047 -0.000100706
6.94 -2.97733 -0.000102667
6.95 -3.10203 -0.000106967
6.96 -3.29563 -0.000113642
6.97 -3.53569 -0.00012192
6.98 -3.7992 -0.000131007
6.99 -4.07708 -0.000140589
7 -4.36611 -0.000150555
7.01 -4.65203 -0.000160415
7.02 -4.91471 -0.000169473
7.03 -5.14124 -0.000177284
7.04 -5.33501 -0.000183966
7.05 -5.50538 -0.000189841
7.06 -5.65189 -0.000194893
7.07 -5.75953 -0.000198605
7.08 -5.80756 -0.000200261
7.09 -5.78621 -0.000199524
7.1 -5.70488 -0.00019672
7.11 -5.59275 -0.000192853
7.12 -5.48677 -0.000189199
7.13 -5.41988 -0.000186893
7.14 -5.41237 -0.000186633
7.15 -5.46575 -0.000188474
7.16 -5.56328 -0.000191837
7.17 -5.67314 -0.000195626
7.18 -5.75214 -0.00019835
7.19 -5.75584 -0.000198477
7.2 -5.65446 -0.000194982
7.21 -5.43714 -0.000187487
7.22 -5.10277 -0.000175958
7.23 -4.65719 -0.000160593
7.24 -4.11705 -0.000141967
7.25 -3.50991 -0.000121031
7.26 -2.8695 -9.89484e-005
7.27 -2.22724 -7.68014e-005
7.28 -1.60966 -5.55055e-005
7.29 -1.04136 -3.5909e-005
7.3 -0.538997 -1.85861e-005
7.31 -0.109633 -3.78044e-006
7.32 0.253581 8.74418e-006
7.33 0.548901 1.89276e-005
7.34 0.747403 2.57725e-005
7.35 0.814309 2.80796e-005
7.36 0.731902 2.5238e-005
7.37 0.514495 1.77412e-005
7.38 0.194574 6.70943e-006
7.39 -0.196289 -6.76858e-006
7.4 -0.632727 -2.18182e-005
7.41 -1.08985 -3.7581e-005
7.42 -1.53761 -5.30211e-005
7.43 -1.94808 -6.71753e-005
7.44 -2.31165 -7.97121e-005
7.45 -2.63821 -9.09727e-005
7.46 -2.93745 -0.000101291
7.47 -3.20003 -0.000110346
7.48 -3.3869 -0.00011679
7.49 -3.45771 -0.000119231
7.5 -3.39876 -0.000117199
7.51 -3.231 -0.000111414
7.52 -2.99657 -0.00010333
7.53 -2.7242 -9.39381e-005
7.54 -2.43681 -8.40281e-005
7.55 -2.16298 -7.45857e-005
7.56 -1.94402 -6.70353e-005
7.57 -1.82513 -6.29357e-005
7.58 -1.82535 -6.29433e-005
7.59 -1.91908 -6.61752e-005
7.6 -2.06038 -7.10476e-005
7.61 -2.22127 -7.65957e-005
7.62 -2.40299 -8.28618e-005
7.63 -2.61663 -9.02288e-005
7.64 -2.85567 -9.84714e-005
7.65 -3.08884 -0.000106512
7.66 -3.27203 -0.000112829
7.67 -3.36426 -0.000116009
7.68 -3.34485 -0.00011534
7.69 -3.21748 -0.000110948
7.7 -2.9928 -0.0001032
7.71 -2.67007 -9.20713e-005
7.72 -2.24053 -7.72597e-005
7.73 -1.70661 -5.88484e-005
7.74 -1.08933 -3.7563e-005
7.75 -0.41898 -1.44476e-005
7.76 0.277149 9.55685e-006
7.77 0.972131 3.35218e-005
7.78 1.62851 5.61554e-005
7.79 2.20138 7.59097e-005
7.8 2.64791 9.13072e-005
7.81 2.95762 0.000101987
7.82 3.14442 0.000108428
7.83 3.24613 0.000111936
7.84 3.30006 0.000113795
7.85 3.31866 0.000114437
7.86 3.29877 0.000113751
7.87 3.22133 0.00011108
7.88 3.06333 0.000105632
7.89 2.79761 9.64693e-005
7.9 2.41142 8.31525e-005
7.91 1.91317 6.59715e-005
7.92 1.33163 4.59182e-005
7.93 0.707543 2.4398e-005
7.94 0.0810172 2.7937e-006
7.95 -0.523631 -1.80562e-005
7.96 -1.10341 -3.80487e-005
7.97 -1.66588 -5.74442e-005
7.98 -2.21492 -7.63764e-005
7.99 -2.73699 -9.43791e-005
8 -3.19641 -0.000110221
8.01 -3.55084 -0.000122443
8.02 -3.77407 -0.00013014
8.03 -3.86264 -0.000133195
8.04 -3.82677 -0.000131958
8.05 -3.68113 -0.000126936
8.06 -3.4488 -0.000118924
8.07 -3.16997 -0.000109309
8.08 -2.89194 -9.97221e-005
8.09 -2.64326 -9.11469e-005
8.1 -2.423 -8.35516e-005
8.11 -2.21719 -7.6455e-005
8.12 -2.01756 -6.95711e-005
8.13 -1.82288 -6.28581e-005
8.14 -1.63095 -5.62395e-005
8.15 -1.43236 -4.93918e-005
8.16 -1.21398 -4.18615e-005
8.17 -0.971833 -3.35115e-005
8.18 -0.719988 -2.48272e-005
8.19 -0.488453 -1.68432e-005
8.2 -0.308214 -1.06281e-005
8.21 -0.203512 -7.01764e-006
8.22 -0.180109 -6.21066e-006
8.23 -0.222544 -7.67394e-006
8.24 -0.298681 -1.02993e-005
8.25 -0.362667 -1.25057e-005
8.26 -0.367947 -1.26878e-005
8.27 -0.282338 -9.73581e-006
8.28 -0.0913509 -3.15003e-006
8.29 0.204658 7.05716e-006
8.3 0.596005 2.05519e-005
8.31 1.06182 3.66144e-005
8.32 1.57588 5.43405e-005
8.33 2.10996 7.27572e-005
8.34 2.63844 9.09806e-005
8.35 3.13455 0.000108088
8.36 3.56706 0.000123002
8.37 3.90889 0.000134789
8.38 4.14411 0.0001429
8.39 4.27655 0.000147467
8.4 4.31727 0.000148871
8.41 4.28489 0.000147755
8.42 4.19207 0.000144554
8.43 4.03791 0.000139238
8.44 3.82928 0.000132044
8.45 3.57312 0.000123211
8.46 3.27994 0.000113101
8.47 2.97955 0.000102743
8.48 2.67876 9.2371e-005
8.49 2.3745 8.18792e-005
8.5 2.04374 7.04737e-005
8.51 1.67358 5.77097e-005
8.52 1.26988 4.37888e-005
8.53 0.865139 2.98324e-005
8.54 0.499073 1.72094e-005
8.55 0.192857 6.65025e-006
8.56 -0.0361344 -1.24601e-006
8.57 -0.190182 -6.55798e-006
8.58 -0.26712 -9.21104e-006
8.59 -0.268873 -9.27147e-006
8.6 -0.199823 -6.89046e-006
8.61 -0.0671062 -2.31401e-006
8.62 0.11933 4.11483e-006
8.63 0.349019 1.20351e-005
8.64 0.630415 2.17384e-005
8.65 0.957768 3.30265e-005
8.66 1.32229 4.55963e-005
8.67 1.71124 5.90081e-005
8.68 2.11308 7.28649e-005
8.69 2.52054 8.6915e-005
8.7 2.9106 0.000100366
8.71 3.27233 0.000112839
8.72 3.57908 0.000123417
8.73 3.81852 0.000131673
8.74 3.99369 0.000137713
8.75 4.11066 0.000141747
8.76 4.18148 0.000144189
8.77 4.21112 0.000145211
8.78 4.19772 0.000144749
8.79 4.14118 0.000142799
8.8 4.04626 0.000139526
8.81 3.91971 0.000135163
8.82 3.7703 0.00013001
8.83 3.6076 0.0001244
8.84 3.42997 0.000118275
8.85 3.21831 0.000110976
8.86 2.94546 0.000101568
8.87 2.58987 8.93057e-005
8.88 2.14408 7.39338e-005
8.89 1.62906 5.61745e-005
8.9 1.06211 3.66245e-005
8.91 0.456411 1.57383e-005
8.92 -0.166103 -5.72768e-006
8.93 -0.803428 -2.77044e-005
8.94 -1.459 -5.03105e-005
8.95 -2.12503 -7.3277e-005
8.96 -2.79767 -9.64712e-005
8.97 -3.46406 -0.00011945
8.98 -4.11517 -0.000141903
8.99 -4.76965 -0.000164471
9 -5.4257 -0.000187093
9.01 -6.10995 -0.000210688
9.02 -6.81267 -0.00023492
9.03 -7.52952 -0.000259638
9.04 -8.25175 -0.000284543
9.05 -8.96408 -0.000309106
9.06 -9.65747 -0.000333016
9.07 -10.3052 -0.000355352
9.08 -10.9 -0.000375863
9.09 -11.4372 -0.000394385
9.1 -11.8923 -0.000410079
9.11 -12.2625 -0.000422845
9.12 -12.5668 -0.000433339
9.13 -12.8364 -0.000442636
9.14 -13.1092 -0.000452041
9.15 -13.4081 -0.000462349
9.16 -13.7382 -0.00047373
9.17 -14.1153 -0.000486734
9.18 -14.5683 -0.000502354
9.19 -15.0931 -0.000520452
9.2 -15.6863 -0.000540908
9.21 -16.2959 -0.000561928
9.22 -16.8688 -0.000581682
9.23 -17.3623 -0.0005987
9.24 -17.7444 -0.000611877
9.25 -18.0193 -0.000621354
9.26 -18.2085 -0.00062788
9.27 -18.313 -0.000631482
9.28 -18.3458 -0.000632613
9.29 -18.2967 -0.00063092
9.3 -18.1442 -0.000625664
9.31 -17.9131 -0.000617693
9.32 -17.6 -0.000606895
9.33 -17.229 -0.000594105
9.34 -16.8283 -0.000580285
9.35 -16.4165 -0.000566087
9.36 -16.0275 -0.000552672
9.37 -15.6706 -0.000540366
9.38 -15.3474 -0.000529221
9.39 -15.0405 -0.000518637
9.4 -14.7442 -0.000508422
9.41 -14.4519 -0.000498342
9.42 -14.1656 -0.000488468
9.43 -13.8409 -0.000477273
9.44 -13.4696 -0.00046447
9.45 -13.0606 -0.000450365
9.46 -12.6298 -0.000435511
9.47 -12.1606 -0.00041933
9.48 -11.6186 -0.00040064
9.49 -11.0182 -0.000379937
9.5 -10.37 -0.000357586
9.51 -9.73361 -0.000335642
9.52 -9.17878 -0.00031651
9.53 -8.7063 -0.000300217
9.54 -8.29281 -0.000285959
9.55 -7.90039 -0.000272427
9.56 -7.49048 -0.000258292
9.57 -7.0386 -0.00024271
9.58 -6.56516 -0.000226385
9.59 -6.09742 -0.000210256
9.6 -5.62941 -0.000194118
9.61 -5.18426 -0.000178768
9.62 -4.79754 -0.000165432
9.63 -4.49791 -0.0001551
9.64 -4.30311 -0.000148383
9.65 -4.19638 -0.000144703
9.66 -4.14286 -0.000142857
9.67 -4.12016 -0.000142074
9.68 -4.11957 -0.000142054
9.69 -4.14146 -0.000142809
9.7 -4.16552 -0.000143639
9.71 -4.15852 -0.000143397
9.72 -4.09702 -0.000141277
9.73 -3.96634 -0.000136771
9.74 -3.75557 -0.000129502
9.75 -3.4498 -0.000118959
9.76 -3.04688 -0.000105065
9.77 -2.58443 -8.91182e-005
9.78 -2.09899 -7.23791e-005
9.79 -1.60153 -5.52253e-005
9.8 -1.0914 -3.76345e-005
9.81 -0.554562 -1.91228e-005
9.82 0.0342905 1.18243e-006
9.83 0.712801 2.45793e-005
9.84 1.50342 5.1842e-005
9.85 2.43987 8.41334e-005
9.86 3.5104 0.000121048
9.87 4.70137 0.000162116
9.88 5.98263 0.000206297
9.89 7.40482 0.000255339
9.9 8.93011 0.000307935
9.91 10.5082 0.000362351
9.92 12.1295 0.000418258
9.93 13.7823 0.000475251
9.94 15.497 0.000534379
9.95 17.2572 0.000595074
9.96 18.9356 0.000652952
9.97 20.5258 0.000707786
9.98 21.9529 0.000756996
9.99 23.1924 0.000799739
10 24.2114 0.000834877
