0.1 0.194088 7.02823 -0.221105 0.0585605 20.2223 0.00682711
0.2 0.388256 14.0563 -0.442266 0.117015 40.4444 0.0136006
0.3 0.582503 21.0842 -0.663484 0.175361 60.6664 0.0203201
0.4 0.776832 28.1119 -0.88476 0.2336 80.8883 0.026985
0.5 0.971242 35.1394 -1.10609 0.291728 101.11 0.033595
0.6 1.16574 42.1668 -1.32749 0.349746 121.332 0.0401497
0.7 1.36031 49.194 -1.54894 0.407653 141.553 0.0466485
0.8 1.55497 56.2211 -1.77045 0.465446 161.774 0.0530911
0.9 1.7491 63.2487 -1.99132 0.522883 181.99 0.0595918
1 1.94201 70.2804 -2.21081 0.579804 202.196 0.0660314
0.01 1.94299 70.2811 -2.21215 0.580988 202.196 0.064366
0.02 1.94567 70.2836 -2.21592 0.584263 202.196 0.0596806
0.03 1.94852 70.2874 -2.22002 0.587896 202.196 0.0543738
0.04 1.95033 70.2917 -2.2225 0.59045 202.196 0.0507479
0.05 1.95133 70.2964 -2.22332 0.592081 202.196 0.0489759
0.06 1.95183 70.3006 -2.22274 0.593021 202.197 0.0488977
0.07 1.95201 70.3039 -2.2211 0.593392 202.196 0.0502765
0.08 1.95185 70.306 -2.21869 0.593188 202.196 0.052834
0.09 1.9513 70.3068 -2.2157 0.592364 202.196 0.0562937
0.1 1.9503 70.3065 -2.21232 0.590922 202.196 0.0604099
0.11 1.94894 70.3054 -2.20872 0.588975 202.196 0.0649382
0.12 1.94737 70.3032 -2.20504 0.586727 202.195 0.0696647
0.13 1.94579 70.2995 -2.20137 0.584416 202.195 0.0744908
0.14 1.94437 70.2934 -2.19769 0.582257 202.194 0.0793606
0.15 1.94325 70.2842 -2.19401 0.580395 202.194 0.0842588
0.16 1.94244 70.2714 -2.19037 0.578883 202.193 0.0890799
0.17 1.94189 70.2551 -2.18683 0.57765 202.192 0.0937277
0.18 1.94146 70.2356 -2.18339 0.576579 202.191 0.0981812
0.19 1.941 70.2137 -2.17991 0.575509 202.19 0.102596
0.2 1.9404 70.1901 -2.17618 0.57432 202.188 0.10724
0.21 1.93959 70.1654 -2.17217 0.572932 202.188 0.112144
0.22 1.93856 70.1399 -2.16804 0.571305 202.187 0.117177
0.23 1.93738 70.1139 -2.16408 0.569478 202.186 0.122089
0.24 1.93618 70.0879 -2.16053 0.567556 202.185 0.126691
0.25 1.93513 70.0622 -2.1574 0.565699 202.184 0.130995
0.26 1.9343 70.0376 -2.15445 0.564005 202.183 0.135221
0.27 1.93352 70.0145 -2.15121 0.562297 202.182 0.139845
0.28 1.93239 69.9935 -2.14709 0.56014 202.182 0.145542
0.29 1.93068 69.9745 -2.1416 0.55727 202.182 0.152806
0.3 1.92839 69.9571 -2.13456 0.5537 202.181 0.161863
0.31 1.92564 69.9406 -2.1261 0.549503 202.18 0.172659
0.32 1.9225 69.9249 -2.11671 0.544781 202.18 0.184587
0.33 1.91908 69.9094 -2.10711 0.539664 202.18 0.196905
0.34 1.9155 69.8941 -2.09793 0.534323 202.179 0.208905
0.35 1.9118 69.8792 -2.08943 0.528883 202.179 0.220155
0.36 1.90802 69.8645 -2.08159 0.523412 202.179 0.230658
0.37 1.90423 69.8499 -2.0744 0.518026 202.178 0.240354
0.38 1.90052 69.8349 -2.06812 0.512811 202.178 0.248983
0.39 1.89699 69.8195 -2.06317 0.507937 202.178 0.256016
0.4 1.89382 69.8034 -2.05966 0.503576 202.178 0.261341
0.41 1.89115 69.7862 -2.05727 0.499876 202.178 0.265309
0.42 1.88905 69.7682 -2.0555 0.496908 202.177 0.2684
0.43 1.88742 69.75 -2.05406 0.494537 202.177 0.270953
0.44 1.88606 69.7324 -2.05299 0.492593 202.177 0.272899
0.45 1.8848 69.7163 -2.05241 0.490868 202.177 0.274149
0.46 1.88351 69.7025 -2.05227 0.489191 202.177 0.27481
0.47 1.88206 69.6914 -2.0524 0.487416 202.177 0.275102
0.48 1.88045 69.6834 -2.05285 0.485473 202.177 0.275071
0.49 1.87881 69.6789 -2.05381 0.483495 202.177 0.274528
0.5 1.87715 69.6784 -2.05538 0.481471 202.178 0.273378
0.51 1.87525 69.6822 -2.05746 0.479187 202.179 0.271748
0.52 1.87306 69.6906 -2.05993 0.476592 202.18 0.269723
0.53 1.87059 69.7038 -2.06276 0.473772 202.181 0.267257
0.54 1.86765 69.7218 -2.06578 0.47052 202.182 0.264526
0.55 1.86398 69.744 -2.06849 0.466506 202.184 0.26214
0.56 1.85981 69.7694 -2.07057 0.461968 202.186 0.26047
0.57 1.85612 69.7974 -2.07255 0.457987 202.187 0.258845
0.58 1.85395 69.8275 -2.07538 0.455766 202.189 0.256071
0.59 1.85349 69.8593 -2.07947 0.455572 202.192 0.251574
0.6 1.85396 69.8924 -2.08446 0.45661 202.194 0.245752
0.61 1.85461 69.9262 -2.08973 0.458033 202.196 0.239334
0.62 1.85538 69.96 -2.09506 0.459728 202.198 0.232588
0.63 1.85608 69.9933 -2.10077 0.461443 202.2 0.225317
0.64 1.85609 70.0257 -2.10725 0.462419 202.202 0.217265
0.65 1.85549 70.0569 -2.11483 0.462724 202.204 0.208142
0.66 1.85525 70.0869 -2.12351 0.463433 202.206 0.197835
0.67 1.85584 70.1155 -2.13273 0.465086 202.208 0.186845
0.68 1.85696 70.1428 -2.14196 0.467334 202.21 0.175735
0.69 1.85821 70.1694 -2.15123 0.469799 202.212 0.164454
0.7 1.85944 70.1953 -2.16072 0.472313 202.214 0.152815
0.71 1.86054 70.2206 -2.17009 0.474708 202.215 0.141228
0.72 1.86166 70.2448 -2.17857 0.477117 202.216 0.130595
0.73 1.86338 70.2675 -2.18569 0.480099 202.217 0.121451
0.74 1.86632 70.2887 -2.19203 0.484329 202.218 0.113102
0.75 1.87069 70.3095 -2.19891 0.490129 202.218 0.104028
0.76 1.87603 70.331 -2.20696 0.497083 202.219 0.0934766
0.77 1.88125 70.3537 -2.21552 0.504045 202.219 0.0821654
0.78 1.88497 70.3776 -2.22357 0.509464 202.22 0.0714061
0.79 1.88635 70.4023 -2.23054 0.512315 202.22 0.0619339
0.8 1.88574 70.4276 -2.23668 0.512915 202.221 0.0536591
0.81 1.88418 70.4528 -2.24221 0.512292 202.221 0.0463791
0.82 1.88245 70.4763 -2.24666 0.51128 202.222 0.0406289
0.83 1.88108 70.4975 -2.24951 0.510395 202.222 0.036954
0.84 1.88037 70.5162 -2.25096 0.510018 202.222 0.0350043
0.85 1.88011 70.5324 -2.2517 0.510005 202.222 0.0339478
0.86 1.87968 70.5469 -2.25253 0.509728 202.222 0.0329208
0.87 1.87947 70.5599 -2.25457 0.509741 202.222 0.0305877
0.88 1.88086 70.5721 -2.25894 0.511695 202.222 0.025438
0.89 1.88395 70.5836 -2.26547 0.515748 202.222 0.0175516
0.9 1.88687 70.5939 -2.27261 0.519787 202.222 0.00881429
0.91 1.88797 70.6026 -2.27907 0.521829 202.222 0.000879001
0.92 1.88792 70.6105 -2.28557 0.522585 202.222 -0.00690081
0.93 1.88881 70.6192 -2.2941 0.524458 202.224 -0.0170857
0.94 1.89134 70.6297 -2.30513 0.528327 202.225 -0.0303754
0.95 1.89412 70.6423 -2.31602 0.532612 202.226 -0.0437403
0.96 1.89542 70.6558 -2.32298 0.535244 202.228 -0.0529191
0.97 1.89531 70.67 -2.32499 0.536081 202.229 -0.0564698
0.98 1.89592 70.6844 -2.32436 0.537395 202.23 -0.0569489
0.99 1.89887 70.6987 -2.32371 0.541025 202.232 -0.0572338
1 1.90346 70.713 -2.3233 0.546207 202.233 -0.0575182
1.01 1.90856 70.726 -2.32135 0.5517 202.234 -0.0558605
1.02 1.91374 70.7368 -2.31616 0.557052 202.234 -0.0505035
1.03 1.91788 70.745 -2.30829 0.561058 202.235 -0.0420001
1.04 1.91919 70.7513 -2.30062 0.561834 202.235 -0.0332711
1.05 1.91733 70.7559 -2.29554 0.559121 202.235 -0.0269222
1.06 1.91401 70.7575 -2.29305 0.554879 202.235 -0.0231809
1.07 1.91081 70.7547 -2.29139 0.550893 202.235 -0.0204126
1.08 1.90726 70.7461 -2.28862 0.546567 202.234 -0.0164732
1.09 1.90233 70.7311 -2.28411 0.54065 202.233 -0.010486
1.1 1.89739 70.7099 -2.27944 0.534662 202.231 -0.00427435
1.11 1.89483 70.6838 -2.27717 0.531364 202.229 -0.000924949
1.12 1.89417 70.6547 -2.27842 0.530362 202.227 -0.00173516
1.13 1.89246 70.6243 -2.28169 0.52839 202.224 -0.00479757
1.14 1.88829 70.5929 -2.28357 0.523691 202.222 -0.00611168
1.15 1.88189 70.5601 -2.28086 0.51615 202.22 -0.00183974
1.16 1.87297 70.5255 -2.27283 0.505116 202.218 0.0093244
1.17 1.86227 70.4898 -2.2624 0.491361 202.216 0.0243599
1.18 1.85191 70.4557 -2.25442 0.477504 202.216 0.0375387
1.19 1.84356 70.4257 -2.25143 0.465868 202.216 0.0453502
1.2 1.83804 70.4013 -2.25151 0.457695 202.216 0.0491382
1.21 1.83534 70.3826 -2.25057 0.453105 202.217 0.0529402
1.22 1.83506 70.3686 -2.24564 0.451589 202.218 0.0599439
1.23 1.83684 70.3573 -2.23611 0.45258 202.219 0.0710854
1.24 1.83987 70.3462 -2.22322 0.455026 202.221 0.0854474
1.25 1.84229 70.3337 -2.20893 0.456688 202.222 0.101411
1.26 1.84202 70.3192 -2.19474 0.455176 202.223 0.117811
1.27 1.83852 70.3037 -2.18157 0.44981 202.225 0.133884
1.28 1.83258 70.2894 -2.1701 0.441491 202.227 0.148882
1.29 1.82587 70.2783 -2.16088 0.432151 202.229 0.161961
1.3 1.82007 70.2713 -2.15453 0.423879 202.232 0.172033
1.31 1.81487 70.2678 -2.15129 0.416535 202.234 0.178524
1.32 1.80861 70.2651 -2.15007 0.408357 202.236 0.182624
1.33 1.80103 70.2592 -2.14836 0.398893 202.238 0.187156
1.34 1.79199 70.2462 -2.14386 0.387685 202.238 0.195
1.35 1.77972 70.2259 -2.13704 0.372489 202.238 0.206254
1.36 1.7642 70.2021 -2.13183 0.353306 202.237 0.216823
1.37 1.74907 70.1798 -2.13177 0.334451 202.236 0.222189
1.38 1.73856 70.1629 -2.13607 0.320987 202.236 0.222154
1.39 1.73389 70.1518 -2.13977 0.314486 202.237 0.221358
1.4 1.73293 70.1443 -2.13789 0.312557 202.237 0.225216
1.41 1.73382 70.138 -2.13147 0.313079 202.238 0.232854
1.42 1.73591 70.133 -2.12825 0.315408 202.239 0.236041
1.43 1.73711 70.1315 -2.13468 0.317391 202.239 0.228144
1.44 1.73575 70.1351 -2.14941 0.317068 202.24 0.210983
1.45 1.73373 70.1443 -2.16486 0.316297 202.242 0.192728
1.46 1.73521 70.1592 -2.17354 0.319331 202.243 0.181257
1.47 1.74312 70.1806 -2.17454 0.329309 202.245 0.177322
1.48 1.7585 70.21 -2.17432 0.347713 202.248 0.173608
1.49 1.78262 70.2476 -2.17999 0.376511 202.25 0.161725
1.5 1.81543 70.2908 -2.19303 0.416109 202.251 0.139394
1.51 1.85022 70.3372 -2.20985 0.459146 202.251 0.110937
1.52 1.87487 70.3868 -2.22662 0.491741 202.25 0.0822771
1.53 1.88287 70.4417 -2.24313 0.505999 202.249 0.0554473
1.54 1.87923 70.5043 -2.26175 0.506838 202.247 0.0285704
1.55 1.87292 70.5754 -2.28313 0.50382 202.247 0.000787097
1.56 1.86896 70.6538 -2.30531 0.502493 202.247 -0.0262631
1.57 1.86834 70.7369 -2.32567 0.504228 202.247 -0.0504653
1.58 1.87056 70.8201 -2.3416 0.508785 202.248 -0.0697461
1.59 1.87537 70.8972 -2.35105 0.516031 202.247 -0.0823946
1.6 1.88408 70.9626 -2.35453 0.527601 202.245 -0.0894856
1.61 1.89847 71.0152 -2.35771 0.545827 202.24 -0.0976081
1.62 1.9164 71.059 -2.36809 0.568806 202.235 -0.115049
1.63 1.92948 71.0981 -2.38544 0.587264 202.23 -0.140604
1.64 1.9272 71.1329 -2.39931 0.588637 202.226 -0.160717
1.65 1.90639 71.161 -2.40042 0.568037 202.224 -0.163207
1.66 1.87616 71.1815 -2.39128 0.534635 202.224 -0.150259
1.67 1.85066 71.1946 -2.38315 0.504449 202.227 -0.135558
1.68 1.83882 71.2001 -2.38507 0.488503 202.23 -0.131269
1.69 1.84086 71.1965 -2.3964 0.488363 202.234 -0.138951
1.7 1.85237 71.1828 -2.41055 0.500168 202.236 -0.153048
1.71 1.86801 71.1604 -2.42349 0.518292 202.237 -0.16944
1.72 1.8821 71.1335 -2.43488 0.535966 202.238 -0.186359
1.73 1.8915 71.1047 -2.44396 0.548619 202.237 -0.200753
1.74 1.89766 71.0749 -2.44797 0.556709 202.238 -0.207937
1.75 1.90321 71.0433 -2.44346 0.562401 202.24 -0.203372
1.76 1.90851 71.0096 -2.4282 0.565868 202.244 -0.184478
1.77 1.91371 70.9732 -2.40266 0.567576 202.25 -0.152419
1.78 1.92152 70.9342 -2.37145 0.571358 202.255 -0.113723
1.79 1.93306 70.8946 -2.34209 0.579568 202.26 -0.0780924
1.8 1.94279 70.8555 -2.31893 0.587002 202.263 -0.0507769
1.81 1.94296 70.8153 -2.29909 0.585207 202.264 -0.0280447
1.82 1.93079 70.7695 -2.27662 0.570444 202.263 -0.00225727
1.83 1.90996 70.7146 -2.24944 0.545739 202.26 0.0300875
1.84 1.88704 70.6504 -2.22117 0.51746 202.256 0.0660087
1.85 1.86824 70.5793 -2.19797 0.49225 202.251 0.0988794
1.86 1.8584 70.505 -2.18333 0.476046 202.247 0.12364
1.87 1.85595 70.4297 -2.17451 0.468111 202.243 0.141707
1.88 1.8474 70.354 -2.16436 0.454194 202.237 0.160691
1.89 1.81745 70.2771 -2.14789 0.417332 202.231 0.187256
1.9 1.76878 70.1967 -2.12682 0.360105 202.224 0.219952
1.91 1.72182 70.1103 -2.10776 0.304865 202.215 0.250357
1.92 1.69486 70.0183 -2.09665 0.271941 202.207 0.270464
1.93 1.69379 69.9246 -2.09423 0.267778 202.2 0.278385
1.94 1.71616 69.8341 -2.09558 0.290471 202.194 0.278237
1.95 1.75547 69.7515 -2.09429 0.333297 202.19 0.276378
1.96 1.80073 69.6796 -2.08625 0.384197 202.187 0.277977
1.97 1.8379 69.6187 -2.07066 0.427237 202.185 0.286077
1.98 1.85833 69.5663 -2.04962 0.452201 202.182 0.300562
1.99 1.86468 69.5184 -2.02639 0.461389 202.181 0.318945
2 1.86749 69.4724 -2.00411 0.466095 202.18 0.337698
2.01 1.87753 69.4297 -1.98612 0.478282 202.178 0.352221
2.02 1.89999 69.396 -1.97629 0.504045 202.177 0.357307
2.03 1.93481 69.3788 -1.97763 0.544045 202.176 0.348751
2.04 1.97948 69.3816 -1.98926 0.596128 202.174 0.326714
2.05 2.02601 69.402 -2.00548 0.651653 202.171 0.29769
2.06 2.06223 69.4327 -2.01988 0.696756 202.165 0.270279
2.07 2.08373 69.4654 -2.03057 0.725861 202.157 0.248043
2.08 2.09826 69.4935 -2.0404 0.746889 202.148 0.228221
2.09 2.11568 69.5154 -2.05235 0.77037 202.137 0.207203
2.1 2.13765 69.5335 -2.0649 0.798123 202.126 0.186423
2.11 2.15841 69.5521 -2.07279 0.824005 202.117 0.171506
2.12 2.17402 69.5747 -2.07255 0.844091 202.107 0.165674
2.13 2.18639 69.6012 -2.06533 0.860952 202.099 0.166667
2.14 2.19876 69.6277 -2.05609 0.878569 202.09 0.168401
2.15 2.21109 69.6487 -2.05149 0.897064 202.08 0.163829
2.16 2.21901 69.6601 -2.05615 0.911437 202.069 0.148996
2.17 2.21961 69.66 -2.0694 0.917845 202.059 0.125965
2.18 2.2197 69.6474 -2.08489 0.923008 202.049 0.101895
2.19 2.23089 69.6227 -2.09517 0.939038 202.039 0.084347
2.2 2.2546 69.5891 -2.09722 0.9674 202.03 0.0763622
2.21 2.28166 69.5516 -2.09369 0.998457 202.021 0.0752708
2.22 2.3045 69.513 -2.09007 1.02458 202.014 0.0749745
2.23 2.32257 69.4734 -2.09102 1.0458 202.008 0.0697337
2.24 2.33809 69.4314 -2.09772 1.06468 202.002 0.0579283
2.25 2.35188 69.3863 -2.10759 1.08187 201.997 0.0426409
2.26 2.36536 69.3391 -2.11637 1.09842 201.994 0.0289428
2.27 2.37959 69.2916 -2.12008 1.11503 201.992 0.0215144
2.28 2.39048 69.2474 -2.11681 1.1269 201.992 0.0232156
2.29 2.39243 69.2099 -2.10716 1.12771 201.994 0.0342091
2.3 2.3851 69.1802 -2.09278 1.1171 201.998 0.0527937
2.31 2.37153 69.1579 -2.07571 1.09853 202.004 0.0764528
2.32 2.35345 69.1426 -2.05888 1.07423 202.011 0.101663
2.33 2.33234 69.1346 -2.0454 1.04626 202.018 0.124553
2.34 2.31107 69.134 -2.03623 1.0182 202.025 0.1433
2.35 2.2928 69.1398 -2.0298 0.993766 202.033 0.158837
2.36 2.27901 69.1512 -2.02386 0.974676 202.039 0.173119
2.37 2.27045 69.1669 -2.01749 0.961727 202.046 0.186904
2.38 2.26641 69.1857 -2.01149 0.954142 202.052 0.199319
2.39 2.2597 69.2082 -2.00794 0.943924 202.058 0.208989
2.4 2.24057 69.2371 -2.01063 0.920262 202.065 0.213017
2.41 2.20602 69.2786 -2.0256 0.87998 202.074 0.205291
2.42 2.15839 69.34 -2.0572 0.825887 202.085 0.180817
2.43 2.10299 69.4252 -2.1018 0.763815 202.098 0.143041
2.44 2.05056 69.5318 -2.14777 0.705331 202.113 0.103422
2.45 2.01152 69.6528 -2.18425 0.661654 202.129 0.0724493
2.46 1.98593 69.7824 -2.20896 0.632754 202.145 0.052289
2.47 1.96535 69.9175 -2.22717 0.609368 202.161 0.0379487
2.48 1.94308 70.0569 -2.24518 0.584192 202.175 0.0233821
2.49 1.91935 70.2011 -2.2657 0.557494 202.19 0.0058846
2.5 1.89977 70.3523 -2.28813 0.53549 202.204 -0.0142718
2.51 1.88979 70.5138 -2.31021 0.524307 202.218 -0.0352562
2.52 1.89024 70.6861 -2.3284 0.524942 202.234 -0.0535503
2.53 1.89803 70.8651 -2.33995 0.534028 202.25 -0.0661595
2.54 1.90733 71.043 -2.3455 0.545097 202.267 -0.0733472
2.55 1.91079 71.2104 -2.34852 0.54992 202.284 -0.0779431
2.56 1.90337 71.359 -2.3529 0.542708 202.298 -0.0832011
2.57 1.88473 71.4833 -2.36043 0.522841 202.311 -0.090462
2.58 1.85881 71.5814 -2.36995 0.494478 202.321 -0.0984021
2.59 1.83246 71.6551 -2.37999 0.465156 202.328 -0.105993
2.6 1.81253 71.7087 -2.39098 0.442744 202.334 -0.114658
2.61 1.80185 71.7454 -2.4031 0.430678 202.338 -0.125304
2.62 1.79789 71.764 -2.41395 0.42617 202.34 -0.13521
2.63 1.79535 71.7611 -2.42136 0.42311 202.34 -0.141362
2.64 1.79267 71.7346 -2.42834 0.419696 202.337 -0.14677
2.65 1.79622 71.6866 -2.44235 0.423382 202.331 -0.160691
2.66 1.8123 71.6228 -2.46779 0.441951 202.324 -0.18956
2.67 1.83716 71.5498 -2.49915 0.471759 202.315 -0.227996
2.68 1.85912 71.4734 -2.52345 0.499597 202.305 -0.260899
2.69 1.86896 71.397 -2.53093 0.514459 202.296 -0.276031
2.7 1.86862 71.3239 -2.523 0.517561 202.287 -0.273653
2.71 1.86777 71.2577 -2.51057 0.519198 202.28 -0.265292
2.72 1.87158 71.2019 -2.50556 0.525295 202.274 -0.26412
2.73 1.87458 71.1603 -2.51152 0.530217 202.268 -0.273835
2.74 1.86897 71.1337 -2.51955 0.525324 202.263 -0.284322
2.75 1.85625 71.1172 -2.51525 0.511767 202.259 -0.280008
2.76 1.84526 71.1054 -2.49214 0.498718 202.254 -0.25414
2.77 1.84329 71.0937 -2.45456 0.494062 202.248 -0.211572
2.78 1.85298 71.0745 -2.40719 0.50081 202.242 -0.157558
2.79 1.8707 71.0372 -2.34916 0.515136 202.234 -0.091112
2.8 1.88701 70.9747 -2.2813 0.526837 202.224 -0.0126972
2.81 1.89634 70.8878 -2.21271 0.530282 202.215 0.0677287
2.82 1.9031 70.7824 -2.15603 0.531199 202.206 0.135265
2.83 1.9144 70.6649 -2.11809 0.538328 202.198 0.180876
2.84 1.93233 70.5378 -2.09567 0.554656 202.191 0.206879
2.85 1.9526 70.3998 -2.08024 0.575678 202.185 0.22228
2.86 1.96971 70.2464 -2.06489 0.594976 202.179 0.235157
2.87 1.98212 70.0709 -2.04547 0.609976 202.172 0.251189
2.88 1.98972 69.8684 -2.02127 0.619338 202.163 0.272885
2.89 1.9914 69.6424 -1.99721 0.621022 202.153 0.296612
2.9 1.98861 69.4047 -1.98032 0.616496 202.142 0.315256
2.91 1.98558 69.1706 -1.97183 0.610777 202.13 0.326784
2.92 1.98514 68.9531 -1.9649 0.607316 202.118 0.337737
2.93 1.98824 68.7613 -1.95193 0.607262 202.107 0.355703
2.94 1.99502 68.5999 -1.93236 0.610912 202.096 0.380968
2.95 2.00396 68.4691 -1.91107 0.616715 202.087 0.408271
2.96 2.01238 68.3652 -1.89233 0.621847 202.078 0.433242
2.97 2.01976 68.2843 -1.87857 0.626036 202.07 0.452793
2.98 2.02834 68.2279 -1.87247 0.632455 202.063 0.462698
2.99 2.03821 68.2027 -1.87549 0.64202 202.057 0.460093
3 2.04332 68.2173 -1.88527 0.648463 202.054 0.447421
3.01 2.03542 68.2773 -1.89678 0.642429 202.055 0.431328
3.02 2.01186 68.3831 -1.90684 0.620329 202.06 0.416742
3.03 1.97805 68.5296 -1.91756 0.587379 202.068 0.40224
3.04 1.94519 68.7084 -1.93463 0.555456 202.078 0.381618
3.05 1.92596 68.908 -1.96043 0.538417 202.09 0.351242
3.06 1.92753 69.1171 -1.99172 0.544291 202.102 0.313417
3.07 1.94604 69.3306 -2.02626 0.569192 202.114 0.270064
3.08 1.96953 69.5506 -2.06607 0.600339 202.125 0.219442
3.09 1.98971 69.7806 -2.11269 0.628763 202.136 0.160537
3.1 2.00857 70.0204 -2.16399 0.656535 202.147 0.095768
3.11 2.02967 70.2646 -2.21393 0.687123 202.159 0.0319615
3.12 2.04694 70.5053 -2.25596 0.713019 202.172 -0.0222476
3.13 2.04765 70.7359 -2.28925 0.71937 202.186 -0.0636545
3.14 2.02769 70.9514 -2.31849 0.701201 202.202 -0.0962772
3.15 1.99882 71.148 -2.34896 0.671646 202.219 -0.127164
3.16 1.97835 71.3237 -2.3837 0.650626 202.236 -0.162507
3.17 1.97802 71.4789 -2.42236 0.652381 202.251 -0.205126
3.18 1.99919 71.6148 -2.46236 0.67963 202.263 -0.254397
3.19 2.02985 71.7337 -2.50234 0.719607 202.272 -0.308469
3.2 2.05221 71.8388 -2.54407 0.75223 202.279 -0.36662
3.21 2.05995 71.933 -2.59171 0.769337 202.284 -0.430413
3.22 2.06379 72.0189 -2.6486 0.781512 202.288 -0.502276
3.23 2.07849 72.0992 -2.71249 0.804502 202.292 -0.580281
3.24 2.10929 72.1764 -2.77451 0.844133 202.295 -0.655985
3.25 2.15055 72.2516 -2.82367 0.894796 202.298 -0.718632
3.26 2.19048 72.322 -2.84987 0.943752 202.3 -0.757405
3.27 2.21374 72.38 -2.84617 0.973664 202.299 -0.763024
3.28 2.20831 72.4166 -2.81369 0.970262 202.295 -0.733611
3.29 2.17572 72.4272 -2.76422 0.934244 202.288 -0.679855
3.3 2.131 72.4134 -2.71596 0.882198 202.28 -0.621839
3.31 2.09084 72.3847 -2.68544 0.83333 202.27 -0.579418
3.32 2.06205 72.3554 -2.68017 0.796467 202.263 -0.563004
3.33 2.04343 72.3374 -2.69641 0.771552 202.258 -0.57057
3.34 2.03685 72.3325 -2.72279 0.761535 202.256 -0.591985
3.35 2.04658 72.3309 -2.74614 0.771483 202.253 -0.614733
3.36 2.06763 72.3143 -2.75484 0.795583 202.249 -0.626004
3.37 2.08496 72.2629 -2.74119 0.81626 202.241 -0.615026
3.38 2.08378 72.1639 -2.70539 0.815859 202.23 -0.578712
3.39 2.05856 72.0197 -2.65725 0.787115 202.217 -0.524962
3.4 2.01864 71.8479 -2.61146 0.73982 202.206 -0.469001
3.41 1.98595 71.6739 -2.57956 0.698648 202.198 -0.425347
3.42 1.97986 71.5213 -2.56476 0.686279 202.195 -0.401038
3.43 2.00173 71.4034 -2.56212 0.705668 202.197 -0.393303
3.44 2.03619 71.3191 -2.56322 0.740725 202.203 -0.393441
3.45 2.06536 71.2541 -2.5623 0.771646 202.21 -0.393868
3.46 2.08075 71.1883 -2.55734 0.788043 202.215 -0.39025
3.47 2.0849 71.1041 -2.54665 0.791336 202.218 -0.378905
3.48 2.08537 70.9956 -2.52746 0.788828 202.217 -0.355932
3.49 2.08829 70.8709 -2.49692 0.787088 202.214 -0.318533
3.5 2.09847 70.7479 -2.45382 0.792174 202.21 -0.266953
3.51 2.12017 70.6446 -2.40005 0.810114 202.208 -0.205509
3.52 2.1492 70.5704 -2.33978 0.837337 202.207 -0.139658
3.53 2.17016 70.5222 -2.27749 0.857077 202.207 -0.0727422
3.54 2.1697 70.4854 -2.21841 0.853927 202.205 -0.00784277
3.55 2.14898 70.4405 -2.16872 0.828244 202.202 0.0498657
3.56 2.12315 70.3717 -2.13338 0.796146 202.195 0.0945677
3.57 2.10858 70.2737 -2.11338 0.775786 202.185 0.123358
3.58 2.10986 70.1532 -2.10503 0.772884 202.172 0.138491
3.59 2.11823 70.0252 -2.10246 0.778629 202.159 0.145541
3.6 2.11804 69.9048 -2.09997 0.77622 202.146 0.151341
3.61 2.09691 69.7984 -2.09191 0.751704 202.134 0.163687
3.62 2.05654 69.7004 -2.07396 0.706033 202.122 0.188552
3.63 2.01325 69.5971 -2.04608 0.656389 202.11 0.225682
3.64 1.98428 69.477 -2.01447 0.621677 202.097 0.266924
3.65 1.97435 69.339 -1.98935 0.607714 202.083 0.299795
3.66 1.97662 69.1939 -1.97854 0.607903 202.07 0.315002
3.67 1.98373 69.0598 -1.98447 0.614907 202.058 0.30939
3.68 1.99341 68.9561 -2.00543 0.626574 202.049 0.284503
3.69 2.00526 68.8947 -2.03341 0.642141 202.044 0.249587
3.7 2.0187 68.8727 -2.05376 0.659835 202.042 0.222017
3.71 2.03347 68.8749 -2.05327 0.677987 202.044 0.217775
3.72 2.04727 68.8816 -2.0269 0.692886 202.049 0.243958
3.73 2.0558 68.8769 -1.97859 0.699107 202.054 0.297599
3.74 2.05797 68.8561 -1.92002 0.695735 202.06 0.36603
3.75 2.05672 68.8248 -1.86287 0.687077 202.066 0.435225
3.76 2.05495 68.7931 -1.80985 0.677459 202.071 0.500048
3.77 2.05305 68.769 -1.75791 0.668423 202.076 0.562668
3.78 2.05031 68.7551 -1.70644 0.659756 202.081 0.623275
3.79 2.0477 68.7451 -1.65847 0.652471 202.085 0.678937
3.8 2.04718 68.7249 -1.618 0.648124 202.088 0.726275
3.81 2.04969 68.6802 -1.59012 0.64706 202.09 0.760888
3.82 2.05595 68.6057 -1.58244 0.650026 202.09 0.774754
3.83 2.06467 68.5091 -1.60182 0.656467 202.087 0.75928
3.84 2.06937 68.4052 -1.64334 0.660058 202.084 0.718622
3.85 2.06242 68.3031 -1.68506 0.652478 202.08 0.676276
3.86 2.04183 68.2065 -1.70587 0.63084 202.075 0.655482
3.87 2.01235 68.1184 -1.70544 0.599721 202.069 0.657168
3.88 1.98217 68.0409 -1.69929 0.567783 202.064 0.665
3.89 1.95868 67.9739 -1.70117 0.54289 202.059 0.664486
3.9 1.94716 67.9169 -1.71396 0.530711 202.055 0.652322
3.91 1.95282 67.8741 -1.734 0.537276 202.051 0.631125
3.92 1.98046 67.8567 -1.75997 0.568871 202.047 0.599968
3.93 2.02683 67.8794 -1.79351 0.623213 202.044 0.55527
3.94 2.0764 67.9527 -1.83384 0.683983 202.043 0.49825
3.95 2.11236 68.0793 -1.87883 0.732613 202.044 0.43313
3.96 2.12866 68.2555 -1.92869 0.761631 202.047 0.361808
3.97 2.12876 68.4727 -1.98305 0.773476 202.053 0.286761
3.98 2.11802 68.7213 -2.03889 0.772478 202.062 0.21318
3.99 2.09982 68.9962 -2.09404 0.761372 202.072 0.144494
4 2.08056 69.2965 -2.14938 0.747322 202.085 0.0787821
4.01 2.07308 69.6233 -2.2079 0.745731 202.1 0.00954971
4.02 2.0856 69.9747 -2.26999 0.767183 202.115 -0.0668948
4.03 2.11348 70.3418 -2.32926 0.807305 202.129 -0.144518
4.04 2.1494 70.7087 -2.378 0.857625 202.142 -0.214043
4.05 2.19034 71.0578 -2.41481 0.913821 202.153 -0.272169
4.06 2.23035 71.3755 -2.44405 0.968042 202.162 -0.320901
4.07 2.25993 71.6559 -2.47285 1.00892 202.171 -0.365282
4.08 2.27798 71.9022 -2.50958 1.03533 202.182 -0.414069
4.09 2.29287 72.1248 -2.56208 1.05774 202.194 -0.478242
4.1 2.31085 72.3363 -2.63427 1.08469 202.208 -0.565171
4.11 2.33148 72.5454 -2.72292 1.11725 202.224 -0.673802
4.12 2.34989 72.7511 -2.81889 1.15058 202.238 -0.794827
4.13 2.35748 72.9438 -2.91205 1.17429 202.251 -0.914991
4.14 2.34936 73.1111 -2.99551 1.18097 202.26 -1.0238
4.15 2.33316 73.2418 -3.06648 1.17685 202.265 -1.11578
4.16 2.32338 73.3316 -3.12354 1.17609 202.267 -1.18836
4.17 2.32994 73.3862 -3.16481 1.18886 202.265 -1.23951
4.18 2.35268 73.4194 -3.18925 1.21521 202.262 -1.26866
4.19 2.38111 73.4496 -3.2003 1.24479 202.26 -1.28015
4.2 2.40187 73.4931 -3.20585 1.26438 202.259 -1.28309
4.21 2.40526 73.5559 -3.21175 1.26478 202.262 -1.28463
4.22 2.38483 73.6326 -3.21688 1.23889 202.267 -1.28298
4.23 2.34033 73.7084 -3.21612 1.18598 202.273 -1.27185
4.24 2.28053 73.7676 -3.2062 1.11529 202.279 -1.24798
4.25 2.21282 73.8013 -3.18693 1.03429 202.286 -1.21116
4.26 2.13794 73.8081 -3.1591 0.943589 202.293 -1.16206
4.27 2.05891 73.792 -3.12279 0.846642 202.301 -1.10124
4.28 1.98179 73.7577 -3.07778 0.750627 202.309 -1.02963
4.29 1.91111 73.7093 -3.0266 0.661114 202.317 -0.950985
4.3 1.85473 73.6467 -2.97474 0.587404 202.325 -0.872621
4.31 1.82373 73.563 -2.92618 0.542201 202.332 -0.800507
4.32 1.82021 73.4486 -2.88088 0.527905 202.338 -0.735103
4.33 1.83312 73.2971 -2.83728 0.53204 202.342 -0.673623
4.34 1.84744 73.1096 -2.79625 0.537684 202.346 -0.615366
4.35 1.85121 72.896 -2.76131 0.531491 202.35 -0.562847
4.36 1.83694 72.6704 -2.73273 0.505111 202.356 -0.515408
4.37 1.80359 72.4432 -2.70267 0.457253 202.364 -0.464293
4.38 1.75733 72.2189 -2.66098 0.394616 202.374 -0.399073
4.39 1.71038 71.9982 -2.6058 0.331085 202.385 -0.319462
4.4 1.67586 71.7808 -2.54603 0.281948 202.395 -0.237463
4.41 1.65694 71.5669 -2.49259 0.251594 202.402 -0.166227
4.42 1.64456 71.3578 -2.44922 0.230243 202.406 -0.109157
4.43 1.62547 71.1567 -2.41191 0.202672 202.405 -0.059722
4.44 1.58818 70.9705 -2.37507 0.154986 202.4 -0.00874077
4.45 1.52999 70.8085 -2.33704 0.0828938 202.393 0.0481999
4.46 1.4644 70.6776 -2.29871 0.000423466 202.387 0.110338
4.47 1.41293 70.5761 -2.25787 -0.0687554 202.381 0.177896
4.48 1.38615 70.4964 -2.21012 -0.112088 202.376 0.252783
4.49 1.37843 70.4306 -2.15688 -0.134262 202.371 0.331428
4.5 1.37707 70.374 -2.10668 -0.147334 202.365 0.402811
4.51 1.36725 70.3247 -2.06728 -0.166214 202.359 0.457876
4.52 1.33403 70.2826 -2.03981 -0.207249 202.351 0.496874
4.53 1.27386 70.2504 -2.0225 -0.275062 202.344 0.523492
4.54 1.20063 70.2338 -2.01699 -0.355245 202.339 0.536255
4.55 1.13383 70.2393 -2.02575 -0.427036 202.338 0.532059
4.56 1.08954 70.2675 -2.04491 -0.473447 202.341 0.514348
4.57 1.07877 70.3118 -2.06558 -0.482833 202.347 0.491781
4.58 1.101 70.3626 -2.08111 -0.455508 202.355 0.471039
4.59 1.1401 70.4116 -2.09005 -0.409169 202.362 0.454667
4.6 1.1733 70.453 -2.09377 -0.369189 202.366 0.443511
4.61 1.18954 70.4851 -2.09527 -0.348077 202.368 0.43605
4.62 1.19932 70.5114 -2.10033 -0.334416 202.368 0.425563
4.63 1.21991 70.5414 -2.11422 -0.309032 202.368 0.404909
4.64 1.25253 70.5856 -2.13502 -0.270614 202.37 0.376281
4.65 1.28264 70.6487 -2.15187 -0.235801 202.377 0.353401
4.66 1.29928 70.7239 -2.15062 -0.217559 202.387 0.353359
4.67 1.30491 70.7946 -2.12368 -0.213795 202.399 0.384476
4.68 1.3075 70.8429 -2.07675 -0.215378 202.408 0.439271
4.69 1.30959 70.8567 -2.02459 -0.218284 202.414 0.500062
4.7 1.3045 70.8326 -1.98043 -0.2285 202.415 0.551617
4.71 1.2826 70.777 -1.95032 -0.255912 202.412 0.587712
4.72 1.24523 70.7013 -1.93344 -0.299275 202.406 0.609876
4.73 1.2088 70.6143 -1.92221 -0.341491 202.398 0.626478
4.74 1.19007 70.5176 -1.90615 -0.365322 202.391 0.649114
4.75 1.19261 70.4064 -1.87958 -0.367439 202.382 0.684279
4.76 1.20604 70.2725 -1.84417 -0.359085 202.373 0.730465
4.77 1.21062 70.1082 -1.80577 -0.361415 202.361 0.782116
4.78 1.19098 69.9107 -1.77106 -0.390772 202.348 0.832535
4.79 1.15157 69.6851 -1.74508 -0.441648 202.332 0.875233
4.8 1.11044 69.4445 -1.72981 -0.493613 202.316 0.905738
4.81 1.08191 69.207 -1.72299 -0.530387 202.3 0.924356
4.82 1.07219 68.9874 -1.71732 -0.54474 202.287 0.937453
4.83 1.0792 68.7942 -1.70702 -0.538783 202.276 0.950829
4.84 1.08852 68.6346 -1.69752 -0.528492 202.27 0.960246
4.85 1.08381 68.5138 -1.70067 -0.532493 202.269 0.95578
4.86 1.07205 68.4298 -1.7194 -0.543844 202.27 0.934863
4.87 1.08239 68.373 -1.74253 -0.530753 202.272 0.90695
4.88 1.13047 68.336 -1.75329 -0.475786 202.273 0.887623
4.89 1.20084 68.3203 -1.74326 -0.395469 202.274 0.886133
4.9 1.26697 68.3347 -1.71917 -0.318489 202.274 0.896968
4.91 1.316 68.3856 -1.6931 -0.259051 202.275 0.908897
4.92 1.35073 68.4691 -1.66751 -0.215195 202.276 0.921334
4.93 1.37707 68.5723 -1.63448 -0.182237 202.278 0.945221
4.94 1.40188 68.6795 -1.58855 -0.153845 202.279 0.987585
4.95 1.43744 68.7775 -1.53511 -0.116102 202.279 1.04067
4.96 1.49186 68.858 -1.48772 -0.0581752 202.277 1.08628
4.97 1.55677 68.9198 -1.46148 0.0132664 202.272 1.1056
4.98 1.6175 68.9663 -1.46533 0.0841072 202.264 1.08773
4.99 1.67186 68.9969 -1.49417 0.152645 202.251 1.03725
5 1.72506 69.0024 -1.5279 0.223574 202.234 0.976417
5.01 1.77316 68.9703 -1.54545 0.290188 202.21 0.931305
5.02 1.80871 68.8945 -1.54418 0.342122 202.183 0.908655
5.03 1.83425 68.7786 -1.54174 0.381315 202.153 0.89096
5.04 1.85753 68.6335 -1.55727 0.416604 202.123 0.857075
5.05 1.88502 68.4721 -1.59475 0.455825 202.092 0.801273
5.06 1.927 68.306 -1.64331 0.511171 202.062 0.732536
5.07 1.99157 68.1422 -1.68618 0.592195 202.03 0.66636
5.08 2.06875 67.983 -1.70991 0.687851 201.998 0.617521
5.09 2.13686 67.8267 -1.71078 0.773448 201.964 0.593034
5.1 2.18405 67.6677 -1.69343 0.834684 201.93 0.591005
5.11 2.21084 67.5015 -1.66532 0.870842 201.898 0.605763
5.12 2.21864 67.3307 -1.63138 0.882253 201.868 0.634073
5.13 2.21387 67.1635 -1.5909 0.875431 201.844 0.677133
5.14 2.2184 67.0086 -1.54121 0.875244 201.824 0.734367
5.15 2.25507 66.8732 -1.4839 0.909112 201.809 0.798238
5.16 2.32291 66.7581 -1.42182 0.97854 201.797 0.861655
5.17 2.40185 66.6517 -1.35304 1.06307 201.786 0.92601
5.18 2.47493 66.5318 -1.27375 1.144 201.774 0.996806
5.19 2.53245 66.3751 -1.18316 1.20892 201.758 1.07853
5.2 2.56343 66.1686 -1.08511 1.24291 201.741 1.17288
5.21 2.5596 65.9178 -0.991743 1.23453 201.723 1.27223
5.22 2.53059 65.648 -0.92535 1.19417 201.709 1.35344
5.23 2.49854 65.3967 -0.908928 1.14851 201.702 1.38745
5.24 2.47855 65.1987 -0.950681 1.11755 201.702 1.35905
5.25 2.4748 65.0738 -1.03945 1.10894 201.71 1.27456
5.26 2.48268 65.0225 -1.15499 1.11927 201.722 1.1527
5.27 2.48849 65.0335 -1.28067 1.13307 201.734 1.01217
5.28 2.47996 65.0927 -1.40856 1.13496 201.745 0.864899
5.29 2.45791 65.1916 -1.53533 1.12349 201.754 0.71778
5.3 2.42693 65.335 -1.6555 1.1014 201.764 0.57957
5.31 2.38411 65.5436 -1.7611 1.06369 201.778 0.461719
5.32 2.32814 65.8477 -1.84892 1.00821 201.8 0.368935
5.33 2.26574 66.2775 -1.92642 0.94292 201.834 0.292141
5.34 2.20247 66.8523 -2.00886 0.875539 201.881 0.212759
5.35 2.13318 67.5741 -2.11248 0.802243 201.94 0.111754
5.36 2.0451 68.4277 -2.24891 0.710401 202.009 -0.0240218
5.37 1.93752 69.3827 -2.4173 0.599768 202.083 -0.194669
5.38 1.83298 70.3966 -2.59926 0.494576 202.16 -0.382702
5.39 1.75534 71.4301 -2.77135 0.419976 202.236 -0.56463
5.4 1.7043 72.4621 -2.9229 0.374693 202.31 -0.728181
5.41 1.66133 73.4851 -3.05488 0.337808 202.384 -0.872036
5.42 1.61126 74.4942 -3.16711 0.292272 202.46 -0.993677
5.43 1.55763 75.4711 -3.25327 0.241356 202.537 -1.08562
5.44 1.51872 76.3902 -3.31192 0.205038 202.611 -1.14774
5.45 1.50425 77.2317 -3.36002 0.194862 202.683 -1.20017
5.46 1.50097 77.9835 -3.42649 0.197588 202.75 -1.27411
5.47 1.4857 78.6398 -3.5308 0.188524 202.813 -1.38878
5.48 1.44332 79.1976 -3.67273 0.150829 202.872 -1.54212
5.49 1.37242 79.6582 -3.8378 0.081647 202.926 -1.71687
5.5 1.28844 80.0243 -4.00493 -0.00378134 202.974 -1.88976
5.51 1.21897 80.2939 -4.15156 -0.0761401 203.015 -2.03836
5.52 1.17884 80.4604 -4.25851 -0.119641 203.049 -2.1435
5.53 1.15815 80.5174 -4.31578 -0.145045 203.073 -2.19434
5.54 1.14229 80.4611 -4.32571 -0.167831 203.086 -2.19318
5.55 1.12537 80.2924 -4.29585 -0.193855 203.087 -2.14831
5.56 1.10696 80.0182 -4.22953 -0.223714 203.076 -2.06304
5.57 1.09199 79.6493 -4.12912 -0.25225 203.054 -1.93975
5.58 1.08945 79.2072 -4.00793 -0.269031 203.024 -1.79385
5.59 1.1054 78.7204 -3.88867 -0.265867 202.99 -1.65177
5.6 1.1411 78.2102 -3.78652 -0.239667 202.953 -1.5319
5.61 1.19551 77.6833 -3.6981 -0.190591 202.917 -1.43204
5.62 1.26106 77.1332 -3.60819 -0.127037 202.878 -1.33555
5.63 1.3173 76.5498 -3.50308 -0.072528 202.835 -1.22478
5.64 1.34025 75.9244 -3.37576 -0.0549831 202.786 -1.0878
5.65 1.32419 75.2502 -3.22293 -0.0821832 202.732 -0.918149
5.66 1.29129 74.5237 -3.04394 -0.130385 202.67 -0.715921
5.67 1.27798 73.7503 -2.8447 -0.158851 202.601 -0.491464
5.68 1.30779 72.9462 -2.63858 -0.140027 202.528 -0.263432
5.69 1.37526 72.1333 -2.4399 -0.0782937 202.451 -0.0487029
5.7 1.45588 71.3299 -2.25671 -3.57372e-005 202.374 0.145828
5.71 1.52936 70.5447 -2.09152 0.0719094 202.296 0.320387
5.72 1.59011 69.7795 -1.94718 0.130438 202.219 0.474087
5.73 1.63634 69.0367 -1.82977 0.172874 202.145 0.60182
5.74 1.65638 68.325 -1.74395 0.186059 202.076 0.700295
5.75 1.63087 67.6575 -1.68441 0.148172 202.016 0.777502
5.76 1.55006 67.0473 -1.63385 0.0475194 201.966 0.853967
5.77 1.42598 66.5025 -1.57098 -0.103929 201.927 0.952799
5.78 1.28718 66.0255 -1.4808 -0.27548 201.899 1.08822
5.79 1.17042 65.6091 -1.35808 -0.426152 201.879 1.26139
5.8 1.11386 65.2382 -1.20657 -0.511715 201.864 1.4614
5.81 1.13886 64.8958 -1.0366 -0.5063 201.853 1.67025
5.82 1.2218 64.5717 -0.859718 -0.433706 201.841 1.87391
5.83 1.29642 64.2676 -0.684248 -0.367252 201.833 2.07042
5.84 1.30948 63.9941 -0.518847 -0.368021 201.831 2.26031
5.85 1.26977 63.7663 -0.37953 -0.428492 201.838 2.43109
5.86 1.22978 63.5999 -0.2855 -0.491288 201.857 2.5592
5.87 1.23145 63.5042 -0.2431 -0.508438 201.889 2.6314
5.88 1.28042 63.4729 -0.237276 -0.470348 201.93 2.65728
5.89 1.35135 63.4863 -0.243411 -0.402035 201.977 2.65955
5.9 1.40626 63.5202 -0.246869 -0.344585 202.023 2.65489
5.91 1.42098 63.555 -0.250239 -0.325835 202.061 2.64456
5.92 1.39361 63.5834 -0.266205 -0.350328 202.089 2.61968
5.93 1.33288 63.619 -0.310132 -0.410583 202.108 2.56775
5.94 1.25524 63.6971 -0.398608 -0.489298 202.123 2.47214
5.95 1.18762 63.8655 -0.543471 -0.556042 202.139 2.31737
5.96 1.16057 64.1634 -0.740997 -0.575747 202.161 2.10222
5.97 1.18997 64.608 -0.9715 -0.529699 202.19 1.84338
5.98 1.26416 65.1911 -1.21108 -0.429905 202.223 1.56495
5.99 1.35742 65.8839 -1.44167 -0.304284 202.255 1.28659
6 1.4595 66.6437 -1.65289 -0.163625 202.281 1.01841
6.01 1.58628 67.4288 -1.84026 0.0103192 202.296 0.761662
6.02 1.75869 68.2168 -2.00657 0.241554 202.3 0.509506
6.03 1.98625 69.0151 -2.16624 0.541848 202.297 0.243956
6.04 2.2673 69.8529 -2.33749 0.910555 202.291 -0.0553272
6.05 2.58603 70.7539 -2.52207 1.33004 202.286 -0.387542
6.06 2.91453 71.7126 -2.69905 1.76572 202.277 -0.723256
6.07 3.22525 72.699 -2.84258 2.18336 202.272 -1.02601
6.08 3.49281 73.6484 -2.93924 2.55249 202.259 -1.27439
6.09 3.71076 74.4884 -2.99581 2.86015 202.228 -1.46517
6.1 3.89205 75.1576 -3.02877 3.11738 202.181 -1.61211
6.11 4.05001 75.6223 -3.05643 3.33863 202.113 -1.73537
6.12 4.18608 75.8862 -3.09584 3.52597 202.028 -1.85337
6.13 4.2925 75.981 -3.15638 3.67341 201.929 -1.97813
6.14 4.35203 75.9487 -3.23976 3.76334 201.823 -2.11133
6.15 4.33345 75.827 -3.34569 3.76185 201.716 -2.24949
6.16 4.21067 75.6407 -3.47849 3.63881 201.615 -2.39233
6.17 3.98209 75.4005 -3.64393 3.39076 201.527 -2.54336
6.18 3.66798 75.1104 -3.84409 3.03932 201.455 -2.7058
6.19 3.30772 74.7879 -4.08042 2.62885 201.401 -2.88682
6.2 2.95446 74.4746 -4.3585 2.22133 201.371 -3.10339
6.21 2.64478 74.2374 -4.68016 1.86245 201.367 -3.36898
6.22 2.3692 74.1527 -5.02976 1.54588 201.394 -3.67331
6.23 2.08425 74.2853 -5.37209 1.22361 201.456 -3.97691
6.24 1.76076 74.6752 -5.67094 0.860171 201.558 -4.23351
6.25 1.42558 75.3312 -5.91117 0.480268 201.7 -4.42236
6.26 1.16091 76.2451 -6.10487 0.171716 201.883 -4.55988
6.27 1.06366 77.3976 -6.27255 0.0428266 202.101 -4.67945
6.28 1.18113 78.7678 -6.421 0.151045 202.349 -4.80197
6.29 1.46422 80.3377 -6.53729 0.448849 202.616 -4.92029
6.3 1.78155 82.0904 -6.60086 0.794897 202.898 -5.00646
6.31 2.01124 83.9928 -6.5983 1.05311 203.184 -5.03237
6.32 2.13086 85.977 -6.52503 1.19345 203.466 -4.98152
6.33 2.21478 87.9337 -6.37601 1.29195 203.735 -4.84484
6.34 2.36664 89.735 -6.14414 1.45902 203.979 -4.61786
6.35 2.64776 91.2581 -5.83049 1.76226 204.186 -4.3083
6.36 3.03302 92.4014 -5.45085 2.17699 204.344 -3.93655
6.37 3.40434 93.0976 -5.0281 2.57505 204.442 -3.5199
6.38 3.60224 93.3075 -4.58312 2.77864 204.475 -3.06216
6.39 3.54015 93.0028 -4.13618 2.68779 204.438 -2.56736
6.4 3.27337 92.1605 -3.71098 2.35978 204.333 -2.05668
6.41 2.92421 90.7615 -3.33291 1.92873 204.162 -1.56479
6.42 2.57085 88.822 -3.02897 1.4835 203.937 -1.13086
6.43 2.23241 86.4019 -2.82943 1.05094 203.668 -0.798269
6.44 1.89902 83.59 -2.75908 0.627061 203.366 -0.604325
6.45 1.54056 80.4995 -2.81841 0.18359 203.04 -0.555525
6.46 1.12017 77.2511 -2.97725 -0.318516 202.697 -0.619511
6.47 0.632672 73.9663 -3.19051 -0.885009 202.348 -0.747346
6.48 0.126061 70.7618 -3.4173 -1.46314 202.009 -0.899151
6.49 -0.326536 67.7528 -3.63076 -1.97408 201.698 -1.05227
6.5 -0.670249 65.0611 -3.81568 -2.36048 201.434 -1.19443
6.51 -0.881086 62.7954 -3.95446 -2.59784 201.228 -1.30678
6.52 -0.94607 61.0416 -4.01915 -2.67522 201.093 -1.35832
6.53 -0.840672 59.8599 -3.98066 -2.56653 201.023 -1.31984
6.54 -0.54144 59.2682 -3.81688 -2.24395 201.021 -1.17302
6.55 -0.0706857 59.2421 -3.51367 -1.72961 201.076 -0.905354
6.56 0.48946 59.7182 -3.06947 -1.11248 201.178 -0.509821
6.57 1.04192 60.6049 -2.49965 -0.500956 201.321 0.00955207
6.58 1.52349 61.7943 -1.83386 0.0303046 201.497 0.636949
6.59 1.92769 63.1733 -1.11015 0.467831 201.698 1.34539
6.6 2.29982 64.6274 -0.36705 0.857103 201.91 2.09887
6.61 2.69551 66.0407 0.366426 1.25825 202.111 2.8597
6.62 3.13462 67.2792 1.08273 1.69872 202.311 3.61042
6.63 3.58554 68.1953 1.77545 2.15061 202.463 4.33551
6.64 3.98987 68.6504 2.42754 2.55612 202.554 5.01765
6.65 4.29149 68.516 3.00367 2.85515 202.574 5.62084
6.66 4.46573 67.7219 3.45311 3.02057 202.522 6.09566
6.67 4.52179 66.2548 3.73174 3.05965 202.389 6.4028
6.68 4.47429 64.1741 3.82054 2.98702 202.197 6.52376
6.69 4.31926 61.6084 3.72627 2.79625 201.952 6.46888
6.7 4.03919 58.7238 3.4735 2.46856 201.689 6.26183
6.71 3.63139 55.6961 3.08025 2.00297 201.412 5.91864
6.72 3.12554 52.6928 2.56226 1.43511 201.133 5.44779
6.73 2.56123 49.8495 1.95336 0.810681 200.864 4.87753
6.74 1.95645 47.271 1.31878 0.148522 200.605 4.27572
6.75 1.31598 45.043 0.745057 -0.55041 200.364 3.73838
6.76 0.653702 43.2468 0.307836 -1.27791 200.151 3.35302
6.77 -0.00706133 41.976 0.0427124 -2.01456 199.98 3.16524
6.78 -0.632024 41.3355 -0.0528171 -2.72722 199.869 3.17771
6.79 -1.16696 41.4099 0.00395273 -3.36241 199.835 3.37161
6.8 -1.5605 42.2195 0.198653 -3.85482 199.885 3.72334
6.81 -1.77206 43.7493 0.520577 -4.15982 200.016 4.20803
6.82 -1.80983 45.8948 0.952497 -4.27621 200.229 4.79379
6.83 -1.70557 48.509 1.46487 -4.23303 200.508 5.4405
6.84 -1.48287 51.3972 2.01923 -4.04835 200.832 6.09821
6.85 -1.14889 54.3631 2.5752 -3.72437 201.186 6.71578
6.86 -0.724203 57.2242 3.09757 -3.28184 201.551 7.2573
6.87 -0.245955 59.8515 3.555 -2.76074 201.921 7.69014
6.88 0.263661 62.1496 3.91592 -2.18637 202.284 7.98699
6.89 0.81554 64.0556 4.14705 -1.54764 202.619 8.1152
6.9 1.42997 65.5214 4.21635 -0.822039 202.917 8.04185
6.91 2.09027 66.5083 4.10262 -0.0289112 203.162 7.7481
6.92 2.73026 66.9894 3.8111 0.757079 203.342 7.24949
6.93 3.28809 66.9425 3.37585 1.46246 203.44 6.5947
6.94 3.75644 66.3671 2.83881 2.07283 203.441 5.83747
6.95 4.16622 65.3095 2.2274 2.61736 203.347 5.01081
6.96 4.5282 63.8773 1.55652 3.10475 203.165 4.13385
6.97 4.80278 62.2256 0.85155 3.4899 202.91 3.23917
6.98 4.92847 60.5205 0.16237 3.70289 202.602 2.38739
6.99 4.86408 58.9105 -0.447622 3.69656 202.257 1.65211
7 4.59659 57.512 -0.931181 3.45397 201.893 1.08906
7.01 4.11096 56.4102 -1.27375 2.95562 201.527 0.720945
7.02 3.39327 55.6577 -1.48589 2.18346 201.173 0.544023
7.03 2.48209 55.2848 -1.59198 1.17857 200.845 0.530767
7.04 1.49914 55.3072 -1.63207 0.0778907 200.553 0.621529
7.05 0.624169 55.7422 -1.66371 -0.911718 200.309 0.725503
7.06 0.0105041 56.6167 -1.74067 -1.60802 200.121 0.750079
7.07 -0.297953 57.9443 -1.89312 -1.94889 199.997 0.63965
7.08 -0.34886 59.7222 -2.1225 -1.97896 199.943 0.382934
7.09 -0.206558 61.9025 -2.42089 -1.76672 199.96 -0.00868933
7.1 0.0989937 64.406 -2.77997 -1.34892 200.05 -0.51935
7.11 0.564751 67.1295 -3.18694 -0.735322 200.214 -1.12611
7.12 1.183 69.9741 -3.61785 0.05839 200.448 -1.79291
7.13 1.93463 72.8569 -4.04532 1.00532 200.748 -2.48225
7.14 2.79859 75.7231 -4.45207 2.0791 201.1 -3.17147
7.15 3.74342 78.5374 -4.82816 3.24524 201.484 -3.85149
7.16 4.72202 81.2593 -5.17197 4.44376 201.873 -4.51183
7.17 5.69075 83.8676 -5.49841 5.63269 202.272 -5.15623
7.18 6.59691 86.3059 -5.82494 6.74729 202.643 -5.7901
7.19 7.39024 88.528 -6.16714 7.73349 202.972 -6.41601
7.2 8.0357 90.4815 -6.52547 8.54285 203.243 -7.02067
7.21 8.50905 92.1351 -6.88168 9.13835 203.47 -7.56269
7.22 8.78019 93.4739 -7.2038 9.48313 203.617 -8.0011
7.23 8.81506 94.4909 -7.4589 9.53181 203.709 -8.29068
7.24 8.5822 95.2103 -7.62177 9.25169 203.726 -8.4027
7.25 8.09254 95.61 -7.68883 8.65737 203.686 -8.33988
7.26 7.37894 95.6958 -7.67909 7.79444 203.581 -8.13629
7.27 6.4796 95.4655 -7.62548 6.71419 203.413 -7.84358
7.28 5.42853 94.9256 -7.56003 5.45976 203.2 -7.50813
7.29 4.26687 94.1012 -7.49815 4.07978 202.957 -7.15796
7.3 3.0465 93.0236 -7.43984 2.63318 202.705 -6.79857
7.31 1.80729 91.7517 -7.37935 1.16155 202.461 -6.4281
7.32 0.58111 90.3484 -7.31094 -0.30054 202.248 -6.04271
7.33 -0.558991 88.8738 -7.22964 -1.66805 202.083 -5.64605
7.34 -1.47669 87.3633 -7.13198 -2.78831 201.964 -5.26072
7.35 -2.044 85.8373 -7.01026 -3.50804 201.906 -4.90464
7.36 -2.23088 84.3075 -6.84704 -3.78881 201.89 -4.57997
7.37 -2.11617 82.7915 -6.61929 -3.71207 201.921 -4.26352
7.38 -1.81072 81.3154 -6.31374 -3.40173 201.995 -3.9301
7.39 -1.36411 79.8977 -5.93558 -2.91851 202.106 -3.57124
7.4 -0.769101 78.5741 -5.50223 -2.26263 202.251 -3.19239
7.41 -0.0311004 77.3751 -5.02538 -1.44758 202.429 -2.79118
7.42 0.793395 76.3287 -4.50872 -0.541106 202.637 -2.35503
7.43 1.62715 75.4422 -3.95699 0.367238 202.865 -1.87389
7.44 2.43663 74.6926 -3.3787 1.2386 203.097 -1.35044
7.45 3.2399 74.0173 -2.78134 2.09486 203.31 -0.79545
7.46 4.04653 73.325 -2.16806 2.94924 203.477 -0.216907
7.47 4.79989 72.5261 -1.54099 3.74232 203.575 0.384263
7.48 5.38328 71.5549 -0.907362 4.34632 203.592 1.01083
7.49 5.68107 70.3742 -0.272082 4.63059 203.524 1.67197
7.5 5.64418 68.9561 0.372516 4.53669 203.371 2.39353
7.51 5.30333 67.2764 1.04555 4.08728 203.152 3.20589
7.52 4.71812 65.3186 1.76013 3.34606 202.862 4.13339
7.53 3.93486 63.0853 2.49601 2.36159 202.534 5.14995
7.54 2.98839 60.5734 3.20892 1.17915 202.158 6.19842
7.55 1.92183 57.7961 3.84659 -0.142438 201.752 7.20114
7.56 0.814679 54.7596 4.37173 -1.49973 201.323 8.09165
7.57 -0.225903 51.4814 4.76486 -2.77028 200.853 8.82033
7.58 -1.14506 48.0349 5.01992 -3.88585 200.384 9.36396
7.59 -1.97502 44.5471 5.14629 -4.87052 199.962 9.72714
7.6 -2.77729 41.134 5.16515 -5.80422 199.565 9.94548
7.61 -3.53101 37.9538 5.10322 -6.67653 199.252 10.0574
7.62 -4.13127 35.1282 4.9909 -7.3702 199.026 10.0875
7.63 -4.44927 32.7618 4.84949 -7.75114 198.923 10.0462
7.64 -4.43198 30.9502 4.68336 -7.75528 198.924 9.92437
7.65 -4.13064 29.7917 4.48851 -7.42583 199.031 9.70519
7.66 -3.66168 29.3606 4.26268 -6.88532 199.239 9.38737
7.67 -3.13914 29.7046 4.013 -6.26131 199.521 8.99154
7.68 -2.60231 30.8432 3.75081 -5.60555 199.877 8.54835
7.69 -2.00033 32.7688 3.48734 -4.87256 200.286 8.08399
7.7 -1.27484 35.4496 3.23564 -4.00759 200.743 7.62471
7.71 -0.442786 38.8303 3.00998 -3.03458 201.239 7.19702
7.72 0.408234 42.8315 2.82052 -2.05116 201.764 6.82327
7.73 1.18908 47.3356 2.66929 -1.15316 202.296 6.51157
7.74 1.8412 52.1821 2.55044 -0.401391 202.81 6.25646
7.75 2.31431 57.1919 2.45171 0.151678 203.277 6.04636
7.76 2.55273 62.1795 2.35486 0.447459 203.674 5.8648
7.77 2.52417 66.9664 2.23485 0.451171 203.987 5.68855
7.78 2.2546 71.3914 2.07112 0.191337 204.211 5.4951
7.79 1.8324 75.3173 1.85539 -0.235858 204.348 5.26983
7.8 1.36021 78.6382 1.5849 -0.717817 204.401 5.00128
7.81 0.896688 81.2771 1.25453 -1.19006 204.372 4.67659
7.82 0.420726 83.1908 0.859012 -1.67448 204.266 4.28795
7.83 -0.157305 84.3632 0.395196 -2.26862 204.092 3.83725
7.84 -0.924267 84.8108 -0.143186 -3.06886 203.861 3.32628
7.85 -1.88151 84.5902 -0.768764 -4.08066 203.59 2.74513
7.86 -2.94667 83.7882 -1.49362 -5.2152 203.293 2.07584
7.87 -3.99072 82.5532 -2.32131 -6.33205 203.002 1.30962
7.88 -4.88954 81.0596 -3.21729 -7.29318 202.731 0.465575
7.89 -5.53617 79.4753 -4.13072 -7.97497 202.513 -0.420341
7.9 -5.85165 77.9629 -5.01281 -8.2914 202.349 -1.31842
7.91 -5.80515 76.6685 -5.83541 -8.20178 202.24 -2.2168
7.92 -5.42728 75.7158 -6.5817 -7.73179 202.19 -3.11092
7.93 -4.8139 75.2023 -7.23911 -6.98171 202.208 -3.9794
7.94 -4.07869 75.2093 -7.78407 -6.08051 202.289 -4.77981
7.95 -3.29952 75.799 -8.18517 -5.1232 202.447 -5.45498
7.96 -2.48096 76.9991 -8.41493 -4.12712 202.674 -5.95793
7.97 -1.58471 78.8151 -8.45456 -3.05787 202.974 -6.2568
7.98 -0.578926 81.1957 -8.30166 -1.88486 203.331 -6.34165
7.99 0.515501 84.0438 -7.97384 -0.627784 203.722 -6.22981
8 1.62008 87.2029 -7.51473 0.631339 204.117 -5.96617
8.01 2.64409 90.4918 -6.98591 1.79749 204.487 -5.61471
8.02 3.55054 93.7037 -6.45502 2.83162 204.802 -5.24624
8.03 4.35882 96.6265 -5.9801 3.76361 205.019 -4.92951
8.04 5.07705 99.0874 -5.59254 4.60559 205.144 -4.69499
8.05 5.66489 100.992 -5.29204 5.30921 205.168 -4.53335
8.06 6.07264 102.26 -5.06418 5.81413 205.093 -4.41835
8.07 6.30475 102.812 -4.89954 6.12195 204.918 -4.33642
8.08 6.40602 102.578 -4.80365 6.28169 204.65 -4.29867
8.09 6.3926 101.527 -4.79761 6.31287 204.297 -4.33451
8.1 6.22291 99.6828 -4.91051 6.1749 203.862 -4.47846
8.11 5.84621 97.1075 -5.15902 5.81334 203.36 -4.75059
8.12 5.252 93.9129 -5.53297 5.21451 202.807 -5.1392
8.13 4.48075 90.2518 -5.99479 4.4161 202.228 -5.60208
8.14 3.61426 86.3094 -6.49901 3.50137 201.653 -6.087
8.15 2.76001 82.2966 -7.01017 2.58199 201.108 -6.5563
8.16 2.02268 78.43 -7.50652 1.77081 200.616 -6.99411
8.17 1.47651 74.8947 -7.95967 1.15183 200.202 -7.38186
8.18 1.14981 71.8378 -8.32028 0.761997 199.878 -7.68149
8.19 1.02841 69.3582 -8.53116 0.592324 199.648 -7.84081
8.2 1.08839 67.5141 -8.54758 0.618553 199.509 -7.82018
8.21 1.31769 66.3306 -8.35546 0.831205 199.464 -7.60582
8.22 1.71983 65.8134 -7.97151 1.23561 199.514 -7.21705
8.23 2.30722 65.9536 -7.43707 1.84692 199.659 -6.69911
8.24 3.08745 66.7307 -6.80793 2.67572 199.899 -6.11318
8.25 4.04284 68.1002 -6.14138 3.70657 200.225 -5.52068
8.26 5.12075 69.9928 -5.48396 4.88438 200.624 -4.96737
8.27 6.25283 72.284 -4.86526 6.13648 201.076 -4.47838
8.28 7.37581 74.8046 -4.30135 7.38882 201.55 -4.06286
8.29 8.42945 77.3526 -3.79939 8.58112 201.998 -3.72193
8.3 9.355 79.734 -3.36342 9.65391 202.402 -3.45173
8.31 10.133 81.7664 -2.99937 10.585 202.728 -3.25088
8.32 10.7876 83.2868 -2.71692 11.3867 202.97 -3.12171
8.33 11.3334 84.236 -2.52195 12.0674 203.097 -3.0648
8.34 11.7709 84.5491 -2.40813 12.62 203.097 -3.06976
8.35 12.0728 84.2445 -2.36032 13.0192 202.976 -3.11591
8.36 12.224 83.3141 -2.36339 13.2386 202.748 -3.18248
8.37 12.2107 81.7896 -2.41505 13.2634 202.412 -3.26772
8.38 12.0168 79.7229 -2.52974 13.0799 201.984 -3.38919
8.39 11.6426 77.1495 -2.7347 12.6888 201.481 -3.57967
8.4 11.0856 74.2069 -3.04791 12.0895 200.92 -3.86189
8.41 10.3783 71.0539 -3.46243 11.3188 200.336 -4.23425
8.42 9.59123 67.8425 -3.94409 10.4561 199.749 -4.6706
8.43 8.80361 64.7556 -4.43944 9.59097 199.187 -5.12545
8.44 8.08933 61.9407 -4.89441 8.80791 198.669 -5.55207
8.45 7.51093 59.5195 -5.26983 8.17817 198.216 -5.91965
8.46 7.11627 57.566 -5.55023 7.75805 197.84 -6.21673
8.47 6.93246 56.1382 -5.72907 7.57827 197.545 -6.44293
8.48 6.96722 55.2556 -5.80563 7.64665 197.336 -6.59547
8.49 7.2281 54.928 -5.77487 7.97001 197.215 -6.66617
8.5 7.72807 55.1515 -5.62553 8.56167 197.186 -6.64186
8.51 8.45853 55.9132 -5.35047 9.41231 197.256 -6.51351
8.52 9.35698 57.1683 -4.96426 10.4503 197.419 -6.28753
8.53 10.3186 58.8432 -4.49817 11.5554 197.665 -5.98077
8.54 11.2507 60.8508 -3.99207 12.622 197.98 -5.61701
8.55 12.073 63.1039 -3.48509 13.5618 198.366 -5.22971
8.56 12.7982 65.3466 -3.0312 14.3989 198.74 -4.87552
8.57 13.4559 67.5077 -2.65645 15.1606 199.153 -4.57844
8.58 14.0634 69.4966 -2.36223 15.8594 199.56 -4.34647
8.59 14.5898 71.1624 -2.13773 16.4706 199.912 -4.17025
8.6 15.0138 72.4042 -1.97148 16.9656 200.202 -4.04347
8.61 15.34 73.1888 -1.86253 17.3479 200.427 -3.96942
8.62 15.5943 73.4514 -1.82233 17.6539 200.554 -3.96153
8.63 15.7916 73.1964 -1.87482 17.8966 200.597 -4.04355
8.64 15.9218 72.4556 -2.04214 18.0631 200.545 -4.23985
8.65 15.9638 71.3145 -2.33971 18.1315 200.414 -4.56879
8.66 15.8881 69.8822 -2.76351 18.0704 200.218 -5.02624
8.67 15.6557 68.2784 -3.28681 17.835 199.972 -5.58052
8.68 15.2299 66.6353 -3.86749 17.3837 199.689 -6.18029
8.69 14.5965 65.0742 -4.46116 16.6959 199.386 -6.77095
8.7 13.7862 63.6959 -5.02772 15.8011 199.083 -7.30446
8.71 12.8651 62.5701 -5.52659 14.7704 198.791 -7.74032
8.72 11.8931 61.7476 -5.91579 13.6699 198.527 -8.03502
8.73 10.8973 61.2718 -6.16107 12.5265 198.296 -8.15132
8.74 9.89573 61.1801 -6.24997 11.3589 198.108 -8.07491
8.75 8.93768 61.4981 -6.20009 10.2239 197.978 -7.82812
8.76 8.10354 62.2369 -6.04177 9.21442 197.907 -7.45506
8.77 7.46074 63.3706 -5.80191 8.41098 197.905 -6.99751
8.78 7.01168 64.8389 -5.49137 7.82097 197.982 -6.47391
8.79 6.68497 66.5525 -5.10472 7.36579 198.137 -5.87495
8.8 6.38266 68.3982 -4.63553 6.93372 198.366 -5.18203
8.81 6.02741 70.247 -4.09092 6.4332 198.672 -4.38857
8.82 5.58763 71.9759 -3.4954 5.82311 199.052 -3.5085
8.83 5.08714 73.4795 -2.88298 5.12696 199.496 -2.57631
8.84 4.60197 74.6712 -2.28662 4.4274 199.994 -1.638
8.85 4.23211 75.4799 -1.73057 3.84299 200.521 -0.742654
8.86 4.05219 75.8494 -1.22449 3.47603 201.048 0.0715165
8.87 4.06917 75.7319 -0.766009 3.35291 201.555 0.790287
8.88 4.21197 75.0905 -0.345171 3.3929 202.025 1.42557
8.89 4.36171 73.91 0.0466804 3.4552 202.437 2.00218
8.9 4.41736 72.2125 0.406123 3.41173 202.783 2.53939
8.91 4.33527 70.0572 0.721516 3.20275 203.058 3.04801
8.92 4.10694 67.5499 0.987847 2.80976 203.271 3.53529
8.93 3.71729 64.8295 1.21555 2.21174 203.419 4.02265
8.94 3.13424 62.052 1.42186 1.37108 203.514 4.53557
8.95 2.32184 59.3637 1.61508 0.251278 203.568 5.07963
8.96 1.24317 56.881 1.79602 -1.15801 203.598 5.64196
8.97 -0.111451 54.7344 1.95092 -2.84099 203.57 6.21379
8.98 -1.71809 52.7412 2.11051 -4.80451 203.432 6.8222
8.99 -3.4885 51.1756 2.26965 -6.93331 203.371 7.45581
9 -5.3192 50.0299 2.43862 -9.11495 203.179 8.12033
9.01 -7.09658 49.2818 2.62993 -11.1732 203.065 8.78372
9.02 -8.71078 49.0331 2.86545 -13.0297 203.005 9.478
9.03 -10.1314 49.2098 3.16686 -14.6665 202.892 10.2122
9.04 -11.3744 49.8006 3.54286 -16.0934 202.881 10.9758
9.05 -12.4462 50.7916 3.96394 -17.3355 202.864 11.7514
9.06 -13.3585 52.104 4.38332 -18.3798 202.951 12.473
9.07 -14.1052 53.6779 4.73481 -19.2316 203.05 13.0802
9.08 -14.6878 55.3814 4.96879 -19.887 203.25 13.498
9.09 -15.1027 57.2087 5.03551 -20.3484 203.494 13.6812
9.1 -15.3422 59.1331 4.9245 -20.6024 203.814 13.6202
9.11 -15.3626 61.1646 4.64429 -20.608 204.225 13.3201
9.12 -15.1032 63.2577 4.22553 -20.2905 204.647 12.8108
9.13 -14.5507 65.3767 3.7213 -19.6377 205.072 12.1467
9.14 -13.7262 67.5097 3.17336 -18.6738 205.527 11.3793
9.15 -12.7191 69.5645 2.60747 -17.4988 205.942 10.5479
9.16 -11.6441 71.5208 2.04391 -16.2388 206.318 9.68821
9.17 -10.5885 73.3451 1.5059 -14.9942 206.642 8.8435
9.18 -9.57619 75.0427 1.01495 -13.797 206.913 8.04845
9.19 -8.59171 76.6385 0.58109 -12.6348 207.113 7.32016
9.2 -7.63165 78.177 0.19058 -11.5038 207.247 6.64408
9.21 -6.73862 79.701 -0.191381 -10.4469 207.317 5.983
9.22 -5.98877 81.2453 -0.59423 -9.54221 207.319 5.30646
9.23 -5.44764 82.7932 -1.0231 -8.85878 207.246 4.61289
9.24 -5.13471 84.2814 -1.46065 -8.41735 207.096 3.92406
9.25 -5.01529 85.6365 -1.88006 -8.18121 206.867 3.27021
9.26 -5.02229 86.7795 -2.25698 -8.07932 206.558 2.67679
9.27 -5.09842 87.6559 -2.57715 -8.05113 206.172 2.15722
9.28 -5.2289 88.2363 -2.8365 -8.08178 205.723 1.7157
9.29 -5.42463 88.5277 -3.04252 -8.18457 205.225 1.34582
9.3 -5.6692 88.5552 -3.22491 -8.34395 204.696 1.01612
9.31 -5.89882 88.3573 -3.43332 -8.49119 204.162 0.667521
9.32 -6.03915 87.98 -3.71907 -8.54375 203.638 0.239712
9.33 -6.04702 87.4658 -4.10684 -8.45317 203.13 -0.305848
9.34 -5.90622 86.8454 -4.58811 -8.19579 202.673 -0.96766
9.35 -5.60451 86.1421 -5.13708 -7.75575 202.271 -1.73239
9.36 -5.13671 85.3806 -5.71873 -7.12465 201.936 -2.56435
9.37 -4.50741 84.6004 -6.28957 -6.30636 201.67 -3.42678
9.38 -3.71816 83.8297 -6.80132 -5.30271 201.495 -4.26027
9.39 -2.7688 83.1162 -7.20634 -4.1055 201.398 -5.01142
9.4 -1.66693 82.5109 -7.46651 -2.72312 201.365 -5.62856
9.41 -0.460413 82.0054 -7.5465 -1.23202 201.397 -6.06213
9.42 0.782367 81.6175 -7.43126 0.276084 201.491 -6.28775
9.43 2.01699 81.3353 -7.13653 1.74913 201.631 -6.30371
9.44 3.23179 81.1383 -6.69338 3.17361 201.792 -6.13691
9.45 4.45099 81.0019 -6.13994 4.57329 201.975 -5.81065
9.46 5.67089 80.8714 -5.52116 5.94258 202.129 -5.36983
9.47 6.84062 80.67 -4.87398 7.23994 202.255 -4.86216
9.48 7.88719 80.3431 -4.21501 8.39024 202.336 -4.30177
9.49 8.73462 79.8107 -3.54561 9.30756 202.369 -3.68669
9.5 9.34204 78.9953 -2.86492 9.9484 202.333 -3.01049
9.51 9.73178 77.8133 -2.17603 10.3369 202.235 -2.28161
9.52 9.95998 76.1999 -1.49392 10.539 202.046 -1.52459
9.53 10.0429 74.102 -0.83317 10.5806 201.789 -0.763551
9.54 9.93044 71.5288 -0.217735 10.4066 201.468 -0.0291655
9.55 9.55782 68.5102 0.32839 9.94683 201.085 0.660443
9.56 8.90279 65.125 0.779298 9.17236 200.659 1.27841
9.57 8.00857 61.4662 1.11839 8.12923 200.197 1.81229
9.58 6.95551 57.6263 1.35654 6.90221 199.724 2.27473
9.59 5.81329 53.7001 1.5284 5.56258 199.257 2.70412
9.6 4.63378 49.7815 1.67316 4.15574 198.821 3.14338
9.61 3.48347 45.9564 1.8223 2.73123 198.435 3.61893
9.62 2.4566 42.3045 1.99791 1.41809 198.062 4.13285
9.63 1.64115 38.9052 2.22411 0.339834 197.761 4.69061
9.64 1.07049 35.838 2.52882 -0.463821 197.54 5.30445
9.65 0.691829 33.1585 2.94021 -1.04406 197.394 5.9948
9.66 0.416671 30.9287 3.47069 -1.49223 197.331 6.77856
9.67 0.198973 29.2002 4.11138 -1.86086 197.371 7.65039
9.68 0.0605172 27.9825 4.83228 -2.13283 197.512 8.5838
9.69 0.0560345 27.284 5.5882 -2.24856 197.759 9.52521
9.7 0.199 27.077 6.33905 -2.19606 198.103 10.4381
9.71 0.448556 27.3184 7.05572 -2.02021 198.53 11.2953
9.72 0.756205 27.9401 7.72384 -1.7725 199.014 12.0858
9.73 1.09173 28.8468 8.34085 -1.48013 199.524 12.8055
9.74 1.41807 29.9365 8.89532 -1.18335 200.035 13.4597
9.75 1.68775 31.0564 9.40999 -0.949594 200.525 14.0625
9.76 1.8607 32.1398 9.88466 -0.821683 200.959 14.6439
9.77 1.96179 33.0418 10.3339 -0.777743 201.341 15.2123
9.78 2.04611 33.7152 10.753 -0.755742 201.641 15.7659
9.79 2.13726 34.1166 11.1254 -0.727015 201.871 16.279
9.8 2.19091 34.2336 11.423 -0.736797 202.017 16.7174
9.81 2.11564 34.0615 11.6278 -0.883639 202.071 17.0563
9.82 1.80096 33.6638 11.7062 -1.28667 202.052 17.2668
9.83 1.16714 33.086 11.6129 -2.03705 201.974 17.3115
9.84 0.195769 32.3781 11.3299 -3.13694 201.837 17.1702
9.85 -1.03955 31.6695 10.8447 -4.51901 201.653 16.832
9.86 -2.44774 31.0221 10.1776 -6.07873 201.451 16.312
9.87 -3.94665 30.5703 9.35686 -7.72422 201.253 15.6384
9.88 -5.45873 30.4427 8.42515 -9.37802 201.059 14.8494
9.89 -6.91312 30.7519 7.42724 -10.9577 200.917 13.9858
9.9 -8.24329 31.5915 6.40382 -12.4014 200.792 13.0737
9.91 -9.40108 33.0374 5.38238 -13.6489 200.737 12.1384
9.92 -10.3808 35.1561 4.37279 -14.6953 200.742 11.1893
9.93 -11.197 37.9898 3.38043 -15.5548 200.832 10.2282
9.94 -11.8613 41.5727 2.3964 -16.24 201.016 9.25165
9.95 -12.365 45.9791 1.42126 -16.7488 201.32 8.25366
9.96 -12.6936 51.1843 0.471233 -17.0654 201.753 7.261
9.97 -12.8452 57.1591 -0.419253 -17.1946 202.313 6.30351
9.98 -12.8396 63.7719 -1.22231 -17.1492 202.998 5.41413
9.99 -12.6924 70.8524 -1.9326 -16.9414 203.776 4.59391
10 -12.3902 78.237 -2.57499 -16.5556 204.615 3.80961
