0.1 -0.368988 -1.27237e-005
0.2 -0.738906 -2.54795e-005
0.3 -1.10976 -3.82677e-005
0.4 -1.48156 -5.10884e-005
0.5 -1.85432 -6.3942e-005
0.6 -2.22803 -7.68286e-005
0.7 -2.60271 -8.97486e-005
0.8 -2.97836 -0.000102702
0.9 -3.35492 -0.000115687
1 -3.73216 -0.000128695
0.01 -3.73133 -0.000128666
0.02 -3.72896 -0.000128585
0.03 -3.72627 -0.000128492
0.04 -3.72445 -0.000128429
0.05 -3.72368 -0.000128403
0.06 -3.7239 -0.00012841
0.07 -3.72498 -0.000128448
0.08 -3.72673 -0.000128508
0.09 -3.72893 -0.000128584
0.1 -3.73142 -0.00012867
0.11 -3.73406 -0.000128761
0.12 -3.73677 -0.000128854
0.13 -3.73954 -0.00012895
0.14 -3.7424 -0.000129048
0.15 -3.74536 -0.00012915
0.16 -3.74836 -0.000129254
0.17 -3.75131 -0.000129356
0.18 -3.75418 -0.000129454
0.19 -3.75702 -0.000129553
0.2 -3.75998 -0.000129655
0.21 -3.76308 -0.000129761
0.22 -3.7662 -0.000129869
0.23 -3.76917 -0.000129971
0.24 -3.7719 -0.000130065
0.25 -3.77442 -0.000130153
0.26 -3.77695 -0.00013024
0.27 -3.77976 -0.000130337
0.28 -3.78321 -0.000130455
0.29 -3.78758 -0.000130606
0.3 -3.79302 -0.000130794
0.31 -3.79951 -0.000131018
0.32 -3.8067 -0.000131266
0.33 -3.81406 -0.000131519
0.34 -3.8211 -0.000131762
0.35 -3.82758 -0.000131986
0.36 -3.83352 -0.00013219
0.37 -3.83891 -0.000132376
0.38 -3.84356 -0.000132536
0.39 -3.8472 -0.000132662
0.4 -3.84976 -0.00013275
0.41 -3.85152 -0.000132811
0.42 -3.85288 -0.000132858
0.43 -3.85401 -0.000132897
0.44 -3.85485 -0.000132926
0.45 -3.85524 -0.000132939
0.46 -3.85523 -0.000132939
0.47 -3.85493 -0.000132929
0.48 -3.85436 -0.000132909
0.49 -3.85342 -0.000132876
0.5 -3.85204 -0.000132829
0.51 -3.85025 -0.000132767
0.52 -3.8481 -0.000132693
0.53 -3.84557 -0.000132606
0.54 -3.84274 -0.000132508
0.55 -3.83995 -0.000132412
0.56 -3.83751 -0.000132328
0.57 -3.83525 -0.00013225
0.58 -3.8327 -0.000132162
0.59 -3.82951 -0.000132052
0.6 -3.82574 -0.000131922
0.61 -3.82166 -0.000131782
0.62 -3.81743 -0.000131636
0.63 -3.81284 -0.000131477
0.64 -3.80748 -0.000131292
0.65 -3.80118 -0.000131075
0.66 -3.79415 -0.000130833
0.67 -3.78692 -0.000130583
0.68 -3.77977 -0.000130337
0.69 -3.77256 -0.000130088
0.7 -3.76511 -0.000129831
0.71 -3.75765 -0.000129574
0.72 -3.75087 -0.00012934
0.73 -3.74529 -0.000129148
0.74 -3.74063 -0.000128987
0.75 -3.73591 -0.000128824
0.76 -3.73047 -0.000128637
0.77 -3.72451 -0.000128431
0.78 -3.71847 -0.000128223
0.79 -3.71261 -0.000128021
0.8 -3.70693 -0.000127825
0.81 -3.70161 -0.000127642
0.82 -3.69725 -0.000127491
0.83 -3.6944 -0.000127393
0.84 -3.69291 -0.000127342
0.85 -3.69216 -0.000127316
0.86 -3.69135 -0.000127288
0.87 -3.68969 -0.000127231
0.88 -3.68661 -0.000127124
0.89 -3.68219 -0.000126972
0.9 -3.67717 -0.000126799
0.91 -3.67215 -0.000126626
0.92 -3.66684 -0.000126443
0.93 -3.66019 -0.000126213
0.94 -3.65192 -0.000125928
0.95 -3.6437 -0.000125645
0.96 -3.63799 -0.000125448
0.97 -3.63574 -0.00012537
0.98 -3.6358 -0.000125372
0.99 -3.63666 -0.000125402
1 -3.63797 -0.000125447
1.01 -3.64073 -0.000125543
1.02 -3.64606 -0.000125726
1.03 -3.65321 -0.000125973
1.04 -3.65958 -0.000126192
1.05 -3.66328 -0.00012632
1.06 -3.6647 -0.000126369
1.07 -3.6655 -0.000126396
1.08 -3.66702 -0.000126449
1.09 -3.66951 -0.000126535
1.1 -3.67214 -0.000126626
1.11 -3.67352 -0.000126673
1.12 -3.67262 -0.000126642
1.13 -3.66985 -0.000126547
1.14 -3.66754 -0.000126467
1.15 -3.66834 -0.000126495
1.16 -3.673 -0.000126655
1.17 -3.67962 -0.000126883
1.18 -3.68491 -0.000127066
1.19 -3.68707 -0.00012714
1.2 -3.68739 -0.000127152
1.21 -3.68877 -0.000127199
1.22 -3.69329 -0.000127355
1.23 -3.70144 -0.000127636
1.24 -3.71228 -0.00012801
1.25 -3.72403 -0.000128415
1.26 -3.73517 -0.000128799
1.27 -3.74498 -0.000129137
1.28 -3.75319 -0.00012942
1.29 -3.75977 -0.000129647
1.3 -3.76454 -0.000129812
1.31 -3.76706 -0.000129899
1.32 -3.76765 -0.000129919
1.33 -3.76817 -0.000129937
1.34 -3.77051 -0.000130017
1.35 -3.77411 -0.000130142
1.36 -3.77608 -0.00013021
1.37 -3.77449 -0.000130155
1.38 -3.77062 -0.000130021
1.39 -3.76821 -0.000129938
1.4 -3.7704 -0.000130014
1.41 -3.77596 -0.000130205
1.42 -3.77888 -0.000130306
1.43 -3.7739 -0.000130134
1.44 -3.76173 -0.000129715
1.45 -3.74867 -0.000129265
1.46 -3.74149 -0.000129017
1.47 -3.74162 -0.000129021
1.48 -3.74433 -0.000129115
1.49 -3.74426 -0.000129112
1.5 -3.73992 -0.000128963
1.51 -3.73223 -0.000128698
1.52 -3.72139 -0.000128324
1.53 -3.70655 -0.000127812
1.54 -3.68784 -0.000127167
1.55 -3.66739 -0.000126462
1.56 -3.64795 -0.000125791
1.57 -3.63138 -0.00012522
1.58 -3.61905 -0.000124795
1.59 -3.61217 -0.000124558
1.6 -3.61044 -0.000124498
1.61 -3.60987 -0.000124478
1.62 -3.60407 -0.000124278
1.63 -3.59125 -0.000123836
1.64 -3.57735 -0.000123357
1.65 -3.5696 -0.00012309
1.66 -3.56912 -0.000123073
1.67 -3.57083 -0.000123132
1.68 -3.56932 -0.00012308
1.69 -3.56391 -0.000122894
1.7 -3.5574 -0.000122669
1.71 -3.55104 -0.00012245
1.72 -3.54416 -0.000122213
1.73 -3.53762 -0.000121987
1.74 -3.53488 -0.000121892
1.75 -3.53975 -0.00012206
1.76 -3.55413 -0.000122556
1.77 -3.57731 -0.000123355
1.78 -3.60575 -0.000124336
1.79 -3.63329 -0.000125286
1.8 -3.65472 -0.000126025
1.81 -3.67024 -0.00012656
1.82 -3.68415 -0.000127039
1.83 -3.69978 -0.000127579
1.84 -3.7169 -0.000128169
1.85 -3.73274 -0.000128715
1.86 -3.74546 -0.000129154
1.87 -3.75583 -0.000129511
1.88 -3.76511 -0.000129831
1.89 -3.77313 -0.000130108
1.9 -3.7796 -0.000130331
1.91 -3.78507 -0.00013052
1.92 -3.78978 -0.000130682
1.93 -3.79408 -0.00013083
1.94 -3.80038 -0.000131048
1.95 -3.8113 -0.000131424
1.96 -3.82699 -0.000131965
1.97 -3.84502 -0.000132587
1.98 -3.86243 -0.000133187
1.99 -3.87819 -0.000133731
2 -3.89294 -0.000134239
2.01 -3.90686 -0.000134719
2.02 -3.91804 -0.000135105
2.03 -3.92366 -0.000135299
2.04 -3.92327 -0.000135285
2.05 -3.91895 -0.000135136
2.06 -3.9127 -0.000134921
2.07 -3.9054 -0.000134669
2.08 -3.8974 -0.000134393
2.09 -3.88927 -0.000134113
2.1 -3.88256 -0.000133881
2.11 -3.87947 -0.000133775
2.12 -3.8811 -0.000133831
2.13 -3.88662 -0.000134021
2.14 -3.8929 -0.000134238
2.15 -3.89495 -0.000134309
2.16 -3.88852 -0.000134087
2.17 -3.87398 -0.000133586
2.18 -3.85836 -0.000133047
2.19 -3.85049 -0.000132776
2.2 -3.853 -0.000132862
2.21 -3.86121 -0.000133145
2.22 -3.86857 -0.000133399
2.23 -3.87102 -0.000133483
2.24 -3.86814 -0.000133384
2.25 -3.86232 -0.000133183
2.26 -3.85745 -0.000133015
2.27 -3.85706 -0.000133002
2.28 -3.86177 -0.000133164
2.29 -3.86984 -0.000133443
2.3 -3.87999 -0.000133793
2.31 -3.89146 -0.000134188
2.32 -3.90239 -0.000134565
2.33 -3.91063 -0.000134849
2.34 -3.91592 -0.000135032
2.35 -3.91997 -0.000135172
2.36 -3.92469 -0.000135334
2.37 -3.93082 -0.000135545
2.38 -3.93753 -0.000135777
2.39 -3.94153 -0.000135915
2.4 -3.93769 -0.000135783
2.41 -3.92084 -0.000135201
2.42 -3.88825 -0.000134078
2.43 -3.84404 -0.000132553
2.44 -3.79961 -0.000131021
2.45 -3.76552 -0.000129846
2.46 -3.7433 -0.000129079
2.47 -3.72676 -0.000128509
2.48 -3.70952 -0.000127915
2.49 -3.68978 -0.000127234
2.5 -3.6695 -0.000126535
2.51 -3.65176 -0.000125923
2.52 -3.63933 -0.000125494
2.53 -3.63335 -0.000125288
2.54 -3.63176 -0.000125233
2.55 -3.63019 -0.000125179
2.56 -3.62467 -0.000124989
2.57 -3.61407 -0.000124623
2.58 -3.6005 -0.000124155
2.59 -3.58687 -0.000123685
2.6 -3.57441 -0.000123256
2.61 -3.5635 -0.000122879
2.62 -3.55524 -0.000122595
2.63 -3.55002 -0.000122414
2.64 -3.54516 -0.000122247
2.65 -3.53629 -0.000121941
2.66 -3.5211 -0.000121417
2.67 -3.50233 -0.00012077
2.68 -3.48689 -0.000120237
2.69 -3.4803 -0.00012001
2.7 -3.48271 -0.000120094
2.71 -3.48894 -0.000120308
2.72 -3.49141 -0.000120394
2.73 -3.48588 -0.000120203
2.74 -3.47699 -0.000119896
2.75 -3.47605 -0.000119864
2.76 -3.49044 -0.00012036
2.77 -3.519 -0.000121345
2.78 -3.55887 -0.00012272
2.79 -3.60966 -0.000124471
2.8 -3.6681 -0.000126486
2.81 -3.72558 -0.000128468
2.82 -3.77326 -0.000130112
2.83 -3.80729 -0.000131286
2.84 -3.83018 -0.000132075
2.85 -3.84696 -0.000132654
2.86 -3.86147 -0.000133154
2.87 -3.87695 -0.000133688
2.88 -3.89478 -0.000134303
2.89 -3.9118 -0.00013489
2.9 -3.92343 -0.000135291
2.91 -3.9297 -0.000135507
2.92 -3.93624 -0.000135732
2.93 -3.94874 -0.000136164
2.94 -3.96755 -0.000136812
2.95 -3.98849 -0.000137534
2.96 -4.00761 -0.000138194
2.97 -4.02264 -0.000138712
2.98 -4.03144 -0.000139015
2.99 -4.03227 -0.000139044
3 -4.02514 -0.000138798
3.01 -4.01208 -0.000138348
3.02 -3.99554 -0.000137777
3.03 -3.976 -0.000137103
3.04 -3.95249 -0.000136293
3.05 -3.92641 -0.000135393
3.06 -3.90166 -0.00013454
3.07 -3.87847 -0.00013374
3.08 -3.85195 -0.000132826
3.09 -3.8188 -0.000131683
3.1 -3.78134 -0.000130391
3.11 -3.74538 -0.000129151
3.12 -3.71486 -0.000128098
3.13 -3.68776 -0.000127164
3.14 -3.65985 -0.000126202
3.15 -3.6299 -0.000125169
3.16 -3.59925 -0.000124112
3.17 -3.56999 -0.000123103
3.18 -3.54331 -0.000122183
3.19 -3.51682 -0.00012127
3.2 -3.48526 -0.000120181
3.21 -3.44516 -0.000118798
3.22 -3.39785 -0.000117167
3.23 -3.34929 -0.000115493
3.24 -3.30716 -0.00011404
3.25 -3.27746 -0.000113016
3.26 -3.26418 -0.000112558
3.27 -3.26882 -0.000112718
3.28 -3.28849 -0.000113396
3.29 -3.31591 -0.000114342
3.3 -3.34168 -0.00011523
3.31 -3.35737 -0.000115772
3.32 -3.35822 -0.000115801
3.33 -3.34565 -0.000115367
3.34 -3.32764 -0.000114746
3.35 -3.31443 -0.000114291
3.36 -3.31333 -0.000114253
3.37 -3.32687 -0.00011472
3.38 -3.35214 -0.000115591
3.39 -3.38153 -0.000116605
3.4 -3.40717 -0.000117489
3.41 -3.42596 -0.000118137
3.42 -3.43948 -0.000118603
3.43 -3.45054 -0.000118984
3.44 -3.46061 -0.000119331
3.45 -3.46931 -0.000119631
3.46 -3.47666 -0.000119885
3.47 -3.48564 -0.000120195
3.48 -3.50109 -0.000120727
3.49 -3.52689 -0.000121617
3.5 -3.56463 -0.000122918
3.51 -3.61302 -0.000124587
3.52 -3.66721 -0.000126456
3.53 -3.72001 -0.000128276
3.54 -3.76481 -0.000129821
3.55 -3.79802 -0.000130966
3.56 -3.82018 -0.00013173
3.57 -3.83443 -0.000132222
3.58 -3.84404 -0.000132553
3.59 -3.85043 -0.000132773
3.6 -3.85359 -0.000132882
3.61 -3.85504 -0.000132932
3.62 -3.85924 -0.000133077
3.63 -3.87093 -0.00013348
3.64 -3.88979 -0.000134131
3.65 -3.9087 -0.000134783
3.66 -3.91923 -0.000135146
3.67 -3.91708 -0.000135072
3.68 -3.90274 -0.000134577
3.69 -3.88252 -0.00013388
3.7 -3.86816 -0.000133385
3.71 -3.87042 -0.000133463
3.72 -3.89321 -0.000134249
3.73 -3.93289 -0.000135617
3.74 -3.98023 -0.000137249
3.75 -4.0266 -0.000138848
3.76 -4.07005 -0.000140347
3.77 -4.11231 -0.000141804
3.78 -4.15325 -0.000143216
3.79 -4.19107 -0.00014452
3.8 -4.22378 -0.000145648
3.81 -4.24832 -0.000146494
3.82 -4.25913 -0.000146866
3.83 -4.25004 -0.000146553
3.84 -4.22237 -0.000145599
3.85 -4.19029 -0.000144493
3.86 -4.16933 -0.00014377
3.87 -4.16149 -0.0001435
3.88 -4.15775 -0.000143371
3.89 -4.15016 -0.000143109
3.9 -4.13802 -0.00014269
3.91 -4.1249 -0.000142238
3.92 -4.11195 -0.000141792
3.93 -4.09602 -0.000141242
3.94 -4.07328 -0.000140458
3.95 -4.04138 -0.000139358
3.96 -3.99953 -0.000137915
3.97 -3.95017 -0.000136213
3.98 -3.89819 -0.00013442
3.99 -3.8468 -0.000132648
4 -3.7967 -0.000130921
4.01 -3.74772 -0.000129232
4.02 -3.70029 -0.000127596
4.03 -3.65738 -0.000126117
4.04 -3.62308 -0.000124934
4.05 -3.59846 -0.000124085
4.06 -3.57986 -0.000123443
4.07 -3.56049 -0.000122775
4.08 -3.53388 -0.000121858
4.09 -3.49533 -0.000120529
4.1 -3.44215 -0.000118695
4.11 -3.37537 -0.000116392
4.12 -3.30004 -0.000113794
4.13 -3.22225 -0.000111112
4.14 -3.14732 -0.000108528
4.15 -3.08104 -0.000106243
4.16 -3.02941 -0.000104462
4.17 -2.99686 -0.00010334
4.18 -2.98384 -0.000102891
4.19 -2.98429 -0.000102906
4.2 -2.98787 -0.00010303
4.21 -2.98696 -0.000102999
4.22 -2.98076 -0.000102785
4.23 -2.97345 -0.000102533
4.24 -2.97003 -0.000102415
4.25 -2.97277 -0.000102509
4.26 -2.9814 -0.000102807
4.27 -2.99651 -0.000103328
4.28 -3.0195 -0.000104121
4.29 -3.04931 -0.000105149
4.3 -3.08348 -0.000106327
4.31 -3.12142 -0.000107635
4.32 -3.16349 -0.000109086
4.33 -3.20807 -0.000110623
4.34 -3.25079 -0.000112096
4.35 -3.28609 -0.000113313
4.36 -3.31204 -0.000114208
4.37 -3.33444 -0.000114981
4.38 -3.36258 -0.000115951
4.39 -3.4006 -0.000117262
4.4 -3.44443 -0.000118773
4.41 -3.48603 -0.000120208
4.42 -3.52017 -0.000121385
4.43 -3.54707 -0.000122313
4.44 -3.56924 -0.000123077
4.45 -3.58863 -0.000123746
4.46 -3.60879 -0.000124441
4.47 -3.63659 -0.0001254
4.48 -3.67699 -0.000126793
4.49 -3.72611 -0.000128486
4.5 -3.77268 -0.000130092
4.51 -3.80607 -0.000131244
4.52 -3.82182 -0.000131787
4.53 -3.82121 -0.000131766
4.54 -3.80732 -0.000131287
4.55 -3.78388 -0.000130479
4.56 -3.7582 -0.000129593
4.57 -3.73972 -0.000128956
4.58 -3.73308 -0.000128727
4.59 -3.73497 -0.000128792
4.6 -3.73867 -0.00012892
4.61 -3.7395 -0.000128948
4.62 -3.73603 -0.000128829
4.63 -3.72877 -0.000128578
4.64 -3.71968 -0.000128265
4.65 -3.71368 -0.000128058
4.66 -3.71906 -0.000128244
4.67 -3.74226 -0.000129044
4.68 -3.78058 -0.000130365
4.69 -3.82267 -0.000131816
4.7 -3.85607 -0.000132968
4.71 -3.87357 -0.000133571
4.72 -3.87666 -0.000133678
4.73 -3.87615 -0.00013366
4.74 -3.88518 -0.000133972
4.75 -3.90928 -0.000134803
4.76 -3.94417 -0.000136006
4.77 -3.97987 -0.000137237
4.78 -4.00697 -0.000138171
4.79 -4.02247 -0.000138706
4.8 -4.02902 -0.000138932
4.81 -4.03149 -0.000139017
4.82 -4.03645 -0.000139188
4.83 -4.04745 -0.000139567
4.84 -4.05696 -0.000139895
4.85 -4.05264 -0.000139746
4.86 -4.03467 -0.000139126
4.87 -4.0188 -0.000138579
4.88 -4.02099 -0.000138655
4.89 -4.04301 -0.000139414
4.9 -4.07275 -0.00014044
4.91 -4.09824 -0.000141319
4.92 -4.11964 -0.000142056
4.93 -4.146 -0.000142966
4.94 -4.1841 -0.000144279
4.95 -4.23255 -0.00014595
4.96 -4.28159 -0.000147641
4.97 -4.31586 -0.000148823
4.98 -4.32351 -0.000149087
4.99 -4.30741 -0.000148531
5 -4.28462 -0.000147745
5.01 -4.27155 -0.000147295
5.02 -4.27003 -0.000147243
5.03 -4.2683 -0.000147183
5.04 -4.25403 -0.000146691
5.05 -4.22545 -0.000145705
5.06 -4.19239 -0.000144565
5.07 -4.16848 -0.000143741
5.08 -4.16097 -0.000143482
5.09 -4.16772 -0.000143714
5.1 -4.18335 -0.000144253
5.11 -4.20367 -0.000144954
5.12 -4.2265 -0.000145741
5.13 -4.25459 -0.00014671
5.14 -4.2948 -0.000148096
5.15 -4.34985 -0.000149995
5.16 -4.41524 -0.00015225
5.17 -4.48592 -0.000154687
5.18 -4.56023 -0.000157249
5.19 -4.63765 -0.000159919
5.2 -4.71498 -0.000162585
5.21 -4.78343 -0.000164946
5.22 -4.82954 -0.000166536
5.23 -4.84046 -0.000166912
5.24 -4.81156 -0.000165916
5.25 -4.74971 -0.000163783
5.26 -4.66704 -0.000160932
5.27 -4.57221 -0.000157662
5.28 -4.4692 -0.00015411
5.29 -4.36242 -0.000150428
5.3 -4.25888 -0.000146858
5.31 -4.16527 -0.00014363
5.32 -4.08437 -0.00014084
5.33 -4.01212 -0.000138349
5.34 -3.93767 -0.000135782
5.35 -3.8465 -0.000132638
5.36 -3.72567 -0.000128471
5.37 -3.57498 -0.000123275
5.38 -3.41365 -0.000117712
5.39 -3.26539 -0.0001126
5.4 -3.13845 -0.000108222
5.41 -3.02762 -0.000104401
5.42 -2.92978 -0.000101027
5.43 -2.85128 -9.83201e-005
5.44 -2.79806 -9.64849e-005
5.45 -2.75918 -9.51442e-005
5.46 -2.70872 -9.34042e-005
5.47 -2.62586 -9.05469e-005
5.48 -2.50713 -8.64529e-005
5.49 -2.36397 -8.15162e-005
5.5 -2.21724 -7.64566e-005
5.51 -2.09142 -7.21179e-005
5.52 -2.00467 -6.91267e-005
5.53 -1.9616 -6.76413e-005
5.54 -1.95603 -6.74495e-005
5.55 -1.98017 -6.82818e-005
5.56 -2.03149 -7.00513e-005
5.57 -2.10976 -7.27505e-005
5.58 -2.2072 -7.61104e-005
5.59 -2.3076 -7.95724e-005
5.6 -2.39894 -8.27221e-005
5.61 -2.48274 -8.56116e-005
5.62 -2.56828 -8.85613e-005
5.63 -2.66122 -9.17662e-005
5.64 -2.76191 -9.52383e-005
5.65 -2.87266 -9.90572e-005
5.66 -3.0002 -0.000103455
5.67 -3.14896 -0.000108585
5.68 -3.31373 -0.000114266
5.69 -3.48139 -0.000120048
5.7 -3.63954 -0.000125501
5.71 -3.78182 -0.000130407
5.72 -3.90556 -0.000134675
5.73 -4.00644 -0.000138153
5.74 -4.0784 -0.000140634
5.75 -4.12085 -0.000142098
5.76 -4.14495 -0.000142929
5.77 -4.17041 -0.000143807
5.78 -4.2161 -0.000145383
5.79 -4.29497 -0.000148102
5.8 -4.41202 -0.000152139
5.81 -4.56144 -0.000157291
5.82 -4.72663 -0.000162987
5.83 -4.88552 -0.000168466
5.84 -5.02109 -0.000173141
5.85 -5.12626 -0.000176767
5.86 -5.20053 -0.000179329
5.87 -5.24805 -0.000180967
5.88 -5.2784 -0.000182014
5.89 -5.30074 -0.000182784
5.9 -5.31494 -0.000183274
5.91 -5.31373 -0.000183232
5.92 -5.28966 -0.000182402
5.93 -5.23611 -0.000180555
5.94 -5.14641 -0.000177462
5.95 -5.01849 -0.000173052
5.96 -4.86166 -0.000167643
5.97 -4.69304 -0.000161829
5.98 -4.52613 -0.000156073
5.99 -4.36666 -0.000150575
6 -4.21857 -0.000145468
6.01 -4.08791 -0.000140962
6.02 -3.97675 -0.000137129
6.03 -3.87585 -0.00013365
6.04 -3.77078 -0.000130027
6.05 -3.65718 -0.00012611
6.06 -3.54709 -0.000122313
6.07 -3.45576 -0.000119164
6.08 -3.38877 -0.000116854
6.09 -3.34405 -0.000115312
6.1 -3.31523 -0.000114318
6.11 -3.2923 -0.000113527
6.12 -3.26274 -0.000112508
6.13 -3.21649 -0.000110913
6.14 -3.14709 -0.00010852
6.15 -3.04733 -0.00010508
6.16 -2.90948 -0.000100327
6.17 -2.73023 -9.4146e-005
6.18 -2.51353 -8.66734e-005
6.19 -2.26691 -7.81693e-005
6.2 -1.9963 -6.88378e-005
6.21 -1.7048 -5.87862e-005
6.22 -1.39789 -4.82032e-005
6.23 -1.08991 -3.75831e-005
6.24 -0.802966 -2.76885e-005
6.25 -0.559478 -1.92923e-005
6.26 -0.374856 -1.29261e-005
6.27 -0.255438 -8.80821e-006
6.28 -0.20358 -7.01999e-006
6.29 -0.209661 -7.22968e-006
6.3 -0.252923 -8.7215e-006
6.31 -0.313711 -1.08176e-005
6.32 -0.394751 -1.36121e-005
6.33 -0.524031 -1.807e-005
6.34 -0.736228 -2.53872e-005
6.35 -1.04515 -3.60396e-005
6.36 -1.4291 -4.92793e-005
6.37 -1.83888 -6.34096e-005
6.38 -2.22061 -7.65726e-005
6.39 -2.54267 -8.76783e-005
6.4 -2.8066 -9.67794e-005
6.41 -3.02656 -0.000104364
6.42 -3.20062 -0.000110366
6.43 -3.30613 -0.000114005
6.44 -3.31582 -0.000114339
6.45 -3.21717 -0.000110937
6.46 -3.02196 -0.000104205
6.47 -2.76318 -9.52822e-005
6.48 -2.48449 -8.5672e-005
6.49 -2.22475 -7.67155e-005
6.5 -2.00929 -6.92859e-005
6.51 -1.8585 -6.40861e-005
6.52 -1.79762 -6.19868e-005
6.53 -1.85471 -6.39554e-005
6.54 -2.05075 -7.07154e-005
6.55 -2.38797 -8.23437e-005
6.56 -2.84559 -9.81239e-005
6.57 -3.38968 -0.000116886
6.58 -3.9877 -0.000137507
6.59 -4.61634 -0.000159184
6.6 -5.26435 -0.000181529
6.61 -5.93057 -0.000204502
6.62 -6.60815 -0.000227867
6.63 -7.27269 -0.000250782
6.64 -7.89173 -0.000272129
6.65 -8.42143 -0.000290394
6.66 -8.81694 -0.000304032
6.67 -9.0507 -0.000312093
6.68 -9.11396 -0.000314275
6.69 -9.01637 -0.000310909
6.7 -8.77184 -0.000302477
6.71 -8.39156 -0.000289364
6.72 -7.892 -0.000272138
6.73 -7.30625 -0.00025194
6.74 -6.68749 -0.000230603
6.75 -6.1039 -0.000210479
6.76 -5.62002 -0.000193794
6.77 -5.27436 -0.000181875
6.78 -5.07885 -0.000175133
6.79 -5.03429 -0.000173596
6.8 -5.14394 -0.000177377
6.81 -5.40278 -0.000186303
6.82 -5.78897 -0.000199619
6.83 -6.26506 -0.000216037
6.84 -6.79002 -0.000234139
6.85 -7.3275 -0.000252672
6.86 -7.84488 -0.000270513
6.87 -8.30887 -0.000286513
6.88 -8.69175 -0.000299715
6.89 -8.97354 -0.000309432
6.9 -9.13665 -0.000315057
6.91 -9.16202 -0.000315932
6.92 -9.04002 -0.000311725
6.93 -8.78322 -0.00030287
6.94 -8.4252 -0.000290524
6.95 -7.99767 -0.000275782
6.96 -7.51668 -0.000259196
6.97 -6.99257 -0.000241123
6.98 -6.44819 -0.000222351
6.99 -5.92183 -0.000204201
7 -5.44867 -0.000187885
7.01 -5.03944 -0.000173774
7.02 -4.68653 -0.000161605
7.03 -4.38261 -0.000151124
7.04 -4.12512 -0.000142246
7.05 -3.90969 -0.000134817
7.06 -3.72357 -0.000128399
7.07 -3.54555 -0.00012226
7.08 -3.35495 -0.000115688
7.09 -3.1401 -0.000108279
7.1 -2.90165 -0.000100057
7.11 -2.65299 -9.14824e-005
7.12 -2.41497 -8.32747e-005
7.13 -2.2062 -7.60758e-005
7.14 -2.0349 -7.0169e-005
7.15 -1.89496 -6.53434e-005
7.16 -1.77838 -6.13235e-005
7.17 -1.67483 -5.77529e-005
7.18 -1.55975 -5.37846e-005
7.19 -1.41135 -4.86672e-005
7.2 -1.22877 -4.23715e-005
7.21 -1.02261 -3.52623e-005
7.22 -0.814942 -2.81014e-005
7.23 -0.622788 -2.14754e-005
7.24 -0.460841 -1.58911e-005
7.25 -0.333668 -1.15058e-005
7.26 -0.227719 -7.85239e-006
7.27 -0.119984 -4.13737e-006
7.28 0.00769873 2.65473e-007
7.29 0.161284 5.56151e-006
7.3 0.330905 1.14105e-005
7.31 0.499642 1.7229e-005
7.32 0.656151 2.26259e-005
7.33 0.777673 2.68163e-005
7.34 0.83322 2.87317e-005
7.35 0.795575 2.74336e-005
7.36 0.649673 2.24025e-005
7.37 0.404024 1.39319e-005
7.38 0.0783547 2.70189e-006
7.39 -0.315742 -1.08877e-005
7.4 -0.774749 -2.67155e-005
7.41 -1.29659 -4.471e-005
7.42 -1.87028 -6.44923e-005
7.43 -2.47682 -8.54075e-005
7.44 -3.10267 -0.000106989
7.45 -3.74616 -0.000129178
7.46 -4.40498 -0.000151896
7.47 -5.06057 -0.000174502
7.48 -5.67842 -0.000195807
7.49 -6.23077 -0.000214854
7.5 -6.7142 -0.000231524
7.51 -7.15745 -0.000246809
7.52 -7.59603 -0.000261932
7.53 -8.02801 -0.000276828
7.54 -8.42409 -0.000290486
7.55 -8.74721 -0.000301628
7.56 -8.97516 -0.000309488
7.57 -9.12024 -0.000314491
7.58 -9.18495 -0.000316723
7.59 -9.15942 -0.000315842
7.6 -9.04678 -0.000311958
7.61 -8.87515 -0.00030604
7.62 -8.69775 -0.000299922
7.63 -8.55881 -0.000295131
7.64 -8.47179 -0.000292131
7.65 -8.41392 -0.000290135
7.66 -8.34895 -0.000287895
7.67 -8.25439 -0.000284634
7.68 -8.13688 -0.000280582
7.69 -8.02769 -0.000276817
7.7 -7.96089 -0.000274514
7.71 -7.94831 -0.00027408
7.72 -7.97746 -0.000275085
7.73 -8.02612 -0.000276763
7.74 -8.07215 -0.00027835
7.75 -8.09196 -0.000279033
7.76 -8.05627 -0.000277802
7.77 -7.93865 -0.000273747
7.78 -7.73163 -0.000266608
7.79 -7.45258 -0.000256986
7.8 -7.12576 -0.000245716
7.81 -6.76064 -0.000233125
7.82 -6.34545 -0.000218808
7.83 -5.85353 -0.000201846
7.84 -5.25791 -0.000181307
7.85 -4.55049 -0.000156913
7.86 -3.74511 -0.000129142
7.87 -2.87406 -9.91054e-005
7.88 -1.99246 -6.87055e-005
7.89 -1.1576 -3.99173e-005
7.9 -0.421454 -1.45329e-005
7.91 0.193203 6.66217e-006
7.92 0.695289 2.39755e-005
7.93 1.09639 3.78066e-005
7.94 1.40356 4.83987e-005
7.95 1.60522 5.53524e-005
7.96 1.67169 5.76446e-005
7.97 1.57111 5.4176e-005
7.98 1.28748 4.43959e-005
7.99 0.840394 2.89791e-005
8 0.286861 9.89174e-006
8.01 -0.300067 -1.03471e-005
8.02 -0.859708 -2.96451e-005
8.03 -1.35464 -4.67118e-005
8.04 -1.76527 -6.08713e-005
8.05 -2.08311 -7.18315e-005
8.06 -2.30879 -7.96133e-005
8.07 -2.45261 -8.45727e-005
8.08 -2.52088 -8.69268e-005
8.09 -2.49841 -8.61522e-005
8.1 -2.3498 -8.10275e-005
8.11 -2.0457 -7.05413e-005
8.12 -1.59043 -5.48424e-005
8.13 -1.02483 -3.5339e-005
8.14 -0.409503 -1.41208e-005
8.15 0.196129 6.76305e-006
8.16 0.74637 2.57369e-005
8.17 1.20588 4.1582e-005
8.18 1.53566 5.29537e-005
8.19 1.70168 5.86785e-005
8.2 1.68205 5.80019e-005
8.21 1.47076 5.07159e-005
8.22 1.07985 3.72361e-005
8.23 0.536893 1.85136e-005
8.24 -0.117954 -4.06737e-006
8.25 -0.837345 -2.8874e-005
8.26 -1.57335 -5.42533e-005
8.27 -2.28676 -7.8854e-005
8.28 -2.9509 -0.000101755
8.29 -3.5468 -0.000122304
8.3 -4.06153 -0.000140053
8.31 -4.48769 -0.000154748
8.32 -4.824 -0.000166345
8.33 -5.06528 -0.000174665
8.34 -5.2233 -0.000180114
8.35 -5.3049 -0.000182928
8.36 -5.31735 -0.000183357
8.37 -5.25759 -0.000181296
8.38 -5.11258 -0.000176296
8.39 -4.85851 -0.000167535
8.4 -4.47967 -0.000154471
8.41 -3.9884 -0.000137531
8.42 -3.42577 -0.00011813
8.43 -2.84954 -9.82601e-005
8.44 -2.31661 -7.98832e-005
8.45 -1.87072 -6.45077e-005
8.46 -1.53367 -5.28853e-005
8.47 -1.31711 -4.54176e-005
8.48 -1.22507 -4.22438e-005
8.49 -1.26447 -4.36025e-005
8.5 -1.44857 -4.99506e-005
8.51 -1.78123 -6.14218e-005
8.52 -2.23751 -7.71554e-005
8.53 -2.77162 -9.55729e-005
8.54 -3.3275 -0.000114741
8.55 -3.85839 -0.000133048
8.56 -4.34635 -0.000149874
8.57 -4.77901 -0.000164793
8.58 -5.14969 -0.000177576
8.59 -5.45252 -0.000188018
8.6 -5.68612 -0.000196073
8.61 -5.84845 -0.000201671
8.62 -5.93912 -0.000204797
8.63 -5.94461 -0.000204986
8.64 -5.84259 -0.000201469
8.65 -5.61588 -0.000193651
8.66 -5.2619 -0.000181445
8.67 -4.79216 -0.000165247
8.68 -4.2336 -0.000145986
8.69 -3.61962 -0.000124814
8.7 -2.99045 -0.000103119
8.71 -2.3951 -8.25896e-005
8.72 -1.88104 -6.48634e-005
8.73 -1.48431 -5.11831e-005
8.74 -1.21931 -4.20452e-005
8.75 -1.08693 -3.74804e-005
8.76 -1.08006 -3.72435e-005
8.77 -1.19099 -4.10688e-005
8.78 -1.40808 -4.85546e-005
8.79 -1.71682 -5.92006e-005
8.8 -2.10043 -7.24285e-005
8.81 -2.53929 -8.75616e-005
8.82 -3.01225 -0.000103871
8.83 -3.50044 -0.000120705
8.84 -3.98953 -0.00013757
8.85 -4.47317 -0.000154247
8.86 -4.95544 -0.000170877
8.87 -5.43783 -0.000187511
8.88 -5.90649 -0.000203672
8.89 -6.339 -0.000218586
8.9 -6.7158 -0.000231579
8.91 -7.02161 -0.000242125
8.92 -7.25809 -0.000250279
8.93 -7.43535 -0.000256391
8.94 -7.55893 -0.000260653
8.95 -7.62099 -0.000262793
8.96 -7.60228 -0.000262148
8.97 -7.50346 -0.00025874
8.98 -7.35125 -0.000253492
8.99 -7.17625 -0.000247457
9 -6.99677 -0.000241268
9.01 -6.81717 -0.000235075
9.02 -6.68229 -0.000230424
9.03 -6.60959 -0.000227917
9.04 -6.59909 -0.000227555
9.05 -6.65439 -0.000229462
9.06 -6.7388 -0.000232372
9.07 -6.81829 -0.000235114
9.08 -6.84119 -0.000235903
9.09 -6.77176 -0.000233509
9.1 -6.61808 -0.00022821
9.11 -6.4075 -0.000220948
9.12 -6.16812 -0.000212694
9.13 -5.9405 -0.000204845
9.14 -5.75204 -0.000198346
9.15 -5.59285 -0.000192857
9.16 -5.44365 -0.000187712
9.17 -5.29835 -0.000182702
9.18 -5.17024 -0.000178284
9.19 -5.07539 -0.000175014
9.2 -5.00511 -0.00017259
9.21 -4.91768 -0.000169575
9.22 -4.7634 -0.000164255
9.23 -4.51636 -0.000155737
9.24 -4.18475 -0.000144302
9.25 -3.80345 -0.000131154
9.26 -3.41516 -0.000117764
9.27 -3.0514 -0.000105221
9.28 -2.72018 -9.37993e-005
9.29 -2.41136 -8.31504e-005
9.3 -2.11016 -7.27642e-005
9.31 -1.80048 -6.20857e-005
9.32 -1.46593 -5.05493e-005
9.33 -1.10415 -3.80741e-005
9.34 -0.718474 -2.4775e-005
9.35 -0.328678 -1.13337e-005
9.36 0.0395833 1.36494e-006
9.37 0.364826 1.25802e-005
9.38 0.605463 2.0878e-005
9.39 0.734302 2.53207e-005
9.4 0.744706 2.56795e-005
9.41 0.640174 2.2075e-005
9.42 0.38786 1.33745e-005
9.43 -0.00231926 -7.99746e-008
9.44 -0.510703 -1.76104e-005
9.45 -1.12681 -3.88555e-005
9.46 -1.81882 -6.2718e-005
9.47 -2.54012 -8.75904e-005
9.48 -3.26096 -0.000112447
9.49 -3.95629 -0.000136424
9.5 -4.61799 -0.000159241
9.51 -5.24808 -0.000180968
9.52 -5.84717 -0.000201626
9.53 -6.40186 -0.000220754
9.54 -6.87804 -0.000237174
9.55 -7.24305 -0.00024976
9.56 -7.47129 -0.000257631
9.57 -7.5648 -0.000260855
9.58 -7.55537 -0.00026053
9.59 -7.48884 -0.000258236
9.6 -7.40506 -0.000255347
9.61 -7.33346 -0.000252878
9.62 -7.31736 -0.000252323
9.63 -7.39942 -0.000255152
9.64 -7.59983 -0.000262063
9.65 -7.91782 -0.000273028
9.66 -8.33895 -0.00028755
9.67 -8.84391 -0.000304962
9.68 -9.42457 -0.000324985
9.69 -10.0674 -0.000347151
9.7 -10.7483 -0.000370629
9.71 -11.4359 -0.000394342
9.72 -12.1148 -0.000417751
9.73 -12.7665 -0.000440225
9.74 -13.383 -0.000461482
9.75 -13.9519 -0.0004811
9.76 -14.4755 -0.000499156
9.77 -14.9648 -0.000516029
9.78 -15.4381 -0.000532347
9.79 -15.8838 -0.000547718
9.8 -16.258 -0.000560621
9.81 -16.4991 -0.000568935
9.82 -16.5347 -0.000570163
9.83 -16.3257 -0.000562956
9.84 -15.8495 -0.000546534
9.85 -15.1293 -0.000521702
9.86 -14.1985 -0.000489603
9.87 -13.1177 -0.000452335
9.88 -11.9324 -0.000411462
9.89 -10.7151 -0.000369487
9.9 -9.50403 -0.000327725
9.91 -8.35723 -0.00028818
9.92 -7.27211 -0.000250762
9.93 -6.25492 -0.000215687
9.94 -5.29734 -0.000182667
9.95 -4.38794 -0.000151308
9.96 -3.56477 -0.000122923
9.97 -2.83015 -9.75914e-005
9.98 -2.21086 -7.62366e-005
9.99 -1.71027 -5.89747e-005
10 -1.30129 -4.48719e-005
