0.1 -0.0146559 -5.05376e-007
0.2 -0.0293465 -1.01195e-006
0.3 -0.0440719 -1.51972e-006
0.4 -0.0588324 -2.0287e-006
0.5 -0.073628 -2.5389e-006
0.6 -0.0884589 -3.05031e-006
0.7 -0.103325 -3.56294e-006
0.8 -0.118227 -4.07681e-006
0.9 -0.133501 -4.60348e-006
1 -0.149533 -5.1563e-006
0.01 -0.148869 -5.13341e-006
0.02 -0.146998 -5.06891e-006
0.03 -0.144962 -4.99868e-006
0.04 -0.143787 -4.95817e-006
0.05 -0.143576 -4.95091e-006
0.06 -0.144216 -4.97295e-006
0.07 -0.1455 -5.01723e-006
0.08 -0.147222 -5.07664e-006
0.09 -0.149217 -5.14542e-006
0.1 -0.151345 -5.21878e-006
0.11 -0.153513 -5.29354e-006
0.12 -0.155648 -5.36716e-006
0.13 -0.157756 -5.43985e-006
0.14 -0.159872 -5.51283e-006
0.15 -0.162027 -5.58713e-006
0.16 -0.164178 -5.6613e-006
0.17 -0.16627 -5.73343e-006
0.18 -0.168263 -5.80218e-006
0.19 -0.17025 -5.8707e-006
0.2 -0.172331 -5.94246e-006
0.21 -0.174543 -6.01872e-006
0.22 -0.176759 -6.09515e-006
0.23 -0.178797 -6.1654e-006
0.24 -0.180536 -6.22536e-006
0.25 -0.182023 -6.27665e-006
0.26 -0.183465 -6.32639e-006
0.27 -0.185159 -6.38479e-006
0.28 -0.187422 -6.46281e-006
0.29 -0.190519 -6.56963e-006
0.3 -0.194596 -6.7102e-006
0.31 -0.199571 -6.88175e-006
0.32 -0.205113 -7.07286e-006
0.33 -0.210731 -7.26658e-006
0.34 -0.216004 -7.44842e-006
0.35 -0.220756 -7.61227e-006
0.36 -0.225017 -7.7592e-006
0.37 -0.228813 -7.89009e-006
0.38 -0.231967 -7.99886e-006
0.39 -0.234217 -8.07645e-006
0.4 -0.235524 -8.12151e-006
0.41 -0.236159 -8.1434e-006
0.42 -0.236497 -8.15506e-006
0.43 -0.23673 -8.16312e-006
0.44 -0.236795 -8.16534e-006
0.45 -0.236563 -8.15733e-006
0.46 -0.236048 -8.13959e-006
0.47 -0.235334 -8.11496e-006
0.48 -0.234403 -8.08285e-006
0.49 -0.233161 -8.04002e-006
0.5 -0.231538 -7.98408e-006
0.51 -0.22956 -7.91586e-006
0.52 -0.227303 -7.83803e-006
0.53 -0.224786 -7.75123e-006
0.54 -0.222073 -7.6577e-006
0.55 -0.219447 -7.56714e-006
0.56 -0.217185 -7.48915e-006
0.57 -0.215181 -7.42002e-006
0.58 -0.213047 -7.34643e-006
0.59 -0.210534 -7.25979e-006
0.6 -0.207674 -7.16117e-006
0.61 -0.204684 -7.05807e-006
0.62 -0.201674 -6.95426e-006
0.63 -0.198373 -6.84045e-006
0.64 -0.194298 -6.69992e-006
0.65 -0.189237 -6.52543e-006
0.66 -0.183474 -6.3267e-006
0.67 -0.177542 -6.12215e-006
0.68 -0.171734 -5.92186e-006
0.69 -0.165919 -5.72133e-006
0.7 -0.159933 -5.51495e-006
0.71 -0.153982 -5.30972e-006
0.72 -0.148652 -5.12592e-006
0.73 -0.144446 -4.98091e-006
0.74 -0.141129 -4.86652e-006
0.75 -0.137828 -4.75268e-006
0.76 -0.133991 -4.62038e-006
0.77 -0.129761 -4.47451e-006
0.78 -0.125494 -4.32738e-006
0.79 -0.121312 -4.18316e-006
0.8 -0.117159 -4.03997e-006
0.81 -0.113166 -3.90229e-006
0.82 -0.109867 -3.78851e-006
0.83 -0.107787 -3.7168e-006
0.84 -0.106869 -3.68515e-006
0.85 -0.106532 -3.6735e-006
0.86 -0.106067 -3.65748e-006
0.87 -0.104763 -3.61252e-006
0.88 -0.102246 -3.52571e-006
0.89 -0.0986535 -3.40185e-006
0.9 -0.0945552 -3.26052e-006
0.91 -0.0903776 -3.11647e-006
0.92 -0.0858243 -2.95946e-006
0.93 -0.0801097 -2.7624e-006
0.94 -0.0731067 -2.52092e-006
0.95 -0.0663069 -2.28645e-006
0.96 -0.0619118 -2.13489e-006
0.97 -0.0606863 -2.09263e-006
0.98 -0.0615648 -2.12292e-006
0.99 -0.0631495 -2.17757e-006
1 -0.0650341 -2.24256e-006
1.01 -0.0681469 -2.34989e-006
1.02 -0.0735645 -2.53671e-006
1.03 -0.0805508 -2.77761e-006
1.04 -0.0865444 -2.98429e-006
1.05 -0.0897182 -3.09373e-006
1.06 -0.0905606 -3.12278e-006
1.07 -0.0907642 -3.1298e-006
1.08 -0.0915626 -3.15733e-006
1.09 -0.0930951 -3.21017e-006
1.1 -0.0946273 -3.26301e-006
1.11 -0.0950501 -3.27759e-006
1.12 -0.093451 -3.22245e-006
1.13 -0.0900775 -3.10612e-006
1.14 -0.0869684 -2.99891e-006
1.15 -0.0864687 -2.98168e-006
1.16 -0.0890099 -3.06931e-006
1.17 -0.092736 -3.19779e-006
1.18 -0.094827 -3.2699e-006
1.19 -0.0940087 -3.24168e-006
1.2 -0.0919154 -3.1695e-006
1.21 -0.0914726 -3.15423e-006
1.22 -0.0946723 -3.26456e-006
1.23 -0.10182 -3.51105e-006
1.24 -0.11175 -3.85343e-006
1.25 -0.122472 -4.22317e-006
1.26 -0.132303 -4.56217e-006
1.27 -0.140447 -4.84301e-006
1.28 -0.146684 -5.05808e-006
1.29 -0.151132 -5.21143e-006
1.3 -0.153868 -5.3058e-006
1.31 -0.154609 -5.33135e-006
1.32 -0.15361 -5.29689e-006
1.33 -0.152513 -5.25909e-006
1.34 -0.152873 -5.27149e-006
1.35 -0.15382 -5.30413e-006
1.36 -0.152607 -5.26232e-006
1.37 -0.147841 -5.09797e-006
1.38 -0.141398 -4.8758e-006
1.39 -0.137185 -4.73052e-006
1.4 -0.13812 -4.76276e-006
1.41 -0.142876 -4.92675e-006
1.42 -0.145702 -5.02421e-006
1.43 -0.141423 -4.87667e-006
1.44 -0.130536 -4.50125e-006
1.45 -0.119037 -4.10473e-006
1.46 -0.113517 -3.91437e-006
1.47 -0.11548 -3.98208e-006
1.48 -0.120638 -4.15992e-006
1.49 -0.124276 -4.28539e-006
1.5 -0.125272 -4.31972e-006
1.51 -0.124191 -4.28244e-006
1.52 -0.120237 -4.14611e-006
1.53 -0.111705 -3.8519e-006
1.54 -0.0984019 -3.39317e-006
1.55 -0.082486 -2.84434e-006
1.56 -0.0668103 -2.3038e-006
1.57 -0.0534702 -1.8438e-006
1.58 -0.0441122 -1.52111e-006
1.59 -0.0400718 -1.38179e-006
1.6 -0.0412506 -1.42244e-006
1.61 -0.044098 -1.52062e-006
1.62 -0.0426642 -1.47118e-006
1.63 -0.0347284 -1.19753e-006
1.64 -0.0246939 -8.51514e-007
1.65 -0.0182862 -6.30559e-007
1.66 -0.0163512 -5.63834e-007
1.67 -0.0149512 -5.1556e-007
1.68 -0.0101997 -3.51713e-007
1.69 -0.00259324 -8.94222e-008
1.7 0.00443956 1.53088e-007
1.71 0.00955261 3.294e-007
1.72 0.0140884 4.85806e-007
1.73 0.0183634 6.3322e-007
1.74 0.0199598 6.88268e-007
1.75 0.0156709 5.40376e-007
1.76 0.00378072 1.3037e-007
1.77 -0.015406 -5.31243e-007
1.78 -0.0393586 -1.35719e-006
1.79 -0.0630659 -2.17469e-006
1.8 -0.0818183 -2.82132e-006
1.81 -0.0953764 -3.28884e-006
1.82 -0.107116 -3.69367e-006
1.83 -0.119545 -4.12223e-006
1.84 -0.131982 -4.55111e-006
1.85 -0.141876 -4.89227e-006
1.86 -0.148184 -5.10981e-006
1.87 -0.152475 -5.25777e-006
1.88 -0.155929 -5.37685e-006
1.89 -0.157635 -5.43569e-006
1.9 -0.157112 -5.41766e-006
1.91 -0.15555 -5.36379e-006
1.92 -0.154031 -5.31142e-006
1.93 -0.153818 -5.30406e-006
1.94 -0.157804 -5.44152e-006
1.95 -0.168763 -5.81941e-006
1.96 -0.186477 -6.43025e-006
1.97 -0.207433 -7.15286e-006
1.98 -0.227557 -7.84679e-006
1.99 -0.245218 -8.45579e-006
2 -0.261212 -9.0073e-006
2.01 -0.276319 -9.52823e-006
2.02 -0.289368 -9.97819e-006
2.03 -0.298331 -1.02873e-005
2.04 -0.303174 -1.04543e-005
2.05 -0.305612 -1.05383e-005
2.06 -0.306513 -1.05694e-005
2.07 -0.305771 -1.05438e-005
2.08 -0.303514 -1.0466e-005
2.09 -0.300475 -1.03612e-005
2.1 -0.298293 -1.0286e-005
2.11 -0.299107 -1.0314e-005
2.12 -0.304303 -1.04932e-005
2.13 -0.313616 -1.08143e-005
2.14 -0.324374 -1.11853e-005
2.15 -0.331703 -1.1438e-005
2.16 -0.330903 -1.14104e-005
2.17 -0.321594 -1.10894e-005
2.18 -0.31031 -1.07003e-005
2.19 -0.305806 -1.0545e-005
2.2 -0.310748 -1.07154e-005
2.21 -0.320629 -1.10562e-005
2.22 -0.329314 -1.13557e-005
2.23 -0.333286 -1.14926e-005
2.24 -0.332342 -1.14601e-005
2.25 -0.328557 -1.13296e-005
2.26 -0.325426 -1.12216e-005
2.27 -0.326142 -1.12463e-005
2.28 -0.330939 -1.14117e-005
2.29 -0.337782 -1.16477e-005
2.3 -0.345433 -1.19115e-005
2.31 -0.353319 -1.21834e-005
2.32 -0.359829 -1.24079e-005
2.33 -0.363188 -1.25237e-005
2.34 -0.36353 -1.25355e-005
2.35 -0.362909 -1.25141e-005
2.36 -0.363335 -1.25288e-005
2.37 -0.365674 -1.26094e-005
2.38 -0.36912 -1.27283e-005
2.39 -0.370097 -1.2762e-005
2.4 -0.363089 -1.25203e-005
2.41 -0.343007 -1.18278e-005
2.42 -0.307532 -1.06045e-005
2.43 -0.260898 -8.99649e-006
2.44 -0.214521 -7.39728e-006
2.45 -0.179108 -6.17615e-006
2.46 -0.156201 -5.38623e-006
2.47 -0.139505 -4.81051e-006
2.48 -0.122539 -4.22548e-006
2.49 -0.103429 -3.56653e-006
2.5 -0.0842847 -2.90637e-006
2.51 -0.0683712 -2.35763e-006
2.52 -0.058483 -2.01666e-006
2.53 -0.0556151 -1.91776e-006
2.54 -0.05746 -1.98138e-006
2.55 -0.0592317 -2.04247e-006
2.56 -0.0565227 -1.94906e-006
2.57 -0.0478584 -1.65029e-006
2.58 -0.035187 -1.21334e-006
2.59 -0.0215877 -7.44405e-007
2.6 -0.00881437 -3.03944e-007
2.61 0.0023777 8.19896e-008
2.62 0.0110021 3.79383e-007
2.63 0.0171184 5.9029e-007
2.64 0.0233813 8.06251e-007
2.65 0.0332515 1.1466e-006
2.66 0.0479392 1.65308e-006
2.67 0.0644783 2.22339e-006
2.68 0.0768512 2.65004e-006
2.69 0.0806777 2.78199e-006
2.7 0.0763795 2.63378e-006
2.71 0.0688799 2.37517e-006
2.72 0.0651504 2.24657e-006
2.73 0.069273 2.38873e-006
2.74 0.0771244 2.65946e-006
2.75 0.0780439 2.69117e-006
2.76 0.0649108 2.2383e-006
2.77 0.0387665 1.33678e-006
2.78 0.00234374 8.08188e-008
2.79 -0.0437465 -1.5085e-006
2.8 -0.0960322 -3.31145e-006
2.81 -0.146365 -5.04705e-006
2.82 -0.187101 -6.45176e-006
2.83 -0.215523 -7.43184e-006
2.84 -0.234595 -8.08949e-006
2.85 -0.249158 -8.59165e-006
2.86 -0.262469 -9.05065e-006
2.87 -0.276942 -9.54972e-006
2.88 -0.292958 -1.0102e-005
2.89 -0.30674 -1.05772e-005
2.9 -0.313874 -1.08232e-005
2.91 -0.314975 -1.08612e-005
2.92 -0.316017 -1.08971e-005
2.93 -0.322859 -1.11331e-005
2.94 -0.336046 -1.15878e-005
2.95 -0.351619 -1.21248e-005
2.96 -0.365691 -1.261e-005
2.97 -0.376291 -1.29755e-005
2.98 -0.382182 -1.31787e-005
2.99 -0.382461 -1.31883e-005
3 -0.377205 -1.30071e-005
3.01 -0.367696 -1.26792e-005
3.02 -0.355464 -1.22574e-005
3.03 -0.340467 -1.17402e-005
3.04 -0.321772 -1.10956e-005
3.05 -0.301161 -1.03849e-005
3.06 -0.282855 -9.75361e-006
3.07 -0.26725 -9.21553e-006
3.08 -0.249435 -8.60121e-006
3.09 -0.225947 -7.79128e-006
3.1 -0.198893 -6.85838e-006
3.11 -0.173549 -5.98445e-006
3.12 -0.152685 -5.26498e-006
3.13 -0.133075 -4.58879e-006
3.14 -0.11007 -3.7955e-006
3.15 -0.0832454 -2.87053e-006
3.16 -0.0554539 -1.9122e-006
3.17 -0.0303745 -1.0474e-006
3.18 -0.0102757 -3.54336e-007
3.19 0.00734424 2.5325e-007
3.2 0.0288965 9.9643e-007
3.21 0.0591666 2.04023e-006
3.22 0.0974256 3.3595e-006
3.23 0.137648 4.74647e-006
3.24 0.171879 5.92686e-006
3.25 0.193815 6.68327e-006
3.26 0.199705 6.88637e-006
3.27 0.189231 6.52522e-006
3.28 0.166911 5.75554e-006
3.29 0.140803 4.85526e-006
3.3 0.119529 4.1217e-006
3.31 0.109896 3.78953e-006
3.32 0.115038 3.96684e-006
3.33 0.132421 4.56623e-006
3.34 0.153329 5.28722e-006
3.35 0.167244 5.76703e-006
3.36 0.167621 5.78003e-006
3.37 0.15368 5.29931e-006
3.38 0.130109 4.48651e-006
3.39 0.105506 3.63812e-006
3.4 0.087367 3.01265e-006
3.41 0.0770959 2.65848e-006
3.42 0.0709346 2.44602e-006
3.43 0.0647166 2.23161e-006
3.44 0.0569155 1.9626e-006
3.45 0.0488736 1.6853e-006
3.46 0.041978 1.44752e-006
3.47 0.0345804 1.19243e-006
3.48 0.0225949 7.79134e-007
3.49 0.00204354 7.04667e-008
3.5 -0.0296579 -1.02268e-006
3.51 -0.0727034 -2.50701e-006
3.52 -0.123054 -4.24323e-006
3.53 -0.172952 -5.96386e-006
3.54 -0.214498 -7.39648e-006
3.55 -0.243252 -8.38801e-006
3.56 -0.259823 -8.95942e-006
3.57 -0.268183 -9.24771e-006
3.58 -0.272439 -9.39444e-006
3.59 -0.274485 -9.46501e-006
3.6 -0.274111 -9.45211e-006
3.61 -0.271859 -9.37444e-006
3.62 -0.271218 -9.35234e-006
3.63 -0.276741 -9.54278e-006
3.64 -0.288832 -9.95971e-006
3.65 -0.301518 -1.03972e-005
3.66 -0.307386 -1.05995e-005
3.67 -0.302876 -1.0444e-005
3.68 -0.288878 -9.96131e-006
3.69 -0.271219 -9.35238e-006
3.7 -0.260182 -8.9718e-006
3.71 -0.264885 -9.13397e-006
3.72 -0.287922 -9.92836e-006
3.73 -0.324935 -1.12047e-005
3.74 -0.367158 -1.26606e-005
3.75 -0.407205 -1.40415e-005
3.76 -0.444153 -1.53156e-005
3.77 -0.480439 -1.65668e-005
3.78 -0.516325 -1.78043e-005
3.79 -0.54982 -1.89593e-005
3.8 -0.578372 -1.99439e-005
3.81 -0.598339 -2.06324e-005
3.82 -0.604383 -2.08408e-005
3.83 -0.59136 -2.03917e-005
3.84 -0.561173 -1.93508e-005
3.85 -0.52748 -1.8189e-005
3.86 -0.504872 -1.74094e-005
3.87 -0.495037 -1.70702e-005
3.88 -0.489275 -1.68715e-005
3.89 -0.4799 -1.65483e-005
3.9 -0.466383 -1.60822e-005
3.91 -0.452932 -1.56184e-005
3.92 -0.442098 -1.52448e-005
3.93 -0.432003 -1.48967e-005
3.94 -0.418865 -1.44436e-005
3.95 -0.399354 -1.37708e-005
3.96 -0.371475 -1.28095e-005
3.97 -0.336361 -1.15987e-005
3.98 -0.297567 -1.02609e-005
3.99 -0.257547 -8.88095e-006
4 -0.217528 -7.50097e-006
4.01 -0.179135 -6.17706e-006
4.02 -0.144442 -4.98078e-006
4.03 -0.116542 -4.0187e-006
4.04 -0.0985205 -3.39726e-006
4.05 -0.0902079 -3.11062e-006
4.06 -0.0864912 -2.98246e-006
4.07 -0.0793945 -2.73774e-006
4.08 -0.0626583 -2.16063e-006
4.09 -0.0333042 -1.14842e-006
4.1 0.00941282 3.2458e-007
4.11 0.063165 2.1781e-006
4.12 0.122868 4.23681e-006
4.13 0.184053 6.34667e-006
4.14 0.243514 8.39705e-006
4.15 0.297027 1.02423e-005
4.16 0.339381 1.17028e-005
4.17 0.366178 1.26268e-005
4.18 0.376483 1.29822e-005
4.19 0.375517 1.29489e-005
4.2 0.372627 1.28492e-005
4.21 0.374768 1.2923e-005
4.22 0.383106 1.32106e-005
4.23 0.394288 1.35961e-005
4.24 0.403657 1.39192e-005
4.25 0.409075 1.41061e-005
4.26 0.410917 1.41696e-005
4.27 0.408285 1.40788e-005
4.28 0.399178 1.37648e-005
4.29 0.384012 1.32418e-005
4.3 0.364423 1.25663e-005
4.31 0.340151 1.17293e-005
4.32 0.310726 1.07147e-005
4.33 0.278373 9.59905e-006
4.34 0.24807 8.55415e-006
4.35 0.225676 7.78195e-006
4.36 0.213308 7.35544e-006
4.37 0.205483 7.08563e-006
4.38 0.193043 6.65665e-006
4.39 0.171077 5.89922e-006
4.4 0.14214 4.90137e-006
4.41 0.11312 3.90069e-006
4.42 0.0893192 3.07997e-006
4.43 0.0716803 2.47173e-006
4.44 0.0594287 2.04926e-006
4.45 0.0520033 1.79322e-006
4.46 0.0459865 1.58574e-006
4.47 0.0335245 1.15602e-006
4.48 0.00853323 2.94249e-007
4.49 -0.0261991 -9.03418e-007
4.5 -0.0607762 -2.09573e-006
4.51 -0.0852762 -2.94056e-006
4.52 -0.094519 -3.25928e-006
4.53 -0.0887936 -3.06185e-006
4.54 -0.0710682 -2.45063e-006
4.55 -0.0453932 -1.56528e-006
4.56 -0.0192244 -6.62911e-007
4.57 -0.00204081 -7.03728e-008
4.58 0.00170604 5.88288e-008
4.59 -0.00416117 -1.43489e-007
4.6 -0.0119164 -4.1091e-007
4.61 -0.016143 -5.56656e-007
4.62 -0.0158335 -5.45982e-007
4.63 -0.0124181 -4.2821e-007
4.64 -0.00781896 -2.69619e-007
4.65 -0.00563912 -1.94452e-007
4.66 -0.0127072 -4.3818e-007
4.67 -0.0348795 -1.20274e-006
4.68 -0.0700968 -2.41713e-006
4.69 -0.108311 -3.73486e-006
4.7 -0.138039 -4.75997e-006
4.71 -0.15224 -5.24964e-006
4.72 -0.152106 -5.24503e-006
4.73 -0.147992 -5.10317e-006
4.74 -0.15234 -5.25312e-006
4.75 -0.170176 -5.86812e-006
4.76 -0.197119 -6.79719e-006
4.77 -0.223096 -7.69295e-006
4.78 -0.23878 -8.23379e-006
4.79 -0.24195 -8.34311e-006
4.8 -0.23668 -8.16138e-006
4.81 -0.229089 -7.89962e-006
4.82 -0.226479 -7.80962e-006
4.83 -0.232525 -8.01811e-006
4.84 -0.239261 -8.25039e-006
4.85 -0.233527 -8.05265e-006
4.86 -0.215206 -7.42091e-006
4.87 -0.200665 -6.91948e-006
4.88 -0.20635 -7.11552e-006
4.89 -0.233805 -8.06223e-006
4.9 -0.270626 -9.33194e-006
4.91 -0.304499 -1.05e-005
4.92 -0.33443 -1.15321e-005
4.93 -0.367586 -1.26754e-005
4.94 -0.409605 -1.41243e-005
4.95 -0.459987 -1.58616e-005
4.96 -0.511233 -1.76287e-005
4.97 -0.55007 -1.89679e-005
4.98 -0.565858 -1.95123e-005
4.99 -0.561603 -1.93656e-005
5 -0.553069 -1.90713e-005
5.01 -0.553979 -1.91027e-005
5.02 -0.56395 -1.94465e-005
5.03 -0.571133 -1.96943e-005
5.04 -0.564267 -1.94575e-005
5.05 -0.542631 -1.87114e-005
5.06 -0.517202 -1.78345e-005
5.07 -0.502487 -1.73271e-005
5.08 -0.505241 -1.74221e-005
5.09 -0.521771 -1.79921e-005
5.1 -0.54521 -1.88003e-005
5.11 -0.570301 -1.96655e-005
5.12 -0.593938 -2.04806e-005
5.13 -0.618668 -2.13334e-005
5.14 -0.65297 -2.25162e-005
5.15 -0.702548 -2.42258e-005
5.16 -0.765103 -2.63829e-005
5.17 -0.835968 -2.88265e-005
5.18 -0.912441 -3.14635e-005
5.19 -0.991848 -3.42017e-005
5.2 -1.06794 -3.68254e-005
5.21 -1.1296 -3.89516e-005
5.22 -1.1641 -4.01413e-005
5.23 -1.16212 -4.0073e-005
5.24 -1.12292 -3.87213e-005
5.25 -1.05605 -3.64155e-005
5.26 -0.974696 -3.36102e-005
5.27 -0.886561 -3.05711e-005
5.28 -0.79349 -2.73617e-005
5.29 -0.697974 -2.40681e-005
5.3 -0.605351 -2.08742e-005
5.31 -0.520851 -1.79604e-005
5.32 -0.446909 -1.54106e-005
5.33 -0.380684 -1.3127e-005
5.34 -0.313186 -1.07995e-005
5.35 -0.231336 -7.9771e-006
5.36 -0.122794 -4.23428e-006
5.37 0.0125705 4.33467e-007
5.38 0.155732 5.37006e-006
5.39 0.283624 9.78013e-006
5.4 0.389101 1.34173e-005
5.41 0.478577 1.65027e-005
5.42 0.556408 1.91865e-005
5.43 0.617168 2.12817e-005
5.44 0.654841 2.25807e-005
5.45 0.679096 2.34171e-005
5.46 0.714869 2.46507e-005
5.47 0.783086 2.7003e-005
5.48 0.888097 3.0624e-005
5.49 1.0199 3.5169e-005
5.5 1.1587 3.99551e-005
5.51 1.28015 4.41431e-005
5.52 1.36617 4.71094e-005
5.53 1.41256 4.87091e-005
5.54 1.42537 4.91505e-005
5.55 1.41186 4.8685e-005
5.56 1.37452 4.73972e-005
5.57 1.31341 4.52899e-005
5.58 1.23506 4.25882e-005
5.59 1.15348 3.97751e-005
5.6 1.07879 3.71996e-005
5.61 1.00877 3.47852e-005
5.62 0.934836 3.22357e-005
5.63 0.853308 2.94244e-005
5.64 0.766328 2.64251e-005
5.65 0.673312 2.32176e-005
5.66 0.567394 1.95653e-005
5.67 0.442063 1.52436e-005
5.68 0.299754 1.03363e-005
5.69 0.15193 5.23898e-006
5.7 0.0111929 3.85963e-007
5.71 -0.114886 -3.96159e-006
5.72 -0.222662 -7.67801e-006
5.73 -0.307289 -1.05962e-005
5.74 -0.362197 -1.24896e-005
5.75 -0.385737 -1.33013e-005
5.76 -0.387707 -1.33692e-005
5.77 -0.386999 -1.33448e-005
5.78 -0.402735 -1.38874e-005
5.79 -0.449285 -1.54926e-005
5.8 -0.534844 -1.84429e-005
5.81 -0.65795 -2.26879e-005
5.82 -0.803253 -2.76984e-005
5.83 -0.945487 -3.2603e-005
5.84 -1.06313 -3.66596e-005
5.85 -1.14751 -3.95694e-005
5.86 -1.20043 -4.1394e-005
5.87 -1.22968 -4.24029e-005
5.88 -1.24764 -4.30221e-005
5.89 -1.26422 -4.35939e-005
5.9 -1.2784 -4.40827e-005
5.91 -1.28089 -4.41688e-005
5.92 -1.26196 -4.3516e-005
5.93 -1.21339 -4.18409e-005
5.94 -1.12871 -3.89209e-005
5.95 -1.00814 -3.47633e-005
5.96 -0.863952 -2.97914e-005
5.97 -0.715184 -2.46615e-005
5.98 -0.575417 -1.9842e-005
5.99 -0.449572 -1.55025e-005
6 -0.341335 -1.17702e-005
6.01 -0.257838 -8.89097e-006
6.02 -0.2028 -6.9931e-006
6.03 -0.168817 -5.82127e-006
6.04 -0.142832 -4.92523e-006
6.05 -0.119501 -4.12074e-006
6.06 -0.106318 -3.66615e-006
6.07 -0.112692 -3.88592e-006
6.08 -0.139398 -4.80684e-006
6.09 -0.178304 -6.14843e-006
6.1 -0.220345 -7.59809e-006
6.11 -0.255718 -8.81785e-006
6.12 -0.272609 -9.40032e-006
6.13 -0.262569 -9.05409e-006
6.14 -0.219953 -7.58458e-006
6.15 -0.136527 -4.70782e-006
6.16 -0.00227543 -7.84632e-008
6.17 0.187203 6.45529e-006
6.18 0.427386 1.47374e-005
6.19 0.707539 2.43979e-005
6.2 1.0154 3.50139e-005
6.21 1.34057 4.62267e-005
6.22 1.67372 5.77145e-005
6.23 2.00159 6.90204e-005
6.24 2.30555 7.95018e-005
6.25 2.56632 8.84939e-005
6.26 2.76839 9.54618e-005
6.27 2.8983 9.99414e-005
6.28 2.94733 0.000101632
6.29 2.92102 0.000100725
6.3 2.84353 9.80528e-005
6.31 2.7415 9.45345e-005
6.32 2.61943 9.03252e-005
6.33 2.45399 8.46205e-005
6.34 2.21207 7.62782e-005
6.35 1.87867 6.47818e-005
6.36 1.47418 5.08339e-005
6.37 1.05063 3.62286e-005
6.38 0.670351 2.31156e-005
6.39 0.37363 1.28838e-005
6.4 0.161645 5.57396e-006
6.41 0.0171955 5.92947e-007
6.42 -0.0634834 -2.18908e-006
6.43 -0.0653333 -2.25287e-006
6.44 0.0307202 1.05932e-006
6.45 0.231856 7.99502e-006
6.46 0.525113 1.81073e-005
6.47 0.877594 3.02619e-005
6.48 1.24397 4.28956e-005
6.49 1.58172 5.45422e-005
6.5 1.86174 6.4198e-005
6.51 2.06239 7.11168e-005
6.52 2.15833 7.44252e-005
6.53 2.12064 7.31254e-005
6.54 1.92628 6.64234e-005
6.55 1.57206 5.42091e-005
6.56 1.08195 3.73088e-005
6.57 0.496904 1.71346e-005
6.58 -0.141503 -4.8794e-006
6.59 -0.802176 -2.76613e-005
6.6 -1.46969 -5.0679e-005
6.61 -2.14216 -7.38675e-005
6.62 -2.81256 -9.6985e-005
6.63 -3.46544 -0.000119498
6.64 -4.06876 -0.000140302
6.65 -4.57636 -0.000157805
6.66 -4.94261 -0.000170435
6.67 -5.1368 -0.000177131
6.68 -5.15033 -0.000177598
6.69 -4.99282 -0.000172166
6.7 -4.67956 -0.000161364
6.71 -4.2259 -0.000145721
6.72 -3.65473 -0.000126025
6.73 -3.00413 -0.000103591
6.74 -2.32796 -8.02744e-005
6.75 -1.69106 -5.83124e-005
6.76 -1.15303 -3.97596e-005
6.77 -0.7478 -2.57862e-005
6.78 -0.485405 -1.67381e-005
6.79 -0.366298 -1.2631e-005
6.8 -0.40532 -1.39765e-005
6.81 -0.601265 -2.07333e-005
6.82 -0.937708 -3.23347e-005
6.83 -1.38161 -4.76417e-005
6.84 -1.89493 -6.53423e-005
6.85 -2.44345 -8.42571e-005
6.86 -2.99258 -0.000103192
6.87 -3.50673 -0.000120922
6.88 -3.95514 -0.000136384
6.89 -4.31601 -0.000148828
6.9 -4.57128 -0.00015763
6.91 -4.70022 -0.000162076
6.92 -4.68698 -0.00016162
6.93 -4.53748 -0.000156465
6.94 -4.27962 -0.000147573
6.95 -3.94289 -0.000135962
6.96 -3.54307 -0.000122175
6.97 -3.08944 -0.000106532
6.98 -2.60259 -8.97445e-005
6.99 -2.11857 -7.30542e-005
7 -1.66953 -5.757e-005
7.01 -1.26261 -4.35383e-005
7.02 -0.887809 -3.06141e-005
7.03 -0.53866 -1.85745e-005
7.04 -0.220918 -7.61788e-006
7.05 0.051003 1.75872e-006
7.06 0.271452 9.36043e-006
7.07 0.44831 1.5459e-005
7.08 0.596937 2.0584e-005
7.09 0.731266 2.52161e-005
7.1 0.855693 2.95066e-005
7.11 0.963847 3.32361e-005
7.12 1.04246 3.5947e-005
7.13 1.07894 3.7205e-005
7.14 1.06802 3.68282e-005
7.15 1.01236 3.49091e-005
7.16 0.922932 3.18252e-005
7.17 0.823887 2.84099e-005
7.18 0.745179 2.56958e-005
7.19 0.717222 2.47318e-005
7.2 0.753913 2.5997e-005
7.21 0.847223 2.92146e-005
7.22 0.981458 3.38434e-005
7.23 1.13906 3.9278e-005
7.24 1.31096 4.52054e-005
7.25 1.49378 5.15096e-005
7.26 1.69167 5.83335e-005
7.27 1.91712 6.61076e-005
7.28 2.18347 7.5292e-005
7.29 2.49015 8.58672e-005
7.3 2.82113 9.72805e-005
7.31 3.16121 0.000109007
7.32 3.49465 0.000120505
7.33 3.79671 0.000130921
7.34 4.0244 0.000138773
7.35 4.1322 0.000142489
7.36 4.09724 0.000141284
7.37 3.92713 0.000135418
7.38 3.64483 0.000125684
7.39 3.26834 0.000112701
7.4 2.8073 9.68035e-005
7.41 2.27157 7.83299e-005
7.42 1.68021 5.79382e-005
7.43 1.05854 3.65015e-005
7.44 0.422262 1.45608e-005
7.45 -0.227559 -7.84687e-006
7.46 -0.890277 -3.06992e-005
7.47 -1.54645 -5.33259e-005
7.48 -2.15565 -7.43326e-005
7.49 -2.67949 -9.23963e-005
7.5 -3.10749 -0.000107155
7.51 -3.4637 -0.000119438
7.52 -3.7739 -0.000130134
7.53 -4.03731 -0.000139218
7.54 -4.23204 -0.000145932
7.55 -4.33166 -0.000149368
7.56 -4.33043 -0.000149325
7.57 -4.24919 -0.000146524
7.58 -4.10389 -0.000141513
7.59 -3.89179 -0.0001342
7.6 -3.61304 -0.000124588
7.61 -3.29368 -0.000113575
7.62 -2.98954 -0.000103087
7.63 -2.75383 -9.49596e-005
7.64 -2.60827 -8.99405e-005
7.65 -2.5364 -8.74622e-005
7.66 -2.50407 -8.63474e-005
7.67 -2.48383 -8.56493e-005
7.68 -2.47269 -8.52651e-005
7.69 -2.49341 -8.59797e-005
7.7 -2.57198 -8.86888e-005
7.71 -2.71263 -9.3539e-005
7.72 -2.89598 -9.98615e-005
7.73 -3.09506 -0.000106726
7.74 -3.28473 -0.000113266
7.75 -3.43922 -0.000118594
7.76 -3.52638 -0.000121599
7.77 -3.51599 -0.000121241
7.78 -3.39802 -0.000117173
7.79 -3.18954 -0.000109984
7.8 -2.91618 -0.000100558
7.81 -2.59016 -8.93159e-005
7.82 -2.20086 -7.58916e-005
7.83 -1.71974 -5.93014e-005
7.84 -1.11727 -3.85266e-005
7.85 -0.379833 -1.30977e-005
7.86 0.468478 1.61544e-005
7.87 1.38906 4.78988e-005
7.88 2.32115 8.00396e-005
7.89 3.19393 0.000110135
7.9 3.94728 0.000136113
7.91 4.55259 0.000156986
7.92 5.01576 0.000172957
7.93 5.34058 0.000184158
7.94 5.5288 0.000190648
7.95 5.58281 0.000192511
7.96 5.48686 0.000189202
7.97 5.2199 0.000179996
7.98 4.77166 0.00016454
7.99 4.16343 0.000143567
8 3.45174 0.000119025
8.01 2.71075 9.3474e-005
8.02 2.00365 6.90915e-005
8.03 1.371 4.72757e-005
8.04 0.835915 2.88247e-005
8.05 0.412879 1.42372e-005
8.06 0.105696 3.64471e-006
8.07 -0.091293 -3.14804e-006
8.08 -0.185746 -6.40504e-006
8.09 -0.167695 -5.7826e-006
8.1 -0.00444735 -1.53357e-007
8.11 0.330578 1.13992e-005
8.12 0.830601 2.86414e-005
8.13 1.45523 5.01804e-005
8.14 2.1435 7.39139e-005
8.15 2.8344 9.77379e-005
8.16 3.47802 0.000119932
8.17 4.0286 0.000138917
8.18 4.43969 0.000153093
8.19 4.67165 0.000161091
8.2 4.69867 0.000162023
8.21 4.51351 0.000155638
8.22 4.12716 0.000142316
8.23 3.56606 0.000122968
8.24 2.86873 9.89216e-005
8.25 2.08248 7.18095e-005
8.26 1.25768 4.33682e-005
8.27 0.438526 1.51216e-005
8.28 -0.341575 -1.17784e-005
8.29 -1.05679 -3.6441e-005
8.3 -1.68573 -5.81286e-005
8.31 -2.21239 -7.62893e-005
8.32 -2.63126 -9.07333e-005
8.33 -2.94871 -0.00010168
8.34 -3.16236 -0.000109047
8.35 -3.27538 -0.000112944
8.36 -3.29767 -0.000113713
8.37 -3.22861 -0.000111331
8.38 -3.05464 -0.000105332
8.39 -2.7551 -9.50035e-005
8.4 -2.31909 -7.99687e-005
8.41 -1.76382 -6.08212e-005
8.42 -1.1364 -3.91862e-005
8.43 -0.499112 -1.72108e-005
8.44 0.0835984 2.8827e-006
8.45 0.566147 1.95223e-005
8.46 0.917796 3.16482e-005
8.47 1.12586 3.88227e-005
8.48 1.18716 4.09365e-005
8.49 1.09582 3.77867e-005
8.5 0.840012 2.89659e-005
8.51 0.417284 1.43891e-005
8.52 -0.141642 -4.8842e-006
8.53 -0.781454 -2.69467e-005
8.54 -1.43976 -4.96469e-005
8.55 -2.05979 -7.10273e-005
8.56 -2.62222 -9.04213e-005
8.57 -3.11556 -0.000107433
8.58 -3.54303 -0.000122174
8.59 -3.88994 -0.000134136
8.6 -4.15907 -0.000143416
8.61 -4.35206 -0.000150071
8.62 -4.46075 -0.000153819
8.63 -4.46983 -0.000154132
8.64 -4.36084 -0.000150374
8.65 -4.12306 -0.000142174
8.66 -3.75657 -0.000129537
8.67 -3.27381 -0.00011289
8.68 -2.69861 -9.30553e-005
8.69 -2.05829 -7.09756e-005
8.7 -1.39238 -4.80132e-005
8.71 -0.749099 -2.5831e-005
8.72 -0.178567 -6.15747e-006
8.73 0.286558 9.88132e-006
8.74 0.633851 2.18569e-005
8.75 0.857788 2.95789e-005
8.76 0.959067 3.30713e-005
8.77 0.939663 3.24022e-005
8.78 0.808151 2.78673e-005
8.79 0.581979 2.00682e-005
8.8 0.285652 9.85007e-006
8.81 -0.0513361 -1.77021e-006
8.82 -0.399474 -1.37749e-005
8.83 -0.739046 -2.54844e-005
8.84 -1.06431 -3.67003e-005
8.85 -1.38514 -4.77635e-005
8.86 -1.71382 -5.90974e-005
8.87 -2.05372 -7.08179e-005
8.88 -2.39141 -8.24623e-005
8.89 -2.69957 -9.30886e-005
8.9 -2.94832 -0.000101666
8.91 -3.11933 -0.000107563
8.92 -3.20702 -0.000110587
8.93 -3.21762 -0.000110952
8.94 -3.15688 -0.000108858
8.95 -3.02281 -0.000104235
8.96 -2.79603 -9.64147e-005
8.97 -2.44491 -8.43074e-005
8.98 -2.03488 -7.01683e-005
8.99 -1.59571 -5.50243e-005
9 -1.15827 -3.99402e-005
9.01 -0.754216 -2.60075e-005
9.02 -0.388845 -1.34085e-005
9.03 -0.086393 -2.97907e-006
9.04 0.131992 4.55145e-006
9.05 0.279038 9.62202e-006
9.06 0.366301 1.26311e-005
9.07 0.432241 1.49048e-005
9.08 0.513108 1.76934e-005
9.09 0.635694 2.19205e-005
9.1 0.799494 2.75688e-005
9.11 0.97914 3.37634e-005
9.12 1.14963 3.96423e-005
9.13 1.27289 4.38927e-005
9.14 1.32785 4.57878e-005
9.15 1.33067 4.58852e-005
9.16 1.30864 4.51256e-005
9.17 1.27774 4.406e-005
9.18 1.23087 4.24439e-005
9.19 1.15458 3.9813e-005
9.2 1.05677 3.64405e-005
9.21 0.977653 3.37122e-005
9.22 0.965994 3.33102e-005
9.23 1.04998 3.62063e-005
9.24 1.22522 4.22488e-005
9.25 1.4608 5.03723e-005
9.26 1.71597 5.91712e-005
9.27 1.96085 6.76154e-005
9.28 2.18676 7.54057e-005
9.29 2.40352 8.28802e-005
9.3 2.62597 9.05507e-005
9.31 2.86628 9.88371e-005
9.32 3.13358 0.000108055
9.33 3.42925 0.00011825
9.34 3.74171 0.000129025
9.35 4.04559 0.000139503
9.36 4.31325 0.000148733
9.37 4.51855 0.000155812
9.38 4.62403 0.000159449
9.39 4.60203 0.000158691
9.4 4.43432 0.000152908
9.41 4.12305 0.000142174
9.42 3.67733 0.000126805
9.43 3.11312 0.000107349
9.44 2.45147 8.45333e-005
9.45 1.70857 5.89161e-005
9.46 0.915208 3.15589e-005
9.47 0.113327 3.90783e-006
9.48 -0.660724 -2.27836e-005
9.49 -1.38232 -4.76661e-005
9.5 -2.03824 -7.02842e-005
9.51 -2.63469 -9.08513e-005
9.52 -3.17081 -0.000109338
9.53 -3.64173 -0.000125577
9.54 -4.01835 -0.000138564
9.55 -4.2625 -0.000146983
9.56 -4.35209 -0.000150072
9.57 -4.28876 -0.000147888
9.58 -4.10429 -0.000141527
9.59 -3.84564 -0.000132608
9.6 -3.55644 -0.000122636
9.61 -3.27992 -0.000113101
9.62 -3.05884 -0.000105477
9.63 -2.93648 -0.000101258
9.64 -2.93753 -0.000101294
9.65 -3.06968 -0.000105851
9.66 -3.32193 -0.000114549
9.67 -3.67843 -0.000126842
9.68 -4.12719 -0.000142317
9.69 -4.65683 -0.00016058
9.7 -5.24377 -0.00018082
9.71 -5.85785 -0.000201995
9.72 -6.47761 -0.000223366
9.73 -7.08849 -0.000244431
9.74 -7.66361 -0.000264262
9.75 -8.20633 -0.000282977
9.76 -8.68411 -0.000299452
9.77 -9.11706 -0.000314381
9.78 -9.51713 -0.000328177
9.79 -9.88041 -0.000340704
9.8 -10.1621 -0.000350419
9.81 -10.3124 -0.0003556
9.82 -10.2644 -0.000353944
9.83 -9.97241 -0.000343876
9.84 -9.41495 -0.000324653
9.85 -8.60043 -0.000296567
9.86 -7.57165 -0.000261091
9.87 -6.38616 -0.000220212
9.88 -5.1095 -0.00017619
9.89 -3.80831 -0.000131321
9.9 -2.54498 -8.7758e-005
9.91 -1.36201 -4.69658e-005
9.92 -0.274495 -9.46535e-006
9.93 0.719832 2.48218e-005
9.94 1.62111 5.59003e-005
9.95 2.44464 8.42978e-005
9.96 3.17996 0.000109654
9.97 3.81224 0.000131456
9.98 4.30361 0.000148401
9.99 4.65115 0.000160385
10 4.88138 0.000168323
