0.1 -4.63258e-006 -6.49255e-007 6.33742e-008 1.34487e-010 1.34487e-010
0.2 -9.27223e-006 -1.29949e-006 1.26847e-007 2.68987e-010 2.68987e-010
0.3 -1.3919e-005 -1.9507e-006 1.90419e-007 4.03499e-010 4.03499e-010
0.4 -1.85729e-005 -2.6029e-006 2.5409e-007 5.38024e-010 5.38024e-010
0.5 -2.32339e-005 -3.25609e-006 3.17862e-007 6.72562e-010 6.72562e-010
0.6 -2.79022e-005 -3.91028e-006 3.81735e-007 8.07112e-010 8.07112e-010
0.7 -3.25776e-005 -4.56548e-006 4.45709e-007 9.41676e-010 9.41676e-010
0.8 -3.72604e-005 -5.22168e-006 5.09786e-007 1.07625e-009 1.07625e-009
0.9 -4.19505e-005 -5.8789e-006 5.73964e-007 1.21084e-009 1.21084e-009
1 -4.66479e-005 -6.53714e-006 6.38246e-007 1.34545e-009 1.34545e-009
0.01 -4.66483e-005 -6.54129e-006 6.37508e-007 1.34519e-009 1.34519e-009
0.02 -4.66497e-005 -6.55285e-006 6.35569e-007 1.34387e-009 1.34387e-009
0.03 -4.66516e-005 -6.56544e-006 6.33553e-007 1.34098e-009 1.34098e-009
0.04 -4.66536e-005 -6.5733e-006 6.31953e-007 1.33739e-009 1.33739e-009
0.05 -4.66558e-005 -6.57652e-006 6.30141e-007 1.33457e-009 1.33457e-009
0.06 -4.6658e-005 -6.57595e-006 6.27733e-007 1.33288e-009 1.33288e-009
0.07 -4.66604e-005 -6.57252e-006 6.24762e-007 1.33147e-009 1.33147e-009
0.08 -4.66627e-005 -6.5669e-006 6.21595e-007 1.32966e-009 1.32966e-009
0.09 -4.66649e-005 -6.55949e-006 6.18712e-007 1.32762e-009 1.32762e-009
0.1 -4.66669e-005 -6.55069e-006 6.16495e-007 1.32586e-009 1.32586e-009
0.11 -4.66689e-005 -6.54094e-006 6.14982e-007 1.32434e-009 1.32434e-009
0.12 -4.66708e-005 -6.53076e-006 6.13967e-007 1.32242e-009 1.32242e-009
0.13 -4.66726e-005 -6.52053e-006 6.12976e-007 1.31928e-009 1.31928e-009
0.14 -4.66741e-005 -6.51044e-006 6.11509e-007 1.3144e-009 1.3144e-009
0.15 -4.66753e-005 -6.50059e-006 6.09207e-007 1.30791e-009 1.30791e-009
0.16 -4.6676e-005 -6.49115e-006 6.06107e-007 1.3006e-009 1.3006e-009
0.17 -4.66763e-005 -6.48219e-006 6.0251e-007 1.29389e-009 1.29389e-009
0.18 -4.66759e-005 -6.47363e-006 5.98795e-007 1.28931e-009 1.28931e-009
0.19 -4.66749e-005 -6.465e-006 5.95109e-007 1.28779e-009 1.28779e-009
0.2 -4.66733e-005 -6.4558e-006 5.91483e-007 1.28936e-009 1.28936e-009
0.21 -4.66713e-005 -6.44583e-006 5.87956e-007 1.29347e-009 1.29347e-009
0.22 -4.66687e-005 -6.43537e-006 5.84829e-007 1.29946e-009 1.29946e-009
0.23 -4.66657e-005 -6.42499e-006 5.82392e-007 1.307e-009 1.307e-009
0.24 -4.66622e-005 -6.41525e-006 5.80716e-007 1.31604e-009 1.31604e-009
0.25 -4.66584e-005 -6.4063e-006 5.79428e-007 1.32664e-009 1.32664e-009
0.26 -4.66544e-005 -6.39779e-006 5.78027e-007 1.33884e-009 1.33884e-009
0.27 -4.66505e-005 -6.38851e-006 5.76275e-007 1.35259e-009 1.35259e-009
0.28 -4.66464e-005 -6.37685e-006 5.74277e-007 1.36787e-009 1.36787e-009
0.29 -4.66424e-005 -6.3615e-006 5.71932e-007 1.3845e-009 1.3845e-009
0.3 -4.66383e-005 -6.34209e-006 5.68768e-007 1.40181e-009 1.40181e-009
0.31 -4.66342e-005 -6.31904e-006 5.64566e-007 1.41854e-009 1.41854e-009
0.32 -4.663e-005 -6.29358e-006 5.59805e-007 1.43333e-009 1.43333e-009
0.33 -4.66256e-005 -6.26748e-006 5.5519e-007 1.44543e-009 1.44543e-009
0.34 -4.66209e-005 -6.24241e-006 5.51341e-007 1.45488e-009 1.45488e-009
0.35 -4.66161e-005 -6.21905e-006 5.48582e-007 1.4622e-009 1.4622e-009
0.36 -4.66111e-005 -6.19737e-006 5.46837e-007 1.46786e-009 1.46786e-009
0.37 -4.66059e-005 -6.17736e-006 5.45977e-007 1.47188e-009 1.47188e-009
0.38 -4.66004e-005 -6.15962e-006 5.46267e-007 1.47398e-009 1.47398e-009
0.39 -4.65947e-005 -6.1451e-006 5.48112e-007 1.47393e-009 1.47393e-009
0.4 -4.65886e-005 -6.1342e-006 5.51273e-007 1.47196e-009 1.47196e-009
0.41 -4.65823e-005 -6.12638e-006 5.54898e-007 1.46867e-009 1.46867e-009
0.42 -4.65758e-005 -6.12059e-006 5.58135e-007 1.46493e-009 1.46493e-009
0.43 -4.65693e-005 -6.11613e-006 5.60726e-007 1.4618e-009 1.4618e-009
0.44 -4.65629e-005 -6.11286e-006 5.63192e-007 1.46037e-009 1.46037e-009
0.45 -4.65567e-005 -6.11086e-006 5.6612e-007 1.46148e-009 1.46148e-009
0.46 -4.65508e-005 -6.10989e-006 5.69668e-007 1.46557e-009 1.46557e-009
0.47 -4.65451e-005 -6.10939e-006 5.73871e-007 1.4727e-009 1.4727e-009
0.48 -4.65398e-005 -6.10932e-006 5.78778e-007 1.4827e-009 1.4827e-009
0.49 -4.65348e-005 -6.11022e-006 5.84316e-007 1.4952e-009 1.4952e-009
0.5 -4.653e-005 -6.11228e-006 5.90733e-007 1.50984e-009 1.50984e-009
0.51 -4.65255e-005 -6.11507e-006 5.98536e-007 1.52644e-009 1.52644e-009
0.52 -4.65213e-005 -6.11831e-006 6.07888e-007 1.54503e-009 1.54503e-009
0.53 -4.65172e-005 -6.12208e-006 6.18857e-007 1.56545e-009 1.56545e-009
0.54 -4.65133e-005 -6.12584e-006 6.31804e-007 1.58701e-009 1.58701e-009
0.55 -4.65092e-005 -6.12823e-006 6.46677e-007 1.60867e-009 1.60867e-009
0.56 -4.6505e-005 -6.12885e-006 6.62353e-007 1.62929e-009 1.62929e-009
0.57 -4.65004e-005 -6.13003e-006 6.76761e-007 1.64742e-009 1.64742e-009
0.58 -4.64958e-005 -6.13516e-006 6.88217e-007 1.66117e-009 1.66117e-009
0.59 -4.64914e-005 -6.14542e-006 6.9658e-007 1.66881e-009 1.66881e-009
0.6 -4.64871e-005 -6.15914e-006 7.03229e-007 1.66973e-009 1.66973e-009
0.61 -4.64829e-005 -6.17403e-006 7.09218e-007 1.66487e-009 1.66487e-009
0.62 -4.6479e-005 -6.18942e-006 7.14448e-007 1.6557e-009 1.6557e-009
0.63 -4.64753e-005 -6.20561e-006 7.1989e-007 1.64327e-009 1.64327e-009
0.64 -4.64712e-005 -6.22264e-006 7.28026e-007 1.62849e-009 1.62849e-009
0.65 -4.64666e-005 -6.24126e-006 7.39246e-007 1.61286e-009 1.61286e-009
0.66 -4.64618e-005 -6.26249e-006 7.51153e-007 1.59786e-009 1.59786e-009
0.67 -4.64568e-005 -6.28564e-006 7.61734e-007 1.58411e-009 1.58411e-009
0.68 -4.64522e-005 -6.30913e-006 7.71255e-007 1.57151e-009 1.57151e-009
0.69 -4.6448e-005 -6.33262e-006 7.80805e-007 1.5602e-009 1.5602e-009
0.7 -4.64448e-005 -6.3563e-006 7.91142e-007 1.55065e-009 1.55065e-009
0.71 -4.64426e-005 -6.37926e-006 8.01963e-007 1.54322e-009 1.54322e-009
0.72 -4.64418e-005 -6.40001e-006 8.1173e-007 1.53803e-009 1.53803e-009
0.73 -4.64421e-005 -6.41806e-006 8.17991e-007 1.5351e-009 1.5351e-009
0.74 -4.64436e-005 -6.43536e-006 8.19788e-007 1.53443e-009 1.53443e-009
0.75 -4.64467e-005 -6.45518e-006 8.18402e-007 1.53593e-009 1.53593e-009
0.76 -4.64509e-005 -6.47846e-006 8.15759e-007 1.53958e-009 1.53958e-009
0.77 -4.64567e-005 -6.50284e-006 8.13958e-007 1.54548e-009 1.54548e-009
0.78 -4.64634e-005 -6.52447e-006 8.15272e-007 1.55378e-009 1.55378e-009
0.79 -4.64708e-005 -6.54127e-006 8.21539e-007 1.56442e-009 1.56442e-009
0.8 -4.64785e-005 -6.5541e-006 8.32412e-007 1.57675e-009 1.57675e-009
0.81 -4.64862e-005 -6.56449e-006 8.45711e-007 1.58932e-009 1.58932e-009
0.82 -4.64936e-005 -6.57234e-006 8.58776e-007 1.60023e-009 1.60023e-009
0.83 -4.65005e-005 -6.57702e-006 8.69454e-007 1.60793e-009 1.60793e-009
0.84 -4.6507e-005 -6.5794e-006 8.77054e-007 1.61135e-009 1.61135e-009
0.85 -4.6513e-005 -6.58087e-006 8.82905e-007 1.60966e-009 1.60966e-009
0.86 -4.65183e-005 -6.58238e-006 8.89349e-007 1.60237e-009 1.60237e-009
0.87 -4.65232e-005 -6.58692e-006 8.9659e-007 1.58939e-009 1.58939e-009
0.88 -4.65273e-005 -6.59839e-006 9.02009e-007 1.57079e-009 1.57079e-009
0.89 -4.65313e-005 -6.6166e-006 9.05071e-007 1.54684e-009 1.54684e-009
0.9 -4.65338e-005 -6.63584e-006 9.0843e-007 1.51952e-009 1.51952e-009
0.91 -4.65341e-005 -6.65137e-006 9.15047e-007 1.49329e-009 1.49329e-009
0.92 -4.65321e-005 -6.66542e-006 9.24437e-007 1.473e-009 1.473e-009
0.93 -4.65287e-005 -6.68495e-006 9.33996e-007 1.46056e-009 1.46056e-009
0.94 -4.65241e-005 -6.71191e-006 9.42639e-007 1.45446e-009 1.45446e-009
0.95 -4.65188e-005 -6.73883e-006 9.5041e-007 1.45272e-009 1.45272e-009
0.96 -4.65126e-005 -6.75523e-006 9.56617e-007 1.45547e-009 1.45547e-009
0.97 -4.65057e-005 -6.75846e-006 9.59869e-007 1.4638e-009 1.4638e-009
0.98 -4.64991e-005 -6.75591e-006 9.57935e-007 1.47691e-009 1.47691e-009
0.99 -4.64935e-005 -6.75519e-006 9.50112e-007 1.49142e-009 1.49142e-009
1 -4.64887e-005 -6.7563e-006 9.38424e-007 1.50431e-009 1.50431e-009
1.01 -4.64849e-005 -6.75426e-006 9.22991e-007 1.51559e-009 1.51559e-009
1.02 -4.64825e-005 -6.74504e-006 9.02119e-007 1.52713e-009 1.52713e-009
1.03 -4.64812e-005 -6.72884e-006 8.79392e-007 1.53986e-009 1.53986e-009
1.04 -4.64807e-005 -6.71009e-006 8.63803e-007 1.55354e-009 1.55354e-009
1.05 -4.64803e-005 -6.69402e-006 8.59927e-007 1.56784e-009 1.56784e-009
1.06 -4.64802e-005 -6.68276e-006 8.63361e-007 1.58178e-009 1.58178e-009
1.07 -4.64808e-005 -6.67439e-006 8.67543e-007 1.59271e-009 1.59271e-009
1.08 -4.64819e-005 -6.66399e-006 8.71324e-007 1.59777e-009 1.59777e-009
1.09 -4.64831e-005 -6.64877e-006 8.7697e-007 1.59672e-009 1.59672e-009
1.1 -4.64849e-005 -6.63354e-006 8.8331e-007 1.59148e-009 1.59148e-009
1.11 -4.6488e-005 -6.62645e-006 8.87622e-007 1.58267e-009 1.58267e-009
1.12 -4.64922e-005 -6.6294e-006 8.92741e-007 1.5687e-009 1.5687e-009
1.13 -4.64965e-005 -6.63566e-006 9.04365e-007 1.54966e-009 1.54966e-009
1.14 -4.65e-005 -6.63591e-006 9.2121e-007 1.52984e-009 1.52984e-009
1.15 -4.6502e-005 -6.62297e-006 9.37874e-007 1.51502e-009 1.51502e-009
1.16 -4.65013e-005 -6.59463e-006 9.5391e-007 1.50866e-009 1.50866e-009
1.17 -4.64971e-005 -6.5582e-006 9.71335e-007 1.51154e-009 1.51154e-009
1.18 -4.64892e-005 -6.52714e-006 9.91282e-007 1.52302e-009 1.52302e-009
1.19 -4.64784e-005 -6.50944e-006 1.01274e-006 1.54179e-009 1.54179e-009
1.2 -4.64653e-005 -6.5021e-006 1.03051e-006 1.56615e-009 1.56615e-009
1.21 -4.64515e-005 -6.49604e-006 1.03871e-006 1.59431e-009 1.59431e-009
1.22 -4.64376e-005 -6.48402e-006 1.03405e-006 1.62437e-009 1.62437e-009
1.23 -4.6424e-005 -6.46393e-006 1.01665e-006 1.65412e-009 1.65412e-009
1.24 -4.64107e-005 -6.43749e-006 9.90614e-007 1.68159e-009 1.68159e-009
1.25 -4.63966e-005 -6.40698e-006 9.64076e-007 1.70689e-009 1.70689e-009
1.26 -4.63806e-005 -6.37362e-006 9.44985e-007 1.73348e-009 1.73348e-009
1.27 -4.63619e-005 -6.33904e-006 9.36164e-007 1.76665e-009 1.76665e-009
1.28 -4.63406e-005 -6.30587e-006 9.36193e-007 1.80955e-009 1.80955e-009
1.29 -4.63175e-005 -6.27742e-006 9.40939e-007 1.86018e-009 1.86018e-009
1.3 -4.62941e-005 -6.25716e-006 9.46159e-007 1.91147e-009 1.91147e-009
1.31 -4.62717e-005 -6.24544e-006 9.52852e-007 1.95452e-009 1.95452e-009
1.32 -4.62511e-005 -6.23785e-006 9.64134e-007 1.98296e-009 1.98296e-009
1.33 -4.62331e-005 -6.22819e-006 9.77601e-007 1.995e-009 1.995e-009
1.34 -4.62176e-005 -6.21079e-006 9.90874e-007 1.99256e-009 1.99256e-009
1.35 -4.62035e-005 -6.1845e-006 1.01007e-006 1.98078e-009 1.98078e-009
1.36 -4.61891e-005 -6.15819e-006 1.04129e-006 1.96777e-009 1.96777e-009
1.37 -4.61739e-005 -6.14428e-006 1.0797e-006 1.9617e-009 1.9617e-009
1.38 -4.61586e-005 -6.14619e-006 1.11215e-006 1.9658e-009 1.9658e-009
1.39 -4.61443e-005 -6.15427e-006 1.12756e-006 1.97681e-009 1.97681e-009
1.4 -4.61319e-005 -6.15438e-006 1.12428e-006 1.98818e-009 1.98818e-009
1.41 -4.61227e-005 -6.14586e-006 1.10915e-006 1.9942e-009 1.9942e-009
1.42 -4.61171e-005 -6.14463e-006 1.09598e-006 1.99185e-009 1.99185e-009
1.43 -4.61144e-005 -6.16267e-006 1.10067e-006 1.98241e-009 1.98241e-009
1.44 -4.61135e-005 -6.19561e-006 1.12689e-006 1.97328e-009 1.97328e-009
1.45 -4.61136e-005 -6.22932e-006 1.15899e-006 1.9751e-009 1.9751e-009
1.46 -4.61149e-005 -6.25195e-006 1.17452e-006 1.99392e-009 1.99392e-009
1.47 -4.61179e-005 -6.26458e-006 1.16317e-006 2.02597e-009 2.02597e-009
1.48 -4.61238e-005 -6.28256e-006 1.12975e-006 2.05993e-009 2.05993e-009
1.49 -4.61352e-005 -6.3232e-006 1.07929e-006 2.08229e-009 2.08229e-009
1.5 -4.61554e-005 -6.39007e-006 1.01266e-006 2.08099e-009 2.08099e-009
1.51 -4.61852e-005 -6.46792e-006 9.42639e-007 2.04917e-009 2.04917e-009
1.52 -4.62221e-005 -6.53458e-006 8.97656e-007 1.99121e-009 1.99121e-009
1.53 -4.6262e-005 -6.5821e-006 8.96772e-007 1.92422e-009 1.92422e-009
1.54 -4.63021e-005 -6.62128e-006 9.31222e-007 1.86788e-009 1.86788e-009
1.55 -4.63406e-005 -6.66399e-006 9.7794e-007 1.83064e-009 1.83064e-009
1.56 -4.63764e-005 -6.71201e-006 1.01974e-006 1.80686e-009 1.80686e-009
1.57 -4.64103e-005 -6.76102e-006 1.04911e-006 1.78469e-009 1.78469e-009
1.58 -4.64441e-005 -6.80441e-006 1.06244e-006 1.75273e-009 1.75273e-009
1.59 -4.64802e-005 -6.8364e-006 1.05689e-006 1.70051e-009 1.70051e-009
1.6 -4.65218e-005 -6.85905e-006 1.03014e-006 1.61853e-009 1.61853e-009
1.61 -4.65709e-005 -6.88656e-006 9.86893e-007 1.502e-009 1.502e-009
1.62 -4.66259e-005 -6.93338e-006 9.45729e-007 1.3567e-009 1.3567e-009
1.63 -4.66806e-005 -6.98988e-006 9.30857e-007 1.20285e-009 1.20285e-009
1.64 -4.67254e-005 -7.02075e-006 9.56875e-007 1.07282e-009 1.07282e-009
1.65 -4.67531e-005 -7.00168e-006 1.01849e-006 9.98922e-010 9.98922e-010
1.66 -4.67617e-005 -6.9483e-006 1.09307e-006 9.94964e-010 9.94964e-010
1.67 -4.67531e-005 -6.90198e-006 1.15583e-006 1.04564e-009 1.04564e-009
1.68 -4.67324e-005 -6.89339e-006 1.19325e-006 1.11592e-009 1.11592e-009
1.69 -4.67064e-005 -6.92155e-006 1.20302e-006 1.17323e-009 1.17323e-009
1.7 -4.66814e-005 -6.96645e-006 1.18877e-006 1.20287e-009 1.20287e-009
1.71 -4.66615e-005 -7.01183e-006 1.16218e-006 1.20789e-009 1.20789e-009
1.72 -4.66458e-005 -7.04924e-006 1.14117e-006 1.2016e-009 1.2016e-009
1.73 -4.663e-005 -7.07295e-006 1.13466e-006 1.2016e-009 1.2016e-009
1.74 -4.66085e-005 -7.07915e-006 1.13381e-006 1.22552e-009 1.22552e-009
1.75 -4.65769e-005 -7.06458e-006 1.12366e-006 1.28623e-009 1.28623e-009
1.76 -4.65334e-005 -7.02582e-006 1.09631e-006 1.38856e-009 1.38856e-009
1.77 -4.64802e-005 -6.9648e-006 1.04908e-006 1.52761e-009 1.52761e-009
1.78 -4.64248e-005 -6.89494e-006 9.8004e-007 1.68637e-009 1.68637e-009
1.79 -4.6376e-005 -6.83402e-006 8.97888e-007 1.83595e-009 1.83595e-009
1.8 -4.63398e-005 -6.78553e-006 8.26687e-007 1.94578e-009 1.94578e-009
1.81 -4.63182e-005 -6.73427e-006 7.87072e-007 2.00033e-009 2.00033e-009
1.82 -4.63092e-005 -6.66343e-006 7.81429e-007 2.0068e-009 2.0068e-009
1.83 -4.63079e-005 -6.57188e-006 7.98555e-007 1.98689e-009 1.98689e-009
1.84 -4.63083e-005 -6.47473e-006 8.25199e-007 1.96224e-009 1.96224e-009
1.85 -4.63056e-005 -6.39342e-006 8.50325e-007 1.94498e-009 1.94498e-009
1.86 -4.62993e-005 -6.34293e-006 8.6139e-007 1.93569e-009 1.93569e-009
1.87 -4.62924e-005 -6.3172e-006 8.54601e-007 1.92595e-009 1.92595e-009
1.88 -4.62865e-005 -6.28598e-006 8.54763e-007 1.90601e-009 1.90601e-009
1.89 -4.62817e-005 -6.21995e-006 8.98199e-007 1.87429e-009 1.87429e-009
1.9 -4.62793e-005 -6.12373e-006 9.84407e-007 1.8367e-009 1.8367e-009
1.91 -4.62821e-005 -6.03269e-006 1.07215e-006 1.79407e-009 1.79407e-009
1.92 -4.62905e-005 -5.97929e-006 1.12371e-006 1.73753e-009 1.73753e-009
1.93 -4.63016e-005 -5.97199e-006 1.12485e-006 1.66285e-009 1.66285e-009
1.94 -4.63142e-005 -5.99828e-006 1.07342e-006 1.58417e-009 1.58417e-009
1.95 -4.63289e-005 -6.03763e-006 9.74632e-007 1.52589e-009 1.52589e-009
1.96 -4.6346e-005 -6.0688e-006 8.49095e-007 1.50323e-009 1.50323e-009
1.97 -4.63645e-005 -6.07375e-006 7.32086e-007 1.51494e-009 1.51494e-009
1.98 -4.63827e-005 -6.04687e-006 6.50878e-007 1.55183e-009 1.55183e-009
1.99 -4.63999e-005 -5.99791e-006 6.05608e-007 1.60564e-009 1.60564e-009
2 -4.64168e-005 -5.94527e-006 5.75265e-007 1.66968e-009 1.66968e-009
2.01 -4.64347e-005 -5.90867e-006 5.3708e-007 1.73662e-009 1.73662e-009
2.02 -4.64556e-005 -5.90326e-006 4.81744e-007 1.79926e-009 1.79926e-009
2.03 -4.64829e-005 -5.93711e-006 4.09913e-007 1.85028e-009 1.85028e-009
2.04 -4.6521e-005 -6.00725e-006 3.21478e-007 1.87836e-009 1.87836e-009
2.05 -4.65726e-005 -6.09333e-006 2.24494e-007 1.86731e-009 1.86731e-009
2.06 -4.66363e-005 -6.16758e-006 1.40146e-007 1.80518e-009 1.80518e-009
2.07 -4.67091e-005 -6.21964e-006 7.88515e-008 1.69437e-009 1.69437e-009
2.08 -4.67893e-005 -6.26279e-006 2.77397e-008 1.54877e-009 1.54877e-009
2.09 -4.68754e-005 -6.31365e-006 -3.03173e-008 1.38234e-009 1.38234e-009
2.1 -4.69651e-005 -6.37077e-006 -9.73308e-008 1.20502e-009 1.20502e-009
2.11 -4.7056e-005 -6.41713e-006 -1.62382e-007 1.02764e-009 1.02764e-009
2.12 -4.71477e-005 -6.44185e-006 -2.19581e-007 8.619e-010 8.619e-010
2.13 -4.72426e-005 -6.45016e-006 -2.74351e-007 7.10133e-010 7.10133e-010
2.14 -4.73427e-005 -6.45608e-006 -3.30894e-007 5.58571e-010 5.58571e-010
2.15 -4.74476e-005 -6.47278e-006 -3.80754e-007 3.86847e-010 3.86847e-010
2.16 -4.75528e-005 -6.50402e-006 -4.04242e-007 1.87104e-010 1.87104e-010
2.17 -4.76529e-005 -6.54399e-006 -3.91648e-007 -2.58739e-011 -2.58739e-011
2.18 -4.77454e-005 -6.58625e-006 -3.6814e-007 -2.24471e-010 -2.24471e-010
2.19 -4.7831e-005 -6.6275e-006 -3.75625e-007 -3.88693e-010 -3.88693e-010
2.2 -4.79089e-005 -6.66318e-006 -4.24782e-007 -5.15387e-010 -5.15387e-010
2.21 -4.79768e-005 -6.68925e-006 -4.91012e-007 -6.09175e-010 -6.09175e-010
2.22 -4.8034e-005 -6.70944e-006 -5.50232e-007 -6.72207e-010 -6.72207e-010
2.23 -4.80821e-005 -6.73336e-006 -5.97175e-007 -7.06459e-010 -7.06459e-010
2.24 -4.81226e-005 -6.76562e-006 -6.36395e-007 -7.19396e-010 -7.19396e-010
2.25 -4.81556e-005 -6.80115e-006 -6.7141e-007 -7.19792e-010 -7.19792e-010
2.26 -4.81802e-005 -6.83194e-006 -7.08152e-007 -7.08756e-010 -7.08756e-010
2.27 -4.81956e-005 -6.85051e-006 -7.51114e-007 -6.78398e-010 -6.78398e-010
2.28 -4.81994e-005 -6.84832e-006 -7.88987e-007 -6.17327e-010 -6.17327e-010
2.29 -4.8189e-005 -6.82074e-006 -8.04524e-007 -5.1564e-010 -5.1564e-010
2.3 -4.81651e-005 -6.77158e-006 -7.95839e-007 -3.70347e-010 -3.70347e-010
2.31 -4.81294e-005 -6.709e-006 -7.71059e-007 -1.91861e-010 -1.91861e-010
2.32 -4.8083e-005 -6.64194e-006 -7.34327e-007 -3.88749e-012 -3.88749e-012
2.33 -4.80279e-005 -6.57955e-006 -6.88529e-007 1.66573e-010 1.66573e-010
2.34 -4.79667e-005 -6.52799e-006 -6.42154e-007 3.00955e-010 3.00955e-010
2.35 -4.79022e-005 -6.48799e-006 -6.06759e-007 3.93359e-010 3.93359e-010
2.36 -4.78363e-005 -6.45675e-006 -5.89113e-007 4.46936e-010 4.46936e-010
2.37 -4.77707e-005 -6.43307e-006 -5.91802e-007 4.67954e-010 4.67954e-010
2.38 -4.77064e-005 -6.41774e-006 -6.11351e-007 4.62211e-010 4.62211e-010
2.39 -4.76416e-005 -6.40689e-006 -6.25108e-007 4.37137e-010 4.37137e-010
2.4 -4.75732e-005 -6.39768e-006 -6.00607e-007 4.07131e-010 4.07131e-010
2.41 -4.74985e-005 -6.39987e-006 -5.19503e-007 3.9236e-010 3.9236e-010
2.42 -4.74162e-005 -6.42559e-006 -3.79197e-007 4.08902e-010 4.08902e-010
2.43 -4.73262e-005 -6.47225e-006 -1.95877e-007 4.60594e-010 4.60594e-010
2.44 -4.72321e-005 -6.52516e-006 -1.20814e-008 5.38613e-010 5.38613e-010
2.45 -4.71395e-005 -6.57047e-006 1.30752e-007 6.26308e-010 6.26308e-010
2.46 -4.70523e-005 -6.60168e-006 2.30535e-007 7.08237e-010 7.08237e-010
2.47 -4.69717e-005 -6.61999e-006 3.17691e-007 7.80532e-010 7.80532e-010
2.48 -4.68975e-005 -6.63177e-006 4.17794e-007 8.52992e-010 8.52992e-010
2.49 -4.68292e-005 -6.64426e-006 5.31134e-007 9.39049e-010 9.39049e-010
2.5 -4.67655e-005 -6.66399e-006 6.37777e-007 1.04376e-009 1.04376e-009
2.51 -4.67051e-005 -6.69381e-006 7.15683e-007 1.16178e-009 1.16178e-009
2.52 -4.66465e-005 -6.72807e-006 7.5429e-007 1.28492e-009 1.28492e-009
2.53 -4.65895e-005 -6.75786e-006 7.56401e-007 1.40869e-009 1.40869e-009
2.54 -4.65351e-005 -6.77798e-006 7.39273e-007 1.5312e-009 1.5312e-009
2.55 -4.64843e-005 -6.78735e-006 7.30169e-007 1.64884e-009 1.64884e-009
2.56 -4.64381e-005 -6.78835e-006 7.51921e-007 1.75554e-009 1.75554e-009
2.57 -4.6397e-005 -6.78416e-006 8.11538e-007 1.84601e-009 1.84601e-009
2.58 -4.63605e-005 -6.77653e-006 8.99252e-007 1.9188e-009 1.9188e-009
2.59 -4.63281e-005 -6.76998e-006 9.95686e-007 1.97605e-009 1.97605e-009
2.6 -4.62992e-005 -6.77341e-006 1.08245e-006 2.01979e-009 2.01979e-009
2.61 -4.62735e-005 -6.79062e-006 1.15008e-006 2.04811e-009 2.04811e-009
2.62 -4.62507e-005 -6.81341e-006 1.19893e-006 2.05458e-009 2.05458e-009
2.63 -4.62312e-005 -6.83092e-006 1.23695e-006 2.03191e-009 2.03191e-009
2.64 -4.62161e-005 -6.8479e-006 1.26984e-006 1.97641e-009 1.97641e-009
2.65 -4.62089e-005 -6.88806e-006 1.28894e-006 1.88915e-009 1.88915e-009
2.66 -4.62132e-005 -6.96849e-006 1.28254e-006 1.77505e-009 1.77505e-009
2.67 -4.62294e-005 -7.07301e-006 1.25372e-006 1.64535e-009 1.64535e-009
2.68 -4.62548e-005 -7.15941e-006 1.21796e-006 1.52097e-009 1.52097e-009
2.69 -4.62844e-005 -7.19497e-006 1.18968e-006 1.42755e-009 1.42755e-009
2.7 -4.63155e-005 -7.18416e-006 1.16907e-006 1.38115e-009 1.38115e-009
2.71 -4.63483e-005 -7.16125e-006 1.14751e-006 1.37751e-009 1.37751e-009
2.72 -4.63819e-005 -7.15812e-006 1.12914e-006 1.39779e-009 1.39779e-009
2.73 -4.64144e-005 -7.1766e-006 1.13488e-006 1.4272e-009 1.4272e-009
2.74 -4.64452e-005 -7.18809e-006 1.17472e-006 1.46719e-009 1.46719e-009
2.75 -4.64757e-005 -7.16207e-006 1.22569e-006 1.52674e-009 1.52674e-009
2.76 -4.65078e-005 -7.09357e-006 1.25534e-006 1.60363e-009 1.60363e-009
2.77 -4.65427e-005 -7.00036e-006 1.24873e-006 1.67879e-009 1.67879e-009
2.78 -4.65801e-005 -6.89668e-006 1.20132e-006 1.7286e-009 1.7286e-009
2.79 -4.66182e-005 -6.77789e-006 1.1156e-006 1.73983e-009 1.73983e-009
2.8 -4.66532e-005 -6.63659e-006 1.01284e-006 1.71528e-009 1.71528e-009
2.81 -4.66816e-005 -6.4878e-006 9.17906e-007 1.66936e-009 1.66936e-009
2.82 -4.67027e-005 -6.36532e-006 8.35959e-007 1.61677e-009 1.61677e-009
2.83 -4.67173e-005 -6.29305e-006 7.58708e-007 1.56241e-009 1.56241e-009
2.84 -4.67265e-005 -6.26669e-006 6.78405e-007 1.50195e-009 1.50195e-009
2.85 -4.6731e-005 -6.2621e-006 5.97957e-007 1.43145e-009 1.43145e-009
2.86 -4.67317e-005 -6.25615e-006 5.26411e-007 1.35479e-009 1.35479e-009
2.87 -4.67302e-005 -6.23544e-006 4.65494e-007 1.28107e-009 1.28107e-009
2.88 -4.67273e-005 -6.19586e-006 4.17141e-007 1.21684e-009 1.21684e-009
2.89 -4.67224e-005 -6.14596e-006 3.92546e-007 1.16408e-009 1.16408e-009
2.9 -4.67149e-005 -6.10345e-006 3.97222e-007 1.12451e-009 1.12451e-009
2.91 -4.67055e-005 -6.07734e-006 4.18612e-007 1.10233e-009 1.10233e-009
2.92 -4.66956e-005 -6.05703e-006 4.3473e-007 1.10241e-009 1.10241e-009
2.93 -4.66871e-005 -6.02725e-006 4.27309e-007 1.12655e-009 1.12655e-009
2.94 -4.66822e-005 -5.98658e-006 3.91064e-007 1.17016e-009 1.17016e-009
2.95 -4.66827e-005 -5.94379e-006 3.34889e-007 1.2217e-009 1.2217e-009
2.96 -4.66899e-005 -5.90529e-006 2.71879e-007 1.2679e-009 1.2679e-009
2.97 -4.67045e-005 -5.87651e-006 2.08876e-007 1.30227e-009 1.30227e-009
2.98 -4.67271e-005 -5.86687e-006 1.47258e-007 1.32926e-009 1.32926e-009
2.99 -4.67567e-005 -5.88065e-006 9.33038e-008 1.36107e-009 1.36107e-009
3 -4.67896e-005 -5.90642e-006 6.4594e-008 1.41193e-009 1.41193e-009
3.01 -4.68206e-005 -5.92391e-006 8.04416e-008 1.49315e-009 1.49315e-009
3.02 -4.68451e-005 -5.92287e-006 1.46588e-007 1.60762e-009 1.60762e-009
3.03 -4.68604e-005 -5.91363e-006 2.5322e-007 1.74407e-009 1.74407e-009
3.04 -4.68671e-005 -5.92063e-006 3.77807e-007 1.87686e-009 1.87686e-009
3.05 -4.68685e-005 -5.96266e-006 4.86901e-007 1.97361e-009 1.97361e-009
3.06 -4.68701e-005 -6.03994e-006 5.52269e-007 2.00638e-009 2.00638e-009
3.07 -4.68753e-005 -6.14292e-006 5.76753e-007 1.96177e-009 1.96177e-009
3.08 -4.68845e-005 -6.26302e-006 5.91992e-007 1.84637e-009 1.84637e-009
3.09 -4.68961e-005 -6.39513e-006 6.19501e-007 1.68289e-009 1.68289e-009
3.1 -4.69087e-005 -6.53749e-006 6.47805e-007 1.49603e-009 1.49603e-009
3.11 -4.69195e-005 -6.68096e-006 6.55894e-007 1.30025e-009 1.30025e-009
3.12 -4.69226e-005 -6.80368e-006 6.49573e-007 1.1032e-009 1.1032e-009
3.13 -4.6911e-005 -6.88852e-006 6.63317e-007 9.19968e-010 9.19968e-010
3.14 -4.68817e-005 -6.94042e-006 7.18704e-007 7.76332e-010 7.76332e-010
3.15 -4.68389e-005 -6.98387e-006 7.96666e-007 6.91592e-010 6.91592e-010
3.16 -4.67914e-005 -7.04493e-006 8.60022e-007 6.59984e-010 6.59984e-010
3.17 -4.6749e-005 -7.13577e-006 8.80694e-007 6.53348e-010 6.53348e-010
3.18 -4.67198e-005 -7.25135e-006 8.53681e-007 6.42134e-010 6.42134e-010
3.19 -4.67063e-005 -7.37392e-006 8.10388e-007 6.15647e-010 6.15647e-010
3.2 -4.67039e-005 -7.48648e-006 8.01047e-007 5.88509e-010 5.88509e-010
3.21 -4.67069e-005 -7.59128e-006 8.46776e-007 5.89541e-010 5.89541e-010
3.22 -4.67122e-005 -7.70953e-006 9.19594e-007 6.39281e-010 6.39281e-010
3.23 -4.67188e-005 -7.85559e-006 9.70382e-007 7.34449e-010 7.34449e-010
3.24 -4.67269e-005 -8.01851e-006 9.66092e-007 8.53688e-010 8.53688e-010
3.25 -4.67399e-005 -8.16927e-006 9.01622e-007 9.76112e-010 9.76112e-010
3.26 -4.67634e-005 -8.27184e-006 7.93764e-007 1.09142e-009 1.09142e-009
3.27 -4.68012e-005 -8.29187e-006 6.77896e-007 1.19494e-009 1.19494e-009
3.28 -4.68536e-005 -8.21644e-006 5.95298e-007 1.27975e-009 1.27975e-009
3.29 -4.69181e-005 -8.07195e-006 5.66765e-007 1.33508e-009 1.33508e-009
3.3 -4.69892e-005 -7.91527e-006 5.84403e-007 1.34983e-009 1.34983e-009
3.31 -4.70606e-005 -7.80179e-006 6.30644e-007 1.3199e-009 1.3199e-009
3.32 -4.7125e-005 -7.75641e-006 6.98461e-007 1.25646e-009 1.25646e-009
3.33 -4.71781e-005 -7.7703e-006 7.83648e-007 1.18392e-009 1.18392e-009
3.34 -4.72218e-005 -7.82091e-006 8.6084e-007 1.11997e-009 1.11997e-009
3.35 -4.72624e-005 -7.88384e-006 8.94507e-007 1.05321e-009 1.05321e-009
3.36 -4.73052e-005 -7.92715e-006 8.76687e-007 9.46935e-010 9.46935e-010
3.37 -4.73502e-005 -7.91574e-006 8.33804e-007 7.72573e-010 7.72573e-010
3.38 -4.73927e-005 -7.83225e-006 8.05117e-007 5.40839e-010 5.40839e-010
3.39 -4.74248e-005 -7.6917e-006 8.20371e-007 3.00688e-010 3.00688e-010
3.4 -4.74389e-005 -7.53803e-006 8.76089e-007 1.09905e-010 1.09905e-010
3.41 -4.74326e-005 -7.42319e-006 9.28475e-007 2.69176e-012 2.69176e-012
3.42 -4.74078e-005 -7.37816e-006 9.26751e-007 -2.37226e-011 -2.37226e-011
3.43 -4.73689e-005 -7.39444e-006 8.56637e-007 3.12549e-012 3.12549e-012
3.44 -4.73206e-005 -7.43468e-006 7.46265e-007 5.53666e-011 5.53666e-011
3.45 -4.72684e-005 -7.46278e-006 6.3836e-007 1.19602e-010 1.19602e-010
3.46 -4.72168e-005 -7.46094e-006 5.59772e-007 1.94399e-010 1.94399e-010
3.47 -4.71688e-005 -7.42619e-006 5.10045e-007 2.81703e-010 2.81703e-010
3.48 -4.7124e-005 -7.36162e-006 4.7242e-007 3.85447e-010 3.85447e-010
3.49 -4.708e-005 -7.27117e-006 4.29568e-007 5.16848e-010 5.16848e-010
3.5 -4.7035e-005 -7.16221e-006 3.63686e-007 6.93543e-010 6.93543e-010
3.51 -4.69907e-005 -7.04794e-006 2.5695e-007 9.24728e-010 9.24728e-010
3.52 -4.69507e-005 -6.9353e-006 1.14967e-007 1.19398e-009 1.19398e-009
3.53 -4.6917e-005 -6.81747e-006 -2.42676e-008 1.45927e-009 1.45927e-009
3.54 -4.68919e-005 -6.68984e-006 -1.21714e-007 1.67109e-009 1.67109e-009
3.55 -4.68787e-005 -6.56534e-006 -1.69519e-007 1.792e-009 1.792e-009
3.56 -4.68815e-005 -6.46951e-006 -1.93845e-007 1.80624e-009 1.80624e-009
3.57 -4.69029e-005 -6.42087e-006 -2.2703e-007 1.72182e-009 1.72182e-009
3.58 -4.6942e-005 -6.41504e-006 -2.76688e-007 1.56861e-009 1.56861e-009
3.59 -4.69939e-005 -6.42886e-006 -3.20596e-007 1.38921e-009 1.38921e-009
3.6 -4.70515e-005 -6.43246e-006 -3.22297e-007 1.22234e-009 1.22234e-009
3.61 -4.71072e-005 -6.40007e-006 -2.58679e-007 1.08731e-009 1.08731e-009
3.62 -4.71566e-005 -6.32429e-006 -1.45793e-007 9.7869e-010 9.7869e-010
3.63 -4.71999e-005 -6.223e-006 -3.37549e-008 8.71585e-010 8.71585e-010
3.64 -4.72398e-005 -6.12847e-006 3.5621e-008 7.35695e-010 7.35695e-010
3.65 -4.72785e-005 -6.06792e-006 6.36365e-008 5.55776e-010 5.55776e-010
3.66 -4.7317e-005 -6.05081e-006 8.19921e-008 3.47377e-010 3.47377e-010
3.67 -4.73557e-005 -6.07458e-006 1.16267e-007 1.52377e-010 1.52377e-010
3.68 -4.73941e-005 -6.13356e-006 1.69924e-007 1.44074e-011 1.44074e-011
3.69 -4.74291e-005 -6.20998e-006 2.28245e-007 -4.51418e-011 -4.51418e-011
3.7 -4.74556e-005 -6.27029e-006 2.64566e-007 -3.17982e-011 -3.17982e-011
3.71 -4.74685e-005 -6.28389e-006 2.53717e-007 3.45908e-011 3.45908e-011
3.72 -4.74641e-005 -6.23598e-006 1.9177e-007 1.35847e-010 1.35847e-010
3.73 -4.74406e-005 -6.13015e-006 9.90231e-008 2.64919e-010 2.64919e-010
3.74 -4.74002e-005 -5.99225e-006 2.80908e-009 4.24798e-010 4.24798e-010
3.75 -4.73488e-005 -5.85372e-006 -7.92549e-008 6.18727e-010 6.18727e-010
3.76 -4.72924e-005 -5.7263e-006 -1.44914e-007 8.40862e-010 8.40862e-010
3.77 -4.72351e-005 -5.6051e-006 -1.9832e-007 1.07552e-009 1.07552e-009
3.78 -4.71785e-005 -5.48776e-006 -2.4191e-007 1.30301e-009 1.30301e-009
3.79 -4.71214e-005 -5.38081e-006 -2.80576e-007 1.50425e-009 1.50425e-009
3.8 -4.70623e-005 -5.2942e-006 -3.21118e-007 1.66122e-009 1.66122e-009
3.81 -4.69999e-005 -5.24008e-006 -3.64526e-007 1.75766e-009 1.75766e-009
3.82 -4.6935e-005 -5.23701e-006 -4.04776e-007 1.78414e-009 1.78414e-009
3.83 -4.68712e-005 -5.30054e-006 -4.28537e-007 1.74493e-009 1.74493e-009
3.84 -4.68126e-005 -5.41358e-006 -4.22486e-007 1.66102e-009 1.66102e-009
3.85 -4.6763e-005 -5.51837e-006 -3.92477e-007 1.56431e-009 1.56431e-009
3.86 -4.67258e-005 -5.56324e-006 -3.56723e-007 1.48181e-009 1.48181e-009
3.87 -4.67018e-005 -5.54934e-006 -3.21472e-007 1.41982e-009 1.41982e-009
3.88 -4.66899e-005 -5.51751e-006 -2.80972e-007 1.36273e-009 1.36273e-009
3.89 -4.66881e-005 -5.50537e-006 -2.32921e-007 1.28859e-009 1.28859e-009
3.9 -4.66955e-005 -5.52595e-006 -1.87995e-007 1.18789e-009 1.18789e-009
3.91 -4.67141e-005 -5.57856e-006 -1.67868e-007 1.06907e-009 1.06907e-009
3.92 -4.67484e-005 -5.667e-006 -1.90041e-007 9.48876e-010 9.48876e-010
3.93 -4.68016e-005 -5.79175e-006 -2.44833e-007 8.41018e-010 8.41018e-010
3.94 -4.68725e-005 -5.9332e-006 -2.91346e-007 7.55961e-010 7.55961e-010
3.95 -4.69556e-005 -6.06704e-006 -2.86518e-007 7.06367e-010 7.06367e-010
3.96 -4.70443e-005 -6.1866e-006 -2.1414e-007 7.04145e-010 7.04145e-010
3.97 -4.71312e-005 -6.29562e-006 -8.74146e-008 7.50335e-010 7.50335e-010
3.98 -4.72094e-005 -6.39546e-006 6.89566e-008 8.32441e-010 8.32441e-010
3.99 -4.72735e-005 -6.48815e-006 2.36112e-007 9.33527e-010 9.33527e-010
4 -4.73231e-005 -6.58597e-006 3.93106e-007 1.04006e-009 1.04006e-009
4.01 -4.73642e-005 -6.71185e-006 5.07617e-007 1.13753e-009 1.13753e-009
4.02 -4.74048e-005 -6.87554e-006 5.59584e-007 1.2032e-009 1.2032e-009
4.03 -4.74496e-005 -7.0549e-006 5.56392e-007 1.21189e-009 1.21189e-009
4.04 -4.75003e-005 -7.2204e-006 5.11718e-007 1.1495e-009 1.1495e-009
4.05 -4.75551e-005 -7.36163e-006 4.35379e-007 1.01716e-009 1.01716e-009
4.06 -4.76071e-005 -7.47952e-006 3.51676e-007 8.27767e-010 8.27767e-010
4.07 -4.76456e-005 -7.57987e-006 2.96539e-007 6.07079e-010 6.07079e-010
4.08 -4.76629e-005 -7.6826e-006 2.83584e-007 3.92912e-010 3.92912e-010
4.09 -4.76575e-005 -7.81787e-006 2.98849e-007 2.19828e-010 2.19828e-010
4.1 -4.76336e-005 -8.00368e-006 3.2815e-007 9.98154e-011 9.98154e-011
4.11 -4.76e-005 -8.23356e-006 3.65198e-007 1.89305e-011 1.89305e-011
4.12 -4.75671e-005 -8.48141e-006 4.09005e-007 -4.95134e-011 -4.95134e-011
4.13 -4.75407e-005 -8.71199e-006 4.71167e-007 -1.28385e-010 -1.28385e-010
4.14 -4.75214e-005 -8.90109e-006 5.60041e-007 -2.27162e-010 -2.27162e-010
4.15 -4.75099e-005 -9.04839e-006 6.55603e-007 -3.42975e-010 -3.42975e-010
4.16 -4.75062e-005 -9.16546e-006 7.20699e-007 -4.66429e-010 -4.66429e-010
4.17 -4.75086e-005 -9.25901e-006 7.26917e-007 -5.8316e-010 -5.8316e-010
4.18 -4.75148e-005 -9.32717e-006 6.7189e-007 -6.71863e-010 -6.71863e-010
4.19 -4.75232e-005 -9.36701e-006 5.86439e-007 -7.06819e-010 -7.06819e-010
4.2 -4.7532e-005 -9.38243e-006 5.16316e-007 -6.68509e-010 -6.68509e-010
4.21 -4.75403e-005 -9.37701e-006 4.96414e-007 -5.55553e-010 -5.55553e-010
4.22 -4.75474e-005 -9.34148e-006 5.45975e-007 -3.85776e-010 -3.85776e-010
4.23 -4.75511e-005 -9.26472e-006 6.63772e-007 -1.84107e-010 -1.84107e-010
4.24 -4.7549e-005 -9.15032e-006 8.26622e-007 3.07814e-011 3.07814e-011
4.25 -4.75378e-005 -9.00753e-006 1.01749e-006 2.52742e-010 2.52742e-010
4.26 -4.75115e-005 -8.84121e-006 1.23468e-006 4.88557e-010 4.88557e-010
4.27 -4.74666e-005 -8.65719e-006 1.46466e-006 7.49804e-010 7.49804e-010
4.28 -4.74025e-005 -8.46316e-006 1.68191e-006 1.03588e-009 1.03588e-009
4.29 -4.73194e-005 -8.26946e-006 1.86785e-006 1.3227e-009 1.3227e-009
4.3 -4.72201e-005 -8.09495e-006 2.00041e-006 1.56904e-009 1.56904e-009
4.31 -4.71098e-005 -7.95773e-006 2.04965e-006 1.73413e-009 1.73413e-009
4.32 -4.69928e-005 -7.85692e-006 2.00868e-006 1.7954e-009 1.7954e-009
4.33 -4.68698e-005 -7.77451e-006 1.90836e-006 1.76107e-009 1.76107e-009
4.34 -4.67386e-005 -7.6949e-006 1.79635e-006 1.67109e-009 1.67109e-009
4.35 -4.65964e-005 -7.61346e-006 1.71615e-006 1.58261e-009 1.58261e-009
4.36 -4.64396e-005 -7.52406e-006 1.6925e-006 1.54926e-009 1.54926e-009
4.37 -4.62668e-005 -7.41e-006 1.71823e-006 1.60592e-009 1.60592e-009
4.38 -4.60805e-005 -7.25664e-006 1.76144e-006 1.76091e-009 1.76091e-009
4.39 -4.58879e-005 -7.07362e-006 1.78546e-006 1.99344e-009 1.99344e-009
4.4 -4.57002e-005 -6.89459e-006 1.76778e-006 2.25886e-009 2.25886e-009
4.41 -4.55289e-005 -6.74636e-006 1.71744e-006 2.50559e-009 2.50559e-009
4.42 -4.53819e-005 -6.62646e-006 1.66745e-006 2.69959e-009 2.69959e-009
4.43 -4.52625e-005 -6.51086e-006 1.65097e-006 2.8402e-009 2.8402e-009
4.44 -4.51683e-005 -6.37451e-006 1.69245e-006 2.95616e-009 2.95616e-009
4.45 -4.50925e-005 -6.21146e-006 1.79558e-006 3.08669e-009 3.08669e-009
4.46 -4.50296e-005 -6.04028e-006 1.92074e-006 3.25877e-009 3.25877e-009
4.47 -4.49778e-005 -5.8821e-006 2.0006e-006 3.47067e-009 3.47067e-009
4.48 -4.49379e-005 -5.74109e-006 1.99574e-006 3.69248e-009 3.69248e-009
4.49 -4.49128e-005 -5.6153e-006 1.92294e-006 3.88446e-009 3.88446e-009
4.5 -4.4907e-005 -5.51054e-006 1.83321e-006 4.01736e-009 4.01736e-009
4.51 -4.49231e-005 -5.42805e-006 1.78609e-006 4.08098e-009 4.08098e-009
4.52 -4.49583e-005 -5.35308e-006 1.83398e-006 4.08516e-009 4.08516e-009
4.53 -4.50049e-005 -5.27654e-006 1.9934e-006 4.05736e-009 4.05736e-009
4.54 -4.50533e-005 -5.21584e-006 2.23463e-006 4.03191e-009 4.03191e-009
4.55 -4.50931e-005 -5.19604e-006 2.50765e-006 4.03354e-009 4.03354e-009
4.56 -4.5117e-005 -5.2245e-006 2.75631e-006 4.0671e-009 4.0671e-009
4.57 -4.5125e-005 -5.29194e-006 2.92588e-006 4.11622e-009 4.11622e-009
4.58 -4.51228e-005 -5.38198e-006 2.99445e-006 4.14724e-009 4.14724e-009
4.59 -4.51176e-005 -5.47297e-006 2.99223e-006 4.12163e-009 4.12163e-009
4.6 -4.51136e-005 -5.54201e-006 2.97661e-006 4.01698e-009 4.01698e-009
4.61 -4.51122e-005 -5.58302e-006 2.98125e-006 3.8417e-009 3.8417e-009
4.62 -4.51137e-005 -5.62007e-006 2.9896e-006 3.62879e-009 3.62879e-009
4.63 -4.51155e-005 -5.68404e-006 2.96741e-006 3.41674e-009 3.41674e-009
4.64 -4.51094e-005 -5.77287e-006 2.91209e-006 3.24015e-009 3.24015e-009
4.65 -4.50859e-005 -5.84796e-006 2.84854e-006 3.1329e-009 3.1329e-009
4.66 -4.50413e-005 -5.8678e-006 2.78487e-006 3.12232e-009 3.12232e-009
4.67 -4.49808e-005 -5.8198e-006 2.70193e-006 3.20759e-009 3.20759e-009
4.68 -4.49149e-005 -5.72571e-006 2.58678e-006 3.34811e-009 3.34811e-009
4.69 -4.48539e-005 -5.61995e-006 2.45837e-006 3.48449e-009 3.48449e-009
4.7 -4.48039e-005 -5.52247e-006 2.36263e-006 3.57808e-009 3.57808e-009
4.71 -4.47651e-005 -5.43433e-006 2.34488e-006 3.63424e-009 3.63424e-009
4.72 -4.47349e-005 -5.35486e-006 2.40814e-006 3.68978e-009 3.68978e-009
4.73 -4.4711e-005 -5.28717e-006 2.49767e-006 3.77698e-009 3.77698e-009
4.74 -4.46912e-005 -5.22947e-006 2.54519e-006 3.89621e-009 3.89621e-009
4.75 -4.46733e-005 -5.17658e-006 2.51954e-006 4.01852e-009 4.01852e-009
4.76 -4.46562e-005 -5.12312e-006 2.43811e-006 4.10996e-009 4.10996e-009
4.77 -4.464e-005 -5.06046e-006 2.35565e-006 4.15441e-009 4.15441e-009
4.78 -4.46262e-005 -4.98483e-006 2.32554e-006 4.15995e-009 4.15995e-009
4.79 -4.46194e-005 -4.90966e-006 2.35306e-006 4.14622e-009 4.14622e-009
4.8 -4.46245e-005 -4.85655e-006 2.40601e-006 4.12538e-009 4.12538e-009
4.81 -4.46423e-005 -4.83388e-006 2.45484e-006 4.09708e-009 4.09708e-009
4.82 -4.46703e-005 -4.83011e-006 2.47941e-006 4.06067e-009 4.06067e-009
4.83 -4.47041e-005 -4.82795e-006 2.47796e-006 4.02639e-009 4.02639e-009
4.84 -4.47358e-005 -4.82157e-006 2.4935e-006 4.0143e-009 4.0143e-009
4.85 -4.47568e-005 -4.81825e-006 2.58097e-006 4.04484e-009 4.04484e-009
4.86 -4.47673e-005 -4.83308e-006 2.71748e-006 4.12292e-009 4.12292e-009
4.87 -4.47769e-005 -4.87568e-006 2.79901e-006 4.2216e-009 4.2216e-009
4.88 -4.47963e-005 -4.92839e-006 2.75179e-006 4.28971e-009 4.28971e-009
4.89 -4.48295e-005 -4.95655e-006 2.60212e-006 4.29142e-009 4.29142e-009
4.9 -4.48748e-005 -4.94599e-006 2.43124e-006 4.23898e-009 4.23898e-009
4.91 -4.493e-005 -4.90972e-006 2.29202e-006 4.17711e-009 4.17711e-009
4.92 -4.49925e-005 -4.85752e-006 2.17908e-006 4.13491e-009 4.13491e-009
4.93 -4.50572e-005 -4.78054e-006 2.06086e-006 4.10071e-009 4.10071e-009
4.94 -4.51196e-005 -4.67676e-006 1.90538e-006 4.04172e-009 4.04172e-009
4.95 -4.51808e-005 -4.57366e-006 1.68287e-006 3.93465e-009 3.93465e-009
4.96 -4.52464e-005 -4.51101e-006 1.3914e-006 3.77433e-009 3.77433e-009
4.97 -4.5322e-005 -4.5124e-006 1.0826e-006 3.56723e-009 3.56723e-009
4.98 -4.54125e-005 -4.58008e-006 8.22066e-007 3.32561e-009 3.32561e-009
4.99 -4.55243e-005 -4.69918e-006 6.22281e-007 3.05911e-009 3.05911e-009
5 -4.56615e-005 -4.83004e-006 4.49811e-007 2.7646e-009 2.7646e-009
5.01 -4.58201e-005 -4.92071e-006 2.87915e-007 2.43302e-009 2.43302e-009
5.02 -4.59906e-005 -4.95653e-006 1.49473e-007 2.0725e-009 2.0725e-009
5.03 -4.61648e-005 -4.97961e-006 4.55297e-008 1.71598e-009 1.71598e-009
5.04 -4.63384e-005 -5.04189e-006 -2.57102e-008 1.39915e-009 1.39915e-009
5.05 -4.65123e-005 -5.16025e-006 -8.24845e-008 1.13396e-009 1.13396e-009
5.06 -4.6694e-005 -5.32216e-006 -1.71428e-007 9.02113e-010 9.02113e-010
5.07 -4.68949e-005 -5.49766e-006 -3.38136e-007 6.67772e-010 6.67772e-010
5.08 -4.71205e-005 -5.64211e-006 -5.70715e-007 4.01562e-010 4.01562e-010
5.09 -4.73682e-005 -5.71844e-006 -8.08341e-007 1.03698e-010 1.03698e-010
5.1 -4.76298e-005 -5.71975e-006 -1.00317e-006 -1.94253e-010 -1.94253e-010
5.11 -4.78928e-005 -5.66142e-006 -1.13758e-006 -4.51617e-010 -4.51617e-010
5.12 -4.814e-005 -5.55713e-006 -1.20314e-006 -6.38225e-010 -6.38225e-010
5.13 -4.83576e-005 -5.41625e-006 -1.2189e-006 -7.357e-010 -7.357e-010
5.14 -4.85435e-005 -5.26239e-006 -1.25477e-006 -7.38829e-010 -7.38829e-010
5.15 -4.8706e-005 -5.12916e-006 -1.38097e-006 -6.68795e-010 -6.68795e-010
5.16 -4.88542e-005 -5.0243e-006 -1.60067e-006 -5.76299e-010 -5.76299e-010
5.17 -4.89951e-005 -4.92121e-006 -1.86838e-006 -5.1974e-010 -5.1974e-010
5.18 -4.91338e-005 -4.79063e-006 -2.14438e-006 -5.40002e-010 -5.40002e-010
5.19 -4.92698e-005 -4.6178e-006 -2.40162e-006 -6.51784e-010 -6.51784e-010
5.2 -4.93911e-005 -4.39807e-006 -2.60307e-006 -8.41069e-010 -8.41069e-010
5.21 -4.94791e-005 -4.15088e-006 -2.71012e-006 -1.06007e-009 -1.06007e-009
5.22 -4.95194e-005 -3.94086e-006 -2.72235e-006 -1.23848e-009 -1.23848e-009
5.23 -4.95067e-005 -3.84899e-006 -2.67444e-006 -1.3205e-009 -1.3205e-009
5.24 -4.94458e-005 -3.91398e-006 -2.60224e-006 -1.29805e-009 -1.29805e-009
5.25 -4.93497e-005 -4.11633e-006 -2.53512e-006 -1.21082e-009 -1.21082e-009
5.26 -4.92352e-005 -4.40288e-006 -2.48535e-006 -1.1203e-009 -1.1203e-009
5.27 -4.91173e-005 -4.71606e-006 -2.42916e-006 -1.07874e-009 -1.07874e-009
5.28 -4.90049e-005 -5.01912e-006 -2.33116e-006 -1.10539e-009 -1.10539e-009
5.29 -4.89006e-005 -5.30202e-006 -2.18589e-006 -1.17903e-009 -1.17903e-009
5.3 -4.87996e-005 -5.55677e-006 -2.00553e-006 -1.24659e-009 -1.24659e-009
5.31 -4.86897e-005 -5.76329e-006 -1.79143e-006 -1.23813e-009 -1.23813e-009
5.32 -4.85591e-005 -5.91488e-006 -1.54877e-006 -1.08687e-009 -1.08687e-009
5.33 -4.84033e-005 -6.03723e-006 -1.29402e-006 -7.59032e-010 -7.59032e-010
5.34 -4.82245e-005 -6.17148e-006 -1.0309e-006 -2.77943e-010 -2.77943e-010
5.35 -4.80283e-005 -6.34802e-006 -7.29665e-007 2.82267e-010 2.82267e-010
5.36 -4.7821e-005 -6.57758e-006 -3.39399e-007 8.33785e-010 8.33785e-010
5.37 -4.761e-005 -6.85598e-006 1.47956e-007 1.31219e-009 1.31219e-009
5.38 -4.74062e-005 -7.1657e-006 6.56926e-007 1.68576e-009 1.68576e-009
5.39 -4.72154e-005 -7.48021e-006 1.10128e-006 1.94664e-009 1.94664e-009
5.4 -4.70327e-005 -7.77598e-006 1.47449e-006 2.112e-009 2.112e-009
5.41 -4.6845e-005 -8.0375e-006 1.82927e-006 2.23082e-009 2.23082e-009
5.42 -4.66429e-005 -8.25146e-006 2.19784e-006 2.36596e-009 2.36596e-009
5.43 -4.64245e-005 -8.41045e-006 2.54661e-006 2.54889e-009 2.54889e-009
5.44 -4.61905e-005 -8.53207e-006 2.808e-006 2.74605e-009 2.74605e-009
5.45 -4.59465e-005 -8.66283e-006 2.97016e-006 2.878e-009 2.878e-009
5.46 -4.57007e-005 -8.84922e-006 3.11001e-006 2.88336e-009 2.88336e-009
5.47 -4.54587e-005 -9.10581e-006 3.32586e-006 2.76883e-009 2.76883e-009
5.48 -4.5224e-005 -9.41397e-006 3.67004e-006 2.60233e-009 2.60233e-009
5.49 -4.49959e-005 -9.73943e-006 4.13521e-006 2.46732e-009 2.46732e-009
5.5 -4.47712e-005 -1.00524e-005 4.65152e-006 2.42167e-009 2.42167e-009
5.51 -4.45484e-005 -1.03337e-005 5.10502e-006 2.48104e-009 2.48104e-009
5.52 -4.43282e-005 -1.05569e-005 5.41571e-006 2.625e-009 2.625e-009
5.53 -4.4111e-005 -1.06881e-005 5.58532e-006 2.82071e-009 2.82071e-009
5.54 -4.39033e-005 -1.07158e-005 5.65233e-006 3.04608e-009 3.04608e-009
5.55 -4.37201e-005 -1.06506e-005 5.64697e-006 3.29124e-009 3.29124e-009
5.56 -4.35733e-005 -1.04989e-005 5.5837e-006 3.54637e-009 3.54637e-009
5.57 -4.34687e-005 -1.02707e-005 5.462e-006 3.79873e-009 3.79873e-009
5.58 -4.34087e-005 -1.00045e-005 5.28406e-006 4.04277e-009 4.04277e-009
5.59 -4.3391e-005 -9.75712e-006 5.06981e-006 4.29017e-009 4.29017e-009
5.6 -4.34115e-005 -9.56376e-006 4.83749e-006 4.56473e-009 4.56473e-009
5.61 -4.34678e-005 -9.41676e-006 4.58237e-006 4.87958e-009 4.87958e-009
5.62 -4.35589e-005 -9.27531e-006 4.30019e-006 5.21461e-009 5.21461e-009
5.63 -4.36818e-005 -9.08782e-006 4.02624e-006 5.51912e-009 5.51912e-009
5.64 -4.38312e-005 -8.81364e-006 3.81832e-006 5.74269e-009 5.74269e-009
5.65 -4.40039e-005 -8.44035e-006 3.69294e-006 5.86375e-009 5.86375e-009
5.66 -4.42015e-005 -7.99204e-006 3.59558e-006 5.88538e-009 5.88538e-009
5.67 -4.44288e-005 -7.52231e-006 3.44049e-006 5.80766e-009 5.80766e-009
5.68 -4.4688e-005 -7.08638e-006 3.18309e-006 5.61214e-009 5.61214e-009
5.69 -4.49748e-005 -6.70917e-006 2.85274e-006 5.27696e-009 5.27696e-009
5.7 -4.52802e-005 -6.38105e-006 2.51594e-006 4.80253e-009 4.80253e-009
5.71 -4.55944e-005 -6.08556e-006 2.21699e-006 4.21699e-009 4.21699e-009
5.72 -4.59083e-005 -5.82363e-006 1.96239e-006 3.55792e-009 3.55792e-009
5.73 -4.62104e-005 -5.60704e-006 1.75911e-006 2.85839e-009 2.85839e-009
5.74 -4.64849e-005 -5.4324e-006 1.64772e-006 2.15797e-009 2.15797e-009
5.75 -4.67131e-005 -5.26493e-006 1.6838e-006 1.52333e-009 1.52333e-009
5.76 -4.68796e-005 -5.05379e-006 1.88306e-006 1.04473e-009 1.04473e-009
5.77 -4.69777e-005 -4.76435e-006 2.19373e-006 7.98371e-010 7.98371e-010
5.78 -4.70111e-005 -4.3954e-006 2.52e-006 8.02498e-010 8.02498e-010
5.79 -4.69879e-005 -3.97667e-006 2.74838e-006 1.00331e-009 1.00331e-009
5.8 -4.69234e-005 -3.55933e-006 2.76682e-006 1.29797e-009 1.29797e-009
5.81 -4.68355e-005 -3.19076e-006 2.51767e-006 1.57761e-009 1.57761e-009
5.82 -4.67338e-005 -2.8689e-006 2.07377e-006 1.77811e-009 1.77811e-009
5.83 -4.66086e-005 -2.53562e-006 1.62814e-006 1.92326e-009 1.92326e-009
5.84 -4.64411e-005 -2.14962e-006 1.34552e-006 2.12151e-009 2.12151e-009
5.85 -4.62202e-005 -1.75767e-006 1.23262e-006 2.49289e-009 2.49289e-009
5.86 -4.59447e-005 -1.46515e-006 1.17629e-006 3.07754e-009 3.07754e-009
5.87 -4.5621e-005 -1.33824e-006 1.06658e-006 3.81363e-009 3.81363e-009
5.88 -4.5266e-005 -1.35357e-006 8.59249e-007 4.5963e-009 4.5963e-009
5.89 -4.49032e-005 -1.42897e-006 5.8475e-007 5.34135e-009 5.34135e-009
5.9 -4.4557e-005 -1.48789e-006 3.30727e-007 5.99717e-009 5.99717e-009
5.91 -4.42497e-005 -1.50635e-006 1.79283e-007 6.52247e-009 6.52247e-009
5.92 -4.3995e-005 -1.50847e-006 1.68936e-007 6.87701e-009 6.87701e-009
5.93 -4.37925e-005 -1.53789e-006 3.1075e-007 7.04417e-009 7.04417e-009
5.94 -4.36321e-005 -1.65019e-006 5.90727e-007 7.0588e-009 7.0588e-009
5.95 -4.35036e-005 -1.90178e-006 9.52097e-007 6.99906e-009 6.99906e-009
5.96 -4.34056e-005 -2.31803e-006 1.29839e-006 6.93592e-009 6.93592e-009
5.97 -4.33468e-005 -2.87239e-006 1.54483e-006 6.88087e-009 6.88087e-009
5.98 -4.3341e-005 -3.49896e-006 1.67415e-006 6.77726e-009 6.77726e-009
5.99 -4.34045e-005 -4.12963e-006 1.71917e-006 6.539e-009 6.539e-009
6 -4.35561e-005 -4.73031e-006 1.6885e-006 6.0997e-009 6.0997e-009
6.01 -4.38134e-005 -5.30774e-006 1.53714e-006 5.43811e-009 5.43811e-009
6.02 -4.41844e-005 -5.88909e-006 1.22535e-006 4.5818e-009 4.5818e-009
6.03 -4.46632e-005 -6.51499e-006 7.65564e-007 3.60187e-009 3.60187e-009
6.04 -4.52361e-005 -7.2243e-006 2.03368e-007 2.5926e-009 2.5926e-009
6.05 -4.58856e-005 -8.00634e-006 -4.11398e-007 1.63356e-009 1.63356e-009
6.06 -4.66024e-005 -8.79011e-006 -1.04513e-006 7.56209e-010 7.56209e-010
6.07 -4.73839e-005 -9.48894e-006 -1.6754e-006 -6.22815e-011 -6.22815e-011
6.08 -4.82066e-005 -1.00444e-005 -2.27103e-006 -8.77514e-010 -8.77514e-010
6.09 -4.9059e-005 -1.04517e-005 -2.81227e-006 -1.75064e-009 -1.75064e-009
6.1 -4.99435e-005 -1.07535e-005 -3.30939e-006 -2.73212e-009 -2.73212e-009
6.11 -5.08602e-005 -1.10036e-005 -3.76337e-006 -3.84752e-009 -3.84752e-009
6.12 -5.18e-005 -1.12399e-005 -4.14042e-006 -5.0798e-009 -5.0798e-009
6.13 -5.27423e-005 -1.14802e-005 -4.39926e-006 -6.36617e-009 -6.36617e-009
6.14 -5.36567e-005 -1.17159e-005 -4.49393e-006 -7.62231e-009 -7.62231e-009
6.15 -5.44985e-005 -1.1918e-005 -4.35242e-006 -8.77254e-009 -8.77254e-009
6.16 -5.52244e-005 -1.20715e-005 -3.91277e-006 -9.75982e-009 -9.75982e-009
6.17 -5.57992e-005 -1.21895e-005 -3.16938e-006 -1.05393e-008 -1.05393e-008
6.18 -5.61936e-005 -1.22992e-005 -2.16865e-006 -1.10716e-008 -1.10716e-008
6.19 -5.63938e-005 -1.24468e-005 -9.97503e-007 -1.13227e-008 -1.13227e-008
6.2 -5.64048e-005 -1.27005e-005 2.31183e-007 -1.12719e-008 -1.12719e-008
6.21 -5.62443e-005 -1.31032e-005 1.44276e-006 -1.09148e-008 -1.09148e-008
6.22 -5.59248e-005 -1.3608e-005 2.65642e-006 -1.025e-008 -1.025e-008
6.23 -5.5435e-005 -1.40849e-005 3.9456e-006 -9.25732e-009 -9.25732e-009
6.24 -5.47497e-005 -1.44143e-005 5.32968e-006 -7.90239e-009 -7.90239e-009
6.25 -5.38545e-005 -1.45879e-005 6.69865e-006 -6.17807e-009 -6.17807e-009
6.26 -5.27529e-005 -1.47221e-005 7.82377e-006 -4.15022e-009 -4.15022e-009
6.27 -5.14715e-005 -1.4972e-005 8.44465e-006 -1.96054e-009 -1.96054e-009
6.28 -5.00656e-005 -1.54087e-005 8.41728e-006 2.23711e-010 2.23711e-010
6.29 -4.86058e-005 -1.59535e-005 7.84528e-006 2.28182e-009 2.28182e-009
6.3 -4.71367e-005 -1.64169e-005 7.05691e-006 4.18872e-009 4.18872e-009
6.31 -4.56876e-005 -1.66329e-005 6.37492e-006 5.99645e-009 5.99645e-009
6.32 -4.42941e-005 -1.65655e-005 5.86809e-006 7.74117e-009 7.74117e-009
6.33 -4.29962e-005 -1.62871e-005 5.3344e-006 9.34915e-009 9.34915e-009
6.34 -4.18374e-005 -1.58978e-005 4.47807e-006 1.06339e-008 1.06339e-008
6.35 -4.08645e-005 -1.54688e-005 3.12301e-006 1.13893e-008 1.13893e-008
6.36 -4.01233e-005 -1.5008e-005 1.35046e-006 1.14974e-008 1.14974e-008
6.37 -3.96433e-005 -1.4435e-005 -4.85389e-007 1.09754e-008 1.09754e-008
6.38 -3.94315e-005 -1.36194e-005 -1.90609e-006 9.95229e-009 9.95229e-009
6.39 -3.948e-005 -1.25128e-005 -2.62441e-006 8.59564e-009 8.59564e-009
6.4 -3.97835e-005 -1.12325e-005 -2.73551e-006 7.01413e-009 7.01413e-009
6.41 -4.03285e-005 -9.97348e-006 -2.52131e-006 5.21448e-009 5.21448e-009
6.42 -4.10803e-005 -8.88279e-006 -2.1487e-006 3.17735e-009 3.17735e-009
6.43 -4.1996e-005 -8.04951e-006 -1.62323e-006 9.76748e-010 9.76748e-010
6.44 -4.30403e-005 -7.52086e-006 -8.79852e-007 -1.2016e-009 -1.2016e-009
6.45 -4.41815e-005 -7.27046e-006 1.6703e-007 -3.15646e-009 -3.15646e-009
6.46 -4.53829e-005 -7.19641e-006 1.57767e-006 -4.75929e-009 -4.75929e-009
6.47 -4.66017e-005 -7.19446e-006 3.30597e-006 -5.95186e-009 -5.95186e-009
6.48 -4.77924e-005 -7.22161e-006 5.16943e-006 -6.69236e-009 -6.69236e-009
6.49 -4.89119e-005 -7.28553e-006 6.94274e-006 -6.9196e-009 -6.9196e-009
6.5 -4.99043e-005 -7.39597e-006 8.46896e-006 -6.5537e-009 -6.5537e-009
6.51 -5.07121e-005 -7.52679e-006 9.6646e-006 -5.52443e-009 -5.52443e-009
6.52 -5.13005e-005 -7.62456e-006 1.04518e-005 -3.82449e-009 -3.82449e-009
6.53 -5.16646e-005 -7.65527e-006 1.06998e-005 -1.56491e-009 -1.56491e-009
6.54 -5.18304e-005 -7.604e-006 1.02687e-005 1.01777e-009 1.01777e-009
6.55 -5.18343e-005 -7.41942e-006 9.14924e-006 3.63537e-009 3.63537e-009
6.56 -5.16868e-005 -7.00566e-006 7.52187e-006 6.06956e-009 6.06956e-009
6.57 -5.13859e-005 -6.28337e-006 5.6557e-006 8.24018e-009 8.24018e-009
6.58 -5.09255e-005 -5.24389e-006 3.76951e-006 1.01557e-008 1.01557e-008
6.59 -5.03015e-005 -3.96853e-006 1.94431e-006 1.18023e-008 1.18023e-008
6.6 -4.9532e-005 -2.606e-006 1.05361e-007 1.30762e-008 1.30762e-008
6.61 -4.86718e-005 -1.29665e-006 -1.89229e-006 1.37977e-008 1.37977e-008
6.62 -4.78001e-005 -1.03398e-007 -4.12772e-006 1.37826e-008 1.37826e-008
6.63 -4.69268e-005 9.93314e-007 -6.55677e-006 1.29035e-008 1.29035e-008
6.64 -4.62255e-005 2.01344e-006 -8.98635e-006 1.11086e-008 1.11086e-008
6.65 -4.57247e-005 2.95143e-006 -1.1193e-005 8.42539e-009 8.42539e-009
6.66 -4.5433e-005 3.73842e-006 -1.29834e-005 4.96774e-009 4.96774e-009
6.67 -4.53498e-005 4.26745e-006 -1.42547e-005 9.42462e-010 9.42462e-010
6.68 -4.54501e-005 4.47629e-006 -1.49635e-005 -3.34389e-009 -3.34389e-009
6.69 -4.56926e-005 4.38372e-006 -1.50721e-005 -7.49945e-009 -7.49945e-009
6.7 -4.60621e-005 4.05726e-006 -1.45422e-005 -1.1107e-008 -1.1107e-008
6.71 -4.65389e-005 3.53895e-006 -1.33748e-005 -1.38265e-008 -1.38265e-008
6.72 -4.71072e-005 2.8327e-006 -1.16528e-005 -1.54906e-008 -1.54906e-008
6.73 -4.77669e-005 1.97487e-006 -9.51297e-006 -1.61227e-008 -1.61227e-008
6.74 -4.8515e-005 1.10057e-006 -7.07826e-006 -1.58493e-008 -1.58493e-008
6.75 -4.93324e-005 4.09202e-007 -4.46636e-006 -1.47746e-008 -1.47746e-008
6.76 -5.01806e-005 6.67539e-008 -1.80703e-006 -1.29184e-008 -1.29184e-008
6.77 -5.0993e-005 1.3879e-007 7.90399e-007 -1.02501e-008 -1.02501e-008
6.78 -5.16964e-005 5.87572e-007 3.22876e-006 -6.76404e-009 -6.76404e-009
6.79 -5.2212e-005 1.32073e-006 5.37135e-006 -2.53898e-009 -2.53898e-009
6.8 -5.24777e-005 2.22888e-006 7.02497e-006 2.23573e-009 2.23573e-009
6.81 -5.24858e-005 3.23851e-006 8.02985e-006 7.2678e-009 7.2678e-009
6.82 -5.22125e-005 4.30848e-006 8.36042e-006 1.22044e-008 1.22044e-008
6.83 -5.16535e-005 5.41077e-006 8.09465e-006 1.66957e-008 1.66957e-008
6.84 -5.08466e-005 6.48047e-006 7.32192e-006 2.04422e-008 2.04422e-008
6.85 -4.98396e-005 7.43613e-006 6.12035e-006 2.32121e-008 2.32121e-008
6.86 -4.86561e-005 8.21995e-006 4.61068e-006 2.48659e-008 2.48659e-008
6.87 -4.73163e-005 8.79601e-006 2.95255e-006 2.53896e-008 2.53896e-008
6.88 -4.58542e-005 9.10976e-006 1.24797e-006 2.48863e-008 2.48863e-008
6.89 -4.43086e-005 9.06815e-006 -5.19771e-007 2.34961e-008 2.34961e-008
6.9 -4.27498e-005 8.56926e-006 -2.40861e-006 2.12998e-008 2.12998e-008
6.91 -4.12591e-005 7.58171e-006 -4.38971e-006 1.83017e-008 1.83017e-008
6.92 -3.99227e-005 6.19232e-006 -6.31606e-006 1.45097e-008 1.45097e-008
6.93 -3.88281e-005 4.55265e-006 -8.05589e-006 1.0028e-008 1.0028e-008
6.94 -3.80695e-005 2.77627e-006 -9.60305e-006 5.06964e-009 5.06964e-009
6.95 -3.77428e-005 9.026e-007 -1.10126e-005 -9.27487e-011 -9.27487e-011
6.96 -3.78892e-005 -1.04093e-006 -1.22648e-005 -5.15993e-009 -5.15993e-009
6.97 -3.85206e-005 -2.95454e-006 -1.32237e-005 -9.80094e-009 -9.80094e-009
6.98 -3.96168e-005 -4.6632e-006 -1.37371e-005 -1.36662e-008 -1.36662e-008
6.99 -4.11179e-005 -5.98755e-006 -1.37356e-005 -1.64539e-008 -1.64539e-008
7 -4.29499e-005 -6.81205e-006 -1.32069e-005 -1.79862e-008 -1.79862e-008
7.01 -4.50406e-005 -7.08964e-006 -1.20905e-005 -1.82252e-008 -1.82252e-008
7.02 -4.7305e-005 -6.82613e-006 -1.029e-005 -1.72244e-008 -1.72244e-008
7.03 -4.96565e-005 -6.116e-006 -7.83064e-006 -1.50956e-008 -1.50956e-008
7.04 -5.20261e-005 -5.18032e-006 -4.95123e-006 -1.20385e-008 -1.20385e-008
7.05 -5.4367e-005 -4.34148e-006 -2.05008e-006 -8.37991e-009 -8.37991e-009
7.06 -5.66344e-005 -3.88907e-006 5.12206e-007 -4.54308e-009 -4.54308e-009
7.07 -5.8759e-005 -3.93869e-006 2.60158e-006 -9.35671e-010 -9.35671e-010
7.08 -6.06426e-005 -4.44423e-006 4.27668e-006 2.15911e-009 2.15911e-009
7.09 -6.22289e-005 -5.30981e-006 5.60091e-006 4.59458e-009 4.59458e-009
7.1 -6.34368e-005 -6.48646e-006 6.55589e-006 6.29357e-009 6.29357e-009
7.11 -6.42049e-005 -7.94467e-006 7.05385e-006 7.2025e-009 7.2025e-009
7.12 -6.44897e-005 -9.62148e-006 7.02301e-006 7.3091e-009 7.3091e-009
7.13 -6.42815e-005 -1.14322e-005 6.44587e-006 6.66945e-009 6.66945e-009
7.14 -6.36165e-005 -1.33071e-005 5.34271e-006 5.38449e-009 5.38449e-009
7.15 -6.25842e-005 -1.51936e-005 3.77751e-006 3.54041e-009 3.54041e-009
7.16 -6.12928e-005 -1.70386e-005 1.8606e-006 1.17237e-009 1.17237e-009
7.17 -5.98379e-005 -1.88e-005 -2.69818e-007 -1.71868e-009 -1.71868e-009
7.18 -5.83121e-005 -2.04566e-005 -2.46488e-006 -5.11437e-009 -5.11437e-009
7.19 -5.67781e-005 -2.19891e-005 -4.57831e-006 -8.92055e-009 -8.92055e-009
7.2 -5.52767e-005 -2.33519e-005 -6.50555e-006 -1.29272e-008 -1.29272e-008
7.21 -5.38252e-005 -2.44901e-005 -8.19821e-006 -1.68191e-008 -1.68191e-008
7.22 -5.23566e-005 -2.5332e-005 -9.61278e-006 -2.02433e-008 -2.02433e-008
7.23 -5.09853e-005 -2.57515e-005 -1.06281e-005 -2.28896e-008 -2.28896e-008
7.24 -4.98895e-005 -2.56679e-005 -1.11388e-005 -2.45561e-008 -2.45561e-008
7.25 -4.90939e-005 -2.51195e-005 -1.11466e-005 -2.51923e-008 -2.51923e-008
7.26 -4.85985e-005 -2.42246e-005 -1.06888e-005 -2.48886e-008 -2.48886e-008
7.27 -4.84166e-005 -2.31063e-005 -9.75779e-006 -2.38028e-008 -2.38028e-008
7.28 -4.85348e-005 -2.18656e-005 -8.31782e-006 -2.20683e-008 -2.20683e-008
7.29 -4.89097e-005 -2.05747e-005 -6.36866e-006 -1.97481e-008 -1.97481e-008
7.3 -4.9473e-005 -1.92759e-005 -3.95645e-006 -1.68513e-008 -1.68513e-008
7.31 -5.01329e-005 -1.79819e-005 -1.11904e-006 -1.33696e-008 -1.33696e-008
7.32 -5.07912e-005 -1.66928e-005 2.09796e-006 -9.30747e-009 -9.30747e-009
7.33 -5.13617e-005 -1.54618e-005 5.50362e-006 -4.73216e-009 -4.73216e-009
7.34 -5.18004e-005 -1.44134e-005 8.69299e-006 1.53782e-010 1.53782e-010
7.35 -5.21283e-005 -1.36616e-005 1.1246e-005 4.98677e-009 4.98677e-009
7.36 -5.23254e-005 -1.31867e-005 1.29816e-005 9.33626e-009 9.33626e-009
7.37 -5.23602e-005 -1.28371e-005 1.40072e-005 1.28674e-008 1.28674e-008
7.38 -5.22229e-005 -1.24556e-005 1.45182e-005 1.54427e-008 1.54427e-008
7.39 -5.19056e-005 -1.19987e-005 1.45717e-005 1.70944e-008 1.70944e-008
7.4 -5.14209e-005 -1.15213e-005 1.40761e-005 1.79172e-008 1.79172e-008
7.41 -5.07476e-005 -1.105e-005 1.29751e-005 1.80009e-008 1.80009e-008
7.42 -4.98759e-005 -1.05395e-005 1.13459e-005 1.74509e-008 1.74509e-008
7.43 -4.88205e-005 -9.92088e-006 9.34518e-006 1.64124e-008 1.64124e-008
7.44 -4.76385e-005 -9.18175e-006 7.03908e-006 1.50157e-008 1.50157e-008
7.45 -4.6431e-005 -8.36846e-006 4.36972e-006 1.32759e-008 1.32759e-008
7.46 -4.53013e-005 -7.51271e-006 1.31552e-006 1.10768e-008 1.10768e-008
7.47 -4.4347e-005 -6.57022e-006 -1.94525e-006 8.29498e-009 8.29498e-009
7.48 -4.36357e-005 -5.43985e-006 -5.04162e-006 4.97585e-009 4.97585e-009
7.49 -4.31478e-005 -4.02209e-006 -7.6005e-006 1.40606e-009 1.40606e-009
7.5 -4.29116e-005 -2.27943e-006 -9.42978e-006 -1.98135e-009 -1.98135e-009
7.51 -4.29004e-005 -2.28427e-007 -1.06021e-005 -4.78619e-009 -4.78619e-009
7.52 -4.30638e-005 2.06456e-006 -1.12678e-005 -6.77822e-009 -6.77822e-009
7.53 -4.33598e-005 4.48949e-006 -1.15083e-005 -7.92679e-009 -7.92679e-009
7.54 -4.37726e-005 6.89574e-006 -1.13266e-005 -8.33663e-009 -8.33663e-009
7.55 -4.4321e-005 9.13141e-006 -1.07292e-005 -8.16494e-009 -8.16494e-009
7.56 -4.50266e-005 1.10528e-005 -9.80558e-006 -7.57921e-009 -7.57921e-009
7.57 -4.59029e-005 1.25388e-005 -8.72283e-006 -6.74655e-009 -6.74655e-009
7.58 -4.69529e-005 1.35489e-005 -7.53502e-006 -5.79683e-009 -5.79683e-009
7.59 -4.80844e-005 1.41773e-005 -6.06652e-006 -4.72918e-009 -4.72918e-009
7.6 -4.91695e-005 1.45766e-005 -4.10573e-006 -3.34766e-009 -3.34766e-009
7.61 -5.00927e-005 1.48162e-005 -1.70525e-006 -1.34901e-009 -1.34901e-009
7.62 -5.0766e-005 1.48612e-005 7.95541e-007 1.464e-009 1.464e-009
7.63 -5.11472e-005 1.46201e-005 2.96195e-006 5.01572e-009 5.01572e-009
7.64 -5.12082e-005 1.40541e-005 4.57334e-006 8.97292e-009 8.97292e-009
7.65 -5.09805e-005 1.32163e-005 5.6907e-006 1.29149e-008 1.29149e-008
7.66 -5.05142e-005 1.22361e-005 6.5537e-006 1.65125e-008 1.65125e-008
7.67 -4.98483e-005 1.12545e-005 7.39345e-006 1.96037e-008 1.96037e-008
7.68 -4.90103e-005 1.03336e-005 8.22388e-006 2.21501e-008 2.21501e-008
7.69 -4.80106e-005 9.42844e-006 8.80728e-006 2.41367e-008 2.41367e-008
7.7 -4.68617e-005 8.47983e-006 8.86407e-006 2.5514e-008 2.5514e-008
7.71 -4.5558e-005 7.50677e-006 8.31436e-006 2.62404e-008 2.62404e-008
7.72 -4.41067e-005 6.59096e-006 7.28256e-006 2.6357e-008 2.6357e-008
7.73 -4.25512e-005 5.79643e-006 5.93781e-006 2.59694e-008 2.59694e-008
7.74 -4.09703e-005 5.13931e-006 4.41601e-006 2.51291e-008 2.51291e-008
7.75 -3.94532e-005 4.6203e-006 2.88203e-006 2.37558e-008 2.37558e-008
7.76 -3.80725e-005 4.23869e-006 1.56381e-006 2.17152e-008 2.17152e-008
7.77 -3.68735e-005 3.96416e-006 6.63893e-007 1.89869e-008 1.89869e-008
7.78 -3.58887e-005 3.71692e-006 2.3094e-007 1.57522e-008 1.57522e-008
7.79 -3.51341e-005 3.38451e-006 1.20496e-007 1.23201e-008 1.23201e-008
7.8 -3.46284e-005 2.85559e-006 1.20504e-007 8.96975e-009 8.96975e-009
7.81 -3.43841e-005 2.06888e-006 1.222e-007 5.8505e-009 5.8505e-009
7.82 -3.43962e-005 1.05766e-006 2.18124e-007 3.00141e-009 3.00141e-009
7.83 -3.46459e-005 -5.70477e-008 6.89812e-007 4.55968e-010 4.55968e-010
7.84 -3.51051e-005 -1.15516e-006 1.83848e-006 -1.66464e-009 -1.66464e-009
7.85 -3.56978e-005 -2.22218e-006 3.78591e-006 -3.15491e-009 -3.15491e-009
7.86 -3.64569e-005 -3.32945e-006 6.41309e-006 -3.82241e-009 -3.82241e-009
7.87 -3.73154e-005 -4.57684e-006 9.48801e-006 -3.5761e-009 -3.5761e-009
7.88 -3.82119e-005 -6.00835e-006 1.2705e-005 -2.42995e-009 -2.42995e-009
7.89 -3.91193e-005 -7.60717e-006 1.57272e-005 -4.62841e-010 -4.62841e-010
7.9 -4.00466e-005 -9.34806e-006 1.82657e-005 2.20348e-009 2.20348e-009
7.91 -4.10102e-005 -1.12155e-005 2.01542e-005 5.3947e-009 5.3947e-009
7.92 -4.17921e-005 -1.31799e-005 2.14304e-005 8.8757e-009 8.8757e-009
7.93 -4.24744e-005 -1.50692e-005 2.22291e-005 1.23964e-008 1.23964e-008
7.94 -4.29909e-005 -1.67136e-005 2.27718e-005 1.57841e-008 1.57841e-008
7.95 -4.34206e-005 -1.79428e-005 2.31466e-005 1.90013e-008 1.90013e-008
7.96 -4.37671e-005 -1.87112e-005 2.32637e-005 2.20896e-008 2.20896e-008
7.97 -4.40569e-005 -1.90502e-005 2.28951e-005 2.50244e-008 2.50244e-008
7.98 -4.41901e-005 -1.90562e-005 2.18728e-005 2.76168e-008 2.76168e-008
7.99 -4.42011e-005 -1.87978e-005 2.01413e-005 2.95398e-008 2.95398e-008
8 -4.41408e-005 -1.83267e-005 1.78491e-005 3.04262e-008 3.04262e-008
8.01 -4.40573e-005 -1.77196e-005 1.52361e-005 2.99731e-008 2.99731e-008
8.02 -4.40066e-005 -1.71168e-005 1.24444e-005 2.80074e-008 2.80074e-008
8.03 -4.40615e-005 -1.66834e-005 9.50069e-006 2.44983e-008 2.44983e-008
8.04 -4.4249e-005 -1.6503e-005 6.45113e-006 1.95583e-008 1.95583e-008
8.05 -4.45662e-005 -1.65235e-005 3.45828e-006 1.34681e-008 1.34681e-008
8.06 -4.49995e-005 -1.66433e-005 6.96636e-007 6.67495e-009 6.67495e-009
8.07 -4.55425e-005 -1.6831e-005 -1.80074e-006 -3.11887e-010 -3.11887e-010
8.08 -4.62028e-005 -1.71311e-005 -4.11057e-006 -7.09505e-009 -7.09505e-009
8.09 -4.70289e-005 -1.75828e-005 -6.19165e-006 -1.34713e-008 -1.34713e-008
8.1 -4.80092e-005 -1.81715e-005 -7.82017e-006 -1.93485e-008 -1.93485e-008
8.11 -4.91901e-005 -1.88351e-005 -8.7274e-006 -2.45962e-008 -2.45962e-008
8.12 -5.05598e-005 -1.94912e-005 -8.76899e-006 -2.89769e-008 -2.89769e-008
8.13 -5.20927e-005 -2.00581e-005 -7.95607e-006 -3.21952e-008 -3.21952e-008
8.14 -5.37366e-005 -2.04893e-005 -6.44148e-006 -3.39886e-008 -3.39886e-008
8.15 -5.54188e-005 -2.08037e-005 -4.46609e-006 -3.41964e-008 -3.41964e-008
8.16 -5.70777e-005 -2.10563e-005 -2.30204e-006 -3.27981e-008 -3.27981e-008
8.17 -5.86528e-005 -2.12704e-005 -1.96484e-007 -2.99244e-008 -2.99244e-008
8.18 -6.01136e-005 -2.13825e-005 1.65835e-006 -2.58299e-008 -2.58299e-008
8.19 -6.14383e-005 -2.12662e-005 3.15342e-006 -2.08407e-008 -2.08407e-008
8.2 -6.26124e-005 -2.08162e-005 4.23167e-006 -1.53138e-008 -1.53138e-008
8.21 -6.36183e-005 -2.00114e-005 4.85188e-006 -9.61457e-009 -9.61457e-009
8.22 -6.44337e-005 -1.89193e-005 4.98046e-006 -4.09023e-009 -4.09023e-009
8.23 -6.50201e-005 -1.76764e-005 4.59122e-006 9.75153e-010 9.75153e-010
8.24 -6.53394e-005 -1.64494e-005 3.67211e-006 5.38822e-009 5.38822e-009
8.25 -6.53621e-005 -1.53814e-005 2.25936e-006 9.02246e-009 9.02246e-009
8.26 -6.50761e-005 -1.45513e-005 4.46999e-007 1.17576e-008 1.17576e-008
8.27 -6.4499e-005 -1.39779e-005 -1.66159e-006 1.34322e-008 1.34322e-008
8.28 -6.3663e-005 -1.36476e-005 -3.98513e-006 1.38496e-008 1.38496e-008
8.29 -6.26296e-005 -1.35219e-005 -6.43988e-006 1.2835e-008 1.2835e-008
8.3 -6.14801e-005 -1.3556e-005 -8.93369e-006 1.03092e-008 1.03092e-008
8.31 -6.03059e-005 -1.37291e-005 -1.14354e-005 6.33735e-009 6.33735e-009
8.32 -5.92211e-005 -1.40576e-005 -1.39668e-005 1.11842e-009 1.11842e-009
8.33 -5.83248e-005 -1.45474e-005 -1.65405e-005 -5.06181e-009 -5.06181e-009
8.34 -5.76839e-005 -1.5155e-005 -1.91113e-005 -1.18627e-008 -1.18627e-008
8.35 -5.73456e-005 -1.58219e-005 -2.16126e-005 -1.89075e-008 -1.89075e-008
8.36 -5.70515e-005 -1.65127e-005 -2.40689e-005 -2.58254e-008 -2.58254e-008
8.37 -5.69425e-005 -1.71618e-005 -2.6344e-005 -3.23058e-008 -3.23058e-008
8.38 -5.70939e-005 -1.77829e-005 -2.83318e-005 -3.80958e-008 -3.80958e-008
8.39 -5.77083e-005 -1.83558e-005 -2.98123e-005 -4.29488e-008 -4.29488e-008
8.4 -5.88273e-005 -1.88882e-005 -3.05749e-005 -4.66142e-008 -4.66142e-008
8.41 -6.05612e-005 -1.93518e-005 -3.04985e-005 -4.8872e-008 -4.8872e-008
8.42 -6.2637e-005 -1.97595e-005 -2.96982e-005 -4.95684e-008 -4.95684e-008
8.43 -6.49765e-005 -2.00963e-005 -2.83473e-005 -4.86599e-008 -4.86599e-008
8.44 -6.75153e-005 -2.03299e-005 -2.66408e-005 -4.62545e-008 -4.62545e-008
8.45 -7.01639e-005 -2.04612e-005 -2.4783e-005 -4.26155e-008 -4.26155e-008
8.46 -7.28364e-005 -2.05293e-005 -2.29613e-005 -3.81263e-008 -3.81263e-008
8.47 -7.54521e-005 -2.05721e-005 -2.13115e-005 -3.32275e-008 -3.32275e-008
8.48 -7.79339e-005 -2.06106e-005 -1.99232e-005 -2.83453e-008 -2.83453e-008
8.49 -8.02111e-005 -2.06608e-005 -1.89006e-005 -2.38312e-008 -2.38312e-008
8.5 -8.22228e-005 -2.0734e-005 -1.83873e-005 -1.99518e-008 -1.99518e-008
8.51 -8.39175e-005 -2.08263e-005 -1.84772e-005 -1.69162e-008 -1.69162e-008
8.52 -8.52501e-005 -2.09027e-005 -1.90954e-005 -1.48809e-008 -1.48809e-008
8.53 -8.61936e-005 -2.09064e-005 -2.00195e-005 -1.39204e-008 -1.39204e-008
8.54 -8.6712e-005 -2.0832e-005 -2.10506e-005 -1.40119e-008 -1.40119e-008
8.55 -8.67822e-005 -2.07313e-005 -2.20901e-005 -1.50721e-008 -1.50721e-008
8.56 -8.64133e-005 -2.06858e-005 -2.31597e-005 -1.70293e-008 -1.70293e-008
8.57 -8.5636e-005 -2.07664e-005 -2.43604e-005 -1.98513e-008 -1.98513e-008
8.58 -8.45206e-005 -2.09786e-005 -2.57339e-005 -2.34939e-008 -2.34939e-008
8.59 -8.31579e-005 -2.12621e-005 -2.72314e-005 -2.78315e-008 -2.78315e-008
8.6 -8.16372e-005 -2.15537e-005 -2.87865e-005 -3.26496e-008 -3.26496e-008
8.61 -8.00243e-005 -2.18624e-005 -3.04137e-005 -3.76827e-008 -3.76827e-008
8.62 -7.79133e-005 -2.23352e-005 -3.22721e-005 -4.26354e-008 -4.26354e-008
8.63 -7.52499e-005 -2.3029e-005 -3.44131e-005 -4.72122e-008 -4.72122e-008
8.64 -7.24325e-005 -2.39552e-005 -3.66991e-005 -5.11443e-008 -5.11443e-008
8.65 -6.94397e-005 -2.51333e-005 -3.90526e-005 -5.41814e-008 -5.41814e-008
8.66 -6.65691e-005 -2.64819e-005 -4.12397e-005 -5.6101e-008 -5.6101e-008
8.67 -6.38714e-005 -2.78712e-005 -4.31094e-005 -5.67404e-008 -5.67404e-008
8.68 -6.1887e-005 -2.91325e-005 -4.4375e-005 -5.60324e-008 -5.60324e-008
8.69 -6.09595e-005 -3.0089e-005 -4.48069e-005 -5.40132e-008 -5.40132e-008
8.7 -6.11034e-005 -3.06583e-005 -4.43592e-005 -5.08027e-008 -5.08027e-008
8.71 -6.18904e-005 -3.08569e-005 -4.31745e-005 -4.65876e-008 -4.65876e-008
8.72 -6.31683e-005 -3.06862e-005 -4.13832e-005 -4.15968e-008 -4.15968e-008
8.73 -6.49182e-005 -3.00853e-005 -3.90158e-005 -3.6077e-008 -3.6077e-008
8.74 -6.70449e-005 -2.90516e-005 -3.6112e-005 -3.02916e-008 -3.02916e-008
8.75 -6.94115e-005 -2.77029e-005 -3.28146e-005 -2.45463e-008 -2.45463e-008
8.76 -7.18412e-005 -2.6226e-005 -2.9379e-005 -1.92124e-008 -1.92124e-008
8.77 -7.41611e-005 -2.47801e-005 -2.60673e-005 -1.4701e-008 -1.4701e-008
8.78 -7.62616e-005 -2.33927e-005 -2.29934e-005 -1.13662e-008 -1.13662e-008
8.79 -7.80923e-005 -2.19549e-005 -2.00835e-005 -9.38741e-009 -9.38741e-009
8.8 -7.9621e-005 -2.03175e-005 -1.71879e-005 -8.72352e-009 -8.72352e-009
8.81 -8.07907e-005 -1.83928e-005 -1.41936e-005 -9.16733e-009 -9.16733e-009
8.82 -8.14984e-005 -1.6195e-005 -1.109e-005 -1.04434e-008 -1.04434e-008
8.83 -8.15653e-005 -1.38387e-005 -8.02018e-006 -1.22723e-008 -1.22723e-008
8.84 -8.07886e-005 -1.15144e-005 -5.27614e-006 -1.4377e-008 -1.4377e-008
8.85 -7.90377e-005 -9.42828e-006 -3.19197e-006 -1.65304e-008 -1.65304e-008
8.86 -7.63866e-005 -7.71628e-006 -2.00241e-006 -1.86414e-008 -1.86414e-008
8.87 -7.31209e-005 -6.36855e-006 -1.74538e-006 -2.07e-008 -2.07e-008
8.88 -6.9518e-005 -5.23034e-006 -2.21282e-006 -2.26289e-008 -2.26289e-008
8.89 -6.5694e-005 -4.12939e-006 -3.06424e-006 -2.42015e-008 -2.42015e-008
8.9 -6.17147e-005 -2.96579e-006 -4.00032e-006 -2.50532e-008 -2.50532e-008
8.91 -5.76319e-005 -1.73885e-006 -4.88817e-006 -2.47734e-008 -2.47734e-008
8.92 -5.34514e-005 -4.75001e-007 -5.72597e-006 -2.30208e-008 -2.30208e-008
8.93 -4.92e-005 8.24577e-007 -6.48719e-006 -1.96022e-008 -1.96022e-008
8.94 -4.50131e-005 2.21766e-006 -7.07215e-006 -1.45062e-008 -1.45062e-008
8.95 -4.09108e-005 3.76483e-006 -7.32625e-006 -7.90197e-009 -7.90197e-009
8.96 -3.70366e-005 5.45509e-006 -7.08382e-006 -1.17642e-010 -1.17642e-010
8.97 -3.36579e-005 7.27012e-006 -6.18986e-006 8.41486e-009 8.41486e-009
8.98 -3.08378e-005 9.20022e-006 -4.56847e-006 1.72592e-008 1.72592e-008
8.99 -2.85295e-005 1.12325e-005 -2.25567e-006 2.60295e-008 2.60295e-008
9 -2.67596e-005 1.32943e-005 6.09756e-007 3.43779e-008 3.43779e-008
9.01 -2.54412e-005 1.5349e-005 3.87391e-006 4.1996e-008 4.1996e-008
9.02 -2.45497e-005 1.73972e-005 7.4069e-006 4.86025e-008 4.86025e-008
9.03 -2.35528e-005 1.95536e-005 1.12432e-005 5.39118e-008 5.39118e-008
9.04 -2.18237e-005 2.18427e-005 1.534e-005 5.77018e-008 5.77018e-008
9.05 -1.92971e-005 2.4187e-005 1.96106e-005 5.98838e-008 5.98838e-008
9.06 -1.60128e-005 2.64591e-005 2.40163e-005 6.04471e-008 6.04471e-008
9.07 -1.21385e-005 2.84755e-005 2.85205e-005 5.93874e-008 5.93874e-008
9.08 -7.895e-006 3.00574e-005 3.30869e-005 5.67436e-008 5.67436e-008
9.09 -3.32932e-006 3.10909e-005 3.7702e-005 5.27168e-008 5.27168e-008
9.1 1.33674e-006 3.14859e-005 4.22255e-005 4.76945e-008 4.76945e-008
9.11 5.65662e-006 3.12303e-005 4.63248e-005 4.21285e-008 4.21285e-008
9.12 9.51983e-006 3.02981e-005 4.97272e-005 3.6381e-008 3.6381e-008
9.13 1.23272e-005 2.87748e-005 5.20366e-005 3.06713e-008 3.06713e-008
9.14 1.3955e-005 2.67898e-005 5.31081e-005 2.51643e-008 2.51643e-008
9.15 1.4793e-005 2.45206e-005 5.31084e-005 2.00584e-008 2.00584e-008
9.16 1.5181e-005 2.21478e-005 5.23354e-005 1.56082e-008 1.56082e-008
9.17 1.52647e-005 1.98265e-005 5.10203e-005 1.21469e-008 1.21469e-008
9.18 1.50388e-005 1.76253e-005 4.92046e-005 1.00602e-008 1.00602e-008
9.19 1.44438e-005 1.55103e-005 4.68449e-005 9.63283e-009 9.63283e-009
9.2 1.33775e-005 1.34198e-005 4.39356e-005 1.08848e-008 1.08848e-008
9.21 1.18667e-005 1.13001e-005 4.06595e-005 1.35914e-008 1.35914e-008
9.22 1.00345e-005 9.16917e-006 3.73229e-005 1.745e-008 1.745e-008
9.23 8.00699e-006 7.10414e-006 3.42002e-005 2.21745e-008 2.21745e-008
9.24 5.84207e-006 5.1658e-006 3.14426e-005 2.74365e-008 2.74365e-008
9.25 3.46467e-006 3.38329e-006 2.90477e-005 3.28043e-008 3.28043e-008
9.26 7.90707e-007 1.73253e-006 2.69355e-005 3.77916e-008 3.77916e-008
9.27 -2.22794e-006 1.89986e-007 2.50743e-005 4.19624e-008 4.19624e-008
9.28 -5.51245e-006 -1.22137e-006 2.35721e-005 4.50106e-008 4.50106e-008
9.29 -8.88471e-006 -2.4625e-006 2.26079e-005 4.67686e-008 4.67686e-008
9.3 -1.2272e-005 -3.56125e-006 2.22699e-005 4.71479e-008 4.71479e-008
9.31 -1.56942e-005 -4.68276e-006 2.24733e-005 4.60707e-008 4.60707e-008
9.32 -1.92337e-005 -6.00501e-006 2.30542e-005 4.34529e-008 4.34529e-008
9.33 -2.28856e-005 -7.60313e-006 2.38806e-005 3.92528e-008 3.92528e-008
9.34 -2.65768e-005 -9.44884e-006 2.48518e-005 3.35346e-008 3.35346e-008
9.35 -3.02492e-005 -1.14588e-005 2.58657e-005 2.6495e-008 2.6495e-008
9.36 -3.39062e-005 -1.35419e-005 2.6831e-005 1.8457e-008 1.8457e-008
9.37 -3.7287e-005 -1.5619e-005 2.77221e-005 9.8593e-009 9.8593e-009
9.38 -4.03246e-005 -1.75634e-005 2.84616e-005 1.23029e-009 1.23029e-009
9.39 -4.32455e-005 -1.92536e-005 2.88635e-005 -6.90014e-009 -6.90014e-009
9.4 -4.61061e-005 -2.05841e-005 2.8775e-005 -1.4119e-008 -1.4119e-008
9.41 -4.88892e-005 -2.1474e-005 2.81407e-005 -2.01509e-008 -2.01509e-008
9.42 -5.1374e-005 -2.18679e-005 2.70288e-005 -2.47852e-008 -2.47852e-008
9.43 -5.3513e-005 -2.17871e-005 2.54401e-005 -2.78577e-008 -2.78577e-008
9.44 -5.53961e-005 -2.133e-005 2.32829e-005 -2.9312e-008 -2.9312e-008
9.45 -5.70065e-005 -2.06466e-005 2.04668e-005 -2.92223e-008 -2.92223e-008
9.46 -5.8278e-005 -1.98597e-005 1.70001e-005 -2.77308e-008 -2.77308e-008
9.47 -5.91118e-005 -1.90369e-005 1.30073e-005 -2.49889e-008 -2.49889e-008
9.48 -5.94145e-005 -1.8156e-005 8.71371e-006 -2.11693e-008 -2.11693e-008
9.49 -5.92155e-005 -1.71433e-005 4.39298e-006 -1.65351e-008 -1.65351e-008
9.5 -5.85452e-005 -1.60023e-005 1.2615e-007 -1.14275e-008 -1.14275e-008
9.51 -5.74529e-005 -1.48093e-005 -4.19537e-006 -6.13543e-009 -6.13543e-009
9.52 -5.60339e-005 -1.3663e-005 -8.60928e-006 -9.07196e-010 -9.07196e-010
9.53 -5.44017e-005 -1.26129e-005 -1.30136e-005 3.86903e-009 3.86903e-009
9.54 -5.29474e-005 -1.15818e-005 -1.70904e-005 7.71228e-009 7.71228e-009
9.55 -5.19785e-005 -1.04904e-005 -2.04072e-005 1.03544e-008 1.03544e-008
9.56 -5.15358e-005 -9.27725e-006 -2.26832e-005 1.18514e-008 1.18514e-008
9.57 -5.16966e-005 -7.9827e-006 -2.38247e-005 1.23489e-008 1.23489e-008
9.58 -5.24137e-005 -6.61734e-006 -2.39552e-005 1.18556e-008 1.18556e-008
9.59 -5.36271e-005 -5.14384e-006 -2.32322e-005 1.02758e-008 1.02758e-008
9.6 -5.52502e-005 -3.497e-006 -2.18096e-005 7.57566e-009 7.57566e-009
9.61 -5.71956e-005 -1.67129e-006 -1.99004e-005 3.86825e-009 3.86825e-009
9.62 -5.93259e-005 2.69753e-007 -1.78225e-005 -6.26965e-010 -6.26965e-010
9.63 -6.14772e-005 2.24465e-006 -1.59055e-005 -5.64299e-009 -5.64299e-009
9.64 -6.35627e-005 4.26589e-006 -1.42953e-005 -1.08663e-008 -1.08663e-008
9.65 -6.54889e-005 6.42772e-006 -1.29134e-005 -1.59299e-008 -1.59299e-008
9.66 -6.71469e-005 8.83329e-006 -1.15763e-005 -2.04615e-008 -2.04615e-008
9.67 -6.82087e-005 1.15038e-005 -1.0197e-005 -2.41426e-008 -2.41426e-008
9.68 -6.84952e-005 1.43709e-005 -8.80779e-006 -2.67117e-008 -2.67117e-008
9.69 -6.81483e-005 1.72021e-005 -7.60325e-006 -2.79449e-008 -2.79449e-008
9.7 -6.73407e-005 1.98243e-005 -6.70445e-006 -2.76889e-008 -2.76889e-008
9.71 -6.61393e-005 2.21863e-005 -6.09435e-006 -2.59133e-008 -2.59133e-008
9.72 -6.46009e-005 2.42737e-005 -5.75192e-006 -2.27151e-008 -2.27151e-008
9.73 -6.27488e-005 2.60976e-005 -5.72864e-006 -1.82909e-008 -1.82909e-008
9.74 -6.056e-005 2.76973e-005 -6.04636e-006 -1.2895e-008 -1.2895e-008
9.75 -5.80449e-005 2.91421e-005 -6.65761e-006 -6.80956e-009 -6.80956e-009
9.76 -5.52706e-005 3.04779e-005 -7.52821e-006 -3.39034e-010 -3.39034e-010
9.77 -5.22623e-005 3.16698e-005 -8.80536e-006 6.17892e-009 6.17892e-009
9.78 -4.89722e-005 3.26487e-005 -1.07159e-005 1.23643e-008 1.23643e-008
9.79 -4.56754e-005 3.33193e-005 -1.33321e-005 1.78477e-008 1.78477e-008
9.8 -4.23013e-005 3.36702e-005 -1.65e-005 2.23675e-008 2.23675e-008
9.81 -3.90293e-005 3.37325e-005 -1.97912e-005 2.58024e-008 2.58024e-008
9.82 -3.57673e-005 3.36403e-005 -2.26926e-005 2.8142e-008 2.8142e-008
9.83 -3.31067e-005 3.34173e-005 -2.46341e-005 2.94402e-008 2.94402e-008
9.84 -3.14245e-005 3.30597e-005 -2.52942e-005 2.97513e-008 2.97513e-008
9.85 -3.04985e-005 3.25544e-005 -2.46721e-005 2.91194e-008 2.91194e-008
9.86 -3.00538e-005 3.1884e-005 -2.29118e-005 2.76177e-008 2.76177e-008
9.87 -3.00936e-005 3.10359e-005 -2.01363e-005 2.53686e-008 2.53686e-008
9.88 -3.03278e-005 3.00403e-005 -1.64978e-005 2.25367e-008 2.25367e-008
9.89 -3.08152e-005 2.8912e-005 -1.22271e-005 1.92925e-008 1.92925e-008
9.9 -3.13185e-005 2.76613e-005 -7.5823e-006 1.5777e-008 1.5777e-008
9.91 -3.18745e-005 2.62836e-005 -2.78488e-006 1.21041e-008 1.21041e-008
9.92 -3.23535e-005 2.48258e-005 2.2169e-006 8.37409e-009 8.37409e-009
9.93 -3.26485e-005 2.33031e-005 7.41641e-006 4.74247e-009 4.74247e-009
9.94 -3.25709e-005 2.16935e-005 1.27601e-005 1.54016e-009 1.54016e-009
9.95 -3.16719e-005 1.99494e-005 1.82349e-005 -7.83691e-010 -7.83691e-010
9.96 -2.98332e-005 1.8076e-005 2.36314e-005 -1.88049e-009 -1.88049e-009
9.97 -2.73741e-005 1.61238e-005 2.87791e-005 -1.6185e-009 -1.6185e-009
9.98 -2.46638e-005 1.41583e-005 3.35282e-005 -4.33666e-011 -4.33666e-011
9.99 -2.16184e-005 1.21658e-005 3.77896e-005 2.69847e-009 2.69847e-009
10 -1.85368e-005 1.00783e-005 4.14068e-005 6.3934e-009 6.3934e-009
