0.1 -1.41893e-005 -4.89287e-010
0.2 -3.07474e-005 -1.06025e-009
0.3 -4.95099e-005 -1.70724e-009
0.4 -7.03094e-005 -2.42446e-009
0.5 -9.2975e-005 -3.20604e-009
0.6 -0.000117333 -4.04595e-009
0.7 -0.000143205 -4.93809e-009
0.8 -0.00017041 -5.87621e-009
0.9 -0.000198764 -6.85393e-009
1 -0.000228078 -7.86476e-009
0.01 0.000401575 1.38474e-008
0.02 0.00217608 7.50372e-008
0.03 0.00411301 1.41828e-007
0.04 0.00523651 1.80569e-007
0.05 0.00543883 1.87546e-007
0.06 0.00481124 1.65905e-007
0.07 0.00353735 1.21977e-007
0.08 0.00181234 6.24945e-008
0.09 -0.000190365 -6.56432e-009
0.1 -0.00232742 -8.02559e-008
0.11 -0.00450767 -1.55437e-007
0.12 -0.00667127 -2.30044e-007
0.13 -0.00883835 -3.04771e-007
0.14 -0.0110621 -3.8145e-007
0.15 -0.0133887 -4.61678e-007
0.16 -0.0157728 -5.4389e-007
0.17 -0.0181462 -6.2573e-007
0.18 -0.0204485 -7.05121e-007
0.19 -0.0227426 -7.84226e-007
0.2 -0.0251125 -8.65949e-007
0.21 -0.0275982 -9.51663e-007
0.22 -0.0300832 -1.03735e-006
0.23 -0.0324122 -1.11766e-006
0.24 -0.0344626 -1.18837e-006
0.25 -0.0362836 -1.25116e-006
0.26 -0.038038 -1.31166e-006
0.27 -0.0400019 -1.37937e-006
0.28 -0.0424578 -1.46406e-006
0.29 -0.0456783 -1.57511e-006
0.3 -0.0498145 -1.71774e-006
0.31 -0.0548328 -1.89079e-006
0.32 -0.0604086 -2.08306e-006
0.33 -0.0660675 -2.27819e-006
0.34 -0.071385 -2.46155e-006
0.35 -0.0761676 -2.62647e-006
0.36 -0.0804383 -2.77374e-006
0.37 -0.0842216 -2.90419e-006
0.38 -0.0873517 -3.01213e-006
0.39 -0.0895753 -3.0888e-006
0.4 -0.0908577 -3.13303e-006
0.41 -0.091464 -3.15393e-006
0.42 -0.0917577 -3.16406e-006
0.43 -0.0919221 -3.16973e-006
0.44 -0.0918885 -3.16857e-006
0.45 -0.0915316 -3.15626e-006
0.46 -0.0908755 -3.13364e-006
0.47 -0.0900148 -3.10396e-006
0.48 -0.088948 -3.06717e-006
0.49 -0.0875883 -3.02028e-006
0.5 -0.0858531 -2.96045e-006
0.51 -0.0837251 -2.88707e-006
0.52 -0.0812281 -2.80097e-006
0.53 -0.078333 -2.70114e-006
0.54 -0.0750703 -2.58863e-006
0.55 -0.0716975 -2.47233e-006
0.56 -0.0685028 -2.36216e-006
0.57 -0.0654307 -2.25623e-006
0.58 -0.0621736 -2.14392e-006
0.59 -0.0585324 -2.01836e-006
0.6 -0.0545688 -1.88168e-006
0.61 -0.0505127 -1.74182e-006
0.62 -0.0465123 -1.60387e-006
0.63 -0.0423258 -1.45951e-006
0.64 -0.0374644 -1.29188e-006
0.65 -0.0317082 -1.09339e-006
0.66 -0.0253211 -8.73143e-007
0.67 -0.0188188 -6.48925e-007
0.68 -0.0124604 -4.29669e-007
0.69 -0.00611094 -2.10722e-007
0.7 0.00039246 1.35331e-008
0.71 0.00682641 2.35394e-007
0.72 0.0126031 4.3459e-007
0.73 0.0171754 5.92255e-007
0.74 0.0207307 7.14851e-007
0.75 0.0241164 8.31601e-007
0.76 0.027886 9.61588e-007
0.77 0.0319731 1.10252e-006
0.78 0.0361017 1.24489e-006
0.79 0.040237 1.38748e-006
0.8 0.0444807 1.53382e-006
0.81 0.0487219 1.68007e-006
0.82 0.0524499 1.80862e-006
0.83 0.0551458 1.90158e-006
0.84 0.0568401 1.96001e-006
0.85 0.0580438 2.00151e-006
0.86 0.0593899 2.04793e-006
0.87 0.0614693 2.11963e-006
0.88 0.0645321 2.22524e-006
0.89 0.0684256 2.3595e-006
0.9 0.0726146 2.50395e-006
0.91 0.0767805 2.6476e-006
0.92 0.0812573 2.80198e-006
0.93 0.0868398 2.99447e-006
0.94 0.0936826 3.23043e-006
0.95 0.100377 3.46126e-006
0.96 0.104819 3.61443e-006
0.97 0.10624 3.66344e-006
0.98 0.105586 3.64091e-006
0.99 0.10414 3.59103e-006
1 0.102282 3.52698e-006
1.01 0.0990977 3.41716e-006
1.02 0.0934987 3.22409e-006
1.03 0.0861953 2.97225e-006
1.04 0.0797402 2.74966e-006
1.05 0.0759918 2.62041e-006
1.06 0.0745171 2.56955e-006
1.07 0.0737096 2.54171e-006
1.08 0.0724314 2.49763e-006
1.09 0.0705917 2.4342e-006
1.1 0.0688639 2.37462e-006
1.11 0.0682512 2.35349e-006
1.12 0.0696503 2.40173e-006
1.13 0.0728982 2.51373e-006
1.14 0.0760187 2.62133e-006
1.15 0.0766618 2.64351e-006
1.16 0.0743624 2.56422e-006
1.17 0.0709026 2.44492e-006
1.18 0.069036 2.38055e-006
1.19 0.0700571 2.41576e-006
1.2 0.0724029 2.49665e-006
1.21 0.0732069 2.52437e-006
1.22 0.0704664 2.42988e-006
1.23 0.0637935 2.19977e-006
1.24 0.0542864 1.87195e-006
1.25 0.0439415 1.51522e-006
1.26 0.0345204 1.19036e-006
1.27 0.0268816 9.26953e-007
1.28 0.0212531 7.32866e-007
1.29 0.0174534 6.01842e-007
1.3 0.0152964 5.27461e-007
1.31 0.0149982 5.17181e-007
1.32 0.0162924 5.61807e-007
1.33 0.0175333 6.04597e-007
1.34 0.0172031 5.9321e-007
1.35 0.0162764 5.61257e-007
1.36 0.0176197 6.07578e-007
1.37 0.0226791 7.82037e-007
1.38 0.0295968 1.02058e-006
1.39 0.0344418 1.18765e-006
1.4 0.0342007 1.17934e-006
1.41 0.0300124 1.03491e-006
1.42 0.0274591 9.46865e-007
1.43 0.0318212 1.09728e-006
1.44 0.0430008 1.48279e-006
1.45 0.0554027 1.91044e-006
1.46 0.0625567 2.15713e-006
1.47 0.0627105 2.16243e-006
1.48 0.05963 2.05621e-006
1.49 0.0574475 1.98095e-006
1.5 0.0569073 1.96232e-006
1.51 0.0575181 1.98338e-006
1.52 0.0605355 2.08743e-006
1.53 0.0681686 2.35064e-006
1.54 0.0808856 2.78916e-006
1.55 0.0966244 3.33187e-006
1.56 0.112519 3.87997e-006
1.57 0.12631 4.35551e-006
1.58 0.136022 4.69042e-006
1.59 0.13996 4.8262e-006
1.6 0.13798 4.75795e-006
1.61 0.13359 4.60656e-006
1.62 0.133063 4.58837e-006
1.63 0.139321 4.80418e-006
1.64 0.148745 5.12912e-006
1.65 0.155961 5.37797e-006
1.66 0.159711 5.50728e-006
1.67 0.163059 5.62273e-006
1.68 0.16909 5.83068e-006
1.69 0.176995 6.10328e-006
1.7 0.183497 6.32748e-006
1.71 0.187617 6.46955e-006
1.72 0.191165 6.59188e-006
1.73 0.194865 6.71947e-006
1.74 0.196496 6.77574e-006
1.75 0.192752 6.64663e-006
1.76 0.181554 6.26048e-006
1.77 0.16269 5.60999e-006
1.78 0.138116 4.76261e-006
1.79 0.112562 3.88144e-006
1.8 0.0910474 3.13957e-006
1.81 0.0745432 2.57045e-006
1.82 0.0603887 2.08237e-006
1.83 0.0463958 1.59986e-006
1.84 0.0330973 1.14129e-006
1.85 0.0225845 7.78776e-007
1.86 0.0153343 5.28768e-007
1.87 0.00940707 3.24382e-007
1.88 0.00372185 1.2834e-007
1.89 -0.000396585 -1.36753e-008
1.9 -0.00221465 -7.63671e-008
1.91 -0.00291882 -1.00649e-007
1.92 -0.00350976 -1.21026e-007
1.93 -0.00499262 -1.72159e-007
1.94 -0.0100952 -3.48111e-007
1.95 -0.0217268 -7.49199e-007
1.96 -0.0400114 -1.3797e-006
1.97 -0.0616694 -2.12653e-006
1.98 -0.0825727 -2.84734e-006
1.99 -0.100836 -3.4771e-006
2 -0.116966 -4.03332e-006
2.01 -0.131583 -4.53733e-006
2.02 -0.14364 -4.95309e-006
2.03 -0.15159 -5.22725e-006
2.04 -0.156145 -5.3843e-006
2.05 -0.159697 -5.50678e-006
2.06 -0.163447 -5.63609e-006
2.07 -0.167299 -5.76893e-006
2.08 -0.171124 -5.90083e-006
2.09 -0.174979 -6.03376e-006
2.1 -0.179445 -6.18777e-006
2.11 -0.185605 -6.40017e-006
2.12 -0.194385 -6.70293e-006
2.13 -0.205894 -7.09979e-006
2.14 -0.21834 -7.52898e-006
2.15 -0.227634 -7.84944e-006
2.16 -0.229224 -7.90427e-006
2.17 -0.222217 -7.66264e-006
2.18 -0.212504 -7.32771e-006
2.19 -0.20862 -7.19378e-006
2.2 -0.21342 -7.35932e-006
2.21 -0.22296 -7.68826e-006
2.22 -0.231974 -7.99911e-006
2.23 -0.23771 -8.1969e-006
2.24 -0.240197 -8.28265e-006
2.25 -0.241055 -8.31225e-006
2.26 -0.242892 -8.37559e-006
2.27 -0.247937 -8.54953e-006
2.28 -0.255598 -8.81373e-006
2.29 -0.263425 -9.08361e-006
2.3 -0.270362 -9.32281e-006
2.31 -0.276449 -9.53272e-006
2.32 -0.280821 -9.68349e-006
2.33 -0.282351 -9.73623e-006
2.34 -0.281554 -9.70874e-006
2.35 -0.28055 -9.67414e-006
2.36 -0.281204 -9.69668e-006
2.37 -0.284272 -9.80248e-006
2.38 -0.28898 -9.96483e-006
2.39 -0.291742 -1.00601e-005
2.4 -0.286874 -9.89221e-006
2.41 -0.269008 -9.27614e-006
2.42 -0.235325 -8.11464e-006
2.43 -0.189365 -6.52982e-006
2.44 -0.142015 -4.89708e-006
2.45 -0.103865 -3.58155e-006
2.46 -0.0766432 -2.64287e-006
2.47 -0.0544251 -1.87673e-006
2.48 -0.0311844 -1.07532e-006
2.49 -0.00548453 -1.89122e-007
2.5 0.0201837 6.95991e-007
2.51 0.0422411 1.45659e-006
2.52 0.0576765 1.98884e-006
2.53 0.0653413 2.25315e-006
2.54 0.067484 2.32703e-006
2.55 0.0690058 2.37951e-006
2.56 0.0746342 2.57359e-006
2.57 0.0862781 2.97511e-006
2.58 0.102431 3.53211e-006
2.59 0.120314 4.14875e-006
2.6 0.138152 4.76385e-006
2.61 0.154891 5.34108e-006
2.62 0.169055 5.82949e-006
2.63 0.18009 6.20999e-006
2.64 0.189928 6.54923e-006
2.65 0.201307 6.94161e-006
2.66 0.215138 7.41854e-006
2.67 0.228936 7.89433e-006
2.68 0.237744 8.19805e-006
2.69 0.238261 8.21589e-006
2.7 0.231432 7.98041e-006
2.71 0.222101 7.65866e-006
2.72 0.217073 7.48528e-006
2.73 0.220695 7.61017e-006
2.74 0.229479 7.91307e-006
2.75 0.233298 8.04477e-006
2.76 0.225043 7.7601e-006
2.77 0.205215 7.07639e-006
2.78 0.175651 6.05692e-006
2.79 0.135997 4.68954e-006
2.8 0.0889766 3.06816e-006
2.81 0.0422086 1.45547e-006
2.82 0.00306202 1.05587e-007
2.83 -0.0255449 -8.80859e-007
2.84 -0.0459169 -1.58334e-006
2.85 -0.0620787 -2.14064e-006
2.86 -0.0767072 -2.64508e-006
2.87 -0.0920503 -3.17415e-006
2.88 -0.108541 -3.74278e-006
2.89 -0.12244 -4.22209e-006
2.9 -0.129354 -4.46049e-006
2.91 -0.129971 -4.48177e-006
2.92 -0.130474 -4.4991e-006
2.93 -0.13724 -4.73242e-006
2.94 -0.151597 -5.22748e-006
2.95 -0.170268 -5.8713e-006
2.96 -0.189611 -6.53831e-006
2.97 -0.207337 -7.14954e-006
2.98 -0.221425 -7.63534e-006
2.99 -0.229855 -7.92603e-006
3 -0.231364 -7.97808e-006
3.01 -0.225978 -7.79234e-006
3.02 -0.214414 -7.3936e-006
3.03 -0.196501 -6.77588e-006
3.04 -0.17189 -5.92722e-006
3.05 -0.143446 -4.94642e-006
3.06 -0.116602 -4.02075e-006
3.07 -0.0927261 -3.19745e-006
3.08 -0.0674794 -2.32687e-006
3.09 -0.037728 -1.30097e-006
3.1 -0.00592223 -2.04215e-007
3.11 0.0223327 7.70092e-007
3.12 0.0441832 1.52356e-006
3.13 0.0631014 2.17591e-006
3.14 0.0841749 2.90258e-006
3.15 0.108302 3.73457e-006
3.16 0.133132 4.59077e-006
3.17 0.155382 5.35799e-006
3.18 0.172925 5.96294e-006
3.19 0.18826 6.49172e-006
3.2 0.207786 7.16502e-006
3.21 0.236075 8.1405e-006
3.22 0.271935 9.37707e-006
3.23 0.308852 1.06501e-005
3.24 0.338517 1.1673e-005
3.25 0.354405 1.22209e-005
3.26 0.352729 1.21631e-005
3.27 0.333568 1.15023e-005
3.28 0.302257 1.04227e-005
3.29 0.267774 9.23358e-006
3.3 0.2395 8.25861e-006
3.31 0.224757 7.75025e-006
3.32 0.227118 7.83165e-006
3.33 0.244253 8.42252e-006
3.34 0.267079 9.20962e-006
3.35 0.284109 9.79688e-006
3.36 0.287672 9.91974e-006
3.37 0.276134 9.52186e-006
3.38 0.253755 8.75016e-006
3.39 0.229207 7.90369e-006
3.4 0.210331 7.25281e-006
3.41 0.198745 6.85327e-006
3.42 0.19065 6.57415e-006
3.43 0.181631 6.26313e-006
3.44 0.169811 5.85554e-006
3.45 0.156282 5.38905e-006
3.46 0.142618 4.91786e-006
3.47 0.128087 4.41678e-006
3.48 0.11012 3.79723e-006
3.49 0.086269 2.97479e-006
3.5 0.0546177 1.88337e-006
3.51 0.0142404 4.91048e-007
3.52 -0.0325936 -1.12392e-006
3.53 -0.0800757 -2.76123e-006
3.54 -0.121775 -4.19913e-006
3.55 -0.15387 -5.30587e-006
3.56 -0.176599 -6.08963e-006
3.57 -0.192647 -6.643e-006
3.58 -0.204238 -7.0427e-006
3.59 -0.211415 -7.29016e-006
3.6 -0.212728 -7.33544e-006
3.61 -0.208457 -7.18818e-006
3.62 -0.202895 -6.99637e-006
3.63 -0.202123 -6.96977e-006
3.64 -0.208021 -7.17315e-006
3.65 -0.215278 -7.42337e-006
3.66 -0.21616 -7.45379e-006
3.67 -0.206341 -7.1152e-006
3.68 -0.186222 -6.42143e-006
3.69 -0.161838 -5.5806e-006
3.7 -0.144392 -4.97902e-006
3.71 -0.144248 -4.97408e-006
3.72 -0.164828 -5.68372e-006
3.73 -0.201578 -6.95095e-006
3.74 -0.244538 -8.43233e-006
3.75 -0.284629 -9.8148e-006
3.76 -0.319388 -1.10134e-005
3.77 -0.35064 -1.2091e-005
3.78 -0.379333 -1.30805e-005
3.79 -0.405126 -1.39698e-005
3.8 -0.42738 -1.47372e-005
3.81 -0.443955 -1.53088e-005
3.82 -0.450239 -1.55255e-005
3.83 -0.440892 -1.52032e-005
3.84 -0.416743 -1.43705e-005
3.85 -0.389898 -1.34448e-005
3.86 -0.37362 -1.28834e-005
3.87 -0.368899 -1.27207e-005
3.88 -0.36692 -1.26524e-005
3.89 -0.360098 -1.24172e-005
3.9 -0.347965 -1.19988e-005
3.91 -0.334794 -1.15446e-005
3.92 -0.323296 -1.11481e-005
3.93 -0.311654 -1.07467e-005
3.94 -0.295813 -1.02004e-005
3.95 -0.272085 -9.38223e-006
3.96 -0.238476 -8.2233e-006
3.97 -0.196557 -6.77783e-006
3.98 -0.15053 -5.19067e-006
3.99 -0.103407 -3.56576e-006
4 -0.0568136 -1.95909e-006
4.01 -0.0126926 -4.37677e-007
4.02 0.0267818 9.23511e-007
4.03 0.0586882 2.02373e-006
4.04 0.0799971 2.75852e-006
4.05 0.0906379 3.12545e-006
4.06 0.0955737 3.29564e-006
4.07 0.102979 3.55101e-006
4.08 0.119403 4.11734e-006
4.09 0.147935 5.1012e-006
4.1 0.189175 6.52326e-006
4.11 0.240465 8.2919e-006
4.12 0.296397 1.02206e-005
4.13 0.352346 1.21499e-005
4.14 0.405302 1.39759e-005
4.15 0.451414 1.5566e-005
4.16 0.48586 1.67538e-005
4.17 0.504596 1.73999e-005
4.18 0.506892 1.7479e-005
4.19 0.498053 1.71742e-005
4.2 0.487485 1.68098e-005
4.21 0.482472 1.66369e-005
4.22 0.48491 1.6721e-005
4.23 0.492539 1.69841e-005
4.24 0.501733 1.73011e-005
4.25 0.51112 1.76248e-005
4.26 0.521472 1.79818e-005
4.27 0.531438 1.83254e-005
4.28 0.537674 1.85405e-005
4.29 0.538622 1.85732e-005
4.3 0.533593 1.83997e-005
4.31 0.520208 1.79382e-005
4.32 0.496875 1.71336e-005
4.33 0.465997 1.60689e-005
4.34 0.433681 1.49545e-005
4.35 0.407336 1.40461e-005
4.36 0.390575 1.34681e-005
4.37 0.378933 1.30667e-005
4.38 0.363575 1.25371e-005
4.39 0.339188 1.16961e-005
4.4 0.30755 1.06052e-005
4.41 0.275089 9.48581e-006
4.42 0.247325 8.52844e-006
4.43 0.225891 7.78935e-006
4.44 0.210743 7.267e-006
4.45 0.201644 6.95325e-006
4.46 0.194793 6.717e-006
4.47 0.181533 6.25975e-006
4.48 0.155193 5.35147e-006
4.49 0.118487 4.08577e-006
4.5 0.0819944 2.82739e-006
4.51 0.0570948 1.96879e-006
4.52 0.0509714 1.75763e-006
4.53 0.0652427 2.24975e-006
4.54 0.0978665 3.37471e-006
4.55 0.144448 4.98096e-006
4.56 0.195993 6.75836e-006
4.57 0.240434 8.29083e-006
4.58 0.270396 9.32402e-006
4.59 0.287279 9.90618e-006
4.6 0.297464 1.02574e-005
4.61 0.30611 1.05555e-005
4.62 0.314626 1.08492e-005
4.63 0.322451 1.1119e-005
4.64 0.328943 1.13429e-005
4.65 0.331801 1.14414e-005
4.66 0.324831 1.12011e-005
4.67 0.301902 1.04104e-005
4.68 0.264372 9.11627e-006
4.69 0.222 7.65518e-006
4.7 0.187027 6.4492e-006
4.71 0.168193 5.79974e-006
4.72 0.166013 5.7246e-006
4.73 0.170822 5.8904e-006
4.74 0.169478 5.84405e-006
4.75 0.155193 5.3515e-006
4.76 0.130261 4.49174e-006
4.77 0.103375 3.56465e-006
4.78 0.0838454 2.89122e-006
4.79 0.0750615 2.58833e-006
4.8 0.0748823 2.58215e-006
4.81 0.079298 2.73441e-006
4.82 0.0824077 2.84164e-006
4.83 0.0807445 2.78429e-006
4.84 0.0815528 2.81217e-006
4.85 0.0968049 3.3381e-006
4.86 0.12503 4.31139e-006
4.87 0.148148 5.10856e-006
4.88 0.14862 5.12483e-006
4.89 0.124755 4.30189e-006
4.9 0.0892401 3.07724e-006
4.91 0.0545586 1.88133e-006
4.92 0.0216168 7.45406e-007
4.93 -0.0170552 -5.8811e-007
4.94 -0.0677358 -2.33572e-006
4.95 -0.130887 -4.51333e-006
4.96 -0.199541 -6.88072e-006
4.97 -0.259682 -8.95454e-006
4.98 -0.298657 -1.02985e-005
4.99 -0.317109 -1.09348e-005
5 -0.328933 -1.13425e-005
5.01 -0.346959 -1.19641e-005
5.02 -0.371245 -1.28016e-005
5.03 -0.391539 -1.35013e-005
5.04 -0.398265 -1.37333e-005
5.05 -0.391696 -1.35068e-005
5.06 -0.383214 -1.32143e-005
5.07 -0.387383 -1.3358e-005
5.08 -0.410537 -1.41564e-005
5.09 -0.448123 -1.54525e-005
5.1 -0.492191 -1.69721e-005
5.11 -0.536147 -1.84878e-005
5.12 -0.575333 -1.98391e-005
5.13 -0.61117 -2.10748e-005
5.14 -0.652327 -2.2494e-005
5.15 -0.705938 -2.43427e-005
5.16 -0.771417 -2.66006e-005
5.17 -0.845401 -2.91518e-005
5.18 -0.926062 -3.19332e-005
5.19 -1.01107 -3.48646e-005
5.2 -1.09398 -3.77236e-005
5.21 -1.16331 -4.01142e-005
5.22 -1.20637 -4.15991e-005
5.23 -1.21429 -4.18722e-005
5.24 -1.18667 -4.09195e-005
5.25 -1.13308 -3.90718e-005
5.26 -1.06637 -3.67712e-005
5.27 -0.99332 -3.42524e-005
5.28 -0.914461 -3.15331e-005
5.29 -0.830725 -2.86457e-005
5.3 -0.745779 -2.57165e-005
5.31 -0.663306 -2.28726e-005
5.32 -0.585203 -2.01794e-005
5.33 -0.509601 -1.75725e-005
5.34 -0.42951 -1.48107e-005
5.35 -0.333759 -1.15089e-005
5.36 -0.21091 -7.27275e-006
5.37 -0.060448 -2.08441e-006
5.38 0.0997854 3.44088e-006
5.39 0.248364 8.56428e-006
5.4 0.379763 1.30953e-005
5.41 0.50138 1.7289e-005
5.42 0.61705 2.12776e-005
5.43 0.719094 2.47963e-005
5.44 0.798078 2.75199e-005
5.45 0.860368 2.96679e-005
5.46 0.928995 3.20343e-005
5.47 1.02507 3.53472e-005
5.48 1.15484 3.98221e-005
5.49 1.31049 4.51892e-005
5.5 1.47332 5.08042e-005
5.51 1.61829 5.58032e-005
5.52 1.72531 5.94935e-005
5.53 1.78832 6.16663e-005
5.54 1.81221 6.24899e-005
5.55 1.80421 6.2214e-005
5.56 1.76794 6.09635e-005
5.57 1.70501 5.87936e-005
5.58 1.62305 5.59672e-005
5.59 1.53654 5.2984e-005
5.6 1.4557 5.01966e-005
5.61 1.37827 4.75266e-005
5.62 1.29577 4.46818e-005
5.63 1.20523 4.15595e-005
5.64 1.11002 3.82765e-005
5.65 1.01101 3.48626e-005
5.66 0.902424 3.11181e-005
5.67 0.778053 2.68294e-005
5.68 0.639844 2.20636e-005
5.69 0.498151 1.71776e-005
5.7 0.363957 1.25502e-005
5.71 0.242792 8.37215e-006
5.72 0.136325 4.70087e-006
5.73 0.0484163 1.66953e-006
5.74 -0.0134617 -4.64198e-007
5.75 -0.0448423 -1.54628e-006
5.76 -0.0519124 -1.79008e-006
5.77 -0.0507576 -1.75026e-006
5.78 -0.0597691 -2.061e-006
5.79 -0.0949789 -3.27513e-006
5.8 -0.168301 -5.80348e-006
5.81 -0.28219 -9.7307e-006
5.82 -0.423586 -1.46064e-005
5.83 -0.56678 -1.95441e-005
5.84 -0.687959 -2.37227e-005
5.85 -0.776715 -2.67833e-005
5.86 -0.834485 -2.87754e-005
5.87 -0.869701 -2.99897e-005
5.88 -0.895598 -3.08827e-005
5.89 -0.922607 -3.1814e-005
5.9 -0.949346 -3.27361e-005
5.91 -0.9655 -3.32931e-005
5.92 -0.959662 -3.30918e-005
5.93 -0.921514 -3.17763e-005
5.94 -0.842918 -2.90661e-005
5.95 -0.723649 -2.49534e-005
5.96 -0.577068 -1.98989e-005
5.97 -0.42441 -1.46348e-005
5.98 -0.28176 -9.71587e-006
5.99 -0.156233 -5.38733e-006
6 -0.0531806 -1.83381e-006
6.01 0.019671 6.78312e-007
6.02 0.0597256 2.0595e-006
6.03 0.0771531 2.66045e-006
6.04 0.0882688 3.04375e-006
6.05 0.100965 3.48156e-006
6.06 0.108458 3.73994e-006
6.07 0.0987209 3.40417e-006
6.08 0.0672934 2.32046e-006
6.09 0.0173186 5.97192e-007
6.1 -0.0451396 -1.55654e-006
6.11 -0.110164 -3.79875e-006
6.12 -0.163949 -5.65341e-006
6.13 -0.194769 -6.71619e-006
6.14 -0.194702 -6.71387e-006
6.15 -0.154348 -5.32236e-006
6.16 -0.0635862 -2.19263e-006
6.17 0.0821107 2.8314e-006
6.18 0.280002 9.65526e-006
6.19 0.522779 1.80269e-005
6.2 0.801891 2.76514e-005
6.21 1.11083 3.83044e-005
6.22 1.44402 4.97938e-005
6.23 1.79113 6.17631e-005
6.24 2.13399 7.35859e-005
6.25 2.45073 8.45078e-005
6.26 2.72006 9.37951e-005
6.27 2.92136 0.000100736
6.28 3.0393 0.000104804
6.29 3.0765 0.000106086
6.3 3.05786 0.000105443
6.31 3.01204 0.000103863
6.32 2.9442 0.000101524
6.33 2.82875 9.75433e-005
6.34 2.62756 9.06056e-005
6.35 2.31948 7.99822e-005
6.36 1.91999 6.62064e-005
6.37 1.47984 5.1029e-005
6.38 1.06445 3.67053e-005
6.39 0.719042 2.47946e-005
6.4 0.447969 1.54472e-005
6.41 0.23521 8.11067e-006
6.42 0.0780468 2.69127e-006
6.43 -0.00653168 -2.2523e-007
6.44 0.00366191 1.26273e-007
6.45 0.120703 4.16219e-006
6.46 0.337809 1.16486e-005
6.47 0.627882 2.16511e-005
6.48 0.94973 3.27493e-005
6.49 1.26358 4.35718e-005
6.5 1.54332 5.32178e-005
6.51 1.76993 6.1032e-005
6.52 1.91969 6.61962e-005
6.53 1.96166 6.76436e-005
6.54 1.86592 6.43421e-005
6.55 1.62 5.5862e-005
6.56 1.23952 4.27422e-005
6.57 0.760322 2.6218e-005
6.58 0.222189 7.66168e-006
6.59 -0.344172 -1.1868e-005
6.6 -0.925336 -3.19081e-005
6.61 -1.52376 -5.25434e-005
6.62 -2.14479 -7.39582e-005
6.63 -2.78407 -9.60023e-005
6.64 -3.414 -0.000117724
6.65 -3.99225 -0.000137664
6.66 -4.46961 -0.000154125
6.67 -4.80657 -0.000165744
6.68 -4.98245 -0.000171809
6.69 -4.9925 -0.000172155
6.7 -4.8418 -0.000166959
6.71 -4.53788 -0.000156479
6.72 -4.09662 -0.000141263
6.73 -3.5507 -0.000122438
6.74 -2.94864 -0.000101677
6.75 -2.34968 -8.10235e-005
6.76 -1.80844 -6.23601e-005
6.77 -1.35597 -4.67575e-005
6.78 -1.00133 -3.45287e-005
6.79 -0.750605 -2.58829e-005
6.8 -0.617792 -2.13032e-005
6.81 -0.61892 -2.13421e-005
6.82 -0.75037 -2.58748e-005
6.83 -0.992042 -3.42083e-005
6.84 -1.31594 -4.53771e-005
6.85 -1.69337 -5.83922e-005
6.86 -2.09137 -7.21164e-005
6.87 -2.47366 -8.52988e-005
6.88 -2.81172 -9.69558e-005
6.89 -3.09227 -0.00010663
6.9 -3.30907 -0.000114106
6.91 -3.45313 -0.000119073
6.92 -3.51559 -0.000121227
6.93 -3.50272 -0.000120784
6.94 -3.43752 -0.000118535
6.95 -3.34056 -0.000115192
6.96 -3.21449 -0.000110844
6.97 -3.05283 -0.00010527
6.98 -2.85932 -9.85973e-005
6.99 -2.65293 -9.14805e-005
7 -2.45099 -8.45167e-005
7.01 -2.24883 -7.75459e-005
7.02 -2.02479 -6.98203e-005
7.03 -1.76325 -6.08016e-005
7.04 -1.46557 -5.0537e-005
7.05 -1.14471 -3.94729e-005
7.06 -0.812758 -2.80262e-005
7.07 -0.471169 -1.62472e-005
7.08 -0.114743 -3.95666e-006
7.09 0.252032 8.69077e-006
7.1 0.618817 2.13385e-005
7.11 0.96528 3.32855e-005
7.12 1.26728 4.36995e-005
7.13 1.50586 5.19263e-005
7.14 1.67061 5.76074e-005
7.15 1.76111 6.07279e-005
7.16 1.78501 6.15522e-005
7.17 1.75764 6.06084e-005
7.18 1.70038 5.86339e-005
7.19 1.63536 5.63918e-005
7.2 1.57251 5.42246e-005
7.21 1.5101 5.20724e-005
7.22 1.44473 4.98184e-005
7.23 1.37219 4.73168e-005
7.24 1.29194 4.45495e-005
7.25 1.21017 4.173e-005
7.26 1.14214 3.93842e-005
7.27 1.11212 3.8349e-005
7.28 1.14625 3.9526e-005
7.29 1.25946 4.34296e-005
7.3 1.453 5.01033e-005
7.31 1.7248 5.94757e-005
7.32 2.06912 7.13489e-005
7.33 2.46249 8.49136e-005
7.34 2.85335 9.83913e-005
7.35 3.18335 0.000109771
7.36 3.41528 0.000117768
7.37 3.5417 0.000122128
7.38 3.57008 0.000123106
7.39 3.50326 0.000120802
7.4 3.33391 0.000114962
7.41 3.05706 0.000105416
7.42 2.679 9.23792e-005
7.43 2.21586 7.64089e-005
7.44 1.67611 5.77969e-005
7.45 1.05465 3.63672e-005
7.46 0.350383 1.20822e-005
7.47 -0.414256 -1.42847e-005
7.48 -1.19037 -4.10472e-005
7.49 -1.92582 -6.64075e-005
7.5 -2.59228 -8.93888e-005
7.51 -3.19955 -0.000110329
7.52 -3.76201 -0.000129724
7.53 -4.27301 -0.000147345
7.54 -4.70431 -0.000162218
7.55 -5.02904 -0.000173415
7.56 -5.23759 -0.000180606
7.57 -5.33899 -0.000184103
7.58 -5.33596 -0.000183998
7.59 -5.21041 -0.000179669
7.6 -4.94754 -0.000170605
7.61 -4.56697 -0.000157482
7.62 -4.12359 -0.000142193
7.63 -3.68083 -0.000126925
7.64 -3.27217 -0.000112833
7.65 -2.89701 -9.98968e-005
7.66 -2.53604 -8.74497e-005
7.67 -2.1734 -7.49448e-005
7.68 -1.81898 -6.27233e-005
7.69 -1.5094 -5.20481e-005
7.7 -1.28656 -4.43641e-005
7.71 -1.16895 -4.03087e-005
7.72 -1.14873 -3.96113e-005
7.73 -1.20733 -4.16322e-005
7.74 -1.32448 -4.56717e-005
7.75 -1.47181 -5.0752e-005
7.76 -1.60832 -5.54593e-005
7.77 -1.69143 -5.83253e-005
7.78 -1.69788 -5.85475e-005
7.79 -1.63415 -5.63502e-005
7.8 -1.51979 -5.24064e-005
7.81 -1.36409 -4.70375e-005
7.82 -1.15574 -3.98531e-005
7.83 -0.863947 -2.97913e-005
7.84 -0.453746 -1.56464e-005
7.85 0.0972901 3.35483e-006
7.86 0.779218 2.68696e-005
7.87 1.56908 5.41062e-005
7.88 2.41932 8.34248e-005
7.89 3.26406 0.000112554
7.9 4.04385 0.000139443
7.91 4.72389 0.000162893
7.92 5.31207 0.000183175
7.93 5.79897 0.000199965
7.94 6.19625 0.000213664
7.95 6.48615 0.00022366
7.96 6.64302 0.00022907
7.97 6.62904 0.000228588
7.98 6.43361 0.000221849
7.99 6.05819 0.000208903
8 5.53907 0.000191002
8.01 4.9345 0.000170155
8.02 4.2961 0.000148142
8.03 3.65791 0.000126135
8.04 3.04363 0.000104953
8.05 2.47415 8.53155e-005
8.06 1.96359 6.77099e-005
8.07 1.51248 5.21543e-005
8.08 1.1145 3.8431e-005
8.09 0.783391 2.70135e-005
8.1 0.558961 1.92745e-005
8.11 0.478781 1.65097e-005
8.12 0.554903 1.91346e-005
8.13 0.770545 2.65705e-005
8.14 1.08966 3.75746e-005
8.15 1.4725 5.07759e-005
8.16 1.87992 6.48249e-005
8.17 2.27151 7.83279e-005
8.18 2.59991 8.96522e-005
8.19 2.8214 9.72896e-005
8.2 2.90577 0.000100199
8.21 2.84179 9.79928e-005
8.22 2.63653 9.0915e-005
8.23 2.31186 7.97195e-005
8.24 1.89805 6.54501e-005
8.25 1.42979 4.93031e-005
8.26 0.939968 3.24127e-005
8.27 0.451151 1.55569e-005
8.28 -0.0248522 -8.56973e-007
8.29 -0.481291 -1.65963e-005
8.3 -0.91161 -3.14348e-005
8.31 -1.3165 -4.53964e-005
8.32 -1.70029 -5.86308e-005
8.33 -2.06712 -7.128e-005
8.34 -2.4186 -8.33999e-005
8.35 -2.75458 -9.49855e-005
8.36 -3.07884 -0.000106167
8.37 -3.38218 -0.000116627
8.38 -3.6442 -0.000125662
8.39 -3.83309 -0.000132176
8.4 -3.90894 -0.000134791
8.41 -3.85742 -0.000133014
8.42 -3.68992 -0.000127239
8.43 -3.43963 -0.000118608
8.44 -3.14755 -0.000108536
8.45 -2.8494 -9.82553e-005
8.46 -2.57067 -8.86439e-005
8.47 -2.32749 -8.02582e-005
8.48 -2.13051 -7.34657e-005
8.49 -1.99431 -6.87694e-005
8.5 -1.94212 -6.69696e-005
8.51 -1.99079 -6.8648e-005
8.52 -2.13159 -7.3503e-005
8.53 -2.33243 -8.04286e-005
8.54 -2.55587 -8.81334e-005
8.55 -2.77282 -9.56145e-005
8.56 -2.97232 -0.000102494
8.57 -3.16091 -0.000108997
8.58 -3.34748 -0.00011543
8.59 -3.5368 -0.000121958
8.6 -3.73086 -0.00012865
8.61 -3.93264 -0.000135608
8.62 -4.13259 -0.000142503
8.63 -4.32814 -0.000149246
8.64 -4.50277 -0.000155268
8.65 -4.63754 -0.000159915
8.66 -4.71235 -0.000162495
8.67 -4.72466 -0.000162919
8.68 -4.66793 -0.000160963
8.69 -4.54214 -0.000156626
8.7 -4.35461 -0.000150159
8.71 -4.1167 -0.000141955
8.72 -3.84825 -0.000132698
8.73 -3.56604 -0.000122967
8.74 -3.27519 -0.000112937
8.75 -2.97649 -0.000102638
8.76 -2.67774 -9.2336e-005
8.77 -2.39332 -8.25284e-005
8.78 -2.1363 -7.36657e-005
8.79 -1.91192 -6.59281e-005
8.8 -1.71908 -5.92785e-005
8.81 -1.55138 -5.34958e-005
8.82 -1.40117 -4.83161e-005
8.83 -1.2686 -4.37449e-005
8.84 -1.16697 -4.02402e-005
8.85 -1.11655 -3.85017e-005
8.86 -1.13815 -3.92464e-005
8.87 -1.24904 -4.30703e-005
8.88 -1.44722 -4.99041e-005
8.89 -1.70435 -5.87706e-005
8.9 -1.98473 -6.84391e-005
8.91 -2.26497 -7.81025e-005
8.92 -2.5399 -8.75827e-005
8.93 -2.80507 -9.67265e-005
8.94 -3.05651 -0.000105397
8.95 -3.27708 -0.000113003
8.96 -3.43764 -0.000118539
8.97 -3.51328 -0.000121148
8.98 -3.48969 -0.000120334
8.99 -3.36988 -0.000116203
9 -3.16707 -0.000109209
9.01 -2.90084 -0.000100029
9.02 -2.59511 -8.94866e-005
9.03 -2.24955 -7.75708e-005
9.04 -1.85863 -6.40907e-005
9.05 -1.42228 -4.90442e-005
9.06 -0.924852 -3.18915e-005
9.07 -0.343536 -1.18461e-005
9.08 0.342115 1.17971e-005
9.09 1.14963 3.96425e-005
9.1 2.06317 7.1144e-005
9.11 3.00934 0.00010377
9.12 3.93846 0.000135809
9.13 4.74234 0.000163529
9.14 5.3657 0.000185024
9.15 5.8178 0.000200614
9.16 6.13061 0.0002114
9.17 6.32271 0.000218024
9.18 6.38884 0.000220305
9.19 6.32542 0.000218118
9.2 6.14018 0.00021173
9.21 5.87838 0.000202703
9.22 5.59797 0.000193033
9.23 5.33981 0.000184131
9.24 5.12259 0.000176641
9.25 4.93821 0.000170283
9.26 4.7737 0.00016461
9.27 4.62609 0.00015952
9.28 4.5137 0.000155645
9.29 4.46811 0.000154073
9.3 4.51328 0.00015563
9.31 4.66379 0.00016082
9.32 4.91989 0.000169651
9.33 5.271 0.000181759
9.34 5.69494 0.000196377
9.35 6.15844 0.00021236
9.36 6.62701 0.000228518
9.37 7.08847 0.00024443
9.38 7.5063 0.000258838
9.39 7.81595 0.000269515
9.4 7.96713 0.000274729
9.41 7.93458 0.000273606
9.42 7.72718 0.000266455
9.43 7.35045 0.000253464
9.44 6.80305 0.000234588
9.45 6.09669 0.000210231
9.46 5.25801 0.000181311
9.47 4.3261 0.000149176
9.48 3.34192 0.000115239
9.49 2.34233 8.07701e-005
9.5 1.3424 4.62898e-005
9.51 0.334592 1.15377e-005
9.52 -0.672355 -2.31847e-005
9.53 -1.65318 -5.70061e-005
9.54 -2.57385 -8.87534e-005
9.55 -3.37669 -0.000116438
9.56 -4.02156 -0.000138675
9.57 -4.48542 -0.00015467
9.58 -4.78818 -0.00016511
9.59 -4.96484 -0.000171201
9.6 -5.05418 -0.000174282
9.61 -5.09485 -0.000175685
9.62 -5.13084 -0.000176925
9.63 -5.20414 -0.000179453
9.64 -5.34209 -0.00018421
9.65 -5.54498 -0.000191206
9.66 -5.79447 -0.000199809
9.67 -6.06865 -0.000209264
9.68 -6.35554 -0.000219157
9.69 -6.65211 -0.000229383
9.7 -6.95354 -0.000239777
9.71 -7.24894 -0.000249963
9.72 -7.53325 -0.000259767
9.73 -7.81896 -0.000269619
9.74 -8.11691 -0.000279894
9.75 -8.43154 -0.000290743
9.76 -8.76699 -0.00030231
9.77 -9.14518 -0.000315351
9.78 -9.59442 -0.000330842
9.79 -10.1184 -0.00034891
9.8 -10.6838 -0.000368408
9.81 -11.2211 -0.000386934
9.82 -11.656 -0.000401931
9.83 -11.9028 -0.000410441
9.84 -11.911 -0.000410725
9.85 -11.6716 -0.000402471
9.86 -11.2006 -0.000386226
9.87 -10.5187 -0.000362713
9.88 -9.65195 -0.000332826
9.89 -8.64836 -0.000298219
9.9 -7.55165 -0.000260402
9.91 -6.40377 -0.00022082
9.92 -5.20002 -0.000179311
9.93 -3.94146 -0.000135912
9.94 -2.62851 -9.06382e-005
9.95 -1.24167 -4.28161e-005
9.96 0.182031 6.27694e-006
9.97 1.59166 5.4885e-005
9.98 2.93596 0.00010124
9.99 4.20315 0.000144936
10 5.36785 0.000185098
