0.1 -10.8403 -5.57332e-014 1.57652e-014 4.50595 4.50595
0.2 -21.681 -2.28706e-013 6.21725e-014 9.01314 9.01314
0.3 -32.5223 -4.22773e-013 1.01696e-013 13.5215 13.5215
0.4 -43.3641 -5.87086e-013 1.56319e-013 18.0311 18.0311
0.5 -54.2064 -7.38076e-013 1.98952e-013 22.5418 22.5418
0.6 -65.0492 -9.61009e-013 2.45137e-013 27.0536 27.0536
0.7 -75.8925 -1.11733e-012 3.19744e-013 31.5665 31.5665
0.8 -86.7364 -1.3749e-012 3.8014e-013 36.0804 36.0804
0.9 -97.5807 -1.54188e-012 4.22773e-013 40.5953 40.5953
1 -108.426 -1.81544e-012 4.47642e-013 45.1112 45.1112
0.01 -108.426 -7.48202e-012 3.43192e-012 45.1044 45.1044
0.02 -108.428 0.000903069 0.000224249 45.0671 45.0671
0.03 -108.431 0.000474554 0.000107906 44.9732 44.9732
0.04 -108.434 0.000304091 2.11e-005 44.83 44.83
0.05 -108.437 0.000395153 6.71978e-005 44.6802 44.6802
0.06 -108.441 -0.000258531 -5.95035e-005 44.568 44.568
0.07 -108.445 0.000150874 0.00025656 44.5136 44.5136
0.08 -108.448 -6.93984e-005 -0.00024762 44.516 44.516
0.09 -108.452 1.67871e-006 0.000201249 44.5674 44.5674
0.1 -108.455 -7.99604e-005 -6.55485e-005 44.6605 44.6605
0.11 -108.457 -2.10627e-005 0.000113155 44.7869 44.7869
0.12 -108.46 -6.08295e-005 -2.31503e-005 44.9334 44.9334
0.13 -108.462 -3.83326e-005 5.93547e-005 45.0843 45.0843
0.14 -108.464 -1.93353e-005 -3.99294e-005 45.2266 45.2266
0.15 -108.464 -2.69623e-005 2.74067e-005 45.3544 45.3544
0.16 -108.463 3.8479e-005 -2.93087e-005 45.472 45.472
0.17 -108.46 -5.94361e-005 2.88374e-005 45.5946 45.5946
0.18 -108.456 6.93288e-005 -2.41118e-005 45.7459 45.7459
0.19 -108.451 -8.68267e-005 2.00532e-005 45.9509 45.9509
0.2 -108.444 0.000100186 -1.6623e-005 46.2267 46.2267
0.21 -108.437 -0.000113093 1.46089e-005 46.5732 46.5732
0.22 -108.428 0.000125069 -1.20226e-005 46.9701 46.9701
0.23 -108.419 -0.000138845 1.09487e-005 47.384 47.384
0.24 -108.409 0.000134588 -6.12969e-006 47.7819 47.7819
0.25 -108.399 -0.000139284 5.47034e-006 48.1432 48.1432
0.26 -108.388 9.83916e-005 1.14261e-006 48.4647 48.4647
0.27 -108.378 -5.27561e-005 -1.69117e-007 48.7575 48.7575
0.28 -108.368 2.69716e-005 -1.4864e-006 49.0416 49.0416
0.29 -108.358 -1.52294e-005 -2.42806e-007 49.3396 49.3396
0.3 -108.349 5.06847e-006 -1.75673e-006 49.6721 49.6721
0.31 -108.339 -3.11977e-006 8.00952e-007 50.054 50.054
0.32 -108.33 -3.94959e-006 -3.22514e-006 50.4904 50.4904
0.33 -108.32 -1.81211e-006 1.98888e-006 50.9731 50.9731
0.34 -108.31 1.17193e-006 -2.0253e-007 51.4781 51.4781
0.35 -108.301 -4.57533e-006 9.1266e-006 51.972 51.972
0.36 -108.291 -3.22676e-006 -2.60655e-006 52.4249 52.4249
0.37 -108.281 -7.12175e-008 1.65075e-006 52.8219 52.8219
0.38 -108.27 -2.1478e-006 -1.21918e-006 53.164 53.164
0.39 -108.259 1.33781e-006 -6.87895e-008 53.4609 53.4609
0.4 -108.248 -3.48979e-006 -5.6414e-007 53.7247 53.7247
0.41 -108.236 -1.56575e-006 -2.43218e-007 53.9698 53.9698
0.42 -108.223 4.80367e-007 5.5348e-007 54.2133 54.2133
0.43 -108.21 2.61116e-006 2.55652e-005 54.4713 54.4713
0.44 -108.197 1.79663e-006 1.23429e-005 54.7503 54.7503
0.45 -108.184 -6.88712e-005 3.85372e-005 55.0404 55.0404
0.46 -108.172 -3.07975e-005 2.41756e-005 55.3194 55.3194
0.47 -108.16 6.48224e-005 2.37091e-005 55.5633 55.5633
0.48 -108.148 7.32268e-005 0.000132368 55.7565 55.7565
0.49 -108.137 0.000118355 0.000110788 55.893 55.893
0.5 -108.127 -5.93386e-005 -4.32321e-005 55.9735 55.9735
0.51 -108.118 -7.31601e-006 -4.30541e-005 56.004 56.004
0.52 -108.11 6.965e-005 0.000115734 55.9949 55.9949
0.53 -108.103 -8.63753e-005 -0.000138795 55.9559 55.9559
0.54 -108.098 8.26734e-005 0.000134907 55.8909 55.8909
0.55 -108.093 -1.95427e-005 8.48915e-005 55.7996 55.7996
0.56 -108.089 5.94783e-005 0.000116051 55.6843 55.6843
0.57 -108.085 8.16175e-005 0.000259559 55.5488 55.5488
0.58 -108.082 6.91455e-005 0.000189337 55.388 55.388
0.59 -108.08 -1.90725e-005 -4.43961e-005 55.1854 55.1854
0.6 -108.079 -1.20048e-005 -6.48447e-005 54.9253 54.9253
0.61 -108.079 7.11996e-006 8.23279e-005 54.6085 54.6085
0.62 -108.079 -5.62708e-006 -7.86594e-005 54.2543 54.2543
0.63 -108.08 2.14587e-006 7.07202e-005 53.8868 53.8868
0.64 -108.08 8.42308e-008 -7.34597e-005 53.5204 53.5204
0.65 -108.08 6.22236e-007 8.96338e-005 53.1551 53.1551
0.66 -108.08 -6.57561e-007 -9.5219e-005 52.7805 52.7805
0.67 -108.081 -6.16897e-006 8.51026e-005 52.3863 52.3863
0.68 -108.082 1.01224e-005 -7.35816e-005 51.9712 51.9712
0.69 -108.084 -1.20864e-005 6.94881e-005 51.543 51.543
0.7 -108.087 1.5837e-005 -7.50772e-005 51.1084 51.1084
0.71 -108.092 -1.92936e-005 8.33946e-005 50.6672 50.6672
0.72 -108.098 2.23215e-005 -8.94332e-005 50.2194 50.2194
0.73 -108.104 -2.42234e-005 8.69733e-005 49.7743 49.7743
0.74 -108.112 9.34503e-006 -4.84344e-005 49.3476 49.3476
0.75 -108.121 -1.82745e-005 4.72646e-005 48.9457 48.9457
0.76 -108.133 2.72969e-005 -5.42829e-005 48.5545 48.5545
0.77 -108.146 -3.61497e-005 7.0745e-005 48.1492 48.1492
0.78 -108.161 -0.000217725 0.000252438 47.7144 47.7144
0.79 -108.178 -0.000106669 0.000148701 47.2515 47.2515
0.8 -108.195 -0.000519898 0.000619322 46.7685 46.7685
0.81 -108.212 -0.000294233 0.000373681 46.2704 46.2704
0.82 -108.229 -0.000392015 0.000262704 45.7638 45.7638
0.83 -108.245 -0.000364455 0.000359281 45.2698 45.2698
0.84 -108.261 -9.03694e-005 3.56677e-005 44.8216 44.8216
0.85 -108.276 -0.00027088 0.000233805 44.445 44.445
0.86 -108.291 3.09566e-005 -7.69984e-005 44.1401 44.1401
0.87 -108.304 -0.000130904 8.98696e-005 43.8783 43.8783
0.88 -108.317 0.000456319 -0.000551248 43.608 43.608
0.89 -108.328 0.000163122 -0.000216836 43.2707 43.2707
0.9 -108.337 -0.00113839 0.00102076 42.8308 42.8308
0.91 -108.342 -0.000457652 0.000372619 42.298 42.298
0.92 -108.344 0.000248831 -0.0001966 41.7165 41.7165
0.93 -108.345 -0.000159437 9.89326e-005 41.1218 41.1218
0.94 -108.345 6.56177e-005 -4.66057e-005 40.5151 40.5151
0.95 -108.344 -5.19612e-005 2.21447e-005 39.8893 39.8893
0.96 -108.343 1.12368e-005 -1.87652e-005 39.2767 39.2767
0.97 -108.342 -1.50882e-006 1.15647e-005 38.7537 38.7537
0.98 -108.341 -1.11745e-006 -6.77811e-006 38.3807 38.3807
0.99 -108.341 -0.000686288 -1.39561e-005 38.1434 38.1434
1 -108.343 -0.000308491 -4.13833e-006 37.9635 37.9635
1.01 -108.345 0.000566605 6.18424e-005 37.7677 37.7677
1.02 -108.35 9.23977e-005 2.30949e-005 37.5424 37.5424
1.03 -108.356 -0.000152921 -5.36511e-005 37.3264 37.3264
1.04 -108.363 9.28145e-005 5.96997e-005 37.1599 37.1599
1.05 -108.37 -5.46478e-005 -3.76081e-005 37.0416 37.0416
1.06 -108.377 1.29418e-005 -2.97523e-005 36.9353 36.9353
1.07 -108.384 -0.000298917 0.000128091 36.8107 36.8107
1.08 -108.391 -2.8213e-005 5.64908e-005 36.68 36.68
1.09 -108.397 -6.50676e-006 3.36953e-005 36.5964 36.5964
1.1 -108.402 -6.37028e-006 -3.07587e-005 36.6154 36.6154
1.11 -108.407 1.76656e-005 -3.59513e-005 36.7462 36.7462
1.12 -108.411 -4.62383e-005 8.43176e-005 36.9378 36.9378
1.13 -108.414 -0.000278201 0.000347598 37.1151 37.1151
1.14 -108.413 -0.000182544 0.000245823 37.2383 37.2383
1.15 -108.407 0.000120936 -6.74664e-005 37.3372 37.3372
1.16 -108.395 -4.89169e-005 0.000104217 37.498 37.498
1.17 -108.376 2.27702e-005 4.6795e-005 37.8034 37.8034
1.18 -108.35 -0.000140312 0.000246795 38.2609 38.2609
1.19 -108.321 -4.33058e-005 0.000265488 38.7788 38.7788
1.2 -108.289 0.000119872 -0.000646907 39.2261 39.2261
1.21 -108.257 3.99276e-005 -0.000229561 39.5324 39.5324
1.22 -108.226 -4.62322e-005 0.000135608 39.7388 39.7388
1.23 -108.196 -2.89399e-005 -1.86741e-005 39.9579 39.9579
1.24 -108.166 2.38129e-005 3.16441e-005 40.2908 40.2908
1.25 -108.136 -1.26811e-005 -1.68515e-005 40.769 40.769
1.26 -108.105 6.75308e-006 8.97393e-006 41.361 41.361
1.27 -108.072 -3.59622e-006 -4.77889e-006 42.017 42.017
1.28 -108.039 1.9151e-006 2.54491e-006 42.7086 42.7086
1.29 -108.007 -1.01985e-006 -1.35524e-006 43.4305 43.4305
1.3 -107.978 5.16398e-005 0.000111236 44.1731 44.1731
1.31 -107.954 0.000173588 0.000465227 44.8938 44.8938
1.32 -107.933 0.000148738 0.000331961 45.5207 45.5207
1.33 -107.915 -0.000103523 -0.00018222 45.9986 45.9986
1.34 -107.899 5.51028e-005 0.00013075 46.3448 46.3448
1.35 -107.882 -5.78998e-005 -0.000157311 46.6621 46.6621
1.36 -107.861 -3.21594e-006 7.15138e-005 47.0756 47.0756
1.37 -107.837 -3.3703e-005 -1.61281e-005 47.6393 47.6393
1.38 -107.811 4.32764e-005 -4.495e-005 48.2989 48.2989
1.39 -107.785 -3.28067e-005 8.6398e-005 48.9545 48.9545
1.4 -107.761 1.19614e-005 1.26942e-005 49.556 49.556
1.41 -107.737 2.5059e-005 2.11667e-005 50.1257 50.1257
1.42 -107.716 -2.4966e-005 -1.08506e-005 50.6737 50.6737
1.43 -107.696 -8.84504e-006 4.96039e-006 51.1111 51.1111
1.44 -107.676 -1.13286e-005 -5.76483e-006 51.2868 51.2868
1.45 -107.657 6.03805e-006 3.06669e-006 51.1283 51.1283
1.46 -107.639 -3.21545e-006 -1.63313e-006 50.7388 50.7388
1.47 -107.628 1.71233e-006 8.69699e-007 50.3469 50.3469
1.48 -107.625 -9.11868e-007 -4.63151e-007 50.1416 50.1416
1.49 -107.635 4.90274e-007 2.43702e-007 50.1334 50.1334
1.5 -107.663 -2.61088e-007 -1.29787e-007 50.1637 50.1637
1.51 -107.709 1.39037e-007 6.91168e-008 50.0437 50.0437
1.52 -107.768 -7.37572e-008 -3.69974e-008 49.6869 49.6869
1.53 -107.833 3.93157e-008 1.9681e-008 49.1218 49.1218
1.54 -107.9 -2.09304e-008 -1.04944e-008 48.403 48.403
1.55 -107.97 1.11412e-008 5.60215e-009 47.5353 47.5353
1.56 -108.04 -5.92929e-009 -2.99693e-009 46.4948 46.4948
1.57 -108.113 3.15476e-009 1.60951e-009 45.3003 45.3003
1.58 -108.188 -1.67762e-009 -8.70632e-010 44.0508 44.0508
1.59 -108.27 8.91598e-010 4.7724e-010 42.9042 42.9042
1.6 -108.356 -1.17732e-006 -1.25684e-006 42.0187 42.0187
1.61 -108.447 -1.19581e-006 -2.903e-006 41.4648 41.4648
1.62 -108.536 2.57955e-006 -1.74582e-006 41.1391 41.1391
1.63 -108.615 6.84369e-005 3.24126e-005 40.783 40.783
1.64 -108.673 9.15679e-005 5.14801e-005 40.1656 40.1656
1.65 -108.703 0.000271527 0.000152431 39.292 39.292
1.66 -108.704 7.58294e-005 2.27781e-005 38.401 38.401
1.67 -108.682 -5.29885e-006 -3.66347e-005 37.7356 37.7356
1.68 -108.646 5.39988e-006 1.28446e-005 37.3325 37.3325
1.69 -108.604 -7.75689e-007 -3.25751e-005 37.0418 37.0418
1.7 -108.561 1.26498e-005 -4.8279e-005 36.7167 36.7167
1.71 -108.521 6.48509e-006 6.30372e-007 36.343 36.343
1.72 -108.482 -3.45351e-006 -3.35692e-007 36.0001 36.0001
1.73 -108.439 -5.68885e-005 -2.11694e-005 35.7561 35.7561
1.74 -108.388 -0.000217206 -0.000106046 35.6259 35.6259
1.75 -108.327 9.41409e-005 4.79136e-005 35.6043 35.6043
1.76 -108.258 -0.000625233 -0.000259701 35.7148 35.7148
1.77 -108.188 -0.000335158 -0.000113744 36.0302 36.0302
1.78 -108.126 0.000178482 6.05722e-005 36.6462 36.6462
1.79 -108.084 -9.50403e-005 -3.22609e-005 37.6139 37.6139
1.8 -108.064 5.06119e-005 1.71799e-005 38.8765 38.8765
1.81 -108.064 -2.69524e-005 -9.14884e-006 40.2797 40.2797
1.82 -108.078 1.4353e-005 4.87204e-006 41.6501 41.6501
1.83 -108.098 -7.6434e-006 -2.59451e-006 42.8653 42.8653
1.84 -108.116 4.07035e-006 1.38166e-006 43.8661 43.8661
1.85 -108.131 -2.16758e-006 -7.35775e-007 44.6351 44.6351
1.86 -108.143 1.15431e-006 3.91823e-007 45.1826 45.1826
1.87 -108.157 -6.14703e-007 -2.08658e-007 45.5606 45.5606
1.88 -108.17 3.29084e-007 1.10048e-007 45.886 45.886
1.89 -108.176 -1.75215e-007 -5.86463e-008 46.3289 46.3289
1.9 -108.17 -0.000197411 -0.000885712 47.0255 47.0255
1.91 -108.153 -0.000648654 -0.000622156 47.9628 47.9628
1.92 -108.125 0.000160563 0.000523746 48.9462 48.9462
1.93 -108.09 -0.000182102 -0.000332644 49.7033 49.7033
1.94 -108.051 -4.50266e-005 0.000127125 50.05 50.05
1.95 -108.018 2.3978e-005 -6.7698e-005 49.9905 49.9905
1.96 -107.994 -1.2769e-005 3.60513e-005 49.6961 49.6961
1.97 -107.978 6.79991e-006 -1.91984e-005 49.4056 49.4056
1.98 -107.966 -3.61588e-006 1.02191e-005 49.3195 49.3195
1.99 -107.954 1.92556e-006 -5.44201e-006 49.5296 49.5296
2 -107.943 1.03435e-006 -6.14452e-006 50.0066 50.0066
2.01 -107.938 2.33708e-005 -0.0001469 50.6419 50.6419
2.02 -107.947 -0.000136892 4.30996e-005 51.3042 51.3042
2.03 -107.981 -0.000131956 8.64418e-005 51.8645 51.8645
2.04 -108.049 -3.85353e-005 9.41482e-005 52.1948 52.1948
2.05 -108.152 3.57656e-005 7.90538e-005 52.1861 52.1861
2.06 -108.282 9.67849e-005 8.95549e-005 51.8036 51.8036
2.07 -108.427 -1.13872e-006 -3.63061e-006 51.1217 51.1217
2.08 -108.579 3.22495e-005 4.26296e-005 50.2885 50.2885
2.09 -108.733 -1.17087e-005 -2.83649e-005 49.4611 49.4611
2.1 -108.884 6.97789e-005 4.19927e-006 48.7878 48.7878
2.11 -109.033 2.54417e-005 -1.59121e-005 48.4272 48.4272
2.12 -109.181 -7.33698e-006 -9.36902e-006 48.5184 48.5184
2.13 -109.33 8.83694e-006 -1.91377e-005 49.0786 49.0786
2.14 -109.479 -3.1311e-005 -6.05664e-006 49.9262 49.9262
2.15 -109.623 -1.40607e-005 -5.47942e-006 50.7238 50.7238
2.16 -109.752 -1.63718e-005 -4.64806e-006 51.1231 51.1231
2.17 -109.854 1.75783e-005 -1.33444e-005 50.9197 50.9197
2.18 -109.928 3.82323e-006 -3.99048e-006 50.142 50.142
2.19 -109.978 -1.61679e-006 1.60731e-005 49.0484 49.0484
2.2 -110.008 8.68767e-006 -4.73477e-006 48.0301 48.0301
2.21 -110.021 1.35679e-005 -3.18894e-005 47.4503 47.4503
2.22 -110.021 5.00558e-006 3.01677e-006 47.4863 47.4863
2.23 -110.012 4.54433e-006 1.60398e-005 48.0618 48.0618
2.24 -109.994 -1.21657e-005 2.65491e-005 48.9146 48.9146
2.25 -109.967 -2.37824e-005 2.58084e-006 49.7592 49.7592
2.26 -109.933 7.42572e-007 8.16877e-006 50.4311 50.4311
2.27 -109.892 -1.63091e-006 -2.58524e-006 50.9239 50.9239
2.28 -109.848 -1.49187e-006 7.79676e-006 51.3311 51.3311
2.29 -109.8 -0.000824194 -0.000645143 51.7686 51.7686
2.3 -109.753 -0.000476218 -0.000630799 52.3356 52.3356
2.31 -109.707 0.000237633 8.71454e-005 53.1214 53.1214
2.32 -109.662 -0.000139492 -3.86075e-005 54.2097 54.2097
2.33 -109.615 6.9932e-005 2.18609e-005 55.6393 55.6393
2.34 -109.565 -5.00096e-005 -1.14411e-005 57.3444 57.3444
2.35 -109.511 2.69628e-005 5.92669e-006 59.1346 59.1346
2.36 -109.453 -3.92533e-005 -3.30116e-006 60.7504 60.7504
2.37 -109.391 9.65361e-006 6.73964e-007 61.9598 61.9598
2.38 -109.327 -1.31103e-005 -5.82095e-007 62.6434 62.6434
2.39 -109.257 5.16677e-005 -4.72829e-007 62.8281 62.8281
2.4 -109.177 -5.2503e-005 1.35337e-006 62.653 62.653
2.41 -109.081 7.95527e-006 -3.64231e-006 62.2666 62.2666
2.42 -108.967 -1.71717e-005 6.63221e-008 61.7115 61.7115
2.43 -108.836 7.59785e-007 -3.64117e-006 60.9073 60.9073
2.44 -108.694 -5.45403e-006 6.14773e-007 59.7661 59.7661
2.45 -108.547 2.90444e-006 -3.27386e-007 58.3224 58.3224
2.46 -108.405 -1.5467e-006 1.74343e-007 56.7295 56.7295
2.47 -108.268 8.23667e-007 -9.28434e-008 55.1248 55.1248
2.48 -108.139 -4.38627e-007 4.94421e-008 53.5125 53.5125
2.49 -108.017 2.33582e-007 -2.63297e-008 51.7768 51.7768
2.5 -107.903 -1.2439e-007 1.40216e-008 49.7971 49.7971
2.51 -107.798 -9.48485e-007 8.80419e-007 47.5543 47.5543
2.52 -107.705 5.05097e-007 -4.6885e-007 45.156 45.156
2.53 -107.625 -2.6898e-007 2.49677e-007 42.7885 42.7885
2.54 -107.565 1.4324e-007 -1.32961e-007 40.6287 40.6287
2.55 -107.527 -7.62797e-008 7.08058e-008 38.7631 38.7631
2.56 -107.512 4.06213e-008 -3.77063e-008 37.1635 37.1635
2.57 -107.518 -3.71458e-006 3.83261e-006 35.7381 35.7381
2.58 -107.54 -0.000467821 0.000530911 34.422 34.422
2.59 -107.576 -0.00023146 0.000293342 33.2328 33.2328
2.6 -107.622 0.000176774 -0.000108988 32.2373 32.2373
2.61 -107.677 0.000232532 -0.000300496 31.4708 31.4708
2.62 -107.737 6.65471e-005 -0.000171806 30.9068 30.9068
2.63 -107.8 1.20334e-005 7.26291e-006 30.5044 30.5044
2.64 -107.864 5.13314e-005 -6.7077e-005 30.2449 30.2449
2.65 -107.927 7.85635e-006 1.80274e-005 30.0904 30.0904
2.66 -107.992 -0.000192047 -1.67266e-005 29.9277 29.9277
2.67 -108.056 -0.000180529 7.08678e-005 29.6166 29.6166
2.68 -108.114 9.28978e-005 -3.81143e-005 29.1328 29.1328
2.69 -108.162 -0.000312875 0.00027357 28.6441 28.6441
2.7 -108.201 -0.000128865 0.000109975 28.4002 28.4002
2.71 -108.235 6.71365e-005 -7.93681e-005 28.5197 28.5197
2.72 -108.268 -3.15011e-005 4.06858e-005 28.8732 28.8732
2.73 -108.301 7.06471e-005 -2.58461e-005 29.1737 29.1737
2.74 -108.334 -8.67361e-005 1.19608e-005 29.2001 29.2001
2.75 -108.368 -2.06683e-005 9.27706e-007 28.9718 28.9718
2.76 -108.407 -0.000587679 0.000134372 28.7241 28.7241
2.77 -108.45 -0.000195065 6.73169e-005 28.7115 28.7115
2.78 -108.498 4.4402e-006 -4.76898e-005 29.0457 29.0457
2.79 -108.549 -2.30657e-006 2.53746e-005 29.727 29.727
2.8 -108.601 1.53189e-006 -1.38597e-005 30.7789 30.7789
2.81 -108.652 -7.46834e-007 7.33762e-006 32.2675 32.2675
2.82 -108.702 3.97712e-007 -3.90751e-006 34.1707 34.1707
2.83 -108.755 -1.4625e-007 2.02351e-006 36.2834 36.2834
2.84 -108.811 7.78875e-008 -1.07757e-006 38.2982 38.2982
2.85 -108.868 -4.14783e-008 5.73837e-007 39.9869 39.9869
2.86 -108.922 2.20891e-008 -3.05582e-007 41.3051 41.3051
2.87 -108.973 -1.17637e-008 1.62728e-007 42.3752 42.3752
2.88 -109.018 6.26505e-009 -8.66542e-008 43.429 43.429
2.89 -109.053 -3.33677e-009 4.61423e-008 44.7456 44.7456
2.9 -109.076 1.77721e-009 -2.45685e-008 46.5435 46.5435
2.91 -109.086 -9.46731e-010 1.30798e-008 48.8641 48.8641
2.92 -109.084 5.04262e-010 -6.96175e-009 51.5557 51.5557
2.93 -109.071 -2.68169e-010 3.71152e-009 54.3751 54.3751
2.94 -109.049 1.42839e-010 -1.97649e-009 57.0905 57.0905
2.95 -109.019 -7.60814e-011 1.05259e-009 59.5015 59.5015
2.96 -108.983 4.05542e-011 -5.60524e-010 61.4297 61.4297
2.97 -108.944 -2.15916e-011 2.98492e-010 62.7461 62.7461
2.98 -108.905 1.14824e-011 -1.58972e-010 63.4114 63.4114
2.99 -108.869 3.97712e-009 -1.40911e-009 63.4865 63.4865
3 -108.837 1.75114e-009 -7.00524e-010 63.1239 63.1239
3.01 -108.807 4.10724e-009 -2.75811e-009 62.5505 62.5505
3.02 -108.776 -2.18583e-009 1.44764e-009 62.0031 62.0031
3.03 -108.743 2.36125e-008 -2.34077e-008 61.603 61.603
3.04 -108.711 -1.25676e-008 1.24689e-008 61.2476 61.2476
3.05 -108.684 6.69173e-009 -6.64068e-009 60.6451 60.6451
3.06 -108.668 -3.56298e-009 3.53704e-009 59.5077 59.5077
3.07 -108.667 1.89688e-009 -1.8842e-009 57.7412 57.7412
3.08 -108.681 -1.00965e-009 1.00401e-009 55.4544 55.4544
3.09 -108.704 5.3733e-010 -5.35204e-010 52.8188 52.8188
3.1 -108.735 -2.86047e-010 2.85567e-010 49.9555 49.9555
3.11 -108.769 1.52003e-010 -1.52792e-010 46.9537 46.9537
3.12 -108.796 -8.08971e-011 8.19131e-011 43.9657 43.9657
3.13 -108.806 4.29807e-011 -4.42082e-011 41.2333 41.2333
3.14 -108.797 -2.29239e-011 2.41585e-011 38.9783 38.9783
3.15 -108.771 1.22782e-011 -1.34612e-011 37.2559 37.2559
3.16 -108.738 -6.01372e-007 5.26201e-007 35.9149 35.9149
3.17 -108.709 3.20249e-007 -2.80219e-007 34.6935 34.6935
3.18 -108.688 -1.70543e-007 1.49225e-007 33.3621 33.3621
3.19 -108.675 -4.90043e-007 2.83572e-007 31.8083 31.8083
3.2 -108.66 2.60963e-007 -1.51011e-007 30.0289 30.0289
3.21 -108.635 -1.38971e-007 8.04179e-008 28.0645 28.0645
3.22 -108.599 -1.82012e-006 2.12189e-006 25.9397 25.9397
3.23 -108.554 -8.92479e-005 -7.2977e-005 23.662 23.662
3.24 -108.507 -0.000256106 4.39367e-005 21.2919 21.2919
3.25 -108.469 4.61369e-005 -6.19614e-006 19.0138 19.0138
3.26 -108.447 -6.5312e-005 8.91807e-006 17.1308 17.1308
3.27 -108.447 -0.000119141 -2.35881e-005 15.99 15.99
3.28 -108.465 -0.000249699 3.82339e-005 15.8727 15.8727
3.29 -108.495 -0.000126988 -3.97437e-005 16.8615 16.8615
3.3 -108.532 6.77344e-005 2.10691e-005 18.7259 18.7259
3.31 -108.573 -3.59986e-005 -1.12289e-005 20.925 20.925
3.32 -108.616 1.91704e-005 5.97976e-006 22.7876 22.7876
3.33 -108.661 -1.01589e-005 -3.21987e-006 23.7854 23.7854
3.34 -108.714 8.92254e-006 -2.54165e-006 23.732 23.732
3.35 -108.779 1.27023e-005 -1.53279e-005 22.8025 22.8025
3.36 -108.856 4.18794e-005 -2.68322e-005 21.4235 21.4235
3.37 -108.934 -1.81721e-006 2.02868e-006 20.1433 20.1433
3.38 -108.997 3.72458e-006 -4.1311e-006 19.5156 19.5156
3.39 -109.031 8.28681e-005 -4.48019e-005 19.9534 19.9534
3.4 -109.031 -4.05537e-005 1.88036e-005 21.5657 21.5657
3.41 -109.001 2.1361e-005 -1.76393e-005 24.0784 24.0784
3.42 -108.955 -1.1906e-005 7.47162e-006 26.9154 26.9154
3.43 -108.906 1.18693e-005 -2.20182e-005 29.4081 29.4081
3.44 -108.86 -6.2975e-006 1.17164e-005 31.0167 31.0167
3.45 -108.818 3.35694e-006 -6.24227e-006 31.4606 31.4606
3.46 -108.777 -1.78768e-006 3.3242e-006 30.7466 30.7466
3.47 -108.731 9.69486e-007 -1.78556e-006 29.1589 29.1589
3.48 -108.676 -5.16286e-007 9.50862e-007 27.2358 27.2358
3.49 -108.611 2.74938e-007 -5.06365e-007 25.6746 25.6746
3.5 -108.542 -1.03858e-007 2.32416e-007 25.1251 25.1251
3.51 -108.483 5.53033e-008 -1.23774e-007 25.936 25.936
3.52 -108.445 -2.94502e-008 6.59153e-008 28.0042 28.0042
3.53 -108.435 2.74263e-007 -3.09925e-007 30.829 30.829
3.54 -108.448 -1.46053e-007 1.65047e-007 33.7272 33.7272
3.55 -108.481 7.77767e-008 -8.78945e-008 36.0598 36.0598
3.56 -108.53 3.01836e-008 2.71459e-008 37.3862 37.3862
3.57 -108.595 -1.60747e-008 -1.44577e-008 37.5595 37.5595
3.58 -108.676 8.56038e-009 7.69993e-009 36.7839 36.7839
3.59 -108.77 -4.55874e-009 -4.10118e-009 35.5856 35.5856
3.6 -108.876 6.02836e-008 -4.84443e-008 34.6481 34.6481
3.61 -108.984 -3.20974e-008 2.58098e-008 34.5676 34.5676
3.62 -109.087 1.70919e-008 -1.3749e-008 35.658 35.658
3.63 -109.179 -9.10132e-009 7.32616e-009 37.8775 37.8775
3.64 -109.256 4.84627e-009 -3.90584e-009 40.8645 40.8645
3.65 -109.315 -2.58041e-009 2.08431e-009 44.0401 44.0401
3.66 -109.357 1.37388e-009 -1.11438e-009 46.7621 46.7621
3.67 -109.383 -7.31369e-010 5.97776e-010 48.5101 48.5101
3.68 -109.4 3.89331e-010 -3.22714e-010 49.0346 49.0346
3.69 -109.41 5.41416e-008 -1.60676e-008 48.4237 48.4237
3.7 -109.41 1.37408e-008 -3.06414e-008 47.1027 47.1027
3.71 -109.395 1.99298e-008 -1.48179e-008 45.7516 45.7516
3.72 -109.361 9.0592e-008 -8.06695e-008 45.1092 45.1092
3.73 -109.304 1.37831e-008 4.18789e-009 45.7151 45.7151
3.74 -109.229 6.40509e-008 -2.90041e-008 47.711 47.711
3.75 -109.144 3.7416e-008 6.50683e-009 50.7972 50.7972
3.76 -109.059 -1.99258e-008 -3.46317e-009 54.3846 54.3846
3.77 -108.981 1.06111e-008 1.84402e-009 57.8613 57.8613
3.78 -108.914 3.92983e-005 -1.2086e-005 60.7939 60.7939
3.79 -108.857 8.42067e-007 -1.83928e-005 62.9754 62.9754
3.8 -108.807 -6.91734e-005 -3.12669e-005 64.3986 64.3986
3.81 -108.759 -1.12427e-005 2.15239e-005 65.2369 65.2369
3.82 -108.713 9.90225e-006 -8.20734e-006 65.7987 65.7987
3.83 -108.671 -3.34166e-006 -5.34936e-006 66.4054 66.4054
3.84 -108.636 -3.94756e-005 -7.32922e-006 67.2748 67.2748
3.85 -108.608 1.41496e-008 4.65428e-006 68.5495 68.5495
3.86 -108.588 -4.00293e-005 -9.95164e-006 70.3971 70.3971
3.87 -108.572 -0.0001193 -1.87441e-005 72.9415 72.9415
3.88 -108.557 -6.65292e-005 3.49791e-006 76.0211 76.0211
3.89 -108.54 5.08367e-006 1.22724e-005 79.0985 79.0985
3.9 -108.521 -6.29863e-006 -2.28379e-006 81.5219 81.5219
3.91 -108.503 2.88349e-006 -4.44739e-006 82.9251 82.9251
3.92 -108.496 -3.97392e-005 1.44382e-005 83.3848 83.3848
3.93 -108.507 2.47098e-005 -1.79689e-005 83.2329 83.2329
3.94 -108.535 -1.05083e-005 4.32824e-006 82.7641 82.7641
3.95 -108.574 -6.39192e-006 1.01028e-005 82.0905 82.0905
3.96 -108.617 -9.37241e-006 -4.12782e-006 81.1491 81.1491
3.97 -108.658 7.58103e-006 -3.85564e-006 79.7793 79.7793
3.98 -108.692 -4.03713e-006 2.05324e-006 77.8383 77.8383
3.99 -108.718 2.1499e-006 -1.09342e-006 75.3083 75.3083
4 -108.741 -1.14489e-006 5.82278e-007 72.2988 72.2988
4.01 -108.773 6.09687e-007 -3.10081e-007 68.9285 68.9285
4.02 -108.826 -3.24677e-007 1.65128e-007 65.2096 65.2096
4.03 -108.902 1.72901e-007 -8.79355e-008 61.0921 61.0921
4.04 -108.998 -9.2075e-008 4.68283e-008 56.6358 56.6358
4.05 -109.106 4.90328e-008 -2.49375e-008 52.1008 52.1008
4.06 -109.215 -2.61116e-008 1.32801e-008 47.8461 47.8461
4.07 -109.31 1.39052e-008 -7.07209e-009 44.1329 44.1329
4.08 -109.384 -7.40499e-009 3.7661e-009 40.9722 40.9722
4.09 -109.441 3.94339e-009 -2.00556e-009 38.0832 38.0832
4.1 -109.487 -2.09998e-009 1.06798e-009 34.99 34.99
4.11 -109.532 3.41679e-005 2.49709e-006 31.2427 31.2427
4.12 -109.581 0.000196795 3.69226e-006 26.6574 26.6574
4.13 -109.633 0.000142729 -8.39617e-005 21.4263 21.4263
4.14 -109.68 5.90893e-007 -0.000215086 16.0235 16.0235
4.15 -109.718 0.00012412 -0.000148534 10.9808 10.9808
4.16 -109.743 -0.000103261 -8.56962e-005 6.69757 6.69757
4.17 -109.754 -9.22785e-005 5.59322e-005 3.39822 3.39822
4.18 -109.753 -0.000186206 -4.17755e-005 1.18771 1.18771
4.19 -109.745 -5.83789e-005 2.33831e-005 0.0652394 0.0652394
4.2 -109.733 -2.29792e-006 -3.25819e-005 -0.161191 -0.161191
4.21 -109.717 7.08114e-005 -7.56863e-005 0.0535508 0.0535508
4.22 -109.694 -0.00048535 0.000363631 0.0928395 0.0928395
4.23 -109.658 -9.27525e-005 -8.12456e-005 -0.559205 -0.559205
4.24 -109.606 -7.29402e-005 0.000154013 -2.08513 -2.08513
4.25 -109.535 -1.70568e-005 -0.000119473 -4.27795 -4.27795
4.26 -109.443 -4.02877e-005 0.000134283 -6.642 -6.642
4.27 -109.332 -2.63186e-005 -5.18758e-005 -8.56639 -8.56639
4.28 -109.209 -4.48724e-005 1.08714e-005 -9.51633 -9.51633
4.29 -109.075 -8.39334e-006 3.25782e-005 -9.21028 -9.21028
4.3 -108.934 8.36526e-007 -9.78125e-005 -7.73679 -7.73679
4.31 -108.789 -3.22348e-005 6.27257e-005 -5.53919 -5.53919
4.32 -108.64 -0.000119562 8.65888e-005 -3.23344 -3.23344
4.33 -108.484 -5.75611e-005 7.17313e-005 -1.34949 -1.34949
4.34 -108.319 1.37353e-005 7.05007e-006 -0.165609 -0.165609
4.35 -108.144 -7.05858e-006 -1.44257e-006 0.28447 0.28447
4.36 -107.959 -7.51414e-005 0.000198643 0.128707 0.128707
4.37 -107.767 -0.000202086 0.000345287 -0.357244 -0.357244
4.38 -107.573 -9.52467e-005 5.9037e-005 -0.712483 -0.712483
4.39 -107.386 0.000152454 2.40861e-005 -0.370774 -0.370774
4.4 -107.219 -7.53444e-005 8.61232e-005 1.07724 1.07724
4.41 -107.079 -0.000511069 0.000461416 3.62603 3.62603
4.42 -106.971 -0.000187505 0.000318267 6.84361 6.84361
4.43 -106.892 0.000126477 -9.17802e-005 10.1178 10.1178
4.44 -106.831 -2.88561e-005 0.000101669 12.9423 12.9423
4.45 -106.777 0.000106566 0.000303852 15.0447 15.0447
4.46 -106.723 -0.00013017 5.19358e-005 16.3568 16.3568
4.47 -106.671 -0.000165052 1.52264e-005 16.9722 16.9722
4.48 -106.625 4.88391e-005 4.557e-005 17.1681 17.1681
4.49 -106.591 -9.38853e-005 -5.01156e-005 17.3907 17.3907
4.5 -106.577 -5.96189e-006 5.23712e-005 18.0839 18.0839
4.51 -106.585 -5.19053e-006 -1.64872e-005 19.4575 19.4575
4.52 -106.608 -1.02746e-005 1.59085e-005 21.4051 21.4051
4.53 -106.634 -4.70246e-005 1.95718e-005 23.6094 23.6094
4.54 -106.653 -7.73593e-005 3.08865e-005 25.6713 25.6713
4.55 -106.658 -2.94577e-007 4.63578e-006 27.173 27.173
4.56 -106.647 -0.000198812 0.000284267 27.777 27.777
4.57 -106.63 -0.000112336 9.42893e-005 27.413 27.413
4.58 -106.617 3.59584e-005 -6.8101e-005 26.4038 26.4038
4.59 -106.615 -1.9149e-005 3.62659e-005 25.3692 25.3692
4.6 -106.622 1.05203e-005 -1.93619e-005 24.9486 24.9486
4.61 -106.631 -6.40377e-006 1.06537e-005 25.5219 25.5219
4.62 -106.639 4.4063e-006 -6.34003e-006 27.062 27.062
4.63 -106.643 4.6941e-005 2.15669e-005 29.1654 29.1654
4.64 -106.64 -2.39098e-005 -1.10175e-005 31.264 31.264
4.65 -106.627 3.38059e-005 1.40252e-005 32.9392 32.9392
4.66 -106.606 -1.88903e-005 -6.89967e-006 34.1532 34.1532
4.67 -106.588 5.69607e-005 2.30083e-005 35.2445 35.2445
4.68 -106.581 -5.32921e-005 -2.80503e-005 36.7011 36.7011
4.69 -106.588 1.82367e-005 7.59658e-006 38.8892 38.8892
4.7 -106.604 -6.94982e-005 -3.21729e-005 41.9229 41.9229
4.71 -106.617 3.9085e-005 -8.61615e-006 45.7121 45.7121
4.72 -106.619 -9.48294e-006 -7.76809e-006 50.0702 50.0702
4.73 -106.607 6.59258e-006 7.93149e-006 54.7827 54.7827
4.74 -106.581 -1.0817e-005 -8.40458e-007 59.6439 59.6439
4.75 -106.545 1.36863e-007 1.1161e-006 64.4797 64.4797
4.76 -106.5 4.84995e-005 -1.1216e-005 69.1452 69.1452
4.77 -106.443 -1.84227e-005 6.30029e-005 73.5225 73.5225
4.78 -106.37 -5.72436e-005 -4.27367e-005 77.5642 77.5642
4.79 -106.283 3.44117e-005 -7.39551e-006 81.358 81.358
4.8 -106.186 2.49571e-005 4.2535e-005 85.1307 85.1307
4.81 -106.082 6.96932e-005 1.62662e-005 89.159 89.159
4.82 -105.977 -8.64402e-005 1.40058e-005 93.6368 93.6368
4.83 -105.875 3.11957e-005 7.59423e-005 98.5668 98.5668
4.84 -105.778 2.05452e-005 -2.12712e-006 103.691 103.691
4.85 -105.682 5.85316e-005 -4.55619e-005 108.492 108.492
4.86 -105.588 2.83066e-006 2.38174e-005 112.352 112.352
4.87 -105.51 9.10936e-006 2.88866e-005 114.866 114.866
4.88 -105.455 0.000107783 9.2035e-005 116.11 116.11
4.89 -105.426 4.45643e-005 2.46713e-006 116.632 116.632
4.9 -105.421 9.43817e-005 -0.000112721 117.112 117.112
4.91 -105.44 -0.000119158 8.3686e-005 117.945 117.945
4.92 -105.487 2.7967e-005 -3.685e-005 119.119 119.119
4.93 -105.559 8.02941e-006 -2.5453e-005 120.459 120.459
4.94 -105.652 -0.000105718 3.0133e-005 121.921 121.921
4.95 -105.769 -8.85056e-005 6.81261e-005 123.578 123.578
4.96 -105.913 -3.47376e-005 1.71714e-005 125.363 125.363
4.97 -106.085 0.000165974 0.000124512 126.884 126.884
4.98 -106.285 0.000134711 -6.77816e-005 127.539 127.539
4.99 -106.511 -9.50054e-005 4.14834e-005 126.842 126.842
5 -106.761 -1.00427e-005 7.59064e-005 124.763 124.763
5.01 -107.022 -3.42758e-005 2.2085e-006 121.864 121.864
5.02 -107.277 9.89477e-006 -1.56179e-005 119.081 119.081
5.03 -107.516 -4.84258e-005 2.46255e-005 117.18 117.18
5.04 -107.736 0.000126129 -1.73724e-005 116.286 116.286
5.05 -107.939 -1.02172e-005 -2.63138e-005 115.883 115.883
5.06 -108.137 -7.23547e-005 2.97303e-005 115.272 115.272
5.07 -108.342 6.88824e-005 -0.00014141 114.059 114.059
5.08 -108.559 -4.8891e-005 4.89755e-006 112.33 112.33
5.09 -108.78 -4.84454e-005 0.000177212 110.465 110.465
5.1 -108.994 -5.6262e-005 -0.000154201 108.807 108.807
5.11 -109.19 4.03655e-005 0.000146189 107.458 107.458
5.12 -109.353 5.63527e-006 -0.000219616 106.329 106.329
5.13 -109.476 -3.23453e-007 0.000142584 105.365 105.365
5.14 -109.569 -3.13143e-006 -1.59841e-005 104.719 104.719
5.15 -109.65 -1.12608e-005 2.4387e-005 104.663 104.663
5.16 -109.736 -1.01083e-005 -6.54166e-005 105.344 105.344
5.17 -109.833 2.27163e-005 -1.5845e-005 106.616 106.616
5.18 -109.941 6.42329e-005 -1.03931e-005 108.126 108.126
5.19 -110.053 1.53274e-005 -4.69006e-005 109.541 109.541
5.2 -110.15 2.04368e-005 5.30679e-006 110.764 110.764
5.21 -110.21 -2.64898e-005 -9.03926e-005 111.974 111.974
5.22 -110.222 4.91399e-005 -8.77739e-006 113.411 113.411
5.23 -110.193 -0.000155842 0.00015286 115.016 115.016
5.24 -110.135 -7.63336e-005 -2.74199e-005 116.251 116.251
5.25 -110.067 -1.96698e-005 2.43957e-006 116.328 116.328
5.26 -110.004 9.75415e-006 -2.01977e-006 114.641 114.641
5.27 -109.947 -5.19438e-006 1.07559e-006 111.058 111.058
5.28 -109.892 2.76617e-006 -5.72785e-007 105.859 105.859
5.29 -109.825 -1.47307e-006 3.05026e-007 99.4778 99.4778
5.3 -109.734 7.84455e-007 -1.62436e-007 92.3099 92.3099
5.31 -109.608 -4.17747e-007 8.6502e-008 84.702 84.702
5.32 -109.443 2.22463e-007 -4.6065e-008 77.0014 77.0014
5.33 -109.248 -1.18468e-007 2.4531e-008 69.4733 69.4733
5.34 -109.038 6.30881e-008 -1.30637e-008 62.0979 62.0979
5.35 -108.826 -0.000120604 0.000111715 54.433 54.433
5.36 -108.615 6.42253e-005 -5.94915e-005 45.6818 45.6818
5.37 -108.406 -0.000437972 0.000399634 34.9622 34.9622
5.38 -108.202 0.0044493 -0.00280042 21.7091 21.7091
5.39 -108.006 -0.00146836 0.00133905 6.05443 6.05443
5.4 -107.818 -0.00129963 0.000900114 -11.0767 -11.0767
5.41 -107.626 0.000337373 -0.000130799 -28.2807 -28.2807
5.42 -107.428 -0.000197676 0.000408523 -44.1805 -44.1805
5.43 -107.227 -0.000170461 0.000248942 -57.7812 -57.7812
5.44 -107.033 -2.93318e-006 0.000275558 -68.5886 -68.5886
5.45 -106.854 -0.000139276 0.000402472 -76.6399 -76.6399
5.46 -106.692 -3.12771e-005 -0.000133085 -82.5379 -82.5379
5.47 -106.542 4.45626e-005 0.000216142 -87.3602 -87.3602
5.48 -106.399 0.000134545 -9.88658e-005 -92.3132 -92.3132
5.49 -106.261 -0.000328361 0.000584315 -98.2612 -98.2612
5.5 -106.125 6.55618e-005 0.000400748 -105.383 -105.383
5.51 -105.998 -4.13602e-005 -3.89581e-005 -113.092 -113.092
5.52 -105.884 -0.000901695 0.00108299 -120.191 -120.191
5.53 -105.783 -0.000681958 0.000963467 -125.195 -125.195
5.54 -105.694 0.000336107 -0.000481003 -126.806 -126.806
5.55 -105.619 -0.000211903 0.00017591 -124.37 -124.37
5.56 -105.558 -0.000898013 0.000856674 -118.083 -118.083
5.57 -105.512 -0.00025358 0.000597709 -108.826 -108.826
5.58 -105.481 0.000159912 -0.00016718 -97.8524 -97.8524
5.59 -105.471 -7.84836e-005 0.000100035 -86.5631 -86.5631
5.6 -105.487 3.3593e-005 -4.82267e-005 -76.3154 -76.3154
5.61 -105.541 -2.25307e-005 3.89725e-005 -68.0726 -68.0726
5.62 -105.641 9.48434e-006 -4.49014e-005 -61.9833 -61.9833
5.63 -105.786 -1.54816e-006 7.96749e-006 -57.2294 -57.2294
5.64 -105.969 2.86217e-006 -9.338e-006 -52.3396 -52.3396
5.65 -106.178 -1.52782e-005 1.81415e-005 -45.8022 -45.8022
5.66 -106.411 1.54522e-005 -2.4821e-005 -36.6263 -36.6263
5.67 -106.673 6.81998e-006 -9.47696e-006 -24.6292 -24.6292
5.68 -106.971 1.39378e-005 -1.17003e-005 -10.4288 -10.4288
5.69 -107.309 2.57517e-005 -3.034e-005 4.79405 4.79405
5.7 -107.678 1.48047e-005 -1.02554e-005 19.6806 19.6806
5.71 -108.07 2.62909e-005 -2.62106e-005 33.0902 33.0902
5.72 -108.47 3.21908e-006 -1.51058e-007 44.3435 44.3435
5.73 -108.859 5.9215e-006 -6.33501e-006 53.259 53.259
5.74 -109.209 -1.27104e-006 1.72645e-006 60.0741 60.0741
5.75 -109.493 -3.02013e-007 -2.83004e-006 65.3779 65.3779
5.76 -109.691 -1.22416e-005 -2.66977e-005 70.0683 70.0683
5.77 -109.794 -2.03691e-005 -2.07582e-005 75.2205 75.2205
5.78 -109.808 -9.34483e-005 -6.10976e-005 81.7915 81.7915
5.79 -109.746 -0.000158367 -9.82693e-005 90.2641 90.2641
5.8 -109.627 -0.000362709 -0.00015838 100.441 100.441
5.81 -109.47 -0.000159974 -8.77715e-005 111.517 111.517
5.82 -109.277 -8.97691e-005 -7.77876e-005 122.424 122.424
5.83 -109.025 -9.09572e-005 -6.01495e-005 132.296 132.296
5.84 -108.687 0.000406997 -7.40034e-006 140.781 140.781
5.85 -108.255 0.000173123 -5.71452e-005 147.989 147.989
5.86 -107.746 0.000222416 -6.98268e-005 154.128 154.128
5.87 -107.188 8.81967e-005 -5.6058e-005 159.259 159.259
5.88 -106.619 -0.000348806 -7.96051e-005 163.408 163.408
5.89 -106.078 -1.67325e-005 5.35131e-006 166.865 166.865
5.9 -105.596 1.282e-005 5.66798e-006 170.237 170.237
5.91 -105.19 0.000102832 5.70977e-005 174.118 174.118
5.92 -104.862 -3.21295e-005 -1.28903e-005 178.678 178.678
5.93 -104.598 5.71599e-005 -6.67629e-005 183.497 183.497
5.94 -104.379 9.74881e-005 3.9072e-006 187.686 187.686
5.95 -104.199 2.48773e-005 1.25193e-005 190.152 190.152
5.96 -104.07 0.000230848 0.00020153 189.933 189.933
5.97 -104.015 4.15599e-005 8.88076e-006 186.551 186.551
5.98 -104.052 0.000115474 0.000104031 180.242 180.242
5.99 -104.192 4.88723e-006 8.68904e-006 171.811 171.811
6 -104.436 -2.54329e-007 -1.75707e-006 162.198 162.198
6.01 -104.788 1.35438e-007 9.35694e-007 152.048 152.048
6.02 -105.244 -7.21249e-008 -4.98286e-007 141.591 141.591
6.03 -105.801 3.84086e-008 2.65352e-007 130.765 130.765
6.04 -106.46 -2.04538e-008 -1.41308e-007 119.36 119.36
6.05 -107.224 -1.55444e-006 -1.24474e-005 107.095 107.095
6.06 -108.094 -0.000510212 -0.000664247 93.7606 93.7606
6.07 -109.057 -0.00379682 -0.00460131 79.4142 79.4142
6.08 -110.106 0.00114515 0.0025749 64.4529 64.4529
6.09 -111.212 -0.00174657 -0.00208049 49.5157 49.5157
6.1 -112.354 0.000122912 0.000763692 35.3037 35.3037
6.11 -113.518 -0.0026043 -0.00196679 22.4538 22.4538
6.12 -114.684 -0.000406185 0.00125692 11.4694 11.4694
6.13 -115.836 0.000112639 -0.000720416 2.6087 2.6087
6.14 -116.944 0.000464926 0.000791614 -4.25487 -4.25487
6.15 -117.964 0.000722752 -0.00126057 -9.67795 -9.67795
6.16 -118.836 -0.0040421 -0.00324774 -14.5523 -14.5523
6.17 -119.506 -0.000488073 0.00119088 -19.8935 -19.8935
6.18 -119.916 0.00152764 0.00040544 -26.5351 -26.5351
6.19 -120.034 -9.37716e-005 -0.000501566 -34.8468 -34.8468
6.2 -119.86 -6.03311e-005 -0.000101521 -44.6786 -44.6786
6.21 -119.409 -0.00020814 -0.00084989 -55.5707 -55.5707
6.22 -118.694 0.000466324 -0.000619241 -67.0107 -67.0107
6.23 -117.714 0.00110673 -0.00110174 -78.5347 -78.5347
6.24 -116.461 -0.000641626 -0.000360176 -89.7402 -89.7402
6.25 -114.935 -0.00650237 0.00510174 -100.43 -100.43
6.26 -113.173 -0.00620223 0.00942888 -110.903 -110.903
6.27 -111.246 -0.00048477 0.00122941 -122.068 -122.068
6.28 -109.251 -0.000633067 0.000150632 -135.078 -135.078
6.29 -107.285 0.00155633 -0.00157878 -150.599 -150.599
6.3 -105.423 -0.000366996 0.0017775 -168.27 -168.27
6.31 -103.714 -1.39612e-005 -0.000867492 -186.805 -186.805
6.32 -102.201 1.15005e-005 0.000531846 -204.62 -204.62
6.33 -100.93 -0.000728389 -4.55565e-005 -220.412 -220.412
6.34 -99.9537 -0.00199801 0.00168759 -233.257 -233.257
6.35 -99.3342 0.000741999 -0.000542697 -242.37 -242.37
6.36 -99.1246 -0.000285867 0.000258993 -246.992 -246.992
6.37 -99.3456 -1.79655e-005 -0.000381214 -246.546 -246.546
6.38 -99.9641 -9.50563e-007 0.000142716 -240.855 -240.855
6.39 -100.918 -2.51138e-005 -6.63953e-005 -230.263 -230.263
6.4 -102.138 2.52884e-005 2.76215e-005 -215.694 -215.694
6.41 -103.546 6.23393e-005 4.91455e-005 -198.586 -198.586
6.42 -105.057 5.7284e-005 4.77673e-005 -180.548 -180.548
6.43 -106.589 -6.55849e-006 3.26348e-005 -162.881 -162.881
6.44 -108.093 -0.000124481 -4.37934e-006 -146.31 -146.31
6.45 -109.522 -0.000449533 0.000704967 -131.033 -131.033
6.46 -110.818 -0.000200562 0.000607463 -116.905 -116.905
6.47 -111.907 -0.00021255 -0.00609248 -103.631 -103.631
6.48 -112.718 0.00133891 -0.00277238 -91.0229 -91.0229
6.49 -113.192 0.00275274 0.00320851 -79.2456 -79.2456
6.5 -113.287 -0.0021478 -0.000475263 -68.8225 -68.8225
6.51 -113.004 0.00247515 0.00340102 -60.3102 -60.3102
6.52 -112.391 -0.000127288 0.00263144 -53.8559 -53.8559
6.53 -111.544 -0.000175922 -0.000444625 -49.0186 -49.0186
6.54 -110.575 2.86701e-006 7.83458e-005 -45.0087 -45.0087
6.55 -109.589 -0.000213084 -0.000383146 -41.0617 -41.0617
6.56 -108.643 -0.000418857 -0.00040905 -36.5814 -36.5814
6.57 -107.764 -0.00145493 -0.00170017 -31.0595 -31.0595
6.58 -106.965 -5.27206e-005 -0.000636135 -23.9902 -23.9902
6.59 -106.271 -0.00115077 -0.00243635 -14.8842 -14.8842
6.6 -105.731 0.00253957 0.00240416 -3.32279 -3.32279
6.61 -105.421 0.00120948 0.00297942 11.039 11.039
6.62 -105.414 0.0103399 -0.0127819 28.515 28.515
6.63 -105.765 0.00572353 -0.00179035 49.3967 49.3967
6.64 -106.49 0.00592773 0.00209589 73.8997 73.8997
6.65 -107.541 -0.000492344 0.00457316 102.043 102.043
6.66 -108.84 0.00132659 -0.00104406 133.471 133.471
6.67 -110.279 -0.00530203 0.00202592 167.314 167.314
6.68 -111.748 -0.00183465 8.84767e-005 202.259 202.259
6.69 -113.141 0.00281609 -0.00282641 236.828 236.828
6.7 -114.365 -0.000164517 0.000709249 269.656 269.656
6.71 -115.359 -0.00135984 0.00181802 299.538 299.538
6.72 -116.091 9.05703e-005 0.00133498 325.296 325.296
6.73 -116.538 -0.00154178 0.000447057 345.816 345.816
6.74 -116.665 0.000583708 0.00021412 360.447 360.447
6.75 -116.429 -0.000243782 0.000167938 369.511 369.511
6.76 -115.796 -5.59152e-005 -0.000242524 374.42 374.42
6.77 -114.74 0.00045773 0.000700303 377.141 377.141
6.78 -113.262 9.96824e-005 0.000149225 379.294 379.294
6.79 -111.403 -0.000707988 0.000699187 381.499 381.499
6.8 -109.241 -4.23484e-005 0.000339412 383.375 383.375
6.81 -106.876 0.00415493 0.0031169 384.027 384.027
6.82 -104.414 0.000568837 -2.90951e-005 382.614 382.614
6.83 -101.962 0.00730157 -0.000289979 378.725 378.725
6.84 -99.6202 0.016903 0.00843614 372.52 372.52
6.85 -97.4742 -0.0129036 -0.0107067 364.714 364.714
6.86 -95.6052 -0.0153771 0.0176544 356.55 356.55
6.87 -94.0659 0.0107799 -0.0100796 349.697 349.697
6.88 -92.9008 0.0190511 -0.0183909 345.951 345.951
6.89 -92.1582 -0.00965654 0.0152246 346.752 346.752
6.9 -91.8874 0.00597078 -0.00283865 352.673 352.673
6.91 -92.1131 -0.0018958 0.00167007 363.167 363.167
6.92 -92.8243 0.00102358 -0.00147188 376.74 376.74
6.93 -93.9811 0.00687471 -0.00653939 391.512 391.512
6.94 -95.5434 0.000887417 -0.000867097 405.821 405.821
6.95 -97.4572 -1.37564e-005 0.000664744 418.513 418.513
6.96 -99.6562 0.000416669 -0.000314417 428.918 428.918
6.97 -102.053 5.15119e-005 -0.000126026 436.767 436.767
6.98 -104.546 -0.000218469 -3.03774e-005 442.2 442.2
6.99 -107.033 -0.00145766 0.000981993 445.739 445.739
7 -109.414 -0.00204833 0.00164093 448.004 448.004
7.01 -111.578 -0.000493115 0.000480757 449.219 449.219
7.02 -113.407 9.92216e-005 -0.000175276 448.85 448.85
7.03 -114.813 -0.0013316 -0.000701659 445.588 445.588
7.04 -115.763 -0.00209148 -0.00203215 437.606 437.606
7.05 -116.295 0.000354007 0.000318734 422.865 422.865
7.06 -116.48 -0.00534909 -0.00412817 399.485 399.485
7.07 -116.387 -0.00165976 -0.000826322 366.301 366.301
7.08 -116.06 0.000619559 0.000489482 323.411 323.411
7.09 -115.529 -0.000329978 -0.000260633 272.262 272.262
7.1 -114.824 0.000175561 0.000138911 215.124 215.124
7.11 -113.98 -0.00510514 -0.0057082 154.436 154.436
7.12 -113.044 0.00572415 0.0122725 92.5867 92.5867
7.13 -112.099 0.00763072 0.00507764 32.0642 32.0642
7.14 -111.253 -0.0112831 -0.0255136 -24.5833 -24.5833
7.15 -110.657 0.0072809 0.00902607 -75.2275 -75.2275
7.16 -110.42 -0.00253917 0.000784797 -118.716 -118.716
7.17 -110.623 -0.0024662 0.00257067 -155.085 -155.085
7.18 -111.288 -0.0117678 -0.00208811 -185.357 -185.357
7.19 -112.37 0.00738786 -0.00510498 -211.094 -211.094
7.2 -113.786 0.00322677 0.000304592 -233.855 -233.855
7.21 -115.437 -0.0125426 -0.000258375 -254.647 -254.647
7.22 -117.217 -0.0173741 0.00357785 -273.584 -273.584
7.23 -119.009 -0.000913947 0.00366762 -289.945 -289.945
7.24 -120.714 0.0227157 -0.0269852 -302.595 -302.595
7.25 -122.258 0.0142196 -0.0208827 -310.638 -310.638
7.26 -123.56 -0.00889172 0.00434652 -313.975 -313.975
7.27 -124.539 -0.00890242 0.00877828 -313.541 -313.541
7.28 -125.112 -0.017003 0.0222086 -311.101 -311.101
7.29 -125.203 -0.0270639 0.030615 -308.674 -308.674
7.3 -124.746 -0.0284207 0.0151424 -307.954 -307.954
7.31 -123.695 0.000247203 -0.00924388 -310.037 -310.037
7.32 -122.039 -0.0173089 0.0434877 -315.456 -315.456
7.33 -119.806 -0.0234118 0.0133585 -324.25 -324.25
7.34 -117.109 -0.00696062 0.00864413 -335.983 -335.983
7.35 -114.124 -0.0713959 0.0763144 -349.708 -349.708
7.36 -111 -0.018014 0.0169652 -363.838 -363.838
7.37 -107.882 0.0090347 -0.00988602 -376.268 -376.268
7.38 -104.904 -0.00557622 0.00403295 -384.948 -384.948
7.39 -102.178 0.00309416 -0.00255426 -388.581 -388.581
7.4 -99.8344 -0.0020358 0.000143702 -387.029 -387.029
7.41 -97.9721 0.00106771 -0.00061849 -381.056 -381.056
7.42 -96.6603 -0.000997434 -0.000894592 -371.505 -371.505
7.43 -95.9527 1.81193e-005 -0.00150823 -358.588 -358.588
7.44 -95.9119 1.13867e-006 0.000706254 -341.82 -341.82
7.45 -96.6024 -7.36437e-006 -0.000402238 -320.49 -320.49
7.46 -98.0484 -0.000104927 0.000290231 -294.102 -294.102
7.47 -100.196 -2.87608e-005 -0.000227117 -262.508 -262.508
7.48 -102.909 -0.000163626 3.50746e-005 -225.88 -225.88
7.49 -105.989 -0.000153793 -0.00023025 -184.753 -184.753
7.5 -109.212 -0.000148294 -6.7908e-005 -140.048 -140.048
7.51 -112.362 0.000404114 0.000834943 -92.8459 -92.8459
7.52 -115.237 0.00134802 0.000854295 -44.0217 -44.0217
7.53 -117.672 9.3636e-005 0.00132997 5.86393 5.86393
7.54 -119.54 -0.00200158 0.000218933 56.227 56.227
7.55 -120.764 0.0416443 0.0576995 106.039 106.039
7.56 -121.314 0.0169441 0.0093934 153.791 153.791
7.57 -121.193 0.000434614 -0.00178999 197.959 197.959
7.58 -120.409 -0.0102419 -0.00417813 237.581 237.581
7.59 -118.931 0.00357482 0.00904884 272.397 272.397
7.6 -116.736 -0.0123072 0.00409936 302.548 302.548
7.61 -113.854 0.0071145 0.00368099 328.193 328.193
7.62 -110.391 0.00286145 -0.00106155 349.416 349.416
7.63 -106.539 0.0115651 -0.00835851 366.488 366.488
7.64 -102.531 0.0974213 -0.0668064 380.107 380.107
7.65 -98.5657 -0.0573466 0.0106776 391.365 391.365
7.66 -94.8992 -0.0434842 0.0339665 401.434 401.434
7.67 -91.6685 0.00388676 0.00387643 411.109 411.109
7.68 -88.9835 -0.00241977 0.00712185 420.512 420.512
7.69 -86.9512 0.00396928 -0.0129133 429.148 429.148
7.7 -85.6143 -0.00632838 0.00150887 436.291 436.291
7.71 -84.99 0.00705325 -0.00108497 441.492 441.492
7.72 -85.0684 -0.00287304 0.000503319 444.9 444.9
7.73 -85.8291 0.00137926 0.000602612 447.127 447.127
7.74 -87.2263 -0.00330286 0.000168961 448.829 448.829
7.75 -89.1725 -0.0214606 -0.00926418 450.314 450.314
7.76 -91.5078 0.00879698 0.00243753 451.443 451.443
7.77 -94.0448 0.00864784 0.0166722 451.739 451.739
7.78 -96.5899 0.0116236 0.00901499 450.532 450.532
7.79 -98.9878 -0.00466773 0.00317793 447.071 447.071
7.8 -101.112 -0.00376184 0.0110642 440.71 440.71
7.81 -102.868 0.0401169 0.0433197 431.248 431.248
7.82 -104.175 -0.00467186 -0.00448934 419.079 419.079
7.83 -104.955 0.00283856 0.00194492 404.922 404.922
7.84 -105.124 -0.00200299 -0.000606556 389.415 389.415
7.85 -104.62 -0.00142491 -0.00054079 372.854 372.854
7.86 -103.429 0.010373 0.0122478 355.067 355.067
7.87 -101.595 0.00522508 0.00561259 335.531 335.531
7.88 -99.2167 -0.00281501 -0.00295576 313.785 313.785
7.89 -96.4696 0.0014327 0.00167384 289.892 289.892
7.9 -93.5765 -0.000930403 -0.000655823 264.567 264.567
7.91 -90.7726 -0.000589961 0.00164531 238.849 238.849
7.92 -88.2611 -0.000795541 0.000717845 213.695 213.695
7.93 -86.1809 0.000103526 0.000895678 189.847 189.847
7.94 -84.6063 0.000126438 0.00102931 167.995 167.995
7.95 -83.5758 -0.00174492 -0.00207134 148.926 148.926
7.96 -83.128 -0.00214753 -0.0015929 133.421 133.421
7.97 -83.3186 0.00267554 0.0027088 122.007 122.007
7.98 -84.2141 -0.00133702 -0.00149725 114.775 114.775
7.99 -85.869 0.000769611 0.0007443 111.332 111.332
8 -88.2904 -0.000381191 -0.000455964 110.803 110.803
8.01 -91.4261 -1.04664e-005 0.000225172 111.835 111.835
8.02 -95.1709 -0.00495971 0.00395962 112.615 112.615
8.03 -99.376 -0.011242 0.00998853 111.085 111.085
8.04 -103.842 0.00167146 -0.00491424 105.439 105.439
8.05 -108.351 0.00471732 -0.00460518 94.7433 94.7433
8.06 -112.692 0.000176685 -0.00120076 79.2156 79.2156
8.07 -116.714 0.00202305 0.000911689 59.9077 59.9077
8.08 -120.329 -0.00463132 0.00108192 38.0179 38.0179
8.09 -123.47 0.00643845 -0.00179163 14.3577 14.3577
8.1 -126.076 -0.00446091 -0.00259556 -10.8199 -10.8199
8.11 -128.082 -0.00448577 -0.00631353 -37.7944 -37.7944
8.12 -129.444 -0.010141 -0.0155487 -67.2435 -67.2435
8.13 -130.13 0.00264239 -0.00589075 -99.9044 -99.9044
8.14 -130.149 0.00908302 0.0057825 -136.102 -136.102
8.15 -129.557 0.0435777 0.0441258 -175.545 -175.545
8.16 -128.451 -0.00570424 -0.00270251 -217.466 -217.466
8.17 -126.972 0.00701243 0.00784333 -260.724 -260.724
8.18 -125.267 -0.0315867 -0.0264931 -303.782 -303.782
8.19 -123.494 -0.0738792 -0.0719312 -344.747 -344.747
8.2 -121.757 -0.0602897 -0.0525173 -381.552 -381.552
8.21 -120.177 -0.0719529 -0.0602319 -412.179 -412.179
8.22 -118.847 -0.096248 -0.10409 -435.103 -435.103
8.23 -117.83 -0.0185823 -0.00582558 -449.981 -449.981
8.24 -117.222 -0.0196575 -0.00984629 -457.976 -457.976
8.25 -117.083 -0.00419244 -0.00309832 -461.329 -461.329
8.26 -117.459 -0.0165109 -0.0151001 -462.386 -462.386
8.27 -118.364 0.00506912 0.00481222 -462.712 -462.712
8.28 -119.783 -0.0169407 -0.0187033 -462.863 -462.863
8.29 -121.642 -0.0336933 -0.0193425 -462.722 -462.722
8.3 -123.837 -0.00687129 -0.00598797 -461.939 -461.939
8.31 -126.256 -0.00552838 0.00134852 -460.17 -460.17
8.32 -128.794 -8.09713e-005 -0.000667472 -457.178 -457.178
8.33 -131.345 -5.04051e-005 0.000253621 -452.887 -452.887
8.34 -133.822 -0.000862312 0.00115383 -447.376 -447.376
8.35 -136.156 0.00107162 -0.000171654 -440.914 -440.914
8.36 -138.278 -0.00595277 0.00168231 -434.088 -434.088
8.37 -140.117 -0.00397853 0.0012859 -427.855 -427.855
8.38 -141.62 -0.00311436 -0.00183787 -423.462 -423.462
8.39 -142.736 -0.00616653 -0.00739455 -422.278 -422.278
8.4 -143.431 -0.0120064 -0.0124667 -425.455 -425.455
8.41 -143.729 -0.195246 -0.157626 -433.485 -433.485
8.42 -143.629 -0.135129 -0.142356 -445.878 -445.878
8.43 -143.224 -0.0571034 -0.081851 -461.131 -461.131
8.44 -142.604 -0.0570282 -0.0402086 -477.122 -477.122
8.45 -141.873 -0.106 -0.118337 -491.773 -491.773
8.46 -141.078 -0.0909597 -0.180434 -503.677 -503.677
8.47 -140.297 -0.0338598 -0.048615 -512.304 -512.304
8.48 -139.624 -0.0571061 -0.0862666 -517.517 -517.517
8.49 -139.108 0.014372 -0.0815453 -519.084 -519.084
8.5 -138.784 -0.00112398 -0.0294144 -516.663 -516.663
8.51 -138.744 -0.00850531 -0.00818916 -509.819 -509.819
8.52 -139.02 -0.0062301 -0.0332044 -498.038 -498.038
8.53 -139.592 -0.0533312 -0.00697376 -480.931 -480.931
8.54 -140.442 -0.153123 -0.192592 -458.394 -458.394
8.55 -141.446 -0.0286781 -0.0868039 -430.675 -430.675
8.56 -142.587 0.0193647 0.027845 -398.479 -398.479
8.57 -143.8 -0.00835101 -0.0177616 -362.825 -362.825
8.58 -144.987 0.00425405 0.00947575 -324.662 -324.662
8.59 -146.087 -0.00216604 -0.00494182 -284.625 -284.625
8.6 -147.018 0.00061247 0.00284394 -243.133 -243.133
8.61 -147.727 -0.000797463 -0.00138748 -200.73 -200.73
8.62 -148.164 -0.00182913 0.00199618 -158.332 -158.332
8.63 -148.288 0.00356009 -0.00506104 -117.119 -117.119
8.64 -148.061 -0.00375312 0.00472622 -78.25 -78.25
8.65 -147.475 0.0012767 -0.00218224 -42.7093 -42.7093
8.66 -146.538 -0.00126039 0.00268855 -11.3917 -11.3917
8.67 -145.288 -0.0125653 0.014906 14.8541 14.8541
8.68 -143.778 0.0139975 -0.0175345 35.4065 35.4065
8.69 -142.069 -0.00590178 0.00553462 50.1189 50.1189
8.7 -140.24 0.00247655 -0.0100525 59.4331 59.4331
8.71 -138.371 0.00705845 -0.0133333 64.3149 64.3149
8.72 -136.556 -0.00242697 0.00103319 66.161 66.161
8.73 -134.855 -0.00124709 -0.0106587 66.7215 66.7215
8.74 -133.304 0.00453009 -0.0163106 67.843 67.843
8.75 -131.944 0.00501748 -0.00211948 70.9102 70.9102
8.76 -130.813 -0.00937595 -0.0178409 76.2405 76.2405
8.77 -129.917 0.0109618 -0.0163206 82.9746 82.9746
8.78 -129.25 0.00365348 -0.000649957 89.7401 89.7401
8.79 -128.743 0.00100587 -0.0018644 95.6854 95.6854
8.8 -128.3 -0.000580791 0.000617227 101.127 101.127
8.81 -127.8 -0.00522683 -0.000510174 107.438 107.438
8.82 -127.113 -0.00504594 -0.00170691 116.441 116.441
8.83 -126.132 -0.0435995 -0.0119688 129.857 129.857
8.84 -124.8 -0.169106 -0.0871304 148.974 148.974
8.85 -123.122 -0.559624 -0.593261 174.211 174.211
8.86 -120.993 0.0718606 -0.132496 204.739 204.739
8.87 -118.554 0.340234 0.305601 239.105 239.105
8.88 -115.759 -0.342889 -0.241562 276.351 276.351
8.89 -112.693 -0.0717094 -0.0305634 315.765 315.765
8.9 -109.24 -0.0230424 -0.0243589 355.991 355.991
8.91 -105.423 0.0490482 0.0474611 395.342 395.342
8.92 -101.281 0.00141404 -0.00835332 432.629 432.629
8.93 -96.8701 0.0144641 0.0113845 467.478 467.478
8.94 -92.2997 0.0034004 0.0091679 500.292 500.292
8.95 -87.7321 0.00341805 -0.00975997 531.911 531.911
8.96 -83.3322 0.00403385 -0.0160004 562.925 562.925
8.97 -79.2675 0.0514774 0.0497539 592.9 592.9
8.98 -75.6173 0.191686 0.167903 620.212 620.212
8.99 -72.4015 0.127795 0.139614 642.574 642.574
9 -69.7097 0.301904 0.32948 657.935 657.935
9.01 -67.4553 0.13319 0.179304 665.4 665.4
9.02 -65.7012 0.183208 0.206139 665.511 665.511
9.03 -64.3826 0.0978508 0.172383 659.682 659.682
9.04 -63.517 0.148909 0.228263 649.253 649.253
9.05 -63.0542 -0.0316435 0.0665503 635.019 635.019
9.06 -62.8649 0.0655519 0.168618 617.31 617.31
9.07 -62.9753 -0.0098535 0.13452 596.022 596.022
9.08 -63.2135 -0.0606109 0.150598 570.75 570.75
9.09 -63.5331 -0.0158045 0.0618491 540.855 540.855
9.1 -63.8519 -0.0384164 0.112901 505.346 505.346
9.11 -64.1347 -0.0305661 0.0820047 463.365 463.365
9.12 -64.3548 -0.00157749 0.0389827 414.998 414.998
9.13 -64.5109 0.0804189 0.0725523 361.574 361.574
9.14 -64.6154 0.0865262 0.151538 305.412 305.412
9.15 -64.6578 -0.00782908 0.0905769 249.413 249.413
9.16 -64.6826 -0.0122375 0.0132612 196.579 196.579
9.17 -64.6905 -0.00160187 0.00789391 149.375 149.375
9.18 -64.736 -0.00556938 0.00263025 109.077 109.077
9.19 -64.881 -0.00939468 0.0092398 75.4902 75.4902
9.2 -65.2102 0.00313887 -0.00347321 47.2427 47.2427
9.21 -65.8128 -0.00488276 0.00340558 22.4125 22.4125
9.22 -66.7743 0.00743852 -0.00348332 -0.854222 -0.854222
9.23 -68.172 0.00205617 -0.000358087 -23.8289 -23.8289
9.24 -70.0559 0.000462077 2.91758e-005 -46.8161 -46.8161
9.25 -72.4528 0.0123613 0.00126218 -69.0522 -69.0522
9.26 -75.3656 0.000174217 0.00189682 -88.9781 -88.9781
9.27 -78.7688 0.0516953 0.00919364 -104.805 -104.805
9.28 -82.5904 0.033409 0.00592978 -115.159 -115.159
9.29 -86.7642 0.0382714 0.0202374 -119.578 -119.578
9.3 -91.1705 0.0168827 0.00395053 -118.817 -118.817
9.31 -95.74 0.00466822 -0.000341572 -114.979 -114.979
9.32 -100.345 0.0340456 0.0144401 -111.33 -111.33
9.33 -104.903 0.0110092 0.0239344 -111.489 -111.489
9.34 -109.277 0.0470573 0.055254 -118.29 -118.29
9.35 -113.387 0.0488289 0.0682355 -133.032 -133.032
9.36 -117.135 0.0258751 0.0726197 -155.376 -155.376
9.37 -120.449 0.017819 0.0603421 -183.589 -183.589
9.38 -123.295 -0.028902 -0.00439067 -214.779 -214.779
9.39 -125.633 -0.0158487 0.00841207 -245.342 -245.342
9.4 -127.447 -0.0388539 0.00210746 -271.962 -271.962
9.41 -128.734 -0.0262957 0.000460193 -292.497 -292.497
9.42 -129.5 -0.0366412 0.0380688 -306.307 -306.307
9.43 -129.786 -0.0361317 -0.0187163 -314.328 -314.328
9.44 -129.657 -0.0205661 0.0355747 -318.493 -318.493
9.45 -129.195 -0.00561083 0.0061705 -320.597 -320.597
9.46 -128.506 -0.0205419 0.0558384 -321.581 -321.581
9.47 -127.703 -0.00288536 0.00513117 -321.456 -321.456
9.48 -126.878 -0.0112257 0.0387738 -319.388 -319.388
9.49 -126.114 0.00780304 -0.0102905 -313.704 -313.704
9.5 -125.46 0.00653579 -0.0118082 -302.059 -302.059
9.51 -124.977 -0.0107091 0.0157157 -282.074 -282.074
9.52 -124.717 0.0077268 -0.00887691 -252.182 -252.182
9.53 -124.705 -0.0117547 0.0153018 -212.179 -212.179
9.54 -124.935 -0.00416373 0.0015174 -163.137 -163.137
9.55 -125.37 -0.00488075 0.00343705 -106.976 -106.976
9.56 -125.945 0.010641 -0.0119526 -46.1472 -46.1472
9.57 -126.581 -0.0107155 0.0103954 16.6219 16.6219
9.58 -127.186 0.00712185 -0.00702947 78.7605 78.7605
9.59 -127.641 -0.00671834 0.00278728 138.475 138.475
9.6 -127.832 -0.00462937 -0.00347365 195.212 195.212
9.61 -127.67 -0.0292991 -0.00803033 249.549 249.549
9.62 -127.114 -0.0570776 -0.0292151 302.453 302.453
9.63 -126.153 -0.119272 -0.0795091 354.412 354.412
9.64 -124.781 -0.18473 -0.215833 404.98 404.98
9.65 -122.948 -0.0847576 -0.138799 453.004 453.004
9.66 -120.654 0.239161 0.166215 497.354 497.354
9.67 -117.871 0.252205 0.222763 537.312 537.312
9.68 -114.579 0.0941244 0.133315 572.263 572.263
9.69 -110.848 0.0227306 0.000605358 601.425 601.425
9.7 -106.763 0.102179 0.0523135 624.185 624.185
9.71 -102.473 -0.00350848 0.00842999 640.716 640.716
9.72 -98.1027 0.0142096 0.0296184 652.147 652.147
9.73 -93.8067 -0.00238537 -0.0082688 660.128 660.128
9.74 -89.7167 0.00605677 0.0132462 666.241 666.241
9.75 -85.9274 0.000325636 0.00578673 671.746 671.746
9.76 -82.5036 0.0254182 0.0158038 677.718 677.718
9.77 -79.4986 0.01044 0.000604822 685.04 685.04
9.78 -77.0027 -0.0108916 0.0181602 694.152 694.152
9.79 -75.0749 0.0172989 0.0234329 705.003 705.003
9.8 -73.7295 0.0150038 0.0084477 717.415 717.415
9.81 -72.9673 0.0412055 0.0238321 731.476 731.476
9.82 -72.7382 -0.000262401 -0.00319251 747.35 747.35
9.83 -72.9667 0.0288437 0.00261949 764.683 764.683
9.84 -73.5184 0.0108859 0.0308868 782.207 782.207
9.85 -74.2656 0.000130034 0.0394923 797.951 797.951
9.86 -75.0583 0.0102563 -0.00535735 809.94 809.94
9.87 -75.8141 0.0424627 0.0596066 816.807 816.807
9.88 -76.3999 -0.00177093 0.0299531 817.955 817.955
9.89 -76.7963 -0.00704004 0.0255131 813.335 813.335
9.9 -76.9627 -0.00838795 0.026395 803.116 803.116
9.91 -76.8375 0.0262273 -0.00173823 787.469 787.469
9.92 -76.3755 0.00663534 0.0243726 766.451 766.451
9.93 -75.4982 -0.00035576 0.00517821 739.921 739.921
9.94 -74.1566 0.0146065 0.00709896 707.445 707.445
9.95 -72.3376 0.00182914 -0.000619185 668.323 668.323
9.96 -70.0851 -0.00417315 0.00069983 621.884 621.884
9.97 -67.4833 0.00360889 -0.00289996 568 568
9.98 -64.6652 -0.0119378 0.00758334 507.424 507.424
9.99 -61.7735 0.0116792 -0.00836512 441.645 441.645
10 -59.0011 -0.000574566 0.000986871 372.318 372.318
