0.1 -5.87587 18.4841 5.0812 4.14521 4.14521
0.2 -11.7525 36.9702 10.1666 8.29155 8.29155
0.3 -17.63 55.4583 15.2561 12.439 12.439
0.4 -23.5084 73.9486 20.3499 16.5875 16.5875
0.5 -29.3875 92.441 25.448 20.7371 20.7371
0.6 -35.2675 110.936 30.5505 24.8877 24.8877
0.7 -41.1484 129.433 35.6573 29.0393 29.0393
0.8 -47.0301 147.933 40.7686 33.1918 33.1918
0.9 -52.9127 166.435 45.8843 37.3453 37.3453
1 -58.7962 184.94 51.0046 41.4996 41.4996
0.01 -58.7955 184.749 50.9552 41.4934 41.4934
0.02 -58.7936 184.219 50.8218 41.459 41.459
0.03 -58.7908 183.645 50.6767 41.3726 41.3726
0.04 -58.7874 183.288 50.565 41.2409 41.2409
0.05 -58.784 183.136 50.4611 41.1031 41.1031
0.06 -58.7809 183.142 50.3489 40.9999 40.9999
0.07 -58.7786 183.269 50.229 40.9499 40.9499
0.08 -58.7774 183.493 50.1157 40.9521 40.9521
0.09 -58.7773 183.801 50.0267 40.9993 40.9993
0.1 -58.7779 184.177 49.9729 41.085 41.085
0.11 -58.7793 184.601 49.9532 41.2013 41.2013
0.12 -58.7811 185.048 49.9578 41.336 41.336
0.13 -58.7842 185.504 49.9682 41.4749 41.4749
0.14 -58.7888 185.962 49.9664 41.6057 41.6057
0.15 -58.7958 186.415 49.9383 41.7233 41.7233
0.16 -58.8054 186.855 49.8825 41.8316 41.8316
0.17 -58.8176 187.275 49.8082 41.9444 41.9444
0.18 -58.8323 187.684 49.7247 42.0835 42.0835
0.19 -58.8488 188.107 49.6374 42.2721 42.2721
0.2 -58.867 188.57 49.5451 42.5258 42.5258
0.21 -58.8864 189.076 49.4476 42.8445 42.8445
0.22 -58.9068 189.599 49.3522 43.2097 43.2097
0.23 -58.9281 190.098 49.2678 43.5905 43.5905
0.24 -58.9499 190.542 49.1969 43.9565 43.9565
0.25 -58.9722 190.929 49.1336 44.2889 44.2889
0.26 -58.9942 191.285 49.0726 44.5846 44.5846
0.27 -59.0154 191.67 49.0226 44.854 44.854
0.28 -59.0354 192.161 49.0046 45.1154 45.1154
0.29 -59.0542 192.816 49.0264 45.3895 45.3895
0.3 -59.072 193.657 49.0724 45.6954 45.6954
0.31 -59.0891 194.673 49.1281 46.0467 46.0467
0.32 -59.106 195.824 49.1994 46.4482 46.4482
0.33 -59.1225 197.044 49.2948 46.8923 46.8923
0.34 -59.1385 198.268 49.4177 47.3568 47.3568
0.35 -59.1539 199.467 49.5659 47.8111 47.8111
0.36 -59.1687 200.638 49.7245 48.2278 48.2278
0.37 -59.1831 201.768 49.8784 48.5931 48.5931
0.38 -59.1973 202.815 50.0279 48.9077 48.9077
0.39 -59.2116 203.726 50.1824 49.1809 49.1809
0.4 -59.2263 204.476 50.3364 49.4236 49.4236
0.41 -59.2415 205.092 50.4701 49.649 49.649
0.42 -59.2573 205.624 50.5685 49.873 49.873
0.43 -59.2733 206.107 50.6368 50.1104 50.1104
0.44 -59.2894 206.544 50.7024 50.367 50.367
0.45 -59.3049 206.929 50.7913 50.6339 50.6339
0.46 -59.3194 207.271 50.9118 50.8906 50.8906
0.47 -59.3328 207.585 51.0681 51.1149 51.1149
0.48 -59.3446 207.864 51.2586 51.2926 51.2926
0.49 -59.3547 208.074 51.4766 51.4182 51.4182
0.5 -59.3625 208.2 51.7258 51.4923 51.4923
0.51 -59.3674 208.261 52.0207 51.5203 51.5203
0.52 -59.3694 208.273 52.3655 51.512 51.512
0.53 -59.3678 208.235 52.7591 51.4761 51.4761
0.54 -59.3622 208.174 53.2144 51.4163 51.4163
0.55 -59.3535 208.17 53.7465 51.3323 51.3323
0.56 -59.3414 208.258 54.318 51.2263 51.2263
0.57 -59.3265 208.356 54.8517 51.1016 51.1016
0.58 -59.3089 208.331 55.2718 50.9536 50.9536
0.59 -59.2886 208.138 55.5677 50.7673 50.7673
0.6 -59.2663 207.852 55.798 50.5281 50.5281
0.61 -59.242 207.561 56.0015 50.2366 50.2366
0.62 -59.2166 207.269 56.1681 49.9107 49.9107
0.63 -59.1904 206.935 56.3214 49.5726 49.5726
0.64 -59.1638 206.536 56.5465 49.2356 49.2356
0.65 -59.1372 206.028 56.8513 48.8995 48.8995
0.66 -59.1109 205.362 57.1416 48.5549 48.5549
0.67 -59.0854 204.57 57.352 48.1923 48.1923
0.68 -59.0608 203.716 57.5074 47.8104 47.8104
0.69 -59.0369 202.809 57.6584 47.4165 47.4165
0.7 -59.014 201.836 57.8365 47.0167 47.0167
0.71 -58.9921 200.841 58.0424 46.6108 46.6108
0.72 -58.9717 199.897 58.229 46.1989 46.1989
0.73 -58.953 199.027 58.3148 45.7894 45.7894
0.74 -58.936 198.132 58.2621 45.3968 45.3968
0.75 -58.9196 197.06 58.1019 45.0271 45.0271
0.76 -58.9031 195.763 57.9016 44.6672 44.6672
0.77 -58.8857 194.36 57.7338 44.2944 44.2944
0.78 -58.8673 193.023 57.6861 43.8945 43.8945
0.79 -58.8474 191.845 57.8121 43.4685 43.4685
0.8 -58.8264 190.79 58.0762 43.0242 43.0242
0.81 -58.8043 189.81 58.3789 42.566 42.566
0.82 -58.782 188.944 58.6297 42.1 42.1
0.83 -58.7598 188.258 58.7663 41.6455 41.6455
0.84 -58.738 187.73 58.7904 41.2332 41.2332
0.85 -58.7162 187.303 58.7729 40.8867 40.8867
0.86 -58.6941 186.921 58.8285 40.6063 40.6063
0.87 -58.6711 186.441 58.9636 40.3655 40.3655
0.88 -58.647 185.672 59.068 40.1168 40.1168
0.89 -58.6215 184.617 59.1054 39.8065 39.8065
0.9 -58.5956 183.506 59.1938 39.4018 39.4018
0.91 -58.5694 182.537 59.445 38.9117 38.9117
0.92 -58.5433 181.586 59.8166 38.3767 38.3767
0.93 -58.5168 180.331 60.1644 37.8296 37.8296
0.94 -58.4893 178.69 60.4312 37.2715 37.2715
0.95 -58.4612 177.01 60.6441 36.6958 36.6958
0.96 -58.4334 175.765 60.8152 36.1323 36.1323
0.97 -58.4068 175.055 60.897 35.6511 35.6511
0.98 -58.3817 174.53 60.782 35.3079 35.3079
0.99 -58.358 173.858 60.4434 35.0897 35.0897
1 -58.3358 173.077 60.0082 34.9242 34.9242
1.01 -58.316 172.448 59.5542 34.744 34.744
1.02 -58.299 172.167 59.063 34.5368 34.5368
1.03 -58.2849 172.203 58.661 34.3381 34.3381
1.04 -58.2727 172.331 58.6238 34.1849 34.1849
1.05 -58.2618 172.335 59.0391 34.0761 34.0761
1.06 -58.2528 172.175 59.6731 33.9783 33.9783
1.07 -58.2467 171.993 60.244 33.8636 33.8636
1.08 -58.2443 172.026 60.7065 33.7434 33.7434
1.09 -58.2463 172.381 61.1496 33.6665 33.6665
1.1 -58.2525 172.826 61.5063 33.684 33.684
1.11 -58.2623 172.988 61.6483 33.8043 33.8043
1.12 -58.2741 172.783 61.6939 33.9805 33.9805
1.13 -58.2866 172.502 61.9223 34.1437 34.1437
1.14 -58.2992 172.543 62.3655 34.257 34.257
1.15 -58.313 173.192 62.8988 34.348 34.348
1.16 -58.3281 174.513 63.5436 34.4959 34.4959
1.17 -58.3447 176.152 64.3572 34.7768 34.7768
1.18 -58.3611 177.512 65.3065 35.1978 35.1978
1.19 -58.3762 178.256 66.2952 35.6742 35.6742
1.2 -58.3889 178.547 67.1116 36.0856 36.0856
1.21 -58.3994 178.8 67.544 36.3675 36.3675
1.22 -58.4086 179.325 67.4774 36.5573 36.5573
1.23 -58.4184 180.209 66.9115 36.7589 36.7589
1.24 -58.4308 181.386 65.9986 37.0651 37.0651
1.25 -58.4469 182.78 65.0688 37.5051 37.5051
1.26 -58.467 184.363 64.4747 38.0496 38.0496
1.27 -58.4899 186.083 64.3839 38.6532 38.6532
1.28 -58.5137 187.838 64.7865 39.2894 39.2894
1.29 -58.5364 189.494 65.5308 39.9535 39.9535
1.3 -58.557 190.905 66.4108 40.6367 40.6367
1.31 -58.5762 192.042 67.3919 41.2997 41.2997
1.32 -58.5952 193.07 68.5266 41.8764 41.8764
1.33 -58.6171 194.239 69.6857 42.3159 42.3159
1.34 -58.6441 195.788 70.778 42.6345 42.6345
1.35 -58.6764 197.773 72.0458 42.9263 42.9263
1.36 -58.7102 199.827 73.698 43.3068 43.3068
1.37 -58.7415 201.45 75.5216 43.8253 43.8253
1.38 -58.7677 202.532 77.0217 44.4321 44.4321
1.39 -58.789 203.483 77.8214 45.0353 45.0353
1.4 -58.8074 204.828 77.8872 45.5886 45.5886
1.41 -58.8256 206.443 77.4132 46.1127 46.1127
1.42 -58.8434 207.488 76.7606 46.6168 46.6168
1.43 -58.8587 207.402 76.4036 47.0191 47.0191
1.44 -58.87 206.472 76.4843 47.1808 47.1808
1.45 -58.8769 205.453 76.5297 47.035 47.035
1.46 -58.8802 204.939 75.8623 46.6767 46.6767
1.47 -58.8806 204.854 74.226 46.3161 46.3161
1.48 -58.8781 204.453 71.8467 46.1273 46.1273
1.49 -58.8732 202.958 68.9013 46.1197 46.1197
1.5 -58.8679 200.264 65.4148 46.1476 46.1476
1.51 -58.863 197.091 61.8947 46.0373 46.0373
1.52 -58.8565 194.406 59.4481 45.709 45.709
1.53 -58.8446 192.539 58.7875 45.1891 45.1891
1.54 -58.8246 191.047 59.549 44.5279 44.5279
1.55 -58.7958 189.504 60.8806 43.7297 43.7297
1.56 -58.7597 187.903 62.2159 42.7724 42.7724
1.57 -58.7187 186.414 63.3333 41.6736 41.6736
1.58 -58.6763 185.21 64.0817 40.5241 40.5241
1.59 -58.6365 184.414 64.2392 39.4693 39.4693
1.6 -58.6023 183.85 63.5019 38.6547 38.6547
1.61 -58.5729 182.864 61.7723 38.1452 38.1452
1.62 -58.5434 180.83 59.5497 37.8456 37.8456
1.63 -58.5094 178.245 57.8056 37.5179 37.5179
1.64 -58.4707 176.778 57.4368 36.9499 36.9499
1.65 -58.4304 177.583 58.6523 36.1463 36.1463
1.66 -58.392 179.976 60.817 35.3266 35.3266
1.67 -58.3577 182.089 62.9702 34.7145 34.7145
1.68 -58.3288 182.53 64.4281 34.3437 34.3437
1.69 -58.307 181.29 64.8771 34.0762 34.0762
1.7 -58.2929 179.132 64.2092 33.7771 33.7771
1.71 -58.2848 176.597 62.6613 33.4334 33.4334
1.72 -58.2792 173.958 60.8832 33.118 33.118
1.73 -58.2744 171.563 59.4514 32.8935 32.8935
1.74 -58.2717 169.83 58.4734 32.7737 32.7737
1.75 -58.2733 169.138 57.8593 32.7539 32.7539
1.76 -58.2816 169.725 57.6278 32.8555 32.8555
1.77 -58.2978 171.448 57.6879 33.1456 33.1456
1.78 -58.3219 173.578 57.6265 33.7124 33.7124
1.79 -58.3512 175.208 57.2079 34.6025 34.6025
1.8 -58.3821 176.135 56.8084 35.764 35.764
1.81 -58.4134 177.055 56.908 37.055 37.055
1.82 -58.4462 178.756 57.5727 38.3156 38.3156
1.83 -58.4824 181.328 58.5821 39.4335 39.4335
1.84 -58.5223 184.183 59.7838 40.3542 40.3542
1.85 -58.5645 186.534 61.1426 41.0616 41.0616
1.86 -58.6069 187.915 62.4748 41.5653 41.5653
1.87 -58.6478 188.711 63.7552 41.913 41.913
1.88 -58.6852 190.179 65.8305 42.2124 42.2124
1.89 -58.7174 193.363 69.739 42.6199 42.6199
1.9 -58.7449 197.806 74.9219 43.2607 43.2607
1.91 -58.7701 201.834 79.2918 44.1229 44.1229
1.92 -58.7948 204.035 81.1804 45.0276 45.0276
1.93 -58.819 204.125 80.196 45.7241 45.7241
1.94 -58.8428 202.688 76.6336 46.043 46.043
1.95 -58.8666 200.564 71.0989 45.9883 45.9883
1.96 -58.8902 198.553 64.6494 45.7175 45.7175
1.97 -58.9142 197.35 58.6997 45.4502 45.4502
1.98 -58.9393 197.215 54.1709 45.371 45.371
1.99 -58.9675 197.845 50.8878 45.5643 45.5643
2 -59.0005 198.604 47.9673 46.0031 46.0031
2.01 -59.0383 198.785 44.6534 46.5875 46.5875
2.02 -59.0782 197.844 40.8796 47.1968 47.1968
2.03 -59.1168 195.538 37.0336 47.7122 47.7122
2.04 -59.1525 192.09 33.4172 48.0161 48.0161
2.05 -59.186 188.403 30.4878 48.0081 48.0081
2.06 -59.2189 185.576 28.9561 47.6562 47.6562
2.07 -59.2525 183.857 28.8395 47.0289 47.0289
2.08 -59.2869 182.5 29.1201 46.2624 46.2624
2.09 -59.3206 180.763 28.722 45.5013 45.5013
2.1 -59.3507 178.838 27.4287 44.8819 44.8819
2.11 -59.3746 177.622 25.7599 44.5501 44.5501
2.12 -59.3915 177.622 24.0794 44.634 44.634
2.13 -59.4025 178.483 22.1846 45.1494 45.1494
2.14 -59.4103 179.38 19.7362 45.9291 45.9291
2.15 -59.4166 179.565 16.7539 46.6629 46.6629
2.16 -59.4211 178.834 13.7322 47.0302 47.0302
2.17 -59.4231 177.567 11.0205 46.8431 46.8431
2.18 -59.4243 176.267 7.96492 46.1277 46.1277
2.19 -59.4283 175.248 3.5454 45.1216 45.1216
2.2 -59.4378 174.703 -1.97901 44.1849 44.1849
2.21 -59.4538 174.652 -7.17148 43.6515 43.6515
2.22 -59.4772 174.746 -10.9702 43.6846 43.6846
2.23 -59.5092 174.444 -13.3875 44.214 44.214
2.24 -59.5495 173.524 -14.9941 44.9985 44.9985
2.25 -59.5966 172.27 -16.2941 45.7755 45.7755
2.26 -59.6491 171.133 -17.7228 46.3936 46.3936
2.27 -59.7065 170.532 -19.446 46.8469 46.8469
2.28 -59.7683 170.883 -20.8524 47.2216 47.2216
2.29 -59.8341 172.373 -21.0501 47.624 47.624
2.3 -59.9044 174.802 -19.7887 48.1456 48.1456
2.31 -59.978 177.785 -17.3204 48.8686 48.8686
2.32 -60.0504 180.929 -13.8775 49.8697 49.8697
2.33 -60.1154 183.883 -9.73076 51.1849 51.1849
2.34 -60.1676 186.501 -5.36251 52.7534 52.7534
2.35 -60.2044 188.892 -1.29033 54.4003 54.4003
2.36 -60.2253 191.262 2.25449 55.8868 55.8868
2.37 -60.2327 193.645 5.25532 56.9994 56.9994
2.38 -60.2289 195.903 7.90016 57.6282 57.6282
2.39 -60.2143 198.059 11.0048 57.7981 57.7981
2.4 -60.1854 200.106 15.5715 57.637 57.637
2.41 -60.1355 201.529 21.8619 57.2816 57.2816
2.42 -60.0567 201.768 29.4989 56.771 56.771
2.43 -59.9456 200.969 37.5873 56.0311 56.0311
2.44 -59.8062 199.811 44.5244 54.9812 54.9812
2.45 -59.6491 198.846 48.9708 53.6532 53.6532
2.46 -59.4839 198.175 51.172 52.1878 52.1878
2.47 -59.3171 197.561 52.5964 50.7115 50.7115
2.48 -59.1516 196.689 54.4696 49.2283 49.2283
2.49 -58.9872 195.404 57.0076 47.6316 47.6316
2.5 -58.8212 193.67 59.63 45.8104 45.8104
2.51 -58.6504 191.578 61.6651 43.7471 43.7471
2.52 -58.4752 189.485 62.8679 41.5408 41.5408
2.53 -58.3015 187.768 63.4247 39.3628 39.3628
2.54 -58.1386 186.54 63.9265 37.376 37.376
2.55 -57.9961 185.707 65.2007 35.6598 35.6598
2.56 -57.8804 185.068 67.8106 34.1882 34.1882
2.57 -57.7935 184.485 71.707 32.8769 32.8769
2.58 -57.7328 183.976 76.27 31.6662 31.6662
2.59 -57.6925 183.47 80.6168 30.5722 30.5722
2.6 -57.6663 182.673 84.0387 29.6564 29.6564
2.61 -57.6503 181.465 86.3532 28.9513 28.9513
2.62 -57.6452 180.209 87.9252 28.4325 28.4325
2.63 -57.6539 179.323 89.4287 28.0622 28.0622
2.64 -57.6775 178.474 91.2473 27.8235 27.8235
2.65 -57.7129 176.49 92.8933 27.6814 27.6814
2.66 -57.7536 172.544 93.5306 27.5317 27.5317
2.67 -57.7922 167.341 92.8614 27.2455 27.2455
2.68 -57.8239 162.743 91.1789 26.8005 26.8005
2.69 -57.8469 160.131 88.8739 26.3509 26.3509
2.7 -57.8625 159.205 85.9081 26.1265 26.1265
2.71 -57.8723 158.377 82.0179 26.2364 26.2364
2.72 -57.8761 156.246 77.5236 26.5617 26.5617
2.73 -57.8718 152.84 73.4507 26.8381 26.8381
2.74 -57.8584 149.616 70.429 26.8623 26.8623
2.75 -57.8391 148.12 67.8097 26.6523 26.6523
2.76 -57.818 148.682 64.5485 26.4244 26.4244
2.77 -57.7992 150.555 60.3168 26.4129 26.4129
2.78 -57.79 153.177 55.3271 26.7203 26.7203
2.79 -57.8006 156.856 50.1327 27.347 27.347
2.8 -57.8376 161.942 45.8061 28.3148 28.3148
2.81 -57.9002 167.696 43.1463 29.6842 29.6842
2.82 -57.9831 172.563 41.8522 31.435 31.435
2.83 -58.0802 175.517 41.01 33.3786 33.3786
2.84 -58.1886 176.82 39.8411 35.2321 35.2321
2.85 -58.3088 177.507 38.1449 36.7856 36.7856
2.86 -58.4448 178.411 36.095 37.9983 37.9983
2.87 -58.6026 179.885 33.7275 38.9827 38.9827
2.88 -58.7867 181.953 31.2235 39.9521 39.9521
2.89 -58.9939 184.223 29.1951 41.1633 41.1633
2.9 -59.2131 186.032 28.0855 42.8172 42.8172
2.91 -59.4302 187.173 27.7249 44.9521 44.9521
2.92 -59.6331 188.243 27.6346 47.4282 47.4282
2.93 -59.8139 189.886 27.378 50.0219 50.0219
2.94 -59.9686 191.992 26.7792 52.5199 52.5199
2.95 -60.0975 193.993 25.9935 54.7379 54.7379
2.96 -60.204 195.549 25.2315 56.5116 56.5116
2.97 -60.2909 196.47 24.403 57.7226 57.7226
2.98 -60.3565 196.409 23.1705 58.3348 58.3348
2.99 -60.3945 195.236 21.4359 58.4039 58.4039
3 -60.3974 193.537 19.6915 58.0703 58.0703
3.01 -60.3603 192.342 18.6895 57.5427 57.5427
3.02 -60.2836 192.278 18.8215 57.0392 57.0392
3.03 -60.1725 193.035 19.9975 56.6711 56.6711
3.04 -60.0348 193.617 21.725 56.3441 56.3441
3.05 -59.8806 193.234 23.1568 55.7899 55.7899
3.06 -59.7192 191.879 23.6286 54.7436 54.7436
3.07 -59.5548 189.895 23.4989 53.1185 53.1185
3.08 -59.3851 187.528 24.0201 51.0147 51.0147
3.09 -59.2074 184.902 25.953 48.5902 48.5902
3.1 -59.0227 182.039 28.798 45.9561 45.9561
3.11 -58.8367 179.273 31.7466 43.1946 43.1946
3.12 -58.6568 177.427 35.0137 40.4458 40.4458
3.13 -58.4891 177.069 39.7429 37.9322 37.9322
3.14 -58.3378 177.86 46.3454 35.8577 35.8577
3.15 -58.2067 178.734 53.5388 34.2732 34.2732
3.16 -58.0971 178.594 59.39 33.0396 33.0396
3.17 -58.0082 176.866 62.5047 31.916 31.916
3.18 -57.9373 173.589 62.6125 30.6911 30.6911
3.19 -57.8805 169.288 61.0514 29.2617 29.2617
3.2 -57.8323 164.542 60.0313 27.6248 27.6248
3.21 -57.7881 159.331 60.7334 25.8177 25.8177
3.22 -57.7444 153.046 62.5088 23.863 23.863
3.23 -57.6992 145.45 63.9356 21.7677 21.7677
3.24 -57.6511 137.285 64.1258 19.5873 19.5873
3.25 -57.6003 129.845 62.9794 17.4915 17.4915
3.26 -57.5504 124.57 60.8702 15.7593 15.7593
3.27 -57.5077 122.818 58.6214 14.7099 14.7099
3.28 -57.4782 125.094 57.1951 14.6019 14.6019
3.29 -57.4643 130.289 56.8715 15.5116 15.5116
3.3 -57.4622 136.031 57.1093 17.2267 17.2267
3.31 -57.4629 140.04 57.3788 19.2498 19.2498
3.32 -57.4547 141.367 57.8845 20.9632 20.9632
3.33 -57.4295 140.493 59.0751 21.8812 21.8812
3.34 -57.3883 138.431 60.4992 21.832 21.832
3.35 -57.3421 136.154 61.1023 20.9769 20.9769
3.36 -57.3068 134.833 60.6731 19.7083 19.7083
3.37 -57.298 135.722 60.1201 18.5306 18.5306
3.38 -57.3244 139.363 60.6451 17.9532 17.9532
3.39 -57.3832 145.043 62.9619 18.3559 18.3559
3.4 -57.4616 151.003 66.5722 19.8392 19.8392
3.41 -57.543 155.247 69.6713 22.1507 22.1507
3.42 -57.6141 156.608 70.4734 24.7606 24.7606
3.43 -57.6687 155.362 68.743 27.0537 27.0537
3.44 -57.7099 152.735 65.7547 28.5335 28.5335
3.45 -57.7472 149.794 63.0174 28.9419 28.9419
3.46 -57.7924 146.99 61.1526 28.285 28.285
3.47 -57.8533 144.515 59.7306 26.8245 26.8245
3.48 -57.9301 142.641 57.974 25.0553 25.0553
3.49 -58.0139 141.743 55.4852 23.6191 23.6191
3.5 -58.0922 141.979 52.1507 23.1136 23.1136
3.51 -58.1548 143.071 47.9002 23.8596 23.8596
3.52 -58.1982 144.828 43.3543 25.7622 25.7622
3.53 -58.2262 147.534 39.9962 28.3608 28.3608
3.54 -58.2479 151.315 38.8985 31.027 31.027
3.55 -58.2736 155.509 39.6034 33.1729 33.1729
3.56 -58.3109 158.895 40.3058 34.3931 34.3931
3.57 -58.3609 160.563 39.24 34.5525 34.5525
3.58 -58.4186 160.608 36.0518 33.839 33.839
3.59 -58.4759 159.951 31.9688 32.7367 32.7367
3.6 -58.5257 159.829 29.0359 31.8742 31.8742
3.61 -58.5673 161.36 28.8343 31.8001 31.8001
3.62 -58.6072 164.92 31.2301 32.8032 32.8032
3.63 -58.6562 169.795 34.3706 34.8451 34.8451
3.64 -58.7221 174.589 36.2862 37.593 37.593
3.65 -58.8045 178.065 36.4096 40.5143 40.5143
3.66 -58.8956 179.745 35.4049 43.0183 43.0183
3.67 -58.9843 179.676 34.0261 44.6264 44.6264
3.68 -59.0599 177.999 32.6031 45.1089 45.1089
3.69 -59.1172 175.342 31.159 44.5469 44.5469
3.7 -59.1607 173.015 29.4103 43.3317 43.3317
3.71 -59.2016 172.206 26.892 42.0887 42.0887
3.72 -59.2525 173.471 23.4897 41.4977 41.4977
3.73 -59.3211 176.712 19.6164 42.0552 42.0552
3.74 -59.407 181.036 15.7848 43.8913 43.8913
3.75 -59.5031 185.456 12.306 46.7304 46.7304
3.76 -59.6005 189.902 9.30368 50.0306 50.0306
3.77 -59.693 194.908 6.93984 53.229 53.229
3.78 -59.7785 200.67 5.43815 55.9268 55.9268
3.79 -59.8614 206.843 4.75115 57.9337 57.9337
3.8 -59.9513 212.923 4.57451 59.2429 59.2429
3.81 -60.0565 218.324 4.71027 60.014 60.014
3.82 -60.1785 222.153 5.16892 60.5309 60.5309
3.83 -60.3087 223.577 6.24443 61.089 61.089
3.84 -60.4355 223.163 8.34868 61.8889 61.8889
3.85 -60.5532 223.298 11.2823 63.0615 63.0615
3.86 -60.6628 226.046 14.2838 64.7612 64.7612
3.87 -60.7656 231.051 16.8115 67.1018 67.1018
3.88 -60.8626 236.291 18.7401 69.9349 69.9349
3.89 -60.9553 240.139 20.0628 72.7659 72.7659
3.9 -61.0442 242.254 20.5679 74.9953 74.9953
3.91 -61.1258 242.875 19.6954 76.2861 76.2861
3.92 -61.1915 241.819 16.8671 76.7091 76.7091
3.93 -61.2309 238.832 12.3487 76.5693 76.5693
3.94 -61.2364 234.472 7.57951 76.1381 76.1381
3.95 -61.2057 229.593 4.18583 75.5183 75.5183
3.96 -61.1408 224.446 2.93295 74.6524 74.6524
3.97 -61.0465 219.059 3.69232 73.3922 73.3922
3.98 -60.9272 213.771 6.0484 71.6066 71.6066
3.99 -60.7845 208.965 9.72173 69.2791 69.2791
4 -60.6167 204.503 14.0599 66.5106 66.5106
4.01 -60.4226 199.592 17.6532 63.4101 63.4101
4.02 -60.2029 193.775 19.4397 59.9889 59.9889
4.03 -59.9632 187.812 19.5181 56.2011 56.2011
4.04 -59.7136 182.699 18.3473 52.1016 52.1016
4.05 -59.4652 178.622 16.2698 47.9296 47.9296
4.06 -59.2258 175.404 14.2093 44.0155 44.0155
4.07 -58.9976 172.812 13.5394 40.5997 40.5997
4.08 -58.7779 170.067 14.7179 37.692 37.692
4.09 -58.5611 165.885 17.0863 35.0343 35.0343
4.1 -58.3407 159.383 19.9815 32.1888 32.1888
4.11 -58.1144 150.668 23.0715 28.7414 28.7414
4.12 -57.8866 140.716 26.207 24.5232 24.5232
4.13 -57.6668 130.964 29.6767 19.7109 19.7109
4.14 -57.4659 122.454 33.6639 14.7407 14.7407
4.15 -57.2932 115.276 37.3973 10.1017 10.1017
4.16 -57.1526 109.036 39.7075 6.16136 6.16136
4.17 -57.0411 103.499 40.019 3.12616 3.12616
4.18 -56.9495 98.6896 38.8115 1.09263 1.09263
4.19 -56.8648 94.5359 37.5972 0.0600164 0.0600164
4.2 -56.7737 90.5982 38.0197 -0.148286 -0.148286
4.21 -56.6694 86.5314 40.918 0.0492635 0.0492635
4.22 -56.5527 82.7417 46.3561 0.0854068 0.0854068
4.23 -56.4304 79.8985 53.6179 -0.514435 -0.514435
4.24 -56.3109 78.1637 61.2978 -1.9182 -1.9182
4.25 -56.1998 77.5519 68.5543 -3.93546 -3.93546
4.26 -56.098 78.3284 75.5353 -6.11025 -6.11025
4.27 -56.0044 80.7072 82.264 -7.88057 -7.88057
4.28 -55.9169 84.6824 88.4756 -8.75446 -8.75446
4.29 -55.8329 89.8836 94.1517 -8.47291 -8.47291
4.3 -55.7515 95.3428 98.9366 -7.11739 -7.11739
4.31 -55.6765 100.012 101.914 -5.09572 -5.09572
4.32 -55.6147 103.639 102.824 -2.97457 -2.97457
4.33 -55.5716 106.698 102.667 -1.24145 -1.24145
4.34 -55.5492 109.557 102.95 -0.15235 -0.15235
4.35 -55.5449 112.147 104.968 0.261695 0.261695
4.36 -55.5542 114.579 109.378 0.118403 0.118403
4.37 -55.5756 117.592 115.708 -0.328643 -0.328643
4.38 -55.6114 121.914 122.498 -0.655442 -0.655442
4.39 -55.6657 127.178 127.909 -0.34109 -0.34109
4.4 -55.7412 131.918 130.521 0.990998 0.990998
4.41 -55.838 135.002 130.291 3.33573 3.33573
4.42 -55.9544 136.676 128.549 6.29572 6.29572
4.43 -56.0851 138.183 127.114 9.30779 9.30779
4.44 -56.2212 140.781 127.78 11.9061 11.9061
4.45 -56.3515 144.819 131.554 13.8402 13.8402
4.46 -56.4677 149.553 137.536 15.0473 15.0473
4.47 -56.569 154.14 143.385 15.6134 15.6134
4.48 -56.6593 158.425 147.379 15.7936 15.7936
4.49 -56.7422 162.382 149.428 15.9984 15.9984
4.5 -56.8183 165.582 150.35 16.6361 16.6361
4.51 -56.8862 167.907 151.215 17.8997 17.8997
4.52 -56.9425 170.151 153.085 19.6914 19.6914
4.53 -56.9829 173.011 156.066 21.7193 21.7193
4.54 -57.0026 176.038 158.991 23.6161 23.6161
4.55 -56.9986 178.382 160.528 24.9975 24.9975
4.56 -56.9741 179.892 159.687 25.5532 25.5532
4.57 -56.9397 181.006 155.822 25.2183 25.2183
4.58 -56.908 182.253 149.414 24.2899 24.2899
4.59 -56.8876 184.168 142.451 23.3382 23.3382
4.6 -56.8833 187.247 137.364 22.9513 22.9513
4.61 -56.8958 191.312 135.112 23.4787 23.4787
4.62 -56.9225 195.02 134.384 24.8955 24.8955
4.63 -56.9586 196.933 133.229 26.8304 26.8304
4.64 -57.0002 197.253 131.29 28.761 28.761
4.65 -57.0487 197.926 129.647 30.3021 30.3021
4.66 -57.1153 201.052 128.833 31.4189 31.4189
4.67 -57.2163 207.313 128.065 32.4228 32.4228
4.68 -57.3652 215.641 126.333 33.7629 33.7629
4.69 -57.5653 224.247 123.496 35.7758 35.7758
4.7 -57.809 232.011 120.46 38.5666 38.5666
4.71 -58.0801 238.841 118.519 42.0524 42.0524
4.72 -58.3606 244.985 118.001 46.0616 46.0616
4.73 -58.6392 250.74 117.735 50.3968 50.3968
4.74 -58.9143 256.624 116.47 54.8688 54.8688
4.75 -59.1909 263.08 114.236 59.3175 59.3175
4.76 -59.4757 270.256 112.215 63.6095 63.6095
4.77 -59.7728 278.256 112.074 67.6363 67.6363
4.78 -60.0793 286.979 114.62 71.3544 71.3544
4.79 -60.3868 295.727 118.465 74.8445 74.8445
4.8 -60.6824 303.609 121.041 78.3152 78.3152
4.81 -60.9528 310.344 120.615 82.021 82.021
4.82 -61.1919 316.438 116.672 86.1403 86.1403
4.83 -61.4012 322.474 109.997 90.6756 90.6756
4.84 -61.5831 328.356 103.247 95.3894 95.3894
4.85 -61.7368 333.446 99.4193 99.8058 99.8058
4.86 -61.8653 337.055 98.317 103.357 103.357
4.87 -61.9758 338.962 96.4167 105.67 105.67
4.88 -62.0725 340.054 91.1272 106.814 106.814
4.89 -62.1537 341.681 83.4239 107.295 107.295
4.9 -62.2136 344.152 76.1365 107.736 107.736
4.91 -62.2507 346.772 71.0074 108.503 108.503
4.92 -62.2728 349.363 67.8696 109.583 109.583
4.93 -62.2927 352.778 65.853 110.815 110.815
4.94 -62.3213 357.454 63.9745 112.16 112.16
4.95 -62.3652 362.238 60.8474 113.685 113.685
4.96 -62.4241 365.197 55.6062 115.327 115.327
4.97 -62.4908 365.028 49.156 116.726 116.726
4.98 -62.5554 361.477 43.083 117.328 117.328
4.99 -62.6128 355.259 37.4923 116.687 116.687
5 -62.6676 348.31 31.4934 114.774 114.774
5.01 -62.7284 343.034 25.3318 112.108 112.108
5.02 -62.7992 340.029 20.2455 109.548 109.548
5.03 -62.8775 337.367 16.8569 107.799 107.799
5.04 -62.955 332.845 14.878 106.976 106.976
5.05 -63.0225 325.957 13.2982 106.606 106.606
5.06 -63.0727 317.43 10.0881 106.044 106.044
5.07 -63.1033 308.459 3.36811 104.928 104.928
5.08 -63.1165 300.555 -6.46985 103.337 103.337
5.09 -63.1174 294.789 -17.2034 101.621 101.621
5.1 -63.1144 291.105 -27.1502 100.096 100.096
5.11 -63.114 288.82 -35.6264 98.855 98.855
5.12 -63.1157 287.627 -41.9275 97.816 97.816
5.13 -63.114 287.568 -46.0311 96.9297 96.9297
5.14 -63.1045 288.034 -49.8178 96.3349 96.3349
5.15 -63.0848 287.763 -55.5091 96.2841 96.2841
5.16 -63.0576 286.392 -63.2124 96.9103 96.9103
5.17 -63.0338 284.951 -71.5463 98.0804 98.0804
5.18 -63.0314 284.587 -79.5469 99.4691 99.4691
5.19 -63.0669 285.905 -86.5996 100.771 100.771
5.2 -63.147 289.231 -91.307 101.896 101.896
5.21 -63.2625 294.004 -91.8811 103.009 103.009
5.22 -63.3902 297.759 -87.9778 104.332 104.332
5.23 -63.4996 297.231 -80.7686 105.808 105.808
5.24 -63.5636 290.824 -71.6208 106.944 106.944
5.25 -63.5667 279.219 -61.8042 107.014 107.014
5.26 -63.5078 264.311 -52.1463 105.463 105.463
5.27 -63.3926 248.093 -42.2904 102.167 102.167
5.28 -63.2276 231.83 -31.5317 97.3839 97.3839
5.29 -63.0152 215.993 -20.2101 91.5136 91.5136
5.3 -62.7493 201.28 -8.96787 84.9196 84.9196
5.31 -62.4143 188.985 2.44163 77.9208 77.9208
5.32 -61.99 179.646 14.4046 70.8367 70.8367
5.33 -61.4589 172.125 26.856 63.9113 63.9113
5.34 -60.8116 164.409 39.9564 57.1264 57.1264
5.35 -60.0491 154.869 54.7212 50.0751 50.0751
5.36 -59.1814 142.753 72.5254 42.0245 42.0245
5.37 -58.2285 128.123 92.8841 32.1632 32.1632
5.38 -57.2213 111.885 112.339 19.9711 19.9711
5.39 -56.1915 95.5016 127.559 5.56971 5.56971
5.4 -55.1601 80.2628 138.879 -10.1899 -10.1899
5.41 -54.1375 67.1564 149.321 -26.0166 -26.0166
5.42 -53.1374 57.1921 161.338 -40.6435 -40.6435
5.43 -52.1805 51.0861 174.675 -53.1553 -53.1553
5.44 -51.2912 48.1237 187.114 -63.0974 -63.0974
5.45 -50.4872 45.8069 197.615 -70.5041 -70.5041
5.46 -49.775 41.388 207.804 -75.93 -75.93
5.47 -49.1555 33.651 220.055 -80.3662 -80.3662
5.48 -48.6297 23.1951 235.366 -84.9227 -84.9227
5.49 -48.1969 11.4659 253.254 -90.3944 -90.3944
5.5 -47.8591 -0.241445 271.599 -96.9461 -96.9461
5.51 -47.6224 -11.1493 287.092 -104.038 -104.038
5.52 -47.4956 -20.1796 297.751 -110.568 -110.568
5.53 -47.4836 -25.9282 304.268 -115.172 -115.172
5.54 -47.5847 -27.8584 307.996 -116.654 -116.654
5.55 -47.7911 -26.2387 309.436 -114.413 -114.413
5.56 -48.0908 -21.0272 308.424 -108.629 -108.629
5.57 -48.4689 -12.4169 304.437 -100.114 -100.114
5.58 -48.9055 -2.10014 297.196 -90.0184 -90.0184
5.59 -49.3788 7.22681 287.191 -79.6329 -79.6329
5.6 -49.8739 13.8013 274.985 -70.2057 -70.2057
5.61 -50.3887 17.885 260.406 -62.6227 -62.6227
5.62 -50.9292 21.2633 243.361 -57.0209 -57.0209
5.63 -51.5012 26.1924 225.218 -52.6476 -52.6476
5.64 -52.1067 34.5282 208.157 -48.1493 -48.1493
5.65 -52.7473 47.1405 192.78 -42.1353 -42.1353
5.66 -53.4247 63.5377 177.077 -33.6941 -33.6941
5.67 -54.1384 81.9579 158.057 -22.6574 -22.6574
5.68 -54.8813 100.369 134.637 -9.59384 -9.59384
5.69 -55.6422 117.823 108.941 4.41024 4.41024
5.7 -56.4106 134.735 84.704 18.105 18.105
5.71 -57.1807 151.708 64.5712 30.441 30.441
5.72 -57.9491 168.414 49.0859 40.7934 40.7934
5.73 -58.7095 183.801 38.0145 48.9951 48.9951
5.74 -59.4498 197.312 31.8339 55.2646 55.2646
5.75 -60.1555 209.839 31.4939 60.1438 60.1438
5.76 -60.8156 223.295 36.7717 64.4587 64.4587
5.77 -61.4264 239.274 45.4501 69.1984 69.1984
5.78 -61.9901 258.181 54.17 75.2433 75.2433
5.79 -62.5151 279.151 59.1845 83.0377 83.0377
5.8 -63.0142 300.274 56.746 92.3996 92.3996
5.81 -63.4976 319.573 44.8601 102.589 102.589
5.82 -63.9649 337.027 26.284 112.623 112.623
5.83 -64.405 355.005 8.45503 121.704 121.704
5.84 -64.7995 375.384 -2.14881 129.511 129.511
5.85 -65.1328 396.397 -4.99719 136.141 136.141
5.86 -65.3958 413.737 -4.08591 141.789 141.789
5.87 -65.5882 424.634 -3.31147 146.509 146.509
5.88 -65.7239 429.9 -4.3988 150.325 150.325
5.89 -65.8264 432.658 -6.8843 153.506 153.506
5.9 -65.9188 435.75 -8.75735 156.608 156.608
5.91 -66.0156 440.054 -8.39378 160.178 160.178
5.92 -66.1181 444.868 -5.29054 164.374 164.374
5.93 -66.2104 448.971 0.972474 168.807 168.807
5.94 -66.2605 450.566 10.7248 172.66 172.66
5.95 -66.2327 447.521 23.193 174.929 174.929
5.96 -66.102 438.721 36.254 174.727 174.727
5.97 -65.8634 424.988 47.9951 171.616 171.616
5.98 -65.5273 408.498 58.386 165.812 165.812
5.99 -65.1147 391.227 68.2545 158.056 158.056
6 -64.6514 373.573 76.3838 149.212 149.212
6.01 -64.161 354.322 78.7065 139.876 139.876
6.02 -63.6531 331.743 71.2131 130.255 130.255
6.03 -63.1187 304.025 52.4622 120.296 120.296
6.04 -62.5385 270.023 23.5274 109.804 109.804
6.05 -61.9018 231.271 -12.6687 98.5208 98.5208
6.06 -61.2203 192.109 -52.4091 86.2542 86.2542
6.07 -60.5273 157.156 -92.121 73.0563 73.0563
6.08 -59.8705 128.972 -128.773 59.2929 59.2929
6.09 -59.294 107.407 -160.974 45.5515 45.5515
6.1 -58.8347 90.2408 -189.6 32.4773 32.4773
6.11 -58.5074 74.9678 -215.469 20.6562 20.6562
6.12 -58.3008 60.0132 -237.523 10.5511 10.5511
6.13 -58.1899 44.7841 -253.561 2.39985 2.39985
6.14 -58.144 29.8246 -260.523 -3.91423 -3.91423
6.15 -58.1356 16.4968 -254.318 -8.90314 -8.90314
6.16 -58.1448 5.5528 -232.044 -13.3872 -13.3872
6.17 -58.1597 -3.40203 -194.235 -18.3008 -18.3008
6.18 -58.1674 -11.3701 -144.419 -24.4107 -24.4107
6.19 -58.1473 -20.2802 -88.1012 -32.057 -32.057
6.2 -58.0625 -33.3262 -31.5457 -41.1017 -41.1017
6.21 -57.8626 -52.8296 21.293 -51.1217 -51.1217
6.22 -57.4923 -77.302 71.267 -61.6458 -61.6458
6.23 -56.9069 -101.592 122.444 -72.2473 -72.2473
6.24 -56.0825 -120.869 177.326 -82.5556 -82.5556
6.25 -55.0157 -135.023 233.349 -92.3898 -92.3898
6.26 -53.7217 -149.19 282.848 -102.024 -102.024
6.27 -52.2202 -170.046 316.521 -112.295 -112.295
6.28 -50.5398 -200.363 329.099 -124.264 -124.264
6.29 -48.7064 -236.46 324.297 -138.542 -138.542
6.3 -46.7455 -270.01 314.063 -154.798 -154.798
6.31 -44.693 -293.636 309.846 -171.849 -171.849
6.32 -42.6098 -305.201 313.318 -188.238 -188.238
6.33 -40.5884 -306.785 316.271 -202.766 -202.766
6.34 -38.741 -301.682 307.471 -214.583 -214.583
6.35 -37.1767 -292.517 280.435 -222.966 -222.966
6.36 -35.9815 -279.941 238.186 -227.218 -227.218
6.37 -35.2094 -261.189 193.809 -226.808 -226.808
6.38 -34.8831 -231.2 164.857 -221.572 -221.572
6.39 -35.0113 -188.028 161.325 -211.828 -211.828
6.4 -35.597 -136.626 178.407 -198.425 -198.425
6.41 -36.6353 -85.4329 204.197 -182.687 -182.687
6.42 -38.1007 -41.2476 231.312 -166.093 -166.093
6.43 -39.9429 -8.58469 258.426 -149.841 -149.841
6.44 -42.0917 10.0538 286.864 -134.596 -134.596
6.45 -44.4616 15.8583 319.193 -120.543 -120.543
6.46 -46.9544 13.5623 357.642 -107.546 -107.546
6.47 -49.4686 7.75378 400.633 -95.3342 -95.3342
6.48 -51.9024 -0.24712 441.062 -83.7356 -83.7356
6.49 -54.1597 -11.7567 469.925 -72.9012 -72.9012
6.5 -56.1475 -28.0702 481.182 -63.3126 -63.3126
6.51 -57.7896 -48.1402 472.922 -55.4818 -55.4818
6.52 -59.0356 -68.7976 445.16 -49.5442 -49.5442
6.53 -59.8644 -87.3046 397.374 -45.0942 -45.0942
6.54 -60.2837 -102.145 328.849 -41.4053 -41.4053
6.55 -60.3267 -110.906 242.577 -37.7743 -37.7743
6.56 -60.0447 -109.599 146.667 -33.6527 -33.6527
6.57 -59.5026 -94.5191 50.6332 -28.5729 -28.5729
6.58 -58.7772 -63.892 -38.4087 -22.0695 -22.0695
6.59 -57.9563 -18.6566 -117.345 -13.6926 -13.6926
6.6 -57.1387 37.7879 -186.933 -3.05677 -3.05677
6.61 -56.4312 101.879 -249.447 10.1552 10.1552
6.62 -55.9526 171.724 -305.206 26.2321 26.2321
6.63 -55.8257 246.846 -352.251 45.442 45.442
6.64 -56.1511 326.285 -387.635 67.9833 67.9833
6.65 -57.0023 406.726 -408.6 93.8739 93.8739
6.66 -58.4031 482.39 -414.379 122.785 122.785
6.67 -60.3317 547 -406.25 153.919 153.919
6.68 -62.7156 596.686 -385.368 186.066 186.066
6.69 -65.4505 631.373 -351.186 217.868 217.868
6.7 -68.41 652.779 -302.606 248.068 248.068
6.71 -71.4661 661.316 -240.96 275.557 275.557
6.72 -74.4926 655.725 -171.809 299.253 299.253
6.73 -77.3782 636.665 -102.753 318.13 318.13
6.74 -80.0227 609.71 -39.8446 331.59 331.59
6.75 -82.3367 583.861 12.7014 339.928 339.928
6.76 -84.2343 567.273 51.9668 344.444 344.444
6.77 -85.6292 564.224 77.4812 346.948 346.948
6.78 -86.4447 575.079 90.7594 348.928 348.928
6.79 -86.6328 598.056 92.9013 350.957 350.957
6.8 -86.1875 630.884 83.6096 352.683 352.683
6.81 -85.1483 671.741 62.9491 353.282 353.282
6.82 -83.5966 719.498 33.3222 351.982 351.982
6.83 -81.6506 772.983 -2.12421 348.404 348.404
6.84 -79.4576 829.922 -42.5491 342.696 342.696
6.85 -77.1803 887.356 -88.6685 335.515 335.515
6.86 -74.9721 943.424 -138.594 328.005 328.005
6.87 -72.9674 997.479 -186.804 321.7 321.7
6.88 -71.2787 1047.7 -228.016 318.254 318.254
6.89 -69.9947 1089.74 -260.425 318.991 318.991
6.9 -69.1825 1118.41 -284.49 324.438 324.438
6.91 -68.8844 1130.77 -299.007 334.092 334.092
6.92 -69.1153 1127.81 -300.264 346.578 346.578
6.93 -69.8734 1112.72 -286.635 360.168 360.168
6.94 -71.1421 1086.78 -262.532 373.331 373.331
6.95 -72.858 1047.79 -235.107 385.007 385.007
6.96 -74.9178 993.892 -208.144 394.579 394.579
6.97 -77.1782 927.46 -180.254 401.8 401.8
6.98 -79.482 855.511 -148.835 406.798 406.798
6.99 -81.6795 786.328 -114.26 410.054 410.054
7 -83.6356 726.022 -79.1 412.137 412.137
7.01 -85.2291 678.277 -43.6715 413.255 413.255
7.02 -86.3582 645.144 -6.16542 412.915 412.915
7.03 -86.9477 625.548 31.8012 409.915 409.915
7.04 -86.9459 613.198 62.0922 402.572 402.572
7.05 -86.3217 597.183 72.6183 389.011 389.011
7.06 -85.0578 567.432 55.0721 367.503 367.503
7.07 -83.1508 520.91 12.0252 336.975 336.975
7.08 -80.6289 461.291 -45.5589 297.519 297.519
7.09 -77.5575 393.79 -106.697 250.465 250.465
7.1 -74.0388 321.617 -165.61 197.901 197.901
7.11 -70.2043 246.735 -221.229 142.072 142.072
7.12 -66.2004 171.912 -273.763 85.1743 85.1743
7.13 -62.1748 100.209 -323.079 29.4972 29.4972
7.14 -58.2634 32.8692 -369.25 -22.6152 -22.6152
7.15 -54.5864 -30.6532 -411.652 -69.2048 -69.2048
7.16 -51.2447 -91.0634 -447.949 -109.212 -109.212
7.17 -48.325 -149.422 -474.687 -142.669 -142.669
7.18 -45.8678 -207.948 -487.962 -170.517 -170.517
7.19 -43.9 -268.333 -483.988 -194.194 -194.194
7.2 -42.4154 -330.594 -460.262 -215.133 -215.133
7.21 -41.3911 -392.44 -415.938 -234.26 -234.26
7.22 -40.7791 -449.529 -349.918 -251.681 -251.681
7.23 -40.5096 -496.892 -260.782 -266.732 -266.732
7.24 -40.5156 -531.357 -149.65 -278.37 -278.37
7.25 -40.716 -553.454 -22.0406 -285.768 -285.768
7.26 -41.0378 -566.656 112.925 -288.838 -288.838
7.27 -41.3873 -575.272 245.767 -288.439 -288.439
7.28 -41.6672 -582.438 368.591 -286.194 -286.194
7.29 -41.7952 -589.318 474.488 -283.962 -283.962
7.3 -41.6952 -595.55 558.577 -283.299 -283.299
7.31 -41.3151 -599.556 620.498 -285.216 -285.216
7.32 -40.6219 -599.417 663.556 -290.201 -290.201
7.33 -39.6167 -595.964 687.752 -298.29 -298.29
7.34 -38.338 -593.511 686.074 -309.084 -309.084
7.35 -36.8677 -596.184 650.578 -321.71 -321.71
7.36 -35.2902 -603.333 582.01 -334.709 -334.709
7.37 -33.6946 -608.756 491.742 -346.144 -346.144
7.38 -32.1789 -605.731 394.295 -354.129 -354.129
7.39 -30.8399 -592.47 298.157 -357.472 -357.472
7.4 -29.7813 -571.199 205.875 -356.044 -356.044
7.41 -29.0961 -543.545 120.316 -350.549 -350.549
7.42 -28.8531 -508.845 47.8687 -341.763 -341.763
7.43 -29.1043 -466.292 -4.7052 -329.879 -329.879
7.44 -29.8977 -418.055 -37.0962 -314.454 -314.454
7.45 -31.2764 -368.816 -56.1609 -294.832 -294.832
7.46 -33.2621 -322.182 -68.6424 -270.556 -270.556
7.47 -35.8339 -278.14 -74.2444 -241.491 -241.491
7.48 -38.925 -233.548 -65.4323 -207.796 -207.796
7.49 -42.4306 -184.07 -33.8227 -169.962 -169.962
7.5 -46.2298 -125.724 22.1674 -128.835 -128.835
7.51 -50.2049 -55.6658 95.7925 -85.4128 -85.4128
7.52 -54.2406 27.2667 177.726 -40.4973 -40.4973
7.53 -58.2233 121.436 260.902 5.39446 5.39446
7.54 -62.0457 222.161 339.992 51.7255 51.7255
7.55 -65.6148 322.915 408.265 97.55 97.55
7.56 -68.8628 416.643 455.231 141.479 141.479
7.57 -71.7471 497.303 469.062 182.111 182.111
7.58 -74.2196 562.613 445.778 218.56 218.56
7.59 -76.2277 615.909 394.402 250.589 250.589
7.6 -77.7368 663.301 329.65 278.327 278.327
7.61 -78.7484 708.781 259.973 301.918 301.918
7.62 -79.3018 751.752 183.66 321.442 321.442
7.63 -79.4793 788.813 95.742 337.147 337.147
7.64 -79.3635 817.744 -3.16833 349.675 349.675
7.65 -79.0437 839.267 -104.106 360.033 360.033
7.66 -78.587 856.88 -193.705 369.295 369.295
7.67 -78.0584 874.705 -260.267 378.196 378.196
7.68 -77.5239 894.048 -300.472 386.846 386.846
7.69 -77.0428 912.478 -320.01 394.791 394.791
7.7 -76.6604 927.347 -325.463 401.362 401.362
7.71 -76.4017 939.351 -316.208 406.147 406.147
7.72 -76.2743 951.638 -286.038 409.281 409.281
7.73 -76.2732 966.504 -230.742 411.33 411.33
7.74 -76.3863 984.388 -151.457 412.896 412.896
7.75 -76.5855 1005.33 -51.6696 414.262 414.262
7.76 -76.8255 1029.66 65.5077 415.301 415.301
7.77 -77.0452 1056.73 195.268 415.573 415.573
7.78 -77.1929 1084.52 328.141 414.463 414.463
7.79 -77.2299 1109.78 449.807 411.279 411.279
7.8 -77.1317 1129.05 546.528 405.427 405.427
7.81 -76.8831 1140.57 611.695 396.722 396.722
7.82 -76.4808 1144.89 647.674 385.528 385.528
7.83 -75.9058 1145.6 664.904 372.504 372.504
7.84 -75.1491 1145.55 674.166 358.238 358.238
7.85 -74.2011 1143.51 679.337 343.003 343.003
7.86 -73.0582 1134.52 677.232 326.64 326.64
7.87 -71.7285 1113.9 662.712 308.669 308.669
7.88 -70.24 1080.13 631.852 288.663 288.663
7.89 -68.656 1033.94 582.49 266.684 266.684
7.9 -67.0515 976.256 514.946 243.386 243.386
7.91 -65.5101 907.23 432.263 219.727 219.727
7.92 -64.0979 828.099 341.162 196.587 196.587
7.93 -62.8553 743.094 251.809 174.648 174.648
7.94 -61.7909 658.991 174.883 154.546 154.546
7.95 -60.894 582.089 116.585 137.003 137.003
7.96 -60.1515 515.468 76.1932 122.74 122.74
7.97 -59.5581 459.242 49.0608 112.24 112.24
7.98 -59.1232 412.177 31.0633 105.587 105.587
7.99 -58.8593 372.879 21.9741 102.419 102.419
8 -58.7653 340.093 25.9115 101.932 101.932
8.01 -58.8183 311.506 46.2173 102.881 102.881
8.02 -58.973 282.408 79.3507 103.599 103.599
8.03 -59.1647 247.414 115.881 102.191 102.191
8.04 -59.3141 205.152 148.263 96.9977 96.9977
8.05 -59.3465 160.025 175.832 87.1582 87.1582
8.06 -59.2089 117.628 200.603 72.8737 72.8737
8.07 -58.8872 79.4737 220.277 55.1115 55.1115
8.08 -58.3992 42.4144 228.627 34.9742 34.9742
8.09 -57.7582 1.79259 222.497 13.2082 13.2082
8.1 -56.9721 -45.3565 204.238 -9.95364 -9.95364
8.11 -56.0182 -100.266 177.514 -34.7686 -34.7686
8.12 -54.8807 -162.347 143.063 -61.8601 -61.8601
8.13 -53.5514 -229.39 99.5472 -91.9061 -91.9061
8.14 -52.0338 -299.597 45.7598 -125.206 -125.206
8.15 -50.3589 -374.155 -19.061 -161.491 -161.491
8.16 -48.5886 -454.135 -91.7485 -200.056 -200.056
8.17 -46.7678 -539.358 -167.749 -239.851 -239.851
8.18 -44.9826 -625.354 -241.349 -279.462 -279.462
8.19 -43.2906 -705.393 -307.464 -317.147 -317.147
8.2 -41.7524 -773.606 -363.451 -351.005 -351.005
8.21 -40.3946 -827.858 -409.34 -379.18 -379.18
8.22 -39.2303 -869.501 -446.423 -400.269 -400.269
8.23 -38.2759 -902.423 -475.696 -413.956 -413.956
8.24 -37.5351 -932.224 -497.44 -421.311 -421.311
8.25 -37.0033 -963.344 -509.823 -424.396 -424.396
8.26 -36.6615 -997.688 -509.819 -425.367 -425.367
8.27 -36.487 -1034.59 -495.696 -425.668 -425.668
8.28 -36.453 -1072.16 -469.021 -425.807 -425.807
8.29 -36.5287 -1107.83 -433.077 -425.676 -425.676
8.3 -36.6816 -1139.16 -391.683 -424.956 -424.956
8.31 -36.8841 -1165.43 -350.206 -423.329 -423.329
8.32 -37.1101 -1187.68 -314.842 -420.577 -420.577
8.33 -37.3301 -1206.56 -289.369 -416.629 -416.629
8.34 -37.5111 -1220.88 -273.991 -411.559 -411.559
8.35 -37.6335 -1228.42 -267.618 -405.614 -405.614
8.36 -37.686 -1228.16 -270.221 -399.335 -399.335
8.37 -37.6654 -1221.66 -283.627 -393.601 -393.601
8.38 -37.5801 -1213.33 -310.027 -389.56 -389.56
8.39 -37.4403 -1208.46 -349.429 -388.471 -388.471
8.4 -37.2565 -1210.56 -399.324 -391.394 -391.394
8.41 -37.0429 -1221.07 -457.783 -398.78 -398.78
8.42 -36.8375 -1239.23 -524.449 -410.181 -410.181
8.43 -36.6764 -1263.04 -599.576 -424.213 -424.213
8.44 -36.6251 -1288.7 -680.778 -438.924 -438.924
8.45 -36.715 -1313.43 -765.697 -452.402 -452.402
8.46 -36.9898 -1336.55 -852.488 -463.353 -463.353
8.47 -37.5136 -1356.35 -936.807 -471.289 -471.289
8.48 -38.2559 -1371.95 -1016.55 -476.085 -476.085
8.49 -39.2694 -1381 -1089.02 -477.527 -477.527
8.5 -40.5104 -1382.37 -1154.75 -475.299 -475.299
8.51 -41.9902 -1374.68 -1213.26 -469.003 -469.003
8.52 -43.6834 -1356.42 -1260.42 -458.165 -458.165
8.53 -45.5671 -1325.94 -1289.19 -442.428 -442.428
8.54 -47.61 -1282.11 -1293.07 -421.695 -421.695
8.55 -49.7327 -1227.95 -1272.7 -396.196 -396.196
8.56 -51.9277 -1167.17 -1234.54 -366.577 -366.577
8.57 -54.1369 -1103.14 -1188.34 -333.777 -333.777
8.58 -56.3043 -1036.96 -1141.75 -298.67 -298.67
8.59 -58.3914 -966.991 -1097.79 -261.838 -261.838
8.6 -60.3653 -891.882 -1057.81 -223.668 -223.668
8.61 -62.21 -813.639 -1025.1 -184.66 -184.66
8.62 -63.9153 -737.12 -1004.47 -145.656 -145.656
8.63 -65.4702 -667.623 -998.555 -107.743 -107.743
8.64 -66.848 -609.524 -1007.13 -71.9853 -71.9853
8.65 -68.0174 -565.983 -1028.82 -39.29 -39.29
8.66 -68.9485 -537.84 -1061.94 -10.4797 -10.4797
8.67 -69.6287 -522.944 -1103.5 13.6649 13.6649
8.68 -70.0685 -516.933 -1148.8 32.5718 32.5718
8.69 -70.2998 -515.178 -1193.12 46.1064 46.1064
8.7 -70.3703 -514.351 -1234.01 54.6749 54.6749
8.71 -70.3445 -511.887 -1271.82 59.1659 59.1659
8.72 -70.2889 -503.892 -1306.4 60.8642 60.8642
8.73 -70.2487 -484.977 -1333.59 61.3798 61.3798
8.74 -70.2463 -451.336 -1347.66 62.4115 62.4115
8.75 -70.2858 -403.75 -1345.76 65.2332 65.2332
8.76 -70.3728 -346.57 -1328.79 70.1367 70.1367
8.77 -70.513 -283.886 -1298.44 76.3317 76.3317
8.78 -70.7163 -215.774 -1252.58 82.5555 82.5555
8.79 -71.0012 -138 -1184.96 88.0249 88.0249
8.8 -71.3891 -45.1838 -1089.5 93.0311 93.0311
8.81 -71.8917 65.2352 -964.019 98.8366 98.8366
8.82 -72.5072 191.763 -811.805 107.119 107.119
8.83 -73.2239 329.891 -641.914 119.461 119.461
8.84 -74.0497 473.078 -466.789 137.047 137.047
8.85 -74.9111 610.169 -304.562 160.264 160.264
8.86 -75.7606 733.154 -171.357 188.347 188.347
8.87 -76.7027 838.826 -73.0714 219.963 219.963
8.88 -77.6773 929.013 -6.98018 254.226 254.226
8.89 -78.6883 1008.73 38.2834 290.485 290.485
8.9 -79.7207 1080.96 73.713 327.49 327.49
8.91 -80.7262 1145.11 105.735 363.691 363.691
8.92 -81.6316 1199.05 136.858 397.993 397.993
8.93 -82.3882 1243.42 169.196 430.052 430.052
8.94 -82.9661 1281.67 206.185 460.239 460.239
8.95 -83.3328 1316.24 251.59 489.327 489.327
8.96 -83.467 1347.82 308.253 517.858 517.858
8.97 -83.3793 1377.35 377.976 545.433 545.433
8.98 -83.0949 1405.85 459.44 570.558 570.558
8.99 -82.614 1434.21 547.982 591.13 591.13
9 -81.953 1465.24 639.729 605.261 605.261
9.01 -81.1466 1499.27 729.741 612.128 612.128
9.02 -80.1285 1539.2 818.177 612.23 612.23
9.03 -78.9521 1586.97 907.398 606.868 606.868
9.04 -77.63 1641.98 999.949 597.274 597.274
9.05 -76.1263 1702.77 1099.2 584.18 584.18
9.06 -74.543 1763.35 1203.52 567.889 567.889
9.07 -72.8327 1817.12 1311.53 548.305 548.305
9.08 -71.0771 1857.13 1418.82 525.056 525.056
9.09 -69.252 1879.54 1521.06 497.554 497.554
9.1 -67.3554 1880.55 1613.69 464.889 464.889
9.11 -65.4039 1861.02 1690.66 426.268 426.268
9.12 -63.4664 1821.93 1745.82 381.774 381.774
9.13 -61.5368 1764.35 1775.01 332.627 332.627
9.14 -59.6636 1688.97 1776.68 280.961 280.961
9.15 -57.8522 1600.07 1755.29 229.445 229.445
9.16 -56.1433 1502.55 1719.17 180.841 180.841
9.17 -54.5436 1401.07 1674.37 137.416 137.416
9.18 -53.0344 1297.43 1621.38 100.344 100.344
9.19 -51.6126 1190.63 1557.26 69.4465 69.4465
9.2 -50.2555 1078.1 1481.1 43.4605 43.4605
9.21 -48.9419 957.752 1397.25 20.6182 20.6182
9.22 -47.666 830.616 1312.43 -0.785833 -0.785833
9.23 -46.4389 700.617 1231.37 -21.9212 -21.9212
9.24 -45.2837 572.972 1153.87 -43.068 -43.068
9.25 -44.2223 452.048 1075.61 -63.5239 -63.5239
9.26 -43.2979 340.82 991.399 -81.8546 -81.8546
9.27 -42.5313 241.389 899.825 -96.4148 -96.4148
9.28 -41.9338 156.579 806.053 -105.939 -105.939
9.29 -41.4955 88.7143 719.284 -110.004 -110.004
9.3 -41.1855 36.3017 646.531 -109.304 -109.304
9.31 -40.9834 -6.71534 589.466 -105.774 -105.774
9.32 -40.8641 -47.4813 546.468 -102.417 -102.417
9.33 -40.7916 -90.5165 515.199 -102.564 -102.564
9.34 -40.7445 -137.899 492.121 -108.82 -108.82
9.35 -40.734 -190.198 471.192 -122.382 -122.382
9.36 -40.7842 -246.284 446.32 -142.937 -142.937
9.37 -40.9091 -305.371 411.994 -168.891 -168.891
9.38 -41.131 -365.414 363.543 -197.584 -197.584
9.39 -41.4873 -424.178 296.832 -225.7 -225.7
9.4 -41.9479 -478.648 210.754 -250.189 -250.189
9.41 -42.51 -524.259 108.91 -269.08 -269.08
9.42 -43.1933 -557.029 -2.13469 -281.784 -281.784
9.43 -43.9885 -576.441 -117.57 -289.163 -289.163
9.44 -44.911 -585.472 -234.504 -292.994 -292.994
9.45 -45.9563 -588.585 -350.705 -294.93 -294.93
9.46 -47.1364 -590.163 -463.978 -295.836 -295.836
9.47 -48.4588 -591.938 -569.132 -295.72 -295.72
9.48 -49.9223 -591.561 -659.781 -293.818 -293.818
9.49 -51.5336 -584.538 -731.336 -288.589 -288.589
9.5 -53.2878 -567.072 -784.141 -277.877 -277.877
9.51 -55.2019 -538.625 -824.748 -259.491 -259.491
9.52 -57.2892 -501.12 -861.806 -231.992 -231.992
9.53 -59.5422 -455.25 -897.596 -195.192 -195.192
9.54 -61.9428 -399.039 -925.451 -150.076 -150.076
9.55 -64.4393 -330.279 -935.437 -98.4116 -98.4116
9.56 -66.9682 -249.092 -920.9 -42.4527 -42.4527
9.57 -69.4503 -158.196 -881.66 15.2911 15.2911
9.58 -71.8248 -59.5992 -822.086 72.455 72.455
9.59 -74.056 46.9918 -746.315 127.389 127.389
9.6 -76.1078 161.595 -657.374 179.583 179.583
9.61 -77.968 282.177 -560.71 229.571 229.571
9.62 -79.6497 404.58 -465.816 278.239 278.239
9.63 -81.1715 524.135 -382.971 326.038 326.038
9.64 -82.5273 637.554 -320.186 372.557 372.557
9.65 -83.7279 748.7 -274.755 416.737 416.737
9.66 -84.7845 862.124 -238.928 457.536 457.536
9.67 -85.7095 978.813 -208.056 494.295 494.295
9.68 -86.5269 1094.99 -183.26 526.448 526.448
9.69 -87.2514 1204.15 -168.191 553.275 553.275
9.7 -87.9079 1302.22 -162.26 574.213 574.213
9.71 -88.5297 1388.4 -159.712 589.421 589.421
9.72 -89.1489 1463.35 -155.385 599.936 599.936
9.73 -89.7916 1527.86 -146.862 607.278 607.278
9.74 -90.482 1584.06 -132.314 612.902 612.902
9.75 -91.2463 1636.32 -108.54 617.967 617.967
9.76 -92.0921 1689.13 -74.2247 623.461 623.461
9.77 -93.0254 1744.13 -33.6363 630.196 630.196
9.78 -94.0178 1799.24 5.97248 638.579 638.579
9.79 -95.0287 1851.78 41.4085 648.561 648.561
9.8 -96.0887 1903.18 76.2214 659.98 659.98
9.81 -97.187 1954.96 118.654 672.915 672.915
9.82 -98.2345 2007.78 178.118 687.517 687.517
9.83 -99.165 2062.27 261.105 703.463 703.463
9.84 -99.9073 2115.64 367.491 719.584 719.584
9.85 -100.383 2163.06 490.793 734.068 734.068
9.86 -100.528 2200.52 622.792 745.097 745.097
9.87 -100.301 2225.63 756.536 751.414 751.414
9.88 -99.6654 2237.7 887.356 752.47 752.47
9.89 -98.5899 2236.86 1011.54 748.22 748.22
9.9 -97.064 2223.06 1124.5 738.819 738.819
9.91 -95.0919 2196.68 1222.93 724.424 724.424
9.92 -92.664 2158.8 1307.15 705.09 705.09
9.93 -89.7658 2109.73 1380.64 680.683 680.683
9.94 -86.3955 2049.62 1446.4 650.808 650.808
9.95 -82.5535 1978.36 1505.88 614.817 614.817
9.96 -78.2733 1897.76 1559.09 572.096 572.096
9.97 -73.6242 1811.41 1606.42 522.526 522.526
9.98 -68.7036 1722.91 1648.44 466.8 466.8
9.99 -63.6186 1633.21 1684.5 406.287 406.287
10 -58.5041 1539.08 1710.49 342.511 342.511
