0.1 -22.1359 -1.06581e-014 0 3.64589 3.64589
0.2 -44.2705 1.77636e-015 -1.06581e-014 7.29279 7.29279
0.3 -66.4037 0 1.59872e-014 10.9407 10.9407
0.4 -88.5357 1.06581e-014 -5.32907e-015 14.5895 14.5895
0.5 -110.666 1.59872e-013 2.4869e-014 18.2392 18.2392
0.6 -132.796 3.90799e-014 -4.44089e-014 21.8898 21.8898
0.7 -154.924 1.13687e-013 2.4869e-014 25.5413 25.5413
0.8 -177.05 4.26326e-014 4.61853e-014 29.1937 29.1937
0.9 -199.175 8.52651e-014 6.39488e-014 32.8468 32.8468
1 -221.299 -6.39488e-014 1.77636e-014 36.5007 36.5007
0.01 -221.299 -9.29606e-006 -1.80475e-005 36.4953 36.4953
0.02 -221.299 0.000779202 0.000216045 36.465 36.465
0.03 -221.299 0.00178302 0.000724098 36.3891 36.3891
0.04 -221.298 -0.00040062 -0.000390034 36.2732 36.2732
0.05 -221.298 -0.000619603 -0.000309126 36.152 36.152
0.06 -221.298 0.000248927 7.40502e-005 36.0612 36.0612
0.07 -221.298 -0.000245942 -0.000233089 36.0172 36.0172
0.08 -221.298 0.000144375 0.000100507 36.0192 36.0192
0.09 -221.298 -9.35911e-005 -1.51498e-005 36.0607 36.0607
0.1 -221.298 6.95367e-005 -3.98012e-005 36.1361 36.1361
0.11 -221.298 7.95932e-005 -0.000128048 36.2384 36.2384
0.12 -221.298 8.42216e-005 -0.00010828 36.3569 36.3569
0.13 -221.298 -0.000729922 0.000575273 36.479 36.479
0.14 -221.298 -0.000302655 0.000212302 36.5941 36.5941
0.15 -221.298 -0.000844794 0.000356073 36.6975 36.6975
0.16 -221.298 -0.000557816 0.0002792 36.7927 36.7927
0.17 -221.298 -0.000584464 0.000266306 36.8919 36.8919
0.18 -221.299 -0.000570409 0.000273608 37.0143 37.0143
0.19 -221.299 0.000261475 -0.000450999 37.1802 37.1802
0.2 -221.299 -0.00018152 -6.48481e-005 37.4033 37.4033
0.21 -221.299 -0.00151959 0.000273788 37.6837 37.6837
0.22 -221.299 -0.0022007 0.000406233 38.0049 38.0049
0.23 -221.3 -0.00155722 0.000424498 38.3398 38.3398
0.24 -221.3 -0.0016734 0.000748099 38.6617 38.6617
0.25 -221.301 0.000156991 -0.000252868 38.9541 38.9541
0.26 -221.301 0.000356443 -0.000377115 39.2141 39.2141
0.27 -221.301 0.000800422 -0.000410913 39.4511 39.4511
0.28 -221.302 0.000555489 -0.000381 39.681 39.681
0.29 -221.302 -0.000295713 0.000202992 39.9221 39.9221
0.3 -221.303 0.000100121 -0.000105072 40.1911 40.1911
0.31 -221.303 -0.00196085 0.000208174 40.5001 40.5001
0.32 -221.303 -0.000879194 4.51838e-005 40.8532 40.8532
0.33 -221.304 0.000349098 -1.49457e-005 41.2438 41.2438
0.34 -221.305 -0.000234036 8.68016e-006 41.6524 41.6524
0.35 -221.305 3.27372e-005 -1.26044e-005 42.052 42.052
0.36 -221.305 -0.0027664 -0.000612795 42.4185 42.4185
0.37 -221.306 -0.00125744 -0.000297293 42.7397 42.7397
0.38 -221.307 0.000563636 0.000141613 43.0165 43.0165
0.39 -221.307 0.00177206 0.000749149 43.2567 43.2567
0.4 -221.308 0.0011804 0.000444278 43.4702 43.4702
0.41 -221.308 -0.000609115 -0.000212236 43.6685 43.6685
0.42 -221.308 0.00119761 0.000435999 43.8655 43.8655
0.43 -221.309 0.00145328 0.000485489 44.0743 44.0743
0.44 -221.309 0.00163148 0.000639421 44.3 44.3
0.45 -221.31 -0.000249103 -0.000254909 44.5348 44.5348
0.46 -221.31 -0.00129208 -0.000832944 44.7605 44.7605
0.47 -221.311 -0.000959773 -0.000709565 44.9578 44.9578
0.48 -221.311 -0.000265477 -0.000213542 45.1141 45.1141
0.49 -221.312 -0.000589238 -0.000403305 45.2246 45.2246
0.5 -221.312 -0.000417278 -0.000301658 45.2898 45.2898
0.51 -221.312 -0.000231264 -0.000315393 45.3144 45.3144
0.52 -221.313 7.804e-005 0.000198978 45.3071 45.3071
0.53 -221.313 0.000745973 0.000901907 45.2755 45.2755
0.54 -221.313 0.000372559 0.000583826 45.2229 45.2229
0.55 -221.313 0.000326215 0.000195666 45.149 45.149
0.56 -221.313 -0.000667505 -0.00108711 45.0558 45.0558
0.57 -221.313 -0.000849206 -0.00121521 44.9461 44.9461
0.58 -221.313 -0.000388873 -0.000609671 44.816 44.816
0.59 -221.314 -5.58204e-005 -1.76797e-005 44.6521 44.6521
0.6 -221.314 3.80191e-005 -5.9013e-005 44.4417 44.4417
0.61 -221.314 -2.6015e-005 5.79155e-005 44.1853 44.1853
0.62 -221.314 1.45871e-005 -6.51521e-005 43.8987 43.8987
0.63 -221.314 -8.78634e-006 5.19639e-005 43.6013 43.6013
0.64 -221.314 5.37235e-006 -5.46904e-005 43.3049 43.3049
0.65 -221.314 -4.08123e-006 6.63808e-005 43.0093 43.0093
0.66 -221.314 3.62335e-006 -8.05876e-005 42.7062 42.7062
0.67 -221.314 -4.65827e-006 7.90685e-005 42.3872 42.3872
0.68 -221.314 6.04303e-006 -6.97993e-005 42.0514 42.0514
0.69 -221.314 -6.295e-006 5.88295e-005 41.7049 41.7049
0.7 -221.313 7.4162e-006 -5.74938e-005 41.3532 41.3532
0.71 -221.313 -8.29193e-006 6.05091e-005 40.9963 40.9963
0.72 -221.313 1.56387e-005 -8.12453e-005 40.634 40.634
0.73 -221.312 -2.29746e-005 9.35493e-005 40.2738 40.2738
0.74 -221.312 2.50425e-005 -8.74765e-005 39.9285 39.9285
0.75 -221.311 -2.21697e-005 6.94105e-005 39.6034 39.6034
0.76 -221.311 2.05671e-005 -5.87047e-005 39.2868 39.2868
0.77 -221.31 -2.10468e-005 5.87542e-005 38.9589 38.9589
0.78 -221.309 2.61123e-005 -7.01784e-005 38.6071 38.6071
0.79 -221.308 -5.27795e-005 0.000130557 38.2325 38.2325
0.8 -221.307 -2.44915e-005 8.09553e-005 37.8417 37.8417
0.81 -221.307 -8.06491e-005 0.000198427 37.4387 37.4387
0.82 -221.306 0.000302797 -0.000484022 37.0288 37.0288
0.83 -221.305 8.89444e-005 -0.000112037 36.6291 36.6291
0.84 -221.305 0.00035387 -0.000412484 36.2664 36.2664
0.85 -221.304 0.00020761 -0.000249175 35.9617 35.9617
0.86 -221.304 -0.000168302 0.000193812 35.715 35.715
0.87 -221.303 7.42827e-005 -8.82672e-005 35.5032 35.5032
0.88 -221.302 -0.000112722 0.000123703 35.2845 35.2845
0.89 -221.302 0.000608604 -0.000558947 35.0116 35.0116
0.9 -221.301 0.000237143 -0.000194034 34.6556 34.6556
0.91 -221.301 -0.000108665 0.000103152 34.2245 34.2245
0.92 -221.301 6.21743e-005 -5.41756e-005 33.754 33.754
0.93 -221.301 -3.40877e-005 2.32195e-005 33.2728 33.2728
0.94 -221.3 2.71094e-005 -1.68514e-005 32.782 32.782
0.95 -221.3 -1.39684e-005 1.14072e-005 32.2756 32.2756
0.96 -221.3 7.33188e-006 -4.27463e-006 31.7799 31.7799
0.97 -221.3 3.60547e-006 9.4623e-006 31.3567 31.3567
0.98 -221.3 -1.44921e-005 -2.26746e-005 31.0549 31.0549
0.99 -221.3 1.41099e-005 9.90389e-006 30.8629 30.8629
1 -221.3 0.00189185 0.000584084 30.7174 30.7174
1.01 -221.3 5.32719e-005 -1.65446e-005 30.5589 30.5589
1.02 -221.3 -0.00168585 -0.000917258 30.3766 30.3766
1.03 -221.3 0.000347861 0.000244833 30.2019 30.2019
1.04 -221.3 8.15812e-005 0.000259868 30.0671 30.0671
1.05 -221.3 -4.48221e-005 -0.000139974 29.9715 29.9715
1.06 -221.299 4.1113e-005 5.57415e-005 29.8854 29.8854
1.07 -221.299 -3.98039e-006 -4.88133e-005 29.7846 29.7846
1.08 -221.299 -5.86116e-005 9.29483e-005 29.6788 29.6788
1.09 -221.298 7.75872e-005 -9.2098e-005 29.6112 29.6112
1.1 -221.298 -2.23948e-005 8.911e-006 29.6266 29.6266
1.11 -221.298 9.48885e-006 1.58656e-005 29.7324 29.7324
1.12 -221.297 2.88645e-006 -2.98196e-005 29.8874 29.8874
1.13 -221.297 0.000227914 -0.000328952 30.0309 30.0309
1.14 -221.297 0.000114682 -0.000183131 30.1305 30.1305
1.15 -221.297 -0.000186015 -2.34471e-005 30.2106 30.2106
1.16 -221.297 -2.61107e-005 -0.000103153 30.3407 30.3407
1.17 -221.298 2.71589e-005 8.46996e-005 30.5878 30.5878
1.18 -221.299 -2.55432e-005 0.00016006 30.958 30.958
1.19 -221.301 1.83328e-006 0.000195664 31.377 31.377
1.2 -221.302 -9.49546e-006 -2.48297e-005 31.7389 31.7389
1.21 -221.303 1.16361e-005 -1.72009e-005 31.9868 31.9868
1.22 -221.304 -1.65151e-005 -5.01102e-006 32.1538 32.1538
1.23 -221.305 2.74261e-005 -4.49152e-005 32.3311 32.3311
1.24 -221.307 -1.64189e-005 1.18975e-005 32.6004 32.6004
1.25 -221.308 8.74358e-006 -6.3358e-006 32.9874 32.9874
1.26 -221.31 -4.65623e-006 3.37401e-006 33.4663 33.4663
1.27 -221.312 2.47958e-006 -1.79676e-006 33.9972 33.9972
1.28 -221.313 -1.32046e-006 9.56832e-007 34.5567 34.5567
1.29 -221.315 -1.64336e-005 -5.35328e-005 35.1408 35.1408
1.3 -221.316 -1.4258e-005 -6.8059e-005 35.7417 35.7417
1.31 -221.317 2.26996e-006 -2.24837e-007 36.3249 36.3249
1.32 -221.318 -0.000114526 -0.000376746 36.8321 36.8321
1.33 -221.318 -4.97914e-005 -0.000184193 37.2187 37.2187
1.34 -221.319 3.89542e-006 8.55422e-005 37.4989 37.4989
1.35 -221.319 -4.56419e-006 -3.5499e-005 37.7556 37.7556
1.36 -221.32 2.44876e-005 4.08381e-005 38.0902 38.0902
1.37 -221.321 -5.63275e-006 -1.7977e-005 38.5463 38.5463
1.38 -221.321 -4.69089e-005 -5.97059e-005 39.08 39.08
1.39 -221.322 -0.00166513 -0.00209558 39.6105 39.6105
1.4 -221.322 -0.00237188 -0.00233285 40.0972 40.0972
1.41 -221.324 -0.00173857 -0.00114856 40.5581 40.5581
1.42 -221.325 -0.000695186 -0.000584291 41.0015 41.0015
1.43 -221.326 0.000167998 0.000132427 41.3554 41.3554
1.44 -221.327 -0.000141251 -8.16967e-005 41.4976 41.4976
1.45 -221.328 2.4151e-006 1.47449e-005 41.3694 41.3694
1.46 -221.329 -1.28612e-006 -7.85211e-006 41.0542 41.0542
1.47 -221.329 6.84894e-007 4.18148e-006 40.7371 40.7371
1.48 -221.33 -3.64726e-007 -2.22676e-006 40.571 40.571
1.49 -221.33 2.07529e-007 1.2848e-006 40.5644 40.5644
1.5 -221.329 -1.0352e-007 -6.32133e-007 40.5889 40.5889
1.51 -221.327 5.51274e-008 3.3663e-007 40.4918 40.4918
1.52 -221.324 -2.9357e-008 -1.79266e-007 40.2031 40.2031
1.53 -221.322 1.56336e-008 9.54648e-008 39.7458 39.7458
1.54 -221.319 -8.32546e-009 -5.08379e-008 39.1642 39.1642
1.55 -221.316 4.43369e-009 2.70729e-008 38.4622 38.4622
1.56 -221.313 -2.36106e-009 -1.44173e-008 37.6203 37.6203
1.57 -221.31 1.25716e-009 7.67776e-009 36.6538 36.6538
1.58 -221.306 -6.69441e-010 -4.08867e-009 35.6428 35.6428
1.59 -221.303 3.56454e-010 2.17738e-009 34.715 34.715
1.6 -221.299 -1.9012e-010 -1.1594e-009 33.9986 33.9986
1.61 -221.296 1.0121e-010 6.17383e-010 33.5504 33.5504
1.62 -221.292 -5.39693e-011 -3.28804e-010 33.2869 33.2869
1.63 -221.289 2.86455e-011 1.75056e-010 32.9986 32.9986
1.64 -221.287 -1.52873e-011 -9.31841e-011 32.4991 32.4991
1.65 -221.286 8.01847e-012 4.96208e-011 31.7923 31.7923
1.66 -221.287 -4.30234e-012 -2.65103e-011 31.0713 31.0713
1.67 -221.289 2.14229e-012 1.40545e-011 30.533 30.533
1.68 -221.29 -1.14397e-012 -7.51044e-012 30.2068 30.2068
1.69 -221.292 6.00409e-013 4.08917e-012 29.9716 29.9716
1.7 -221.293 -3.94351e-013 -2.15294e-012 29.7085 29.7085
1.71 -221.294 3.48166e-013 1.10489e-012 29.4061 29.4061
1.72 -221.295 -3.30402e-013 -5.8975e-013 29.1287 29.1287
1.73 -221.296 -9.5431e-006 -4.14525e-006 28.9313 28.9313
1.74 -221.297 6.57784e-005 3.49309e-005 28.8259 28.8259
1.75 -221.3 2.61977e-005 2.32927e-005 28.8085 28.8085
1.76 -221.302 -0.000988157 -1.30072e-005 28.8979 28.8979
1.77 -221.306 -0.000423317 3.68004e-005 29.153 29.153
1.78 -221.309 0.000232198 -1.23771e-005 29.6515 29.6515
1.79 -221.311 -0.000123653 6.5912e-006 30.4344 30.4344
1.8 -221.313 6.58488e-005 -3.51002e-006 31.456 31.456
1.81 -221.313 -3.50665e-005 1.86919e-006 32.5915 32.5915
1.82 -221.313 1.8674e-005 -9.95403e-007 33.7003 33.7003
1.83 -221.312 -9.94449e-006 5.30083e-007 34.6835 34.6835
1.84 -221.311 5.29574e-006 -2.82285e-007 35.4933 35.4933
1.85 -221.311 -2.82015e-006 1.50326e-007 36.1155 36.1155
1.86 -221.31 1.50181e-006 -8.00531e-008 36.5585 36.5585
1.87 -221.308 -7.99763e-007 4.26307e-008 36.8644 36.8644
1.88 -221.307 4.25898e-007 -2.27022e-008 37.1277 37.1277
1.89 -221.307 -2.26804e-007 1.20897e-008 37.4861 37.4861
1.9 -221.306 1.2078e-007 -6.43835e-009 38.0497 38.0497
1.91 -221.307 1.01373e-005 -5.88161e-006 38.8081 38.8081
1.92 -221.307 2.54418e-005 -2.57886e-006 39.6037 39.6037
1.93 -221.309 -1.29901e-005 -1.84742e-006 40.2163 40.2163
1.94 -221.31 9.21311e-006 -1.81957e-006 40.4969 40.4969
1.95 -221.312 -4.90626e-006 9.68977e-007 40.4488 40.4488
1.96 -221.314 2.61274e-006 -5.1601e-007 40.2106 40.2106
1.97 -221.315 -1.39136e-006 2.74791e-007 39.9755 39.9755
1.98 -221.317 7.40944e-007 -1.46335e-007 39.9058 39.9058
1.99 -221.319 -3.94575e-007 7.79278e-008 40.0758 40.0758
2 -221.321 4.02941e-007 3.09445e-005 40.4617 40.4617
2.01 -221.322 2.51744e-006 -1.72806e-005 40.9758 40.9758
2.02 -221.323 6.38516e-006 2.18538e-006 41.5117 41.5117
2.03 -221.322 1.21407e-005 -6.25732e-006 41.965 41.965
2.04 -221.319 -8.65394e-006 -1.52181e-005 42.2323 42.2323
2.05 -221.314 3.46358e-006 -9.35067e-006 42.2253 42.2253
2.06 -221.307 -5.04099e-006 -1.43933e-005 41.9158 41.9158
2.07 -221.3 -1.14082e-005 2.51885e-005 41.364 41.364
2.08 -221.293 -5.33861e-006 1.44681e-005 40.6898 40.6898
2.09 -221.286 6.2827e-007 -1.4694e-005 40.0204 40.0204
2.1 -221.279 6.20552e-007 5.18661e-006 39.4756 39.4756
2.11 -221.273 -1.32898e-005 6.93419e-006 39.1838 39.1838
2.12 -221.268 1.16027e-005 4.59972e-006 39.2576 39.2576
2.13 -221.262 -7.23137e-006 1.28209e-005 39.7109 39.7109
2.14 -221.258 2.51722e-005 -2.46999e-005 40.3967 40.3967
2.15 -221.253 3.06022e-005 -3.91254e-005 41.042 41.042
2.16 -221.249 -1.04328e-005 1.13118e-005 41.3652 41.3652
2.17 -221.246 4.21032e-006 2.23509e-006 41.2005 41.2005
2.18 -221.244 4.57435e-006 2.8921e-006 40.5713 40.5713
2.19 -221.242 -2.8812e-005 0.000135839 39.6865 39.6865
2.2 -221.242 -5.78605e-005 8.78227e-005 38.8625 38.8625
2.21 -221.242 1.48725e-005 -5.73861e-005 38.3934 38.3934
2.22 -221.242 -2.2097e-006 2.58048e-005 38.4225 38.4225
2.23 -221.243 5.29595e-005 4.79621e-005 38.8881 38.8881
2.24 -221.243 -2.30216e-005 7.46789e-005 39.5782 39.5782
2.25 -221.244 2.74171e-005 -4.41136e-005 40.2616 40.2616
2.26 -221.245 -9.60031e-006 2.13035e-005 40.8053 40.8053
2.27 -221.246 1.91107e-005 6.10269e-005 41.204 41.204
2.28 -221.248 9.06712e-006 3.82357e-005 41.5335 41.5335
2.29 -221.249 -0.00134415 0.000146467 41.8874 41.8874
2.3 -221.252 -0.000615821 0.000214016 42.3462 42.3462
2.31 -221.254 0.000324245 1.1373e-005 42.9821 42.9821
2.32 -221.255 -0.000170188 -7.92676e-006 43.8626 43.8626
2.33 -221.257 9.14886e-005 2.5821e-006 45.0194 45.0194
2.34 -221.258 -3.38168e-005 -1.07189e-005 46.399 46.399
2.35 -221.259 1.66058e-005 6.30058e-006 47.8475 47.8475
2.36 -221.261 0.000157283 -7.48329e-005 49.1549 49.1549
2.37 -221.262 4.66076e-005 -1.79559e-005 50.1335 50.1335
2.38 -221.264 -4.18079e-005 1.60368e-005 50.6866 50.6866
2.39 -221.267 8.26997e-005 -3.55596e-005 50.836 50.836
2.4 -221.269 -9.22111e-005 3.35211e-005 50.6943 50.6943
2.41 -221.273 0.000163761 -5.39291e-005 50.3817 50.3817
2.42 -221.277 3.14736e-005 -1.74092e-005 49.9326 49.9326
2.43 -221.281 -1.46396e-005 8.84671e-006 49.2819 49.2819
2.44 -221.287 7.79601e-006 -4.71114e-006 48.3584 48.3584
2.45 -221.292 -4.15162e-006 2.50883e-006 47.1903 47.1903
2.46 -221.298 2.21086e-006 -1.33603e-006 45.9015 45.9015
2.47 -221.303 -1.17735e-006 7.11476e-007 44.603 44.603
2.48 -221.308 6.26977e-007 -3.78883e-007 43.2985 43.2985
2.49 -221.313 -3.33884e-007 2.01767e-007 41.8941 41.8941
2.5 -221.318 1.77804e-007 -1.07447e-007 40.2923 40.2923
2.51 -221.323 -9.46858e-008 5.72189e-008 38.4776 38.4776
2.52 -221.327 5.04231e-008 -3.04709e-008 36.537 36.537
2.53 -221.331 -3.47058e-008 -4.70006e-008 34.6214 34.6214
2.54 -221.334 7.61282e-008 -7.38291e-008 32.8739 32.8739
2.55 -221.336 -4.01017e-008 3.88779e-008 31.3644 31.3644
2.56 -221.337 2.13581e-008 -2.07065e-008 30.07 30.07
2.57 -221.337 2.49388e-005 -3.99284e-005 28.9167 28.9167
2.58 -221.336 6.88327e-005 -8.09908e-005 27.8518 27.8518
2.59 -221.334 -9.03732e-005 7.39821e-005 26.8896 26.8896
2.6 -221.331 -6.00109e-005 4.77827e-005 26.0841 26.0841
2.61 -221.328 6.0077e-006 -3.81801e-005 25.4639 25.4639
2.62 -221.324 2.33565e-005 -1.19355e-006 25.0076 25.0076
2.63 -221.32 -1.02163e-005 1.4428e-006 24.682 24.682
2.64 -221.316 9.23093e-006 -1.04987e-005 24.472 24.472
2.65 -221.312 6.78339e-007 -2.92871e-006 24.347 24.347
2.66 -221.308 2.47141e-005 -6.30701e-006 24.2153 24.2153
2.67 -221.304 4.03167e-006 -6.31175e-006 23.9636 23.9636
2.68 -221.301 2.06621e-006 6.98647e-006 23.5722 23.5722
2.69 -221.299 0.00011157 6.92357e-006 23.1768 23.1768
2.7 -221.298 2.56236e-005 -3.21037e-006 22.9794 22.9794
2.71 -221.298 -1.18499e-005 -7.91308e-007 23.0761 23.0761
2.72 -221.298 7.57126e-006 5.25131e-007 23.3622 23.3622
2.73 -221.297 0.00091791 -6.11395e-005 23.6053 23.6053
2.74 -221.296 0.000440856 -2.49621e-005 23.6266 23.6266
2.75 -221.296 -0.000233441 1.2758e-005 23.4419 23.4419
2.76 -221.295 2.09411e-005 5.07257e-005 23.2414 23.2414
2.77 -221.294 -6.60638e-005 3.85397e-005 23.2313 23.2313
2.78 -221.293 -2.6544e-005 -2.8414e-005 23.5017 23.5017
2.79 -221.293 1.41355e-005 1.51313e-005 24.0529 24.0529
2.8 -221.292 -7.52758e-006 -8.0579e-006 24.9041 24.9041
2.81 -221.292 4.00867e-006 4.29108e-006 26.1085 26.1085
2.82 -221.291 -2.13474e-006 -2.28513e-006 27.6485 27.6485
2.83 -221.29 1.13681e-006 1.2169e-006 29.3579 29.3579
2.84 -221.288 -6.05389e-007 -6.48039e-007 30.9882 30.9882
2.85 -221.286 3.22388e-007 3.45101e-007 32.3545 32.3545
2.86 -221.283 -1.71682e-007 -1.83777e-007 33.4212 33.4212
2.87 -221.281 9.14258e-008 9.78672e-008 34.287 34.287
2.88 -221.279 -4.86872e-008 -5.21175e-008 35.1396 35.1396
2.89 -221.277 2.59275e-008 2.77544e-008 36.2049 36.2049
2.9 -221.275 -1.38071e-008 -1.47803e-008 37.6597 37.6597
2.91 -221.274 7.35271e-009 7.87113e-009 39.5374 39.5374
2.92 -221.273 -3.9157e-009 -4.19177e-009 41.7152 41.7152
2.93 -221.272 2.0852e-009 2.23207e-009 43.9965 43.9965
2.94 -221.272 -1.11033e-009 -1.18868e-009 46.1936 46.1936
2.95 -221.273 5.91186e-010 6.32905e-010 48.1444 48.1444
2.96 -221.274 -3.14941e-010 -3.37085e-010 49.7045 49.7045
2.97 -221.275 1.67688e-010 1.79448e-010 50.7696 50.7696
2.98 -221.276 -8.93579e-011 -9.5568e-011 51.308 51.308
2.99 -221.278 4.75957e-011 5.09921e-011 51.3688 51.3688
3 -221.28 -2.52705e-011 -2.71214e-011 51.0754 51.0754
3.01 -221.281 1.355e-011 1.45022e-011 50.6114 50.6114
3.02 -221.283 -7.34346e-012 -7.74136e-012 50.1685 50.1685
3.03 -221.286 4.01101e-012 4.19931e-012 49.8448 49.8448
3.04 -221.288 -2.11031e-012 -2.40163e-012 49.5572 49.5572
3.05 -221.289 1.32871e-012 1.35003e-012 49.0697 49.0697
3.06 -221.291 -8.7752e-013 -7.92255e-013 48.1494 48.1494
3.07 -221.291 3.8014e-013 5.50671e-013 46.72 46.72
3.08 -221.291 -1.77636e-014 -4.47642e-013 44.8697 44.8697
3.09 -221.29 4.61853e-014 4.01457e-013 42.7372 42.7372
3.1 -221.288 -1.24345e-013 -3.19744e-013 40.4204 40.4204
3.11 -221.287 2.13163e-013 1.56319e-013 37.9916 37.9916
3.12 -221.286 -2.30926e-013 -2.62901e-013 35.5739 35.5739
3.13 -221.285 -7.4607e-014 2.27374e-013 33.363 33.363
3.14 -221.286 2.45137e-013 -2.84217e-013 31.5384 31.5384
3.15 -221.287 1.77636e-014 1.95399e-013 30.1448 30.1448
3.16 -221.288 -2.20268e-013 -1.24345e-013 29.0598 29.0598
3.17 -221.289 -2.30926e-013 3.19744e-014 28.0715 28.0715
3.18 -221.289 1.66978e-013 4.9738e-014 26.9942 26.9942
3.19 -221.288 -3.16192e-013 6.39488e-014 25.737 25.737
3.2 -221.287 4.9738e-013 -1.20792e-013 24.2972 24.2972
3.21 -221.287 -4.86722e-013 8.17124e-014 22.7078 22.7078
3.22 -221.287 3.97904e-013 -7.4607e-014 20.9886 20.9886
3.23 -221.287 4.91506e-006 1.1814e-005 19.1456 19.1456
3.24 -221.287 1.7389e-005 -6.95249e-006 17.2279 17.2279
3.25 -221.288 -3.79293e-006 -4.49482e-006 15.3846 15.3846
3.26 -221.288 1.5109e-005 9.20933e-006 13.861 13.861
3.27 -221.289 -1.68971e-005 -6.6299e-006 12.938 12.938
3.28 -221.289 4.40753e-005 -4.6072e-005 12.843 12.843
3.29 -221.29 8.05407e-006 -2.212e-005 13.6432 13.6432
3.3 -221.29 -4.28904e-006 1.17796e-005 15.1517 15.1517
3.31 -221.289 2.28405e-006 -6.27298e-006 16.931 16.931
3.32 -221.288 -1.21632e-006 3.34056e-006 18.4381 18.4381
3.33 -221.286 6.4773e-007 -1.77895e-006 19.2454 19.2454
3.34 -221.284 -3.44936e-007 9.47345e-007 19.2022 19.2022
3.35 -221.28 1.83689e-007 -5.04491e-007 18.4501 18.4501
3.36 -221.276 -9.78202e-008 2.68657e-007 17.3343 17.3343
3.37 -221.273 5.2092e-008 -1.43068e-007 16.2985 16.2985
3.38 -221.27 -2.77404e-008 7.61882e-008 15.7906 15.7906
3.39 -221.27 1.47725e-008 -4.05727e-008 16.1448 16.1448
3.4 -221.271 -7.86692e-009 2.16062e-008 17.4494 17.4494
3.41 -221.273 4.18953e-009 -1.15059e-008 19.4825 19.4825
3.42 -221.275 -2.23083e-009 6.12721e-009 21.7781 21.7781
3.43 -221.276 1.18794e-009 -3.26296e-009 23.7949 23.7949
3.44 -221.277 -6.32621e-010 1.73769e-009 25.0965 25.0965
3.45 -221.278 3.36865e-010 -9.2535e-010 25.4556 25.4556
3.46 -221.278 -1.79494e-010 4.92662e-010 24.8779 24.8779
3.47 -221.279 9.53264e-011 -2.62336e-010 23.5933 23.5933
3.48 -221.281 -5.06262e-011 1.39647e-010 22.0372 22.0372
3.49 -221.284 2.68123e-011 -7.43796e-011 20.774 20.774
3.5 -221.287 -1.41256e-011 3.95204e-011 20.3294 20.3294
3.51 -221.29 7.33635e-012 -2.08757e-011 20.9856 20.9856
3.52 -221.293 -3.75167e-012 1.10063e-011 22.659 22.659
3.53 -221.295 1.98597e-012 -5.83e-012 24.9446 24.9446
3.54 -221.295 -7.99361e-013 3.08731e-012 27.2896 27.2896
3.55 -221.295 1.56319e-013 -1.58096e-012 29.177 29.177
3.56 -221.294 -3.90799e-014 6.64357e-013 30.2502 30.2502
3.57 -221.292 1.27898e-013 -2.73559e-013 30.3904 30.3904
3.58 -221.289 -2.59348e-013 1.77636e-014 29.7629 29.7629
3.59 -221.285 1.63425e-013 5.68434e-014 28.7933 28.7933
3.6 -221.281 -1.98952e-013 -3.90799e-014 28.0347 28.0347
3.61 -221.276 2.20268e-013 4.9738e-014 27.9696 27.9696
3.62 -221.272 -3.55271e-015 -8.52651e-014 28.8519 28.8519
3.63 -221.269 -3.48166e-013 6.75016e-014 30.6478 30.6478
3.64 -221.266 1.38556e-013 -1.10134e-013 33.0647 33.0647
3.65 -221.264 -7.4607e-014 1.45661e-013 35.6341 35.6341
3.66 -221.262 1.45661e-013 -1.45661e-013 37.8365 37.8365
3.67 -221.261 2.13163e-014 1.3145e-013 39.2509 39.2509
3.68 -221.26 -1.49214e-013 -7.81597e-014 39.6753 39.6753
3.69 -221.259 -3.90799e-014 7.4607e-014 39.181 39.181
3.7 -221.258 -2.84217e-014 -8.17124e-014 38.1121 38.1121
3.71 -221.258 1.10134e-013 4.26326e-014 37.0189 37.0189
3.72 -221.26 -1.95399e-013 2.13163e-014 36.4991 36.4991
3.73 -221.263 3.51719e-013 4.26326e-014 36.9894 36.9894
3.74 -221.268 -1.74083e-013 4.26326e-014 38.6043 38.6043
3.75 -221.273 1.66978e-013 4.61853e-014 41.1015 41.1015
3.76 -221.278 -2.84217e-013 4.26326e-014 44.0042 44.0042
3.77 -221.283 3.90799e-014 8.52651e-014 46.8172 46.8172
3.78 -221.286 3.20563e-005 -1.85408e-005 49.1901 49.1901
3.79 -221.29 0.000109248 -7.37442e-005 50.9552 50.9552
3.8 -221.293 -3.20793e-005 2.37857e-005 52.1068 52.1068
3.81 -221.295 6.31281e-005 -3.6638e-005 52.785 52.785
3.82 -221.297 -3.69402e-005 2.24502e-005 53.2396 53.2396
3.83 -221.297 2.42826e-005 -9.4774e-006 53.7305 53.7305
3.84 -221.297 2.68087e-005 -3.14101e-005 54.434 54.434
3.85 -221.297 2.61185e-005 -1.62657e-005 55.4654 55.4654
3.86 -221.296 1.02313e-005 1.3313e-005 56.9603 56.9603
3.87 -221.296 2.59927e-005 -1.62906e-005 59.019 59.019
3.88 -221.296 4.52605e-005 -5.6254e-006 61.5109 61.5109
3.89 -221.297 2.71769e-006 -2.22338e-005 64.0008 64.0008
3.9 -221.297 1.0126e-006 2.19528e-006 65.9617 65.9617
3.91 -221.298 1.93024e-006 -2.86399e-006 67.097 67.097
3.92 -221.298 2.03192e-005 -1.81306e-006 67.469 67.469
3.93 -221.298 1.10843e-005 1.22947e-006 67.3461 67.3461
3.94 -221.297 6.04642e-006 -8.15753e-006 66.9668 66.9668
3.95 -221.295 2.42944e-005 6.58715e-006 66.4217 66.4217
3.96 -221.294 2.41278e-005 -3.52452e-005 65.6601 65.6601
3.97 -221.292 -4.25374e-006 2.69783e-006 64.5517 64.5517
3.98 -221.29 2.26525e-006 -1.43668e-006 62.9812 62.9812
3.99 -221.289 -1.20631e-006 7.65076e-007 60.9341 60.9341
4 -221.287 6.424e-007 -4.07427e-007 58.499 58.499
4.01 -221.285 -3.42097e-007 2.16967e-007 55.772 55.772
4.02 -221.282 1.82178e-007 -1.15542e-007 52.7629 52.7629
4.03 -221.278 -9.70154e-008 6.15295e-008 49.4314 49.4314
4.04 -221.273 5.16639e-008 -3.27663e-008 45.8257 45.8257
4.05 -221.269 -2.75126e-008 1.7449e-008 42.1562 42.1562
4.06 -221.265 1.46513e-008 -9.29203e-009 38.7136 38.7136
4.07 -221.263 -7.80249e-009 4.94812e-009 35.7092 35.7092
4.08 -221.261 4.15518e-009 -2.63503e-009 33.1518 33.1518
4.09 -221.261 -2.21279e-009 1.40306e-009 30.8142 30.8142
4.1 -221.26 1.17855e-009 -7.46997e-010 28.3114 28.3114
4.11 -221.258 -6.27551e-010 3.97961e-010 25.2793 25.2793
4.12 -221.256 -1.03003e-006 -6.84872e-007 21.5693 21.5693
4.13 -221.252 -7.55727e-005 -4.26262e-005 17.3366 17.3366
4.14 -221.248 -4.26568e-005 -7.95697e-006 12.9651 12.9651
4.15 -221.244 -8.99139e-005 2.28072e-006 8.88487 8.88487
4.16 -221.241 -5.73307e-005 3.69694e-005 5.41919 5.41919
4.17 -221.238 1.05489e-005 -2.50503e-005 2.7496 2.7496
4.18 -221.237 3.30416e-006 -1.75825e-005 0.961013 0.961013
4.19 -221.236 -2.7991e-005 -1.79418e-005 0.0527871 0.0527871
4.2 -221.235 7.41144e-006 2.6249e-007 -0.130424 -0.130424
4.21 -221.235 0.000110743 -1.59143e-005 0.0433294 0.0433294
4.22 -221.235 5.77262e-005 -6.40641e-005 0.0751191 0.0751191
4.23 -221.237 -7.96998e-005 3.01687e-005 -0.452468 -0.452468
4.24 -221.239 2.8643e-006 1.90085e-005 -1.68714 -1.68714
4.25 -221.242 -1.93735e-005 -1.90602e-006 -3.46141 -3.46141
4.26 -221.246 2.63857e-006 1.02712e-005 -5.37423 -5.37423
4.27 -221.25 -1.64873e-005 3.35265e-005 -6.93131 -6.93131
4.28 -221.255 -9.92961e-006 -1.26451e-005 -7.69993 -7.69993
4.29 -221.26 -6.59551e-006 8.24752e-006 -7.4523 -7.4523
4.3 -221.265 -4.36893e-006 4.44715e-006 -6.26006 -6.26006
4.31 -221.27 -3.83033e-006 6.1589e-006 -4.48191 -4.48191
4.32 -221.275 -1.02076e-006 7.11532e-006 -2.61627 -2.61627
4.33 -221.281 -2.79306e-007 2.18001e-006 -1.09191 -1.09191
4.34 -221.288 -3.61914e-008 6.24917e-007 -0.133999 -0.133999
4.35 -221.296 1.3136e-005 -5.10402e-005 0.230173 0.230173
4.36 -221.304 1.08132e-005 -5.90543e-005 0.10414 0.10414
4.37 -221.313 4.23757e-006 -8.21422e-007 -0.289057 -0.289057
4.38 -221.321 -1.55661e-005 3.10921e-006 -0.57649 -0.57649
4.39 -221.33 -2.09287e-005 2.87361e-005 -0.300004 -0.300004
4.4 -221.338 6.69467e-006 -1.51008e-005 0.871626 0.871626
4.41 -221.343 -1.11485e-005 5.52466e-005 2.93392 2.93392
4.42 -221.346 1.78671e-006 1.97077e-005 5.53736 5.53736
4.43 -221.348 -4.00694e-008 -7.33388e-006 8.18661 8.18661
4.44 -221.349 -2.85858e-006 -2.90804e-006 10.472 10.472
4.45 -221.349 -2.06084e-005 -3.62074e-005 12.1731 12.1731
4.46 -221.35 1.66624e-006 -2.28528e-005 13.2348 13.2348
4.47 -221.35 -4.38153e-005 -9.31731e-005 13.7327 13.7327
4.48 -221.351 -1.38087e-005 -4.59116e-005 13.8912 13.8912
4.49 -221.352 -2.30074e-005 -5.30299e-005 14.0713 14.0713
4.5 -221.353 -6.79742e-006 -2.13519e-005 14.6322 14.6322
4.51 -221.353 -1.39947e-005 -2.54152e-005 15.7436 15.7436
4.52 -221.353 -7.15131e-006 -2.97116e-005 17.3194 17.3194
4.53 -221.353 -3.81135e-005 -2.97143e-005 19.1031 19.1031
4.54 -221.353 0.000121066 8.18101e-005 20.7714 20.7714
4.55 -221.354 -8.12706e-006 -5.74072e-005 21.9865 21.9865
4.56 -221.355 -3.20687e-005 -3.58779e-005 22.4751 22.4751
4.57 -221.356 4.74392e-005 5.42479e-005 22.1806 22.1806
4.58 -221.357 -1.15907e-007 -3.22006e-006 21.3641 21.3641
4.59 -221.358 6.17244e-008 1.71478e-006 20.527 20.527
4.6 -221.359 -3.28697e-008 -9.13171e-007 20.1867 20.1867
4.61 -221.36 1.75037e-008 4.86289e-007 20.6505 20.6505
4.62 -221.361 -9.32101e-009 -2.58962e-007 21.8967 21.8967
4.63 -221.362 -5.33673e-005 -3.28569e-005 23.5985 23.5985
4.64 -221.364 5.31677e-005 3.43068e-005 25.2966 25.2966
4.65 -221.365 -2.70831e-005 -2.05019e-005 26.6521 26.6521
4.66 -221.367 0.000121778 7.47523e-005 27.6343 27.6343
4.67 -221.369 -0.000193222 -0.000118126 28.5173 28.5173
4.68 -221.37 5.82645e-005 4.13111e-005 29.6959 29.6959
4.69 -221.371 -1.28992e-005 -1.09424e-005 31.4664 31.4664
4.7 -221.371 2.29876e-005 1.41703e-005 33.921 33.921
4.71 -221.37 -5.59887e-005 -1.67142e-005 36.9869 36.9869
4.72 -221.37 6.18352e-005 2.16714e-005 40.5132 40.5132
4.73 -221.37 -2.05826e-005 -2.05635e-006 44.3263 44.3263
4.74 -221.37 -3.45701e-005 1.37993e-005 48.2595 48.2595
4.75 -221.37 4.37447e-005 -3.88635e-006 52.1723 52.1723
4.76 -221.372 -1.67868e-005 1.59027e-005 55.9474 55.9474
4.77 -221.374 2.10368e-005 1.31572e-005 59.4891 59.4891
4.78 -221.377 5.01677e-005 -3.49242e-006 62.7594 62.7594
4.79 -221.381 1.13105e-005 3.69046e-005 65.829 65.829
4.8 -221.384 8.27157e-006 2.23404e-005 68.8816 68.8816
4.81 -221.389 4.74608e-005 -1.14352e-005 72.1411 72.1411
4.82 -221.393 1.35227e-005 4.2825e-006 75.7642 75.7642
4.83 -221.397 3.85851e-005 2.46034e-005 79.7532 79.7532
4.84 -221.401 0.000119456 -9.46068e-005 83.8992 83.8992
4.85 -221.406 0.000105818 -0.000116808 87.7836 87.7836
4.86 -221.41 4.78119e-005 -2.28355e-005 90.907 90.907
4.87 -221.413 -1.24508e-005 1.70483e-005 92.9412 92.9412
4.88 -221.416 9.45025e-005 4.75248e-005 93.9481 93.9481
4.89 -221.419 -9.04915e-005 0.000190208 94.3706 94.3706
4.9 -221.421 -0.000157734 8.85161e-005 94.7587 94.7587
4.91 -221.422 -0.000175872 0.000144286 95.4329 95.4329
4.92 -221.422 -7.70407e-005 5.03149e-005 96.3828 96.3828
4.93 -221.421 -6.2996e-005 3.55372e-005 97.467 97.467
4.94 -221.419 -8.67629e-006 4.36236e-006 98.6494 98.6494
4.95 -221.416 1.90625e-005 6.06512e-005 99.9906 99.9906
4.96 -221.412 9.67799e-006 -3.63166e-005 101.435 101.435
4.97 -221.405 0.000153417 -4.52346e-006 102.666 102.666
4.98 -221.397 9.76504e-005 -1.60172e-005 103.195 103.195
4.99 -221.387 0.000147966 -0.000103172 102.631 102.631
5 -221.376 9.73343e-005 -6.83167e-005 100.949 100.949
5.01 -221.365 -4.96879e-005 3.49057e-005 98.6039 98.6039
5.02 -221.354 4.43594e-005 -4.09163e-005 96.352 96.352
5.03 -221.344 -4.92074e-006 -6.99414e-007 94.8136 94.8136
5.04 -221.335 6.89321e-005 -7.66785e-005 94.0901 94.0901
5.05 -221.327 1.2273e-005 -2.21254e-005 93.7645 93.7645
5.06 -221.319 -5.70933e-006 8.50045e-006 93.27 93.27
5.07 -221.31 1.13228e-005 -2.60475e-005 92.2886 92.2886
5.08 -221.301 -2.53079e-005 7.05398e-005 90.8896 90.8896
5.09 -221.292 3.20609e-005 -6.2935e-005 89.3801 89.3801
5.1 -221.284 1.80601e-005 -2.70833e-005 88.0386 88.0386
5.11 -221.277 6.95786e-005 -7.96969e-005 86.9474 86.9474
5.12 -221.272 -1.68772e-005 -7.1328e-007 86.0335 86.0335
5.13 -221.269 3.17576e-005 -4.52145e-005 85.254 85.254
5.14 -221.267 -1.2842e-005 1.77392e-005 84.7308 84.7308
5.15 -221.265 -2.74202e-005 2.16108e-005 84.6861 84.6861
5.16 -221.264 0.000141611 -0.000132858 85.2369 85.2369
5.17 -221.261 -1.85321e-005 7.12083e-006 86.2661 86.2661
5.18 -221.258 2.18649e-005 -6.47889e-005 87.4875 87.4875
5.19 -221.255 -8.14826e-006 -2.01552e-006 88.6326 88.6326
5.2 -221.253 9.49036e-006 -1.1955e-005 89.622 89.622
5.21 -221.252 0.000123154 -9.04779e-005 90.601 90.601
5.22 -221.251 -1.63133e-006 -9.04493e-005 91.7643 91.7643
5.23 -221.251 0.000207293 -0.000182238 93.0626 93.0626
5.24 -221.251 1.71016e-005 -3.70024e-006 94.0621 94.0621
5.25 -221.248 -9.10714e-006 1.97049e-006 94.1239 94.1239
5.26 -221.244 4.84983e-006 -1.04935e-006 92.7596 92.7596
5.27 -221.24 -2.58268e-006 5.5881e-007 89.8605 89.8605
5.28 -221.235 1.37536e-006 -2.97584e-007 85.6534 85.6534
5.29 -221.231 -7.32421e-007 1.58472e-007 80.4903 80.4903
5.3 -221.229 3.90037e-007 -8.43915e-008 74.6906 74.6906
5.31 -221.231 -2.07707e-007 4.49411e-008 68.5348 68.5348
5.32 -221.235 1.1061e-007 -2.39324e-008 62.304 62.304
5.33 -221.243 -5.89034e-008 1.27448e-008 56.2129 56.2129
5.34 -221.251 3.1368e-008 -6.78699e-009 50.2452 50.2452
5.35 -221.26 -1.67041e-008 3.61426e-009 44.0433 44.0433
5.36 -221.269 8.89534e-009 -1.9247e-009 36.9624 36.9624
5.37 -221.277 -4.73732e-009 1.02492e-009 28.2889 28.2889
5.38 -221.285 -2.96168e-007 2.98145e-007 17.5655 17.5655
5.39 -221.29 8.12591e-005 -2.37355e-005 4.89881 4.89881
5.4 -221.298 -5.53348e-005 6.97402e-005 -8.96248 -8.96248
5.41 -221.307 -5.87902e-005 0.00010068 -22.8827 -22.8827
5.42 -221.315 -8.00101e-005 2.12114e-005 -35.7477 -35.7477
5.43 -221.324 -3.6302e-005 5.28093e-005 -46.7524 -46.7524
5.44 -221.333 -7.5746e-006 6.90114e-005 -55.497 -55.497
5.45 -221.342 -6.27483e-005 6.37215e-006 -62.0115 -62.0115
5.46 -221.35 -5.62186e-005 2.21633e-005 -66.7838 -66.7838
5.47 -221.356 -2.89032e-005 5.53805e-005 -70.6856 -70.6856
5.48 -221.361 -9.13208e-005 8.23792e-005 -74.6933 -74.6933
5.49 -221.364 -0.000103323 0.000108982 -79.5059 -79.5059
5.5 -221.366 -9.90458e-005 0.000114008 -85.2684 -85.2684
5.51 -221.367 -6.70511e-005 0.000126008 -91.5061 -91.5061
5.52 -221.367 -4.2207e-005 3.41841e-005 -97.2496 -97.2496
5.53 -221.366 -2.08916e-005 2.07072e-005 -101.299 -101.299
5.54 -221.366 -4.53924e-007 -1.56452e-006 -102.603 -102.603
5.55 -221.365 -0.000112813 3.96913e-005 -100.631 -100.631
5.56 -221.366 -0.000139869 0.000161324 -95.5443 -95.5443
5.57 -221.367 3.76606e-005 4.92735e-006 -88.0545 -88.0545
5.58 -221.368 -1.73273e-005 5.00754e-006 -79.1752 -79.1752
5.59 -221.37 1.11805e-005 2.51275e-006 -70.0407 -70.0407
5.6 -221.371 -5.95396e-006 -1.33812e-006 -61.749 -61.749
5.61 -221.371 3.17066e-006 7.12589e-007 -55.0795 -55.0795
5.62 -221.37 -1.68848e-006 -3.79475e-007 -50.1524 -50.1524
5.63 -221.367 8.99166e-007 2.02082e-007 -46.3059 -46.3059
5.64 -221.363 -4.78833e-007 -1.07615e-007 -42.3495 -42.3495
5.65 -221.359 2.54994e-007 5.73082e-008 -37.0599 -37.0599
5.66 -221.354 -1.35792e-007 -3.05184e-008 -29.6354 -29.6354
5.67 -221.347 7.23132e-008 1.6252e-008 -19.9282 -19.9282
5.68 -221.339 -3.85091e-008 -8.65465e-009 -8.43821 -8.43821
5.69 -221.329 2.05072e-008 4.60893e-009 3.879 3.879
5.7 -221.317 -1.09207e-008 -2.45439e-009 15.9241 15.9241
5.71 -221.303 5.81551e-009 1.30703e-009 26.7742 26.7742
5.72 -221.289 -3.09718e-009 -6.96147e-010 35.8796 35.8796
5.73 -221.274 1.64921e-009 3.70672e-010 43.0933 43.0933
5.74 -221.261 -8.78156e-010 -1.97428e-010 48.6076 48.6076
5.75 -221.25 4.67605e-010 1.05118e-010 52.8992 52.8992
5.76 -221.242 -2.49091e-010 -5.59588e-011 56.6943 56.6943
5.77 -221.238 1.32538e-010 2.98499e-011 60.8631 60.8631
5.78 -221.237 -7.07487e-011 -1.58593e-011 66.1798 66.1798
5.79 -221.239 3.73497e-011 8.40927e-012 73.0353 73.0353
5.8 -221.244 -2.01474e-011 -4.46931e-012 81.2695 81.2695
5.81 -221.251 1.05764e-011 2.28439e-012 90.2317 90.2317
5.82 -221.26 -5.60263e-012 -1.29319e-012 99.0571 99.0571
5.83 -221.272 0.000214739 -9.85799e-005 107.044 107.044
5.84 -221.288 0.000723329 -0.000228809 113.91 113.91
5.85 -221.31 0.000453915 -6.22964e-005 119.742 119.742
5.86 -221.335 2.16119e-005 -6.17256e-005 124.71 124.71
5.87 -221.362 2.10523e-005 -0.000240308 128.861 128.861
5.88 -221.388 0.000170803 -1.3609e-005 132.218 132.218
5.89 -221.412 -7.22565e-005 -1.753e-005 135.016 135.016
5.9 -221.433 3.44064e-005 8.68031e-006 137.744 137.744
5.91 -221.45 -1.40264e-005 1.03274e-005 140.884 140.884
5.92 -221.463 1.74238e-005 6.33661e-006 144.574 144.574
5.93 -221.471 9.60482e-005 -8.5911e-005 148.473 148.473
5.94 -221.476 0.000140148 -9.098e-005 151.862 151.862
5.95 -221.478 0.000119187 4.04559e-005 153.858 153.858
5.96 -221.477 0.000100523 1.71375e-005 153.68 153.68
5.97 -221.472 9.92739e-005 9.19383e-005 150.944 150.944
5.98 -221.464 2.26754e-005 2.68216e-005 145.839 145.839
5.99 -221.453 -6.28952e-006 -6.19111e-006 139.017 139.017
6 -221.439 2.99053e-006 2.50752e-006 131.239 131.239
6.01 -221.423 -1.59255e-006 -1.33533e-006 123.027 123.027
6.02 -221.406 8.48081e-007 7.11104e-007 114.565 114.565
6.03 -221.386 -4.51629e-007 -3.78685e-007 105.806 105.806
6.04 -221.364 2.40507e-007 2.01661e-007 96.5777 96.5777
6.05 -221.338 -1.28077e-007 -1.07391e-007 86.6534 86.6534
6.06 -221.309 1.52944e-005 2.86759e-005 75.8643 75.8643
6.07 -221.273 -0.000647493 -0.00108832 64.2563 64.2563
6.08 -221.241 -0.000735752 -0.000945603 52.1507 52.1507
6.09 -221.206 -0.000312396 -0.000423291 40.0646 40.0646
6.1 -221.168 9.40031e-006 -0.000459772 28.5652 28.5652
6.11 -221.129 4.08087e-005 -0.000186946 18.168 18.168
6.12 -221.087 -0.000279235 -0.000217675 9.2802 9.2802
6.13 -221.043 -3.31224e-005 -0.000103362 2.11077 2.11077
6.14 -220.998 -0.000113935 -2.3905e-005 -3.44274 -3.44274
6.15 -220.953 -0.00030351 -0.000251889 -7.83071 -7.83071
6.16 -220.909 -0.000430692 -0.00079436 -11.7747 -11.7747
6.17 -220.873 -0.000341325 -0.000212002 -16.0964 -16.0964
6.18 -220.843 0.000150571 9.88777e-005 -21.4703 -21.4703
6.19 -220.823 -8.80751e-005 -5.62408e-005 -28.1955 -28.1955
6.2 -220.813 4.38963e-005 2.94595e-005 -36.1508 -36.1508
6.21 -220.813 -2.46177e-005 -1.54948e-005 -44.9638 -44.9638
6.22 -220.822 -0.000724294 8.73781e-005 -54.2202 -54.2202
6.23 -220.844 -0.000404228 0.00017537 -63.5447 -63.5447
6.24 -220.878 -0.00100415 0.000593087 -72.6113 -72.6113
6.25 -220.925 -0.00227026 0.00248274 -81.2609 -81.2609
6.26 -220.988 0.000319596 0.000385908 -89.7346 -89.7346
6.27 -221.062 -0.000495459 0.000309526 -98.7686 -98.7686
6.28 -221.142 0.000344118 -0.000515001 -109.296 -109.296
6.29 -221.223 1.33731e-005 0.000425721 -121.854 -121.854
6.3 -221.306 -9.53223e-005 0.000259163 -136.152 -136.152
6.31 -221.386 0.000214981 -4.22274e-005 -151.149 -151.149
6.32 -221.461 -0.000135608 8.89711e-005 -165.564 -165.564
6.33 -221.529 0.000381755 -0.000182286 -178.342 -178.342
6.34 -221.585 -0.0017943 0.00150615 -188.735 -188.735
6.35 -221.63 -0.000376469 0.000316369 -196.109 -196.109
6.36 -221.66 0.000198433 -0.000156045 -199.848 -199.848
6.37 -221.669 -0.000147663 7.09707e-005 -199.487 -199.487
6.38 -221.661 -0.000315974 -0.00026578 -194.883 -194.883
6.39 -221.636 -0.00014807 -5.35018e-005 -186.312 -186.312
6.4 -221.596 7.88517e-005 2.84913e-005 -174.524 -174.524
6.41 -221.541 -4.1991e-005 -1.51725e-005 -160.681 -160.681
6.42 -221.477 2.23615e-005 8.07983e-006 -146.087 -146.087
6.43 -221.406 -1.19082e-005 -4.30276e-006 -131.792 -131.792
6.44 -221.329 7.42452e-006 5.54048e-006 -118.384 -118.384
6.45 -221.247 0.000115388 0.000404245 -106.023 -106.023
6.46 -221.166 3.77635e-005 0.000230118 -94.5912 -94.5912
6.47 -221.09 0.000207698 0.000781444 -83.8506 -83.8506
6.48 -221.026 -0.000168846 0.000536954 -73.6492 -73.6492
6.49 -220.976 -2.99373e-006 0.000387705 -64.1199 -64.1199
6.5 -220.948 -4.05338e-005 3.19189e-006 -55.6863 -55.6863
6.51 -220.939 0.000221888 0.000718451 -48.7987 -48.7987
6.52 -220.953 -8.90938e-005 0.000579814 -43.5764 -43.5764
6.53 -220.987 -5.09477e-005 -0.000111601 -39.6623 -39.6623
6.54 -221.033 2.71312e-005 5.94309e-005 -36.4178 -36.4178
6.55 -221.091 -1.44482e-005 -3.16488e-005 -33.2242 -33.2242
6.56 -221.156 7.69411e-006 1.6854e-005 -29.5991 -29.5991
6.57 -221.227 -4.09735e-006 -8.97525e-006 -25.1311 -25.1311
6.58 -221.301 2.18197e-006 4.7796e-006 -19.4111 -19.4111
6.59 -221.374 -1.16196e-006 -2.54528e-006 -12.0433 -12.0433
6.6 -221.44 6.18782e-007 1.35544e-006 -2.68857 -2.68857
6.61 -221.493 4.42392e-005 0.000335897 8.93193 8.93193
6.62 -221.527 0.00139305 -0.00311223 23.0723 23.0723
6.63 -221.543 0.00255277 -0.00287945 39.9683 39.9683
6.64 -221.535 0.001921 -0.000847471 59.7944 59.7944
6.65 -221.506 0.00395106 -0.00328876 82.5662 82.5662
6.66 -221.458 0.00330961 -0.00218713 107.995 107.995
6.67 -221.396 -0.00230886 0.00256658 135.379 135.379
6.68 -221.325 0.00799385 -0.00604659 163.654 163.654
6.69 -221.248 7.90762e-005 0.000578519 191.624 191.624
6.7 -221.172 0.00873763 -0.00767266 218.187 218.187
6.71 -221.101 0.0035384 -0.00212603 242.365 242.365
6.72 -221.036 -0.00014993 0.00241215 263.206 263.206
6.73 -220.981 0.000445943 -0.000664544 279.81 279.81
6.74 -220.938 -0.000171617 0.00053319 291.648 291.648
6.75 -220.912 0.000466823 8.57189e-005 298.982 298.982
6.76 -220.91 -0.00018462 4.35498e-005 302.954 302.954
6.77 -220.932 0.000184022 5.85597e-005 305.156 305.156
6.78 -220.98 4.70307e-005 8.19815e-005 306.897 306.897
6.79 -221.052 -1.10313e-005 0.000176809 308.682 308.682
6.8 -221.144 0.000623908 0.000142504 310.2 310.2
6.81 -221.254 0.000347506 5.59621e-005 310.727 310.727
6.82 -221.379 0.000770864 -8.98908e-009 309.584 309.584
6.83 -221.514 0.00391596 -0.00180569 306.437 306.437
6.84 -221.646 0.00340645 -0.000558241 301.416 301.416
6.85 -221.776 0.0159631 -0.0161377 295.1 295.1
6.86 -221.897 -0.00418803 0.00736337 288.495 288.495
6.87 -222.003 -0.001845 0.000810389 282.95 282.95
6.88 -222.087 0.00796209 -0.0107982 279.919 279.919
6.89 -222.148 -0.00153564 0.00274885 280.567 280.567
6.9 -222.182 0.00144293 -0.00145546 285.358 285.358
6.91 -222.18 -0.00376828 0.00286782 293.849 293.849
6.92 -222.147 0.00439489 -0.00123486 304.831 304.831
6.93 -222.084 0.00183021 -0.000757345 316.784 316.784
6.94 -221.999 -0.00105792 0.000449226 328.361 328.361
6.95 -221.887 0.000492497 -0.000198273 338.63 338.63
6.96 -221.76 -0.000667295 0.000294161 347.05 347.05
6.97 -221.62 -0.000319728 0.000205319 353.401 353.401
6.98 -221.477 -0.000665203 0.000340514 357.797 357.797
6.99 -221.336 -0.000912131 0.000714857 360.661 360.661
7 -221.206 -0.000458251 0.000312618 362.493 362.493
7.01 -221.091 -0.000138259 0.000122783 363.476 363.476
7.02 -220.997 -8.17141e-005 5.28512e-005 363.177 363.177
7.03 -220.928 4.06947e-005 -2.99058e-005 360.538 360.538
7.04 -220.885 -2.735e-005 1.23804e-005 354.08 354.08
7.05 -220.863 2.24671e-006 -1.42833e-005 342.152 342.152
7.06 -220.86 -0.000131461 -3.29454e-005 323.235 323.235
7.07 -220.871 -9.91969e-005 0.000108702 296.385 296.385
7.08 -220.895 -6.55558e-006 2.74699e-005 261.681 261.681
7.09 -220.93 3.49105e-006 -1.46286e-005 220.295 220.295
7.1 -220.976 -5.92205e-005 7.33258e-005 174.063 174.063
7.11 -221.031 -2.9144e-005 3.03014e-005 124.958 124.958
7.12 -221.093 1.48858e-005 -1.56734e-005 74.9146 74.9146
7.13 -221.158 -0.000621562 -0.00142065 25.9441 25.9441
7.14 -221.213 -0.00492038 -0.00640296 -19.8911 -19.8911
7.15 -221.269 -0.00183421 -0.000687274 -60.8687 -60.8687
7.16 -221.302 -0.00828152 -0.00801679 -96.0566 -96.0566
7.17 -221.31 0.00438364 0.00272454 -125.484 -125.484
7.18 -221.295 -0.0193726 -0.0173406 -149.977 -149.977
7.19 -221.244 0.00892046 0.00762798 -170.802 -170.802
7.2 -221.176 -0.0189438 -0.013326 -189.219 -189.219
7.21 -221.08 0.00681933 0.00449264 -206.042 -206.042
7.22 -220.977 -0.00758796 -0.0027945 -221.365 -221.365
7.23 -220.871 -0.00221585 -0.00295495 -234.602 -234.602
7.24 -220.764 -0.00846923 -0.000594721 -244.838 -244.838
7.25 -220.66 -0.014702 0.0120663 -251.346 -251.346
7.26 -220.562 0.00330626 0.00317644 -254.046 -254.046
7.27 -220.493 -0.0443837 0.0270399 -253.695 -253.695
7.28 -220.427 0.0243918 -0.0149525 -251.721 -251.721
7.29 -220.394 0.00404193 -0.00368559 -249.757 -249.757
7.3 -220.39 -0.00298086 0.0108699 -249.174 -249.174
7.31 -220.414 0.00668449 -0.00868289 -250.86 -250.86
7.32 -220.477 -0.00471397 0.00484399 -255.244 -255.244
7.33 -220.567 0.000905786 -0.000238551 -262.36 -262.36
7.34 -220.683 -0.00583525 0.0054571 -271.853 -271.853
7.35 -220.82 -0.00119373 0.00338604 -282.959 -282.959
7.36 -220.972 0.00121011 -0.00165325 -294.392 -294.392
7.37 -221.128 -7.6224e-005 0.000183979 -304.449 -304.449
7.38 -221.285 0.000205134 -0.00107245 -311.472 -311.472
7.39 -221.434 0.000712999 -0.000511619 -314.412 -314.412
7.4 -221.569 3.88631e-005 -0.00268316 -313.156 -313.156
7.41 -221.684 0.00147869 0.000294221 -308.323 -308.323
7.42 -221.772 0.000302958 -0.000966986 -300.595 -300.595
7.43 -221.828 -1.17259e-005 -0.000489579 -290.143 -290.143
7.44 -221.848 -0.00112032 -0.00119069 -276.577 -276.577
7.45 -221.827 -0.000545346 -0.000778291 -259.318 -259.318
7.46 -221.767 0.000441134 0.00053029 -237.966 -237.966
7.47 -221.669 -0.000179567 -0.000234044 -212.402 -212.402
7.48 -221.54 9.83442e-005 0.000120286 -182.766 -182.766
7.49 -221.391 0.000260266 5.33619e-005 -149.489 -149.489
7.5 -221.234 0.000408679 2.38497e-005 -113.316 -113.316
7.51 -221.079 0.000894387 0.000757726 -75.1243 -75.1243
7.52 -220.937 0.000785811 0.00085721 -35.6192 -35.6192
7.53 -220.817 0.000257146 0.000266428 4.74467 4.74467
7.54 -220.723 0.000203136 0.000256166 45.4949 45.4949
7.55 -220.655 0.00199825 0.00311666 85.7996 85.7996
7.56 -220.624 0.00200766 0.00219897 124.437 124.437
7.57 -220.624 0.00109436 0.00137652 160.174 160.174
7.58 -220.656 0.0104572 0.0101285 192.233 192.233
7.59 -220.718 -0.0026957 -0.00404484 220.404 220.404
7.6 -220.819 0.00395297 0.00394915 244.801 244.801
7.61 -220.954 0.000143022 -0.000240279 265.55 265.55
7.62 -221.118 5.42727e-005 3.38917e-005 282.723 282.723
7.63 -221.304 0.0218952 -0.0123069 296.536 296.536
7.64 -221.498 0.00233758 -0.00531852 307.555 307.555
7.65 -221.696 0.0156472 -0.0172538 316.665 316.665
7.66 -221.875 -0.0240721 0.0271895 324.812 324.812
7.67 -222.042 0.0106719 -0.0141018 332.64 332.64
7.68 -222.177 0.00224903 0.00376121 340.248 340.248
7.69 -222.277 -0.0044476 0.00196253 347.236 347.236
7.7 -222.342 0.00262032 -0.00191578 353.016 353.016
7.71 -222.367 0.000609443 0.000767042 357.224 357.224
7.72 -222.355 -0.000935053 -0.00234266 359.981 359.981
7.73 -222.31 0.000883416 -0.000280224 361.783 361.783
7.74 -222.233 0.00773132 0.00274596 363.16 363.16
7.75 -222.125 0.00606231 0.00587907 364.362 364.362
7.76 -222.003 0.0206628 0.0222194 365.276 365.276
7.77 -221.874 0.0081154 0.016375 365.515 365.515
7.78 -221.742 0.00784837 0.00407605 364.538 364.538
7.79 -221.625 -0.00438893 0.00314022 361.738 361.738
7.8 -221.523 0.00368281 0.00392308 356.591 356.591
7.81 -221.44 -0.00446485 -0.00393833 348.935 348.935
7.82 -221.381 0.000184654 0.00258398 339.089 339.089
7.83 -221.347 -2.39848e-005 -0.00368681 327.634 327.634
7.84 -221.346 0.000100291 0.00202381 315.086 315.086
7.85 -221.374 0.000273529 -0.000837265 301.687 301.687
7.86 -221.433 0.00132171 0.00254447 287.295 287.295
7.87 -221.52 0.000248529 0.000356999 271.488 271.488
7.88 -221.63 -0.000328817 -0.000223304 253.892 253.892
7.89 -221.752 -0.000222641 -7.86706e-005 234.56 234.56
7.9 -221.879 -0.00040777 -0.000247775 214.068 214.068
7.91 -222 -0.0012435 -0.00111485 193.259 193.259
7.92 -222.106 -0.00225817 -0.00167791 172.907 172.907
7.93 -222.194 -0.00252592 -0.00199189 153.611 153.611
7.94 -222.261 -0.000869184 -0.000203361 135.93 135.93
7.95 -222.305 -4.80518e-005 0.000100383 120.5 120.5
7.96 -222.325 1.67509e-005 -4.46308e-005 107.955 107.955
7.97 -222.319 -1.91863e-005 3.40196e-005 98.7196 98.7196
7.98 -222.283 1.02173e-005 -1.81165e-005 92.8681 92.8681
7.99 -222.214 -0.000395134 0.000454583 90.0818 90.0818
8 -222.111 -4.23752e-005 4.67274e-005 89.654 89.654
8.01 -221.975 -4.13597e-005 -0.000159262 90.4888 90.4888
8.02 -221.809 -0.000172965 -0.000213449 91.1201 91.1201
8.03 -221.621 -0.000130896 0.000260859 89.8817 89.8817
8.04 -221.42 -0.000165618 0.000229168 85.3138 85.3138
8.05 -221.217 1.36479e-005 -0.000206371 76.6595 76.6595
8.06 -221.021 -0.000209465 1.38749e-005 64.0956 64.0956
8.07 -220.842 1.42308e-005 2.42989e-005 48.473 48.473
8.08 -220.685 -8.10907e-006 -1.36206e-005 30.7614 30.7614
8.09 -220.552 -0.000259922 -0.000373891 11.6172 11.6172
8.1 -220.446 -5.70667e-005 -9.51439e-005 -8.75467 -8.75467
8.11 -220.369 -3.09462e-005 -0.000110511 -30.5805 -30.5805
8.12 -220.322 -7.49246e-005 -0.000177854 -54.4087 -54.4087
8.13 -220.305 3.98996e-005 9.47129e-005 -80.8355 -80.8355
8.14 -220.316 -5.49838e-005 3.46725e-006 -110.124 -110.124
8.15 -220.354 -0.0186641 -0.0158231 -142.039 -142.039
8.16 -220.411 -0.0153884 -0.00745827 -175.958 -175.958
8.17 -220.482 -0.0202344 -0.0122701 -210.959 -210.959
8.18 -220.542 0.000442437 -0.00128653 -245.799 -245.799
8.19 -220.622 0.0154149 0.0105587 -278.944 -278.944
8.2 -220.704 -0.00651605 -0.00663361 -308.724 -308.724
8.21 -220.781 0.0169073 0.00652818 -333.506 -333.506
8.22 -220.844 -0.00486341 0.00155031 -352.054 -352.054
8.23 -220.891 0.00709777 -0.00637028 -364.092 -364.092
8.24 -220.918 -0.00163934 -0.00506957 -370.562 -370.562
8.25 -220.928 0.00388791 0.00684547 -373.275 -373.275
8.26 -220.908 -0.0050968 0.00518193 -374.129 -374.129
8.27 -220.865 0.00150742 2.66524e-005 -374.394 -374.394
8.28 -220.797 0.00634784 -0.00908899 -374.516 -374.516
8.29 -220.722 -0.0215954 0.0182235 -374.401 -374.401
8.3 -220.621 0.0100866 -0.00852346 -373.768 -373.768
8.31 -220.514 0.00519532 -0.00508515 -372.337 -372.337
8.32 -220.4 -0.00344291 0.00741635 -369.916 -369.916
8.33 -220.285 -0.000478708 0.00145221 -366.444 -366.444
8.34 -220.174 0.00410055 -0.00746668 -361.984 -361.984
8.35 -220.075 -0.00074781 0.00167146 -356.756 -356.756
8.36 -219.994 0.000504475 -0.000449218 -351.233 -351.233
8.37 -219.926 -0.00181927 0.00109576 -346.19 -346.19
8.38 -219.876 -0.000127272 0.000421571 -342.635 -342.635
8.39 -219.848 0.0021279 0.00142759 -341.677 -341.677
8.4 -219.837 -0.00761761 -0.00729442 -344.248 -344.248
8.41 -219.848 -0.0111777 -0.00857249 -350.745 -350.745
8.42 -219.871 -0.00585702 -0.013923 -360.772 -360.772
8.43 -219.909 -0.0242545 -0.0241303 -373.114 -373.114
8.44 -219.953 -0.00258013 -0.0027596 -386.053 -386.053
8.45 -220 -0.0118631 -0.013585 -397.908 -397.908
8.46 -220.059 -0.0954453 -0.0930103 -407.539 -407.539
8.47 -220.097 -0.0468951 -0.0513202 -414.519 -414.519
8.48 -220.126 0.0134509 0.00939606 -418.738 -418.738
8.49 -220.159 -0.0501808 -0.0244349 -420.006 -420.006
8.5 -220.168 -0.0065435 -0.0079368 -418.046 -418.046
8.51 -220.175 -0.0193278 -0.0362943 -412.509 -412.509
8.52 -220.16 -0.0110395 -0.0107183 -402.976 -402.976
8.53 -220.135 -0.0349093 -0.0243763 -389.135 -389.135
8.54 -220.104 -0.0574429 -0.0699837 -370.9 -370.9
8.55 -220.055 0.0130718 0.00371218 -348.472 -348.472
8.56 -220.005 -0.00643204 -0.00391733 -322.421 -322.421
8.57 -219.947 0.00342238 0.00197798 -293.572 -293.572
8.58 -219.887 -0.00181771 -0.00132622 -262.694 -262.694
8.59 -219.827 0.000972415 0.000568043 -230.298 -230.298
8.6 -219.775 -0.000247036 -0.000310146 -196.725 -196.725
8.61 -219.732 0.000156843 -0.000301812 -162.416 -162.416
8.62 -219.704 0.000138195 -0.000289829 -128.111 -128.111
8.63 -219.692 0.00044796 0.000114218 -94.7644 -94.7644
8.64 -219.698 -7.19481e-005 -6.68608e-005 -63.3143 -63.3143
8.65 -219.723 -1.99952e-005 -0.000138569 -34.5573 -34.5573
8.66 -219.765 0.00104511 -0.0027854 -9.21737 -9.21737
8.67 -219.825 0.00303498 -0.00623636 12.0189 12.0189
8.68 -219.898 -0.00315904 0.00622672 28.6484 28.6484
8.69 -219.981 -0.00208942 0.00526197 40.5526 40.5526
8.7 -220.072 0.00400231 -0.00546004 48.089 48.089
8.71 -220.163 0.00418937 -0.0073817 52.039 52.039
8.72 -220.25 -0.00686363 0.00973857 53.5327 53.5327
8.73 -220.331 -0.00229018 0.00508387 53.9862 53.9862
8.74 -220.404 0.00497039 -0.00717805 54.8937 54.8937
8.75 -220.465 0.00207593 -0.00241807 57.3755 57.3755
8.76 -220.51 -0.00336965 0.00267106 61.6884 61.6884
8.77 -220.543 0.000574231 -0.00024278 67.1371 67.1371
8.78 -220.564 -0.00241939 0.00146698 72.6112 72.6112
8.79 -220.574 0.00227391 -0.00314295 77.4218 77.4218
8.8 -220.581 -0.00375911 -0.00139692 81.825 81.825
8.81 -220.591 -0.011001 -0.00663075 86.9312 86.9312
8.82 -220.609 -0.0498417 -0.0387405 94.2158 94.2158
8.83 -220.639 -0.0958682 -0.0998507 105.071 105.071
8.84 -220.67 0.00397152 0.00115323 120.539 120.539
8.85 -220.726 0.00260094 -0.00339806 140.959 140.959
8.86 -220.792 0.0281647 0.0138914 165.66 165.66
8.87 -220.873 0.0842667 0.0562409 193.467 193.467
8.88 -220.965 0.0747373 0.0251982 223.603 223.603
8.89 -221.053 -0.0761492 -0.00689199 255.495 255.495
8.9 -221.201 -0.0273228 -0.0117598 288.042 288.042
8.91 -221.363 0.00815839 -0.0154129 319.883 319.883
8.92 -221.53 -0.0477128 0.0130685 350.053 350.053
8.93 -221.727 0.0130735 -0.0108057 378.25 378.25
8.94 -221.924 -0.0180223 -0.00663666 404.8 404.8
8.95 -222.123 -0.00704938 -0.00944422 430.385 430.385
8.96 -222.31 -0.0132819 -0.013219 455.479 455.479
8.97 -222.483 0.0147739 0.013553 479.732 479.732
8.98 -222.634 0.0193927 0.0241129 501.831 501.831
8.99 -222.754 -0.018764 -0.030655 519.925 519.925
9 -222.856 0.0335873 0.0299508 532.354 532.354
9.01 -222.934 0.0304276 0.0294293 538.394 538.394
9.02 -222.995 0.020247 0.040269 538.484 538.484
9.03 -223.03 0.0106635 -0.0128965 533.767 533.767
9.04 -223.076 0.133602 0.130849 525.329 525.329
9.05 -223.082 0.0738305 0.0657824 513.812 513.812
9.06 -223.1 0.090102 0.0529821 499.483 499.483
9.07 -223.113 0.132728 0.171032 482.259 482.259
9.08 -223.108 0.098205 0.0756709 461.81 461.81
9.09 -223.088 0.0186125 0.0386845 437.621 437.621
9.1 -223.084 0.054971 0.0638817 408.89 408.89
9.11 -223.072 0.0144301 0.0767892 374.922 374.922
9.12 -223.051 0.033017 0.00426899 335.787 335.787
9.13 -223.048 0.140301 0.137358 292.56 292.56
9.14 -223.026 0.0477234 0.0866436 247.118 247.118
9.15 -223.005 -0.0162831 -0.00758502 201.807 201.807
9.16 -222.99 0.00722506 0.00758857 159.058 159.058
9.17 -222.973 -0.00398151 -0.00365861 120.864 120.864
9.18 -222.952 0.00213526 0.00156653 88.2569 88.2569
9.19 -222.928 -0.00105992 -0.000524233 61.0813 61.0813
9.2 -222.903 0.000404455 0.000881515 38.2254 38.2254
9.21 -222.868 -0.000427789 0.000480047 18.1346 18.1346
9.22 -222.822 -7.75387e-005 0.00058697 -0.691175 -0.691175
9.23 -222.772 0.000492636 0.00130326 -19.2807 -19.2807
9.24 -222.707 0.00123842 0.00124362 -37.8802 -37.8802
9.25 -222.617 0.0162882 0.00614071 -55.8721 -55.8721
9.26 -222.508 0.0203746 0.0115363 -71.9947 -71.9947
9.27 -222.38 0.0590261 0.0486968 -84.801 -84.801
9.28 -222.235 0.0977467 0.104115 -93.178 -93.178
9.29 -222.068 0.0523058 0.061388 -96.7538 -96.7538
9.3 -221.888 -0.00113331 -1.63066e-005 -96.1379 -96.1379
9.31 -221.705 0.000603521 8.68376e-006 -93.0327 -93.0327
9.32 -221.519 -0.000321394 -4.62437e-006 -90.0805 -90.0805
9.33 -221.338 0.000177692 -1.00273e-005 -90.2093 -90.2093
9.34 -221.159 -8.56903e-005 -1.13485e-005 -95.7118 -95.7118
9.35 -220.989 -0.00129494 0.00124805 -107.64 -107.64
9.36 -220.836 -0.0103128 -0.000126635 -125.719 -125.719
9.37 -220.699 -0.0144411 -0.0149289 -148.547 -148.547
9.38 -220.582 -0.0231792 -0.00726959 -173.784 -173.784
9.39 -220.492 -0.0519558 -0.0357677 -198.513 -198.513
9.4 -220.422 -0.0718598 -0.06604 -220.053 -220.053
9.41 -220.366 -0.0268586 -0.0225808 -236.667 -236.667
9.42 -220.339 0.00629132 -0.00874007 -247.842 -247.842
9.43 -220.339 0.0243877 0.0128989 -254.332 -254.332
9.44 -220.362 0.0225795 0.0168741 -257.701 -257.701
9.45 -220.406 0.0101385 0.00245722 -259.404 -259.404
9.46 -220.449 0.0314263 0.0428134 -260.2 -260.2
9.47 -220.503 -0.0159678 -0.0241364 -260.099 -260.099
9.48 -220.55 -0.000908427 -0.007799 -258.426 -258.426
9.49 -220.596 0.0178678 0.0351762 -253.827 -253.827
9.5 -220.633 -0.00804123 -0.0175159 -244.405 -244.405
9.51 -220.659 0.00747432 0.00514918 -228.234 -228.234
9.52 -220.672 0.000199042 -0.0037936 -204.048 -204.048
9.53 -220.671 0.00183275 0.00533739 -171.68 -171.68
9.54 -220.659 -0.0028716 0.00767672 -131.998 -131.998
9.55 -220.638 0.000688254 -0.00264549 -86.5574 -86.5574
9.56 -220.609 0.000408998 -0.00249891 -37.339 -37.339
9.57 -220.575 0.00213568 0.000224761 13.4492 13.4492
9.58 -220.54 -0.00260691 0.000157959 63.7274 63.7274
9.59 -220.513 -0.00479445 -0.00431204 112.044 112.044
9.6 -220.498 -0.0381215 -0.0296567 157.952 157.952
9.61 -220.497 -0.0502237 -0.0522886 201.917 201.917
9.62 -220.509 0.0044002 -0.00431839 244.724 244.724
9.63 -220.543 -0.00526447 0.00489453 286.765 286.765
9.64 -220.597 0.0064729 -0.00516392 327.681 327.681
9.65 -220.674 0.024401 -0.0152275 366.538 366.538
9.66 -220.765 0.0333723 0.0557819 402.424 402.424
9.67 -220.898 0.121439 0.086033 434.755 434.755
9.68 -221.049 0.033438 0.06068 463.035 463.035
9.69 -221.223 0.00283684 0.00845652 486.63 486.63
9.7 -221.413 0.00267898 4.66323e-005 505.046 505.046
9.71 -221.628 -0.00485914 0.0148034 518.422 518.422
9.72 -221.832 0.00149961 -0.0027475 527.67 527.67
9.73 -222.029 -0.0462414 -0.00956291 534.128 534.128
9.74 -222.197 0.0303571 0.00182991 539.075 539.075
9.75 -222.364 0.00312507 0.0215524 543.529 543.529
9.76 -222.516 -0.0160234 -0.0128017 548.361 548.361
9.77 -222.635 -0.0403015 -0.0220855 554.285 554.285
9.78 -222.731 0.0536947 0.0220423 561.658 561.658
9.79 -222.819 0.00803597 -0.00633075 570.438 570.438
9.8 -222.869 0.0323377 -0.01158 580.481 580.481
9.81 -222.888 -0.000142478 0.00729664 591.858 591.858
9.82 -222.871 -0.0144137 -0.0363399 604.702 604.702
9.83 -222.839 0.0127121 0.0151167 618.726 618.726
9.84 -222.795 0.0303624 0.00488395 632.906 632.906
9.85 -222.743 0.0267721 0.00214767 645.645 645.645
9.86 -222.687 0.0267153 0.022664 655.346 655.346
9.87 -222.639 0.0634414 0.0256517 660.902 660.902
9.88 -222.584 0.0094202 0.00782395 661.831 661.831
9.89 -222.558 0.0794656 0.0286945 658.092 658.092
9.9 -222.523 0.0228155 0.0187996 649.824 649.824
9.91 -222.513 0.049223 0.0444611 637.163 637.163
9.92 -222.507 0.0273027 -0.000144396 620.157 620.157
9.93 -222.524 0.020976 0.0292638 598.691 598.691
9.94 -222.563 0.0227051 0.0137114 572.414 572.414
9.95 -222.628 0.00445543 0.00997786 540.759 540.759
9.96 -222.714 -0.00124757 -0.00596278 503.184 503.184
9.97 -222.821 0.00218342 0.00157319 459.585 459.585
9.98 -222.941 -0.00524463 0.00776969 410.571 410.571
9.99 -223.063 0.00217166 -0.00493267 357.348 357.348
10 -223.187 -0.000507581 0.00363051 301.253 301.253
