0.1 0.00111996 3.86192e-008
0.2 0.00215892 7.44456e-008
0.3 0.0031164 1.07462e-007
0.4 0.00399188 1.37651e-007
0.5 0.00478484 1.64995e-007
0.6 0.00549478 1.89475e-007
0.7 0.00612116 2.11075e-007
0.8 0.00666345 2.29774e-007
0.9 0.0071211 2.45555e-007
1 0.00749358 2.58399e-007
0.01 0.00782465 2.69816e-007
0.02 0.00873855 3.01329e-007
0.03 0.00966942 3.33428e-007
0.04 0.0100343 3.46009e-007
0.05 0.00976308 3.36658e-007
0.06 0.00895526 3.08802e-007
0.07 0.00776719 2.67834e-007
0.08 0.0063542 2.1911e-007
0.09 0.00484495 1.67067e-007
0.1 0.00333555 1.15019e-007
0.11 0.00189342 6.52902e-008
0.12 0.000546174 1.88336e-008
0.13 -0.000747445 -2.5774e-008
0.14 -0.00207406 -7.15192e-008
0.15 -0.0035003 -1.207e-007
0.16 -0.00502485 -1.73271e-007
0.17 -0.00660661 -2.27814e-007
0.18 -0.00823251 -2.8388e-007
0.19 -0.00996514 -3.43626e-007
0.2 -0.0118897 -4.09989e-007
0.21 -0.0140065 -4.82981e-007
0.22 -0.0161806 -5.57953e-007
0.23 -0.018212 -6.27999e-007
0.24 -0.0199622 -6.88351e-007
0.25 -0.0214339 -7.39099e-007
0.26 -0.0227384 -7.84084e-007
0.27 -0.0240321 -8.28694e-007
0.28 -0.0254593 -8.77905e-007
0.29 -0.027171 -9.36932e-007
0.3 -0.0293095 -1.01067e-006
0.31 -0.0319054 -1.10019e-006
0.32 -0.0348159 -1.20055e-006
0.33 -0.0377963 -1.30332e-006
0.34 -0.0406409 -1.40141e-006
0.35 -0.0432863 -1.49263e-006
0.36 -0.0457968 -1.5792e-006
0.37 -0.0482113 -1.66246e-006
0.38 -0.0503927 -1.73768e-006
0.39 -0.052122 -1.79731e-006
0.4 -0.0533482 -1.83959e-006
0.41 -0.0542547 -1.87085e-006
0.42 -0.055085 -1.89948e-006
0.43 -0.0559374 -1.92888e-006
0.44 -0.0567056 -1.95536e-006
0.45 -0.0572378 -1.97372e-006
0.46 -0.0575027 -1.98285e-006
0.47 -0.0575091 -1.98307e-006
0.48 -0.057206 -1.97262e-006
0.49 -0.0565176 -1.94888e-006
0.5 -0.0553755 -1.9095e-006
0.51 -0.0537656 -1.85399e-006
0.52 -0.051731 -1.78383e-006
0.53 -0.0492796 -1.6993e-006
0.54 -0.0464189 -1.60065e-006
0.55 -0.0433192 -1.49377e-006
0.56 -0.0402558 -1.38813e-006
0.57 -0.0373731 -1.28873e-006
0.58 -0.0346693 -1.19549e-006
0.59 -0.0321123 -1.10732e-006
0.6 -0.0297075 -1.0244e-006
0.61 -0.0275467 -9.49885e-007
0.62 -0.0256928 -8.85959e-007
0.63 -0.023861 -8.22795e-007
0.64 -0.0214966 -7.4126e-007
0.65 -0.0183692 -6.33419e-007
0.66 -0.0147768 -5.09545e-007
0.67 -0.0111429 -3.84239e-007
0.68 -0.00758826 -2.61664e-007
0.69 -0.00391966 -1.35161e-007
0.7 3.06497e-005 1.05689e-009
0.71 0.00414929 1.43079e-007
0.72 0.00799152 2.7557e-007
0.73 0.0111033 3.82873e-007
0.74 0.0135695 4.67915e-007
0.75 0.0159769 5.50928e-007
0.76 0.0187426 6.46296e-007
0.77 0.0218408 7.53133e-007
0.78 0.0251884 8.68567e-007
0.79 0.0288525 9.94912e-007
0.8 0.0328587 1.13306e-006
0.81 0.0369655 1.27467e-006
0.82 0.0406231 1.4008e-006
0.83 0.0433226 1.49388e-006
0.84 0.0450516 1.5535e-006
0.85 0.0463009 1.59658e-006
0.86 0.0477683 1.64718e-006
0.87 0.0499388 1.72203e-006
0.88 0.0528416 1.82213e-006
0.89 0.0562931 1.94114e-006
0.9 0.0601367 2.07368e-006
0.91 0.0643542 2.21911e-006
0.92 0.0691326 2.38388e-006
0.93 0.074762 2.578e-006
0.94 0.0811894 2.79964e-006
0.95 0.0874286 3.01478e-006
0.96 0.0920555 3.17433e-006
0.97 0.094553 3.26045e-006
0.98 0.0955222 3.29387e-006
0.99 0.0958879 3.30648e-006
1 0.0961462 3.31539e-006
1.01 0.095808 3.30372e-006
1.02 0.0941103 3.24518e-006
1.03 0.0917442 3.16359e-006
1.04 0.0908273 3.13198e-006
1.05 0.0925876 3.19268e-006
1.06 0.0960932 3.31356e-006
1.07 0.0995558 3.43296e-006
1.08 0.101986 3.51677e-006
1.09 0.103417 3.56609e-006
1.1 0.104171 3.5921e-006
1.11 0.104687 3.6099e-006
1.12 0.105788 3.64785e-006
1.13 0.107967 3.723e-006
1.14 0.110241 3.80143e-006
1.15 0.11118 3.83379e-006
1.16 0.110814 3.82119e-006
1.17 0.11054 3.81172e-006
1.18 0.112044 3.86359e-006
1.19 0.11578 3.9924e-006
1.2 0.120098 4.14131e-006
1.21 0.122535 4.22536e-006
1.22 0.121442 4.18764e-006
1.23 0.116475 4.01636e-006
1.24 0.108579 3.74409e-006
1.25 0.0997086 3.43823e-006
1.26 0.0918509 3.16727e-006
1.27 0.0861794 2.9717e-006
1.28 0.0831016 2.86557e-006
1.29 0.0823171 2.83852e-006
1.3 0.0831946 2.86878e-006
1.31 0.0855411 2.94969e-006
1.32 0.0890474 3.0706e-006
1.33 0.092323 3.18355e-006
1.34 0.0942366 3.24954e-006
1.35 0.0958943 3.3067e-006
1.36 0.0995282 3.43201e-006
1.37 0.1056 3.64137e-006
1.38 0.111837 3.85645e-006
1.39 0.114829 3.95961e-006
1.4 0.112451 3.87762e-006
1.41 0.105788 3.64787e-006
1.42 0.0991511 3.419e-006
1.43 0.0968215 3.33867e-006
1.44 0.0989873 3.41336e-006
1.45 0.101345 3.49467e-006
1.46 0.0988743 3.40946e-006
1.47 0.0904176 3.11785e-006
1.48 0.0790929 2.72734e-006
1.49 0.0677971 2.33783e-006
1.5 0.0566783 1.95442e-006
1.51 0.0459805 1.58554e-006
1.52 0.0385274 1.32853e-006
1.53 0.0374783 1.29235e-006
1.54 0.0430988 1.48616e-006
1.55 0.0529568 1.8261e-006
1.56 0.0642451 2.21535e-006
1.57 0.0748849 2.58224e-006
1.58 0.0829303 2.85966e-006
1.59 0.0863308 2.97692e-006
1.6 0.0837682 2.88856e-006
1.61 0.0766649 2.64362e-006
1.62 0.0695451 2.39811e-006
1.63 0.0660869 2.27886e-006
1.64 0.0662501 2.28449e-006
1.65 0.0682658 2.35399e-006
1.66 0.0715848 2.46844e-006
1.67 0.0771254 2.6595e-006
1.68 0.0851548 2.93637e-006
1.69 0.0932488 3.21547e-006
1.7 0.0978039 3.37255e-006
1.71 0.0981223 3.38353e-006
1.72 0.0969637 3.34358e-006
1.73 0.0967981 3.33787e-006
1.74 0.0974506 3.36037e-006
1.75 0.09749 3.36172e-006
1.76 0.0960329 3.31148e-006
1.77 0.0925896 3.19274e-006
1.78 0.0867805 2.99243e-006
1.79 0.0797679 2.75062e-006
1.8 0.0739278 2.54923e-006
1.81 0.0698208 2.40761e-006
1.82 0.0660777 2.27854e-006
1.83 0.0622008 2.14486e-006
1.84 0.0598995 2.0655e-006
1.85 0.0615317 2.12178e-006
1.86 0.067078 2.31303e-006
1.87 0.0742988 2.56203e-006
1.88 0.0827527 2.85354e-006
1.89 0.0942435 3.24978e-006
1.9 0.107893 3.72046e-006
1.91 0.119124 4.10774e-006
1.92 0.124135 4.2805e-006
1.93 0.121285 4.18225e-006
1.94 0.109238 3.76683e-006
1.95 0.0874623 3.01594e-006
1.96 0.0583711 2.0128e-006
1.97 0.0272274 9.38876e-007
1.98 -0.00118676 -4.09228e-008
1.99 -0.0255953 -8.82596e-007
2 -0.047484 -1.63738e-006
2.01 -0.0681053 -2.34846e-006
2.02 -0.0864248 -2.98016e-006
2.03 -0.100462 -3.4642e-006
2.04 -0.110122 -3.79731e-006
2.05 -0.116309 -4.01064e-006
2.06 -0.118721 -4.09382e-006
2.07 -0.117442 -4.04971e-006
2.08 -0.114579 -3.951e-006
2.09 -0.112944 -3.89462e-006
2.1 -0.114594 -3.95151e-006
2.11 -0.120551 -4.15691e-006
2.12 -0.131434 -4.53221e-006
2.13 -0.147653 -5.09147e-006
2.14 -0.168312 -5.80387e-006
2.15 -0.190469 -6.56791e-006
2.16 -0.21015 -7.24655e-006
2.17 -0.225767 -7.78505e-006
2.18 -0.241366 -8.32298e-006
2.19 -0.262888 -9.06512e-006
2.2 -0.290243 -1.00084e-005
2.21 -0.317257 -1.09399e-005
2.22 -0.338228 -1.1663e-005
2.23 -0.351612 -1.21246e-005
2.24 -0.359093 -1.23825e-005
2.25 -0.363444 -1.25325e-005
2.26 -0.367898 -1.26861e-005
2.27 -0.374694 -1.29205e-005
2.28 -0.382426 -1.31871e-005
2.29 -0.387502 -1.33621e-005
2.3 -0.388066 -1.33816e-005
2.31 -0.383951 -1.32397e-005
2.32 -0.374759 -1.29227e-005
2.33 -0.360502 -1.24311e-005
2.34 -0.343046 -1.18292e-005
2.35 -0.325423 -1.12215e-005
2.36 -0.309725 -1.06802e-005
2.37 -0.296608 -1.02279e-005
2.38 -0.285235 -9.8357e-006
2.39 -0.271975 -9.37846e-006
2.4 -0.251761 -8.6814e-006
2.41 -0.221187 -7.62712e-006
2.42 -0.179614 -6.19359e-006
2.43 -0.131284 -4.52704e-006
2.44 -0.0862142 -2.9729e-006
2.45 -0.0534641 -1.84359e-006
2.46 -0.0332536 -1.14668e-006
2.47 -0.0184676 -6.36813e-007
2.48 -0.00225165 -7.76431e-008
2.49 0.0175112 6.03834e-007
2.5 0.0388883 1.34098e-006
2.51 0.0587993 2.02756e-006
2.52 0.0748574 2.58129e-006
2.53 0.0862548 2.9743e-006
2.54 0.0949367 3.27368e-006
2.55 0.105021 3.62143e-006
2.56 0.120163 4.14355e-006
2.57 0.141183 4.86839e-006
2.58 0.165677 5.71301e-006
2.59 0.189994 6.5515e-006
2.6 0.211623 7.29734e-006
2.61 0.229732 7.92178e-006
2.62 0.244478 8.43029e-006
2.63 0.25736 8.87447e-006
2.64 0.270841 9.33936e-006
2.65 0.285759 9.85375e-006
2.66 0.300237 1.0353e-005
2.67 0.310506 1.07071e-005
2.68 0.312458 1.07744e-005
2.69 0.304288 1.04927e-005
2.7 0.287382 9.90974e-006
2.71 0.265775 9.16467e-006
2.72 0.245463 8.46426e-006
2.73 0.231349 7.97754e-006
2.74 0.222125 7.65947e-006
2.75 0.210123 7.24563e-006
2.76 0.189546 6.53606e-006
2.77 0.161177 5.55783e-006
2.78 0.127419 4.39376e-006
2.79 0.0893607 3.0814e-006
2.8 0.050659 1.74686e-006
2.81 0.0174399 6.01375e-007
2.82 -0.00670175 -2.31095e-007
2.83 -0.0227536 -7.84608e-007
2.84 -0.0352442 -1.21532e-006
2.85 -0.0485201 -1.67311e-006
2.86 -0.0645032 -2.22425e-006
2.87 -0.0841347 -2.9012e-006
2.88 -0.106363 -3.66767e-006
2.89 -0.126543 -4.36355e-006
2.9 -0.140061 -4.82968e-006
2.91 -0.14688 -5.06484e-006
2.92 -0.151167 -5.21267e-006
2.93 -0.157198 -5.42061e-006
2.94 -0.165775 -5.71639e-006
2.95 -0.174742 -6.02558e-006
2.96 -0.182356 -6.28814e-006
2.97 -0.188786 -6.50985e-006
2.98 -0.194875 -6.71983e-006
2.99 -0.200807 -6.92437e-006
3 -0.205804 -7.0967e-006
3.01 -0.208873 -7.20253e-006
3.02 -0.20934 -7.21862e-006
3.03 -0.206048 -7.10511e-006
3.04 -0.198046 -6.82919e-006
3.05 -0.187332 -6.45973e-006
3.06 -0.177909 -6.13481e-006
3.07 -0.169892 -5.85833e-006
3.08 -0.158238 -5.45649e-006
3.09 -0.13933 -4.80449e-006
3.1 -0.115103 -3.96908e-006
3.11 -0.0900761 -3.10607e-006
3.12 -0.065564 -2.26083e-006
3.13 -0.0377205 -1.30071e-006
3.14 -0.00352202 -1.21449e-007
3.15 0.0339354 1.17019e-006
3.16 0.0682154 2.35225e-006
3.17 0.093508 3.22441e-006
3.18 0.107358 3.70201e-006
3.19 0.114066 3.93332e-006
3.2 0.122978 4.24063e-006
3.21 0.141083 4.86494e-006
3.22 0.168369 5.80583e-006
3.23 0.199218 6.86959e-006
3.24 0.226529 7.81134e-006
3.25 0.244575 8.43362e-006
3.26 0.249541 8.60487e-006
3.27 0.240921 8.30763e-006
3.28 0.222671 7.67832e-006
3.29 0.201074 6.9336e-006
3.3 0.182154 6.28117e-006
3.31 0.170978 5.8958e-006
3.32 0.171302 5.90696e-006
3.33 0.183089 6.3134e-006
3.34 0.199971 6.89556e-006
3.35 0.212701 7.33453e-006
3.36 0.215782 7.44075e-006
3.37 0.209443 7.22219e-006
3.38 0.198306 6.83814e-006
3.39 0.189252 6.52592e-006
3.4 0.186782 6.44077e-006
3.41 0.189158 6.52267e-006
3.42 0.191007 6.58646e-006
3.43 0.189066 6.51953e-006
3.44 0.184237 6.35299e-006
3.45 0.179722 6.19732e-006
3.46 0.177406 6.11745e-006
3.47 0.175649 6.05687e-006
3.48 0.170916 5.89366e-006
3.49 0.16059 5.53759e-006
3.5 0.143262 4.94008e-006
3.51 0.118489 4.08581e-006
3.52 0.0890131 3.06942e-006
3.53 0.061004 2.10358e-006
3.54 0.0399144 1.37636e-006
3.55 0.0266058 9.17442e-007
3.56 0.0168959 5.82616e-007
3.57 0.005163 1.78034e-007
3.58 -0.0111258 -3.83649e-007
3.59 -0.0296396 -1.02206e-006
3.6 -0.0447324 -1.54249e-006
3.61 -0.0520017 -1.79316e-006
3.62 -0.0527092 -1.81756e-006
3.63 -0.0532774 -1.83715e-006
3.64 -0.0590998 -2.03792e-006
3.65 -0.0695993 -2.39998e-006
3.66 -0.0805388 -2.7772e-006
3.67 -0.088547 -3.05334e-006
3.68 -0.0922454 -3.18087e-006
3.69 -0.0931103 -3.2107e-006
3.7 -0.0963822 -3.32352e-006
3.71 -0.108068 -3.7265e-006
3.72 -0.13056 -4.50208e-006
3.73 -0.161442 -5.56695e-006
3.74 -0.195171 -6.73005e-006
3.75 -0.22695 -7.82585e-006
3.76 -0.255984 -8.82705e-006
3.77 -0.283413 -9.77287e-006
3.78 -0.309012 -1.06556e-005
3.79 -0.331937 -1.14461e-005
3.8 -0.351712 -1.2128e-005
3.81 -0.366939 -1.26531e-005
3.82 -0.374522 -1.29145e-005
3.83 -0.370654 -1.27812e-005
3.84 -0.355664 -1.22643e-005
3.85 -0.338548 -1.16741e-005
3.86 -0.32985 -1.13741e-005
3.87 -0.331171 -1.14197e-005
3.88 -0.336608 -1.16072e-005
3.89 -0.340865 -1.1754e-005
3.9 -0.343889 -1.18582e-005
3.91 -0.34954 -1.20531e-005
3.92 -0.360801 -1.24414e-005
3.93 -0.376222 -1.29732e-005
3.94 -0.390559 -1.34676e-005
3.95 -0.397808 -1.37175e-005
3.96 -0.393762 -1.3578e-005
3.97 -0.377769 -1.30265e-005
3.98 -0.351905 -1.21347e-005
3.99 -0.318392 -1.0979e-005
4 -0.280433 -9.67009e-006
4.01 -0.243514 -8.39703e-006
4.02 -0.212667 -7.33335e-006
4.03 -0.190759 -6.5779e-006
4.04 -0.179223 -6.1801e-006
4.05 -0.177101 -6.10694e-006
4.06 -0.178936 -6.17021e-006
4.07 -0.176491 -6.08589e-006
4.08 -0.164317 -5.6661e-006
4.09 -0.141217 -4.86954e-006
4.1 -0.107703 -3.71389e-006
4.11 -0.0660998 -2.2793e-006
4.12 -0.0206 -7.10344e-007
4.13 0.0257557 8.88128e-007
4.14 0.0712008 2.4552e-006
4.15 0.112464 3.87808e-006
4.16 0.145546 5.01882e-006
4.17 0.168156 5.79848e-006
4.18 0.181674 6.26463e-006
4.19 0.192592 6.64112e-006
4.2 0.209557 7.22609e-006
4.21 0.237713 8.19699e-006
4.22 0.276807 9.54507e-006
4.23 0.322245 1.11119e-005
4.24 0.367396 1.26688e-005
4.25 0.408477 1.40854e-005
4.26 0.44554 1.53634e-005
4.27 0.477977 1.6482e-005
4.28 0.504345 1.73912e-005
4.29 0.525471 1.81197e-005
4.3 0.542134 1.86943e-005
4.31 0.552257 1.90433e-005
4.32 0.554405 1.91174e-005
4.33 0.551306 1.90106e-005
4.34 0.548982 1.89304e-005
4.35 0.554369 1.91162e-005
4.36 0.571134 1.96943e-005
4.37 0.59553 2.05355e-005
4.38 0.618639 2.13324e-005
4.39 0.632564 2.18126e-005
4.4 0.634437 2.18771e-005
4.41 0.627054 2.16226e-005
4.42 0.615936 2.12392e-005
4.43 0.606397 2.09103e-005
4.44 0.60408 2.08303e-005
4.45 0.613806 2.11657e-005
4.46 0.634035 2.18633e-005
4.47 0.655561 2.26056e-005
4.48 0.669156 2.30743e-005
4.49 0.672758 2.31986e-005
4.5 0.670233 2.31115e-005
4.51 0.666698 2.29896e-005
4.52 0.665718 2.29558e-005
4.53 0.66738 2.30131e-005
4.54 0.669174 2.3075e-005
4.55 0.668413 2.30487e-005
4.56 0.660844 2.27877e-005
4.57 0.640886 2.20995e-005
4.58 0.607517 2.09489e-005
4.59 0.567367 1.95644e-005
4.6 0.530354 1.82881e-005
4.61 0.502469 1.73265e-005
4.62 0.482807 1.66485e-005
4.63 0.467492 1.61204e-005
4.64 0.454755 1.56812e-005
4.65 0.44384 1.53048e-005
4.66 0.43035 1.48397e-005
4.67 0.407596 1.4055e-005
4.68 0.373186 1.28685e-005
4.69 0.331438 1.14289e-005
4.7 0.29023 1.00079e-005
4.71 0.256855 8.85708e-006
4.72 0.233328 8.04579e-006
4.73 0.213944 7.37736e-006
4.74 0.191046 6.5878e-006
4.75 0.162445 5.60156e-006
4.76 0.132015 4.55223e-006
4.77 0.106713 3.67974e-006
4.78 0.0911149 3.14189e-006
4.79 0.0817484 2.81891e-006
4.8 0.0699704 2.41277e-006
4.81 0.0485144 1.67291e-006
4.82 0.0125221 4.31798e-007
4.83 -0.0373347 -1.2874e-006
4.84 -0.0885739 -3.05427e-006
4.85 -0.124284 -4.28567e-006
4.86 -0.14241 -4.9107e-006
4.87 -0.159116 -5.48676e-006
4.88 -0.190334 -6.56323e-006
4.89 -0.236452 -8.15353e-006
4.9 -0.28511 -9.83137e-006
4.91 -0.325144 -1.12118e-005
4.92 -0.355535 -1.22598e-005
4.93 -0.381795 -1.31653e-005
4.94 -0.409516 -1.41212e-005
4.95 -0.442553 -1.52605e-005
4.96 -0.480457 -1.65675e-005
4.97 -0.51577 -1.77852e-005
4.98 -0.540222 -1.86284e-005
4.99 -0.555279 -1.91476e-005
5 -0.571065 -1.96919e-005
5.01 -0.593752 -2.04742e-005
5.02 -0.619065 -2.13471e-005
5.03 -0.6377 -2.19896e-005
5.04 -0.643542 -2.21911e-005
5.05 -0.639151 -2.20397e-005
5.06 -0.636496 -2.19481e-005
5.07 -0.649279 -2.23889e-005
5.08 -0.681527 -2.35009e-005
5.09 -0.726465 -2.50505e-005
5.1 -0.775395 -2.67378e-005
5.11 -0.821445 -2.83257e-005
5.12 -0.858243 -2.95946e-005
5.13 -0.88446 -3.04986e-005
5.14 -0.907711 -3.13004e-005
5.15 -0.936848 -3.23051e-005
5.16 -0.973617 -3.3573e-005
5.17 -1.01605 -3.50362e-005
5.18 -1.06316 -3.66607e-005
5.19 -1.11248 -3.83615e-005
5.2 -1.15579 -3.98547e-005
5.21 -1.18003 -4.06907e-005
5.22 -1.17418 -4.04889e-005
5.23 -1.13352 -3.90868e-005
5.24 -1.06056 -3.6571e-005
5.25 -0.965379 -3.32889e-005
5.26 -0.860048 -2.96568e-005
5.27 -0.750689 -2.58858e-005
5.28 -0.63846 -2.20159e-005
5.29 -0.526131 -1.81425e-005
5.3 -0.417923 -1.44111e-005
5.31 -0.315301 -1.08724e-005
5.32 -0.217139 -7.48756e-006
5.33 -0.120176 -4.14399e-006
5.34 -0.0180063 -6.20906e-007
5.35 0.098623 3.40079e-006
5.36 0.23849 8.2238e-006
5.37 0.399465 1.37746e-005
5.38 0.562247 1.93878e-005
5.39 0.706066 2.43471e-005
5.4 0.827827 2.85458e-005
5.41 0.93855 3.23638e-005
5.42 1.04657 3.60886e-005
5.43 1.14819 3.95927e-005
5.44 1.23444 4.25669e-005
5.45 1.30735 4.50811e-005
5.46 1.38296 4.76881e-005
5.47 1.47658 5.09167e-005
5.48 1.59248 5.49131e-005
5.49 1.72546 5.94986e-005
5.5 1.86278 6.42337e-005
5.51 1.98583 6.8477e-005
5.52 2.08009 7.17272e-005
5.53 2.14238 7.38753e-005
5.54 2.17588 7.50302e-005
5.55 2.18313 7.52802e-005
5.56 2.16361 7.46073e-005
5.57 2.11599 7.29651e-005
5.58 2.04432 7.04936e-005
5.59 1.95898 6.7551e-005
5.6 1.86768 6.44026e-005
5.61 1.76852 6.09836e-005
5.62 1.65582 5.70971e-005
5.63 1.53022 5.27663e-005
5.64 1.39815 4.8212e-005
5.65 1.26153 4.3501e-005
5.66 1.1133 3.83896e-005
5.67 0.94455 3.25707e-005
5.68 0.755513 2.60522e-005
5.69 0.558242 1.92497e-005
5.7 0.36877 1.27162e-005
5.71 0.198085 6.83051e-006
5.72 0.0506448 1.74637e-006
5.73 -0.0701061 -2.41745e-006
5.74 -0.158559 -5.46754e-006
5.75 -0.21126 -7.28482e-006
5.76 -0.233876 -8.06469e-006
5.77 -0.241469 -8.32651e-006
5.78 -0.252094 -8.69291e-006
5.79 -0.283252 -9.7673e-006
5.8 -0.350582 -1.2089e-005
5.81 -0.461429 -1.59113e-005
5.82 -0.604633 -2.08494e-005
5.83 -0.750918 -2.58937e-005
5.84 -0.871147 -3.00396e-005
5.85 -0.953066 -3.28643e-005
5.86 -1.00018 -3.44891e-005
5.87 -1.02318 -3.52819e-005
5.88 -1.03592 -3.57212e-005
5.89 -1.04943 -3.61873e-005
5.9 -1.06458 -3.67098e-005
5.91 -1.0752 -3.70758e-005
5.92 -1.07368 -3.70236e-005
5.93 -1.05078 -3.62339e-005
5.94 -0.997021 -3.438e-005
5.95 -0.909369 -3.13576e-005
5.96 -0.796711 -2.74728e-005
5.97 -0.674499 -2.32586e-005
5.98 -0.553727 -1.9094e-005
5.99 -0.439997 -1.51723e-005
6 -0.342836 -1.18219e-005
6.01 -0.279369 -9.6334e-006
6.02 -0.26364 -9.09105e-006
6.03 -0.296221 -1.02145e-005
6.04 -0.367279 -1.26648e-005
6.05 -0.466216 -1.60764e-005
6.06 -0.587112 -2.02452e-005
6.07 -0.725108 -2.50037e-005
6.08 -0.871174 -3.00405e-005
6.09 -1.01575 -3.5026e-005
6.1 -1.15368 -3.97819e-005
6.11 -1.27886 -4.40987e-005
6.12 -1.37957 -4.75713e-005
6.13 -1.44223 -4.97319e-005
6.14 -1.45277 -5.00955e-005
6.15 -1.39446 -4.80849e-005
6.16 -1.25388 -4.32373e-005
6.17 -1.03021 -3.55243e-005
6.18 -0.736055 -2.53812e-005
6.19 -0.392699 -1.35414e-005
6.2 -0.023726 -8.1814e-007
6.21 0.354086 1.22099e-005
6.22 0.735072 2.53473e-005
6.23 1.12071 3.86453e-005
6.24 1.50892 5.20316e-005
6.25 1.88879 6.51308e-005
6.26 2.2403 7.72516e-005
6.27 2.53624 8.74567e-005
6.28 2.75355 9.495e-005
6.29 2.89187 9.97197e-005
6.3 2.97983 0.000102753
6.31 3.05202 0.000105242
6.32 3.11602 0.000107449
6.33 3.14443 0.000108429
6.34 3.09485 0.000106719
6.35 2.94033 0.000101391
6.36 2.69123 9.2801e-005
6.37 2.39853 8.27079e-005
6.38 2.13441 7.36003e-005
6.39 1.94967 6.723e-005
6.4 1.8454 6.36346e-005
6.41 1.79572 6.19215e-005
6.42 1.7864 6.15998e-005
6.43 1.82114 6.27979e-005
6.44 1.90887 6.58232e-005
6.45 2.05473 7.08527e-005
6.46 2.25418 7.77305e-005
6.47 2.48627 8.57333e-005
6.48 2.71302 9.35523e-005
6.49 2.89394 9.9791e-005
6.5 3.00206 0.000103519
6.51 3.02301 0.000104242
6.52 2.94506 0.000101554
6.53 2.7539 9.49622e-005
6.54 2.43656 8.40194e-005
6.55 1.99583 6.88217e-005
6.56 1.45843 5.02905e-005
6.57 0.864488 2.98099e-005
6.58 0.254376 8.7716e-006
6.59 -0.341559 -1.17779e-005
6.6 -0.908483 -3.1327e-005
6.61 -1.44508 -4.98305e-005
6.62 -1.95455 -6.73983e-005
6.63 -2.43433 -8.39424e-005
6.64 -2.87227 -9.90438e-005
6.65 -3.24548 -0.000111913
6.66 -3.52834 -0.000121667
6.67 -3.70249 -0.000127672
6.68 -3.75915 -0.000129626
6.69 -3.69482 -0.000127407
6.7 -3.51267 -0.000121127
6.71 -3.22291 -0.000111135
6.72 -2.8503 -9.82863e-005
6.73 -2.4349 -8.39622e-005
6.74 -2.02353 -6.9777e-005
6.75 -1.6642 -5.73861e-005
6.76 -1.39543 -4.81182e-005
6.77 -1.23084 -4.24429e-005
6.78 -1.16184 -4.00634e-005
6.79 -1.17669 -4.05757e-005
6.8 -1.27234 -4.38737e-005
6.81 -1.44827 -4.99402e-005
6.82 -1.69566 -5.8471e-005
6.83 -2.00073 -6.89908e-005
6.84 -2.35469 -8.1196e-005
6.85 -2.75124 -9.48703e-005
6.86 -3.17302 -0.000109414
6.87 -3.5875 -0.000123707
6.88 -3.96328 -0.000136665
6.89 -4.27776 -0.000147509
6.9 -4.50832 -0.000155459
6.91 -4.63737 -0.000159909
6.92 -4.64728 -0.000160251
6.93 -4.54522 -0.000156732
6.94 -4.35768 -0.000150265
6.95 -4.11399 -0.000141862
6.96 -3.82931 -0.000132045
6.97 -3.50714 -0.000120936
6.98 -3.15794 -0.000108894
6.99 -2.80857 -9.68473e-005
7 -2.48772 -8.57835e-005
7.01 -2.20376 -7.59917e-005
7.02 -1.94887 -6.72023e-005
7.03 -1.7231 -5.94172e-005
7.04 -1.54454 -5.32599e-005
7.05 -1.44083 -4.96838e-005
7.06 -1.42759 -4.92274e-005
7.07 -1.4906 -5.14e-005
7.08 -1.59396 -5.4964e-005
7.09 -1.70199 -5.86892e-005
7.1 -1.7935 -6.18447e-005
7.11 -1.86408 -6.42786e-005
7.12 -1.91857 -6.61576e-005
7.13 -1.96491 -6.77555e-005
7.14 -2.0081 -6.92448e-005
7.15 -2.04673 -7.05768e-005
7.16 -2.06905 -7.13464e-005
7.17 -2.05366 -7.08158e-005
7.18 -1.97045 -6.79467e-005
7.19 -1.78859 -6.16755e-005
7.2 -1.49049 -5.13962e-005
7.21 -1.07352 -3.70178e-005
7.22 -0.542887 -1.87202e-005
7.23 0.0913552 3.15018e-006
7.24 0.811007 2.79658e-005
7.25 1.5805 5.45e-005
7.26 2.36184 8.14429e-005
7.27 3.12047 0.000107602
7.28 3.82447 0.000131878
7.29 4.44304 0.000153208
7.3 4.95014 0.000170695
7.31 5.3554 0.000184669
7.32 5.65791 0.0001951
7.33 5.84903 0.000201691
7.34 5.89726 0.000203354
7.35 5.77404 0.000199105
7.36 5.47887 0.000188926
7.37 5.04441 0.000173945
7.38 4.52297 0.000155964
7.39 3.95863 0.000136504
7.4 3.38056 0.000116571
7.41 2.8169 9.71344e-005
7.42 2.30282 7.94075e-005
7.43 1.87205 6.45536e-005
7.44 1.53289 5.28583e-005
7.45 1.2636 4.35724e-005
7.46 1.03848 3.58097e-005
7.47 0.854575 2.94681e-005
7.48 0.736329 2.53907e-005
7.49 0.712839 2.45807e-005
7.5 0.785021 2.70697e-005
7.51 0.917383 3.16339e-005
7.52 1.06502 3.67247e-005
7.53 1.19805 4.13122e-005
7.54 1.30012 4.48319e-005
7.55 1.35215 4.6626e-005
7.56 1.31809 4.54512e-005
7.57 1.15425 3.98016e-005
7.58 0.844396 2.91171e-005
7.59 0.422616 1.4573e-005
7.6 -0.0528247 -1.82154e-006
7.61 -0.545356 -1.88054e-005
7.62 -1.05703 -3.64495e-005
7.63 -1.6035 -5.52933e-005
7.64 -2.17939 -7.51514e-005
7.65 -2.74998 -9.48269e-005
7.66 -3.26402 -0.000112553
7.67 -3.67298 -0.000126655
7.68 -3.95429 -0.000136355
7.69 -4.11716 -0.000141971
7.7 -4.17859 -0.000144089
7.71 -4.13743 -0.00014267
7.72 -3.97763 -0.00013716
7.73 -3.69238 -0.000127323
7.74 -3.29489 -0.000113617
7.75 -2.80661 -9.67798e-005
7.76 -2.24654 -7.74668e-005
7.77 -1.63679 -5.64412e-005
7.78 -1.00915 -3.47982e-005
7.79 -0.414667 -1.42989e-005
7.8 0.0848007 2.92416e-006
7.81 0.442092 1.52446e-005
7.82 0.651216 2.24557e-005
7.83 0.750523 2.58801e-005
7.84 0.793398 2.73585e-005
7.85 0.813422 2.8049e-005
7.86 0.821931 2.83424e-005
7.87 0.816816 2.81661e-005
7.88 0.783787 2.70272e-005
7.89 0.70333 2.42528e-005
7.9 0.563209 1.9421e-005
7.91 0.366574 1.26405e-005
7.92 0.136394 4.70326e-006
7.93 -0.0900608 -3.10555e-006
7.94 -0.273616 -9.43503e-006
7.95 -0.391254 -1.34915e-005
7.96 -0.446241 -1.53876e-005
7.97 -0.456478 -1.57406e-005
7.98 -0.439553 -1.5157e-005
7.99 -0.398769 -1.37507e-005
8 -0.315985 -1.0896e-005
8.01 -0.170447 -5.87747e-006
8.02 0.0367809 1.26831e-006
8.03 0.280341 9.66692e-006
8.04 0.529235 1.82495e-005
8.05 0.768569 2.65024e-005
8.06 0.990669 3.4161e-005
8.07 1.17532 4.05282e-005
8.08 1.29556 4.46746e-005
8.09 1.34186 4.6271e-005
8.1 1.33261 4.59521e-005
8.11 1.28906 4.44503e-005
8.12 1.22094 4.21014e-005
8.13 1.12463 3.87804e-005
8.14 1.00303 3.45873e-005
8.15 0.863795 2.9786e-005
8.16 0.721051 2.48638e-005
8.17 0.5926 2.04345e-005
8.18 0.486414 1.67729e-005
8.19 0.399552 1.37777e-005
8.2 0.328018 1.1311e-005
8.21 0.264015 9.10397e-006
8.22 0.210456 7.2571e-006
8.23 0.170215 5.8695e-006
8.24 0.157814 5.44186e-006
8.25 0.194149 6.6948e-006
8.26 0.298356 1.02881e-005
8.27 0.473483 1.6327e-005
8.28 0.706285 2.43546e-005
8.29 0.975321 3.36317e-005
8.3 1.25742 4.33593e-005
8.31 1.52755 5.26742e-005
8.32 1.75888 6.06509e-005
8.33 1.93262 6.66419e-005
8.34 2.04047 7.0361e-005
8.35 2.07686 7.1616e-005
8.36 2.03529 7.01823e-005
8.37 1.91084 6.58912e-005
8.38 1.70753 5.88805e-005
8.39 1.44564 4.98495e-005
8.4 1.15668 3.98854e-005
8.41 0.855446 2.94981e-005
8.42 0.543038 1.87254e-005
8.43 0.218333 7.52872e-006
8.44 -0.129871 -4.47832e-006
8.45 -0.498055 -1.71743e-005
8.46 -0.879185 -3.03167e-005
8.47 -1.26695 -4.3688e-005
8.48 -1.64225 -5.66294e-005
8.49 -2.00281 -6.90624e-005
8.5 -2.35182 -8.10974e-005
8.51 -2.70434 -9.32531e-005
8.52 -3.0316 -0.000104538
8.53 -3.31282 -0.000114235
8.54 -3.5146 -0.000121193
8.55 -3.62008 -0.00012483
8.56 -3.6473 -0.000125769
8.57 -3.63064 -0.000125194
8.58 -3.6035 -0.000124259
8.59 -3.59075 -0.000123819
8.6 -3.60852 -0.000124432
8.61 -3.67196 -0.000126619
8.62 -3.79225 -0.000130767
8.63 -3.9696 -0.000136883
8.64 -4.19224 -0.00014456
8.65 -4.44285 -0.000153202
8.66 -4.71318 -0.000162523
8.67 -4.99125 -0.000172112
8.68 -5.26733 -0.000181632
8.69 -5.52552 -0.000190535
8.7 -5.76291 -0.000198721
8.71 -5.98751 -0.000206466
8.72 -6.20621 -0.000214007
8.73 -6.41216 -0.000221109
8.74 -6.58546 -0.000227085
8.75 -6.70611 -0.000231245
8.76 -6.76336 -0.000233219
8.77 -6.75612 -0.00023297
8.78 -6.67832 -0.000230287
8.79 -6.51834 -0.00022477
8.8 -6.26504 -0.000216036
8.81 -5.91331 -0.000203907
8.82 -5.46797 -0.000188551
8.83 -4.951 -0.000170724
8.84 -4.40417 -0.000151868
8.85 -3.87205 -0.000133519
8.86 -3.41436 -0.000117737
8.87 -3.0778 -0.000106131
8.88 -2.87258 -9.90546e-005
8.89 -2.76707 -9.5416e-005
8.9 -2.71205 -9.3519e-005
8.91 -2.66398 -9.18613e-005
8.92 -2.5925 -8.93967e-005
8.93 -2.48532 -8.57006e-005
8.94 -2.33317 -8.04542e-005
8.95 -2.12256 -7.31917e-005
8.96 -1.83909 -6.34168e-005
8.97 -1.47572 -5.0887e-005
8.98 -1.03395 -3.56535e-005
8.99 -0.505071 -1.74162e-005
9 0.081503 2.81045e-006
9.01 0.693028 2.38975e-005
9.02 1.31089 4.52032e-005
9.03 1.94045 6.69121e-005
9.04 2.60286 8.97538e-005
9.05 3.2936 0.000113572
9.06 4.04364 0.000139436
9.07 4.81113 0.000165901
9.08 5.62646 0.000194016
9.09 6.44666 0.000222299
9.1 7.25172 0.000250059
9.11 8.02769 0.000276817
9.12 8.69198 0.000299723
9.13 9.19087 0.000316927
9.14 9.51401 0.000328069
9.15 9.68861 0.00033409
9.16 9.76395 0.000336688
9.17 9.76495 0.000336722
9.18 9.69262 0.000334228
9.19 9.53519 0.0003288
9.2 9.29592 0.000320549
9.21 9.00601 0.000310552
9.22 8.70515 0.000300178
9.23 8.41457 0.000290157
9.24 8.12639 0.00028022
9.25 7.80948 0.000269292
9.26 7.42903 0.000256173
9.27 6.97254 0.000240432
9.28 6.46377 0.000222889
9.29 5.95427 0.00020532
9.3 5.49395 0.000189447
9.31 5.11278 0.000176303
9.32 4.8228 0.000166303
9.33 4.62324 0.000159422
9.34 4.49395 0.000154964
9.35 4.39398 0.000151517
9.36 4.27968 0.000147575
9.37 4.11366 0.00014185
9.38 3.86381 0.000133235
9.39 3.50067 0.000120713
9.4 3.00741 0.000103704
9.41 2.40044 8.27737e-005
9.42 1.7427 6.00931e-005
9.43 1.06417 3.66956e-005
9.44 0.380466 1.31195e-005
9.45 -0.284769 -9.81963e-006
9.46 -0.914519 -3.15351e-005
9.47 -1.49511 -5.15555e-005
9.48 -2.00657 -6.91919e-005
9.49 -2.44018 -8.41442e-005
9.5 -2.80599 -9.67584e-005
9.51 -3.13473 -0.000108094
9.52 -3.46222 -0.000119387
9.53 -3.80138 -0.000131082
9.54 -4.13101 -0.000142449
9.55 -4.41204 -0.000152139
9.56 -4.60969 -0.000158955
9.57 -4.70946 -0.000162395
9.58 -4.72036 -0.000162771
9.59 -4.65885 -0.00016065
9.6 -4.53823 -0.000156491
9.61 -4.37778 -0.000150958
9.62 -4.21247 -0.000145257
9.63 -4.07704 -0.000140587
9.64 -4.00117 -0.000137971
9.65 -3.99441 -0.000137738
9.66 -4.0428 -0.000139407
9.67 -4.12849 -0.000142362
9.68 -4.2441 -0.000146348
9.69 -4.3924 -0.000151462
9.7 -4.56034 -0.000157253
9.71 -4.71252 -0.000162501
9.72 -4.82699 -0.000166448
9.73 -4.89403 -0.00016876
9.74 -4.90538 -0.000169151
9.75 -4.85071 -0.000167266
9.76 -4.72785 -0.000163029
9.77 -4.562 -0.00015731
9.78 -4.38703 -0.000151277
9.79 -4.22328 -0.000145631
9.8 -4.05984 -0.000139995
9.81 -3.86379 -0.000133234
9.82 -3.58365 -0.000123574
9.83 -3.1785 -0.000109604
9.84 -2.62306 -9.04503e-005
9.85 -1.9316 -6.6607e-005
9.86 -1.13546 -3.91539e-005
9.87 -0.257535 -8.88053e-006
9.88 0.664524 2.29146e-005
9.89 1.60522 5.53524e-005
9.9 2.51803 8.68286e-005
9.91 3.37517 0.000116385
9.92 4.16946 0.000143775
9.93 4.92053 0.000169673
9.94 5.65458 0.000194985
9.95 6.38047 0.000220016
9.96 7.0949 0.000244652
9.97 7.78867 0.000268575
9.98 8.44894 0.000291343
9.99 9.06369 0.000312541
10 9.61168 0.000331437
