0.1 -5.43157e-006 7.80418e-007 9.79065e-008 2.02105e-012 2.02105e-012
0.2 -1.08727e-005 1.56212e-006 1.9606e-007 4.04382e-012 4.04382e-012
0.3 -1.63235e-005 2.34511e-006 2.94462e-007 6.06832e-012 6.06832e-012
0.4 -2.1784e-005 3.1294e-006 3.93114e-007 8.09458e-012 8.09458e-012
0.5 -2.72542e-005 3.915e-006 4.92019e-007 1.01226e-011 1.01226e-011
0.6 -3.27342e-005 4.70191e-006 5.91179e-007 1.21524e-011 1.21524e-011
0.7 -3.8224e-005 5.49015e-006 6.90596e-007 1.4184e-011 1.4184e-011
0.8 -4.37237e-005 6.27971e-006 7.90271e-007 1.62174e-011 1.62174e-011
0.9 -4.92334e-005 7.07062e-006 8.90207e-007 1.82527e-011 1.82527e-011
1 -5.47531e-005 7.86288e-006 9.90405e-007 2.02898e-011 2.02898e-011
0.01 -5.4753e-005 7.85888e-006 9.89097e-007 2.00483e-011 2.00483e-011
0.02 -5.47528e-005 7.84772e-006 9.85529e-007 1.87085e-011 1.87085e-011
0.03 -5.47525e-005 7.83537e-006 9.81537e-007 1.53821e-011 1.53821e-011
0.04 -5.47522e-005 7.82735e-006 9.78329e-007 1.04605e-011 1.04605e-011
0.05 -5.4752e-005 7.82368e-006 9.75336e-007 5.68825e-012 5.68825e-012
0.06 -5.4752e-005 7.82363e-006 9.7221e-007 2.83702e-012 2.83702e-012
0.07 -5.47525e-005 7.82642e-006 9.6898e-007 2.68108e-012 2.68108e-012
0.08 -5.47533e-005 7.83141e-006 9.65994e-007 5.06514e-012 5.06514e-012
0.09 -5.47546e-005 7.83816e-006 9.63678e-007 9.45709e-012 9.45709e-012
0.1 -5.47563e-005 7.84632e-006 9.62316e-007 1.52767e-011 1.52767e-011
0.11 -5.47582e-005 7.85548e-006 9.61912e-007 2.19259e-011 2.19259e-011
0.12 -5.47604e-005 7.86523e-006 9.62204e-007 2.87705e-011 2.87705e-011
0.13 -5.47629e-005 7.8752e-006 9.62727e-007 3.52865e-011 3.52865e-011
0.14 -5.47662e-005 7.88526e-006 9.6292e-007 4.13231e-011 4.13231e-011
0.15 -5.47702e-005 7.89519e-006 9.62376e-007 4.72552e-011 4.72552e-011
0.16 -5.47752e-005 7.90477e-006 9.61015e-007 5.38987e-011 5.38987e-011
0.17 -5.47811e-005 7.91386e-006 9.59048e-007 6.22057e-011 6.22057e-011
0.18 -5.47878e-005 7.92255e-006 9.56776e-007 7.28982e-011 7.28982e-011
0.19 -5.47952e-005 7.93134e-006 9.5437e-007 8.61876e-011 8.61876e-011
0.2 -5.48031e-005 7.94089e-006 9.51881e-007 1.01634e-010 1.01634e-010
0.21 -5.48114e-005 7.95161e-006 9.49361e-007 1.18249e-010 1.18249e-010
0.22 -5.48199e-005 7.96328e-006 9.47065e-007 1.34852e-010 1.34852e-010
0.23 -5.48284e-005 7.97521e-006 9.45312e-007 1.50466e-010 1.50466e-010
0.24 -5.48368e-005 7.98655e-006 9.44199e-007 1.64604e-010 1.64604e-010
0.25 -5.48449e-005 7.99665e-006 9.43528e-007 1.7731e-010 1.7731e-010
0.26 -5.48528e-005 8.00544e-006 9.43e-007 1.88923e-010 1.88923e-010
0.27 -5.48603e-005 8.01375e-006 9.42662e-007 1.99877e-010 1.99877e-010
0.28 -5.48673e-005 8.02322e-006 9.42861e-007 2.10652e-010 2.10652e-010
0.29 -5.48739e-005 8.03558e-006 9.43647e-007 2.2176e-010 2.2176e-010
0.3 -5.48802e-005 8.05189e-006 9.44526e-007 2.3366e-010 2.3366e-010
0.31 -5.4886e-005 8.07235e-006 9.45128e-007 2.46685e-010 2.46685e-010
0.32 -5.48916e-005 8.09637e-006 9.45625e-007 2.60894e-010 2.60894e-010
0.33 -5.4897e-005 8.12243e-006 9.46326e-007 2.75967e-010 2.75967e-010
0.34 -5.49021e-005 8.14895e-006 9.47464e-007 2.91278e-010 2.91278e-010
0.35 -5.4907e-005 8.17513e-006 9.49139e-007 3.06168e-010 3.06168e-010
0.36 -5.49115e-005 8.20082e-006 9.51211e-007 3.20314e-010 3.20314e-010
0.37 -5.49157e-005 8.22584e-006 9.53523e-007 3.3385e-010 3.3385e-010
0.38 -5.49197e-005 8.24933e-006 9.56298e-007 3.47087e-010 3.47087e-010
0.39 -5.49233e-005 8.27013e-006 9.59894e-007 3.6005e-010 3.6005e-010
0.4 -5.49265e-005 8.28751e-006 9.64139e-007 3.72417e-010 3.72417e-010
0.41 -5.49296e-005 8.30174e-006 9.68371e-007 3.83942e-010 3.83942e-010
0.42 -5.49327e-005 8.31363e-006 9.71964e-007 3.94792e-010 3.94792e-010
0.43 -5.49358e-005 8.32379e-006 9.74778e-007 4.05463e-010 4.05463e-010
0.44 -5.4939e-005 8.33244e-006 9.77321e-007 4.16305e-010 4.16305e-010
0.45 -5.4942e-005 8.33974e-006 9.8014e-007 4.27109e-010 4.27109e-010
0.46 -5.49449e-005 8.34633e-006 9.83431e-007 4.37199e-010 4.37199e-010
0.47 -5.49474e-005 8.35295e-006 9.87304e-007 4.45915e-010 4.45915e-010
0.48 -5.49493e-005 8.35963e-006 9.91799e-007 4.52938e-010 4.52938e-010
0.49 -5.49505e-005 8.36555e-006 9.96816e-007 4.58154e-010 4.58154e-010
0.5 -5.49508e-005 8.36992e-006 1.00257e-006 4.61344e-010 4.61344e-010
0.51 -5.49501e-005 8.37252e-006 1.00967e-006 4.62043e-010 4.62043e-010
0.52 -5.49481e-005 8.37311e-006 1.01838e-006 4.59646e-010 4.59646e-010
0.53 -5.49447e-005 8.37152e-006 1.0288e-006 4.53535e-010 4.53535e-010
0.54 -5.49396e-005 8.36853e-006 1.04145e-006 4.43285e-010 4.43285e-010
0.55 -5.4933e-005 8.36618e-006 1.05657e-006 4.28992e-010 4.28992e-010
0.56 -5.49248e-005 8.36573e-006 1.07314e-006 4.11501e-010 4.11501e-010
0.57 -5.49151e-005 8.36581e-006 1.08883e-006 3.92151e-010 3.92151e-010
0.58 -5.49041e-005 8.3637e-006 1.10135e-006 3.72083e-010 3.72083e-010
0.59 -5.48919e-005 8.35845e-006 1.11018e-006 3.51776e-010 3.51776e-010
0.6 -5.4879e-005 8.35156e-006 1.11657e-006 3.31265e-010 3.31265e-010
0.61 -5.48654e-005 8.34494e-006 1.12161e-006 3.10714e-010 3.10714e-010
0.62 -5.48514e-005 8.33894e-006 1.12524e-006 2.90678e-010 2.90678e-010
0.63 -5.48371e-005 8.33286e-006 1.12839e-006 2.71703e-010 2.71703e-010
0.64 -5.48223e-005 8.32603e-006 1.13364e-006 2.53592e-010 2.53592e-010
0.65 -5.4807e-005 8.31718e-006 1.14151e-006 2.35245e-010 2.35245e-010
0.66 -5.47915e-005 8.30477e-006 1.14969e-006 2.15538e-010 2.15538e-010
0.67 -5.47759e-005 8.28901e-006 1.15643e-006 1.94435e-010 1.94435e-010
0.68 -5.47607e-005 8.27101e-006 1.1622e-006 1.73116e-010 1.73116e-010
0.69 -5.47459e-005 8.25097e-006 1.16807e-006 1.52978e-010 1.52978e-010
0.7 -5.47319e-005 8.22892e-006 1.17475e-006 1.3459e-010 1.3459e-010
0.71 -5.47188e-005 8.20617e-006 1.18215e-006 1.17627e-010 1.17627e-010
0.72 -5.4707e-005 8.18478e-006 1.189e-006 1.01734e-010 1.01734e-010
0.73 -5.46968e-005 8.16562e-006 1.19299e-006 8.72972e-011 8.72972e-011
0.74 -5.46882e-005 8.14684e-006 1.19292e-006 7.5138e-011 7.5138e-011
0.75 -5.4681e-005 8.12494e-006 1.18938e-006 6.5303e-011 6.5303e-011
0.76 -5.46747e-005 8.09836e-006 1.18403e-006 5.63156e-011 5.63156e-011
0.77 -5.46692e-005 8.06894e-006 1.17898e-006 4.58603e-011 4.58603e-011
0.78 -5.46641e-005 8.04007e-006 1.17704e-006 3.21287e-011 3.21287e-011
0.79 -5.4659e-005 8.01391e-006 1.18038e-006 1.44612e-011 1.44612e-011
0.8 -5.46538e-005 7.99014e-006 1.18886e-006 -6.95303e-012 -6.95303e-012
0.81 -5.46482e-005 7.96803e-006 1.20042e-006 -3.15272e-011 -3.15272e-011
0.82 -5.46427e-005 7.94827e-006 1.2128e-006 -5.82427e-011 -5.82427e-011
0.83 -5.46372e-005 7.93204e-006 1.22403e-006 -8.55047e-011 -8.55047e-011
0.84 -5.46318e-005 7.91887e-006 1.23331e-006 -1.11528e-010 -1.11528e-010
0.85 -5.46265e-005 7.90777e-006 1.24159e-006 -1.35216e-010 -1.35216e-010
0.86 -5.46208e-005 7.89807e-006 1.25098e-006 -1.56802e-010 -1.56802e-010
0.87 -5.46147e-005 7.88721e-006 1.26115e-006 -1.77646e-010 -1.77646e-010
0.88 -5.46077e-005 7.8715e-006 1.26881e-006 -1.99544e-010 -1.99544e-010
0.89 -5.46e-005 7.85079e-006 1.27322e-006 -2.24026e-010 -2.24026e-010
0.9 -5.4591e-005 7.82964e-006 1.27755e-006 -2.51727e-010 -2.51727e-010
0.91 -5.45806e-005 7.81161e-006 1.28527e-006 -2.82091e-010 -2.82091e-010
0.92 -5.45687e-005 7.7937e-006 1.29567e-006 -3.13724e-010 -3.13724e-010
0.93 -5.45554e-005 7.76873e-006 1.30541e-006 -3.45396e-010 -3.45396e-010
0.94 -5.45406e-005 7.73447e-006 1.31316e-006 -3.76771e-010 -3.76771e-010
0.95 -5.45247e-005 7.69812e-006 1.31983e-006 -4.07705e-010 -4.07705e-010
0.96 -5.4508e-005 7.67016e-006 1.32596e-006 -4.367e-010 -4.367e-010
0.97 -5.44913e-005 7.65383e-006 1.33056e-006 -4.60677e-010 -4.60677e-010
0.98 -5.44748e-005 7.64272e-006 1.33071e-006 -4.77098e-010 -4.77098e-010
0.99 -5.44592e-005 7.62981e-006 1.32505e-006 -4.8627e-010 -4.8627e-010
1 -5.44445e-005 7.61493e-006 1.3157e-006 -4.90944e-010 -4.90944e-010
1.01 -5.44314e-005 7.60261e-006 1.30345e-006 -4.93609e-010 -4.93609e-010
1.02 -5.44203e-005 7.59653e-006 1.28699e-006 -4.94126e-010 -4.94126e-010
1.03 -5.44113e-005 7.59645e-006 1.26962e-006 -4.90275e-010 -4.90275e-010
1.04 -5.44036e-005 7.59815e-006 1.25948e-006 -4.81296e-010 -4.81296e-010
1.05 -5.43968e-005 7.59721e-006 1.26048e-006 -4.70428e-010 -4.70428e-010
1.06 -5.43911e-005 7.59264e-006 1.26819e-006 -4.62933e-010 -4.62933e-010
1.07 -5.43872e-005 7.5873e-006 1.27647e-006 -4.61506e-010 -4.61506e-010
1.08 -5.43857e-005 7.58639e-006 1.28463e-006 -4.64073e-010 -4.64073e-010
1.09 -5.43867e-005 7.59273e-006 1.29502e-006 -4.6595e-010 -4.6595e-010
1.1 -5.43904e-005 7.60172e-006 1.30568e-006 -4.63622e-010 -4.63622e-010
1.11 -5.43971e-005 7.60547e-006 1.31286e-006 -4.56805e-010 -4.56805e-010
1.12 -5.4406e-005 7.60177e-006 1.31913e-006 -4.48195e-010 -4.48195e-010
1.13 -5.4416e-005 7.59663e-006 1.33111e-006 -4.41796e-010 -4.41796e-010
1.14 -5.44264e-005 7.59883e-006 1.3491e-006 -4.40275e-010 -4.40275e-010
1.15 -5.44369e-005 7.61511e-006 1.36915e-006 -4.42686e-010 -4.42686e-010
1.16 -5.44467e-005 7.64692e-006 1.39148e-006 -4.45171e-010 -4.45171e-010
1.17 -5.44551e-005 7.68617e-006 1.41751e-006 -4.44806e-010 -4.44806e-010
1.18 -5.44613e-005 7.71884e-006 1.44656e-006 -4.43195e-010 -4.43195e-010
1.19 -5.44647e-005 7.73662e-006 1.47635e-006 -4.45923e-010 -4.45923e-010
1.2 -5.44655e-005 7.74243e-006 1.50174e-006 -4.57462e-010 -4.57462e-010
1.21 -5.44645e-005 7.74574e-006 1.51738e-006 -4.7615e-010 -4.7615e-010
1.22 -5.44621e-005 7.75453e-006 1.52032e-006 -4.94333e-010 -4.94333e-010
1.23 -5.44594e-005 7.77176e-006 1.51038e-006 -5.03455e-010 -5.03455e-010
1.24 -5.44573e-005 7.79644e-006 1.4911e-006 -4.99247e-010 -4.99247e-010
1.25 -5.44553e-005 7.82661e-006 1.47024e-006 -4.83159e-010 -4.83159e-010
1.26 -5.44529e-005 7.86124e-006 1.45592e-006 -4.5994e-010 -4.5994e-010
1.27 -5.44495e-005 7.89897e-006 1.45136e-006 -4.33958e-010 -4.33958e-010
1.28 -5.44443e-005 7.93747e-006 1.45547e-006 -4.07201e-010 -4.07201e-010
1.29 -5.44371e-005 7.97361e-006 1.46414e-006 -3.79972e-010 -3.79972e-010
1.3 -5.4428e-005 8.00389e-006 1.47275e-006 -3.52772e-010 -3.52772e-010
1.31 -5.44178e-005 8.02758e-006 1.48193e-006 -3.2743e-010 -3.2743e-010
1.32 -5.44079e-005 8.04857e-006 1.49505e-006 -3.06183e-010 -3.06183e-010
1.33 -5.44001e-005 8.07278e-006 1.5105e-006 -2.88747e-010 -2.88747e-010
1.34 -5.43964e-005 8.1057e-006 1.52699e-006 -2.70177e-010 -2.70177e-010
1.35 -5.43963e-005 8.14803e-006 1.55107e-006 -2.43415e-010 -2.43415e-010
1.36 -5.43984e-005 8.19107e-006 1.58797e-006 -2.0595e-010 -2.0595e-010
1.37 -5.44005e-005 8.2233e-006 1.63153e-006 -1.6384e-010 -1.6384e-010
1.38 -5.44016e-005 8.24247e-006 1.66806e-006 -1.2781e-010 -1.2781e-010
1.39 -5.44019e-005 8.25875e-006 1.68696e-006 -1.04582e-010 -1.04582e-010
1.4 -5.44028e-005 8.28581e-006 1.68702e-006 -9.16008e-011 -9.16008e-011
1.41 -5.44058e-005 8.32308e-006 1.67369e-006 -8.01734e-011 -8.01734e-011
1.42 -5.44109e-005 8.35282e-006 1.65778e-006 -6.45244e-011 -6.45244e-011
1.43 -5.44173e-005 8.36049e-006 1.65378e-006 -4.84482e-011 -4.84482e-011
1.44 -5.44238e-005 8.34807e-006 1.66722e-006 -4.27459e-011 -4.27459e-011
1.45 -5.44304e-005 8.32874e-006 1.68639e-006 -5.51669e-011 -5.51669e-011
1.46 -5.4437e-005 8.31502e-006 1.69212e-006 -8.22404e-011 -8.22404e-011
1.47 -5.44434e-005 8.30758e-006 1.67444e-006 -1.11406e-010 -1.11406e-010
1.48 -5.4449e-005 8.29336e-006 1.63542e-006 -1.3189e-010 -1.3189e-010
1.49 -5.44548e-005 8.25731e-006 1.57638e-006 -1.43074e-010 -1.43074e-010
1.5 -5.44633e-005 8.19716e-006 1.49619e-006 -1.51652e-010 -1.51652e-010
1.51 -5.44763e-005 8.1275e-006 1.40818e-006 -1.62498e-010 -1.62498e-010
1.52 -5.4492e-005 8.06868e-006 1.34288e-006 -1.75015e-010 -1.75015e-010
1.53 -5.45075e-005 8.02805e-006 1.3214e-006 -1.87706e-010 -1.87706e-010
1.54 -5.45203e-005 7.99618e-006 1.33626e-006 -2.03198e-010 -2.03198e-010
1.55 -5.45287e-005 7.96304e-006 1.3657e-006 -2.27373e-010 -2.27373e-010
1.56 -5.45318e-005 7.9275e-006 1.39369e-006 -2.64288e-010 -2.64288e-010
1.57 -5.453e-005 7.89328e-006 1.41262e-006 -3.12105e-010 -3.12105e-010
1.58 -5.45257e-005 7.86558e-006 1.41786e-006 -3.62179e-010 -3.62179e-010
1.59 -5.4523e-005 7.84831e-006 1.40519e-006 -4.00758e-010 -4.00758e-010
1.6 -5.45263e-005 7.83768e-006 1.37037e-006 -4.1359e-010 -4.1359e-010
1.61 -5.45375e-005 7.81816e-006 1.31535e-006 -3.93761e-010 -3.93761e-010
1.62 -5.45546e-005 7.77445e-006 1.25658e-006 -3.49242e-010 -3.49242e-010
1.63 -5.45728e-005 7.71597e-006 1.22039e-006 -3.02234e-010 -3.02234e-010
1.64 -5.45867e-005 7.67913e-006 1.22824e-006 -2.76583e-010 -2.76583e-010
1.65 -5.45924e-005 7.69152e-006 1.28137e-006 -2.82372e-010 -2.82372e-010
1.66 -5.4588e-005 7.74198e-006 1.35805e-006 -3.12187e-010 -3.12187e-010
1.67 -5.45743e-005 7.79179e-006 1.42905e-006 -3.5172e-010 -3.5172e-010
1.68 -5.45544e-005 7.80899e-006 1.47502e-006 -3.91703e-010 -3.91703e-010
1.69 -5.45334e-005 7.78976e-006 1.48989e-006 -4.28927e-010 -4.28927e-010
1.7 -5.45164e-005 7.74843e-006 1.47588e-006 -4.59549e-010 -4.59549e-010
1.71 -5.45063e-005 7.69731e-006 1.44455e-006 -4.76932e-010 -4.76932e-010
1.72 -5.45016e-005 7.64366e-006 1.4155e-006 -4.78106e-010 -4.78106e-010
1.73 -5.44988e-005 7.59473e-006 1.40158e-006 -4.70219e-010 -4.70219e-010
1.74 -5.44938e-005 7.55767e-006 1.39863e-006 -4.67865e-010 -4.67865e-010
1.75 -5.44833e-005 7.5391e-006 1.395e-006 -4.83025e-010 -4.83025e-010
1.76 -5.44656e-005 7.54457e-006 1.38351e-006 -5.16626e-010 -5.16626e-010
1.77 -5.44421e-005 7.57322e-006 1.35918e-006 -5.57224e-010 -5.57224e-010
1.78 -5.44171e-005 7.61179e-006 1.31494e-006 -5.86179e-010 -5.86179e-010
1.79 -5.43956e-005 7.64184e-006 1.25343e-006 -5.86842e-010 -5.86842e-010
1.8 -5.43811e-005 7.65823e-006 1.19549e-006 -5.53767e-010 -5.53767e-010
1.81 -5.43755e-005 7.67516e-006 1.16309e-006 -4.95606e-010 -4.95606e-010
1.82 -5.43792e-005 7.7105e-006 1.16299e-006 -4.28715e-010 -4.28715e-010
1.83 -5.43902e-005 7.76825e-006 1.18813e-006 -3.67241e-010 -3.67241e-010
1.84 -5.44047e-005 7.83624e-006 1.2274e-006 -3.18209e-010 -3.18209e-010
1.85 -5.44185e-005 7.89464e-006 1.26958e-006 -2.83273e-010 -2.83273e-010
1.86 -5.44299e-005 7.9283e-006 1.30021e-006 -2.61525e-010 -2.61525e-010
1.87 -5.44398e-005 7.94154e-006 1.31354e-006 -2.48704e-010 -2.48704e-010
1.88 -5.44494e-005 7.96191e-006 1.33376e-006 -2.3594e-010 -2.3594e-010
1.89 -5.44591e-005 8.01762e-006 1.39715e-006 -2.13293e-010 -2.13293e-010
1.9 -5.44714e-005 8.10693e-006 1.50196e-006 -1.75629e-010 -1.75629e-010
1.91 -5.44899e-005 8.19896e-006 1.6046e-006 -1.2459e-010 -1.2459e-010
1.92 -5.45159e-005 8.2622e-006 1.6656e-006 -6.67756e-011 -6.67756e-011
1.93 -5.45476e-005 8.28402e-006 1.67066e-006 -1.16178e-011 -1.16178e-011
1.94 -5.45826e-005 8.27002e-006 1.6184e-006 3.19701e-011 3.19701e-011
1.95 -5.46195e-005 8.23435e-006 1.51472e-006 6.11744e-011 6.11744e-011
1.96 -5.46566e-005 8.19419e-006 1.38107e-006 8.21345e-011 8.21345e-011
1.97 -5.46919e-005 8.1666e-006 1.25386e-006 1.0529e-010 1.0529e-010
1.98 -5.47243e-005 8.1598e-006 1.16144e-006 1.36745e-010 1.36745e-010
1.99 -5.47547e-005 8.16946e-006 1.10496e-006 1.74338e-010 1.74338e-010
2 -5.47848e-005 8.18314e-006 1.06415e-006 2.11578e-010 2.11578e-010
2.01 -5.4816e-005 8.18561e-006 1.01634e-006 2.43553e-010 2.43553e-010
2.02 -5.48483e-005 8.16383e-006 9.51482e-007 2.68247e-010 2.68247e-010
2.03 -5.48815e-005 8.11039e-006 8.68848e-007 2.84151e-010 2.84151e-010
2.04 -5.49167e-005 8.0286e-006 7.67425e-007 2.89975e-010 2.89975e-010
2.05 -5.49548e-005 7.93872e-006 6.55858e-007 2.8796e-010 2.8796e-010
2.06 -5.49955e-005 7.86796e-006 5.568e-007 2.85667e-010 2.85667e-010
2.07 -5.50388e-005 7.82672e-006 4.81046e-007 2.93041e-010 2.93041e-010
2.08 -5.50863e-005 7.80192e-006 4.14581e-007 3.17767e-010 3.17767e-010
2.09 -5.51387e-005 7.77518e-006 3.39312e-007 3.6256e-010 3.6256e-010
2.1 -5.51952e-005 7.74341e-006 2.54007e-007 4.24814e-010 4.24814e-010
2.11 -5.52538e-005 7.71864e-006 1.71455e-007 4.97951e-010 4.97951e-010
2.12 -5.53134e-005 7.70985e-006 9.80685e-008 5.7423e-010 5.7423e-010
2.13 -5.53751e-005 7.71428e-006 2.67326e-008 6.48308e-010 6.48308e-010
2.14 -5.54403e-005 7.72269e-006 -4.97221e-008 7.19274e-010 7.19274e-010
2.15 -5.55091e-005 7.72581e-006 -1.25559e-007 7.88803e-010 7.88803e-010
2.16 -5.55795e-005 7.72091e-006 -1.81646e-007 8.5652e-010 8.5652e-010
2.17 -5.56494e-005 7.71228e-006 -2.0552e-007 9.1763e-010 9.1763e-010
2.18 -5.57194e-005 7.70402e-006 -2.17425e-007 9.67183e-010 9.67183e-010
2.19 -5.5792e-005 7.69668e-006 -2.54783e-007 1.0079e-009 1.0079e-009
2.2 -5.58665e-005 7.69128e-006 -3.26185e-007 1.0511e-009 1.0511e-009
2.21 -5.59395e-005 7.68907e-006 -4.08062e-007 1.10662e-009 1.10662e-009
2.22 -5.60082e-005 7.68664e-006 -4.79629e-007 1.17229e-009 1.17229e-009
2.23 -5.60723e-005 7.67747e-006 -5.39138e-007 1.23504e-009 1.23504e-009
2.24 -5.61322e-005 7.65986e-006 -5.929e-007 1.28172e-009 1.28172e-009
2.25 -5.61881e-005 7.63943e-006 -6.43982e-007 1.30832e-009 1.30832e-009
2.26 -5.624e-005 7.62223e-006 -6.96869e-007 1.32054e-009 1.32054e-009
2.27 -5.62876e-005 7.61242e-006 -7.54391e-007 1.32834e-009 1.32834e-009
2.28 -5.63287e-005 7.61524e-006 -8.03499e-007 1.33927e-009 1.33927e-009
2.29 -5.63599e-005 7.63446e-006 -8.25497e-007 1.35431e-009 1.35431e-009
2.3 -5.63797e-005 7.66925e-006 -8.17502e-007 1.36923e-009 1.36923e-009
2.31 -5.63882e-005 7.71673e-006 -7.87381e-007 1.38033e-009 1.38033e-009
2.32 -5.63848e-005 7.77281e-006 -7.39915e-007 1.38822e-009 1.38822e-009
2.33 -5.63694e-005 7.8314e-006 -6.79562e-007 1.39566e-009 1.39566e-009
2.34 -5.63435e-005 7.88737e-006 -6.16537e-007 1.40286e-009 1.40286e-009
2.35 -5.63098e-005 7.93924e-006 -5.63452e-007 1.40666e-009 1.40666e-009
2.36 -5.62708e-005 7.98819e-006 -5.27653e-007 1.40434e-009 1.40434e-009
2.37 -5.62289e-005 8.03417e-006 -5.12428e-007 1.39776e-009 1.39776e-009
2.38 -5.61857e-005 8.07586e-006 -5.15303e-007 1.39414e-009 1.39414e-009
2.39 -5.61396e-005 8.11655e-006 -5.14333e-007 1.4016e-009 1.4016e-009
2.4 -5.60867e-005 8.15872e-006 -4.77748e-007 1.42114e-009 1.42114e-009
2.41 -5.60229e-005 8.19296e-006 -3.88537e-007 1.44088e-009 1.44088e-009
2.42 -5.59451e-005 8.20708e-006 -2.44737e-007 1.43827e-009 1.43827e-009
2.43 -5.58519e-005 8.20186e-006 -6.04757e-008 1.39074e-009 1.39074e-009
2.44 -5.57471e-005 8.18898e-006 1.25286e-007 1.29047e-009 1.29047e-009
2.45 -5.56376e-005 8.17824e-006 2.73197e-007 1.15281e-009 1.15281e-009
2.46 -5.55287e-005 8.17122e-006 3.80408e-007 1.00817e-009 1.00817e-009
2.47 -5.54225e-005 8.16315e-006 4.75065e-007 8.81229e-010 8.81229e-010
2.48 -5.53197e-005 8.14771e-006 5.81349e-007 7.76376e-010 7.76376e-010
2.49 -5.52198e-005 8.1215e-006 7.00175e-007 6.81411e-010 6.81411e-010
2.5 -5.51215e-005 8.08346e-006 8.13169e-007 5.82157e-010 5.82157e-010
2.51 -5.50225e-005 8.03526e-006 8.99277e-007 4.72235e-010 4.72235e-010
2.52 -5.49214e-005 7.98435e-006 9.47946e-007 3.52136e-010 3.52136e-010
2.53 -5.4819e-005 7.93914e-006 9.60725e-007 2.23896e-010 2.23896e-010
2.54 -5.47177e-005 7.90319e-006 9.52654e-007 8.84746e-011 8.84746e-011
2.55 -5.46211e-005 7.87597e-006 9.49162e-007 -5.32011e-011 -5.32011e-011
2.56 -5.45323e-005 7.85457e-006 9.72661e-007 -1.97816e-010 -1.97816e-010
2.57 -5.44534e-005 7.83653e-006 1.03154e-006 -3.37996e-010 -3.37996e-010
2.58 -5.43851e-005 7.8216e-006 1.1186e-006 -4.63129e-010 -4.63129e-010
2.59 -5.43264e-005 7.80707e-006 1.21654e-006 -5.63917e-010 -5.63917e-010
2.6 -5.42753e-005 7.78572e-006 1.30761e-006 -6.38835e-010 -6.38835e-010
2.61 -5.42299e-005 7.75477e-006 1.38242e-006 -6.9667e-010 -6.9667e-010
2.62 -5.41899e-005 7.72268e-006 1.44198e-006 -7.50647e-010 -7.50647e-010
2.63 -5.41565e-005 7.70001e-006 1.4946e-006 -8.07886e-010 -8.07886e-010
2.64 -5.41316e-005 7.68164e-006 1.54392e-006 -8.63978e-010 -8.63978e-010
2.65 -5.41178e-005 7.64339e-006 1.57664e-006 -9.07491e-010 -9.07491e-010
2.66 -5.41169e-005 7.56616e-006 1.57683e-006 -9.29163e-010 -9.29163e-010
2.67 -5.4128e-005 7.46186e-006 1.5474e-006 -9.27381e-010 -9.27381e-010
2.68 -5.41486e-005 7.36802e-006 1.50785e-006 -9.06625e-010 -9.06625e-010
2.69 -5.41747e-005 7.31514e-006 1.47718e-006 -8.72636e-010 -8.72636e-010
2.7 -5.42032e-005 7.30043e-006 1.45701e-006 -8.30002e-010 -8.30002e-010
2.71 -5.42318e-005 7.29305e-006 1.43664e-006 -7.83783e-010 -7.83783e-010
2.72 -5.42579e-005 7.26259e-006 1.41714e-006 -7.42723e-010 -7.42723e-010
2.73 -5.42785e-005 7.2056e-006 1.41879e-006 -7.20097e-010 -7.20097e-010
2.74 -5.42926e-005 7.1482e-006 1.4551e-006 -7.28216e-010 -7.28216e-010
2.75 -5.4303e-005 7.12072e-006 1.50862e-006 -7.67771e-010 -7.67771e-010
2.76 -5.43131e-005 7.13081e-006 1.55018e-006 -8.22504e-010 -8.22504e-010
2.77 -5.4325e-005 7.16474e-006 1.56449e-006 -8.67947e-010 -8.67947e-010
2.78 -5.4341e-005 7.2123e-006 1.5455e-006 -8.85969e-010 -8.85969e-010
2.79 -5.43631e-005 7.28104e-006 1.49471e-006 -8.69995e-010 -8.69995e-010
2.8 -5.43911e-005 7.38e-006 1.43117e-006 -8.21058e-010 -8.21058e-010
2.81 -5.44221e-005 7.49574e-006 1.37465e-006 -7.45804e-010 -7.45804e-010
2.82 -5.44536e-005 7.59637e-006 1.32416e-006 -6.58003e-010 -6.58003e-010
2.83 -5.44839e-005 7.65863e-006 1.2676e-006 -5.76007e-010 -5.76007e-010
2.84 -5.45133e-005 7.6852e-006 1.19719e-006 -5.14172e-010 -5.14172e-010
2.85 -5.45428e-005 7.69695e-006 1.11809e-006 -4.75275e-010 -4.75275e-010
2.86 -5.45747e-005 7.71385e-006 1.04179e-006 -4.5023e-010 -4.5023e-010
2.87 -5.4613e-005 7.74718e-006 9.72597e-007 -4.22736e-010 -4.22736e-010
2.88 -5.46606e-005 7.79925e-006 9.15265e-007 -3.74101e-010 -3.74101e-010
2.89 -5.47169e-005 7.85961e-006 8.82912e-007 -2.89611e-010 -2.89611e-010
2.9 -5.47785e-005 7.9093e-006 8.82035e-007 -1.6703e-010 -1.6703e-010
2.91 -5.48415e-005 7.93937e-006 9.0186e-007 -1.98993e-011 -1.98993e-011
2.92 -5.49028e-005 7.96158e-006 9.23538e-007 1.30224e-010 1.30224e-010
2.93 -5.49606e-005 7.99315e-006 9.30756e-007 2.66606e-010 2.66606e-010
2.94 -5.50145e-005 8.0374e-006 9.16668e-007 3.83639e-010 3.83639e-010
2.95 -5.50651e-005 8.08603e-006 8.86353e-007 4.83263e-010 4.83263e-010
2.96 -5.51144e-005 8.13095e-006 8.49389e-007 5.68952e-010 5.68952e-010
2.97 -5.51644e-005 8.16366e-006 8.09636e-007 6.44091e-010 6.44091e-010
2.98 -5.52157e-005 8.17184e-006 7.6532e-007 7.12668e-010 7.12668e-010
2.99 -5.52653e-005 8.14939e-006 7.20394e-007 7.77171e-010 7.77171e-010
3 -5.53075e-005 8.1079e-006 6.92533e-007 8.33951e-010 8.33951e-010
3.01 -5.53353e-005 8.07094e-006 7.03569e-007 8.71091e-010 8.71091e-010
3.02 -5.53435e-005 8.05555e-006 7.62251e-007 8.7214e-010 8.7214e-010
3.03 -5.53299e-005 8.05979e-006 8.60265e-007 8.23166e-010 8.23166e-010
3.04 -5.52959e-005 8.0662e-006 9.74797e-007 7.18745e-010 7.18745e-010
3.05 -5.52472e-005 8.05876e-006 1.07175e-006 5.66283e-010 5.66283e-010
3.06 -5.51915e-005 8.03462e-006 1.12275e-006 3.87925e-010 3.87925e-010
3.07 -5.5134e-005 7.9964e-006 1.12995e-006 2.14335e-010 2.14335e-010
3.08 -5.50749e-005 7.9451e-006 1.12401e-006 6.86423e-011 6.86423e-011
3.09 -5.50123e-005 7.88172e-006 1.12686e-006 -4.70296e-011 -4.70296e-011
3.1 -5.49455e-005 7.80862e-006 1.12902e-006 -1.48094e-010 -1.48094e-010
3.11 -5.48739e-005 7.73741e-006 1.1124e-006 -2.5062e-010 -2.5062e-010
3.12 -5.47959e-005 7.69041e-006 1.08544e-006 -3.58918e-010 -3.58918e-010
3.13 -5.47093e-005 7.68246e-006 1.08296e-006 -4.68525e-010 -4.68525e-010
3.14 -5.46145e-005 7.70551e-006 1.12441e-006 -5.76405e-010 -5.76405e-010
3.15 -5.45174e-005 7.73265e-006 1.18767e-006 -6.82826e-010 -6.82826e-010
3.16 -5.4426e-005 7.73542e-006 1.23276e-006 -7.83385e-010 -7.83385e-010
3.17 -5.43482e-005 7.6989e-006 1.22952e-006 -8.63464e-010 -8.63464e-010
3.18 -5.42896e-005 7.6257e-006 1.17164e-006 -9.03121e-010 -9.03121e-010
3.19 -5.42505e-005 7.53207e-006 1.09067e-006 -8.89859e-010 -8.89859e-010
3.2 -5.42264e-005 7.43514e-006 1.03903e-006 -8.30751e-010 -8.30751e-010
3.21 -5.42117e-005 7.33573e-006 1.04151e-006 -7.53899e-010 -7.53899e-010
3.22 -5.42026e-005 7.21706e-006 1.07396e-006 -6.95183e-010 -6.95183e-010
3.23 -5.41979e-005 7.06677e-006 1.09082e-006 -6.78284e-010 -6.78284e-010
3.24 -5.41982e-005 6.89388e-006 1.06135e-006 -7.02049e-010 -7.02049e-010
3.25 -5.4206e-005 6.7236e-006 9.80209e-007 -7.42909e-010 -7.42909e-010
3.26 -5.42259e-005 6.58975e-006 8.62315e-007 -7.68329e-010 -7.68329e-010
3.27 -5.42621e-005 6.52797e-006 7.41863e-007 -7.51672e-010 -7.51672e-010
3.28 -5.43158e-005 6.55634e-006 6.59709e-007 -6.82023e-010 -6.82023e-010
3.29 -5.43853e-005 6.65655e-006 6.35313e-007 -5.67529e-010 -5.67529e-010
3.3 -5.44654e-005 6.77948e-006 6.57816e-007 -4.32794e-010 -4.32794e-010
3.31 -5.45476e-005 6.87334e-006 7.06473e-007 -3.12049e-010 -3.12049e-010
3.32 -5.46216e-005 6.91125e-006 7.72911e-007 -2.40889e-010 -2.40889e-010
3.33 -5.46795e-005 6.89663e-006 8.53929e-007 -2.47668e-010 -2.47668e-010
3.34 -5.47206e-005 6.84729e-006 9.26175e-007 -3.43004e-010 -3.43004e-010
3.35 -5.47516e-005 6.78502e-006 9.55739e-007 -5.09676e-010 -5.09676e-010
3.36 -5.47816e-005 6.73978e-006 9.36007e-007 -7.02255e-010 -7.02255e-010
3.37 -5.48183e-005 6.74508e-006 8.94443e-007 -8.62376e-010 -8.62376e-010
3.38 -5.48646e-005 6.81817e-006 8.70262e-007 -9.43271e-010 -9.43271e-010
3.39 -5.49172e-005 6.94604e-006 8.91857e-007 -9.3042e-010 -9.3042e-010
3.4 -5.49681e-005 7.08862e-006 9.54052e-007 -8.47093e-010 -8.47093e-010
3.41 -5.50085e-005 7.19756e-006 1.01152e-006 -7.40722e-010 -7.40722e-010
3.42 -5.5032e-005 7.24256e-006 1.01226e-006 -6.57901e-010 -6.57901e-010
3.43 -5.50352e-005 7.22805e-006 9.41256e-007 -6.24096e-010 -6.24096e-010
3.44 -5.50196e-005 7.18363e-006 8.26069e-007 -6.38666e-010 -6.38666e-010
3.45 -5.49916e-005 7.13736e-006 7.0903e-007 -6.82416e-010 -6.82416e-010
3.46 -5.49611e-005 7.10071e-006 6.18033e-007 -7.27896e-010 -7.27896e-010
3.47 -5.49375e-005 7.07242e-006 5.56324e-007 -7.46192e-010 -7.46192e-010
3.48 -5.4926e-005 7.04743e-006 5.1262e-007 -7.11871e-010 -7.11871e-010
3.49 -5.49249e-005 7.02364e-006 4.74461e-007 -6.10266e-010 -6.10266e-010
3.5 -5.49286e-005 7.00165e-006 4.25875e-007 -4.45196e-010 -4.45196e-010
3.51 -5.49314e-005 6.98267e-006 3.46666e-007 -2.39925e-010 -2.39925e-010
3.52 -5.49296e-005 6.97656e-006 2.37566e-007 -2.86578e-011 -2.86578e-011
3.53 -5.4922e-005 7.00398e-006 1.31759e-007 1.56258e-010 1.56258e-010
3.54 -5.4912e-005 7.07699e-006 6.42011e-008 2.9536e-010 2.9536e-010
3.55 -5.49078e-005 7.18233e-006 3.93442e-008 3.88244e-010 3.88244e-010
3.56 -5.49189e-005 7.28594e-006 2.88366e-008 4.52877e-010 4.52877e-010
3.57 -5.49519e-005 7.35446e-006 1.81656e-010 5.16517e-010 5.16517e-010
3.58 -5.50066e-005 7.37545e-006 -5.1918e-008 6.0049e-010 6.0049e-010
3.59 -5.50757e-005 7.35993e-006 -1.01172e-007 7.06524e-010 7.06524e-010
3.6 -5.5148e-005 7.33515e-006 -1.06077e-007 8.13589e-010 8.13589e-010
3.61 -5.52134e-005 7.33469e-006 -3.82398e-008 8.88501e-010 8.88501e-010
3.62 -5.52677e-005 7.38069e-006 8.94895e-008 9.0493e-010 9.0493e-010
3.63 -5.53143e-005 7.46999e-006 2.25522e-007 8.59162e-010 8.59162e-010
3.64 -5.536e-005 7.57751e-006 3.21641e-007 7.71453e-010 7.71453e-010
3.65 -5.54101e-005 7.6727e-006 3.70764e-007 6.71453e-010 6.71453e-010
3.66 -5.54659e-005 7.73563e-006 3.98737e-007 5.7966e-010 5.7966e-010
3.67 -5.55255e-005 7.75811e-006 4.2997e-007 4.99899e-010 4.99899e-010
3.68 -5.55835e-005 7.73961e-006 4.70772e-007 4.25203e-010 4.25203e-010
3.69 -5.56326e-005 7.69637e-006 5.12603e-007 3.48011e-010 3.48011e-010
3.7 -5.56674e-005 7.66249e-006 5.3629e-007 2.67411e-010 2.67411e-010
3.71 -5.56859e-005 7.66813e-006 5.21382e-007 1.91338e-010 1.91338e-010
3.72 -5.56897e-005 7.72443e-006 4.64326e-007 1.33066e-010 1.33066e-010
3.73 -5.56822e-005 7.82158e-006 3.82864e-007 1.04148e-010 1.04148e-010
3.74 -5.56679e-005 7.92896e-006 3.00257e-007 1.09116e-010 1.09116e-010
3.75 -5.56508e-005 8.01568e-006 2.31358e-007 1.46056e-010 1.46056e-010
3.76 -5.56334e-005 8.07778e-006 1.79325e-007 2.12617e-010 2.12617e-010
3.77 -5.56162e-005 8.13467e-006 1.42387e-007 3.10932e-010 3.10932e-010
3.78 -5.55974e-005 8.20689e-006 1.18731e-007 4.44428e-010 4.44428e-010
3.79 -5.55758e-005 8.30449e-006 1.0205e-007 6.09668e-010 6.09668e-010
3.8 -5.5553e-005 8.42653e-006 8.35148e-008 7.94159e-010 7.94159e-010
3.81 -5.55322e-005 8.5587e-006 5.98629e-008 9.83475e-010 9.83475e-010
3.82 -5.55159e-005 8.67e-006 3.36822e-008 1.16909e-009 1.16909e-009
3.83 -5.55051e-005 8.72665e-006 1.46171e-008 1.34833e-009 1.34833e-009
3.84 -5.54997e-005 8.72779e-006 1.62953e-008 1.51907e-009 1.51907e-009
3.85 -5.55025e-005 8.7198e-006 3.89485e-008 1.67952e-009 1.67952e-009
3.86 -5.55158e-005 8.75296e-006 7.08598e-008 1.83314e-009 1.83314e-009
3.87 -5.55395e-005 8.83356e-006 1.06458e-007 1.98604e-009 1.98604e-009
3.88 -5.55703e-005 8.93156e-006 1.47901e-007 2.13499e-009 2.13499e-009
3.89 -5.56052e-005 9.01715e-006 1.94782e-007 2.26233e-009 2.26233e-009
3.9 -5.56441e-005 9.07858e-006 2.36222e-007 2.34782e-009 2.34782e-009
3.91 -5.56884e-005 9.11147e-006 2.5049e-007 2.3849e-009 2.3849e-009
3.92 -5.57388e-005 9.1034e-006 2.17461e-007 2.38329e-009 2.38329e-009
3.93 -5.5794e-005 9.04506e-006 1.43427e-007 2.35546e-009 2.35546e-009
3.94 -5.58493e-005 8.95033e-006 6.90959e-008 2.30175e-009 2.30175e-009
3.95 -5.58987e-005 8.8441e-006 4.05659e-008 2.2086e-009 2.2086e-009
3.96 -5.59366e-005 8.73992e-006 7.82003e-008 2.05907e-009 2.05907e-009
3.97 -5.59591e-005 8.64255e-006 1.73302e-007 1.84546e-009 1.84546e-009
3.98 -5.59634e-005 8.55564e-006 3.04986e-007 1.57559e-009 1.57559e-009
3.99 -5.59473e-005 8.47668e-006 4.55277e-007 1.26957e-009 1.26957e-009
4 -5.59107e-005 8.39043e-006 5.99892e-007 9.50548e-010 9.50548e-010
4.01 -5.58568e-005 8.27277e-006 7.00174e-007 6.37093e-010 6.37093e-010
4.02 -5.57905e-005 8.11595e-006 7.30869e-007 3.42328e-010 3.42328e-010
4.03 -5.57162e-005 7.94681e-006 6.99018e-007 7.78827e-011 7.78827e-011
4.04 -5.56387e-005 7.80145e-006 6.20874e-007 -1.42152e-010 -1.42152e-010
4.05 -5.55617e-005 7.69571e-006 5.08611e-007 -3.02243e-010 -3.02243e-010
4.06 -5.54852e-005 7.62808e-006 3.88805e-007 -3.93531e-010 -3.93531e-010
4.07 -5.54049e-005 7.58551e-006 2.99687e-007 -4.24145e-010 -4.24145e-010
4.08 -5.53159e-005 7.53835e-006 2.55558e-007 -4.21132e-010 -4.21132e-010
4.09 -5.52155e-005 7.44867e-006 2.40929e-007 -4.1897e-010 -4.1897e-010
4.1 -5.51021e-005 7.29452e-006 2.39377e-007 -4.42892e-010 -4.42892e-010
4.11 -5.49778e-005 7.08309e-006 2.43176e-007 -4.99024e-010 -4.99024e-010
4.12 -5.48489e-005 6.84507e-006 2.51095e-007 -5.7543e-010 -5.7543e-010
4.13 -5.47235e-005 6.62095e-006 2.75943e-007 -6.51391e-010 -6.51391e-010
4.14 -5.46097e-005 6.43865e-006 3.28808e-007 -7.08738e-010 -7.08738e-010
4.15 -5.45154e-005 6.29956e-006 3.93129e-007 -7.37528e-010 -7.37528e-010
4.16 -5.44457e-005 6.18895e-006 4.35368e-007 -7.34177e-010 -7.34177e-010
4.17 -5.44009e-005 6.0929e-006 4.3023e-007 -6.97977e-010 -6.97977e-010
4.18 -5.43763e-005 6.00458e-006 3.76466e-007 -6.32269e-010 -6.32269e-010
4.19 -5.43632e-005 5.92028e-006 3.02804e-007 -5.50806e-010 -5.50806e-010
4.2 -5.43524e-005 5.83419e-006 2.50499e-007 -4.82914e-010 -4.82914e-010
4.21 -5.43375e-005 5.74574e-006 2.50888e-007 -4.68243e-010 -4.68243e-010
4.22 -5.43163e-005 5.66929e-006 3.23381e-007 -5.39857e-010 -5.39857e-010
4.23 -5.42906e-005 5.62057e-006 4.69169e-007 -7.07306e-010 -7.07306e-010
4.24 -5.42641e-005 5.59904e-006 6.66758e-007 -9.52658e-010 -9.52658e-010
4.25 -5.42388e-005 5.59655e-006 9.00001e-007 -1.24182e-009 -1.24182e-009
4.26 -5.42127e-005 5.60974e-006 1.16803e-006 -1.54273e-009 -1.54273e-009
4.27 -5.41826e-005 5.63911e-006 1.45749e-006 -1.83672e-009 -1.83672e-009
4.28 -5.41448e-005 5.68902e-006 1.74179e-006 -2.11641e-009 -2.11641e-009
4.29 -5.40946e-005 5.76372e-006 1.99935e-006 -2.37757e-009 -2.37757e-009
4.3 -5.40308e-005 5.85719e-006 2.20267e-006 -2.61482e-009 -2.61482e-009
4.31 -5.39565e-005 5.95674e-006 2.31579e-006 -2.82109e-009 -2.82109e-009
4.32 -5.38775e-005 6.05648e-006 2.32799e-006 -2.98792e-009 -2.98792e-009
4.33 -5.37987e-005 6.15626e-006 2.26956e-006 -3.10788e-009 -3.10788e-009
4.34 -5.37214e-005 6.24933e-006 2.18979e-006 -3.17963e-009 -3.17963e-009
4.35 -5.36431e-005 6.32195e-006 2.13555e-006 -3.21096e-009 -3.21096e-009
4.36 -5.35586e-005 6.37121e-006 2.13739e-006 -3.21497e-009 -3.21497e-009
4.37 -5.3464e-005 6.41579e-006 2.1954e-006 -3.20048e-009 -3.20048e-009
4.38 -5.33585e-005 6.48099e-006 2.28257e-006 -3.16352e-009 -3.16352e-009
4.39 -5.3246e-005 6.5713e-006 2.36051e-006 -3.08909e-009 -3.08909e-009
4.4 -5.3134e-005 6.66474e-006 2.3989e-006 -2.96305e-009 -2.96305e-009
4.41 -5.30317e-005 6.73912e-006 2.39855e-006 -2.78361e-009 -2.78361e-009
4.42 -5.29472e-005 6.79452e-006 2.38915e-006 -2.56239e-009 -2.56239e-009
4.43 -5.28857e-005 6.8494e-006 2.40639e-006 -2.31633e-009 -2.31633e-009
4.44 -5.28466e-005 6.92457e-006 2.48076e-006 -2.06071e-009 -2.06071e-009
4.45 -5.28241e-005 7.02598e-006 2.62183e-006 -1.81038e-009 -1.81038e-009
4.46 -5.2812e-005 7.1398e-006 2.79325e-006 -1.58292e-009 -1.58292e-009
4.47 -5.2807e-005 7.25051e-006 2.92781e-006 -1.39366e-009 -1.39366e-009
4.48 -5.28085e-005 7.35532e-006 2.98308e-006 -1.24588e-009 -1.24588e-009
4.49 -5.28178e-005 7.45226e-006 2.96891e-006 -1.13005e-009 -1.13005e-009
4.5 -5.28381e-005 7.52923e-006 2.92715e-006 -1.03581e-009 -1.03581e-009
4.51 -5.28721e-005 7.57982e-006 2.91131e-006 -9.64764e-010 -9.64764e-010
4.52 -5.29195e-005 7.6177e-006 2.97471e-006 -9.32561e-010 -9.32561e-010
4.53 -5.29763e-005 7.65803e-006 3.13931e-006 -9.6149e-010 -9.6149e-010
4.54 -5.30344e-005 7.6966e-006 3.38068e-006 -1.07165e-009 -1.07165e-009
4.55 -5.30821e-005 7.72339e-006 3.653e-006 -1.27469e-009 -1.27469e-009
4.56 -5.31114e-005 7.74247e-006 3.90356e-006 -1.56762e-009 -1.56762e-009
4.57 -5.3121e-005 7.76684e-006 4.07893e-006 -1.92498e-009 -1.92498e-009
4.58 -5.31154e-005 7.80653e-006 4.1546e-006 -2.29819e-009 -2.29819e-009
4.59 -5.31023e-005 7.86796e-006 4.15593e-006 -2.63101e-009 -2.63101e-009
4.6 -5.30886e-005 7.95534e-006 4.13679e-006 -2.88336e-009 -2.88336e-009
4.61 -5.30785e-005 8.06013e-006 4.12967e-006 -3.04532e-009 -3.04532e-009
4.62 -5.30721e-005 8.15189e-006 4.11809e-006 -3.13249e-009 -3.13249e-009
4.63 -5.30653e-005 8.19991e-006 4.06967e-006 -3.17141e-009 -3.17141e-009
4.64 -5.30511e-005 8.20857e-006 3.98749e-006 -3.18795e-009 -3.18795e-009
4.65 -5.30214e-005 8.219e-006 3.90459e-006 -3.20066e-009 -3.20066e-009
4.66 -5.29746e-005 8.27653e-006 3.83561e-006 -3.21226e-009 -3.21226e-009
4.67 -5.29195e-005 8.39853e-006 3.76228e-006 -3.20029e-009 -3.20029e-009
4.68 -5.28691e-005 8.56631e-006 3.66517e-006 -3.1199e-009 -3.1199e-009
4.69 -5.28356e-005 8.74517e-006 3.55275e-006 -2.92559e-009 -2.92559e-009
4.7 -5.28256e-005 8.91276e-006 3.46278e-006 -2.59875e-009 -2.59875e-009
4.71 -5.28401e-005 9.06708e-006 3.43899e-006 -2.1611e-009 -2.1611e-009
4.72 -5.2876e-005 9.21247e-006 3.48898e-006 -1.66572e-009 -1.66572e-009
4.73 -5.29289e-005 9.35307e-006 3.56625e-006 -1.1724e-009 -1.1724e-009
4.74 -5.29947e-005 9.49669e-006 3.61024e-006 -7.22232e-010 -7.22232e-010
4.75 -5.30707e-005 9.64924e-006 3.59217e-006 -3.26957e-010 -3.26957e-010
4.76 -5.31569e-005 9.81116e-006 3.52537e-006 2.37103e-011 2.37103e-011
4.77 -5.32556e-005 9.98306e-006 3.45786e-006 3.46467e-010 3.46467e-010
4.78 -5.33692e-005 1.01621e-005 3.43749e-006 6.52072e-010 6.52072e-010
4.79 -5.34994e-005 1.03335e-005 3.46674e-006 9.41664e-010 9.41664e-010
4.8 -5.36454e-005 1.04791e-005 3.51375e-006 1.20913e-009 1.20913e-009
4.81 -5.38018e-005 1.0595e-005 3.55209e-006 1.44241e-009 1.44241e-009
4.82 -5.39622e-005 1.06968e-005 3.56588e-006 1.62304e-009 1.62304e-009
4.83 -5.41196e-005 1.08039e-005 3.55614e-006 1.72878e-009 1.72878e-009
4.84 -5.42649e-005 1.09213e-005 3.56536e-006 1.73782e-009 1.73782e-009
4.85 -5.43883e-005 1.10384e-005 3.64686e-006 1.63198e-009 1.63198e-009
4.86 -5.44878e-005 1.11361e-005 3.77746e-006 1.40755e-009 1.40755e-009
4.87 -5.45696e-005 1.12001e-005 3.85356e-006 1.09547e-009 1.09547e-009
4.88 -5.46429e-005 1.12388e-005 3.80121e-006 7.67686e-010 7.67686e-010
4.89 -5.47145e-005 1.12758e-005 3.64438e-006 5.06958e-010 5.06958e-010
4.9 -5.4783e-005 1.13198e-005 3.45944e-006 3.57386e-010 3.57386e-010
4.91 -5.48435e-005 1.13626e-005 3.29673e-006 3.0168e-010 3.0168e-010
4.92 -5.48948e-005 1.14068e-005 3.15577e-006 2.87921e-010 2.87921e-010
4.93 -5.49379e-005 1.14739e-005 3.01438e-006 2.78522e-010 2.78522e-010
4.94 -5.4974e-005 1.15732e-005 2.84594e-006 2.76771e-010 2.76771e-010
4.95 -5.50077e-005 1.16789e-005 2.61653e-006 3.15973e-010 3.15973e-010
4.96 -5.50445e-005 1.17475e-005 2.31324e-006 4.3059e-010 4.3059e-010
4.97 -5.50882e-005 1.17482e-005 1.97686e-006 6.33639e-010 6.33639e-010
4.98 -5.51402e-005 1.16732e-005 1.66764e-006 9.11754e-010 9.11754e-010
4.99 -5.52064e-005 1.15379e-005 1.40051e-006 1.23954e-009 1.23954e-009
5 -5.52956e-005 1.13857e-005 1.15196e-006 1.60325e-009 1.60325e-009
5.01 -5.5411e-005 1.12712e-005 9.16921e-007 2.01077e-009 2.01077e-009
5.02 -5.55494e-005 1.12098e-005 7.12833e-007 2.47313e-009 2.47313e-009
5.03 -5.57043e-005 1.11601e-005 5.46459e-007 2.97387e-009 2.97387e-009
5.04 -5.58693e-005 1.10702e-005 4.10188e-007 3.46069e-009 3.46069e-009
5.05 -5.60418e-005 1.09222e-005 2.84456e-007 3.87253e-009 3.87253e-009
5.06 -5.62246e-005 1.07271e-005 1.24563e-007 4.1805e-009 4.1805e-009
5.07 -5.64241e-005 1.05126e-005 -1.12982e-007 4.40725e-009 4.40725e-009
5.08 -5.66439e-005 1.03185e-005 -4.14561e-007 4.60603e-009 4.60603e-009
5.09 -5.68824e-005 1.01767e-005 -7.18184e-007 4.81553e-009 4.81553e-009
5.1 -5.7135e-005 1.00914e-005 -9.74194e-007 5.02832e-009 5.02832e-009
5.11 -5.73941e-005 1.00477e-005 -1.1607e-006 5.19735e-009 5.19735e-009
5.12 -5.76466e-005 1.00325e-005 -1.26222e-006 5.26877e-009 5.26877e-009
5.13 -5.78796e-005 1.00386e-005 -1.29121e-006 5.21305e-009 5.21305e-009
5.14 -5.80885e-005 1.00469e-005 -1.31748e-006 5.03864e-009 5.03864e-009
5.15 -5.82749e-005 1.00296e-005 -1.41973e-006 4.78488e-009 4.78488e-009
5.16 -5.84423e-005 9.98287e-006 -1.61323e-006 4.49949e-009 4.49949e-009
5.17 -5.85968e-005 9.93593e-006 -1.86186e-006 4.21856e-009 4.21856e-009
5.18 -5.87482e-005 9.92236e-006 -2.13049e-006 3.96622e-009 3.96622e-009
5.19 -5.89042e-005 9.96138e-006 -2.39102e-006 3.76741e-009 3.76741e-009
5.2 -5.90625e-005 1.00592e-005 -2.60037e-006 3.65044e-009 3.65044e-009
5.21 -5.92094e-005 1.01952e-005 -2.71342e-006 3.62923e-009 3.62923e-009
5.22 -5.93261e-005 1.0305e-005 -2.72864e-006 3.68174e-009 3.68174e-009
5.23 -5.93962e-005 1.03096e-005 -2.68494e-006 3.74943e-009 3.74943e-009
5.24 -5.94113e-005 1.01723e-005 -2.62251e-006 3.76515e-009 3.76515e-009
5.25 -5.93706e-005 9.9129e-006 -2.57245e-006 3.69229e-009 3.69229e-009
5.26 -5.92823e-005 9.58307e-006 -2.54762e-006 3.54718e-009 3.54718e-009
5.27 -5.91599e-005 9.23536e-006 -2.5242e-006 3.38763e-009 3.38763e-009
5.28 -5.90161e-005 8.89928e-006 -2.46552e-006 3.27617e-009 3.27617e-009
5.29 -5.8861e-005 8.57794e-006 -2.36312e-006 3.24571e-009 3.24571e-009
5.3 -5.86959e-005 8.27374e-006 -2.22239e-006 3.28903e-009 3.28903e-009
5.31 -5.85104e-005 8.00416e-006 -2.03551e-006 3.36948e-009 3.36948e-009
5.32 -5.82879e-005 7.77967e-006 -1.80163e-006 3.43796e-009 3.43796e-009
5.33 -5.8013e-005 7.58493e-006 -1.53836e-006 3.44522e-009 3.44522e-009
5.34 -5.76757e-005 7.39025e-006 -1.25677e-006 3.34719e-009 3.34719e-009
5.35 -5.72734e-005 7.1716e-006 -9.36717e-007 3.10533e-009 3.10533e-009
5.36 -5.6811e-005 6.9167e-006 -5.34965e-007 2.68796e-009 2.68796e-009
5.37 -5.63031e-005 6.6228e-006 -4.56756e-008 2.07953e-009 2.07953e-009
5.38 -5.57734e-005 6.2987e-006 4.6062e-007 1.29921e-009 1.29921e-009
5.39 -5.52435e-005 5.96198e-006 9.06308e-007 4.10471e-010 4.10471e-010
5.4 -5.47207e-005 5.62964e-006 1.29173e-006 -5.03036e-010 -5.03036e-010
5.41 -5.42002e-005 5.3194e-006 1.67332e-006 -1.38631e-009 -1.38631e-009
5.42 -5.3675e-005 5.05964e-006 2.08646e-006 -2.23943e-009 -2.23943e-009
5.43 -5.31437e-005 4.88191e-006 2.49823e-006 -3.09326e-009 -3.09326e-009
5.44 -5.2613e-005 4.79179e-006 2.83519e-006 -3.96176e-009 -3.96176e-009
5.45 -5.20929e-005 4.75181e-006 3.07045e-006 -4.82163e-009 -4.82163e-009
5.46 -5.15913e-005 4.70505e-006 3.26214e-006 -5.63716e-009 -5.63716e-009
5.47 -5.11166e-005 4.61199e-006 3.49819e-006 -6.39566e-009 -6.39566e-009
5.48 -5.06765e-005 4.46245e-006 3.83357e-006 -7.11253e-009 -7.11253e-009
5.49 -5.02751e-005 4.26764e-006 4.27532e-006 -7.80761e-009 -7.80761e-009
5.5 -4.99136e-005 4.04578e-006 4.77256e-006 -8.47908e-009 -8.47908e-009
5.51 -4.9593e-005 3.81605e-006 5.22605e-006 -9.0912e-009 -9.0912e-009
5.52 -4.93142e-005 3.61024e-006 5.56333e-006 -9.58094e-009 -9.58094e-009
5.53 -4.90789e-005 3.46765e-006 5.78476e-006 -9.88454e-009 -9.88454e-009
5.54 -4.88905e-005 3.40624e-006 5.92102e-006 -9.96908e-009 -9.96908e-009
5.55 -4.87574e-005 3.42316e-006 5.99312e-006 -9.84445e-009 -9.84445e-009
5.56 -4.86891e-005 3.51902e-006 6.01104e-006 -9.54676e-009 -9.54676e-009
5.57 -4.86913e-005 3.68951e-006 5.97303e-006 -9.11114e-009 -9.11114e-009
5.58 -4.8762e-005 3.90062e-006 5.8769e-006 -8.56179e-009 -8.56179e-009
5.59 -4.88909e-005 4.09845e-006 5.73474e-006 -7.92696e-009 -7.92696e-009
5.6 -4.90657e-005 4.24771e-006 5.55929e-006 -7.25507e-009 -7.25507e-009
5.61 -4.92783e-005 4.35298e-006 5.3467e-006 -6.60452e-009 -6.60452e-009
5.62 -4.95249e-005 4.4481e-006 5.09822e-006 -6.01245e-009 -6.01245e-009
5.63 -4.98026e-005 4.57451e-006 4.85559e-006 -5.47554e-009 -5.47554e-009
5.64 -5.01083e-005 4.76415e-006 4.68233e-006 -4.96317e-009 -4.96317e-009
5.65 -5.04425e-005 5.02912e-006 4.59936e-006 -4.44711e-009 -4.44711e-009
5.66 -5.08101e-005 5.35686e-006 4.55441e-006 -3.91897e-009 -3.91897e-009
5.67 -5.12151e-005 5.71457e-006 4.45998e-006 -3.3872e-009 -3.3872e-009
5.68 -5.16556e-005 6.07004e-006 4.26642e-006 -2.86761e-009 -2.86761e-009
5.69 -5.21214e-005 6.41681e-006 3.99799e-006 -2.37941e-009 -2.37941e-009
5.7 -5.25987e-005 6.77537e-006 3.71888e-006 -1.94341e-009 -1.94341e-009
5.71 -5.30761e-005 7.16431e-006 3.47266e-006 -1.57566e-009 -1.57566e-009
5.72 -5.35454e-005 7.57456e-006 3.26397e-006 -1.28037e-009 -1.28037e-009
5.73 -5.39978e-005 7.97424e-006 3.09635e-006 -1.05153e-009 -1.05153e-009
5.74 -5.4421e-005 8.3371e-006 3.00863e-006 -8.84275e-010 -8.84275e-010
5.75 -5.48001e-005 8.66737e-006 3.06069e-006 -7.83299e-010 -7.83299e-010
5.76 -5.51229e-005 8.99522e-006 3.27937e-006 -7.56577e-010 -7.56577e-010
5.77 -5.53834e-005 9.35093e-006 3.62637e-006 -7.98726e-010 -7.98726e-010
5.78 -5.55817e-005 9.74633e-006 4.01486e-006 -8.80529e-010 -8.80529e-010
5.79 -5.57272e-005 1.01707e-005 4.33134e-006 -9.53066e-010 -9.53066e-010
5.8 -5.58379e-005 1.05931e-005 4.45419e-006 -9.58891e-010 -9.58891e-010
5.81 -5.5928e-005 1.09793e-005 4.30799e-006 -8.42343e-010 -8.42343e-010
5.82 -5.60039e-005 1.13331e-005 3.94946e-006 -5.63426e-010 -5.63426e-010
5.83 -5.60629e-005 1.17058e-005 3.56798e-006 -1.19495e-010 -1.19495e-010
5.84 -5.60942e-005 1.21362e-005 3.33521e-006 4.41005e-010 4.41005e-010
5.85 -5.60842e-005 1.25846e-005 3.26619e-006 1.0346e-009 1.0346e-009
5.86 -5.60225e-005 1.29566e-005 3.25133e-006 1.58192e-009 1.58192e-009
5.87 -5.59038e-005 1.31887e-005 3.17991e-006 2.03982e-009 2.03982e-009
5.88 -5.57371e-005 1.32941e-005 3.00489e-006 2.4094e-009 2.4094e-009
5.89 -5.55464e-005 1.33383e-005 2.75222e-006 2.72527e-009 2.72527e-009
5.9 -5.53549e-005 1.33831e-005 2.50424e-006 3.03564e-009 3.03564e-009
5.91 -5.51837e-005 1.34481e-005 2.33972e-006 3.37974e-009 3.37974e-009
5.92 -5.50468e-005 1.35178e-005 2.29883e-006 3.77079e-009 3.77079e-009
5.93 -5.49431e-005 1.35655e-005 2.39831e-006 4.1883e-009 4.1883e-009
5.94 -5.48577e-005 1.35559e-005 2.62888e-006 4.57684e-009 4.57684e-009
5.95 -5.47708e-005 1.34518e-005 2.93528e-006 4.85484e-009 4.85484e-009
5.96 -5.46684e-005 1.32388e-005 3.22177e-006 4.94109e-009 4.94109e-009
5.97 -5.45486e-005 1.29396e-005 3.40445e-006 4.79205e-009 4.79205e-009
5.98 -5.44201e-005 1.25996e-005 3.46535e-006 4.42484e-009 4.42484e-009
5.99 -5.43007e-005 1.2255e-005 3.43253e-006 3.90866e-009 3.90866e-009
6 -5.42167e-005 1.19077e-005 3.30545e-006 3.33556e-009 3.33556e-009
6.01 -5.41965e-005 1.15259e-005 3.02795e-006 2.79361e-009 2.79361e-009
6.02 -5.42564e-005 1.10669e-005 2.55008e-006 2.34803e-009 2.34803e-009
6.03 -5.43937e-005 1.04855e-005 1.87627e-006 2.0207e-009 2.0207e-009
6.04 -5.45899e-005 9.75076e-006 1.04965e-006 1.77546e-009 1.77546e-009
6.05 -5.48223e-005 8.89196e-006 1.29148e-007 1.53223e-009 1.53223e-009
6.06 -5.50752e-005 8.00591e-006 -8.31002e-007 1.215e-009 1.215e-009
6.07 -5.53453e-005 7.20456e-006 -1.78813e-006 8.02742e-010 8.02742e-010
6.08 -5.56466e-005 6.56261e-006 -2.70146e-006 3.45574e-010 3.45574e-010
6.09 -5.5999e-005 6.09083e-006 -3.54871e-006 -5.83486e-011 -5.83486e-011
6.1 -5.64213e-005 5.74177e-006 -4.3417e-006 -3.01942e-010 -3.01942e-010
6.11 -5.69271e-005 5.44703e-006 -5.08295e-006 -3.05868e-010 -3.05868e-010
6.12 -5.75139e-005 5.1524e-006 -5.73498e-006 -4.51951e-011 -4.51951e-011
6.13 -5.81578e-005 4.8306e-006 -6.24861e-006 4.38501e-010 4.38501e-010
6.14 -5.88253e-005 4.49215e-006 -6.56565e-006 1.04641e-009 1.04641e-009
6.15 -5.94676e-005 4.17673e-006 -6.6034e-006 1.65024e-009 1.65024e-009
6.16 -6.00418e-005 3.915e-006 -6.29408e-006 2.12399e-009 2.12399e-009
6.17 -6.05196e-005 3.70808e-006 -5.63247e-006 2.37149e-009 2.37149e-009
6.18 -6.0881e-005 3.53393e-006 -4.66898e-006 2.34809e-009 2.34809e-009
6.19 -6.11151e-005 3.34258e-006 -3.49913e-006 2.06822e-009 2.06822e-009
6.2 -6.12174e-005 3.05544e-006 -2.24938e-006 1.59045e-009 1.59045e-009
6.21 -6.11811e-005 2.61698e-006 -1.00819e-006 9.82679e-010 9.82679e-010
6.22 -6.09876e-005 2.0618e-006 2.38466e-007 2.83202e-010 2.83202e-010
6.23 -6.06093e-005 1.51185e-006 1.57441e-006 -5.21605e-010 -5.21605e-010
6.24 -6.00209e-005 1.08808e-006 3.03887e-006 -1.48837e-009 -1.48837e-009
6.25 -5.92091e-005 8.09287e-007 4.53773e-006 -2.68159e-009 -2.68159e-009
6.26 -5.81687e-005 5.69282e-007 5.84162e-006 -4.13398e-009 -4.13398e-009
6.27 -5.69038e-005 2.07953e-007 6.67621e-006 -5.82042e-009 -5.82042e-009
6.28 -5.54678e-005 -3.69079e-007 6.86854e-006 -7.65369e-009 -7.65369e-009
6.29 -5.39032e-005 -1.11851e-006 6.50171e-006 -9.50807e-009 -9.50807e-009
6.3 -5.22463e-005 -1.88131e-006 5.8963e-006 -1.12669e-008 -1.12669e-008
6.31 -5.05247e-005 -2.48779e-006 5.37985e-006 -1.28654e-008 -1.28654e-008
6.32 -4.87814e-005 -2.85544e-006 5.03371e-006 -1.42891e-008 -1.42891e-008
6.33 -4.7075e-005 -2.98952e-006 4.66987e-006 -1.55234e-008 -1.55234e-008
6.34 -4.54778e-005 -2.93507e-006 3.9956e-006 -1.65003e-008 -1.65003e-008
6.35 -4.40651e-005 -2.74398e-006 2.82048e-006 -1.70961e-008 -1.70961e-008
6.36 -4.29061e-005 -2.44441e-006 1.19861e-006 -1.71826e-008 -1.71826e-008
6.37 -4.20497e-005 -2.00103e-006 -5.36551e-007 -1.66931e-008 -1.66931e-008
6.38 -4.15204e-005 -1.32491e-006 -1.90538e-006 -1.5658e-008 -1.5658e-008
6.39 -4.13312e-005 -3.78125e-007 -2.60077e-006 -1.41857e-008 -1.41857e-008
6.4 -4.1497e-005 7.46789e-007 -2.69562e-006 -1.24036e-008 -1.24036e-008
6.41 -4.20236e-005 1.88843e-006 -2.45771e-006 -1.04072e-008 -1.04072e-008
6.42 -4.2893e-005 2.91116e-006 -2.05316e-006 -8.26056e-009 -8.26056e-009
6.43 -4.40679e-005 3.71097e-006 -1.50044e-006 -6.04339e-009 -6.04339e-009
6.44 -4.55066e-005 4.21029e-006 -7.50347e-007 -3.8851e-009 -3.8851e-009
6.45 -4.71602e-005 4.40503e-006 2.78278e-007 -1.94231e-009 -1.94231e-009
6.46 -4.89715e-005 4.37723e-006 1.65882e-006 -3.40701e-010 -3.40701e-010
6.47 -5.08769e-005 4.23115e-006 3.36428e-006 8.64107e-010 8.64107e-010
6.48 -5.28118e-005 4.02745e-006 5.22214e-006 1.67812e-009 1.67812e-009
6.49 -5.47032e-005 3.78063e-006 7.00712e-006 2.12657e-009 2.12657e-009
6.5 -5.64896e-005 3.49087e-006 8.55886e-006 2.20974e-009 2.20974e-009
6.51 -5.80865e-005 3.17616e-006 9.79847e-006 1.88827e-009 1.88827e-009
6.52 -5.94202e-005 2.87066e-006 1.06559e-005 1.11461e-009 1.11461e-009
6.53 -6.04326e-005 2.58591e-006 1.10117e-005 -1.06721e-010 -1.06721e-010
6.54 -6.11107e-005 2.32055e-006 1.07248e-005 -1.67666e-009 -1.67666e-009
6.55 -6.14767e-005 2.11534e-006 9.77582e-006 -3.41648e-009 -3.41648e-009
6.56 -6.15393e-005 2.06876e-006 8.3324e-006 -5.13826e-009 -5.13826e-009
6.57 -6.13027e-005 2.28614e-006 6.65601e-006 -6.71766e-009 -6.71766e-009
6.58 -6.07816e-005 2.82814e-006 4.97243e-006 -8.10985e-009 -8.10985e-009
6.59 -5.99999e-005 3.68458e-006 3.37981e-006 -9.30424e-009 -9.30424e-009
6.6 -5.90021e-005 4.7812e-006 1.81775e-006 -1.0261e-008 -1.0261e-008
6.61 -5.78571e-005 6.03629e-006 1.40611e-007 -1.08745e-008 -1.08745e-008
6.62 -5.66446e-005 7.41726e-006 -1.75283e-006 -1.09816e-008 -1.09816e-008
6.63 -5.5483e-005 8.93247e-006 -3.84769e-006 -1.04049e-008 -1.04049e-008
6.64 -5.45237e-005 1.05967e-005 -6.02438e-006 -9.0046e-009 -9.0046e-009
6.65 -5.38761e-005 1.23665e-005 -8.08861e-006 -6.72073e-009 -6.72073e-009
6.66 -5.35767e-005 1.41251e-005 -9.86433e-006 -3.59454e-009 -3.59454e-009
6.67 -5.36383e-005 1.57184e-005 -1.12462e-005 2.40737e-010 2.40737e-010
6.68 -5.4052e-005 1.70227e-005 -1.21721e-005 4.583e-009 4.583e-009
6.69 -5.47702e-005 1.79872e-005 -1.25723e-005 9.18123e-009 9.18123e-009
6.7 -5.57316e-005 1.86118e-005 -1.23763e-005 1.37536e-008 1.37536e-008
6.71 -5.68923e-005 1.88917e-005 -1.15629e-005 1.80139e-008 1.80139e-008
6.72 -5.82264e-005 1.88105e-005 -1.02028e-005 2.17155e-008 2.17155e-008
6.73 -5.96971e-005 1.84022e-005 -8.41505e-006 2.47e-008 2.47e-008
6.74 -6.12688e-005 1.78099e-005 -6.29621e-006 2.69178e-008 2.69178e-008
6.75 -6.29079e-005 1.72463e-005 -3.93229e-006 2.84033e-008 2.84033e-008
6.76 -6.45709e-005 1.68963e-005 -1.42248e-006 2.92163e-008 2.92163e-008
6.77 -6.62001e-005 1.6849e-005 1.14901e-006 2.93775e-008 2.93775e-008
6.78 -6.769e-005 1.70955e-005 3.6976e-006 2.8833e-008 2.8833e-008
6.79 -6.89302e-005 1.75748e-005 6.08484e-006 2.74782e-008 2.74782e-008
6.8 -6.98224e-005 1.82234e-005 8.11197e-006 2.52347e-008 2.52347e-008
6.81 -7.02981e-005 1.9005e-005 9.60087e-006 2.2123e-008 2.2123e-008
6.82 -7.03133e-005 1.99089e-005 1.04834e-005 1.8283e-008 1.8283e-008
6.83 -6.98909e-005 2.09233e-005 1.07814e-005 1.39436e-008 1.39436e-008
6.84 -6.90728e-005 2.20047e-005 1.05326e-005 9.37679e-009 9.37679e-009
6.85 -6.79311e-005 2.30821e-005 9.77375e-006 4.86669e-009 4.86669e-009
6.86 -6.65459e-005 2.41016e-005 8.60536e-006 6.92471e-010 6.92471e-010
6.87 -6.49777e-005 2.50496e-005 7.18426e-006 -2.90087e-009 -2.90087e-009
6.88 -6.32823e-005 2.59129e-005 5.6154e-006 -5.73678e-009 -5.73678e-009
6.89 -6.15101e-005 2.66435e-005 3.88539e-006 -7.71405e-009 -7.71405e-009
6.9 -5.97255e-005 2.71711e-005 1.9271e-006 -8.77797e-009 -8.77797e-009
6.91 -5.80204e-005 2.7459e-005 -2.446e-007 -8.88518e-009 -8.88518e-009
6.92 -5.64765e-005 2.75327e-005 -2.49265e-006 -7.99121e-009 -7.99121e-009
6.93 -5.5191e-005 2.74439e-005 -4.68476e-006 -6.05573e-009 -6.05573e-009
6.94 -5.42263e-005 2.72013e-005 -6.81747e-006 -3.0527e-009 -3.0527e-009
6.95 -5.36659e-005 2.67133e-005 -8.9325e-006 1.0076e-009 1.0076e-009
6.96 -5.3637e-005 2.58662e-005 -1.09636e-005 6.03348e-009 6.03348e-009
6.97 -5.41774e-005 2.46571e-005 -1.27258e-005 1.1802e-008 1.1802e-008
6.98 -5.52065e-005 2.32155e-005 -1.40293e-005 1.79546e-008 1.79546e-008
6.99 -5.66225e-005 2.17276e-005 -1.47697e-005 2.40653e-008 2.40653e-008
7 -5.83613e-005 2.03551e-005 -1.48926e-005 2.97373e-008 2.97373e-008
7.01 -6.0337e-005 1.92162e-005 -1.43123e-005 3.46606e-008 3.46606e-008
7.02 -6.2464e-005 1.83854e-005 -1.29197e-005 3.86039e-008 3.86039e-008
7.03 -6.46634e-005 1.78538e-005 -1.07367e-005 4.13854e-008 4.13854e-008
7.04 -6.68684e-005 1.74872e-005 -8.01456e-006 4.28667e-008 4.28667e-008
7.05 -6.9018e-005 1.70462e-005 -5.17916e-006 4.29697e-008 4.29697e-008
7.06 -7.10448e-005 1.63088e-005 -2.62797e-006 4.16834e-008 4.16834e-008
7.07 -7.28586e-005 1.52052e-005 -5.24785e-007 3.90428e-008 3.90428e-008
7.08 -7.43618e-005 1.38134e-005 1.16786e-006 3.50971e-008 3.50971e-008
7.09 -7.54582e-005 1.22495e-005 2.51099e-006 2.99024e-008 2.99024e-008
7.1 -7.60619e-005 1.05912e-005 3.47425e-006 2.35536e-008 2.35536e-008
7.11 -7.61381e-005 8.87832e-006 3.9683e-006 1.62307e-008 1.62307e-008
7.12 -7.56818e-005 7.15956e-006 3.92344e-006 8.2267e-009 8.2267e-009
7.13 -7.47046e-005 5.48943e-006 3.31566e-006 -6.22397e-011 -6.22397e-011
7.14 -7.32458e-005 3.89927e-006 2.15647e-006 -8.18328e-009 -8.18328e-009
7.15 -7.13703e-005 2.40428e-006 4.99221e-007 -1.56955e-008 -1.56955e-008
7.16 -6.91644e-005 1.02461e-006 -1.54951e-006 -2.22322e-008 -2.22322e-008
7.17 -6.6734e-005 -2.26689e-007 -3.84841e-006 -2.75316e-008 -2.75316e-008
7.18 -6.40861e-005 -1.37984e-006 -6.26023e-006 -3.143e-008 -3.143e-008
7.19 -6.13794e-005 -2.44235e-006 -8.59389e-006 -3.38404e-008 -3.38404e-008
7.2 -5.87318e-005 -3.4542e-006 -1.07359e-005 -3.47476e-008 -3.47476e-008
7.21 -5.61807e-005 -4.43686e-006 -1.26098e-005 -3.42068e-008 -3.42068e-008
7.22 -5.3795e-005 -5.36466e-006 -1.41289e-005 -3.23193e-008 -3.23193e-008
7.23 -5.16398e-005 -6.18768e-006 -1.51679e-005 -2.92068e-008 -2.92068e-008
7.24 -4.97567e-005 -6.86476e-006 -1.56436e-005 -2.49976e-008 -2.49976e-008
7.25 -4.8223e-005 -7.38096e-006 -1.55499e-005 -1.98275e-008 -1.98275e-008
7.26 -4.71046e-005 -7.76468e-006 -1.49371e-005 -1.38711e-008 -1.38711e-008
7.27 -4.64293e-005 -8.05139e-006 -1.38356e-005 -7.39401e-009 -7.39401e-009
7.28 -4.61871e-005 -8.26857e-006 -1.22352e-005 -7.70313e-010 -7.70313e-010
7.29 -4.63487e-005 -8.42541e-006 -1.01486e-005 5.55633e-009 5.55633e-009
7.3 -4.6854e-005 -8.53047e-006 -7.61135e-006 1.11409e-008 1.11409e-008
7.31 -4.75993e-005 -8.58209e-006 -4.63259e-006 1.55897e-008 1.55897e-008
7.32 -4.85206e-005 -8.56061e-006 -1.23399e-006 1.85807e-008 1.85807e-008
7.33 -4.95487e-005 -8.50021e-006 2.41647e-006 1.9884e-008 1.9884e-008
7.34 -5.06297e-005 -8.49635e-006 5.92574e-006 1.9405e-008 1.9405e-008
7.35 -5.1699e-005 -8.63593e-006 8.87074e-006 1.72231e-008 1.72231e-008
7.36 -5.27111e-005 -8.89653e-006 1.10377e-005 1.35708e-008 1.35708e-008
7.37 -5.36048e-005 -9.14523e-006 1.25163e-005 8.73589e-009 8.73589e-009
7.38 -5.43261e-005 -9.23267e-006 1.34968e-005 2.96244e-009 2.96244e-009
7.39 -5.48348e-005 -9.10542e-006 1.4029e-005 -3.5703e-009 -3.5703e-009
7.4 -5.51114e-005 -8.78989e-006 1.40243e-005 -1.06877e-008 -1.06877e-008
7.41 -5.51441e-005 -8.29607e-006 1.34313e-005 -1.81388e-008 -1.81388e-008
7.42 -5.49104e-005 -7.58547e-006 1.23279e-005 -2.55808e-008 -2.55808e-008
7.43 -5.44039e-005 -6.62056e-006 1.08651e-005 -3.26279e-008 -3.26279e-008
7.44 -5.3669e-005 -5.43786e-006 9.09585e-006 -3.88876e-008 -3.88876e-008
7.45 -5.27937e-005 -4.1458e-006 6.94126e-006 -4.396e-008 -4.396e-008
7.46 -5.18958e-005 -2.85225e-006 4.3603e-006 -4.74466e-008 -4.74466e-008
7.47 -5.109e-005 -1.60194e-006 1.50986e-006 -4.90073e-008 -4.90073e-008
7.48 -5.04473e-005 -3.73698e-007 -1.2534e-006 -4.84512e-008 -4.84512e-008
7.49 -5.00045e-005 8.92084e-007 -3.54578e-006 -4.57977e-008 -4.57977e-008
7.5 -4.97095e-005 2.28121e-006 -5.1824e-006 -4.12513e-008 -4.12513e-008
7.51 -4.96765e-005 3.84233e-006 -6.17121e-006 -3.51057e-008 -3.51057e-008
7.52 -4.99049e-005 5.6213e-006 -6.63904e-006 -2.76486e-008 -2.76486e-008
7.53 -5.03865e-005 7.61119e-006 -6.66427e-006 -1.9128e-008 -1.9128e-008
7.54 -5.112e-005 9.74394e-006 -6.27827e-006 -9.77724e-009 -9.77724e-009
7.55 -5.21281e-005 1.19097e-005 -5.52798e-006 1.4113e-010 1.4113e-010
7.56 -5.34502e-005 1.3974e-005 -4.55344e-006 1.03125e-008 1.03125e-008
7.57 -5.51038e-005 1.58003e-005 -3.55113e-006 2.03733e-008 2.03733e-008
7.58 -5.7059e-005 1.73139e-005 -2.57107e-006 2.9915e-008 2.9915e-008
7.59 -5.92288e-005 1.85488e-005 -1.40489e-006 3.84752e-008 3.84752e-008
7.6 -6.14777e-005 1.96022e-005 2.15468e-007 4.55411e-008 4.55411e-008
7.61 -6.36668e-005 2.05377e-005 2.31019e-006 5.06135e-008 5.06135e-008
7.62 -6.567e-005 2.13385e-005 4.5839e-006 5.33305e-008 5.33305e-008
7.63 -6.74009e-005 2.19418e-005 6.63267e-006 5.35736e-008 5.35736e-008
7.64 -6.87984e-005 2.2314e-005 8.22497e-006 5.14761e-008 5.14761e-008
7.65 -6.98265e-005 2.24945e-005 9.39477e-006 4.73437e-008 4.73437e-008
7.66 -7.04868e-005 2.2592e-005 1.03531e-005 4.15412e-008 4.15412e-008
7.67 -7.07904e-005 2.27385e-005 1.13206e-005 3.44011e-008 3.44011e-008
7.68 -7.06692e-005 2.30131e-005 1.2328e-005 2.62015e-008 2.62015e-008
7.69 -7.01011e-005 2.33865e-005 1.31528e-005 1.72169e-008 1.72169e-008
7.7 -6.91295e-005 2.37815e-005 1.35089e-005 7.78267e-009 7.78267e-009
7.71 -6.77602e-005 2.41781e-005 1.33099e-005 -1.68973e-009 -1.68973e-009
7.72 -6.60065e-005 2.46055e-005 1.26722e-005 -1.07556e-008 -1.07556e-008
7.73 -6.39089e-005 2.50734e-005 1.17369e-005 -1.8984e-008 -1.8984e-008
7.74 -6.15511e-005 2.55636e-005 1.05999e-005 -2.59686e-008 -2.59686e-008
7.75 -5.90457e-005 2.6068e-005 9.38757e-006 -3.13262e-008 -3.13262e-008
7.76 -5.65025e-005 2.65996e-005 8.29677e-006 -3.47279e-008 -3.47279e-008
7.77 -5.40237e-005 2.71658e-005 7.50702e-006 -3.59677e-008 -3.59677e-008
7.78 -5.17014e-005 2.77458e-005 7.05138e-006 -3.5014e-008 -3.5014e-008
7.79 -4.95929e-005 2.82947e-005 6.78703e-006 -3.19985e-008 -3.19985e-008
7.8 -4.77994e-005 2.87418e-005 6.49877e-006 -2.71524e-008 -2.71524e-008
7.81 -4.64037e-005 2.90336e-005 6.07648e-006 -2.07393e-008 -2.07393e-008
7.82 -4.54277e-005 2.91833e-005 5.62057e-006 -1.30287e-008 -1.30287e-008
7.83 -4.48647e-005 2.92643e-005 5.4243e-006 -4.3205e-009 -4.3205e-009
7.84 -4.46809e-005 2.9343e-005 5.81007e-006 5.00806e-009 5.00806e-009
7.85 -4.47844e-005 2.94074e-005 6.93566e-006 1.44781e-008 1.44781e-008
7.86 -4.51783e-005 2.93273e-005 8.72095e-006 2.35322e-008 2.35322e-008
7.87 -4.58311e-005 2.89636e-005 1.09688e-005 3.1595e-008 3.1595e-008
7.88 -4.67065e-005 2.82421e-005 1.34295e-005 3.81481e-008 3.81481e-008
7.89 -4.7851e-005 2.71303e-005 1.57907e-005 4.28021e-008 4.28021e-008
7.9 -4.92644e-005 2.56339e-005 1.77524e-005 4.5339e-008 4.5339e-008
7.91 -5.07899e-005 2.37984e-005 1.91396e-005 4.5704e-008 4.5704e-008
7.92 -5.23075e-005 2.17115e-005 1.99538e-005 4.39565e-008 4.39565e-008
7.93 -5.37688e-005 1.95255e-005 2.03428e-005 4.02202e-008 4.02202e-008
7.94 -5.50624e-005 1.74256e-005 2.05543e-005 3.46551e-008 3.46551e-008
7.95 -5.61181e-005 1.55798e-005 2.07246e-005 2.74493e-008 2.74493e-008
7.96 -5.68689e-005 1.40528e-005 2.08003e-005 1.88307e-008 1.88307e-008
7.97 -5.72552e-005 1.28233e-005 2.0589e-005 9.09224e-009 9.09224e-009
7.98 -5.73047e-005 1.1842e-005 1.98732e-005 -1.38506e-009 -1.38506e-009
7.99 -5.70228e-005 1.10463e-005 1.85704e-005 -1.21286e-008 -1.21286e-008
8 -5.64478e-005 1.03918e-005 1.67778e-005 -2.25993e-008 -2.25993e-008
8.01 -5.56407e-005 9.82621e-006 1.46699e-005 -3.22418e-008 -3.22418e-008
8.02 -5.46914e-005 9.25273e-006 1.23292e-005 -4.05374e-008 -4.05374e-008
8.03 -5.37028e-005 8.55701e-006 9.73081e-006 -4.70445e-008 -4.70445e-008
8.04 -5.27574e-005 7.70251e-006 6.89827e-006 -5.14308e-008 -5.14308e-008
8.05 -5.18981e-005 6.7718e-006 3.99791e-006 -5.35081e-008 -5.35081e-008
8.06 -5.11466e-005 5.88469e-006 1.21864e-006 -5.32502e-008 -5.32502e-008
8.07 -5.04308e-005 5.10989e-006 -1.38509e-006 -5.07574e-008 -5.07574e-008
8.08 -4.98752e-005 4.39299e-006 -3.89489e-006 -4.61809e-008 -4.61809e-008
8.09 -4.95425e-005 3.64283e-006 -6.32688e-006 -3.96812e-008 -3.96812e-008
8.1 -4.95036e-005 2.81116e-006 -8.45609e-006 -3.14584e-008 -3.14584e-008
8.11 -4.98867e-005 1.87641e-006 -1.00289e-005 -2.18252e-008 -2.18252e-008
8.12 -5.06769e-005 8.24268e-007 -1.08815e-005 -1.12527e-008 -1.12527e-008
8.13 -5.17979e-005 -3.60903e-007 -1.09859e-005 -3.31405e-010 -3.31405e-010
8.14 -5.3222e-005 -1.69012e-006 -1.0416e-005 1.03139e-008 1.03139e-008
8.15 -5.48564e-005 -3.21162e-006 -9.33406e-006 2.00818e-008 2.00818e-008
8.16 -5.65862e-005 -4.98239e-006 -7.94559e-006 2.84269e-008 2.84269e-008
8.17 -5.83361e-005 -6.99882e-006 -6.44127e-006 3.48963e-008 3.48963e-008
8.18 -6.00238e-005 -9.15267e-006 -4.97307e-006 3.91743e-008 3.91743e-008
8.19 -6.1632e-005 -1.12403e-005 -3.64186e-006 4.11118e-008 4.11118e-008
8.2 -6.31395e-005 -1.30757e-005 -2.51649e-006 4.0715e-008 4.0715e-008
8.21 -6.44664e-005 -1.4562e-005 -1.65007e-006 3.81064e-008 3.81064e-008
8.22 -6.5568e-005 -1.56916e-005 -1.10985e-006 3.34746e-008 3.34746e-008
8.23 -6.6396e-005 -1.6535e-005 -9.53565e-007 2.7025e-008 2.7025e-008
8.24 -6.69017e-005 -1.72062e-005 -1.23205e-006 1.89587e-008 1.89587e-008
8.25 -6.70466e-005 -1.78133e-005 -1.94708e-006 9.49167e-009 9.49167e-009
8.26 -6.68018e-005 -1.84179e-005 -3.04021e-006 -1.09727e-009 -1.09727e-009
8.27 -6.61721e-005 -1.9034e-005 -4.43985e-006 -1.24184e-008 -1.24184e-008
8.28 -6.51899e-005 -1.96509e-005 -6.09784e-006 -2.3956e-008 -2.3956e-008
8.29 -6.39311e-005 -2.02406e-005 -7.95711e-006 -3.51071e-008 -3.51071e-008
8.3 -6.24788e-005 -2.0768e-005 -9.94793e-006 -4.52523e-008 -4.52523e-008
8.31 -6.08688e-005 -2.12387e-005 -1.20684e-005 -5.3816e-008 -5.3816e-008
8.32 -5.91453e-005 -2.16826e-005 -1.43757e-005 -6.03087e-008 -6.03087e-008
8.33 -5.73976e-005 -2.21005e-005 -1.68781e-005 -6.43698e-008 -6.43698e-008
8.34 -5.56325e-005 -2.24372e-005 -1.95311e-005 -6.57863e-008 -6.57863e-008
8.35 -5.39902e-005 -2.26325e-005 -2.22601e-005 -6.44848e-008 -6.44848e-008
8.36 -5.24727e-005 -2.26334e-005 -2.50028e-005 -6.05281e-008 -6.05281e-008
8.37 -5.13878e-005 -2.24102e-005 -2.76325e-005 -5.41019e-008 -5.41019e-008
8.38 -5.06208e-005 -2.2092e-005 -3.01213e-005 -4.55024e-008 -4.55024e-008
8.39 -5.04569e-005 -2.17741e-005 -3.22239e-005 -3.514e-008 -3.514e-008
8.4 -5.08986e-005 -2.16012e-005 -3.37686e-005 -2.35211e-008 -2.35211e-008
8.41 -5.20248e-005 -2.16618e-005 -3.46177e-005 -1.12171e-008 -1.12171e-008
8.42 -5.38264e-005 -2.20076e-005 -3.47741e-005 1.16392e-009 1.16392e-009
8.43 -5.60556e-005 -2.26297e-005 -3.43881e-005 1.30091e-008 1.30091e-008
8.44 -5.85834e-005 -2.34567e-005 -3.3618e-005 2.37471e-008 2.37471e-008
8.45 -6.13194e-005 -2.43906e-005 -3.2624e-005 3.2902e-008 3.2902e-008
8.46 -6.41821e-005 -2.53432e-005 -3.15609e-005 4.0118e-008 4.0118e-008
8.47 -6.70828e-005 -2.62203e-005 -3.05475e-005 4.51556e-008 4.51556e-008
8.48 -6.99401e-005 -2.69292e-005 -2.96662e-005 4.78773e-008 4.78773e-008
8.49 -7.26714e-005 -2.74012e-005 -2.90163e-005 4.82403e-008 4.82403e-008
8.5 -7.51991e-005 -2.75957e-005 -2.87363e-005 4.62995e-008 4.62995e-008
8.51 -7.74513e-005 -2.74874e-005 -2.89182e-005 4.22015e-008 4.22015e-008
8.52 -7.93713e-005 -2.7046e-005 -2.94951e-005 3.61657e-008 3.61657e-008
8.53 -8.09236e-005 -2.62465e-005 -3.02703e-005 2.84563e-008 2.84563e-008
8.54 -8.20751e-005 -2.5109e-005 -3.10513e-005 1.9373e-008 1.9373e-008
8.55 -8.2798e-005 -2.37147e-005 -3.17478e-005 9.27599e-009 9.27599e-009
8.56 -8.30836e-005 -2.218e-005 -3.24022e-005 -1.37786e-009 -1.37786e-009
8.57 -8.29295e-005 -2.06098e-005 -3.3139e-005 -1.20275e-008 -1.20275e-008
8.58 -8.23675e-005 -1.90454e-005 -3.40328e-005 -2.20422e-008 -2.20422e-008
8.59 -8.14958e-005 -1.74569e-005 -3.50437e-005 -3.07907e-008 -3.07907e-008
8.6 -8.04169e-005 -1.5791e-005 -3.61236e-005 -3.77188e-008 -3.77188e-008
8.61 -7.92081e-005 -1.40507e-005 -3.73148e-005 -4.2398e-008 -4.2398e-008
8.62 -7.78893e-005 -1.23041e-005 -3.87296e-005 -4.45396e-008 -4.45396e-008
8.63 -7.64143e-005 -1.0636e-005 -4.04723e-005 -4.39981e-008 -4.39981e-008
8.64 -7.48099e-005 -9.13354e-006 -4.2528e-005 -4.07717e-008 -4.07717e-008
8.65 -7.29912e-005 -7.89234e-006 -4.48278e-005 -3.50004e-008 -3.50004e-008
8.66 -7.09928e-005 -6.9836e-006 -4.72386e-005 -2.69624e-008 -2.69624e-008
8.67 -6.91598e-005 -6.45133e-006 -4.94828e-005 -1.70494e-008 -1.70494e-008
8.68 -6.75724e-005 -6.22685e-006 -5.13569e-005 -5.72806e-009 -5.72806e-009
8.69 -6.67187e-005 -6.25535e-006 -5.2562e-005 6.49601e-009 6.49601e-009
8.7 -6.69049e-005 -6.46995e-006 -5.29373e-005 1.91014e-008 1.91014e-008
8.71 -6.77527e-005 -6.76664e-006 -5.25908e-005 3.15408e-008 3.15408e-008
8.72 -6.90381e-005 -7.01905e-006 -5.16054e-005 4.32523e-008 4.32523e-008
8.73 -7.0761e-005 -7.06318e-006 -4.99542e-005 5.37196e-008 5.37196e-008
8.74 -7.28824e-005 -6.76264e-006 -4.76227e-005 6.2497e-008 6.2497e-008
8.75 -7.52817e-005 -6.09e-006 -4.47195e-005 6.91984e-008 6.91984e-008
8.76 -7.78159e-005 -5.10696e-006 -4.14881e-005 7.35081e-008 7.35081e-008
8.77 -8.03204e-005 -3.88275e-006 -3.81944e-005 7.522e-008 7.522e-008
8.78 -8.26912e-005 -2.40952e-006 -3.49599e-005 7.42726e-008 7.42726e-008
8.79 -8.48834e-005 -5.92514e-007 -3.17163e-005 7.07452e-008 7.07452e-008
8.8 -8.68847e-005 1.66838e-006 -2.83132e-005 6.48249e-008 6.48249e-008
8.81 -8.86311e-005 4.39074e-006 -2.46375e-005 5.67812e-008 5.67812e-008
8.82 -8.99609e-005 7.4904e-006 -2.06891e-005 4.6962e-008 4.6962e-008
8.83 -9.04539e-005 1.0757e-005 -1.66676e-005 3.5809e-008 3.5809e-008
8.84 -8.98627e-005 1.39763e-005 -1.29174e-005 2.38552e-008 2.38552e-008
8.85 -8.83459e-005 1.70252e-005 -9.69945e-006 1.16577e-008 1.16577e-008
8.86 -8.6291e-005 1.97357e-005 -7.32576e-006 -2.56444e-010 -2.56444e-010
8.87 -8.39111e-005 2.20769e-005 -5.90145e-006 -1.13306e-008 -1.13306e-008
8.88 -8.1324e-005 2.4127e-005 -5.28261e-006 -2.09331e-008 -2.09331e-008
8.89 -7.86141e-005 2.60144e-005 -5.15004e-006 -2.84571e-008 -2.84571e-008
8.9 -7.58226e-005 2.7796e-005 -5.20744e-006 -3.34778e-008 -3.34778e-008
8.91 -7.2999e-005 2.94379e-005 -5.30303e-006 -3.58177e-008 -3.58177e-008
8.92 -7.01946e-005 3.08443e-005 -5.40635e-006 -3.54846e-008 -3.54846e-008
8.93 -6.72815e-005 3.20371e-005 -5.4954e-006 -3.25841e-008 -3.25841e-008
8.94 -6.44169e-005 3.30244e-005 -5.45443e-006 -2.72967e-008 -2.72967e-008
8.95 -6.16959e-005 3.38047e-005 -5.13651e-006 -1.98982e-008 -1.98982e-008
8.96 -5.92018e-005 3.43941e-005 -4.37713e-006 -1.07784e-008 -1.07784e-008
8.97 -5.69402e-005 3.48307e-005 -3.00531e-006 -4.26411e-010 -4.26411e-010
8.98 -5.49202e-005 3.51804e-005 -9.15639e-007 1.06078e-008 1.06078e-008
8.99 -5.31062e-005 3.5526e-005 1.84978e-006 2.17576e-008 2.17576e-008
9 -5.13459e-005 3.59334e-005 5.21054e-006 3.24831e-008 3.24831e-008
9.01 -4.91958e-005 3.65216e-005 9.10067e-006 4.22753e-008 4.22753e-008
9.02 -4.66443e-005 3.73453e-005 1.33722e-005 5.06289e-008 5.06289e-008
9.03 -4.34466e-005 3.84674e-005 1.8012e-005 5.70591e-008 5.70591e-008
9.04 -3.96443e-005 3.99536e-005 2.28657e-005 6.11733e-008 6.11733e-008
9.05 -3.4892e-005 4.17926e-005 2.79523e-005 6.27309e-008 6.27309e-008
9.06 -2.95544e-005 4.38772e-005 3.30893e-005 6.16443e-008 6.16443e-008
9.07 -2.35353e-005 4.60342e-005 3.83041e-005 5.79438e-008 5.79438e-008
9.08 -1.70785e-005 4.80357e-005 4.34611e-005 5.17257e-008 5.17257e-008
9.09 -1.04823e-005 4.96605e-005 4.85047e-005 4.30984e-008 4.30984e-008
9.1 -4.0494e-006 5.07423e-005 5.33606e-005 3.22186e-008 3.22186e-008
9.11 1.9174e-006 5.11145e-005 5.77713e-005 1.93859e-008 1.93859e-008
9.12 7.15256e-006 5.08186e-005 6.14389e-005 5.08338e-009 5.08338e-009
9.13 1.11759e-005 4.98845e-005 6.40675e-005 -1.0049e-008 -1.0049e-008
9.14 1.40135e-005 4.83992e-005 6.55411e-005 -2.52937e-008 -2.52937e-008
9.15 1.57353e-005 4.65185e-005 6.59414e-005 -3.99196e-008 -3.99196e-008
9.16 1.69192e-005 4.43928e-005 6.55788e-005 -5.32317e-008 -5.32317e-008
9.17 1.75573e-005 4.21609e-005 6.46297e-005 -6.46372e-008 -6.46372e-008
9.18 1.77186e-005 3.98505e-005 6.31484e-005 -7.367e-008 -7.367e-008
9.19 1.72862e-005 3.73979e-005 6.10482e-005 -7.99882e-008 -7.99882e-008
9.2 1.61941e-005 3.47199e-005 5.83196e-005 -8.33913e-008 -8.33913e-008
9.21 1.45045e-005 3.17578e-005 5.51197e-005 -8.38528e-008 -8.38528e-008
9.22 1.23838e-005 2.85395e-005 5.17051e-005 -8.15328e-008 -8.15328e-008
9.23 1.00281e-005 2.51664e-005 4.83395e-005 -7.67284e-008 -7.67284e-008
9.24 7.53491e-006 2.17646e-005 4.51703e-005 -6.97743e-008 -6.97743e-008
9.25 4.93128e-006 1.84294e-005 4.22184e-005 -6.09722e-008 -6.09722e-008
9.26 2.06666e-006 1.525e-005 3.9411e-005 -5.06041e-008 -5.06041e-008
9.27 -1.05098e-006 1.22805e-005 3.67462e-005 -3.90093e-008 -3.90093e-008
9.28 -4.31068e-006 9.63217e-006 3.43585e-005 -2.66555e-008 -2.66555e-008
9.29 -7.50609e-006 7.41711e-006 3.24658e-005 -1.41537e-008 -1.41537e-008
9.3 -1.04955e-005 5.66939e-006 3.11898e-005 -2.2056e-009 -2.2056e-009
9.31 -1.33003e-005 4.30233e-006 3.04707e-005 8.49017e-009 8.49017e-009
9.32 -1.60029e-005 3.19298e-006 3.01645e-005 1.73316e-008 1.73316e-008
9.33 -1.87094e-005 2.2275e-006 3.01532e-005 2.38665e-008 2.38665e-008
9.34 -2.14374e-005 1.34141e-006 3.03395e-005 2.77991e-008 2.77991e-008
9.35 -2.42095e-005 4.74601e-007 3.06267e-005 2.89768e-008 2.89768e-008
9.36 -2.70572e-005 -4.20489e-007 3.09249e-005 2.73866e-008 2.73866e-008
9.37 -2.99737e-005 -1.36233e-006 3.11775e-005 2.31607e-008 2.31607e-008
9.38 -3.29205e-005 -2.33554e-006 3.13148e-005 1.65723e-008 1.65723e-008
9.39 -3.59313e-005 -3.30773e-006 3.1215e-005 8.00711e-009 8.00711e-009
9.4 -3.90091e-005 -4.21884e-006 3.07586e-005 -2.08177e-009 -2.08177e-009
9.41 -4.20368e-005 -4.97193e-006 2.99137e-005 -1.32112e-008 -1.32112e-008
9.42 -4.49272e-005 -5.4812e-006 2.87094e-005 -2.48868e-008 -2.48868e-008
9.43 -4.76525e-005 -5.71725e-006 2.71366e-005 -3.65939e-008 -3.65939e-008
9.44 -5.02674e-005 -5.73684e-006 2.5112e-005 -4.77735e-008 -4.77735e-008
9.45 -5.28291e-005 -5.66574e-006 2.25258e-005 -5.78221e-008 -5.78221e-008
9.46 -5.54429e-005 -5.65446e-006 1.93169e-005 -6.61336e-008 -6.61336e-008
9.47 -5.7986e-005 -5.761e-006 1.55726e-005 -7.21843e-008 -7.21843e-008
9.48 -6.00937e-005 -5.91841e-006 1.15077e-005 -7.56175e-008 -7.56175e-008
9.49 -6.13633e-005 -5.98051e-006 7.42058e-006 -7.62784e-008 -7.62784e-008
9.5 -6.15999e-005 -5.85569e-006 3.54926e-006 -7.41806e-008 -7.41806e-008
9.51 -6.12915e-005 -5.6187e-006 -2.5931e-007 -6.94122e-008 -6.94122e-008
9.52 -6.07982e-005 -5.30065e-006 -4.23127e-006 -6.20652e-008 -6.20652e-008
9.53 -6.0245e-005 -4.86262e-006 -8.37357e-006 -5.22686e-008 -5.22686e-008
9.54 -5.96456e-005 -4.18538e-006 -1.24016e-005 -4.0276e-008 -4.0276e-008
9.55 -5.9388e-005 -3.1801e-006 -1.58424e-005 -2.65206e-008 -2.65206e-008
9.56 -5.96605e-005 -1.79958e-006 -1.83894e-005 -1.15935e-008 -1.15935e-008
9.57 -6.0513e-005 -4.70492e-008 -1.99287e-005 3.83861e-009 3.83861e-009
9.58 -6.1924e-005 2.05426e-006 -2.05265e-005 1.91187e-008 1.91187e-008
9.59 -6.38552e-005 4.50605e-006 -2.02722e-005 3.36324e-008 3.36324e-008
9.6 -6.61879e-005 7.29729e-006 -1.92671e-005 4.68022e-008 4.68022e-008
9.61 -6.87746e-005 1.03468e-005 -1.76902e-005 5.80964e-008 5.80964e-008
9.62 -7.13644e-005 1.35049e-005 -1.58474e-005 6.70796e-008 6.70796e-008
9.63 -7.35865e-005 1.66107e-005 -1.40687e-005 7.34777e-008 7.34777e-008
9.64 -7.52808e-005 1.96135e-005 -1.24864e-005 7.71922e-008 7.71922e-008
9.65 -7.65802e-005 2.25741e-005 -1.09961e-005 7.82322e-008 7.82322e-008
9.66 -7.75726e-005 2.55593e-005 -9.42878e-006 7.66362e-008 7.66362e-008
9.67 -7.8173e-005 2.86094e-005 -7.68085e-006 7.24763e-008 7.24763e-008
9.68 -7.8515e-005 3.1635e-005 -5.88954e-006 6.59353e-008 6.59353e-008
9.69 -7.85408e-005 3.45208e-005 -4.24149e-006 5.73525e-008 5.73525e-008
9.7 -7.8448e-005 3.71407e-005 -2.91304e-006 4.71926e-008 4.71926e-008
9.71 -7.80764e-005 3.94818e-005 -1.92921e-006 3.60002e-008 3.60002e-008
9.72 -7.73113e-005 4.1549e-005 -1.27754e-006 2.43804e-008 2.43804e-008
9.73 -7.64046e-005 4.32774e-005 -9.7486e-007 1.29824e-008 1.29824e-008
9.74 -7.53986e-005 4.46974e-005 -1.04147e-006 2.4528e-009 2.4528e-009
9.75 -7.41594e-005 4.59341e-005 -1.41739e-006 -6.63161e-009 -6.63161e-009
9.76 -7.26711e-005 4.70732e-005 -2.05673e-006 -1.38106e-008 -1.38106e-008
9.77 -7.10126e-005 4.81041e-005 -3.07627e-006 -1.87491e-008 -1.87491e-008
9.78 -6.93101e-005 4.90042e-005 -4.68277e-006 -2.12183e-008 -2.12183e-008
9.79 -6.74093e-005 4.98275e-005 -7.01776e-006 -2.10636e-008 -2.10636e-008
9.8 -6.53511e-005 5.05787e-005 -9.91535e-006 -1.82147e-008 -1.82147e-008
9.81 -6.3111e-005 5.13294e-005 -1.30435e-005 -1.27391e-008 -1.27391e-008
9.82 -6.0518e-005 5.22131e-005 -1.5901e-005 -4.87313e-009 -4.87313e-009
9.83 -5.76343e-005 5.3282e-005 -1.79938e-005 4.998e-009 4.998e-009
9.84 -5.48337e-005 5.4494e-005 -1.90336e-005 1.6384e-008 1.6384e-008
9.85 -5.22581e-005 5.57484e-005 -1.89437e-005 2.87091e-008 2.87091e-008
9.86 -5.0076e-005 5.69125e-005 -1.7768e-005 4.13264e-008 4.13264e-008
9.87 -4.81698e-005 5.79019e-005 -1.56083e-005 5.35567e-008 5.35567e-008
9.88 -4.65301e-005 5.86417e-005 -1.26226e-005 6.4747e-008 6.4747e-008
9.89 -4.51314e-005 5.90815e-005 -8.94158e-006 7.43284e-008 7.43284e-008
9.9 -4.39464e-005 5.91735e-005 -4.80901e-006 8.18529e-008 8.18529e-008
9.91 -4.29195e-005 5.89144e-005 -4.05251e-007 8.69901e-008 8.69901e-008
9.92 -4.21446e-005 5.83194e-005 4.11453e-006 8.94978e-008 8.94978e-008
9.93 -4.13963e-005 5.74308e-005 8.82258e-006 8.92085e-008 8.92085e-008
9.94 -4.03808e-005 5.62649e-005 1.38282e-005 8.60104e-008 8.60104e-008
9.95 -3.92227e-005 5.4819e-005 1.89654e-005 7.98414e-008 7.98414e-008
9.96 -3.75677e-005 5.31242e-005 2.41426e-005 7.07401e-008 7.07401e-008
9.97 -3.5577e-005 5.12471e-005 2.91969e-005 5.89146e-008 5.89146e-008
9.98 -3.28182e-005 4.92724e-005 3.40029e-005 4.47666e-008 4.47666e-008
9.99 -2.95917e-005 4.71877e-005 3.84366e-005 2.8852e-008 2.8852e-008
10 -2.59558e-005 4.49799e-005 4.22283e-005 1.18189e-008 1.18189e-008
