0.1 0.000195353 -0.00531251 -0.000266089
0.2 0.000390985 -0.0106364 -0.000532779
0.3 0.000586898 -0.0159717 -0.000800075
0.4 0.000783094 -0.0213186 -0.00106798
0.5 0.000979575 -0.026677 -0.00133651
0.6 0.00117634 -0.0320472 -0.00160566
0.7 0.0013734 -0.0374291 -0.00187544
0.8 0.00157074 -0.042823 -0.00214585
0.9 0.00176838 -0.0482287 -0.0024169
1 0.00196631 -0.0536465 -0.00268861
0.01 0.00194273 -0.0536465 -0.00266052
0.02 0.00187401 -0.0536466 -0.00257738
0.03 0.00178681 -0.0536466 -0.00247149
0.04 0.00170403 -0.0536467 -0.0023775
0.05 0.00162317 -0.0536468 -0.00230171
0.06 0.00154472 -0.0536468 -0.0022496
0.07 0.00147191 -0.0536469 -0.00222525
0.08 0.0014089 -0.0536469 -0.00222956
0.09 0.00135886 -0.053647 -0.00226003
0.1 0.00132298 -0.0536471 -0.00231227
0.11 0.00130045 -0.0536471 -0.00238187
0.12 0.00128923 -0.0536472 -0.00246647
0.13 0.00128692 -0.0536473 -0.0025676
0.14 0.00129135 -0.0536474 -0.00269008
0.15 0.00130116 -0.0536475 -0.00283908
0.16 0.00131654 -0.0536476 -0.00301743
0.17 0.0013392 -0.0536477 -0.00322499
0.18 0.00137123 -0.0536478 -0.0034599
0.19 0.00141437 -0.0536479 -0.00372073
0.2 0.00146957 -0.053648 -0.00400663
0.21 0.00153728 -0.0536481 -0.00431558
0.22 0.00161834 -0.0536482 -0.00464363
0.23 0.00171345 -0.0536484 -0.00498536
0.24 0.00182156 -0.0536485 -0.00533506
0.25 0.00193938 -0.0536486 -0.00568731
0.26 0.00206317 -0.0536488 -0.00603724
0.27 0.00219292 -0.0536489 -0.00638222
0.28 0.00233278 -0.053649 -0.00672336
0.29 0.00248568 -0.0536492 -0.00706491
0.3 0.00265019 -0.0536493 -0.00741275
0.31 0.00282495 -0.0536495 -0.00777171
0.32 0.00301076 -0.0536498 -0.00814202
0.33 0.00320666 -0.05365 -0.00851804
0.34 0.00341 -0.0536502 -0.00889209
0.35 0.00361851 -0.0536504 -0.00925991
0.36 0.00382979 -0.0536506 -0.0096214
0.37 0.00404168 -0.0536508 -0.00997641
0.38 0.00425408 -0.0536509 -0.0103206
0.39 0.00446786 -0.0536511 -0.0106472
0.4 0.00468164 -0.0536512 -0.0109541
0.41 0.00489257 -0.0536513 -0.0112459
0.42 0.0050983 -0.0536514 -0.011529
0.43 0.00529792 -0.0536515 -0.0118054
0.44 0.00549296 -0.0536516 -0.0120704
0.45 0.00568481 -0.0536517 -0.0123182
0.46 0.00587388 -0.0536517 -0.0125469
0.47 0.00606208 -0.0536518 -0.0127574
0.48 0.00624999 -0.0536519 -0.0129476
0.49 0.00643488 -0.0536519 -0.0131109
0.5 0.00661639 -0.053652 -0.0132405
0.51 0.00679756 -0.053652 -0.0133309
0.52 0.00697818 -0.053652 -0.0133752
0.53 0.00715702 -0.053652 -0.0133651
0.54 0.00733964 -0.053652 -0.0132981
0.55 0.00753532 -0.053652 -0.0131834
0.56 0.00774399 -0.053652 -0.0130329
0.57 0.00794824 -0.053652 -0.0128468
0.58 0.00812446 -0.0536519 -0.0126167
0.59 0.00826342 -0.0536519 -0.0123409
0.6 0.00837442 -0.0536518 -0.0120291
0.61 0.00846733 -0.0536518 -0.0116958
0.62 0.0085413 -0.0536517 -0.01135
0.63 0.0086036 -0.0536516 -0.0109921
0.64 0.00867672 -0.0536515 -0.0106193
0.65 0.00876632 -0.0536514 -0.0102275
0.66 0.00885353 -0.0536512 -0.00981644
0.67 0.00892511 -0.0536511 -0.00939328
0.68 0.0089828 -0.053651 -0.00896426
0.69 0.00902869 -0.0536509 -0.00852617
0.7 0.00906133 -0.0536508 -0.0080759
0.71 0.00908087 -0.0536507 -0.00762217
0.72 0.00908295 -0.0536506 -0.00718422
0.73 0.00905464 -0.0536506 -0.0067777
0.74 0.00898152 -0.0536506 -0.00639607
0.75 0.00885503 -0.0536506 -0.00601271
0.76 0.00867671 -0.0536506 -0.00560688
0.77 0.00846066 -0.0536506 -0.00517731
0.78 0.00823384 -0.0536506 -0.00473197
0.79 0.00802155 -0.0536506 -0.0042757
0.8 0.0078301 -0.0536507 -0.00380801
0.81 0.00765369 -0.0536508 -0.00333365
0.82 0.0074877 -0.0536509 -0.00287058
0.83 0.00732843 -0.0536509 -0.00243705
0.84 0.00717185 -0.053651 -0.00203437
0.85 0.00702391 -0.0536511 -0.0016521
0.86 0.00690079 -0.0536513 -0.00127722
0.87 0.00679623 -0.0536514 -0.00088899
0.88 0.00667894 -0.0536515 -0.000465657
0.89 0.00654455 -0.0536516 -6.58009e-006
0.9 0.0064335 -0.0536518 0.000463314
0.91 0.00638718 -0.0536519 0.000920678
0.92 0.00639809 -0.053652 0.00137669
0.93 0.00642227 -0.0536521 0.00187122
0.94 0.00643804 -0.0536521 0.0024245
0.95 0.00646142 -0.0536521 0.00299976
0.96 0.00651623 -0.0536522 0.00352899
0.97 0.00659954 -0.0536521 0.00397928
0.98 0.00667085 -0.0536521 0.00437277
0.99 0.00669945 -0.053652 0.00474094
1 0.00669765 -0.0536519 0.00508442
1.01 0.00667671 -0.0536519 0.00537403
1.02 0.00662759 -0.0536519 0.00558104
1.03 0.00656577 -0.0536518 0.00571556
1.04 0.00653624 -0.0536518 0.0058289
1.05 0.00655636 -0.0536517 0.00596437
1.06 0.00659346 -0.0536517 0.00612035
1.07 0.00661253 -0.0536517 0.00626342
1.08 0.00662583 -0.0536518 0.00635285
1.09 0.00666154 -0.0536518 0.00636495
1.1 0.0066939 -0.0536519 0.00631316
1.11 0.00667172 -0.053652 0.00623679
1.12 0.00660754 -0.0536522 0.0061665
1.13 0.00657256 -0.0536524 0.00609561
1.14 0.00660699 -0.0536526 0.00597544
1.15 0.00672354 -0.0536528 0.00574454
1.16 0.00695756 -0.053653 0.00537531
1.17 0.00732051 -0.0536531 0.00490849
1.18 0.00777934 -0.0536532 0.00443732
1.19 0.00828781 -0.0536533 0.0040346
1.2 0.00879703 -0.0536533 0.00370168
1.21 0.00926958 -0.0536533 0.00339122
1.22 0.00968492 -0.0536532 0.00305342
1.23 0.0100368 -0.0536531 0.00265619
1.24 0.0103443 -0.0536529 0.00218936
1.25 0.0106647 -0.0536528 0.00166165
1.26 0.0110664 -0.0536525 0.00108889
1.27 0.011582 -0.0536523 0.000491988
1.28 0.0122042 -0.053652 -0.000100934
1.29 0.0128895 -0.0536518 -0.000660151
1.3 0.0135737 -0.0536515 -0.00115732
1.31 0.0142307 -0.0536513 -0.00157623
1.32 0.01487 -0.0536511 -0.00193793
1.33 0.0154828 -0.053651 -0.00230691
1.34 0.0160793 -0.053651 -0.00275415
1.35 0.0167327 -0.0536511 -0.00329159
1.36 0.0174859 -0.0536513 -0.00384735
1.37 0.0182796 -0.0536516 -0.00433353
1.38 0.0190041 -0.0536518 -0.00472894
1.39 0.019586 -0.053652 -0.00509626
1.4 0.0200201 -0.0536521 -0.00552832
1.41 0.0203119 -0.0536522 -0.00603549
1.42 0.0204711 -0.0536523 -0.0065055
1.43 0.0205648 -0.0536523 -0.00682123
1.44 0.0206609 -0.0536523 -0.00697382
1.45 0.0207403 -0.0536523 -0.00705463
1.46 0.0207219 -0.0536523 -0.0071672
1.47 0.0205394 -0.0536522 -0.00731871
1.48 0.0201479 -0.0536522 -0.00739859
1.49 0.0194635 -0.0536522 -0.00728948
1.5 0.0184044 -0.0536522 -0.00696958
1.51 0.0170577 -0.0536523 -0.00649576
1.52 0.0157006 -0.0536525 -0.00592513
1.53 0.014558 -0.0536528 -0.00526064
1.54 0.0136319 -0.0536532 -0.00447127
1.55 0.01282 -0.0536535 -0.00355422
1.56 0.0120545 -0.0536539 -0.00254134
1.57 0.0112938 -0.0536542 -0.00147425
1.58 0.0104811 -0.0536545 -0.00041538
1.59 0.00954271 -0.0536549 0.000552127
1.6 0.00838957 -0.0536554 0.00137861
1.61 0.00696514 -0.0536559 0.00212437
1.62 0.00535287 -0.0536565 0.00292898
1.63 0.00382455 -0.0536571 0.00382294
1.64 0.002746 -0.0536575 0.00463871
1.65 0.00234572 -0.0536579 0.00518782
1.66 0.00256193 -0.0536582 0.00545757
1.67 0.00313085 -0.0536583 0.00559653
1.68 0.00378073 -0.0536582 0.00575316
1.69 0.00433058 -0.0536581 0.00594664
1.7 0.00467944 -0.0536579 0.00611142
1.71 0.00482752 -0.0536577 0.00622404
1.72 0.00490805 -0.0536575 0.00630755
1.73 0.00509462 -0.0536575 0.00635409
1.74 0.00548387 -0.0536574 0.00630734
1.75 0.00610646 -0.0536572 0.0060991
1.76 0.00696335 -0.0536567 0.00568265
1.77 0.007968 -0.0536562 0.00505639
1.78 0.00890213 -0.0536555 0.00429352
1.79 0.00956149 -0.0536548 0.00353761
1.8 0.00993079 -0.0536543 0.00290095
1.81 0.0101319 -0.0536538 0.00236345
1.82 0.0102879 -0.0536536 0.00182021
1.83 0.0104756 -0.0536536 0.00120341
1.84 0.0107411 -0.0536538 0.000537681
1.85 0.0110822 -0.053654 -8.37407e-005
1.86 0.0114015 -0.0536541 -0.000576411
1.87 0.011623 -0.0536544 -0.000941841
1.88 0.0119075 -0.0536547 -0.0012655
1.89 0.0125272 -0.0536551 -0.00164384
1.9 0.013448 -0.0536557 -0.00212366
1.91 0.0143013 -0.0536563 -0.0026948
1.92 0.0147705 -0.0536569 -0.00331429
1.93 0.0147577 -0.0536575 -0.00394991
1.94 0.0142648 -0.0536579 -0.00460919
1.95 0.0133299 -0.0536582 -0.00531111
1.96 0.0121014 -0.0536583 -0.00605619
1.97 0.0108578 -0.0536582 -0.00682978
1.98 0.00982982 -0.053658 -0.00761053
1.99 0.00904359 -0.0536578 -0.0083864
2 0.00835607 -0.0536576 -0.00914823
2.01 0.00758195 -0.0536574 -0.00985104
2.02 0.00660011 -0.0536573 -0.0103941
2.03 0.00533655 -0.0536575 -0.0106576
2.04 0.00371858 -0.0536579 -0.0105881
2.05 0.00179839 -0.0536586 -0.0102473
2.06 -0.000209875 -0.0536597 -0.00975926
2.07 -0.00218116 -0.053661 -0.00922333
2.08 -0.00421062 -0.0536624 -0.00868048
2.09 -0.00643752 -0.0536638 -0.00813991
2.1 -0.0088552 -0.0536654 -0.00763086
2.11 -0.0113367 -0.0536668 -0.00720321
2.12 -0.0138273 -0.0536682 -0.00687641
2.13 -0.0164055 -0.0536694 -0.0066303
2.14 -0.0191533 -0.0536708 -0.00642615
2.15 -0.0220302 -0.0536722 -0.00621858
2.16 -0.0248369 -0.0536735 -0.00598592
2.17 -0.0273597 -0.0536748 -0.00577311
2.18 -0.0296097 -0.053676 -0.00570242
2.19 -0.0317592 -0.0536774 -0.005898
2.2 -0.0338178 -0.0536788 -0.00638018
2.21 -0.0356148 -0.0536801 -0.00706042
2.22 -0.037055 -0.0536813 -0.00781881
2.23 -0.0382026 -0.0536825 -0.008573
2.24 -0.03915 -0.0536835 -0.00931276
2.25 -0.0399175 -0.0536845 -0.010089
2.26 -0.0405186 -0.0536853 -0.0109735
2.27 -0.040958 -0.053686 -0.0120212
2.28 -0.0411218 -0.0536864 -0.0132324
2.29 -0.0408613 -0.0536865 -0.014553
2.3 -0.040162 -0.0536863 -0.0159172
2.31 -0.0390966 -0.053686 -0.0172624
2.32 -0.0377202 -0.0536855 -0.0185114
2.33 -0.0360947 -0.053685 -0.0195868
2.34 -0.0343273 -0.0536845 -0.0204568
2.35 -0.0325369 -0.0536839 -0.0211449
2.36 -0.0307982 -0.0536834 -0.0216944
2.37 -0.0291647 -0.0536829 -0.0221364
2.38 -0.027656 -0.0536826 -0.0224764
2.39 -0.0261267 -0.0536822 -0.0226897
2.4 -0.0243424 -0.0536818 -0.0227036
2.41 -0.0221907 -0.0536812 -0.0223848
2.42 -0.0196603 -0.0536805 -0.0216078
2.43 -0.0168198 -0.0536797 -0.0203892
2.44 -0.0139157 -0.0536787 -0.0189231
2.45 -0.0112443 -0.0536776 -0.0174335
2.46 -0.00888405 -0.0536765 -0.0160119
2.47 -0.00670183 -0.0536754 -0.014615
2.48 -0.00456599 -0.0536744 -0.0131664
2.49 -0.00245995 -0.0536734 -0.0116258
2.5 -0.000468729 -0.0536725 -0.00998373
2.51 0.00130951 -0.0536716 -0.00824894
2.52 0.00283633 -0.0536707 -0.00647085
2.53 0.00411621 -0.0536697 -0.00472311
2.54 0.00520297 -0.0536688 -0.00305278
2.55 0.00621012 -0.0536678 -0.00146996
2.56 0.00724548 -0.0536669 3.39276e-005
2.57 0.00835394 -0.0536661 0.00145688
2.58 0.00950867 -0.0536655 0.00277404
2.59 0.0106198 -0.0536649 0.00397937
2.6 0.0115769 -0.0536645 0.00511328
2.61 0.0123272 -0.0536642 0.00620518
2.62 0.0129101 -0.0536639 0.0072125
2.63 0.0134177 -0.0536638 0.00806861
2.64 0.0138587 -0.0536638 0.00878646
2.65 0.0140442 -0.0536641 0.00947391
2.66 0.0137556 -0.0536646 0.0102293
2.67 0.0129906 -0.0536652 0.0110209
2.68 0.0119644 -0.0536659 0.0116919
2.69 0.0109207 -0.0536665 0.012111
2.7 0.00993071 -0.0536671 0.012298
2.71 0.0089102 -0.0536675 0.0124182
2.72 0.00783828 -0.0536679 0.0126831
2.73 0.00687391 -0.0536682 0.0132011
2.74 0.00618657 -0.0536686 0.0138644
2.75 0.00573027 -0.053669 0.0144251
2.76 0.00532603 -0.0536693 0.0147262
2.77 0.00485085 -0.0536696 0.0147751
2.78 0.0042562 -0.05367 0.01457
2.79 0.00358955 -0.0536705 0.0140067
2.8 0.00303304 -0.053671 0.0130326
2.81 0.00271346 -0.0536716 0.0117752
2.82 0.00254328 -0.0536721 0.0104584
2.83 0.00235445 -0.0536724 0.0092425
2.84 0.00205303 -0.0536726 0.00813287
2.85 0.00167198 -0.0536726 0.00703063
2.86 0.00129373 -0.0536726 0.00582088
2.87 0.000950927 -0.0536724 0.00437831
2.88 0.000695124 -0.0536723 0.00261802
2.89 0.000639058 -0.0536721 0.000599766
2.9 0.000833405 -0.0536721 -0.00149998
2.91 0.00121567 -0.0536721 -0.003545
2.92 0.00169506 -0.0536722 -0.00552809
2.93 0.00218322 -0.0536724 -0.00749203
2.94 0.0025955 -0.0536727 -0.00941607
2.95 0.00288916 -0.0536732 -0.0112328
2.96 0.00305585 -0.0536738 -0.0129055
2.97 0.00305096 -0.0536744 -0.0144051
2.98 0.00278505 -0.0536752 -0.015644
2.99 0.00224043 -0.053676 -0.0165037
3 0.00157559 -0.0536766 -0.0169134
3.01 0.00105082 -0.0536769 -0.016878
3.02 0.000850424 -0.0536771 -0.0164352
3.03 0.00100426 -0.053677 -0.0155971
3.04 0.00138184 -0.0536767 -0.0143589
3.05 0.00172591 -0.0536764 -0.0127906
3.06 0.00179727 -0.053676 -0.0110462
3.07 0.00155859 -0.0536756 -0.00921061
3.08 0.0011852 -0.0536753 -0.00723667
3.09 0.000830554 -0.0536751 -0.00506459
3.1 0.000466826 -0.053675 -0.00271411
3.11 5.67005e-005 -0.0536748 -0.000307744
3.12 -0.000206564 -0.0536746 0.00198519
3.13 3.14033e-005 -0.0536742 0.00406759
3.14 0.000919073 -0.0536736 0.00592478
3.15 0.00219837 -0.0536728 0.00756531
3.16 0.00341656 -0.0536719 0.009012
3.17 0.0041719 -0.0536711 0.0102884
3.18 0.00425852 -0.0536703 0.0114076
3.19 0.00382743 -0.0536696 0.0124025
3.2 0.00329231 -0.053669 0.0133383
3.21 0.00293421 -0.0536686 0.0142949
3.22 0.00268532 -0.0536683 0.0153372
3.23 0.00230174 -0.0536682 0.0164616
3.24 0.00159906 -0.0536683 0.0175807
3.25 0.000493135 -0.0536687 0.0185662
3.26 -0.00100848 -0.0536693 0.0192528
3.27 -0.00273227 -0.0536702 0.019458
3.28 -0.00439579 -0.0536712 0.0190917
3.29 -0.00583909 -0.0536723 0.018249
3.3 -0.0071125 -0.0536736 0.0171966
3.31 -0.00832032 -0.053675 0.0162707
3.32 -0.00944562 -0.0536762 0.015746
3.33 -0.0104251 -0.0536773 0.0157346
3.34 -0.0113893 -0.0536782 0.0161622
3.35 -0.0125995 -0.053679 0.0168173
3.36 -0.0141078 -0.0536798 0.0174066
3.37 -0.0156648 -0.0536807 0.0176224
3.38 -0.0168944 -0.0536815 0.0172684
3.39 -0.0174825 -0.0536824 0.0163675
3.4 -0.0173771 -0.0536833 0.0151368
3.41 -0.0168739 -0.0536838 0.0138597
3.42 -0.0163812 -0.053684 0.0127653
3.43 -0.0160817 -0.0536838 0.0119543
3.44 -0.0158802 -0.0536831 0.0113922
3.45 -0.0155982 -0.0536823 0.0109694
3.46 -0.015148 -0.0536814 0.0105451
3.47 -0.01456 -0.0536805 0.00997025
3.48 -0.0139002 -0.0536797 0.0091517
3.49 -0.0132054 -0.0536789 0.00810662
3.5 -0.0125599 -0.0536782 0.00695233
3.51 -0.0121467 -0.0536774 0.00585188
3.52 -0.0120301 -0.0536768 0.00493101
3.53 -0.0120196 -0.0536762 0.00420961
3.54 -0.0119049 -0.0536758 0.00361668
3.55 -0.011718 -0.0536757 0.00305295
3.56 -0.0117518 -0.0536759 0.00244063
3.57 -0.0123217 -0.0536764 0.00175621
3.58 -0.0134984 -0.0536773 0.00104295
3.59 -0.0150583 -0.0536783 0.000409245
3.6 -0.0165868 -0.0536794 -2.77119e-005
3.61 -0.0176839 -0.0536805 -0.000248726
3.62 -0.0182334 -0.0536816 -0.000373514
3.63 -0.0184795 -0.0536827 -0.000589557
3.64 -0.0187651 -0.0536838 -0.00102176
3.65 -0.0192282 -0.0536848 -0.00165656
3.66 -0.0197876 -0.0536857 -0.00239246
3.67 -0.0203367 -0.0536866 -0.0030933
3.68 -0.0208283 -0.0536874 -0.00361097
3.69 -0.02121 -0.053688 -0.00390976
3.7 -0.0214171 -0.0536884 -0.00416148
3.71 -0.0214131 -0.0536886 -0.0046358
3.72 -0.0211352 -0.0536885 -0.00554996
3.73 -0.0204828 -0.053688 -0.00698031
3.74 -0.0194344 -0.0536873 -0.00879973
3.75 -0.0180777 -0.0536863 -0.0107757
3.76 -0.0165303 -0.0536852 -0.0127589
3.77 -0.0148689 -0.053684 -0.0146967
3.78 -0.013127 -0.053683 -0.0165592
3.79 -0.0113454 -0.053682 -0.0183563
3.8 -0.00956241 -0.0536812 -0.0201569
3.81 -0.00778968 -0.0536806 -0.0220059
3.82 -0.00606423 -0.0536801 -0.0238126
3.83 -0.00443786 -0.0536797 -0.0253615
3.84 -0.00290194 -0.0536794 -0.0265499
3.85 -0.00144536 -0.0536793 -0.027591
3.86 -0.000119914 -0.0536796 -0.0287789
3.87 0.000998954 -0.0536801 -0.030143
3.88 0.00185907 -0.0536808 -0.0315017
3.89 0.00244372 -0.0536816 -0.0327165
3.9 0.00272525 -0.0536824 -0.033793
3.91 0.00258334 -0.0536831 -0.0347756
3.92 0.00181657 -0.0536839 -0.0355903
3.93 0.000361869 -0.0536847 -0.0360588
3.94 -0.00153507 -0.0536854 -0.03604
3.95 -0.0034985 -0.053686 -0.0354595
3.96 -0.00527025 -0.0536867 -0.0342722
3.97 -0.00672648 -0.0536873 -0.0325169
3.98 -0.00778495 -0.0536878 -0.0303233
3.99 -0.00838635 -0.0536883 -0.0278054
4 -0.00865195 -0.0536887 -0.0249958
4.01 -0.00897019 -0.053689 -0.0218601
4.02 -0.00969423 -0.0536892 -0.0183921
4.03 -0.0108774 -0.0536894 -0.0147304
4.04 -0.0124383 -0.0536896 -0.0111016
4.05 -0.0142902 -0.0536897 -0.00768025
4.06 -0.0161772 -0.0536897 -0.0045415
4.07 -0.0177105 -0.0536894 -0.00164823
4.08 -0.0187184 -0.0536888 0.00115573
4.09 -0.0193382 -0.0536877 0.00411567
4.1 -0.0197714 -0.0536863 0.0074657
4.11 -0.0201712 -0.0536847 0.0112962
4.12 -0.020625 -0.0536832 0.0154985
4.13 -0.0210546 -0.053682 0.0198186
4.14 -0.0213362 -0.0536815 0.0239626
4.15 -0.0215276 -0.0536816 0.0276701
4.16 -0.021801 -0.0536825 0.0307544
4.17 -0.0222769 -0.0536836 0.0331294
4.18 -0.0229476 -0.0536849 0.0348421
4.19 -0.0236571 -0.0536863 0.0361046
4.2 -0.0242197 -0.0536875 0.0372331
4.21 -0.0245142 -0.0536885 0.0384661
4.22 -0.0244158 -0.0536892 0.0398315
4.23 -0.0238538 -0.0536898 0.0412012
4.24 -0.0229039 -0.0536904 0.042425
4.25 -0.0215763 -0.0536908 0.0434099
4.26 -0.0197356 -0.0536912 0.0441295
4.27 -0.0173428 -0.0536916 0.0445888
4.28 -0.0144812 -0.053692 0.0448088
4.29 -0.0112388 -0.0536921 0.0448495
4.3 -0.00783047 -0.0536921 0.0447765
4.31 -0.00461084 -0.0536919 0.044571
4.32 -0.0017685 -0.0536915 0.0441253
4.33 0.000818881 -0.0536909 0.0433413
4.34 0.00341737 -0.0536901 0.0422383
4.35 0.00629483 -0.0536891 0.0409728
4.36 0.00966572 -0.0536876 0.039707
4.37 0.0135905 -0.0536858 0.038457
4.38 0.0179213 -0.0536836 0.0371319
4.39 0.0223097 -0.0536811 0.0357007
4.4 0.0263262 -0.0536785 0.0342568
4.41 0.0297365 -0.053676 0.032915
4.42 0.0326075 -0.0536739 0.0316906
4.43 0.0351869 -0.0536723 0.0305006
4.44 0.0378098 -0.0536714 0.0292689
4.45 0.0407156 -0.0536711 0.0280057
4.46 0.0437669 -0.0536714 0.0267568
4.47 0.0465195 -0.053672 0.0254914
4.48 0.0486206 -0.0536728 0.0241318
4.49 0.0499832 -0.0536737 0.0227053
4.5 0.0506689 -0.0536748 0.0213704
4.51 0.0508831 -0.0536761 0.0202727
4.52 0.0510174 -0.0536775 0.0194396
4.53 0.0513919 -0.0536789 0.0188447
4.54 0.0520477 -0.0536806 0.0185205
4.55 0.0528982 -0.0536821 0.0185142
4.56 0.0538002 -0.0536834 0.0187474
4.57 0.0545175 -0.0536841 0.019023
4.58 0.054895 -0.0536843 0.0191693
4.59 0.0550547 -0.0536842 0.0191077
4.6 0.0553163 -0.0536842 0.0188146
4.61 0.0558578 -0.0536844 0.018307
4.62 0.0564951 -0.0536848 0.01768
4.63 0.05696 -0.0536849 0.0170737
4.64 0.0573456 -0.0536849 0.0165493
4.65 0.058051 -0.0536846 0.015999
4.66 0.0593117 -0.0536839 0.0151666
4.67 0.0609838 -0.053683 0.0138006
4.68 0.0627438 -0.053682 0.0118287
4.69 0.0643724 -0.0536809 0.00936594
4.7 0.0658996 -0.05368 0.00658746
4.71 0.0675367 -0.0536794 0.00364261
4.72 0.0693788 -0.0536791 0.000621258
4.73 0.0712342 -0.0536792 -0.00250911
4.74 0.0728542 -0.0536796 -0.00587851
4.75 0.0741607 -0.0536804 -0.00958252
4.76 0.0752557 -0.0536814 -0.0136316
4.77 0.076403 -0.0536828 -0.0179796
4.78 0.0778237 -0.0536849 -0.022543
4.79 0.0793885 -0.0536875 -0.0272174
4.8 0.0807456 -0.0536904 -0.0318758
4.81 0.081663 -0.0536933 -0.0363982
4.82 0.0820627 -0.0536961 -0.0407493
4.83 0.082023 -0.0536986 -0.0449164
4.84 0.0819353 -0.0537008 -0.0487328
4.85 0.082287 -0.0537027 -0.0519491
4.86 0.0829924 -0.0537043 -0.0545129
4.87 0.0833183 -0.0537054 -0.0566381
4.88 0.0827013 -0.053706 -0.0586061
4.89 0.0812459 -0.0537065 -0.0605124
4.9 0.0793906 -0.0537072 -0.0621877
4.91 0.0774155 -0.0537077 -0.0634172
4.92 0.0753828 -0.0537084 -0.0642221
4.93 0.0733495 -0.0537091 -0.0648536
4.94 0.0713074 -0.05371 -0.0655426
4.95 0.0689821 -0.053711 -0.0663324
4.96 0.0660418 -0.0537119 -0.0670783
4.97 0.0624664 -0.0537129 -0.0675121
4.98 0.0584197 -0.0537138 -0.0673866
4.99 0.0538647 -0.0537146 -0.0666914
5 0.0486914 -0.0537155 -0.0657482
5.01 0.043103 -0.0537168 -0.0649907
5.02 0.037459 -0.0537184 -0.0645984
5.03 0.0319002 -0.0537203 -0.0644004
5.04 0.026387 -0.0537223 -0.064126
5.05 0.0207995 -0.0537244 -0.0636619
5.06 0.0147968 -0.0537268 -0.0630825
5.07 0.00799477 -0.0537295 -0.0625689
5.08 0.000440702 -0.0537328 -0.0623019
5.09 -0.00741564 -0.0537365 -0.0623745
5.1 -0.0151621 -0.0537406 -0.0627976
5.11 -0.0224907 -0.0537447 -0.0635204
5.12 -0.0290123 -0.0537486 -0.0644498
5.13 -0.0345081 -0.0537521 -0.0655113
5.14 -0.0393309 -0.0537553 -0.0666394
5.15 -0.0441285 -0.0537581 -0.0677056
5.16 -0.0491991 -0.0537607 -0.0686052
5.17 -0.0544526 -0.0537632 -0.0694181
5.18 -0.0597387 -0.0537658 -0.0703773
5.19 -0.0648205 -0.0537683 -0.0717338
5.2 -0.069163 -0.0537708 -0.0736312
5.21 -0.0721319 -0.053773 -0.0759454
5.22 -0.0735322 -0.0537745 -0.0781923
5.23 -0.0736566 -0.0537752 -0.0796878
5.24 -0.0729239 -0.0537751 -0.0798961
5.25 -0.0717628 -0.0537745 -0.0786485
5.26 -0.0705169 -0.0537735 -0.0760894
5.27 -0.0692393 -0.0537725 -0.072492
5.28 -0.0678142 -0.0537715 -0.0681274
5.29 -0.0662236 -0.0537705 -0.063232
5.3 -0.0643911 -0.0537693 -0.0580021
5.31 -0.0620038 -0.0537679 -0.0525373
5.32 -0.0588217 -0.0537661 -0.0467453
5.33 -0.0549037 -0.0537639 -0.0403205
5.34 -0.0504292 -0.053761 -0.032861
5.35 -0.0454429 -0.0537576 -0.0240272
5.36 -0.0398275 -0.0537539 -0.0136454
5.37 -0.0336842 -0.05375 -0.00185949
5.38 -0.0275791 -0.0537461 0.0107844
5.39 -0.0220341 -0.0537424 0.0236386
5.4 -0.0169333 -0.0537389 0.0363605
5.41 -0.011698 -0.053736 0.0488928
5.42 -0.00585292 -0.0537342 0.0611429
5.43 0.00057476 -0.0537331 0.0728094
5.44 0.00710209 -0.0537322 0.0835642
5.45 0.0133401 -0.0537312 0.0933731
5.46 0.0193787 -0.0537299 0.102477
5.47 0.0255616 -0.0537284 0.111069
5.48 0.0321604 -0.0537268 0.119136
5.49 0.0393011 -0.0537254 0.126543
5.5 0.0468108 -0.0537242 0.133092
5.51 0.0541585 -0.0537231 0.138527
5.52 0.0609397 -0.053722 0.142573
5.53 0.0671784 -0.0537206 0.145043
5.54 0.0729505 -0.0537189 0.145908
5.55 0.0781701 -0.0537173 0.145202
5.56 0.0827196 -0.053716 0.142888
5.57 0.086444 -0.0537155 0.138961
5.58 0.0891477 -0.0537156 0.133694
5.59 0.0907043 -0.0537162 0.12763
5.6 0.0910461 -0.0537169 0.121249
5.61 0.0900914 -0.0537178 0.11472
5.62 0.0878955 -0.0537189 0.10797
5.63 0.0848849 -0.0537203 0.100903
5.64 0.0816949 -0.053722 0.0934649
5.65 0.0786537 -0.0537243 0.0855701
5.66 0.0754934 -0.0537271 0.0771161
5.67 0.0715822 -0.0537306 0.0681151
5.68 0.0664963 -0.0537348 0.0587719
5.69 0.0603971 -0.0537395 0.0493708
5.7 0.0538615 -0.0537446 0.0400954
5.71 0.0474115 -0.05375 0.0309911
5.72 0.0412998 -0.0537556 0.0220752
5.73 0.0357481 -0.0537611 0.0134516
5.74 0.0312384 -0.0537663 0.00529084
5.75 0.0284617 -0.0537708 -0.00231958
5.76 0.02792 -0.0537745 -0.00947953
5.77 0.0296263 -0.0537773 -0.0164133
5.78 0.0331489 -0.0537794 -0.0233438
5.79 0.0376931 -0.0537808 -0.03046
5.8 0.0421671 -0.0537815 -0.0379066
5.81 0.0456368 -0.0537815 -0.045743
5.82 0.0481916 -0.0537809 -0.0539485
5.83 0.0511614 -0.0537799 -0.0624514
5.84 0.0559607 -0.0537788 -0.0710837
5.85 0.0628248 -0.0537778 -0.0794769
5.86 0.0709047 -0.0537764 -0.0871053
5.87 0.0791905 -0.0537739 -0.0935759
5.88 0.0869906 -0.0537707 -0.0988728
5.89 0.0940176 -0.0537674 -0.10326
5.9 0.100358 -0.0537642 -0.106986
5.91 0.106149 -0.0537612 -0.110134
5.92 0.111461 -0.0537589 -0.112644
5.93 0.116458 -0.0537573 -0.114309
5.94 0.121252 -0.0537565 -0.114737
5.95 0.125591 -0.0537563 -0.113484
5.96 0.128828 -0.0537562 -0.11035
5.97 0.130284 -0.0537562 -0.105474
5.98 0.129651 -0.0537567 -0.0991803
5.99 0.126865 -0.0537579 -0.0918349
6 0.121576 -0.0537597 -0.0838098
6.01 0.11302 -0.0537623 -0.0754437
6.02 0.10056 -0.0537655 -0.0668777
6.03 0.0840689 -0.0537692 -0.0578661
6.04 0.0638415 -0.0537731 -0.0479194
6.05 0.0405558 -0.053777 -0.0367949
6.06 0.0151317 -0.053781 -0.024794
6.07 -0.0114976 -0.0537856 -0.0126002
6.08 -0.0384916 -0.0537931 -0.000974034
6.09 -0.0653647 -0.0538029 0.00942754
6.1 -0.0921146 -0.0538139 0.0181721
6.11 -0.118757 -0.0538267 0.0251673
6.12 -0.144939 -0.0538413 0.0306823
6.13 -0.170057 -0.0538572 0.035199
6.14 -0.193187 -0.0538731 0.0391914
6.15 -0.212958 -0.0538886 0.0430284
6.16 -0.228001 -0.0539029 0.0469494
6.17 -0.237468 -0.0539162 0.0509975
6.18 -0.241098 -0.0539282 0.0550605
6.19 -0.239271 -0.0539381 0.0591087
6.2 -0.232997 -0.0539454 0.0634239
6.21 -0.223224 -0.0539501 0.0685295
6.22 -0.210001 -0.0539524 0.0748512
6.23 -0.192487 -0.053952 0.0824513
6.24 -0.169899 -0.0539493 0.0911017
6.25 -0.142516 -0.053945 0.100622
6.26 -0.112028 -0.0539381 0.111095
6.27 -0.0810898 -0.0539269 0.122752
6.28 -0.0520863 -0.0539112 0.135751
6.29 -0.0258 -0.0538922 0.150115
6.3 -0.00110732 -0.0538711 0.165786
6.31 0.023518 -0.0538489 0.182579
6.32 0.0480904 -0.0538266 0.200008
6.33 0.0708302 -0.0538051 0.217124
6.34 0.0891343 -0.0537869 0.232673
6.35 0.10081 -0.0537731 0.245535
6.36 0.105126 -0.0537631 0.255049
6.37 0.103474 -0.053757 0.260953
6.38 0.0988677 -0.0537543 0.263175
6.39 0.0936306 -0.0537547 0.261692
6.4 0.087598 -0.0537595 0.256482
6.41 0.0793412 -0.0537691 0.247598
6.42 0.0682588 -0.053783 0.235346
6.43 0.054692 -0.0538008 0.220414
6.44 0.0393343 -0.0538221 0.203736
6.45 0.0233235 -0.0538465 0.186127
6.46 0.00818425 -0.0538733 0.168042
6.47 -0.00498483 -0.0539017 0.149656
6.48 -0.0161257 -0.0539305 0.131049
6.49 -0.0257345 -0.0539589 0.112385
6.5 -0.0340032 -0.0539865 0.0940087
6.51 -0.040665 -0.054013 0.0763081
6.52 -0.0455548 -0.0540365 0.0595885
6.53 -0.0492606 -0.0540529 0.0441499
6.54 -0.0529665 -0.0540602 0.0302777
6.55 -0.0572563 -0.0540607 0.018121
6.56 -0.0613883 -0.0540553 0.00768646
6.57 -0.0638428 -0.0540446 -0.00110666
6.58 -0.0631645 -0.0540297 -0.00839197
6.59 -0.0586627 -0.054011 -0.014302
6.6 -0.0508947 -0.0539898 -0.0190067
6.61 -0.0413747 -0.0539672 -0.0229007
6.62 -0.031758 -0.0539448 -0.0267278
6.63 -0.0233451 -0.0539242 -0.0315141
6.64 -0.0168957 -0.0539128 -0.038304
6.65 -0.0126184 -0.0539122 -0.0478101
6.66 -0.0104898 -0.0539174 -0.0602656
6.67 -0.0104258 -0.0539267 -0.0755109
6.68 -0.01201 -0.0539381 -0.0931618
6.69 -0.0142978 -0.0539516 -0.11274
6.7 -0.0161544 -0.0539651 -0.133609
6.71 -0.0169522 -0.053979 -0.15487
6.72 -0.0169422 -0.0539954 -0.175573
6.73 -0.0166902 -0.0540139 -0.195181
6.74 -0.0162021 -0.0540356 -0.213869
6.75 -0.0149439 -0.0540602 -0.232383
6.76 -0.012187 -0.0540871 -0.251466
6.77 -0.00697981 -0.0541177 -0.271212
6.78 0.00160725 -0.0541496 -0.290967
6.79 0.0139213 -0.0541794 -0.30973
6.8 0.029483 -0.0542057 -0.326569
6.81 0.0474171 -0.0542265 -0.340806
6.82 0.0670644 -0.0542391 -0.352049
6.83 0.0878959 -0.0542431 -0.360194
6.84 0.10904 -0.0542396 -0.3654
6.85 0.12948 -0.0542293 -0.367983
6.86 0.148878 -0.0542128 -0.368271
6.87 0.16767 -0.0541915 -0.366467
6.88 0.1861 -0.0541666 -0.362656
6.89 0.203456 -0.0541388 -0.356884
6.9 0.218335 -0.0541102 -0.349225
6.91 0.229647 -0.0540833 -0.339924
6.92 0.237089 -0.0540601 -0.329653
6.93 0.240281 -0.0540426 -0.319557
6.94 0.23789 -0.0540319 -0.310831
6.95 0.228127 -0.0540279 -0.304102
6.96 0.210114 -0.0540306 -0.299259
6.97 0.184517 -0.0540401 -0.295834
6.98 0.152947 -0.054056 -0.293494
6.99 0.117033 -0.0540776 -0.292179
7 0.0783179 -0.0541041 -0.291845
7.01 0.0389385 -0.0541348 -0.292244
7.02 0.00144958 -0.0541691 -0.29303
7.03 -0.0325745 -0.0542056 -0.29382
7.04 -0.0635276 -0.0542436 -0.293947
7.05 -0.0935493 -0.0542821 -0.292239
7.06 -0.124823 -0.0543203 -0.287203
7.07 -0.157616 -0.054357 -0.277502
7.08 -0.190322 -0.0543912 -0.262298
7.09 -0.220889 -0.0544211 -0.241289
7.1 -0.247859 -0.054445 -0.214659
7.11 -0.270418 -0.0544611 -0.183088
7.12 -0.288014 -0.0544678 -0.147671
7.13 -0.300474 -0.0544646 -0.109578
7.14 -0.308293 -0.0544516 -0.0697109
7.15 -0.312404 -0.0544303 -0.0286446
7.16 -0.3137 -0.0544021 0.0132015
7.17 -0.312806 -0.0543705 0.0555009
7.18 -0.310039 -0.0543429 0.0980269
7.19 -0.305378 -0.0543156 0.140477
7.2 -0.298695 -0.0542881 0.182257
7.21 -0.289946 -0.0542649 0.222496
7.22 -0.278919 -0.0542429 0.260239
7.23 -0.265299 -0.0542248 0.294632
7.24 -0.249272 -0.054212 0.32502
7.25 -0.231856 -0.0542014 0.350996
7.26 -0.214521 -0.0541956 0.372387
7.27 -0.198389 -0.0541979 0.389175
7.28 -0.183837 -0.0542073 0.40137
7.29 -0.170727 -0.0542222 0.408903
7.3 -0.158507 -0.0542416 0.41175
7.31 -0.1459 -0.054264 0.410165
7.32 -0.131336 -0.0542889 0.404731
7.33 -0.114587 -0.0543161 0.39622
7.34 -0.0976741 -0.0543448 0.385415
7.35 -0.0834915 -0.0543725 0.37299
7.36 -0.0734797 -0.0543951 0.359455
7.37 -0.0667305 -0.0544122 0.345142
7.38 -0.0613034 -0.054423 0.330291
7.39 -0.0561029 -0.0544269 0.3152
7.4 -0.0509797 -0.0544253 0.300181
7.41 -0.0455921 -0.0544198 0.285444
7.42 -0.0389075 -0.05441 0.271116
7.43 -0.0299964 -0.0543959 0.257323
7.44 -0.0195274 -0.0543786 0.244114
7.45 -0.00988415 -0.0543591 0.231334
7.46 -0.00351267 -0.0543393 0.218657
7.47 -0.00124124 -0.0543206 0.205751
7.48 -0.00187715 -0.054304 0.192384
7.49 -0.00318253 -0.0542904 0.178257
7.5 -0.0033535 -0.0542803 0.162656
7.51 -0.00167578 -0.0542741 0.144448
7.52 0.0020742 -0.0542721 0.122549
7.53 0.00806502 -0.0542746 0.0964342
7.54 0.0161381 -0.0542819 0.0661667
7.55 0.0254458 -0.0542941 0.0320557
7.56 0.0341452 -0.0543113 -0.00559846
7.57 0.0399919 -0.0543331 -0.0464493
7.58 0.0423575 -0.0543586 -0.0898652
7.59 0.0435063 -0.0543863 -0.134831
7.6 0.0470843 -0.0544137 -0.180191
7.61 0.0554137 -0.0544369 -0.22493
7.62 0.0682665 -0.0544569 -0.26818
7.63 0.083826 -0.0544732 -0.309036
7.64 0.100553 -0.0544843 -0.346407
7.65 0.118066 -0.0544917 -0.37914
7.66 0.137046 -0.0544965 -0.406302
7.67 0.158596 -0.0544989 -0.427345
7.68 0.182925 -0.0544957 -0.442093
7.69 0.208813 -0.0544875 -0.45061
7.7 0.234841 -0.054474 -0.453059
7.71 0.260772 -0.0544546 -0.449591
7.72 0.287212 -0.0544308 -0.440339
7.73 0.314195 -0.0544035 -0.425532
7.74 0.340795 -0.0543745 -0.405653
7.75 0.366085 -0.0543449 -0.381464
7.76 0.389817 -0.0543158 -0.353927
7.77 0.412018 -0.0542891 -0.324152
7.78 0.432149 -0.0542653 -0.2935
7.79 0.448792 -0.0542442 -0.263588
7.8 0.460316 -0.0542268 -0.235943
7.81 0.465899 -0.0542137 -0.211686
7.82 0.466224 -0.0542051 -0.191528
7.83 0.46354 -0.0542015 -0.175856
7.84 0.4605 -0.0542032 -0.164757
7.85 0.458613 -0.0542109 -0.157995
7.86 0.457993 -0.0542247 -0.154985
7.87 0.458124 -0.0542444 -0.154945
7.88 0.458126 -0.0542691 -0.157171
7.89 0.456668 -0.0542959 -0.161042
7.9 0.452158 -0.0543228 -0.165803
7.91 0.443193 -0.0543485 -0.170491
7.92 0.429354 -0.0543727 -0.174081
7.93 0.411716 -0.0543944 -0.17572
7.94 0.392445 -0.0544122 -0.174868
7.95 0.37352 -0.0544261 -0.171268
7.96 0.355637 -0.0544347 -0.164803
7.97 0.338272 -0.0544376 -0.155365
7.98 0.320285 -0.0544353 -0.1428
7.99 0.300712 -0.0544283 -0.126841
8 0.279317 -0.0544176 -0.107091
8.01 0.256084 -0.0544051 -0.0832041
8.02 0.23024 -0.0543923 -0.0550877
8.03 0.200452 -0.0543806 -0.0230297
8.04 0.166322 -0.0543709 0.0121864
8.05 0.129179 -0.0543638 0.0493098
8.06 0.0908418 -0.0543594 0.0868576
8.07 0.0518441 -0.0543578 0.123361
8.08 0.0114128 -0.0543593 0.15758
8.09 -0.0309757 -0.054364 0.188726
8.1 -0.0746766 -0.0543716 0.216501
8.11 -0.118486 -0.0543807 0.240813
8.12 -0.161317 -0.0543939 0.261463
8.13 -0.202219 -0.054412 0.278159
8.14 -0.240388 -0.0544346 0.290803
8.15 -0.275325 -0.0544609 0.299811
8.16 -0.306881 -0.0544884 0.306072
8.17 -0.33514 -0.0545155 0.310491
8.18 -0.360198 -0.0545402 0.313548
8.19 -0.381998 -0.0545655 0.315286
8.2 -0.400553 -0.0545934 0.315625
8.21 -0.416144 -0.0546196 0.314678
8.22 -0.429188 -0.0546416 0.312898
8.23 -0.440188 -0.0546577 0.311146
8.24 -0.44967 -0.0546677 0.310622
8.25 -0.457916 -0.0546726 0.312655
8.26 -0.464875 -0.0546719 0.318374
8.27 -0.470569 -0.0546658 0.328416
8.28 -0.475393 -0.0546541 0.342831
8.29 -0.479819 -0.0546391 0.361135
8.3 -0.484284 -0.0546227 0.382442
8.31 -0.489596 -0.0546052 0.40564
8.32 -0.49696 -0.054585 0.429572
8.33 -0.507314 -0.0545635 0.453124
8.34 -0.520937 -0.054546 0.475184
8.35 -0.537767 -0.0545312 0.494605
8.36 -0.557789 -0.0545183 0.510289
8.37 -0.581168 -0.0545135 0.521371
8.38 -0.608019 -0.0545186 0.527446
8.39 -0.637935 -0.0545296 0.52864
8.4 -0.670013 -0.0545436 0.525415
8.41 -0.703486 -0.054561 0.518317
8.42 -0.738013 -0.0545848 0.507848
8.43 -0.773378 -0.0546152 0.494384
8.44 -0.809284 -0.0546491 0.4782
8.45 -0.845428 -0.0546852 0.459578
8.46 -0.881482 -0.0547233 0.438813
8.47 -0.916892 -0.0547617 0.416147
8.48 -0.950889 -0.0547999 0.391778
8.49 -0.982961 -0.0548372 0.365853
8.5 -1.01311 -0.0548711 0.338486
8.51 -1.04121 -0.0549 0.309966
8.52 -1.06619 -0.0549237 0.280909
8.53 -1.08613 -0.0549425 0.252176
8.54 -1.09925 -0.0549562 0.224732
8.55 -1.10475 -0.0549645 0.199441
8.56 -1.103 -0.0549666 0.176844
8.57 -1.0952 -0.0549624 0.157076
8.58 -1.08252 -0.0549529 0.139882
8.59 -1.06557 -0.05494 0.12465
8.6 -1.04497 -0.0549246 0.110565
8.61 -1.02208 -0.0549075 0.0968269
8.62 -0.998841 -0.0548901 0.0827889
8.63 -0.976799 -0.0548729 0.0680524
8.64 -0.956953 -0.0548566 0.0525607
8.65 -0.940028 -0.0548417 0.0365245
8.66 -0.926479 -0.0548275 0.0202177
8.67 -0.916211 -0.0548117 0.0038495
8.68 -0.908489 -0.0547979 -0.0124448
8.69 -0.902364 -0.0547897 -0.0285615
8.7 -0.897339 -0.0547874 -0.0444649
8.71 -0.893455 -0.0547931 -0.0603176
8.72 -0.890475 -0.0548059 -0.0764899
8.73 -0.887244 -0.0548266 -0.0933427
8.74 -0.88231 -0.0548557 -0.110929
8.75 -0.875034 -0.0548924 -0.128877
8.76 -0.865803 -0.0549344 -0.146603
8.77 -0.855197 -0.0549789 -0.163638
8.78 -0.842712 -0.0550244 -0.17988
8.79 -0.826328 -0.05507 -0.195657
8.8 -0.803296 -0.0551153 -0.211535
8.81 -0.771023 -0.0551586 -0.227982
8.82 -0.727701 -0.0551943 -0.245181
8.83 -0.672917 -0.0552086 -0.263036
8.84 -0.608084 -0.0552049 -0.281287
8.85 -0.536179 -0.0551936 -0.299702
8.86 -0.460614 -0.0551689 -0.318261
8.87 -0.383906 -0.0551269 -0.337204
8.88 -0.306806 -0.0550763 -0.356939
8.89 -0.228469 -0.0550269 -0.377828
8.9 -0.147778 -0.0549775 -0.399935
8.91 -0.0644798 -0.0549283 -0.422964
8.92 0.0208923 -0.0548807 -0.446376
8.93 0.107619 -0.0548313 -0.469481
8.94 0.194972 -0.0547799 -0.491442
8.95 0.281969 -0.0547317 -0.511249
8.96 0.367382 -0.0546962 -0.527815
8.97 0.450094 -0.0546739 -0.540346
8.98 0.529125 -0.0546571 -0.548619
8.99 0.603424 -0.0546464 -0.552871
9 0.672009 -0.0546437 -0.553564
9.01 0.73429 -0.0546504 -0.551199
9.02 0.790291 -0.0546571 -0.54612
9.03 0.840711 -0.0546572 -0.538473
9.04 0.886472 -0.0546482 -0.528275
9.05 0.928149 -0.054619 -0.51545
9.06 0.965999 -0.0545703 -0.499806
9.07 1.00027 -0.0545011 -0.481028
9.08 1.03134 -0.0544161 -0.458705
9.09 1.05983 -0.0543205 -0.432443
9.1 1.08641 -0.0542235 -0.402065
9.11 1.11128 -0.0541355 -0.367732
9.12 1.13402 -0.05407 -0.330008
9.13 1.15398 -0.0540356 -0.289775
9.14 1.17075 -0.0540287 -0.247974
9.15 1.18464 -0.0540399 -0.205453
9.16 1.1966 -0.0540586 -0.163021
9.17 1.20712 -0.0540853 -0.121464
9.18 1.21536 -0.0541171 -0.0814052
9.19 1.21956 -0.054157 -0.0430604
9.2 1.21808 -0.0542069 -0.00595262
9.21 1.21025 -0.0542671 0.0309702
9.22 1.19622 -0.054334 0.0686898
9.23 1.17629 -0.0544037 0.1076
9.24 1.15029 -0.0544738 0.147426
9.25 1.11746 -0.0545434 0.187399
9.26 1.07678 -0.0546135 0.226577
9.27 1.02786 -0.0546818 0.26411
9.28 0.971688 -0.0547454 0.299337
9.29 0.910273 -0.0548027 0.331854
9.3 0.845352 -0.0548527 0.361668
9.31 0.777666 -0.0549015 0.389212
9.32 0.707569 -0.0549508 0.415008
9.33 0.635742 -0.0550018 0.439236
9.34 0.563007 -0.0550565 0.461639
9.35 0.48998 -0.0551116 0.481701
9.36 0.417355 -0.0551661 0.49885
9.37 0.346132 -0.0552196 0.51252
9.38 0.277368 -0.0552702 0.522164
9.39 0.211931 -0.0553158 0.527299
9.4 0.150721 -0.055356 0.527547
9.41 0.0951145 -0.0553903 0.52264
9.42 0.0466907 -0.0554162 0.512427
9.43 0.00627412 -0.0554349 0.496924
9.44 -0.0264608 -0.0554462 0.476383
9.45 -0.0526742 -0.0554496 0.451371
9.46 -0.073761 -0.0554456 0.422801
9.47 -0.0906625 -0.0554328 0.391686
9.48 -0.103664 -0.0554124 0.358819
9.49 -0.112831 -0.0553863 0.324687
9.5 -0.118753 -0.055359 0.289537
9.51 -0.123218 -0.0553314 0.253468
9.52 -0.128717 -0.0553029 0.216536
9.53 -0.136694 -0.0552742 0.178822
9.54 -0.146751 -0.0552497 0.140466
9.55 -0.157543 -0.0552321 0.101693
9.56 -0.167931 -0.0552259 0.0627899
9.57 -0.177566 -0.0552327 0.0239118
9.58 -0.186495 -0.0552498 -0.0151456
9.59 -0.194323 -0.0552773 -0.0548789
9.6 -0.200326 -0.0553131 -0.0957915
9.61 -0.204413 -0.0553536 -0.13823
9.62 -0.207685 -0.0553916 -0.182382
9.63 -0.21168 -0.0554269 -0.228353
9.64 -0.216812 -0.0554639 -0.276231
9.65 -0.221676 -0.0554998 -0.326053
9.66 -0.223832 -0.0555274 -0.377725
9.67 -0.221269 -0.0555386 -0.430995
9.68 -0.213386 -0.055532 -0.485424
9.69 -0.200529 -0.0555136 -0.540351
9.7 -0.182705 -0.0554885 -0.594938
9.71 -0.159454 -0.0554617 -0.648301
9.72 -0.13092 -0.0554333 -0.699644
9.73 -0.0981428 -0.0554058 -0.748335
9.74 -0.0620674 -0.0553801 -0.793923
9.75 -0.0229358 -0.0553531 -0.836157
9.76 0.0188665 -0.0553216 -0.875002
9.77 0.0616794 -0.0552858 -0.910528
9.78 0.102839 -0.0552481 -0.942728
9.79 0.140065 -0.0552106 -0.971393
9.8 0.172358 -0.0551809 -0.996068
9.81 0.199979 -0.0551505 -1.01616
9.82 0.224147 -0.0551117 -1.0311
9.83 0.24642 -0.0550672 -1.04041
9.84 0.267787 -0.0550194 -1.04375
9.85 0.288394 -0.0549742 -1.04098
9.86 0.308093 -0.0549362 -1.03218
9.87 0.326886 -0.0549037 -1.01751
9.88 0.344879 -0.0548752 -0.997196
9.89 0.36192 -0.0548528 -0.971551
9.9 0.377516 -0.0548362 -0.941035
9.91 0.391464 -0.0548284 -0.906224
9.92 0.404582 -0.054831 -0.867658
9.93 0.418591 -0.054839 -0.825721
9.94 0.43538 -0.0548479 -0.780591
9.95 0.456429 -0.0548585 -0.732377
9.96 0.48277 -0.0548672 -0.681354
9.97 0.515112 -0.05487 -0.627952
9.98 0.553689 -0.0548645 -0.572526
9.99 0.597865 -0.0548481 -0.515203
10 0.64576 -0.0548271 -0.455794
