0.1 -22.9661 1.58266 3.72941 0.0208993 0.0208993
0.2 -45.9317 3.16274 7.44834 0.0418163 0.0418163
0.3 -68.8966 4.74023 11.1567 0.0627512 0.0627512
0.4 -91.861 6.31508 14.8543 0.0837042 0.0837042
0.5 -114.825 7.8873 18.5412 0.104675 0.104675
0.6 -137.788 9.45684 22.2171 0.125665 0.125665
0.7 -160.751 11.0237 25.882 0.146674 0.146674
0.8 -183.713 12.5878 29.5357 0.167701 0.167701
0.9 -206.674 14.1492 33.1782 0.188747 0.188747
1 -229.635 15.7079 36.8093 0.209813 0.209813
0.01 -229.634 15.472 36.7528 0.207315 0.207315
0.02 -229.634 14.8081 36.5985 0.19346 0.19346
0.03 -229.634 14.0498 36.425 0.159063 0.159063
0.04 -229.634 13.5108 36.2832 0.10817 0.10817
0.05 -229.634 13.2137 36.1518 0.0588209 0.0588209
0.06 -229.634 13.1377 36.0171 0.029337 0.029337
0.07 -229.634 13.2521 35.8787 0.0277244 0.0277244
0.08 -229.635 13.5308 35.7523 0.0523775 0.0523775
0.09 -229.635 13.9442 35.657 0.0977936 0.0977936
0.1 -229.635 14.4628 35.6044 0.157973 0.157973
0.11 -229.635 15.0559 35.5951 0.226731 0.226731
0.12 -229.635 15.693 35.6167 0.297509 0.297509
0.13 -229.635 16.3528 35.6476 0.364889 0.364889
0.14 -229.635 17.0225 35.6629 0.427313 0.427313
0.15 -229.635 17.6892 35.6448 0.488655 0.488655
0.16 -229.635 18.3401 35.591 0.557355 0.557355
0.17 -229.636 18.9651 35.5119 0.643255 0.643255
0.18 -229.636 19.5639 35.4216 0.753824 0.753824
0.19 -229.636 20.1629 35.328 0.891247 0.891247
0.2 -229.636 20.7995 35.2322 1.05097 1.05097
0.21 -229.636 21.4926 35.1362 1.22278 1.22278
0.22 -229.636 22.2356 35.0501 1.39448 1.39448
0.23 -229.637 22.9997 34.9865 1.55593 1.55593
0.24 -229.637 23.7434 34.9502 1.70214 1.70214
0.25 -229.637 24.4391 34.9317 1.83352 1.83352
0.26 -229.637 25.0843 34.918 1.95361 1.95361
0.27 -229.637 25.7174 34.9117 2.06688 2.06688
0.28 -229.637 26.4257 34.9279 2.17831 2.17831
0.29 -229.637 27.3005 34.9691 2.29317 2.29317
0.3 -229.637 28.3916 35.0147 2.41623 2.41623
0.31 -229.637 29.726 35.049 2.55092 2.55092
0.32 -229.638 31.2706 35.0794 2.69785 2.69785
0.33 -229.638 32.9384 35.1187 2.85371 2.85371
0.34 -229.638 34.6465 35.1769 3.01204 3.01204
0.35 -229.638 36.3403 35.2578 3.16602 3.16602
0.36 -229.639 38.0078 35.3553 3.3123 3.3123
0.37 -229.639 39.6313 35.4628 3.45227 3.45227
0.38 -229.639 41.1623 35.5901 3.58915 3.58915
0.39 -229.639 42.532 35.7527 3.7232 3.7232
0.4 -229.639 43.6995 35.9427 3.85108 3.85108
0.41 -229.639 44.6772 36.1314 3.97026 3.97026
0.42 -229.638 45.5083 36.2926 4.08246 4.08246
0.43 -229.638 46.2236 36.4196 4.1928 4.1928
0.44 -229.638 46.8356 36.5343 4.30492 4.30492
0.45 -229.638 47.3505 36.6618 4.41664 4.41664
0.46 -229.638 47.8002 36.8084 4.52098 4.52098
0.47 -229.638 48.2338 36.9788 4.61111 4.61111
0.48 -229.638 48.6563 37.1749 4.68373 4.68373
0.49 -229.638 49.0297 37.3919 4.73767 4.73767
0.5 -229.638 49.3163 37.6395 4.77065 4.77065
0.51 -229.638 49.5054 37.9437 4.77789 4.77789
0.52 -229.638 49.5826 38.3148 4.75309 4.75309
0.53 -229.637 49.5283 38.7583 4.6899 4.6899
0.54 -229.637 49.381 39.2956 4.58391 4.58391
0.55 -229.637 49.2496 39.9354 4.43611 4.43611
0.56 -229.637 49.2089 40.635 4.25524 4.25524
0.57 -229.636 49.1809 41.2938 4.05515 4.05515
0.58 -229.636 49.0137 41.8162 3.84763 3.84763
0.59 -229.636 48.6483 42.1806 3.63764 3.63764
0.6 -229.635 48.1628 42.4395 3.42553 3.42553
0.61 -229.635 47.669 42.6404 3.21302 3.21302
0.62 -229.635 47.1916 42.7811 3.00583 3.00583
0.63 -229.634 46.6999 42.9024 2.80962 2.80962
0.64 -229.634 46.1682 43.1164 2.62234 2.62234
0.65 -229.633 45.5277 43.4438 2.43261 2.43261
0.66 -229.633 44.6889 43.783 2.22882 2.22882
0.67 -229.632 43.6564 44.0591 2.01061 2.01061
0.68 -229.631 42.4885 44.2908 1.79015 1.79015
0.69 -229.631 41.1898 44.53 1.58191 1.58191
0.7 -229.63 39.7582 44.8031 1.39176 1.39176
0.71 -229.63 38.2684 45.1098 1.21635 1.21635
0.72 -229.629 36.8409 45.392 1.05201 1.05201
0.73 -229.629 35.5333 45.5515 0.90272 0.90272
0.74 -229.629 34.2452 45.5363 0.776985 0.776985
0.75 -229.629 32.7781 45.3725 0.675284 0.675284
0.76 -229.628 31.0376 45.1305 0.582347 0.582347
0.77 -229.628 29.1216 44.9014 0.474231 0.474231
0.78 -229.628 27.2208 44.8049 0.332235 0.332235
0.79 -229.628 25.4633 44.936 0.14954 0.14954
0.8 -229.628 23.8466 45.2848 -0.0718997 -0.0718997
0.81 -229.628 22.3391 45.7653 -0.326016 -0.326016
0.82 -229.628 20.9961 46.2778 -0.602274 -0.602274
0.83 -229.627 19.8882 46.7403 -0.884185 -0.884185
0.84 -229.628 18.9865 47.1186 -1.15329 -1.15329
0.85 -229.628 18.2254 47.4564 -1.39824 -1.39824
0.86 -229.628 17.5577 47.8428 -1.62146 -1.62146
0.87 -229.628 16.8227 48.261 -1.837 -1.837
0.88 -229.628 15.7888 48.571 -2.06344 -2.06344
0.89 -229.628 14.4384 48.7346 -2.3166 -2.3166
0.9 -229.628 13.0309 48.8931 -2.60306 -2.60306
0.91 -229.628 11.7867 49.1956 -2.91704 -2.91704
0.92 -229.628 10.5491 49.615 -3.24415 -3.24415
0.93 -229.627 8.91097 50.0029 -3.57166 -3.57166
0.94 -229.626 6.73199 50.3032 -3.8961 -3.8961
0.95 -229.626 4.40866 50.557 -4.21598 -4.21598
0.96 -229.625 2.53862 50.7915 -4.51582 -4.51582
0.97 -229.624 1.3335 50.9668 -4.76376 -4.76376
0.98 -229.623 0.455078 50.9586 -4.93356 -4.93356
0.99 -229.622 -0.470664 50.704 -5.02841 -5.02841
1 -229.622 -1.44694 50.2936 -5.07674 -5.07674
1.01 -229.621 -2.231 49.7597 -5.1043 -5.1043
1.02 -229.621 -2.62159 49.0446 -5.10964 -5.10964
1.03 -229.62 -2.63982 48.2937 -5.06982 -5.06982
1.04 -229.62 -2.52711 47.8614 -4.97697 -4.97697
1.05 -229.62 -2.54806 47.9146 -4.86459 -4.86459
1.06 -229.619 -2.77741 48.2565 -4.78709 -4.78709
1.07 -229.619 -3.07452 48.6168 -4.77233 -4.77233
1.08 -229.619 -3.14439 48.9678 -4.79887 -4.79887
1.09 -229.619 -2.81028 49.4159 -4.81829 -4.81829
1.1 -229.62 -2.31126 49.8792 -4.79421 -4.79421
1.11 -229.62 -2.09113 50.1936 -4.72372 -4.72372
1.12 -229.621 -2.28684 50.4688 -4.63469 -4.63469
1.13 -229.621 -2.57184 50.9884 -4.56851 -4.56851
1.14 -229.622 -2.44837 51.7655 -4.55278 -4.55278
1.15 -229.623 -1.4991 52.6312 -4.57771 -4.57771
1.16 -229.623 0.418064 53.5968 -4.60341 -4.60341
1.17 -229.624 2.88327 54.7219 -4.59963 -4.59963
1.18 -229.624 5.09057 55.9785 -4.58298 -4.58298
1.19 -229.624 6.50317 57.2596 -4.61119 -4.61119
1.2 -229.624 7.21122 58.343 -4.73052 -4.73052
1.21 -229.624 7.69436 58.9991 -4.92376 -4.92376
1.22 -229.624 8.39588 59.1071 -5.11179 -5.11179
1.23 -229.623 9.51717 58.6645 -5.20611 -5.20611
1.24 -229.623 11.0557 57.8282 -5.1626 -5.1626
1.25 -229.622 12.944 56.9354 -4.99624 -4.99624
1.26 -229.622 15.1431 56.3339 -4.75614 -4.75614
1.27 -229.621 17.5745 56.1586 -4.48746 -4.48746
1.28 -229.62 20.0928 56.3577 -4.21078 -4.21078
1.29 -229.619 22.5024 56.7506 -3.9292 -3.9292
1.3 -229.618 24.5819 57.1383 -3.64794 -3.64794
1.31 -229.617 26.2638 57.5473 -3.38588 -3.38588
1.32 -229.617 27.7541 58.1202 -3.16617 -3.16617
1.33 -229.616 29.4024 58.79 -2.98587 -2.98587
1.34 -229.616 31.5577 59.5021 -2.79384 -2.79384
1.35 -229.616 34.3067 60.5434 -2.5171 -2.5171
1.36 -229.616 37.1651 62.1423 -2.12969 -2.12969
1.37 -229.616 39.4432 64.0296 -1.69423 -1.69423
1.38 -229.617 40.9372 65.6084 -1.32165 -1.32165
1.39 -229.617 42.1585 66.4169 -1.08146 -1.08146
1.4 -229.617 43.8679 66.4037 -0.947223 -0.947223
1.41 -229.617 46.072 65.8137 -0.829055 -0.829055
1.42 -229.617 47.818 65.1251 -0.667233 -0.667233
1.43 -229.617 48.3172 64.9658 -0.500992 -0.500992
1.44 -229.617 47.6831 65.564 -0.442026 -0.442026
1.45 -229.616 46.6426 66.3983 -0.570469 -0.570469
1.46 -229.616 45.889 66.6373 -0.850429 -0.850429
1.47 -229.616 45.4526 65.8541 -1.15202 -1.15202
1.48 -229.616 44.5757 64.1478 -1.36385 -1.36385
1.49 -229.616 42.363 61.5774 -1.4795 -1.4795
1.5 -229.615 38.6301 58.0902 -1.5682 -1.5682
1.51 -229.615 34.1788 54.2639 -1.68035 -1.68035
1.52 -229.616 30.2033 51.4302 -1.80979 -1.80979
1.53 -229.617 27.2081 50.5081 -1.94103 -1.94103
1.54 -229.618 24.7463 51.1639 -2.10123 -2.10123
1.55 -229.619 22.3012 52.4409 -2.35121 -2.35121
1.56 -229.62 19.805 53.6355 -2.73294 -2.73294
1.57 -229.621 17.4236 54.4187 -3.22741 -3.22741
1.58 -229.622 15.4147 54.5993 -3.74521 -3.74521
1.59 -229.623 14.0088 54.0081 -4.14415 -4.14415
1.6 -229.625 13.0291 52.4761 -4.27685 -4.27685
1.61 -229.627 11.6065 50.0968 -4.07179 -4.07179
1.62 -229.629 8.82774 47.5824 -3.61143 -3.61143
1.63 -229.63 5.17524 46.0612 -3.12533 -3.12533
1.64 -229.631 2.72472 46.4451 -2.86008 -2.86008
1.65 -229.633 3.1249 48.7725 -2.91994 -2.91994
1.66 -229.633 5.83922 52.0972 -3.22825 -3.22825
1.67 -229.633 8.71409 55.1537 -3.63705 -3.63705
1.68 -229.632 9.87582 57.1083 -4.05051 -4.05051
1.69 -229.631 8.96657 57.7047 -4.43543 -4.43543
1.7 -229.63 6.66144 57.0506 -4.75209 -4.75209
1.71 -229.629 3.59254 55.6617 -4.93185 -4.93185
1.72 -229.628 0.216039 54.3946 -4.94399 -4.94399
1.73 -229.627 -2.92551 53.7952 -4.86243 -4.86243
1.74 -229.626 -5.30041 53.669 -4.83809 -4.83809
1.75 -229.625 -6.46104 53.4994 -4.99485 -4.99485
1.76 -229.623 -6.06889 52.9674 -5.34231 -5.34231
1.77 -229.621 -4.18425 51.866 -5.76213 -5.76213
1.78 -229.619 -1.60415 49.9038 -6.06154 -6.06154
1.79 -229.617 0.545551 47.2169 -6.0684 -6.0684
1.8 -229.615 1.89189 44.7213 -5.72638 -5.72638
1.81 -229.613 3.19486 43.37 -5.12496 -5.12496
1.82 -229.613 5.47981 43.4422 -4.43325 -4.43325
1.83 -229.613 9.04993 44.6113 -3.79756 -3.79756
1.84 -229.614 13.3065 46.3799 -3.29053 -3.29053
1.85 -229.614 17.1659 48.2508 -2.92926 -2.92926
1.86 -229.615 19.7143 49.5916 -2.70437 -2.70437
1.87 -229.616 21.0677 50.1569 -2.5718 -2.5718
1.88 -229.618 22.6804 51.0134 -2.4398 -2.4398
1.89 -229.619 26.1365 53.757 -2.20561 -2.20561
1.9 -229.622 31.4046 58.3191 -1.81614 -1.81614
1.91 -229.624 36.8302 62.801 -1.28836 -1.28836
1.92 -229.627 40.6893 65.479 -0.690512 -0.690512
1.93 -229.629 42.2559 65.7253 -0.120137 -0.120137
1.94 -229.63 41.7762 63.4762 0.330596 0.330596
1.95 -229.631 39.9681 58.9889 0.632591 0.632591
1.96 -229.631 37.7668 53.2035 0.849335 0.849335
1.97 -229.631 36.168 47.7126 1.08878 1.08878
1.98 -229.631 35.7069 43.754 1.41405 1.41405
1.99 -229.63 36.2016 41.37 1.80278 1.80278
2 -229.63 36.9788 39.6682 2.18788 2.18788
2.01 -229.629 37.1585 37.6532 2.51852 2.51852
2.02 -229.629 35.9411 34.8836 2.77388 2.77388
2.03 -229.628 32.8151 31.3343 2.93834 2.93834
2.04 -229.629 27.8766 26.965 2.99857 2.99857
2.05 -229.63 22.2402 22.1648 2.97773 2.97773
2.06 -229.632 17.4885 17.9102 2.95402 2.95402
2.07 -229.635 14.3169 14.6644 3.03027 3.03027
2.08 -229.639 12.1207 11.8278 3.28596 3.28596
2.09 -229.643 9.96937 8.62734 3.74915 3.74915
2.1 -229.647 7.73202 5.01154 4.39291 4.39291
2.11 -229.651 6.06738 1.52748 5.1492 5.1492
2.12 -229.654 5.40753 -1.55344 5.93798 5.93798
2.13 -229.658 5.50857 -4.53986 6.70401 6.70401
2.14 -229.662 5.78172 -7.73817 7.43786 7.43786
2.15 -229.666 5.68518 -10.902 8.15684 8.15684
2.16 -229.669 5.08958 -13.2117 8.85708 8.85708
2.17 -229.673 4.29823 -14.1401 9.489 9.489
2.18 -229.676 3.60832 -14.5677 10.0014 10.0014
2.19 -229.679 3.09446 -16.1071 10.4224 10.4224
2.2 -229.683 2.81284 -19.12 10.8692 10.8692
2.21 -229.686 2.77986 -22.5854 11.4433 11.4433
2.22 -229.689 2.71689 -25.6075 12.1224 12.1224
2.23 -229.692 2.18291 -28.1189 12.7713 12.7713
2.24 -229.695 1.0597 -30.3975 13.254 13.254
2.25 -229.697 -0.285406 -32.5751 13.529 13.529
2.26 -229.699 -1.41408 -34.8373 13.6554 13.6554
2.27 -229.7 -1.98819 -37.2966 13.7361 13.7361
2.28 -229.701 -1.63474 -39.3867 13.8491 13.8491
2.29 -229.701 -0.11947 -40.3036 14.0046 14.0046
2.3 -229.699 2.47866 -39.919 14.1589 14.1589
2.31 -229.698 5.92048 -38.5779 14.2737 14.2737
2.32 -229.697 9.90058 -36.4901 14.3553 14.3553
2.33 -229.695 14.011 -33.8497 14.4322 14.4322
2.34 -229.693 17.9158 -31.1017 14.5067 14.5067
2.35 -229.69 21.5097 -28.7961 14.546 14.546
2.36 -229.688 24.8583 -27.2536 14.5219 14.5219
2.37 -229.686 27.9595 -26.6132 14.454 14.454
2.38 -229.685 30.7452 -26.7599 14.4165 14.4165
2.39 -229.683 33.4186 -26.7338 14.4936 14.4936
2.4 -229.681 36.1288 -25.1557 14.6957 14.6957
2.41 -229.679 38.3127 -21.2902 14.8998 14.8998
2.42 -229.676 39.2236 -15.0656 14.8728 14.8728
2.43 -229.673 38.8795 -7.11806 14.3813 14.3813
2.44 -229.669 37.9512 0.849519 13.3444 13.3444
2.45 -229.665 37.046 7.1391 11.921 11.921
2.46 -229.66 36.3333 11.6558 10.4252 10.4252
2.47 -229.656 35.6102 15.6501 9.11259 9.11259
2.48 -229.652 34.5409 20.1786 8.02833 8.02833
2.49 -229.648 32.8968 25.2671 7.04632 7.04632
2.5 -229.644 30.542 30.0978 6.01996 6.01996
2.51 -229.64 27.4929 33.7444 4.88328 4.88328
2.52 -229.636 24.1404 35.7475 3.64136 3.64136
2.53 -229.632 20.989 36.1795 2.31526 2.31526
2.54 -229.628 18.3055 35.7012 0.914896 0.914896
2.55 -229.624 16.1391 35.425 -0.550141 -0.550141
2.56 -229.621 14.3848 36.3309 -2.04557 -2.04557
2.57 -229.617 12.9334 38.788 -3.49514 -3.49514
2.58 -229.615 11.7761 42.486 -4.78911 -4.78911
2.59 -229.612 10.7328 46.6761 -5.83133 -5.83133
2.6 -229.611 9.3409 50.5832 -6.60605 -6.60605
2.61 -229.609 7.38986 53.791 -7.20411 -7.20411
2.62 -229.608 5.33488 56.3331 -7.76227 -7.76227
2.63 -229.607 3.79311 58.5644 -8.35417 -8.35417
2.64 -229.607 2.50228 60.6426 -8.9342 -8.9342
2.65 -229.607 0.0810574 61.9974 -9.38416 -9.38416
2.66 -229.607 -4.61139 61.9471 -9.60826 -9.60826
2.67 -229.608 -10.9665 60.6295 -9.58984 -9.58984
2.68 -229.609 -16.8803 58.9008 -9.37521 -9.37521
2.69 -229.61 -20.5653 57.5885 -9.02373 -9.02373
2.7 -229.612 -22.0803 56.755 -8.58287 -8.58287
2.71 -229.613 -23.079 55.9211 -8.10492 -8.10492
2.72 -229.614 -25.2609 55.1158 -7.68033 -7.68033
2.73 -229.614 -28.8589 55.206 -7.44636 -7.44636
2.74 -229.614 -32.4327 56.7712 -7.53032 -7.53032
2.75 -229.615 -34.2511 59.0624 -7.93934 -7.93934
2.76 -229.616 -33.8214 60.8312 -8.50533 -8.50533
2.77 -229.617 -31.846 61.429 -8.97524 -8.97524
2.78 -229.619 -28.8622 60.5952 -9.16161 -9.16161
2.79 -229.621 -24.4415 58.399 -8.99642 -8.99642
2.8 -229.624 -18.0999 55.6701 -8.49038 -8.49038
2.81 -229.626 -10.6552 53.2659 -7.71219 -7.71219
2.82 -229.628 -4.00345 51.133 -6.80427 -6.80427
2.83 -229.63 0.423264 48.7303 -5.95636 -5.95636
2.84 -229.631 2.65842 45.7106 -5.31693 -5.31693
2.85 -229.631 3.80492 42.2998 -4.91471 -4.91471
2.86 -229.631 4.99663 39.0095 -4.65573 -4.65573
2.87 -229.631 6.98775 36.0408 -4.37141 -4.37141
2.88 -229.631 10.0988 33.6124 -3.86849 -3.86849
2.89 -229.631 13.8977 32.3025 -2.9948 -2.9948
2.9 -229.631 17.3495 32.3893 -1.72722 -1.72722
2.91 -229.632 19.8624 33.3866 -0.205774 -0.205774
2.92 -229.633 21.9672 34.4522 1.34662 1.34662
2.93 -229.634 24.5334 34.8623 2.75691 2.75691
2.94 -229.635 27.7136 34.3175 3.96713 3.96713
2.95 -229.637 31.0742 33.0461 4.99731 4.99731
2.96 -229.639 34.2248 31.4733 5.8834 5.8834
2.97 -229.642 36.7138 29.7742 6.6604 6.6604
2.98 -229.644 37.785 27.8779 7.36954 7.36954
2.99 -229.646 36.9719 25.9607 8.03655 8.03655
3 -229.648 34.8155 24.7912 8.6237 8.6237
3.01 -229.649 32.6018 25.3104 9.00776 9.00776
3.02 -229.65 31.3279 27.883 9.0186 9.0186
3.03 -229.649 30.964 32.1309 8.51217 8.51217
3.04 -229.648 30.6107 37.0513 7.43238 7.43238
3.05 -229.647 29.44 41.1622 5.85581 5.85581
3.06 -229.645 27.3492 43.246 4.01144 4.01144
3.07 -229.644 24.5193 43.4253 2.21639 2.21639
3.08 -229.642 21.0034 43.0574 0.709815 0.709815
3.09 -229.641 16.8239 43.0989 -0.486323 -0.486323
3.1 -229.64 12.0565 43.12 -1.53141 -1.53141
3.11 -229.639 7.31607 42.3155 -2.5916 -2.5916
3.12 -229.637 3.89396 41.0488 -3.71149 -3.71149
3.13 -229.635 2.73103 40.8419 -4.84491 -4.84491
3.14 -229.633 3.49571 42.5469 -5.96048 -5.96048
3.15 -229.63 4.73124 45.2003 -7.06095 -7.06095
3.16 -229.627 4.77706 47.0669 -8.10081 -8.10081
3.17 -229.623 2.62427 46.8481 -8.92889 -8.92889
3.18 -229.62 -1.77961 44.2905 -9.33897 -9.33897
3.19 -229.616 -7.64083 40.7835 -9.20183 -9.20183
3.2 -229.614 -13.9726 38.6045 -8.59061 -8.59061
3.21 -229.612 -20.6088 38.8042 -7.7959 -7.7959
3.22 -229.61 -28.3718 40.29 -7.18873 -7.18873
3.23 -229.608 -37.8853 41.0489 -7.01398 -7.01398
3.24 -229.606 -48.6298 39.7405 -7.25973 -7.25973
3.25 -229.605 -59.2372 36.1511 -7.68225 -7.68225
3.26 -229.605 -67.8011 30.9808 -7.94512 -7.94512
3.27 -229.607 -72.2138 25.7495 -7.77287 -7.77287
3.28 -229.61 -71.2445 22.2387 -7.05264 -7.05264
3.29 -229.614 -65.7338 21.2891 -5.86869 -5.86869
3.3 -229.619 -58.4091 22.404 -4.47542 -4.47542
3.31 -229.625 -52.3241 24.6441 -3.22683 -3.22683
3.32 -229.63 -49.2453 27.6116 -2.49097 -2.49097
3.33 -229.634 -49.2443 31.144 -2.56108 -2.56108
3.34 -229.637 -51.5253 34.2177 -3.54693 -3.54693
3.35 -229.639 -54.9555 35.3734 -5.27044 -5.27044
3.36 -229.642 -57.7895 34.3642 -7.26187 -7.26187
3.37 -229.645 -57.9508 32.4376 -8.91764 -8.91764
3.38 -229.649 -54.2121 31.341 -9.75415 -9.75415
3.39 -229.652 -47.0854 32.3188 -9.62127 -9.62127
3.4 -229.656 -38.7319 35.118 -8.7596 -8.7596
3.41 -229.658 -31.9523 37.717 -7.65964 -7.65964
3.42 -229.658 -28.6864 37.8099 -6.8032 -6.8032
3.43 -229.657 -28.9553 34.7257 -6.45364 -6.45364
3.44 -229.655 -31.2457 29.6762 -6.6043 -6.6043
3.45 -229.652 -33.9429 24.5318 -7.05671 -7.05671
3.46 -229.648 -36.202 20.5353 -7.52701 -7.52701
3.47 -229.645 -37.8321 17.85 -7.71621 -7.71621
3.48 -229.642 -38.9364 15.9981 -7.3613 -7.3613
3.49 -229.639 -39.6359 14.4403 -6.31062 -6.31062
3.5 -229.636 -40.0881 12.4704 -4.60368 -4.60368
3.51 -229.634 -40.517 9.1863 -2.48101 -2.48101
3.52 -229.631 -40.601 4.59369 -0.296343 -0.296343
3.53 -229.629 -39.2178 0.117175 1.61583 1.61583
3.54 -229.628 -35.5167 -2.73087 3.05425 3.05425
3.55 -229.628 -29.9579 -3.75392 4.01475 4.01475
3.56 -229.629 -24.188 -4.17152 4.6831 4.6831
3.57 -229.632 -19.9547 -5.37618 5.34119 5.34119
3.58 -229.635 -18.0086 -7.57937 6.20953 6.20953
3.59 -229.639 -17.9336 -9.63292 7.306 7.306
3.6 -229.643 -18.4455 -9.74739 8.41314 8.41314
3.61 -229.647 -17.8294 -6.71822 9.18779 9.18779
3.62 -229.652 -14.8762 -1.1337 9.35767 9.35767
3.63 -229.656 -9.68349 4.75131 8.8844 8.8844
3.64 -229.661 -3.52792 8.85498 7.97743 7.97743
3.65 -229.665 1.98217 10.9012 6.94335 6.94335
3.66 -229.669 5.76384 12.0419 5.99414 5.99414
3.67 -229.672 7.29644 13.3478 5.16934 5.16934
3.68 -229.675 6.4125 15.0853 4.39693 4.39693
3.69 -229.677 3.91033 16.8682 3.5987 3.5987
3.7 -229.678 1.71745 17.853 2.76523 2.76523
3.71 -229.679 1.68792 17.1518 1.97859 1.97859
3.72 -229.679 4.71731 14.6228 1.376 1.376
3.73 -229.678 10.5339 11.0532 1.07698 1.07698
3.74 -229.675 17.5509 7.46413 1.12835 1.12835
3.75 -229.672 23.9457 4.50142 1.51033 1.51033
3.76 -229.669 29.2377 2.29806 2.19862 2.19862
3.77 -229.665 34.1978 0.775586 3.21527 3.21527
3.78 -229.662 39.7245 -0.144147 4.59573 4.59573
3.79 -229.659 46.2939 -0.739485 6.30444 6.30444
3.8 -229.656 53.9459 -1.40305 8.21222 8.21222
3.81 -229.653 62.0746 -2.28607 10.1699 10.1699
3.82 -229.651 69.0981 -3.28385 12.0893 12.0893
3.83 -229.649 73.1367 -3.99275 13.9428 13.9428
3.84 -229.648 74.0439 -3.82993 15.7084 15.7084
3.85 -229.647 74.3208 -2.76915 17.3676 17.3676
3.86 -229.647 76.7611 -1.30692 18.9561 18.9561
3.87 -229.648 81.7319 0.332329 20.5372 20.5372
3.88 -229.65 87.623 2.23767 22.0774 22.0774
3.89 -229.652 92.8528 4.3716 23.3943 23.3943
3.9 -229.654 96.8135 6.23864 24.2783 24.2783
3.91 -229.656 99.246 6.89028 24.6617 24.6617
3.92 -229.658 99.3515 5.46059 24.6451 24.6451
3.93 -229.659 96.4279 2.23266 24.3572 24.3572
3.94 -229.661 91.088 -1.0163 23.8019 23.8019
3.95 -229.663 84.608 -2.28543 22.8387 22.8387
3.96 -229.665 77.7072 -0.704944 21.2924 21.2924
3.97 -229.666 70.7281 3.3281 19.0835 19.0835
3.98 -229.668 64.0718 8.89766 16.2928 16.2928
3.99 -229.669 57.8483 15.2279 13.1284 13.1284
4 -229.67 51.3639 21.2767 9.8294 9.8294
4.01 -229.67 43.2571 25.3789 6.58804 6.58804
4.02 -229.669 32.9565 26.4547 3.53993 3.53993
4.03 -229.669 21.8429 24.8319 0.805367 0.805367
4.04 -229.668 11.9213 21.2395 -1.46997 -1.46997
4.05 -229.668 4.18943 16.2249 -3.12543 -3.12543
4.06 -229.667 -1.21903 10.9528 -4.06941 -4.06941
4.07 -229.665 -4.82619 7.07793 -4.38598 -4.38598
4.08 -229.663 -8.25592 5.19421 -4.35483 -4.35483
4.09 -229.658 -13.839 4.59119 -4.33248 -4.33248
4.1 -229.653 -23.1689 4.52822 -4.57985 -4.57985
4.11 -229.646 -36.2031 4.66277 -5.16029 -5.16029
4.12 -229.639 -51.4169 4.95309 -5.95039 -5.95039
4.13 -229.632 -66.4506 5.99896 -6.73589 -6.73589
4.14 -229.626 -79.4386 8.28887 -7.3289 -7.3289
4.15 -229.623 -89.931 11.0737 -7.62661 -7.62661
4.16 -229.621 -98.4246 12.8963 -7.59196 -7.59196
4.17 -229.621 -105.49 12.6755 -7.21762 -7.21762
4.18 -229.621 -111.473 10.3645 -6.53815 -6.53815
4.19 -229.622 -116.722 7.20019 -5.69577 -5.69577
4.2 -229.623 -121.792 4.95 -4.9937 -4.9937
4.21 -229.624 -126.945 4.94418 -4.842 -4.842
4.22 -229.625 -131.502 8.00006 -5.58254 -5.58254
4.23 -229.625 -134.557 14.1721 -7.31409 -7.31409
4.24 -229.625 -136.033 22.5475 -9.85122 -9.85122
4.25 -229.625 -136.235 32.4451 -12.8414 -12.8414
4.26 -229.625 -135.247 43.8417 -15.953 -15.953
4.27 -229.624 -133.057 56.1622 -18.9931 -18.9931
4.28 -229.622 -129.552 68.2534 -21.8853 -21.8853
4.29 -229.621 -124.678 79.1874 -24.5859 -24.5859
4.3 -229.619 -118.926 87.768 -27.0393 -27.0393
4.31 -229.617 -113.051 92.4551 -29.1723 -29.1723
4.32 -229.615 -107.255 92.7899 -30.8974 -30.8974
4.33 -229.613 -101.311 90.092 -32.1378 -32.1378
4.34 -229.61 -95.3865 86.5175 -32.8798 -32.8798
4.35 -229.605 -90.1686 84.1041 -33.2038 -33.2038
4.36 -229.6 -85.8928 84.1673 -33.2453 -33.2453
4.37 -229.593 -81.6782 86.696 -33.0954 -33.0954
4.38 -229.585 -76.2998 90.5078 -32.7132 -32.7132
4.39 -229.576 -69.6801 93.9356 -31.9436 -31.9436
4.4 -229.567 -63.1777 95.6805 -30.6402 -30.6402
4.41 -229.558 -58.0797 95.7837 -28.7847 -28.7847
4.42 -229.551 -54.3313 95.5315 -26.4971 -26.4971
4.43 -229.544 -50.772 96.4598 -23.9526 -23.9526
4.44 -229.54 -46.0734 99.8682 -21.3093 -21.3093
4.45 -229.539 -39.7543 106.144 -18.7207 -18.7207
4.46 -229.538 -32.5265 113.68 -16.3686 -16.3686
4.47 -229.539 -25.2762 119.552 -14.4115 -14.4115
4.48 -229.542 -18.2287 121.935 -12.8834 -12.8834
4.49 -229.544 -11.598 121.288 -11.6856 -11.6856
4.5 -229.547 -6.18094 119.445 -10.711 -10.711
4.51 -229.551 -2.40305 118.745 -9.97641 -9.97641
4.52 -229.555 0.506805 121.479 -9.6434 -9.6434
4.53 -229.558 3.42457 128.561 -9.94255 -9.94255
4.54 -229.562 6.08719 138.893 -11.0816 -11.0816
4.55 -229.564 7.88284 150.493 -13.1813 -13.1813
4.56 -229.565 9.00483 161.079 -16.2104 -16.2104
4.57 -229.566 10.1848 168.369 -19.9058 -19.9058
4.58 -229.565 12.0553 171.349 -23.7651 -23.7651
4.59 -229.565 15.1207 171.149 -27.2067 -27.2067
4.6 -229.565 19.8069 170.116 -29.8162 -29.8162
4.61 -229.565 25.7862 169.663 -31.4909 -31.4909
4.62 -229.566 31.3893 169.074 -32.3924 -32.3924
4.63 -229.566 34.8063 166.935 -32.7948 -32.7948
4.64 -229.566 36.1292 163.342 -32.9659 -32.9659
4.65 -229.565 37.5976 159.716 -33.0973 -33.0973
4.66 -229.562 41.7939 156.692 -33.2173 -33.2173
4.67 -229.559 49.7837 153.483 -33.0934 -33.0934
4.68 -229.555 60.5862 149.274 -32.2622 -32.2622
4.69 -229.551 72.2459 144.483 -30.2528 -30.2528
4.7 -229.548 83.4088 140.781 -26.8731 -26.8731
4.71 -229.545 93.8188 140.046 -22.3474 -22.3474
4.72 -229.543 103.606 142.558 -17.2249 -17.2249
4.73 -229.542 112.98 146.241 -12.1235 -12.1235
4.74 -229.542 122.443 148.429 -7.46844 -7.46844
4.75 -229.543 132.446 147.864 -3.38099 -3.38099
4.76 -229.545 143.122 145.133 0.245183 0.245183
4.77 -229.548 154.575 142.335 3.58274 3.58274
4.78 -229.552 166.689 141.557 6.74293 6.74293
4.79 -229.557 178.611 142.92 9.73754 9.73754
4.8 -229.563 189.198 145.05 12.5033 12.5033
4.81 -229.569 198.044 146.803 14.9156 14.9156
4.82 -229.575 205.818 147.48 16.7835 16.7835
4.83 -229.581 213.479 147.111 17.8769 17.8769
4.84 -229.586 221.279 147.508 17.9704 17.9704
4.85 -229.589 228.695 150.952 16.876 16.876
4.86 -229.592 234.812 156.432 14.5551 14.5551
4.87 -229.593 238.94 159.5 11.328 11.328
4.88 -229.594 241.612 157.014 7.93847 7.93847
4.89 -229.595 244.107 150.039 5.24234 5.24234
4.9 -229.597 246.879 141.945 3.69565 3.69565
4.91 -229.599 249.434 134.91 3.11961 3.11961
4.92 -229.601 251.963 128.856 2.97733 2.97733
4.93 -229.603 255.782 122.783 2.88013 2.88013
4.94 -229.605 261.554 115.534 2.86203 2.86203
4.95 -229.607 267.89 105.661 3.2674 3.2674
4.96 -229.608 272.282 92.628 4.45264 4.45264
4.97 -229.61 272.799 78.2321 6.55232 6.55232
4.98 -229.611 268.729 65.0617 9.42824 9.42824
4.99 -229.612 260.641 53.7531 12.8178 12.8178
5 -229.615 250.902 43.2842 16.5788 16.5788
5.01 -229.619 242.771 33.4475 20.793 20.793
5.02 -229.624 237.459 25.0099 25.5741 25.5741
5.03 -229.631 232.93 18.2338 30.7522 30.7522
5.04 -229.638 226.386 12.732 35.7863 35.7863
5.05 -229.645 216.741 7.61004 40.0449 40.0449
5.06 -229.653 204.433 0.90539 43.2296 43.2296
5.07 -229.662 190.848 -9.24259 45.5744 45.5744
5.08 -229.673 178.223 -22.1827 47.63 47.63
5.09 -229.685 168.516 -35.1561 49.7963 49.7963
5.1 -229.698 162.228 -46.0263 51.9967 51.9967
5.11 -229.712 158.724 -53.8855 53.7447 53.7447
5.12 -229.726 157.392 -58.1191 54.4832 54.4832
5.13 -229.738 157.787 -59.3128 53.907 53.907
5.14 -229.749 158.647 -60.491 52.1034 52.1034
5.15 -229.758 158.086 -65.0309 49.4793 49.4793
5.16 -229.766 155.573 -73.5451 46.5282 46.5282
5.17 -229.772 152.598 -84.4226 43.6231 43.6231
5.18 -229.778 151.083 -96.0963 41.0138 41.0138
5.19 -229.785 152.377 -107.341 38.9579 38.9579
5.2 -229.791 157.255 -116.289 37.7483 37.7483
5.21 -229.796 164.959 -121.012 37.5291 37.5291
5.22 -229.801 171.938 -121.498 38.072 38.072
5.23 -229.802 173.389 -119.496 38.772 38.772
5.24 -229.801 166.565 -116.775 38.9346 38.9346
5.25 -229.797 151.951 -114.711 38.1811 38.1811
5.26 -229.791 132.068 -113.83 36.6806 36.6806
5.27 -229.785 109.922 -113.021 35.0308 35.0308
5.28 -229.777 87.5817 -110.628 33.8781 33.8781
5.29 -229.77 65.7683 -106.255 33.5632 33.5632
5.3 -229.763 45.0913 -100.148 34.0111 34.0111
5.31 -229.756 26.805 -92.0041 34.8431 34.8431
5.32 -229.747 11.5162 -81.8308 35.5511 35.5511
5.33 -229.737 -1.83508 -70.4411 35.6263 35.6263
5.34 -229.724 -15.2019 -58.3526 34.6125 34.6125
5.35 -229.709 -30.185 -44.7134 32.1116 32.1116
5.36 -229.693 -47.6145 -27.6552 27.7956 27.7956
5.37 -229.676 -67.6404 -6.92719 21.504 21.504
5.38 -229.659 -89.6195 14.4174 13.4349 13.4349
5.39 -229.642 -112.335 33.0507 4.24459 4.24459
5.4 -229.626 -134.648 49.0556 -5.20178 -5.20178
5.41 -229.608 -155.412 64.8799 -14.3355 -14.3355
5.42 -229.593 -173.131 82.021 -23.1574 -23.1574
5.43 -229.577 -186.224 99.078 -31.9867 -31.9867
5.44 -229.561 -194.48 112.869 -40.9677 -40.9677
5.45 -229.544 -199.981 122.259 -49.8594 -49.8594
5.46 -229.527 -205.753 129.802 -58.2926 -58.2926
5.47 -229.509 -213.791 139.32 -66.136 -66.136
5.48 -229.492 -224.466 153.163 -73.549 -73.549
5.49 -229.475 -237.059 171.609 -80.7367 -80.7367
5.5 -229.458 -250.592 192.454 -87.6803 -87.6803
5.51 -229.442 -264.131 211.43 -94.01 -94.01
5.52 -229.428 -276.035 225.442 -99.0744 -99.0744
5.53 -229.416 -284.161 234.608 -102.214 -102.214
5.54 -229.406 -287.503 240.285 -103.088 -103.088
5.55 -229.398 -286.157 243.386 -101.799 -101.799
5.56 -229.392 -279.938 244.293 -98.7209 -98.7209
5.57 -229.39 -268.966 242.884 -94.2162 -94.2162
5.58 -229.391 -255.152 239.048 -88.5355 -88.5355
5.59 -229.394 -241.682 233.296 -81.971 -81.971
5.6 -229.397 -230.775 226.149 -75.023 -75.023
5.61 -229.402 -222.375 217.397 -68.2958 -68.2958
5.62 -229.407 -214.658 207.065 -62.1734 -62.1734
5.63 -229.414 -205.202 196.971 -56.6214 -56.6214
5.64 -229.423 -191.988 189.899 -51.323 -51.323
5.65 -229.433 -174.093 186.773 -45.9865 -45.9865
5.66 -229.447 -152.112 185.311 -40.5252 -40.5252
5.67 -229.463 -128.01 181.69 -35.0262 -35.0262
5.68 -229.481 -103.909 173.735 -29.6533 -29.6533
5.69 -229.501 -80.507 162.496 -24.605 -24.605
5.7 -229.523 -56.8411 150.756 -20.0963 -20.0963
5.71 -229.546 -31.8438 140.398 -16.2936 -16.2936
5.72 -229.569 -5.84888 131.612 -13.24 -13.24
5.73 -229.592 19.5706 124.553 -10.8736 -10.8736
5.74 -229.614 43.1136 120.914 -9.14409 -9.14409
5.75 -229.633 65.1095 123.303 -8.09992 -8.09992
5.76 -229.649 87.281 132.882 -7.82359 -7.82359
5.77 -229.662 111.315 147.981 -8.25945 -8.25945
5.78 -229.671 137.82 164.837 -9.10536 -9.10536
5.79 -229.678 166.111 178.54 -9.85544 -9.85544
5.8 -229.681 194.269 183.803 -9.91567 -9.91567
5.81 -229.682 220.204 177.427 -8.71048 -8.71048
5.82 -229.681 244.072 161.964 -5.82626 -5.82626
5.83 -229.678 268.905 145.655 -1.23567 -1.23567
5.84 -229.672 297.076 135.896 4.56034 4.56034
5.85 -229.663 326.518 133.252 10.6986 10.6986
5.86 -229.652 351.885 132.895 16.3582 16.3582
5.87 -229.636 369.166 130.026 21.0933 21.0933
5.88 -229.616 378.679 122.613 24.9151 24.9151
5.89 -229.596 383.761 111.774 28.1814 28.1814
5.9 -229.577 387.845 101.155 31.3909 31.3909
5.91 -229.56 392.383 94.2279 34.9491 34.9491
5.92 -229.547 396.899 92.744 38.9929 38.9929
5.93 -229.537 400.149 97.3879 43.3103 43.3103
5.94 -229.529 400.068 107.687 47.3281 47.3281
5.95 -229.525 394.185 121.146 50.2028 50.2028
5.96 -229.521 381.265 133.561 51.0947 51.0947
5.97 -229.519 362.319 141.269 49.5535 49.5535
5.98 -229.518 339.905 143.502 45.7562 45.7562
5.99 -229.52 316.295 141.564 40.4186 40.4186
6 -229.523 291.905 135.529 34.4922 34.4922
6.01 -229.53 265.188 123.039 28.8881 28.8881
6.02 -229.539 233.801 101.982 24.2804 24.2804
6.03 -229.55 195.03 72.5804 20.8956 20.8956
6.04 -229.562 146.783 36.6826 18.3597 18.3597
6.05 -229.573 90.3885 -3.2226 15.8445 15.8445
6.06 -229.584 31.2286 -44.859 12.564 12.564
6.07 -229.595 -24.046 -86.3469 8.30098 8.30098
6.08 -229.605 -70.3615 -125.569 3.5735 3.5735
6.09 -229.629 -106.474 -161.868 -0.60337 -0.60337
6.1 -229.651 -134.246 -195.697 -3.12231 -3.12231
6.11 -229.681 -157.136 -227.142 -3.16291 -3.16291
6.12 -229.714 -178.254 -254.561 -0.467352 -0.467352
6.13 -229.753 -199.629 -275.887 4.53444 4.53444
6.14 -229.793 -221.299 -288.739 10.8207 10.8207
6.15 -229.836 -241.585 -289.681 17.0648 17.0648
6.16 -229.877 -258.965 -275.825 21.9637 21.9637
6.17 -229.916 -273.182 -246.92 24.5231 24.5231
6.18 -229.952 -285.16 -205.187 24.281 24.281
6.19 -229.978 -297.51 -154.751 21.387 21.387
6.2 -229.996 -314.871 -101.043 16.4464 16.4464
6.21 -230.004 -340.904 -47.8331 10.1617 10.1617
6.22 -230 -374.265 5.55353 2.92852 2.92852
6.23 -229.985 -408.349 62.7622 -5.3938 -5.3938
6.24 -229.957 -436.036 125.372 -15.3909 -15.3909
6.25 -229.916 -455.559 188.978 -27.7297 -27.7297
6.26 -229.866 -472.472 243.683 -42.7485 -42.7485
6.27 -229.802 -495.519 277.69 -60.1876 -60.1876
6.28 -229.724 -530.28 283.96 -79.1451 -79.1451
6.29 -229.635 -574.896 266.175 -98.3208 -98.3208
6.3 -229.541 -620.755 238.24 -116.509 -116.509
6.31 -229.443 -658.42 214.483 -133.039 -133.039
6.32 -229.347 -683.094 198.412 -147.761 -147.761
6.33 -229.254 -694.552 181.773 -160.524 -160.524
6.34 -229.168 -694.749 151.812 -170.626 -170.626
6.35 -229.093 -686.248 100.371 -176.787 -176.787
6.36 -229.03 -670.402 29.9549 -177.681 -177.681
6.37 -228.982 -644.984 -44.8241 -172.62 -172.62
6.38 -228.955 -604.74 -103.278 -161.916 -161.916
6.39 -228.946 -547.186 -132.151 -146.691 -146.691
6.4 -228.963 -477.475 -134.688 -128.262 -128.262
6.41 -229.001 -405.045 -122.679 -107.618 -107.618
6.42 -229.056 -338.173 -103.427 -85.4206 -85.4206
6.43 -229.127 -283.556 -77.7701 -62.4933 -62.4933
6.44 -229.21 -246.412 -43.6484 -40.1749 -40.1749
6.45 -229.302 -227.739 2.3918 -20.085 -20.085
6.46 -229.402 -223.417 63.4579 -3.52311 -3.52311
6.47 -229.506 -227.847 138.318 8.93554 8.93554
6.48 -229.611 -237.645 219.507 17.353 17.353
6.49 -229.711 -251.828 297.146 21.9903 21.9903
6.5 -229.8 -269.887 364.181 22.8505 22.8505
6.51 -229.878 -289.975 417.234 19.5262 19.5262
6.52 -229.939 -309.402 453.488 11.5259 11.5259
6.53 -229.978 -326.9 467.858 -1.10358 -1.10358
6.54 -229.994 -342.37 454.313 -17.338 -17.338
6.55 -229.992 -353.361 411.927 -35.329 -35.329
6.56 -229.974 -354.234 348.178 -53.1336 -53.1336
6.57 -229.937 -338.82 274.567 -69.4658 -69.4658
6.58 -229.887 -303.286 200.926 -83.8622 -83.8622
6.59 -229.825 -247.862 131.458 -96.213 -96.213
6.6 -229.756 -176.788 63.4565 -106.107 -106.107
6.61 -229.681 -95.2258 -9.43142 -112.451 -112.451
6.62 -229.608 -5.96917 -91.4806 -113.558 -113.558
6.63 -229.541 90.7871 -181.962 -107.595 -107.595
6.64 -229.469 194.515 -274.305 -93.1145 -93.1145
6.65 -229.438 303.299 -360.653 -69.4975 -69.4975
6.66 -229.417 411.128 -433.612 -37.1704 -37.1704
6.67 -229.418 509.85 -488.935 2.48941 2.48941
6.68 -229.43 592.665 -524.423 47.3918 47.3918
6.69 -229.452 656.843 -537.783 94.941 94.941
6.7 -229.492 701.706 -525.838 142.223 142.223
6.71 -229.536 726.319 -487.627 186.278 186.278
6.72 -229.592 728.64 -426.085 224.555 224.555
6.73 -229.656 710.242 -346.514 255.417 255.417
6.74 -229.723 679.07 -253.119 278.351 278.351
6.75 -229.798 647.52 -149.623 293.712 293.712
6.76 -229.874 626.906 -40.3734 302.119 302.119
6.77 -229.949 623.449 70.6528 303.786 303.786
6.78 -230.025 637.937 179.863 298.156 298.156
6.79 -230.082 667.43 281.07 284.146 284.146
6.8 -230.126 708.646 365.82 260.947 260.947
6.81 -230.15 759.104 426.504 228.769 228.769
6.82 -230.154 817.682 460.61 189.06 189.06
6.83 -230.129 883.125 469.405 144.188 144.188
6.84 -230.086 952.694 454.654 96.9632 96.9632
6.85 -230.02 1022.55 418.252 50.3254 50.3254
6.86 -229.939 1089.36 364.594 7.16069 7.16069
6.87 -229.842 1151.72 300.684 -29.9973 -29.9973
6.88 -229.738 1207.87 231.082 -59.3227 -59.3227
6.89 -229.619 1254.17 155.178 -79.7693 -79.7693
6.9 -229.499 1286.05 70.0477 -90.7711 -90.7711
6.91 -229.385 1301.09 -23.7132 -91.8797 -91.8797
6.92 -229.28 1300.64 -120.046 -82.6353 -82.6353
6.93 -229.19 1288.37 -213.13 -62.6209 -62.6209
6.94 -229.125 1265.03 -302.071 -31.5673 -31.5673
6.95 -229.085 1226.79 -388.917 10.4194 10.4194
6.96 -229.073 1169.25 -471.727 62.3909 62.3909
6.97 -229.088 1092.95 -543.403 122.041 122.041
6.98 -229.131 1004.44 -595.518 185.665 185.665
6.99 -229.201 913.387 -623.293 248.854 248.854
7 -229.292 828.534 -624.752 307.507 307.507
7.01 -229.401 756.731 -596.306 358.417 358.417
7.02 -229.525 702.759 -533.268 399.194 399.194
7.03 -229.659 666.698 -436.729 427.957 427.957
7.04 -229.798 641.104 -317.731 443.275 443.275
7.05 -229.937 611.851 -194.86 444.34 444.34
7.06 -230.072 565.067 -85.3637 431.039 431.039
7.07 -230.197 495.306 3.70071 403.733 403.733
7.08 -230.308 405.839 74.0563 362.931 362.931
7.09 -230.4 302.866 128.432 309.214 309.214
7.1 -230.468 191.043 165.742 243.562 243.562
7.11 -230.507 73.8009 182.096 167.838 167.838
7.12 -230.515 -44.6425 174.529 85.0705 85.0705
7.13 -230.489 -160.022 142.312 -0.643607 -0.643607
7.14 -230.43 -269.968 86.2963 -84.6215 -84.6215
7.15 -230.341 -373.555 9.15507 -162.304 -162.304
7.16 -230.228 -469.773 -84.2018 -229.899 -229.899
7.17 -230.09 -557.628 -186.996 -284.699 -284.699
7.18 -229.942 -637.244 -291.31 -325.01 -325.01
7.19 -229.788 -710.982 -391.683 -349.936 -349.936
7.2 -229.617 -780.654 -482.94 -359.318 -359.318
7.21 -229.477 -846.582 -561.719 -353.724 -353.724
7.22 -229.334 -907.09 -624.584 -334.207 -334.207
7.23 -229.212 -959.53 -666.275 -302.021 -302.021
7.24 -229.12 -1001.54 -683.623 -258.495 -258.495
7.25 -229.053 -1033.42 -676.384 -205.031 -205.031
7.26 -229.009 -1057.39 -646.438 -143.438 -143.438
7.27 -229 -1075.9 -595 -76.4598 -76.4598
7.28 -229.02 -1090.43 -521.868 -7.96563 -7.96563
7.29 -229.06 -1101.22 -427.799 57.4567 57.4567
7.3 -229.116 -1108.02 -314.805 115.206 115.206
7.31 -229.188 -1109.59 -184.013 161.209 161.209
7.32 -229.256 -1105.06 -36.1234 192.139 192.139
7.33 -229.326 -1096.19 121.349 205.616 205.616
7.34 -229.395 -1089.2 271.354 200.663 200.663
7.35 -229.46 -1090.01 395.489 178.1 178.1
7.36 -229.51 -1098.54 484.988 140.333 140.333
7.37 -229.543 -1107.97 544.606 90.3359 90.3359
7.38 -229.568 -1109.73 582.616 30.6339 30.6339
7.39 -229.578 -1100.27 601.26 -36.9196 -36.9196
7.4 -229.571 -1080.07 596.576 -110.519 -110.519
7.41 -229.556 -1049.06 566.097 -187.57 -187.57
7.42 -229.525 -1004.71 513.398 -264.526 -264.526
7.43 -229.477 -944.723 445.302 -337.398 -337.398
7.44 -229.42 -871.129 364.386 -402.127 -402.127
7.45 -229.353 -790.159 267.521 -454.581 -454.581
7.46 -229.285 -708.107 153.262 -490.635 -490.635
7.47 -229.221 -627.748 28.762 -506.773 -506.773
7.48 -229.165 -547.955 -90.3497 -501.023 -501.023
7.49 -229.121 -465.204 -187.486 -473.583 -473.583
7.5 -229.09 -375.039 -254.119 -426.57 -426.57
7.51 -229.075 -273.357 -291.953 -363.02 -363.02
7.52 -229.076 -157.46 -306.51 -285.908 -285.908
7.53 -229.094 -27.8215 -301.394 -197.798 -197.798
7.54 -229.13 111.283 -278.133 -101.104 -101.104
7.55 -229.182 253.147 -238.943 1.45939 1.45939
7.56 -229.253 389.634 -189.968 106.64 106.64
7.57 -229.339 512.37 -139.92 210.675 210.675
7.58 -229.438 616.768 -91.1716 309.344 309.344
7.59 -229.545 704.625 -34.9878 397.864 397.864
7.6 -229.653 781.294 39.6765 470.931 470.931
7.61 -229.757 850.311 132.96 523.383 523.383
7.62 -229.836 911.29 232.653 551.479 551.479
7.63 -229.908 960.023 320.858 553.993 553.993
7.64 -229.954 994.045 388.001 532.303 532.303
7.65 -229.979 1014.53 435.327 489.571 489.571
7.66 -229.971 1027.01 472.079 429.568 429.568
7.67 -229.953 1038.99 508.404 355.734 355.734
7.68 -229.914 1055.01 545.294 270.944 270.944
7.69 -229.862 1074.67 573.471 178.036 178.036
7.7 -229.802 1095.48 581.567 80.4788 80.4788
7.71 -229.726 1117.2 566.295 -17.4731 -17.4731
7.72 -229.635 1141.21 532.459 -111.221 -111.221
7.73 -229.535 1167.86 486.29 -196.309 -196.309
7.74 -229.425 1195.92 432.185 -268.536 -268.536
7.75 -229.315 1224.4 376.053 -323.937 -323.937
7.76 -229.207 1253.86 326.589 -359.113 -359.113
7.77 -229.105 1284.65 291.436 -371.934 -371.934
7.78 -229.018 1315.55 272.21 -362.072 -362.072
7.79 -228.94 1343.78 262.53 -330.89 -330.89
7.8 -228.873 1365.98 253.013 -280.777 -280.777
7.81 -228.824 1379.71 238.987 -214.46 -214.46
7.82 -228.791 1385.53 224.406 -134.727 -134.727
7.83 -228.777 1387.33 221.672 -44.6773 -44.6773
7.84 -228.782 1388.61 244.268 51.7873 51.7873
7.85 -228.807 1388 297.878 149.715 149.715
7.86 -228.848 1378.96 378.836 243.342 243.342
7.87 -228.903 1354.06 478.289 326.717 326.717
7.88 -228.968 1309.13 584.976 394.481 394.481
7.89 -229.046 1242.87 686.188 442.607 442.607
7.9 -229.117 1155.38 770.715 468.841 468.841
7.91 -229.19 1047.32 830.265 472.615 472.615
7.92 -229.258 922.227 864.034 454.544 454.544
7.93 -229.324 788.069 878.702 415.908 415.908
7.94 -229.373 656.005 884.564 358.36 358.36
7.95 -229.412 536.09 887.898 283.847 283.847
7.96 -229.434 433.496 886.281 194.724 194.724
7.97 -229.438 348.578 871.353 94.0208 94.0208
7.98 -229.424 279.015 834.366 -14.3226 -14.3226
7.99 -229.394 221.851 771.873 -125.419 -125.419
8 -229.351 174.385 688.452 -233.694 -233.694
8.01 -229.301 133.194 592.058 -333.405 -333.405
8.02 -229.249 92.2641 486.614 -419.188 -419.188
8.03 -229.2 44.6178 371.376 -486.476 -486.476
8.04 -229.157 -12.3272 247.563 -531.834 -531.834
8.05 -229.122 -74.2805 122.388 -553.315 -553.315
8.06 -229.098 -134.749 3.87055 -550.648 -550.648
8.07 -229.084 -191.18 -106.323 -524.871 -524.871
8.08 -229.083 -245.872 -211.599 -477.546 -477.546
8.09 -229.094 -302.625 -311.451 -410.334 -410.334
8.1 -229.12 -364.204 -397.284 -325.304 -325.304
8.11 -229.161 -431.905 -457.824 -225.69 -225.69
8.12 -229.211 -506.943 -487.037 -116.362 -116.362
8.13 -229.281 -588.394 -483.554 -3.42698 -3.42698
8.14 -229.354 -676.591 -451.456 106.654 106.654
8.15 -229.446 -773.285 -397.657 207.662 207.662
8.16 -229.534 -881.997 -331.499 293.957 293.957
8.17 -229.629 -1002.81 -261.882 360.855 360.855
8.18 -229.716 -1130.45 -196.107 405.093 405.093
8.19 -229.79 -1254.51 -137.951 425.128 425.128
8.2 -229.861 -1365.14 -89.7033 421.024 421.024
8.21 -229.934 -1456.71 -54.3476 394.05 394.05
8.22 -229.988 -1528.71 -34.1454 346.153 346.153
8.23 -230.032 -1584.3 -31.8086 279.459 279.459
8.24 -230.048 -1629.95 -49.2308 196.047 196.047
8.25 -230.047 -1671.72 -86.2226 98.1512 98.1512
8.26 -230.019 -1712.93 -140.061 -11.3466 -11.3466
8.27 -229.973 -1754.3 -207.25 -128.416 -128.416
8.28 -229.905 -1795.11 -285.192 -247.723 -247.723
8.29 -229.821 -1833.62 -370.953 -363.034 -363.034
8.3 -229.722 -1867.86 -461.415 -467.944 -467.944
8.31 -229.635 -1896.51 -554.804 -556.499 -556.499
8.32 -229.546 -1919.89 -651.554 -623.639 -623.639
8.33 -229.463 -1938.29 -752.349 -665.633 -665.633
8.34 -229.389 -1950.32 -856.472 -680.281 -680.281
8.35 -229.342 -1952.32 -960.149 -666.822 -666.822
8.36 -229.307 -1942.19 -1060.37 -625.908 -625.908
8.37 -229.292 -1921.62 -1156.08 -559.455 -559.455
8.38 -229.307 -1895.39 -1243.69 -470.53 -470.53
8.39 -229.344 -1870.93 -1316.43 -363.375 -363.375
8.4 -229.403 -1855.08 -1366.27 -243.226 -243.226
8.41 -229.474 -1853.33 -1389 -115.994 -115.994
8.42 -229.562 -1868.68 -1385.83 12.0358 12.0358
8.43 -229.669 -1900.08 -1360.91 134.525 134.525
8.44 -229.783 -1943.52 -1320.53 245.564 245.564
8.45 -229.903 -1994.09 -1271.66 340.232 340.232
8.46 -230.028 -2046.8 -1221.2 414.851 414.851
8.47 -230.156 -2096.63 -1174.39 466.944 466.944
8.48 -230.28 -2138.3 -1134.96 495.088 495.088
8.49 -230.399 -2167.27 -1107.08 498.842 498.842
8.5 -230.513 -2180.25 -1096.62 478.773 478.773
8.51 -230.615 -2174.9 -1107.28 436.397 436.397
8.52 -230.704 -2148.71 -1136.23 373.981 373.981
8.53 -230.777 -2100.18 -1175.13 294.26 294.26
8.54 -230.824 -2030.58 -1215.66 200.332 200.332
8.55 -230.847 -1944.24 -1253.61 95.921 95.921
8.56 -230.846 -1847.44 -1290.33 -14.2482 -14.2482
8.57 -230.82 -1746.29 -1330.46 -124.374 -124.374
8.58 -230.771 -1643.93 -1376.26 -227.934 -227.934
8.59 -230.707 -1539.52 -1425.73 -318.4 -318.4
8.6 -230.634 -1431.11 -1476.69 -390.041 -390.041
8.61 -230.55 -1319.62 -1530.42 -438.428 -438.428
8.62 -230.47 -1209.13 -1590.72 -460.574 -460.574
8.63 -230.389 -1104.44 -1659.95 -454.974 -454.974
8.64 -230.31 -1011.11 -1736.5 -421.611 -421.611
8.65 -230.244 -934.649 -1817.41 -361.931 -361.931
8.66 -230.188 -878.557 -1897.59 -278.812 -278.812
8.67 -230.143 -842.93 -1968.97 -176.304 -176.304
8.68 -230.102 -825.591 -2024.44 -59.2325 -59.2325
8.69 -230.088 -821.942 -2056.17 67.1737 67.1737
8.7 -230.081 -828.186 -2061.06 197.524 197.524
8.71 -230.097 -839.589 -2039.23 326.156 326.156
8.72 -230.125 -849.059 -1992.61 447.263 447.263
8.73 -230.168 -847.275 -1920.76 555.502 555.502
8.74 -230.228 -826.819 -1823.62 646.268 646.268
8.75 -230.299 -786.017 -1705.72 715.565 715.565
8.76 -230.38 -728.082 -1576.89 760.131 760.131
8.77 -230.466 -656.704 -1447.69 777.833 777.833
8.78 -230.553 -571.542 -1322.97 768.036 768.036
8.79 -230.636 -467.434 -1200.02 731.56 731.56
8.8 -230.712 -338.222 -1072.8 670.34 670.34
8.81 -230.775 -181.418 -936.357 587.162 587.162
8.82 -230.829 0.705693 -788.943 485.624 485.624
8.83 -230.868 201.327 -633.131 370.293 370.293
8.84 -230.821 405.953 -483.548 246.681 246.681
8.85 -230.774 601.335 -356.664 120.549 120.549
8.86 -230.705 776.726 -265.582 -2.65183 -2.65183
8.87 -230.611 928.435 -215.086 -117.167 -117.167
8.88 -230.456 1062.38 -197.194 -216.465 -216.465
8.89 -230.288 1185.3 -197.682 -294.269 -294.269
8.9 -230.117 1300.36 -203.867 -346.187 -346.187
8.91 -229.93 1405.47 -209.262 -370.383 -370.383
8.92 -229.734 1496.83 -212.593 -366.938 -366.938
8.93 -229.55 1574.22 -212.981 -336.945 -336.945
8.94 -229.355 1639.67 -206.778 -282.269 -282.269
8.95 -229.177 1693.74 -188.308 -205.763 -205.763
8.96 -229.007 1737.72 -150.903 -111.457 -111.457
8.97 -228.871 1772.55 -88.0995 -4.40942 -4.40942
8.98 -228.767 1801.38 4.53564 109.693 109.693
8.99 -228.673 1827.94 125.596 224.99 224.99
9 -228.62 1854.71 268.663 335.9 335.9
9.01 -228.578 1885.07 428.105 437.159 437.159
9.02 -228.588 1920.61 596.688 523.542 523.542
9.03 -228.575 1965.43 771.373 590.035 590.035
9.04 -228.625 2021.06 947.153 632.579 632.579
9.05 -228.641 2086.91 1121.61 648.686 648.686
9.06 -228.675 2158.49 1291.97 637.45 637.45
9.07 -228.691 2228.11 1457.6 599.184 599.184
9.08 -228.694 2286.84 1617.06 534.883 534.883
9.09 -228.711 2325.56 1770.57 445.671 445.671
9.1 -228.699 2338.11 1916.28 333.165 333.165
9.11 -228.69 2322.25 2047.91 200.465 200.465
9.12 -228.636 2278.08 2158.43 52.566 52.566
9.13 -228.607 2208.26 2237.82 -103.914 -103.914
9.14 -228.541 2115.03 2281.63 -261.556 -261.556
9.15 -228.469 2002.99 2290.21 -412.8 -412.8
9.16 -228.36 1878.71 2272.3 -550.457 -550.457
9.17 -228.256 1747.89 2235.6 -668.399 -668.399
9.18 -228.144 1613.33 2181.68 -761.805 -761.805
9.19 -228.032 1473.37 2107.06 -827.14 -827.14
9.2 -227.92 1324.25 2011.7 -862.331 -862.331
9.21 -227.818 1162.47 1901.61 -867.103 -867.103
9.22 -227.72 987.99 1786.32 -843.112 -843.112
9.23 -227.629 805.018 1674.99 -793.431 -793.431
9.24 -227.551 619.558 1572.57 -721.521 -721.521
9.25 -227.492 437.118 1479.08 -630.5 -630.5
9.26 -227.456 261.867 1391.82 -523.286 -523.286
9.27 -227.453 97.4714 1309.64 -403.386 -403.386
9.28 -227.476 -51.1111 1236.96 -275.639 -275.639
9.29 -227.534 -178.094 1181.05 -146.36 -146.36
9.3 -227.616 -281.594 1146.02 -22.8077 -22.8077
9.31 -227.723 -365.791 1130.11 87.795 87.795
9.32 -227.868 -437.61 1127.6 179.222 179.222
9.33 -228.016 -502.368 1134.27 246.798 246.798
9.34 -228.191 -563.288 1146.36 287.464 287.464
9.35 -228.366 -622.394 1160.07 299.642 299.642
9.36 -228.546 -681.927 1172.24 283.199 283.199
9.37 -228.716 -742.74 1181.07 239.499 239.499
9.38 -228.88 -804.077 1183.99 171.371 171.371
9.39 -229.03 -864.289 1176.65 82.7998 82.7998
9.4 -229.159 -919.704 1154.87 -21.5272 -21.5272
9.41 -229.263 -965.697 1117.32 -136.614 -136.614
9.42 -229.348 -996.865 1064.91 -257.349 -257.349
9.43 -229.4 -1011.08 997.748 -378.409 -378.409
9.44 -229.442 -1010.64 912.592 -494.015 -494.015
9.45 -229.442 -1001.47 806.023 -597.925 -597.925
9.46 -229.439 -990.027 677.001 -683.872 -683.872
9.47 -229.412 -979.938 529.776 -746.442 -746.442
9.48 -229.374 -969.933 372.504 -781.944 -781.944
9.49 -229.326 -955.8 214.709 -788.777 -788.777
9.5 -229.266 -934.093 61.6401 -767.085 -767.085
9.51 -229.217 -903.615 -90.1347 -717.776 -717.776
9.52 -229.166 -866.199 -247.436 -641.803 -641.803
9.53 -229.132 -821.359 -407.816 -540.497 -540.497
9.54 -229.097 -765.389 -559.547 -416.485 -416.485
9.55 -229.093 -692.842 -686.429 -274.244 -274.244
9.56 -229.089 -601.117 -778.237 -119.886 -119.886
9.57 -229.123 -490.095 -830.596 39.6942 39.6942
9.58 -229.162 -360.127 -846.546 197.702 197.702
9.59 -229.234 -210.791 -829.619 347.785 347.785
9.6 -229.32 -41.7891 -784.124 483.971 483.971
9.61 -229.431 143.226 -716.697 600.762 600.762
9.62 -229.56 336.993 -638.37 693.655 693.655
9.63 -229.686 529.245 -562.944 759.817 759.817
9.64 -229.816 715.71 -497.608 798.227 798.227
9.65 -229.967 897.215 -438.906 808.981 808.981
9.66 -230.119 1076.84 -380.448 792.478 792.478
9.67 -230.258 1255.13 -319.184 749.461 749.461
9.68 -230.358 1429.1 -259.059 681.822 681.822
9.69 -230.451 1592.96 -208.265 593.069 593.069
9.7 -230.507 1741.61 -170.93 488.008 488.008
9.71 -230.544 1873.3 -145.089 372.27 372.27
9.72 -230.549 1987.67 -130.509 252.113 252.113
9.73 -230.521 2084.57 -128.877 134.248 134.248
9.74 -230.48 2166.34 -140.03 25.3638 25.3638
9.75 -230.398 2237.97 -160.884 -68.576 -68.576
9.76 -230.299 2302.84 -189.136 -142.813 -142.813
9.77 -230.186 2361.3 -229.363 -193.88 -193.88
9.78 -230.046 2414.46 -289.706 -219.413 -219.413
9.79 -229.905 2461.81 -373.576 -217.814 -217.814
9.8 -229.792 2503.59 -475.205 -188.354 -188.354
9.81 -229.705 2543.11 -581.004 -131.732 -131.732
9.82 -229.605 2585.11 -674.082 -50.3919 -50.3919
9.83 -229.524 2633.72 -738.419 51.6832 51.6832
9.84 -229.455 2689.01 -764.415 169.423 169.423
9.85 -229.406 2747.28 -750.194 296.875 296.875
9.86 -229.376 2802.57 -698.123 427.347 427.347
9.87 -229.368 2848.57 -611.051 553.818 553.818
9.88 -229.363 2880.72 -493.553 669.535 669.535
9.89 -229.375 2895.66 -351.882 768.613 768.613
9.9 -229.411 2890.77 -195.03 846.423 846.423
9.91 -229.44 2865.84 -30.5688 899.545 899.545
9.92 -229.489 2821.95 137.118 925.476 925.476
9.93 -229.548 2760.59 310.499 922.485 922.485
9.94 -229.601 2682.69 491.242 889.414 889.414
9.95 -229.634 2588.76 675.986 825.622 825.622
9.96 -229.665 2480.58 859.685 731.508 731.508
9.97 -229.661 2362.08 1037.59 609.223 609.223
9.98 -229.63 2236.55 1205.93 462.921 462.921
9.99 -229.568 2105.4 1359.08 298.352 298.352
10 -229.457 1966.18 1490.72 122.217 122.217
