0.1 -0.000824525 -0.00540815 0.0018087
0.2 -0.00165149 -0.0108299 0.00362241
0.3 -0.00248091 -0.0162654 0.00544116
0.4 -0.00331281 -0.0217147 0.00726503
0.5 -0.00414722 -0.027178 0.00909405
0.6 -0.00498416 -0.0326553 0.0109283
0.7 -0.00582366 -0.0381467 0.0127678
0.8 -0.00667383 -0.0436521 0.0146337
0.9 -0.00756912 -0.0491606 0.0166081
1 -0.008479 -0.0546748 0.0186221
0.01 -0.00850258 -0.0546748 0.0186502
0.02 -0.0085713 -0.0546747 0.0187333
0.03 -0.00865851 -0.0546745 0.0188392
0.04 -0.00874131 -0.0546743 0.0189332
0.05 -0.00882219 -0.0546741 0.0190091
0.06 -0.00890069 -0.0546738 0.0190614
0.07 -0.00897354 -0.0546734 0.0190861
0.08 -0.00903662 -0.0546731 0.0190825
0.09 -0.00908672 -0.0546727 0.0190532
0.1 -0.00912266 -0.0546721 0.0190025
0.11 -0.00914525 -0.0546714 0.0189343
0.12 -0.00915649 -0.0546706 0.0188504
0.13 -0.00915872 -0.0546697 0.0187486
0.14 -0.00915405 -0.0546691 0.0186235
0.15 -0.00914377 -0.0546689 0.0184698
0.16 -0.00912766 -0.0546693 0.0182846
0.17 -0.009104 -0.0546705 0.0180684
0.18 -0.00907075 -0.0546725 0.0178239
0.19 -0.00902626 -0.0546751 0.0175534
0.2 -0.00896965 -0.0546782 0.0172588
0.21 -0.00890058 -0.0546817 0.016943
0.22 -0.00881824 -0.0546854 0.0166106
0.23 -0.00872199 -0.054689 0.0162674
0.24 -0.00861291 -0.0546927 0.0159193
0.25 -0.00849436 -0.0546962 0.0155715
0.26 -0.00837014 -0.0546994 0.015229
0.27 -0.00824037 -0.0547023 0.014894
0.28 -0.008101 -0.054705 0.0145652
0.29 -0.00794918 -0.0547073 0.0142382
0.3 -0.00778644 -0.0547094 0.0139068
0.31 -0.00761422 -0.0547114 0.0135662
0.32 -0.00743179 -0.0547133 0.013216
0.33 -0.00724008 -0.0547151 0.0128621
0.34 -0.00704172 -0.0547169 0.0125121
0.35 -0.00683881 -0.0547187 0.0121704
0.36 -0.00663351 -0.0547203 0.0118367
0.37 -0.00642766 -0.0547218 0.0115104
0.38 -0.00622104 -0.0547232 0.0111954
0.39 -0.00601255 -0.0547247 0.0108974
0.4 -0.00580347 -0.0547264 0.0106183
0.41 -0.00559682 -0.0547283 0.0103533
0.42 -0.00539529 -0.0547306 0.0100966
0.43 -0.00520035 -0.0547333 0.00984718
0.44 -0.00501105 -0.0547363 0.00961086
0.45 -0.00482656 -0.0547394 0.00939496
0.46 -0.00464691 -0.0547426 0.00920257
0.47 -0.00447046 -0.0547456 0.00903386
0.48 -0.00429664 -0.0547483 0.00889164
0.49 -0.00412798 -0.0547505 0.00878246
0.5 -0.00396444 -0.0547521 0.00871285
0.51 -0.00380247 -0.0547531 0.00868761
0.52 -0.00364168 -0.0547534 0.00871235
0.53 -0.00348275 -0.0547531 0.00879402
0.54 -0.00331963 -0.0547521 0.00893378
0.55 -0.00314265 -0.0547505 0.00912097
0.56 -0.00295169 -0.0547486 0.00934251
0.57 -0.00276409 -0.0547464 0.00959754
0.58 -0.00260356 -0.054744 0.00989378
0.59 -0.00247948 -0.0547415 0.0102327
0.6 -0.00238269 -0.0547389 0.0106042
0.61 -0.00230335 -0.0547362 0.0109936
0.62 -0.00224218 -0.0547333 0.0113912
0.63 -0.00219163 -0.0547304 0.0117957
0.64 -0.00212874 -0.0547274 0.0122094
0.65 -0.00204739 -0.0547244 0.0126353
0.66 -0.0019661 -0.0547215 0.0130736
0.67 -0.00189802 -0.0547187 0.0135169
0.68 -0.00184159 -0.054716 0.0139592
0.69 -0.00179522 -0.0547136 0.0144044
0.7 -0.00176107 -0.0547113 0.0148566
0.71 -0.00173977 -0.0547092 0.0153081
0.72 -0.00173635 -0.0547074 0.0157408
0.73 -0.00176419 -0.0547058 0.0161403
0.74 -0.00183788 -0.0547043 0.0165137
0.75 -0.00196582 -0.0547029 0.0168883
0.76 -0.00214608 -0.0547013 0.0172845
0.77 -0.00236399 -0.0546994 0.0177029
0.78 -0.00259187 -0.0546971 0.0181343
0.79 -0.00280365 -0.0546944 0.0185721
0.8 -0.00299226 -0.0546914 0.0190152
0.81 -0.00316287 -0.054688 0.0194574
0.82 -0.00331973 -0.0546846 0.0198796
0.83 -0.00346649 -0.0546813 0.0202631
0.84 -0.00360747 -0.0546779 0.0206063
0.85 -0.00373723 -0.0546747 0.0209199
0.86 -0.00384012 -0.0546716 0.021217
0.87 -0.00392287 -0.0546685 0.0215184
0.88 -0.00401696 -0.0546655 0.0218458
0.89 -0.00412669 -0.0546628 0.0222001
0.9 -0.00421137 -0.0546604 0.0225563
0.91 -0.00422928 -0.0546586 0.0228916
0.92 -0.00418768 -0.0546574 0.0232179
0.93 -0.00413049 -0.0546567 0.0235763
0.94 -0.0040796 -0.0546564 0.0239888
0.95 -0.00401937 -0.0546564 0.0244207
0.96 -0.00392659 -0.0546564 0.0248062
0.97 -0.00380495 -0.0546563 0.0251144
0.98 -0.00369577 -0.0546558 0.0253692
0.99 -0.00363057 -0.054655 0.0256036
1 -0.00359768 -0.0546537 0.0258189
1.01 -0.00358619 -0.054652 0.0259866
1.02 -0.00360523 -0.0546501 0.0260776
1.03 -0.00363909 -0.0546478 0.0261009
1.04 -0.00364231 -0.0546454 0.0261063
1.05 -0.00359702 -0.054643 0.0261353
1.06 -0.0035353 -0.0546408 0.0261846
1.07 -0.00349175 -0.0546392 0.0262199
1.08 -0.00345393 -0.0546385 0.0262001
1.09 -0.00339376 -0.0546389 0.0261019
1.1 -0.00333738 -0.0546402 0.0259397
1.11 -0.00333653 -0.0546422 0.0257541
1.12 -0.00337923 -0.0546449 0.0255774
1.13 -0.00339475 -0.0546479 0.0254047
1.14 -0.00334308 -0.0546512 0.0251885
1.15 -0.00321158 -0.0546545 0.0248683
1.16 -0.00296485 -0.0546578 0.0244171
1.17 -0.00259146 -0.0546612 0.0238761
1.18 -0.00212467 -0.0546646 0.0233391
1.19 -0.00161105 -0.0546681 0.0228795
1.2 -0.00109992 -0.0546715 0.0224995
1.21 -0.000629056 -0.0546749 0.0221523
1.22 -0.000219213 -0.0546782 0.0217889
1.23 0.000123307 -0.0546816 0.0213782
1.24 0.000417959 -0.0546852 0.020911
1.25 0.000722372 -0.0546893 0.0203978
1.26 0.00110551 -0.054694 0.019856
1.27 0.00160059 -0.0546991 0.0193081
1.28 0.00220109 -0.0547041 0.0187826
1.29 0.00286378 -0.0547084 0.0183083
1.3 0.00352493 -0.0547115 0.017911
1.31 0.00415802 -0.0547133 0.0176033
1.32 0.00477217 -0.0547141 0.0173598
1.33 0.00535755 -0.0547146 0.0171123
1.34 0.00592333 -0.0547157 0.0167876
1.35 0.00654213 -0.0547177 0.0163736
1.36 0.00725652 -0.0547208 0.0159437
1.37 0.00800742 -0.0547247 0.0155887
1.38 0.00868562 -0.0547291 0.0153326
1.39 0.00921856 -0.0547333 0.0151146
1.4 0.00960155 -0.0547372 0.0148425
1.41 0.00984062 -0.0547406 0.014505
1.42 0.00994541 -0.0547434 0.0142128
1.43 0.00998315 -0.0547457 0.0140814
1.44 0.0100221 -0.0547478 0.0141186
1.45 0.0100436 -0.0547495 0.0142328
1.46 0.0099677 -0.0547508 0.0143203
1.47 0.00972889 -0.0547512 0.0143737
1.48 0.00928256 -0.0547505 0.0145027
1.49 0.00854353 -0.0547484 0.0148236
1.5 0.00742816 -0.0547451 0.0153571
1.51 0.00602151 -0.0547407 0.0160457
1.52 0.00459939 -0.0547354 0.0168317
1.53 0.00338683 -0.0547291 0.0177121
1.54 0.00238815 -0.0547217 0.0187171
1.55 0.00150438 -0.0547128 0.0198479
1.56 0.000671663 -0.0547025 0.0210697
1.57 -0.000148488 -0.0546908 0.0223364
1.58 -0.00101102 -0.0546778 0.02358
1.59 -0.00198959 -0.0546638 0.0247109
1.6 -0.00317471 -0.0546494 0.0256738
1.61 -0.00462456 -0.0546351 0.026525
1.62 -0.00625665 -0.0546213 0.027403
1.63 -0.00779874 -0.0546091 0.0283396
1.64 -0.00888315 -0.0545993 0.0291707
1.65 -0.00927887 -0.0545924 0.0297114
1.66 -0.00904564 -0.0545885 0.0299525
1.67 -0.00844669 -0.0545873 0.0300456
1.68 -0.00775532 -0.0545884 0.0301411
1.69 -0.00715605 -0.0545917 0.030259
1.7 -0.00675452 -0.0545964 0.0303333
1.71 -0.00655485 -0.0546023 0.0303386
1.72 -0.00642617 -0.0546091 0.0302963
1.73 -0.00619411 -0.0546166 0.0301989
1.74 -0.00575834 -0.0546251 0.0299929
1.75 -0.00508286 -0.0546346 0.0296162
1.76 -0.00416186 -0.0546451 0.0290287
1.77 -0.00307943 -0.0546561 0.0282349
1.78 -0.00205483 -0.0546664 0.0273113
1.79 -0.00129645 -0.0546744 0.0264013
1.8 -0.000825302 -0.0546793 0.0256137
1.81 -0.000524614 -0.054681 0.0249223
1.82 -0.000273944 -0.0546802 0.0242153
1.83 4.45231e-006 -0.0546783 0.0234183
1.84 0.00036014 -0.0546767 0.0225518
1.85 0.000795321 -0.0546763 0.0217079
1.86 0.00121532 -0.0546776 0.0209726
1.87 0.00154367 -0.0546804 0.0203479
1.88 0.00193709 -0.0546847 0.0197517
1.89 0.00266109 -0.05469 0.0190907
1.9 0.00367458 -0.0546962 0.0183209
1.91 0.00460376 -0.0547031 0.0174563
1.92 0.00513078 -0.054711 0.0165455
1.93 0.00516014 -0.0547196 0.0156281
1.94 0.00469906 -0.0547288 0.0147044
1.95 0.00379162 -0.0547378 0.0137619
1.96 0.00259136 -0.0547459 0.0128036
1.97 0.0013795 -0.0547529 0.0118455
1.98 0.000387258 -0.0547588 0.0109089
1.99 -0.000361254 -0.0547643 0.0100062
2 -0.00101261 -0.0547699 0.00914782
2.01 -0.00175669 -0.0547756 0.0083808
2.02 -0.00271939 -0.0547809 0.00780754
2.03 -0.00397872 -0.0547846 0.00754845
2.04 -0.00560982 -0.0547853 0.00765574
2.05 -0.00756082 -0.0547823 0.00806415
2.06 -0.00961568 -0.0547761 0.00864399
2.07 -0.0116456 -0.0547674 0.00928875
2.08 -0.013741 -0.0547572 0.00995034
2.09 -0.0160359 -0.0547465 0.0106138
2.1 -0.0185193 -0.0547357 0.0112463
2.11 -0.0210608 -0.0547244 0.0117957
2.12 -0.0236034 -0.0547121 0.0122415
2.13 -0.0262246 -0.0546983 0.0126027
2.14 -0.0290061 -0.0546833 0.0129165
2.15 -0.0319082 -0.0546677 0.0132273
2.16 -0.0347336 -0.054653 0.0135567
2.17 -0.0372725 -0.0546406 0.0138611
2.18 -0.0395412 -0.0546318 0.0140212
2.19 -0.0417178 -0.0546273 0.0139161
2.2 -0.0438177 -0.0546271 0.0135294
2.21 -0.0456742 -0.0546306 0.0129526
2.22 -0.0471936 -0.054637 0.012308
2.23 -0.0484393 -0.0546455 0.0116797
2.24 -0.0495001 -0.0546556 0.0110792
2.25 -0.0503907 -0.0546666 0.0104576
2.26 -0.0511182 -0.0546782 0.00974568
2.27 -0.0516802 -0.05469 0.00889207
2.28 -0.0519563 -0.0547016 0.00789854
2.29 -0.0517926 -0.0547123 0.00681927
2.3 -0.0511712 -0.0547219 0.0057174
2.31 -0.0501628 -0.0547301 0.00465026
2.32 -0.0488221 -0.0547366 0.00368798
2.33 -0.0472128 -0.0547412 0.00289972
2.34 -0.0454452 -0.0547443 0.00230838
2.35 -0.0436433 -0.0547463 0.00188167
2.36 -0.0418871 -0.0547479 0.00156859
2.37 -0.0402346 -0.0547499 0.00133271
2.38 -0.0387079 -0.0547525 0.00116552
2.39 -0.0371623 -0.0547559 0.00109169
2.4 -0.0353614 -0.0547597 0.0011862
2.41 -0.0331901 -0.0547632 0.00158616
2.42 -0.0306339 -0.0547658 0.0024225
2.43 -0.0277586 -0.0547671 0.00368454
2.44 -0.0248104 -0.0547667 0.00518429
2.45 -0.0220866 -0.0547646 0.0067033
2.46 -0.0196699 -0.054761 0.00815425
2.47 -0.0174332 -0.0547561 0.00958304
2.48 -0.0152515 -0.0547503 0.0110679
2.49 -0.0131142 -0.0547435 0.01265
2.5 -0.0111098 -0.0547357 0.0143397
2.51 -0.00933713 -0.0547266 0.016129
2.52 -0.00783264 -0.0547161 0.0179681
2.53 -0.00658835 -0.0547044 0.0197814
2.54 -0.00554668 -0.0546919 0.0215175
2.55 -0.00459051 -0.0546792 0.0231606
2.56 -0.00360821 -0.0546672 0.0247134
2.57 -0.0025501 -0.0546563 0.0261687
2.58 -0.00143686 -0.0546466 0.0274983
2.59 -0.000351371 -0.0546377 0.0286932
2.6 0.000602525 -0.0546294 0.0297908
2.61 0.00137645 -0.0546216 0.0308168
2.62 0.00201083 -0.0546145 0.0317247
2.63 0.00259547 -0.0546091 0.0324442
2.64 0.00313308 -0.0546059 0.0329865
2.65 0.003427 -0.0546055 0.03346
2.66 0.00325049 -0.0546078 0.0339665
2.67 0.00259464 -0.0546124 0.0344796
2.68 0.0016701 -0.0546185 0.0348498
2.69 0.000718808 -0.0546253 0.0349535
2.7 -0.000187574 -0.0546317 0.0348182
2.71 -0.00113121 -0.0546372 0.0346167
2.72 -0.00213055 -0.0546409 0.0345672
2.73 -0.00302471 -0.0546426 0.0347836
2.74 -0.00364367 -0.0546419 0.0351618
2.75 -0.00403467 -0.0546384 0.0354539
2.76 -0.00437949 -0.0546322 0.0354997
2.77 -0.00480478 -0.054624 0.0353017
2.78 -0.00536268 -0.0546148 0.0348527
2.79 -0.0060084 -0.0546064 0.0340442
2.8 -0.00656083 -0.0546002 0.0328205
2.81 -0.0068922 -0.0545969 0.031307
2.82 -0.00708675 -0.0545965 0.0297261
2.83 -0.00730717 -0.0545988 0.0282373
2.84 -0.00764073 -0.0546037 0.026846
2.85 -0.00804767 -0.0546113 0.0254531
2.86 -0.0084398 -0.0546223 0.0239437
2.87 -0.00878054 -0.0546374 0.0221933
2.88 -0.00901634 -0.0546568 0.0201206
2.89 -0.00903433 -0.0546805 0.017793
2.9 -0.00878543 -0.0547071 0.0153984
2.91 -0.0083356 -0.0547349 0.0130861
2.92 -0.00778111 -0.0547619 0.0108747
2.93 -0.00721767 -0.0547862 0.00872877
2.94 -0.00673853 -0.0548068 0.00667171
2.95 -0.00639524 -0.0548234 0.00476985
2.96 -0.00620377 -0.0548364 0.00305754
2.97 -0.00621377 -0.0548465 0.00156181
2.98 -0.00651602 -0.0548545 0.000369543
2.99 -0.00712532 -0.0548604 -0.000400072
3 -0.00787657 -0.0548636 -0.000675632
3.01 -0.00850052 -0.0548635 -0.000462267
3.02 -0.00880365 -0.0548594 0.000199857
3.03 -0.00874873 -0.0548514 0.00129449
3.04 -0.00846235 -0.0548395 0.00282027
3.05 -0.00820206 -0.0548245 0.00470059
3.06 -0.00821125 -0.054807 0.00677427
3.07 -0.00853393 -0.0547871 0.0089488
3.08 -0.00900201 -0.0547649 0.0112632
3.09 -0.00946746 -0.0547403 0.0137686
3.1 -0.0099599 -0.0547139 0.0164373
3.11 -0.0105141 -0.0546868 0.0191404
3.12 -0.0109308 -0.0546607 0.0217055
3.13 -0.0108476 -0.0546374 0.0240359
3.14 -0.0101087 -0.0546181 0.0261212
3.15 -0.00896644 -0.0546035 0.0279767
3.16 -0.00787007 -0.0545932 0.0296341
3.17 -0.00721948 -0.0545864 0.0311255
3.18 -0.00721935 -0.0545821 0.0324712
3.19 -0.00771772 -0.0545794 0.0337079
3.2 -0.00830023 -0.0545779 0.0349019
3.21 -0.008686 -0.0545777 0.0361312
3.22 -0.00894419 -0.0545791 0.0374593
3.23 -0.00932174 -0.0545824 0.0388826
3.24 -0.0100082 -0.0545875 0.0403147
3.25 -0.0110951 -0.0545932 0.0416271
3.26 -0.0125841 -0.054598 0.042651
3.27 -0.0143106 -0.0546002 0.0431962
3.28 -0.0159983 -0.0545989 0.0431622
3.29 -0.0174876 -0.0545936 0.042634
3.3 -0.0188222 -0.054585 0.0418697
3.31 -0.0200942 -0.0545731 0.0411987
3.32 -0.0212717 -0.054558 0.0408886
3.33 -0.0222777 -0.0545409 0.0410427
3.34 -0.0232341 -0.0545224 0.0415752
3.35 -0.0244001 -0.0545045 0.0422628
3.36 -0.0258323 -0.05449 0.0428028
3.37 -0.0272912 -0.0544819 0.0428837
3.38 -0.0284124 -0.0544823 0.0423135
3.39 -0.0288926 -0.0544921 0.0411278
3.4 -0.0286874 -0.0545099 0.0395631
3.41 -0.0280951 -0.0545321 0.0379254
3.42 -0.027522 -0.0545542 0.0364639
3.43 -0.0271456 -0.0545727 0.0352934
3.44 -0.0268649 -0.0545858 0.0343841
3.45 -0.0264969 -0.054594 0.0336232
3.46 -0.0259517 -0.0545998 0.0328634
3.47 -0.0252586 -0.0546063 0.0319516
3.48 -0.024483 -0.0546163 0.0307988
3.49 -0.0236599 -0.0546306 0.0294346
3.5 -0.0228718 -0.0546483 0.0279928
3.51 -0.0223006 -0.0546664 0.0266512
3.52 -0.022012 -0.0546818 0.0255426
3.53 -0.0218201 -0.0546921 0.0246844
3.54 -0.0215216 -0.0546966 0.0239945
3.55 -0.0211565 -0.0546958 0.0233569
3.56 -0.0210252 -0.0546913 0.0226751
3.57 -0.0214479 -0.0546849 0.0219068
3.58 -0.0224959 -0.0546774 0.0210787
3.59 -0.0239423 -0.0546693 0.0202853
3.6 -0.0253658 -0.0546606 0.0196339
3.61 -0.0263581 -0.0546518 0.0191387
3.62 -0.0267964 -0.0546441 0.0186812
3.63 -0.0269225 -0.0546397 0.0180833
3.64 -0.0270822 -0.0546405 0.0172373
3.65 -0.0274221 -0.0546476 0.0161797
3.66 -0.0278738 -0.0546606 0.0150362
3.67 -0.028344 -0.0546773 0.0139637
3.68 -0.0287959 -0.0546949 0.0131243
3.69 -0.0291801 -0.0547105 0.0125598
3.7 -0.0294276 -0.0547227 0.0120975
3.71 -0.0294917 -0.0547317 0.0114629
3.72 -0.029298 -0.0547388 0.0104329
3.73 -0.0287364 -0.0547461 0.00892781
3.74 -0.027781 -0.0547548 0.00707577
3.75 -0.0265195 -0.054765 0.0051149
3.76 -0.0250716 -0.0547757 0.00320265
3.77 -0.023515 -0.0547854 0.00139827
3.78 -0.021881 -0.054793 -0.000266166
3.79 -0.0202044 -0.0547986 -0.00180465
3.8 -0.018516 -0.0548033 -0.00329561
3.81 -0.0168201 -0.0548092 -0.00479628
3.82 -0.0151501 -0.0548182 -0.00622847
3.83 -0.0135587 -0.0548307 -0.00738874
3.84 -0.0120425 -0.0548461 -0.00818609
3.85 -0.0105981 -0.0548629 -0.00884549
3.86 -0.00928553 -0.0548794 -0.00967239
3.87 -0.00818713 -0.0548941 -0.010705
3.88 -0.00735983 -0.0549063 -0.0117651
3.89 -0.00682361 -0.0549163 -0.0127094
3.9 -0.0066088 -0.0549247 -0.0135302
3.91 -0.00683852 -0.0549317 -0.0142527
3.92 -0.00771712 -0.0549369 -0.0147829
3.93 -0.00931011 -0.054939 -0.0149261
3.94 -0.0113732 -0.0549369 -0.0145332
3.95 -0.0135309 -0.0549301 -0.01353
3.96 -0.0155239 -0.0549194 -0.0118786
3.97 -0.0172265 -0.0549061 -0.00962811
3.98 -0.0185544 -0.0548913 -0.00691762
3.99 -0.0194457 -0.0548755 -0.00386629
4 -0.0200193 -0.0548582 -0.000508922
4.01 -0.0206612 -0.0548375 0.00318803
4.02 -0.0217214 -0.0548119 0.00722731
4.03 -0.0232486 -0.05478 0.0114622
4.04 -0.0251544 -0.0547421 0.0156532
4.05 -0.0273413 -0.0546995 0.0196105
4.06 -0.0295398 -0.0546545 0.0232446
4.07 -0.031345 -0.05461 0.0265814
4.08 -0.0325682 -0.0545686 0.0297706
4.09 -0.0333323 -0.0545316 0.0330539
4.1 -0.0338287 -0.0544993 0.0366624
4.11 -0.0342083 -0.0544715 0.0406819
4.12 -0.0345649 -0.0544478 0.0449965
4.13 -0.0348349 -0.0544286 0.0493448
4.14 -0.0349148 -0.0544149 0.0534285
4.15 -0.034885 -0.0544076 0.0569902
4.16 -0.0349375 -0.0544068 0.059855
4.17 -0.0352079 -0.054411 0.0619556
4.18 -0.035697 -0.0544176 0.0633604
4.19 -0.0362504 -0.054423 0.0642993
4.2 -0.0366794 -0.0544238 0.0650972
4.21 -0.0368563 -0.0544179 0.0659913
4.22 -0.0366485 -0.0544057 0.0670006
4.23 -0.0359777 -0.0543901 0.0679844
4.24 -0.0349132 -0.0543748 0.0687828
4.25 -0.0334613 -0.0543631 0.0692977
4.26 -0.0314853 -0.0543578 0.0695038
4.27 -0.0289478 -0.0543595 0.0694107
4.28 -0.025935 -0.0543671 0.0690446
4.29 -0.0225382 -0.0543783 0.068469
4.3 -0.0189751 -0.054391 0.0677484
4.31 -0.0156024 -0.0544036 0.066859
4.32 -0.0126098 -0.0544162 0.0656855
4.33 -0.00987396 -0.0544294 0.0641226
4.34 -0.00712493 -0.0544441 0.0621854
4.35 -0.004087 -0.054461 0.0600313
4.36 -0.0005337 -0.0544805 0.0578286
4.37 0.0036102 -0.0545024 0.055605
4.38 0.00821089 -0.0545262 0.0532849
4.39 0.0129293 -0.0545517 0.0508548
4.4 0.0173362 -0.0545785 0.0484272
4.41 0.021186 -0.0546066 0.0461373
4.42 0.0245247 -0.0546359 0.0440204
4.43 0.0275726 -0.0546661 0.0420127
4.44 0.0306376 -0.0546962 0.0400542
4.45 0.0339366 -0.0547244 0.038166
4.46 0.0373185 -0.054749 0.0363974
4.47 0.0403339 -0.054768 0.0347127
4.48 0.0426304 -0.0547807 0.0330226
4.49 0.0441247 -0.0547873 0.0313388
4.5 0.0448821 -0.0547888 0.0298035
4.51 0.0451112 -0.0547863 0.0285493
4.52 0.0452076 -0.0547816 0.0275962
4.53 0.0454986 -0.0547765 0.0269177
4.54 0.0460362 -0.0547724 0.0265518
4.55 0.0467478 -0.0547699 0.0265544
4.56 0.0475035 -0.054769 0.0268545
4.57 0.0480753 -0.0547693 0.0272587
4.58 0.0483081 -0.0547701 0.0275929
4.59 0.048316 -0.054771 0.027771
4.6 0.0484058 -0.0547715 0.0277581
4.61 0.0487425 -0.0547717 0.0275594
4.62 0.0491344 -0.0547712 0.0272594
4.63 0.0493143 -0.0547698 0.0269915
4.64 0.0493854 -0.0547677 0.0268154
4.65 0.0497626 -0.0547654 0.0266273
4.66 0.0507001 -0.0547639 0.0261816
4.67 0.052069 -0.0547644 0.0252416
4.68 0.053556 -0.0547685 0.0237535
4.69 0.0549453 -0.0547771 0.0218526
4.7 0.0562644 -0.0547908 0.0197318
4.71 0.0577188 -0.0548087 0.0175521
4.72 0.0593952 -0.0548296 0.0154053
4.73 0.0610933 -0.0548515 0.0132499
4.74 0.062557 -0.0548732 0.010938
4.75 0.0637009 -0.0548944 0.00835126
4.76 0.0646196 -0.0549157 0.00545503
4.77 0.065568 -0.0549389 0.0022733
4.78 0.0667561 -0.0549646 -0.00112885
4.79 0.0680446 -0.0549926 -0.00465993
4.8 0.0690753 -0.0550219 -0.00819995
4.81 0.0696165 -0.0550507 -0.0116299
4.82 0.069599 -0.0550778 -0.0149121
4.83 0.069117 -0.0551024 -0.0180308
4.84 0.0685811 -0.0551244 -0.0208174
4.85 0.0684978 -0.0551443 -0.0230223
4.86 0.0687968 -0.0551624 -0.0245932
4.87 0.0687541 -0.0551783 -0.0257456
4.88 0.0678075 -0.0551913 -0.0267643
4.89 0.0660555 -0.0552005 -0.0277521
4.9 0.0639252 -0.0552049 -0.0285512
4.91 0.0616837 -0.0552033 -0.0289594
4.92 0.0593824 -0.0551959 -0.029008
4.93 0.0570734 -0.0551835 -0.02895
4.94 0.0547515 -0.0551675 -0.0290092
4.95 0.0521514 -0.055149 -0.0292146
4.96 0.0489532 -0.055129 -0.0294054
4.97 0.0451489 -0.0551079 -0.0293018
4.98 0.0409123 -0.0550863 -0.028652
4.99 0.0362144 -0.0550646 -0.0274487
5 0.030952 -0.055044 -0.0260213
5.01 0.0253347 -0.0550259 -0.0248119
5.02 0.0197267 -0.0550119 -0.0240087
5.03 0.014269 -0.0550025 -0.0234471
5.04 0.0089163 -0.0549977 -0.0228614
5.05 0.00353674 -0.0549958 -0.0221417
5.06 -0.00222815 -0.0549947 -0.0213668
5.07 -0.00878333 -0.0549914 -0.0207243
5.08 -0.0161015 -0.0549841 -0.0204056
5.09 -0.0237489 -0.0549726 -0.0205167
5.1 -0.0313217 -0.0549581 -0.0210812
5.11 -0.03851 -0.0549434 -0.0220562
5.12 -0.0449123 -0.0549307 -0.0233482
5.13 -0.0502895 -0.0549217 -0.0248752
5.14 -0.0549707 -0.0549161 -0.0265597
5.15 -0.0595833 -0.0549126 -0.0282637
5.16 -0.0644131 -0.0549098 -0.0298784
5.17 -0.0693678 -0.0549077 -0.031486
5.18 -0.0743046 -0.0549074 -0.0333245
5.19 -0.079 -0.054911 -0.0356462
5.2 -0.0829334 -0.0549209 -0.038588
5.21 -0.0854822 -0.0549379 -0.0420101
5.22 -0.0864579 -0.054961 -0.0454056
5.23 -0.086155 -0.0549869 -0.0480669
5.24 -0.0849903 -0.0550121 -0.0494391
5.25 -0.0833908 -0.0550334 -0.0493432
5.26 -0.0816998 -0.0550494 -0.0479211
5.27 -0.0799724 -0.0550604 -0.0454478
5.28 -0.0780968 -0.0550682 -0.0421938
5.29 -0.076058 -0.0550748 -0.038388
5.3 -0.0737786 -0.055081 -0.0342105
5.31 -0.070939 -0.0550853 -0.0297384
5.32 -0.0672889 -0.0550835 -0.0248577
5.33 -0.0628762 -0.0550696 -0.0192507
5.34 -0.0578751 -0.0550378 -0.0125198
5.35 -0.0523345 -0.054985 -0.00434742
5.36 -0.0461523 -0.0549119 0.00540345
5.37 -0.0394525 -0.0548227 0.0165463
5.38 -0.0328262 -0.0547245 0.0284958
5.39 -0.0268167 -0.0546246 0.0405761
5.4 -0.0213198 -0.0545291 0.052432
5.41 -0.0157578 -0.0544416 0.0640087
5.42 -0.00964664 -0.054364 0.0752286
5.43 -0.00299826 -0.0542967 0.0858126
5.44 0.00372096 -0.0542387 0.0954567
5.45 0.0101357 -0.0541885 0.10415
5.46 0.0163437 -0.0541445 0.112154
5.47 0.0226892 -0.0541062 0.119675
5.48 0.0294389 -0.0540738 0.12671
5.49 0.0367117 -0.0540481 0.133125
5.5 0.0443296 -0.0540305 0.138725
5.51 0.0517603 -0.0540218 0.143252
5.52 0.058601 -0.0540229 0.146436
5.53 0.064876 -0.054035 0.148101
5.54 0.0706561 -0.0540586 0.148228
5.55 0.0758443 -0.0540935 0.14687
5.56 0.0803094 -0.0541389 0.144009
5.57 0.0838863 -0.0541921 0.139659
5.58 0.0863787 -0.0542489 0.134106
5.59 0.0876723 -0.0543047 0.127895
5.6 0.0877217 -0.0543557 0.121497
5.61 0.0864742 -0.0544001 0.115053
5.62 0.0840123 -0.0544377 0.108458
5.63 0.0807816 -0.0544706 0.10158
5.64 0.0774227 -0.0545017 0.0943328
5.65 0.0742533 -0.0545345 0.0866142
5.66 0.0709818 -0.0545713 0.0783135
5.67 0.0669444 -0.0546129 0.0694474
5.68 0.0616837 -0.0546582 0.0602345
5.69 0.0553328 -0.0547046 0.0509781
5.7 0.0484492 -0.0547496 0.0418824
5.71 0.0415468 -0.0547911 0.0330114
5.72 0.034882 -0.0548285 0.0243974
5.73 0.0286899 -0.0548629 0.0161553
5.74 0.023474 -0.0548958 0.00846397
5.75 0.0199499 -0.0549293 0.00141606
5.76 0.0186433 -0.0549646 -0.0050854
5.77 0.0195855 -0.0550019 -0.0112636
5.78 0.0223559 -0.055041 -0.0173398
5.79 0.0261636 -0.0550816 -0.0234981
5.8 0.0299151 -0.055124 -0.0298733
5.81 0.0326711 -0.0551678 -0.036511
5.82 0.034515 -0.0552129 -0.0433772
5.83 0.0367724 -0.05526 -0.0503909
5.84 0.0408589 -0.0553093 -0.057384
5.85 0.0470182 -0.0553597 -0.0639975
5.86 0.0544181 -0.0554093 -0.0697263
5.87 0.0620702 -0.0554563 -0.0742076
5.88 0.069305 -0.0554998 -0.0774639
5.89 0.0758507 -0.0555402 -0.0798009
5.9 0.0817984 -0.0555779 -0.0815055
5.91 0.0872806 -0.055613 -0.0826884
5.92 0.0923523 -0.0556458 -0.0833009
5.93 0.0971618 -0.0556759 -0.0831279
5.94 0.101806 -0.0557014 -0.081752
5.95 0.106021 -0.0557181 -0.0787034
5.96 0.109146 -0.0557211 -0.0737622
5.97 0.110489 -0.0557056 -0.0670653
5.98 0.109725 -0.055669 -0.0589504
5.99 0.106768 -0.0556119 -0.0498075
6 0.101254 -0.0555369 -0.0400391
6.01 0.0924051 -0.0554483 -0.0300121
6.02 0.0795898 -0.05535 -0.0198893
6.03 0.0626968 -0.0552438 -0.00943718
6.04 0.0420501 -0.0551288 0.00183174
6.05 0.0183631 -0.0550034 0.0141641
6.06 -0.00741165 -0.0548671 0.0272636
6.07 -0.0343172 -0.0547236 0.0404488
6.08 -0.0615028 -0.0545766 0.0529558
6.09 -0.0884858 -0.0544295 0.0641189
6.1 -0.115277 -0.054289 0.0734917
6.11 -0.141907 -0.0541578 0.0809618
6.12 -0.168039 -0.0540348 0.0867711
6.13 -0.193076 -0.0539215 0.0913684
6.14 -0.216088 -0.0538182 0.0951895
6.15 -0.235688 -0.0537256 0.0985672
6.16 -0.25048 -0.0536491 0.101713
6.17 -0.259587 -0.0535963 0.104659
6.18 -0.262722 -0.0535744 0.107302
6.19 -0.260252 -0.0535879 0.109645
6.2 -0.253181 -0.0536364 0.112017
6.21 -0.242468 -0.0537143 0.114999
6.22 -0.228175 -0.0538124 0.119069
6.23 -0.209478 -0.0539201 0.124334
6.24 -0.185606 -0.0540278 0.130597
6.25 -0.156838 -0.054127 0.137695
6.26 -0.124867 -0.0542109 0.145722
6.27 -0.0923485 -0.0542744 0.154912
6.28 -0.0616791 -0.0543132 0.165418
6.29 -0.0336655 -0.0543248 0.177254
6.3 -0.00721827 -0.0543067 0.190339
6.31 0.0191526 -0.054257 0.204461
6.32 0.0454341 -0.0541776 0.219112
6.33 0.0698357 -0.0540753 0.233336
6.34 0.089759 -0.0539602 0.245887
6.35 0.103025 -0.05384 0.255672
6.36 0.108911 -0.0537198 0.262055
6.37 0.108803 -0.0536033 0.264789
6.38 0.105694 -0.0534918 0.263799
6.39 0.101877 -0.0533889 0.259044
6.4 0.0971564 -0.0533016 0.250477
6.41 0.0900832 -0.053239 0.238134
6.42 0.0800418 -0.0532134 0.222316
6.43 0.0673589 -0.0532364 0.203719
6.44 0.052705 -0.0533151 0.183312
6.45 0.0371838 -0.0534536 0.161968
6.46 0.0222821 -0.0536508 0.140227
6.47 0.00906903 -0.0539015 0.118373
6.48 -0.00240624 -0.0541974 0.096614
6.49 -0.0126229 -0.0545262 0.0752418
6.5 -0.0217341 -0.0548731 0.0547123
6.51 -0.0294197 -0.0552188 0.0354937
6.52 -0.035456 -0.0555383 0.0179337
6.53 -0.0403726 -0.0558076 0.00233287
6.54 -0.0452972 -0.0560083 -0.0110645
6.55 -0.0507604 -0.0561274 -0.0221875
6.56 -0.055972 -0.0561624 -0.031136
6.57 -0.0593715 -0.0561201 -0.0381145
6.58 -0.0594738 -0.0560119 -0.0433826
6.59 -0.0555738 -0.0558543 -0.047185
6.6 -0.0482318 -0.0556649 -0.0497771
6.61 -0.0389813 -0.0554614 -0.0516099
6.62 -0.029511 -0.0552606 -0.0534609
6.63 -0.0211643 -0.0550811 -0.0563782
6.64 -0.0147482 -0.0549352 -0.0614249
6.65 -0.0105169 -0.054832 -0.0693276
6.66 -0.00848505 -0.0547814 -0.0803203
6.67 -0.00859617 -0.0547898 -0.0942188
6.68 -0.0104511 -0.0548621 -0.110583
6.69 -0.0131175 -0.0549979 -0.128849
6.7 -0.0154763 -0.0551934 -0.148271
6.71 -0.0169263 -0.055442 -0.167828
6.72 -0.017763 -0.0557342 -0.186444
6.73 -0.0186149 -0.0560573 -0.203458
6.74 -0.0195646 -0.0564003 -0.21893
6.75 -0.0201561 -0.056752 -0.23351
6.76 -0.019723 -0.057099 -0.247873
6.77 -0.0173396 -0.0574274 -0.262085
6.78 -0.0120513 -0.0577161 -0.275509
6.79 -0.00342963 -0.0579427 -0.287216
6.8 0.00817665 -0.0580895 -0.296396
6.81 0.0220547 -0.0581429 -0.302554
6.82 0.0377186 -0.0581 -0.305532
6.83 0.0548035 -0.0579686 -0.305494
6.84 0.0725809 -0.0577661 -0.302875
6.85 0.0901497 -0.0575177 -0.298234
6.86 0.10726 -0.0572525 -0.29208
6.87 0.124409 -0.056998 -0.28472
6.88 0.14187 -0.0567751 -0.27626
6.89 0.15893 -0.0565974 -0.266706
6.9 0.174145 -0.0564701 -0.256046
6.91 0.186349 -0.0563924 -0.244412
6.92 0.195121 -0.0563611 -0.232356
6.93 0.199937 -0.0563723 -0.220902
6.94 0.1993 -0.0564205 -0.211127
6.95 0.191265 -0.0564965 -0.203541
6.96 0.174812 -0.0565895 -0.197911
6.97 0.150501 -0.0566873 -0.193646
6.98 0.119872 -0.0567767 -0.190284
6.99 0.0845259 -0.0568442 -0.18765
7 0.0459994 -0.0568811 -0.185606
7.01 0.00644361 -0.0568842 -0.183837
7.02 -0.0315716 -0.0568539 -0.181971
7.03 -0.0664584 -0.0567931 -0.179647
7.04 -0.0985976 -0.0567027 -0.176283
7.05 -0.130106 -0.0565821 -0.170856
7.06 -0.163121 -0.0564283 -0.162087
7.07 -0.197832 -0.0562391 -0.14891
7.08 -0.232519 -0.056016 -0.130788
7.09 -0.264984 -0.055766 -0.107722
7.1 -0.293607 -0.0555004 -0.080169
7.11 -0.317413 -0.0552322 -0.0490135
7.12 -0.335704 -0.0549736 -0.0154623
7.13 -0.34819 -0.0547323 0.0193042
7.14 -0.355284 -0.0545097 0.0544646
7.15 -0.357884 -0.0543005 0.0895864
7.16 -0.356884 -0.0540904 0.12443
7.17 -0.352942 -0.0538762 0.158865
7.18 -0.346425 -0.053656 0.192863
7.19 -0.33738 -0.0534254 0.226316
7.2 -0.325761 -0.0531911 0.258807
7.21 -0.311633 -0.0529633 0.28963
7.22 -0.294922 -0.0527545 0.317973
7.23 -0.275477 -0.052578 0.343106
7.24 -0.253671 -0.0524402 0.364481
7.25 -0.230715 -0.0523421 0.381778
7.26 -0.208258 -0.0522868 0.394893
7.27 -0.187567 -0.0522747 0.403861
7.28 -0.169112 -0.0523036 0.408727
7.29 -0.15279 -0.0523693 0.409438
7.3 -0.138021 -0.0524667 0.405954
7.31 -0.123454 -0.0525918 0.398478
7.32 -0.107414 -0.0527402 0.387495
7.33 -0.0895497 -0.0529071 0.373635
7.34 -0.0717684 -0.0530891 0.357505
7.35 -0.0568684 -0.0532808 0.339581
7.36 -0.0462244 -0.0534786 0.320185
7.37 -0.0388925 -0.0536821 0.299498
7.38 -0.0329198 -0.0538915 0.277679
7.39 -0.0272085 -0.0541063 0.255023
7.4 -0.0216043 -0.0543254 0.231927
7.41 -0.0157457 -0.0545437 0.208752
7.42 -0.00856433 -0.0547526 0.185826
7.43 0.000914723 -0.0549407 0.163493
7.44 0.0120648 -0.0550966 0.142007
7.45 0.0225287 -0.0552118 0.12139
7.46 0.0298676 -0.0552838 0.101466
7.47 0.0332431 -0.0553173 0.0820325
7.48 0.0338266 -0.0553231 0.0629786
7.49 0.0338256 -0.055316 0.0441243
7.5 0.0350027 -0.0553115 0.0248768
7.51 0.0380147 -0.0553239 0.00421901
7.52 0.0430041 -0.0553645 -0.0188232
7.53 0.0500298 -0.0554401 -0.0446912
7.54 0.0587946 -0.055554 -0.073275
7.55 0.0682929 -0.0557058 -0.104279
7.56 0.0765253 -0.0558932 -0.137482
7.57 0.0811238 -0.0561129 -0.172676
7.58 0.0813978 -0.0563617 -0.20941
7.59 0.0796292 -0.0566374 -0.246868
7.6 0.0795586 -0.0569389 -0.284097
7.61 0.0836597 -0.057266 -0.320271
7.62 0.0918822 -0.0576191 -0.35468
7.63 0.102579 -0.0579955 -0.386534
7.64 0.114341 -0.0583799 -0.414811
7.65 0.126862 -0.058754 -0.43838
7.66 0.140841 -0.0590994 -0.456302
7.67 0.157359 -0.0593989 -0.468011
7.68 0.176598 -0.0596369 -0.473307
7.69 0.19733 -0.0597955 -0.472226
7.7 0.218167 -0.0598643 -0.464895
7.71 0.238946 -0.05984 -0.45143
7.72 0.260363 -0.0597217 -0.431932
7.73 0.282538 -0.0595113 -0.40663
7.74 0.304615 -0.0592148 -0.376022
7.75 0.325708 -0.0588434 -0.340906
7.76 0.345593 -0.0584148 -0.302279
7.77 0.364309 -0.0579511 -0.261278
7.78 0.381329 -0.0574764 -0.219278
7.79 0.39524 -0.0570142 -0.177892
7.8 0.404412 -0.0565835 -0.138645
7.81 0.408006 -0.0561982 -0.102663
7.82 0.406663 -0.0558674 -0.0706869
7.83 0.402561 -0.0555972 -0.0431809
7.84 0.398255 -0.0553916 -0.02036
7.85 0.395142 -0.0552542 -0.00217037
7.86 0.393232 -0.0551866 0.0117668
7.87 0.391925 -0.0551883 0.0220245
7.88 0.390293 -0.0552558 0.0291241
7.89 0.386994 -0.0553823 0.0335521
7.9 0.380458 -0.0555572 0.035976
7.91 0.369332 -0.055767 0.0373247
7.92 0.353266 -0.0559949 0.0386371
7.93 0.333419 -0.0562251 0.0408174
7.94 0.312058 -0.0564426 0.044482
7.95 0.291269 -0.0566288 0.049973
7.96 0.271856 -0.0567649 0.0574842
7.97 0.253399 -0.0568306 0.067173
7.98 0.234845 -0.0568075 0.0792054
7.99 0.215293 -0.0566829 0.0938227
8 0.194548 -0.056451 0.111353
8.01 0.172603 -0.0561148 0.132047
8.02 0.148669 -0.0556886 0.155896
8.03 0.121388 -0.0551967 0.182531
8.04 0.0903266 -0.0546693 0.211138
8.05 0.0567831 -0.0541399 0.240494
8.06 0.0225499 -0.0536386 0.269206
8.07 -0.0118614 -0.0531922 0.295942
8.08 -0.0472464 -0.0528165 0.319621
8.09 -0.084157 -0.0525206 0.339622
8.1 -0.121988 -0.0523065 0.355792
8.11 -0.159594 -0.0521688 0.368145
8.12 -0.195962 -0.0521014 0.376545
8.13 -0.230241 -0.0520938 0.380717
8.14 -0.261733 -0.0521394 0.380555
8.15 -0.290052 -0.0522335 0.376453
8.16 -0.315161 -0.0523694 0.369292
8.17 -0.337252 -0.0525413 0.359988
8.18 -0.356527 -0.0527461 0.34906
8.19 -0.373024 -0.0529773 0.336614
8.2 -0.386831 -0.0532266 0.32266
8.21 -0.398265 -0.0534824 0.30741
8.22 -0.407729 -0.0537305 0.291426
8.23 -0.415652 -0.0539573 0.275663
8.24 -0.42243 -0.0541472 0.261386
8.25 -0.428169 -0.0542838 0.24995
8.26 -0.432619 -0.054352 0.242466
8.27 -0.43561 -0.054342 0.239515
8.28 -0.437382 -0.0542526 0.241068
8.29 -0.438313 -0.0540922 0.246569
8.3 -0.43882 -0.0538782 0.255088
8.31 -0.439771 -0.0536345 0.265526
8.32 -0.442492 -0.0533849 0.276807
8.33 -0.44808 -0.0531481 0.287959
8.34 -0.456988 -0.0529331 0.298065
8.35 -0.469311 -0.0527457 0.306194
8.36 -0.485163 -0.0525914 0.311459
8.37 -0.504792 -0.0524695 0.313173
8.38 -0.528362 -0.0523785 0.311052
8.39 -0.555478 -0.0523207 0.305291
8.4 -0.585228 -0.0523012 0.296367
8.41 -0.616832 -0.0523214 0.284807
8.42 -0.649938 -0.0523819 0.271074
8.43 -0.684332 -0.0524832 0.255509
8.44 -0.719747 -0.052623 0.238361
8.45 -0.755929 -0.0527999 0.219914
8.46 -0.792623 -0.0530106 0.200489
8.47 -0.82936 -0.0532492 0.180366
8.48 -0.865449 -0.0535073 0.15978
8.49 -0.900439 -0.0537702 0.138891
8.5 -0.934349 -0.0540186 0.11778
8.51 -0.967023 -0.0542316 0.0966449
8.52 -0.997277 -0.0543909 0.0759468
8.53 -1.02302 -0.0544844 0.056337
8.54 -1.04225 -0.0545082 0.0385368
8.55 -1.05392 -0.0544663 0.0231685
8.56 -1.05816 -0.0543695 0.0105646
8.57 -1.05596 -0.0542352 0.000721094
8.58 -1.04833 -0.0540841 -0.00667523
8.59 -1.03584 -0.0539386 -0.0122125
8.6 -1.01909 -0.0538179 -0.0166161
8.61 -0.999555 -0.0537372 -0.0205499
8.62 -0.979258 -0.0537085 -0.0245006
8.63 -0.959905 -0.0537345 -0.028703
8.64 -0.942622 -0.0538139 -0.0330697
8.65 -0.928243 -0.0539374 -0.0372857
8.66 -0.917311 -0.0540885 -0.0410277
8.67 -0.909785 -0.0542496 -0.0440954
8.68 -0.904968 -0.0544077 -0.0464115
8.69 -0.90193 -0.0545581 -0.0479598
8.7 -0.900185 -0.0546968 -0.0488011
8.71 -0.899783 -0.0548225 -0.0491877
8.72 -0.900506 -0.0549317 -0.049565
8.73 -0.901221 -0.05502 -0.0503568
8.74 -0.900502 -0.0550857 -0.0516781
8.75 -0.897733 -0.0551255 -0.0532363
8.76 -0.893315 -0.0551341 -0.0545623
8.77 -0.887821 -0.0551078 -0.0553567
8.78 -0.88072 -0.0550477 -0.055747
8.79 -0.86994 -0.0549602 -0.0563541
8.8 -0.852648 -0.0548569 -0.0580697
8.81 -0.82613 -0.0547531 -0.0616959
8.82 -0.788423 -0.0546662 -0.067711
8.83 -0.738929 -0.0546129 -0.0762345
8.84 -0.678867 -0.0545975 -0.0871124
8.85 -0.611027 -0.0546272 -0.100098
8.86 -0.538669 -0.0547225 -0.115045
8.87 -0.464213 -0.0548924 -0.131977
8.88 -0.388373 -0.0551384 -0.151023
8.89 -0.31033 -0.0554627 -0.172225
8.9 -0.229036 -0.0558648 -0.195316
8.91 -0.144335 -0.0563392 -0.219681
8.92 -0.0568685 -0.0568721 -0.244503
8.93 0.0325338 -0.0574419 -0.268872
8.94 0.123032 -0.0580193 -0.291818
8.95 0.213526 -0.0585717 -0.31228
8.96 0.302661 -0.0590719 -0.329203
8.97 0.389179 -0.0594992 -0.341885
8.98 0.471962 -0.0598384 -0.350223
8.99 0.549832 -0.0600827 -0.354567
9 0.621714 -0.060228 -0.355476
9.01 0.686957 -0.0602878 -0.353528
9.02 0.745572 -0.0602797 -0.349154
9.03 0.798279 -0.0602121 -0.342604
9.04 0.846051 -0.0600832 -0.334037
9.05 0.889527 -0.0599005 -0.323563
9.06 0.929024 -0.0596674 -0.311211
9.07 0.964843 -0.0593874 -0.29691
9.08 0.997405 -0.0590802 -0.28048
9.09 1.02736 -0.0587654 -0.261707
9.1 1.05543 -0.0584648 -0.240512
9.11 1.08184 -0.058201 -0.217043
9.12 1.10619 -0.0579976 -0.191719
9.13 1.12781 -0.0578638 -0.165159
9.14 1.14629 -0.0578033 -0.137929
9.15 1.16191 -0.0578038 -0.110435
9.16 1.17557 -0.0578498 -0.0830202
9.17 1.18773 -0.0579298 -0.0560133
9.18 1.19753 -0.0580264 -0.0296346
9.19 1.20322 -0.0581216 -0.00378032
9.2 1.20322 -0.0581947 0.0222392
9.21 1.19694 -0.0582249 0.0495684
9.22 1.18463 -0.0581938 0.0791619
9.23 1.16666 -0.0580889 0.111285
9.24 1.14293 -0.0579064 0.145462
9.25 1.11267 -0.057652 0.180689
9.26 1.07483 -0.0573383 0.215781
9.27 1.02891 -0.0569787 0.24966
9.28 0.975776 -0.0565872 0.281454
9.29 0.917284 -0.0561745 0.310561
9.3 0.855042 -0.0557509 0.336791
9.31 0.789697 -0.0553263 0.360389
9.32 0.72155 -0.0549084 0.381684
9.33 0.651278 -0.0545075 0.400679
9.34 0.579726 -0.0541374 0.416954
9.35 0.507552 -0.0538126 0.429865
9.36 0.435485 -0.0535486 0.438766
9.37 0.364557 -0.05336 0.44311
9.38 0.295839 -0.0532557 0.442476
9.39 0.230204 -0.0532382 0.43663
9.4 0.168546 -0.0533052 0.425558
9.41 0.112233 -0.0534485 0.409428
9.42 0.0628248 -0.0536544 0.388563
9.43 0.0211317 -0.0539062 0.36344
9.44 -0.0131819 -0.0541862 0.33471
9.45 -0.0412708 -0.0544771 0.303244
9.46 -0.064501 -0.0547628 0.270133
9.47 -0.083754 -0.0550291 0.236439
9.48 -0.0992197 -0.0552672 0.202882
9.49 -0.110835 -0.0554746 0.169776
9.5 -0.119035 -0.0556545 0.137143
9.51 -0.125447 -0.0558121 0.104835
9.52 -0.132417 -0.0559516 0.0726767
9.53 -0.141277 -0.0560811 0.0405487
9.54 -0.151577 -0.0562047 0.00841615
9.55 -0.161984 -0.0563272 -0.0236519
9.56 -0.171429 -0.0564508 -0.0555205
9.57 -0.179681 -0.0565699 -0.0871916
9.58 -0.186921 -0.056683 -0.119033
9.59 -0.192902 -0.0567907 -0.151707
9.6 -0.197039 -0.0568972 -0.185881
9.61 -0.199383 -0.0570085 -0.22205
9.62 -0.20118 -0.0571331 -0.260513
9.63 -0.204112 -0.0572844 -0.301421
9.64 -0.20874 -0.0574719 -0.34482
9.65 -0.213785 -0.0577053 -0.390595
9.66 -0.216909 -0.0579905 -0.438406
9.67 -0.216165 -0.0583269 -0.487675
9.68 -0.210965 -0.0587086 -0.537589
9.69 -0.201614 -0.0591279 -0.587096
9.7 -0.188032 -0.0595786 -0.634994
9.71 -0.169634 -0.0600458 -0.680105
9.72 -0.146421 -0.0605081 -0.721449
9.73 -0.119284 -0.0609418 -0.758352
9.74 -0.0890187 -0.0613319 -0.790462
9.75 -0.0557151 -0.0616688 -0.817746
9.76 -0.0196003 -0.061942 -0.840461
9.77 0.0178264 -0.0621557 -0.858998
9.78 0.0540588 -0.0623137 -0.873668
9.79 0.0869588 -0.0624181 -0.884553
9.8 0.115648 -0.0624696 -0.89146
9.81 0.140481 -0.0624637 -0.894032
9.82 0.162732 -0.0624013 -0.891902
9.83 0.183981 -0.0622865 -0.884785
9.84 0.205206 -0.0621237 -0.872515
9.85 0.22651 -0.0619236 -0.855099
9.86 0.247673 -0.0617002 -0.832734
9.87 0.268593 -0.0614617 -0.805707
9.88 0.289234 -0.0612158 -0.774335
9.89 0.309265 -0.0609688 -0.739
9.9 0.327975 -0.060726 -0.700194
9.91 0.344915 -0.0604936 -0.658456
9.92 0.360642 -0.0602752 -0.61422
9.93 0.37663 -0.0600728 -0.56768
9.94 0.394557 -0.0598857 -0.518765
9.95 0.415755 -0.0597099 -0.467297
9.96 0.441195 -0.0595394 -0.413261
9.97 0.471619 -0.0593617 -0.356835
9.98 0.507386 -0.0591634 -0.298197
9.99 0.548057 -0.0589328 -0.237398
10 0.592001 -0.0586668 -0.174295
