0.1 -0.239468 -8.25751e-006
0.2 -0.479652 -1.65397e-005
0.3 -0.72056 -2.48469e-005
0.4 -0.962198 -3.31792e-005
0.5 -1.20457 -4.1537e-005
0.6 -1.44769 -4.99204e-005
0.7 -1.69156 -5.83298e-005
0.8 -1.93658 -6.67787e-005
0.9 -2.18412 -7.53145e-005
1 -2.43529 -8.39755e-005
0.01 -2.43466 -8.39538e-005
0.02 -2.43286 -8.38916e-005
0.03 -2.43077 -8.38198e-005
0.04 -2.42937 -8.37713e-005
0.05 -2.42882 -8.37526e-005
0.06 -2.42914 -8.37634e-005
0.07 -2.4302 -8.37998e-005
0.08 -2.43181 -8.38556e-005
0.09 -2.4338 -8.3924e-005
0.1 -2.43599 -8.39996e-005
0.11 -2.43826 -8.40779e-005
0.12 -2.44056 -8.41573e-005
0.13 -2.44292 -8.42387e-005
0.14 -2.4454 -8.4324e-005
0.15 -2.44804 -8.4415e-005
0.16 -2.45081 -8.45107e-005
0.17 -2.45362 -8.46076e-005
0.18 -2.45641 -8.4704e-005
0.19 -2.45925 -8.48017e-005
0.2 -2.46223 -8.49045e-005
0.21 -2.46542 -8.50144e-005
0.22 -2.46872 -8.51284e-005
0.23 -2.47195 -8.52398e-005
0.24 -2.47497 -8.53437e-005
0.25 -2.47772 -8.54386e-005
0.26 -2.48029 -8.55272e-005
0.27 -2.48284 -8.56152e-005
0.28 -2.48568 -8.5713e-005
0.29 -2.48911 -8.58312e-005
0.3 -2.4934 -8.59793e-005
0.31 -2.49873 -8.61631e-005
0.32 -2.50486 -8.63745e-005
0.33 -2.51134 -8.65981e-005
0.34 -2.51778 -8.682e-005
0.35 -2.52392 -8.70318e-005
0.36 -2.52974 -8.72324e-005
0.37 -2.5352 -8.74208e-005
0.38 -2.54009 -8.75894e-005
0.39 -2.54409 -8.77273e-005
0.4 -2.54711 -8.78313e-005
0.41 -2.54936 -8.7909e-005
0.42 -2.5512 -8.79724e-005
0.43 -2.55278 -8.80269e-005
0.44 -2.55403 -8.80701e-005
0.45 -2.55488 -8.80993e-005
0.46 -2.55539 -8.81167e-005
0.47 -2.5557 -8.81276e-005
0.48 -2.55583 -8.81322e-005
0.49 -2.55566 -8.81263e-005
0.5 -2.55501 -8.81039e-005
0.51 -2.55376 -8.80608e-005
0.52 -2.55182 -8.79939e-005
0.53 -2.54913 -8.79009e-005
0.54 -2.54571 -8.77833e-005
0.55 -2.54195 -8.76533e-005
0.56 -2.53829 -8.75274e-005
0.57 -2.53489 -8.74101e-005
0.58 -2.53156 -8.72953e-005
0.59 -2.52813 -8.7177e-005
0.6 -2.52461 -8.70554e-005
0.61 -2.52116 -8.69366e-005
0.62 -2.51791 -8.68245e-005
0.63 -2.51457 -8.67093e-005
0.64 -2.51055 -8.65705e-005
0.65 -2.50554 -8.63979e-005
0.66 -2.49976 -8.61985e-005
0.67 -2.49363 -8.59873e-005
0.68 -2.48732 -8.57698e-005
0.69 -2.48063 -8.55389e-005
0.7 -2.47341 -8.52899e-005
0.71 -2.46595 -8.50327e-005
0.72 -2.45898 -8.47924e-005
0.73 -2.45315 -8.45915e-005
0.74 -2.44833 -8.44251e-005
0.75 -2.44362 -8.42626e-005
0.76 -2.43831 -8.40798e-005
0.77 -2.43238 -8.38752e-005
0.78 -2.426 -8.36551e-005
0.79 -2.41923 -8.34219e-005
0.8 -2.41213 -8.31769e-005
0.81 -2.40498 -8.29303e-005
0.82 -2.39845 -8.27052e-005
0.83 -2.39316 -8.25228e-005
0.84 -2.38913 -8.23837e-005
0.85 -2.38581 -8.22695e-005
0.86 -2.38257 -8.21576e-005
0.87 -2.37884 -8.20291e-005
0.88 -2.37442 -8.18766e-005
0.89 -2.3694 -8.17036e-005
0.9 -2.36411 -8.15209e-005
0.91 -2.35873 -8.13355e-005
0.92 -2.35288 -8.11339e-005
0.93 -2.34578 -8.08891e-005
0.94 -2.33718 -8.05925e-005
0.95 -2.3284 -8.02895e-005
0.96 -2.32156 -8.00539e-005
0.97 -2.31764 -7.99187e-005
0.98 -2.31593 -7.98596e-005
0.99 -2.31521 -7.9835e-005
1 -2.31504 -7.98291e-005
1.01 -2.31622 -7.98696e-005
1.02 -2.31979 -7.99929e-005
1.03 -2.32505 -8.01743e-005
1.04 -2.32938 -8.03234e-005
1.05 -2.33097 -8.03783e-005
1.06 -2.33048 -8.03613e-005
1.07 -2.3297 -8.03344e-005
1.08 -2.32981 -8.03382e-005
1.09 -2.33092 -8.03765e-005
1.1 -2.33244 -8.04291e-005
1.11 -2.3334 -8.04621e-005
1.12 -2.33268 -8.04371e-005
1.13 -2.33013 -8.03492e-005
1.14 -2.32766 -8.0264e-005
1.15 -2.32776 -8.02676e-005
1.16 -2.331 -8.03792e-005
1.17 -2.33557 -8.0537e-005
1.18 -2.33861 -8.06419e-005
1.19 -2.33861 -8.06418e-005
1.2 -2.33698 -8.05855e-005
1.21 -2.33659 -8.05719e-005
1.22 -2.33961 -8.06763e-005
1.23 -2.34675 -8.09223e-005
1.24 -2.35713 -8.12805e-005
1.25 -2.36886 -8.16848e-005
1.26 -2.38012 -8.2073e-005
1.27 -2.39003 -8.24148e-005
1.28 -2.39837 -8.27023e-005
1.29 -2.40529 -8.2941e-005
1.3 -2.41092 -8.3135e-005
1.31 -2.41482 -8.32696e-005
1.32 -2.41707 -8.33473e-005
1.33 -2.41935 -8.34257e-005
1.34 -2.42328 -8.35614e-005
1.35 -2.4279 -8.37206e-005
1.36 -2.43033 -8.38046e-005
1.37 -2.42923 -8.37665e-005
1.38 -2.42657 -8.3675e-005
1.39 -2.42634 -8.36671e-005
1.4 -2.43148 -8.38441e-005
1.41 -2.44068 -8.41612e-005
1.42 -2.44796 -8.44124e-005
1.43 -2.44742 -8.43938e-005
1.44 -2.43864 -8.40912e-005
1.45 -2.42717 -8.36956e-005
1.46 -2.41988 -8.3444e-005
1.47 -2.41898 -8.34133e-005
1.48 -2.42109 -8.34857e-005
1.49 -2.42233 -8.35286e-005
1.5 -2.42207 -8.35195e-005
1.51 -2.42044 -8.34635e-005
1.52 -2.41562 -8.32973e-005
1.53 -2.40527 -8.29403e-005
1.54 -2.38951 -8.23968e-005
1.55 -2.37111 -8.17626e-005
1.56 -2.35325 -8.11466e-005
1.57 -2.33809 -8.06239e-005
1.58 -2.32744 -8.02567e-005
1.59 -2.32288 -8.00994e-005
1.6 -2.32439 -8.01513e-005
1.61 -2.32802 -8.02767e-005
1.62 -2.32688 -8.02374e-005
1.63 -2.31758 -7.99166e-005
1.64 -2.30376 -7.94401e-005
1.65 -2.29186 -7.90296e-005
1.66 -2.28476 -7.87847e-005
1.67 -2.28044 -7.86357e-005
1.68 -2.27567 -7.84715e-005
1.69 -2.26998 -7.82753e-005
1.7 -2.26509 -7.81064e-005
1.71 -2.26078 -7.79579e-005
1.72 -2.25475 -7.775e-005
1.73 -2.24668 -7.74719e-005
1.74 -2.23988 -7.72374e-005
1.75 -2.23889 -7.72032e-005
1.76 -2.24673 -7.74733e-005
1.77 -2.26407 -7.80713e-005
1.78 -2.28888 -7.8927e-005
1.79 -2.31565 -7.98501e-005
1.8 -2.33797 -8.06195e-005
1.81 -2.35367 -8.11609e-005
1.82 -2.36521 -8.15591e-005
1.83 -2.37557 -8.19161e-005
1.84 -2.38531 -8.22521e-005
1.85 -2.39327 -8.25265e-005
1.86 -2.39943 -8.27391e-005
1.87 -2.40557 -8.29507e-005
1.88 -2.41195 -8.31706e-005
1.89 -2.4166 -8.33309e-005
1.9 -2.41926 -8.34228e-005
1.91 -2.42222 -8.3525e-005
1.92 -2.42672 -8.36799e-005
1.93 -2.43277 -8.38885e-005
1.94 -2.44175 -8.41984e-005
1.95 -2.45563 -8.46767e-005
1.96 -2.47401 -8.53108e-005
1.97 -2.49358 -8.59856e-005
1.98 -2.51074 -8.65772e-005
1.99 -2.52461 -8.70556e-005
2 -2.5367 -8.74724e-005
2.01 -2.54807 -8.78646e-005
2.02 -2.55752 -8.81904e-005
2.03 -2.56315 -8.83844e-005
2.04 -2.56558 -8.84681e-005
2.05 -2.56733 -8.85288e-005
2.06 -2.56983 -8.86149e-005
2.07 -2.5735 -8.87412e-005
2.08 -2.57887 -8.89267e-005
2.09 -2.58599 -8.91721e-005
2.1 -2.59435 -8.94604e-005
2.11 -2.60354 -8.97774e-005
2.12 -2.61372 -9.01281e-005
2.13 -2.62531 -9.0528e-005
2.14 -2.63746 -9.0947e-005
2.15 -2.6468 -9.12691e-005
2.16 -2.64894 -9.13426e-005
2.17 -2.64281 -9.11313e-005
2.18 -2.6344 -9.08413e-005
2.19 -2.63235 -9.07706e-005
2.2 -2.63905 -9.10018e-005
2.21 -2.64986 -9.13745e-005
2.22 -2.65946 -9.17056e-005
2.23 -2.66583 -9.1925e-005
2.24 -2.66977 -9.2061e-005
2.25 -2.6732 -9.21793e-005
2.26 -2.67859 -9.23652e-005
2.27 -2.6877 -9.26794e-005
2.28 -2.69913 -9.30733e-005
2.29 -2.70971 -9.34384e-005
2.3 -2.71847 -9.37405e-005
2.31 -2.72604 -9.40013e-005
2.32 -2.73204 -9.42083e-005
2.33 -2.73568 -9.43339e-005
2.34 -2.73775 -9.44053e-005
2.35 -2.74052 -9.45009e-005
2.36 -2.74586 -9.46848e-005
2.37 -2.75453 -9.49839e-005
2.38 -2.76574 -9.53705e-005
2.39 -2.77563 -9.57113e-005
2.4 -2.77805 -9.57948e-005
2.41 -2.76734 -9.54255e-005
2.42 -2.74038 -9.4496e-005
2.43 -2.70029 -9.31134e-005
2.44 -2.65772 -9.16457e-005
2.45 -2.62301 -9.04485e-005
2.46 -2.59708 -8.95544e-005
2.47 -2.57315 -8.87294e-005
2.48 -2.54509 -8.77618e-005
2.49 -2.51228 -8.66302e-005
2.5 -2.47852 -8.54663e-005
2.51 -2.44864 -8.4436e-005
2.52 -2.42649 -8.3672e-005
2.53 -2.41365 -8.32293e-005
2.54 -2.40787 -8.303e-005
2.55 -2.40383 -8.28906e-005
2.56 -2.39621 -8.26281e-005
2.57 -2.38261 -8.2159e-005
2.58 -2.36422 -8.15247e-005
2.59 -2.34368 -8.08164e-005
2.6 -2.3227 -8.00933e-005
2.61 -2.30236 -7.93917e-005
2.62 -2.28424 -7.8767e-005
2.63 -2.26918 -7.82476e-005
2.64 -2.25563 -7.77805e-005
2.65 -2.24124 -7.72842e-005
2.66 -2.22493 -7.67218e-005
2.67 -2.20831 -7.61486e-005
2.68 -2.19538 -7.57026e-005
2.69 -2.18901 -7.5483e-005
2.7 -2.18875 -7.54743e-005
2.71 -2.19075 -7.55431e-005
2.72 -2.18846 -7.5464e-005
2.73 -2.17686 -7.50643e-005
2.74 -2.15877 -7.44404e-005
2.75 -2.14447 -7.39471e-005
2.76 -2.14177 -7.38542e-005
2.77 -2.15092 -7.41698e-005
2.78 -2.17084 -7.48565e-005
2.79 -2.2027 -7.5955e-005
2.8 -2.24441 -7.73936e-005
2.81 -2.28889 -7.89272e-005
2.82 -2.32923 -8.03184e-005
2.83 -2.36252 -8.14662e-005
2.84 -2.39029 -8.24238e-005
2.85 -2.41531 -8.32867e-005
2.86 -2.43914 -8.41082e-005
2.87 -2.46348 -8.49476e-005
2.88 -2.4885 -8.58105e-005
2.89 -2.50996 -8.65503e-005
2.9 -2.52287 -8.69954e-005
2.91 -2.52765 -8.71604e-005
2.92 -2.53066 -8.72642e-005
2.93 -2.53887 -8.75473e-005
2.94 -2.55439 -8.80824e-005
2.95 -2.57449 -8.87757e-005
2.96 -2.59561 -8.95037e-005
2.97 -2.61512 -9.01764e-005
2.98 -2.63041 -9.07039e-005
2.99 -2.63877 -9.09921e-005
3 -2.63847 -9.09818e-005
3.01 -2.62978 -9.0682e-005
3.02 -2.61455 -9.01568e-005
3.03 -2.59421 -8.94554e-005
3.04 -2.56976 -8.86125e-005
3.05 -2.54477 -8.77506e-005
3.06 -2.52435 -8.70466e-005
3.07 -2.5085 -8.65001e-005
3.08 -2.49109 -8.58996e-005
3.09 -2.46805 -8.51051e-005
3.1 -2.44229 -8.42169e-005
3.11 -2.42051 -8.34659e-005
3.12 -2.40627 -8.29749e-005
3.13 -2.39616 -8.26263e-005
3.14 -2.38503 -8.22423e-005
3.15 -2.37191 -8.179e-005
3.16 -2.35846 -8.13262e-005
3.17 -2.34643 -8.09115e-005
3.18 -2.33617 -8.05575e-005
3.19 -2.32364 -8.01255e-005
3.2 -2.30182 -7.93732e-005
3.21 -2.267 -7.81725e-005
3.22 -2.22236 -7.66332e-005
3.23 -2.1763 -7.50448e-005
3.24 -2.13765 -7.37119e-005
3.25 -2.11277 -7.28541e-005
3.26 -2.10537 -7.2599e-005
3.27 -2.1156 -7.29516e-005
3.28 -2.13881 -7.37522e-005
3.29 -2.16716 -7.47295e-005
3.3 -2.19234 -7.55978e-005
3.31 -2.20689 -7.60997e-005
3.32 -2.20588 -7.60648e-005
3.33 -2.18998 -7.55167e-005
3.34 -2.16727 -7.47334e-005
3.35 -2.14903 -7.41045e-005
3.36 -2.14281 -7.38899e-005
3.37 -2.15013 -7.41424e-005
3.38 -2.16709 -7.47274e-005
3.39 -2.18596 -7.53779e-005
3.4 -2.20022 -7.58695e-005
3.41 -2.20952 -7.61903e-005
3.42 -2.21806 -7.64848e-005
3.43 -2.22928 -7.68716e-005
3.44 -2.24329 -7.73547e-005
3.45 -2.25741 -7.78417e-005
3.46 -2.26906 -7.82433e-005
3.47 -2.27831 -7.85625e-005
3.48 -2.28714 -7.88669e-005
3.49 -2.29762 -7.92284e-005
3.5 -2.31236 -7.97367e-005
3.51 -2.33445 -8.04983e-005
3.52 -2.36455 -8.15361e-005
3.53 -2.39954 -8.27426e-005
3.54 -2.43498 -8.39649e-005
3.55 -2.46795 -8.51019e-005
3.56 -2.49795 -8.61361e-005
3.57 -2.52501 -8.70695e-005
3.58 -2.54748 -8.78443e-005
3.59 -2.56176 -8.83366e-005
3.6 -2.56456 -8.8433e-005
3.61 -2.55691 -8.81693e-005
3.62 -2.54621 -8.78003e-005
3.63 -2.54244 -8.76702e-005
3.64 -2.5499 -8.79277e-005
3.65 -2.56293 -8.83768e-005
3.66 -2.57126 -8.86641e-005
3.67 -2.56767 -8.85404e-005
3.68 -2.55066 -8.79539e-005
3.69 -2.52595 -8.71018e-005
3.7 -2.50599 -8.64136e-005
3.71 -2.50322 -8.63178e-005
3.72 -2.52271 -8.699e-005
3.73 -2.5604 -8.82897e-005
3.74 -2.60572 -8.98523e-005
3.75 -2.64848 -9.1327e-005
3.76 -2.68556 -9.26056e-005
3.77 -2.71913 -9.37632e-005
3.78 -2.75167 -9.48852e-005
3.79 -2.78506 -9.60366e-005
3.8 -2.82066 -9.72642e-005
3.81 -2.85689 -9.85133e-005
3.82 -2.88763 -9.95734e-005
3.83 -2.9045 -0.000100155
3.84 -2.90496 -0.000100171
3.85 -2.89914 -9.99704e-005
3.86 -2.90013 -0.000100005
3.87 -2.91003 -0.000100346
3.88 -2.92151 -0.000100742
3.89 -2.92801 -0.000100966
3.9 -2.92939 -0.000101013
3.91 -2.92939 -0.000101013
3.92 -2.92942 -0.000101015
3.93 -2.9257 -0.000100886
3.94 -2.91196 -0.000100413
3.95 -2.8834 -9.94276e-005
3.96 -2.83871 -9.78865e-005
3.97 -2.78144 -9.59117e-005
3.98 -2.71826 -9.37331e-005
3.99 -2.65425 -9.15259e-005
4 -2.59267 -8.94023e-005
4.01 -2.53672 -8.74733e-005
4.02 -2.48918 -8.58339e-005
4.03 -2.4529 -8.45829e-005
4.04 -2.43094 -8.38256e-005
4.05 -2.42347 -8.35681e-005
4.06 -2.4248 -8.36137e-005
4.07 -2.4249 -8.36173e-005
4.08 -2.41514 -8.32806e-005
4.09 -2.39065 -8.24363e-005
4.1 -2.34947 -8.10162e-005
4.11 -2.29366 -7.90919e-005
4.12 -2.22925 -7.68708e-005
4.13 -2.1625 -7.45691e-005
4.14 -2.09814 -7.23497e-005
4.15 -2.04104 -7.03809e-005
4.16 -1.99667 -6.88506e-005
4.17 -1.96878 -6.78891e-005
4.18 -1.9568 -6.7476e-005
4.19 -1.95397 -6.73784e-005
4.2 -1.94989 -6.72374e-005
4.21 -1.93707 -6.67954e-005
4.22 -1.91376 -6.59918e-005
4.23 -1.88269 -6.49203e-005
4.24 -1.84804 -6.37256e-005
4.25 -1.81155 -6.24673e-005
4.26 -1.77285 -6.11328e-005
4.27 -1.73481 -5.9821e-005
4.28 -1.70349 -5.8741e-005
4.29 -1.68347 -5.80507e-005
4.3 -1.67818 -5.78684e-005
4.31 -1.69157 -5.83301e-005
4.32 -1.72443 -5.94633e-005
4.33 -1.77103 -6.107e-005
4.34 -1.82066 -6.27815e-005
4.35 -1.86164 -6.41945e-005
4.36 -1.8876 -6.50896e-005
4.37 -1.90252 -6.56043e-005
4.38 -1.91683 -6.60976e-005
4.39 -1.93827 -6.68368e-005
4.4 -1.96696 -6.78262e-005
4.41 -1.9968 -6.88551e-005
4.42 -2.02119 -6.96963e-005
4.43 -2.0372 -7.02484e-005
4.44 -2.04432 -7.04938e-005
4.45 -2.0436 -7.04689e-005
4.46 -2.04117 -7.03852e-005
4.47 -2.04847 -7.06369e-005
4.48 -2.07362 -7.1504e-005
4.49 -2.1134 -7.28759e-005
4.5 -2.15551 -7.4328e-005
4.51 -2.18653 -7.53976e-005
4.52 -2.19768 -7.5782e-005
4.53 -2.1871 -7.54173e-005
4.54 -2.15812 -7.44179e-005
4.55 -2.11703 -7.30012e-005
4.56 -2.07467 -7.15402e-005
4.57 -2.04429 -7.04927e-005
4.58 -2.03313 -7.0108e-005
4.59 -2.03808 -7.02787e-005
4.6 -2.05036 -7.0702e-005
4.61 -2.06307 -7.11405e-005
4.62 -2.07437 -7.153e-005
4.63 -2.08493 -7.1894e-005
4.64 -2.09525 -7.22498e-005
4.65 -2.10756 -7.26743e-005
4.66 -2.12902 -7.34146e-005
4.67 -2.16754 -7.47427e-005
4.68 -2.22277 -7.66471e-005
4.69 -2.28423 -7.87665e-005
4.7 -2.33757 -8.06058e-005
4.71 -2.37187 -8.17887e-005
4.72 -2.38595 -8.22741e-005
4.73 -2.39086 -8.24435e-005
4.74 -2.40227 -8.28369e-005
4.75 -2.42918 -8.37647e-005
4.76 -2.47057 -8.51919e-005
4.77 -2.51798 -8.68269e-005
4.78 -2.5617 -8.83344e-005
4.79 -2.59787 -8.95819e-005
4.8 -2.62783 -9.06149e-005
4.81 -2.65395 -9.15155e-005
4.82 -2.68027 -9.24231e-005
4.83 -2.70866 -9.34019e-005
4.84 -2.73025 -9.41465e-005
4.85 -2.73188 -9.42026e-005
4.86 -2.7154 -9.36346e-005
4.87 -2.70031 -9.31141e-005
4.88 -2.70435 -9.32535e-005
4.89 -2.72777 -9.40609e-005
4.9 -2.75653 -9.50526e-005
4.91 -2.77893 -9.58251e-005
4.92 -2.79691 -9.6445e-005
4.93 -2.82123 -9.72838e-005
4.94 -2.86085 -9.86498e-005
4.95 -2.91786 -0.000100616
4.96 -2.98514 -0.000102936
4.97 -3.04618 -0.000105041
4.98 -3.08483 -0.000106373
4.99 -3.09942 -0.000106876
5 -3.10326 -0.000107009
5.01 -3.1094 -0.000107221
5.02 -3.11886 -0.000107547
5.03 -3.12322 -0.000107697
5.04 -3.11474 -0.000107405
5.05 -3.09481 -0.000106718
5.06 -3.07534 -0.000106046
5.07 -3.07067 -0.000105885
5.08 -3.08565 -0.000106402
5.09 -3.11373 -0.00010737
5.1 -3.14561 -0.000108469
5.11 -3.17404 -0.00010945
5.12 -3.19368 -0.000110127
5.13 -3.20589 -0.000110548
5.14 -3.22076 -0.000111061
5.15 -3.2472 -0.000111972
5.16 -3.28537 -0.000113289
5.17 -3.33214 -0.000114901
5.18 -3.38646 -0.000116775
5.19 -3.44716 -0.000118868
5.2 -3.50858 -0.000120985
5.21 -3.55973 -0.000122749
5.22 -3.58883 -0.000123753
5.23 -3.58782 -0.000123718
5.24 -3.55627 -0.00012263
5.25 -3.50286 -0.000120788
5.26 -3.439 -0.000118586
5.27 -3.36959 -0.000116193
5.28 -3.29328 -0.000113561
5.29 -3.20981 -0.000110683
5.3 -3.12217 -0.000107661
5.31 -3.03361 -0.000104607
5.32 -2.9467 -0.00010161
5.33 -2.86147 -9.86713e-005
5.34 -2.77288 -9.56164e-005
5.35 -2.67043 -9.20838e-005
5.36 -2.54168 -8.76442e-005
5.37 -2.38473 -8.22322e-005
5.38 -2.21665 -7.64363e-005
5.39 -2.05804 -7.0967e-005
5.4 -1.91289 -6.59616e-005
5.41 -1.77334 -6.11498e-005
5.42 -1.63832 -5.64939e-005
5.43 -1.52119 -5.24548e-005
5.44 -1.43757 -4.95715e-005
5.45 -1.38394 -4.7722e-005
5.46 -1.33497 -4.60334e-005
5.47 -1.26399 -4.35858e-005
5.48 -1.15852 -3.99491e-005
5.49 -1.02129 -3.52171e-005
5.5 -0.868695 -2.9955e-005
5.51 -0.726775 -2.50612e-005
5.52 -0.618438 -2.13255e-005
5.53 -0.552375 -1.90474e-005
5.54 -0.526072 -1.81404e-005
5.55 -0.534103 -1.84173e-005
5.56 -0.573987 -1.97926e-005
5.57 -0.64423 -2.22148e-005
5.58 -0.736334 -2.53908e-005
5.59 -0.834057 -2.87606e-005
5.6 -0.925263 -3.19056e-005
5.61 -1.01067 -3.48508e-005
5.62 -1.09738 -3.78408e-005
5.63 -1.18679 -4.09237e-005
5.64 -1.27443 -4.39458e-005
5.65 -1.36041 -4.69106e-005
5.66 -1.45371 -5.0128e-005
5.67 -1.56452 -5.3949e-005
5.68 -1.69373 -5.84045e-005
5.69 -1.8321 -6.3176e-005
5.7 -1.96904 -6.78978e-005
5.71 -2.09966 -7.24022e-005
5.72 -2.22281 -7.66487e-005
5.73 -2.33331 -8.04589e-005
5.74 -2.41979 -8.3441e-005
5.75 -2.47256 -8.52606e-005
5.76 -2.49376 -8.59917e-005
5.77 -2.49834 -8.61497e-005
5.78 -2.50647 -8.64299e-005
5.79 -2.53828 -8.75271e-005
5.8 -2.61086 -9.00295e-005
5.81 -2.72947 -9.41198e-005
5.82 -2.88116 -9.93505e-005
5.83 -3.0384 -0.000104772
5.84 -3.17602 -0.000109518
5.85 -3.28509 -0.000113279
5.86 -3.3693 -0.000116183
5.87 -3.43678 -0.00011851
5.88 -3.49776 -0.000120612
5.89 -3.55864 -0.000122712
5.9 -3.61431 -0.000124632
5.91 -3.65288 -0.000125961
5.92 -3.66382 -0.000126339
5.93 -3.63898 -0.000125482
5.94 -3.57291 -0.000123204
5.95 -3.46802 -0.000119587
5.96 -3.33958 -0.000115158
5.97 -3.20863 -0.000110642
5.98 -3.08811 -0.000106486
5.99 -2.98048 -0.000102775
6 -2.88732 -9.95629e-005
6.01 -2.81445 -9.70501e-005
6.02 -2.76326 -9.52848e-005
6.03 -2.72233 -9.38736e-005
6.04 -2.6748 -9.22345e-005
6.05 -2.61391 -9.01349e-005
6.06 -2.54977 -8.7923e-005
6.07 -2.50072 -8.62316e-005
6.08 -2.47603 -8.53805e-005
6.09 -2.47648 -8.53958e-005
6.1 -2.49788 -8.61338e-005
6.11 -2.52824 -8.71807e-005
6.12 -2.54776 -8.78536e-005
6.13 -2.54006 -8.75883e-005
6.14 -2.4954 -8.60484e-005
6.15 -2.40609 -8.29688e-005
6.16 -2.26702 -7.8173e-005
6.17 -2.08028 -7.17338e-005
6.18 -1.85374 -6.3922e-005
6.19 -1.59639 -5.50478e-005
6.2 -1.31438 -4.53233e-005
6.21 -1.0085 -3.4776e-005
6.22 -0.676484 -2.3327e-005
6.23 -0.324454 -1.11881e-005
6.24 0.0300266 1.0354e-006
6.25 0.359684 1.24029e-005
6.26 0.635947 2.19292e-005
6.27 0.833708 2.87485e-005
6.28 0.939716 3.2404e-005
6.29 0.964599 3.3262e-005
6.3 0.943632 3.2539e-005
6.31 0.910385 3.13926e-005
6.32 0.86389 2.97893e-005
6.33 0.765859 2.64089e-005
6.34 0.566015 1.95178e-005
6.35 0.238333 8.2184e-006
6.36 -0.197551 -6.81211e-006
6.37 -0.678936 -2.34116e-005
6.38 -1.12735 -3.88741e-005
6.39 -1.49198 -5.14476e-005
6.4 -1.77262 -6.11248e-005
6.41 -1.99241 -6.87037e-005
6.42 -2.15632 -7.43557e-005
6.43 -2.24424 -7.73874e-005
6.44 -2.22856 -7.68468e-005
6.45 -2.09185 -7.21329e-005
6.46 -1.83776 -6.3371e-005
6.47 -1.49499 -5.15513e-005
6.48 -1.1115 -3.83277e-005
6.49 -0.735018 -2.53455e-005
6.5 -0.396887 -1.36858e-005
6.51 -0.115597 -3.98611e-006
6.52 0.0865329 2.98389e-006
6.53 0.181153 6.24667e-006
6.54 0.13848 4.77517e-006
6.55 -0.0544624 -1.87801e-006
6.56 -0.383172 -1.32128e-005
6.57 -0.815335 -2.8115e-005
6.58 -1.318 -4.54481e-005
6.59 -1.86964 -6.44704e-005
6.6 -2.46644 -8.50497e-005
6.61 -3.11799 -0.000107517
6.62 -3.83271 -0.000132162
6.63 -4.607 -0.000158862
6.64 -5.41188 -0.000186616
6.65 -6.19374 -0.000213577
6.66 -6.8923 -0.000237666
6.67 -7.45998 -0.000257241
6.68 -7.85751 -0.000270949
6.69 -8.06629 -0.000278148
6.7 -8.0785 -0.000278569
6.71 -7.89618 -0.000272282
6.72 -7.53395 -0.000259791
6.73 -7.02324 -0.000242181
6.74 -6.41385 -0.000221167
6.75 -5.76909 -0.000198934
6.76 -5.15177 -0.000177647
6.77 -4.60285 -0.000158719
6.78 -4.1418 -0.000142821
6.79 -3.78643 -0.000130567
6.8 -3.56265 -0.00012285
6.81 -3.49397 -0.000120482
6.82 -3.58282 -0.000123546
6.83 -3.81744 -0.000131636
6.84 -4.17183 -0.000143856
6.85 -4.61566 -0.000159161
6.86 -5.11119 -0.000176248
6.87 -5.61512 -0.000193625
6.88 -6.09582 -0.000210201
6.89 -6.54381 -0.000225648
6.9 -6.95792 -0.000239928
6.91 -7.32719 -0.000252662
6.92 -7.63449 -0.000263258
6.93 -7.87158 -0.000271434
6.94 -8.0432 -0.000277352
6.95 -8.15111 -0.000281073
6.96 -8.17809 -0.000282003
6.97 -8.09892 -0.000279273
6.98 -7.90666 -0.000272644
6.99 -7.61949 -0.000262741
7 -7.26466 -0.000250506
7.01 -6.85055 -0.000236226
7.02 -6.36992 -0.000219652
7.03 -5.82287 -0.000200789
7.04 -5.22653 -0.000180225
7.05 -4.60796 -0.000158895
7.06 -3.98867 -0.00013754
7.07 -3.37482 -0.000116373
7.08 -2.76643 -9.53941e-005
7.09 -2.1735 -7.49483e-005
7.1 -1.62076 -5.58884e-005
7.11 -1.14028 -3.93202e-005
7.12 -0.762969 -2.63093e-005
7.13 -0.512064 -1.76574e-005
7.14 -0.386715 -1.3335e-005
7.15 -0.372244 -1.2836e-005
7.16 -0.447013 -1.54143e-005
7.17 -0.582793 -2.00963e-005
7.18 -0.739526 -2.55009e-005
7.19 -0.881696 -3.04033e-005
7.2 -0.989652 -3.41259e-005
7.21 -1.05883 -3.65113e-005
7.22 -1.08881 -3.75453e-005
7.23 -1.07818 -3.71788e-005
7.24 -1.03004 -3.55185e-005
7.25 -0.948252 -3.26983e-005
7.26 -0.83378 -2.8751e-005
7.27 -0.676543 -2.33291e-005
7.28 -0.461433 -1.59115e-005
7.29 -0.182083 -6.27872e-006
7.3 0.158615 5.46948e-006
7.31 0.558873 1.92715e-005
7.32 1.01638 3.50475e-005
7.33 1.50537 5.19091e-005
7.34 1.97298 6.80337e-005
7.35 2.3587 8.13345e-005
7.36 2.62777 9.06128e-005
7.37 2.78271 9.59554e-005
7.38 2.83276 9.76813e-005
7.39 2.77546 9.57054e-005
7.4 2.59351 8.94314e-005
7.41 2.27241 7.83591e-005
7.42 1.81671 6.2645e-005
7.43 1.2479 4.30312e-005
7.44 0.583744 2.01291e-005
7.45 -0.16831 -5.8038e-006
7.46 -0.992765 -3.42333e-005
7.47 -1.84682 -6.36835e-005
7.48 -2.66287 -9.18231e-005
7.49 -3.38148 -0.000116603
7.5 -3.98714 -0.000137488
7.51 -4.51188 -0.000155582
7.52 -4.99853 -0.000172363
7.53 -5.46521 -0.000188455
7.54 -5.90218 -0.000203523
7.55 -6.29046 -0.000216912
7.56 -6.62189 -0.000228341
7.57 -6.89969 -0.00023792
7.58 -7.11175 -0.000245233
7.59 -7.21769 -0.000248886
7.6 -7.1811 -0.000247624
7.61 -7.01748 -0.000241982
7.62 -6.78391 -0.000233928
7.63 -6.5537 -0.00022599
7.64 -6.35866 -0.000219264
7.65 -6.18461 -0.000213262
7.66 -6.00263 -0.000206987
7.67 -5.78924 -0.000199629
7.68 -5.5521 -0.000191452
7.69 -5.33464 -0.000183953
7.7 -5.18742 -0.000178877
7.71 -5.13374 -0.000177026
7.72 -5.16591 -0.000178135
7.73 -5.26556 -0.000181571
7.74 -5.41491 -0.000186721
7.75 -5.58827 -0.000192699
7.76 -5.74694 -0.00019817
7.77 -5.85223 -0.000201801
7.78 -5.88914 -0.000203074
7.79 -5.87532 -0.000202597
7.8 -5.8402 -0.000201386
7.81 -5.79697 -0.000199895
7.82 -5.73081 -0.000197614
7.83 -5.6014 -0.000193152
7.84 -5.36244 -0.000184912
7.85 -4.98593 -0.000171929
7.86 -4.46735 -0.000154047
7.87 -3.82179 -0.000131786
7.88 -3.08729 -0.000106458
7.89 -2.31783 -7.99252e-005
7.9 -1.56812 -5.40733e-005
7.91 -0.873865 -3.01333e-005
7.92 -0.251113 -8.65906e-006
7.93 0.30838 1.06338e-005
7.94 0.819251 2.825e-005
7.95 1.28221 4.42143e-005
7.96 1.66801 5.75175e-005
7.97 1.93871 6.68522e-005
7.98 2.0606 7.10553e-005
7.99 2.02239 6.97374e-005
8 1.85204 6.38636e-005
8.01 1.59448 5.49821e-005
8.02 1.28634 4.43567e-005
8.03 0.943418 3.25317e-005
8.04 0.580597 2.00206e-005
8.05 0.214911 7.41073e-006
8.06 -0.142574 -4.91634e-006
8.07 -0.493107 -1.70037e-005
8.08 -0.84186 -2.90297e-005
8.09 -1.16847 -4.0292e-005
8.1 -1.41762 -4.88835e-005
8.11 -1.52857 -5.27092e-005
8.12 -1.46807 -5.06232e-005
8.13 -1.23529 -4.25963e-005
8.14 -0.852844 -2.94084e-005
8.15 -0.355109 -1.22451e-005
8.16 0.219731 7.57692e-006
8.17 0.82623 2.84907e-005
8.18 1.41053 4.86389e-005
8.19 1.91744 6.61187e-005
8.2 2.30489 7.94788e-005
8.21 2.54779 8.78548e-005
8.22 2.64111 9.10727e-005
8.23 2.59847 8.96025e-005
8.24 2.44287 8.4237e-005
8.25 2.20478 7.60269e-005
8.26 1.91402 6.60008e-005
8.27 1.58974 5.48187e-005
8.28 1.23852 4.27077e-005
8.29 0.863558 2.97779e-005
8.3 0.469338 1.61841e-005
8.31 0.0565993 1.9517e-006
8.32 -0.379453 -1.30846e-005
8.33 -0.842054 -2.90364e-005
8.34 -1.3292 -4.58345e-005
8.35 -1.83926 -6.34227e-005
8.36 -2.37266 -8.18157e-005
8.37 -2.91605 -0.000100553
8.38 -3.43418 -0.00011842
8.39 -3.87034 -0.00013346
8.4 -4.16508 -0.000143623
8.41 -4.27757 -0.000147502
8.42 -4.20547 -0.000145016
8.43 -3.97846 -0.000137188
8.44 -3.6426 -0.000125607
8.45 -3.248 -0.000112
8.46 -2.84292 -9.80317e-005
8.47 -2.46722 -8.50767e-005
8.48 -2.15504 -7.43117e-005
8.49 -1.93852 -6.68456e-005
8.5 -1.85327 -6.39059e-005
8.51 -1.92074 -6.62325e-005
8.52 -2.13256 -7.35366e-005
8.53 -2.45483 -8.46493e-005
8.54 -2.84499 -9.81032e-005
8.55 -3.26952 -0.000112742
8.56 -3.71343 -0.000128049
8.57 -4.1739 -0.000143928
8.58 -4.65001 -0.000160345
8.59 -5.13692 -0.000177135
8.6 -5.62699 -0.000194034
8.61 -6.12304 -0.000211139
8.62 -6.62327 -0.000228389
8.63 -7.11977 -0.000245509
8.64 -7.5948 -0.00026189
8.65 -8.01377 -0.000276337
8.66 -8.35085 -0.00028796
8.67 -8.57627 -0.000295734
8.68 -8.67002 -0.000298966
8.69 -8.62185 -0.000297305
8.7 -8.43929 -0.00029101
8.71 -8.14924 -0.000281008
8.72 -7.78482 -0.000268442
8.73 -7.37571 -0.000254335
8.74 -6.93965 -0.000239298
8.75 -6.49582 -0.000223994
8.76 -6.07102 -0.000209346
8.77 -5.69345 -0.000196326
8.78 -5.38278 -0.000185613
8.79 -5.14402 -0.00017738
8.8 -4.97282 -0.000171477
8.81 -4.85872 -0.000167542
8.82 -4.79041 -0.000165187
8.83 -4.76339 -0.000164255
8.84 -4.77649 -0.000164707
8.85 -4.8504 -0.000167255
8.86 -5.02269 -0.000173196
8.87 -5.29525 -0.000182595
8.88 -5.64315 -0.000194591
8.89 -6.02272 -0.00020768
8.9 -6.38817 -0.000220282
8.91 -6.713 -0.000231483
8.92 -6.98905 -0.000241002
8.93 -7.21734 -0.000248874
8.94 -7.39499 -0.000255
8.95 -7.51009 -0.000258969
8.96 -7.54446 -0.000260154
8.97 -7.47535 -0.000257771
8.98 -7.29693 -0.000251618
8.99 -7.02638 -0.000242289
9 -6.69102 -0.000230725
9.01 -6.31882 -0.00021789
9.02 -5.93359 -0.000204607
9.03 -5.55858 -0.000191675
9.04 -5.19014 -0.00017897
9.05 -4.81457 -0.00016602
9.06 -4.41125 -0.000152112
9.07 -3.94458 -0.00013602
9.08 -3.38443 -0.000116704
9.09 -2.72282 -9.38905e-005
9.1 -1.94276 -6.69918e-005
9.11 -1.0993 -3.79068e-005
9.12 -0.254921 -8.79036e-006
9.13 0.486823 1.6787e-005
9.14 1.09161 3.76416e-005
9.15 1.55441 5.36005e-005
9.16 1.90819 6.57998e-005
9.17 2.17539 7.50133e-005
9.18 2.35739 8.12894e-005
9.19 2.44105 8.41742e-005
9.2 2.43862 8.40902e-005
9.21 2.39005 8.24156e-005
9.22 2.34016 8.06951e-005
9.23 2.31937 7.99781e-005
9.24 2.32658 8.02269e-005
9.25 2.34063 8.07113e-005
9.26 2.33401 8.04832e-005
9.27 2.29783 7.92354e-005
9.28 2.24796 7.75159e-005
9.29 2.21307 7.63127e-005
9.3 2.21947 7.65335e-005
9.31 2.27936 7.85985e-005
9.32 2.39643 8.26356e-005
9.33 2.56892 8.85836e-005
9.34 2.79121 9.62488e-005
9.35 3.04818 0.00010511
9.36 3.32793 0.000114756
9.37 3.62252 0.000124915
9.38 3.91386 0.000134961
9.39 4.17073 0.000143818
9.4 4.35385 0.000150133
9.41 4.42643 0.000152636
9.42 4.37206 0.000150761
9.43 4.18255 0.000144226
9.44 3.84443 0.000132567
9.45 3.35938 0.000115841
9.46 2.74413 9.46251e-005
9.47 2.03248 7.00855e-005
9.48 1.25679 4.33375e-005
9.49 0.443273 1.52853e-005
9.5 -0.411301 -1.41828e-005
9.51 -1.32823 -4.58011e-005
9.52 -2.32118 -8.00408e-005
9.53 -3.37559 -0.0001164
9.54 -4.43735 -0.000153012
9.55 -5.43933 -0.000187563
9.56 -6.32624 -0.000218146
9.57 -7.06964 -0.000243781
9.58 -7.67011 -0.000264487
9.59 -8.14501 -0.000280862
9.6 -8.51329 -0.000293562
9.61 -8.80292 -0.000303549
9.62 -9.04583 -0.000311925
9.63 -9.2837 -0.000320128
9.64 -9.53804 -0.000328898
9.65 -9.803 -0.000338035
9.66 -10.0584 -0.000346841
9.67 -10.2872 -0.000354731
9.68 -10.4945 -0.000361878
9.69 -10.6957 -0.000368818
9.7 -10.8988 -0.000375821
9.71 -11.0944 -0.000382567
9.72 -11.2827 -0.00038906
9.73 -11.4669 -0.00039541
9.74 -11.6615 -0.000402122
9.75 -11.8817 -0.000409715
9.76 -12.1379 -0.000418547
9.77 -12.4636 -0.000429781
9.78 -12.9008 -0.000444855
9.79 -13.467 -0.00046438
9.8 -14.1426 -0.000487678
9.81 -14.8651 -0.00051259
9.82 -15.5432 -0.000535974
9.83 -16.0831 -0.000554591
9.84 -16.4149 -0.000566032
9.85 -16.4913 -0.000568666
9.86 -16.303 -0.000562171
9.87 -15.8608 -0.000546924
9.88 -15.1783 -0.000523389
9.89 -14.2857 -0.00049261
9.9 -13.2349 -0.000456376
9.91 -12.0779 -0.00041648
9.92 -10.8366 -0.000373675
9.93 -9.5116 -0.000327986
9.94 -8.11262 -0.000279746
9.95 -6.66055 -0.000229674
9.96 -5.18762 -0.000178883
9.97 -3.72706 -0.000128519
9.98 -2.31219 -7.97307e-005
9.99 -0.998056 -3.44157e-005
10 0.189131 6.52174e-006
