0.1 -0.0504956 -1.40413e-005
0.2 -0.100882 -2.8121e-005
0.3 -0.151159 -4.22396e-005
0.4 -0.201324 -5.63972e-005
0.5 -0.251378 -7.05943e-005
0.6 -0.301319 -8.48311e-005
0.7 -0.351147 -9.9108e-005
0.8 -0.400835 -0.000113418
0.9 -0.450319 -0.000127744
1 -0.499631 -0.000142093
0.01 -0.499558 -0.000142073
0.02 -0.49935 -0.000142015
0.03 -0.499114 -0.00014195
0.04 -0.49896 -0.000141907
0.05 -0.498909 -0.000141893
0.06 -0.498958 -0.000141907
0.07 -0.499093 -0.000141944
0.08 -0.499293 -0.000141999
0.09 -0.499532 -0.000142066
0.1 -0.499784 -0.000142138
0.11 -0.500039 -0.000142212
0.12 -0.500294 -0.000142287
0.13 -0.500554 -0.000142363
0.14 -0.500827 -0.000142442
0.15 -0.501116 -0.000142527
0.16 -0.501415 -0.000142614
0.17 -0.501714 -0.000142701
0.18 -0.502007 -0.000142787
0.19 -0.502301 -0.000142873
0.2 -0.502609 -0.000142962
0.21 -0.502938 -0.000143058
0.22 -0.503277 -0.000143157
0.23 -0.503608 -0.000143254
0.24 -0.503912 -0.000143343
0.25 -0.504185 -0.000143422
0.26 -0.504437 -0.000143496
0.27 -0.504689 -0.000143569
0.28 -0.504972 -0.000143652
0.29 -0.505325 -0.000143755
0.3 -0.50578 -0.000143888
0.31 -0.506348 -0.000144054
0.32 -0.507008 -0.000144246
0.33 -0.507709 -0.000144451
0.34 -0.508403 -0.000144654
0.35 -0.509065 -0.000144847
0.36 -0.509689 -0.00014503
0.37 -0.510275 -0.000145201
0.38 -0.510795 -0.000145353
0.39 -0.511215 -0.000145475
0.4 -0.511523 -0.000145565
0.41 -0.511745 -0.00014563
0.42 -0.511918 -0.000145681
0.43 -0.512062 -0.000145723
0.44 -0.512171 -0.000145755
0.45 -0.512235 -0.000145773
0.46 -0.512263 -0.000145781
0.47 -0.512271 -0.000145784
0.48 -0.512261 -0.000145781
0.49 -0.512219 -0.000145769
0.5 -0.512123 -0.000145743
0.51 -0.51196 -0.000145697
0.52 -0.511719 -0.000145631
0.53 -0.511394 -0.00014554
0.54 -0.51099 -0.000145428
0.55 -0.510547 -0.000145306
0.56 -0.510123 -0.000145188
0.57 -0.509732 -0.00014508
0.58 -0.509356 -0.000144975
0.59 -0.508973 -0.000144869
0.6 -0.508585 -0.000144761
0.61 -0.508211 -0.000144658
0.62 -0.507864 -0.000144561
0.63 -0.507507 -0.000144462
0.64 -0.507069 -0.000144341
0.65 -0.506512 -0.000144186
0.66 -0.505862 -0.000144006
0.67 -0.50517 -0.000143814
0.68 -0.504457 -0.000143616
0.69 -0.503698 -0.000143406
0.7 -0.502878 -0.000143178
0.71 -0.50203 -0.000142943
0.72 -0.501239 -0.000142724
0.73 -0.500585 -0.000142542
0.74 -0.50005 -0.000142394
0.75 -0.499531 -0.00014225
0.76 -0.498946 -0.000142088
0.77 -0.49829 -0.000141905
0.78 -0.497582 -0.000141709
0.79 -0.49683 -0.000141501
0.8 -0.496038 -0.000141281
0.81 -0.495237 -0.000141059
0.82 -0.494508 -0.000140856
0.83 -0.493922 -0.000140694
0.84 -0.49348 -0.000140571
0.85 -0.493122 -0.000140472
0.86 -0.492769 -0.000140374
0.87 -0.492358 -0.00014026
0.88 -0.491862 -0.000140122
0.89 -0.491296 -0.000139965
0.9 -0.4907 -0.0001398
0.91 -0.490091 -0.000139631
0.92 -0.489419 -0.000139445
0.93 -0.488594 -0.000139216
0.94 -0.487592 -0.000138938
0.95 -0.486571 -0.000138655
0.96 -0.485784 -0.000138437
0.97 -0.485343 -0.000138314
0.98 -0.485161 -0.000138264
0.99 -0.4851 -0.000138247
1 -0.485105 -0.000138248
1.01 -0.485268 -0.000138293
1.02 -0.485716 -0.000138418
1.03 -0.48636 -0.000138596
1.04 -0.48689 -0.000138743
1.05 -0.487091 -0.000138799
1.06 -0.487038 -0.000138784
1.07 -0.486944 -0.000138758
1.08 -0.486953 -0.000138761
1.09 -0.487075 -0.000138795
1.1 -0.487239 -0.00013884
1.11 -0.487331 -0.000138866
1.12 -0.48722 -0.000138835
1.13 -0.486891 -0.000138743
1.14 -0.486566 -0.000138653
1.15 -0.486535 -0.000138645
1.16 -0.48686 -0.000138735
1.17 -0.487327 -0.000138864
1.18 -0.487598 -0.00013894
1.19 -0.487503 -0.000138913
1.2 -0.487217 -0.000138834
1.21 -0.487089 -0.000138799
1.22 -0.487384 -0.00013888
1.23 -0.488179 -0.000139101
1.24 -0.489368 -0.000139431
1.25 -0.490717 -0.000139805
1.26 -0.492003 -0.000140162
1.27 -0.493119 -0.000140471
1.28 -0.494037 -0.000140726
1.29 -0.494784 -0.000140933
1.3 -0.495381 -0.000141098
1.31 -0.495783 -0.00014121
1.32 -0.496001 -0.000141271
1.33 -0.496225 -0.000141333
1.34 -0.496645 -0.000141449
1.35 -0.497136 -0.000141585
1.36 -0.497355 -0.000141646
1.37 -0.497145 -0.000141588
1.38 -0.496751 -0.000141479
1.39 -0.496655 -0.000141452
1.4 -0.497214 -0.000141607
1.41 -0.498271 -0.0001419
1.42 -0.499114 -0.000142134
1.43 -0.499037 -0.000142113
1.44 -0.497986 -0.000141821
1.45 -0.496617 -0.000141441
1.46 -0.495747 -0.0001412
1.47 -0.495651 -0.000141174
1.48 -0.495935 -0.000141252
1.49 -0.49615 -0.000141312
1.5 -0.496224 -0.000141332
1.51 -0.496174 -0.000141319
1.52 -0.495771 -0.000141207
1.53 -0.494716 -0.000140914
1.54 -0.493006 -0.00014044
1.55 -0.49097 -0.000139875
1.56 -0.488989 -0.000139326
1.57 -0.487332 -0.000138866
1.58 -0.486216 -0.000138556
1.59 -0.485828 -0.000138449
1.6 -0.486167 -0.000138543
1.61 -0.486776 -0.000138712
1.62 -0.486833 -0.000138727
1.63 -0.48592 -0.000138474
1.64 -0.484442 -0.000138064
1.65 -0.483129 -0.0001377
1.66 -0.482306 -0.000137472
1.67 -0.481748 -0.000137317
1.68 -0.481098 -0.000137137
1.69 -0.480336 -0.000136925
1.7 -0.479694 -0.000136747
1.71 -0.479152 -0.000136597
1.72 -0.478426 -0.000136396
1.73 -0.477458 -0.000136127
1.74 -0.476621 -0.000135895
1.75 -0.476443 -0.000135845
1.76 -0.477277 -0.000136077
1.77 -0.47921 -0.000136613
1.78 -0.482018 -0.000137392
1.79 -0.485071 -0.000138239
1.8 -0.48763 -0.000138948
1.81 -0.489444 -0.000139452
1.82 -0.490791 -0.000139825
1.83 -0.491999 -0.00014016
1.84 -0.493116 -0.00014047
1.85 -0.49399 -0.000140713
1.86 -0.494624 -0.000140889
1.87 -0.49524 -0.00014106
1.88 -0.495882 -0.000141237
1.89 -0.496309 -0.000141356
1.9 -0.496483 -0.000141404
1.91 -0.496677 -0.000141458
1.92 -0.49706 -0.000141564
1.93 -0.49766 -0.000141731
1.94 -0.498649 -0.000142005
1.95 -0.500255 -0.000142451
1.96 -0.502423 -0.000143052
1.97 -0.50474 -0.000143695
1.98 -0.506766 -0.000144257
1.99 -0.508386 -0.000144706
2 -0.509783 -0.000145094
2.01 -0.511103 -0.00014546
2.02 -0.512223 -0.000145771
2.03 -0.512902 -0.000145968
2.04 -0.513268 -0.000146075
2.05 -0.513608 -0.000146174
2.06 -0.514071 -0.00014631
2.07 -0.51469 -0.00014649
2.08 -0.515508 -0.00014673
2.09 -0.516521 -0.000147026
2.1 -0.51767 -0.000147361
2.11 -0.518907 -0.000147723
2.12 -0.52025 -0.000148116
2.13 -0.521752 -0.000148555
2.14 -0.523323 -0.000149015
2.15 -0.524589 -0.000149385
2.16 -0.525041 -0.000149517
2.17 -0.524505 -0.000149369
2.18 -0.523648 -0.000149131
2.19 -0.52349 -0.000149087
2.2 -0.52433 -0.00014932
2.21 -0.525601 -0.000149681
2.22 -0.526677 -0.000149996
2.23 -0.527367 -0.000150198
2.24 -0.527768 -0.000150315
2.25 -0.528105 -0.000150414
2.26 -0.528658 -0.000150576
2.27 -0.529623 -0.000150858
2.28 -0.530831 -0.000151211
2.29 -0.531919 -0.00015153
2.3 -0.532774 -0.000151781
2.31 -0.533473 -0.000151985
2.32 -0.533987 -0.000152136
2.33 -0.534242 -0.00015221
2.34 -0.534339 -0.000152239
2.35 -0.534538 -0.000152297
2.36 -0.535049 -0.000152447
2.37 -0.535956 -0.000152712
2.38 -0.537166 -0.000153067
2.39 -0.538237 -0.00015338
2.4 -0.538466 -0.000153448
2.41 -0.537143 -0.00015308
2.42 -0.53388 -0.000152175
2.43 -0.529047 -0.000150835
2.44 -0.52392 -0.000149412
2.45 -0.51974 -0.000148253
2.46 -0.516635 -0.000147392
2.47 -0.5138 -0.000146605
2.48 -0.510489 -0.000145687
2.49 -0.506614 -0.000144612
2.5 -0.502629 -0.000143507
2.51 -0.49912 -0.000142533
2.52 -0.49656 -0.000141823
2.53 -0.495137 -0.000141428
2.54 -0.49457 -0.000141271
2.55 -0.494208 -0.000141171
2.56 -0.493406 -0.000140948
2.57 -0.491867 -0.000140521
2.58 -0.489737 -0.00013993
2.59 -0.487341 -0.000139266
2.6 -0.484893 -0.000138587
2.61 -0.482526 -0.00013793
2.62 -0.48042 -0.000137346
2.63 -0.47866 -0.000136858
2.64 -0.477059 -0.000136414
2.65 -0.475352 -0.00013594
2.66 -0.47344 -0.00013541
2.67 -0.471532 -0.00013488
2.68 -0.470082 -0.000134478
2.69 -0.469408 -0.000134291
2.7 -0.469442 -0.000134301
2.71 -0.469722 -0.000134378
2.72 -0.469486 -0.000134313
2.73 -0.468153 -0.000133943
2.74 -0.466048 -0.000133359
2.75 -0.464377 -0.000132896
2.76 -0.464064 -0.000132809
2.77 -0.465147 -0.000133109
2.78 -0.467506 -0.000133764
2.79 -0.471274 -0.000134809
2.8 -0.476186 -0.000136172
2.81 -0.481386 -0.000137614
2.82 -0.486061 -0.000138911
2.83 -0.489875 -0.000139969
2.84 -0.493035 -0.000140845
2.85 -0.49588 -0.000141635
2.86 -0.498594 -0.000142387
2.87 -0.501362 -0.000143155
2.88 -0.50418 -0.000143937
2.89 -0.50653 -0.000144589
2.9 -0.507821 -0.000144947
2.91 -0.508118 -0.000145029
2.92 -0.5082 -0.000145052
2.93 -0.508916 -0.000145251
2.94 -0.510531 -0.000145699
2.95 -0.512724 -0.000146307
2.96 -0.515068 -0.000146957
2.97 -0.517254 -0.000147563
2.98 -0.518981 -0.000148043
2.99 -0.519942 -0.000148309
3 -0.519935 -0.000148307
3.01 -0.518976 -0.000148041
3.02 -0.517264 -0.000147566
3.03 -0.514951 -0.000146925
3.04 -0.512158 -0.00014615
3.05 -0.509319 -0.000145362
3.06 -0.507057 -0.000144735
3.07 -0.50538 -0.00014427
3.08 -0.503555 -0.000143764
3.09 -0.501088 -0.000143079
3.1 -0.498308 -0.000142308
3.11 -0.496006 -0.00014167
3.12 -0.494594 -0.000141278
3.13 -0.493641 -0.000141013
3.14 -0.492502 -0.000140698
3.15 -0.49105 -0.000140295
3.16 -0.489504 -0.000139866
3.17 -0.488127 -0.000139484
3.18 -0.48701 -0.000139174
3.19 -0.485688 -0.000138807
3.2 -0.483304 -0.000138146
3.21 -0.479369 -0.000137055
3.22 -0.474226 -0.000135628
3.23 -0.468861 -0.00013414
3.24 -0.464367 -0.000132893
3.25 -0.461537 -0.000132108
3.26 -0.460819 -0.000131909
3.27 -0.462216 -0.000132296
3.28 -0.465144 -0.000133109
3.29 -0.468643 -0.000134079
3.3 -0.4717 -0.000134927
3.31 -0.473455 -0.000135414
3.32 -0.473357 -0.000135387
3.33 -0.471494 -0.00013487
3.34 -0.468828 -0.00013413
3.35 -0.466699 -0.00013354
3.36 -0.466005 -0.000133347
3.37 -0.466921 -0.000133601
3.38 -0.468953 -0.000134165
3.39 -0.471139 -0.000134772
3.4 -0.472682 -0.0001352
3.41 -0.473554 -0.000135441
3.42 -0.474305 -0.00013565
3.43 -0.475406 -0.000135955
3.44 -0.476908 -0.000136372
3.45 -0.478484 -0.000136809
3.46 -0.479791 -0.000137172
3.47 -0.480802 -0.000137452
3.48 -0.481734 -0.00013771
3.49 -0.482842 -0.000138018
3.5 -0.484459 -0.000138466
3.51 -0.486983 -0.000139167
3.52 -0.490515 -0.000140146
3.53 -0.494682 -0.000141302
3.54 -0.498926 -0.000142479
3.55 -0.502869 -0.000143573
3.56 -0.506442 -0.000144564
3.57 -0.509666 -0.000145459
3.58 -0.512365 -0.000146207
3.59 -0.514112 -0.000146692
3.6 -0.514491 -0.000146797
3.61 -0.513592 -0.000146548
3.62 -0.512271 -0.000146181
3.63 -0.511713 -0.000146027
3.64 -0.512455 -0.000146232
3.65 -0.513842 -0.000146617
3.66 -0.514665 -0.000146845
3.67 -0.514065 -0.000146679
3.68 -0.511871 -0.00014607
3.69 -0.50878 -0.000145213
3.7 -0.50628 -0.000144519
3.71 -0.505842 -0.000144398
3.72 -0.508043 -0.000145008
3.73 -0.512368 -0.000146208
3.74 -0.517543 -0.000147644
3.75 -0.522367 -0.000148982
3.76 -0.5265 -0.000150128
3.77 -0.530245 -0.000151167
3.78 -0.53393 -0.000152189
3.79 -0.53779 -0.00015326
3.8 -0.54177 -0.000154416
3.81 -0.545779 -0.000155591
3.82 -0.549142 -0.000156577
3.83 -0.550917 -0.000157098
3.84 -0.550832 -0.000157074
3.85 -0.550012 -0.000156847
3.86 -0.550015 -0.000156848
3.87 -0.551084 -0.000157147
3.88 -0.552299 -0.000157503
3.89 -0.552961 -0.000157697
3.9 -0.553041 -0.000157721
3.91 -0.552962 -0.000157699
3.92 -0.552913 -0.000157686
3.93 -0.552477 -0.000157565
3.94 -0.550928 -0.000157135
3.95 -0.547686 -0.000156236
3.96 -0.542572 -0.000154817
3.97 -0.535989 -0.000152991
3.98 -0.528708 -0.000150971
3.99 -0.521324 -0.000148923
4 -0.514224 -0.000146953
4.01 -0.507816 -0.000145176
4.02 -0.502469 -0.000143693
4.03 -0.498553 -0.000142607
4.04 -0.496433 -0.000142018
4.05 -0.496102 -0.000141926
4.06 -0.496838 -0.000142131
4.07 -0.497405 -0.000142288
4.08 -0.496739 -0.000142103
4.09 -0.494261 -0.000141416
4.1 -0.489766 -0.000140169
4.11 -0.48354 -0.000138442
4.12 -0.47633 -0.000136442
4.13 -0.468858 -0.000134369
4.14 -0.461633 -0.000132365
4.15 -0.455229 -0.000130589
4.16 -0.450277 -0.000129215
4.17 -0.447208 -0.000128364
4.18 -0.445968 -0.00012802
4.19 -0.445766 -0.000127964
4.2 -0.445377 -0.000127856
4.21 -0.443917 -0.000127451
4.22 -0.441176 -0.000126691
4.23 -0.437478 -0.000125665
4.24 -0.43331 -0.000124509
4.25 -0.428863 -0.000123275
4.26 -0.424086 -0.00012195
4.27 -0.419311 -0.000120625
4.28 -0.415265 -0.000119503
4.29 -0.412513 -0.00011874
4.3 -0.4115 -0.000118459
4.31 -0.41273 -0.0001188
4.32 -0.416312 -0.000119793
4.33 -0.421556 -0.000121248
4.34 -0.427162 -0.000122803
4.35 -0.431708 -0.000124064
4.36 -0.434421 -0.000124817
4.37 -0.435778 -0.000125193
4.38 -0.437032 -0.000125541
4.39 -0.439137 -0.000126125
4.4 -0.44214 -0.000126958
4.41 -0.44534 -0.000127845
4.42 -0.447951 -0.00012857
4.43 -0.449605 -0.000129029
4.44 -0.450209 -0.000129196
4.45 -0.449862 -0.0001291
4.46 -0.449292 -0.000128942
4.47 -0.449869 -0.000129102
4.48 -0.452586 -0.000129855
4.49 -0.45708 -0.000131102
4.5 -0.461904 -0.00013244
4.51 -0.465453 -0.000133425
4.52 -0.46666 -0.00013376
4.53 -0.465285 -0.000133378
4.54 -0.461714 -0.000132388
4.55 -0.456698 -0.000130996
4.56 -0.451531 -0.000129563
4.57 -0.447796 -0.000128527
4.58 -0.446359 -0.000128128
4.59 -0.446853 -0.000128265
4.6 -0.448225 -0.000128646
4.61 -0.449642 -0.000129039
4.62 -0.450887 -0.000129384
4.63 -0.452065 -0.000129711
4.64 -0.453259 -0.000130042
4.65 -0.454714 -0.000130446
4.66 -0.457233 -0.000131145
4.67 -0.461717 -0.000132388
4.68 -0.468131 -0.000134168
4.69 -0.475268 -0.000136147
4.7 -0.48145 -0.000137862
4.71 -0.485381 -0.000138953
4.72 -0.486903 -0.000139375
4.73 -0.48732 -0.000139491
4.74 -0.488491 -0.000139815
4.75 -0.491491 -0.000140647
4.76 -0.496196 -0.000141952
4.77 -0.501578 -0.000143446
4.78 -0.506459 -0.000144799
4.79 -0.510375 -0.000145886
4.8 -0.513511 -0.000146756
4.81 -0.516196 -0.000147501
4.82 -0.518954 -0.000148266
4.83 -0.522021 -0.000149116
4.84 -0.524326 -0.000149756
4.85 -0.524266 -0.000149739
4.86 -0.522029 -0.000149118
4.87 -0.519942 -0.00014854
4.88 -0.520179 -0.000148605
4.89 -0.522835 -0.000149342
4.9 -0.526261 -0.000150292
4.91 -0.529028 -0.00015106
4.92 -0.531312 -0.000151693
4.93 -0.53436 -0.000152539
4.94 -0.539238 -0.000153892
4.95 -0.546221 -0.000155829
4.96 -0.554408 -0.000158122
4.97 -0.561591 -0.000160231
4.98 -0.566326 -0.000161622
4.99 -0.568416 -0.000162236
5 -0.569346 -0.00016251
5.01 -0.570568 -0.000162869
5.02 -0.572171 -0.00016334
5.03 -0.573177 -0.000163636
5.04 -0.572652 -0.00016349
5.05 -0.57069 -0.000162946
5.06 -0.56873 -0.000162402
5.07 -0.568531 -0.000162347
5.08 -0.57072 -0.000162955
5.09 -0.574437 -0.000164007
5.1 -0.578435 -0.000165183
5.11 -0.581965 -0.000166221
5.12 -0.584375 -0.000166931
5.13 -0.585803 -0.000167352
5.14 -0.587414 -0.000167826
5.15 -0.590285 -0.000168672
5.16 -0.594508 -0.000169916
5.17 -0.599755 -0.000171463
5.18 -0.605884 -0.000173271
5.19 -0.612712 -0.000175287
5.2 -0.619553 -0.000177308
5.21 -0.625142 -0.000178961
5.22 -0.628153 -0.000179851
5.23 -0.627695 -0.000179724
5.24 -0.623594 -0.000178587
5.25 -0.616972 -0.00017675
5.26 -0.60925 -0.000174608
5.27 -0.601042 -0.000172331
5.28 -0.592168 -0.000169869
5.29 -0.582557 -0.000167203
5.3 -0.572509 -0.000164416
5.31 -0.562371 -0.000161604
5.32 -0.552426 -0.000158845
5.33 -0.542684 -0.000156143
5.34 -0.532583 -0.000153341
5.35 -0.520914 -0.000150104
5.36 -0.506218 -0.000146027
5.37 -0.488251 -0.000141044
5.38 -0.469018 -0.000135708
5.39 -0.450954 -0.000130698
5.4 -0.434527 -0.000126141
5.41 -0.418771 -0.00012177
5.42 -0.403492 -0.000117532
5.43 -0.390224 -0.000113852
5.44 -0.380799 -0.000111237
5.45 -0.374825 -0.00010958
5.46 -0.369357 -0.000108063
5.47 -0.361225 -0.000105807
5.48 -0.348901 -0.000102389
5.49 -0.332677 -9.78884e-005
5.5 -0.314492 -9.28439e-005
5.51 -0.297492 -8.81284e-005
5.52 -0.284421 -8.45026e-005
5.53 -0.27632 -8.22554e-005
5.54 -0.272877 -8.13003e-005
5.55 -0.273443 -8.14573e-005
5.56 -0.277717 -8.26429e-005
5.57 -0.285534 -8.48113e-005
5.58 -0.295927 -8.76943e-005
5.59 -0.307025 -9.07728e-005
5.6 -0.317419 -9.3656e-005
5.61 -0.327195 -9.63676e-005
5.62 -0.337165 -9.91335e-005
5.63 -0.347454 -0.000101987
5.64 -0.35748 -0.000104769
5.65 -0.367217 -0.00010747
5.66 -0.377729 -0.000110385
5.67 -0.390266 -0.000113863
5.68 -0.405005 -0.000117952
5.69 -0.420893 -0.000122359
5.7 -0.436664 -0.000126734
5.71 -0.451699 -0.000130904
5.72 -0.465823 -0.000134822
5.73 -0.478406 -0.000138312
5.74 -0.488085 -0.000140998
5.75 -0.493681 -0.00014255
5.76 -0.495405 -0.000143028
5.77 -0.495018 -0.000142921
5.78 -0.49495 -0.000142902
5.79 -0.497679 -0.000143659
5.8 -0.505323 -0.000145779
5.81 -0.518606 -0.000149464
5.82 -0.536028 -0.000154297
5.83 -0.55423 -0.000159346
5.84 -0.570095 -0.000163747
5.85 -0.582461 -0.000167177
5.86 -0.591765 -0.000169758
5.87 -0.59908 -0.000171787
5.88 -0.60575 -0.000173637
5.89 -0.612594 -0.000175535
5.9 -0.618982 -0.000177307
5.91 -0.623434 -0.000178542
5.92 -0.62465 -0.000178879
5.93 -0.621655 -0.000178049
5.94 -0.613822 -0.000175876
5.95 -0.601476 -0.000172451
5.96 -0.586473 -0.00016829
5.97 -0.571354 -0.000164096
5.98 -0.557686 -0.000160304
5.99 -0.54577 -0.000156999
6 -0.535797 -0.000154233
6.01 -0.528484 -0.000152204
6.02 -0.524038 -0.000150971
6.03 -0.52114 -0.000150167
6.04 -0.517778 -0.000149234
6.05 -0.513093 -0.000147934
6.06 -0.508198 -0.000146577
6.07 -0.505181 -0.00014574
6.08 -0.50505 -0.000145703
6.09 -0.507783 -0.000146462
6.1 -0.512779 -0.000147847
6.11 -0.518551 -0.000149449
6.12 -0.522868 -0.000150646
6.13 -0.52372 -0.000150882
6.14 -0.519918 -0.000149828
6.15 -0.510512 -0.000147219
6.16 -0.494826 -0.000142867
6.17 -0.473028 -0.000136821
6.18 -0.445994 -0.000129322
6.19 -0.41482 -0.000120674
6.2 -0.380349 -0.000111112
6.21 -0.342858 -0.000100712
6.22 -0.302315 -8.94662e-005
6.23 -0.259375 -7.75549e-005
6.24 -0.216137 -6.55611e-005
6.25 -0.175781 -5.43667e-005
6.26 -0.14173 -4.49211e-005
6.27 -0.117062 -3.80784e-005
6.28 -0.103611 -3.4347e-005
6.29 -0.100373 -3.34489e-005
6.3 -0.103182 -3.42282e-005
6.31 -0.107847 -3.55221e-005
6.32 -0.114262 -3.73016e-005
6.33 -0.12691 -4.081e-005
6.34 -0.151826 -4.77217e-005
6.35 -0.192194 -5.89195e-005
6.36 -0.24565 -7.37477e-005
6.37 -0.30459 -9.00974e-005
6.38 -0.359383 -0.000105297
6.39 -0.40366 -0.000117578
6.4 -0.437249 -0.000126896
6.41 -0.462959 -0.000134028
6.42 -0.481538 -0.000139181
6.43 -0.490699 -0.000141723
6.44 -0.487139 -0.000140735
6.45 -0.468713 -0.000135624
6.46 -0.43583 -0.000126502
6.47 -0.391998 -0.000114344
6.48 -0.343097 -0.000100779
6.49 -0.295032 -8.7446e-005
6.5 -0.251627 -7.54058e-005
6.51 -0.215211 -6.53042e-005
6.52 -0.188351 -5.78533e-005
6.53 -0.174544 -5.40236e-005
6.54 -0.177523 -5.48497e-005
6.55 -0.199088 -6.08318e-005
6.56 -0.237626 -7.15221e-005
6.57 -0.289193 -8.58262e-005
6.58 -0.349603 -0.000102584
6.59 -0.416005 -0.000121003
6.6 -0.487795 -0.000140917
6.61 -0.566129 -0.000162646
6.62 -0.650576 -0.000186493
6.63 -0.737568 -0.000212416
6.64 -0.827288 -0.000239418
6.65 -0.913948 -0.000265764
6.66 -0.990291 -0.000289195
6.67 -1.05124 -0.000308052
6.68 -1.09317 -0.000321107
6.69 -1.11463 -0.000327814
6.7 -1.11475 -0.000327852
6.71 -1.09114 -0.000321305
6.72 -1.04554 -0.000308654
6.73 -0.981864 -0.000290991
6.74 -0.906256 -0.000270018
6.75 -0.826379 -0.000247861
6.76 -0.749715 -0.000226595
6.77 -0.681172 -0.000207581
6.78 -0.62306 -0.000191462
6.79 -0.577497 -0.000178823
6.8 -0.547592 -0.000170528
6.81 -0.536517 -0.000167455
6.82 -0.54511 -0.000169839
6.83 -0.571562 -0.000177177
6.84 -0.612947 -0.000188656
6.85 -0.665722 -0.000203296
6.86 -0.725236 -0.000219805
6.87 -0.786166 -0.000236706
6.88 -0.844728 -0.000252951
6.89 -0.899749 -0.000268213
6.9 -0.950824 -0.000282381
6.91 -0.996851 -0.000295148
6.92 -1.03561 -0.000305899
6.93 -1.06616 -0.000314375
6.94 -1.08917 -0.000320757
6.95 -1.10464 -0.000325048
6.96 -1.11056 -0.000326692
6.97 -1.10402 -0.000324878
6.98 -1.08409 -0.000319347
6.99 -1.05281 -0.00031067
7 -1.01314 -0.000299667
7.01 -0.966051 -0.000286605
7.02 -0.910585 -0.000271219
7.03 -0.846639 -0.000253481
7.04 -0.776277 -0.000233963
7.05 -0.702969 -0.000213628
7.06 -0.629659 -0.000193292
7.07 -0.557399 -0.000173248
7.08 -0.486342 -0.000153537
7.09 -0.417598 -0.000134468
7.1 -0.353953 -0.000116813
7.11 -0.299348 -0.000101666
7.12 -0.257437 -9.00405e-005
7.13 -0.230421 -8.25463e-005
7.14 -0.218533 -7.92489e-005
7.15 -0.220124 -7.96902e-005
7.16 -0.232126 -8.30193e-005
7.17 -0.251406 -8.83676e-005
7.18 -0.273934 -9.46166e-005
7.19 -0.295545 -0.000100611
7.2 -0.313107 -0.000105483
7.21 -0.32602 -0.000109065
7.22 -0.334206 -0.000111336
7.23 -0.337285 -0.00011219
7.24 -0.33508 -0.000111578
7.25 -0.327869 -0.000109578
7.26 -0.315971 -0.000106277
7.27 -0.298473 -0.000101424
7.28 -0.273438 -9.44792e-005
7.29 -0.240021 -8.52094e-005
7.3 -0.198611 -7.37225e-005
7.31 -0.148788 -5.99019e-005
7.32 -0.0912491 -4.39412e-005
7.33 -0.0290595 -2.66902e-005
7.34 0.0280583 -9.94601e-006
7.35 0.0788205 4.13505e-006
7.36 0.116142 1.44877e-005
7.37 0.139339 2.09224e-005
7.38 0.149861 2.38412e-005
7.39 0.147597 2.32133e-005
7.4 0.130334 1.84244e-005
7.41 0.0963293 8.99188e-006
7.42 0.0460081 -4.96686e-006
7.43 -0.0180818 -2.27596e-005
7.44 -0.0937691 -4.38158e-005
7.45 -0.180467 -6.79352e-005
7.46 -0.276433 -9.46328e-005
7.47 -0.376694 -0.000122525
7.48 -0.473309 -0.000149404
7.49 -0.558977 -0.000173237
7.5 -0.631453 -0.0001934
7.51 -0.694194 -0.000210854
7.52 -0.752032 -0.000226945
7.53 -0.807196 -0.000242291
7.54 -0.858319 -0.000256514
7.55 -0.902989 -0.000268941
7.56 -0.940361 -0.000279338
7.57 -0.970654 -0.000287765
7.58 -0.992442 -0.000293827
7.59 -1.00145 -0.000296333
7.6 -0.993718 -0.000294188
7.61 -0.970119 -0.000287642
7.62 -0.937841 -0.000278688
7.63 -0.905194 -0.000269632
7.64 -0.876223 -0.000261596
7.65 -0.84999 -0.000254319
7.66 -0.823143 -0.000246872
7.67 -0.793007 -0.000238512
7.68 -0.760681 -0.000229545
7.69 -0.731541 -0.000221462
7.7 -0.71163 -0.000215939
7.71 -0.703956 -0.00021381
7.72 -0.707585 -0.000214817
7.73 -0.72027 -0.000218336
7.74 -0.739848 -0.000223766
7.75 -0.763244 -0.000230256
7.76 -0.785876 -0.000236534
7.77 -0.803049 -0.000241298
7.78 -0.812825 -0.00024401
7.79 -0.817089 -0.000245192
7.8 -0.819098 -0.00024575
7.81 -0.820187 -0.000246052
7.82 -0.81836 -0.000245545
7.83 -0.808541 -0.000242821
7.84 -0.784935 -0.000236273
7.85 -0.743947 -0.000224903
7.86 -0.684894 -0.000208522
7.87 -0.609536 -0.000187619
7.88 -0.52246 -0.000163465
7.89 -0.430371 -0.00013792
7.9 -0.3402 -0.000112907
7.91 -0.256385 -8.96571e-005
7.92 -0.180714 -6.86666e-005
7.93 -0.112138 -4.96441e-005
7.94 -0.0493471 -3.22264e-005
7.95 0.00411322 -1.65882e-005
7.96 0.0511555 -3.53902e-006
7.97 0.0840326 5.58085e-006
7.98 0.0986206 9.62747e-006
7.99 0.0936075 8.23686e-006
8 0.0718901 2.2126e-006
8.01 0.0387216 -6.98808e-006
8.02 -0.00167 -1.81938e-005
8.03 -0.0470231 -3.0811e-005
8.04 -0.0959542 -4.44237e-005
8.05 -0.146257 -5.84178e-005
8.06 -0.195557 -7.21332e-005
8.07 -0.243921 -8.55882e-005
8.08 -0.292123 -9.89978e-005
8.09 -0.337593 -0.000111648
8.1 -0.373559 -0.000121653
8.11 -0.392472 -0.000126915
8.12 -0.390319 -0.000126318
8.13 -0.366792 -0.000119792
8.14 -0.324433 -0.000108041
8.15 -0.267196 -9.21644e-005
8.16 -0.199404 -7.33592e-005
8.17 -0.126639 -5.31748e-005
8.18 -0.0556218 -3.34752e-005
8.19 0.0056369 -1.61655e-005
8.2 0.0543479 -2.65347e-006
8.21 0.0863445 6.22217e-006
8.22 0.100994 1.02857e-005
8.23 0.0994563 9.85928e-006
8.24 0.0843033 5.65593e-006
8.25 0.0589588 -1.37443e-006
8.26 0.0267982 -1.02956e-005
8.27 -0.00995455 -2.04985e-005
8.28 -0.0505676 -3.17971e-005
8.29 -0.094825 -4.41095e-005
8.3 -0.142252 -5.73038e-005
8.31 -0.192847 -7.13793e-005
8.32 -0.247068 -8.64636e-005
8.33 -0.305495 -0.000102718
8.34 -0.367499 -0.000119967
8.35 -0.432567 -0.00013807
8.36 -0.500421 -0.000156946
8.37 -0.56928 -0.000176103
8.38 -0.635261 -0.000194459
8.39 -0.690998 -0.000209965
8.4 -0.729522 -0.000220683
8.41 -0.745803 -0.000225212
8.42 -0.739382 -0.000223431
8.43 -0.713684 -0.000216302
8.44 -0.674293 -0.000205375
8.45 -0.6273 -0.00019234
8.46 -0.578378 -0.000178769
8.47 -0.532419 -0.000166021
8.48 -0.493519 -0.00015523
8.49 -0.465575 -0.000147479
8.5 -0.452804 -0.000143936
8.51 -0.457953 -0.000145364
8.52 -0.480158 -0.000151524
8.53 -0.515449 -0.000161313
8.54 -0.558688 -0.000173307
8.55 -0.60593 -0.000186412
8.56 -0.655538 -0.000200173
8.57 -0.707394 -0.000214557
8.58 -0.761595 -0.000229605
8.59 -0.817335 -0.000245112
8.6 -0.87447 -0.000261007
8.61 -0.932763 -0.000277224
8.62 -0.992424 -0.000293822
8.63 -1.05277 -0.000310611
8.64 -1.11096 -0.000326797
8.65 -1.1582 -0.000341488
8.66 -1.19647 -0.000353557
8.67 -1.22338 -0.000362077
8.68 -1.23604 -0.000366099
8.69 -1.23324 -0.000365322
8.7 -1.2135 -0.000359845
8.71 -1.18052 -0.000350698
8.72 -1.13849 -0.000339039
8.73 -1.09052 -0.000325731
8.74 -1.03854 -0.000311313
8.75 -0.984715 -0.000296382
8.76 -0.932307 -0.000281845
8.77 -0.88486 -0.000268683
8.78 -0.84486 -0.000257587
8.79 -0.812897 -0.000248721
8.8 -0.788265 -0.000241889
8.81 -0.769503 -0.000236684
8.82 -0.755097 -0.000232688
8.83 -0.744005 -0.000229611
8.84 -0.736412 -0.000227505
8.85 -0.736674 -0.000227577
8.86 -0.748767 -0.000230932
8.87 -0.77335 -0.000237751
8.88 -0.807593 -0.00024725
8.89 -0.84607 -0.000257923
8.9 -0.883438 -0.000268289
8.91 -0.916234 -0.000277386
8.92 -0.943506 -0.000284951
8.93 -0.965389 -0.000291021
8.94 -0.981612 -0.000295521
8.95 -0.991054 -0.000298141
8.96 -0.991659 -0.000298308
8.97 -0.981107 -0.000295382
8.98 -0.958181 -0.000289022
8.99 -0.924091 -0.000279566
9 -0.882611 -0.000268059
9.01 -0.837196 -0.000255461
9.02 -0.791023 -0.000242653
9.03 -0.744147 -0.00022965
9.04 -0.696248 -0.000216364
9.05 -0.646156 -0.000202468
9.06 -0.592411 -0.00018756
9.07 -0.531786 -0.000170743
9.08 -0.460895 -0.000151078
9.09 -0.377537 -0.000127955
9.1 -0.281762 -0.000101388
9.11 -0.177063 -7.23455e-005
9.12 -0.0756396 -4.42113e-005
9.13 0.0105284 -1.90709e-005
9.14 0.0838911 1.27943e-006
9.15 0.140089 1.68683e-005
9.16 0.181544 2.83677e-005
9.17 0.211905 3.67896e-005
9.18 0.23115 4.2128e-005
9.19 0.237447 4.38747e-005
9.2 0.232121 4.23973e-005
9.21 0.219783 3.89749e-005
9.22 0.206092 3.51772e-005
9.23 0.194739 3.20279e-005
9.24 0.186026 2.9611e-005
9.25 0.177635 2.72833e-005
9.26 0.166236 2.41214e-005
9.27 0.150929 1.98753e-005
9.28 0.133962 1.51688e-005
9.29 0.119474 1.11497e-005
9.3 0.110841 8.75519e-006
9.31 0.109792 8.46405e-006
9.32 0.116852 1.04224e-005
9.33 0.131752 1.45556e-005
9.34 0.153493 2.05866e-005
9.35 0.180433 2.80594e-005
9.36 0.21168 3.67272e-005
9.37 0.245484 4.6104e-005
9.38 0.279608 5.557e-005
9.39 0.310247 6.40689e-005
9.4 0.33271 7.03001e-005
9.41 0.343092 7.31799e-005
9.42 0.339873 7.2287e-005
9.43 0.320937 6.70343e-005
9.44 0.284963 5.70552e-005
9.45 0.231521 4.22308e-005
9.46 0.162669 2.31318e-005
9.47 0.0821021 7.83157e-007
9.48 -0.00647041 -2.37927e-005
9.49 -0.100237 -4.98966e-005
9.5 -0.200477 -7.7803e-005
9.51 -0.309759 -0.000108226
9.52 -0.428841 -0.000141378
9.53 -0.555713 -0.000176699
9.54 -0.684047 -0.000212426
9.55 -0.806201 -0.000246433
9.56 -0.913854 -0.000276403
9.57 -1.00337 -0.000301325
9.58 -1.07544 -0.000321388
9.59 -1.13178 -0.000337072
9.6 -1.17485 -0.000349062
9.61 -1.20697 -0.000358006
9.62 -1.23251 -0.000365115
9.63 -1.25371 -0.000371717
9.64 -1.27539 -0.000378632
9.65 -1.29697 -0.000385531
9.66 -1.31608 -0.000391658
9.67 -1.33133 -0.000396558
9.68 -1.34383 -0.000400581
9.69 -1.35555 -0.000404359
9.7 -1.36764 -0.00040826
9.71 -1.37923 -0.000412011
9.72 -1.39073 -0.000415733
9.73 -1.40318 -0.000419772
9.74 -1.41784 -0.000424535
9.75 -1.43621 -0.000430518
9.76 -1.45995 -0.000438271
9.77 -1.4927 -0.000449007
9.78 -1.53855 -0.000464117
9.79 -1.59889 -0.000484145
9.8 -1.67018 -0.000508029
9.81 -1.7456 -0.000533556
9.82 -1.81682 -0.000557921
9.83 -1.87368 -0.000577559
9.84 -1.90918 -0.000589905
9.85 -1.92003 -0.000593692
9.86 -1.90156 -0.000588568
9.87 -1.85221 -0.000574879
9.88 -1.77348 -0.000553039
9.89 -1.66882 -0.000524008
9.9 -1.54339 -0.000489215
9.91 -1.40445 -0.000450675
9.92 -1.25567 -0.000409404
9.93 -1.09671 -0.000365307
9.94 -0.927912 -0.000318485
9.95 -0.751154 -0.000269454
9.96 -0.572447 -0.000219882
9.97 -0.396175 -0.000170985
9.98 -0.226356 -0.000123879
9.99 -0.0674042 -7.97865e-005
10 0.0580819 -4.00649e-005
