0.1 -0.0426565 -1.47091e-006
0.2 -0.0853742 -2.94394e-006
0.3 -0.128153 -4.41908e-006
0.4 -0.170994 -5.89633e-006
0.5 -0.213896 -7.37572e-006
0.6 -0.25686 -8.85723e-006
0.7 -0.299885 -1.03409e-005
0.8 -0.342973 -1.18266e-005
0.9 -0.386122 -1.33146e-005
1 -0.429334 -1.48046e-005
0.01 -0.42891 -1.479e-005
0.02 -0.427756 -1.47502e-005
0.03 -0.426642 -1.47118e-005
0.04 -0.426259 -1.46986e-005
0.05 -0.4266 -1.47104e-005
0.06 -0.427523 -1.47422e-005
0.07 -0.428879 -1.47889e-005
0.08 -0.430553 -1.48466e-005
0.09 -0.432393 -1.49101e-005
0.1 -0.434258 -1.49744e-005
0.11 -0.436022 -1.50352e-005
0.12 -0.43766 -1.50917e-005
0.13 -0.439222 -1.51456e-005
0.14 -0.440831 -1.52011e-005
0.15 -0.442529 -1.52596e-005
0.16 -0.444273 -1.53197e-005
0.17 -0.445946 -1.53774e-005
0.18 -0.447478 -1.54303e-005
0.19 -0.448889 -1.54789e-005
0.2 -0.450244 -1.55256e-005
0.21 -0.451557 -1.55709e-005
0.22 -0.452711 -1.56107e-005
0.23 -0.453618 -1.5642e-005
0.24 -0.454258 -1.56641e-005
0.25 -0.454811 -1.56831e-005
0.26 -0.455516 -1.57075e-005
0.27 -0.456597 -1.57447e-005
0.28 -0.458148 -1.57982e-005
0.29 -0.460225 -1.58698e-005
0.3 -0.462818 -1.59592e-005
0.31 -0.465824 -1.60629e-005
0.32 -0.468978 -1.61717e-005
0.33 -0.471963 -1.62746e-005
0.34 -0.474543 -1.63635e-005
0.35 -0.476679 -1.64372e-005
0.36 -0.478488 -1.64996e-005
0.37 -0.480057 -1.65537e-005
0.38 -0.481267 -1.65954e-005
0.39 -0.481915 -1.66178e-005
0.4 -0.482002 -1.66207e-005
0.41 -0.481765 -1.66126e-005
0.42 -0.481446 -1.66016e-005
0.43 -0.481062 -1.65883e-005
0.44 -0.480377 -1.65647e-005
0.45 -0.479171 -1.65231e-005
0.46 -0.477457 -1.6464e-005
0.47 -0.475376 -1.63923e-005
0.48 -0.473036 -1.63116e-005
0.49 -0.470525 -1.6225e-005
0.5 -0.46793 -1.61355e-005
0.51 -0.465349 -1.60465e-005
0.52 -0.462838 -1.59599e-005
0.53 -0.460319 -1.58731e-005
0.54 -0.457641 -1.57807e-005
0.55 -0.45485 -1.56845e-005
0.56 -0.452097 -1.55896e-005
0.57 -0.449409 -1.54968e-005
0.58 -0.446679 -1.54027e-005
0.59 -0.443851 -1.53052e-005
0.6 -0.440959 -1.52055e-005
0.61 -0.438165 -1.51092e-005
0.62 -0.435599 -1.50207e-005
0.63 -0.433041 -1.49325e-005
0.64 -0.429986 -1.48271e-005
0.65 -0.426282 -1.46994e-005
0.66 -0.422324 -1.45629e-005
0.67 -0.418621 -1.44352e-005
0.68 -0.415218 -1.43179e-005
0.69 -0.411777 -1.41992e-005
0.7 -0.408001 -1.4069e-005
0.71 -0.404071 -1.39335e-005
0.72 -0.400618 -1.38144e-005
0.73 -0.398263 -1.37332e-005
0.74 -0.396938 -1.36875e-005
0.75 -0.395958 -1.36537e-005
0.76 -0.394841 -1.36152e-005
0.77 -0.393635 -1.35736e-005
0.78 -0.392433 -1.35322e-005
0.79 -0.39107 -1.34852e-005
0.8 -0.389443 -1.34291e-005
0.81 -0.387821 -1.33731e-005
0.82 -0.386863 -1.33401e-005
0.83 -0.387136 -1.33495e-005
0.84 -0.388509 -1.33969e-005
0.85 -0.390256 -1.34571e-005
0.86 -0.391476 -1.34992e-005
0.87 -0.391595 -1.35033e-005
0.88 -0.390624 -1.34698e-005
0.89 -0.388899 -1.34103e-005
0.9 -0.386716 -1.3335e-005
0.91 -0.38414 -1.32462e-005
0.92 -0.380925 -1.31353e-005
0.93 -0.376727 -1.29906e-005
0.94 -0.371688 -1.28168e-005
0.95 -0.367074 -1.26577e-005
0.96 -0.364526 -1.25699e-005
0.97 -0.364522 -1.25697e-005
0.98 -0.366283 -1.26304e-005
0.99 -0.368841 -1.27186e-005
1 -0.371853 -1.28225e-005
1.01 -0.375955 -1.2964e-005
1.02 -0.38183 -1.31666e-005
1.03 -0.388322 -1.33904e-005
1.04 -0.392683 -1.35408e-005
1.05 -0.393411 -1.35659e-005
1.06 -0.391709 -1.35072e-005
1.07 -0.389792 -1.34411e-005
1.08 -0.388777 -1.34061e-005
1.09 -0.388403 -1.33932e-005
1.1 -0.388034 -1.33805e-005
1.11 -0.38711 -1.33486e-005
1.12 -0.384889 -1.3272e-005
1.13 -0.381085 -1.31409e-005
1.14 -0.377028 -1.30009e-005
1.15 -0.374494 -1.29136e-005
1.16 -0.373542 -1.28808e-005
1.17 -0.372593 -1.2848e-005
1.18 -0.369735 -1.27495e-005
1.19 -0.364589 -1.2572e-005
1.2 -0.359241 -1.23876e-005
1.21 -0.356524 -1.22939e-005
1.22 -0.358056 -1.23468e-005
1.23 -0.363837 -1.25461e-005
1.24 -0.372538 -1.28461e-005
1.25 -0.381887 -1.31685e-005
1.26 -0.389656 -1.34364e-005
1.27 -0.394505 -1.36036e-005
1.28 -0.395887 -1.36513e-005
1.29 -0.394086 -1.35892e-005
1.3 -0.38988 -1.34441e-005
1.31 -0.383694 -1.32308e-005
1.32 -0.376213 -1.29729e-005
1.33 -0.369356 -1.27364e-005
1.34 -0.364625 -1.25733e-005
1.35 -0.360665 -1.24367e-005
1.36 -0.354543 -1.22256e-005
1.37 -0.345317 -1.19075e-005
1.38 -0.335372 -1.15645e-005
1.39 -0.32853 -1.13286e-005
1.4 -0.32708 -1.12786e-005
1.41 -0.329587 -1.13651e-005
1.42 -0.331221 -1.14214e-005
1.43 -0.327901 -1.13069e-005
1.44 -0.32066 -1.10572e-005
1.45 -0.315283 -1.08718e-005
1.46 -0.317466 -1.09471e-005
1.47 -0.327598 -1.12965e-005
1.48 -0.340922 -1.17559e-005
1.49 -0.353401 -1.21862e-005
1.5 -0.364874 -1.25819e-005
1.51 -0.375401 -1.29448e-005
1.52 -0.381921 -1.31697e-005
1.53 -0.380816 -1.31316e-005
1.54 -0.371964 -1.28263e-005
1.55 -0.358812 -1.23728e-005
1.56 -0.34519 -1.19031e-005
1.57 -0.33344 -1.14979e-005
1.58 -0.325321 -1.1218e-005
1.59 -0.322852 -1.11328e-005
1.6 -0.327506 -1.12933e-005
1.61 -0.337584 -1.16408e-005
1.62 -0.347632 -1.19873e-005
1.63 -0.353203 -1.21794e-005
1.64 -0.354299 -1.22172e-005
1.65 -0.352871 -1.2168e-005
1.66 -0.34931 -1.20452e-005
1.67 -0.342565 -1.18126e-005
1.68 -0.332918 -1.14799e-005
1.69 -0.324115 -1.11764e-005
1.7 -0.32099 -1.10686e-005
1.71 -0.324396 -1.11861e-005
1.72 -0.330891 -1.141e-005
1.73 -0.337481 -1.16373e-005
1.74 -0.344188 -1.18685e-005
1.75 -0.352118 -1.2142e-005
1.76 -0.361221 -1.24559e-005
1.77 -0.370786 -1.27857e-005
1.78 -0.380487 -1.31202e-005
1.79 -0.389243 -1.34222e-005
1.8 -0.395596 -1.36412e-005
1.81 -0.400549 -1.3812e-005
1.82 -0.406863 -1.40298e-005
1.83 -0.415406 -1.43243e-005
1.84 -0.4237 -1.46103e-005
1.85 -0.428017 -1.47592e-005
1.86 -0.427184 -1.47305e-005
1.87 -0.422718 -1.45765e-005
1.88 -0.414375 -1.42888e-005
1.89 -0.399708 -1.3783e-005
1.9 -0.380014 -1.31039e-005
1.91 -0.361807 -1.24761e-005
1.92 -0.351351 -1.21155e-005
1.93 -0.351959 -1.21365e-005
1.94 -0.36526 -1.25952e-005
1.95 -0.39085 -1.34776e-005
1.96 -0.424737 -1.46461e-005
1.97 -0.460127 -1.58664e-005
1.98 -0.491439 -1.69462e-005
1.99 -0.517638 -1.78496e-005
2 -0.541025 -1.8656e-005
2.01 -0.563221 -1.94214e-005
2.02 -0.582541 -2.00876e-005
2.03 -0.595814 -2.05453e-005
2.04 -0.602393 -2.07722e-005
2.05 -0.603524 -2.08112e-005
2.06 -0.599561 -2.06745e-005
2.07 -0.591252 -2.0388e-005
2.08 -0.581553 -2.00536e-005
2.09 -0.574119 -1.97972e-005
2.1 -0.571361 -1.97021e-005
2.11 -0.573634 -1.97805e-005
2.12 -0.579994 -1.99998e-005
2.13 -0.589292 -2.03204e-005
2.14 -0.599902 -2.06863e-005
2.15 -0.609209 -2.10072e-005
2.16 -0.614567 -2.1192e-005
2.17 -0.616638 -2.12634e-005
2.18 -0.622323 -2.14594e-005
2.19 -0.639502 -2.20518e-005
2.2 -0.667309 -2.30107e-005
2.21 -0.696315 -2.40109e-005
2.22 -0.717387 -2.47375e-005
2.23 -0.727454 -2.50846e-005
2.24 -0.728915 -2.5135e-005
2.25 -0.726342 -2.50463e-005
2.26 -0.724575 -2.49853e-005
2.27 -0.726614 -2.50556e-005
2.28 -0.730727 -2.51975e-005
2.29 -0.732478 -2.52579e-005
2.3 -0.729475 -2.51543e-005
2.31 -0.721447 -2.48775e-005
2.32 -0.708077 -2.44164e-005
2.33 -0.68959 -2.37789e-005
2.34 -0.668259 -2.30434e-005
2.35 -0.647433 -2.23253e-005
2.36 -0.62891 -2.16866e-005
2.37 -0.612434 -2.11184e-005
2.38 -0.596121 -2.05559e-005
2.39 -0.575586 -1.98478e-005
2.4 -0.545672 -1.88163e-005
2.41 -0.503811 -1.73728e-005
2.42 -0.451095 -1.5555e-005
2.43 -0.394318 -1.35972e-005
2.44 -0.346218 -1.19385e-005
2.45 -0.317097 -1.09344e-005
2.46 -0.305855 -1.05467e-005
2.47 -0.302577 -1.04337e-005
2.48 -0.298237 -1.0284e-005
2.49 -0.290248 -1.00085e-005
2.5 -0.281185 -9.69604e-006
2.51 -0.274628 -9.46992e-006
2.52 -0.272693 -9.4032e-006
2.53 -0.275264 -9.49186e-006
2.54 -0.279269 -9.62995e-006
2.55 -0.279872 -9.65075e-006
2.56 -0.273571 -9.4335e-006
2.57 -0.260558 -8.98475e-006
2.58 -0.24454 -8.4324e-006
2.59 -0.2298 -7.92415e-006
2.6 -0.218286 -7.52712e-006
2.61 -0.209504 -7.22426e-006
2.62 -0.202138 -6.97027e-006
2.63 -0.194018 -6.69028e-006
2.64 -0.182537 -6.29438e-006
2.65 -0.167553 -5.77769e-006
2.66 -0.152539 -5.25996e-006
2.67 -0.143306 -4.9416e-006
2.68 -0.145594 -5.02047e-006
2.69 -0.161687 -5.57543e-006
2.7 -0.189722 -6.54215e-006
2.71 -0.224827 -7.75266e-006
2.72 -0.260085 -8.96844e-006
2.73 -0.289853 -9.99495e-006
2.74 -0.315511 -1.08797e-005
2.75 -0.345634 -1.19184e-005
2.76 -0.386502 -1.33277e-005
2.77 -0.43665 -1.50569e-005
2.78 -0.492595 -1.6986e-005
2.79 -0.552105 -1.90381e-005
2.8 -0.609552 -2.1019e-005
2.81 -0.656276 -2.26302e-005
2.82 -0.687192 -2.36963e-005
2.83 -0.703709 -2.42658e-005
2.84 -0.712066 -2.4554e-005
2.85 -0.71807 -2.4761e-005
2.86 -0.72414 -2.49703e-005
2.87 -0.731611 -2.5228e-005
2.88 -0.740092 -2.55204e-005
2.89 -0.745395 -2.57033e-005
2.9 -0.743199 -2.56276e-005
2.91 -0.734164 -2.5316e-005
2.92 -0.72347 -2.49473e-005
2.93 -0.71593 -2.46872e-005
2.94 -0.712023 -2.45525e-005
2.95 -0.70923 -2.44562e-005
2.96 -0.706437 -2.43599e-005
2.97 -0.705167 -2.43161e-005
2.98 -0.707114 -2.43832e-005
2.99 -0.711978 -2.4551e-005
3 -0.717263 -2.47332e-005
3.01 -0.719766 -2.48195e-005
3.02 -0.716976 -2.47233e-005
3.03 -0.706721 -2.43697e-005
3.04 -0.688044 -2.37257e-005
3.05 -0.663985 -2.2896e-005
3.06 -0.63991 -2.20659e-005
3.07 -0.616245 -2.12498e-005
3.08 -0.587171 -2.02473e-005
3.09 -0.548785 -1.89236e-005
3.1 -0.504039 -1.73806e-005
3.11 -0.458895 -1.5824e-005
3.12 -0.414987 -1.43099e-005
3.13 -0.367201 -1.26621e-005
3.14 -0.311431 -1.0739e-005
3.15 -0.251656 -8.6778e-006
3.16 -0.196588 -6.77888e-006
3.17 -0.153963 -5.30905e-006
3.18 -0.126603 -4.36561e-006
3.19 -0.109015 -3.75915e-006
3.2 -0.090346 -3.11538e-006
3.21 -0.0634211 -2.18693e-006
3.22 -0.0297786 -1.02685e-006
3.23 0.00287888 9.92717e-008
3.24 0.0264846 9.13261e-007
3.25 0.0361725 1.24733e-006
3.26 0.0299089 1.03134e-006
3.27 0.00874142 3.01428e-007
3.28 -0.022492 -7.75586e-007
3.29 -0.057285 -1.97535e-006
3.3 -0.0898055 -3.09674e-006
3.31 -0.115029 -3.9665e-006
3.32 -0.128485 -4.43051e-006
3.33 -0.129008 -4.44856e-006
3.34 -0.12234 -4.21862e-006
3.35 -0.118196 -4.07573e-006
3.36 -0.123083 -4.24424e-006
3.37 -0.137454 -4.73978e-006
3.38 -0.156462 -5.39524e-006
3.39 -0.172305 -5.94154e-006
3.4 -0.179992 -6.20662e-006
3.41 -0.182062 -6.278e-006
3.42 -0.185395 -6.39293e-006
3.43 -0.1943 -6.69998e-006
3.44 -0.208142 -7.17732e-006
3.45 -0.224043 -7.72561e-006
3.46 -0.241636 -8.33226e-006
3.47 -0.265208 -9.14512e-006
3.48 -0.300232 -1.03528e-005
3.49 -0.348478 -1.20165e-005
3.5 -0.407369 -1.40472e-005
3.51 -0.471636 -1.62633e-005
3.52 -0.533099 -1.83827e-005
3.53 -0.582346 -2.00809e-005
3.54 -0.614203 -2.11794e-005
3.55 -0.631706 -2.1783e-005
3.56 -0.645006 -2.22416e-005
3.57 -0.664852 -2.29259e-005
3.58 -0.695396 -2.39792e-005
3.59 -0.731741 -2.52325e-005
3.6 -0.763224 -2.63181e-005
3.61 -0.780813 -2.69246e-005
3.62 -0.783586 -2.70202e-005
3.63 -0.778253 -2.68363e-005
3.64 -0.771554 -2.66053e-005
3.65 -0.76424 -2.63531e-005
3.66 -0.753761 -2.59917e-005
3.67 -0.739324 -2.54939e-005
3.68 -0.722579 -2.49165e-005
3.69 -0.707777 -2.44061e-005
3.7 -0.702052 -2.42087e-005
3.71 -0.7117 -2.45414e-005
3.72 -0.737729 -2.54389e-005
3.73 -0.775359 -2.67365e-005
3.74 -0.816342 -2.81497e-005
3.75 -0.853463 -2.94298e-005
3.76 -0.884204 -3.04898e-005
3.77 -0.908168 -3.13162e-005
3.78 -0.923546 -3.18464e-005
3.79 -0.92901 -3.20348e-005
3.8 -0.925653 -3.19191e-005
3.81 -0.91501 -3.15521e-005
3.82 -0.896561 -3.09159e-005
3.83 -0.867493 -2.99136e-005
3.84 -0.827938 -2.85496e-005
3.85 -0.786503 -2.71208e-005
3.86 -0.752441 -2.59462e-005
3.87 -0.724653 -2.4988e-005
3.88 -0.695235 -2.39736e-005
3.89 -0.659895 -2.2755e-005
3.9 -0.622331 -2.14597e-005
3.91 -0.59056 -2.03641e-005
3.92 -0.569924 -1.96525e-005
3.93 -0.559279 -1.92855e-005
3.94 -0.552876 -1.90647e-005
3.95 -0.544271 -1.8768e-005
3.96 -0.528968 -1.82403e-005
3.97 -0.506106 -1.74519e-005
3.98 -0.477112 -1.64521e-005
3.99 -0.442479 -1.52579e-005
4 -0.403197 -1.39033e-005
4.01 -0.363313 -1.2528e-005
4.02 -0.327763 -1.13022e-005
4.03 -0.300525 -1.03629e-005
4.04 -0.284676 -9.81641e-006
4.05 -0.280675 -9.67846e-006
4.06 -0.28378 -9.78553e-006
4.07 -0.285507 -9.84505e-006
4.08 -0.279277 -9.63023e-006
4.09 -0.262019 -9.03514e-006
4.1 -0.231938 -7.99785e-006
4.11 -0.189558 -6.53648e-006
4.12 -0.138689 -4.78237e-006
4.13 -0.0836848 -2.88568e-006
4.14 -0.0292616 -1.00902e-006
4.15 0.017071 5.88654e-007
4.16 0.0470678 1.62303e-006
4.17 0.0559706 1.93002e-006
4.18 0.0456998 1.57586e-006
4.19 0.0260975 8.99914e-007
4.2 0.0100021 3.44901e-007
4.21 0.00508752 1.75432e-007
4.22 0.0110891 3.82382e-007
4.23 0.0219293 7.56182e-007
4.24 0.0296083 1.02098e-006
4.25 0.0302566 1.04333e-006
4.26 0.0251443 8.67046e-007
4.27 0.0152429 5.25618e-007
4.28 0.000588638 2.02979e-008
4.29 -0.0165607 -5.71057e-007
4.3 -0.0345568 -1.19161e-006
4.31 -0.0557309 -1.92175e-006
4.32 -0.0823275 -2.83888e-006
4.33 -0.111949 -3.86031e-006
4.34 -0.13807 -4.76105e-006
4.35 -0.152999 -5.27582e-006
4.36 -0.153196 -5.28261e-006
4.37 -0.143903 -4.96216e-006
4.38 -0.135818 -4.6834e-006
4.39 -0.137668 -4.74716e-006
4.4 -0.152306 -5.25194e-006
4.41 -0.17696 -6.10208e-006
4.42 -0.206688 -7.12718e-006
4.43 -0.236787 -8.16505e-006
4.44 -0.261161 -9.00555e-006
4.45 -0.273404 -9.42774e-006
4.46 -0.273771 -9.44038e-006
4.47 -0.271539 -9.3634e-006
4.48 -0.276212 -9.52455e-006
4.49 -0.288874 -9.96117e-006
4.5 -0.303865 -1.04781e-005
4.51 -0.315077 -1.08647e-005
4.52 -0.319389 -1.10134e-005
4.53 -0.317787 -1.09582e-005
4.54 -0.313308 -1.08037e-005
4.55 -0.308428 -1.06354e-005
4.56 -0.307224 -1.05939e-005
4.57 -0.315224 -1.08698e-005
4.58 -0.332681 -1.14718e-005
4.59 -0.351443 -1.21187e-005
4.6 -0.360625 -1.24353e-005
4.61 -0.355217 -1.22488e-005
4.62 -0.339097 -1.1693e-005
4.63 -0.319633 -1.10218e-005
4.64 -0.300838 -1.03737e-005
4.65 -0.284007 -9.79335e-006
4.66 -0.27334 -9.42552e-006
4.67 -0.275201 -9.48969e-006
4.68 -0.291043 -1.0036e-005
4.69 -0.3147 -1.08517e-005
4.7 -0.336149 -1.15914e-005
4.71 -0.34654 -1.19497e-005
4.72 -0.343711 -1.18521e-005
4.73 -0.334768 -1.15437e-005
4.74 -0.328792 -1.13377e-005
4.75 -0.327644 -1.12981e-005
4.76 -0.325656 -1.12295e-005
4.77 -0.314431 -1.08425e-005
4.78 -0.290063 -1.00022e-005
4.79 -0.259269 -8.9403e-006
4.8 -0.234689 -8.09271e-006
4.81 -0.225829 -7.7872e-006
4.82 -0.237109 -8.17618e-006
4.83 -0.264758 -9.12957e-006
4.84 -0.29116 -1.004e-005
4.85 -0.295326 -1.01837e-005
4.86 -0.276258 -9.52613e-006
4.87 -0.256265 -8.83672e-006
4.88 -0.257577 -8.88196e-006
4.89 -0.282396 -9.73779e-006
4.9 -0.315814 -1.08901e-005
4.91 -0.343967 -1.18609e-005
4.92 -0.366198 -1.26275e-005
4.93 -0.390083 -1.34511e-005
4.94 -0.421692 -1.45411e-005
4.95 -0.462813 -1.59591e-005
4.96 -0.509619 -1.75731e-005
4.97 -0.551339 -1.90117e-005
4.98 -0.577804 -1.99243e-005
4.99 -0.591288 -2.03892e-005
5 -0.60468 -2.0851e-005
5.01 -0.625872 -2.15818e-005
5.02 -0.649308 -2.23899e-005
5.03 -0.663006 -2.28623e-005
5.04 -0.660105 -2.27622e-005
5.05 -0.645888 -2.2272e-005
5.06 -0.637096 -2.19688e-005
5.07 -0.651241 -2.24566e-005
5.08 -0.692842 -2.38911e-005
5.09 -0.75269 -2.59548e-005
5.1 -0.819503 -2.82587e-005
5.11 -0.885476 -3.05336e-005
5.12 -0.944575 -3.25715e-005
5.13 -0.996127 -3.43492e-005
5.14 -1.04777 -3.613e-005
5.15 -1.1068 -3.81656e-005
5.16 -1.17213 -4.04184e-005
5.17 -1.23965 -4.27466e-005
5.18 -1.30848 -4.51199e-005
5.19 -1.3781 -4.75207e-005
5.2 -1.44223 -4.9732e-005
5.21 -1.48763 -5.12975e-005
5.22 -1.50066 -5.17469e-005
5.23 -1.47328 -5.08027e-005
5.24 -1.40604 -4.84841e-005
5.25 -1.30933 -4.51494e-005
5.26 -1.19709 -4.12788e-005
5.27 -1.07765 -3.71605e-005
5.28 -0.954835 -3.29254e-005
5.29 -0.835036 -2.87943e-005
5.3 -0.726129 -2.50389e-005
5.31 -0.631189 -2.17651e-005
5.32 -0.54773 -1.88872e-005
5.33 -0.469066 -1.61747e-005
5.34 -0.385301 -1.32862e-005
5.35 -0.285227 -9.83542e-006
5.36 -0.160194 -5.52393e-006
5.37 -0.0157932 -5.44593e-007
5.38 0.12236 4.21932e-006
5.39 0.22855 7.88103e-006
5.4 0.301069 1.03817e-005
5.41 0.358327 1.23561e-005
5.42 0.416959 1.43779e-005
5.43 0.478354 1.6495e-005
5.44 0.535185 1.84547e-005
5.45 0.590746 2.03706e-005
5.46 0.662208 2.28348e-005
5.47 0.763065 2.63126e-005
5.48 0.891682 3.07477e-005
5.49 1.03526 3.56986e-005
5.5 1.17461 4.05037e-005
5.51 1.28798 4.44132e-005
5.52 1.36175 4.6957e-005
5.53 1.39733 4.81839e-005
5.54 1.40352 4.83973e-005
5.55 1.38651 4.78106e-005
5.56 1.34608 4.64166e-005
5.57 1.27928 4.41131e-005
5.58 1.18928 4.10095e-005
5.59 1.08675 3.7474e-005
5.6 0.978701 3.37483e-005
5.61 0.860306 2.96657e-005
5.62 0.722363 2.49091e-005
5.63 0.564325 1.94595e-005
5.64 0.394191 1.35928e-005
5.65 0.216531 7.46659e-006
5.66 0.0268575 9.26119e-007
5.67 -0.18037 -6.21966e-006
5.68 -0.399664 -1.37815e-005
5.69 -0.612877 -2.11337e-005
5.7 -0.800133 -2.75908e-005
5.71 -0.951106 -3.27967e-005
5.72 -1.06594 -3.67564e-005
5.73 -1.14702 -3.95523e-005
5.74 -1.19351 -4.11554e-005
5.75 -1.20559 -4.1572e-005
5.76 -1.1923 -4.11138e-005
5.77 -1.1715 -4.03965e-005
5.78 -1.16204 -4.00704e-005
5.79 -1.17957 -4.06748e-005
5.8 -1.236 -4.26207e-005
5.81 -1.33428 -4.60097e-005
5.82 -1.45876 -5.03022e-005
5.83 -1.57643 -5.43596e-005
5.84 -1.65718 -5.71441e-005
5.85 -1.69192 -5.83422e-005
5.86 -1.69006 -5.8278e-005
5.87 -1.66745 -5.74983e-005
5.88 -1.6397 -5.65415e-005
5.89 -1.61548 -5.57064e-005
5.9 -1.59103 -5.48631e-005
5.91 -1.55672 -5.368e-005
5.92 -1.50431 -5.18727e-005
5.93 -1.42471 -4.91279e-005
5.94 -1.30714 -4.50736e-005
5.95 -1.14643 -3.9532e-005
5.96 -0.95134 -3.28048e-005
5.97 -0.740288 -2.55272e-005
5.98 -0.528869 -1.82369e-005
5.99 -0.327895 -1.13067e-005
6 -0.153062 -5.27801e-006
6.01 -0.0280324 -9.66633e-007
6.02 0.0296551 1.02259e-006
6.03 0.0221223 7.62838e-007
6.04 -0.033338 -1.14959e-006
6.05 -0.118508 -4.0865e-006
6.06 -0.223673 -7.71286e-006
6.07 -0.342579 -1.18131e-005
6.08 -0.464999 -1.60344e-005
6.09 -0.583026 -2.01043e-005
6.1 -0.696592 -2.40204e-005
6.11 -0.806267 -2.78023e-005
6.12 -0.904587 -3.11927e-005
6.13 -0.977077 -3.36923e-005
6.14 -1.00371 -3.46107e-005
6.15 -0.958398 -3.30482e-005
6.16 -0.819282 -2.82511e-005
6.17 -0.582394 -2.00825e-005
6.18 -0.263873 -9.09908e-006
6.19 0.106977 3.68885e-006
6.2 0.497921 1.71697e-005
6.21 0.887154 3.05915e-005
6.22 1.2682 4.37311e-005
6.23 1.64229 5.66309e-005
6.24 2.00709 6.92099e-005
6.25 2.34854 8.09843e-005
6.26 2.6412 9.10757e-005
6.27 2.8511 9.83136e-005
6.28 2.95142 0.000101773
6.29 2.94635 0.000101598
6.3 2.87571 9.91623e-005
6.31 2.78569 9.60583e-005
6.32 2.68788 9.26856e-005
6.33 2.55011 8.79347e-005
6.34 2.32322 8.01112e-005
6.35 1.98102 6.83111e-005
6.36 1.54517 5.32816e-005
6.37 1.08381 3.73727e-005
6.38 0.683778 2.35785e-005
6.39 0.400781 1.382e-005
6.4 0.229249 7.90514e-006
6.41 0.132384 4.56498e-006
6.42 0.0905906 3.12381e-006
6.43 0.109834 3.78738e-006
6.44 0.202991 6.99969e-006
6.45 0.374442 1.29118e-005
6.46 0.612822 2.11318e-005
6.47 0.887787 3.06133e-005
6.48 1.15288 3.97545e-005
6.49 1.36108 4.69337e-005
6.5 1.48203 5.11045e-005
6.51 1.49634 5.15979e-005
6.52 1.38486 4.77537e-005
6.53 1.12538 3.88062e-005
6.54 0.700665 2.41609e-005
6.55 0.117416 4.04883e-006
6.56 -0.58483 -2.01666e-005
6.57 -1.3494 -4.65309e-005
6.58 -2.12594 -7.33084e-005
6.59 -2.88036 -9.93229e-005
6.6 -3.59357 -0.000123916
6.61 -4.25511 -0.000146728
6.62 -4.85169 -0.0001673
6.63 -5.35986 -0.000184823
6.64 -5.74956 -0.000198261
6.65 -5.9917 -0.00020661
6.66 -6.06896 -0.000209274
6.67 -5.98239 -0.000206289
6.68 -5.74204 -0.000198001
6.69 -5.35696 -0.000184723
6.7 -4.83335 -0.000166667
6.71 -4.18344 -0.000144257
6.72 -3.43987 -0.000118616
6.73 -2.66121 -9.17659e-005
6.74 -1.91962 -6.61939e-005
6.75 -1.28719 -4.4386e-005
6.76 -0.818059 -2.82089e-005
6.77 -0.526986 -1.81719e-005
6.78 -0.403854 -1.3926e-005
6.79 -0.42567 -1.46783e-005
6.8 -0.576624 -1.98836e-005
6.81 -0.842201 -2.90414e-005
6.82 -1.19678 -4.12682e-005
6.83 -1.60997 -5.55163e-005
6.84 -2.06111 -7.10727e-005
6.85 -2.53743 -8.74977e-005
6.86 -3.01586 -0.000103995
6.87 -3.4458 -0.000118821
6.88 -3.77577 -0.000130199
6.89 -3.96232 -0.000136632
6.9 -3.97975 -0.000137233
6.91 -3.81172 -0.000131439
6.92 -3.45618 -0.000119179
6.93 -2.94139 -0.000101427
6.94 -2.32685 -8.02362e-005
6.95 -1.6756 -5.77792e-005
6.96 -1.02773 -3.54389e-005
6.97 -0.39895 -1.37569e-005
6.98 0.188247 6.49127e-006
6.99 0.701924 2.42043e-005
7 1.10687 3.81681e-005
7.01 1.39628 4.81476e-005
7.02 1.58212 5.4556e-005
7.03 1.66956 5.75709e-005
7.04 1.64209 5.66238e-005
7.05 1.47682 5.0925e-005
7.06 1.1669 4.02378e-005
7.07 0.744891 2.56859e-005
7.08 0.272503 9.39667e-006
7.09 -0.188725 -6.50775e-006
7.1 -0.598842 -2.06497e-005
7.11 -0.943153 -3.25225e-005
7.12 -1.22194 -4.21359e-005
7.13 -1.43965 -4.96432e-005
7.14 -1.60089 -5.52031e-005
7.15 -1.70513 -5.87976e-005
7.16 -1.74718 -6.02477e-005
7.17 -1.71542 -5.91525e-005
7.18 -1.59373 -5.49561e-005
7.19 -1.36604 -4.71048e-005
7.2 -1.03229 -3.55963e-005
7.21 -0.60778 -2.09579e-005
7.22 -0.109499 -3.77583e-006
7.23 0.448912 1.54797e-005
7.24 1.05174 3.62669e-005
7.25 1.67066 5.76088e-005
7.26 2.26976 7.82678e-005
7.27 2.81263 9.69873e-005
7.28 3.26678 0.000112647
7.29 3.59754 0.000124053
7.3 3.77575 0.000130198
7.31 3.79662 0.000130918
7.32 3.67905 0.000126864
7.33 3.43801 0.000118552
7.34 3.06241 0.0001056
7.35 2.53358 8.73647e-005
7.36 1.86234 6.42185e-005
7.37 1.10108 3.79684e-005
7.38 0.31826 1.09745e-005
7.39 -0.435216 -1.50074e-005
7.4 -1.1313 -3.90104e-005
7.41 -1.74913 -6.0315e-005
7.42 -2.25781 -7.78554e-005
7.43 -2.62693 -9.05837e-005
7.44 -2.86096 -9.86539e-005
7.45 -3.00266 -0.00010354
7.46 -3.0974 -0.000106807
7.47 -3.15925 -0.00010894
7.48 -3.1603 -0.000108976
7.49 -3.06062 -0.000105539
7.5 -2.85251 -9.83623e-005
7.51 -2.57152 -8.86732e-005
7.52 -2.26821 -7.82141e-005
7.53 -1.97533 -6.81149e-005
7.54 -1.7132 -5.90759e-005
7.55 -1.50984 -5.20633e-005
7.56 -1.41637 -4.88404e-005
7.57 -1.48839 -5.13238e-005
7.58 -1.74733 -6.02526e-005
7.59 -2.1493 -7.41137e-005
7.6 -2.61542 -9.01868e-005
7.61 -3.08784 -0.000106477
7.62 -3.55156 -0.000122468
7.63 -4.00775 -0.000138198
7.64 -4.43589 -0.000152962
7.65 -4.79129 -0.000165217
7.66 -5.02247 -0.000173189
7.67 -5.09544 -0.000175705
7.68 -5.01305 -0.000172864
7.69 -4.81184 -0.000165925
7.7 -4.5271 -0.000156107
7.71 -4.16 -0.000143448
7.72 -3.68315 -0.000127005
7.73 -3.07504 -0.000106036
7.74 -2.33841 -8.06347e-005
7.75 -1.49158 -5.14339e-005
7.76 -0.556125 -1.91767e-005
7.77 0.443542 1.52945e-005
7.78 1.44467 4.98162e-005
7.79 2.36664 8.16084e-005
7.8 3.13509 0.000108107
7.81 3.70634 0.000127805
7.82 4.08343 0.000140808
7.83 4.3118 0.000148683
7.84 4.4467 0.000153335
7.85 4.51891 0.000155825
7.86 4.53793 0.00015648
7.87 4.503 0.000155276
7.88 4.40308 0.00015183
7.89 4.22508 0.000145692
7.9 3.96588 0.000136754
7.91 3.64057 0.000125537
7.92 3.28138 0.000113151
7.93 2.9292 0.000101007
7.94 2.61962 9.03316e-005
7.95 2.36657 8.16057e-005
7.96 2.15739 7.43928e-005
7.97 1.97303 6.80355e-005
7.98 1.80273 6.2163e-005
7.99 1.66043 5.72562e-005
8 1.58107 5.45198e-005
8.01 1.59477 5.49921e-005
8.02 1.69503 5.84494e-005
8.03 1.83881 6.34071e-005
8.04 1.97845 6.82225e-005
8.05 2.08728 7.19751e-005
8.06 2.15512 7.43145e-005
8.07 2.1643 7.46309e-005
8.08 2.09142 7.2118e-005
8.09 1.93132 6.65971e-005
8.1 1.70573 5.88181e-005
8.11 1.43617 4.95231e-005
8.12 1.11985 3.86156e-005
8.13 0.735098 2.53482e-005
8.14 0.262945 9.06708e-006
8.15 -0.293912 -1.01349e-005
8.16 -0.908334 -3.13219e-005
8.17 -1.54514 -5.32805e-005
8.18 -2.17799 -7.51033e-005
8.19 -2.78822 -9.61454e-005
8.2 -3.36723 -0.000116111
8.21 -3.90268 -0.000134575
8.22 -4.38188 -0.000151099
8.23 -4.78246 -0.000164912
8.24 -5.07851 -0.000175121
8.25 -5.2354 -0.000180531
8.26 -5.2266 -0.000180228
8.27 -5.04951 -0.000174121
8.28 -4.7298 -0.000163096
8.29 -4.30937 -0.000148599
8.3 -3.83343 -0.000132187
8.31 -3.34667 -0.000115402
8.32 -2.88827 -9.95956e-005
8.33 -2.48285 -8.56156e-005
8.34 -2.14063 -7.38147e-005
8.35 -1.86806 -6.44158e-005
8.36 -1.67589 -5.77893e-005
8.37 -1.57812 -5.44179e-005
8.38 -1.58402 -5.46214e-005
8.39 -1.68919 -5.82481e-005
8.4 -1.88233 -6.4908e-005
8.41 -2.15805 -7.44155e-005
8.42 -2.51831 -8.68384e-005
8.43 -2.96166 -0.000102126
8.44 -3.46623 -0.000119525
8.45 -3.99105 -0.000137622
8.46 -4.49575 -0.000155026
8.47 -4.932 -0.000170069
8.48 -5.27395 -0.00018186
8.49 -5.51217 -0.000190075
8.5 -5.65079 -0.000194855
8.51 -5.70355 -0.000196674
8.52 -5.66206 -0.000195243
8.53 -5.50193 -0.000189722
8.54 -5.19934 -0.000179288
8.55 -4.75597 -0.000163999
8.56 -4.20721 -0.000145076
8.57 -3.60595 -0.000124343
8.58 -3.00047 -0.000103465
8.59 -2.42087 -8.34782e-005
8.6 -1.8875 -6.50861e-005
8.61 -1.4203 -4.89758e-005
8.62 -1.04186 -3.59262e-005
8.63 -0.768779 -2.65096e-005
8.64 -0.605053 -2.08639e-005
8.65 -0.549347 -1.8943e-005
8.66 -0.603315 -2.0804e-005
8.67 -0.764282 -2.63545e-005
8.68 -1.01949 -3.5155e-005
8.69 -1.3457 -4.64036e-005
8.7 -1.72121 -5.93522e-005
8.71 -2.13394 -7.35843e-005
8.72 -2.57307 -8.87265e-005
8.73 -3.00896 -0.000103757
8.74 -3.39658 -0.000117123
8.75 -3.69779 -0.00012751
8.76 -3.88792 -0.000134066
8.77 -3.95835 -0.000136495
8.78 -3.89881 -0.000134442
8.79 -3.69383 -0.000127373
8.8 -3.33281 -0.000114924
8.81 -2.81931 -9.72174e-005
8.82 -2.17596 -7.50332e-005
8.83 -1.44684 -4.98909e-005
8.84 -0.679998 -2.34482e-005
8.85 0.0682766 2.35437e-006
8.86 0.673281 2.32166e-005
8.87 1.09064 3.76083e-005
8.88 1.31968 4.55062e-005
8.89 1.3921 4.80035e-005
8.9 1.34805 4.64843e-005
8.91 1.21914 4.20393e-005
8.92 1.02192 3.52387e-005
8.93 0.7735 2.66724e-005
8.94 0.493219 1.70075e-005
8.95 0.209449 7.22236e-006
8.96 -0.0525785 -1.81305e-006
8.97 -0.274273 -9.45767e-006
8.98 -0.448329 -1.54596e-005
8.99 -0.580919 -2.00317e-005
9 -0.680138 -2.3453e-005
9.01 -0.755246 -2.6043e-005
9.02 -0.800946 -2.76188e-005
9.03 -0.775486 -2.67409e-005
9.04 -0.645314 -2.22522e-005
9.05 -0.370634 -1.27805e-005
9.06 0.0565768 1.95092e-006
9.07 0.640588 2.20892e-005
9.08 1.34879 4.651e-005
9.09 2.13921 7.3766e-005
9.1 2.94796 0.000101654
9.11 3.69712 0.000127487
9.12 4.30676 0.000148509
9.13 4.73216 0.000163178
9.14 4.95993 0.000171032
9.15 5.02331 0.000173218
9.16 4.97089 0.00017141
9.17 4.82387 0.00016634
9.18 4.57375 0.000157716
9.19 4.19992 0.000144825
9.2 3.7061 0.000127797
9.21 3.13486 0.000108099
9.22 2.53938 8.75647e-005
9.23 1.94937 6.72195e-005
9.24 1.37161 4.7297e-005
9.25 0.809678 2.79199e-005
9.26 0.237441 8.18763e-006
9.27 -0.359353 -1.23915e-005
9.28 -0.952015 -3.28281e-005
9.29 -1.47321 -5.08004e-005
9.3 -1.8381 -6.33829e-005
9.31 -1.99892 -6.89282e-005
9.32 -1.93903 -6.6863e-005
9.33 -1.67687 -5.78232e-005
9.34 -1.26309 -4.3555e-005
9.35 -0.775055 -2.6726e-005
9.36 -0.295769 -1.01989e-005
9.37 0.101511 3.50036e-006
9.38 0.356754 1.23018e-005
9.39 0.432187 1.4903e-005
9.4 0.319275 1.10095e-005
9.41 0.0456489 1.5741e-006
9.42 -0.343366 -1.18402e-005
9.43 -0.806182 -2.77994e-005
9.44 -1.32083 -4.5546e-005
9.45 -1.87546 -6.46709e-005
9.46 -2.45172 -8.45422e-005
9.47 -3.03002 -0.000104484
9.48 -3.58202 -0.000123518
9.49 -4.09141 -0.000141083
9.5 -4.55238 -0.000156979
9.51 -4.98189 -0.000171789
9.52 -5.39077 -0.000185888
9.53 -5.76078 -0.000198648
9.54 -6.03106 -0.000207968
9.55 -6.126 -0.000211242
9.56 -5.99224 -0.000206629
9.57 -5.62631 -0.000194011
9.58 -5.06926 -0.000174802
9.59 -4.37467 -0.000150851
9.6 -3.59292 -0.000123894
9.61 -2.77837 -9.58058e-005
9.62 -1.96429 -6.77342e-005
9.63 -1.2452 -4.29379e-005
9.64 -0.707449 -2.43948e-005
9.65 -0.35939 -1.23928e-005
9.66 -0.156476 -5.39573e-006
9.67 -0.0533044 -1.83808e-006
9.68 -0.0243167 -8.38508e-007
9.69 -0.0622642 -2.14704e-006
9.7 -0.147382 -5.08213e-006
9.71 -0.247344 -8.5291e-006
9.72 -0.34164 -1.17807e-005
9.73 -0.432025 -1.48974e-005
9.74 -0.521128 -1.79699e-005
9.75 -0.594383 -2.0496e-005
9.76 -0.642554 -2.2157e-005
9.77 -0.677761 -2.33711e-005
9.78 -0.718031 -2.47597e-005
9.79 -0.754195 -2.60067e-005
9.8 -0.740924 -2.55491e-005
9.81 -0.609017 -2.10006e-005
9.82 -0.292337 -1.00806e-005
9.83 0.246204 8.4898e-006
9.84 0.99692 3.43765e-005
9.85 1.90177 6.55784e-005
9.86 2.89772 9.99214e-005
9.87 3.90935 0.000134805
9.88 4.90285 0.000169064
9.89 5.86741 0.000202324
9.9 6.70824 0.000231319
9.91 7.41218 0.000255592
9.92 7.96467 0.000274644
9.93 8.4041 0.000289797
9.94 8.76609 0.000302279
9.95 9.07037 0.000312771
9.96 9.30687 0.000320926
9.97 9.46063 0.000326229
9.98 9.51994 0.000328274
9.99 9.47978 0.000326889
10 9.32888 0.000321686
