0.1 -0.210384 -7.25463e-006
0.2 -0.421016 -1.45178e-005
0.3 -0.631896 -2.17895e-005
0.4 -0.843026 -2.90699e-005
0.5 -1.05441 -3.63589e-005
0.6 -1.26604 -4.36565e-005
0.7 -1.47792 -5.09629e-005
0.8 -1.69006 -5.8278e-005
0.9 -1.90246 -6.5602e-005
1 -2.11511 -7.29347e-005
0.01 -2.11455 -7.29156e-005
0.02 -2.11302 -7.28627e-005
0.03 -2.11141 -7.28073e-005
0.04 -2.11067 -7.27816e-005
0.05 -2.11089 -7.27894e-005
0.06 -2.11197 -7.28267e-005
0.07 -2.11374 -7.28877e-005
0.08 -2.11601 -7.29659e-005
0.09 -2.11856 -7.30539e-005
0.1 -2.12121 -7.3145e-005
0.11 -2.12377 -7.32333e-005
0.12 -2.12616 -7.33158e-005
0.13 -2.12843 -7.33941e-005
0.14 -2.13067 -7.34713e-005
0.15 -2.13293 -7.35493e-005
0.16 -2.13517 -7.36265e-005
0.17 -2.13727 -7.36991e-005
0.18 -2.13919 -7.3765e-005
0.19 -2.14094 -7.38255e-005
0.2 -2.14262 -7.38834e-005
0.21 -2.14423 -7.3939e-005
0.22 -2.14569 -7.39892e-005
0.23 -2.14687 -7.40302e-005
0.24 -2.14781 -7.40626e-005
0.25 -2.14869 -7.40929e-005
0.26 -2.14976 -7.41297e-005
0.27 -2.15127 -7.41818e-005
0.28 -2.15335 -7.42533e-005
0.29 -2.15607 -7.43473e-005
0.3 -2.15951 -7.44658e-005
0.31 -2.16355 -7.46052e-005
0.32 -2.16787 -7.47543e-005
0.33 -2.17207 -7.48991e-005
0.34 -2.17582 -7.50282e-005
0.35 -2.17901 -7.51384e-005
0.36 -2.18176 -7.52333e-005
0.37 -2.18415 -7.53157e-005
0.38 -2.18602 -7.538e-005
0.39 -2.18711 -7.54175e-005
0.4 -2.18739 -7.54272e-005
0.41 -2.18714 -7.54185e-005
0.42 -2.18665 -7.54017e-005
0.43 -2.18597 -7.53784e-005
0.44 -2.18487 -7.53403e-005
0.45 -2.1831 -7.52792e-005
0.46 -2.1807 -7.51966e-005
0.47 -2.17787 -7.50991e-005
0.48 -2.17477 -7.49922e-005
0.49 -2.17153 -7.48802e-005
0.5 -2.16824 -7.47669e-005
0.51 -2.16502 -7.46557e-005
0.52 -2.16189 -7.45481e-005
0.53 -2.15875 -7.44397e-005
0.54 -2.15539 -7.43239e-005
0.55 -2.15186 -7.42022e-005
0.56 -2.14836 -7.40815e-005
0.57 -2.14491 -7.39623e-005
0.58 -2.14133 -7.3839e-005
0.59 -2.13754 -7.37082e-005
0.6 -2.13359 -7.35721e-005
0.61 -2.12975 -7.34396e-005
0.62 -2.12623 -7.33184e-005
0.63 -2.1228 -7.32e-005
0.64 -2.11883 -7.30631e-005
0.65 -2.11412 -7.29006e-005
0.66 -2.1091 -7.27275e-005
0.67 -2.10431 -7.25623e-005
0.68 -2.0998 -7.2407e-005
0.69 -2.09519 -7.2248e-005
0.7 -2.09017 -7.20748e-005
0.71 -2.08493 -7.18943e-005
0.72 -2.08023 -7.17319e-005
0.73 -2.07682 -7.16146e-005
0.74 -2.07469 -7.15412e-005
0.75 -2.07307 -7.14853e-005
0.76 -2.07142 -7.14282e-005
0.77 -2.06982 -7.13731e-005
0.78 -2.06837 -7.13229e-005
0.79 -2.06687 -7.12714e-005
0.8 -2.06516 -7.12124e-005
0.81 -2.06344 -7.11532e-005
0.82 -2.06241 -7.11176e-005
0.83 -2.06268 -7.11269e-005
0.84 -2.06413 -7.1177e-005
0.85 -2.06597 -7.12404e-005
0.86 -2.06718 -7.1282e-005
0.87 -2.06705 -7.12776e-005
0.88 -2.06553 -7.12251e-005
0.89 -2.06294 -7.11357e-005
0.9 -2.05969 -7.10239e-005
0.91 -2.05604 -7.08981e-005
0.92 -2.05182 -7.07523e-005
0.93 -2.04653 -7.057e-005
0.94 -2.04018 -7.0351e-005
0.95 -2.03417 -7.01437e-005
0.96 -2.03057 -7.00198e-005
0.97 -2.03017 -7.00059e-005
0.98 -2.03213 -7.00734e-005
0.99 -2.03527 -7.01816e-005
1 -2.0391 -7.03138e-005
1.01 -2.04444 -7.04978e-005
1.02 -2.05223 -7.07664e-005
1.03 -2.0612 -7.10757e-005
1.04 -2.06803 -7.13112e-005
1.05 -2.07072 -7.14042e-005
1.06 -2.07037 -7.13921e-005
1.07 -2.06924 -7.13531e-005
1.08 -2.06849 -7.13272e-005
1.09 -2.06795 -7.13087e-005
1.1 -2.06712 -7.12801e-005
1.11 -2.0654 -7.12207e-005
1.12 -2.0618 -7.10964e-005
1.13 -2.05595 -7.0895e-005
1.14 -2.04971 -7.06796e-005
1.15 -2.04554 -7.05358e-005
1.16 -2.04378 -7.04752e-005
1.17 -2.04263 -7.04355e-005
1.18 -2.03961 -7.03315e-005
1.19 -2.03389 -7.0134e-005
1.2 -2.02755 -6.99155e-005
1.21 -2.02382 -6.97867e-005
1.22 -2.02475 -6.9819e-005
1.23 -2.03069 -7.00238e-005
1.24 -2.04038 -7.0358e-005
1.25 -2.05133 -7.07356e-005
1.26 -2.06104 -7.10703e-005
1.27 -2.06798 -7.13098e-005
1.28 -2.07149 -7.14306e-005
1.29 -2.07169 -7.14376e-005
1.3 -2.06914 -7.13497e-005
1.31 -2.06392 -7.11697e-005
1.32 -2.05654 -7.09153e-005
1.33 -2.04921 -7.06625e-005
1.34 -2.04378 -7.04753e-005
1.35 -2.03876 -7.0302e-005
1.36 -2.03073 -7.00252e-005
1.37 -2.01858 -6.96062e-005
1.38 -2.0051 -6.91412e-005
1.39 -1.99493 -6.87905e-005
1.4 -1.99123 -6.8663e-005
1.41 -1.99282 -6.87179e-005
1.42 -1.99413 -6.87632e-005
1.43 -1.98993 -6.86183e-005
1.44 -1.98083 -6.83043e-005
1.45 -1.97334 -6.80461e-005
1.46 -1.97431 -6.80796e-005
1.47 -1.98464 -6.84358e-005
1.48 -1.99914 -6.89357e-005
1.49 -2.01326 -6.94228e-005
1.5 -2.02674 -6.98875e-005
1.51 -2.03938 -7.03233e-005
1.52 -2.0475 -7.06034e-005
1.53 -2.04696 -7.05849e-005
1.54 -2.03767 -7.02646e-005
1.55 -2.02336 -6.97711e-005
1.56 -2.00816 -6.92468e-005
1.57 -1.99489 -6.87892e-005
1.58 -1.98608 -6.84854e-005
1.59 -1.98436 -6.84263e-005
1.6 -1.99118 -6.86613e-005
1.61 -2.00369 -6.90928e-005
1.62 -2.01465 -6.94708e-005
1.63 -2.01872 -6.96111e-005
1.64 -2.01684 -6.95462e-005
1.65 -2.01276 -6.94057e-005
1.66 -2.00798 -6.92407e-005
1.67 -2.00117 -6.90059e-005
1.68 -1.99155 -6.86742e-005
1.69 -1.98215 -6.83499e-005
1.7 -1.9776 -6.81932e-005
1.71 -1.97852 -6.82249e-005
1.72 -1.98118 -6.83165e-005
1.73 -1.98294 -6.83774e-005
1.74 -1.98517 -6.84541e-005
1.75 -1.99061 -6.86417e-005
1.76 -2.00065 -6.8988e-005
1.77 -2.01554 -6.95014e-005
1.78 -2.03487 -7.01681e-005
1.79 -2.0558 -7.08895e-005
1.8 -2.074 -7.15174e-005
1.81 -2.08843 -7.20148e-005
1.82 -2.10131 -7.2459e-005
1.83 -2.11392 -7.28939e-005
1.84 -2.12439 -7.32548e-005
1.85 -2.12956 -7.34331e-005
1.86 -2.12899 -7.34135e-005
1.87 -2.12481 -7.32692e-005
1.88 -2.11655 -7.29844e-005
1.89 -2.10095 -7.24466e-005
1.9 -2.07885 -7.16846e-005
1.91 -2.05672 -7.09212e-005
1.92 -2.04055 -7.03639e-005
1.93 -2.03405 -7.01397e-005
1.94 -2.04081 -7.03729e-005
1.95 -2.06307 -7.11404e-005
1.96 -2.09837 -7.23577e-005
1.97 -2.13962 -7.37801e-005
1.98 -2.17972 -7.51628e-005
1.99 -2.21593 -7.64114e-005
2 -2.24899 -7.75515e-005
2.01 -2.27942 -7.86007e-005
2.02 -2.30493 -7.94804e-005
2.03 -2.32246 -8.00849e-005
2.04 -2.33209 -8.0417e-005
2.05 -2.33577 -8.05438e-005
2.06 -2.33395 -8.04811e-005
2.07 -2.32741 -8.02555e-005
2.08 -2.3193 -7.99759e-005
2.09 -2.31334 -7.97702e-005
2.1 -2.3119 -7.97209e-005
2.11 -2.31569 -7.98514e-005
2.12 -2.32445 -8.01536e-005
2.13 -2.33755 -8.06051e-005
2.14 -2.3529 -8.11345e-005
2.15 -2.3664 -8.16001e-005
2.16 -2.37361 -8.18487e-005
2.17 -2.37434 -8.18739e-005
2.18 -2.37646 -8.19467e-005
2.19 -2.38965 -8.24017e-005
2.2 -2.41393 -8.3239e-005
2.21 -2.43978 -8.41303e-005
2.22 -2.45799 -8.47581e-005
2.23 -2.46553 -8.50182e-005
2.24 -2.46458 -8.49855e-005
2.25 -2.45947 -8.48094e-005
2.26 -2.45547 -8.46713e-005
2.27 -2.45649 -8.47066e-005
2.28 -2.46136 -8.48746e-005
2.29 -2.46574 -8.50257e-005
2.3 -2.46738 -8.50821e-005
2.31 -2.46578 -8.50268e-005
2.32 -2.45936 -8.48055e-005
2.33 -2.44668 -8.43682e-005
2.34 -2.42883 -8.37526e-005
2.35 -2.40884 -8.30634e-005
2.36 -2.38879 -8.2372e-005
2.37 -2.36908 -8.16924e-005
2.38 -2.34849 -8.09824e-005
2.39 -2.32258 -8.00889e-005
2.4 -2.28554 -7.88116e-005
2.41 -2.23402 -7.70353e-005
2.42 -2.16845 -7.47741e-005
2.43 -2.09582 -7.22697e-005
2.44 -2.03078 -7.00271e-005
2.45 -1.986 -6.84827e-005
2.46 -1.96139 -6.7634e-005
2.47 -1.94679 -6.71306e-005
2.48 -1.93277 -6.66474e-005
2.49 -1.91658 -6.6089e-005
2.5 -1.90062 -6.55385e-005
2.51 -1.8884 -6.51174e-005
2.52 -1.88257 -6.49162e-005
2.53 -1.88405 -6.49674e-005
2.54 -1.89049 -6.51895e-005
2.55 -1.89676 -6.54055e-005
2.56 -1.89813 -6.54528e-005
2.57 -1.89319 -6.52824e-005
2.58 -1.88418 -6.49716e-005
2.59 -1.87438 -6.46336e-005
2.6 -1.8653 -6.43208e-005
2.61 -1.85684 -6.40288e-005
2.62 -1.84869 -6.37479e-005
2.63 -1.83969 -6.34376e-005
2.64 -1.82749 -6.30169e-005
2.65 -1.81157 -6.24679e-005
2.66 -1.79481 -6.18901e-005
2.67 -1.78285 -6.14777e-005
2.68 -1.78213 -6.14529e-005
2.69 -1.79609 -6.19342e-005
2.7 -1.82362 -6.28834e-005
2.71 -1.85971 -6.41281e-005
2.72 -1.89642 -6.53939e-005
2.73 -1.92715 -6.64535e-005
2.74 -1.95385 -6.73741e-005
2.75 -1.98699 -6.85169e-005
2.76 -2.03387 -7.01335e-005
2.77 -2.09235 -7.215e-005
2.78 -2.15841 -7.44278e-005
2.79 -2.2303 -7.69068e-005
2.8 -2.30257 -7.93989e-005
2.81 -2.36574 -8.15774e-005
2.82 -2.41356 -8.32262e-005
2.83 -2.44613 -8.43494e-005
2.84 -2.46867 -8.51264e-005
2.85 -2.48648 -8.57406e-005
2.86 -2.50215 -8.62811e-005
2.87 -2.5179 -8.6824e-005
2.88 -2.53399 -8.73789e-005
2.89 -2.54558 -8.77785e-005
2.9 -2.54705 -8.78293e-005
2.91 -2.53856 -8.75366e-005
2.92 -2.5259 -8.71e-005
2.93 -2.51504 -8.67257e-005
2.94 -2.5073 -8.64587e-005
2.95 -2.50036 -8.62194e-005
2.96 -2.49306 -8.59678e-005
2.97 -2.48681 -8.57522e-005
2.98 -2.48301 -8.56211e-005
2.99 -2.48102 -8.55524e-005
3 -2.47826 -8.54574e-005
3.01 -2.47192 -8.52387e-005
3.02 -2.46012 -8.48318e-005
3.03 -2.44095 -8.41707e-005
3.04 -2.41337 -8.32195e-005
3.05 -2.3808 -8.20967e-005
3.06 -2.34945 -8.10156e-005
3.07 -2.31964 -7.99877e-005
3.08 -2.28429 -7.87686e-005
3.09 -2.23857 -7.71921e-005
3.1 -2.18571 -7.53695e-005
3.11 -2.13258 -7.35372e-005
3.12 -2.08145 -7.17742e-005
3.13 -2.0273 -6.9907e-005
3.14 -1.96615 -6.77982e-005
3.15 -1.90222 -6.55939e-005
3.16 -1.84367 -6.35748e-005
3.17 -1.79702 -6.1966e-005
3.18 -1.76412 -6.08318e-005
3.19 -1.73865 -5.99535e-005
3.2 -1.70914 -5.89357e-005
3.21 -1.66874 -5.75426e-005
3.22 -1.62026 -5.58709e-005
3.23 -1.57295 -5.42396e-005
3.24 -1.53632 -5.29766e-005
3.25 -1.51666 -5.22987e-005
3.26 -1.51741 -5.23246e-005
3.27 -1.53824 -5.30426e-005
3.28 -1.57346 -5.42574e-005
3.29 -1.6145 -5.56724e-005
3.3 -1.65294 -5.6998e-005
3.31 -1.68155 -5.79844e-005
3.32 -1.69496 -5.84469e-005
3.33 -1.69324 -5.83878e-005
3.34 -1.68518 -5.81098e-005
3.35 -1.68326 -5.80434e-005
3.36 -1.69464 -5.8436e-005
3.37 -1.71874 -5.9267e-005
3.38 -1.74902 -6.03111e-005
3.39 -1.77577 -6.12333e-005
3.4 -1.7925 -6.18103e-005
3.41 -1.80142 -6.21181e-005
3.42 -1.8101 -6.24172e-005
3.43 -1.82392 -6.28937e-005
3.44 -1.84351 -6.35694e-005
3.45 -1.8671 -6.43828e-005
3.46 -1.89466 -6.53332e-005
3.47 -1.92983 -6.65458e-005
3.48 -1.97656 -6.81572e-005
3.49 -2.03509 -7.01756e-005
3.5 -2.10251 -7.25002e-005
3.51 -2.17464 -7.49875e-005
3.52 -2.24464 -7.74015e-005
3.53 -2.30362 -7.9435e-005
3.54 -2.34603 -8.08975e-005
3.55 -2.37395 -8.18603e-005
3.56 -2.39633 -8.26322e-005
3.57 -2.42295 -8.35499e-005
3.58 -2.45761 -8.47451e-005
3.59 -2.49585 -8.60638e-005
3.6 -2.52785 -8.71671e-005
3.61 -2.54568 -8.77821e-005
3.62 -2.54971 -8.79212e-005
3.63 -2.54776 -8.78538e-005
3.64 -2.54626 -8.7802e-005
3.65 -2.54397 -8.77232e-005
3.66 -2.53609 -8.74514e-005
3.67 -2.52055 -8.69156e-005
3.68 -2.49897 -8.61714e-005
3.69 -2.477 -8.54138e-005
3.7 -2.4649 -8.49965e-005
3.71 -2.47261 -8.52625e-005
3.72 -2.50346 -8.63262e-005
3.73 -2.55259 -8.80202e-005
3.74 -2.60939 -8.99791e-005
3.75 -2.66296 -9.18262e-005
3.76 -2.70753 -9.3363e-005
3.77 -2.74072 -9.45077e-005
3.78 -2.76012 -9.51764e-005
3.79 -2.76531 -9.53556e-005
3.8 -2.75929 -9.51478e-005
3.81 -2.74494 -9.46532e-005
3.82 -2.72168 -9.38511e-005
3.83 -2.68527 -9.25954e-005
3.84 -2.6349 -9.08586e-005
3.85 -2.58064 -8.89875e-005
3.86 -2.53417 -8.73853e-005
3.87 -2.49511 -8.60381e-005
3.88 -2.45468 -8.4644e-005
3.89 -2.40801 -8.30347e-005
3.9 -2.3595 -8.1362e-005
3.91 -2.31873 -7.99563e-005
3.92 -2.29214 -7.90395e-005
3.93 -2.27831 -7.85624e-005
3.94 -2.27012 -7.82801e-005
3.95 -2.2595 -7.79138e-005
3.96 -2.24056 -7.72608e-005
3.97 -2.21184 -7.62704e-005
3.98 -2.17492 -7.49973e-005
3.99 -2.13068 -7.34716e-005
4 -2.08065 -7.17466e-005
4.01 -2.02959 -6.99858e-005
4.02 -1.9828 -6.83724e-005
4.03 -1.94476 -6.70607e-005
4.04 -1.9198 -6.61999e-005
4.05 -1.90966 -6.58502e-005
4.06 -1.90967 -6.58507e-005
4.07 -1.91024 -6.58705e-005
4.08 -1.90362 -6.56422e-005
4.09 -1.88559 -6.50205e-005
4.1 -1.85278 -6.3889e-005
4.11 -1.80438 -6.222e-005
4.12 -1.74389 -6.01343e-005
4.13 -1.67586 -5.77884e-005
4.14 -1.60556 -5.5364e-005
4.15 -1.54193 -5.31699e-005
4.16 -1.49519 -5.15582e-005
4.17 -1.47218 -5.07648e-005
4.18 -1.47297 -5.07921e-005
4.19 -1.4888 -5.1338e-005
4.2 -1.50666 -5.19539e-005
4.21 -1.51787 -5.23402e-005
4.22 -1.52113 -5.24527e-005
4.23 -1.52083 -5.24425e-005
4.24 -1.52351 -5.25347e-005
4.25 -1.53151 -5.28105e-005
4.26 -1.54233 -5.31839e-005
4.27 -1.55515 -5.36258e-005
4.28 -1.57093 -5.41702e-005
4.29 -1.58807 -5.47609e-005
4.3 -1.6055 -5.53619e-005
4.31 -1.62683 -5.60977e-005
4.32 -1.65555 -5.7088e-005
4.33 -1.68968 -5.82647e-005
4.34 -1.72232 -5.93904e-005
4.35 -1.7447 -6.01621e-005
4.36 -1.75208 -6.04164e-005
4.37 -1.7496 -6.0331e-005
4.38 -1.749 -6.03103e-005
4.39 -1.75987 -6.06851e-005
4.4 -1.78477 -6.15438e-005
4.41 -1.81944 -6.27392e-005
4.42 -1.85726 -6.40435e-005
4.43 -1.89265 -6.52637e-005
4.44 -1.91922 -6.618e-005
4.45 -1.93083 -6.65803e-005
4.46 -1.92933 -6.65287e-005
4.47 -1.92689 -6.64446e-005
4.48 -1.93534 -6.67358e-005
4.49 -1.95594 -6.74464e-005
4.5 -1.98148 -6.83269e-005
4.51 -2.00319 -6.90756e-005
4.52 -2.01497 -6.94818e-005
4.53 -2.01545 -6.94982e-005
4.54 -2.00661 -6.91934e-005
4.55 -1.99137 -6.86679e-005
4.56 -1.97643 -6.81527e-005
4.57 -1.97163 -6.79872e-005
4.58 -1.98072 -6.83005e-005
4.59 -1.99635 -6.88396e-005
4.6 -2.00611 -6.91761e-005
4.61 -2.00258 -6.90545e-005
4.62 -1.98744 -6.85323e-005
4.63 -1.96638 -6.78063e-005
4.64 -1.94294 -6.69979e-005
4.65 -1.92028 -6.62165e-005
4.66 -1.90683 -6.57527e-005
4.67 -1.91288 -6.59614e-005
4.68 -1.94037 -6.69092e-005
4.69 -1.97984 -6.82703e-005
4.7 -2.01633 -6.95285e-005
4.71 -2.03662 -7.02284e-005
4.72 -2.03659 -7.02272e-005
4.73 -2.02463 -6.98147e-005
4.74 -2.01308 -6.94166e-005
4.75 -2.00692 -6.92042e-005
4.76 -2.00238 -6.90477e-005
4.77 -1.99116 -6.86608e-005
4.78 -1.96784 -6.78566e-005
4.79 -1.93717 -6.67988e-005
4.8 -1.90972 -6.58525e-005
4.81 -1.89341 -6.52899e-005
4.82 -1.89324 -6.52841e-005
4.83 -1.90807 -6.57956e-005
4.84 -1.92223 -6.62839e-005
4.85 -1.91559 -6.6055e-005
4.86 -1.88927 -6.51473e-005
4.87 -1.86852 -6.44317e-005
4.88 -1.87614 -6.46944e-005
4.89 -1.91179 -6.59239e-005
4.9 -1.95737 -6.74955e-005
4.91 -1.99757 -6.88817e-005
4.92 -2.03229 -7.0079e-005
4.93 -2.07023 -7.13872e-005
4.94 -2.11832 -7.30455e-005
4.95 -2.17898 -7.51373e-005
4.96 -2.24778 -7.75097e-005
4.97 -2.31102 -7.96905e-005
4.98 -2.35496 -8.12055e-005
4.99 -2.38051 -8.20865e-005
5 -2.40167 -8.28161e-005
5.01 -2.42768 -8.37132e-005
5.02 -2.45356 -8.46054e-005
5.03 -2.46748 -8.50857e-005
5.04 -2.4627 -8.49206e-005
5.05 -2.44478 -8.43029e-005
5.06 -2.43161 -8.38485e-005
5.07 -2.44219 -8.42135e-005
5.08 -2.48175 -8.55777e-005
5.09 -2.54125 -8.76294e-005
5.1 -2.61018 -9.00063e-005
5.11 -2.6813 -9.24588e-005
5.12 -2.7479 -9.47553e-005
5.13 -2.80899 -9.68618e-005
5.14 -2.87366 -9.90919e-005
5.15 -2.95059 -0.000101744
5.16 -3.03816 -0.000104764
5.17 -3.13114 -0.00010797
5.18 -3.22787 -0.000111306
5.19 -3.32635 -0.000114702
5.2 -3.41725 -0.000117836
5.21 -3.48375 -0.000120129
5.22 -3.50963 -0.000121022
5.23 -3.48542 -0.000120187
5.24 -3.41133 -0.000117632
5.25 -3.29893 -0.000113756
5.26 -3.16422 -0.000109111
5.27 -3.0168 -0.000104028
5.28 -2.8608 -9.86483e-005
5.29 -2.70329 -9.3217e-005
5.3 -2.55325 -8.80431e-005
5.31 -2.41513 -8.32802e-005
5.32 -2.28868 -7.89201e-005
5.33 -2.16981 -7.48212e-005
5.34 -2.04985 -7.06846e-005
5.35 -1.91643 -6.60837e-005
5.36 -1.75792 -6.06178e-005
5.37 -1.57781 -5.44074e-005
5.38 -1.40267 -4.83678e-005
5.39 -1.25985 -4.3443e-005
5.4 -1.1506 -3.9676e-005
5.41 -1.05621 -3.6421e-005
5.42 -0.962505 -3.31898e-005
5.43 -0.873028 -3.01044e-005
5.44 -0.798776 -2.7544e-005
5.45 -0.735282 -2.53546e-005
5.46 -0.659866 -2.2754e-005
5.47 -0.55342 -1.90835e-005
5.48 -0.414381 -1.4289e-005
5.49 -0.253855 -8.75364e-006
5.5 -0.0926182 -3.19373e-006
5.51 0.0432174 1.49026e-006
5.52 0.135961 4.6883e-006
5.53 0.183795 6.33775e-006
5.54 0.194347 6.70162e-006
5.55 0.173586 5.98571e-006
5.56 0.122151 4.2121e-006
5.57 0.0389268 1.3423e-006
5.58 -0.0700697 -2.4162e-006
5.59 -0.191472 -6.6025e-006
5.6 -0.318355 -1.09778e-005
5.61 -0.459242 -1.58359e-005
5.62 -0.627507 -2.16382e-005
5.63 -0.824776 -2.84406e-005
5.64 -1.04083 -3.58906e-005
5.65 -1.26827 -4.37334e-005
5.66 -1.50973 -5.20595e-005
5.67 -1.76919 -6.10065e-005
5.68 -2.03899 -7.031e-005
5.69 -2.29895 -7.9274e-005
5.7 -2.52899 -8.72066e-005
5.71 -2.72066 -9.38158e-005
5.72 -2.8761 -9.91757e-005
5.73 -2.99753 -0.000103363
5.74 -3.08147 -0.000106258
5.75 -3.12511 -0.000107762
5.76 -3.13621 -0.000108145
5.77 -3.13349 -0.000108052
5.78 -3.1377 -0.000108196
5.79 -3.1667 -0.000109196
5.8 -3.2352 -0.000111559
5.81 -3.34824 -0.000115457
5.82 -3.48936 -0.000120323
5.83 -3.62255 -0.000124916
5.84 -3.71577 -0.00012813
5.85 -3.75971 -0.000129645
5.86 -3.76349 -0.000129775
5.87 -3.74184 -0.000129029
5.88 -3.71111 -0.000127969
5.89 -3.68257 -0.000126985
5.9 -3.65343 -0.000125981
5.91 -3.61191 -0.000124549
5.92 -3.54488 -0.000122237
5.93 -3.43746 -0.000118533
5.94 -3.27509 -0.000112934
5.95 -3.05406 -0.000105313
5.96 -2.79069 -9.62306e-005
5.97 -2.51359 -8.66756e-005
5.98 -2.24626 -7.74572e-005
5.99 -2.00298 -6.90682e-005
6 -1.79973 -6.20597e-005
6.01 -1.65855 -5.71913e-005
6.02 -1.5934 -5.49447e-005
6.03 -1.59745 -5.50846e-005
6.04 -1.65019 -5.69031e-005
6.05 -1.7338 -5.97862e-005
6.06 -1.84222 -6.35248e-005
6.07 -1.97399 -6.80686e-005
6.08 -2.12162 -7.31595e-005
6.09 -2.27653 -7.85011e-005
6.1 -2.43458 -8.39509e-005
6.11 -2.58873 -8.92666e-005
6.12 -2.72164 -9.38497e-005
6.13 -2.81146 -9.6947e-005
6.14 -2.83481 -9.77519e-005
6.15 -2.76466 -9.53332e-005
6.16 -2.57956 -8.89503e-005
6.17 -2.2775 -7.85343e-005
6.18 -1.87682 -6.4718e-005
6.19 -1.40836 -4.8564e-005
6.2 -0.905204 -3.12139e-005
6.21 -0.39011 -1.34521e-005
6.22 0.127782 4.40626e-006
6.23 0.644846 2.22361e-005
6.24 1.15038 3.96681e-005
6.25 1.61977 5.58541e-005
6.26 2.01879 6.96136e-005
6.27 2.30672 7.9542e-005
6.28 2.45346 8.46021e-005
6.29 2.46209 8.48997e-005
6.3 2.377 8.19656e-005
6.31 2.2498 7.75793e-005
6.32 2.09459 7.22271e-005
6.33 1.87766 6.47468e-005
6.34 1.54687 5.33405e-005
6.35 1.07345 3.70154e-005
6.36 0.479654 1.65398e-005
6.37 -0.159652 -5.50525e-006
6.38 -0.744482 -2.56718e-005
6.39 -1.20485 -4.15465e-005
6.4 -1.5316 -5.28139e-005
6.41 -1.7517 -6.04036e-005
6.42 -1.87352 -6.4604e-005
6.43 -1.88673 -6.50597e-005
6.44 -1.78035 -6.13913e-005
6.45 -1.55515 -5.36259e-005
6.46 -1.2263 -4.22863e-005
6.47 -0.827865 -2.85471e-005
6.48 -0.413455 -1.42571e-005
6.49 -0.0403236 -1.39047e-006
6.5 0.247031 8.51831e-006
6.51 0.412677 1.42303e-005
6.52 0.417498 1.43965e-005
6.53 0.220977 7.61989e-006
6.54 -0.206742 -7.12903e-006
6.55 -0.863244 -2.9767e-005
6.56 -1.70531 -5.88039e-005
6.57 -2.6671 -9.1969e-005
6.58 -3.6852 -0.000127076
6.59 -4.71097 -0.000162447
6.6 -5.71185 -0.00019696
6.61 -6.66652 -0.00022988
6.62 -7.55353 -0.000260466
6.63 -8.3438 -0.000287717
6.64 -9.00059 -0.000310365
6.65 -9.48662 -0.000327125
6.66 -9.75695 -0.000336447
6.67 -9.79565 -0.000337781
6.68 -9.60632 -0.000331252
6.69 -9.1974 -0.000317152
6.7 -8.58164 -0.000295919
6.71 -7.78161 -0.000268331
6.72 -6.84012 -0.000235866
6.73 -5.82266 -0.000200781
6.74 -4.80763 -0.00016578
6.75 -3.87723 -0.000133698
6.76 -3.09914 -0.000106867
6.77 -2.50557 -8.6399e-005
6.78 -2.09845 -7.23603e-005
6.79 -1.87261 -6.45726e-005
6.8 -1.83229 -6.31823e-005
6.81 -1.97813 -6.82113e-005
6.82 -2.29239 -7.9048e-005
6.83 -2.74531 -9.46658e-005
6.84 -3.31014 -0.000114143
6.85 -3.95829 -0.000136493
6.86 -4.6441 -0.000160141
6.87 -5.2993 -0.000182735
6.88 -5.85338 -0.000201841
6.89 -6.2547 -0.000215679
6.9 -6.47096 -0.000223137
6.91 -6.47766 -0.000223368
6.92 -6.26316 -0.000215971
6.93 -5.8486 -0.000201676
6.94 -5.29074 -0.000182439
6.95 -4.65071 -0.000160369
6.96 -3.96498 -0.000136723
6.97 -3.25085 -0.000112098
6.98 -2.53461 -8.74004e-005
6.99 -1.86421 -6.4283e-005
7 -1.28525 -4.4319e-005
7.01 -0.802822 -2.76835e-005
7.02 -0.414983 -1.43098e-005
7.03 -0.124095 -4.27913e-006
7.04 0.0564958 1.94813e-006
7.05 0.104619 3.60755e-006
7.06 0.00986948 3.40327e-007
7.07 -0.20045 -6.91206e-006
7.08 -0.475099 -1.63827e-005
7.09 -0.766933 -2.6446e-005
7.1 -1.05107 -3.62437e-005
7.11 -1.32462 -4.56765e-005
7.12 -1.59475 -5.49912e-005
7.13 -1.86946 -6.44641e-005
7.14 -2.15053 -7.41562e-005
7.15 -2.43262 -8.38835e-005
7.16 -2.70136 -9.31504e-005
7.17 -2.9292 -0.000101007
7.18 -3.08235 -0.000106288
7.19 -3.12566 -0.000107781
7.2 -3.03933 -0.000104804
7.21 -2.82896 -9.75504e-005
7.22 -2.50289 -8.63064e-005
7.23 -2.06819 -7.1317e-005
7.24 -1.53643 -5.29804e-005
7.25 -0.926857 -3.19606e-005
7.26 -0.268366 -9.25399e-006
7.27 0.408466 1.4085e-005
7.28 1.07115 3.69362e-005
7.29 1.67942 5.7911e-005
7.3 2.17979 7.51653e-005
7.31 2.55132 8.79764e-005
7.32 2.79148 9.6258e-005
7.33 2.89164 9.97116e-005
7.34 2.81513 9.70736e-005
7.35 2.52071 8.69209e-005
7.36 2.00618 6.91786e-005
7.37 1.32215 4.55913e-005
7.38 0.537372 1.85301e-005
7.39 -0.298078 -1.02785e-005
7.4 -1.15758 -3.99166e-005
7.41 -2.01362 -6.94353e-005
7.42 -2.8296 -9.75723e-005
7.43 -3.57205 -0.000123174
7.44 -4.23557 -0.000146054
7.45 -4.84905 -0.000167208
7.46 -5.43972 -0.000187577
7.47 -5.99279 -0.000206648
7.48 -6.4475 -0.000222328
7.49 -6.73667 -0.000232299
7.5 -6.83646 -0.00023574
7.51 -6.77874 -0.00023375
7.52 -6.61254 -0.000228019
7.53 -6.37207 -0.000219727
7.54 -6.07477 -0.000209475
7.55 -5.74556 -0.000198123
7.56 -5.43604 -0.00018745
7.57 -5.21092 -0.000179687
7.58 -5.10257 -0.000175951
7.59 -5.08445 -0.000175326
7.6 -5.0985 -0.00017581
7.61 -5.11775 -0.000176474
7.62 -5.16503 -0.000178105
7.63 -5.2765 -0.000181948
7.64 -5.45282 -0.000188028
7.65 -5.65437 -0.000194978
7.66 -5.82371 -0.000200817
7.67 -5.91453 -0.000203949
7.68 -5.91842 -0.000204083
7.69 -5.8653 -0.000202252
7.7 -5.78673 -0.000199542
7.71 -5.681 -0.000195896
7.72 -5.51076 -0.000190026
7.73 -5.24541 -0.000180876
7.74 -4.87062 -0.000167952
7.75 -4.37639 -0.00015091
7.76 -3.74616 -0.000129178
7.77 -2.97035 -0.000102426
7.78 -2.0779 -7.16518e-005
7.79 -1.14132 -3.9356e-005
7.8 -0.248022 -8.5525e-006
7.81 0.539175 1.85922e-005
7.82 1.21097 4.17574e-005
7.83 1.80217 6.21438e-005
7.84 2.36766 8.16435e-005
7.85 2.93079 0.000101062
7.86 3.49182 0.000120408
7.87 4.03426 0.000139113
7.88 4.54769 0.000156817
7.89 4.94778 0.000170613
7.9 5.19194 0.000179032
7.91 5.25546 0.000181223
7.92 5.15295 0.000177688
7.93 4.91629 0.000169527
7.94 4.58193 0.000157998
7.95 4.17184 0.000143857
7.96 3.68148 0.000126948
7.97 3.09835 0.00010684
7.98 2.42154 8.35015e-005
7.99 1.68293 5.80322e-005
8 0.945755 3.26123e-005
8.01 0.280322 9.66626e-006
8.02 -0.275523 -9.50079e-006
8.03 -0.722728 -2.49217e-005
8.04 -1.07198 -3.69649e-005
8.05 -1.32416 -4.56605e-005
8.06 -1.4797 -5.10241e-005
8.07 -1.56294 -5.38943e-005
8.08 -1.61317 -5.56266e-005
8.09 -1.6482 -5.68346e-005
8.1 -1.6531 -5.70034e-005
8.11 -1.61181 -5.55795e-005
8.12 -1.53664 -5.29874e-005
8.13 -1.46523 -5.0525e-005
8.14 -1.43964 -4.96428e-005
8.15 -1.48864 -5.13325e-005
8.16 -1.62079 -5.58892e-005
8.17 -1.83701 -6.3345e-005
8.18 -2.14425 -7.39397e-005
8.19 -2.55161 -8.79866e-005
8.2 -3.06234 -0.000105598
8.21 -3.66982 -0.000126546
8.22 -4.34977 -0.000149992
8.23 -5.06359 -0.000174606
8.24 -5.76569 -0.000198817
8.25 -6.40772 -0.000220956
8.26 -6.94536 -0.000239495
8.27 -7.35538 -0.000253634
8.28 -7.63691 -0.000263342
8.29 -7.7976 -0.000268883
8.3 -7.84568 -0.000270541
8.31 -7.79289 -0.000268721
8.32 -7.6539 -0.000263928
8.33 -7.4375 -0.000256465
8.34 -7.14813 -0.000246487
8.35 -6.79765 -0.000234402
8.36 -6.41077 -0.000221061
8.37 -6.01908 -0.000207554
8.38 -5.6481 -0.000194762
8.39 -5.30758 -0.00018302
8.4 -5.00018 -0.00017242
8.41 -4.73975 -0.00016344
8.42 -4.55382 -0.000157028
8.43 -4.46699 -0.000154034
8.44 -4.49077 -0.000154854
8.45 -4.61306 -0.000159071
8.46 -4.81354 -0.000165984
8.47 -5.06169 -0.000174541
8.48 -5.33187 -0.000183857
8.49 -5.61503 -0.000193622
8.5 -5.91653 -0.000204018
8.51 -6.24783 -0.000215442
8.52 -6.58026 -0.000226905
8.53 -6.87138 -0.000236944
8.54 -7.08017 -0.000244144
8.55 -7.17699 -0.000247483
8.56 -7.15587 -0.000246754
8.57 -7.0426 -0.000242848
8.58 -6.85814 -0.000236487
8.59 -6.60688 -0.000227823
8.6 -6.29196 -0.000216964
8.61 -5.92632 -0.000204356
8.62 -5.53247 -0.000190775
8.63 -5.1279 -0.000176824
8.64 -4.72238 -0.000162841
8.65 -4.33041 -0.000149324
8.66 -3.97095 -0.000136929
8.67 -3.66616 -0.000126419
8.68 -3.4243 -0.000118079
8.69 -3.24593 -0.000111929
8.7 -3.13395 -0.000108067
8.71 -3.10207 -0.000106968
8.72 -3.15873 -0.000108922
8.73 -3.28922 -0.000113421
8.74 -3.46178 -0.000119372
8.75 -3.64396 -0.000125654
8.76 -3.8173 -0.000131631
8.77 -3.97238 -0.000136979
8.78 -4.0947 -0.000141197
8.79 -4.16058 -0.000143468
8.8 -4.14733 -0.000143011
8.81 -4.03994 -0.000139308
8.82 -3.83416 -0.000132212
8.83 -3.5371 -0.000121969
8.84 -3.18804 -0.000109932
8.85 -2.81889 -9.7203e-005
8.86 -2.52113 -8.69354e-005
8.87 -2.34634 -8.09082e-005
8.88 -2.28477 -7.87852e-005
8.89 -2.29363 -7.90908e-005
8.9 -2.33333 -8.04597e-005
8.91 -2.37143 -8.17736e-005
8.92 -2.39532 -8.25972e-005
8.93 -2.39673 -8.26459e-005
8.94 -2.3484 -8.09793e-005
8.95 -2.2385 -7.71896e-005
8.96 -2.04716 -7.05919e-005
8.97 -1.76677 -6.09231e-005
8.98 -1.39848 -4.82236e-005
8.99 -0.976661 -3.3678e-005
9 -0.526268 -1.81472e-005
9.01 -0.129749 -4.47411e-006
9.02 0.217279 7.4924e-006
9.03 0.526804 1.81656e-005
9.04 0.800748 2.7612e-005
9.05 1.0616 3.66069e-005
9.06 1.33438 4.60132e-005
9.07 1.64585 5.67535e-005
9.08 2.00293 6.90665e-005
9.09 2.39637 8.26334e-005
9.1 2.79927 9.65266e-005
9.11 3.16854 0.00010926
9.12 3.44683 0.000118856
9.13 3.58851 0.000123742
9.14 3.57754 0.000123364
9.15 3.44505 0.000118795
9.16 3.24298 0.000111827
9.17 3.00319 0.000103558
9.18 2.7187 9.37484e-005
9.19 2.36375 8.15086e-005
9.2 1.93666 6.67815e-005
9.21 1.47369 5.08169e-005
9.22 1.0198 3.51655e-005
9.23 0.591375 2.03922e-005
9.24 0.167273 5.76802e-006
9.25 -0.284031 -9.79417e-006
9.26 -0.778968 -2.6861e-005
9.27 -1.24566 -4.29538e-005
9.28 -1.69122 -5.83178e-005
9.29 -2.10353 -7.25355e-005
9.3 -2.39696 -8.26539e-005
9.31 -2.53341 -8.7359e-005
9.32 -2.4944 -8.60139e-005
9.33 -2.29458 -7.91234e-005
9.34 -1.97962 -6.82627e-005
9.35 -1.62504 -5.6036e-005
9.36 -1.31 -4.51724e-005
9.37 -1.10523 -3.81115e-005
9.38 -1.05945 -3.65327e-005
9.39 -1.20614 -4.15911e-005
9.4 -1.55948 -5.37753e-005
9.41 -2.0847 -7.18863e-005
9.42 -2.7212 -9.38346e-005
9.43 -3.42657 -0.000118158
9.44 -4.16736 -0.000143702
9.45 -4.9223 -0.000169735
9.46 -5.65976 -0.000195164
9.47 -6.34896 -0.00021893
9.48 -6.96001 -0.00024
9.49 -7.47354 -0.000257708
9.5 -7.89144 -0.000272119
9.51 -8.23711 -0.000284038
9.52 -8.53275 -0.000294233
9.53 -8.76961 -0.0003024
9.54 -8.88711 -0.000306452
9.55 -8.81807 -0.000304071
9.56 -8.51475 -0.000293612
9.57 -7.97043 -0.000274843
9.58 -7.232 -0.000249379
9.59 -6.35549 -0.000219155
9.6 -5.34959 -0.000184469
9.61 -4.30342 -0.000148394
9.62 -3.31893 -0.000114446
9.63 -2.50666 -8.64366e-005
9.64 -1.94688 -6.71339e-005
9.65 -1.61906 -5.58297e-005
9.66 -1.46863 -5.06424e-005
9.67 -1.43809 -4.95894e-005
9.68 -1.50052 -5.17422e-005
9.69 -1.64618 -5.67648e-005
9.7 -1.84975 -6.37844e-005
9.71 -2.08494 -7.18945e-005
9.72 -2.30706 -7.95539e-005
9.73 -2.47857 -8.5468e-005
9.74 -2.60558 -8.98475e-005
9.75 -2.66901 -9.20349e-005
9.76 -2.63881 -9.09933e-005
9.77 -2.53607 -8.74507e-005
9.78 -2.40265 -8.28499e-005
9.79 -2.24965 -7.7574e-005
9.8 -2.04899 -7.06548e-005
9.81 -1.73326 -5.97676e-005
9.82 -1.22135 -4.21154e-005
9.83 -0.47114 -1.62462e-005
9.84 0.505757 1.74399e-005
9.85 1.65787 5.71679e-005
9.86 2.93223 0.000101112
9.87 4.25899 0.000146862
9.88 5.56159 0.000191779
9.89 6.76105 0.00023314
9.9 7.83806 0.000270278
9.91 8.74784 0.00030165
9.92 9.46821 0.00032649
9.93 10.0423 0.000346287
9.94 10.5223 0.00036284
9.95 10.931 0.000376931
9.96 11.2312 0.000387283
9.97 11.3856 0.000392606
9.98 11.3907 0.000392781
9.99 11.2364 0.000387463
10 10.9238 0.000376683
