0.1 -0.444886 -1.53409e-005
0.2 -0.891202 -3.07311e-005
0.3 -1.33896 -4.61711e-005
0.4 -1.78818 -6.16613e-005
0.5 -2.23886 -7.72022e-005
0.6 -2.69104 -9.27944e-005
0.7 -3.14471 -0.000108438
0.8 -3.5999 -0.000124135
0.9 -4.05662 -0.000139884
1 -4.51489 -0.000155686
0.01 -4.51431 -0.000155666
0.02 -4.51271 -0.000155611
0.03 -4.51098 -0.000155551
0.04 -4.51003 -0.000155518
0.05 -4.50995 -0.000155515
0.06 -4.51062 -0.000155539
0.07 -4.51193 -0.000155584
0.08 -4.51373 -0.000155646
0.09 -4.51583 -0.000155718
0.1 -4.51806 -0.000155795
0.11 -4.52028 -0.000155872
0.12 -4.52241 -0.000155945
0.13 -4.52452 -0.000156018
0.14 -4.52668 -0.000156092
0.15 -4.52896 -0.000156171
0.16 -4.5313 -0.000156252
0.17 -4.53359 -0.000156331
0.18 -4.53572 -0.000156404
0.19 -4.53771 -0.000156473
0.2 -4.53967 -0.00015654
0.21 -4.54161 -0.000156607
0.22 -4.54342 -0.00015667
0.23 -4.54501 -0.000156725
0.24 -4.5464 -0.000156772
0.25 -4.54775 -0.000156819
0.26 -4.54931 -0.000156873
0.27 -4.5513 -0.000156941
0.28 -4.55385 -0.000157029
0.29 -4.55704 -0.000157139
0.3 -4.5609 -0.000157272
0.31 -4.56532 -0.000157425
0.32 -4.57003 -0.000157587
0.33 -4.57462 -0.000157745
0.34 -4.57877 -0.000157889
0.35 -4.58241 -0.000158014
0.36 -4.58564 -0.000158125
0.37 -4.58853 -0.000158225
0.38 -4.59096 -0.000158309
0.39 -4.59268 -0.000158368
0.4 -4.59367 -0.000158402
0.41 -4.59418 -0.00015842
0.42 -4.59448 -0.00015843
0.43 -4.59459 -0.000158434
0.44 -4.59426 -0.000158423
0.45 -4.59325 -0.000158388
0.46 -4.59161 -0.000158331
0.47 -4.58951 -0.000158259
0.48 -4.58711 -0.000158176
0.49 -4.58451 -0.000158086
0.5 -4.58181 -0.000157993
0.51 -4.57911 -0.0001579
0.52 -4.57644 -0.000157808
0.53 -4.57372 -0.000157714
0.54 -4.57076 -0.000157613
0.55 -4.56767 -0.000157506
0.56 -4.56465 -0.000157402
0.57 -4.56167 -0.000157299
0.58 -4.55854 -0.000157191
0.59 -4.5551 -0.000157073
0.6 -4.55143 -0.000156946
0.61 -4.54776 -0.000156819
0.62 -4.54429 -0.0001567
0.63 -4.54082 -0.00015658
0.64 -4.53685 -0.000156443
0.65 -4.53223 -0.000156284
0.66 -4.52733 -0.000156115
0.67 -4.52264 -0.000155953
0.68 -4.51822 -0.000155801
0.69 -4.51368 -0.000155644
0.7 -4.50869 -0.000155472
0.71 -4.50345 -0.000155291
0.72 -4.4987 -0.000155128
0.73 -4.49512 -0.000155004
0.74 -4.49264 -0.000154919
0.75 -4.49045 -0.000154843
0.76 -4.48801 -0.000154759
0.77 -4.48539 -0.000154669
0.78 -4.48277 -0.000154578
0.79 -4.48007 -0.000154485
0.8 -4.47724 -0.000154388
0.81 -4.47454 -0.000154294
0.82 -4.47269 -0.000154231
0.83 -4.4723 -0.000154217
0.84 -4.47321 -0.000154249
0.85 -4.47464 -0.000154298
0.86 -4.47563 -0.000154332
0.87 -4.47549 -0.000154327
0.88 -4.4741 -0.000154279
0.89 -4.47178 -0.000154199
0.9 -4.46898 -0.000154103
0.91 -4.46598 -0.000153999
0.92 -4.46254 -0.000153881
0.93 -4.45811 -0.000153728
0.94 -4.45266 -0.00015354
0.95 -4.44756 -0.000153364
0.96 -4.44477 -0.000153268
0.97 -4.44501 -0.000153276
0.98 -4.44739 -0.000153358
0.99 -4.45073 -0.000153473
1 -4.45461 -0.000153607
1.01 -4.45975 -0.000153784
1.02 -4.46695 -0.000154033
1.03 -4.47503 -0.000154312
1.04 -4.48099 -0.000154517
1.05 -4.48307 -0.000154589
1.06 -4.4824 -0.000154566
1.07 -4.48121 -0.000154524
1.08 -4.48072 -0.000154507
1.09 -4.48079 -0.00015451
1.1 -4.48076 -0.000154509
1.11 -4.47989 -0.000154479
1.12 -4.47726 -0.000154388
1.13 -4.47272 -0.000154232
1.14 -4.46803 -0.00015407
1.15 -4.46551 -0.000153983
1.16 -4.46556 -0.000153985
1.17 -4.46649 -0.000154017
1.18 -4.46587 -0.000153995
1.19 -4.46282 -0.000153891
1.2 -4.45926 -0.000153768
1.21 -4.45811 -0.000153728
1.22 -4.4612 -0.000153834
1.23 -4.46871 -0.000154093
1.24 -4.47937 -0.000154461
1.25 -4.49087 -0.000154858
1.26 -4.50098 -0.000155206
1.27 -4.50835 -0.00015546
1.28 -4.51239 -0.0001556
1.29 -4.51323 -0.000155629
1.3 -4.51136 -0.000155564
1.31 -4.50693 -0.000155411
1.32 -4.50057 -0.000155192
1.33 -4.49446 -0.000154981
1.34 -4.49044 -0.000154843
1.35 -4.48731 -0.000154735
1.36 -4.48192 -0.000154549
1.37 -4.473 -0.000154241
1.38 -4.46282 -0.00015389
1.39 -4.45545 -0.000153636
1.4 -4.45365 -0.000153574
1.41 -4.45606 -0.000153657
1.42 -4.45732 -0.000153701
1.43 -4.45278 -0.000153544
1.44 -4.44345 -0.000153223
1.45 -4.43572 -0.000152956
1.46 -4.43594 -0.000152963
1.47 -4.44464 -0.000153263
1.48 -4.4565 -0.000153672
1.49 -4.46669 -0.000154024
1.5 -4.47455 -0.000154295
1.51 -4.48016 -0.000154488
1.52 -4.48089 -0.000154513
1.53 -4.47359 -0.000154262
1.54 -4.45848 -0.000153741
1.55 -4.43928 -0.000153078
1.56 -4.41996 -0.000152412
1.57 -4.40298 -0.000151827
1.58 -4.39026 -0.000151388
1.59 -4.38394 -0.00015117
1.6 -4.38526 -0.000151216
1.61 -4.39171 -0.000151438
1.62 -4.39693 -0.000151618
1.63 -4.39658 -0.000151606
1.64 -4.39231 -0.000151459
1.65 -4.38809 -0.000151313
1.66 -4.3851 -0.00015121
1.67 -4.38145 -0.000151085
1.68 -4.37582 -0.00015089
1.69 -4.37068 -0.000150713
1.7 -4.37025 -0.000150698
1.71 -4.37519 -0.000150869
1.72 -4.3823 -0.000151114
1.73 -4.38938 -0.000151358
1.74 -4.39755 -0.00015164
1.75 -4.40893 -0.000152032
1.76 -4.42412 -0.000152556
1.77 -4.44249 -0.000153189
1.78 -4.46283 -0.000153891
1.79 -4.48229 -0.000154562
1.8 -4.49768 -0.000155092
1.81 -4.50932 -0.000155494
1.82 -4.52045 -0.000155878
1.83 -4.53288 -0.000156306
1.84 -4.54487 -0.00015672
1.85 -4.55294 -0.000156998
1.86 -4.55574 -0.000157094
1.87 -4.55458 -0.000157054
1.88 -4.54925 -0.000156871
1.89 -4.53762 -0.00015647
1.9 -4.52112 -0.000155901
1.91 -4.50567 -0.000155368
1.92 -4.49666 -0.000155057
1.93 -4.49708 -0.000155072
1.94 -4.50916 -0.000155488
1.95 -4.53347 -0.000156326
1.96 -4.56683 -0.000157477
1.97 -4.60296 -0.000158723
1.98 -4.63623 -0.00015987
1.99 -4.66509 -0.000160865
2 -4.69104 -0.00016176
2.01 -4.71482 -0.00016258
2.02 -4.73386 -0.000163237
2.03 -4.74437 -0.000163599
2.04 -4.74557 -0.00016364
2.05 -4.73917 -0.00016342
2.06 -4.7264 -0.000162979
2.07 -4.70884 -0.000162374
2.08 -4.6899 -0.000161721
2.09 -4.67324 -0.000161146
2.1 -4.6612 -0.000160731
2.11 -4.6543 -0.000160493
2.12 -4.6518 -0.000160407
2.13 -4.65259 -0.000160434
2.14 -4.65471 -0.000160507
2.15 -4.65507 -0.00016052
2.16 -4.65083 -0.000160374
2.17 -4.64313 -0.000160108
2.18 -4.63983 -0.000159994
2.19 -4.64966 -0.000160333
2.2 -4.67191 -0.0001611
2.21 -4.69683 -0.00016196
2.22 -4.71485 -0.000162581
2.23 -4.72255 -0.000162847
2.24 -4.72212 -0.000162832
2.25 -4.71821 -0.000162697
2.26 -4.716 -0.000162621
2.27 -4.71897 -0.000162723
2.28 -4.72573 -0.000162956
2.29 -4.732 -0.000163172
2.3 -4.73543 -0.000163291
2.31 -4.73553 -0.000163294
2.32 -4.73133 -0.000163149
2.33 -4.7222 -0.000162834
2.34 -4.70969 -0.000162403
2.35 -4.69686 -0.000161961
2.36 -4.6855 -0.000161569
2.37 -4.67546 -0.000161223
2.38 -4.66493 -0.00016086
2.39 -4.64961 -0.000160331
2.4 -4.62437 -0.000159461
2.41 -4.58651 -0.000158155
2.42 -4.53693 -0.000156446
2.43 -4.48267 -0.000154575
2.44 -4.43722 -0.000153008
2.45 -4.41153 -0.000152122
2.46 -4.40446 -0.000151878
2.47 -4.40569 -0.00015192
2.48 -4.40582 -0.000151925
2.49 -4.40214 -0.000151798
2.5 -4.39714 -0.000151626
2.51 -4.39431 -0.000151528
2.52 -4.39596 -0.000151585
2.53 -4.40238 -0.000151806
2.54 -4.41068 -0.000152092
2.55 -4.41587 -0.000152271
2.56 -4.41397 -0.000152206
2.57 -4.4046 -0.000151883
2.58 -4.39104 -0.000151415
2.59 -4.37726 -0.00015094
2.6 -4.36497 -0.000150516
2.61 -4.35381 -0.000150131
2.62 -4.34304 -0.00014976
2.63 -4.33115 -0.00014935
2.64 -4.31561 -0.000148814
2.65 -4.29552 -0.000148121
2.66 -4.27344 -0.00014736
2.67 -4.2551 -0.000146728
2.68 -4.24732 -0.000146459
2.69 -4.25393 -0.000146687
2.7 -4.27397 -0.000147378
2.71 -4.30235 -0.000148357
2.72 -4.33123 -0.000149353
2.73 -4.35441 -0.000150152
2.74 -4.37391 -0.000150824
2.75 -4.39963 -0.000151711
2.76 -4.43849 -0.000153051
2.77 -4.48854 -0.000154777
2.78 -4.54575 -0.00015675
2.79 -4.60799 -0.000158896
2.8 -4.66979 -0.000161027
2.81 -4.72204 -0.000162829
2.82 -4.7586 -0.00016409
2.83 -4.7798 -0.000164821
2.84 -4.79117 -0.000165213
2.85 -4.79844 -0.000165464
2.86 -4.80455 -0.000165674
2.87 -4.81165 -0.000165919
2.88 -4.8201 -0.00016621
2.89 -4.82568 -0.000166403
2.9 -4.82349 -0.000166327
2.91 -4.81386 -0.000165995
2.92 -4.80232 -0.000165597
2.93 -4.79433 -0.000165322
2.94 -4.79067 -0.000165195
2.95 -4.78869 -0.000165127
2.96 -4.78698 -0.000165068
2.97 -4.78665 -0.000165057
2.98 -4.78869 -0.000165127
2.99 -4.79222 -0.000165249
3 -4.79487 -0.00016534
3.01 -4.79424 -0.000165318
3.02 -4.78883 -0.000165132
3.03 -4.77698 -0.000164723
3.04 -4.75755 -0.000164053
3.05 -4.73319 -0.000163213
3.06 -4.70899 -0.000162379
3.07 -4.68492 -0.000161549
3.08 -4.65458 -0.000160503
3.09 -4.61388 -0.000159099
3.1 -4.56617 -0.000157454
3.11 -4.5182 -0.0001558
3.12 -4.47259 -0.000154227
3.13 -4.42505 -0.000152588
3.14 -4.37175 -0.00015075
3.15 -4.31623 -0.000148835
3.16 -4.26581 -0.000147097
3.17 -4.22649 -0.000145741
3.18 -4.19976 -0.000144819
3.19 -4.17974 -0.000144129
3.2 -4.1562 -0.000143317
3.21 -4.12312 -0.000142177
3.22 -4.08304 -0.000140794
3.23 -4.04422 -0.000139456
3.24 -4.015 -0.000138448
3.25 -4.00043 -0.000137946
3.26 -4.00298 -0.000138034
3.27 -4.0224 -0.000138704
3.28 -4.05434 -0.000139805
3.29 -4.09188 -0.000141099
3.3 -4.1279 -0.000142341
3.31 -4.15581 -0.000143304
3.32 -4.17027 -0.000143802
3.33 -4.17042 -0.000143808
3.34 -4.16303 -0.000143553
3.35 -4.15863 -0.000143401
3.36 -4.16406 -0.000143588
3.37 -4.17997 -0.000144137
3.38 -4.20178 -0.000144889
3.39 -4.22178 -0.000145579
3.4 -4.23465 -0.000146023
3.41 -4.24223 -0.000146284
3.42 -4.25059 -0.000146572
3.43 -4.26362 -0.000147021
3.44 -4.28103 -0.000147622
3.45 -4.30068 -0.000148299
3.46 -4.32283 -0.000149063
3.47 -4.35189 -0.000150065
3.48 -4.39286 -0.000151478
3.49 -4.44675 -0.000153336
3.5 -4.51039 -0.000155531
3.51 -4.5782 -0.000157869
3.52 -4.64205 -0.000160071
3.53 -4.69294 -0.000161826
3.54 -4.72615 -0.000162971
3.55 -4.74472 -0.000163611
3.56 -4.75823 -0.000164077
3.57 -4.77656 -0.000164709
3.58 -4.80332 -0.000165632
3.59 -4.83381 -0.000166683
3.6 -4.85821 -0.000167525
3.61 -4.86879 -0.000167889
3.62 -4.86603 -0.000167794
3.63 -4.8574 -0.000167496
3.64 -4.849 -0.000167207
3.65 -4.84005 -0.000166898
3.66 -4.82654 -0.000166432
3.67 -4.80693 -0.000165756
3.68 -4.78289 -0.000164927
3.69 -4.75976 -0.00016413
3.7 -4.74689 -0.000163686
3.71 -4.75302 -0.000163897
3.72 -4.78075 -0.000164853
3.73 -4.82548 -0.000166396
3.74 -4.87754 -0.000168191
3.75 -4.92723 -0.000169904
3.76 -4.96963 -0.000171366
3.77 -5.00284 -0.000172512
3.78 -5.02458 -0.000173261
3.79 -5.03403 -0.000173587
3.8 -5.03354 -0.00017357
3.81 -5.02562 -0.000173297
3.82 -5.00966 -0.000172747
3.83 -4.98167 -0.000171782
3.84 -4.94098 -0.000170379
3.85 -4.89711 -0.000168866
3.86 -4.86085 -0.000167616
3.87 -4.83151 -0.000166604
3.88 -4.80056 -0.000165536
3.89 -4.76322 -0.000164249
3.9 -4.72341 -0.000162876
3.91 -4.68956 -0.000161709
3.92 -4.66684 -0.000160925
3.93 -4.65334 -0.00016046
3.94 -4.64279 -0.000160096
3.95 -4.6287 -0.00015961
3.96 -4.6068 -0.000158855
3.97 -4.57678 -0.00015782
3.98 -4.54088 -0.000156582
3.99 -4.50014 -0.000155177
4 -4.45546 -0.000153636
4.01 -4.41007 -0.000152071
4.02 -4.36802 -0.000150621
4.03 -4.33326 -0.000149423
4.04 -4.3097 -0.00014861
4.05 -4.29878 -0.000148234
4.06 -4.29648 -0.000148154
4.07 -4.2946 -0.00014809
4.08 -4.28626 -0.000147802
4.09 -4.26728 -0.000147148
4.1 -4.23432 -0.000146011
4.11 -4.18667 -0.000144368
4.12 -4.12784 -0.000142339
4.13 -4.06284 -0.000140098
4.14 -3.99766 -0.00013785
4.15 -3.94119 -0.000135903
4.16 -3.90282 -0.00013458
4.17 -3.88819 -0.000134075
4.18 -3.89599 -0.000134344
4.19 -3.91654 -0.000135053
4.2 -3.93654 -0.000135743
4.21 -3.94763 -0.000136125
4.22 -3.94962 -0.000136194
4.23 -3.94832 -0.000136149
4.24 -3.95132 -0.000136252
4.25 -3.96201 -0.000136621
4.26 -3.97883 -0.000137201
4.27 -4.00087 -0.000137961
4.28 -4.02842 -0.000138911
4.29 -4.05924 -0.000139974
4.3 -4.09137 -0.000141082
4.31 -4.12684 -0.000142305
4.32 -4.16784 -0.000143719
4.33 -4.21205 -0.000145243
4.34 -4.25288 -0.000146651
4.35 -4.28229 -0.000147665
4.36 -4.29647 -0.000148154
4.37 -4.30099 -0.00014831
4.38 -4.30717 -0.000148523
4.39 -4.32365 -0.000149091
4.4 -4.35196 -0.000150068
4.41 -4.38767 -0.000151299
4.42 -4.42489 -0.000152582
4.43 -4.45903 -0.00015376
4.44 -4.48503 -0.000154656
4.45 -4.49785 -0.000155098
4.46 -4.49904 -0.000155139
4.47 -4.49857 -0.000155123
4.48 -4.50613 -0.000155384
4.49 -4.52209 -0.000155934
4.5 -4.53922 -0.000156525
4.51 -4.54998 -0.000156896
4.52 -4.55065 -0.000156919
4.53 -4.54231 -0.000156632
4.54 -4.52829 -0.000156148
4.55 -4.51172 -0.000155577
4.56 -4.49799 -0.000155103
4.57 -4.49423 -0.000154973
4.58 -4.50169 -0.000155231
4.59 -4.5123 -0.000155597
4.6 -4.51475 -0.000155681
4.61 -4.50337 -0.000155289
4.62 -4.48106 -0.000154519
4.63 -4.45417 -0.000153592
4.64 -4.42679 -0.000152648
4.65 -4.40195 -0.000151791
4.66 -4.3865 -0.000151259
4.67 -4.38857 -0.00015133
4.68 -4.40901 -0.000152035
4.69 -4.43913 -0.000153073
4.7 -4.46608 -0.000154003
4.71 -4.47935 -0.00015446
4.72 -4.47657 -0.000154365
4.73 -4.46604 -0.000154001
4.74 -4.45864 -0.000153746
4.75 -4.4577 -0.000153714
4.76 -4.45829 -0.000153734
4.77 -4.45219 -0.000153524
4.78 -4.43514 -0.000152936
4.79 -4.4129 -0.000152169
4.8 -4.3966 -0.000151607
4.81 -4.39437 -0.00015153
4.82 -4.41028 -0.000152079
4.83 -4.44136 -0.00015315
4.84 -4.47096 -0.000154171
4.85 -4.47899 -0.000154448
4.86 -4.46544 -0.000153981
4.87 -4.45312 -0.000153556
4.88 -4.46371 -0.000153921
4.89 -4.49809 -0.000155107
4.9 -4.54004 -0.000156553
4.91 -4.57526 -0.000157768
4.92 -4.60391 -0.000158755
4.93 -4.63495 -0.000159826
4.94 -4.67531 -0.000161218
4.95 -4.72647 -0.000162982
4.96 -4.78293 -0.000164929
4.97 -4.83143 -0.000166601
4.98 -4.85961 -0.000167573
4.99 -4.86902 -0.000167897
5 -4.87365 -0.000168057
5.01 -4.88345 -0.000168395
5.02 -4.8945 -0.000168776
5.03 -4.89538 -0.000168806
5.04 -4.87924 -0.00016825
5.05 -4.85152 -0.000167294
5.06 -4.82902 -0.000166518
5.07 -4.82934 -0.000166529
5.08 -4.85732 -0.000167494
5.09 -4.90447 -0.00016912
5.1 -4.96061 -0.000171055
5.11 -5.01898 -0.000173068
5.12 -5.07433 -0.000174977
5.13 -5.12646 -0.000176775
5.14 -5.18287 -0.00017872
5.15 -5.24962 -0.000181021
5.16 -5.32368 -0.000183575
5.17 -5.39969 -0.000186196
5.18 -5.4766 -0.000188848
5.19 -5.55423 -0.000191525
5.2 -5.62679 -0.000194027
5.21 -5.68122 -0.000195904
5.22 -5.70302 -0.000196656
5.23 -5.68234 -0.000195943
5.24 -5.61799 -0.000193724
5.25 -5.51941 -0.000190324
5.26 -5.40041 -0.000186221
5.27 -5.26988 -0.00018172
5.28 -5.13239 -0.000176979
5.29 -4.99534 -0.000172253
5.3 -4.86809 -0.000167865
5.31 -4.75573 -0.000163991
5.32 -4.65778 -0.000160613
5.33 -4.56865 -0.00015754
5.34 -4.47812 -0.000154418
5.35 -4.37346 -0.000150809
5.36 -4.2441 -0.000146348
5.37 -4.09432 -0.000141184
5.38 -3.94991 -0.000136204
5.39 -3.83696 -0.000132309
5.4 -3.757 -0.000129552
5.41 -3.69201 -0.000127311
5.42 -3.62707 -0.000125071
5.43 -3.5633 -0.000122872
5.44 -3.50905 -0.000121002
5.45 -3.45931 -0.000119287
5.46 -3.39347 -0.000117016
5.47 -3.29528 -0.00011363
5.48 -3.16552 -0.000109156
5.49 -3.01756 -0.000104054
5.5 -2.87194 -9.90323e-005
5.51 -2.75218 -9.49027e-005
5.52 -2.67355 -9.21913e-005
5.53 -2.63583 -9.08907e-005
5.54 -2.63058 -9.07095e-005
5.55 -2.65134 -9.14256e-005
5.56 -2.69784 -9.3029e-005
5.57 -2.77202 -9.55869e-005
5.58 -2.86871 -9.8921e-005
5.59 -2.975 -0.000102586
5.6 -3.08316 -0.000106316
5.61 -3.19948 -0.000110327
5.62 -3.33557 -0.00011502
5.63 -3.49379 -0.000120476
5.64 -3.66691 -0.000126445
5.65 -3.85045 -0.000132774
5.66 -4.04826 -0.000139595
5.67 -4.26405 -0.000147036
5.68 -4.48968 -0.000154817
5.69 -4.70512 -0.000162246
5.7 -4.89069 -0.000168645
5.71 -5.03801 -0.000173725
5.72 -5.14938 -0.000177565
5.73 -5.22832 -0.000180287
5.74 -5.27432 -0.000181873
5.75 -5.28813 -0.000182349
5.76 -5.2802 -0.000182076
5.77 -5.26989 -0.00018172
5.78 -5.27674 -0.000181957
5.79 -5.31618 -0.000183317
5.8 -5.39851 -0.000186156
5.81 -5.52402 -0.000190484
5.82 -5.67542 -0.000195704
5.83 -5.82065 -0.000200712
5.84 -5.93186 -0.000204547
5.85 -6.0013 -0.000206941
5.86 -6.03696 -0.000208171
5.87 -6.0512 -0.000208662
5.88 -6.05703 -0.000208863
5.89 -6.06239 -0.000209048
5.9 -6.06345 -0.000209084
5.91 -6.0498 -0.000208614
5.92 -6.01166 -0.000207298
5.93 -5.93816 -0.000204764
5.94 -5.81723 -0.000200594
5.95 -5.6438 -0.000194614
5.96 -5.42856 -0.000187192
5.97 -5.19293 -0.000179067
5.98 -4.9549 -0.000170859
5.99 -4.72615 -0.000162971
6 -4.52165 -0.000155919
6.01 -4.36306 -0.00015045
6.02 -4.26521 -0.000147076
6.03 -4.22306 -0.000145623
6.04 -4.21744 -0.000145429
6.05 -4.23119 -0.000145903
6.06 -4.25954 -0.000146881
6.07 -4.30099 -0.00014831
6.08 -4.34979 -0.000149993
6.09 -4.40069 -0.000151748
6.1 -4.45334 -0.000153563
6.11 -4.50544 -0.00015536
6.12 -4.54584 -0.000156753
6.13 -4.55755 -0.000157157
6.14 -4.52066 -0.000155885
6.15 -4.41202 -0.000152139
6.16 -4.21364 -0.000145298
6.17 -3.92569 -0.000135369
6.18 -3.56777 -0.000123027
6.19 -3.17013 -0.000109315
6.2 -2.76276 -9.52675e-005
6.21 -2.36486 -8.15468e-005
6.22 -1.98199 -6.83446e-005
6.23 -1.61542 -5.57041e-005
6.24 -1.27419 -4.39375e-005
6.25 -0.976935 -3.36874e-005
6.26 -0.752567 -2.59506e-005
6.27 -0.631491 -2.17755e-005
6.28 -0.632758 -2.18192e-005
6.29 -0.746395 -2.57378e-005
6.3 -0.927974 -3.19991e-005
6.31 -1.12968 -3.89544e-005
6.32 -1.33996 -4.62055e-005
6.33 -1.5906 -5.48482e-005
6.34 -1.92869 -6.65065e-005
6.35 -2.3763 -8.19415e-005
6.36 -2.90671 -0.000100231
6.37 -3.44792 -0.000118894
6.38 -3.91168 -0.000134885
6.39 -4.2421 -0.000146279
6.4 -4.4434 -0.000153221
6.41 -4.54869 -0.000156851
6.42 -4.57338 -0.000157703
6.43 -4.50948 -0.000155499
6.44 -4.34596 -0.000149861
6.45 -4.0818 -0.000140752
6.46 -3.73349 -0.000128741
6.47 -3.33798 -0.000115103
6.48 -2.94838 -0.000101668
6.49 -2.61782 -9.02696e-005
6.5 -2.38505 -8.22431e-005
6.51 -2.27837 -7.85644e-005
6.52 -2.32588 -8.02029e-005
6.53 -2.5554 -8.81173e-005
6.54 -2.9849 -0.000102928
6.55 -3.60509 -0.000124314
6.56 -4.37323 -0.000150801
6.57 -5.23065 -0.000180367
6.58 -6.12511 -0.000211211
6.59 -7.0207 -0.000242093
6.6 -7.89034 -0.000272081
6.61 -8.71521 -0.000300524
6.62 -9.46459 -0.000326365
6.63 -10.1071 -0.000348522
6.64 -10.6095 -0.000365845
6.65 -10.9323 -0.000376977
6.66 -11.0543 -0.000381183
6.67 -10.972 -0.000378343
6.68 -10.6955 -0.00036881
6.69 -10.2376 -0.00035302
6.7 -9.61172 -0.000331439
6.71 -8.83792 -0.000304756
6.72 -7.95494 -0.000274308
6.73 -7.02581 -0.000242269
6.74 -6.12891 -0.000211342
6.75 -5.34586 -0.00018434
6.76 -4.74324 -0.00016356
6.77 -4.34999 -0.00015
6.78 -4.16207 -0.00014352
6.79 -4.16515 -0.000143626
6.8 -4.3482 -0.000149938
6.81 -4.69738 -0.000161978
6.82 -5.18397 -0.000178758
6.83 -5.77045 -0.000198981
6.84 -6.42496 -0.00022155
6.85 -7.12069 -0.000245541
6.86 -7.81795 -0.000269585
6.87 -8.45866 -0.000291678
6.88 -8.97569 -0.000309507
6.89 -9.32094 -0.000321412
6.9 -9.4608 -0.000326234
6.91 -9.37344 -0.000323222
6.92 -9.05297 -0.000312171
6.93 -8.52683 -0.000294029
6.94 -7.8557 -0.000270886
6.95 -7.10312 -0.000244935
6.96 -6.30908 -0.000217555
6.97 -5.49488 -0.000189479
6.98 -4.68909 -0.000161693
6.99 -3.93983 -0.000135856
7 -3.29578 -0.000113647
7.01 -2.77763 -9.57805e-005
7.02 -2.3826 -8.21585e-005
7.03 -2.11253 -7.28459e-005
7.04 -1.98411 -6.84175e-005
7.05 -2.01708 -6.95546e-005
7.06 -2.21048 -7.62235e-005
7.07 -2.52638 -8.71166e-005
7.08 -2.90438 -0.000100151
7.09 -3.28961 -0.000113435
7.1 -3.65011 -0.000125866
7.11 -3.97761 -0.000137159
7.12 -4.27569 -0.000147438
7.13 -4.54797 -0.000156826
7.14 -4.79379 -0.000165303
7.15 -5.00362 -0.000172539
7.16 -5.15944 -0.000177912
7.17 -5.2398 -0.000180683
7.18 -5.22028 -0.00018001
7.19 -5.07751 -0.000175087
7.2 -4.8079 -0.00016579
7.21 -4.42759 -0.000152675
7.22 -3.95743 -0.000136463
7.23 -3.41311 -0.000117693
7.24 -2.81178 -9.69579e-005
7.25 -2.17937 -7.51508e-005
7.26 -1.54219 -5.31791e-005
7.27 -0.935627 -3.2263e-005
7.28 -0.402933 -1.38943e-005
7.29 0.0180611 6.22796e-007
7.3 0.285321 9.83866e-006
7.31 0.384496 1.32585e-005
7.32 0.319213 1.10073e-005
7.33 0.0943617 3.25385e-006
7.34 -0.303892 -1.0479e-005
7.35 -0.892005 -3.07588e-005
7.36 -1.65477 -5.70609e-005
7.37 -2.53411 -8.73832e-005
7.38 -3.45686 -0.000119202
7.39 -4.37053 -0.000150708
7.4 -5.24504 -0.000180863
7.41 -6.05493 -0.000208791
7.42 -6.76674 -0.000233336
7.43 -7.34814 -0.000253384
7.44 -7.79692 -0.000268859
7.45 -8.14601 -0.000280897
7.46 -8.42264 -0.000290436
7.47 -8.62536 -0.000297426
7.48 -8.71748 -0.000300603
7.49 -8.65532 -0.000298459
7.5 -8.43666 -0.000290919
7.51 -8.10891 -0.000279618
7.52 -7.73315 -0.00026666
7.53 -7.35181 -0.000253511
7.54 -6.9861 -0.0002409
7.55 -6.66683 -0.000229891
7.56 -6.44023 -0.000222077
7.57 -6.36571 -0.000219507
7.58 -6.46479 -0.000222924
7.59 -6.70211 -0.000231107
7.6 -7.01498 -0.000241896
7.61 -7.36491 -0.000253963
7.62 -7.75091 -0.000267273
7.63 -8.18067 -0.000282092
7.64 -8.63333 -0.000297701
7.65 -9.05244 -0.000312153
7.66 -9.37697 -0.000323344
7.67 -9.56208 -0.000329727
7.68 -9.60497 -0.000331206
7.69 -9.53895 -0.000328929
7.7 -9.39637 -0.000324013
7.71 -9.17437 -0.000316358
7.72 -8.84201 -0.000304897
7.73 -8.37295 -0.000288723
7.74 -7.76131 -0.000267632
7.75 -7.01306 -0.00024183
7.76 -6.13513 -0.000211556
7.77 -5.14509 -0.000177417
7.78 -4.09201 -0.000141104
7.79 -3.05846 -0.000105464
7.8 -2.12694 -7.33429e-005
7.81 -1.34757 -4.64679e-005
7.82 -0.746713 -2.57487e-005
7.83 -0.285651 -9.85002e-006
7.84 0.0818873 2.8237e-006
7.85 0.389595 1.34343e-005
7.86 0.63061 2.17452e-005
7.87 0.80172 2.76455e-005
7.88 0.883493 3.04653e-005
7.89 0.855991 2.95169e-005
7.9 0.709139 2.44531e-005
7.91 0.454376 1.56681e-005
7.92 0.123072 4.24386e-006
7.93 -0.243996 -8.41366e-006
7.94 -0.610426 -2.10492e-005
7.95 -0.961702 -3.31621e-005
7.96 -1.30522 -4.50077e-005
7.97 -1.66442 -5.73938e-005
7.98 -2.04125 -7.03878e-005
7.99 -2.40779 -8.30271e-005
8 -2.7127 -9.35413e-005
8.01 -2.90764 -0.000100263
8.02 -2.98054 -0.000102777
8.03 -2.95806 -0.000102002
8.04 -2.87654 -9.91909e-005
8.05 -2.75902 -9.51388e-005
8.06 -2.62119 -9.0386e-005
8.07 -2.49018 -8.58683e-005
8.08 -2.3995 -8.27413e-005
8.09 -2.36106 -8.14159e-005
8.1 -2.35771 -8.13002e-005
8.11 -2.37351 -8.18452e-005
8.12 -2.42081 -8.34763e-005
8.13 -2.53516 -8.74195e-005
8.14 -2.75158 -9.48822e-005
8.15 -3.08347 -0.000106326
8.16 -3.51737 -0.000121289
8.17 -4.02815 -0.000138902
8.18 -4.59689 -0.000158513
8.19 -5.21182 -0.000179718
8.2 -5.86176 -0.00020213
8.21 -6.53361 -0.000225297
8.22 -7.20452 -0.000248432
8.23 -7.84398 -0.000270482
8.24 -8.40128 -0.000289699
8.25 -8.8291 -0.000304452
8.26 -9.09696 -0.000313688
8.27 -9.18621 -0.000316766
8.28 -9.11287 -0.000314237
8.29 -8.90599 -0.000307103
8.3 -8.5984 -0.000296496
8.31 -8.22345 -0.000283567
8.32 -7.81179 -0.000269372
8.33 -7.38263 -0.000254573
8.34 -6.94625 -0.000239526
8.35 -6.51474 -0.000224646
8.36 -6.10868 -0.000210644
8.37 -5.75364 -0.000198401
8.38 -5.46956 -0.000188606
8.39 -5.26169 -0.000181438
8.4 -5.12619 -0.000176765
8.41 -5.06964 -0.000174815
8.42 -5.10332 -0.000175976
8.43 -5.23752 -0.000180604
8.44 -5.46331 -0.00018839
8.45 -5.75462 -0.000198435
8.46 -6.08131 -0.0002097
8.47 -6.4007 -0.000220714
8.48 -6.68145 -0.000230395
8.49 -6.91262 -0.000238366
8.5 -7.10248 -0.000244913
8.51 -7.25351 -0.000250121
8.52 -7.34331 -0.000253218
8.53 -7.34365 -0.000253229
8.54 -7.22819 -0.000249248
8.55 -6.98906 -0.000241002
8.56 -6.6461 -0.000229176
8.57 -6.23977 -0.000215164
8.58 -5.80504 -0.000200174
8.59 -5.35999 -0.000184827
8.6 -4.91719 -0.000169558
8.61 -4.49369 -0.000154955
8.62 -4.11113 -0.000141763
8.63 -3.78276 -0.00013044
8.64 -3.51753 -0.000121294
8.65 -3.31931 -0.000114459
8.66 -3.19757 -0.000110261
8.67 -3.16167 -0.000109023
8.68 -3.21157 -0.000110744
8.69 -3.3368 -0.000115062
8.7 -3.52833 -0.000121667
8.71 -3.78584 -0.000130546
8.72 -4.10603 -0.000141587
8.73 -4.46705 -0.000154036
8.74 -4.83202 -0.000166621
8.75 -5.16432 -0.00017808
8.76 -5.44082 -0.000187614
8.77 -5.64926 -0.000194802
8.78 -5.77593 -0.00019917
8.79 -5.80351 -0.000200121
8.8 -5.72141 -0.00019729
8.81 -5.53194 -0.000190757
8.82 -5.24785 -0.00018096
8.83 -4.9039 -0.0001691
8.84 -4.55769 -0.000157162
8.85 -4.26077 -0.000146923
8.86 -4.05715 -0.000139902
8.87 -3.99796 -0.000137861
8.88 -4.08924 -0.000141008
8.89 -4.29398 -0.000148068
8.9 -4.5718 -0.000157648
8.91 -4.89277 -0.000168716
8.92 -5.24244 -0.000180774
8.93 -5.61148 -0.000193499
8.94 -5.9831 -0.000206314
8.95 -6.33543 -0.000218463
8.96 -6.63851 -0.000228914
8.97 -6.88371 -0.000237369
8.98 -7.06831 -0.000243735
8.99 -7.19586 -0.000248133
9 -7.2881 -0.000251314
9.01 -7.36295 -0.000253895
9.02 -7.42526 -0.000256043
9.03 -7.45072 -0.000256922
9.04 -7.4057 -0.000255369
9.05 -7.26575 -0.000250543
9.06 -6.99943 -0.00024136
9.07 -6.60725 -0.000227836
9.08 -6.10193 -0.000210411
9.09 -5.51729 -0.000190251
9.1 -4.89473 -0.000168784
9.11 -4.30197 -0.000148344
9.12 -3.79745 -0.000130947
9.13 -3.42246 -0.000118016
9.14 -3.189 -0.000109966
9.15 -3.07032 -0.000105873
9.16 -3.02505 -0.000104312
9.17 -3.03118 -0.000104524
9.18 -3.09686 -0.000106788
9.19 -3.24098 -0.000111758
9.2 -3.45633 -0.000119184
9.21 -3.69826 -0.000127526
9.22 -3.90895 -0.000134791
9.23 -4.05311 -0.000139762
9.24 -4.16292 -0.000143549
9.25 -4.2894 -0.00014791
9.26 -4.45732 -0.000153701
9.27 -4.65535 -0.000160529
9.28 -4.85324 -0.000167353
9.29 -4.9892 -0.000172041
9.3 -4.99244 -0.000172153
9.31 -4.823 -0.00016631
9.32 -4.4669 -0.000154031
9.33 -3.94489 -0.000136031
9.34 -3.30844 -0.000114084
9.35 -2.63912 -9.1004e-005
9.36 -2.02384 -6.97875e-005
9.37 -1.53652 -5.29835e-005
9.38 -1.2391 -4.27274e-005
9.39 -1.16818 -4.02821e-005
9.4 -1.32573 -4.57147e-005
9.41 -1.68094 -5.79635e-005
9.42 -2.18836 -7.54607e-005
9.43 -2.80585 -9.67536e-005
9.44 -3.50148 -0.000120741
9.45 -4.25111 -0.00014659
9.46 -5.03085 -0.000173478
9.47 -5.80166 -0.000200057
9.48 -6.53016 -0.000225178
9.49 -7.19646 -0.000248154
9.5 -7.79798 -0.000268896
9.51 -8.3498 -0.000287924
9.52 -8.86738 -0.000305772
9.53 -9.33068 -0.000321748
9.54 -9.67673 -0.00033368
9.55 -9.83636 -0.000339185
9.56 -9.76298 -0.000336654
9.57 -9.45806 -0.00032614
9.58 -8.96997 -0.000309309
9.59 -8.36742 -0.000288532
9.6 -7.71518 -0.000266041
9.61 -7.07406 -0.000243933
9.62 -6.5025 -0.000224224
9.63 -6.08637 -0.000209875
9.64 -5.89099 -0.000203138
9.65 -5.90816 -0.00020373
9.66 -6.09113 -0.000210039
9.67 -6.38835 -0.000220288
9.68 -6.77027 -0.000233458
9.69 -7.2222 -0.000249041
9.7 -7.71607 -0.000266071
9.71 -8.21372 -0.000283232
9.72 -8.67935 -0.000299288
9.73 -9.10812 -0.000314073
9.74 -9.49606 -0.00032745
9.75 -9.82042 -0.000338635
9.76 -10.0681 -0.000347177
9.77 -10.251 -0.000353483
9.78 -10.3796 -0.000357916
9.79 -10.4448 -0.000360165
9.8 -10.3998 -0.000358614
9.81 -10.1829 -0.000351135
9.82 -9.7372 -0.000335765
9.83 -9.03263 -0.00031147
9.84 -8.08215 -0.000278695
9.85 -6.95554 -0.000239846
9.86 -5.72602 -0.000197449
9.87 -4.45463 -0.000153608
9.88 -3.23426 -0.000111526
9.89 -2.08812 -7.2004e-005
9.9 -1.07007 -3.68989e-005
9.91 -0.207097 -7.14127e-006
9.92 0.515319 1.77696e-005
9.93 1.11798 3.85512e-005
9.94 1.63164 5.62635e-005
9.95 2.0612 7.10759e-005
9.96 2.39996 8.27574e-005
9.97 2.62667 9.05748e-005
9.98 2.73469 9.42995e-005
9.99 2.72532 9.39765e-005
10 2.6023 8.97345e-005
