0.1 -2.4131e-006 -6.92295e-023 -9.42379e-024 -1.72213e-010 -1.72213e-010
0.2 -4.82817e-006 -2.53674e-022 5.71813e-023 -3.44753e-010 -3.44753e-010
0.3 -7.24521e-006 -3.54261e-022 2.30625e-022 -5.1762e-010 -5.1762e-010
0.4 -9.66422e-006 -8.74446e-022 6.39779e-022 -6.90816e-010 -6.90816e-010
0.5 -1.20852e-005 -1.30788e-021 1.21419e-021 -8.64341e-010 -8.64341e-010
0.6 -1.45082e-005 -1.81875e-021 1.88064e-021 -1.0382e-009 -1.0382e-009
0.7 -1.69331e-005 -2.64925e-021 2.80614e-021 -1.21239e-009 -1.21239e-009
0.8 -1.93601e-005 -3.37824e-021 3.53289e-021 -1.38691e-009 -1.38691e-009
0.9 -2.1789e-005 -4.13024e-021 3.81294e-021 -1.56176e-009 -1.56176e-009
1 -2.422e-005 -4.5809e-021 4.73873e-021 -1.73695e-009 -1.73695e-009
0.01 -2.42194e-005 -4.0429e-020 6.25399e-021 -1.73579e-009 -1.73579e-009
0.02 -2.42177e-005 3.00782e-013 9.47906e-013 -1.72972e-009 -1.72972e-009
0.03 -2.42152e-005 -2.19496e-013 -2.74463e-012 -1.71564e-009 -1.71564e-009
0.04 -2.42121e-005 -9.6916e-014 3.0691e-012 -1.69607e-009 -1.69607e-009
0.05 -2.42083e-005 4.88097e-013 -2.14086e-012 -1.67733e-009 -1.67733e-009
0.06 -2.42035e-005 -2.82894e-013 7.57592e-013 -1.66359e-009 -1.66359e-009
0.07 -2.4198e-005 2.51495e-013 -2.90769e-013 -1.65495e-009 -1.65495e-009
0.08 -2.41918e-005 -1.97302e-013 4.53712e-014 -1.64998e-009 -1.64998e-009
0.09 -2.41853e-005 2.32684e-013 7.72578e-014 -1.64833e-009 -1.64833e-009
0.1 -2.41788e-005 -3.70481e-013 -2.98221e-013 -1.65065e-009 -1.65065e-009
0.11 -2.41726e-005 4.36342e-013 4.37639e-013 -1.65723e-009 -1.65723e-009
0.12 -2.41669e-005 -5.35969e-013 -6.91226e-013 -1.66729e-009 -1.66729e-009
0.13 -2.41615e-005 6.14789e-013 9.25781e-013 -1.67956e-009 -1.67956e-009
0.14 -2.41562e-005 -6.67849e-013 -1.37764e-012 -1.69291e-009 -1.69291e-009
0.15 -2.41507e-005 7.42696e-013 1.76639e-012 -1.70642e-009 -1.70642e-009
0.16 -2.41448e-005 -6.27326e-013 -2.41799e-012 -1.71907e-009 -1.71907e-009
0.17 -2.41385e-005 6.35029e-013 2.68314e-012 -1.72972e-009 -1.72972e-009
0.18 -2.41318e-005 -3.93861e-013 -3.01304e-012 -1.73725e-009 -1.73725e-009
0.19 -2.41248e-005 2.89918e-013 3.1018e-012 -1.74074e-009 -1.74074e-009
0.2 -2.41174e-005 -2.26111e-013 -3.19031e-012 -1.73969e-009 -1.73969e-009
0.21 -2.41097e-005 1.33629e-013 3.5555e-012 -1.73427e-009 -1.73427e-009
0.22 -2.41015e-005 -8.53171e-014 -3.9365e-012 -1.72564e-009 -1.72564e-009
0.23 -2.40932e-005 -1.25755e-013 4.57282e-012 -1.71609e-009 -1.71609e-009
0.24 -2.40848e-005 3.57832e-013 -5.05566e-012 -1.7086e-009 -1.7086e-009
0.25 -2.40765e-005 -5.9693e-013 5.39497e-012 -1.7059e-009 -1.7059e-009
0.26 -2.40683e-005 8.02961e-013 -5.50808e-012 -1.70948e-009 -1.70948e-009
0.27 -2.40606e-005 -9.78e-013 5.47473e-012 -1.71936e-009 -1.71936e-009
0.28 -2.40536e-005 1.15445e-012 -5.55627e-012 -1.73476e-009 -1.73476e-009
0.29 -2.40476e-005 1.72285e-012 -2.81854e-012 -1.75485e-009 -1.75485e-009
0.3 -2.40427e-005 1.72365e-012 -5.18671e-012 -1.77899e-009 -1.77899e-009
0.31 -2.40387e-005 -7.04666e-013 2.18501e-012 -1.80646e-009 -1.80646e-009
0.32 -2.40356e-005 1.70329e-013 -7.38674e-013 -1.83652e-009 -1.83652e-009
0.33 -2.40333e-005 -1.02085e-013 3.59249e-013 -1.86842e-009 -1.86842e-009
0.34 -2.40317e-005 1.54448e-012 -2.38671e-012 -1.90115e-009 -1.90115e-009
0.35 -2.40306e-005 9.18268e-013 -1.38539e-012 -1.93337e-009 -1.93337e-009
0.36 -2.40295e-005 3.28425e-013 -1.07271e-012 -1.96398e-009 -1.96398e-009
0.37 -2.40282e-005 6.34031e-013 -1.27627e-012 -1.99301e-009 -1.99301e-009
0.38 -2.40268e-005 -9.94177e-013 1.59815e-012 -2.02168e-009 -2.02168e-009
0.39 -2.40251e-005 1.14499e-012 -2.21603e-012 -2.05199e-009 -2.05199e-009
0.4 -2.40237e-005 -1.07414e-012 2.4273e-012 -2.08581e-009 -2.08581e-009
0.41 -2.40224e-005 1.16971e-012 -2.48686e-012 -2.12421e-009 -2.12421e-009
0.42 -2.40212e-005 -1.21324e-012 2.56656e-012 -2.16735e-009 -2.16735e-009
0.43 -2.40202e-005 1.1618e-012 -2.84443e-012 -2.21486e-009 -2.21486e-009
0.44 -2.40196e-005 1.35348e-012 -1.2194e-012 -2.26609e-009 -2.26609e-009
0.45 -2.40198e-005 1.26863e-012 -2.63375e-012 -2.32027e-009 -2.32027e-009
0.46 -2.4021e-005 5.89604e-015 4.69165e-012 -2.37654e-009 -2.37654e-009
0.47 -2.40232e-005 5.74653e-013 1.61499e-012 -2.43423e-009 -2.43423e-009
0.48 -2.40265e-005 -2.92777e-013 -6.4576e-013 -2.49325e-009 -2.49325e-009
0.49 -2.40308e-005 1.02558e-013 2.90376e-013 -2.55362e-009 -2.55362e-009
0.5 -2.40361e-005 -6.21614e-014 -7.54871e-014 -2.61505e-009 -2.61505e-009
0.51 -2.40429e-005 1.55082e-014 6.70823e-014 -2.67694e-009 -2.67694e-009
0.52 -2.40512e-005 -1.20071e-014 1.94497e-015 -2.73856e-009 -2.73856e-009
0.53 -2.40615e-005 -1.09266e-014 2.6245e-014 -2.79897e-009 -2.79897e-009
0.54 -2.40744e-005 -1.33024e-013 1.66327e-014 -2.85725e-009 -2.85725e-009
0.55 -2.40906e-005 1.84286e-013 1.14937e-014 -2.9135e-009 -2.9135e-009
0.56 -2.41099e-005 4.72461e-014 1.20088e-014 -2.96897e-009 -2.96897e-009
0.57 -2.41314e-005 -2.27462e-013 -3.36033e-014 -3.02428e-009 -3.02428e-009
0.58 -2.41538e-005 1.24762e-013 9.19244e-015 -3.07721e-009 -3.07721e-009
0.59 -2.41759e-005 1.14556e-012 -2.6614e-012 -3.12341e-009 -3.12341e-009
0.6 -2.41973e-005 9.39059e-013 -1.51907e-012 -3.15998e-009 -3.15998e-009
0.61 -2.42177e-005 1.71603e-012 -1.31614e-012 -3.18762e-009 -3.18762e-009
0.62 -2.42363e-005 1.38524e-012 -1.41277e-012 -3.20887e-009 -3.20887e-009
0.63 -2.42538e-005 -4.28998e-013 4.11165e-012 -3.22548e-009 -3.22548e-009
0.64 -2.42711e-005 3.11148e-013 1.79666e-012 -3.23878e-009 -3.23878e-009
0.65 -2.42893e-005 1.18283e-012 -2.38526e-012 -3.25106e-009 -3.25106e-009
0.66 -2.43079e-005 8.17375e-013 -6.35027e-013 -3.26421e-009 -3.26421e-009
0.67 -2.43261e-005 4.90028e-013 -2.67864e-012 -3.2779e-009 -3.2779e-009
0.68 -2.4344e-005 -1.50614e-012 3.31185e-012 -3.29098e-009 -3.29098e-009
0.69 -2.43616e-005 1.47114e-013 -2.14186e-012 -3.30409e-009 -3.30409e-009
0.7 -2.43787e-005 -5.44169e-013 7.10159e-013 -3.31952e-009 -3.31952e-009
0.71 -2.43953e-005 7.1924e-013 -2.24346e-012 -3.33932e-009 -3.33932e-009
0.72 -2.44103e-005 -1.99931e-012 5.76958e-012 -3.36423e-009 -3.36423e-009
0.73 -2.44223e-005 2.30279e-012 -3.2528e-012 -3.3936e-009 -3.3936e-009
0.74 -2.443e-005 -7.76308e-013 3.4784e-012 -3.42519e-009 -3.42519e-009
0.75 -2.4433e-005 -1.07514e-013 4.29135e-013 -3.45495e-009 -3.45495e-009
0.76 -2.44315e-005 -4.75202e-013 3.2458e-013 -3.47758e-009 -3.47758e-009
0.77 -2.44264e-005 3.22648e-013 1.4991e-014 -3.48864e-009 -3.48864e-009
0.78 -2.44192e-005 -5.92389e-014 2.74007e-014 -3.48688e-009 -3.48688e-009
0.79 -2.44122e-005 7.43247e-014 -2.30065e-015 -3.47517e-009 -3.47517e-009
0.8 -2.44068e-005 -3.97526e-014 -2.07654e-015 -3.45866e-009 -3.45866e-009
0.81 -2.44031e-005 2.80338e-013 1.34285e-013 -3.44193e-009 -3.44193e-009
0.82 -2.4401e-005 -5.01297e-013 -2.22835e-013 -3.42808e-009 -3.42808e-009
0.83 -2.43999e-005 7.21956e-013 2.21679e-013 -3.41958e-009 -3.41958e-009
0.84 -2.43992e-005 -8.32187e-013 -2.18068e-013 -3.41811e-009 -3.41811e-009
0.85 -2.43997e-005 7.96895e-013 1.84789e-013 -3.42324e-009 -3.42324e-009
0.86 -2.44028e-005 -8.1849e-013 -1.31876e-013 -3.43214e-009 -3.43214e-009
0.87 -2.44091e-005 1.37161e-012 1.80928e-013 -3.43977e-009 -3.43977e-009
0.88 -2.4418e-005 -1.71549e-012 -2.30638e-013 -3.4383e-009 -3.4383e-009
0.89 -2.44293e-005 1.76046e-012 2.92538e-013 -3.41863e-009 -3.41863e-009
0.9 -2.44442e-005 -1.42295e-012 -1.7335e-013 -3.37651e-009 -3.37651e-009
0.91 -2.44646e-005 1.45972e-012 2.10726e-014 -3.3165e-009 -3.3165e-009
0.92 -2.44906e-005 -4.00952e-012 -4.19888e-012 -3.2465e-009 -3.2465e-009
0.93 -2.45213e-005 -2.21274e-013 -1.50675e-012 -3.16749e-009 -3.16749e-009
0.94 -2.45557e-005 -7.20212e-013 -6.42282e-013 -3.07192e-009 -3.07192e-009
0.95 -2.4593e-005 -4.93044e-013 -8.6127e-013 -2.95427e-009 -2.95427e-009
0.96 -2.46318e-005 -6.05865e-012 -9.68643e-012 -2.82141e-009 -2.82141e-009
0.97 -2.46706e-005 -4.25832e-012 -5.94856e-012 -2.6905e-009 -2.6905e-009
0.98 -2.47071e-005 1.33921e-012 1.31306e-012 -2.57628e-009 -2.57628e-009
0.99 -2.47396e-005 -1.25991e-012 -1.46396e-012 -2.4822e-009 -2.4822e-009
1 -2.47684e-005 1.8685e-012 -1.22104e-011 -2.40425e-009 -2.40425e-009
1.01 -2.47928e-005 -7.49842e-014 -7.58417e-012 -2.33945e-009 -2.33945e-009
1.02 -2.48115e-005 4.76035e-012 2.11483e-013 -2.28714e-009 -2.28714e-009
1.03 -2.48258e-005 -1.32416e-012 -2.05427e-012 -2.24549e-009 -2.24549e-009
1.04 -2.48399e-005 2.42483e-012 1.14166e-012 -2.21211e-009 -2.21211e-009
1.05 -2.48575e-005 -2.47595e-015 -6.32379e-012 -2.18708e-009 -2.18708e-009
1.06 -2.48781e-005 -7.47331e-013 -8.34427e-013 -2.17181e-009 -2.17181e-009
1.07 -2.48992e-005 1.02423e-012 -7.68202e-012 -2.16581e-009 -2.16581e-009
1.08 -2.49201e-005 1.93265e-013 -5.03932e-012 -2.16881e-009 -2.16881e-009
1.09 -2.49405e-005 -5.47355e-014 2.10506e-012 -2.18554e-009 -2.18554e-009
1.1 -2.49584e-005 1.15319e-013 -8.05041e-013 -2.22279e-009 -2.22279e-009
1.11 -2.49715e-005 -1.99621e-014 2.89228e-013 -2.27954e-009 -2.27954e-009
1.12 -2.49806e-005 -1.30016e-014 4.84061e-014 -2.34547e-009 -2.34547e-009
1.13 -2.49898e-005 4.63045e-015 -2.18901e-014 -2.41236e-009 -2.41236e-009
1.14 -2.50005e-005 2.53076e-014 3.66315e-014 -2.48243e-009 -2.48243e-009
1.15 -2.50129e-005 -1.24555e-014 -6.09155e-014 -2.56295e-009 -2.56295e-009
1.16 -2.50292e-005 3.54528e-013 9.72704e-015 -2.65742e-009 -2.65742e-009
1.17 -2.5052e-005 -1.01391e-013 1.39396e-013 -2.76289e-009 -2.76289e-009
1.18 -2.50829e-005 -1.88206e-013 3.26964e-013 -2.87005e-009 -2.87005e-009
1.19 -2.51224e-005 3.78672e-013 -8.30947e-014 -2.9637e-009 -2.9637e-009
1.2 -2.51678e-005 1.56538e-013 -5.55232e-014 -3.02679e-009 -3.02679e-009
1.21 -2.52149e-005 4.54235e-013 -2.5904e-013 -3.04772e-009 -3.04772e-009
1.22 -2.5259e-005 2.82986e-014 -1.04115e-014 -3.02558e-009 -3.02558e-009
1.23 -2.52961e-005 8.93657e-013 -1.26047e-013 -2.9691e-009 -2.9691e-009
1.24 -2.53248e-005 2.4175e-013 -6.62231e-014 -2.89082e-009 -2.89082e-009
1.25 -2.53475e-005 -1.56756e-013 4.57193e-012 -2.80248e-009 -2.80248e-009
1.26 -2.53697e-005 4.25526e-012 -6.00368e-012 -2.71386e-009 -2.71386e-009
1.27 -2.5396e-005 -8.30536e-014 2.17775e-012 -2.63167e-009 -2.63167e-009
1.28 -2.54301e-005 -2.09105e-012 -2.06614e-012 -2.55735e-009 -2.55735e-009
1.29 -2.54723e-005 4.14731e-013 1.58674e-012 -2.48686e-009 -2.48686e-009
1.3 -2.55207e-005 4.23927e-013 3.27296e-014 -2.41438e-009 -2.41438e-009
1.31 -2.55733e-005 6.07793e-013 -4.35654e-014 -2.33874e-009 -2.33874e-009
1.32 -2.56288e-005 -2.42764e-013 3.18329e-014 -2.26923e-009 -2.26923e-009
1.33 -2.56835e-005 4.64785e-014 2.30905e-013 -2.22394e-009 -2.22394e-009
1.34 -2.57345e-005 -2.13669e-014 1.52388e-014 -2.22155e-009 -2.22155e-009
1.35 -2.57846e-005 -2.59119e-014 7.32149e-013 -2.2757e-009 -2.2757e-009
1.36 -2.58385e-005 6.2971e-013 -3.53045e-013 -2.39223e-009 -2.39223e-009
1.37 -2.58968e-005 4.65002e-013 -1.33056e-013 -2.56199e-009 -2.56199e-009
1.38 -2.5955e-005 6.78968e-014 4.36292e-013 -2.75553e-009 -2.75553e-009
1.39 -2.60065e-005 1.9533e-014 -8.15947e-014 -2.93312e-009 -2.93312e-009
1.4 -2.60453e-005 1.0782e-012 4.47048e-013 -3.06695e-009 -3.06695e-009
1.41 -2.60674e-005 -1.55999e-012 -5.82215e-012 -3.15387e-009 -3.15387e-009
1.42 -2.60732e-005 -2.21492e-012 -3.94006e-012 -3.20738e-009 -3.20738e-009
1.43 -2.60685e-005 4.40416e-013 1.92612e-012 -3.24407e-009 -3.24407e-009
1.44 -2.60586e-005 -3.4771e-013 -1.15033e-013 -3.28043e-009 -3.28043e-009
1.45 -2.60426e-005 2.00253e-012 1.413e-012 -3.33293e-009 -3.33293e-009
1.46 -2.60146e-005 -7.73675e-013 -7.53202e-013 -3.41181e-009 -3.41181e-009
1.47 -2.59709e-005 3.09591e-013 2.8473e-013 -3.51446e-009 -3.51446e-009
1.48 -2.5911e-005 -1.43604e-013 -1.49496e-013 -3.62549e-009 -3.62549e-009
1.49 -2.58334e-005 4.59927e-014 3.21663e-014 -3.71997e-009 -3.71997e-009
1.5 -2.57346e-005 2.26544e-013 -1.4503e-013 -3.76779e-009 -3.76779e-009
1.51 -2.56183e-005 6.51906e-013 -3.03891e-013 -3.74811e-009 -3.74811e-009
1.52 -2.54996e-005 -3.17185e-013 1.50893e-013 -3.67247e-009 -3.67247e-009
1.53 -2.53944e-005 2.17256e-013 -2.16788e-013 -3.58879e-009 -3.58879e-009
1.54 -2.53094e-005 5.2655e-013 -2.91568e-013 -3.54806e-009 -3.54806e-009
1.55 -2.52434e-005 -3.60753e-013 2.13016e-013 -3.56406e-009 -3.56406e-009
1.56 -2.51937e-005 1.36842e-013 -1.19495e-013 -3.61005e-009 -3.61005e-009
1.57 -2.51558e-005 -7.13314e-014 1.96135e-014 -3.64808e-009 -3.64808e-009
1.58 -2.51223e-005 1.57596e-014 -3.85839e-014 -3.65241e-009 -3.65241e-009
1.59 -2.50831e-005 -2.06669e-014 -1.42469e-014 -3.60948e-009 -3.60948e-009
1.6 -2.5027e-005 -5.43419e-015 -2.44205e-014 -3.50839e-009 -3.50839e-009
1.61 -2.49471e-005 -1.18103e-014 -2.01603e-014 -3.33919e-009 -3.33919e-009
1.62 -2.48471e-005 -9.14488e-015 -2.1943e-014 -3.10224e-009 -3.10224e-009
1.63 -2.47421e-005 -1.69192e-014 -1.81707e-014 -2.82127e-009 -2.82127e-009
1.64 -2.4653e-005 -1.16209e-014 -2.06771e-014 -2.54659e-009 -2.54659e-009
1.65 -2.45978e-005 -7.84591e-014 9.75354e-015 -2.33488e-009 -2.33488e-009
1.66 -2.45846e-005 1.90618e-014 -3.47566e-014 -2.20912e-009 -2.20912e-009
1.67 -2.46112e-005 -2.04185e-014 -1.79338e-014 -2.13124e-009 -2.13124e-009
1.68 -2.46681e-005 -5.51136e-015 -2.29107e-014 -2.02067e-009 -2.02067e-009
1.69 -2.47406e-005 -1.15599e-014 -2.08922e-014 -1.80985e-009 -1.80985e-009
1.7 -2.48125e-005 -9.24635e-015 -2.1638e-014 -1.48939e-009 -1.48939e-009
1.71 -2.48728e-005 -1.02289e-014 -2.13191e-014 -1.10984e-009 -1.10984e-009
1.72 -2.49213e-005 -9.80417e-015 -2.14581e-014 -7.51582e-010 -7.51582e-010
1.73 -2.49628e-005 -9.98086e-015 -2.14012e-014 -4.9014e-010 -4.9014e-010
1.74 -2.50013e-005 -9.90694e-015 -2.1425e-014 -3.68148e-010 -3.68148e-010
1.75 -2.50397e-005 -9.94e-015 -2.14121e-014 -3.79531e-010 -3.79531e-010
1.76 -2.50816e-005 -9.93835e-015 -2.14125e-014 -4.7567e-010 -4.7567e-010
1.77 -2.51265e-005 -9.92259e-015 -2.1427e-014 -5.90306e-010 -5.90306e-010
1.78 -2.5166e-005 -9.92921e-015 -2.14165e-014 -6.64328e-010 -6.64328e-010
1.79 -2.519e-005 1.37839e-012 2.1142e-012 -6.62488e-010 -6.62488e-010
1.8 -2.51951e-005 2.71129e-013 -2.0085e-013 -5.90744e-010 -5.90744e-010
1.81 -2.51808e-005 1.94023e-012 2.99578e-012 -5.09246e-010 -5.09246e-010
1.82 -2.51466e-005 -1.64728e-012 -1.38152e-012 -5.18519e-010 -5.18519e-010
1.83 -2.50948e-005 9.52292e-013 9.01182e-013 -7.16089e-010 -7.16089e-010
1.84 -2.50321e-005 -6.32453e-014 2.04059e-013 -1.1519e-009 -1.1519e-009
1.85 -2.49686e-005 -1.0604e-013 2.00551e-013 -1.80896e-009 -1.80896e-009
1.86 -2.49104e-005 1.14657e-014 3.10012e-013 -2.60969e-009 -2.60969e-009
1.87 -2.4862e-005 -6.63389e-014 3.53278e-015 -3.44074e-009 -3.44074e-009
1.88 -2.48367e-005 1.37262e-014 -3.18647e-014 -4.19868e-009 -4.19868e-009
1.89 -2.48517e-005 1.63725e-012 -1.69765e-012 -4.83953e-009 -4.83953e-009
1.9 -2.4906e-005 5.18709e-012 -5.41014e-012 -5.38398e-009 -5.38398e-009
1.91 -2.49748e-005 1.60023e-012 -1.16767e-012 -5.86763e-009 -5.86763e-009
1.92 -2.50281e-005 1.51373e-013 -2.69327e-013 -6.29723e-009 -6.29723e-009
1.93 -2.50416e-005 5.10724e-012 -5.14127e-012 -6.65931e-009 -6.65931e-009
1.94 -2.49974e-005 2.14171e-012 -2.25833e-012 -6.94689e-009 -6.94689e-009
1.95 -2.48865e-005 -9.10442e-013 9.14802e-013 -7.15673e-009 -7.15673e-009
1.96 -2.4717e-005 3.66505e-013 -4.1281e-013 -7.26994e-009 -7.26994e-009
1.97 -2.45144e-005 -1.67427e-013 1.42326e-013 -7.25671e-009 -7.25671e-009
1.98 -2.43089e-005 5.59097e-014 -8.98421e-014 -7.10367e-009 -7.10367e-009
1.99 -2.41208e-005 -3.77373e-014 7.49884e-015 -6.82716e-009 -6.82716e-009
2 -2.39567e-005 -1.58101e-013 -2.1149e-013 -6.45915e-009 -6.45915e-009
2.01 -2.3814e-005 -1.14751e-012 -1.31909e-012 -6.02894e-009 -6.02894e-009
2.02 -2.36868e-005 -8.11395e-013 -9.17066e-013 -5.55984e-009 -5.55984e-009
2.03 -2.35673e-005 -2.95752e-014 4.73684e-014 -5.07236e-009 -5.07236e-009
2.04 -2.34447e-005 -1.56574e-013 -4.48248e-014 -4.5771e-009 -4.5771e-009
2.05 -2.33137e-005 -3.04498e-014 -2.25964e-013 -4.06846e-009 -4.06846e-009
2.06 -2.31793e-005 7.3386e-015 3.99133e-014 -3.53883e-009 -3.53883e-009
2.07 -2.30466e-005 -4.42355e-014 -3.58541e-014 -2.9962e-009 -2.9962e-009
2.08 -2.29122e-005 -2.53161e-014 -4.18686e-014 -2.45373e-009 -2.45373e-009
2.09 -2.27702e-005 -6.02343e-014 -1.4235e-013 -1.90475e-009 -1.90475e-009
2.1 -2.26187e-005 6.71352e-014 6.35796e-015 -1.32168e-009 -1.32168e-009
2.11 -2.24593e-005 -2.00636e-013 -9.31193e-014 -6.80741e-010 -6.80741e-010
2.12 -2.229e-005 -2.8233e-014 -5.96442e-014 2.39639e-011 2.39639e-011
2.13 -2.21022e-005 -1.727e-013 -3.45756e-016 7.92268e-010 7.92268e-010
2.14 -2.18872e-005 -1.13106e-013 -8.42579e-014 1.62515e-009 1.62515e-009
2.15 -2.16436e-005 -1.43276e-013 7.03246e-016 2.5028e-009 2.5028e-009
2.16 -2.13825e-005 4.84671e-013 1.70967e-013 3.35569e-009 3.35569e-009
2.17 -2.1121e-005 -2.48748e-012 -1.27884e-012 4.07212e-009 4.07212e-009
2.18 -2.08676e-005 -1.16399e-012 -3.95846e-013 4.55665e-009 4.55665e-009
2.19 -2.06224e-005 4.72941e-013 1.35113e-013 4.79754e-009 4.79754e-009
2.2 -2.03939e-005 -2.11942e-013 -8.6904e-014 4.87669e-009 4.87669e-009
2.21 -2.01999e-005 7.4585e-014 5.97866e-015 4.91115e-009 4.91115e-009
2.22 -2.00534e-005 -4.52858e-014 -3.28796e-014 4.99029e-009 4.99029e-009
2.23 -1.99554e-005 4.86319e-015 -1.66229e-014 5.15882e-009 5.15882e-009
2.24 -1.98987e-005 -1.61171e-014 -2.3424e-014 5.42583e-009 5.42583e-009
2.25 -1.98718e-005 -7.36868e-015 -2.05227e-014 5.76428e-009 5.76428e-009
2.26 -1.98584e-005 -5.03893e-014 1.45473e-014 6.11024e-009 6.11024e-009
2.27 -1.98426e-005 -8.23065e-013 4.38807e-013 6.38752e-009 6.38752e-009
2.28 -1.98219e-005 -4.22099e-013 1.32015e-013 6.54401e-009 6.54401e-009
2.29 -1.98053e-005 -1.66746e-012 -5.80518e-013 6.56873e-009 6.56873e-009
2.3 -1.98034e-005 6.16335e-013 1.52464e-013 6.48611e-009 6.48611e-009
2.31 -1.98258e-005 -1.22618e-012 -1.4068e-013 6.3384e-009 6.3384e-009
2.32 -1.9883e-005 4.98901e-013 2.84761e-014 6.15996e-009 6.15996e-009
2.33 -1.99808e-005 -2.22802e-013 -4.22916e-014 5.955e-009 5.955e-009
2.34 -2.01169e-005 7.91356e-014 -1.26965e-014 5.69742e-009 5.69742e-009
2.35 -2.02828e-005 -4.71589e-014 -2.51026e-014 5.35319e-009 5.35319e-009
2.36 -2.04685e-005 5.64753e-015 -1.98769e-014 4.90505e-009 4.90505e-009
2.37 -2.06637e-005 -1.64454e-014 -2.20628e-014 4.36458e-009 4.36458e-009
2.38 -2.08605e-005 -7.20226e-015 -2.11481e-014 3.77083e-009 3.77083e-009
2.39 -2.10628e-005 -1.10695e-014 -2.1531e-014 3.17427e-009 3.17427e-009
2.4 -2.12856e-005 -9.49784e-015 -2.12808e-014 2.61173e-009 2.61173e-009
2.41 -2.15441e-005 -1.01339e-014 -2.14261e-014 2.09508e-009 2.09508e-009
2.42 -2.18506e-005 -9.84329e-015 -2.14136e-014 1.6201e-009 1.6201e-009
2.43 -2.22076e-005 -9.96439e-015 -2.142e-014 1.17615e-009 1.17615e-009
2.44 -2.25967e-005 -9.9139e-015 -2.1417e-014 7.50661e-010 7.50661e-010
2.45 -2.29872e-005 -9.99368e-015 -2.14055e-014 3.35021e-010 3.35021e-010
2.46 -2.33578e-005 -1.40163e-013 1.51904e-013 -7.76361e-011 -7.76361e-011
2.47 -2.37026e-005 3.57897e-013 -3.72577e-013 -5.0668e-010 -5.0668e-010
2.48 -2.40234e-005 -1.00338e-013 1.93044e-013 -9.88145e-010 -9.88145e-010
2.49 -2.43223e-005 -4.88274e-014 6.16557e-014 -1.55417e-009 -1.55417e-009
2.5 -2.45999e-005 1.61842e-013 -1.1783e-013 -2.20595e-009 -2.20595e-009
2.51 -2.48557e-005 -7.63846e-014 4.05229e-014 -2.90653e-009 -2.90653e-009
2.52 -2.50899e-005 -5.93142e-014 6.23736e-013 -3.5971e-009 -3.5971e-009
2.53 -2.53034e-005 2.56258e-013 5.76893e-014 -4.21812e-009 -4.21812e-009
2.54 -2.55004e-005 1.10743e-012 -1.4226e-012 -4.72027e-009 -4.72027e-009
2.55 -2.56899e-005 1.79533e-012 -2.04982e-012 -5.07096e-009 -5.07096e-009
2.56 -2.58803e-005 1.53124e-012 -2.31719e-012 -5.26357e-009 -5.26357e-009
2.57 -2.60735e-005 1.1667e-012 -2.6384e-012 -5.3241e-009 -5.3241e-009
2.58 -2.62649e-005 -3.43121e-012 -2.8932e-012 -5.30708e-009 -5.30708e-009
2.59 -2.6442e-005 -7.60749e-012 6.97196e-012 -5.28002e-009 -5.28002e-009
2.6 -2.65931e-005 -2.28312e-012 5.8439e-012 -5.30226e-009 -5.30226e-009
2.61 -2.67121e-005 1.13521e-012 -1.06609e-013 -5.40766e-009 -5.40766e-009
2.62 -2.68003e-005 2.67105e-013 8.11523e-013 -5.59843e-009 -5.59843e-009
2.63 -2.68656e-005 1.21099e-012 -4.51638e-013 -5.84802e-009 -5.84802e-009
2.64 -2.69157e-005 1.4313e-012 -5.39836e-013 -6.10505e-009 -6.10505e-009
2.65 -2.69479e-005 -1.5342e-012 6.24683e-012 -6.295e-009 -6.295e-009
2.66 -2.69524e-005 -1.99868e-012 6.68597e-012 -6.33359e-009 -6.33359e-009
2.67 -2.69216e-005 -2.77479e-013 -1.927e-012 -6.16652e-009 -6.16652e-009
2.68 -2.68546e-005 3.85818e-013 -2.91228e-012 -5.8122e-009 -5.8122e-009
2.69 -2.67546e-005 1.36497e-012 -9.36555e-013 -5.35884e-009 -5.35884e-009
2.7 -2.66244e-005 7.66084e-013 -8.43073e-013 -4.90341e-009 -4.90341e-009
2.71 -2.64665e-005 1.76383e-013 5.30355e-013 -4.48167e-009 -4.48167e-009
2.72 -2.62907e-005 -1.08811e-013 -1.27313e-013 -4.05564e-009 -4.05564e-009
2.73 -2.61174e-005 -1.01246e-013 4.69003e-013 -3.56991e-009 -3.56991e-009
2.74 -2.59649e-005 -4.11454e-014 6.21688e-013 -3.01657e-009 -3.01657e-009
2.75 -2.58357e-005 9.07812e-014 3.37647e-013 -2.44329e-009 -2.44329e-009
2.76 -2.57223e-005 -8.583e-014 4.12066e-015 -1.90916e-009 -1.90916e-009
2.77 -2.56165e-005 2.03416e-013 1.63903e-012 -1.44622e-009 -1.44622e-009
2.78 -2.55072e-005 -9.84362e-014 -6.32384e-013 -1.05781e-009 -1.05781e-009
2.79 -2.53832e-005 -4.17564e-014 4.34091e-013 -7.35234e-010 -7.35234e-010
2.8 -2.52447e-005 -4.57861e-014 -3.3236e-014 -4.702e-010 -4.702e-010
2.81 -2.50997e-005 1.36181e-014 1.06007e-013 -2.52966e-010 -2.52966e-010
2.82 -2.49519e-005 -2.23853e-013 2.87136e-013 -5.74095e-011 -5.74095e-011
2.83 -2.48002e-005 8.04594e-014 -6.68283e-014 1.65927e-010 1.65927e-010
2.84 -2.46417e-005 -7.81655e-014 1.2278e-013 4.69085e-010 4.69085e-010
2.85 -2.44759e-005 -1.35301e-013 2.59847e-013 8.72126e-010 8.72126e-010
2.86 -2.43045e-005 3.12273e-014 1.5743e-014 1.34829e-009 1.34829e-009
2.87 -2.4127e-005 6.38594e-014 -2.25878e-014 1.84175e-009 1.84175e-009
2.88 -2.39457e-005 -1.59001e-013 2.70125e-013 2.29409e-009 2.29409e-009
2.89 -2.37706e-005 -7.3184e-014 2.08289e-013 2.65264e-009 2.65264e-009
2.9 -2.36124e-005 -5.05992e-014 5.05003e-014 2.86881e-009 2.86881e-009
2.91 -2.3475e-005 7.92112e-015 3.22123e-014 2.90737e-009 2.90737e-009
2.92 -2.3357e-005 -1.66442e-014 3.98234e-014 2.7604e-009 2.7604e-009
2.93 -2.32547e-005 -6.1734e-015 3.66275e-014 2.44883e-009 2.44883e-009
2.94 -2.31649e-005 -1.04249e-014 3.77865e-014 2.01375e-009 2.01375e-009
2.95 -2.3087e-005 -8.44764e-015 3.72318e-014 1.50836e-009 1.50836e-009
2.96 -2.30203e-005 -9.6021e-015 3.77117e-014 9.92049e-010 9.92049e-010
2.97 -2.29604e-005 -9.11904e-015 3.7511e-014 5.24696e-010 5.24696e-010
2.98 -2.28994e-005 -9.32115e-015 3.75949e-014 1.60325e-010 1.60325e-010
2.99 -2.2832e-005 -9.23658e-015 3.75599e-014 -6.55271e-011 -6.55271e-011
3 -2.27619e-005 -9.85289e-015 3.76624e-014 -1.56517e-010 -1.56517e-010
3.01 -2.27006e-005 -9.07982e-015 3.75809e-014 -1.66936e-010 -1.66936e-010
3.02 -2.26614e-005 -9.33823e-015 3.75666e-014 -1.80674e-010 -1.80674e-010
3.03 -2.26552e-005 -9.76694e-015 3.76896e-014 -2.64e-010 -2.64e-010
3.04 -2.26861e-005 -8.97966e-015 3.74673e-014 -4.28726e-010 -4.28726e-010
3.05 -2.27458e-005 -9.37941e-015 3.76128e-014 -6.33177e-010 -6.33177e-010
3.06 -2.28184e-005 -8.82645e-015 3.71428e-014 -8.16956e-010 -8.16956e-010
3.07 -2.28952e-005 -9.44365e-015 3.77488e-014 -9.44874e-010 -9.44874e-010
3.08 -2.29816e-005 -9.22623e-015 3.75378e-014 -1.03123e-009 -1.03123e-009
3.09 -2.30842e-005 -9.27685e-015 3.75849e-014 -1.12427e-009 -1.12427e-009
3.1 -2.31998e-005 -9.25517e-015 3.75635e-014 -1.2586e-009 -1.2586e-009
3.11 -2.33214e-005 -9.26415e-015 3.75735e-014 -1.42027e-009 -1.42027e-009
3.12 -2.34524e-005 -9.26047e-015 3.75684e-014 -1.5646e-009 -1.5646e-009
3.13 -2.36096e-005 -9.26196e-015 3.75714e-014 -1.6656e-009 -1.6656e-009
3.14 -2.38059e-005 -9.32788e-015 3.7641e-014 -1.73277e-009 -1.73277e-009
3.15 -2.40347e-005 -9.23414e-015 3.75412e-014 -1.77315e-009 -1.77315e-009
3.16 -2.42735e-005 -7.73842e-015 3.67878e-014 -1.75319e-009 -1.75319e-009
3.17 -2.44926e-005 -7.4468e-015 3.52957e-014 -1.61644e-009 -1.61644e-009
3.18 -2.46636e-005 -1.00207e-014 3.85217e-014 -1.33951e-009 -1.33951e-009
3.19 -2.47778e-005 -9.35893e-015 3.77221e-014 -9.71474e-010 -9.71474e-010
3.2 -2.48509e-005 -9.46598e-015 3.74855e-014 -6.2684e-010 -6.2684e-010
3.21 -2.49053e-005 2.70243e-015 3.60439e-014 -4.32061e-010 -4.32061e-010
3.22 -2.49536e-005 -5.07244e-014 3.79218e-014 -4.52204e-010 -4.52204e-010
3.23 -2.49967e-005 1.90619e-013 9.17626e-015 -6.50686e-010 -6.50686e-010
3.24 -2.50298e-005 -9.29355e-014 4.95043e-014 -9.17074e-010 -9.17074e-010
3.25 -2.50444e-005 8.92573e-014 3.1368e-015 -1.13574e-009 -1.13574e-009
3.26 -2.50313e-005 4.09731e-013 -2.38917e-013 -1.23944e-009 -1.23944e-009
3.27 -2.49886e-005 2.54014e-013 -2.07626e-013 -1.22756e-009 -1.22756e-009
3.28 -2.49235e-005 2.34976e-013 -1.22297e-014 -1.16147e-009 -1.16147e-009
3.29 -2.48433e-005 1.25856e-013 -1.53716e-013 -1.13857e-009 -1.13857e-009
3.3 -2.47491e-005 2.79943e-013 1.28699e-014 -1.24425e-009 -1.24425e-009
3.31 -2.46419e-005 -7.2432e-014 5.39225e-014 -1.50979e-009 -1.50979e-009
3.32 -2.45312e-005 6.35095e-014 4.90891e-014 -1.90992e-009 -1.90992e-009
3.33 -2.4431e-005 -3.97059e-014 3.27512e-014 -2.39148e-009 -2.39148e-009
3.34 -2.43447e-005 3.47513e-015 3.95863e-014 -2.88878e-009 -2.88878e-009
3.35 -2.42629e-005 -1.459e-014 3.67268e-014 -3.31451e-009 -3.31451e-009
3.36 -2.41789e-005 -7.03231e-015 3.79231e-014 -3.56993e-009 -3.56993e-009
3.37 -2.40943e-005 -1.01941e-014 3.74226e-014 -3.59687e-009 -3.59687e-009
3.38 -2.40187e-005 -8.87137e-015 3.7632e-014 -3.42487e-009 -3.42487e-009
3.39 -2.39666e-005 -9.42476e-015 3.75444e-014 -3.15963e-009 -3.15963e-009
3.4 -2.39479e-005 -7.67754e-015 3.68917e-014 -2.91654e-009 -2.91654e-009
3.41 -2.39557e-005 -9.55525e-015 3.74624e-014 -2.74692e-009 -2.74692e-009
3.42 -2.39721e-005 -2.26196e-015 3.44076e-014 -2.60742e-009 -2.60742e-009
3.43 -2.39848e-005 -1.25496e-014 3.9275e-014 -2.39453e-009 -2.39453e-009
3.44 -2.39938e-005 -8.13248e-015 3.71186e-014 -2.01623e-009 -2.01623e-009
3.45 -2.40078e-005 -1.03952e-014 3.80016e-014 -1.44375e-009 -1.44375e-009
3.46 -2.40356e-005 -8.94771e-015 3.74858e-014 -7.14179e-010 -7.14179e-010
3.47 -2.40794e-005 -1.34605e-014 5.05484e-014 9.68254e-011 9.68254e-011
3.48 -2.41355e-005 -1.7207e-014 6.33906e-014 9.00404e-010 9.00404e-010
3.49 -2.41974e-005 -3.46389e-013 7.16773e-013 1.61068e-009 1.61068e-009
3.5 -2.42539e-005 -4.59884e-013 4.38841e-013 2.16618e-009 2.16618e-009
3.51 -2.42897e-005 6.99768e-013 -5.73542e-013 2.55941e-009 2.55941e-009
3.52 -2.42989e-005 -4.4927e-014 1.05556e-013 2.84307e-009 2.84307e-009
3.53 -2.42927e-005 1.83653e-013 1.22499e-013 3.08676e-009 3.08676e-009
3.54 -2.42871e-005 -5.89034e-014 -5.7909e-015 3.31927e-009 3.31927e-009
3.55 -2.42866e-005 -1.95232e-013 6.39023e-013 3.51739e-009 3.51739e-009
3.56 -2.42775e-005 1.41452e-013 -1.1885e-013 3.6453e-009 3.6453e-009
3.57 -2.42373e-005 -7.2314e-014 1.0301e-013 3.68947e-009 3.68947e-009
3.58 -2.41516e-005 2.64382e-013 -1.42962e-014 3.64991e-009 3.64991e-009
3.59 -2.40237e-005 -1.15823e-012 1.16395e-012 3.51052e-009 3.51052e-009
3.6 -2.38758e-005 2.34708e-013 3.00597e-013 3.23481e-009 3.23481e-009
3.61 -2.37379e-005 1.64071e-012 -5.50195e-013 2.79532e-009 2.79532e-009
3.62 -2.36281e-005 5.88011e-014 8.0039e-013 2.2081e-009 2.2081e-009
3.63 -2.35418e-005 -6.11189e-013 7.26391e-013 1.54321e-009 1.54321e-009
3.64 -2.34619e-005 2.31107e-013 -1.39497e-013 8.97408e-010 8.97408e-010
3.65 -2.33772e-005 -1.09822e-013 1.11648e-013 3.40441e-010 3.40441e-010
3.66 -2.32876e-005 3.28087e-014 6.57921e-015 -1.2348e-010 -1.2348e-010
3.67 -2.31979e-005 -2.6862e-014 5.05355e-014 -5.38903e-010 -5.38903e-010
3.68 -2.31134e-005 -1.89824e-015 3.2146e-014 -9.38976e-010 -9.38976e-010
3.69 -2.30383e-005 -1.2342e-014 3.98394e-014 -1.3028e-009 -1.3028e-009
3.7 -2.29708e-005 -7.97278e-015 3.66208e-014 -1.57047e-009 -1.57047e-009
3.71 -2.2903e-005 -9.80069e-015 3.79674e-014 -1.69158e-009 -1.69158e-009
3.72 -2.28305e-005 -9.03597e-015 3.7404e-014 -1.65962e-009 -1.65962e-009
3.73 -2.27585e-005 -9.3559e-015 3.76397e-014 -1.51251e-009 -1.51251e-009
3.74 -2.26973e-005 -9.22205e-015 3.75411e-014 -1.30405e-009 -1.30405e-009
3.75 -2.26564e-005 -9.27805e-015 3.75824e-014 -1.06486e-009 -1.06486e-009
3.76 -2.26399e-005 -6.61397e-015 3.47632e-014 -7.82225e-010 -7.82225e-010
3.77 -2.26468e-005 -1.03692e-014 3.87446e-014 -4.16083e-010 -4.16083e-010
3.78 -2.2674e-005 -8.79815e-015 3.70789e-014 6.31341e-011 6.31341e-011
3.79 -2.27148e-005 -9.45539e-015 3.77757e-014 6.45246e-010 6.45246e-010
3.8 -2.27611e-005 -9.18043e-015 3.74842e-014 1.27681e-009 1.27681e-009
3.81 -2.28078e-005 -9.29546e-015 3.76062e-014 1.87996e-009 1.87996e-009
3.82 -2.28539e-005 -9.3963e-015 3.77121e-014 2.38543e-009 2.38543e-009
3.83 -2.29025e-005 -9.20503e-015 3.75112e-014 2.76677e-009 2.76677e-009
3.84 -2.29586e-005 -9.28531e-015 3.75946e-014 3.05059e-009 3.05059e-009
3.85 -2.30185e-005 -9.25148e-015 3.75603e-014 3.28997e-009 3.28997e-009
3.86 -2.30706e-005 -9.26582e-015 3.7574e-014 3.5233e-009 3.5233e-009
3.87 -2.31053e-005 -9.25968e-015 3.75689e-014 3.75053e-009 3.75053e-009
3.88 -2.31168e-005 -9.38348e-015 3.76991e-014 3.93618e-009 3.93618e-009
3.89 -2.3099e-005 -9.2104e-015 3.75167e-014 4.02763e-009 4.02763e-009
3.9 -2.30432e-005 -9.283e-015 3.75924e-014 3.9774e-009 3.9774e-009
3.91 -2.29364e-005 -9.25249e-015 3.75612e-014 3.76685e-009 3.76685e-009
3.92 -2.27664e-005 -9.26536e-015 3.75737e-014 3.42503e-009 3.42503e-009
3.93 -2.25339e-005 -9.2599e-015 3.75689e-014 3.02249e-009 3.02249e-009
3.94 -2.22604e-005 3.3424e-014 4.45299e-014 2.62924e-009 2.62924e-009
3.95 -2.19807e-005 3.68485e-014 4.59753e-014 2.26893e-009 2.26893e-009
3.96 -2.17296e-005 3.5249e-014 4.53168e-014 1.91721e-009 1.91721e-009
3.97 -2.15336e-005 -2.82343e-014 3.44344e-014 1.53907e-009 1.53907e-009
3.98 -2.14102e-005 -1.32411e-015 3.88821e-014 1.11655e-009 1.11655e-009
3.99 -2.13686e-005 -1.25822e-014 3.70214e-014 6.44641e-010 6.44641e-010
4 -2.14032e-005 -3.10794e-015 3.15321e-014 1.25002e-010 1.25002e-010
4.01 -2.14878e-005 -8.30472e-015 3.74199e-014 -4.15829e-010 -4.15829e-010
4.02 -2.15909e-005 -9.66182e-015 3.76331e-014 -9.117e-010 -9.117e-010
4.03 -2.16887e-005 -9.09407e-015 3.75439e-014 -1.2882e-009 -1.2882e-009
4.04 -2.17626e-005 -9.33159e-015 3.75812e-014 -1.51375e-009 -1.51375e-009
4.05 -2.17989e-005 -1.0177e-014 3.85703e-014 -1.60761e-009 -1.60761e-009
4.06 -2.1803e-005 -9.08239e-015 3.73674e-014 -1.6062e-009 -1.6062e-009
4.07 -2.17994e-005 -9.3362e-015 3.7656e-014 -1.53737e-009 -1.53737e-009
4.08 -2.1813e-005 -9.49042e-015 3.78746e-014 -1.41001e-009 -1.41001e-009
4.09 -2.18584e-005 -9.34169e-015 3.75757e-014 -1.19982e-009 -1.19982e-009
4.1 -2.19453e-005 -8.96511e-015 3.72897e-014 -8.48749e-010 -8.48749e-010
4.11 -2.20762e-005 -9.38569e-015 3.76875e-014 -3.01879e-010 -3.01879e-010
4.12 -2.22456e-005 -9.33187e-015 3.76516e-014 4.41068e-010 4.41068e-010
4.13 -2.24487e-005 -9.43562e-015 3.7691e-014 1.2993e-009 1.2993e-009
4.14 -2.26803e-005 -9.18868e-015 3.75195e-014 2.12805e-009 2.12805e-009
4.15 -2.29247e-005 -9.66748e-015 3.79293e-014 2.7758e-009 2.7758e-009
4.16 -2.31595e-005 -8.76733e-015 3.70761e-014 3.1493e-009 3.1493e-009
4.17 -2.33648e-005 -8.70509e-015 3.67192e-014 3.2424e-009 3.2424e-009
4.18 -2.35303e-005 -9.49432e-015 3.79262e-014 3.11914e-009 3.11914e-009
4.19 -2.36624e-005 -9.24506e-015 3.75344e-014 2.87699e-009 2.87699e-009
4.2 -2.37785e-005 -9.26901e-015 3.75857e-014 2.61723e-009 2.61723e-009
4.21 -2.38968e-005 2.39918e-013 1.54593e-013 2.42738e-009 2.42738e-009
4.22 -2.4032e-005 -7.84417e-014 5.68049e-015 2.35971e-009 2.35971e-009
4.23 -2.41893e-005 7.15534e-014 7.52792e-014 2.4057e-009 2.4057e-009
4.24 -2.43603e-005 -4.35438e-014 2.22418e-014 2.49343e-009 2.49343e-009
4.25 -2.45384e-005 5.08073e-015 4.3983e-014 2.51413e-009 2.51413e-009
4.26 -2.47279e-005 -1.49139e-014 3.45184e-014 2.35333e-009 2.35333e-009
4.27 -2.49338e-005 -4.82472e-015 3.68458e-014 1.92199e-009 1.92199e-009
4.28 -2.51603e-005 -6.51617e-015 3.57806e-014 1.19168e-009 1.19168e-009
4.29 -2.54151e-005 1.10307e-013 -9.41889e-016 2.10608e-010 2.10608e-010
4.3 -2.56971e-005 4.12743e-011 1.74705e-011 -9.12981e-010 -9.12981e-010
4.31 -2.59892e-005 5.63358e-012 4.27381e-012 -2.0436e-009 -2.0436e-009
4.32 -2.62736e-005 -1.99522e-011 -9.78106e-012 -3.0577e-009 -3.0577e-009
4.33 -2.6544e-005 -4.62467e-012 3.81503e-013 -3.88468e-009 -3.88468e-009
4.34 -2.68053e-005 -1.63695e-012 -2.81076e-012 -4.52345e-009 -4.52345e-009
4.35 -2.70702e-005 -6.82242e-015 -1.0047e-012 -5.01455e-009 -5.01455e-009
4.36 -2.73538e-005 1.46202e-012 -1.73878e-012 -5.39382e-009 -5.39382e-009
4.37 -2.76609e-005 4.08856e-012 -1.17471e-012 -5.67072e-009 -5.67072e-009
4.38 -2.79837e-005 4.35036e-012 -5.72593e-014 -5.84029e-009 -5.84029e-009
4.39 -2.83036e-005 3.43027e-012 1.8157e-012 -5.90529e-009 -5.90529e-009
4.4 -2.85982e-005 2.9171e-012 2.06647e-012 -5.88742e-009 -5.88742e-009
4.41 -2.88551e-005 6.92655e-012 2.40174e-013 -5.83187e-009 -5.83187e-009
4.42 -2.9078e-005 1.87538e-012 9.49102e-013 -5.8139e-009 -5.8139e-009
4.43 -2.92819e-005 5.99758e-014 7.95317e-013 -5.93333e-009 -5.93333e-009
4.44 -2.94917e-005 3.13866e-012 3.99934e-012 -6.28505e-009 -6.28505e-009
4.45 -2.97318e-005 1.84198e-011 -1.29008e-011 -6.91934e-009 -6.91934e-009
4.46 -3.00047e-005 5.26724e-012 -7.98298e-012 -7.80954e-009 -7.80954e-009
4.47 -3.02847e-005 7.36208e-013 3.51115e-013 -8.84319e-009 -8.84319e-009
4.48 -3.05386e-005 1.07686e-012 -1.30516e-012 -9.85773e-009 -9.85773e-009
4.49 -3.07431e-005 5.50974e-014 3.01194e-013 -1.0709e-008 -1.0709e-008
4.5 -3.08861e-005 1.1761e-011 -2.84823e-012 -1.13185e-008 -1.13185e-008
4.51 -3.09697e-005 2.51024e-012 -1.06738e-013 -1.16735e-008 -1.16735e-008
4.52 -3.10126e-005 -1.8015e-012 5.52567e-013 -1.18111e-008 -1.18111e-008
4.53 -3.10366e-005 9.43501e-013 5.62291e-013 -1.18082e-008 -1.18082e-008
4.54 -3.10544e-005 2.34959e-011 3.61232e-013 -1.17588e-008 -1.17588e-008
4.55 -3.10733e-005 9.90562e-012 -3.13966e-012 -1.17387e-008 -1.17387e-008
4.56 -3.10911e-005 -3.53037e-012 1.6494e-012 -1.17839e-008 -1.17839e-008
4.57 -3.10939e-005 1.92736e-012 -2.67234e-013 -1.18873e-008 -1.18873e-008
4.58 -3.10701e-005 -7.3241e-013 5.22955e-013 -1.20052e-008 -1.20052e-008
4.59 -3.10246e-005 2.21192e-013 -1.10255e-013 -1.20795e-008 -1.20795e-008
4.6 -3.09764e-005 -8.64052e-013 -7.03863e-013 -1.20737e-008 -1.20737e-008
4.61 -3.09405e-005 2.51788e-013 1.60337e-012 -1.19897e-008 -1.19897e-008
4.62 -3.09139e-005 -4.48955e-014 -1.23357e-014 -1.18408e-008 -1.18408e-008
4.63 -3.08847e-005 1.29983e-013 2.91732e-014 -1.1615e-008 -1.1615e-008
4.64 -3.08535e-005 -7.22373e-014 1.17416e-012 -1.12815e-008 -1.12815e-008
4.65 -3.08346e-005 1.75555e-012 4.78819e-014 -1.08333e-008 -1.08333e-008
4.66 -3.08351e-005 -7.04351e-013 4.88954e-015 -1.0293e-008 -1.0293e-008
4.67 -3.08455e-005 9.7385e-013 4.12088e-013 -9.65989e-009 -9.65989e-009
4.68 -3.08489e-005 -5.24663e-014 1.84712e-012 -8.87422e-009 -8.87422e-009
4.69 -3.08325e-005 3.80541e-012 2.53752e-012 -7.86534e-009 -7.86534e-009
4.7 -3.07949e-005 2.98513e-012 3.35618e-012 -6.65061e-009 -6.65061e-009
4.71 -3.07457e-005 8.60975e-013 1.38831e-012 -5.38729e-009 -5.38729e-009
4.72 -3.06929e-005 3.98808e-013 3.53968e-013 -4.318e-009 -4.318e-009
4.73 -3.0629e-005 7.74887e-013 -1.07179e-012 -3.6438e-009 -3.6438e-009
4.74 -3.0539e-005 -5.87364e-014 5.34808e-013 -3.42564e-009 -3.42564e-009
4.75 -3.04147e-005 1.24619e-013 1.89141e-013 -3.58364e-009 -3.58364e-009
4.76 -3.02596e-005 6.59556e-013 -6.9999e-013 -3.97056e-009 -3.97056e-009
4.77 -3.00927e-005 1.11237e-012 -1.03925e-012 -4.45262e-009 -4.45262e-009
4.78 -2.99383e-005 1.67954e-012 -1.65479e-012 -4.95519e-009 -4.95519e-009
4.79 -2.9802e-005 1.55952e-012 -1.42848e-012 -5.46008e-009 -5.46008e-009
4.8 -2.96699e-005 -1.09792e-012 1.188e-012 -5.97318e-009 -5.97318e-009
4.81 -2.95208e-005 7.68648e-013 -1.152e-012 -6.50409e-009 -6.50409e-009
4.82 -2.93306e-005 1.70198e-012 -2.16308e-013 -7.06707e-009 -7.06707e-009
4.83 -2.9084e-005 2.0158e-012 -2.0185e-012 -7.6784e-009 -7.6784e-009
4.84 -2.87985e-005 -5.51321e-013 3.49157e-013 -8.34903e-009 -8.34903e-009
4.85 -2.85174e-005 1.0647e-012 -9.75215e-013 -9.08726e-009 -9.08726e-009
4.86 -2.82592e-005 2.51347e-012 -3.00695e-012 -9.88949e-009 -9.88949e-009
4.87 -2.79965e-005 8.40933e-013 -7.2381e-013 -1.07056e-008 -1.07056e-008
4.88 -2.76927e-005 4.3511e-012 -7.41307e-012 -1.14391e-008 -1.14391e-008
4.89 -2.73393e-005 2.25469e-012 -3.98174e-012 -1.20244e-008 -1.20244e-008
4.9 -2.69531e-005 -9.43038e-013 1.46593e-012 -1.24986e-008 -1.24986e-008
4.91 -2.65553e-005 1.76507e-013 -1.35807e-012 -1.29658e-008 -1.29658e-008
4.92 -2.61595e-005 -2.37514e-014 5.0161e-013 -1.34897e-008 -1.34897e-008
4.93 -2.57743e-005 3.52832e-014 -2.75182e-013 -1.40382e-008 -1.40382e-008
4.94 -2.53992e-005 3.34885e-013 -1.69305e-012 -1.45225e-008 -1.45225e-008
4.95 -2.50158e-005 -1.25709e-013 -3.37169e-012 -1.48523e-008 -1.48523e-008
4.96 -2.46029e-005 -1.44419e-012 -1.98243e-012 -1.49503e-008 -1.49503e-008
4.97 -2.41615e-005 -1.8882e-012 -4.27917e-012 -1.47614e-008 -1.47614e-008
4.98 -2.37087e-005 -8.64991e-013 -3.91512e-012 -1.42805e-008 -1.42805e-008
4.99 -2.32493e-005 -1.04563e-012 -6.42494e-013 -1.35536e-008 -1.35536e-008
5 -2.27722e-005 -1.10684e-012 -1.70916e-012 -1.26382e-008 -1.26382e-008
5.01 -2.22734e-005 -2.83941e-012 -4.5555e-012 -1.1581e-008 -1.1581e-008
5.02 -2.1761e-005 -6.05246e-012 -8.01707e-012 -1.04412e-008 -1.04412e-008
5.03 -2.12442e-005 1.2363e-011 1.55379e-011 -9.30044e-009 -9.30044e-009
5.04 -2.07324e-005 3.4461e-012 6.33472e-012 -8.2292e-009 -8.2292e-009
5.05 -2.02307e-005 -2.61919e-012 -3.18167e-012 -7.25285e-009 -7.25285e-009
5.06 -1.97237e-005 -4.36716e-012 -2.6631e-012 -6.34508e-009 -6.34508e-009
5.07 -1.91814e-005 2.28909e-012 3.65628e-012 -5.43836e-009 -5.43836e-009
5.08 -1.85885e-005 1.32353e-011 1.10394e-011 -4.45814e-009 -4.45814e-009
5.09 -1.79544e-005 1.47973e-011 1.42472e-011 -3.37828e-009 -3.37828e-009
5.1 -1.72966e-005 -8.01455e-012 -6.92215e-012 -2.24596e-009 -2.24596e-009
5.11 -1.66389e-005 -2.94458e-012 -6.69316e-013 -1.14891e-009 -1.14891e-009
5.12 -1.60179e-005 4.21945e-012 1.1059e-012 -1.6941e-010 -1.6941e-010
5.13 -1.54616e-005 -4.49298e-012 -3.98134e-012 6.41565e-010 6.41565e-010
5.14 -1.49625e-005 4.00586e-012 1.03698e-012 1.29572e-009 1.29572e-009
5.15 -1.44893e-005 -1.88578e-012 -1.38327e-012 1.89894e-009 1.89894e-009
5.16 -1.4021e-005 5.47176e-013 -1.06996e-012 2.61454e-009 2.61454e-009
5.17 -1.35501e-005 1.57355e-013 -1.12079e-012 3.55173e-009 3.55173e-009
5.18 -1.30709e-005 -7.00824e-012 -1.51704e-012 4.68423e-009 4.68423e-009
5.19 -1.25858e-005 1.93251e-012 7.03311e-013 5.87018e-009 5.87018e-009
5.2 -1.21208e-005 -1.47121e-012 -1.35669e-012 6.92271e-009 6.92271e-009
5.21 -1.17212e-005 2.79293e-012 1.19125e-012 7.66566e-009 7.66566e-009
5.22 -1.14276e-005 -4.4953e-012 -3.07655e-012 7.98664e-009 7.98664e-009
5.23 -1.1267e-005 -7.14557e-012 -1.30489e-011 7.89991e-009 7.89991e-009
5.24 -1.12559e-005 2.91479e-013 -9.2504e-012 7.56005e-009 7.56005e-009
5.25 -1.13924e-005 7.2198e-013 -9.29761e-013 7.18771e-009 7.18771e-009
5.26 -1.16595e-005 -1.85434e-013 3.52503e-013 6.95935e-009 6.95935e-009
5.27 -1.20408e-005 3.86885e-014 -1.86288e-013 6.93285e-009 6.93285e-009
5.28 -1.25216e-005 -5.58647e-014 4.63335e-014 7.03914e-009 7.03914e-009
5.29 -1.30793e-005 4.77569e-014 -3.30401e-014 7.13436e-009 7.13436e-009
5.3 -1.36953e-005 6.87785e-014 2.42656e-014 7.07069e-009 7.07069e-009
5.31 -1.43701e-005 5.35198e-014 -2.68121e-015 6.73598e-009 6.73598e-009
5.32 -1.51135e-005 -6.86026e-015 -3.37415e-014 6.07056e-009 6.07056e-009
5.33 -1.59337e-005 -1.71011e-014 -7.00156e-014 5.0972e-009 5.0972e-009
5.34 -1.68424e-005 2.54873e-013 5.4886e-014 3.93929e-009 3.93929e-009
5.35 -1.78606e-005 1.50167e-013 -4.50219e-014 2.77128e-009 2.77128e-009
5.36 -1.90156e-005 6.84406e-013 6.3274e-013 1.71253e-009 1.71253e-009
5.37 -2.03109e-005 5.76233e-013 8.50248e-013 7.55341e-010 7.55341e-010
5.38 -2.17008e-005 2.69888e-013 3.64023e-013 -2.06341e-010 -2.06341e-010
5.39 -2.31199e-005 2.36049e-014 1.25266e-013 -1.29645e-009 -1.29645e-009
5.4 -2.45318e-005 9.91342e-014 8.04815e-014 -2.62078e-009 -2.62078e-009
5.41 -2.59358e-005 7.11859e-013 2.79663e-013 -4.27507e-009 -4.27507e-009
5.42 -2.73416e-005 9.03344e-013 7.91209e-013 -6.31892e-009 -6.31892e-009
5.43 -2.87425e-005 1.53883e-011 -1.16259e-011 -8.70165e-009 -8.70165e-009
5.44 -3.01101e-005 -2.39078e-011 6.19592e-012 -1.1222e-008 -1.1222e-008
5.45 -3.14243e-005 -5.22297e-011 7.83011e-011 -1.35993e-008 -1.35993e-008
5.46 -3.26918e-005 -1.84237e-011 -4.69792e-011 -1.5628e-008 -1.5628e-008
5.47 -3.3922e-005 2.12342e-012 -6.81864e-011 -1.72903e-008 -1.72903e-008
5.48 -3.51275e-005 4.42692e-011 1.60014e-011 -1.87346e-008 -1.87346e-008
5.49 -3.63148e-005 7.06059e-012 9.60502e-012 -2.01607e-008 -2.01607e-008
5.5 -3.74693e-005 2.12436e-012 3.00139e-012 -2.17131e-008 -2.17131e-008
5.51 -3.8545e-005 1.55184e-012 1.46704e-012 -2.34286e-008 -2.34286e-008
5.52 -3.94931e-005 2.48944e-012 3.12668e-012 -2.52485e-008 -2.52485e-008
5.53 -4.02911e-005 5.76806e-012 6.9299e-012 -2.70826e-008 -2.70826e-008
5.54 -4.09349e-005 -2.2256e-012 -2.60791e-012 -2.88637e-008 -2.88637e-008
5.55 -4.14269e-005 1.32196e-012 7.73984e-013 -3.05411e-008 -3.05411e-008
5.56 -4.17717e-005 -3.08506e-013 -7.56065e-013 -3.20433e-008 -3.20433e-008
5.57 -4.19679e-005 2.63208e-013 3.66989e-013 -3.3269e-008 -3.3269e-008
5.58 -4.20071e-005 2.50768e-011 -2.39068e-012 -3.41037e-008 -3.41037e-008
5.59 -4.18862e-005 2.10791e-012 8.57062e-012 -3.4441e-008 -3.4441e-008
5.6 -4.15996e-005 4.28164e-012 1.42687e-011 -3.4199e-008 -3.4199e-008
5.61 -4.11358e-005 3.02304e-012 3.8877e-013 -3.33383e-008 -3.33383e-008
5.62 -4.04907e-005 7.96616e-013 1.42646e-012 -3.1878e-008 -3.1878e-008
5.63 -3.96879e-005 2.28684e-012 1.80639e-012 -2.99142e-008 -2.99142e-008
5.64 -3.87749e-005 4.66701e-012 3.02316e-012 -2.76196e-008 -2.76196e-008
5.65 -3.77939e-005 2.95501e-012 1.20772e-012 -2.51947e-008 -2.51947e-008
5.66 -3.6759e-005 2.67305e-012 7.19094e-012 -2.27792e-008 -2.27792e-008
5.67 -3.56605e-005 -1.04756e-012 1.49581e-012 -2.03899e-008 -2.03899e-008
5.68 -3.44911e-005 -6.00944e-013 2.91688e-012 -1.79479e-008 -1.79479e-008
5.69 -3.32656e-005 8.08171e-014 7.43335e-012 -1.53741e-008 -1.53741e-008
5.7 -3.20175e-005 -5.45648e-013 8.22164e-012 -1.26618e-008 -1.26618e-008
5.71 -3.07792e-005 -1.20954e-012 -1.44885e-012 -9.85717e-009 -9.85717e-009
5.72 -2.95739e-005 1.9539e-012 1.21218e-011 -6.98246e-009 -6.98246e-009
5.73 -2.84272e-005 -3.60197e-012 -9.58116e-012 -4.00079e-009 -4.00079e-009
5.74 -2.73825e-005 1.48908e-012 1.20954e-011 -8.72009e-010 -8.72009e-010
5.75 -2.64984e-005 -9.02153e-012 -2.25427e-013 2.36356e-009 2.36356e-009
5.76 -2.58262e-005 5.29953e-011 4.06614e-011 5.57474e-009 5.57474e-009
5.77 -2.53913e-005 3.20942e-011 1.64774e-011 8.62315e-009 8.62315e-009
5.78 -2.51844e-005 -1.23566e-011 -3.94371e-012 1.14563e-008 1.14563e-008
5.79 -2.51563e-005 7.11435e-012 5.62662e-012 1.41259e-008 1.41259e-008
5.8 -2.52178e-005 -2.40197e-013 2.69266e-012 1.67365e-008 1.67365e-008
5.81 -2.52681e-005 1.39896e-012 2.13321e-013 1.93748e-008 1.93748e-008
5.82 -2.52596e-005 -3.00973e-013 -9.78191e-014 2.20318e-008 2.20318e-008
5.83 -2.52335e-005 5.43071e-013 6.3035e-014 2.45269e-008 2.45269e-008
5.84 -2.52743e-005 1.17286e-013 -2.18197e-013 2.65275e-008 2.65275e-008
5.85 -2.54392e-005 2.50849e-013 -1.64835e-013 2.77403e-008 2.77403e-008
5.86 -2.57368e-005 5.70854e-014 -3.61354e-013 2.81436e-008 2.81436e-008
5.87 -2.61461e-005 1.4843e-013 -1.03937e-013 2.80185e-008 2.80185e-008
5.88 -2.66277e-005 5.09005e-014 -4.01408e-013 2.77322e-008 2.77322e-008
5.89 -2.71391e-005 -7.53183e-014 -2.42205e-013 2.74754e-008 2.74754e-008
5.9 -2.76546e-005 -4.00881e-013 -6.88654e-013 2.716e-008 2.716e-008
5.91 -2.81591e-005 -2.43626e-013 -4.75322e-013 2.64994e-008 2.64994e-008
5.92 -2.86411e-005 1.07454e-013 -7.76555e-014 2.51631e-008 2.51631e-008
5.93 -2.91016e-005 8.84365e-013 4.31123e-014 2.28908e-008 2.28908e-008
5.94 -2.95505e-005 1.80289e-013 -3.85296e-014 1.95441e-008 1.95441e-008
5.95 -2.99883e-005 4.97304e-013 -1.81092e-013 1.51431e-008 1.51431e-008
5.96 -3.0394e-005 -1.0895e-013 -4.4207e-013 9.89988e-009 9.89988e-009
5.97 -3.0735e-005 1.54037e-013 -1.95301e-013 4.19721e-009 4.19721e-009
5.98 -3.09847e-005 2.37291e-013 -2.32334e-013 -1.52086e-009 -1.52086e-009
5.99 -3.11161e-005 6.68292e-013 4.92324e-014 -6.88478e-009 -6.88478e-009
6 -3.10729e-005 -9.08461e-013 1.34761e-013 -1.16615e-008 -1.16615e-008
6.01 -3.07608e-005 -2.46544e-014 2.59267e-013 -1.57237e-008 -1.57237e-008
6.02 -3.00862e-005 -3.68033e-012 1.51907e-012 -1.9012e-008 -1.9012e-008
6.03 -2.89937e-005 -1.36882e-011 1.03929e-011 -2.15471e-008 -2.15471e-008
6.04 -2.74782e-005 -3.4333e-011 3.58722e-011 -2.34316e-008 -2.34316e-008
6.05 -2.55833e-005 -8.90767e-011 1.10234e-010 -2.4779e-008 -2.4779e-008
6.06 -2.33884e-005 -6.2701e-011 4.82546e-011 -2.56177e-008 -2.56177e-008
6.07 -2.09949e-005 2.10657e-012 -3.58546e-011 -2.586e-008 -2.586e-008
6.08 -1.85119e-005 -1.77526e-011 4.72339e-012 -2.53691e-008 -2.53691e-008
6.09 -1.60264e-005 1.34814e-010 1.7446e-011 -2.4067e-008 -2.4067e-008
6.1 -1.35883e-005 6.68983e-011 1.3924e-011 -2.19953e-008 -2.19953e-008
6.11 -1.12265e-005 -1.01387e-010 -1.02969e-010 -1.93061e-008 -1.93061e-008
6.12 -8.97474e-006 -3.1255e-011 -3.13425e-011 -1.62181e-008 -1.62181e-008
6.13 -6.87418e-006 4.3869e-011 2.32741e-011 -1.2951e-008 -1.2951e-008
6.14 -4.98548e-006 -1.08345e-011 -1.40385e-011 -9.64507e-009 -9.64507e-009
6.15 -3.4122e-006 1.93261e-011 2.70503e-011 -6.3177e-009 -6.3177e-009
6.16 -2.28211e-006 -7.00541e-012 -1.43425e-011 -2.88592e-009 -2.88592e-009
6.17 -1.7071e-006 3.16757e-012 5.6909e-012 7.8689e-010 7.8689e-010
6.18 -1.7644e-006 -1.06342e-012 -2.39166e-012 4.85514e-009 4.85514e-009
6.19 -2.47934e-006 7.69095e-013 4.3082e-012 9.46126e-009 9.46126e-009
6.2 -3.81212e-006 6.83915e-011 -4.59221e-011 1.4716e-008 1.4716e-008
6.21 -5.68999e-006 -1.75733e-011 1.08826e-011 2.06778e-008 2.06778e-008
6.22 -8.05965e-006 7.1217e-012 -3.57328e-012 2.72893e-008 2.72893e-008
6.23 -1.09004e-005 -2.72497e-012 1.45792e-012 3.42903e-008 3.42903e-008
6.24 -1.42021e-005 1.38856e-012 -6.66655e-013 4.122e-008 4.122e-008
6.25 -1.79181e-005 -3.31457e-013 2.37408e-013 4.75802e-008 4.75802e-008
6.26 -2.19334e-005 9.79602e-011 -9.94483e-011 5.30694e-008 5.30694e-008
6.27 -2.60672e-005 4.06667e-010 -2.28557e-010 5.77014e-008 5.77014e-008
6.28 -3.01356e-005 2.30663e-011 1.61461e-010 6.1718e-008 6.1718e-008
6.29 -3.4024e-005 -2.05007e-011 -7.86751e-012 6.53514e-008 6.53514e-008
6.3 -3.77339e-005 1.27975e-011 -3.81763e-011 6.85748e-008 6.85748e-008
6.31 -4.13262e-005 -2.69486e-010 2.53256e-012 7.10178e-008 7.10178e-008
6.32 -4.48235e-005 -6.50329e-011 -5.62394e-011 7.21424e-008 7.21424e-008
6.33 -4.80815e-005 3.39364e-010 -4.02121e-011 7.15347e-008 7.15347e-008
6.34 -5.08638e-005 6.22619e-011 4.78247e-011 6.90402e-008 6.90402e-008
6.35 -5.29128e-005 1.52563e-011 5.51999e-011 6.46562e-008 6.46562e-008
6.36 -5.40439e-005 -3.91756e-011 -3.8256e-012 5.83405e-008 5.83405e-008
6.37 -5.42432e-005 3.93062e-011 -1.95628e-011 4.99098e-008 4.99098e-008
6.38 -5.36873e-005 -4.18689e-011 -1.57186e-011 3.90748e-008 3.90748e-008
6.39 -5.25965e-005 -1.42903e-011 -1.84766e-012 2.56088e-008 2.56088e-008
6.4 -5.10908e-005 1.40673e-010 -1.22464e-011 9.60497e-009 9.60497e-009
6.41 -4.92005e-005 -8.33794e-012 6.76102e-012 -8.39223e-009 -8.39223e-009
6.42 -4.69546e-005 -2.27044e-011 -3.63456e-012 -2.75889e-008 -2.75889e-008
6.43 -4.44066e-005 1.00185e-011 1.20676e-012 -4.73059e-008 -4.73059e-008
6.44 -4.16362e-005 -3.67141e-012 -8.1865e-013 -6.71134e-008 -6.71134e-008
6.45 -3.87648e-005 2.05588e-012 2.86957e-014 -8.66518e-008 -8.66518e-008
6.46 -3.59463e-005 3.07572e-012 3.84776e-012 -1.05415e-007 -1.05415e-007
6.47 -3.33084e-005 3.23427e-011 3.94203e-011 -1.22711e-007 -1.22711e-007
6.48 -3.09047e-005 -5.62119e-012 -1.62768e-011 -1.37755e-007 -1.37755e-007
6.49 -2.87348e-005 -1.7527e-010 5.48529e-011 -1.49799e-007 -1.49799e-007
6.5 -2.68032e-005 -2.63157e-011 1.28146e-010 -1.58256e-007 -1.58256e-007
6.51 -2.51282e-005 1.14165e-010 4.81023e-011 -1.62796e-007 -1.62796e-007
6.52 -2.37203e-005 -1.52372e-011 1.10936e-011 -1.63303e-007 -1.63303e-007
6.53 -2.25503e-005 2.53724e-011 2.08977e-011 -1.59671e-007 -1.59671e-007
6.54 -2.15298e-005 9.99858e-011 1.00584e-010 -1.51626e-007 -1.51626e-007
6.55 -2.0578e-005 4.44209e-011 3.31544e-011 -1.38805e-007 -1.38805e-007
6.56 -1.96853e-005 -1.79731e-011 -1.40436e-011 -1.2113e-007 -1.2113e-007
6.57 -1.89154e-005 8.05058e-012 5.56062e-012 -9.91579e-008 -9.91579e-008
6.58 -1.83755e-005 -2.63273e-012 -3.06267e-012 -7.4082e-008 -7.4082e-008
6.59 -1.81702e-005 2.434e-012 -1.50387e-012 -4.73496e-008 -4.73496e-008
6.6 -1.83434e-005 2.199e-012 -6.13301e-012 -2.01732e-008 -2.01732e-008
6.61 -1.88537e-005 4.1173e-013 -6.49618e-012 6.76618e-009 6.76618e-009
6.62 -1.95955e-005 -4.18096e-012 -1.13212e-011 3.32653e-008 3.32653e-008
6.63 -2.0432e-005 -1.68661e-010 -2.29637e-010 5.92735e-008 5.92735e-008
6.64 -2.1224e-005 6.68751e-013 1.81106e-010 8.45257e-008 8.45257e-008
6.65 -2.1857e-005 -1.95059e-010 -6.81802e-011 1.08352e-007 1.08352e-007
6.66 -2.22346e-005 -2.35277e-010 -1.66997e-010 1.29751e-007 1.29751e-007
6.67 -2.22717e-005 -1.16702e-010 2.88803e-011 1.47654e-007 1.47654e-007
6.68 -2.19108e-005 -8.64401e-011 -4.35543e-011 1.6123e-007 1.6123e-007
6.69 -2.11588e-005 8.35319e-012 4.64987e-011 1.70044e-007 1.70044e-007
6.7 -2.00908e-005 -3.92866e-011 -7.95024e-011 1.74043e-007 1.74043e-007
6.71 -1.88205e-005 -2.82174e-010 -1.86732e-010 1.7346e-007 1.7346e-007
6.72 -1.74574e-005 -7.53416e-011 -1.52364e-011 1.68721e-007 1.68721e-007
6.73 -1.60677e-005 3.22885e-011 5.25644e-012 1.60318e-007 1.60318e-007
6.74 -1.47026e-005 -1.2209e-011 -5.78347e-012 1.48639e-007 1.48639e-007
6.75 -1.33967e-005 1.21482e-011 -4.79931e-012 1.33811e-007 1.33811e-007
6.76 -1.21711e-005 1.99773e-011 -1.23679e-011 1.15747e-007 1.15747e-007
6.77 -1.10784e-005 3.26568e-011 2.62043e-012 9.43819e-008 9.43819e-008
6.78 -1.02065e-005 1.30706e-011 8.0963e-011 6.99537e-008 6.99537e-008
6.79 -9.64099e-006 5.91272e-011 1.29988e-010 4.31735e-008 4.31735e-008
6.8 -9.433e-006 -1.45146e-011 1.02338e-011 1.52501e-008 1.52501e-008
6.81 -9.59994e-006 4.44766e-011 -1.68108e-010 -1.22627e-008 -1.22627e-008
6.82 -1.0136e-005 1.69719e-010 -1.95741e-010 -3.77848e-008 -3.77848e-008
6.83 -1.10142e-005 4.05576e-011 -1.4177e-011 -6.00639e-008 -6.00639e-008
6.84 -1.21602e-005 5.73173e-012 1.77235e-011 -7.83805e-008 -7.83805e-008
6.85 -1.34607e-005 1.30419e-010 -1.36674e-010 -9.25306e-008 -9.25306e-008
6.86 -1.4819e-005 5.53068e-011 -8.26727e-011 -1.027e-007 -1.027e-007
6.87 -1.61848e-005 -2.3631e-011 1.40573e-011 -1.09355e-007 -1.09355e-007
6.88 -1.75253e-005 -8.78053e-012 -3.7392e-011 -1.1311e-007 -1.1311e-007
6.89 -1.87924e-005 -2.69852e-011 -2.72745e-011 -1.14527e-007 -1.14527e-007
6.9 -1.9929e-005 -1.72735e-011 -1.16118e-011 -1.13935e-007 -1.13935e-007
6.91 -2.09055e-005 -2.63717e-011 -6.18336e-012 -1.1147e-007 -1.1147e-007
6.92 -2.17261e-005 -2.03267e-011 1.66609e-012 -1.07282e-007 -1.07282e-007
6.93 -2.23707e-005 -3.00491e-011 6.39526e-012 -1.01701e-007 -1.01701e-007
6.94 -2.27405e-005 -4.78718e-011 -2.05597e-011 -9.51554e-008 -9.51554e-008
6.95 -2.26782e-005 -1.72182e-010 -2.05272e-010 -8.79528e-008 -8.79528e-008
6.96 -2.20518e-005 -3.57077e-010 -9.96569e-011 -8.02161e-008 -8.02161e-008
6.97 -2.08035e-005 -8.63745e-011 1.17846e-011 -7.20354e-008 -7.20354e-008
6.98 -1.89344e-005 -2.73959e-010 -9.60467e-011 -6.36226e-008 -6.36226e-008
6.99 -1.6476e-005 -8.48399e-011 -1.33861e-010 -5.52647e-008 -5.52647e-008
7 -1.34989e-005 4.1071e-011 3.77066e-011 -4.71544e-008 -4.71544e-008
7.01 -1.01632e-005 -5.77956e-010 -5.47308e-010 -3.93384e-008 -3.93384e-008
7.02 -6.71503e-006 -2.18859e-010 -2.25931e-010 -3.18521e-008 -3.18521e-008
7.03 -3.39123e-006 -2.6577e-010 -3.21857e-010 -2.48345e-008 -2.48345e-008
7.04 -3.02692e-007 -1.25959e-010 -1.78595e-010 -1.84182e-008 -1.84182e-008
7.05 2.53289e-006 6.04948e-011 4.81744e-011 -1.24965e-008 -1.24965e-008
7.06 5.18419e-006 -3.98652e-012 -5.85553e-011 -6.66051e-009 -6.66051e-009
7.07 7.67423e-006 4.58712e-011 -2.50308e-011 -4.32415e-010 -4.32415e-010
7.08 9.94267e-006 2.02004e-011 -2.39661e-011 6.42903e-009 6.42903e-009
7.09 1.18847e-005 -1.45371e-010 -4.83635e-011 1.38837e-008 1.38837e-008
7.1 1.33911e-005 -2.25028e-010 -1.17583e-010 2.18628e-008 2.18628e-008
7.11 1.43675e-005 -2.70242e-010 -1.14864e-010 3.05212e-008 3.05212e-008
7.12 1.47336e-005 -1.33165e-010 -6.76207e-011 4.02219e-008 4.02219e-008
7.13 1.44599e-005 1.62525e-010 2.23195e-010 5.13115e-008 5.13115e-008
7.14 1.3576e-005 -7.53042e-011 -1.18626e-010 6.3933e-008 6.3933e-008
7.15 1.21546e-005 2.57121e-011 2.59068e-011 7.79813e-008 7.79813e-008
7.16 1.03029e-005 -2.38736e-011 -2.94506e-011 9.30978e-008 9.30978e-008
7.17 8.13243e-006 -1.6238e-011 -1.78642e-011 1.08617e-007 1.08617e-007
7.18 5.74214e-006 -4.46467e-011 -2.86175e-011 1.23529e-007 1.23529e-007
7.19 3.19965e-006 -2.78043e-011 -5.82533e-013 1.36573e-007 1.36573e-007
7.2 5.37644e-007 -2.46237e-011 1.17601e-011 1.46457e-007 1.46457e-007
7.21 -2.24608e-006 -2.89355e-011 2.4302e-011 1.52138e-007 1.52138e-007
7.22 -5.20217e-006 -5.42859e-011 6.02011e-011 1.53029e-007 1.53029e-007
7.23 -8.41396e-006 2.61546e-011 -3.01357e-011 1.49054e-007 1.49054e-007
7.24 -1.19404e-005 6.61912e-011 -7.17429e-011 1.40588e-007 1.40588e-007
7.25 -1.57633e-005 4.81264e-011 -5.54094e-011 1.28345e-007 1.28345e-007
7.26 -1.97795e-005 -2.80903e-011 1.28429e-011 1.13192e-007 1.13192e-007
7.27 -2.38318e-005 2.21935e-012 -1.76311e-011 9.58837e-008 9.58837e-008
7.28 -2.77429e-005 -2.25482e-012 5.3852e-012 7.68217e-008 7.68217e-008
7.29 -3.13365e-005 8.85279e-013 -4.38137e-012 5.59986e-008 5.59986e-008
7.3 -3.44744e-005 -2.51983e-013 -4.89348e-012 3.32022e-008 3.32022e-008
7.31 -3.71159e-005 1.93111e-011 1.19819e-011 8.33116e-009 8.33116e-009
7.32 -3.93201e-005 -3.63835e-011 -4.49027e-011 -1.83783e-008 -1.83783e-008
7.33 -4.11468e-005 -2.07013e-011 -2.45174e-011 -4.62504e-008 -4.62504e-008
7.34 -4.25787e-005 3.3668e-011 3.74063e-011 -7.4146e-008 -7.4146e-008
7.35 -4.35298e-005 2.96244e-010 1.82951e-010 -1.00594e-007 -1.00594e-007
7.36 -4.39436e-005 -2.10205e-010 -2.53689e-010 -1.24186e-007 -1.24186e-007
7.37 -4.38793e-005 9.27659e-012 -8.53599e-012 -1.44087e-007 -1.44087e-007
7.38 -4.34354e-005 1.22947e-010 1.09642e-010 -1.60219e-007 -1.60219e-007
7.39 -4.26993e-005 1.3118e-010 6.4887e-011 -1.72924e-007 -1.72924e-007
7.4 -4.17327e-005 -2.91818e-011 -6.91805e-011 -1.82401e-007 -1.82401e-007
7.41 -4.06106e-005 5.1502e-012 2.30384e-011 -1.8843e-007 -1.8843e-007
7.42 -3.94584e-005 -6.32694e-012 -1.44049e-011 -1.90554e-007 -1.90554e-007
7.43 -3.84224e-005 1.12745e-011 -9.37108e-012 -1.88381e-007 -1.88381e-007
7.44 -3.75786e-005 -3.54386e-012 4.26404e-012 -1.81672e-007 -1.81672e-007
7.45 -3.6886e-005 4.64006e-012 1.83862e-011 -1.70229e-007 -1.70229e-007
7.46 -3.62372e-005 2.24279e-012 1.86834e-011 -1.539e-007 -1.539e-007
7.47 -3.55388e-005 -1.73841e-012 6.3366e-011 -1.32845e-007 -1.32845e-007
7.48 -3.477e-005 -1.08614e-011 -3.77076e-011 -1.07858e-007 -1.07858e-007
7.49 -3.39808e-005 -2.04518e-010 2.61697e-010 -8.03705e-008 -8.03705e-008
7.5 -3.3228e-005 -1.0761e-010 1.09017e-010 -5.20813e-008 -5.20813e-008
7.51 -3.25449e-005 -6.2608e-011 -2.44602e-012 -2.44526e-008 -2.44526e-008
7.52 -3.19541e-005 2.36513e-011 -8.87545e-012 1.57752e-009 1.57752e-009
7.53 -3.14969e-005 -2.36159e-011 3.56914e-011 2.55666e-008 2.55666e-008
7.54 -3.121e-005 -2.51456e-011 4.57708e-011 4.7387e-008 4.7387e-008
7.55 -3.10932e-005 1.40972e-011 -1.7344e-011 6.70839e-008 6.70839e-008
7.56 -3.10624e-005 2.31183e-012 1.17751e-011 8.47988e-008 8.47988e-008
7.57 -3.09597e-005 7.76886e-012 -8.46221e-012 1.00679e-007 1.00679e-007
7.58 -3.06602e-005 6.13096e-012 -1.15168e-011 1.14706e-007 1.14706e-007
7.59 -3.01813e-005 1.56179e-013 -1.03434e-011 1.26492e-007 1.26492e-007
7.6 -2.96558e-005 2.55634e-011 1.61934e-013 1.35293e-007 1.35293e-007
7.61 -2.92153e-005 9.15137e-011 -7.381e-011 1.40385e-007 1.40385e-007
7.62 -2.89137e-005 -1.3973e-011 -5.06571e-011 1.41617e-007 1.41617e-007
7.63 -2.87339e-005 -1.58124e-011 -3.72326e-012 1.39641e-007 1.39641e-007
7.64 -2.86536e-005 3.85222e-012 2.46459e-012 1.3558e-007 1.3558e-007
7.65 -2.86938e-005 -4.32514e-012 -2.30123e-012 1.30398e-007 1.30398e-007
7.66 -2.89218e-005 2.61113e-012 -6.85648e-012 1.24452e-007 1.24452e-007
7.67 -2.94298e-005 -3.97745e-013 -4.02931e-012 1.17451e-007 1.17451e-007
7.68 -3.02573e-005 -6.26634e-013 -6.62222e-013 1.08752e-007 1.08752e-007
7.69 -3.13399e-005 7.58944e-013 -3.32067e-013 9.77482e-008 9.77482e-008
7.7 -3.25642e-005 4.65122e-012 -1.78946e-012 8.41392e-008 8.41392e-008
7.71 -3.38658e-005 4.42569e-012 4.35074e-013 6.79825e-008 6.79825e-008
7.72 -3.52565e-005 2.00487e-012 -1.24239e-012 4.96093e-008 4.96093e-008
7.73 -3.67749e-005 1.01876e-011 5.0379e-012 2.96049e-008 2.96049e-008
7.74 -3.84468e-005 1.91468e-010 2.1687e-010 8.84629e-009 8.84629e-009
7.75 -4.02987e-005 -8.64477e-012 5.43533e-012 -1.16164e-008 -1.16164e-008
7.76 -4.23535e-005 -7.02194e-012 -3.21015e-011 -3.09063e-008 -3.09063e-008
7.77 -4.45953e-005 -2.08957e-011 -3.97678e-011 -4.86442e-008 -4.86442e-008
7.78 -4.69279e-005 9.02836e-012 6.9417e-012 -6.49595e-008 -6.49595e-008
7.79 -4.91586e-005 -1.50589e-011 -1.16496e-011 -8.0194e-008 -8.0194e-008
7.8 -5.10559e-005 -2.86452e-011 -4.00156e-011 -9.45737e-008 -9.45737e-008
7.81 -5.24298e-005 -3.83471e-011 -5.44186e-011 -1.08085e-007 -1.08085e-007
7.82 -5.32064e-005 -3.41243e-011 -5.24098e-011 -1.20559e-007 -1.20559e-007
7.83 -5.3468e-005 -1.67544e-011 -3.65898e-011 -1.31829e-007 -1.31829e-007
7.84 -5.34134e-005 -3.62898e-012 -1.91364e-011 -1.41818e-007 -1.41818e-007
7.85 -5.32568e-005 -5.13391e-012 1.12554e-012 -1.50509e-007 -1.50509e-007
7.86 -5.31654e-005 -7.53262e-012 -5.44943e-012 -1.57858e-007 -1.57858e-007
7.87 -5.32388e-005 -1.37118e-010 2.31417e-010 -1.63767e-007 -1.63767e-007
7.88 -5.34816e-005 -1.92115e-010 1.74306e-010 -1.68111e-007 -1.68111e-007
7.89 -5.37954e-005 3.06752e-010 -2.88457e-010 -1.70696e-007 -1.70696e-007
7.9 -5.40068e-005 3.81804e-010 -5.37953e-010 -1.71155e-007 -1.71155e-007
7.91 -5.39246e-005 9.97873e-011 -1.47835e-010 -1.68922e-007 -1.68922e-007
7.92 -5.34047e-005 -2.59859e-011 5.97193e-011 -1.63415e-007 -1.63415e-007
7.93 -5.24126e-005 -9.02771e-011 2.50878e-011 -1.54348e-007 -1.54348e-007
7.94 -5.10256e-005 -2.7229e-011 3.5644e-011 -1.41947e-007 -1.41947e-007
7.95 -4.93705e-005 2.14545e-011 -2.67822e-011 -1.26871e-007 -1.26871e-007
7.96 -4.75512e-005 -1.31123e-011 1.00415e-011 -1.09877e-007 -1.09877e-007
7.97 -4.56216e-005 1.02596e-011 -4.39382e-011 -9.14774e-008 -9.14774e-008
7.98 -4.35843e-005 5.80082e-012 -2.64411e-011 -7.18512e-008 -7.18512e-008
7.99 -4.14205e-005 2.07953e-011 3.08025e-012 -5.10305e-008 -5.10305e-008
8 -3.91346e-005 1.17958e-011 -3.67148e-011 -2.91974e-008 -2.91974e-008
8.01 -3.67399e-005 -7.67676e-012 -3.97628e-011 -6.87621e-009 -6.87621e-009
8.02 -3.42099e-005 7.50931e-012 8.02675e-012 1.51066e-008 1.51066e-008
8.03 -3.14808e-005 -2.78648e-011 -5.09358e-011 3.58363e-008 3.58363e-008
8.04 -2.85262e-005 -7.43744e-011 -7.50794e-011 5.45018e-008 5.45018e-008
8.05 -2.54162e-005 2.38933e-011 3.29988e-011 7.04602e-008 7.04602e-008
8.06 -2.22813e-005 -4.71066e-011 -3.12376e-011 8.33056e-008 8.33056e-008
8.07 -1.92099e-005 -1.37989e-010 -1.28713e-010 9.30719e-008 9.30719e-008
8.08 -1.62239e-005 -1.30577e-010 -9.12923e-011 1.00392e-007 1.00392e-007
8.09 -1.33229e-005 3.19143e-011 1.21408e-010 1.06279e-007 1.06279e-007
8.1 -1.05231e-005 1.69344e-010 8.76407e-011 1.11521e-007 1.11521e-007
8.11 -7.8349e-006 1.34001e-010 8.93882e-011 1.1614e-007 1.1614e-007
8.12 -5.23985e-006 -3.55409e-010 1.69311e-010 1.19333e-007 1.19333e-007
8.13 -2.71796e-006 -2.12875e-010 1.81291e-010 1.1987e-007 1.1987e-007
8.14 -2.59803e-007 8.43145e-012 5.68374e-011 1.16607e-007 1.16607e-007
8.15 2.09057e-006 -1.72019e-011 -4.70549e-011 1.08881e-007 1.08881e-007
8.16 4.27632e-006 3.25924e-011 -5.38343e-011 9.67212e-008 9.67212e-008
8.17 6.21264e-006 -5.96833e-011 1.05218e-010 8.08833e-008 8.08833e-008
8.18 7.80252e-006 -1.47467e-011 1.13886e-011 6.26528e-008 6.26528e-008
8.19 8.95713e-006 8.60925e-012 -7.36223e-011 4.3477e-008 4.3477e-008
8.2 9.62851e-006 -9.46968e-012 3.24302e-012 2.45879e-008 2.45879e-008
8.21 9.83759e-006 1.91758e-011 -1.47094e-011 6.81588e-009 6.81588e-009
8.22 9.66846e-006 -1.02193e-011 3.57728e-012 -9.35984e-009 -9.35984e-009
8.23 9.24964e-006 5.11786e-012 -1.35379e-012 -2.36329e-008 -2.36329e-008
8.24 8.72181e-006 4.36044e-012 -4.14701e-012 -3.56987e-008 -3.56987e-008
8.25 8.19147e-006 -6.2522e-012 2.74808e-012 -4.51841e-008 -4.51841e-008
8.26 7.70443e-006 1.26035e-013 1.66889e-013 -5.17031e-008 -5.17031e-008
8.27 7.26302e-006 -4.70906e-011 5.81021e-011 -5.4979e-008 -5.4979e-008
8.28 6.85245e-006 -5.1799e-011 1.13441e-010 -5.49436e-008 -5.49436e-008
8.29 6.44438e-006 -1.6165e-011 4.50485e-011 -5.17925e-008 -5.17925e-008
8.3 6.00787e-006 -4.01465e-012 -4.71069e-011 -4.60079e-008 -4.60079e-008
8.31 5.54622e-006 -8.34952e-012 1.06539e-010 -3.83092e-008 -3.83092e-008
8.32 5.11875e-006 -7.76969e-011 1.52121e-012 -2.9488e-008 -2.9488e-008
8.33 4.79611e-006 -2.88509e-010 3.3308e-010 -2.02043e-008 -2.02043e-008
8.34 4.62604e-006 -1.35574e-010 2.69267e-010 -1.08696e-008 -1.08696e-008
8.35 4.68168e-006 -7.19339e-011 1.71653e-010 -1.63801e-009 -1.63801e-009
8.36 5.03026e-006 -5.90876e-010 6.94925e-010 7.56148e-009 7.56148e-009
8.37 5.71e-006 -1.14173e-009 1.1437e-009 1.6981e-008 1.6981e-008
8.38 6.76373e-006 -1.34503e-009 1.09829e-009 2.69599e-008 2.69599e-008
8.39 8.16e-006 -2.58667e-009 2.90607e-009 3.777e-008 3.777e-008
8.4 9.84067e-006 -1.27518e-009 1.14397e-009 4.9478e-008 4.9478e-008
8.41 1.17328e-005 -1.2637e-009 1.36153e-009 6.19349e-008 6.19349e-008
8.42 1.37747e-005 -2.37053e-009 2.73424e-009 7.4904e-008 7.4904e-008
8.43 1.59545e-005 -9.91766e-010 1.13819e-009 8.8175e-008 8.8175e-008
8.44 1.82448e-005 -6.59834e-010 1.01114e-009 1.01554e-007 1.01554e-007
8.45 2.06232e-005 -1.63821e-009 3.72989e-009 1.14778e-007 1.14778e-007
8.46 2.30928e-005 -9.05078e-010 1.74061e-009 1.27485e-007 1.27485e-007
8.47 2.56158e-005 -4.35026e-010 1.6307e-009 1.39281e-007 1.39281e-007
8.48 2.81276e-005 -1.14321e-009 3.76608e-009 1.49843e-007 1.49843e-007
8.49 3.05837e-005 2.98786e-010 4.72143e-010 1.5903e-007 1.5903e-007
8.5 3.29267e-005 5.93651e-010 7.7298e-010 1.66992e-007 1.66992e-007
8.51 3.51124e-005 -5.40991e-010 3.2458e-009 1.74159e-007 1.74159e-007
8.52 3.70854e-005 -1.15425e-010 3.45465e-010 1.81086e-007 1.81086e-007
8.53 3.86824e-005 -2.43205e-010 5.22665e-010 1.88202e-007 1.88202e-007
8.54 3.97642e-005 -9.8864e-011 1.67421e-010 1.95644e-007 1.95644e-007
8.55 4.02894e-005 -1.2166e-010 1.38403e-010 2.03274e-007 2.03274e-007
8.56 4.0248e-005 7.18745e-011 4.66441e-011 2.10828e-007 2.10828e-007
8.57 3.96626e-005 1.41728e-010 -1.92123e-010 2.18037e-007 2.18037e-007
8.58 3.86004e-005 1.27601e-010 -7.26209e-011 2.24623e-007 2.24623e-007
8.59 3.71379e-005 -1.63371e-010 1.82904e-010 2.30235e-007 2.30235e-007
8.6 3.53478e-005 -3.29184e-010 3.94101e-011 2.34462e-007 2.34462e-007
8.61 3.332e-005 -4.16542e-010 5.40305e-011 2.36975e-007 2.36975e-007
8.62 3.11679e-005 7.01583e-011 -1.19315e-010 2.37665e-007 2.37665e-007
8.63 2.9018e-005 -2.74185e-010 7.70242e-011 2.36656e-007 2.36656e-007
8.64 2.69842e-005 -6.08446e-010 5.22635e-010 2.34159e-007 2.34159e-007
8.65 2.515e-005 -1.37788e-010 -3.77969e-010 2.30359e-007 2.30359e-007
8.66 2.35935e-005 1.57831e-009 -1.4634e-009 2.25376e-007 2.25376e-007
8.67 2.23774e-005 1.58899e-010 4.23184e-010 2.19298e-007 2.19298e-007
8.68 2.14769e-005 -1.39263e-010 1.08066e-009 2.12196e-007 2.12196e-007
8.69 2.08702e-005 3.67672e-010 3.94894e-010 2.04127e-007 2.04127e-007
8.7 2.05465e-005 5.9397e-010 -1.48248e-009 1.9513e-007 1.9513e-007
8.71 2.04633e-005 -5.11052e-011 3.55982e-010 1.8527e-007 1.8527e-007
8.72 2.05712e-005 4.21498e-010 1.69941e-009 1.74625e-007 1.74625e-007
8.73 2.07686e-005 -2.06705e-010 4.25809e-010 1.63203e-007 1.63203e-007
8.74 2.09298e-005 -6.66187e-010 1.75174e-009 1.50874e-007 1.50874e-007
8.75 2.09686e-005 -9.92224e-010 1.23459e-009 1.37473e-007 1.37473e-007
8.76 2.08172e-005 2.16075e-011 6.49369e-010 1.23063e-007 1.23063e-007
8.77 2.04446e-005 6.23092e-010 1.04944e-009 1.08143e-007 1.08143e-007
8.78 1.9828e-005 3.9288e-010 7.40217e-010 9.35148e-008 9.35148e-008
8.79 1.88913e-005 2.11847e-010 4.16759e-010 7.99297e-008 7.99297e-008
8.8 1.75131e-005 6.57398e-010 1.2837e-009 6.78403e-008 6.78403e-008
8.81 1.55526e-005 3.29815e-010 6.00238e-010 5.7432e-008 5.7432e-008
8.82 1.28664e-005 6.55206e-011 1.51905e-010 4.88218e-008 4.88218e-008
8.83 9.37216e-006 2.29706e-010 3.45442e-010 4.22086e-008 4.22086e-008
8.84 5.09356e-006 6.27261e-010 6.46865e-010 3.78916e-008 3.78916e-008
8.85 1.82333e-007 -4.2749e-010 -1.05494e-010 3.62173e-008 3.62173e-008
8.86 -5.14521e-006 5.48924e-010 8.25613e-010 3.74837e-008 3.74837e-008
8.87 -1.06521e-005 -1.02466e-010 9.22091e-010 4.17838e-008 4.17838e-008
8.88 -1.61499e-005 -8.73638e-011 2.97022e-010 4.88419e-008 4.88419e-008
8.89 -2.16001e-005 3.63948e-011 -6.83879e-011 5.79641e-008 5.79641e-008
8.9 -2.70333e-005 -1.6035e-010 4.22737e-011 6.81826e-008 6.81826e-008
8.91 -3.24696e-005 -7.9842e-010 7.0103e-011 7.85363e-008 7.85363e-008
8.92 -3.79256e-005 -7.06441e-010 1.5823e-010 8.8294e-008 8.8294e-008
8.93 -4.34301e-005 -3.04408e-010 -2.29656e-011 9.69604e-008 9.69604e-008
8.94 -4.90198e-005 -1.2532e-009 3.89177e-010 1.04113e-007 1.04113e-007
8.95 -5.47111e-005 -1.48693e-009 4.89757e-010 1.09269e-007 1.09269e-007
8.96 -6.05529e-005 -4.11531e-009 3.86869e-009 1.11879e-007 1.11879e-007
8.97 -6.64301e-005 -8.34161e-009 1.35267e-008 1.11394e-007 1.11394e-007
8.98 -7.22346e-005 -2.02183e-009 9.41614e-009 1.07281e-007 1.07281e-007
8.99 -7.78656e-005 2.91921e-009 1.15532e-009 9.90276e-008 9.90276e-008
9 -8.31794e-005 -2.62522e-010 1.47311e-009 8.62273e-008 8.62273e-008
9.01 -8.80309e-005 -2.53678e-009 2.79706e-009 6.874e-008 6.874e-008
9.02 -9.23e-005 -4.81996e-010 6.30286e-010 4.67905e-008 4.67905e-008
9.03 -9.59215e-005 -4.43919e-010 6.58351e-010 2.09216e-008 2.09216e-008
9.04 -9.88526e-005 6.24889e-010 -1.04144e-009 -7.96712e-009 -7.96712e-009
9.05 -0.000101075 2.15493e-011 6.13028e-010 -3.85291e-008 -3.85291e-008
9.06 -0.000102616 1.04062e-009 -1.14878e-009 -6.92921e-008 -6.92921e-008
9.07 -0.000103565 2.15101e-009 -2.04392e-009 -9.92008e-008 -9.92008e-008
9.08 -0.000104019 2.24407e-009 -2.22046e-009 -1.27794e-007 -1.27794e-007
9.09 -0.000104067 4.10766e-009 -3.09162e-009 -1.55053e-007 -1.55053e-007
9.1 -0.000103776 3.78296e-009 -3.28122e-009 -1.812e-007 -1.812e-007
9.11 -0.000103236 3.61003e-009 -1.33878e-009 -2.06459e-007 -2.06459e-007
9.12 -0.000102541 4.38244e-009 -3.2483e-009 -2.30791e-007 -2.30791e-007
9.13 -0.00010174 2.88401e-009 -2.28608e-009 -2.53766e-007 -2.53766e-007
9.14 -0.000100918 2.02535e-009 -1.83633e-009 -2.74669e-007 -2.74669e-007
9.15 -0.000100129 9.17165e-010 -2.63179e-010 -2.92765e-007 -2.92765e-007
9.16 -9.94511e-005 7.60422e-010 -2.6676e-010 -3.07533e-007 -3.07533e-007
9.17 -9.88661e-005 1.47326e-009 -5.2615e-010 -3.1874e-007 -3.1874e-007
9.18 -9.83109e-005 9.1763e-010 -4.09618e-010 -3.26323e-007 -3.26323e-007
9.19 -9.76985e-005 1.38365e-009 -1.74362e-009 -3.30189e-007 -3.30189e-007
9.2 -9.68585e-005 2.3116e-009 -1.56496e-009 -3.3015e-007 -3.3015e-007
9.21 -9.56267e-005 1.54056e-009 7.35555e-010 -3.26035e-007 -3.26035e-007
9.22 -9.39462e-005 1.00759e-009 -6.90546e-010 -3.17873e-007 -3.17873e-007
9.23 -9.17721e-005 1.80304e-010 -6.13314e-010 -3.05974e-007 -3.05974e-007
9.24 -8.90839e-005 2.27439e-010 -2.63046e-009 -2.90881e-007 -2.90881e-007
9.25 -8.58484e-005 6.32754e-010 -3.57491e-010 -2.73256e-007 -2.73256e-007
9.26 -8.20325e-005 -6.62263e-011 -1.14593e-009 -2.53805e-007 -2.53805e-007
9.27 -7.76271e-005 -4.67211e-010 -2.77681e-009 -2.3326e-007 -2.3326e-007
9.28 -7.26992e-005 -1.0221e-009 -4.93214e-009 -2.12383e-007 -2.12383e-007
9.29 -6.73376e-005 -2.3158e-010 -2.01151e-009 -1.91895e-007 -1.91895e-007
9.3 -6.16996e-005 -5.95968e-012 -4.63877e-009 -1.72356e-007 -1.72356e-007
9.31 -5.58879e-005 -5.89182e-011 -5.20053e-009 -1.54025e-007 -1.54025e-007
9.32 -4.99524e-005 -2.72753e-009 -3.73498e-009 -1.36807e-007 -1.36807e-007
9.33 -4.39508e-005 -1.30591e-009 -3.66958e-009 -1.20415e-007 -1.20415e-007
9.34 -3.79144e-005 -5.14635e-010 8.52706e-011 -1.04607e-007 -1.04607e-007
9.35 -3.1843e-005 3.55924e-010 -1.1861e-009 -8.92924e-008 -8.92924e-008
9.36 -2.57589e-005 -2.03943e-010 -1.66814e-009 -7.44682e-008 -7.44682e-008
9.37 -1.96893e-005 -7.66691e-010 -9.16681e-010 -6.01139e-008 -6.01139e-008
9.38 -1.36684e-005 -9.11527e-010 -1.74706e-009 -4.61634e-008 -4.61634e-008
9.39 -7.744e-006 -1.27993e-009 -2.025e-009 -3.25252e-008 -3.25252e-008
9.4 -1.91204e-006 -2.38764e-009 -2.35843e-009 -1.9126e-008 -1.9126e-008
9.41 3.769e-006 -2.59003e-009 -2.42127e-009 -6.00925e-009 -6.00925e-009
9.42 9.10988e-006 -1.24582e-009 -1.84879e-009 6.54629e-009 6.54629e-009
9.43 1.40567e-005 -7.42972e-010 4.16993e-011 1.80499e-008 1.80499e-008
9.44 1.85333e-005 -3.32992e-010 -4.57873e-010 2.80016e-008 2.80016e-008
9.45 2.24951e-005 1.18438e-009 2.12423e-009 3.61214e-008 3.61214e-008
9.46 2.59401e-005 7.08246e-010 -1.11011e-009 4.2441e-008 4.2441e-008
9.47 2.89018e-005 -2.46271e-011 -1.01494e-009 4.72148e-008 4.72148e-008
9.48 3.14441e-005 -1.84487e-009 -3.81062e-010 5.07276e-008 5.07276e-008
9.49 3.34372e-005 -1.51107e-009 -1.38283e-011 5.31407e-008 5.31407e-008
9.5 3.48668e-005 -7.24824e-010 -8.8643e-010 5.44714e-008 5.44714e-008
9.51 3.58199e-005 -9.47851e-010 4.44191e-010 5.46914e-008 5.46914e-008
9.52 3.64397e-005 -1.41491e-009 3.10393e-010 5.38467e-008 5.38467e-008
9.53 3.6908e-005 -7.52224e-010 2.92688e-010 5.2053e-008 5.2053e-008
9.54 3.72892e-005 -8.83001e-010 8.38255e-010 4.93374e-008 4.93374e-008
9.55 3.76254e-005 -1.6943e-009 2.46032e-009 4.55008e-008 4.55008e-008
9.56 3.78781e-005 -1.1492e-011 7.45887e-010 4.01657e-008 4.01657e-008
9.57 3.79936e-005 -1.05679e-009 6.01389e-010 3.29727e-008 3.29727e-008
9.58 3.79654e-005 -4.89984e-010 -5.54193e-010 2.3735e-008 2.3735e-008
9.59 3.77377e-005 -1.393e-009 -1.09702e-009 1.24235e-008 1.24235e-008
9.6 3.72841e-005 -1.03134e-009 -3.94786e-012 -9.40417e-010 -9.40417e-010
9.61 3.65752e-005 3.12155e-010 9.54842e-011 -1.6273e-008 -1.6273e-008
9.62 3.56493e-005 3.94512e-010 -5.34377e-010 -3.32283e-008 -3.32283e-008
9.63 3.45788e-005 -2.89231e-011 2.4632e-010 -5.10279e-008 -5.10279e-008
9.64 3.34142e-005 -2.59453e-010 1.44326e-010 -6.85606e-008 -6.85606e-008
9.65 3.21254e-005 -1.13166e-009 6.97922e-010 -8.47195e-008 -8.47195e-008
9.66 3.06427e-005 1.55429e-010 -8.83985e-011 -9.86925e-008 -9.86925e-008
9.67 2.88781e-005 -2.3666e-010 1.2695e-010 -1.09986e-007 -1.09986e-007
9.68 2.6776e-005 8.7394e-013 -1.82661e-011 -1.18246e-007 -1.18246e-007
9.69 2.43166e-005 -7.88579e-010 2.97795e-010 -1.23123e-007 -1.23123e-007
9.7 2.15e-005 -6.01055e-010 2.33341e-010 -1.24331e-007 -1.24331e-007
9.71 1.83167e-005 2.92304e-010 -1.06183e-010 -1.21826e-007 -1.21826e-007
9.72 1.47883e-005 -7.64312e-011 -1.44057e-011 -1.15872e-007 -1.15872e-007
9.73 1.09864e-005 -8.46798e-011 -2.07375e-011 -1.06929e-007 -1.06929e-007
9.74 6.95524e-006 -1.18612e-010 -3.04018e-011 -9.55475e-008 -9.55475e-008
9.75 2.68682e-006 -5.49447e-010 -1.87945e-011 -8.24213e-008 -8.24213e-008
9.76 -1.81164e-006 -1.57213e-010 -5.6335e-011 -6.84302e-008 -6.84302e-008
9.77 -6.47178e-006 -6.92035e-011 -7.15321e-011 -5.44589e-008 -5.44589e-008
9.78 -1.11642e-005 4.92707e-012 -6.87473e-011 -4.10497e-008 -4.10497e-008
9.79 -1.57641e-005 -8.17514e-011 -9.90044e-011 -2.82214e-008 -2.82214e-008
9.8 -2.01827e-005 4.51142e-012 -9.94619e-011 -1.56365e-008 -1.56365e-008
9.81 -2.44023e-005 6.48636e-011 -7.77178e-011 -2.95766e-009 -2.95766e-009
9.82 -2.84607e-005 1.85526e-012 -9.1838e-011 9.8787e-009 9.8787e-009
9.83 -3.24194e-005 8.50186e-011 -8.33943e-011 2.25747e-008 2.25747e-008
9.84 -3.63265e-005 7.84507e-011 -8.78013e-011 3.45283e-008 3.45283e-008
9.85 -4.01994e-005 -2.62734e-010 -2.35576e-010 4.4958e-008 4.4958e-008
9.86 -4.40447e-005 -7.15202e-010 -5.1797e-010 5.30327e-008 5.30327e-008
9.87 -4.79005e-005 -1.59964e-009 -1.46896e-009 5.7983e-008 5.7983e-008
9.88 -5.17741e-005 -6.41221e-009 -8.15541e-009 5.92057e-008 5.92057e-008
9.89 -5.55714e-005 -6.04606e-009 -1.26085e-008 5.63881e-008 5.63881e-008
9.9 -5.92553e-005 1.3405e-009 -3.66696e-009 4.96145e-008 4.96145e-008
9.91 -6.29106e-005 -3.47759e-010 -3.04311e-009 3.93223e-008 3.93223e-008
9.92 -6.66017e-005 2.19218e-010 -1.544e-009 2.61043e-008 2.61043e-008
9.93 -7.03954e-005 8.70634e-010 9.53143e-010 1.04752e-008 1.04752e-008
9.94 -7.43974e-005 2.71119e-010 4.50056e-010 -7.23291e-009 -7.23291e-009
9.95 -7.87024e-005 1.93906e-009 2.37296e-009 -2.66772e-008 -2.66772e-008
9.96 -8.33529e-005 4.51241e-009 3.58014e-009 -4.72196e-008 -4.72196e-008
9.97 -8.83536e-005 7.26251e-009 5.00091e-009 -6.79287e-008 -6.79287e-008
9.98 -9.36688e-005 3.56503e-009 3.39771e-009 -8.78249e-008 -8.78249e-008
9.99 -9.93279e-005 6.45162e-009 4.11084e-009 -1.06097e-007 -1.06097e-007
10 -0.000105235 7.79338e-010 5.3033e-010 -1.22187e-007 -1.22187e-007
