0.1 -11.1793 4.92656 -4.41383 -1.70591 -1.70591
0.2 -22.3592 9.85615 -8.82575 -3.41505 -3.41505
0.3 -33.5396 14.7888 -13.2357 -5.12743 -5.12743
0.4 -44.7207 19.7246 -17.6438 -6.84307 -6.84307
0.5 -55.9023 24.6635 -22.0499 -8.56198 -8.56198
0.6 -67.0845 29.6057 -26.4541 -10.2842 -10.2842
0.7 -78.2673 34.5511 -30.8563 -12.0096 -12.0096
0.8 -89.4508 39.4997 -35.2565 -13.7384 -13.7384
0.9 -100.635 44.4518 -39.6547 -15.4705 -15.4705
1 -111.82 49.4072 -44.0509 -17.2059 -17.2059
0.01 -111.821 49.3235 -43.8943 -17.1943 -17.1943
0.02 -111.824 49.0955 -43.4672 -17.1342 -17.1342
0.03 -111.83 48.8395 -43.0199 -16.9948 -16.9948
0.04 -111.836 48.6231 -42.766 -16.8009 -16.8009
0.05 -111.843 48.402 -42.6886 -16.6153 -16.6153
0.06 -111.851 48.1576 -42.7405 -16.4792 -16.4792
0.07 -111.859 47.9017 -42.8794 -16.3936 -16.3936
0.08 -111.866 47.6665 -43.0801 -16.3444 -16.3444
0.09 -111.873 47.485 -43.3282 -16.328 -16.328
0.1 -111.88 47.3747 -43.6132 -16.351 -16.351
0.11 -111.884 47.3354 -43.921 -16.4162 -16.4162
0.12 -111.887 47.3478 -44.2397 -16.5158 -16.5158
0.13 -111.888 47.3834 -44.557 -16.6373 -16.6373
0.14 -111.889 47.4047 -44.8699 -16.7696 -16.7696
0.15 -111.888 47.3813 -45.1753 -16.9034 -16.9034
0.16 -111.888 47.3053 -45.4679 -17.0287 -17.0287
0.17 -111.888 47.1894 -45.7416 -17.1343 -17.1343
0.18 -111.889 47.0512 -45.9974 -17.2089 -17.2089
0.19 -111.89 46.9011 -46.2505 -17.2434 -17.2434
0.2 -111.891 46.74 -46.5227 -17.2329 -17.2329
0.21 -111.892 46.5708 -46.829 -17.1793 -17.1793
0.22 -111.893 46.4087 -47.1731 -17.0938 -17.0938
0.23 -111.893 46.2747 -47.5482 -16.9992 -16.9992
0.24 -111.891 46.1791 -47.9384 -16.925 -16.925
0.25 -111.889 46.1157 -48.3259 -16.8983 -16.8983
0.26 -111.885 46.0744 -48.6974 -16.9337 -16.9337
0.27 -111.879 46.0655 -49.0586 -17.0317 -17.0317
0.28 -111.871 46.1154 -49.4391 -17.1841 -17.1841
0.29 -111.861 46.2235 -49.8721 -17.3832 -17.3832
0.3 -111.849 46.3463 -50.38 -17.6223 -17.6223
0.31 -111.836 46.4477 -50.9695 -17.8944 -17.8944
0.32 -111.82 46.5312 -51.6252 -18.1922 -18.1922
0.33 -111.803 46.6109 -52.299 -18.5082 -18.5082
0.34 -111.785 46.698 -52.9379 -18.8324 -18.8324
0.35 -111.766 46.7968 -53.5167 -19.1515 -19.1515
0.36 -111.747 46.8979 -54.0345 -19.4548 -19.4548
0.37 -111.728 46.9963 -54.4997 -19.7423 -19.7423
0.38 -111.709 47.1177 -54.9081 -20.0264 -20.0264
0.39 -111.691 47.3 -55.2508 -20.3266 -20.3266
0.4 -111.672 47.5412 -55.5422 -20.6616 -20.6616
0.41 -111.655 47.8053 -55.8248 -21.042 -21.042
0.42 -111.638 48.0524 -56.1475 -21.4693 -21.4693
0.43 -111.622 48.2705 -56.5338 -21.9399 -21.9399
0.44 -111.607 48.4869 -56.9796 -22.4474 -22.4474
0.45 -111.591 48.7273 -57.4753 -22.9841 -22.9841
0.46 -111.575 48.9895 -58.029 -23.5415 -23.5415
0.47 -111.558 49.2718 -58.6615 -24.113 -24.113
0.48 -111.54 49.5728 -59.3672 -24.6976 -24.6976
0.49 -111.52 49.8843 -60.109 -25.2956 -25.2956
0.5 -111.5 50.2227 -60.8506 -25.9041 -25.9041
0.51 -111.478 50.6284 -61.5701 -26.5172 -26.5172
0.52 -111.454 51.1194 -62.2385 -27.1276 -27.1276
0.53 -111.43 51.7096 -62.8217 -27.726 -27.726
0.54 -111.404 52.4448 -63.33 -28.3033 -28.3033
0.55 -111.376 53.3522 -63.8224 -28.8605 -28.8605
0.56 -111.346 54.3736 -64.3337 -29.41 -29.41
0.57 -111.316 55.3655 -64.8044 -29.9579 -29.9579
0.58 -111.287 56.1814 -65.1339 -30.4822 -30.4822
0.59 -111.262 56.7861 -65.3049 -30.9398 -30.9398
0.6 -111.239 57.2492 -65.3998 -31.3021 -31.3021
0.61 -111.22 57.6176 -65.512 -31.5759 -31.5759
0.62 -111.204 57.8609 -65.6663 -31.7864 -31.7864
0.63 -111.19 58.0318 -65.849 -31.9509 -31.9509
0.64 -111.177 58.3046 -66.057 -32.0827 -32.0827
0.65 -111.162 58.7199 -66.2614 -32.2043 -32.2043
0.66 -111.148 59.1206 -66.411 -32.3346 -32.3346
0.67 -111.134 59.3985 -66.5191 -32.4701 -32.4701
0.68 -111.121 59.5944 -66.6258 -32.5997 -32.5997
0.69 -111.108 59.7942 -66.7199 -32.7296 -32.7296
0.7 -111.096 60.0471 -66.7725 -32.8824 -32.8824
0.71 -111.085 60.3511 -66.7992 -33.0786 -33.0786
0.72 -111.075 60.6259 -66.8497 -33.3253 -33.3253
0.73 -111.067 60.7247 -66.9246 -33.6163 -33.6163
0.74 -111.063 60.5796 -66.9345 -33.9292 -33.9292
0.75 -111.065 60.2376 -66.7381 -34.2239 -34.2239
0.76 -111.071 59.7992 -66.2846 -34.4482 -34.4482
0.77 -111.082 59.3801 -65.6605 -34.5577 -34.5577
0.78 -111.095 59.1397 -65.0094 -34.5403 -34.5403
0.79 -111.108 59.2097 -64.4176 -34.4243 -34.4243
0.8 -111.118 59.5787 -63.8717 -34.2608 -34.2608
0.81 -111.127 60.1297 -63.343 -34.095 -34.095
0.82 -111.133 60.7332 -62.8681 -33.9578 -33.9578
0.83 -111.138 61.2942 -62.4931 -33.8736 -33.8736
0.84 -111.143 61.783 -62.1933 -33.859 -33.859
0.85 -111.148 62.2878 -61.9181 -33.9099 -33.9099
0.86 -111.151 62.9459 -61.6376 -33.998 -33.998
0.87 -111.151 63.7208 -61.2545 -34.0736 -34.0736
0.88 -111.151 64.367 -60.6397 -34.0591 -34.0591
0.89 -111.151 64.7972 -59.8254 -33.8642 -33.8642
0.9 -111.15 65.2082 -59.024 -33.4469 -33.4469
0.91 -111.146 65.8055 -58.3852 -32.8525 -32.8525
0.92 -111.14 66.5339 -57.7656 -32.1591 -32.1591
0.93 -111.135 67.1855 -56.8509 -31.3765 -31.3765
0.94 -111.132 67.6898 -55.5452 -30.4298 -30.4298
0.95 -111.13 68.1089 -54.1355 -29.2643 -29.2643
0.96 -111.131 68.4689 -53.0202 -27.9483 -27.9483
0.97 -111.135 68.6849 -52.2998 -26.6515 -26.6515
0.98 -111.143 68.5813 -51.6928 -25.52 -25.52
0.99 -111.156 68.1068 -50.9241 -24.5881 -24.5881
1 -111.175 67.4417 -50.0125 -23.816 -23.816
1.01 -111.197 66.636 -49.1449 -23.1741 -23.1741
1.02 -111.225 65.567 -48.4455 -22.6559 -22.6559
1.03 -111.255 64.4242 -47.8799 -22.2434 -22.2434
1.04 -111.283 63.7399 -47.2767 -21.9127 -21.9127
1.05 -111.304 63.7586 -46.472 -21.6648 -21.6648
1.06 -111.319 64.1669 -45.4432 -21.5135 -21.5135
1.07 -111.331 64.5635 -44.3258 -21.4541 -21.4541
1.08 -111.341 64.9435 -43.353 -21.4838 -21.4838
1.09 -111.348 65.5009 -42.6411 -21.6495 -21.6495
1.1 -111.354 66.116 -41.99 -22.0184 -22.0184
1.11 -111.364 66.5365 -41.0735 -22.5807 -22.5807
1.12 -111.375 66.9521 -39.8242 -23.2337 -23.2337
1.13 -111.384 67.8231 -38.5142 -23.8963 -23.8963
1.14 -111.387 69.1575 -37.5 -24.5904 -24.5904
1.15 -111.385 70.6763 -37.0372 -25.3881 -25.3881
1.16 -111.376 72.4071 -37.1803 -26.3238 -26.3238
1.17 -111.356 74.4531 -37.6101 -27.3685 -27.3685
1.18 -111.328 76.7761 -37.7769 -28.4301 -28.4301
1.19 -111.292 79.2003 -37.3607 -29.3578 -29.3578
1.2 -111.254 81.336 -36.4769 -29.9828 -29.9828
1.21 -111.219 82.7805 -35.4801 -30.19 -30.19
1.22 -111.192 83.3105 -34.6511 -29.9707 -29.9707
1.23 -111.178 82.9033 -34.0708 -29.4113 -29.4113
1.24 -111.176 81.8002 -33.6845 -28.6359 -28.6359
1.25 -111.183 80.5509 -33.426 -27.7608 -27.7608
1.26 -111.192 79.7307 -33.2826 -26.8829 -26.8829
1.27 -111.195 79.5818 -33.2267 -26.0688 -26.0688
1.28 -111.189 80.0486 -33.1884 -25.3325 -25.3325
1.29 -111.173 80.8537 -33.0649 -24.6343 -24.6343
1.3 -111.148 81.6613 -32.7426 -23.9163 -23.9163
1.31 -111.115 82.477 -32.233 -23.1671 -23.1671
1.32 -111.075 83.4889 -31.7368 -22.4785 -22.4785
1.33 -111.031 84.5646 -31.5192 -22.0299 -22.0299
1.34 -110.985 85.6374 -31.8102 -22.0062 -22.0062
1.35 -110.932 87.2295 -32.6403 -22.5426 -22.5426
1.36 -110.868 89.7785 -33.6265 -23.6969 -23.6969
1.37 -110.794 92.8961 -34.239 -25.3785 -25.3785
1.38 -110.718 95.6153 -34.3137 -27.2957 -27.2957
1.39 -110.649 97.1256 -34.2214 -29.0549 -29.0549
1.4 -110.595 97.2206 -34.525 -30.3805 -30.3805
1.41 -110.559 96.1572 -35.2694 -31.2415 -31.2415
1.42 -110.543 94.6296 -35.8672 -31.7716 -31.7716
1.43 -110.54 93.6611 -35.8771 -32.135 -32.135
1.44 -110.542 93.736 -35.449 -32.4952 -32.4952
1.45 -110.55 94.2138 -35.0447 -33.0152 -33.0152
1.46 -110.569 93.9876 -34.9996 -33.7966 -33.7966
1.47 -110.606 92.5591 -35.1854 -34.8135 -34.8135
1.48 -110.66 90.1356 -35.0256 -35.9133 -35.9133
1.49 -110.738 86.6919 -33.9777 -36.8492 -36.8492
1.5 -110.842 81.8922 -32.0824 -37.3229 -37.3229
1.51 -110.966 76.3802 -30.0744 -37.128 -37.128
1.52 -111.089 72.0831 -28.852 -36.3786 -36.3786
1.53 -111.189 70.415 -28.6482 -35.5498 -35.5498
1.54 -111.256 70.9802 -28.9217 -35.1463 -35.1463
1.55 -111.295 72.5283 -29.1187 -35.3048 -35.3048
1.56 -111.31 74.2117 -29.1279 -35.7604 -35.7604
1.57 -111.311 75.6249 -29.1056 -36.137 -36.137
1.58 -111.308 76.3523 -29.2997 -36.18 -36.18
1.59 -111.314 75.8447 -29.9218 -35.7547 -35.7547
1.6 -111.343 73.5426 -30.8768 -34.7534 -34.7534
1.61 -111.402 69.4489 -31.6019 -33.0773 -33.0773
1.62 -111.489 64.7576 -31.5464 -30.7301 -30.7301
1.63 -111.585 61.4685 -31.1135 -27.9469 -27.9469
1.64 -111.664 61.2907 -31.6863 -25.2259 -25.2259
1.65 -111.707 64.5647 -34.2046 -23.1288 -23.1288
1.66 -111.705 70.0214 -38.0489 -21.883 -21.883
1.67 -111.665 75.7275 -41.6217 -21.1116 -21.1116
1.68 -111.603 80.1783 -43.7601 -20.0163 -20.0163
1.69 -111.535 82.5283 -44.5079 -17.9279 -17.9279
1.7 -111.476 82.4308 -44.5952 -14.7535 -14.7535
1.71 -111.434 80.389 -44.5838 -10.9938 -10.9938
1.72 -111.404 77.8258 -44.7558 -7.44501 -7.44501
1.73 -111.376 75.9995 -45.3095 -4.85522 -4.85522
1.74 -111.344 75.1019 -46.3562 -3.64679 -3.64679
1.75 -111.302 74.6931 -47.9501 -3.75955 -3.75955
1.76 -111.251 74.3427 -50.1207 -4.71189 -4.71189
1.77 -111.194 73.4298 -52.688 -5.84745 -5.84745
1.78 -111.144 70.9683 -55.0581 -6.58069 -6.58069
1.79 -111.115 66.6618 -56.5426 -6.56246 -6.56246
1.8 -111.107 61.6798 -57.0732 -5.85178 -5.85178
1.81 -111.112 57.589 -57.3266 -5.04448 -5.04448
1.82 -111.123 55.2423 -58.0292 -5.13634 -5.13634
1.83 -111.132 54.8244 -59.2967 -7.09342 -7.09342
1.84 -111.129 56.3087 -60.6218 -11.4105 -11.4105
1.85 -111.11 59.4257 -61.2456 -17.9192 -17.9192
1.86 -111.073 63.209 -60.6195 -25.8511 -25.8511
1.87 -111.021 66.7603 -58.9741 -34.0832 -34.0832
1.88 -110.943 70.879 -57.4874 -41.5913 -41.5913
1.89 -110.818 77.1328 -57.3633 -47.9393 -47.9393
1.9 -110.646 84.7482 -58.5874 -53.3326 -53.3326
1.91 -110.458 90.65 -60.0558 -58.1234 -58.1234
1.92 -110.292 92.6482 -60.7761 -62.379 -62.379
1.93 -110.178 90.5783 -60.5206 -65.9657 -65.9657
1.94 -110.143 85.0797 -59.6206 -68.8144 -68.8144
1.95 -110.201 76.9488 -58.5269 -70.893 -70.893
1.96 -110.344 67.6595 -57.7087 -72.0145 -72.0145
1.97 -110.543 59.3935 -57.6718 -71.8834 -71.8834
1.98 -110.762 53.6176 -58.6545 -70.3674 -70.3674
1.99 -110.975 49.9831 -60.4654 -67.6283 -67.6283
2 -111.173 46.9438 -62.6372 -63.983 -63.983
2.01 -111.359 43.1394 -64.5827 -59.7213 -59.7213
2.02 -111.538 38.3036 -65.7588 -55.0746 -55.0746
2.03 -111.715 32.8339 -65.7381 -50.2457 -50.2457
2.04 -111.895 26.89 -64.4305 -45.3398 -45.3398
2.05 -112.076 20.9887 -62.4411 -40.3013 -40.3013
2.06 -112.243 16.315 -60.7662 -35.0549 -35.0549
2.07 -112.384 13.0675 -59.8385 -29.6797 -29.6797
2.08 -112.507 9.78748 -59.2547 -24.3061 -24.3061
2.09 -112.626 4.95007 -58.4795 -18.8681 -18.8681
2.1 -112.752 -1.55128 -57.5751 -13.0923 -13.0923
2.11 -112.889 -8.67169 -57.0567 -6.74328 -6.74328
2.12 -113.044 -15.703 -57.1216 0.237381 0.237381
2.13 -113.229 -22.8094 -57.4346 7.84804 7.84804
2.14 -113.449 -30.1282 -57.5425 16.0984 16.0984
2.15 -113.703 -36.9229 -57.2316 24.7922 24.7922
2.16 -113.975 -41.5875 -56.7006 33.2407 33.2407
2.17 -114.243 -43.0395 -56.3694 40.3376 40.3376
2.18 -114.498 -42.5073 -56.4092 45.1372 45.1372
2.19 -114.743 -42.4847 -56.6269 47.5234 47.5234
2.2 -114.969 -43.6769 -56.8003 48.3074 48.3074
2.21 -115.157 -44.9189 -56.7821 48.6488 48.6488
2.22 -115.291 -45.5567 -56.3439 49.4327 49.4327
2.23 -115.369 -46.2921 -55.2795 51.1021 51.1021
2.24 -115.399 -48.0842 -53.7222 53.7471 53.7471
2.25 -115.393 -51.1946 -52.1356 57.0997 57.0997
2.26 -115.372 -55.5745 -50.8781 60.5268 60.5268
2.27 -115.354 -60.8625 -50.0468 63.2734 63.2734
2.28 -115.345 -65.6276 -49.6719 64.8235 64.8235
2.29 -115.338 -68.2164 -49.6895 65.0684 65.0684
2.3 -115.324 -68.257 -49.8851 64.25 64.25
2.31 -115.297 -66.2177 -50.0727 62.7868 62.7868
2.32 -115.248 -62.4074 -50.1682 61.0192 61.0192
2.33 -115.169 -57.1159 -50.0847 58.9889 58.9889
2.34 -115.063 -51.0491 -49.7579 56.4374 56.4374
2.35 -114.935 -45.1152 -49.2085 53.0275 53.0275
2.36 -114.794 -39.9024 -48.4969 48.5883 48.5883
2.37 -114.647 -35.8024 -47.5799 43.2346 43.2346
2.38 -114.498 -32.9265 -46.3541 37.353 37.353
2.39 -114.34 -30.148 -44.9539 31.4436 31.4436
2.4 -114.151 -25.7038 -43.5307 25.8712 25.8712
2.41 -113.917 -18.7683 -41.7907 20.7534 20.7534
2.42 -113.628 -9.33787 -39.3861 16.0484 16.0484
2.43 -113.289 1.72786 -36.5336 11.6507 11.6507
2.44 -112.926 12.0639 -33.8396 7.43589 7.43589
2.45 -112.579 19.4218 -31.773 3.31865 3.31865
2.46 -112.271 24.1158 -30.4499 -0.769047 -0.769047
2.47 -112.009 28.5216 -29.6795 -5.01906 -5.01906
2.48 -111.785 34.6118 -29.1157 -9.78835 -9.78835
2.49 -111.593 42.6751 -28.4646 -15.3953 -15.3953
2.5 -111.432 51.626 -27.5429 -21.8517 -21.8517
2.51 -111.299 60.0615 -26.3555 -28.7914 -28.7914
2.52 -111.195 67.0043 -25.2199 -35.6321 -35.6321
2.53 -111.118 71.9407 -24.5237 -41.7837 -41.7837
2.54 -111.064 75.0432 -24.4503 -46.758 -46.758
2.55 -111.017 77.2169 -24.9854 -50.2318 -50.2318
2.56 -110.963 79.4419 -25.9559 -52.1398 -52.1398
2.57 -110.894 82.1817 -27.1448 -52.7394 -52.7394
2.58 -110.809 85.2899 -28.3974 -52.5707 -52.5707
2.59 -110.718 88.2672 -29.4848 -52.3028 -52.3028
2.6 -110.634 90.7116 -30.0749 -52.523 -52.523
2.61 -110.568 92.6893 -30.1097 -53.5671 -53.5671
2.62 -110.521 94.6897 -30.0427 -55.4568 -55.4568
2.63 -110.488 97.3586 -30.4147 -57.9292 -57.9292
2.64 -110.464 100.73 -31.0885 -60.4753 -60.4753
2.65 -110.456 103.495 -31.0956 -62.3569 -62.3569
2.66 -110.476 104.112 -29.6328 -62.7391 -62.7391
2.67 -110.534 102.388 -27.1092 -61.0842 -61.0842
2.68 -110.626 99.417 -24.887 -57.5744 -57.5744
2.69 -110.744 96.476 -23.9789 -53.0835 -53.0835
2.7 -110.881 93.8672 -24.0929 -48.5721 -48.5721
2.71 -111.035 91.1398 -23.9824 -44.3945 -44.3945
2.72 -111.195 88.5343 -22.6433 -40.1743 -40.1743
2.73 -111.339 87.329 -20.2378 -35.3627 -35.3627
2.74 -111.445 88.0806 -17.9404 -29.8815 -29.8815
2.75 -111.511 89.2544 -16.7907 -24.2027 -24.2027
2.76 -111.55 88.898 -16.7535 -18.9117 -18.9117
2.77 -111.575 86.4499 -17.0148 -14.326 -14.326
2.78 -111.6 82.1501 -17.0705 -10.4784 -10.4784
2.79 -111.639 76.5936 -17.3121 -7.28306 -7.28306
2.8 -111.689 71.2803 -18.3314 -4.6577 -4.6577
2.81 -111.744 67.4602 -19.8538 -2.50582 -2.50582
2.82 -111.803 64.7472 -20.8242 -0.568686 -0.568686
2.83 -111.874 61.909 -20.4869 1.64364 1.64364
2.84 -111.962 58.0041 -19.079 4.64665 4.64665
2.85 -112.073 53.0072 -17.5163 8.63909 8.63909
2.86 -112.203 47.3915 -16.6374 13.3559 13.3559
2.87 -112.351 41.2563 -16.9228 18.244 18.244
2.88 -112.511 34.9589 -18.5279 22.7248 22.7248
2.89 -112.663 29.7158 -21.1247 26.2765 26.2765
2.9 -112.791 26.4857 -23.9757 28.4178 28.4178
2.91 -112.885 25.0748 -26.6108 28.7997 28.7997
2.92 -112.944 24.6185 -29.2887 27.344 27.344
2.93 -112.974 24.2021 -32.4672 24.2576 24.2576
2.94 -112.979 23.2787 -36.1152 19.9477 19.9477
2.95 -112.967 21.8415 -39.8472 14.9415 14.9415
2.96 -112.94 20.0107 -43.3475 9.82702 9.82702
2.97 -112.909 17.529 -46.2548 5.19753 5.19753
2.98 -112.886 13.9668 -47.9763 1.58815 1.58815
2.99 -112.881 9.58812 -48.1246 -0.649098 -0.649098
3 -112.893 5.8473 -47.0357 -1.55042 -1.55042
3.01 -112.907 4.5992 -45.5702 -1.65363 -1.65363
3.02 -112.91 6.80689 -44.3921 -1.78972 -1.78972
3.03 -112.89 12.2227 -43.5176 -2.61513 -2.61513
3.04 -112.843 19.4971 -42.4653 -4.24687 -4.24687
3.05 -112.781 26.3196 -40.8739 -6.27211 -6.27211
3.06 -112.719 30.5916 -38.8874 -8.09259 -8.09259
3.07 -112.666 32.2467 -36.7964 -9.35972 -9.35972
3.08 -112.61 33.2326 -34.7121 -10.2152 -10.2152
3.09 -112.542 35.0179 -32.606 -11.1368 -11.1368
3.1 -112.463 37.0556 -30.4363 -12.4674 -12.4674
3.11 -112.38 38.2804 -28.6052 -14.0689 -14.0689
3.12 -112.289 39.334 -28.0878 -15.4986 -15.4986
3.13 -112.171 42.3778 -29.6238 -16.4991 -16.4991
3.14 -112.013 48.2198 -32.9377 -17.1645 -17.1645
3.15 -111.83 54.7465 -36.8304 -17.5644 -17.5644
3.16 -111.652 58.8734 -39.9534 -17.3667 -17.3667
3.17 -111.517 58.5581 -41.4973 -16.0121 -16.0121
3.18 -111.454 53.6702 -41.4166 -13.2689 -13.2689
3.19 -111.465 46.8193 -40.3527 -9.62321 -9.62321
3.2 -111.522 42.1041 -39.1268 -6.20934 -6.20934
3.21 -111.591 41.744 -37.9448 -4.27991 -4.27991
3.22 -111.656 44.5885 -36.2571 -4.47943 -4.47943
3.23 -111.717 47.8693 -33.6046 -6.44556 -6.44556
3.24 -111.781 49.442 -30.268 -9.08434 -9.08434
3.25 -111.857 48.3422 -27.0409 -11.2504 -11.2504
3.26 -111.953 44.5381 -24.9631 -12.2776 -12.2776
3.27 -112.063 39.2605 -25.1711 -12.1599 -12.1599
3.28 -112.168 34.627 -28.2141 -11.5052 -11.5052
3.29 -112.248 32.0047 -33.3167 -11.2784 -11.2784
3.3 -112.3 31.3645 -38.6124 -12.3253 -12.3253
3.31 -112.327 32.3678 -42.2595 -14.9556 -14.9556
3.32 -112.326 35.441 -43.4515 -18.9193 -18.9193
3.33 -112.298 40.9033 -42.4572 -23.6895 -23.6895
3.34 -112.255 47.1162 -39.8671 -28.6156 -28.6156
3.35 -112.225 51.3191 -36.2683 -32.8329 -32.8329
3.36 -112.222 52.4872 -32.6255 -35.363 -35.363
3.37 -112.243 51.9843 -30.2017 -35.6298 -35.6298
3.38 -112.27 52.188 -29.7659 -33.926 -33.926
3.39 -112.278 55.1045 -30.9945 -31.2986 -31.2986
3.4 -112.254 60.8464 -32.5307 -28.8906 -28.8906
3.41 -112.208 67.0039 -32.6657 -27.2104 -27.2104
3.42 -112.165 70.5875 -30.388 -25.8285 -25.8285
3.43 -112.143 70.6127 -26.0841 -23.7197 -23.7197
3.44 -112.142 68.2557 -21.1541 -19.9723 -19.9723
3.45 -112.152 65.1337 -16.9247 -14.3015 -14.3015
3.46 -112.162 61.8531 -14.0226 -7.0745 -7.0745
3.47 -112.167 57.9213 -12.4691 0.959131 0.959131
3.48 -112.171 52.7835 -11.9556 8.91921 8.91921
3.49 -112.18 46.6304 -12.0439 15.955 15.955
3.5 -112.208 39.7647 -12.1867 21.4577 21.4577
3.51 -112.27 31.992 -11.838 25.353 25.353
3.52 -112.371 23.9439 -11.0596 28.1628 28.1628
3.53 -112.49 17.7104 -10.7374 30.5768 30.5768
3.54 -112.597 14.8636 -11.6897 32.8799 32.8799
3.55 -112.68 14.6397 -13.7755 34.8425 34.8425
3.56 -112.748 14.2528 -15.9117 36.1095 36.1095
3.57 -112.826 11.1701 -16.8633 36.5471 36.5471
3.58 -112.932 5.27192 -16.0492 36.1552 36.1552
3.59 -113.066 -1.06366 -13.6934 34.7745 34.7745
3.6 -113.205 -4.35507 -10.6525 32.0434 32.0434
3.61 -113.316 -2.17152 -8.15544 27.6898 27.6898
3.62 -113.379 4.82373 -7.1657 21.873 21.873
3.63 -113.402 13.0292 -7.83095 15.2867 15.2867
3.64 -113.41 18.8551 -9.5645 8.88953 8.88953
3.65 -113.423 21.4252 -11.5511 3.37234 3.37234
3.66 -113.446 22.1684 -13.1763 -1.22316 -1.22316
3.67 -113.482 22.6843 -13.9591 -5.33826 -5.33826
3.68 -113.526 23.7601 -13.5047 -9.30129 -9.30129
3.69 -113.573 25.4741 -12.1062 -12.9052 -12.9052
3.7 -113.62 27.1102 -10.9589 -15.5568 -15.5568
3.71 -113.672 27.4473 -11.3375 -16.7564 -16.7564
3.72 -113.73 25.8921 -13.9323 -16.4399 -16.4399
3.73 -113.791 22.9374 -18.5934 -14.9826 -14.9826
3.74 -113.849 19.4094 -24.1261 -12.9176 -12.9176
3.75 -113.898 15.8006 -29.0091 -10.5482 -10.5482
3.76 -113.935 12.1446 -32.5355 -7.74855 -7.74855
3.77 -113.957 8.43623 -34.8655 -4.12162 -4.12162
3.78 -113.958 4.84349 -36.3939 0.625393 0.625393
3.79 -113.939 1.28324 -37.4704 6.39167 6.39167
3.8 -113.901 -2.47444 -38.4187 12.6478 12.6478
3.81 -113.847 -6.24676 -39.304 18.6225 18.6225
3.82 -113.781 -9.49131 -39.5483 23.6296 23.6296
3.83 -113.702 -11.3955 -38.2647 27.407 27.407
3.84 -113.606 -11.2716 -35.5545 30.2184 30.2184
3.85 -113.493 -9.75546 -33.0536 32.5898 32.5898
3.86 -113.37 -8.40495 -32.3775 34.9011 34.9011
3.87 -113.245 -8.03316 -33.5121 37.1519 37.1519
3.88 -113.124 -8.41746 -35.3345 38.991 38.991
3.89 -113.018 -9.08874 -37.0567 39.8969 39.8969
3.9 -112.938 -10.112 -38.6922 39.3992 39.3992
3.91 -112.903 -12.3945 -40.3342 37.3136 37.3136
3.92 -112.934 -17.0396 -41.395 33.9276 33.9276
3.93 -113.036 -23.723 -41.1296 29.9402 29.9402
3.94 -113.187 -30.0424 -39.6266 26.0447 26.0447
3.95 -113.349 -33.2289 -37.4996 22.4756 22.4756
3.96 -113.489 -31.9772 -35.1424 18.9914 18.9914
3.97 -113.58 -26.5366 -32.9099 15.2457 15.2457
3.98 -113.606 -17.7238 -31.3359 11.0603 11.0603
3.99 -113.559 -6.2525 -30.7103 6.38568 6.38568
4 -113.449 6.32109 -30.5675 1.23824 1.23824
4.01 -113.308 16.9725 -29.7693 -4.11912 -4.11912
4.02 -113.174 23.3026 -27.6941 -9.03111 -9.03111
4.03 -113.073 25.0635 -25.1663 -12.7606 -12.7606
4.04 -113.022 22.7654 -23.5278 -14.9949 -14.9949
4.05 -113.036 16.904 -23.5056 -15.9246 -15.9246
4.06 -113.107 9.27885 -25.3387 -15.9107 -15.9107
4.07 -113.207 2.72889 -28.8544 -15.2289 -15.2289
4.08 -113.314 -1.43622 -33.0295 -13.9673 -13.9673
4.09 -113.42 -3.90469 -36.2561 -11.8851 -11.8851
4.1 -113.519 -5.43604 -37.4336 -8.40752 -8.40752
4.11 -113.611 -6.31682 -36.6037 -2.99035 -2.99035
4.12 -113.695 -6.59012 -34.7843 4.36913 4.36913
4.13 -113.762 -5.47325 -33.4583 12.8706 12.8706
4.14 -113.798 -2.30107 -33.6368 21.08 21.08
4.15 -113.8 1.82144 -35.2355 27.4965 27.4965
4.16 -113.78 4.8112 -37.5024 31.1963 31.1963
4.17 -113.749 5.20419 -39.7054 32.1185 32.1185
4.18 -113.714 2.9885 -41.381 30.8976 30.8976
4.19 -113.668 -0.164788 -42.196 28.4988 28.4988
4.2 -113.597 -2.10148 -41.7824 25.9257 25.9257
4.21 -113.486 -1.50812 -40.0909 24.0451 24.0451
4.22 -113.325 2.29375 -37.8362 23.3748 23.3748
4.23 -113.116 9.22255 -35.9061 23.8304 23.8304
4.24 -112.874 18.2746 -34.5391 24.6993 24.6993
4.25 -112.616 29.3876 -33.5938 24.9044 24.9044
4.26 -112.341 43.8461 -32.9322 23.3116 23.3116
4.27 -112.051 61.9943 -32.291 19.0388 19.0388
4.28 -111.744 82.8759 -31.4017 11.8045 11.8045
4.29 -111.412 105.271 -30.1123 2.08624 2.08624
4.3 -111.057 126.802 -28.1884 -9.0438 -9.0438
4.31 -110.701 143.981 -25.4936 -20.2434 -20.2434
4.32 -110.365 154.605 -22.5364 -30.2889 -30.2889
4.33 -110.054 159.256 -20.1055 -38.4808 -38.4808
4.34 -109.767 160.174 -18.436 -44.8083 -44.8083
4.35 -109.493 160.057 -17.0297 -49.6731 -49.6731
4.36 -109.218 161.126 -15.4156 -53.43 -53.43
4.37 -108.938 163.945 -13.7851 -56.1729 -56.1729
4.38 -108.665 167.378 -12.65 -57.8527 -57.8527
4.39 -108.422 169.455 -11.9699 -58.4965 -58.4965
4.4 -108.24 168.588 -11.0257 -58.3195 -58.3195
4.41 -108.133 165.155 -9.39086 -57.7692 -57.7692
4.42 -108.09 161.42 -7.55954 -57.5912 -57.5912
4.43 -108.082 160.059 -6.50474 -58.7743 -58.7743
4.44 -108.063 163.459 -6.92581 -62.2583 -62.2583
4.45 -107.989 172.584 -8.65203 -68.5415 -68.5415
4.46 -107.847 185.061 -10.6212 -77.3597 -77.3597
4.47 -107.662 196.131 -11.8653 -87.5987 -87.5987
4.48 -107.475 202.34 -12.3115 -97.6485 -97.6485
4.49 -107.315 203.43 -12.2498 -106.081 -106.081
4.5 -107.202 201.107 -11.712 -112.118 -112.118
4.51 -107.138 198.037 -10.8886 -115.635 -115.635
4.52 -107.102 197.374 -10.5528 -116.999 -116.999
4.53 -107.069 200.874 -11.193 -116.97 -116.97
4.54 -107.028 207.919 -12.2199 -116.48 -116.48
4.55 -106.983 217.046 -12.7435 -116.281 -116.281
4.56 -106.948 226.485 -12.556 -116.728 -116.728
4.57 -106.948 233.97 -12.0102 -117.753 -117.753
4.58 -107.004 238.466 -11.6052 -118.921 -118.921
4.59 -107.104 241.436 -11.9124 -119.657 -119.657
4.6 -107.217 245.519 -13.4605 -119.599 -119.599
4.61 -107.309 251.536 -16.1098 -118.767 -118.767
4.62 -107.375 257.144 -18.6428 -117.293 -117.293
4.63 -107.426 259.473 -19.7373 -115.056 -115.056
4.64 -107.465 258.573 -19.4595 -111.752 -111.752
4.65 -107.48 256.709 -19.2787 -107.312 -107.312
4.66 -107.469 254.712 -20.6807 -101.96 -101.96
4.67 -107.448 250.876 -23.9771 -95.6888 -95.6888
4.68 -107.439 243.309 -28.2369 -87.9061 -87.9061
4.69 -107.455 232.136 -32.2148 -77.9124 -77.9124
4.7 -107.494 219.809 -35.394 -65.8795 -65.8795
4.71 -107.537 209.777 -38.0774 -53.3653 -53.3653
4.72 -107.57 203.764 -40.6239 -42.7731 -42.7731
4.73 -107.598 200.386 -43.1538 -36.0947 -36.0947
4.74 -107.636 197.366 -45.844 -33.9336 -33.9336
4.75 -107.687 193.901 -48.8786 -35.4987 -35.4987
4.76 -107.743 190.772 -52.3796 -39.3315 -39.3315
4.77 -107.775 189.812 -56.6157 -44.1067 -44.1067
4.78 -107.752 192.134 -61.7345 -49.085 -49.085
4.79 -107.667 195.929 -67.2396 -54.0864 -54.0864
4.8 -107.541 197.954 -72.2842 -59.169 -59.169
4.81 -107.402 196.432 -76.4659 -64.4281 -64.4281
4.82 -107.282 191.032 -80.0722 -70.0049 -70.0049
4.83 -107.205 182.83 -83.6292 -76.0606 -76.0606
4.84 -107.157 175.716 -87.361 -82.7036 -82.7036
4.85 -107.098 174.121 -91.1232 -90.0164 -90.0164
4.86 -107.017 176.983 -94.4407 -97.9632 -97.9632
4.87 -106.959 177.612 -96.8469 -106.047 -106.047
4.88 -106.972 171.308 -98.688 -113.313 -113.313
4.89 -107.07 159.901 -100.843 -119.111 -119.111
4.9 -107.229 148.537 -103.541 -123.808 -123.808
4.91 -107.426 140.358 -106.359 -128.436 -128.436
4.92 -107.639 135.052 -109.471 -133.626 -133.626
4.93 -107.849 131.023 -113.979 -139.059 -139.059
4.94 -108.05 126.334 -120.516 -143.857 -143.857
4.95 -108.258 118.134 -128.118 -147.123 -147.123
4.96 -108.501 104.482 -134.977 -148.094 -148.094
4.97 -108.784 86.8326 -139.826 -146.223 -146.223
4.98 -109.095 68.1446 -142.377 -141.459 -141.459
4.99 -109.433 48.8835 -143.238 -134.259 -134.259
5 -109.809 27.7424 -144.163 -125.191 -125.191
5.01 -110.218 5.48622 -147.412 -114.719 -114.719
5.02 -110.637 -15.186 -153.699 -103.428 -103.428
5.03 -111.052 -32.4198 -161.392 -92.1282 -92.1282
5.04 -111.453 -45.7298 -168.374 -81.5167 -81.5167
5.05 -111.839 -55.8904 -173.801 -71.8451 -71.8451
5.06 -112.231 -65.8703 -177.841 -62.853 -62.853
5.07 -112.662 -79.036 -181.222 -53.8712 -53.8712
5.08 -113.141 -95.3207 -185.22 -44.1614 -44.1614
5.09 -113.646 -111.664 -190.898 -33.4645 -33.4645
5.1 -114.145 -125.853 -198.284 -22.248 -22.248
5.11 -114.607 -137.01 -206.693 -11.3808 -11.3808
5.12 -114.994 -143.821 -215.6 -1.67814 -1.67814
5.13 -115.282 -146.229 -224.596 6.3552 6.3552
5.14 -115.495 -147.985 -232.598 12.8351 12.8351
5.15 -115.685 -153.846 -238.134 18.8105 18.8105
5.16 -115.888 -164.883 -240.906 25.8991 25.8991
5.17 -116.117 -179.264 -242.188 35.1827 35.1827
5.18 -116.376 -195.335 -243.576 46.401 46.401
5.19 -116.655 -211.374 -246.249 58.1487 58.1487
5.2 -116.915 -223.723 -250.955 68.5749 68.5749
5.21 -117.097 -227.964 -257.279 75.9343 75.9343
5.22 -117.16 -222.636 -262.765 79.1139 79.1139
5.23 -117.091 -209.627 -264.088 78.2548 78.2548
5.24 -116.892 -191.985 -259.632 74.8883 74.8883
5.25 -116.582 -173.223 -250.195 71.1999 71.1999
5.26 -116.193 -156.297 -238.049 68.9378 68.9378
5.27 -115.747 -141.686 -225.709 68.6753 68.6753
5.28 -115.254 -128.435 -214.75 69.7282 69.7282
5.29 -114.734 -116.529 -205.413 70.6714 70.6714
5.3 -114.201 -105.787 -197.523 70.0407 70.0407
5.31 -113.65 -94.2405 -191.147 66.7251 66.7251
5.32 -113.072 -80.0875 -185.849 60.1337 60.1337
5.33 -112.465 -63.0987 -180.265 50.4917 50.4917
5.34 -111.829 -43.3305 -172.974 39.0218 39.0218
5.35 -111.147 -19.6007 -163.46 27.4517 27.4517
5.36 -110.394 10.1315 -152.153 16.964 16.964
5.37 -109.566 45.084 -139.837 7.48225 7.48225
5.38 -108.713 79.6181 -127.307 -2.04396 -2.04396
5.39 -107.902 108.532 -115.201 -12.8423 -12.8423
5.4 -107.166 132.899 -103.782 -25.9609 -25.9609
5.41 -106.49 157.921 -93.0856 -42.3479 -42.3479
5.42 -105.851 186.854 -83.4936 -62.5939 -62.5939
5.43 -105.241 217.495 -75.7545 -86.1967 -86.1967
5.44 -104.679 244.07 -70.1452 -111.163 -111.163
5.45 -104.183 263.438 -66.0046 -134.711 -134.711
5.46 -103.738 278.019 -62.4106 -154.807 -154.807
5.47 -103.314 292.371 -59.038 -171.274 -171.274
5.48 -102.889 309.597 -56.0757 -185.58 -185.58
5.49 -102.444 330.906 -53.7067 -199.708 -199.708
5.5 -101.99 354.87 -51.6304 -215.086 -215.086
5.51 -101.574 377.328 -49.219 -232.079 -232.079
5.52 -101.246 395.401 -46.538 -250.106 -250.106
5.53 -101.024 409.91 -44.4826 -268.274 -268.274
5.54 -100.909 422.177 -43.5332 -285.918 -285.918
5.55 -100.895 431.858 -43.5433 -302.533 -302.533
5.56 -100.972 437.628 -44.4701 -317.414 -317.414
5.57 -101.133 437.76 -45.8872 -329.555 -329.555
5.58 -101.379 431.186 -46.0192 -337.824 -337.824
5.59 -101.714 418.491 -42.3279 -341.165 -341.165
5.6 -102.141 400.723 -33.2542 -338.768 -338.768
5.61 -102.676 378.057 -19.1327 -330.241 -330.241
5.62 -103.327 351.284 -1.79457 -315.776 -315.776
5.63 -104.071 324.154 16.3951 -296.323 -296.323
5.64 -104.852 301.822 33.4354 -273.593 -273.593
5.65 -105.625 286.214 48.3675 -249.573 -249.573
5.66 -106.381 273.971 61.5293 -225.646 -225.646
5.67 -107.145 259.299 74.2473 -201.978 -201.978
5.68 -107.943 239.128 87.7525 -177.788 -177.788
5.69 -108.77 215.494 102.049 -152.293 -152.293
5.7 -109.597 192.991 115.928 -125.425 -125.425
5.71 -110.388 174.528 128.159 -97.6429 -97.6429
5.72 -111.123 160.107 138.52 -69.1667 -69.1667
5.73 -111.779 149.456 147.529 -39.631 -39.631
5.74 -112.323 144.49 155.417 -8.63794 -8.63794
5.75 -112.708 148.415 161.436 23.4129 23.4129
5.76 -112.9 162.334 164.297 55.2222 55.2222
5.77 -112.899 183.465 163.215 85.419 85.419
5.78 -112.741 206.461 158.431 113.484 113.484
5.79 -112.499 224.558 151.029 139.929 139.929
5.8 -112.289 230.237 142.628 165.788 165.788
5.81 -112.226 218.654 134.491 191.922 191.922
5.82 -112.352 193.542 125.903 218.243 218.243
5.83 -112.596 167.443 114.137 242.958 242.958
5.84 -112.834 151.804 97.4745 262.775 262.775
5.85 -112.989 147.761 77.9786 274.79 274.79
5.86 -113.047 148.303 60.1421 278.784 278.784
5.87 -113.034 146.138 46.9028 277.545 277.545
5.88 -112.99 137.304 37.7052 274.709 274.709
5.89 -112.947 121.75 29.7231 272.165 272.165
5.9 -112.907 103.081 20.2869 269.041 269.041
5.91 -112.849 85.5461 8.64914 262.497 262.497
5.92 -112.741 72.3323 -4.20101 249.26 249.26
5.93 -112.543 66.5249 -16.5929 226.751 226.751
5.94 -112.218 70.0862 -26.3952 193.6 193.6
5.95 -111.762 81.4051 -31.4063 150.004 150.004
5.96 -111.217 94.9418 -30.5577 98.066 98.066
5.97 -110.651 104.7 -24.6418 41.5766 41.5766
5.98 -110.121 108.21 -15.7125 -15.0653 -15.0653
5.99 -109.674 105.613 -5.61341 -68.1991 -68.1991
6 -109.382 95.0917 5.27477 -115.517 -115.517
6.01 -109.355 71.6389 17.9881 -155.756 -155.756
6.02 -109.699 31.8539 33.9008 -188.329 -188.329
6.03 -110.482 -22.6341 54.3293 -213.441 -213.441
6.04 -111.721 -86.6299 79.9678 -232.109 -232.109
6.05 -113.38 -153.914 109.373 -245.456 -245.456
6.06 -115.37 -219.266 138.564 -253.764 -253.764
6.07 -117.57 -279.43 162.991 -256.164 -256.164
6.08 -119.84 -332.499 179.444 -251.301 -251.301
6.09 -122.068 -379.007 187.05 -238.402 -238.402
6.1 -124.184 -421.973 187.195 -217.881 -217.881
6.11 -126.15 -462.704 182.086 -191.242 -191.242
6.12 -127.921 -498.273 173.728 -160.652 -160.652
6.13 -129.451 -523.53 163.51 -128.29 -128.29
6.14 -130.679 -532.307 151.512 -95.542 -95.542
6.15 -131.496 -517.155 136.436 -62.5818 -62.5818
6.16 -131.79 -473.114 117.091 -28.5873 -28.5873
6.17 -131.48 -401.342 93.1819 7.79477 7.79477
6.18 -130.539 -308.003 65.386 48.094 48.094
6.19 -129.016 -202.412 35.9342 93.7212 93.7212
6.2 -127.037 -95.1157 8.84039 145.773 145.773
6.21 -124.75 7.2209 -12.3877 204.829 204.829
6.22 -122.249 106.179 -27.839 270.322 270.322
6.23 -119.556 208.836 -41.3722 339.672 339.672
6.24 -116.656 319.497 -57.1266 408.316 408.316
6.25 -113.573 432.836 -75.2936 471.32 471.32
6.26 -110.437 535.098 -92.0616 525.694 525.694
6.27 -107.444 608.482 -101.364 571.578 571.578
6.28 -104.813 640.577 -99.4137 611.365 611.365
6.29 -102.644 633.924 -87.5417 647.356 647.356
6.3 -100.889 606.282 -71.2031 679.287 679.287
6.31 -99.3875 576.469 -55.574 703.487 703.487
6.32 -98.0379 548.323 -42.0577 714.627 714.627
6.33 -96.883 509.929 -29.2333 708.607 708.607
6.34 -96.0874 444.41 -15.2649 683.897 683.897
6.35 -95.8622 342.419 0.828049 640.47 640.47
6.36 -96.3386 210.133 18.5314 577.908 577.908
6.37 -97.4514 70.8763 34.8394 494.395 494.395
6.38 -98.9203 -43.4385 45.1295 387.067 387.067
6.39 -100.417 -112.921 47.5228 253.676 253.676
6.4 -101.757 -142.642 45.5559 95.1447 95.1447
6.41 -102.898 -149.44 44.5648 -83.1316 -83.1316
6.42 -103.842 -142.32 47.323 -273.29 -273.29
6.43 -104.603 -120.63 54.5861 -468.602 -468.602
6.44 -105.205 -80.2292 66.4812 -664.811 -664.811
6.45 -105.627 -15.4823 81.463 -858.354 -858.354
6.46 -105.799 78.3696 96.0329 -1044.22 -1044.22
6.47 -105.668 198.843 107.15 -1215.55 -1215.55
6.48 -105.268 332.951 114.108 -1364.57 -1364.57
6.49 -104.702 463.274 117.525 -1483.87 -1483.87
6.5 -104.098 577.315 118.065 -1567.64 -1567.64
6.51 -103.573 669.05 114.977 -1612.63 -1612.63
6.52 -103.24 734.31 107.367 -1617.65 -1617.65
6.53 -103.237 766.266 96.2026 -1581.67 -1581.67
6.54 -103.711 756.474 83.8379 -1501.97 -1501.97
6.55 -104.757 703.197 71.1291 -1374.97 -1374.97
6.56 -106.341 616.163 56.2336 -1199.89 -1199.89
6.57 -108.318 510.775 36.6421 -982.237 -982.237
6.58 -110.498 401.072 11.3533 -733.84 -733.84
6.59 -112.688 294.967 -17.9116 -469.035 -469.035
6.6 -114.767 191.775 -46.9392 -199.831 -199.831
6.61 -116.697 85.0336 -71.5634 67.0243 67.0243
6.62 -118.485 -31.3591 -90.3185 329.519 329.519
6.63 -120.147 -159.788 -104.672 587.15 587.15
6.64 -121.682 -297.873 -117.22 837.293 837.293
6.65 -123.063 -438.174 -129.144 1073.31 1073.31
6.66 -124.258 -571.853 -139.747 1285.28 1285.28
6.67 -125.27 -690.919 -147.085 1462.63 1462.63
6.68 -126.091 -786.594 -149.509 1597.11 1597.11
6.69 -126.695 -848.931 -147.9 1684.42 1684.42
6.7 -127.013 -869.338 -143.949 1724.03 1724.03
6.71 -126.974 -844.571 -138.122 1718.26 1718.26
6.72 -126.568 -779.621 -129.628 1671.31 1671.31
6.73 -125.814 -683.608 -119.15 1588.08 1588.08
6.74 -124.739 -563.278 -111.069 1472.38 1472.38
6.75 -123.388 -423.429 -111.618 1325.5 1325.5
6.76 -121.796 -268.817 -124.874 1146.56 1146.56
6.77 -119.974 -102.695 -150.474 934.927 934.927
6.78 -117.898 71.5309 -184.224 692.946 692.946
6.79 -115.573 245.599 -220.266 427.667 427.667
6.8 -113.05 405.291 -253.522 151.064 151.064
6.81 -110.44 535.543 -281.358 -121.472 -121.472
6.82 -107.874 627.013 -303.756 -374.288 -374.288
6.83 -105.466 675.171 -321.451 -594.98 -594.98
6.84 -103.388 676.333 -334.047 -776.42 -776.42
6.85 -101.811 628.712 -340.449 -916.588 -916.588
6.86 -100.853 539.272 -340.775 -1017.33 -1017.33
6.87 -100.524 422.95 -336.37 -1083.25 -1083.25
6.88 -100.788 293.674 -328.31 -1120.45 -1120.45
6.89 -101.601 157.536 -316.571 -1134.48 -1134.48
6.9 -102.91 14.9565 -300.915 -1128.62 -1128.62
6.91 -104.606 -131.566 -283.223 -1104.2 -1104.2
6.92 -106.517 -275.24 -268.627 -1062.71 -1062.71
6.93 -108.489 -412.402 -262.545 -1007.43 -1007.43
6.94 -110.448 -548.443 -266.684 -942.589 -942.589
6.95 -112.426 -690.988 -278.096 -871.241 -871.241
6.96 -114.43 -839.037 -292.068 -794.603 -794.603
6.97 -116.421 -980.043 -306.763 -713.567 -713.567
6.98 -118.347 -1098.9 -324.09 -630.232 -630.232
6.99 -120.143 -1185.3 -346.869 -547.44 -547.44
7 -121.765 -1233.27 -376.533 -467.102 -467.102
7.01 -123.113 -1233.65 -413.811 -389.678 -389.678
7.02 -124.009 -1175.8 -458.743 -315.52 -315.52
7.03 -124.333 -1058.59 -508.29 -246.005 -246.005
7.04 -124.112 -896.799 -555.04 -182.447 -182.447
7.05 -123.526 -716.266 -587.906 -123.788 -123.788
7.06 -122.833 -539.941 -597.658 -65.9776 -65.9776
7.07 -122.211 -374.95 -582.531 -4.28341 -4.28341
7.08 -121.714 -216.42 -547.793 63.6846 63.6846
7.09 -121.316 -60.7005 -500.966 137.529 137.529
7.1 -120.974 87.0225 -448.289 216.569 216.569
7.11 -120.657 214.804 -394.8 302.336 302.336
7.12 -120.345 310.301 -345.455 398.429 398.429
7.13 -120.075 362.957 -303.888 508.281 508.281
7.14 -119.918 365.256 -271.319 633.307 633.307
7.15 -119.978 313.985 -246.88 772.466 772.466
7.16 -120.327 213.235 -229.6 922.207 922.207
7.17 -120.994 73.7809 -218.586 1075.93 1075.93
7.18 -121.951 -88.8768 -212.475 1223.65 1223.65
7.19 -123.112 -257.245 -209.77 1352.86 1352.86
7.2 -124.353 -415.844 -209.203 1450.77 1450.77
7.21 -125.517 -553.558 -209.754 1507.05 1507.05
7.22 -126.43 -660.766 -210.523 1515.87 1515.87
7.23 -126.886 -729.409 -210.672 1476.5 1476.5
7.24 -126.721 -757.123 -208.571 1392.64 1392.64
7.25 -125.859 -749.24 -201.554 1271.36 1271.36
7.26 -124.328 -715.013 -187.382 1121.25 1121.25
7.27 -122.217 -661.471 -165.748 949.803 949.803
7.28 -119.648 -590.871 -138.85 760.979 760.979
7.29 -116.769 -503.441 -110.177 554.71 554.71
7.3 -113.726 -398.102 -83.0397 328.894 328.894
7.31 -110.599 -269.614 -60.1227 82.5266 82.5266
7.32 -107.399 -111.916 -42.9392 -182.052 -182.052
7.33 -104.191 69.2707 -30.0824 -458.147 -458.147
7.34 -101.167 250.973 -17.1813 -734.475 -734.475
7.35 -98.6318 404.702 -1.19141 -996.459 -996.459
7.36 -96.7503 519.767 17.2414 -1230.16 -1230.16
7.37 -95.6202 602.877 32.0896 -1427.29 -1427.29
7.38 -95.1727 667.987 38.0879 -1587.09 -1587.09
7.39 -95.3132 720.738 35.9612 -1712.95 -1712.95
7.4 -95.9907 757.397 30.5256 -1806.82 -1806.82
7.41 -97.0888 775.022 26.369 -1866.55 -1866.55
7.42 -98.4456 776.571 25.55 -1887.59 -1887.59
7.43 -99.8758 765.716 29.176 -1866.06 -1866.06
7.44 -101.291 736.008 40.1325 -1799.6 -1799.6
7.45 -102.742 671.439 62.5804 -1686.26 -1686.26
7.46 -104.34 560.675 98.5684 -1524.5 -1524.5
7.47 -106.15 409.669 145.822 -1315.94 -1315.94
7.48 -108.119 241.745 198.611 -1068.42 -1068.42
7.49 -110.108 85.5888 250.061 -796.133 -796.133
7.5 -111.965 -39.3247 294.026 -515.906 -515.906
7.51 -113.599 -127.226 325.955 -242.222 -242.222
7.52 -114.939 -178.406 343.407 15.6265 15.6265
7.53 -115.926 -192.362 345.741 253.257 253.257
7.54 -116.511 -170.259 334.374 469.405 469.405
7.55 -116.693 -119.439 311.719 664.518 664.518
7.56 -116.565 -56.6467 280.861 839.999 839.999
7.57 -116.3 -2.44134 245.228 997.309 997.309
7.58 -116.026 35.5672 206.481 1136.25 1136.25
7.59 -115.702 71.7021 163.381 1253.01 1253.01
7.6 -115.171 127.758 114.425 1340.18 1340.18
7.61 -114.319 210.941 61.5661 1390.62 1390.62
7.62 -113.181 307.297 10.9512 1402.83 1402.83
7.63 -111.911 394.034 -30.1495 1383.25 1383.25
7.64 -110.678 457.312 -57.3002 1343.02 1343.02
7.65 -109.566 498.65 -70.7844 1291.7 1291.7
7.66 -108.571 529.677 -73.9834 1232.79 1232.79
7.67 -107.597 564.004 -71.6404 1163.44 1163.44
7.68 -106.577 605.627 -65.6394 1077.28 1077.28
7.69 -105.541 645.738 -54.2799 968.273 968.273
7.7 -104.576 674.134 -35.2949 833.465 833.465
7.71 -103.712 690.994 -9.44823 673.42 673.42
7.72 -102.901 703.594 20.1933 491.419 491.419
7.73 -102.08 714.349 50.977 293.259 293.259
7.74 -101.211 717.775 81.2474 87.6294 87.6294
7.75 -100.244 708.763 108.7 -115.07 -115.07
7.76 -99.1106 688.525 129.97 -306.151 -306.151
7.77 -97.7695 661.079 142.499 -481.859 -481.859
7.78 -96.2816 625.951 145.559 -643.475 -643.475
7.79 -94.8221 576.272 140.63 -794.384 -794.384
7.8 -93.6295 505.774 130.388 -936.826 -936.826
7.81 -92.8939 417.422 117.111 -1070.67 -1070.67
7.82 -92.6636 326.606 100.764 -1194.23 -1194.23
7.83 -92.7922 258.029 78.582 -1305.87 -1305.87
7.84 -92.9988 233.874 47.7082 -1404.81 -1404.81
7.85 -93.0035 261.453 8.54069 -1490.91 -1490.91
7.86 -92.6137 333.526 -35.0564 -1563.7 -1563.7
7.87 -91.7448 436.714 -78.6747 -1622.24 -1622.24
7.88 -90.4335 555.593 -119.364 -1665.27 -1665.27
7.89 -88.8513 673.022 -155.102 -1690.88 -1690.88
7.9 -87.2368 773.031 -183.989 -1695.42 -1695.42
7.91 -85.8564 843.854 -204.38 -1673.3 -1673.3
7.92 -84.8994 882.463 -216.827 -1618.75 -1618.75
7.93 -84.4173 896.141 -225.585 -1528.94 -1528.94
7.94 -84.3394 897.495 -237.149 -1406.1 -1406.1
7.95 -84.553 894.9 -256.724 -1256.76 -1256.76
7.96 -84.9965 886.466 -285.369 -1088.42 -1088.42
7.97 -85.6838 863.729 -320.469 -906.155 -906.155
7.98 -86.6827 818.641 -357.805 -711.743 -711.743
7.99 -88.0529 750.063 -393.506 -505.497 -505.497
8 -89.7883 666.377 -425.029 -289.223 -289.223
8.01 -91.8306 578.153 -450.185 -68.1142 -68.1142
8.02 -94.1454 487.881 -465.659 149.642 149.642
8.03 -96.7444 390.502 -467.816 354.986 354.986
8.04 -99.6003 284.535 -456.484 539.883 539.883
8.05 -102.589 177.951 -436.088 697.963 697.963
8.06 -105.54 78.9286 -411.897 825.207 825.207
8.07 -108.352 -16.3003 -385.923 921.95 921.95
8.08 -111.026 -120.083 -356.915 994.463 994.463
8.09 -113.563 -238.507 -324.152 1052.78 1052.78
8.1 -115.928 -363.843 -289.283 1104.71 1104.71
8.11 -118.081 -481.972 -255.539 1150.46 1150.46
8.12 -119.999 -580.774 -226.642 1182.09 1182.09
8.13 -121.681 -651.657 -205.874 1187.41 1187.41
8.14 -123.126 -689.385 -194.526 1155.09 1155.09
8.15 -124.35 -692.135 -190.863 1078.55 1078.55
8.16 -125.359 -662.171 -191.092 958.099 958.099
8.17 -126.153 -606.078 -192.437 801.212 801.212
8.18 -126.73 -533.585 -195.392 620.625 620.625
8.19 -127.07 -455.291 -202.99 430.674 430.674
8.2 -127.181 -382.233 -217.623 243.563 243.563
8.21 -127.118 -325.39 -238.717 67.5166 67.5166
8.22 -126.983 -293.413 -262.711 -92.7165 -92.7165
8.23 -126.914 -291.607 -283.979 -234.102 -234.102
8.24 -127.056 -321.581 -296.276 -353.624 -353.624
8.25 -127.52 -380.02 -294.74 -447.584 -447.584
8.26 -128.346 -459.335 -277.258 -512.16 -512.16
8.27 -129.526 -552.098 -244.152 -544.61 -544.61
8.28 -131.029 -653.676 -197.185 -544.26 -544.26
8.29 -132.797 -759.59 -139.474 -513.045 -513.045
8.3 -134.752 -865.275 -74.6442 -455.744 -455.744
8.31 -136.847 -968.238 -5.96147 -379.483 -379.483
8.32 -139.096 -1069.75 65.1001 -292.102 -292.102
8.33 -141.487 -1169.53 136.916 -200.14 -200.14
8.34 -143.951 -1263.59 206.658 -107.672 -107.672
8.35 -146.451 -1348.39 271.106 -16.2258 -16.2258
8.36 -148.958 -1423.78 328.369 74.9024 74.9024
8.37 -151.402 -1492.44 378.553 168.21 168.21
8.38 -153.783 -1557.63 423.891 267.058 267.058
8.39 -156.059 -1618.16 467.555 374.142 374.142
8.4 -158.187 -1668.62 511.76 490.118 490.118
8.41 -160.162 -1705.93 558.683 613.514 613.514
8.42 -162.011 -1730.08 609.667 741.983 741.983
8.43 -163.785 -1742.75 666.051 873.442 873.442
8.44 -165.591 -1744.5 727.226 1005.97 1005.97
8.45 -167.488 -1735.43 792.397 1136.97 1136.97
8.46 -169.538 -1716.03 860.281 1262.84 1262.84
8.47 -171.795 -1687.24 928.7 1379.69 1379.69
8.48 -174.256 -1650.3 994.49 1484.31 1484.31
8.49 -176.871 -1611.01 1055.43 1575.32 1575.32
8.5 -179.631 -1580.09 1109.74 1654.19 1654.19
8.51 -182.479 -1566.86 1156.76 1725.19 1725.19
8.52 -185.325 -1571.98 1195.33 1793.8 1793.8
8.53 -187.98 -1587.68 1224.78 1864.29 1864.29
8.54 -190.252 -1605.95 1245.94 1938 1938
8.55 -192.1 -1624.72 1260.79 2013.59 2013.59
8.56 -193.517 -1647.49 1272.13 2088.42 2088.42
8.57 -194.511 -1680.17 1282.82 2159.83 2159.83
8.58 -195.168 -1724.83 1294.1 2225.07 2225.07
8.59 -195.553 -1778.07 1305.59 2280.65 2280.65
8.6 -195.754 -1834.96 1316.59 2322.53 2322.53
8.61 -195.827 -1895.89 1328.82 2347.42 2347.42
8.62 -195.869 -1964.28 1345.03 2354.26 2354.26
8.63 -195.986 -2040.3 1367.09 2344.26 2344.26
8.64 -196.198 -2121.33 1396.56 2319.53 2319.53
8.65 -196.546 -2203.72 1435.11 2281.89 2281.89
8.66 -197.038 -2283.28 1482.9 2232.53 2232.53
8.67 -197.658 -2354.47 1537.3 2172.32 2172.32
8.68 -198.303 -2410.62 1596.29 2101.97 2101.97
8.69 -198.906 -2446.3 1657.24 2022.04 2022.04
8.7 -199.412 -2459.78 1717.26 1932.92 1932.92
8.71 -199.756 -2454.07 1773.73 1835.24 1835.24
8.72 -199.857 -2431.26 1824.18 1729.79 1729.79
8.73 -199.627 -2387.05 1864.14 1616.65 1616.65
8.74 -198.968 -2313.77 1889.81 1494.53 1494.53
8.75 -197.798 -2210.86 1901.59 1361.77 1361.77
8.76 -196.116 -2085.63 1903.43 1219.04 1219.04
8.77 -194.018 -1947.87 1898.62 1071.24 1071.24
8.78 -191.544 -1800.9 1886.97 926.337 926.337
8.79 -188.698 -1638.93 1864.17 791.766 791.766
8.8 -185.432 -1453.72 1825.27 672.011 672.011
8.81 -181.663 -1239.87 1768.56 568.909 568.909
8.82 -177.328 -997.868 1696.04 483.619 483.619
8.83 -172.403 -736.385 1613.19 418.11 418.11
8.84 -167.003 -474.377 1526.93 375.346 375.346
8.85 -161.348 -236.572 1443.96 358.76 358.76
8.86 -155.742 -46.0217 1367.61 371.306 371.306
8.87 -150.463 85.2728 1296.79 413.901 413.901
8.88 -145.678 162.105 1226.87 483.817 483.817
8.89 -141.372 201.338 1152.19 574.18 574.18
8.9 -137.393 221.886 1069.79 675.402 675.402
8.91 -133.599 235.131 980.629 777.963 777.963
8.92 -129.846 246.313 887.399 874.621 874.621
8.93 -125.993 260.582 791.609 960.468 960.468
8.94 -121.881 284.231 694.09 1031.33 1031.33
8.95 -117.383 324.622 595.005 1082.39 1082.39
8.96 -112.397 386.807 496.239 1108.25 1108.25
8.97 -106.83 476.151 399.245 1103.45 1103.45
8.98 -100.642 595.725 304.186 1062.7 1062.7
8.99 -93.9114 742.621 209.296 980.946 980.946
9 -86.7157 909.285 115.746 854.149 854.149
9.01 -79.3054 1088.18 24.3648 680.924 680.924
9.02 -71.8395 1272.57 -62.8326 463.497 463.497
9.03 -64.4796 1458.66 -144.431 207.245 207.245
9.04 -57.4946 1641.19 -217.684 -78.9206 -78.9206
9.05 -50.9915 1817.11 -283.118 -381.661 -381.661
9.06 -45.1054 1982.83 -340.81 -686.392 -686.392
9.07 -39.8351 2138.11 -393.709 -982.662 -982.662
9.08 -35.1629 2284.54 -440.487 -1265.9 -1265.9
9.09 -31.0678 2422.98 -481.74 -1535.92 -1535.92
9.1 -27.5591 2555.84 -517.524 -1794.93 -1794.93
9.11 -24.6397 2680.88 -549.483 -2045.14 -2045.14
9.12 -22.209 2791.03 -578.107 -2286.17 -2286.17
9.13 -20.2294 2878.29 -606.481 -2513.75 -2513.75
9.14 -18.6556 2936.76 -638.435 -2720.81 -2720.81
9.15 -17.4144 2964.76 -678.276 -2900.07 -2900.07
9.16 -16.4307 2962.64 -731.968 -3046.36 -3046.36
9.17 -15.6977 2929.71 -801.248 -3157.37 -3157.37
9.18 -15.2346 2860.19 -885.227 -3232.49 -3232.49
9.19 -15.1077 2747.72 -978.774 -3270.78 -3270.78
9.2 -15.4499 2592.29 -1074.59 -3270.39 -3270.39
9.21 -16.3557 2404.55 -1165.9 -3229.63 -3229.63
9.22 -17.8825 2201.57 -1249.75 -3148.78 -3148.78
9.23 -20.0568 1998.82 -1324.86 -3030.91 -3030.91
9.24 -22.7631 1803.39 -1394.85 -2881.4 -2881.4
9.25 -26.0373 1616.01 -1461.58 -2706.82 -2706.82
9.26 -29.8178 1433.91 -1524.78 -2514.13 -2514.13
9.27 -34.074 1257.04 -1585.23 -2310.63 -2310.63
9.28 -38.6486 1094.86 -1642.44 -2103.82 -2103.82
9.29 -43.3984 958.255 -1698.2 -1900.87 -1900.87
9.3 -48.0425 855.474 -1752.05 -1707.33 -1707.33
9.31 -52.4704 784.05 -1800.68 -1525.73 -1525.73
9.32 -56.5378 736.491 -1841.43 -1355.18 -1355.18
9.33 -60.1828 705.661 -1874.38 -1192.8 -1192.8
9.34 -63.4084 684.868 -1901.31 -1036.21 -1036.21
9.35 -66.2761 665.494 -1924.35 -884.511 -884.511
9.36 -68.8786 640.672 -1944.94 -737.665 -737.665
9.37 -71.3144 606.719 -1964.4 -595.476 -595.476
9.38 -73.6937 561.682 -1983.45 -457.284 -457.284
9.39 -76.1384 503.976 -2001.89 -322.188 -322.188
9.4 -78.7042 432.765 -2020.21 -189.458 -189.458
9.41 -81.4428 352.87 -2038.79 -59.5264 -59.5264
9.42 -84.3252 270.591 -2058.33 64.8461 64.8461
9.43 -87.2802 188.949 -2077.85 178.798 178.798
9.44 -90.2156 104.545 -2094.46 277.378 277.378
9.45 -93.0988 11.1228 -2103.32 357.81 357.81
9.46 -95.9086 -95.7536 -2099.38 420.411 420.411
9.47 -98.6637 -215.969 -2080.2 467.7 467.7
9.48 -101.398 -346.265 -2046.39 502.497 502.497
9.49 -103.9 -481.823 -2001.14 526.4 526.4
9.5 -106.05 -621.42 -1947.48 539.582 539.582
9.51 -107.884 -771.708 -1887.17 541.761 541.761
9.52 -109.557 -941.558 -1820.01 533.394 533.394
9.53 -111.168 -1128.1 -1748.68 515.625 515.625
9.54 -112.786 -1317.05 -1677.95 488.726 488.726
9.55 -114.389 -1485.99 -1613.65 450.721 450.721
9.56 -115.868 -1618.23 -1559.26 397.873 397.873
9.57 -117.166 -1706.7 -1515.26 326.621 326.621
9.58 -118.178 -1750.22 -1481.93 235.114 235.114
9.59 -118.887 -1746.28 -1458.77 123.065 123.065
9.6 -119.162 -1692.54 -1446.6 -9.31557 -9.31557
9.61 -119.03 -1594.47 -1443.1 -161.197 -161.197
9.62 -118.555 -1467.64 -1443.69 -329.152 -329.152
9.63 -117.869 -1332.41 -1443.11 -505.472 -505.472
9.64 -117.055 -1200.26 -1439.76 -679.147 -679.147
9.65 -116.132 -1070.98 -1435.11 -839.213 -839.213
9.66 -115.073 -938.289 -1431.33 -977.627 -977.627
9.67 -113.845 -800.472 -1428.34 -1089.5 -1089.5
9.68 -112.43 -664.781 -1423.36 -1171.32 -1171.32
9.69 -110.931 -542.277 -1411.96 -1219.63 -1219.63
9.7 -109.41 -436.416 -1391.52 -1231.6 -1231.6
9.71 -107.914 -342.242 -1362.38 -1206.78 -1206.78
9.72 -106.529 -255.998 -1325.59 -1147.8 -1147.8
9.73 -105.321 -178.277 -1282.04 -1059.21 -1059.21
9.74 -104.298 -107.792 -1233.68 -946.473 -946.473
9.75 -103.368 -38.7246 -1183.91 -816.448 -816.448
9.76 -102.426 32.1403 -1135.9 -677.855 -677.855
9.77 -101.472 97.4793 -1090.26 -539.458 -539.458
9.78 -100.555 143.484 -1045.32 -406.63 -406.63
9.79 -99.7442 160.493 -999.307 -279.555 -279.555
9.8 -99.0612 149.569 -951.646 -154.892 -154.892
9.81 -98.4516 121.145 -902.796 -29.2979 -29.2979
9.82 -97.7931 91.2402 -853.705 97.8562 97.8562
9.83 -96.9492 76.1127 -804.581 223.62 223.62
9.84 -95.8121 86.2617 -753.665 342.03 342.03
9.85 -94.3354 124.946 -697.628 445.344 445.344
9.86 -92.5097 193.406 -633.259 525.33 525.33
9.87 -90.3024 294.695 -558.228 574.367 574.367
9.88 -87.7819 430.844 -471.171 586.479 586.479
9.89 -85.081 596.751 -375.286 558.569 558.569
9.9 -82.2065 786.326 -273.67 491.47 491.47
9.91 -79.1589 995.829 -166.336 389.518 389.518
9.92 -76.028 1222.71 -58.3821 258.584 258.584
9.93 -72.757 1466.66 44.9192 103.765 103.765
9.94 -69.2627 1725.71 142.777 -71.6476 -71.6476
9.95 -65.625 1992.72 230.868 -264.259 -264.259
9.96 -61.9504 2252 301.387 -467.747 -467.747
9.97 -58.178 2494.14 354.354 -672.887 -672.887
9.98 -54.4006 2712.67 390.232 -869.975 -869.975
9.99 -50.6829 2901.17 412.409 -1050.97 -1050.97
10 -47.0976 3050.31 427.126 -1210.35 -1210.35
