0.1 5.461 -21.314 0.19915 -1.59177 -1.59177
0.2 10.9216 -42.6623 0.400373 -3.18656 -3.18656
0.3 16.3818 -64.0454 0.603698 -4.78438 -4.78438
0.4 21.8415 -85.4632 0.809158 -6.38524 -6.38524
0.5 27.3009 -106.916 1.01679 -7.98914 -7.98914
0.6 32.7598 -128.404 1.22661 -9.5961 -9.5961
0.7 38.2183 -149.928 1.43868 -11.2061 -11.2061
0.8 43.6764 -171.487 1.65301 -12.8192 -12.8192
0.9 49.134 -193.083 1.86965 -14.4354 -14.4354
1 54.5913 -214.714 2.08864 -16.0547 -16.0547
0.01 54.5913 -214.769 2.28078 -16.044 -16.044
0.02 54.5915 -214.916 2.82593 -15.9879 -15.9879
0.03 54.5917 -215.071 3.45134 -15.8578 -15.8578
0.04 54.5919 -215.184 3.89708 -15.6769 -15.6769
0.05 54.592 -215.29 4.14745 -15.5036 -15.5036
0.06 54.5921 -215.406 4.21543 -15.3767 -15.3767
0.07 54.5921 -215.528 4.12344 -15.2968 -15.2968
0.08 54.5921 -215.635 3.89606 -15.2508 -15.2508
0.09 54.592 -215.708 3.55739 -15.2355 -15.2355
0.1 54.5918 -215.737 3.13168 -15.2571 -15.2571
0.11 54.5915 -215.728 2.64568 -15.3178 -15.3178
0.12 54.5912 -215.695 2.12546 -15.4108 -15.4108
0.13 54.5907 -215.661 1.58874 -15.5242 -15.5242
0.14 54.5902 -215.643 1.04418 -15.6476 -15.6476
0.15 54.5897 -215.656 0.500442 -15.7725 -15.7725
0.16 54.5891 -215.699 -0.0302689 -15.8894 -15.8894
0.17 54.5886 -215.76 -0.536537 -15.9879 -15.9879
0.18 54.5881 -215.827 -1.01622 -16.0575 -16.0575
0.19 54.5876 -215.897 -1.4844 -16.0897 -16.0897
0.2 54.5872 -215.97 -1.96767 -16.08 -16.08
0.21 54.5867 -216.048 -2.4874 -16.0299 -16.0299
0.22 54.5862 -216.121 -3.05286 -15.9502 -15.9502
0.23 54.5856 -216.175 -3.6608 -15.8619 -15.8619
0.24 54.5849 -216.205 -4.2993 -15.7926 -15.7926
0.25 54.5842 -216.216 -4.95143 -15.7677 -15.7677
0.26 54.5833 -216.215 -5.60206 -15.8008 -15.8008
0.27 54.5825 -216.194 -6.25595 -15.8922 -15.8922
0.28 54.5815 -216.139 -6.94374 -16.0344 -16.0344
0.29 54.5805 -216.052 -7.70302 -16.2201 -16.2201
0.3 54.5795 -215.965 -8.55901 -16.4433 -16.4433
0.31 54.5784 -215.902 -9.52106 -16.6972 -16.6972
0.32 54.5772 -215.858 -10.5701 -16.975 -16.975
0.33 54.5761 -215.821 -11.6519 -17.2699 -17.2699
0.34 54.5749 -215.783 -12.7038 -17.5724 -17.5724
0.35 54.5738 -215.74 -13.6936 -17.8702 -17.8702
0.36 54.5727 -215.698 -14.6227 -18.1532 -18.1532
0.37 54.5716 -215.658 -15.4998 -18.4215 -18.4215
0.38 54.5705 -215.601 -16.3195 -18.6865 -18.6865
0.39 54.5695 -215.501 -17.0696 -18.9666 -18.9666
0.4 54.5685 -215.358 -17.7594 -19.2793 -19.2793
0.41 54.5675 -215.198 -18.432 -19.6342 -19.6342
0.42 54.5666 -215.047 -19.1402 -20.0329 -20.0329
0.43 54.5658 -214.911 -19.9131 -20.472 -20.472
0.44 54.565 -214.771 -20.7498 -20.9455 -20.9455
0.45 54.5642 -214.613 -21.6416 -21.4464 -21.4464
0.46 54.5634 -214.444 -22.5998 -21.9664 -21.9664
0.47 54.5627 -214.27 -23.6486 -22.4997 -22.4997
0.48 54.5618 -214.095 -24.7862 -23.0452 -23.0452
0.49 54.561 -213.924 -25.9738 -23.6032 -23.6032
0.5 54.5601 -213.742 -27.1704 -24.171 -24.171
0.51 54.5593 -213.524 -28.3491 -24.7431 -24.7431
0.52 54.5584 -213.26 -29.4702 -25.3126 -25.3126
0.53 54.5577 -212.945 -30.4848 -25.871 -25.871
0.54 54.5571 -212.555 -31.3894 -26.4097 -26.4097
0.55 54.5566 -212.075 -32.2472 -26.9296 -26.9296
0.56 54.5562 -211.541 -33.1045 -27.4423 -27.4423
0.57 54.556 -211.044 -33.8959 -27.9536 -27.9536
0.58 54.556 -210.666 -34.5038 -28.4428 -28.4428
0.59 54.5562 -210.412 -34.8936 -28.8698 -28.8698
0.6 54.5565 -210.219 -35.1491 -29.2078 -29.2078
0.61 54.5569 -210.052 -35.3826 -29.4633 -29.4633
0.62 54.5574 -209.936 -35.6403 -29.6597 -29.6597
0.63 54.5579 -209.847 -35.9256 -29.8133 -29.8133
0.64 54.5584 -209.685 -36.2465 -29.9362 -29.9362
0.65 54.5588 -209.44 -36.571 -30.0497 -30.0497
0.66 54.5593 -209.223 -36.8388 -30.1713 -30.1713
0.67 54.5599 -209.103 -37.0509 -30.2977 -30.2977
0.68 54.5604 -209.04 -37.2387 -30.4187 -30.4187
0.69 54.5609 -208.966 -37.3808 -30.5398 -30.5398
0.7 54.5615 -208.848 -37.4425 -30.6824 -30.6824
0.71 54.562 -208.693 -37.4472 -30.8655 -30.8655
0.72 54.5625 -208.561 -37.456 -31.0957 -31.0957
0.73 54.5629 -208.541 -37.4858 -31.3672 -31.3672
0.74 54.5632 -208.666 -37.4384 -31.6592 -31.6592
0.75 54.5635 -208.886 -37.1454 -31.9342 -31.9342
0.76 54.5638 -209.132 -36.5268 -32.1434 -32.1434
0.77 54.5642 -209.337 -35.6587 -32.2457 -32.2457
0.78 54.5645 -209.419 -34.6955 -32.2294 -32.2294
0.79 54.5649 -209.319 -33.7471 -32.1212 -32.1212
0.8 54.5652 -209.068 -32.8236 -31.9686 -31.9686
0.81 54.5656 -208.751 -31.9164 -31.8139 -31.8139
0.82 54.5659 -208.441 -31.0848 -31.6859 -31.6859
0.83 54.5662 -208.175 -30.3929 -31.6073 -31.6073
0.84 54.5664 -207.946 -29.8172 -31.5937 -31.5937
0.85 54.5667 -207.685 -29.2969 -31.6412 -31.6412
0.86 54.567 -207.308 -28.7833 -31.7234 -31.7234
0.87 54.5673 -206.864 -28.1416 -31.794 -31.794
0.88 54.5678 -206.533 -27.1861 -31.7804 -31.7804
0.89 54.5685 -206.371 -25.9128 -31.5986 -31.5986
0.9 54.5693 -206.235 -24.5479 -31.2092 -31.2092
0.91 54.5704 -205.981 -23.2863 -30.6545 -30.6545
0.92 54.5718 -205.649 -22.0069 -30.0075 -30.0075
0.93 54.5736 -205.39 -20.3655 -29.2772 -29.2772
0.94 54.576 -205.245 -18.2226 -28.3939 -28.3939
0.95 54.5787 -205.153 -15.8746 -27.3064 -27.3064
0.96 54.5816 -205.079 -13.8007 -26.0784 -26.0784
0.97 54.5846 -205.058 -12.1809 -24.8684 -24.8684
0.98 54.5876 -205.201 -10.7627 -23.8126 -23.8126
0.99 54.5907 -205.536 -9.25508 -22.943 -22.943
1 54.5937 -205.938 -7.65881 -22.2226 -22.2226
1.01 54.5967 -206.377 -6.16209 -21.6236 -21.6236
1.02 54.5994 -206.94 -4.90388 -21.1401 -21.1401
1.03 54.602 -207.523 -3.84484 -20.7552 -20.7552
1.04 54.6045 -207.815 -2.77578 -20.4466 -20.4466
1.05 54.6069 -207.709 -1.48122 -20.2153 -20.2153
1.06 54.6092 -207.448 0.0982085 -20.0741 -20.0741
1.07 54.6115 -207.293 1.84196 -20.0187 -20.0187
1.08 54.6136 -207.203 3.49582 -20.0464 -20.0464
1.09 54.6155 -206.999 4.89059 -20.201 -20.201
1.1 54.6172 -206.73 6.19575 -20.5453 -20.5453
1.11 54.6187 -206.556 7.76016 -21.0699 -21.0699
1.12 54.6201 -206.365 9.69432 -21.6793 -21.6793
1.13 54.6213 -205.873 11.7314 -22.2975 -22.2975
1.14 54.6223 -205.1 13.4522 -22.9452 -22.9452
1.15 54.623 -204.247 14.493 -23.6895 -23.6895
1.16 54.6234 -203.301 14.707 -24.5626 -24.5626
1.17 54.6236 -202.196 14.4094 -25.5375 -25.5375
1.18 54.6239 -200.96 14.2563 -26.528 -26.528
1.19 54.6246 -199.712 14.7204 -27.3936 -27.3936
1.2 54.6256 -198.695 15.7983 -27.9768 -27.9768
1.21 54.6271 -198.128 17.1685 -28.1702 -28.1702
1.22 54.6288 -198.091 18.508 -27.9656 -27.9656
1.23 54.6306 -198.532 19.6496 -27.4435 -27.4435
1.24 54.6325 -199.258 20.5644 -26.72 -26.72
1.25 54.6345 -199.93 21.2631 -25.9034 -25.9034
1.26 54.6365 -200.243 21.737 -25.0843 -25.0843
1.27 54.6387 -200.139 22.0201 -24.3247 -24.3247
1.28 54.6409 -199.742 22.2084 -23.6376 -23.6376
1.29 54.6433 -199.277 22.4437 -22.9861 -22.9861
1.3 54.6456 -198.945 22.8865 -22.3162 -22.3162
1.31 54.6479 -198.691 23.5577 -21.6171 -21.6171
1.32 54.6499 -198.334 24.2407 -20.9745 -20.9745
1.33 54.6514 -197.923 24.5987 -20.556 -20.556
1.34 54.6524 -197.478 24.301 -20.5339 -20.5339
1.35 54.6527 -196.661 23.2499 -21.0344 -21.0344
1.36 54.6526 -195.229 21.8559 -22.1115 -22.1115
1.37 54.6523 -193.497 20.7607 -23.6806 -23.6806
1.38 54.652 -192.126 20.2473 -25.4695 -25.4695
1.39 54.6517 -191.595 19.997 -27.111 -27.111
1.4 54.6513 -191.92 19.3999 -28.3479 -28.3479
1.41 54.6508 -192.811 18.3536 -29.1513 -29.1513
1.42 54.6503 -193.778 17.4755 -29.6459 -29.6459
1.43 54.6499 -194.214 17.2744 -29.985 -29.985
1.44 54.6497 -193.928 17.6133 -30.3211 -30.3211
1.45 54.6494 -193.435 17.9636 -30.8064 -30.8064
1.46 54.6489 -193.453 17.8816 -31.5355 -31.5355
1.47 54.6483 -194.205 17.4456 -32.4843 -32.4843
1.48 54.6476 -195.439 17.3164 -33.5106 -33.5106
1.49 54.6471 -197.12 18.2134 -34.3838 -34.3838
1.5 54.6467 -199.487 20.2586 -34.8259 -34.8259
1.51 54.6461 -202.181 22.7642 -34.644 -34.644
1.52 54.6452 -204.052 24.7169 -33.9447 -33.9447
1.53 54.6436 -204.348 25.678 -33.1714 -33.1714
1.54 54.6415 -203.51 26.021 -32.7949 -32.7949
1.55 54.6389 -202.446 26.2274 -32.9428 -32.9428
1.56 54.6361 -201.644 26.4342 -33.3678 -33.3678
1.57 54.6331 -201.184 26.5528 -33.7193 -33.7193
1.58 54.6302 -201.136 26.3621 -33.7594 -33.7594
1.59 54.6272 -201.719 25.6192 -33.3626 -33.3626
1.6 54.624 -203.234 24.4043 -32.4282 -32.4282
1.61 54.6208 -205.658 23.3773 -30.8642 -30.8642
1.62 54.6176 -208.226 23.2673 -28.6741 -28.6741
1.63 54.6146 -209.712 23.7112 -26.0771 -26.0771
1.64 54.6119 -209.165 23.0841 -23.5382 -23.5382
1.65 54.6094 -206.599 20.1023 -21.5814 -21.5814
1.66 54.6075 -203.041 15.2329 -20.419 -20.419
1.67 54.6065 -199.802 10.2414 -19.6991 -19.6991
1.68 54.6068 -197.728 6.65073 -18.6771 -18.6771
1.69 54.6081 -197.121 4.7352 -16.7285 -16.7285
1.7 54.61 -197.947 3.91 -13.7665 -13.7665
1.71 54.612 -199.704 3.59792 -10.2583 -10.2583
1.72 54.6136 -201.428 3.36368 -6.9469 -6.9469
1.73 54.6145 -202.393 2.75745 -4.53038 -4.53038
1.74 54.6147 -202.63 1.42363 -3.40281 -3.40281
1.75 54.6142 -202.572 -0.837251 -3.50802 -3.50802
1.76 54.6134 -202.581 -4.08135 -4.39664 -4.39664
1.77 54.6129 -203.073 -8.0485 -5.45623 -5.45623
1.78 54.613 -204.641 -11.9512 -6.14041 -6.14041
1.79 54.6138 -207.379 -14.8256 -6.1234 -6.1234
1.8 54.6149 -210.423 -16.3976 -5.46027 -5.46027
1.81 54.6155 -212.706 -17.3606 -4.70698 -4.70698
1.82 54.615 -213.71 -18.6539 -4.79269 -4.79269
1.83 54.6127 -213.408 -20.6395 -6.61884 -6.61884
1.84 54.6089 -211.92 -22.9392 -10.647 -10.647
1.85 54.604 -209.502 -24.7357 -16.7203 -16.7203
1.86 54.5987 -206.836 -25.2707 -24.1215 -24.1215
1.87 54.5936 -204.524 -24.558 -31.8029 -31.8029
1.88 54.5888 -202.071 -23.7184 -38.8086 -38.8086
1.89 54.5839 -198.537 -24.0976 -44.732 -44.732
1.9 54.5789 -194.535 -25.88 -49.7644 -49.7644
1.91 54.5736 -192.058 -28.0333 -54.2347 -54.2347
1.92 54.5681 -192.259 -29.4821 -58.2055 -58.2055
1.93 54.5625 -194.757 -29.873 -61.5523 -61.5523
1.94 54.5571 -198.668 -29.4835 -64.2104 -64.2104
1.95 54.5523 -203.251 -28.8033 -66.1499 -66.1499
1.96 54.5483 -207.649 -28.3843 -67.1964 -67.1964
1.97 54.5451 -210.82 -28.8174 -67.0741 -67.0741
1.98 54.5429 -212.31 -30.3966 -65.6595 -65.6595
1.99 54.5417 -212.792 -32.926 -63.1037 -63.1037
2 54.5414 -213.491 -35.8558 -59.7022 -59.7022
2.01 54.5422 -215.231 -38.4497 -55.7257 -55.7257
2.02 54.5438 -217.918 -39.9746 -51.3899 -51.3899
2.03 54.5461 -221.006 -39.8516 -46.884 -46.884
2.04 54.5482 -224.225 -37.9318 -42.3063 -42.3063
2.05 54.5494 -227.23 -34.9012 -37.6049 -37.6049
2.06 54.5487 -229.376 -31.9566 -32.7096 -32.7096
2.07 54.5459 -230.725 -29.7455 -27.694 -27.694
2.08 54.5412 -232.378 -27.977 -22.6799 -22.6799
2.09 54.5355 -235.322 -26.113 -17.6057 -17.6057
2.1 54.5295 -239.46 -24.1839 -12.2163 -12.2163
2.11 54.5239 -243.908 -22.7253 -6.29212 -6.29212
2.12 54.519 -248.092 -21.9723 0.221499 0.221499
2.13 54.5148 -252.126 -21.5762 7.32297 7.32297
2.14 54.5111 -256.143 -20.9931 15.0213 15.0213
2.15 54.5075 -259.674 -19.8862 23.1335 23.1335
2.16 54.5038 -261.663 -18.4101 31.0168 31.0168
2.17 54.4999 -261.453 -17.0918 37.6388 37.6388
2.18 54.4959 -259.954 -16.2976 42.1173 42.1173
2.19 54.4919 -258.867 -15.9709 44.3439 44.3439
2.2 54.4882 -258.652 -15.8779 45.0754 45.0754
2.21 54.4847 -258.559 -15.7416 45.3939 45.3939
2.22 54.4816 -258.281 -15.1495 46.1254 46.1254
2.23 54.4788 -258.477 -13.7053 47.6831 47.6831
2.24 54.4762 -259.886 -11.4234 50.1512 50.1512
2.25 54.4735 -262.566 -8.80278 53.2795 53.2795
2.26 54.4707 -266.171 -6.39867 56.4772 56.4772
2.27 54.4678 -270.107 -4.59089 59.0401 59.0401
2.28 54.465 -273.224 -3.64802 60.4866 60.4866
2.29 54.4628 -274.496 -3.59922 60.715 60.715
2.3 54.4618 -273.95 -4.16318 59.9513 59.9513
2.31 54.4621 -272.221 -4.97914 58.5861 58.5861
2.32 54.4642 -269.716 -5.74253 56.9368 56.9368
2.33 54.468 -266.66 -6.18073 55.0423 55.0423
2.34 54.4732 -263.42 -6.14249 52.6615 52.6615
2.35 54.4796 -260.424 -5.65635 49.4797 49.4797
2.36 54.4865 -257.884 -4.83956 45.3375 45.3375
2.37 54.4935 -255.927 -3.69912 40.342 40.342
2.38 54.5003 -254.572 -2.15165 34.854 34.854
2.39 54.5066 -253.139 -0.342133 29.3399 29.3399
2.4 54.5125 -250.663 1.58571 24.1403 24.1403
2.41 54.5182 -246.883 4.00489 19.3649 19.3649
2.42 54.5242 -242.052 7.37967 14.9747 14.9747
2.43 54.5311 -236.825 11.5206 10.8712 10.8712
2.44 54.539 -232.587 15.7003 6.93839 6.93839
2.45 54.5478 -230.413 19.2575 3.09662 3.09662
2.46 54.5574 -229.635 21.9156 -0.717594 -0.717594
2.47 54.5677 -228.413 23.7643 -4.68326 -4.68326
2.48 54.5783 -225.483 25.1034 -9.13347 -9.13347
2.49 54.5892 -220.915 26.245 -14.3652 -14.3652
2.5 54.6001 -215.697 27.4745 -20.3897 -20.3897
2.51 54.6112 -210.855 28.9305 -26.8652 -26.8652
2.52 54.6222 -206.952 30.379 -33.2481 -33.2481
2.53 54.6332 -204.19 31.4311 -38.9882 -38.9882
2.54 54.6442 -202.408 31.8682 -43.6297 -43.6297
2.55 54.6549 -201.118 31.67 -46.871 -46.871
2.56 54.6653 -199.881 30.9821 -48.6514 -48.6514
2.57 54.6749 -198.577 29.9831 -49.2109 -49.2109
2.58 54.6831 -197.353 28.7694 -49.0535 -49.0535
2.59 54.6897 -196.428 27.5412 -48.8035 -48.8035
2.6 54.6947 -195.848 26.6777 -49.009 -49.009
2.61 54.6982 -195.351 26.3105 -49.9832 -49.9832
2.62 54.7007 -194.503 26.0119 -51.7465 -51.7465
2.63 54.7022 -192.921 25.2333 -54.0535 -54.0535
2.64 54.7033 -190.756 24.1835 -56.4292 -56.4292
2.65 54.7043 -189.052 24.0576 -58.185 -58.185
2.66 54.7054 -188.874 25.9359 -58.5416 -58.5416
2.67 54.7066 -190.229 29.5103 -56.9974 -56.9974
2.68 54.7074 -192.194 33.2108 -53.7224 -53.7224
2.69 54.7073 -193.79 35.6333 -49.5319 -49.5319
2.7 54.7061 -194.823 36.7792 -45.3224 -45.3224
2.71 54.7039 -195.705 37.9034 -41.4243 -41.4243
2.72 54.7009 -196.433 40.2864 -37.4864 -37.4864
2.73 54.6973 -196.343 44.0456 -32.9968 -32.9968
2.74 54.6929 -195.257 48.0022 -27.8822 -27.8822
2.75 54.6877 -194.312 50.8218 -22.5835 -22.5835
2.76 54.6818 -194.765 52.2159 -17.6464 -17.6464
2.77 54.6754 -196.773 52.8423 -13.3675 -13.3675
2.78 54.6686 -199.87 53.1435 -9.77738 -9.77738
2.79 54.6612 -203.41 52.6839 -6.79579 -6.79579
2.8 54.6534 -206.351 50.8968 -4.34608 -4.34608
2.81 54.6453 -208.043 48.2428 -2.33817 -2.33817
2.82 54.6375 -209.001 46.0961 -0.530638 -0.530638
2.83 54.6305 -210.207 45.5255 1.53367 1.53367
2.84 54.6245 -212.251 46.4588 4.33577 4.33577
2.85 54.6196 -214.975 47.9382 8.06109 8.06109
2.86 54.6156 -217.9 48.9135 12.4623 12.4623
2.87 54.6123 -220.906 48.5834 17.0234 17.0234
2.88 54.6093 -223.83 46.4826 21.2044 21.2044
2.89 54.6062 -226.03 42.8022 24.5185 24.5185
2.9 54.6028 -227.052 38.3479 26.5165 26.5165
2.91 54.5986 -227.153 33.7385 26.8729 26.8729
2.92 54.5936 -226.927 28.8202 25.5145 25.5145
2.93 54.5874 -226.891 23.1951 22.6347 22.6347
2.94 54.5804 -227.271 16.9727 18.6132 18.6132
2.95 54.5728 -227.969 10.6384 13.9418 13.9418
2.96 54.5652 -228.886 4.60459 9.16955 9.16955
2.97 54.5578 -230.241 -0.625544 4.84979 4.84979
2.98 54.5512 -232.366 -4.22788 1.48189 1.48189
2.99 54.5458 -235.072 -5.58023 -0.60567 -0.60567
3 54.5417 -237.349 -4.9328 -1.44669 -1.44669
3.01 54.539 -237.961 -3.26857 -1.543 -1.543
3.02 54.5376 -236.357 -1.4916 -1.66998 -1.66998
3.03 54.5375 -232.847 0.187761 -2.44016 -2.44016
3.04 54.5388 -228.443 2.19056 -3.96273 -3.96273
3.05 54.5412 -224.651 4.88203 -5.85248 -5.85248
3.06 54.5445 -222.673 8.08336 -7.55116 -7.55116
3.07 54.5483 -222.308 11.4438 -8.73351 -8.73351
3.08 54.5524 -222.141 14.7857 -9.53173 -9.53173
3.09 54.5564 -221.256 18.0518 -10.3917 -10.3917
3.1 54.5603 -220.174 21.2286 -11.6333 -11.6333
3.11 54.5638 -219.699 23.8861 -13.1276 -13.1276
3.12 54.5669 -219.406 24.9802 -14.4617 -14.4617
3.13 54.5699 -217.87 23.6629 -15.3952 -15.3952
3.14 54.5732 -214.669 20.1214 -16.0161 -16.0161
3.15 54.5776 -211.344 15.5903 -16.3893 -16.3893
3.16 54.5833 -209.923 11.6433 -16.2048 -16.2048
3.17 54.5906 -211.463 9.4118 -14.9408 -14.9408
3.18 54.599 -215.57 9.18391 -12.3812 -12.3812
3.19 54.608 -220.155 10.3644 -8.97938 -8.97938
3.2 54.6167 -222.532 11.996 -5.79391 -5.79391
3.21 54.6248 -221.662 13.7007 -3.99356 -3.99356
3.22 54.6323 -218.852 15.9796 -4.17974 -4.17974
3.23 54.6393 -216.249 19.3684 -6.01432 -6.01432
3.24 54.6461 -215.198 23.6692 -8.47655 -8.47655
3.25 54.6523 -216.005 28.0673 -10.4977 -10.4977
3.26 54.6577 -218.365 31.3099 -11.4562 -11.4562
3.27 54.6615 -221.343 31.8625 -11.3464 -11.3464
3.28 54.6626 -223.672 28.7651 -10.7355 -10.7355
3.29 54.6606 -224.712 22.6077 -10.5238 -10.5238
3.3 54.6554 -224.7 15.4413 -11.5007 -11.5007
3.31 54.6474 -223.933 9.62157 -13.955 -13.955
3.32 54.6377 -222.08 6.57558 -17.6535 -17.6535
3.33 54.6276 -218.861 6.50507 -22.1046 -22.1046
3.34 54.6183 -215.305 9.02967 -26.7011 -26.7011
3.35 54.6107 -213.153 13.5387 -30.6362 -30.6362
3.36 54.6049 -212.936 18.83 -32.997 -32.997
3.37 54.6006 -213.607 23.2127 -33.246 -33.246
3.38 54.5973 -213.578 25.4283 -31.6562 -31.6562
3.39 54.5946 -211.707 25.4509 -29.2046 -29.2046
3.4 54.5926 -208.19 24.5846 -26.9577 -26.9577
3.41 54.5914 -204.755 24.7996 -25.3899 -25.3899
3.42 54.5913 -203.212 27.5389 -24.1005 -24.1005
3.43 54.5924 -203.832 32.7647 -22.1327 -22.1327
3.44 54.5942 -205.517 39.1578 -18.6361 -18.6361
3.45 54.5966 -207.176 45.2151 -13.3447 -13.3447
3.46 54.5993 -208.698 49.9989 -6.60119 -6.60119
3.47 54.6025 -210.765 53.1779 0.894961 0.894961
3.48 54.6062 -213.913 54.8682 8.32247 8.32247
3.49 54.6107 -217.904 55.4737 14.8876 14.8876
3.5 54.6159 -222.265 55.6611 20.0221 20.0221
3.51 54.6221 -226.872 56.2309 23.6567 23.6567
3.52 54.6289 -231.223 57.3915 26.2786 26.2786
3.53 54.6357 -234.082 58.3612 28.5311 28.5311
3.54 54.6417 -234.736 58.2044 30.6801 30.6801
3.55 54.6463 -234.034 56.8267 32.5114 32.5114
3.56 54.649 -233.968 55.125 33.6937 33.6937
3.57 54.65 -236.04 54.2958 34.1019 34.1019
3.58 54.6495 -239.925 54.991 33.7363 33.7363
3.59 54.6478 -243.698 57.0945 32.4479 32.4479
3.6 54.6453 -245.022 59.8191 29.8995 29.8995
3.61 54.6421 -242.644 61.9312 25.8372 25.8372
3.62 54.6378 -237.514 62.4257 20.4096 20.4096
3.63 54.6325 -232.324 61.1647 14.264 14.264
3.64 54.6263 -229.334 58.8336 8.29478 8.29478
3.65 54.6199 -228.684 56.3793 3.14671 3.14671
3.66 54.6138 -228.972 54.4731 -1.14133 -1.14133
3.67 54.6087 -228.934 53.5864 -4.98111 -4.98111
3.68 54.6049 -228.149 54.1298 -8.67899 -8.67899
3.69 54.6022 -226.803 55.8009 -12.0418 -12.0418
3.7 54.6 -225.534 57.2532 -14.5159 -14.5159
3.71 54.5975 -225.147 56.9441 -15.6354 -15.6354
3.72 54.5944 -225.912 53.8895 -15.34 -15.34
3.73 54.5911 -227.388 48.0319 -13.9802 -13.9802
3.74 54.5883 -229.017 40.6068 -12.0534 -12.0534
3.75 54.587 -230.568 33.4198 -9.84251 -9.84251
3.76 54.5875 -232.151 27.526 -7.23013 -7.23013
3.77 54.5894 -233.877 23.0578 -3.84587 -3.84587
3.78 54.592 -235.71 19.8135 0.583551 0.583551
3.79 54.5945 -237.734 17.4788 5.96403 5.96403
3.8 54.5961 -240.082 15.6083 11.8016 11.8016
3.81 54.5968 -242.555 13.9788 17.3766 17.3766
3.82 54.5968 -244.701 13.1462 22.0486 22.0486
3.83 54.5967 -245.936 14.1574 25.5734 25.5734
3.84 54.5966 -245.86 17.0242 28.1967 28.1967
3.85 54.5962 -245.003 19.9075 30.4094 30.4094
3.86 54.5945 -244.472 20.7975 32.566 32.566
3.87 54.591 -244.785 19.4529 34.6663 34.6663
3.88 54.5858 -245.67 16.963 36.3823 36.3823
3.89 54.579 -246.638 14.1922 37.2276 37.2276
3.9 54.5707 -247.555 11.2234 36.7633 36.7633
3.91 54.5613 -248.878 8.09469 34.8172 34.8172
3.92 54.5512 -251.235 5.62943 31.6577 31.6577
3.93 54.5408 -254.39 4.85237 27.937 27.937
3.94 54.5307 -256.893 5.83265 24.3021 24.3021
3.95 54.5212 -257.251 7.97596 20.9718 20.9718
3.96 54.5125 -255.059 10.8612 17.7208 17.7208
3.97 54.5052 -250.871 14.049 14.2257 14.2257
3.98 54.4994 -245.388 16.8336 10.3203 10.3203
3.99 54.4953 -239.001 18.7127 5.95845 5.95845
4 54.4928 -232.496 19.9921 1.15539 1.15539
4.01 54.4917 -227.544 21.8026 -3.84353 -3.84353
4.02 54.492 -225.361 24.8573 -8.42688 -8.42688
4.03 54.4929 -225.745 28.3112 -11.9068 -11.9068
4.04 54.4941 -228.064 30.6283 -13.9917 -13.9917
4.05 54.4952 -231.854 30.8261 -14.8592 -14.8592
4.06 54.4964 -236.001 28.4489 -14.8462 -14.8462
4.07 54.4983 -238.928 23.6043 -14.21 -14.21
4.08 54.502 -240.201 17.5272 -13.0328 -13.0328
4.09 54.5086 -240.67 12.3438 -11.09 -11.09
4.1 54.519 -241.05 9.82124 -7.84502 -7.84502
4.11 54.5334 -241.515 10.4539 -2.79028 -2.79028
4.12 54.5512 -241.923 13.3905 4.07681 4.07681
4.13 54.5708 -241.581 16.8635 12.0095 12.0095
4.14 54.5903 -239.97 19.2657 19.6696 19.6696
4.15 54.6082 -237.805 20.0379 25.6568 25.6568
4.16 54.6232 -236.416 19.456 29.1091 29.1091
4.17 54.6346 -236.633 18.0422 29.9696 29.9696
4.18 54.6424 -238.297 16.3165 28.8304 28.8304
4.19 54.647 -240.27 14.8956 26.5921 26.5921
4.2 54.6492 -241.336 14.5847 24.1912 24.1912
4.21 54.6497 -241.006 15.8582 22.4363 22.4363
4.22 54.6491 -239.199 18.2293 21.8109 21.8109
4.23 54.6478 -236.128 20.8082 22.236 22.236
4.24 54.6462 -232.322 23.2182 23.0468 23.0468
4.25 54.6446 -227.496 25.3969 23.2382 23.2382
4.26 54.6437 -220.484 27.2647 21.7519 21.7519
4.27 54.6438 -210.899 28.9194 17.765 17.765
4.28 54.6449 -199.396 30.565 11.0148 11.0148
4.29 54.6468 -186.888 32.425 1.94666 1.94666
4.3 54.6493 -174.992 34.9225 -8.43872 -8.43872
4.31 54.652 -165.995 38.3415 -18.889 -18.889
4.32 54.6546 -161.138 42.2223 -28.2625 -28.2625
4.33 54.6571 -159.782 45.6407 -35.9063 -35.9063
4.34 54.6597 -160.315 48.159 -41.8105 -41.8105
4.35 54.6632 -161.061 50.1467 -46.3497 -46.3497
4.36 54.668 -160.849 52.0366 -49.8553 -49.8553
4.37 54.6747 -159.612 53.637 -52.4147 -52.4147
4.38 54.6832 -158.237 54.475 -53.982 -53.982
4.39 54.6935 -157.911 54.752 -54.5828 -54.5828
4.4 54.7059 -159.365 55.488 -54.4176 -54.4176
4.41 54.7203 -162.016 57.3843 -53.9042 -53.9042
4.42 54.7361 -164.216 59.9931 -53.7381 -53.7381
4.43 54.7524 -164.35 62.1055 -54.842 -54.842
4.44 54.7682 -161.272 62.6103 -58.0929 -58.0929
4.45 54.7823 -154.893 61.3027 -63.9558 -63.9558
4.46 54.7942 -147.166 59.0662 -72.1839 -72.1839
4.47 54.8035 -141.253 56.9051 -81.738 -81.738
4.48 54.8102 -139.018 55.1057 -91.1154 -91.1154
4.49 54.8145 -140.005 53.7061 -98.9834 -98.9834
4.5 54.8169 -142.587 53.0455 -104.617 -104.617
4.51 54.8176 -144.919 53.1778 -107.899 -107.899
4.52 54.8167 -145.241 53.3475 -109.171 -109.171
4.53 54.8145 -142.92 52.9501 -109.144 -109.144
4.54 54.8115 -138.776 52.4949 -108.687 -108.687
4.55 54.8085 -133.873 52.8383 -108.501 -108.501
4.56 54.8066 -129.16 54.1161 -108.919 -108.919
4.57 54.8063 -125.672 55.8439 -109.875 -109.875
4.58 54.8077 -123.641 57.3978 -110.965 -110.965
4.59 54.8105 -121.878 58.083 -111.651 -111.651
4.6 54.8135 -118.788 57.212 -111.598 -111.598
4.61 54.8157 -114.27 54.801 -110.821 -110.821
4.62 54.8163 -110.313 52.1469 -109.445 -109.445
4.63 54.8155 -108.949 50.8523 -107.358 -107.358
4.64 54.8136 -109.915 51.0684 -104.275 -104.275
4.65 54.8112 -111.371 51.2385 -100.133 -100.133
4.66 54.8087 -112.598 49.5179 -95.1386 -95.1386
4.67 54.8063 -114.776 45.2602 -89.2868 -89.2868
4.68 54.8043 -119.289 39.396 -82.0248 -82.0248
4.69 54.8028 -126.106 33.4972 -72.6997 -72.6997
4.7 54.8015 -133.573 28.4519 -61.4719 -61.4719
4.71 54.8003 -139.416 24.1239 -49.795 -49.795
4.72 54.7987 -142.597 20.0797 -39.9114 -39.9114
4.73 54.7967 -144.111 15.9547 -33.6798 -33.6798
4.74 54.7936 -145.389 11.2721 -31.6633 -31.6633
4.75 54.7889 -146.748 5.64036 -33.1237 -33.1237
4.76 54.7823 -147.53 -1.1281 -36.7001 -36.7001
4.77 54.7734 -146.669 -9.27092 -41.1557 -41.1557
4.78 54.762 -143.877 -18.8216 -45.801 -45.801
4.79 54.7484 -140.803 -29.0756 -50.4677 -50.4677
4.8 54.7326 -139.7 -38.9088 -55.2104 -55.2104
4.81 54.7149 -141.385 -47.6804 -60.1176 -60.1176
4.82 54.6952 -145.432 -55.6116 -65.3212 -65.3212
4.83 54.6736 -150.585 -63.2847 -70.9718 -70.9718
4.84 54.6509 -154.2 -70.9265 -77.1704 -77.1704
4.85 54.6279 -153.818 -78.3312 -83.9939 -83.9939
4.86 54.6056 -150.81 -84.9911 -91.409 -91.409
4.87 54.5849 -149.908 -90.4434 -98.9521 -98.9521
4.88 54.5658 -153.877 -95.0973 -105.732 -105.732
4.89 54.5482 -160.775 -99.9764 -111.142 -111.142
4.9 54.532 -166.682 -105.479 -115.525 -115.525
4.91 54.5173 -169.605 -111.33 -119.843 -119.843
4.92 54.5034 -170.307 -117.834 -124.686 -124.686
4.93 54.4897 -170.421 -126.222 -129.755 -129.755
4.94 54.4751 -171.446 -137.194 -134.232 -134.232
4.95 54.4595 -175.06 -149.703 -137.28 -137.28
4.96 54.4432 -182.132 -161.66 -138.186 -138.186
4.97 54.4268 -191.4 -171.347 -136.44 -136.44
4.98 54.4113 -200.912 -178.001 -131.995 -131.995
4.99 54.397 -210.582 -181.971 -125.277 -125.277
5 54.3836 -221.471 -185.158 -116.816 -116.816
5.01 54.37 -233.132 -190.338 -107.043 -107.043
5.02 54.3553 -243.779 -198.744 -96.5083 -96.5083
5.03 54.3396 -252.255 -208.964 -85.9644 -85.9644
5.04 54.3235 -258.417 -218.799 -76.0629 -76.0629
5.05 54.3077 -262.926 -227.183 -67.0384 -67.0384
5.06 54.2923 -267.668 -234.048 -58.6478 -58.6478
5.07 54.277 -274.508 -240.014 -50.2669 -50.2669
5.08 54.2606 -282.953 -246.479 -41.2068 -41.2068
5.09 54.242 -290.795 -254.804 -31.2255 -31.2255
5.1 54.2204 -296.801 -265.312 -20.7595 -20.7595
5.11 54.1959 -300.922 -277.459 -10.6194 -10.6194
5.12 54.1694 -302.828 -290.675 -1.56586 -1.56586
5.13 54.142 -302.766 -304.391 5.93001 5.93001
5.14 54.1149 -303.124 -317.209 11.9764 11.9764
5.15 54.0892 -306.611 -327.128 17.552 17.552
5.16 54.0657 -313.385 -333.334 24.1663 24.1663
5.17 54.0442 -321.831 -336.929 32.8288 32.8288
5.18 54.0241 -330.758 -339.764 43.2966 43.2966
5.19 54.0048 -339.2 -343.557 54.2583 54.2583
5.2 53.9857 -345.077 -349.711 63.9869 63.9869
5.21 53.967 -345.881 -358.254 70.854 70.854
5.22 53.9498 -341.119 -366.582 73.8208 73.8208
5.23 53.9358 -332.47 -370.62 73.0192 73.0192
5.24 53.9266 -322.128 -367.669 69.8779 69.8779
5.25 53.923 -312.281 -357.637 66.4363 66.4363
5.26 53.9252 -304.466 -342.401 64.3255 64.3255
5.27 53.9324 -298.51 -324.683 64.0806 64.0806
5.28 53.9434 -293.424 -306.726 65.063 65.063
5.29 53.9572 -289.043 -289.604 65.9431 65.9431
5.3 53.9733 -285.218 -273.933 65.3547 65.3547
5.31 53.9917 -280.683 -260.424 62.2609 62.2609
5.32 54.0129 -274.332 -248.968 56.1105 56.1105
5.33 54.0382 -266.164 -238.079 47.1136 47.1136
5.34 54.0685 -256.441 -225.789 36.411 36.411
5.35 54.1047 -244.655 -210.842 25.6151 25.6151
5.36 54.1471 -229.768 -193.034 15.829 15.829
5.37 54.1954 -212.512 -172.931 6.98165 6.98165
5.38 54.2489 -196.474 -151.634 -1.90721 -1.90721
5.39 54.3065 -184.465 -130.387 -11.9831 -11.9831
5.4 54.3672 -174.909 -110.032 -24.224 -24.224
5.41 54.4302 -163.772 -91.0803 -39.5146 -39.5146
5.42 54.4948 -148.939 -74.3048 -58.406 -58.406
5.43 54.5601 -132.394 -60.6905 -80.4297 -80.4297
5.44 54.6249 -118.486 -50.4084 -103.725 -103.725
5.45 54.6886 -109.452 -42.2735 -125.699 -125.699
5.46 54.7507 -103.522 -34.7741 -144.45 -144.45
5.47 54.811 -97.5394 -27.3213 -159.815 -159.815
5.48 54.8693 -89.6004 -20.2212 -173.164 -173.164
5.49 54.9252 -79.2567 -13.9517 -186.347 -186.347
5.5 54.9783 -67.6624 -8.4971 -200.695 -200.695
5.51 55.0282 -57.3264 -3.38424 -216.552 -216.552
5.52 55.0743 -49.4786 1.2907 -233.373 -233.373
5.53 55.1161 -42.8929 4.72035 -250.325 -250.325
5.54 55.1529 -36.3942 6.66873 -266.788 -266.788
5.55 55.1848 -30.4077 7.59782 -282.293 -282.293
5.56 55.2117 -26.26 7.74415 -296.178 -296.178
5.57 55.233 -25.4315 7.64945 -307.506 -307.506
5.58 55.2485 -28.6905 9.35163 -315.222 -315.222
5.59 55.2585 -35.5584 15.8484 -318.339 -318.339
5.6 55.2631 -45.2401 29.1589 -316.103 -316.103
5.61 55.2627 -57.566 49.1765 -308.147 -308.147
5.62 55.2572 -71.9768 74.0129 -294.649 -294.649
5.63 55.2465 -86.0153 100.944 -276.498 -276.498
5.64 55.2306 -96.4788 127.385 -255.289 -255.289
5.65 55.2093 -102.518 151.732 -232.876 -232.876
5.66 55.1828 -106.794 173.912 -210.549 -210.549
5.67 55.1519 -113.276 195.279 -188.465 -188.465
5.68 55.1177 -123.696 217.451 -165.893 -165.893
5.69 55.0809 -136.221 240.77 -142.104 -142.104
5.7 55.0419 -147.567 263.976 -117.033 -117.033
5.71 55.0004 -156.03 285.469 -91.1102 -91.1102
5.72 54.9567 -162.143 304.642 -64.5391 -64.5391
5.73 54.9114 -166.593 321.85 -36.9795 -36.9795
5.74 54.8657 -168.401 337.297 -8.06002 -8.06002
5.75 54.8213 -165.588 350.083 21.8464 21.8464
5.76 54.7806 -157.562 358.523 51.5276 51.5276
5.77 54.7453 -146.251 361.37 79.7041 79.7041
5.78 54.7168 -135.037 358.548 105.891 105.891
5.79 54.696 -127.776 351.095 130.567 130.567
5.8 54.6829 -128.347 340.877 154.696 154.696
5.81 54.6768 -138.653 329.595 179.082 179.082
5.82 54.6767 -155.26 316.814 203.641 203.641
5.83 54.6815 -169.83 299.589 226.703 226.703
5.84 54.6905 -175.854 275.609 245.194 245.194
5.85 54.7039 -174.236 246.672 256.405 256.405
5.86 54.7227 -170.936 217.853 260.132 260.132
5.87 54.7476 -171.077 193.31 258.976 258.976
5.88 54.7783 -176.571 173.615 256.33 256.33
5.89 54.8133 -186.381 156.436 253.956 253.956
5.9 54.8502 -197.448 138.909 251.041 251.041
5.91 54.8858 -206.997 119.731 244.935 244.935
5.92 54.9171 -213.443 99.34 232.583 232.583
5.93 54.9413 -215.372 79.1518 211.581 211.581
5.94 54.957 -211.944 61.5213 180.647 180.647
5.95 54.9645 -204.441 49.3082 139.968 139.968
5.96 54.9657 -196.453 44.3574 91.5049 91.5049
5.97 54.9624 -191.567 46.4517 38.795 38.795
5.98 54.9561 -190.846 53.7272 -14.0574 -14.0574
5.99 54.9473 -193.633 64.1255 -63.6363 -63.6363
6 54.9356 -200.686 76.846 -107.788 -107.788
6.01 54.9203 -214.867 92.6088 -145.335 -145.335
6.02 54.9007 -237.803 112.779 -175.729 -175.729
6.03 54.8772 -267.701 139.023 -199.161 -199.161
6.04 54.8506 -300.685 172.544 -216.579 -216.579
6.05 54.8219 -332.709 211.899 -229.033 -229.033
6.06 54.7911 -361.094 252.49 -236.786 -236.786
6.07 54.7572 -385.019 288.688 -239.025 -239.025
6.08 54.719 -404.727 315.988 -234.488 -234.488
6.09 54.6755 -421.797 332.265 -222.452 -222.452
6.1 54.6258 -438.954 338.013 -203.304 -203.304
6.11 54.5693 -457.144 335.181 -178.447 -178.447
6.12 54.5059 -473.991 325.97 -149.904 -149.904
6.13 54.4359 -485.656 312.287 -119.706 -119.706
6.14 54.3599 -487.956 294.842 -89.1498 -89.1498
6.15 54.2791 -476.603 272.953 -58.3948 -58.3948
6.16 54.1959 -449.555 245.895 -26.6747 -26.6747
6.17 54.1146 -408.83 213.812 7.27326 7.27326
6.18 54.0407 -359.291 177.75 44.8763 44.8763
6.19 53.9804 -306.93 140.443 87.4508 87.4508
6.2 53.9399 -257.468 106.742 136.02 136.02
6.21 53.924 -213.369 81.1413 191.125 191.125
6.22 53.9345 -171.702 64.1112 252.236 252.236
6.23 53.9715 -126.637 51.4044 316.946 316.946
6.24 54.0312 -75.1889 37.6696 380.998 380.998
6.25 54.1108 -20.9616 21.2626 439.786 439.786
6.26 54.2094 26.6295 6.05073 490.522 490.522
6.27 54.327 56.5831 -1.12216 533.336 533.336
6.28 54.4645 62.8081 4.70033 570.462 570.462
6.29 54.621 49.1788 23.1088 604.045 604.045
6.3 54.7934 28.0995 48.6135 633.839 633.839
6.31 54.9768 10.4327 74.9598 656.42 656.42
6.32 55.1641 -4.13654 99.2649 666.815 666.815
6.33 55.3477 -25.6602 121.749 661.198 661.198
6.34 55.52 -65.1524 143.56 638.141 638.141
6.35 55.6744 -126.31 165.448 597.62 597.62
6.36 55.8052 -201.901 186.658 539.243 539.243
6.37 55.9075 -275.055 203.418 461.318 461.318
6.38 55.9764 -326.455 209.733 361.17 361.17
6.39 56.0078 -347.442 202.428 236.704 236.704
6.4 55.9988 -346.254 184.817 88.7791 88.7791
6.41 55.9486 -336.837 163.467 -77.5697 -77.5697
6.42 55.8595 -324.968 143.321 -255.005 -255.005
6.43 55.7365 -308.092 127.483 -437.251 -437.251
6.44 55.5874 -281.31 118.04 -620.332 -620.332
6.45 55.4195 -240.052 114.684 -800.926 -800.926
6.46 55.239 -181.768 114.408 -974.356 -974.356
6.47 55.0504 -109.272 114.18 -1134.22 -1134.22
6.48 54.8577 -31.7449 113.149 -1273.28 -1273.28
6.49 54.6657 40.0421 112.066 -1384.59 -1384.59
6.5 54.4828 99.4877 111.333 -1462.76 -1462.76
6.51 54.3178 144.8 109.816 -1504.73 -1504.73
6.52 54.1803 175.296 105.826 -1509.42 -1509.42
6.53 54.0774 187.924 99.6296 -1475.85 -1475.85
6.54 54.0119 178.134 93.5123 -1401.48 -1401.48
6.55 53.9827 145.411 88.6049 -1282.98 -1282.98
6.56 53.9867 96.0673 83.1843 -1119.61 -1119.61
6.57 54.0212 39.2238 74.2322 -916.52 -916.52
6.58 54.0836 -17.8034 59.6842 -684.743 -684.743
6.59 54.1718 -71.9316 40.2517 -437.655 -437.655
6.6 54.2838 -125.171 19.815 -186.461 -186.461
6.61 54.4151 -182.262 3.00611 62.5401 62.5401
6.62 54.5582 -246.805 -7.89 307.473 307.473
6.63 54.7031 -319.747 -13.7925 547.867 547.867
6.64 54.8382 -399.313 -17.4783 781.274 781.274
6.65 54.9529 -481.175 -21.3028 1001.5 1001.5
6.66 55.0378 -560.005 -25.5938 1199.29 1199.29
6.67 55.0866 -630.538 -29.071 1364.77 1364.77
6.68 55.0964 -686.932 -30.802 1490.26 1490.26
6.69 55.0673 -722.529 -31.5775 1571.72 1571.72
6.7 55.0028 -732.028 -32.7725 1608.68 1608.68
6.71 54.9093 -714.795 -33.9589 1603.3 1603.3
6.72 54.7919 -675.637 -32.9415 1559.49 1559.49
6.73 54.6579 -621.164 -29.2237 1481.83 1481.83
6.74 54.5121 -555.178 -27.0777 1373.87 1373.87
6.75 54.3559 -479.082 -34.1151 1236.82 1236.82
6.76 54.191 -394.018 -56.8608 1069.85 1069.85
6.77 54.0219 -300.679 -97.3726 872.376 872.376
6.78 53.8488 -200.792 -152.799 646.585 646.585
6.79 53.6799 -99.8885 -217.262 399.054 399.054
6.8 53.5258 -7.48889 -284.206 140.958 140.958
6.81 53.3913 66.7246 -348.391 -113.345 -113.345
6.82 53.2861 117.136 -407.065 -349.246 -349.246
6.83 53.2172 141.621 -458.994 -555.173 -555.173
6.84 53.1888 138.686 -502.802 -724.474 -724.474
6.85 53.2043 108.307 -536.974 -855.264 -855.264
6.86 53.2636 55.7784 -561.366 -949.263 -949.263
6.87 53.3648 -8.74478 -577.311 -1010.77 -1010.77
6.88 53.5032 -76.5708 -585.978 -1045.48 -1045.48
6.89 53.6718 -144.916 -587.212 -1058.57 -1058.57
6.9 53.862 -214.994 -580.37 -1053.11 -1053.11
6.91 54.0635 -286.546 -567.058 -1030.32 -1030.32
6.92 54.2643 -356.189 -552.897 -991.613 -991.613
6.93 54.4502 -422.635 -544.961 -940.031 -940.031
6.94 54.6065 -490.202 -546.866 -879.526 -879.526
6.95 54.7254 -564.348 -556.904 -812.951 -812.951
6.96 54.7928 -644.136 -570.971 -741.441 -741.441
6.97 54.7938 -720.224 -586.382 -665.826 -665.826
6.98 54.7596 -783.317 -605.525 -588.066 -588.066
6.99 54.6534 -826.81 -630.76 -510.813 -510.813
7 54.5001 -847.928 -663.896 -435.85 -435.85
7.01 54.3085 -842.884 -706.137 -363.607 -363.607
7.02 54.0721 -806.46 -757.376 -294.41 -294.41
7.03 53.8143 -739.015 -814.667 -229.546 -229.546
7.04 53.5463 -650.337 -869.383 -170.241 -170.241
7.05 53.2861 -556.407 -908.398 -115.506 -115.506
7.06 53.0355 -469.316 -919.42 -61.5633 -61.5633
7.07 52.8104 -389.969 -898.154 -3.99683 -3.99683
7.08 52.6124 -311.921 -848.865 59.4238 59.4238
7.09 52.4432 -231.457 -779.632 128.328 128.328
7.1 52.3105 -152.542 -698.218 202.079 202.079
7.11 52.2169 -84.3189 -611.378 282.108 282.108
7.12 52.1677 -35.6242 -525.865 371.772 371.772
7.13 52.1651 -12.7702 -447.31 474.274 474.274
7.14 52.2146 -19.5885 -378.382 590.935 590.935
7.15 52.3149 -56.844 -319.384 720.785 720.785
7.16 52.4646 -121.038 -270.027 860.507 860.507
7.17 52.6569 -204.872 -229.84 1003.95 1003.95
7.18 52.8826 -298.594 -197.701 1141.78 1141.78
7.19 53.1304 -391.703 -172.47 1262.35 1262.35
7.2 53.3915 -475.613 -153.402 1353.7 1353.7
7.21 53.6578 -544.866 -139.889 1406.22 1406.22
7.22 53.9245 -595.302 -131.458 1414.46 1414.46
7.23 54.1875 -623.792 -127.459 1377.71 1377.71
7.24 54.442 -630.909 -125.92 1299.46 1299.46
7.25 54.6827 -621.791 -123.163 1186.3 1186.3
7.26 54.9031 -603.267 -115.226 1046.24 1046.24
7.27 55.0952 -579.368 -100.147 886.257 886.257
7.28 55.251 -549.893 -79.1811 710.066 710.066
7.29 55.3637 -512.739 -56.1422 517.597 517.597
7.3 55.4308 -465.029 -35.63 306.89 306.89
7.31 55.4532 -401.874 -21.9331 77.0052 77.0052
7.32 55.4354 -318.964 -17.8229 -169.872 -169.872
7.33 55.3868 -220.66 -21.9847 -427.495 -427.495
7.34 55.3259 -121.966 -28.0837 -685.335 -685.335
7.35 55.2515 -40.2065 -29.7643 -929.791 -929.791
7.36 55.1825 18.4868 -25.2206 -1147.86 -1147.86
7.37 55.1218 61.2349 -18.6555 -1331.8 -1331.8
7.38 55.0733 98.5183 -15.3369 -1480.91 -1480.91
7.39 55.0377 133.425 -15.6661 -1598.35 -1598.35
7.4 55.0146 161.984 -15.4035 -1685.94 -1685.94
7.41 55.002 180.771 -10.2284 -1741.67 -1741.67
7.42 55.0016 190.777 1.87751 -1761.3 -1761.3
7.43 55.0137 193.495 21.975 -1741.21 -1741.21
7.44 55.0377 183.59 53.0262 -1679.2 -1679.2
7.45 55.0745 149.743 99.6841 -1573.44 -1573.44
7.46 55.1217 84.7351 164.68 -1422.51 -1422.51
7.47 55.176 -6.2611 246.164 -1227.9 -1227.9
7.48 55.2346 -106.787 337.572 -996.934 -996.934
7.49 55.2892 -198.24 429.916 -742.868 -742.868
7.5 55.3365 -269.661 514.041 -481.389 -481.389
7.51 55.3721 -319.623 582.326 -226.016 -226.016
7.52 55.3921 -349.708 629.547 14.581 14.581
7.53 55.4001 -359.75 653.629 236.313 236.313
7.54 55.3962 -349.949 655.824 437.999 437.999
7.55 55.3794 -324.425 639.084 620.059 620.059
7.56 55.3483 -293.809 608.038 783.799 783.799
7.57 55.3015 -270.693 568 930.584 930.584
7.58 55.2371 -258.378 522.183 1060.23 1060.23
7.59 55.153 -245.663 469.733 1169.17 1169.17
7.6 55.0502 -217.709 408.372 1250.52 1250.52
7.61 54.9343 -171.043 339.029 1297.58 1297.58
7.62 54.8134 -116.701 268.073 1308.97 1308.97
7.63 54.6986 -70.3065 204.845 1290.7 1290.7
7.64 54.6018 -39.7985 156.856 1253.17 1253.17
7.65 54.5339 -22.239 126.719 1205.28 1205.28
7.66 54.4945 -8.69623 112.276 1150.31 1150.31
7.67 54.4872 9.35925 108.422 1085.6 1085.6
7.68 54.5079 32.9979 111.554 1005.2 1005.2
7.69 54.5519 55.4143 121.565 903.491 903.491
7.7 54.6138 70.6385 139.148 777.702 777.702
7.71 54.6888 80.7669 162.471 628.365 628.365
7.72 54.7758 92.082 187.707 458.541 458.541
7.73 54.8726 105.932 212.017 273.639 273.639
7.74 54.9771 116.91 234.29 81.7666 81.7666
7.75 55.0876 119.47 253.203 -107.371 -107.371
7.76 55.2004 112.879 266.242 -285.668 -285.668
7.77 55.3111 99.1867 270.875 -449.62 -449.62
7.78 55.4151 78.372 265.831 -600.423 -600.423
7.79 55.5089 46.9696 251.561 -741.236 -741.236
7.8 55.5898 2.75351 229.928 -874.148 -874.148
7.81 55.6543 -49.9124 202.9 -999.033 -999.033
7.82 55.7073 -99.5603 169.926 -1114.33 -1114.33
7.83 55.7425 -130.672 127.498 -1218.5 -1218.5
7.84 55.7539 -131.68 72.3251 -1310.83 -1310.83
7.85 55.7449 -102.293 4.90352 -1391.16 -1391.16
7.86 55.7156 -51.2009 -69.8997 -1459.09 -1459.09
7.87 55.6693 11.2184 -146.134 -1513.7 -1513.7
7.88 55.6086 75.9334 -219.269 -1553.85 -1553.85
7.89 55.5361 134.905 -285.883 -1577.75 -1577.75
7.9 55.452 181.352 -342.559 -1581.99 -1581.99
7.91 55.357 210.731 -386.011 -1561.35 -1561.35
7.92 55.2511 223.284 -415.364 -1510.45 -1510.45
7.93 55.1338 224.564 -434.178 -1426.65 -1426.65
7.94 55.0064 222.167 -449.638 -1312.02 -1312.02
7.95 54.8728 220.019 -468.761 -1172.67 -1172.67
7.96 54.7389 215.201 -494.713 -1015.6 -1015.6
7.97 54.6114 201.372 -526.496 -845.529 -845.529
7.98 54.4974 173.733 -560.643 -664.124 -664.124
7.99 54.401 132.868 -593.193 -471.677 -471.677
8 54.3225 85.3208 -621.002 -269.873 -269.873
8.01 54.2589 38.0307 -641.157 -63.5571 -63.5571
8.02 54.2054 -8.20787 -649.426 139.631 139.631
8.03 54.1565 -57.4592 -641.293 331.236 331.236
8.04 54.1079 -110.667 -616.11 503.762 503.762
8.05 54.0568 -162.206 -578.915 651.266 651.266
8.06 54.0026 -206.976 -536.455 769.997 769.997
8.07 53.9468 -248.756 -492.073 860.267 860.267
8.08 53.8913 -297.525 -445.243 927.929 927.929
8.09 53.8376 -358.528 -394.991 982.343 982.343
8.1 53.7844 -426.994 -342.662 1030.8 1030.8
8.11 53.7284 -493.362 -292.076 1073.49 1073.49
8.12 53.666 -549.305 -248.707 1103 1103
8.13 53.5938 -588.842 -218.3 1107.96 1107.96
8.14 53.5088 -607.97 -204.47 1077.81 1077.81
8.15 53.4146 -604.922 -206.562 1006.39 1006.39
8.16 53.3177 -580.736 -220.24 893.998 893.998
8.17 53.2249 -539.776 -240.752 747.608 747.608
8.18 53.1436 -489.046 -265.909 579.102 579.102
8.19 53.0797 -436.325 -296.309 401.86 401.86
8.2 53.0365 -389.302 -332.664 227.267 227.267
8.21 53.015 -354.796 -373.487 62.9994 62.9994
8.22 53.0151 -337.226 -414.703 -86.5134 -86.5134
8.23 53.0356 -338.288 -450.001 -218.44 -218.44
8.24 53.0761 -357.292 -471.962 -329.965 -329.965
8.25 53.1365 -390.973 -474.219 -417.639 -417.639
8.26 53.2178 -434.266 -453.317 -477.894 -477.894
8.27 53.3201 -483.177 -408.8 -508.173 -508.173
8.28 53.4431 -536.115 -342.327 -507.846 -507.846
8.29 53.5853 -591.705 -257.42 -478.72 -478.72
8.3 53.744 -647.819 -158.762 -425.253 -425.253
8.31 53.9148 -703.607 -50.4263 -354.093 -354.093
8.32 54.0943 -759.614 64.8769 -272.559 -272.559
8.33 54.2747 -814.832 184.455 -186.749 -186.749
8.34 54.4425 -865.876 304.059 -100.468 -100.468
8.35 54.5809 -908.976 418.363 -15.1402 -15.1402
8.36 54.699 -943.84 523.819 69.8911 69.8911
8.37 54.7792 -973.268 619.422 156.956 156.956
8.38 54.8268 -1000.72 707.793 249.191 249.191
8.39 54.8417 -1025.96 791.903 349.11 349.11
8.4 54.8085 -1046.26 875.086 457.327 457.327
8.41 54.7379 -1060.03 959.727 572.467 572.467
8.42 54.6473 -1067.72 1048.34 692.341 692.341
8.43 54.545 -1070.3 1140.95 815.005 815.005
8.44 54.4279 -1067.59 1237.69 938.666 938.666
8.45 54.3012 -1058.49 1337.3 1060.9 1060.9
8.46 54.1814 -1042.78 1437.96 1178.35 1178.35
8.47 54.084 -1020.4 1537.86 1287.38 1287.38
8.48 53.977 -992.924 1633.09 1385 1385
8.49 53.89 -963.314 1721.93 1469.92 1469.92
8.5 53.8017 -938.075 1802.3 1543.52 1543.52
8.51 53.7249 -922.915 1872.88 1609.76 1609.76
8.52 53.6555 -917.815 1933.17 1673.78 1673.78
8.53 53.5939 -918.48 1982.76 1739.56 1739.56
8.54 53.5686 -921.381 2022.07 1808.34 1808.34
8.55 53.5674 -926.066 2052.81 1878.87 1878.87
8.56 53.5891 -935.259 2077.87 1948.7 1948.7
8.57 53.6225 -952.368 2100.24 2015.33 2015.33
8.58 53.6644 -977.676 2122.06 2076.2 2076.2
8.59 53.7301 -1007.59 2144.06 2128.07 2128.07
8.6 53.8069 -1038.58 2166.46 2167.14 2167.14
8.61 53.8919 -1070.58 2190.52 2190.37 2190.37
8.62 53.9847 -1105.46 2218.34 2196.75 2196.75
8.63 54.0703 -1144.13 2251.86 2187.42 2187.42
8.64 54.1258 -1184.23 2292.81 2164.34 2164.34
8.65 54.1776 -1223.37 2342.16 2129.22 2129.22
8.66 54.2153 -1259.87 2399.9 2083.16 2083.16
8.67 54.2238 -1291.63 2463.85 2026.98 2026.98
8.68 54.2424 -1315.09 2531.26 1961.34 1961.34
8.69 54.2181 -1327.59 2598.79 1886.75 1886.75
8.7 54.1761 -1328.77 2663.96 1803.6 1803.6
8.71 54.1027 -1321.26 2724.51 1712.46 1712.46
8.72 54.0152 -1306.4 2777.82 1614.06 1614.06
8.73 53.9052 -1281.99 2820.16 1508.49 1508.49
8.74 53.7979 -1244.44 2848.77 1394.54 1394.54
8.75 53.6869 -1192.81 2862.77 1270.66 1270.66
8.76 53.5889 -1131.24 2864.23 1137.48 1137.48
8.77 53.4853 -1065.3 2856.08 999.571 999.571
8.78 53.3823 -996.252 2838.44 864.361 864.361
8.79 53.2918 -919.626 2807.6 738.793 738.793
8.8 53.2148 -830.073 2758.75 627.05 627.05
8.81 53.1652 -725.213 2688.78 530.846 530.846
8.82 53.1548 -606.456 2597.91 451.262 451.262
8.83 53.1858 -480.053 2490.43 390.136 390.136
8.84 53.2607 -356.971 2373.35 350.234 350.234
8.85 53.3805 -250.528 2254.52 334.758 334.758
8.86 53.5347 -171.557 2139.57 346.464 346.464
8.87 53.7249 -123.839 2029.87 386.209 386.209
8.88 53.9456 -101.955 1922.61 451.448 451.448
8.89 54.1877 -94.6452 1812.68 535.765 535.765
8.9 54.4507 -91.9461 1696.39 630.215 630.215
8.91 54.7271 -89.6894 1573.3 725.914 725.914
8.92 55.0124 -87.6231 1444.92 816.105 816.105
8.93 55.3018 -85.0231 1312.57 896.208 896.208
8.94 55.5903 -79.0732 1176.9 962.325 962.325
8.95 55.8707 -66.2572 1038.84 1009.98 1009.98
8.96 56.1347 -43.2978 900.105 1034.1 1034.1
8.97 56.3692 -7.64883 761.968 1029.62 1029.62
8.98 56.5412 39.7293 625.626 991.603 991.603
8.99 56.6584 95.4348 492.989 915.316 915.316
9 56.8348 160.779 361.481 797.003 797.003
9.01 56.961 234.858 228.284 635.367 635.367
9.02 56.9384 312.898 94.9538 432.487 432.487
9.03 56.8472 398.01 -38.555 193.38 193.38
9.04 56.5319 500.655 -182.77 -73.6404 -73.6404
9.05 56.4499 608.187 -329.93 -356.126 -356.126
9.06 56.2799 712.027 -471.614 -640.469 -640.469
9.07 56.0127 807.591 -604.104 -916.917 -916.917
9.08 55.7785 895.649 -723.345 -1181.2 -1181.2
9.09 55.5654 978.998 -831.127 -1433.16 -1433.16
9.1 55.3288 1059.47 -928.636 -1674.84 -1674.84
9.11 55.1276 1137.13 -1017.74 -1908.31 -1908.31
9.12 54.9361 1207.12 -1101.89 -2133.21 -2133.21
9.13 54.7482 1263.41 -1183.89 -2345.57 -2345.57
9.14 54.6055 1301.68 -1268.03 -2538.78 -2538.78
9.15 54.4672 1320.9 -1358.1 -2706.04 -2706.04
9.16 54.364 1321.34 -1458.26 -2842.54 -2842.54
9.17 54.2186 1302.78 -1569.44 -2946.13 -2946.13
9.18 54.105 1259.38 -1692.61 -3016.22 -3016.22
9.19 53.9762 1190.18 -1820.75 -3051.95 -3051.95
9.2 53.8319 1096.94 -1947.7 -3051.59 -3051.59
9.21 53.6736 989.261 -2066.71 -3013.56 -3013.56
9.22 53.5731 877.543 -2174.94 -2938.12 -2938.12
9.23 53.4125 772.909 -2270.13 -2828.13 -2828.13
9.24 53.304 675.971 -2355.79 -2688.62 -2688.62
9.25 53.1342 585.407 -2433.48 -2525.72 -2525.72
9.26 52.9428 498.683 -2503.65 -2345.93 -2345.93
9.27 52.7627 417.311 -2567.09 -2156.04 -2156.04
9.28 52.5968 344.96 -2625.85 -1963.07 -1963.07
9.29 52.3953 287.786 -2682.55 -1773.69 -1773.69
9.3 52.1617 248.947 -2737.29 -1593.1 -1593.1
9.31 51.9125 224.814 -2787.83 -1423.66 -1423.66
9.32 51.6336 209.753 -2831.91 -1264.51 -1264.51
9.33 51.3222 199.811 -2868.5 -1113 -1113
9.34 50.9896 191.924 -2898.24 -966.882 -966.882
9.35 50.642 182.728 -2922.14 -825.333 -825.333
9.36 50.2868 169.645 -2941.31 -688.312 -688.312
9.37 49.9342 151.682 -2956.74 -555.636 -555.636
9.38 49.5975 128.332 -2969.09 -426.69 -426.69
9.39 49.2776 98.862 -2978.68 -300.632 -300.632
9.4 48.9802 63.5017 -2986.02 -176.783 -176.783
9.41 48.7138 25.1657 -2992.06 -55.5438 -55.5438
9.42 48.4837 -12.1134 -2998.18 60.5076 60.5076
9.43 48.2924 -46.9371 -3004.64 166.836 166.836
9.44 48.1458 -82.0281 -3009.25 258.82 258.82
9.45 48.0406 -121.729 -3007.97 333.871 333.871
9.46 47.979 -169.283 -2995.89 392.283 392.283
9.47 47.9607 -224.76 -2969.64 436.409 436.409
9.48 47.9833 -285.655 -2928.99 468.877 468.877
9.49 48.0562 -349.806 -2876.21 491.182 491.182
9.5 48.1587 -417.799 -2814.06 503.482 503.482
9.51 48.2679 -494.107 -2743.79 505.515 505.515
9.52 48.3943 -583.709 -2665.64 497.707 497.707
9.53 48.5261 -683.953 -2581.78 481.128 481.128
9.54 48.671 -784.006 -2497.11 456.028 456.028
9.55 48.814 -871.092 -2417.21 420.566 420.566
9.56 48.955 -936.562 -2345.89 371.253 371.253
9.57 49.0869 -977.836 -2284.57 304.768 304.768
9.58 49.2075 -995.767 -2233.95 219.384 219.384
9.59 49.3116 -989.987 -2195.58 114.831 114.831
9.6 49.398 -959.33 -2170.84 -8.69231 -8.69231
9.61 49.4644 -906.341 -2158.52 -150.412 -150.412
9.62 49.5133 -839.746 -2154.12 -307.13 -307.13
9.63 49.5502 -770.445 -2151.9 -471.653 -471.653
9.64 49.5816 -704.425 -2148.16 -633.709 -633.709
9.65 49.6105 -640.318 -2142.51 -783.065 -783.065
9.66 49.6384 -573.946 -2136.01 -912.219 -912.219
9.67 49.6751 -504.856 -2128.31 -1016.6 -1016.6
9.68 49.7212 -438.357 -2116.31 -1092.95 -1092.95
9.69 49.8012 -381.976 -2095.14 -1138.03 -1138.03
9.7 49.9103 -337.12 -2061.74 -1149.2 -1149.2
9.71 50.057 -299.571 -2015.75 -1126.04 -1126.04
9.72 50.2448 -265.812 -1957.95 -1071.01 -1071.01
9.73 50.4725 -235.695 -1889.37 -988.346 -988.346
9.74 50.7351 -208.622 -1812.34 -883.149 -883.149
9.75 51.0249 -181.246 -1731.12 -761.824 -761.824
9.76 51.3343 -151.697 -1649.99 -632.503 -632.503
9.77 51.6541 -124.389 -1570.58 -503.366 -503.366
9.78 51.9793 -107.478 -1491.52 -379.424 -379.424
9.79 52.3056 -106.263 -1410.52 -260.851 -260.851
9.8 52.6304 -119.425 -1326.01 -144.529 -144.529
9.81 52.9489 -140.431 -1237.61 -27.3378 -27.3378
9.82 53.2571 -160.6 -1145.97 91.3092 91.3092
9.83 53.5541 -172.205 -1051.71 208.659 208.659
9.84 53.841 -172.002 -953.796 319.147 319.147
9.85 54.1069 -159.718 -849.995 415.549 415.549
9.86 54.3536 -135.038 -738.318 490.183 490.183
9.87 54.5829 -95.5706 -617.98 535.939 535.939
9.88 54.7886 -38.3612 -489.69 547.241 547.241
9.89 54.7976 33.6322 -362.326 521.198 521.198
9.9 54.9059 116.378 -240.076 458.588 458.588
9.91 55.2117 210.266 -119.202 363.457 363.457
9.92 55.3301 315.203 0.58151 241.283 241.283
9.93 55.1877 442.032 125.409 96.8229 96.8229
9.94 55.2567 582.074 250.295 -66.8541 -66.8541
9.95 55.37 727.221 367.828 -246.578 -246.578
9.96 55.4248 870.803 473.922 -436.453 -436.453
9.97 55.486 1005.08 564.557 -627.867 -627.867
9.98 55.5647 1125.75 637.764 -811.769 -811.769
9.99 55.6884 1230.15 694.374 -980.655 -980.655
10 55.812 1311.5 737.479 -1129.37 -1129.37
