0.1 0.00792449 2.1982e-006
0.2 0.0158415 4.39433e-006
0.3 0.0237511 6.58837e-006
0.4 0.0316531 8.78033e-006
0.5 0.0395475 1.09702e-005
0.6 0.0474343 1.31579e-005
0.7 0.0553134 1.53435e-005
0.8 0.0631849 1.7527e-005
0.9 0.0710486 1.97084e-005
1 0.0789045 2.18875e-005
0.01 0.079055 2.19293e-005
0.02 0.0794761 2.20461e-005
0.03 0.0799497 2.21775e-005
0.04 0.0802887 2.22715e-005
0.05 0.0805048 2.23314e-005
0.06 0.0806159 2.23623e-005
0.07 0.0806304 2.23663e-005
0.08 0.0805508 2.23442e-005
0.09 0.080382 2.22974e-005
0.1 0.0801358 2.22291e-005
0.11 0.0798316 2.21447e-005
0.12 0.0794922 2.20506e-005
0.13 0.0791384 2.19524e-005
0.14 0.0787865 2.18548e-005
0.15 0.0784501 2.17615e-005
0.16 0.0781376 2.16748e-005
0.17 0.0778508 2.15952e-005
0.18 0.0775848 2.15214e-005
0.19 0.0773267 2.14499e-005
0.2 0.0770598 2.13758e-005
0.21 0.0767699 2.12954e-005
0.22 0.0764463 2.12057e-005
0.23 0.0760849 2.11054e-005
0.24 0.0756914 2.09963e-005
0.25 0.0752806 2.08823e-005
0.26 0.0748664 2.07674e-005
0.27 0.074442 2.06497e-005
0.28 0.0739792 2.05213e-005
0.29 0.0734551 2.03759e-005
0.3 0.0728691 2.02134e-005
0.31 0.072227 2.00353e-005
0.32 0.0715389 1.98444e-005
0.33 0.0708331 1.96486e-005
0.34 0.0701447 1.94576e-005
0.35 0.0694918 1.92765e-005
0.36 0.0688756 1.91056e-005
0.37 0.0682917 1.89436e-005
0.38 0.0677345 1.87891e-005
0.39 0.0672004 1.86409e-005
0.4 0.0666853 1.8498e-005
0.41 0.0661754 1.83566e-005
0.42 0.0656507 1.8211e-005
0.43 0.0650958 1.80571e-005
0.44 0.0645017 1.78923e-005
0.45 0.0638658 1.77159e-005
0.46 0.063183 1.75265e-005
0.47 0.0624394 1.73202e-005
0.48 0.0616369 1.70976e-005
0.49 0.0608029 1.68663e-005
0.5 0.059957 1.66317e-005
0.51 0.0591022 1.63945e-005
0.52 0.0582584 1.61604e-005
0.53 0.0574529 1.5937e-005
0.54 0.056674 1.5721e-005
0.55 0.0558731 1.54988e-005
0.56 0.0550412 1.5268e-005
0.57 0.0542678 1.50535e-005
0.58 0.0536709 1.48879e-005
0.59 0.0532763 1.47785e-005
0.6 0.053 1.47018e-005
0.61 0.0527546 1.46338e-005
0.62 0.0525257 1.45702e-005
0.63 0.0522966 1.45067e-005
0.64 0.0520068 1.44263e-005
0.65 0.0516693 1.43327e-005
0.66 0.0513793 1.42522e-005
0.67 0.0511712 1.41945e-005
0.68 0.0510063 1.41488e-005
0.69 0.0508667 1.41101e-005
0.7 0.0507604 1.40806e-005
0.71 0.0506756 1.40571e-005
0.72 0.0506037 1.40371e-005
0.73 0.050579 1.40303e-005
0.74 0.0506821 1.40589e-005
0.75 0.0509973 1.41463e-005
0.76 0.0515379 1.42962e-005
0.77 0.0522176 1.44848e-005
0.78 0.0528916 1.46717e-005
0.79 0.053456 1.48283e-005
0.8 0.0539182 1.49565e-005
0.81 0.0543261 1.50697e-005
0.82 0.0546818 1.51683e-005
0.83 0.05497 1.52483e-005
0.84 0.0552083 1.53144e-005
0.85 0.055404 1.53687e-005
0.86 0.0555413 1.54068e-005
0.87 0.0557252 1.54578e-005
0.88 0.0561571 1.55776e-005
0.89 0.0568632 1.57734e-005
0.9 0.0576271 1.59853e-005
0.91 0.0582565 1.61599e-005
0.92 0.0588555 1.63261e-005
0.93 0.0597183 1.65654e-005
0.94 0.0609466 1.69061e-005
0.95 0.0623182 1.72866e-005
0.96 0.0635199 1.762e-005
0.97 0.0644713 1.78839e-005
0.98 0.0653992 1.81413e-005
0.99 0.066502 1.84472e-005
1 0.0677104 1.87824e-005
1.01 0.0688876 1.91089e-005
1.02 0.069993 1.94155e-005
1.03 0.0709936 1.96931e-005
1.04 0.071853 1.99315e-005
1.05 0.0726414 2.01502e-005
1.06 0.0735161 2.03928e-005
1.07 0.0745347 2.06754e-005
1.08 0.0755222 2.09493e-005
1.09 0.0762928 2.11631e-005
1.1 0.0769917 2.13569e-005
1.11 0.0779239 2.16155e-005
1.12 0.0790893 2.19388e-005
1.13 0.0801628 2.22366e-005
1.14 0.0808871 2.24375e-005
1.15 0.0811373 2.25069e-005
1.16 0.0808126 2.24168e-005
1.17 0.0800732 2.22117e-005
1.18 0.0793439 2.20094e-005
1.19 0.0789787 2.19081e-005
1.2 0.0790948 2.19403e-005
1.21 0.0796059 2.20821e-005
1.22 0.0803632 2.22922e-005
1.23 0.081254 2.25393e-005
1.24 0.0821745 2.27946e-005
1.25 0.0829577 2.30119e-005
1.26 0.0834314 2.31433e-005
1.27 0.0835691 2.31815e-005
1.28 0.083477 2.31559e-005
1.29 0.0833461 2.31196e-005
1.3 0.0833803 2.31291e-005
1.31 0.0835729 2.31825e-005
1.32 0.0837127 2.32213e-005
1.33 0.083632 2.31989e-005
1.34 0.0831476 2.30645e-005
1.35 0.0820286 2.27542e-005
1.36 0.0804051 2.23038e-005
1.37 0.0788313 2.18672e-005
1.38 0.0778038 2.15822e-005
1.39 0.0773507 2.14565e-005
1.4 0.0771006 2.13871e-005
1.41 0.0768685 2.13228e-005
1.42 0.076817 2.13085e-005
1.43 0.0769548 2.13467e-005
1.44 0.0770757 2.13802e-005
1.45 0.0770953 2.13857e-005
1.46 0.0771057 2.13886e-005
1.47 0.0772897 2.14396e-005
1.48 0.077954 2.16239e-005
1.49 0.0795393 2.20636e-005
1.5 0.0822292 2.28098e-005
1.51 0.0853788 2.36835e-005
1.52 0.087738 2.43379e-005
1.53 0.0886385 2.45877e-005
1.54 0.0885386 2.456e-005
1.55 0.0881882 2.44628e-005
1.56 0.0879067 2.43847e-005
1.57 0.0876907 2.43248e-005
1.58 0.0874728 2.42643e-005
1.59 0.0872434 2.42007e-005
1.6 0.0872157 2.4193e-005
1.61 0.0877915 2.43527e-005
1.62 0.0890357 2.46979e-005
1.63 0.0900884 2.49899e-005
1.64 0.0894297 2.48071e-005
1.65 0.0862388 2.3922e-005
1.66 0.0813075 2.25541e-005
1.67 0.0763827 2.1188e-005
1.68 0.0728305 2.02026e-005
1.69 0.0709876 1.96914e-005
1.7 0.070528 1.95639e-005
1.71 0.0709111 1.96702e-005
1.72 0.0714279 1.98136e-005
1.73 0.0714401 1.9817e-005
1.74 0.0707243 1.96184e-005
1.75 0.0693347 1.92329e-005
1.76 0.0673685 1.86875e-005
1.77 0.0651596 1.80748e-005
1.78 0.0634893 1.76115e-005
1.79 0.0630212 1.74816e-005
1.8 0.0635114 1.76176e-005
1.81 0.0640206 1.77589e-005
1.82 0.0637441 1.76822e-005
1.83 0.062478 1.73309e-005
1.84 0.0605247 1.67891e-005
1.85 0.0585011 1.62278e-005
1.86 0.0571842 1.58625e-005
1.87 0.0568124 1.57594e-005
1.88 0.0563577 1.56332e-005
1.89 0.0544445 1.51025e-005
1.9 0.0512685 1.42215e-005
1.91 0.0485335 1.34628e-005
1.92 0.0475622 1.31934e-005
1.93 0.0484651 1.34439e-005
1.94 0.0507203 1.40695e-005
1.95 0.0537087 1.48984e-005
1.96 0.0566202 1.5706e-005
1.97 0.0584371 1.621e-005
1.98 0.0586129 1.62588e-005
1.99 0.0575284 1.59579e-005
2 0.0561322 1.55707e-005
2.01 0.0553384 1.53505e-005
2.02 0.05563 1.54314e-005
2.03 0.0571741 1.58597e-005
2.04 0.0599799 1.6638e-005
2.05 0.0634378 1.75972e-005
2.06 0.0664169 1.84236e-005
2.07 0.0684976 1.90007e-005
2.08 0.0704069 1.95304e-005
2.09 0.0729852 2.02456e-005
2.1 0.076173 2.11298e-005
2.11 0.0792044 2.19707e-005
2.12 0.0816675 2.2654e-005
2.13 0.0838477 2.32587e-005
2.14 0.0861374 2.38939e-005
2.15 0.0884992 2.45491e-005
2.16 0.0903281 2.50564e-005
2.17 0.0910158 2.52471e-005
2.18 0.0908432 2.51992e-005
2.19 0.0907099 2.51623e-005
2.2 0.0909343 2.52245e-005
2.21 0.0912247 2.53051e-005
2.22 0.0916202 2.54148e-005
2.23 0.0926596 2.57031e-005
2.24 0.0946844 2.62648e-005
2.25 0.0974373 2.70284e-005
2.26 0.10049 2.78753e-005
2.27 0.103424 2.86891e-005
2.28 0.105557 2.92808e-005
2.29 0.106333 2.9496e-005
2.3 0.105866 2.93666e-005
2.31 0.104612 2.90187e-005
2.32 0.102903 2.85445e-005
2.33 0.101019 2.8022e-005
2.34 0.0992881 2.75418e-005
2.35 0.0979747 2.71775e-005
2.36 0.0971639 2.69526e-005
2.37 0.0969396 2.68903e-005
2.38 0.0973564 2.7006e-005
2.39 0.0979339 2.71662e-005
2.4 0.0980284 2.71924e-005
2.41 0.0976834 2.70967e-005
2.42 0.0972724 2.69827e-005
2.43 0.0969903 2.69044e-005
2.44 0.09712 2.69404e-005
2.45 0.0978776 2.71505e-005
2.46 0.0988426 2.74182e-005
2.47 0.0992 2.75174e-005
2.48 0.098514 2.73271e-005
2.49 0.0969893 2.69041e-005
2.5 0.0952546 2.64229e-005
2.51 0.0938754 2.60404e-005
2.52 0.0929748 2.57905e-005
2.53 0.092412 2.56344e-005
2.54 0.0919585 2.55086e-005
2.55 0.0913124 2.53294e-005
2.56 0.0902892 2.50456e-005
2.57 0.0889093 2.46628e-005
2.58 0.0873237 2.4223e-005
2.59 0.0858286 2.38082e-005
2.6 0.0847669 2.35137e-005
2.61 0.0841555 2.33441e-005
2.62 0.0835296 2.31705e-005
2.63 0.0823272 2.2837e-005
2.64 0.080698 2.23851e-005
2.65 0.0798572 2.21518e-005
2.66 0.0809702 2.24605e-005
2.67 0.0838285 2.32534e-005
2.68 0.0870189 2.41384e-005
2.69 0.0892455 2.47561e-005
2.7 0.0904803 2.50986e-005
2.71 0.0917214 2.54428e-005
2.72 0.093704 2.59928e-005
2.73 0.0960758 2.66507e-005
2.74 0.0979525 2.71713e-005
2.75 0.0990793 2.74839e-005
2.76 0.0999543 2.77266e-005
2.77 0.101121 2.80501e-005
2.78 0.102675 2.84814e-005
2.79 0.104064 2.88667e-005
2.8 0.104416 2.89642e-005
2.81 0.103663 2.87554e-005
2.82 0.10288 2.85381e-005
2.83 0.103177 2.86205e-005
2.84 0.104778 2.90646e-005
2.85 0.10702 2.96866e-005
2.86 0.109052 3.02503e-005
2.87 0.110352 3.06108e-005
2.88 0.110547 3.0665e-005
2.89 0.109411 3.03498e-005
2.9 0.107204 2.97377e-005
2.91 0.104448 2.89731e-005
2.92 0.101349 2.81134e-005
2.93 0.0979261 2.7164e-005
2.94 0.094373 2.61784e-005
2.95 0.090946 2.52278e-005
2.96 0.0878348 2.43647e-005
2.97 0.0854335 2.36986e-005
2.98 0.0843985 2.34115e-005
2.99 0.0850128 2.35819e-005
3 0.086615 2.40264e-005
3.01 0.0879902 2.44078e-005
3.02 0.0883225 2.45e-005
3.03 0.087646 2.43124e-005
3.04 0.0867122 2.40533e-005
3.05 0.0864812 2.39893e-005
3.06 0.0874398 2.42552e-005
3.07 0.0892902 2.47685e-005
3.08 0.0912416 2.53098e-005
3.09 0.0928256 2.57491e-005
3.1 0.0942982 2.61576e-005
3.11 0.0957643 2.65643e-005
3.12 0.0963051 2.67143e-005
3.13 0.094638 2.62519e-005
3.14 0.0906621 2.5149e-005
3.15 0.0859295 2.38362e-005
3.16 0.0824404 2.28684e-005
3.17 0.0814564 2.25954e-005
3.18 0.0830413 2.3035e-005
3.19 0.0858713 2.38201e-005
3.2 0.0880528 2.44252e-005
3.21 0.088814 2.46364e-005
3.22 0.0890615 2.4705e-005
3.23 0.0901237 2.49997e-005
3.24 0.0924932 2.56569e-005
3.25 0.095811 2.65773e-005
3.26 0.0991685 2.75086e-005
3.27 0.101146 2.80572e-005
3.28 0.100489 2.7875e-005
3.29 0.097238 2.69731e-005
3.3 0.0928162 2.57465e-005
3.31 0.0888701 2.46519e-005
3.32 0.086133 2.38927e-005
3.33 0.0845864 2.34637e-005
3.34 0.084512 2.3443e-005
3.35 0.0863923 2.39646e-005
3.36 0.0896997 2.48821e-005
3.37 0.0928072 2.57441e-005
3.38 0.094123 2.61091e-005
3.39 0.0930756 2.58185e-005
3.4 0.090604 2.51329e-005
3.41 0.0888324 2.46415e-005
3.42 0.0895978 2.48538e-005
3.43 0.0930291 2.58056e-005
3.44 0.0977526 2.71159e-005
3.45 0.102264 2.83672e-005
3.46 0.105877 2.93696e-005
3.47 0.108686 3.01487e-005
3.48 0.111031 3.07992e-005
3.49 0.113112 3.13764e-005
3.5 0.115215 3.19597e-005
3.51 0.11786 3.26936e-005
3.52 0.120916 3.35414e-005
3.53 0.123177 3.41683e-005
3.54 0.123594 3.4284e-005
3.55 0.122485 3.39763e-005
3.56 0.121415 3.36797e-005
3.57 0.121933 3.38234e-005
3.58 0.124355 3.44951e-005
3.59 0.127716 3.54275e-005
3.6 0.130388 3.61686e-005
3.61 0.130917 3.63155e-005
3.62 0.129043 3.57955e-005
3.63 0.125929 3.49319e-005
3.64 0.123107 3.41489e-005
3.65 0.121283 3.36431e-005
3.66 0.120271 3.33624e-005
3.67 0.119821 3.32374e-005
3.68 0.119995 3.32858e-005
3.69 0.120632 3.34624e-005
3.7 0.121116 3.35967e-005
3.71 0.120838 3.35196e-005
3.72 0.11933 3.31013e-005
3.73 0.116376 3.2282e-005
3.74 0.112514 3.12107e-005
3.75 0.108775 3.01733e-005
3.76 0.105847 2.93613e-005
3.77 0.103826 2.88006e-005
3.78 0.102531 2.84414e-005
3.79 0.101809 2.8241e-005
3.8 0.101476 2.81488e-005
3.81 0.101351 2.8114e-005
3.82 0.101618 2.8188e-005
3.83 0.102678 2.8482e-005
3.84 0.104309 2.89345e-005
3.85 0.105552 2.92793e-005
3.86 0.105646 2.93054e-005
3.87 0.104696 2.90419e-005
3.88 0.103296 2.86536e-005
3.89 0.101812 2.8242e-005
3.9 0.100299 2.78223e-005
3.91 0.0990674 2.74806e-005
3.92 0.0989723 2.74542e-005
3.93 0.100508 2.78802e-005
3.94 0.102906 2.85455e-005
3.95 0.104953 2.91132e-005
3.96 0.10611 2.94342e-005
3.97 0.106327 2.94943e-005
3.98 0.105476 2.92583e-005
3.99 0.10344 2.86936e-005
4 0.10086 2.79779e-005
4.01 0.0993643 2.75629e-005
4.02 0.100059 2.77555e-005
4.03 0.102324 2.83839e-005
4.04 0.104911 2.91016e-005
4.05 0.10702 2.96867e-005
4.06 0.107809 2.99055e-005
4.07 0.10649 2.95397e-005
4.08 0.10354 2.87213e-005
4.09 0.100651 2.79198e-005
4.1 0.0992303 2.75258e-005
4.11 0.0996503 2.76423e-005
4.12 0.101336 2.811e-005
4.13 0.1029 2.85436e-005
4.14 0.103152 2.86137e-005
4.15 0.102183 2.83449e-005
4.16 0.100886 2.79851e-005
4.17 0.100023 2.77458e-005
4.18 0.0998329 2.76929e-005
4.19 0.10009 2.77643e-005
4.2 0.100608 2.7908e-005
4.21 0.101327 2.81074e-005
4.22 0.10179 2.82357e-005
4.23 0.101506 2.81571e-005
4.24 0.100576 2.78991e-005
4.25 0.0989416 2.74457e-005
4.26 0.0960824 2.66526e-005
4.27 0.0919478 2.55057e-005
4.28 0.0870127 2.41367e-005
4.29 0.0818261 2.2698e-005
4.3 0.0773956 2.1469e-005
4.31 0.0750035 2.08054e-005
4.32 0.0749716 2.07966e-005
4.33 0.0764046 2.11941e-005
4.34 0.0782419 2.17037e-005
4.35 0.0798827 2.21589e-005
4.36 0.0809694 2.24603e-005
4.37 0.0812796 2.25464e-005
4.38 0.0809234 2.24476e-005
4.39 0.0806549 2.23731e-005
4.4 0.0815741 2.26281e-005
4.41 0.0839231 2.32797e-005
4.42 0.0866543 2.40373e-005
4.43 0.0882089 2.44685e-005
4.44 0.0872636 2.42063e-005
4.45 0.083546 2.31751e-005
4.46 0.0785005 2.17755e-005
4.47 0.0743015 2.06107e-005
4.48 0.0720717 1.99922e-005
4.49 0.0716646 1.98792e-005
4.5 0.0725578 2.0127e-005
4.51 0.0738887 2.04962e-005
4.52 0.0742423 2.05943e-005
4.53 0.0728348 2.02038e-005
4.54 0.0703588 1.9517e-005
4.55 0.0679024 1.88356e-005
4.56 0.0660927 1.83336e-005
4.57 0.0652392 1.80969e-005
4.58 0.0651365 1.80684e-005
4.59 0.0647492 1.7961e-005
4.6 0.0627715 1.74124e-005
4.61 0.0590718 1.63861e-005
4.62 0.0554077 1.53697e-005
4.63 0.0537938 1.4922e-005
4.64 0.0542081 1.50369e-005
4.65 0.0547967 1.52002e-005
4.66 0.0541031 1.50078e-005
4.67 0.052327 1.45151e-005
4.68 0.0506798 1.40582e-005
4.69 0.0500485 1.38831e-005
4.7 0.0501447 1.39098e-005
4.71 0.0498236 1.38207e-005
4.72 0.0484277 1.34335e-005
4.73 0.0463444 1.28556e-005
4.74 0.0440321 1.22142e-005
4.75 0.041375 1.14771e-005
4.76 0.0378552 1.05008e-005
4.77 0.0326813 9.06557e-006
4.78 0.0255631 7.09103e-006
4.79 0.0176936 4.90807e-006
4.8 0.0109165 3.02815e-006
4.81 0.00613235 1.70107e-006
4.82 0.00313514 8.69664e-007
4.83 0.00105912 2.93792e-007
4.84 -0.00155401 -4.31102e-007
4.85 -0.00591751 -1.64194e-006
4.86 -0.0111522 -3.0952e-006
4.87 -0.0146548 -4.06801e-006
4.88 -0.0152933 -4.24539e-006
4.89 -0.0146149 -4.05718e-006
4.9 -0.0147171 -4.08553e-006
4.91 -0.016349 -4.53865e-006
4.92 -0.0193736 -5.37912e-006
4.93 -0.0239068 -6.6392e-006
4.94 -0.0297525 -8.26498e-006
4.95 -0.0354006 -9.83665e-006
4.96 -0.0390295 -1.08469e-005
4.97 -0.0401586 -1.11613e-005
4.98 -0.0392902 -1.09204e-005
4.99 -0.036681 -1.01966e-005
5 -0.0329888 -9.17244e-006
5.01 -0.030202 -8.39941e-006
5.02 -0.0300049 -8.34474e-006
5.03 -0.0320693 -8.91738e-006
5.04 -0.0350776 -9.75187e-006
5.05 -0.0380471 -1.05756e-005
5.06 -0.0399754 -1.11105e-005
5.07 -0.0402597 -1.11894e-005
5.08 -0.0399897 -1.11145e-005
5.09 -0.0411312 -1.14322e-005
5.1 -0.0445296 -1.23787e-005
5.11 -0.0499269 -1.38828e-005
5.12 -0.0572097 -1.59135e-005
5.13 -0.0659261 -1.83457e-005
5.14 -0.0739511 -2.0587e-005
5.15 -0.0786058 -2.18877e-005
5.16 -0.0792915 -2.20794e-005
5.17 -0.0775035 -2.15834e-005
5.18 -0.0749698 -2.08806e-005
5.19 -0.073218 -2.03946e-005
5.2 -0.0741768 -2.06606e-005
5.21 -0.0791577 -2.20423e-005
5.22 -0.0867355 -2.4161e-005
5.23 -0.0936029 -2.60827e-005
5.24 -0.0970841 -2.70573e-005
5.25 -0.0961091 -2.67869e-005
5.26 -0.091054 -2.53846e-005
5.27 -0.0836384 -2.33276e-005
5.28 -0.0756586 -2.1114e-005
5.29 -0.0677658 -1.89246e-005
5.3 -0.0603637 -1.68713e-005
5.31 -0.0545246 -1.52516e-005
5.32 -0.0507366 -1.42009e-005
5.33 -0.0480866 -1.34657e-005
5.34 -0.0453061 -1.26945e-005
5.35 -0.0420216 -1.17834e-005
5.36 -0.0387752 -1.08828e-005
5.37 -0.0355783 -9.99605e-006
5.38 -0.0311945 -8.78e-006
5.39 -0.0247876 -7.00278e-006
5.4 -0.0174808 -4.97593e-006
5.41 -0.0114719 -3.30911e-006
5.42 -0.00826674 -2.42002e-006
5.43 -0.00759399 -2.2334e-006
5.44 -0.00758822 -2.2318e-006
5.45 -0.00658386 -1.9532e-006
5.46 -0.00462975 -1.41114e-006
5.47 -0.00292128 -9.37227e-007
5.48 -0.0025317 -8.29161e-007
5.49 -0.00394227 -1.22044e-006
5.5 -0.00653762 -1.94037e-006
5.51 -0.00868446 -2.53589e-006
5.52 -0.00971617 -2.82208e-006
5.53 -0.0106738 -3.08773e-006
5.54 -0.0122528 -3.52573e-006
5.55 -0.0139758 -4.00367e-006
5.56 -0.0151386 -4.32621e-006
5.57 -0.0147791 -4.22651e-006
5.58 -0.0113036 -3.26241e-006
5.59 -0.00309475 -9.85347e-007
5.6 0.0107121 2.84514e-006
5.61 0.0299706 8.1873e-006
5.62 0.0532125 1.46344e-005
5.63 0.0775076 2.13737e-005
5.64 0.0996429 2.75139e-005
5.65 0.118197 3.26605e-005
5.66 0.134456 3.71707e-005
5.67 0.15125 4.18292e-005
5.68 0.170463 4.71587e-005
5.69 0.191424 5.29733e-005
5.7 0.211737 5.86079e-005
5.71 0.22954 6.35464e-005
5.72 0.244633 6.77332e-005
5.73 0.257428 7.12824e-005
5.74 0.267422 7.40545e-005
5.75 0.273006 7.56035e-005
5.76 0.272874 7.55669e-005
5.77 0.267295 7.40195e-005
5.78 0.257983 7.14364e-005
5.79 0.247617 6.85609e-005
5.8 0.23949 6.63066e-005
5.81 0.235863 6.53003e-005
5.82 0.234915 6.50374e-005
5.83 0.23065 6.38544e-005
5.84 0.218296 6.04273e-005
5.85 0.199319 5.51633e-005
5.86 0.1797 4.97211e-005
5.87 0.164388 4.54738e-005
5.88 0.154612 4.27619e-005
5.89 0.148505 4.10679e-005
5.9 0.142954 3.95282e-005
5.91 0.135918 3.75764e-005
5.92 0.126937 3.50851e-005
5.93 0.116161 3.2096e-005
5.94 0.104621 2.88949e-005
5.95 0.094751 2.61569e-005
5.96 0.0894791 2.46945e-005
5.97 0.0903773 2.49437e-005
5.98 0.0966821 2.66926e-005
5.99 0.106693 2.94695e-005
6 0.120295 3.32427e-005
6.01 0.139455 3.85575e-005
6.02 0.165952 4.59076e-005
6.03 0.200088 5.53765e-005
6.04 0.240864 6.66876e-005
6.05 0.285431 7.90502e-005
6.06 0.329417 9.12515e-005
6.07 0.368464 0.000102083
6.08 0.399361 0.000110654
6.09 0.421178 0.000116706
6.1 0.435421 0.000120656
6.11 0.443856 0.000122996
6.12 0.446881 0.000123835
6.13 0.443992 0.000123034
6.14 0.43366 0.000120168
6.15 0.41318 0.000114487
6.16 0.380746 0.00010549
6.17 0.337137 9.3393e-005
6.18 0.285217 7.89907e-005
6.19 0.22967 6.35824e-005
6.2 0.17668 4.88835e-005
6.21 0.130705 3.61304e-005
6.22 0.0909458 2.51014e-005
6.23 0.0521283 1.43337e-005
6.24 0.00962034 2.54229e-006
6.25 -0.0356212 -1.00076e-005
6.26 -0.0762738 -2.12846e-005
6.27 -0.102194 -2.84885e-005
6.28 -0.106891 -2.98048e-005
6.29 -0.0923569 -2.57731e-005
6.3 -0.0681819 -1.90671e-005
6.31 -0.0439032 -1.23324e-005
6.32 -0.0214278 -6.09788e-006
6.33 0.00421582 1.01622e-006
6.34 0.0393529 1.0763e-005
6.35 0.0867603 2.39135e-005
6.36 0.14297 3.95056e-005
6.37 0.197519 5.46372e-005
6.38 0.236666 6.54964e-005
6.39 0.253231 7.00911e-005
6.4 0.252441 6.9872e-005
6.41 0.244594 6.76953e-005
6.42 0.235278 6.51112e-005
6.43 0.225304 6.23446e-005
6.44 0.213965 5.91992e-005
6.45 0.198966 5.50384e-005
6.46 0.176813 4.88935e-005
6.47 0.146384 4.04526e-005
6.48 0.111253 3.07076e-005
6.49 0.0770389 2.12168e-005
6.5 0.0473875 1.29917e-005
6.51 0.0228317 6.18012e-006
6.52 0.00306454 6.96866e-007
6.53 -0.00985146 -2.88601e-006
6.54 -0.0120945 -3.50824e-006
6.55 -0.00292814 -9.65546e-007
6.56 0.0131349 3.49031e-006
6.57 0.029551 8.04402e-006
6.58 0.041551 1.13727e-005
6.59 0.0483776 1.32664e-005
6.6 0.0538169 1.47752e-005
6.61 0.0634097 1.74362e-005
6.62 0.0804534 2.2164e-005
6.63 0.104934 2.89546e-005
6.64 0.134289 3.70977e-005
6.65 0.165083 4.56397e-005
6.66 0.194818 5.3888e-005
6.67 0.222119 6.1461e-005
6.68 0.245042 6.78197e-005
6.69 0.259923 7.19474e-005
6.7 0.263116 7.28332e-005
6.71 0.254162 7.03496e-005
6.72 0.236369 6.54138e-005
6.73 0.213009 5.89339e-005
6.74 0.1832 5.06653e-005
6.75 0.143131 3.95504e-005
6.76 0.0897699 2.47483e-005
6.77 0.0225599 6.10475e-006
6.78 -0.0558515 -1.56464e-005
6.79 -0.13893 -3.87992e-005
6.8 -0.217866 -6.1081e-005
6.81 -0.285832 -8.04083e-005
6.82 -0.339356 -9.5723e-005
6.83 -0.377552 -0.000106703
6.84 -0.397981 -0.000112594
6.85 -0.399425 -0.000113011
6.86 -0.384038 -0.000108743
6.87 -0.357577 -0.000101403
6.88 -0.324887 -9.23348e-005
6.89 -0.287173 -8.18732e-005
6.9 -0.243555 -6.97739e-005
6.91 -0.195485 -5.64397e-005
6.92 -0.148514 -4.34101e-005
6.93 -0.107848 -3.21298e-005
6.94 -0.0735596 -2.26184e-005
6.95 -0.0417017 -1.37813e-005
6.96 -0.00996521 -4.9778e-006
6.97 0.0187901 3.03828e-006
6.98 0.0391711 8.6918e-006
6.99 0.0455879 1.04718e-005
7 0.0354749 7.66651e-006
7.01 0.00506448 -7.69119e-007
7.02 -0.0489581 -1.57594e-005
7.03 -0.124736 -3.67871e-005
7.04 -0.211585 -6.08871e-005
7.05 -0.293035 -8.34887e-005
7.06 -0.353897 -0.000100378
7.07 -0.389911 -0.000110371
7.08 -0.406012 -0.000114913
7.09 -0.409956 -0.000116053
7.1 -0.40465 -0.000114581
7.11 -0.389962 -0.000110507
7.12 -0.366172 -0.000103908
7.13 -0.333796 -9.4927e-005
7.14 -0.292403 -8.34447e-005
7.15 -0.241594 -6.93507e-005
7.16 -0.182624 -5.29929e-005
7.17 -0.118678 -3.52546e-005
7.18 -0.0537178 -1.72352e-005
7.19 0.00788964 -1.02978e-007
7.2 0.062946 1.51693e-005
7.21 0.108887 2.79128e-005
7.22 0.143725 3.75767e-005
7.23 0.165799 4.37e-005
7.24 0.176072 4.65497e-005
7.25 0.178835 4.7316e-005
7.26 0.179603 4.7529e-005
7.27 0.181439 4.80384e-005
7.28 0.18358 4.86321e-005
7.29 0.183184 4.85225e-005
7.3 0.17655 4.66822e-005
7.31 0.158714 4.17347e-005
7.32 0.125641 3.25604e-005
7.33 0.0800557 1.99154e-005
7.34 0.0333092 6.94821e-006
7.35 -0.00203376 -2.85587e-006
7.36 -0.0223636 -8.49735e-006
7.37 -0.0339705 -1.17182e-005
7.38 -0.0451915 -1.4832e-005
7.39 -0.0575261 -1.82548e-005
7.4 -0.0663795 -2.07116e-005
7.41 -0.0678011 -2.11061e-005
7.42 -0.0615911 -1.93835e-005
7.43 -0.0482524 -1.56835e-005
7.44 -0.0234521 -8.80401e-006
7.45 0.02127 3.60863e-006
7.46 0.0912875 2.3031e-005
7.47 0.182792 4.84136e-005
7.48 0.28353 7.63575e-005
7.49 0.379237 0.000102906
7.5 0.459383 0.000125138
7.51 0.518661 0.000141581
7.52 0.554429 0.000151503
7.53 0.565236 0.000154501
7.54 0.551974 0.000150822
7.55 0.518896 0.000141647
7.56 0.474317 0.000129281
7.57 0.428105 0.000116462
7.58 0.384254 0.000104298
7.59 0.337086 9.12137e-005
7.6 0.278198 7.48786e-005
7.61 0.20651 5.49929e-005
7.62 0.131169 3.40937e-005
7.63 0.065827 1.59684e-005
7.64 0.0189273 2.95879e-006
7.65 -0.00933255 -4.88126e-006
7.66 -0.0247809 -9.16812e-006
7.67 -0.0348673 -1.19671e-005
7.68 -0.0424014 -1.40578e-005
7.69 -0.0439089 -1.44761e-005
7.7 -0.035668 -1.21901e-005
7.71 -0.0196233 -7.73944e-006
7.72 -0.00125707 -2.64479e-006
7.73 0.0167363 2.35103e-006
7.74 0.0356713 7.60346e-006
7.75 0.0564976 1.33805e-005
7.76 0.0771634 1.91131e-005
7.77 0.0946904 2.39749e-005
7.78 0.108558 2.78217e-005
7.79 0.121366 3.13745e-005
7.8 0.135957 3.5422e-005
7.81 0.151737 3.97993e-005
7.82 0.162671 4.28324e-005
7.83 0.158441 4.1659e-005
7.84 0.130326 3.38601e-005
7.85 0.0775175 1.92113e-005
7.86 0.00667743 -4.39237e-007
7.87 -0.0734874 -2.2684e-005
7.88 -0.155241 -4.53706e-005
7.89 -0.231605 -6.65613e-005
7.9 -0.29617 -8.44779e-005
7.91 -0.344029 -9.77586e-005
7.92 -0.374605 -0.000106243
7.93 -0.393159 -0.000111392
7.94 -0.408261 -0.000115583
7.95 -0.425741 -0.000120619
7.96 -0.446316 -0.000126582
7.97 -0.466201 -0.000132357
7.98 -0.481113 -0.000136696
7.99 -0.488424 -0.000138826
8 -0.489365 -0.0001391
8.01 -0.485214 -0.000137948
8.02 -0.473379 -0.000134665
8.03 -0.448553 -0.000127779
8.04 -0.409413 -0.000116922
8.05 -0.361699 -0.000103686
8.06 -0.312154 -8.99427e-005
8.07 -0.26114 -7.57918e-005
8.08 -0.203904 -5.9915e-005
8.09 -0.138089 -4.16584e-005
8.1 -0.0677582 -2.21491e-005
8.11 -0.000257754 -3.42343e-006
8.12 0.0570143 1.2535e-005
8.13 0.0983125 2.39908e-005
8.14 0.119801 2.99514e-005
8.15 0.121404 3.03963e-005
8.16 0.106568 2.62809e-005
8.17 0.080256 1.89821e-005
8.18 0.0467208 9.67965e-006
8.19 0.00870656 -8.65223e-007
8.2 -0.0309249 -1.18633e-005
8.21 -0.0679365 -2.21356e-005
8.22 -0.0972901 -3.02825e-005
8.23 -0.113736 -3.4847e-005
8.24 -0.112589 -3.45287e-005
8.25 -0.0913748 -2.8644e-005
8.26 -0.0506688 -1.73525e-005
8.27 0.00735346 -1.24056e-006
8.28 0.0806203 1.90831e-005
8.29 0.165826 4.27185e-005
8.3 0.258747 6.84943e-005
8.31 0.356076 9.54926e-005
8.32 0.457009 0.000123491
8.33 0.560092 0.000152085
8.34 0.664895 0.000181157
8.35 0.724567 0.000210921
8.36 0.716357 0.000240243
8.37 0.708399 0.000268664
8.38 0.700679 0.000296237
8.39 0.693022 0.000323583
8.4 0.685513 0.000350401
8.41 0.678078 0.000376954
8.42 0.670482 0.000404082
8.43 0.662593 0.000432257
8.44 0.654403 0.000461508
8.45 0.646004 0.000491503
8.46 0.637421 0.000522159
8.47 0.628988 0.000552278
8.48 0.620829 0.000581416
8.49 0.613226 0.000608567
8.5 0.606071 0.000634121
8.51 0.599094 0.000659039
8.52 0.592497 0.000682601
8.53 0.586741 0.000703156
8.54 0.582107 0.000719708
8.55 0.578444 0.000732789
8.56 0.575215 0.000744321
8.57 0.571822 0.00075644
8.58 0.567982 0.000770153
8.59 0.563755 0.000785252
8.6 0.559307 0.000801136
8.61 0.554473 0.000818402
8.62 0.548834 0.000838539
8.63 0.542144 0.000862434
8.64 0.534341 0.000890303
8.65 0.52542 0.00092216
8.66 0.515497 0.0009576
8.67 0.50498 0.000995162
8.68 0.494482 0.00103265
8.69 0.484618 0.00106788
8.7 0.475782 0.00109944
8.71 0.468063 0.00112701
8.72 0.46173 0.00114963
8.73 0.457388 0.00116513
8.74 0.455531 0.00117177
8.75 0.454886 0.0011701
8.76 0.451767 0.00116206
8.77 0.446988 0.00114973
8.78 0.440642 0.00113336
8.79 0.431944 0.00111092
8.8 0.41982 0.00107965
8.81 0.403714 0.00103811
8.82 0.383822 0.000986795
8.83 0.361043 0.000928034
8.84 0.337037 0.000866112
8.85 0.313747 0.000806034
8.86 0.292713 0.000751778
8.87 0.274471 0.000704722
8.88 0.25839 0.000663239
8.89 0.243099 0.000623797
8.9 0.227444 0.000583414
8.91 0.211083 0.000541211
8.92 0.194165 0.000497571
8.93 0.176757 0.000452666
8.94 0.158735 0.000406177
8.95 0.139805 0.000357347
8.96 0.120004 0.000306273
8.97 0.0995224 0.000253439
8.98 0.0784081 0.000198974
8.99 0.0566498 0.000142848
9 0.0347711 8.64122e-005
9.01 0.0135003 3.15439e-005
9.02 -0.0579345 -1.93596e-005
9.03 -0.228406 -6.66727e-005
9.04 -0.394352 -0.00011273
9.05 -0.54983 -0.000156779
9.06 -0.691634 -0.000198697
9.07 -0.823722 -0.00023834
9.08 -0.945455 -0.000275409
9.09 -1.05682 -0.000309788
9.1 -1.1605 -0.00034221
9.11 -1.25715 -0.000372814
9.12 -1.34553 -0.000401127
9.13 -1.42584 -0.000427138
9.14 -1.49947 -0.00045123
9.15 -1.56947 -0.00047436
9.16 -1.63897 -0.000497544
9.17 -1.70916 -0.000521187
9.18 -1.7771 -0.000544303
9.19 -1.83725 -0.00056496
9.2 -1.88521 -0.000581562
9.21 -1.91962 -0.000593549
9.22 -1.94318 -0.000601793
9.23 -1.95931 -0.000607454
9.24 -1.9716 -0.000611775
9.25 -1.98075 -0.000614999
9.26 -1.98609 -0.000616882
9.27 -1.98836 -0.000617682
9.28 -1.99092 -0.000618586
9.29 -1.99917 -0.000621503
9.3 -2.01593 -0.000627436
9.31 -2.03784 -0.000635217
9.32 -2.06062 -0.000643332
9.33 -2.08155 -0.000650817
9.34 -2.0994 -0.000657221
9.35 -2.11284 -0.000662055
9.36 -2.12093 -0.000664967
9.37 -2.1237 -0.000665968
9.38 -2.12058 -0.000665102
9.39 -2.11086 -0.000662406
9.4 -2.09503 -0.000658016
9.41 -2.07573 -0.000652661
9.42 -2.0567 -0.000647381
9.43 -2.03875 -0.000642403
9.44 -2.01858 -0.000636808
9.45 -1.99071 -0.000629077
9.46 -1.94972 -0.000617706
9.47 -1.89281 -0.000601921
9.48 -1.82082 -0.000581951
9.49 -1.73739 -0.000558807
9.5 -1.64475 -0.000533109
9.51 -1.54086 -0.000504291
9.52 -1.42223 -0.000471385
9.53 -1.29149 -0.000435118
9.54 -1.15831 -0.000398176
9.55 -1.03521 -0.000364029
9.56 -0.932325 -0.000335489
9.57 -0.85331 -0.000313571
9.58 -0.798503 -0.000298367
9.59 -0.769333 -0.000290276
9.6 -0.767518 -0.000289772
9.61 -0.790195 -0.000296063
9.62 -0.828022 -0.000306556
9.63 -0.869373 -0.000318026
9.64 -0.907575 -0.000328623
9.65 -0.94301 -0.000338453
9.66 -0.979625 -0.000348609
9.67 -1.01825 -0.000359323
9.68 -1.05314 -0.000369002
9.69 -1.07658 -0.000375505
9.7 -1.08553 -0.000377987
9.71 -1.08234 -0.000377101
9.72 -1.06938 -0.000373508
9.73 -1.04704 -0.00036731
9.74 -1.01714 -0.000359016
9.75 -0.984793 -0.000350043
9.76 -0.954201 -0.000341557
9.77 -0.923267 -0.000332976
9.78 -0.885357 -0.00032246
9.79 -0.835291 -0.000308572
9.8 -0.772855 -0.000291253
9.81 -0.702097 -0.000271625
9.82 -0.629177 -0.000251398
9.83 -0.559616 -0.000232102
9.84 -0.495399 -0.000214289
9.85 -0.43514 -0.000197573
9.86 -0.377358 -0.000181545
9.87 -0.321533 -0.000166059
9.88 -0.263827 -0.000150052
9.89 -0.200846 -0.000132582
9.9 -0.13182 -0.000113434
9.91 -0.0556658 -9.23097e-005
9.92 0.000145404 -6.97139e-005
9.93 0.00850277 -4.81559e-005
9.94 0.0157438 -2.94777e-005
9.95 0.0215696 -1.44499e-005
9.96 0.0260709 -2.83873e-006
9.97 0.029225 5.2973e-006
9.98 0.0309234 9.67829e-006
9.99 0.0315601 1.13208e-005
10 0.0320253 1.25207e-005
