0.1 -7.17358e-006 4.10599e-007 8.84355e-008 -3.4869e-011 -3.4869e-011
0.2 -1.43588e-005 8.21867e-007 1.77187e-007 -6.98311e-011 -6.98311e-011
0.3 -2.15558e-005 1.23381e-006 2.66258e-007 -1.04889e-010 -1.04889e-010
0.4 -2.87646e-005 1.64643e-006 3.55651e-007 -1.40044e-010 -1.40044e-010
0.5 -3.59853e-005 2.05973e-006 4.45369e-007 -1.753e-010 -1.753e-010
0.6 -4.32179e-005 2.47372e-006 5.35416e-007 -2.10658e-010 -2.10658e-010
0.7 -5.04625e-005 2.8884e-006 6.25794e-007 -2.46122e-010 -2.46122e-010
0.8 -5.77192e-005 3.30377e-006 7.16507e-007 -2.81695e-010 -2.81695e-010
0.9 -6.4988e-005 3.71984e-006 8.07558e-007 -3.17378e-010 -3.17378e-010
1 -7.22695e-005 4.13582e-006 8.99011e-007 -3.58743e-010 -3.58743e-010
0.01 -7.22711e-005 4.13134e-006 8.9747e-007 -3.59525e-010 -3.59525e-010
0.02 -7.22761e-005 4.11875e-006 8.93234e-007 -3.63635e-010 -3.63635e-010
0.03 -7.22834e-005 4.10452e-006 8.8839e-007 -3.73261e-010 -3.73261e-010
0.04 -7.2292e-005 4.09455e-006 8.84328e-007 -3.86833e-010 -3.86833e-010
0.05 -7.23021e-005 4.08895e-006 8.80441e-007 -4.00257e-010 -4.00257e-010
0.06 -7.23134e-005 4.08726e-006 8.76438e-007 -4.11023e-010 -4.11023e-010
0.07 -7.23254e-005 4.08905e-006 8.72511e-007 -4.19262e-010 -4.19262e-010
0.08 -7.23374e-005 4.09403e-006 8.69123e-007 -4.2561e-010 -4.2561e-010
0.09 -7.23487e-005 4.10179e-006 8.66756e-007 -4.2959e-010 -4.2959e-010
0.1 -7.23589e-005 4.1118e-006 8.6568e-007 -4.30136e-010 -4.30136e-010
0.11 -7.23674e-005 4.12341e-006 8.65872e-007 -4.26882e-010 -4.26882e-010
0.12 -7.23741e-005 4.13595e-006 8.66973e-007 -4.20601e-010 -4.20601e-010
0.13 -7.23792e-005 4.14897e-006 8.68517e-007 -4.12821e-010 -4.12821e-010
0.14 -7.23826e-005 4.16226e-006 8.69872e-007 -4.05408e-010 -4.05408e-010
0.15 -7.23846e-005 4.17553e-006 8.70596e-007 -4.00399e-010 -4.00399e-010
0.16 -7.23852e-005 4.18845e-006 8.70553e-007 -3.99675e-010 -3.99675e-010
0.17 -7.23843e-005 4.20062e-006 8.69953e-007 -4.04254e-010 -4.04254e-010
0.18 -7.23822e-005 4.21195e-006 8.69066e-007 -4.13656e-010 -4.13656e-010
0.19 -7.23789e-005 4.22279e-006 8.68019e-007 -4.25755e-010 -4.25755e-010
0.2 -7.23744e-005 4.23364e-006 8.66787e-007 -4.37332e-010 -4.37332e-010
0.21 -7.23689e-005 4.24494e-006 8.65354e-007 -4.45273e-010 -4.45273e-010
0.22 -7.23625e-005 4.25674e-006 8.63917e-007 -4.47748e-010 -4.47748e-010
0.23 -7.23545e-005 4.26868e-006 8.62802e-007 -4.44572e-010 -4.44572e-010
0.24 -7.2345e-005 4.28026e-006 8.62194e-007 -4.36788e-010 -4.36788e-010
0.25 -7.23341e-005 4.29098e-006 8.61968e-007 -4.2595e-010 -4.2595e-010
0.26 -7.23215e-005 4.30059e-006 8.61937e-007 -4.13459e-010 -4.13459e-010
0.27 -7.23074e-005 4.30964e-006 8.62258e-007 -4.00216e-010 -4.00216e-010
0.28 -7.22921e-005 4.3196e-006 8.63431e-007 -3.86532e-010 -3.86532e-010
0.29 -7.22751e-005 4.33202e-006 8.65488e-007 -3.7231e-010 -3.7231e-010
0.3 -7.22571e-005 4.3482e-006 8.67882e-007 -3.57464e-010 -3.57464e-010
0.31 -7.22383e-005 4.3688e-006 8.70133e-007 -3.41989e-010 -3.41989e-010
0.32 -7.2219e-005 4.39357e-006 8.72329e-007 -3.25339e-010 -3.25339e-010
0.33 -7.21992e-005 4.42121e-006 8.7466e-007 -3.06036e-010 -3.06036e-010
0.34 -7.2179e-005 4.45009e-006 8.77204e-007 -2.82264e-010 -2.82264e-010
0.35 -7.21587e-005 4.47923e-006 8.79934e-007 -2.52949e-010 -2.52949e-010
0.36 -7.21385e-005 4.50831e-006 8.82629e-007 -2.18306e-010 -2.18306e-010
0.37 -7.21189e-005 4.53697e-006 8.85143e-007 -1.79677e-010 -1.79677e-010
0.38 -7.20998e-005 4.5643e-006 8.87817e-007 -1.38966e-010 -1.38966e-010
0.39 -7.20808e-005 4.58906e-006 8.91178e-007 -9.80891e-011 -9.80891e-011
0.4 -7.20616e-005 4.61049e-006 8.95173e-007 -5.87088e-011 -5.87088e-011
0.41 -7.20423e-005 4.62878e-006 8.99191e-007 -2.22021e-011 -2.22021e-011
0.42 -7.20227e-005 4.64453e-006 9.0261e-007 1.04845e-011 1.04845e-011
0.43 -7.2003e-005 4.6581e-006 9.05303e-007 3.93086e-011 3.93086e-011
0.44 -7.19828e-005 4.6694e-006 9.07759e-007 6.54249e-011 6.54249e-011
0.45 -7.19617e-005 4.67838e-006 9.10495e-007 9.0663e-011 9.0663e-011
0.46 -7.19399e-005 4.68567e-006 9.13663e-007 1.16376e-010 1.16376e-010
0.47 -7.19173e-005 4.69223e-006 9.17368e-007 1.42724e-010 1.42724e-010
0.48 -7.18943e-005 4.69843e-006 9.21751e-007 1.68904e-010 1.68904e-010
0.49 -7.18707e-005 4.70367e-006 9.2666e-007 1.93692e-010 1.93692e-010
0.5 -7.18468e-005 4.70738e-006 9.32374e-007 2.15891e-010 2.15891e-010
0.51 -7.18224e-005 4.70935e-006 9.39527e-007 2.34902e-010 2.34902e-010
0.52 -7.17973e-005 4.70913e-006 9.48304e-007 2.50975e-010 2.50975e-010
0.53 -7.17721e-005 4.70624e-006 9.58932e-007 2.64877e-010 2.64877e-010
0.54 -7.17459e-005 4.70121e-006 9.71894e-007 2.77745e-010 2.77745e-010
0.55 -7.17183e-005 4.69617e-006 9.87705e-007 2.91343e-010 2.91343e-010
0.56 -7.16892e-005 4.69255e-006 1.00519e-006 3.07566e-010 3.07566e-010
0.57 -7.16604e-005 4.68921e-006 1.02204e-006 3.26634e-010 3.26634e-010
0.58 -7.16334e-005 4.68344e-006 1.03554e-006 3.45778e-010 3.45778e-010
0.59 -7.16097e-005 4.67448e-006 1.04503e-006 3.6066e-010 3.6066e-010
0.6 -7.15895e-005 4.66408e-006 1.05169e-006 3.68728e-010 3.68728e-010
0.61 -7.15729e-005 4.65436e-006 1.05649e-006 3.70877e-010 3.70877e-010
0.62 -7.15603e-005 4.64572e-006 1.05912e-006 3.69504e-010 3.69504e-010
0.63 -7.15511e-005 4.63762e-006 1.06057e-006 3.66185e-010 3.66185e-010
0.64 -7.15426e-005 4.62976e-006 1.06372e-006 3.62441e-010 3.62441e-010
0.65 -7.15337e-005 4.62097e-006 1.06924e-006 3.6113e-010 3.6113e-010
0.66 -7.15249e-005 4.6095e-006 1.07466e-006 3.64732e-010 3.64732e-010
0.67 -7.15172e-005 4.59524e-006 1.07823e-006 3.73268e-010 3.73268e-010
0.68 -7.15102e-005 4.57896e-006 1.08054e-006 3.8596e-010 3.8596e-010
0.69 -7.15039e-005 4.56032e-006 1.08288e-006 4.0391e-010 4.0391e-010
0.7 -7.14979e-005 4.53891e-006 1.08588e-006 4.29286e-010 4.29286e-010
0.71 -7.14924e-005 4.51588e-006 1.08955e-006 4.62001e-010 4.62001e-010
0.72 -7.14878e-005 4.49342e-006 1.09257e-006 4.97856e-010 4.97856e-010
0.73 -7.14858e-005 4.47259e-006 1.09278e-006 5.29572e-010 5.29572e-010
0.74 -7.14879e-005 4.45159e-006 1.08903e-006 5.49567e-010 5.49567e-010
0.75 -7.14951e-005 4.42682e-006 1.08201e-006 5.53042e-010 5.53042e-010
0.76 -7.15077e-005 4.39662e-006 1.07338e-006 5.40054e-010 5.40054e-010
0.77 -7.15254e-005 4.36279e-006 1.06516e-006 5.1573e-010 5.1573e-010
0.78 -7.15461e-005 4.3288e-006 1.06014e-006 4.88759e-010 4.88759e-010
0.79 -7.15674e-005 4.29689e-006 1.06061e-006 4.68637e-010 4.68637e-010
0.8 -7.15877e-005 4.26695e-006 1.06652e-006 4.61873e-010 4.61873e-010
0.81 -7.16066e-005 4.23855e-006 1.07603e-006 4.68857e-010 4.68857e-010
0.82 -7.16243e-005 4.213e-006 1.08715e-006 4.83988e-010 4.83988e-010
0.83 -7.16408e-005 4.19187e-006 1.09831e-006 4.99028e-010 4.99028e-010
0.84 -7.16566e-005 4.17475e-006 1.1089e-006 5.06744e-010 5.06744e-010
0.85 -7.16706e-005 4.16052e-006 1.12002e-006 5.02799e-010 5.02799e-010
0.86 -7.1681e-005 4.14849e-006 1.13369e-006 4.86107e-010 4.86107e-010
0.87 -7.16873e-005 4.136e-006 1.14904e-006 4.57166e-010 4.57166e-010
0.88 -7.16919e-005 4.11903e-006 1.16203e-006 4.14632e-010 4.14632e-010
0.89 -7.16957e-005 4.09762e-006 1.17137e-006 3.54996e-010 3.54996e-010
0.9 -7.16965e-005 4.0768e-006 1.18047e-006 2.7837e-010 2.7837e-010
0.91 -7.16919e-005 4.06051e-006 1.19291e-006 1.93688e-010 1.93688e-010
0.92 -7.16821e-005 4.04526e-006 1.20765e-006 1.14976e-010 1.14976e-010
0.93 -7.16695e-005 4.02284e-006 1.2206e-006 5.17164e-011 5.17164e-011
0.94 -7.16559e-005 3.99038e-006 1.23012e-006 4.77305e-012 4.77305e-012
0.95 -7.16414e-005 3.95517e-006 1.23711e-006 -2.8358e-011 -2.8358e-011
0.96 -7.1626e-005 3.92817e-006 1.24223e-006 -4.78754e-011 -4.78754e-011
0.97 -7.16106e-005 3.91282e-006 1.24458e-006 -5.32567e-011 -5.32567e-011
0.98 -7.15981e-005 3.90257e-006 1.24127e-006 -4.88242e-011 -4.88242e-011
0.99 -7.15904e-005 3.89059e-006 1.23123e-006 -4.43301e-011 -4.43301e-011
1 -7.15865e-005 3.87739e-006 1.21723e-006 -4.75042e-011 -4.75042e-011
1.01 -7.15857e-005 3.86776e-006 1.2002e-006 -5.7149e-011 -5.7149e-011
1.02 -7.15895e-005 3.86501e-006 1.17847e-006 -6.53e-011 -6.53e-011
1.03 -7.15961e-005 3.86825e-006 1.15535e-006 -6.31303e-011 -6.31303e-011
1.04 -7.16002e-005 3.87279e-006 1.13949e-006 -4.17966e-011 -4.17966e-011
1.05 -7.15983e-005 3.87393e-006 1.135e-006 8.01612e-012 8.01612e-012
1.06 -7.1592e-005 3.87051e-006 1.13713e-006 9.0722e-011 9.0722e-011
1.07 -7.15845e-005 3.8654e-006 1.13964e-006 2.00124e-010 2.00124e-010
1.08 -7.15756e-005 3.86421e-006 1.14257e-006 3.23325e-010 3.23325e-010
1.09 -7.15638e-005 3.87019e-006 1.14903e-006 4.50283e-010 4.50283e-010
1.1 -7.15516e-005 3.87859e-006 1.15696e-006 5.75251e-010 5.75251e-010
1.11 -7.15429e-005 3.88111e-006 1.16214e-006 6.89486e-010 6.89486e-010
1.12 -7.15372e-005 3.87571e-006 1.16751e-006 7.80435e-010 7.80435e-010
1.13 -7.15289e-005 3.86915e-006 1.18068e-006 8.41983e-010 8.41983e-010
1.14 -7.15156e-005 3.87097e-006 1.20229e-006 8.79908e-010 8.79908e-010
1.15 -7.14964e-005 3.88882e-006 1.22839e-006 9.04121e-010 9.04121e-010
1.16 -7.14679e-005 3.9254e-006 1.25957e-006 9.21344e-010 9.21344e-010
1.17 -7.14269e-005 3.9731e-006 1.29712e-006 9.37058e-010 9.37058e-010
1.18 -7.13731e-005 4.01693e-006 1.33959e-006 9.57618e-010 9.57618e-010
1.19 -7.13086e-005 4.04674e-006 1.38341e-006 9.86161e-010 9.86161e-010
1.2 -7.12383e-005 4.06361e-006 1.42207e-006 1.01781e-009 1.01781e-009
1.21 -7.11687e-005 4.0756e-006 1.4492e-006 1.04045e-009 1.04045e-009
1.22 -7.11057e-005 4.0901e-006 1.46141e-006 1.04023e-009 1.04023e-009
1.23 -7.10538e-005 4.11038e-006 1.45845e-006 1.00677e-009 1.00677e-009
1.24 -7.10138e-005 4.13656e-006 1.44416e-006 9.35526e-010 9.35526e-010
1.25 -7.09807e-005 4.16818e-006 1.42705e-006 8.29943e-010 8.29943e-010
1.26 -7.09462e-005 4.20544e-006 1.41598e-006 7.03437e-010 7.03437e-010
1.27 -7.09033e-005 4.24738e-006 1.41445e-006 5.77711e-010 5.77711e-010
1.28 -7.08484e-005 4.29128e-006 1.42118e-006 4.76648e-010 4.76648e-010
1.29 -7.07817e-005 4.33305e-006 1.4314e-006 4.20203e-010 4.20203e-010
1.3 -7.07076e-005 4.368e-006 1.43959e-006 4.21019e-010 4.21019e-010
1.31 -7.06289e-005 4.39466e-006 1.44597e-006 4.84044e-010 4.84044e-010
1.32 -7.05469e-005 4.41708e-006 1.45402e-006 6.07508e-010 6.07508e-010
1.33 -7.04651e-005 4.44203e-006 1.46231e-006 7.81089e-010 7.81089e-010
1.34 -7.03849e-005 4.47643e-006 1.47042e-006 9.83948e-010 9.83948e-010
1.35 -7.02997e-005 4.52241e-006 1.48702e-006 1.19165e-009 1.19165e-009
1.36 -7.02033e-005 4.57102e-006 1.51897e-006 1.38743e-009 1.38743e-009
1.37 -7.00971e-005 4.60873e-006 1.55985e-006 1.56297e-009 1.56297e-009
1.38 -6.99906e-005 4.63098e-006 1.59436e-006 1.71094e-009 1.71094e-009
1.39 -6.98953e-005 4.64694e-006 1.61033e-006 1.82605e-009 1.82605e-009
1.4 -6.982e-005 4.67104e-006 1.60552e-006 1.91747e-009 1.91747e-009
1.41 -6.9771e-005 4.70388e-006 1.58454e-006 2.01385e-009 2.01385e-009
1.42 -6.97488e-005 4.72849e-006 1.55782e-006 2.14872e-009 2.14872e-009
1.43 -6.97457e-005 4.7313e-006 1.54084e-006 2.33962e-009 2.33962e-009
1.44 -6.9753e-005 4.71502e-006 1.54089e-006 2.57798e-009 2.57798e-009
1.45 -6.97698e-005 4.69233e-006 1.54774e-006 2.82993e-009 2.82993e-009
1.46 -6.98016e-005 4.67426e-006 1.54369e-006 3.04451e-009 3.04451e-009
1.47 -6.98533e-005 4.65995e-006 1.52036e-006 3.17202e-009 3.17202e-009
1.48 -6.99268e-005 4.63517e-006 1.4803e-006 3.18618e-009 3.18618e-009
1.49 -7.00289e-005 4.58429e-006 1.42278e-006 3.09106e-009 3.09106e-009
1.5 -7.01688e-005 4.50543e-006 1.34303e-006 2.90793e-009 2.90793e-009
1.51 -7.03426e-005 4.41513e-006 1.25278e-006 2.66348e-009 2.66348e-009
1.52 -7.05275e-005 4.33666e-006 1.18455e-006 2.39478e-009 2.39478e-009
1.53 -7.06989e-005 4.27914e-006 1.16214e-006 2.14882e-009 2.14882e-009
1.54 -7.08476e-005 4.23323e-006 1.17942e-006 1.95492e-009 1.95492e-009
1.55 -7.09745e-005 4.18896e-006 1.21564e-006 1.79659e-009 1.79659e-009
1.56 -7.10821e-005 4.14559e-006 1.25586e-006 1.62462e-009 1.62462e-009
1.57 -7.11752e-005 4.10667e-006 1.2921e-006 1.40096e-009 1.40096e-009
1.58 -7.12637e-005 4.07666e-006 1.31679e-006 1.12501e-009 1.12501e-009
1.59 -7.13611e-005 4.059e-006 1.32114e-006 8.20838e-010 8.20838e-010
1.6 -7.14832e-005 4.04956e-006 1.29662e-006 5.08027e-010 5.08027e-010
1.61 -7.16406e-005 4.03172e-006 1.24327e-006 1.86007e-010 1.86007e-010
1.62 -7.18286e-005 3.98865e-006 1.17965e-006 -1.58114e-010 -1.58114e-010
1.63 -7.20237e-005 3.92986e-006 1.13752e-006 -5.28549e-010 -5.28549e-010
1.64 -7.21913e-005 3.89418e-006 1.14471e-006 -9.0514e-010 -9.0514e-010
1.65 -7.23003e-005 3.91174e-006 1.2064e-006 -1.24671e-009 -1.24671e-009
1.66 -7.23393e-005 3.97184e-006 1.30027e-006 -1.51195e-009 -1.51195e-009
1.67 -7.23152e-005 4.03429e-006 1.39246e-006 -1.67856e-009 -1.67856e-009
1.68 -7.22453e-005 4.06509e-006 1.45717e-006 -1.74241e-009 -1.74241e-009
1.69 -7.21516e-005 4.05811e-006 1.48202e-006 -1.70429e-009 -1.70429e-009
1.7 -7.20584e-005 4.02482e-006 1.46481e-006 -1.5684e-009 -1.5684e-009
1.71 -7.19805e-005 3.97492e-006 1.4172e-006 -1.35618e-009 -1.35618e-009
1.72 -7.19159e-005 3.91538e-006 1.36395e-006 -1.11275e-009 -1.11275e-009
1.73 -7.18526e-005 3.85594e-006 1.32531e-006 -8.9412e-010 -8.9412e-010
1.74 -7.17795e-005 3.80723e-006 1.30316e-006 -7.48834e-010 -7.48834e-010
1.75 -7.16889e-005 3.77876e-006 1.28891e-006 -7.04315e-010 -7.04315e-010
1.76 -7.15764e-005 3.77772e-006 1.27491e-006 -7.52714e-010 -7.52714e-010
1.77 -7.14492e-005 3.80289e-006 1.25174e-006 -8.4002e-010 -8.4002e-010
1.78 -7.13297e-005 3.83878e-006 1.20467e-006 -8.75141e-010 -8.75141e-010
1.79 -7.12424e-005 3.86401e-006 1.12975e-006 -7.5984e-010 -7.5984e-010
1.8 -7.1197e-005 3.87214e-006 1.04598e-006 -4.19902e-010 -4.19902e-010
1.81 -7.11896e-005 3.87825e-006 9.78404e-007 1.7017e-010 1.7017e-010
1.82 -7.12097e-005 3.90254e-006 9.40142e-007 9.63379e-010 9.63379e-010
1.83 -7.12423e-005 3.95235e-006 9.32624e-007 1.83089e-009 1.83089e-009
1.84 -7.12685e-005 4.01919e-006 9.53289e-007 2.5939e-009 2.5939e-009
1.85 -7.1272e-005 4.08554e-006 9.96095e-007 3.09321e-009 3.09321e-009
1.86 -7.12495e-005 4.13519e-006 1.04529e-006 3.25339e-009 3.25339e-009
1.87 -7.1205e-005 4.16899e-006 1.08856e-006 3.10625e-009 3.10625e-009
1.88 -7.11305e-005 4.21181e-006 1.14304e-006 2.77949e-009 2.77949e-009
1.89 -7.10102e-005 4.29111e-006 1.23915e-006 2.46143e-009 2.46143e-009
1.9 -7.08528e-005 4.40445e-006 1.36873e-006 2.32772e-009 2.32772e-009
1.91 -7.06963e-005 4.52032e-006 1.48364e-006 2.44638e-009 2.44638e-009
1.92 -7.05779e-005 4.60778e-006 1.54656e-006 2.73692e-009 2.73692e-009
1.93 -7.05203e-005 4.65458e-006 1.55063e-006 3.02651e-009 3.02651e-009
1.94 -7.05366e-005 4.66401e-006 1.50079e-006 3.14526e-009 3.14526e-009
1.95 -7.06332e-005 4.64617e-006 1.40502e-006 2.98346e-009 2.98346e-009
1.96 -7.07989e-005 4.61557e-006 1.28344e-006 2.50595e-009 2.50595e-009
1.97 -7.10035e-005 4.59019e-006 1.16979e-006 1.75847e-009 1.75847e-009
1.98 -7.12147e-005 4.5814e-006 1.08897e-006 8.64534e-010 8.64534e-010
1.99 -7.14146e-005 4.58741e-006 1.03841e-006 -1.36214e-011 -1.36214e-011
2 -7.16023e-005 4.59669e-006 9.96475e-007 -7.38745e-010 -7.38745e-010
2.01 -7.17847e-005 4.59304e-006 9.42637e-007 -1.23987e-009 -1.23987e-009
2.02 -7.19674e-005 4.56105e-006 8.71301e-007 -1.50904e-009 -1.50904e-009
2.03 -7.21548e-005 4.49026e-006 7.85165e-007 -1.57875e-009 -1.57875e-009
2.04 -7.23535e-005 4.38157e-006 6.83102e-007 -1.5131e-009 -1.5131e-009
2.05 -7.25624e-005 4.25619e-006 5.72062e-007 -1.40699e-009 -1.40699e-009
2.06 -7.27669e-005 4.14638e-006 4.73519e-007 -1.36659e-009 -1.36659e-009
2.07 -7.29592e-005 4.06854e-006 3.96548e-007 -1.47815e-009 -1.47815e-009
2.08 -7.31531e-005 4.01417e-006 3.2501e-007 -1.79141e-009 -1.79141e-009
2.09 -7.33701e-005 3.96758e-006 2.40733e-007 -2.31082e-009 -2.31082e-009
2.1 -7.36229e-005 3.92626e-006 1.45366e-007 -2.97327e-009 -2.97327e-009
2.11 -7.39129e-005 3.89988e-006 5.48541e-008 -3.63307e-009 -3.63307e-009
2.12 -7.4242e-005 3.89187e-006 -2.45077e-008 -4.10005e-009 -4.10005e-009
2.13 -7.46172e-005 3.89375e-006 -1.03138e-007 -4.22871e-009 -4.22871e-009
2.14 -7.50413e-005 3.89426e-006 -1.91185e-007 -3.99327e-009 -3.99327e-009
2.15 -7.5503e-005 3.8872e-006 -2.82657e-007 -3.49224e-009 -3.49224e-009
2.16 -7.59731e-005 3.87581e-006 -3.54029e-007 -2.8921e-009 -2.8921e-009
2.17 -7.64179e-005 3.86976e-006 -3.86804e-007 -2.36319e-009 -2.36319e-009
2.18 -7.68225e-005 3.87443e-006 -3.97644e-007 -2.04684e-009 -2.04684e-009
2.19 -7.71897e-005 3.88779e-006 -4.23062e-007 -2.04404e-009 -2.04404e-009
2.2 -7.75126e-005 3.9072e-006 -4.70916e-007 -2.3884e-009 -2.3884e-009
2.21 -7.7772e-005 3.93039e-006 -5.18473e-007 -3.01049e-009 -3.01049e-009
2.22 -7.79588e-005 3.95023e-006 -5.50232e-007 -3.75189e-009 -3.75189e-009
2.23 -7.80816e-005 3.95722e-006 -5.72416e-007 -4.44544e-009 -4.44544e-009
2.24 -7.81566e-005 3.94909e-006 -5.97019e-007 -4.99545e-009 -4.99545e-009
2.25 -7.81974e-005 3.93318e-006 -6.27983e-007 -5.39285e-009 -5.39285e-009
2.26 -7.82178e-005 3.91727e-006 -6.67837e-007 -5.67936e-009 -5.67936e-009
2.27 -7.82292e-005 3.90608e-006 -7.16497e-007 -5.91344e-009 -5.91344e-009
2.28 -7.82268e-005 3.90496e-006 -7.57042e-007 -6.15267e-009 -6.15267e-009
2.29 -7.81965e-005 3.91728e-006 -7.67605e-007 -6.43803e-009 -6.43803e-009
2.3 -7.81322e-005 3.9412e-006 -7.44752e-007 -6.78264e-009 -6.78264e-009
2.31 -7.80331e-005 3.97353e-006 -6.97038e-007 -7.17143e-009 -7.17143e-009
2.32 -7.78962e-005 4.0112e-006 -6.29412e-007 -7.56164e-009 -7.56164e-009
2.33 -7.77201e-005 4.04967e-006 -5.46952e-007 -7.88471e-009 -7.88471e-009
2.34 -7.75092e-005 4.0852e-006 -4.62253e-007 -8.06594e-009 -8.06594e-009
2.35 -7.72708e-005 4.11756e-006 -3.91564e-007 -8.05917e-009 -8.05917e-009
2.36 -7.70115e-005 4.14907e-006 -3.45632e-007 -7.86832e-009 -7.86832e-009
2.37 -7.67388e-005 4.18031e-006 -3.30365e-007 -7.53914e-009 -7.53914e-009
2.38 -7.64607e-005 4.21021e-006 -3.44462e-007 -7.13398e-009 -7.13398e-009
2.39 -7.61731e-005 4.24326e-006 -3.63843e-007 -6.70544e-009 -6.70544e-009
2.4 -7.58625e-005 4.28338e-006 -3.52481e-007 -6.27732e-009 -6.27732e-009
2.41 -7.55214e-005 4.32127e-006 -2.89973e-007 -5.84405e-009 -5.84405e-009
2.42 -7.51472e-005 4.34436e-006 -1.71833e-007 -5.3838e-009 -5.3838e-009
2.43 -7.47451e-005 4.35386e-006 -1.09592e-008 -4.86567e-009 -4.86567e-009
2.44 -7.43406e-005 4.36123e-006 1.52058e-007 -4.2534e-009 -4.2534e-009
2.45 -7.39673e-005 4.3748e-006 2.75273e-007 -3.51781e-009 -3.51781e-009
2.46 -7.36403e-005 4.39442e-006 3.55829e-007 -2.64633e-009 -2.64633e-009
2.47 -7.33517e-005 4.41367e-006 4.24079e-007 -1.64075e-009 -1.64075e-009
2.48 -7.30868e-005 4.42458e-006 5.06015e-007 -5.22993e-010 -5.22993e-010
2.49 -7.28354e-005 4.42229e-006 6.03567e-007 6.42605e-010 6.42605e-010
2.5 -7.25948e-005 4.40471e-006 6.99524e-007 1.7395e-009 1.7395e-009
2.51 -7.2367e-005 4.37297e-006 7.74442e-007 2.62909e-009 2.62909e-009
2.52 -7.21556e-005 4.33472e-006 8.18636e-007 3.20833e-009 3.20833e-009
2.53 -7.19653e-005 4.29862e-006 8.32023e-007 3.45427e-009 3.45427e-009
2.54 -7.17976e-005 4.2681e-006 8.25855e-007 3.43003e-009 3.43003e-009
2.55 -7.16461e-005 4.24249e-006 8.21499e-007 3.25939e-009 3.25939e-009
2.56 -7.15012e-005 4.21853e-006 8.3848e-007 3.08598e-009 3.08598e-009
2.57 -7.1356e-005 4.19331e-006 8.84612e-007 3.02543e-009 3.02543e-009
2.58 -7.12098e-005 4.16641e-006 9.5506e-007 3.12309e-009 3.12309e-009
2.59 -7.1068e-005 4.135e-006 1.03728e-006 3.33663e-009 3.33663e-009
2.6 -7.09392e-005 4.09197e-006 1.11917e-006 3.55501e-009 3.55501e-009
2.61 -7.08279e-005 4.03578e-006 1.19623e-006 3.64741e-009 3.64741e-009
2.62 -7.07317e-005 3.97784e-006 1.27189e-006 3.52008e-009 3.52008e-009
2.63 -7.06418e-005 3.93218e-006 1.35339e-006 3.15333e-009 3.15333e-009
2.64 -7.05535e-005 3.89527e-006 1.43914e-006 2.59889e-009 2.59889e-009
2.65 -7.04795e-005 3.84117e-006 1.50682e-006 1.93904e-009 1.93904e-009
2.66 -7.04426e-005 3.74764e-006 1.53207e-006 1.2403e-009 1.2403e-009
2.67 -7.04566e-005 3.6253e-006 1.51424e-006 5.4329e-010 5.4329e-010
2.68 -7.05204e-005 3.51271e-006 1.47449e-006 -1.12161e-010 -1.12161e-010
2.69 -7.06242e-005 3.44232e-006 1.43614e-006 -6.71057e-010 -6.71057e-010
2.7 -7.07608e-005 3.41288e-006 1.40434e-006 -1.08503e-009 -1.08503e-009
2.71 -7.09274e-005 3.39503e-006 1.37018e-006 -1.34854e-009 -1.34854e-009
2.72 -7.11122e-005 3.36059e-006 1.33596e-006 -1.50271e-009 -1.50271e-009
2.73 -7.12908e-005 3.30847e-006 1.32353e-006 -1.59631e-009 -1.59631e-009
2.74 -7.14426e-005 3.26548e-006 1.34679e-006 -1.64751e-009 -1.64751e-009
2.75 -7.15692e-005 3.2596e-006 1.38714e-006 -1.6487e-009 -1.6487e-009
2.76 -7.16849e-005 3.29435e-006 1.41595e-006 -1.59658e-009 -1.59658e-009
2.77 -7.18004e-005 3.35298e-006 1.42165e-006 -1.49894e-009 -1.49894e-009
2.78 -7.19225e-005 3.42505e-006 1.40147e-006 -1.35646e-009 -1.35646e-009
2.79 -7.20516e-005 3.52028e-006 1.35739e-006 -1.15727e-009 -1.15727e-009
2.8 -7.21728e-005 3.64977e-006 1.30713e-006 -8.92982e-010 -8.92982e-010
2.81 -7.22688e-005 3.79885e-006 1.26668e-006 -5.75862e-010 -5.75862e-010
2.82 -7.23388e-005 3.93096e-006 1.22907e-006 -2.4676e-010 -2.4676e-010
2.83 -7.23945e-005 4.01773e-006 1.17715e-006 3.36885e-011 3.36885e-011
2.84 -7.24501e-005 4.05835e-006 1.10121e-006 2.16189e-010 2.16189e-010
2.85 -7.25145e-005 4.07226e-006 1.00724e-006 2.97601e-010 2.97601e-010
2.86 -7.25905e-005 4.07967e-006 9.08603e-007 3.261e-010 3.261e-010
2.87 -7.26811e-005 4.09438e-006 8.11055e-007 3.66953e-010 3.66953e-010
2.88 -7.27809e-005 4.12384e-006 7.22214e-007 4.61438e-010 4.61438e-010
2.89 -7.28717e-005 4.16297e-006 6.60671e-007 6.16702e-010 6.16702e-010
2.9 -7.29343e-005 4.19505e-006 6.38692e-007 8.18605e-010 8.18605e-010
2.91 -7.29592e-005 4.21006e-006 6.49382e-007 1.03505e-009 1.03505e-009
2.92 -7.29448e-005 4.21787e-006 6.75614e-007 1.21038e-009 1.21038e-009
2.93 -7.28958e-005 4.23483e-006 7.00233e-007 1.27674e-009 1.27674e-009
2.94 -7.28211e-005 4.26502e-006 7.12723e-007 1.18553e-009 1.18553e-009
2.95 -7.27303e-005 4.30275e-006 7.12576e-007 9.34822e-010 9.34822e-010
2.96 -7.2634e-005 4.34314e-006 7.03203e-007 5.69903e-010 5.69903e-010
2.97 -7.25487e-005 4.37859e-006 6.83098e-007 1.54798e-010 1.54798e-010
2.98 -7.24948e-005 4.39374e-006 6.47619e-007 -2.65068e-010 -2.65068e-010
2.99 -7.24859e-005 4.3777e-006 6.01903e-007 -6.78947e-010 -6.78947e-010
3 -7.25183e-005 4.33888e-006 5.68619e-007 -1.09241e-009 -1.09241e-009
3.01 -7.25727e-005 4.30052e-006 5.75446e-007 -1.49578e-009 -1.49578e-009
3.02 -7.26266e-005 4.28121e-006 6.34627e-007 -1.85456e-009 -1.85456e-009
3.03 -7.26622e-005 4.28154e-006 7.38408e-007 -2.12944e-009 -2.12944e-009
3.04 -7.26728e-005 4.28676e-006 8.62137e-007 -2.30089e-009 -2.30089e-009
3.05 -7.26697e-005 4.28328e-006 9.68252e-007 -2.377e-009 -2.377e-009
3.06 -7.26739e-005 4.26974e-006 1.0255e-006 -2.38387e-009 -2.38387e-009
3.07 -7.26953e-005 4.24835e-006 1.03644e-006 -2.34646e-009 -2.34646e-009
3.08 -7.27244e-005 4.21737e-006 1.03518e-006 -2.2727e-009 -2.2727e-009
3.09 -7.27488e-005 4.17353e-006 1.04628e-006 -2.16075e-009 -2.16075e-009
3.1 -7.27686e-005 4.11519e-006 1.05976e-006 -2.02993e-009 -2.02993e-009
3.11 -7.27856e-005 4.05333e-006 1.05602e-006 -1.93546e-009 -1.93546e-009
3.12 -7.27838e-005 4.01441e-006 1.04338e-006 -1.93037e-009 -1.93037e-009
3.13 -7.27318e-005 4.01901e-006 1.05654e-006 -2.00318e-009 -2.00318e-009
3.14 -7.26122e-005 4.06157e-006 1.11087e-006 -2.06483e-009 -2.06483e-009
3.15 -7.24434e-005 4.11226e-006 1.17612e-006 -2.00845e-009 -2.00845e-009
3.16 -7.22673e-005 4.13593e-006 1.20559e-006 -1.77731e-009 -1.77731e-009
3.17 -7.21309e-005 4.10979e-006 1.16726e-006 -1.37569e-009 -1.37569e-009
3.18 -7.20705e-005 4.03013e-006 1.05803e-006 -8.38156e-010 -8.38156e-010
3.19 -7.20887e-005 3.91184e-006 9.17943e-007 -2.07687e-010 -2.07687e-010
3.2 -7.21514e-005 3.77659e-006 8.10783e-007 4.62546e-010 4.62546e-010
3.21 -7.22197e-005 3.63224e-006 7.7015e-007 1.09604e-009 1.09604e-009
3.22 -7.22744e-005 3.46783e-006 7.75284e-007 1.58683e-009 1.58683e-009
3.23 -7.2315e-005 3.27422e-006 7.79984e-007 1.82546e-009 1.82546e-009
3.24 -7.23509e-005 3.06082e-006 7.5026e-007 1.75946e-009 1.75946e-009
3.25 -7.23987e-005 2.85066e-006 6.7439e-007 1.44234e-009 1.44234e-009
3.26 -7.24785e-005 2.67515e-006 5.59009e-007 1.02082e-009 1.02082e-009
3.27 -7.2599e-005 2.57142e-006 4.3244e-007 6.69558e-010 6.69558e-010
3.28 -7.27518e-005 2.5632e-006 3.35419e-007 5.24006e-010 5.24006e-010
3.29 -7.29252e-005 2.63838e-006 2.91936e-007 6.35826e-010 6.35826e-010
3.3 -7.31119e-005 2.75171e-006 2.98269e-007 9.46799e-010 9.46799e-010
3.31 -7.33028e-005 2.85212e-006 3.42375e-007 1.29426e-009 1.29426e-009
3.32 -7.34797e-005 2.91088e-006 4.24029e-007 1.46995e-009 1.46995e-009
3.33 -7.36253e-005 2.92673e-006 5.43203e-007 1.31269e-009 1.31269e-009
3.34 -7.37466e-005 2.90971e-006 6.71088e-007 7.73879e-010 7.73879e-010
3.35 -7.3871e-005 2.8735e-006 7.62958e-007 -7.89112e-011 -7.89112e-011
3.36 -7.40166e-005 2.84495e-006 8.03334e-007 -1.0934e-009 -1.0934e-009
3.37 -7.41789e-005 2.86097e-006 8.16048e-007 -2.07174e-009 -2.07174e-009
3.38 -7.43361e-005 2.94584e-006 8.41257e-007 -2.82829e-009 -2.82829e-009
3.39 -7.44572e-005 3.09325e-006 9.11387e-007 -3.26481e-009 -3.26481e-009
3.4 -7.45195e-005 3.26578e-006 1.02545e-006 -3.4199e-009 -3.4199e-009
3.41 -7.45265e-005 3.41172e-006 1.13913e-006 -3.45441e-009 -3.45441e-009
3.42 -7.44993e-005 3.49332e-006 1.19801e-006 -3.57452e-009 -3.57452e-009
3.43 -7.44534e-005 3.50791e-006 1.18221e-006 -3.92758e-009 -3.92758e-009
3.44 -7.4392e-005 3.48151e-006 1.11193e-006 -4.52698e-009 -4.52698e-009
3.45 -7.43133e-005 3.44276e-006 1.02008e-006 -5.25349e-009 -5.25349e-009
3.46 -7.42209e-005 3.40697e-006 9.26554e-007 -5.92832e-009 -5.92832e-009
3.47 -7.4125e-005 3.3776e-006 8.32914e-007 -6.39966e-009 -6.39966e-009
3.48 -7.40365e-005 3.35177e-006 7.35245e-007 -6.58751e-009 -6.58751e-009
3.49 -7.39605e-005 3.32458e-006 6.3516e-007 -6.47964e-009 -6.47964e-009
3.5 -7.39025e-005 3.28923e-006 5.30289e-007 -6.11286e-009 -6.11286e-009
3.51 -7.38742e-005 3.23899e-006 4.07147e-007 -5.56433e-009 -5.56433e-009
3.52 -7.38763e-005 3.1821e-006 2.66224e-007 -4.93487e-009 -4.93487e-009
3.53 -7.38877e-005 3.1472e-006 1.35913e-007 -4.30162e-009 -4.30162e-009
3.54 -7.38846e-005 3.16003e-006 4.27061e-008 -3.67418e-009 -3.67418e-009
3.55 -7.38648e-005 3.21972e-006 -1.86569e-008 -3.0104e-009 -3.0104e-009
3.56 -7.38537e-005 3.29888e-006 -8.27707e-008 -2.28299e-009 -2.28299e-009
3.57 -7.38882e-005 3.3638e-006 -1.80469e-007 -1.52527e-009 -1.52527e-009
3.58 -7.39911e-005 3.39634e-006 -3.06928e-007 -8.08096e-010 -8.08096e-010
3.59 -7.41577e-005 3.3987e-006 -4.21768e-007 -1.78069e-010 -1.78069e-010
3.6 -7.43556e-005 3.39018e-006 -4.71124e-007 3.76508e-010 3.76508e-010
3.61 -7.45394e-005 3.4011e-006 -4.20339e-007 9.03199e-010 9.03199e-010
3.62 -7.46799e-005 3.45591e-006 -2.84447e-007 1.42964e-009 1.42964e-009
3.63 -7.47805e-005 3.55724e-006 -1.23837e-007 1.91943e-009 1.91943e-009
3.64 -7.48634e-005 3.68647e-006 3.97327e-009 2.279e-009 2.279e-009
3.65 -7.49446e-005 3.81687e-006 8.73161e-008 2.41861e-009 2.41861e-009
3.66 -7.50278e-005 3.92694e-006 1.52313e-007 2.31694e-009 2.31694e-009
3.67 -7.51126e-005 4.0008e-006 2.25855e-007 2.02635e-009 2.02635e-009
3.68 -7.51965e-005 4.0273e-006 3.17508e-007 1.61619e-009 1.61619e-009
3.69 -7.52719e-005 4.01564e-006 4.21909e-007 1.11509e-009 1.11509e-009
3.7 -7.53307e-005 4.00039e-006 5.20518e-007 4.99267e-010 4.99267e-010
3.71 -7.53688e-005 4.0184e-006 5.89063e-007 -2.82172e-010 -2.82172e-010
3.72 -7.53805e-005 4.09014e-006 6.16999e-007 -1.27222e-009 -1.27222e-009
3.73 -7.53556e-005 4.21321e-006 6.14242e-007 -2.47095e-009 -2.47095e-009
3.74 -7.52874e-005 4.35709e-006 5.96469e-007 -3.80992e-009 -3.80992e-009
3.75 -7.51768e-005 4.483e-006 5.72702e-007 -5.15415e-009 -5.15415e-009
3.76 -7.50313e-005 4.57514e-006 5.43534e-007 -6.33736e-009 -6.33736e-009
3.77 -7.48605e-005 4.64222e-006 5.08665e-007 -7.21651e-009 -7.21651e-009
3.78 -7.46726e-005 4.69954e-006 4.71163e-007 -7.72283e-009 -7.72283e-009
3.79 -7.44771e-005 4.76042e-006 4.30958e-007 -7.88793e-009 -7.88793e-009
3.8 -7.42811e-005 4.83511e-006 3.85432e-007 -7.82757e-009 -7.82757e-009
3.81 -7.40843e-005 4.92328e-006 3.36149e-007 -7.68155e-009 -7.68155e-009
3.82 -7.38805e-005 5.00326e-006 2.86757e-007 -7.54092e-009 -7.54092e-009
3.83 -7.36611e-005 5.04197e-006 2.43175e-007 -7.40865e-009 -7.40865e-009
3.84 -7.34196e-005 5.03326e-006 2.11971e-007 -7.21079e-009 -7.21079e-009
3.85 -7.31637e-005 5.01694e-006 1.85279e-007 -6.84113e-009 -6.84113e-009
3.86 -7.29174e-005 5.03813e-006 1.46368e-007 -6.21103e-009 -6.21103e-009
3.87 -7.27067e-005 5.10081e-006 9.19464e-008 -5.27983e-009 -5.27983e-009
3.88 -7.25518e-005 5.17759e-006 3.3284e-008 -4.05907e-009 -4.05907e-009
3.89 -7.24639e-005 5.2461e-006 -1.81225e-008 -2.60499e-009 -2.60499e-009
3.9 -7.24493e-005 5.30271e-006 -6.37065e-008 -1.01332e-009 -1.01332e-009
3.91 -7.25152e-005 5.34596e-006 -1.21897e-007 5.85631e-010 5.85631e-010
3.92 -7.26714e-005 5.35825e-006 -2.15539e-007 2.04364e-009 2.04364e-009
3.93 -7.29169e-005 5.3206e-006 -3.42439e-007 3.23217e-009 3.23217e-009
3.94 -7.32271e-005 5.23866e-006 -4.6211e-007 4.09202e-009 4.09202e-009
3.95 -7.35651e-005 5.13328e-006 -5.24546e-007 4.65748e-009 4.65748e-009
3.96 -7.3898e-005 5.01838e-006 -5.03258e-007 5.02378e-009 5.02378e-009
3.97 -7.41982e-005 4.90419e-006 -3.99819e-007 5.2812e-009 5.2812e-009
3.98 -7.44395e-005 4.80327e-006 -2.2928e-007 5.47231e-009 5.47231e-009
3.99 -7.45983e-005 4.7206e-006 -8.49485e-009 5.59313e-009 5.59313e-009
4 -7.46706e-005 4.64138e-006 2.31401e-007 5.60624e-009 5.60624e-009
4.01 -7.46852e-005 4.53352e-006 4.37557e-007 5.43478e-009 5.43478e-009
4.02 -7.46831e-005 4.37867e-006 5.70502e-007 4.96249e-009 4.96249e-009
4.03 -7.46944e-005 4.19763e-006 6.28849e-007 4.0792e-009 4.0792e-009
4.04 -7.47436e-005 4.02657e-006 6.25105e-007 2.74351e-009 2.74351e-009
4.05 -7.48499e-005 3.88649e-006 5.70735e-007 1.00034e-009 1.00034e-009
4.06 -7.50064e-005 3.78566e-006 4.9595e-007 -1.0451e-009 -1.0451e-009
4.07 -7.51802e-005 3.72083e-006 4.45159e-007 -3.24991e-009 -3.24991e-009
4.08 -7.53425e-005 3.66505e-006 4.35784e-007 -5.4491e-009 -5.4491e-009
4.09 -7.54825e-005 3.57379e-006 4.50977e-007 -7.48574e-009 -7.48574e-009
4.1 -7.55957e-005 3.41387e-006 4.71397e-007 -9.23764e-009 -9.23764e-009
4.11 -7.56813e-005 3.18231e-006 4.85444e-007 -1.0616e-008 -1.0616e-008
4.12 -7.57423e-005 2.90531e-006 4.86941e-007 -1.15572e-008 -1.15572e-008
4.13 -7.57736e-005 2.62679e-006 4.85521e-007 -1.20337e-008 -1.20337e-008
4.14 -7.57619e-005 2.38511e-006 4.9186e-007 -1.20773e-008 -1.20773e-008
4.15 -7.57092e-005 2.19383e-006 4.90765e-007 -1.17942e-008 -1.17942e-008
4.16 -7.56315e-005 2.04828e-006 4.53696e-007 -1.1353e-008 -1.1353e-008
4.17 -7.55462e-005 1.94008e-006 3.63783e-007 -1.09301e-008 -1.09301e-008
4.18 -7.54664e-005 1.86148e-006 2.28364e-007 -1.06315e-008 -1.06315e-008
4.19 -7.53918e-005 1.80166e-006 8.13656e-008 -1.04378e-008 -1.04378e-008
4.2 -7.53152e-005 1.74457e-006 -3.70059e-008 -1.02056e-008 -1.02056e-008
4.21 -7.52321e-005 1.68117e-006 -1.01737e-007 -9.72623e-009 -9.72623e-009
4.22 -7.51362e-005 1.62376e-006 -9.94227e-008 -8.80462e-009 -8.80462e-009
4.23 -7.50255e-005 1.59148e-006 -3.05213e-008 -7.32177e-009 -7.32177e-009
4.24 -7.49085e-005 1.58821e-006 8.76594e-008 -5.27521e-009 -5.27521e-009
4.25 -7.47833e-005 1.60912e-006 2.5092e-007 -2.7883e-009 -2.7883e-009
4.26 -7.46291e-005 1.65118e-006 4.74865e-007 -7.50464e-011 -7.50464e-011
4.27 -7.44259e-005 1.71032e-006 7.58743e-007 2.61656e-009 2.61656e-009
4.28 -7.41582e-005 1.78386e-006 1.08071e-006 5.04778e-009 5.04778e-009
4.29 -7.38109e-005 1.87124e-006 1.4163e-006 7.02112e-009 7.02112e-009
4.3 -7.33865e-005 1.96602e-006 1.72662e-006 8.40725e-009 8.40725e-009
4.31 -7.29139e-005 2.06018e-006 1.95809e-006 9.15236e-009 9.15236e-009
4.32 -7.24258e-005 2.15725e-006 2.08369e-006 9.27355e-009 9.27355e-009
4.33 -7.19394e-005 2.26683e-006 2.12395e-006 8.86463e-009 8.86463e-009
4.34 -7.1458e-005 2.38597e-006 2.12474e-006 8.09644e-009 8.09644e-009
4.35 -7.09731e-005 2.49672e-006 2.13391e-006 7.17868e-009 7.17868e-009
4.36 -7.04712e-005 2.58733e-006 2.18614e-006 6.29212e-009 6.29212e-009
4.37 -6.99467e-005 2.66781e-006 2.28607e-006 5.53195e-009 5.53195e-009
4.38 -6.9411e-005 2.75796e-006 2.40929e-006 4.89062e-009 4.89062e-009
4.39 -6.8892e-005 2.86038e-006 2.51724e-006 4.28236e-009 4.28236e-009
4.4 -6.84245e-005 2.95448e-006 2.57737e-006 3.59439e-009 3.59439e-009
4.41 -6.80277e-005 3.02342e-006 2.58902e-006 2.74877e-009 2.74877e-009
4.42 -6.76929e-005 3.07499e-006 2.58237e-006 1.75285e-009 1.75285e-009
4.43 -6.7389e-005 3.13431e-006 2.59467e-006 7.06428e-010 7.06428e-010
4.44 -6.70685e-005 3.22576e-006 2.6594e-006 -2.42597e-010 -2.42597e-010
4.45 -6.6686e-005 3.35523e-006 2.78932e-006 -9.63529e-010 -9.63529e-010
4.46 -6.62343e-005 3.50528e-006 2.9475e-006 -1.39625e-009 -1.39625e-009
4.47 -6.57505e-005 3.65611e-006 3.06236e-006 -1.56916e-009 -1.56916e-009
4.48 -6.5287e-005 3.80293e-006 3.08736e-006 -1.55916e-009 -1.55916e-009
4.49 -6.48876e-005 3.94272e-006 3.0292e-006 -1.41015e-009 -1.41015e-009
4.5 -6.45837e-005 4.06137e-006 2.92582e-006 -1.08156e-009 -1.08156e-009
4.51 -6.43859e-005 4.15039e-006 2.82806e-006 -4.74175e-010 -4.74175e-010
4.52 -6.42753e-005 4.22269e-006 2.79224e-006 5.00924e-010 5.00924e-010
4.53 -6.42239e-005 4.29147e-006 2.8493e-006 1.86662e-009 1.86662e-009
4.54 -6.42147e-005 4.34753e-006 2.98854e-006 3.55567e-009 3.55567e-009
4.55 -6.42351e-005 4.37624e-006 3.18136e-006 5.42512e-009 5.42512e-009
4.56 -6.42791e-005 4.38078e-006 3.39012e-006 7.31089e-009 7.31089e-009
4.57 -6.43528e-005 4.37718e-006 3.56725e-006 9.08978e-009 9.08978e-009
4.58 -6.44591e-005 4.38202e-006 3.6842e-006 1.07113e-008 1.07113e-008
4.59 -6.45775e-005 4.41065e-006 3.75517e-006 1.21941e-008 1.21941e-008
4.6 -6.46706e-005 4.47593e-006 3.81932e-006 1.3592e-008 1.3592e-008
4.61 -6.47111e-005 4.57342e-006 3.89418e-006 1.49286e-008 1.49286e-008
4.62 -6.47046e-005 4.66987e-006 3.95221e-006 1.6123e-008 1.6123e-008
4.63 -6.46744e-005 4.72803e-006 3.95974e-006 1.69768e-008 1.69768e-008
4.64 -6.46271e-005 4.7477e-006 3.92987e-006 1.72687e-008 1.72687e-008
4.65 -6.45479e-005 4.7691e-006 3.90821e-006 1.69016e-008 1.69016e-008
4.66 -6.44307e-005 4.83782e-006 3.91236e-006 1.59664e-008 1.59664e-008
4.67 -6.42948e-005 4.97121e-006 3.91432e-006 1.46751e-008 1.46751e-008
4.68 -6.4168e-005 5.15069e-006 3.87907e-006 1.32457e-008 1.32457e-008
4.69 -6.40703e-005 5.34207e-006 3.80251e-006 1.18428e-008 1.18428e-008
4.7 -6.40021e-005 5.52377e-006 3.71899e-006 1.05798e-008 1.05798e-008
4.71 -6.39442e-005 5.69331e-006 3.67907e-006 9.52414e-009 9.52414e-009
4.72 -6.38779e-005 5.85215e-006 3.70295e-006 8.67597e-009 8.67597e-009
4.73 -6.38008e-005 6.00139e-006 3.75654e-006 7.94455e-009 7.94455e-009
4.74 -6.37149e-005 6.14915e-006 3.7882e-006 7.1728e-009 7.1728e-009
4.75 -6.36142e-005 6.30524e-006 3.77156e-006 6.22233e-009 6.22233e-009
4.76 -6.34838e-005 6.47593e-006 3.71358e-006 5.0605e-009 5.0605e-009
4.77 -6.33032e-005 6.66694e-006 3.64969e-006 3.78474e-009 3.78474e-009
4.78 -6.30594e-005 6.87681e-006 3.61369e-006 2.5771e-009 2.5771e-009
4.79 -6.27738e-005 7.08557e-006 3.59665e-006 1.62452e-009 1.62452e-009
4.8 -6.24942e-005 7.26422e-006 3.56348e-006 1.05436e-009 1.05436e-009
4.81 -6.22657e-005 7.39836e-006 3.49569e-006 9.22859e-010 9.22859e-010
4.82 -6.21259e-005 7.49621e-006 3.39114e-006 1.23836e-009 1.23836e-009
4.83 -6.20932e-005 7.57626e-006 3.26543e-006 1.97125e-009 1.97125e-009
4.84 -6.21405e-005 7.64949e-006 3.17592e-006 3.05314e-009 3.05314e-009
4.85 -6.22115e-005 7.71621e-006 3.18779e-006 4.39566e-009 4.39566e-009
4.86 -6.22897e-005 7.76673e-006 3.27904e-006 5.90548e-009 5.90548e-009
4.87 -6.242e-005 7.78915e-006 3.33754e-006 7.46596e-009 7.46596e-009
4.88 -6.26495e-005 7.79081e-006 3.28262e-006 8.94015e-009 8.94015e-009
4.89 -6.29822e-005 7.79264e-006 3.13833e-006 1.02429e-008 1.02429e-008
4.9 -6.33869e-005 7.79946e-006 2.98205e-006 1.14028e-008 1.14028e-008
4.91 -6.3832e-005 7.80106e-006 2.86067e-006 1.25126e-008 1.25126e-008
4.92 -6.4297e-005 7.80404e-006 2.76834e-006 1.36088e-008 1.36088e-008
4.93 -6.47618e-005 7.83947e-006 2.68114e-006 1.46174e-008 1.46174e-008
4.94 -6.52158e-005 7.92513e-006 2.57223e-006 1.54043e-008 1.54043e-008
4.95 -6.56775e-005 8.0356e-006 2.40292e-006 1.58411e-008 1.58411e-008
4.96 -6.61797e-005 8.12072e-006 2.15191e-006 1.58239e-008 1.58239e-008
4.97 -6.67351e-005 8.14156e-006 1.85338e-006 1.52913e-008 1.52913e-008
4.98 -6.73403e-005 8.08262e-006 1.56369e-006 1.42687e-008 1.42687e-008
4.99 -6.80068e-005 7.95194e-006 1.29492e-006 1.28761e-008 1.28761e-008
5 -6.87539e-005 7.79082e-006 1.02521e-006 1.1265e-008 1.1265e-008
5.01 -6.95703e-005 7.65913e-006 7.60716e-007 9.55065e-009 9.55065e-009
5.02 -7.04184e-005 7.58051e-006 5.33792e-007 7.79753e-009 7.79753e-009
5.03 -7.12633e-005 7.5186e-006 3.60392e-007 6.02172e-009 6.02172e-009
5.04 -7.20769e-005 7.42311e-006 2.34276e-007 4.18586e-009 4.18586e-009
5.05 -7.28443e-005 7.27462e-006 1.30745e-007 2.22202e-009 2.22202e-009
5.06 -7.35853e-005 7.07791e-006 -6.85347e-009 8.64267e-011 8.64267e-011
5.07 -7.43434e-005 6.85198e-006 -2.3625e-007 -2.20318e-009 -2.20318e-009
5.08 -7.51406e-005 6.63293e-006 -5.52278e-007 -4.56643e-009 -4.56643e-009
5.09 -7.59673e-005 6.45581e-006 -8.93742e-007 -6.88049e-009 -6.88049e-009
5.1 -7.68097e-005 6.33251e-006 -1.20744e-006 -9.02382e-009 -9.02382e-009
5.11 -7.76481e-005 6.25697e-006 -1.46197e-006 -1.0927e-008 -1.0927e-008
5.12 -7.84401e-005 6.22449e-006 -1.62439e-006 -1.25752e-008 -1.25752e-008
5.13 -7.91495e-005 6.23006e-006 -1.69001e-006 -1.39584e-008 -1.39584e-008
5.14 -7.97912e-005 6.24722e-006 -1.72301e-006 -1.50485e-008 -1.50485e-008
5.15 -8.0415e-005 6.23452e-006 -1.8081e-006 -1.58292e-008 -1.58292e-008
5.16 -8.10555e-005 6.17791e-006 -1.97014e-006 -1.63079e-008 -1.63079e-008
5.17 -8.17259e-005 6.10488e-006 -2.18301e-006 -1.64758e-008 -1.64758e-008
5.18 -8.24349e-005 6.05396e-006 -2.42002e-006 -1.6294e-008 -1.6294e-008
5.19 -8.31714e-005 6.05572e-006 -2.65304e-006 -1.57443e-008 -1.57443e-008
5.2 -8.3879e-005 6.13203e-006 -2.82636e-006 -1.48773e-008 -1.48773e-008
5.21 -8.44683e-005 6.27485e-006 -2.8767e-006 -1.37984e-008 -1.37984e-008
5.22 -8.48687e-005 6.41939e-006 -2.79247e-006 -1.2635e-008 -1.2635e-008
5.23 -8.50501e-005 6.47345e-006 -2.61645e-006 -1.15275e-008 -1.15275e-008
5.24 -8.50135e-005 6.3824e-006 -2.40306e-006 -1.06054e-008 -1.06054e-008
5.25 -8.4791e-005 6.15129e-006 -2.20514e-006 -9.92504e-009 -9.92504e-009
5.26 -8.44356e-005 5.82439e-006 -2.05838e-006 -9.42576e-009 -9.42576e-009
5.27 -8.39919e-005 5.45746e-006 -1.95403e-006 -8.95646e-009 -8.95646e-009
5.28 -8.34915e-005 5.09014e-006 -1.86023e-006 -8.36216e-009 -8.36216e-009
5.29 -8.29663e-005 4.73622e-006 -1.76435e-006 -7.58559e-009 -7.58559e-009
5.3 -8.24311e-005 4.40623e-006 -1.65763e-006 -6.72057e-009 -6.72057e-009
5.31 -8.18667e-005 4.12171e-006 -1.50993e-006 -5.96562e-009 -5.96562e-009
5.32 -8.12455e-005 3.89072e-006 -1.30035e-006 -5.5114e-009 -5.5114e-009
5.33 -8.05542e-005 3.69056e-006 -1.0381e-006 -5.45287e-009 -5.45287e-009
5.34 -7.97853e-005 3.48583e-006 -7.38702e-007 -5.76072e-009 -5.76072e-009
5.35 -7.89236e-005 3.25303e-006 -3.95789e-007 -6.28276e-009 -6.28276e-009
5.36 -7.79448e-005 2.98576e-006 1.57887e-008 -6.76588e-009 -6.76588e-009
5.37 -7.68524e-005 2.68726e-006 4.82603e-007 -6.93427e-009 -6.93427e-009
5.38 -7.57074e-005 2.36852e-006 9.19298e-007 -6.62577e-009 -6.62577e-009
5.39 -7.45831e-005 2.04597e-006 1.2495e-006 -5.88771e-009 -5.88771e-009
5.4 -7.35018e-005 1.73339e-006 1.49565e-006 -4.92579e-009 -4.92579e-009
5.41 -7.2437e-005 1.44353e-006 1.74472e-006 -3.95439e-009 -3.95439e-009
5.42 -7.13533e-005 1.2007e-006 2.05275e-006 -3.10306e-009 -3.10306e-009
5.43 -7.02455e-005 1.03603e-006 2.39008e-006 -2.43664e-009 -2.43664e-009
5.44 -6.91495e-005 9.5915e-007 2.67167e-006 -1.99812e-009 -1.99812e-009
5.45 -6.8102e-005 9.40961e-007 2.85526e-006 -1.77421e-009 -1.77421e-009
5.46 -6.71067e-005 9.34305e-007 2.98947e-006 -1.60707e-009 -1.60707e-009
5.47 -6.61484e-005 9.05407e-007 3.15839e-006 -1.17754e-009 -1.17754e-009
5.48 -6.52107e-005 8.41025e-007 3.41936e-006 -1.27228e-010 -1.27228e-010
5.49 -6.42759e-005 7.41034e-007 3.79012e-006 1.76537e-009 1.76537e-009
5.5 -6.33405e-005 6.07552e-007 4.23472e-006 4.48083e-009 4.48083e-009
5.51 -6.24327e-005 4.44683e-007 4.66568e-006 7.76141e-009 7.76141e-009
5.52 -6.15804e-005 2.78103e-007 5.01692e-006 1.11968e-008 1.11968e-008
5.53 -6.07832e-005 1.52004e-007 5.28927e-006 1.43649e-008 1.43649e-008
5.54 -6.00374e-005 9.30858e-008 5.50227e-006 1.69602e-008 1.69602e-008
5.55 -5.93529e-005 1.06237e-007 5.6575e-006 1.88443e-008 1.88443e-008
5.56 -5.87459e-005 1.97886e-007 5.74627e-006 2.00341e-008 2.00341e-008
5.57 -5.82414e-005 3.64921e-007 5.75478e-006 2.06733e-008 2.06733e-008
5.58 -5.78694e-005 5.67705e-007 5.67687e-006 2.09876e-008 2.09876e-008
5.59 -5.76541e-005 7.4298e-007 5.52817e-006 2.1205e-008 2.1205e-008
5.6 -5.76174e-005 8.47992e-007 5.32858e-006 2.14635e-008 2.14635e-008
5.61 -5.77851e-005 8.85738e-007 5.08146e-006 2.17593e-008 2.17593e-008
5.62 -5.81669e-005 8.95662e-007 4.79601e-006 2.19732e-008 2.19732e-008
5.63 -5.87255e-005 9.30993e-007 4.52406e-006 2.19683e-008 2.19683e-008
5.64 -5.9386e-005 1.03751e-006 4.33756e-006 2.16789e-008 2.16789e-008
5.65 -6.00846e-005 1.23748e-006 4.25796e-006 2.11061e-008 2.11061e-008
5.66 -6.08069e-005 1.52104e-006 4.22549e-006 2.02277e-008 2.02277e-008
5.67 -6.15822e-005 1.85074e-006 4.14459e-006 1.89391e-008 1.89391e-008
5.68 -6.2441e-005 2.18709e-006 3.965e-006 1.71177e-008 1.71177e-008
5.69 -6.33788e-005 2.51967e-006 3.71899e-006 1.47606e-008 1.47606e-008
5.7 -6.43577e-005 2.87127e-006 3.48001e-006 1.20513e-008 1.20513e-008
5.71 -6.53348e-005 3.26777e-006 3.2937e-006 9.27148e-009 9.27148e-009
5.72 -6.62781e-005 3.70939e-006 3.15817e-006 6.63362e-009 6.63362e-009
5.73 -6.71512e-005 4.1728e-006 3.06803e-006 4.1917e-009 4.1917e-009
5.74 -6.78961e-005 4.63677e-006 3.0573e-006 1.90068e-009 1.90068e-009
5.75 -6.8441e-005 5.10375e-006 3.1869e-006 -2.55563e-010 -2.55563e-010
5.76 -6.87338e-005 5.59373e-006 3.48788e-006 -2.20031e-009 -2.20031e-009
5.77 -6.87702e-005 6.12013e-006 3.92665e-006 -3.80572e-009 -3.80572e-009
5.78 -6.8591e-005 6.67765e-006 4.42122e-006 -4.96948e-009 -4.96948e-009
5.79 -6.82667e-005 7.24152e-006 4.85556e-006 -5.65474e-009 -5.65474e-009
5.8 -6.79041e-005 7.77054e-006 5.09484e-006 -5.90127e-009 -5.90127e-009
5.81 -6.76187e-005 8.22629e-006 5.04556e-006 -5.8306e-009 -5.8306e-009
5.82 -6.74451e-005 8.61888e-006 4.75636e-006 -5.60631e-009 -5.60631e-009
5.83 -6.72961e-005 9.01426e-006 4.42241e-006 -5.32559e-009 -5.32559e-009
5.84 -6.70324e-005 9.4627e-006 4.22397e-006 -4.94008e-009 -4.94008e-009
5.85 -6.65746e-005 9.92359e-006 4.17515e-006 -4.32274e-009 -4.32274e-009
5.86 -6.59235e-005 1.02902e-005 4.15748e-006 -3.4128e-009 -3.4128e-009
5.87 -6.51257e-005 1.04878e-005 4.05141e-006 -2.24893e-009 -2.24893e-009
5.88 -6.42637e-005 1.05242e-005 3.80191e-006 -8.55638e-010 -8.55638e-010
5.89 -6.3417e-005 1.04649e-005 3.42647e-006 8.57102e-010 8.57102e-010
5.9 -6.26362e-005 1.03765e-005 3.00472e-006 3.06283e-009 3.06283e-009
5.91 -6.19435e-005 1.02878e-005 2.62058e-006 5.89319e-009 5.89319e-009
5.92 -6.13368e-005 1.01943e-005 2.32944e-006 9.31803e-009 9.31803e-009
5.93 -6.07773e-005 1.00814e-005 2.17311e-006 1.31053e-008 1.31053e-008
5.94 -6.02151e-005 9.92162e-006 2.1698e-006 1.68698e-008 1.68698e-008
5.95 -5.96338e-005 9.67896e-006 2.28242e-006 2.01698e-008 2.01698e-008
5.96 -5.90764e-005 9.33715e-006 2.41847e-006 2.26205e-008 2.26205e-008
5.97 -5.8625e-005 8.91936e-006 2.48579e-006 2.40225e-008 2.40225e-008
5.98 -5.83594e-005 8.47529e-006 2.45261e-006 2.44732e-008 2.44732e-008
5.99 -5.83508e-005 8.04643e-006 2.32894e-006 2.43671e-008 2.43671e-008
6 -5.8694e-005 7.63513e-006 2.09141e-006 2.42003e-008 2.42003e-008
6.01 -5.95167e-005 7.20452e-006 1.66259e-006 2.42573e-008 2.42573e-008
6.02 -6.09282e-005 6.70387e-006 9.87485e-007 2.44069e-008 2.44069e-008
6.03 -6.29785e-005 6.07742e-006 8.75898e-008 2.41696e-008 2.41696e-008
6.04 -6.56555e-005 5.28116e-006 -9.62569e-007 2.29814e-008 2.29814e-008
6.05 -6.88866e-005 4.33495e-006 -2.06965e-006 2.04554e-008 2.04554e-008
6.06 -7.25555e-005 3.33581e-006 -3.15435e-006 1.65169e-008 1.65169e-008
6.07 -7.65368e-005 2.40773e-006 -4.16423e-006 1.14046e-008 1.14046e-008
6.08 -8.06716e-005 1.64791e-006 -5.05907e-006 5.58273e-009 5.58273e-009
6.09 -8.48257e-005 1.09184e-006 -5.83168e-006 -3.96561e-010 -3.96561e-010
6.1 -8.89258e-005 7.07128e-007 -6.51365e-006 -6.05796e-009 -6.05796e-009
6.11 -9.29232e-005 4.27303e-007 -7.11364e-006 -1.11303e-008 -1.11303e-008
6.12 -9.67457e-005 1.86551e-007 -7.58232e-006 -1.55714e-008 -1.55714e-008
6.13 -0.000100296 -6.43267e-008 -7.84933e-006 -1.95179e-008 -1.95179e-008
6.14 -0.000103441 -3.33069e-007 -7.839e-006 -2.32241e-008 -2.32241e-008
6.15 -0.000105997 -5.84017e-007 -7.45942e-006 -2.69854e-008 -2.69854e-008
6.16 -0.000107794 -7.78028e-007 -6.6513e-006 -3.10344e-008 -3.10344e-008
6.17 -0.00010871 -9.00227e-007 -5.43524e-006 -3.54531e-008 -3.54531e-008
6.18 -0.000108695 -9.63852e-007 -3.89678e-006 -4.0135e-008 -4.0135e-008
6.19 -0.000107791 -1.02514e-006 -2.16812e-006 -4.47843e-008 -4.47843e-008
6.2 -0.00010614 -1.19058e-006 -4.07449e-007 -4.89556e-008 -4.89556e-008
6.21 -0.000103902 -1.55192e-006 1.27586e-006 -5.21472e-008 -5.21472e-008
6.22 -0.000101169 -2.09869e-006 2.88821e-006 -5.39139e-008 -5.39139e-008
6.23 -9.7947e-005 -2.70991e-006 4.5189e-006 -5.39722e-008 -5.39722e-008
6.24 -9.42066e-005 -3.24312e-006 6.21402e-006 -5.23032e-008 -5.23032e-008
6.25 -8.99616e-005 -3.64945e-006 7.8787e-006 -4.92395e-008 -4.92395e-008
6.26 -8.53298e-005 -4.00678e-006 9.26802e-006 -4.54482e-008 -4.54482e-008
6.27 -8.05652e-005 -4.46032e-006 1.00794e-005 -4.17318e-008 -4.17318e-008
6.28 -7.59464e-005 -5.11234e-006 1.01236e-005 -3.86878e-008 -3.86878e-008
6.29 -7.1676e-005 -5.9351e-006 9.46972e-006 -3.63776e-008 -3.63776e-008
6.3 -6.77692e-005 -6.78499e-006 8.43604e-006 -3.41973e-008 -3.41973e-008
6.31 -6.4168e-005 -7.49935e-006 7.35499e-006 -3.10928e-008 -3.10928e-008
6.32 -6.08682e-005 -7.99703e-006 6.31282e-006 -2.60919e-008 -2.60919e-008
6.33 -5.80108e-005 -8.268e-006 5.13272e-006 -1.88478e-008 -1.88478e-008
6.34 -5.58227e-005 -8.33042e-006 3.54847e-006 -9.8108e-009 -9.8108e-009
6.35 -5.45398e-005 -8.20908e-006 1.40975e-006 6.76074e-011 6.76074e-011
6.36 -5.42915e-005 -7.91212e-006 -1.18259e-006 9.84747e-009 9.84747e-009
6.37 -5.49984e-005 -7.39134e-006 -3.84703e-006 1.90099e-008 1.90099e-008
6.38 -5.63509e-005 -6.54824e-006 -6.05936e-006 2.75921e-008 2.75921e-008
6.39 -5.80156e-005 -5.34373e-006 -7.48242e-006 3.59923e-008 3.59923e-008
6.4 -5.98346e-005 -3.88303e-006 -8.17835e-006 4.45144e-008 4.45144e-008
6.41 -6.17775e-005 -2.34494e-006 -8.39872e-006 5.29831e-008 5.29831e-008
6.42 -6.38143e-005 -8.77726e-007 -8.2686e-006 6.07932e-008 6.07932e-008
6.43 -6.58872e-005 3.95462e-007 -7.76231e-006 6.73083e-008 6.73083e-008
6.44 -6.79274e-005 1.36467e-006 -6.80985e-006 7.21696e-008 7.21696e-008
6.45 -6.98114e-005 1.98751e-006 -5.33646e-006 7.53056e-008 7.53056e-008
6.46 -7.13692e-005 2.31129e-006 -3.29445e-006 7.67832e-008 7.67832e-008
6.47 -7.24652e-005 2.4128e-006 -7.53654e-007 7.66405e-008 7.66405e-008
6.48 -7.30829e-005 2.33585e-006 2.06196e-006 7.47122e-008 7.47122e-008
6.49 -7.33065e-005 2.09466e-006 4.88331e-006 7.05249e-008 7.05249e-008
6.5 -7.32405e-005 1.71135e-006 7.53415e-006 6.34435e-008 6.34435e-008
6.51 -7.30033e-005 1.22921e-006 9.93103e-006 5.30623e-008 5.30623e-008
6.52 -7.27399e-005 7.07368e-007 1.19919e-005 3.95606e-008 3.95606e-008
6.53 -7.25595e-005 1.66991e-007 1.3568e-005 2.37314e-008 2.37314e-008
6.54 -7.25943e-005 -4.02628e-007 1.44488e-005 6.66604e-009 6.66604e-009
6.55 -7.29334e-005 -9.60212e-007 1.45361e-005 -1.06316e-008 -1.06316e-008
6.56 -7.35815e-005 -1.38818e-006 1.3937e-005 -2.74286e-008 -2.74286e-008
6.57 -7.44337e-005 -1.54992e-006 1.28835e-005 -4.32401e-008 -4.32401e-008
6.58 -7.53256e-005 -1.34612e-006 1.16039e-005 -5.77377e-008 -5.77377e-008
6.59 -7.60999e-005 -7.53991e-007 1.02276e-005 -7.0657e-008 -7.0657e-008
6.6 -7.66633e-005 1.70097e-007 8.729e-006 -8.17191e-008 -8.17191e-008
6.61 -7.701e-005 1.34874e-006 6.97578e-006 -9.05976e-008 -9.05976e-008
6.62 -7.71916e-005 2.74508e-006 4.85105e-006 -9.69381e-008 -9.69381e-008
6.63 -7.72987e-005 4.36733e-006 2.32607e-006 -1.00406e-007 -1.00406e-007
6.64 -7.74331e-005 6.22512e-006 -5.17567e-007 -1.00738e-007 -1.00738e-007
6.65 -7.76574e-005 8.28275e-006 -3.51034e-006 -9.77767e-008 -9.77767e-008
6.66 -7.81363e-005 1.04188e-005 -6.4451e-006 -9.1505e-008 -9.1505e-008
6.67 -7.88578e-005 1.24733e-005 -9.15046e-006 -8.20679e-008 -8.20679e-008
6.68 -7.97398e-005 1.43011e-005 -1.14706e-005 -6.97737e-008 -6.97737e-008
6.69 -8.064e-005 1.58291e-005 -1.32452e-005 -5.50485e-008 -5.50485e-008
6.7 -8.13868e-005 1.70198e-005 -1.43356e-005 -3.83567e-008 -3.83567e-008
6.71 -8.18437e-005 1.78163e-005 -1.46773e-005 -2.01358e-008 -2.01358e-008
6.72 -8.19818e-005 1.81444e-005 -1.43205e-005 -7.94735e-010 -7.94735e-010
6.73 -8.18835e-005 1.79973e-005 -1.3371e-005 1.92552e-008 1.92552e-008
6.74 -8.15893e-005 1.7499e-005 -1.18967e-005 3.95852e-008 3.95852e-008
6.75 -8.10906e-005 1.6866e-005 -9.94626e-006 5.96973e-008 5.96973e-008
6.76 -8.03528e-005 1.63099e-005 -7.58775e-006 7.88852e-008 7.88852e-008
6.77 -7.92927e-005 1.59585e-005 -4.87952e-006 9.61214e-008 9.61214e-008
6.78 -7.78019e-005 1.58448e-005 -1.88855e-006 1.10141e-007 1.10141e-007
6.79 -7.58132e-005 1.59444e-005 1.24811e-006 1.19718e-007 1.19718e-007
6.8 -7.33608e-005 1.62115e-005 4.30616e-006 1.23974e-007 1.23974e-007
6.81 -7.05616e-005 1.66163e-005 7.05681e-006 1.22571e-007 1.22571e-007
6.82 -6.75625e-005 1.71533e-005 9.35404e-006 1.15787e-007 1.15787e-007
6.83 -6.45437e-005 1.78176e-005 1.11249e-005 1.04447e-007 1.04447e-007
6.84 -6.17232e-005 1.85669e-005 1.22956e-005 8.96994e-008 8.96994e-008
6.85 -5.93e-005 1.93375e-005 1.2812e-005 7.26867e-008 7.26867e-008
6.86 -5.74026e-005 2.00875e-005 1.2724e-005 5.43154e-008 5.43154e-008
6.87 -5.60233e-005 2.08075e-005 1.21926e-005 3.52218e-008 3.52218e-008
6.88 -5.51163e-005 2.14783e-005 1.13421e-005 1.5833e-008 1.5833e-008
6.89 -5.46187e-005 2.2051e-005 1.01757e-005 -3.60286e-009 -3.60286e-009
6.9 -5.44971e-005 2.24647e-005 8.61661e-006 -2.29583e-008 -2.29583e-008
6.91 -5.46982e-005 2.27031e-005 6.64688e-006 -4.20204e-008 -4.20204e-008
6.92 -5.51414e-005 2.28266e-005 4.36071e-006 -6.02089e-008 -6.02089e-008
6.93 -5.57847e-005 2.29127e-005 1.83884e-006 -7.64959e-008 -7.64959e-008
6.94 -5.67239e-005 2.29542e-005 -9.44367e-007 -8.96889e-008 -8.96889e-008
6.95 -5.81411e-005 2.28405e-005 -4.04868e-006 -9.88653e-008 -9.88653e-008
6.96 -6.01887e-005 2.2441e-005 -7.38905e-006 -1.03589e-007 -1.03589e-007
6.97 -6.28985e-005 2.17133e-005 -1.07152e-005 -1.03808e-007 -1.03808e-007
6.98 -6.6218e-005 2.07341e-005 -1.37307e-005 -9.96774e-008 -9.96774e-008
6.99 -7.00719e-005 1.964e-005 -1.624e-005 -9.15151e-008 -9.15151e-008
7 -7.44397e-005 1.85328e-005 -1.80747e-005 -7.98193e-008 -7.98193e-008
7.01 -7.90238e-005 1.75211e-005 -1.90747e-005 -6.51556e-008 -6.51556e-008
7.02 -8.35225e-005 1.67041e-005 -1.90515e-005 -4.79387e-008 -4.79387e-008
7.03 -8.77145e-005 1.60945e-005 -1.79801e-005 -2.8378e-008 -2.8378e-008
7.04 -9.15418e-005 1.55562e-005 -1.60783e-005 -6.7421e-009 -6.7421e-009
7.05 -9.51121e-005 1.48225e-005 -1.37585e-005 1.62604e-008 1.62604e-008
7.06 -9.85853e-005 1.36359e-005 -1.14034e-005 3.93412e-008 3.93412e-008
7.07 -0.00010202 1.19092e-005 -9.14861e-006 6.08718e-008 6.08718e-008
7.08 -0.000105331 9.73314e-006 -6.93426e-006 7.92707e-008 7.92707e-008
7.09 -0.000108368 7.26481e-006 -4.70684e-006 9.31997e-008 9.31997e-008
7.1 -0.000110983 4.63854e-006 -2.53769e-006 1.01529e-007 1.01529e-007
7.11 -0.000113097 1.96471e-006 -5.84244e-007 1.03346e-007 1.03346e-007
7.12 -0.000114686 -6.33683e-007 1.00007e-006 9.81874e-008 9.81874e-008
7.13 -0.000115828 -3.05644e-006 2.10285e-006 8.63446e-008 8.63446e-008
7.14 -0.000116673 -5.26241e-006 2.64328e-006 6.89373e-008 6.89373e-008
7.15 -0.000117393 -7.24179e-006 2.58928e-006 4.76384e-008 4.76384e-008
7.16 -0.000118146 -8.97936e-006 1.97797e-006 2.4216e-008 2.4216e-008
7.17 -0.000119013 -1.04527e-005 9.11084e-007 1.36548e-010 1.36548e-010
7.18 -0.00011998 -1.16514e-005 -4.74757e-007 -2.367e-008 -2.367e-008
7.19 -0.000120864 -1.25873e-005 -2.03056e-006 -4.68683e-008 -4.68683e-008
7.2 -0.000121544 -1.32355e-005 -3.60355e-006 -6.95924e-008 -6.95924e-008
7.21 -0.000121782 -1.36012e-005 -5.11924e-006 -9.21517e-008 -9.21517e-008
7.22 -0.00012134 -1.3683e-005 -6.48765e-006 -1.14618e-007 -1.14618e-007
7.23 -0.000120002 -1.34749e-005 -7.60397e-006 -1.36435e-007 -1.36435e-007
7.24 -0.000117677 -1.30089e-005 -8.4198e-006 -1.56277e-007 -1.56277e-007
7.25 -0.000114455 -1.23673e-005 -8.9723e-006 -1.723e-007 -1.723e-007
7.26 -0.000110522 -1.16629e-005 -9.34589e-006 -1.82676e-007 -1.82676e-007
7.27 -0.00010613 -1.09911e-005 -9.57042e-006 -1.86102e-007 -1.86102e-007
7.28 -0.000101516 -1.04068e-005 -9.59763e-006 -1.82079e-007 -1.82079e-007
7.29 -9.68881e-005 -9.93283e-006 -9.35793e-006 -1.7093e-007 -1.7093e-007
7.3 -9.23821e-005 -9.57628e-006 -8.78195e-006 -1.53631e-007 -1.53631e-007
7.31 -8.80105e-005 -9.32871e-006 -7.75578e-006 -1.3151e-007 -1.3151e-007
7.32 -8.36959e-005 -9.17931e-006 -6.16881e-006 -1.05888e-007 -1.05888e-007
7.33 -7.94195e-005 -9.17443e-006 -4.10271e-006 -7.78441e-008 -7.78441e-008
7.34 -7.53231e-005 -9.43974e-006 -1.90016e-006 -4.82324e-008 -4.82324e-008
7.35 -7.1804e-005 -1.00426e-005 -7.61139e-009 -1.78117e-008 -1.78117e-008
7.36 -6.9148e-005 -1.09649e-005 1.39659e-006 1.27621e-008 1.27621e-008
7.37 -6.7386e-005 -1.20355e-005 2.44503e-006 4.30455e-008 4.30455e-008
7.38 -6.6408e-005 -1.3048e-005 3.35948e-006 7.27251e-008 7.27251e-008
7.39 -6.60776e-005 -1.38918e-005 4.20491e-006 1.0121e-007 1.0121e-007
7.4 -6.62482e-005 -1.45318e-005 4.88679e-006 1.27235e-007 1.27235e-007
7.41 -6.67405e-005 -1.4907e-005 5.32295e-006 1.48946e-007 1.48946e-007
7.42 -6.73232e-005 -1.4906e-005 5.55866e-006 1.64497e-007 1.64497e-007
7.43 -6.78118e-005 -1.44307e-005 5.69111e-006 1.72702e-007 1.72702e-007
7.44 -6.82105e-005 -1.34841e-005 5.68467e-006 1.73288e-007 1.73288e-007
7.45 -6.87198e-005 -1.21653e-005 5.34994e-006 1.66724e-007 1.66724e-007
7.46 -6.96015e-005 -1.05846e-005 4.54553e-006 1.53942e-007 1.53942e-007
7.47 -7.10053e-005 -8.79566e-006 3.36432e-006 1.36192e-007 1.36192e-007
7.48 -7.2874e-005 -6.79285e-006 2.13201e-006 1.14918e-007 1.14918e-007
7.49 -7.49765e-005 -4.54133e-006 1.22224e-006 9.14748e-008 9.14748e-008
7.5 -7.70101e-005 -2.00771e-006 8.37316e-007 6.67458e-008 6.67458e-008
7.51 -7.87092e-005 8.27176e-007 9.45721e-007 4.09891e-008 4.09891e-008
7.52 -7.98427e-005 3.95994e-006 1.42344e-006 1.41206e-008 1.41206e-008
7.53 -8.01604e-005 7.34784e-006 2.18634e-006 -1.37106e-008 -1.37106e-008
7.54 -7.95438e-005 1.0857e-005 3.13248e-006 -4.17103e-008 -4.17103e-008
7.55 -7.81137e-005 1.43224e-005 4.14244e-006 -6.85083e-008 -6.85083e-008
7.56 -7.60637e-005 1.75513e-005 4.99071e-006 -9.26027e-008 -9.26027e-008
7.57 -7.37013e-005 2.03503e-005 5.43184e-006 -1.12819e-007 -1.12819e-007
7.58 -7.12978e-005 2.26019e-005 5.42256e-006 -1.28462e-007 -1.28462e-007
7.59 -6.88566e-005 2.43059e-005 5.27532e-006 -1.39137e-007 -1.39137e-007
7.6 -6.61782e-005 2.55431e-005 5.40016e-006 -1.44533e-007 -1.44533e-007
7.61 -6.31202e-005 2.63682e-005 5.95247e-006 -1.44504e-007 -1.44504e-007
7.62 -5.96308e-005 2.67765e-005 6.73822e-006 -1.3932e-007 -1.3932e-007
7.63 -5.59131e-005 2.6704e-005 7.39229e-006 -1.29639e-007 -1.29639e-007
7.64 -5.2276e-005 2.61289e-005 7.69495e-006 -1.16046e-007 -1.16046e-007
7.65 -4.88665e-005 2.51358e-005 7.70562e-006 -9.85666e-008 -9.85666e-008
7.66 -4.5758e-005 2.38757e-005 7.66167e-006 -7.66936e-008 -7.66936e-008
7.67 -4.29535e-005 2.25371e-005 7.81626e-006 -4.99667e-008 -4.99667e-008
7.68 -4.04676e-005 2.12617e-005 8.23872e-006 -1.86733e-008 -1.86733e-008
7.69 -3.83539e-005 2.0106e-005 8.75677e-006 1.5801e-008 1.5801e-008
7.7 -3.66324e-005 1.91003e-005 9.14609e-006 5.11622e-008 5.11622e-008
7.71 -3.52181e-005 1.83218e-005 9.34917e-006 8.48378e-008 8.48378e-008
7.72 -3.3948e-005 1.78656e-005 9.45463e-006 1.14689e-007 1.14689e-007
7.73 -3.27382e-005 1.77785e-005 9.51265e-006 1.39413e-007 1.39413e-007
7.74 -3.16026e-005 1.80456e-005 9.49182e-006 1.58564e-007 1.58564e-007
7.75 -3.06049e-005 1.86424e-005 9.39012e-006 1.72403e-007 1.72403e-007
7.76 -2.97851e-005 1.95559e-005 9.30885e-006 1.81727e-007 1.81727e-007
7.77 -2.91739e-005 2.0753e-005 9.37548e-006 1.87559e-007 1.87559e-007
7.78 -2.87738e-005 2.21759e-005 9.62806e-006 1.90611e-007 1.90611e-007
7.79 -2.86329e-005 2.37336e-005 9.94379e-006 1.90814e-007 1.90814e-007
7.8 -2.89033e-005 2.52892e-005 1.01182e-005 1.87311e-007 1.87311e-007
7.81 -2.96746e-005 2.67204e-005 1.0056e-005 1.79e-007 1.79e-007
7.82 -3.07955e-005 2.80005e-005 9.86119e-006 1.65244e-007 1.65244e-007
7.83 -3.19451e-005 2.91602e-005 9.81058e-006 1.46291e-007 1.46291e-007
7.84 -3.25358e-005 3.02769e-005 1.02139e-005 1.23199e-007 1.23199e-007
7.85 -3.23319e-005 3.12733e-005 1.11552e-005 9.74273e-008 9.74273e-008
7.86 -3.12262e-005 3.19717e-005 1.25174e-005 7.04314e-008 7.04314e-008
7.87 -2.92505e-005 3.21875e-005 1.41276e-005 4.35101e-008 4.35101e-008
7.88 -2.67481e-005 3.17469e-005 1.57374e-005 1.78419e-008 1.78419e-008
7.89 -2.40363e-005 3.05793e-005 1.71116e-005 -5.54991e-009 -5.54991e-009
7.9 -2.14609e-005 2.86561e-005 1.80155e-005 -2.59904e-008 -2.59904e-008
7.91 -1.92447e-005 2.59949e-005 1.83179e-005 -4.33101e-008 -4.33101e-008
7.92 -1.77054e-005 2.26908e-005 1.80078e-005 -5.77279e-008 -5.77279e-008
7.93 -1.69537e-005 1.89463e-005 1.72667e-005 -6.95011e-008 -6.95011e-008
7.94 -1.70267e-005 1.50659e-005 1.63712e-005 -7.8613e-008 -7.8613e-008
7.95 -1.78214e-005 1.13149e-005 1.55515e-005 -8.47064e-008 -8.47064e-008
7.96 -1.93743e-005 7.86999e-006 1.48288e-005 -8.72416e-008 -8.72416e-008
7.97 -2.17897e-005 4.80995e-006 1.40751e-005 -8.56856e-008 -8.56856e-008
7.98 -2.51148e-005 2.14466e-006 1.31284e-005 -7.95887e-008 -7.95887e-008
7.99 -2.94165e-005 -1.13205e-007 1.18982e-005 -6.86124e-008 -6.86124e-008
8 -3.45734e-005 -1.95707e-006 1.04445e-005 -5.26549e-008 -5.26549e-008
8.01 -4.043e-005 -3.39028e-006 8.87473e-006 -3.21126e-008 -3.21126e-008
8.02 -4.67956e-005 -4.4772e-006 7.2052e-006 -8.15618e-009 -8.15618e-009
8.03 -5.36927e-005 -5.32842e-006 5.34264e-006 1.72125e-008 1.72125e-008
8.04 -6.1105e-005 -6.00315e-006 3.25082e-006 4.15252e-008 4.15252e-008
8.05 -6.87766e-005 -6.42883e-006 1.10131e-006 6.254e-008 6.254e-008
8.06 -7.64788e-005 -6.50371e-006 -8.99388e-007 7.88389e-008 7.88389e-008
8.07 -8.40727e-005 -6.23284e-006 -2.72743e-006 8.99585e-008 8.99585e-008
8.08 -9.1506e-005 -5.73585e-006 -4.5177e-006 9.61398e-008 9.61398e-008
8.09 -9.87495e-005 -5.15719e-006 -6.32803e-006 9.80698e-008 9.80698e-008
8.1 -0.000105737 -4.60698e-006 -8.01363e-006 9.67627e-008 9.67627e-008
8.11 -0.000112347 -4.17262e-006 -9.3605e-006 9.33577e-008 9.33577e-008
8.12 -0.000118444 -3.92374e-006 -1.02224e-005 8.86571e-008 8.86571e-008
8.13 -0.000123871 -3.91213e-006 -1.05398e-005 8.26634e-008 8.26634e-008
8.14 -0.000128439 -4.19555e-006 -1.03298e-005 7.45374e-008 7.45374e-008
8.15 -0.000131976 -4.86594e-006 -9.67486e-006 6.30444e-008 6.30444e-008
8.16 -0.000134362 -6.02923e-006 -8.70244e-006 4.71565e-008 4.71565e-008
8.17 -0.00013555 -7.73013e-006 -7.56643e-006 2.64564e-008 2.64564e-008
8.18 -0.00013558 -9.89318e-006 -6.41775e-006 1.26497e-009 1.26497e-009
8.19 -0.000134557 -1.23355e-005 -5.37702e-006 -2.7391e-008 -2.7391e-008
8.2 -0.000132741 -1.48485e-005 -4.5431e-006 -5.79051e-008 -5.79051e-008
8.21 -0.000130349 -1.72922e-005 -4.00822e-006 -8.83371e-008 -8.83371e-008
8.22 -0.00012767 -1.95876e-005 -3.85305e-006 -1.16784e-007 -1.16784e-007
8.23 -0.00012501 -2.17215e-005 -4.13117e-006 -1.4178e-007 -1.4178e-007
8.24 -0.000122617 -2.37327e-005 -4.85036e-006 -1.62528e-007 -1.62528e-007
8.25 -0.000120735 -2.56578e-005 -5.94616e-006 -1.78856e-007 -1.78856e-007
8.26 -0.000119493 -2.74916e-005 -7.30413e-006 -1.90937e-007 -1.90937e-007
8.27 -0.000118981 -2.91905e-005 -8.80936e-006 -1.98944e-007 -1.98944e-007
8.28 -0.000119132 -3.07153e-005 -1.04323e-005 -2.02851e-007 -2.02851e-007
8.29 -0.000119902 -3.20155e-005 -1.21294e-005 -2.02424e-007 -2.02424e-007
8.3 -0.000121443 -3.29768e-005 -1.37933e-005 -1.97339e-007 -1.97339e-007
8.31 -0.000123692 -3.35605e-005 -1.54335e-005 -1.87362e-007 -1.87362e-007
8.32 -0.00012666 -3.37649e-005 -1.71182e-005 -1.72512e-007 -1.72512e-007
8.33 -0.000130279 -3.35887e-005 -1.89003e-005 -1.53188e-007 -1.53188e-007
8.34 -0.000134417 -3.30071e-005 -2.07418e-005 -1.30163e-007 -1.30163e-007
8.35 -0.000138954 -3.19981e-005 -2.26088e-005 -1.04516e-007 -1.04516e-007
8.36 -0.000143742 -3.05595e-005 -2.44763e-005 -7.75538e-008 -7.75538e-008
8.37 -0.000148698 -2.87584e-005 -2.63477e-005 -5.07029e-008 -5.07029e-008
8.38 -0.000153783 -2.67366e-005 -2.81975e-005 -2.53425e-008 -2.53425e-008
8.39 -0.000158909 -2.46819e-005 -2.98955e-005 -2.59521e-009 -2.59521e-009
8.4 -0.000163979 -2.27939e-005 -3.12728e-005 1.6836e-008 1.6836e-008
8.41 -0.000168917 -2.1263e-005 -3.22071e-005 3.26718e-008 3.26718e-008
8.42 -0.000173635 -2.02454e-005 -3.26846e-005 4.48843e-008 4.48843e-008
8.43 -0.000178077 -1.98337e-005 -3.27451e-005 5.34827e-008 5.34827e-008
8.44 -0.000182164 -2.00368e-005 -3.24678e-005 5.83878e-008 5.83878e-008
8.45 -0.000185829 -2.08083e-005 -3.1953e-005 5.93889e-008 5.93889e-008
8.46 -0.000189026 -2.20657e-005 -3.13098e-005 5.61229e-008 5.61229e-008
8.47 -0.00019169 -2.3679e-005 -3.06253e-005 4.81082e-008 4.81082e-008
8.48 -0.000193758 -2.54885e-005 -2.99616e-005 3.4905e-008 3.4905e-008
8.49 -0.000195218 -2.73371e-005 -2.94121e-005 1.6321e-008 1.6321e-008
8.5 -0.000196149 -2.90931e-005 -2.91229e-005 -7.47591e-009 -7.47591e-009
8.51 -0.000196651 -3.06451e-005 -2.91914e-005 -3.59424e-008 -3.59424e-008
8.52 -0.000196805 -3.18709e-005 -2.9552e-005 -6.8138e-008 -6.8138e-008
8.53 -0.000196583 -3.26677e-005 -3.00127e-005 -1.02678e-007 -1.02678e-007
8.54 -0.000196011 -3.29665e-005 -3.03616e-005 -1.378e-007 -1.378e-007
8.55 -0.000195238 -3.27576e-005 -3.04991e-005 -1.71641e-007 -1.71641e-007
8.56 -0.000194347 -3.21157e-005 -3.04957e-005 -2.02571e-007 -2.02571e-007
8.57 -0.000193408 -3.11241e-005 -3.04808e-005 -2.29386e-007 -2.29386e-007
8.58 -0.000192511 -2.98243e-005 -3.05322e-005 -2.51299e-007 -2.51299e-007
8.59 -0.000191724 -2.81984e-005 -3.06347e-005 -2.67816e-007 -2.67816e-007
8.6 -0.000191084 -2.62226e-005 -3.07622e-005 -2.78657e-007 -2.78657e-007
8.61 -0.000190638 -2.39339e-005 -3.09844e-005 -2.8379e-007 -2.8379e-007
8.62 -0.000190439 -2.14286e-005 -3.14384e-005 -2.83477e-007 -2.83477e-007
8.63 -0.000190546 -1.882e-005 -3.22144e-005 -2.78187e-007 -2.78187e-007
8.64 -0.00019093 -1.62291e-005 -3.33306e-005 -2.68408e-007 -2.68408e-007
8.65 -0.000191534 -1.37907e-005 -3.4767e-005 -2.54513e-007 -2.54513e-007
8.66 -0.000192302 -1.16378e-005 -3.64652e-005 -2.36767e-007 -2.36767e-007
8.67 -0.000193136 -9.84523e-006 -3.83259e-005 -2.15384e-007 -2.15384e-007
8.68 -0.000193948 -8.45696e-006 -4.01632e-005 -1.90571e-007 -1.90571e-007
8.69 -0.000194663 -7.48284e-006 -4.17984e-005 -1.62598e-007 -1.62598e-007
8.7 -0.000195209 -6.93814e-006 -4.31142e-005 -1.31915e-007 -1.31915e-007
8.71 -0.000195563 -6.81454e-006 -4.40755e-005 -9.93194e-008 -9.93194e-008
8.72 -0.000195712 -7.02536e-006 -4.46398e-005 -6.60198e-008 -6.60198e-008
8.73 -0.000195568 -7.40606e-006 -4.46563e-005 -3.34886e-008 -3.34886e-008
8.74 -0.000195015 -7.79056e-006 -4.39761e-005 -3.15529e-009 -3.15529e-009
8.75 -0.000193944 -8.11356e-006 -4.26055e-005 2.37742e-008 2.37742e-008
8.76 -0.000192313 -8.38329e-006 -4.07081e-005 4.62575e-008 4.62575e-008
8.77 -0.000190103 -8.59776e-006 -3.84996e-005 6.33668e-008 6.33668e-008
8.78 -0.000187293 -8.66445e-006 -3.60809e-005 7.44281e-008 7.44281e-008
8.79 -0.000183812 -8.38877e-006 -3.33846e-005 7.92346e-008 7.92346e-008
8.8 -0.000179552 -7.56735e-006 -3.02757e-005 7.81157e-008 7.81157e-008
8.81 -0.0001744 -6.07848e-006 -2.66523e-005 7.17785e-008 7.17785e-008
8.82 -0.000168262 -3.91746e-006 -2.25074e-005 6.10424e-008 6.10424e-008
8.83 -0.00016106 -1.20444e-006 -1.79891e-005 4.66352e-008 4.66352e-008
8.84 -0.000152775 1.833e-006 -1.34412e-005 2.9097e-008 2.9097e-008
8.85 -0.000143816 4.99499e-006 -9.23718e-006 8.78157e-009 8.78157e-009
8.86 -0.000134526 8.10385e-006 -5.72886e-006 -1.40157e-008 -1.40157e-008
8.87 -0.000124614 1.12356e-005 -3.00661e-006 -3.87788e-008 -3.87788e-008
8.88 -0.000114739 1.4286e-005 -1.08318e-006 -6.45809e-008 -6.45809e-008
8.89 -0.000105367 1.73253e-005 3.38837e-007 -9.01443e-008 -9.01443e-008
8.9 -9.63513e-005 2.03844e-005 1.51362e-006 -1.13969e-007 -1.13969e-007
8.91 -8.74897e-005 2.3457e-005 2.60098e-006 -1.34532e-007 -1.34532e-007
8.92 -7.86907e-005 2.6447e-005 3.59159e-006 -1.50575e-007 -1.50575e-007
8.93 -6.98178e-005 2.92484e-005 4.47756e-006 -1.61215e-007 -1.61215e-007
8.94 -6.07002e-005 3.17968e-005 5.33803e-006 -1.65811e-007 -1.65811e-007
8.95 -5.10861e-005 3.40955e-005 6.21165e-006 -1.63777e-007 -1.63777e-007
8.96 -4.04729e-005 3.61745e-005 7.19658e-006 -1.54588e-007 -1.54588e-007
8.97 -2.86108e-005 3.79859e-005 8.4425e-006 -1.37984e-007 -1.37984e-007
8.98 -1.59473e-005 3.94367e-005 9.99127e-006 -1.14214e-007 -1.14214e-007
8.99 -2.81327e-006 4.05534e-005 1.18547e-005 -8.41359e-008 -8.41359e-008
9 1.00893e-005 4.13619e-005 1.38709e-005 -4.91399e-008 -4.91399e-008
9.01 2.27473e-005 4.19091e-005 1.60468e-005 -1.09175e-008 -1.09175e-008
9.02 3.49611e-005 4.22637e-005 1.83418e-005 2.88789e-008 2.88789e-008
9.03 4.65606e-005 4.25656e-005 2.07714e-005 6.89716e-008 6.89716e-008
9.04 5.77167e-005 4.28838e-005 2.34415e-005 1.08624e-007 1.08624e-007
9.05 6.85981e-005 4.32989e-005 2.63338e-005 1.47509e-007 1.47509e-007
9.06 7.8731e-005 4.37997e-005 2.93309e-005 1.85408e-007 1.85408e-007
9.07 8.83355e-005 4.43202e-005 3.24574e-005 2.21945e-007 2.21945e-007
9.08 9.72157e-005 4.47552e-005 3.5681e-005 2.56404e-007 2.56404e-007
9.09 0.000105 4.49867e-005 3.89448e-005 2.87657e-007 2.87657e-007
9.1 0.00011244 4.49123e-005 4.23715e-005 3.14231e-007 3.14231e-007
9.11 0.000118851 4.44973e-005 4.57181e-005 3.34482e-007 3.34482e-007
9.12 0.00012458 4.37095e-005 4.88617e-005 3.46856e-007 3.46856e-007
9.13 0.000129319 4.26137e-005 5.153e-005 3.50167e-007 3.50167e-007
9.14 0.000132705 4.13288e-005 5.34657e-005 3.43868e-007 3.43868e-007
9.15 0.000135043 3.99413e-005 5.4746e-005 3.28219e-007 3.28219e-007
9.16 0.000136614 3.85845e-005 5.55256e-005 3.04331e-007 3.04331e-007
9.17 0.00013744 3.73707e-005 5.58951e-005 2.73984e-007 2.73984e-007
9.18 0.00013731 3.62734e-005 5.58008e-005 2.39226e-007 2.39226e-007
9.19 0.000135851 3.517e-005 5.51029e-005 2.01935e-007 2.01935e-007
9.2 0.00013292 3.38733e-005 5.37806e-005 1.63589e-007 1.63589e-007
9.21 0.000128445 3.22229e-005 5.19641e-005 1.25313e-007 1.25313e-007
9.22 0.000122548 3.01575e-005 4.98767e-005 8.80229e-008 8.80229e-008
9.23 0.000115453 2.77065e-005 4.77122e-005 5.25094e-008 5.25094e-008
9.24 0.000107318 2.49468e-005 4.55363e-005 1.94562e-008 1.94562e-008
9.25 9.81767e-005 2.19532e-005 4.32862e-005 -1.05189e-008 -1.05189e-008
9.26 8.79882e-005 1.87722e-005 4.08509e-005 -3.67829e-008 -3.67829e-008
9.27 7.6794e-005 1.54617e-005 3.82005e-005 -5.86184e-008 -5.86184e-008
9.28 6.48986e-005 1.21643e-005 3.54738e-005 -7.52121e-008 -7.52121e-008
9.29 5.28573e-005 9.02717e-006 3.29137e-005 -8.57305e-008 -8.57305e-008
9.3 4.0997e-005 6.0862e-006 3.0688e-005 -8.95097e-008 -8.95097e-008
9.31 2.94963e-005 3.32483e-006 2.87864e-005 -8.63239e-008 -8.63239e-008
9.32 1.83842e-005 6.78031e-007 2.71213e-005 -7.6557e-008 -7.6557e-008
9.33 7.57646e-006 -1.86295e-006 2.56418e-005 -6.11278e-008 -6.11278e-008
9.34 -2.85319e-006 -4.25507e-006 2.43057e-005 -4.12688e-008 -4.12688e-008
9.35 -1.30379e-005 -6.49336e-006 2.3043e-005 -1.83478e-008 -1.83478e-008
9.36 -2.30802e-005 -8.56435e-006 2.17991e-005 6.25547e-009 6.25547e-009
9.37 -3.29697e-005 -1.04295e-005 2.0579e-005 3.12994e-008 3.12994e-008
9.38 -4.28357e-005 -1.20947e-005 1.93343e-005 5.58106e-008 5.58106e-008
9.39 -5.25749e-005 -1.34956e-005 1.80338e-005 7.90609e-008 7.90609e-008
9.4 -6.21646e-005 -1.45719e-005 1.66429e-005 1.00392e-007 1.00392e-007
9.41 -7.13884e-005 -1.521e-005 1.52149e-005 1.19058e-007 1.19058e-007
9.42 -8.00405e-005 -1.53202e-005 1.38252e-005 1.34235e-007 1.34235e-007
9.43 -8.80464e-005 -1.48915e-005 1.24431e-005 1.4513e-007 1.4513e-007
9.44 -9.52726e-005 -1.39938e-005 1.09611e-005 1.51051e-007 1.51051e-007
9.45 -0.000101644 -1.27718e-005 9.24307e-006 1.51447e-007 1.51447e-007
9.46 -0.000107052 -1.14034e-005 7.22605e-006 1.45973e-007 1.45973e-007
9.47 -0.00011133 -1.00349e-005 4.98158e-006 1.34561e-007 1.34561e-007
9.48 -0.000114448 -8.72863e-006 2.67991e-006 1.17462e-007 1.17462e-007
9.49 -0.000116602 -7.48235e-006 4.33043e-007 9.52327e-008 9.52327e-008
9.5 -0.000118115 -6.27176e-006 -1.79176e-006 6.86538e-008 6.86538e-008
9.51 -0.000118992 -5.13683e-006 -4.03747e-006 3.8622e-008 3.8622e-008
9.52 -0.000119375 -4.15404e-006 -6.4461e-006 6.07087e-009 6.07087e-009
9.53 -0.000119536 -3.33246e-006 -9.05384e-006 -2.79494e-008 -2.79494e-008
9.54 -0.000119578 -2.58988e-006 -1.16181e-005 -6.20897e-008 -6.20897e-008
9.55 -0.00011957 -1.81369e-006 -1.38192e-005 -9.46784e-008 -9.46784e-008
9.56 -0.00011948 -9.27493e-007 -1.54135e-005 -1.23992e-007 -1.23992e-007
9.57 -0.00011927 1.01647e-007 -1.63279e-005 -1.48638e-007 -1.48638e-007
9.58 -0.000118931 1.32306e-006 -1.66137e-005 -1.67764e-007 -1.67764e-007
9.59 -0.000118383 2.83064e-006 -1.63145e-005 -1.81004e-007 -1.81004e-007
9.6 -0.000117557 4.69704e-006 -1.54534e-005 -1.88298e-007 -1.88298e-007
9.61 -0.000116334 6.91462e-006 -1.41604e-005 -1.89797e-007 -1.89797e-007
9.62 -0.000114758 9.40946e-006 -1.27001e-005 -1.85889e-007 -1.85889e-007
9.63 -0.000112923 1.21039e-005 -1.13677e-005 -1.77179e-007 -1.77179e-007
9.64 -0.00011079 1.49512e-005 -1.02908e-005 -1.64292e-007 -1.64292e-007
9.65 -0.000108151 1.80196e-005 -9.3371e-006 -1.47636e-007 -1.47636e-007
9.66 -0.000104903 2.13702e-005 -8.30396e-006 -1.27397e-007 -1.27397e-007
9.67 -0.000101136 2.49741e-005 -7.09391e-006 -1.0379e-007 -1.0379e-007
9.68 -9.69504e-005 2.87408e-005 -5.77792e-006 -7.73668e-008 -7.73668e-008
9.69 -9.2661e-005 3.24997e-005 -4.53317e-006 -4.90594e-008 -4.90594e-008
9.7 -8.82972e-005 3.61452e-005 -3.40466e-006 -1.99107e-008 -1.99107e-008
9.71 -8.38579e-005 3.96192e-005 -2.43473e-006 9.25184e-009 9.25184e-009
9.72 -7.9255e-005 4.28444e-005 -1.58306e-006 3.78445e-008 3.78445e-008
9.73 -7.44047e-005 4.57232e-005 -9.09854e-007 6.52511e-008 6.52511e-008
9.74 -6.9415e-005 4.81973e-005 -4.11694e-007 9.0593e-008 9.0593e-008
9.75 -6.42156e-005 5.03414e-005 -1.65888e-008 1.12789e-007 1.12789e-007
9.76 -5.84576e-005 5.22648e-005 2.75623e-007 1.30807e-007 1.30807e-007
9.77 -5.22193e-005 5.39701e-005 3.3597e-007 1.43799e-007 1.43799e-007
9.78 -4.59049e-005 5.53629e-005 -4.90722e-008 1.51052e-007 1.51052e-007
9.79 -3.97433e-005 5.63946e-005 -1.04864e-006 1.52031e-007 1.52031e-007
9.8 -3.40008e-005 5.70707e-005 -2.55234e-006 1.46674e-007 1.46674e-007
9.81 -2.84792e-005 5.74769e-005 -4.28144e-006 1.35643e-007 1.35643e-007
9.82 -2.3262e-005 5.76993e-005 -5.8551e-006 1.20286e-007 1.20286e-007
9.83 -1.8189e-005 5.78402e-005 -6.90296e-006 1.02287e-007 1.02287e-007
9.84 -1.33091e-005 5.79191e-005 -7.17143e-006 8.32174e-008 8.32174e-008
9.85 -8.69044e-006 5.79184e-005 -6.6045e-006 6.42101e-008 6.42101e-008
9.86 -4.1764e-006 5.78043e-005 -5.26844e-006 4.59278e-008 4.59278e-008
9.87 3.44731e-007 5.75553e-005 -3.20271e-006 2.87317e-008 2.87317e-008
9.88 4.98316e-006 5.71666e-005 -4.35222e-007 1.28802e-008 1.28802e-008
9.89 1.00309e-005 5.66323e-005 2.99261e-006 -1.37692e-009 -1.37692e-009
9.9 1.52317e-005 5.59321e-005 6.8034e-006 -1.38143e-008 -1.38143e-008
9.91 2.04403e-005 5.50728e-005 1.08096e-005 -2.4254e-008 -2.4254e-008
9.92 2.58468e-005 5.40997e-005 1.49699e-005 -3.25212e-008 -3.25212e-008
9.93 3.15958e-005 5.30752e-005 1.92893e-005 -3.83887e-008 -3.83887e-008
9.94 3.78163e-005 5.20161e-005 2.38113e-005 -4.15694e-008 -4.15694e-008
9.95 4.4608e-005 5.09103e-005 2.84801e-005 -4.17585e-008 -4.17585e-008
9.96 5.19405e-005 4.97474e-005 3.32125e-005 -3.86879e-008 -3.86879e-008
9.97 5.97078e-005 4.85697e-005 3.78553e-005 -3.21214e-008 -3.21214e-008
9.98 6.79506e-005 4.73816e-005 4.22918e-005 -2.18255e-008 -2.18255e-008
9.99 7.60728e-005 4.6165e-005 4.63103e-005 -7.65046e-009 -7.65046e-009
10 8.37811e-005 4.47223e-005 4.97268e-005 1.02577e-008 1.02577e-008
