0.1 -11.9025 20.4655 3.63394 -0.34869 -0.34869
0.2 -23.805 40.9138 7.26994 -0.698311 -0.698311
0.3 -35.7072 61.3447 10.9081 -1.04889 -1.04889
0.4 -47.6094 81.7582 14.5483 -1.40044 -1.40044
0.5 -59.5114 102.154 18.1907 -1.753 -1.753
0.6 -71.4133 122.533 21.8354 -2.10658 -2.10658
0.7 -83.3151 142.894 25.4823 -2.46122 -2.46122
0.8 -95.2169 163.237 29.1315 -2.81695 -2.81695
0.9 -107.119 183.563 32.7831 -3.17378 -3.17378
1 -119.021 203.832 36.4395 -3.58743 -3.58743
0.01 -119.023 203.61 36.3764 -3.59525 -3.59525
0.02 -119.031 202.984 36.2028 -3.63635 -3.63635
0.03 -119.043 202.277 36.0045 -3.73261 -3.73261
0.04 -119.057 201.781 35.8382 -3.86833 -3.86833
0.05 -119.073 201.503 35.6792 -4.00257 -4.00257
0.06 -119.092 201.419 35.5155 -4.11023 -4.11023
0.07 -119.111 201.509 35.3549 -4.19262 -4.19262
0.08 -119.131 201.757 35.2165 -4.2561 -4.2561
0.09 -119.15 202.143 35.1205 -4.2959 -4.2959
0.1 -119.166 202.642 35.078 -4.30136 -4.30136
0.11 -119.18 203.218 35.0878 -4.26882 -4.26882
0.12 -119.19 203.841 35.1348 -4.20601 -4.20601
0.13 -119.198 204.487 35.1994 -4.12821 -4.12821
0.14 -119.203 205.144 35.2552 -4.05408 -4.05408
0.15 -119.205 205.801 35.2846 -4.00399 -4.00399
0.16 -119.205 206.44 35.2827 -3.99675 -3.99675
0.17 -119.203 207.042 35.2581 -4.04254 -4.04254
0.18 -119.199 207.603 35.2218 -4.13656 -4.13656
0.19 -119.192 208.139 35.1789 -4.25755 -4.25755
0.2 -119.184 208.677 35.1285 -4.37332 -4.37332
0.21 -119.174 209.236 35.0699 -4.45273 -4.45273
0.22 -119.163 209.82 35.0111 -4.47748 -4.47748
0.23 -119.149 210.411 34.9655 -4.44572 -4.44572
0.24 -119.133 210.985 34.9405 -4.36788 -4.36788
0.25 -119.114 211.517 34.9312 -4.2595 -4.2595
0.26 -119.092 211.993 34.9298 -4.13459 -4.13459
0.27 -119.069 212.442 34.9428 -4.00216 -4.00216
0.28 -119.043 212.935 34.9906 -3.86532 -3.86532
0.29 -119.014 213.551 35.0744 -3.7231 -3.7231
0.3 -118.983 214.353 35.172 -3.57464 -3.57464
0.31 -118.951 215.373 35.2636 -3.41989 -3.41989
0.32 -118.917 216.6 35.3529 -3.25339 -3.25339
0.33 -118.882 217.969 35.4476 -3.06036 -3.06036
0.34 -118.847 219.399 35.551 -2.82264 -2.82264
0.35 -118.811 220.842 35.6619 -2.52949 -2.52949
0.36 -118.776 222.282 35.7714 -2.18306 -2.18306
0.37 -118.742 223.701 35.8736 -1.79677 -1.79677
0.38 -118.708 225.055 35.9823 -1.38966 -1.38966
0.39 -118.675 226.281 36.119 -0.980891 -0.980891
0.4 -118.642 227.342 36.2817 -0.587088 -0.587088
0.41 -118.609 228.248 36.4454 -0.222021 -0.222021
0.42 -118.575 229.028 36.5847 0.104845 0.104845
0.43 -118.542 229.701 36.6944 0.393086 0.393086
0.44 -118.508 230.262 36.7946 0.654249 0.654249
0.45 -118.472 230.707 36.9062 0.90663 0.90663
0.46 -118.436 231.069 37.0357 1.16376 1.16376
0.47 -118.398 231.395 37.1871 1.42724 1.42724
0.48 -118.36 231.703 37.3664 1.68904 1.68904
0.49 -118.32 231.964 37.5674 1.93692 1.93692
0.5 -118.281 232.148 37.8015 2.15891 2.15891
0.51 -118.24 232.245 38.0949 2.34902 2.34902
0.52 -118.198 232.234 38.4552 2.50975 2.50975
0.53 -118.156 232.089 38.8916 2.64877 2.64877
0.54 -118.112 231.837 39.424 2.77745 2.77745
0.55 -118.066 231.585 40.0731 2.91343 2.91343
0.56 -118.018 231.403 40.7908 3.07566 3.07566
0.57 -117.97 231.235 41.4819 3.26634 3.26634
0.58 -117.925 230.947 42.0366 3.45778 3.45778
0.59 -117.885 230.499 42.4267 3.6066 3.6066
0.6 -117.852 229.98 42.7006 3.68728 3.68728
0.61 -117.824 229.495 42.8981 3.70877 3.70877
0.62 -117.803 229.064 43.0063 3.69504 3.69504
0.63 -117.788 228.66 43.0658 3.66185 3.66185
0.64 -117.774 228.267 43.1955 3.62441 3.62441
0.65 -117.759 227.829 43.4227 3.6113 3.6113
0.66 -117.744 227.256 43.6453 3.64732 3.64732
0.67 -117.732 226.545 43.792 3.73268 3.73268
0.68 -117.72 225.732 43.8873 3.8596 3.8596
0.69 -117.709 224.802 43.9834 4.0391 4.0391
0.7 -117.699 223.734 44.1067 4.29286 4.29286
0.71 -117.69 222.584 44.2575 4.62001 4.62001
0.72 -117.683 221.464 44.3819 4.97856 4.97856
0.73 -117.679 220.424 44.3905 5.29572 5.29572
0.74 -117.683 219.376 44.2359 5.49567 5.49567
0.75 -117.695 218.14 43.9472 5.53042 5.53042
0.76 -117.716 216.633 43.5918 5.40054 5.40054
0.77 -117.745 214.944 43.2536 5.1573 5.1573
0.78 -117.779 213.248 43.0469 4.88759 4.88759
0.79 -117.815 211.656 43.0665 4.68637 4.68637
0.8 -117.848 210.162 43.3088 4.61873 4.61873
0.81 -117.88 208.745 43.699 4.68857 4.68857
0.82 -117.909 207.47 44.1548 4.83988 4.83988
0.83 -117.936 206.417 44.6119 4.99028 4.99028
0.84 -117.962 205.564 45.0454 5.06744 5.06744
0.85 -117.985 204.855 45.5002 5.02799 5.02799
0.86 -118.001 204.257 46.0597 4.86107 4.86107
0.87 -118.011 203.635 46.6879 4.57166 4.57166
0.88 -118.018 202.791 47.2191 4.14632 4.14632
0.89 -118.024 201.725 47.6001 3.54996 3.54996
0.9 -118.025 200.689 47.9715 2.7837 2.7837
0.91 -118.017 199.878 48.4804 1.93688 1.93688
0.92 -118 199.119 49.0833 1.14976 1.14976
0.93 -117.978 198.003 49.6126 0.517164 0.517164
0.94 -117.955 196.388 50.0004 0.0477305 0.0477305
0.95 -117.93 194.635 50.2842 -0.28358 -0.28358
0.96 -117.904 193.29 50.4924 -0.478754 -0.478754
0.97 -117.878 192.526 50.5875 -0.532567 -0.532567
0.98 -117.857 192.015 50.4509 -0.488242 -0.488242
0.99 -117.844 191.418 50.0378 -0.443301 -0.443301
1 -117.838 190.76 49.4616 -0.475042 -0.475042
1.01 -117.836 190.28 48.7609 -0.57149 -0.57149
1.02 -117.843 190.143 47.8667 -0.653 -0.653
1.03 -117.854 190.305 46.915 -0.631303 -0.631303
1.04 -117.86 190.531 46.2624 -0.417966 -0.417966
1.05 -117.857 190.588 46.0775 0.0801612 0.0801612
1.06 -117.847 190.418 46.1651 0.90722 0.90722
1.07 -117.834 190.163 46.2687 2.00124 2.00124
1.08 -117.819 190.103 46.3891 3.23325 3.23325
1.09 -117.8 190.401 46.6549 4.50283 4.50283
1.1 -117.779 190.821 46.9816 5.75251 5.75251
1.11 -117.765 190.946 47.1946 6.89486 6.89486
1.12 -117.756 190.677 47.4154 7.80435 7.80435
1.13 -117.742 190.35 47.9573 8.41983 8.41983
1.14 -117.72 190.44 48.8469 8.79908 8.79908
1.15 -117.688 191.331 49.9208 9.04121 9.04121
1.16 -117.64 193.157 51.2042 9.21344 9.21344
1.17 -117.572 195.537 52.7477 9.37058 9.37058
1.18 -117.482 197.724 54.492 9.57618 9.57618
1.19 -117.375 199.212 56.2911 9.86161 9.86161
1.2 -117.257 200.054 57.8778 10.1781 10.1781
1.21 -117.141 200.652 58.9917 10.4045 10.4045
1.22 -117.037 201.375 59.4936 10.4023 10.4023
1.23 -116.951 202.388 59.372 10.0677 10.0677
1.24 -116.884 203.694 58.7838 9.35526 9.35526
1.25 -116.829 205.272 58.0797 8.29943 8.29943
1.26 -116.772 207.132 57.6243 7.03437 7.03437
1.27 -116.701 209.224 57.561 5.77711 5.77711
1.28 -116.609 211.415 57.837 4.76648 4.76648
1.29 -116.498 213.498 58.256 4.20203 4.20203
1.3 -116.375 215.242 58.5917 4.21019 4.21019
1.31 -116.244 216.572 58.8531 4.84044 4.84044
1.32 -116.108 217.69 59.1831 6.07508 6.07508
1.33 -115.972 218.934 59.523 7.81089 7.81089
1.34 -115.838 220.648 59.8541 9.83948 9.83948
1.35 -115.696 222.938 60.532 11.9165 11.9165
1.36 -115.535 225.358 61.8385 13.8743 13.8743
1.37 -115.357 227.232 63.511 15.6297 15.6297
1.38 -115.179 228.336 64.9244 17.1094 17.1094
1.39 -115.021 229.131 65.5794 18.2605 18.2605
1.4 -114.895 230.332 65.3805 19.1747 19.1747
1.41 -114.814 231.97 64.5163 20.1385 20.1385
1.42 -114.777 233.198 63.4165 21.4872 21.4872
1.43 -114.772 233.338 62.7177 23.3962 23.3962
1.44 -114.784 232.526 62.7199 25.7798 25.7798
1.45 -114.812 231.394 63.0017 28.2993 28.2993
1.46 -114.865 230.492 62.8351 30.4451 30.4451
1.47 -114.95 229.778 61.8749 31.7202 31.7202
1.48 -115.073 228.541 60.2266 31.8618 31.8618
1.49 -115.242 226.002 57.8593 30.9106 30.9106
1.5 -115.474 222.066 54.5773 29.0793 29.0793
1.51 -115.763 217.56 50.8634 26.6348 26.6348
1.52 -116.07 213.644 48.0554 23.9478 23.9478
1.53 -116.355 210.773 47.1334 21.4882 21.4882
1.54 -116.602 208.483 47.8445 19.5492 19.5492
1.55 -116.812 206.273 49.3348 17.9659 17.9659
1.56 -116.991 204.109 50.9901 16.2462 16.2462
1.57 -117.146 202.166 52.4815 14.0096 14.0096
1.58 -117.293 200.669 53.4977 11.2501 11.2501
1.59 -117.454 199.788 53.6766 8.20838 8.20838
1.6 -117.657 199.316 52.6673 5.08027 5.08027
1.61 -117.918 198.426 50.4721 1.86007 1.86007
1.62 -118.231 196.277 47.8539 -1.58114 -1.58114
1.63 -118.555 193.343 46.12 -5.28549 -5.28549
1.64 -118.832 191.568 46.4145 -9.0514 -9.0514
1.65 -119.012 192.448 48.9488 -12.4671 -12.4671
1.66 -119.075 195.451 52.8053 -15.1195 -15.1195
1.67 -119.034 198.57 56.5906 -16.7856 -16.7856
1.68 -118.916 200.108 59.2465 -17.4241 -17.4241
1.69 -118.76 199.761 60.2668 -17.0429 -17.0429
1.7 -118.606 198.1 59.5583 -15.684 -15.684
1.71 -118.476 195.61 57.5989 -13.5618 -13.5618
1.72 -118.369 192.639 55.4073 -11.1275 -11.1275
1.73 -118.264 189.674 53.8164 -8.9412 -8.9412
1.74 -118.142 187.245 52.9041 -7.48834 -7.48834
1.75 -117.991 185.826 52.3173 -7.04315 -7.04315
1.76 -117.805 185.773 51.7412 -7.52714 -7.52714
1.77 -117.593 187.03 50.7875 -8.4002 -8.4002
1.78 -117.395 188.821 48.8507 -8.75141 -8.75141
1.79 -117.25 190.08 45.7675 -7.5984 -7.5984
1.8 -117.175 190.486 42.3199 -4.19902 -4.19902
1.81 -117.162 190.791 39.5391 1.7017 1.7017
1.82 -117.196 192.003 37.9646 9.63379 9.63379
1.83 -117.25 194.488 37.6551 18.3089 18.3089
1.84 -117.293 197.824 38.5056 25.939 25.939
1.85 -117.299 201.135 40.2672 30.9321 30.9321
1.86 -117.262 203.613 42.2917 32.5339 32.5339
1.87 -117.188 205.3 44.0725 31.0625 31.0625
1.88 -117.064 207.437 46.3145 27.7949 27.7949
1.89 -116.864 211.394 50.2697 24.6143 24.6143
1.9 -116.603 217.05 55.602 23.2772 23.2772
1.91 -116.343 222.833 60.331 24.4638 24.4638
1.92 -116.146 227.196 62.919 27.3692 27.3692
1.93 -116.05 229.528 63.0825 30.2651 30.2651
1.94 -116.077 229.999 61.0313 31.4526 31.4526
1.95 -116.237 229.108 57.0901 29.8346 29.8346
1.96 -116.513 227.581 52.0868 25.0595 25.0595
1.97 -116.852 226.315 47.4096 17.5847 17.5847
1.98 -117.203 225.876 44.0839 8.64534 8.64534
1.99 -117.535 226.176 42.0031 -0.136214 -0.136214
2 -117.847 226.639 40.2773 -7.38745 -7.38745
2.01 -118.15 226.457 38.0618 -12.3987 -12.3987
2.02 -118.453 224.86 35.1261 -15.0904 -15.0904
2.03 -118.763 221.325 31.5874 -15.7875 -15.7875
2.04 -119.091 215.899 27.4023 -15.131 -15.131
2.05 -119.433 209.648 22.8616 -14.0699 -14.0699
2.06 -119.767 204.181 18.838 -13.6659 -13.6659
2.07 -120.081 200.307 15.6976 -14.7815 -14.7815
2.08 -120.398 197.602 12.7803 -17.9141 -17.9141
2.09 -120.752 195.284 9.34468 -23.1082 -23.1082
2.1 -121.164 193.228 5.45847 -29.7327 -29.7327
2.11 -121.638 191.913 1.77395 -36.3307 -36.3307
2.12 -122.176 191.51 -1.4508 -41.0005 -41.0005
2.13 -122.791 191.598 -4.64183 -42.2871 -42.2871
2.14 -123.484 191.616 -8.21418 -39.9327 -39.9327
2.15 -124.239 191.256 -11.9235 -34.9224 -34.9224
2.16 -125.009 190.682 -14.8115 -28.921 -28.921
2.17 -125.739 190.375 -16.1247 -23.6319 -23.6319
2.18 -126.404 190.602 -16.5441 -20.4684 -20.4684
2.19 -127.006 191.258 -17.5598 -20.4404 -20.4404
2.2 -127.534 192.211 -19.4929 -23.884 -23.884
2.21 -127.958 193.352 -21.4168 -30.1049 -30.1049
2.22 -128.262 194.329 -22.7004 -37.5189 -37.5189
2.23 -128.463 194.671 -23.598 -44.4544 -44.4544
2.24 -128.585 194.266 -24.598 -49.9545 -49.9545
2.25 -128.65 193.475 -25.8602 -53.9285 -53.9285
2.26 -128.682 192.683 -27.4861 -56.7936 -56.7936
2.27 -128.697 192.125 -29.4715 -59.1344 -59.1344
2.28 -128.691 192.067 -31.1258 -61.5267 -61.5267
2.29 -128.64 192.678 -31.5571 -64.3803 -64.3803
2.3 -128.533 193.872 -30.6165 -67.8264 -67.8264
2.31 -128.369 195.484 -28.6529 -71.7143 -71.7143
2.32 -128.141 197.364 -25.8698 -75.6164 -75.6164
2.33 -127.849 199.283 -22.4764 -78.8471 -78.8471
2.34 -127.498 201.057 -18.9908 -80.6594 -80.6594
2.35 -127.103 202.671 -16.0818 -80.5917 -80.5917
2.36 -126.672 204.244 -14.1915 -78.6832 -78.6832
2.37 -126.219 205.803 -13.5632 -75.3914 -75.3914
2.38 -125.757 207.295 -14.1434 -71.3398 -71.3398
2.39 -125.28 208.944 -14.9409 -67.0544 -67.0544
2.4 -124.764 210.946 -14.4734 -62.7732 -62.7732
2.41 -124.198 212.837 -11.901 -58.4405 -58.4405
2.42 -123.576 213.99 -7.03916 -53.838 -53.838
2.43 -122.909 214.463 -0.418747 -48.6567 -48.6567
2.44 -122.237 214.831 6.28988 -42.534 -42.534
2.45 -121.617 215.509 11.3606 -35.1781 -35.1781
2.46 -121.074 216.488 14.6757 -26.4633 -26.4633
2.47 -120.595 217.449 17.4844 -16.4075 -16.4075
2.48 -120.155 217.993 20.8563 -5.22993 -5.22993
2.49 -119.737 217.879 24.8708 6.42605 6.42605
2.5 -119.338 217.001 28.8197 17.395 17.395
2.51 -118.96 215.417 31.9028 26.2909 26.2909
2.52 -118.608 213.509 33.7215 32.0833 32.0833
2.53 -118.292 211.707 34.2724 34.5427 34.5427
2.54 -118.014 210.184 34.0186 34.3003 34.3003
2.55 -117.762 208.906 33.8394 32.5939 32.5939
2.56 -117.522 207.71 34.5382 30.8598 30.8598
2.57 -117.281 206.451 36.4367 30.2543 30.2543
2.58 -117.038 205.109 39.3358 31.2309 31.2309
2.59 -116.802 203.542 42.7195 33.3663 33.3663
2.6 -116.588 201.394 46.0895 35.5501 35.5501
2.61 -116.404 198.59 49.2607 36.4741 36.4741
2.62 -116.244 195.698 52.3745 35.2008 35.2008
2.63 -116.095 193.42 55.7283 31.5333 31.5333
2.64 -115.948 191.578 59.2569 25.9889 25.9889
2.65 -115.825 188.878 62.0421 19.3904 19.3904
2.66 -115.763 184.214 63.0779 12.403 12.403
2.67 -115.786 178.116 62.3377 5.4329 5.4329
2.68 -115.89 172.504 60.6963 -1.12161 -1.12161
2.69 -116.062 168.995 59.1143 -6.71057 -6.71057
2.7 -116.289 167.528 57.8046 -10.8503 -10.8503
2.71 -116.565 166.639 56.3976 -13.4854 -13.4854
2.72 -116.871 164.923 54.9872 -15.0271 -15.0271
2.73 -117.167 162.328 54.4698 -15.9631 -15.9631
2.74 -117.417 160.192 55.4183 -16.4751 -16.4751
2.75 -117.626 159.905 57.0719 -16.487 -16.487
2.76 -117.818 161.641 58.2554 -15.9658 -15.9658
2.77 -118.01 164.566 58.4895 -14.9894 -14.9894
2.78 -118.213 168.163 57.6593 -13.5646 -13.5646
2.79 -118.427 172.916 55.8453 -11.5727 -11.5727
2.8 -118.628 179.378 53.7769 -8.92982 -8.92982
2.81 -118.788 186.817 52.1124 -5.75862 -5.75862
2.82 -118.904 193.411 50.5643 -2.4676 -2.4676
2.83 -118.996 197.74 48.4281 0.336885 0.336885
2.84 -119.089 199.768 45.3027 2.16189 2.16189
2.85 -119.196 200.462 41.4358 2.97601 2.97601
2.86 -119.322 200.832 37.3763 3.261 3.261
2.87 -119.472 201.566 33.362 3.66953 3.66953
2.88 -119.638 203.036 29.7059 4.61438 4.61438
2.89 -119.789 204.989 27.1732 6.16702 6.16702
2.9 -119.893 206.59 26.2687 8.18605 8.18605
2.91 -119.934 207.339 26.7086 10.3505 10.3505
2.92 -119.91 207.729 27.7882 12.1038 12.1038
2.93 -119.829 208.575 28.8013 12.7674 12.7674
2.94 -119.705 210.082 29.3153 11.8553 11.8553
2.95 -119.554 211.965 29.3093 9.34822 9.34822
2.96 -119.394 213.98 28.9235 5.69903 5.69903
2.97 -119.253 215.75 28.0961 1.54798 1.54798
2.98 -119.163 216.506 26.6361 -2.65068 -2.65068
2.99 -119.148 215.705 24.7547 -6.78947 -6.78947
3 -119.202 213.768 23.385 -10.9241 -10.9241
3.01 -119.292 211.853 23.666 -14.9578 -14.9578
3.02 -119.382 210.89 26.1015 -18.5456 -18.5456
3.03 -119.441 210.906 30.3723 -21.2944 -21.2944
3.04 -119.459 211.167 35.4641 -23.0089 -23.0089
3.05 -119.453 210.993 39.8311 -23.77 -23.77
3.06 -119.46 210.317 42.1869 -23.8387 -23.8387
3.07 -119.496 209.249 42.6372 -23.4646 -23.4646
3.08 -119.544 207.703 42.5852 -22.727 -22.727
3.09 -119.585 205.516 43.042 -21.6075 -21.6075
3.1 -119.618 202.605 43.5969 -20.2993 -20.2993
3.11 -119.646 199.517 43.4429 -19.3546 -19.3546
3.12 -119.643 197.575 42.9229 -19.3037 -19.3037
3.13 -119.557 197.805 43.4644 -20.0318 -20.0318
3.14 -119.358 199.928 45.7001 -20.6483 -20.6483
3.15 -119.078 202.458 48.3855 -20.0845 -20.0845
3.16 -118.785 203.64 49.5983 -17.7731 -17.7731
3.17 -118.559 202.335 48.0207 -13.7569 -13.7569
3.18 -118.459 198.359 43.5258 -8.38156 -8.38156
3.19 -118.489 192.456 37.7607 -2.07687 -2.07687
3.2 -118.593 185.707 33.3508 4.62546 4.62546
3.21 -118.706 178.503 31.6786 10.9604 10.9604
3.22 -118.797 170.298 31.8899 15.8683 15.8683
3.23 -118.864 160.636 32.0833 18.2546 18.2546
3.24 -118.923 149.99 30.8592 17.5946 17.5946
3.25 -119.001 139.514 27.7341 14.4234 14.4234
3.26 -119.132 130.768 22.9829 10.2082 10.2082
3.27 -119.331 125.6 17.7737 6.69558 6.69558
3.28 -119.584 125.192 13.7814 5.24006 5.24006
3.29 -119.872 128.944 11.9919 6.35826 6.35826
3.3 -120.182 134.6 12.2526 9.46799 9.46799
3.31 -120.499 139.611 14.0676 12.9426 12.9426
3.32 -120.793 142.543 17.428 14.6995 14.6995
3.33 -121.035 143.334 22.3322 13.1269 13.1269
3.34 -121.236 142.487 27.5936 7.73879 7.73879
3.35 -121.441 140.686 31.3686 -0.789112 -0.789112
3.36 -121.681 139.269 33.0239 -10.934 -10.934
3.37 -121.95 140.071 33.5449 -20.7174 -20.7174
3.38 -122.211 144.306 34.5819 -28.2829 -28.2829
3.39 -122.412 151.663 37.4674 -32.6481 -32.6481
3.4 -122.515 160.273 42.1595 -34.199 -34.199
3.41 -122.526 167.558 46.8338 -34.5441 -34.5441
3.42 -122.48 171.63 49.2536 -35.7452 -35.7452
3.43 -122.404 172.358 48.6035 -39.2758 -39.2758
3.44 -122.302 171.041 45.7112 -45.2698 -45.2698
3.45 -122.172 169.107 41.9314 -52.5349 -52.5349
3.46 -122.018 167.321 38.0825 -59.2832 -59.2832
3.47 -121.859 165.855 34.229 -63.9966 -63.9966
3.48 -121.712 164.566 30.2096 -65.8751 -65.8751
3.49 -121.586 163.209 26.0908 -64.7964 -64.7964
3.5 -121.489 161.445 21.7751 -61.1286 -61.1286
3.51 -121.442 158.937 16.7074 -55.6433 -55.6433
3.52 -121.446 156.098 10.908 -49.3487 -49.3487
3.53 -121.465 154.357 5.54532 -43.0162 -43.0162
3.54 -121.46 154.997 1.70958 -36.7418 -36.7418
3.55 -121.427 157.976 -0.815684 -30.104 -30.104
3.56 -121.408 161.926 -3.45416 -22.8299 -22.8299
3.57 -121.466 165.166 -7.47473 -15.2527 -15.2527
3.58 -121.636 166.79 -12.6789 -8.08096 -8.08096
3.59 -121.913 166.908 -17.4049 -1.78069 -1.78069
3.6 -122.242 166.483 -19.436 3.76508 3.76508
3.61 -122.547 167.028 -17.3461 9.03199 9.03199
3.62 -122.78 169.763 -11.7537 14.2964 14.2964
3.63 -122.947 174.82 -5.14417 19.1943 19.1943
3.64 -123.085 181.269 0.115614 22.79 22.79
3.65 -123.22 187.776 3.54542 24.1861 24.1861
3.66 -123.358 193.27 6.22024 23.1694 23.1694
3.67 -123.499 196.956 9.24671 20.2635 20.2635
3.68 -123.638 198.278 13.0185 16.1619 16.1619
3.69 -123.763 197.696 17.3149 11.1509 11.1509
3.7 -123.861 196.935 21.3729 4.99267 4.99267
3.71 -123.924 197.833 24.1936 -2.82172 -2.82172
3.72 -123.943 201.414 25.343 -12.7222 -12.7222
3.73 -123.902 207.555 25.229 -24.7095 -24.7095
3.74 -123.788 214.731 24.4962 -38.0992 -38.0992
3.75 -123.603 221.007 23.5159 -51.5415 -51.5415
3.76 -123.36 225.598 22.3139 -63.3736 -63.3736
3.77 -123.076 228.941 20.8784 -72.1651 -72.1651
3.78 -122.764 231.798 19.3348 -77.2283 -77.2283
3.79 -122.439 234.833 17.68 -78.8793 -78.8793
3.8 -122.113 238.555 15.806 -78.2757 -78.2757
3.81 -121.784 242.947 13.7777 -76.8155 -76.8155
3.82 -121.445 246.93 11.7453 -75.4092 -75.4092
3.83 -121.08 248.86 9.95209 -74.0865 -74.0865
3.84 -120.679 248.426 8.66795 -72.1079 -72.1079
3.85 -120.254 247.611 7.56949 -68.4113 -68.4113
3.86 -119.845 248.669 5.96819 -62.1103 -62.1103
3.87 -119.496 251.797 3.7286 -52.7983 -52.7983
3.88 -119.238 255.624 1.31638 -40.5907 -40.5907
3.89 -119.091 259.035 -0.79648 -26.0499 -26.0499
3.9 -119.065 261.849 -2.66823 -10.1332 -10.1332
3.91 -119.173 263.994 -5.05756 5.85631 5.85631
3.92 -119.43 264.594 -8.90362 20.4364 20.4364
3.93 -119.836 262.702 -14.1164 32.3217 32.3217
3.94 -120.35 258.606 -19.035 40.9202 40.9202
3.95 -120.911 253.347 -21.6038 46.5748 46.5748
3.96 -121.464 247.612 -20.7277 50.2378 50.2378
3.97 -121.963 241.914 -16.4709 52.812 52.812
3.98 -122.363 236.877 -9.45271 54.7231 54.7231
3.99 -122.627 232.752 -0.366769 55.9313 55.9313
4 -122.747 228.798 9.50566 56.0624 56.0624
4.01 -122.771 223.415 17.9896 54.3478 54.3478
4.02 -122.768 215.688 23.4607 49.6249 49.6249
4.03 -122.787 206.653 25.8618 40.792 40.792
4.04 -122.868 198.116 25.7077 27.4351 27.4351
4.05 -123.045 191.126 23.4702 10.0034 10.0034
4.06 -123.305 186.094 20.3926 -10.451 -10.451
4.07 -123.593 182.858 18.3024 -32.4991 -32.4991
4.08 -123.863 180.075 17.9166 -54.491 -54.491
4.09 -124.095 175.52 18.5418 -74.8574 -74.8574
4.1 -124.283 167.54 19.3822 -92.3764 -92.3764
4.11 -124.426 155.984 19.9602 -106.16 -106.16
4.12 -124.525 142.168 20.0204 -115.572 -115.572
4.13 -124.571 128.31 19.9521 -120.337 -120.337
4.14 -124.543 116.297 20.1986 -120.773 -120.773
4.15 -124.449 106.792 20.1447 -117.942 -117.942
4.16 -124.315 99.5578 18.6192 -113.53 -113.53
4.17 -124.171 94.18 14.928 -109.301 -109.301
4.18 -124.035 90.2759 9.36687 -106.315 -106.315
4.19 -123.908 87.3092 3.33158 -104.378 -104.378
4.2 -123.778 84.4769 -1.52631 -102.056 -102.056
4.21 -123.638 81.3269 -4.18069 -97.2623 -97.2623
4.22 -123.478 78.4696 -4.08251 -88.0462 -88.0462
4.23 -123.293 76.8613 -1.2479 -73.2177 -73.2177
4.24 -123.099 76.7005 3.61395 -52.7521 -52.7521
4.25 -122.89 77.7501 10.3277 -27.883 -27.883
4.26 -122.632 79.8609 19.5316 -0.750464 -0.750464
4.27 -122.291 82.8304 31.1912 26.1656 26.1656
4.28 -121.842 86.5199 44.4129 50.4778 50.4778
4.29 -121.26 90.9006 58.1892 70.2112 70.2112
4.3 -120.55 95.6451 70.9268 84.0725 84.0725
4.31 -119.762 100.351 80.4311 91.5236 91.5236
4.32 -118.951 105.195 85.5952 92.7355 92.7355
4.33 -118.144 110.664 87.2523 88.6463 88.6463
4.34 -117.344 116.609 87.2846 80.9644 80.9644
4.35 -116.539 122.136 87.6621 71.7868 71.7868
4.36 -115.705 126.658 89.8117 62.9212 62.9212
4.37 -114.835 130.674 93.924 55.3195 55.3195
4.38 -113.945 135.173 98.9937 48.9062 48.9062
4.39 -113.083 140.284 103.433 42.8236 42.8236
4.4 -112.306 144.979 105.906 35.9439 35.9439
4.41 -111.647 148.419 106.386 27.4877 27.4877
4.42 -111.091 150.993 106.112 17.5285 17.5285
4.43 -110.587 153.953 106.618 7.06428 7.06428
4.44 -110.054 158.517 109.282 -2.42597 -2.42597
4.45 -109.419 164.977 114.624 -9.63529 -9.63529
4.46 -108.667 172.46 121.121 -13.9625 -13.9625
4.47 -107.862 179.982 125.836 -15.6916 -15.6916
4.48 -107.092 187.305 126.86 -15.5916 -15.5916
4.49 -106.428 194.281 124.466 -14.1015 -14.1015
4.5 -105.924 200.202 120.212 -10.8156 -10.8156
4.51 -105.595 204.645 116.188 -4.74175 -4.74175
4.52 -105.412 208.253 114.715 5.00924 5.00924
4.53 -105.326 211.684 117.061 18.6662 18.6662
4.54 -105.309 214.469 122.777 35.5567 35.5567
4.55 -105.339 215.879 130.682 54.2512 54.2512
4.56 -105.405 216.077 139.231 73.1089 73.1089
4.57 -105.522 215.872 146.479 90.8978 90.8978
4.58 -105.694 216.092 151.259 107.113 107.113
4.59 -105.887 217.501 154.151 121.941 121.941
4.6 -106.037 220.736 156.76 135.92 135.92
4.61 -106.099 225.575 159.806 149.286 149.286
4.62 -106.083 230.365 162.164 161.23 161.23
4.63 -106.032 233.258 162.464 169.768 169.768
4.64 -105.953 234.24 161.235 172.687 172.687
4.65 -105.822 235.308 160.344 169.016 169.016
4.66 -105.626 238.732 160.511 159.664 159.664
4.67 -105.398 245.371 160.576 146.751 146.751
4.68 -105.184 254.301 159.104 132.457 132.457
4.69 -105.019 263.831 155.937 118.428 118.428
4.7 -104.903 272.88 152.486 105.798 105.798
4.71 -104.803 281.314 150.822 95.2414 95.2414
4.72 -104.688 289.207 151.775 86.7597 86.7597
4.73 -104.554 296.613 153.943 79.4455 79.4455
4.74 -104.406 303.945 155.211 71.728 71.728
4.75 -104.234 311.704 154.503 62.2233 62.2233
4.76 -104.013 320.194 152.1 50.605 50.605
4.77 -103.709 329.697 149.453 37.8474 37.8474
4.78 -103.299 340.134 147.947 25.771 25.771
4.79 -102.819 350.509 147.22 16.2452 16.2452
4.8 -102.35 359.393 145.837 10.5436 10.5436
4.81 -101.969 366.067 143.04 9.22859 9.22859
4.82 -101.735 370.942 138.737 12.3836 12.3836
4.83 -101.68 374.93 133.563 19.7125 19.7125
4.84 -101.757 378.574 129.878 30.5314 30.5314
4.85 -101.873 381.887 130.36 43.9566 43.9566
4.86 -101.999 384.376 134.097 59.0548 59.0548
4.87 -102.211 385.472 136.486 74.6596 74.6596
4.88 -102.592 385.551 134.226 89.4015 89.4015
4.89 -103.144 385.638 128.288 102.429 102.429
4.9 -103.815 385.97 121.857 114.028 114.028
4.91 -104.552 386.041 116.862 125.126 125.126
4.92 -105.323 386.178 113.063 136.088 136.088
4.93 -106.092 387.927 109.474 146.174 146.174
4.94 -106.841 392.173 104.99 154.043 154.043
4.95 -107.602 397.646 98.0231 158.411 158.411
4.96 -108.43 401.855 87.702 158.239 158.239
4.97 -109.347 402.861 75.4302 152.913 152.913
4.98 -110.348 399.892 63.5252 142.687 142.687
4.99 -111.452 393.353 52.477 128.761 128.761
5 -112.689 385.292 41.3953 112.65 112.65
5.01 -114.04 378.69 30.5358 95.5065 95.5065
5.02 -115.442 374.727 21.2291 77.9753 77.9753
5.03 -116.837 371.595 14.1276 60.2172 60.2172
5.04 -118.183 366.802 8.96211 41.8586 41.8586
5.05 -119.455 359.381 4.71387 22.2202 22.2202
5.06 -120.683 349.556 -0.937956 0.864267 0.864267
5.07 -121.938 338.265 -10.3548 -22.0318 -22.0318
5.08 -123.254 327.298 -23.3129 -45.6643 -45.6643
5.09 -124.615 318.408 -37.2965 -68.8049 -68.8049
5.1 -125.999 312.195 -50.1209 -90.2382 -90.2382
5.11 -127.374 308.362 -60.5029 -109.27 -109.27
5.12 -128.675 306.687 -67.1085 -125.752 -125.752
5.13 -129.84 306.923 -69.7511 -139.584 -139.584
5.14 -130.895 307.741 -71.0617 -150.485 -150.485
5.15 -131.919 307.067 -74.5044 -158.292 -158.292
5.16 -132.967 304.2 -81.0939 -163.079 -163.079
5.17 -134.062 300.51 -89.7544 -164.758 -164.758
5.18 -135.217 297.914 -99.3859 -162.94 -162.94
5.19 -136.414 297.929 -108.84 -157.443 -157.443
5.2 -137.563 301.651 -115.847 -148.773 -148.773
5.21 -138.522 308.694 -117.837 -137.984 -137.984
5.22 -139.177 315.854 -114.345 -126.35 -126.35
5.23 -139.476 318.542 -107.103 -115.275 -115.275
5.24 -139.415 313.998 -98.3222 -106.054 -106.054
5.25 -139.045 302.465 -90.1774 -99.2504 -99.2504
5.26 -138.455 286.151 -84.1378 -94.2576 -94.2576
5.27 -137.718 267.84 -79.8432 -89.5646 -89.5646
5.28 -136.887 249.51 -75.983 -83.6216 -83.6216
5.29 -136.014 231.85 -72.0363 -75.8559 -75.8559
5.3 -135.125 215.383 -67.6429 -67.2057 -67.2057
5.31 -134.188 201.185 -61.5637 -59.6562 -59.6562
5.32 -133.156 189.658 -52.9388 -55.114 -55.114
5.33 -132.008 179.669 -42.1464 -54.5287 -54.5287
5.34 -130.732 169.452 -29.8254 -57.6072 -57.6072
5.35 -129.301 157.835 -15.7135 -62.8276 -62.8276
5.36 -127.675 144.497 1.22411 -67.6588 -67.6588
5.37 -125.861 129.601 20.4349 -69.3427 -69.3427
5.38 -123.96 113.694 38.4061 -66.2577 -66.2577
5.39 -122.093 97.5975 51.9949 -58.8771 -58.8771
5.4 -120.296 82.0039 62.1215 -49.2579 -49.2579
5.41 -118.523 67.5717 72.345 -39.5439 -39.5439
5.42 -116.716 55.4971 84.9794 -31.0306 -31.0306
5.43 -114.87 47.3162 98.8213 -24.3664 -24.3664
5.44 -113.046 43.4989 110.386 -19.9812 -19.9812
5.45 -111.306 42.5951 117.936 -17.7421 -17.7421
5.46 -109.653 42.2636 123.458 -16.0707 -16.0707
5.47 -108.061 40.8254 130.404 -11.7754 -11.7754
5.48 -106.501 37.6284 141.123 -1.27228 -1.27228
5.49 -104.942 32.6727 156.333 17.6537 17.6537
5.5 -103.378 26.0626 174.559 44.8083 44.8083
5.51 -101.858 17.9919 192.22 77.6141 77.6141
5.52 -100.432 9.72926 206.606 111.968 111.968
5.53 -99.1004 3.47266 217.763 143.649 143.649
5.54 -97.8575 0.551761 226.498 169.602 169.602
5.55 -96.7194 1.21258 232.875 188.443 188.443
5.56 -95.7113 5.78622 236.528 200.341 200.341
5.57 -94.8736 14.122 236.878 206.733 206.733
5.58 -94.2557 24.2419 233.672 209.876 209.876
5.59 -93.8982 32.989 227.552 212.05 212.05
5.6 -93.8373 38.2296 219.338 214.635 214.635
5.61 -94.1158 40.1133 209.169 217.593 217.593
5.62 -94.7498 40.6085 197.422 219.732 219.732
5.63 -95.6775 42.3717 186.23 219.683 219.683
5.64 -96.7742 47.6873 178.555 216.789 216.789
5.65 -97.9343 57.6668 175.279 211.061 211.061
5.66 -99.1337 71.8176 173.943 202.277 202.277
5.67 -100.421 88.2714 170.614 189.391 189.391
5.68 -101.847 105.057 163.223 171.177 171.177
5.69 -103.405 121.654 153.099 147.606 147.606
5.7 -105.03 139.201 143.264 120.513 120.513
5.71 -106.653 158.988 135.597 92.7148 92.7148
5.72 -108.219 181.027 130.02 66.3362 66.3362
5.73 -109.669 204.153 126.31 41.917 41.917
5.74 -110.906 227.307 125.869 19.0068 19.0068
5.75 -111.81 250.612 131.201 -2.55563 -2.55563
5.76 -112.295 275.055 143.571 -22.0031 -22.0031
5.77 -112.346 301.29 161.558 -38.0572 -38.0572
5.78 -112.019 328.965 181.712 -49.6948 -49.6948
5.79 -111.444 356.906 199.365 -56.5474 -56.5474
5.8 -110.814 383.126 209.031 -59.0127 -59.0127
5.81 -110.324 405.764 206.926 -58.306 -58.306
5.82 -110.029 425.306 195.003 -56.0631 -56.0631
5.83 -109.776 444.992 181.241 -53.2559 -53.2559
5.84 -109.327 467.289 173.034 -49.4008 -49.4008
5.85 -108.551 490.171 170.961 -43.2274 -43.2274
5.86 -107.457 508.377 170.184 -34.128 -34.128
5.87 -106.131 518.216 165.821 -22.4893 -22.4893
5.88 -104.7 520.032 155.554 -8.55638 -8.55638
5.89 -103.295 517.061 140.114 8.57102 8.57102
5.9 -101.999 512.647 122.758 30.6283 30.6283
5.91 -100.849 508.217 106.952 58.9319 58.9319
5.92 -99.8416 503.551 94.9714 93.1803 93.1803
5.93 -98.9125 497.915 88.5379 131.053 131.053
5.94 -97.9789 489.944 88.4015 168.698 168.698
5.95 -97.0136 477.834 93.0361 201.698 201.698
5.96 -96.088 460.776 98.6349 226.205 226.205
5.97 -95.3384 439.927 101.405 240.225 240.225
5.98 -94.8972 417.767 100.039 244.732 244.732
5.99 -94.8827 396.365 94.9501 243.671 243.671
6 -95.4526 375.841 85.1749 242.003 242.003
6.01 -96.8184 354.353 67.5288 242.573 242.573
6.02 -99.1616 329.372 39.7488 244.069 244.069
6.03 -102.565 298.117 2.72036 241.696 241.696
6.04 -107.009 258.388 -40.4908 229.814 229.814
6.05 -112.373 211.179 -86.0441 204.554 204.554
6.06 -118.457 161.373 -130.625 165.169 165.169
6.07 -125.009 115.36 -171.84 114.046 114.046
6.08 -131.78 77.848 -208.168 55.8273 55.8273
6.09 -138.566 50.5004 -239.402 -3.96561 -3.96561
6.1 -145.255 31.668 -266.873 -60.5796 -60.5796
6.11 -151.768 18.026 -290.952 -111.303 -111.303
6.12 -157.991 6.2821 -309.635 -155.714 -155.714
6.13 -163.775 -5.97436 -320.13 -195.179 -195.179
6.14 -168.914 -19.1346 -319.401 -232.241 -232.241
6.15 -173.116 -31.4781 -303.722 -269.854 -269.854
6.16 -176.075 -41.056 -270.498 -310.344 -310.344
6.17 -177.574 -47.0655 -220.506 -354.531 -354.531
6.18 -177.524 -50.1334 -157.278 -401.35 -401.35
6.19 -175.991 -53.0557 -86.2726 -447.843 -447.843
6.2 -173.199 -61.0896 -14.0725 -489.556 -489.556
6.21 -169.414 -78.8182 54.8027 -521.472 -521.472
6.22 -164.798 -105.765 120.695 -539.139 -539.139
6.23 -159.363 -135.904 187.297 -539.722 -539.722
6.24 -153.066 -162.162 256.527 -523.032 -523.032
6.25 -145.951 -182.053 324.41 -492.395 -492.395
6.26 -138.234 -199.527 380.981 -454.482 -454.482
6.27 -130.313 -222.032 414.13 -417.318 -417.318
6.28 -122.652 -254.497 415.888 -386.878 -386.878
6.29 -115.561 -295.547 388.975 -363.776 -363.776
6.3 -109.079 -337.898 346.422 -341.973 -341.973
6.31 -103.099 -373.543 301.935 -310.928 -310.928
6.32 -97.6262 -398.32 259.052 -260.919 -260.919
6.33 -92.8843 -411.815 210.498 -188.478 -188.478
6.34 -89.26 -414.846 145.35 -98.108 -98.108
6.35 -87.1451 -408.654 57.455 0.676074 0.676074
6.36 -86.7467 -393.725 -49.0419 98.4747 98.4747
6.37 -87.9197 -367.744 -158.565 190.099 190.099
6.38 -90.1648 -325.702 -249.474 275.921 275.921
6.39 -92.9297 -265.643 -307.909 359.923 359.923
6.4 -95.9492 -192.817 -336.45 445.144 445.144
6.41 -99.1787 -116.151 -345.406 529.831 529.831
6.42 -102.563 -43.0457 -339.958 607.932 607.932
6.43 -106.005 20.3884 -319.08 673.083 673.083
6.44 -109.385 68.7062 -279.92 721.696 721.696
6.45 -112.504 99.7505 -219.343 753.056 753.056
6.46 -115.08 115.877 -135.382 767.832 767.832
6.47 -116.888 120.914 -30.9073 766.405 766.405
6.48 -117.901 117.055 84.8633 747.122 747.122
6.49 -118.259 105.006 200.872 705.249 705.249
6.5 -118.159 85.7353 309.698 634.435 634.435
6.51 -117.79 61.5954 407.779 530.623 530.623
6.52 -117.319 35.4991 492.063 395.606 395.606
6.53 -116.955 8.42004 556.388 237.314 237.314
6.54 -116.963 -20.0025 592.263 66.6604 66.6604
6.55 -117.515 -47.7591 595.744 -106.316 -106.316
6.56 -118.591 -69.1151 571.091 -274.286 -274.286
6.57 -120.005 -77.1849 527.74 -432.401 -432.401
6.58 -121.486 -67.0125 475.083 -577.377 -577.377
6.59 -122.77 -37.4647 418.456 -706.57 -706.57
6.6 -123.701 8.63892 356.811 -817.191 -817.191
6.61 -124.267 67.4299 284.732 -905.976 -905.976
6.62 -124.556 137.077 197.379 -969.381 -969.381
6.63 -124.719 217.983 93.5707 -1004.06 -1004.06
6.64 -124.923 310.627 -23.3355 -1007.38 -1007.38
6.65 -125.3 412.651 -145.89 -977.767 -977.767
6.66 -125.924 517.776 -265.463 -915.05 -915.05
6.67 -126.842 618.5 -375.189 -820.679 -820.679
6.68 -127.986 707.896 -468.913 -697.737 -697.737
6.69 -129.179 782.49 -540.379 -550.485 -550.485
6.7 -130.179 840.612 -584.104 -383.567 -383.567
6.71 -130.807 879.618 -597.606 -201.358 -201.358
6.72 -131.016 895.854 -582.919 -7.94735 -7.94735
6.73 -130.851 888.491 -543.858 192.552 192.552
6.74 -130.361 863.614 -483.189 395.852 395.852
6.75 -129.53 832.016 -402.937 596.973 596.973
6.76 -128.3 804.179 -305.943 788.852 788.852
6.77 -126.523 786.487 -194.618 961.214 961.214
6.78 -124.002 780.507 -71.7859 1101.41 1101.41
6.79 -120.627 784.951 56.8022 1197.18 1197.18
6.8 -116.456 797.601 181.949 1239.74 1239.74
6.81 -111.687 817.041 294.291 1225.71 1225.71
6.82 -106.59 843.104 387.913 1157.87 1157.87
6.83 -101.462 875.56 459.963 1044.47 1044.47
6.84 -96.6799 912.378 507.561 896.994 896.994
6.85 -92.5994 950.462 528.43 726.867 726.867
6.86 -89.4208 987.694 524.68 543.154 543.154
6.87 -87.1332 1023.41 502.678 352.218 352.218
6.88 -85.6226 1056.8 467.657 158.33 158.33
6.89 -84.7913 1085.34 419.654 -36.0286 -36.0286
6.9 -84.5862 1105.97 355.498 -229.583 -229.583
6.91 -84.9223 1117.85 274.498 -420.204 -420.204
6.92 -85.6553 1124.02 180.442 -602.089 -602.089
6.93 -86.7238 1128.32 76.7363 -764.959 -764.959
6.94 -88.2804 1130.38 -37.7312 -896.889 -896.889
6.95 -90.6304 1124.7 -165.362 -988.653 -988.653
6.96 -94.023 1104.77 -302.717 -1035.89 -1035.89
6.97 -98.5175 1068.49 -439.411 -1038.08 -1038.08
6.98 -104.04 1019.39 -563.119 -996.774 -996.774
6.99 -110.445 963.679 -664.88 -915.151 -915.151
7 -117.552 907.728 -739.033 -798.193 -798.193
7.01 -125.048 857.079 -779.272 -651.556 -651.556
7.02 -132.471 816.365 -778.131 -479.387 -479.387
7.03 -139.418 786.03 -734.119 -283.78 -283.78
7.04 -145.757 759.277 -655.973 -67.421 -67.421
7.05 -151.664 722.791 -560.659 162.604 162.604
7.06 -157.407 663.724 -463.918 393.412 393.412
7.07 -163.082 577.727 -371.332 608.718 608.718
7.08 -168.546 469.339 -280.449 792.707 792.707
7.09 -173.548 346.389 -189.043 931.997 931.997
7.1 -177.865 215.447 -99.9126 1015.29 1015.29
7.11 -181.35 82.1311 -19.6478 1033.46 1033.46
7.12 -183.954 -47.401 45.4381 981.874 981.874
7.13 -185.776 -167.918 90.7096 863.446 863.446
7.14 -187.055 -277.274 112.805 689.373 689.373
7.15 -188.094 -375.092 110.437 476.384 476.384
7.16 -189.179 -460.724 85.28 242.16 242.16
7.17 -190.456 -533.029 41.6118 1.36548 1.36548
7.18 -191.893 -591.657 -14.7244 -236.7 -236.7
7.19 -193.287 -636.499 -77.3843 -468.683 -468.683
7.2 -194.311 -667.536 -141.137 -695.924 -695.924
7.21 -194.602 -684.824 -202.587 -921.517 -921.517
7.22 -193.783 -688.309 -258.309 -1146.18 -1146.18
7.23 -191.528 -677.628 -303.855 -1364.35 -1364.35
7.24 -187.67 -654.317 -337.311 -1562.77 -1562.77
7.25 -182.318 -622.298 -360.048 -1723 -1723
7.26 -175.789 -587.14 -375.419 -1826.76 -1826.76
7.27 -168.496 -553.606 -384.652 -1861.02 -1861.02
7.28 -160.839 -524.435 -385.736 -1820.79 -1820.79
7.29 -153.155 -500.782 -375.872 -1709.3 -1709.3
7.3 -145.672 -482.988 -352.168 -1536.31 -1536.31
7.31 -138.412 -470.634 -309.939 -1315.1 -1315.1
7.32 -131.247 -463.179 -244.633 -1058.88 -1058.88
7.33 -124.168 -462.746 -159.654 -778.441 -778.441
7.34 -117.501 -474.902 -69.7813 -482.324 -482.324
7.35 -111.79 -504.087 7.26941 -178.117 -178.117
7.36 -107.435 -549.834 64.6694 127.621 127.621
7.37 -104.542 -603.153 107.558 430.455 430.455
7.38 -102.937 -653.625 145.059 727.251 727.251
7.39 -102.392 -695.724 179.829 1012.1 1012.1
7.4 -102.679 -727.562 207.68 1272.35 1272.35
7.41 -103.488 -746.176 225.477 1489.46 1489.46
7.42 -104.448 -746.085 235.13 1644.97 1644.97
7.43 -105.259 -722.373 240.571 1727.02 1727.02
7.44 -105.918 -675.147 240.29 1732.88 1732.88
7.45 -106.761 -609.349 226.497 1667.24 1667.24
7.46 -108.222 -530.481 193.383 1539.42 1539.42
7.47 -110.545 -441.246 144.77 1361.92 1361.92
7.48 -113.63 -341.406 94.0775 1149.18 1149.18
7.49 -117.081 -229.313 56.7341 914.748 914.748
7.5 -120.41 -103.203 40.9739 667.458 667.458
7.51 -123.181 37.9163 45.4652 409.891 409.891
7.52 -125.011 193.881 65.1194 141.206 141.206
7.53 -125.564 361.922 95.9467 -137.106 -137.106
7.54 -124.667 535.363 134.318 -417.103 -417.103
7.55 -122.328 707.38 175.961 -685.083 -685.083
7.56 -118.923 867.92 210.922 -926.027 -926.027
7.57 -114.984 1007.13 229.033 -1128.19 -1128.19
7.58 -110.946 1118.84 228.768 -1284.62 -1284.62
7.59 -106.829 1203.17 222.753 -1391.37 -1391.37
7.6 -102.337 1264.4 227.769 -1445.33 -1445.33
7.61 -97.2173 1305.21 250.333 -1445.04 -1445.04
7.62 -91.4979 1324.6 281.821 -1393.2 -1393.2
7.63 -85.4474 1319.94 307.876 -1296.39 -1296.39
7.64 -79.4322 1291.05 320.112 -1160.46 -1160.46
7.65 -73.7623 1241.56 320.568 -985.666 -985.666
7.66 -68.5932 1178.78 318.747 -766.936 -766.936
7.67 -63.9339 1112.1 325.04 -499.667 -499.667
7.68 -59.7946 1048.56 342.404 -186.733 -186.733
7.69 -56.2733 990.977 363.697 158.01 158.01
7.7 -53.4047 940.875 379.696 511.622 511.622
7.71 -51.0477 902.089 388.049 848.378 848.378
7.72 -48.9438 879.386 392.31 1146.89 1146.89
7.73 -46.9364 875.032 394.688 1394.13 1394.13
7.74 -45.0565 888.311 393.821 1585.64 1585.64
7.75 -43.4099 918.015 389.624 1724.03 1724.03
7.76 -42.0638 963.479 386.267 1817.27 1817.27
7.77 -41.0681 1023.06 388.971 1875.59 1875.59
7.78 -40.5422 1093 398.369 1906.11 1906.11
7.79 -40.6718 1167.82 408.935 1908.14 1908.14
7.8 -41.6196 1241.47 413.19 1873.11 1873.11
7.81 -43.3872 1309.1 407.899 1790 1790
7.82 -45.7111 1369.26 397.523 1652.44 1652.44
7.83 -48.0634 1423.15 392.704 1462.91 1462.91
7.84 -49.7939 1472.01 404.587 1231.99 1231.99
7.85 -50.4139 1512.81 436.751 974.273 974.273
7.86 -49.6861 1537.79 485.118 704.314 704.314
7.87 -47.5626 1539.26 543.253 435.101 435.101
7.88 -44.2334 1511.39 603.34 178.419 178.419
7.89 -40.0722 1451.28 656.85 -55.4991 -55.4991
7.9 -35.6475 1356.61 694.373 -259.904 -259.904
7.91 -31.5595 1227.18 708.712 -433.101 -433.101
7.92 -28.3215 1067.28 699.515 -577.279 -577.279
7.93 -26.2613 886.956 673.314 -695.011 -695.011
7.94 -25.4564 700.115 641.53 -786.13 -786.13
7.95 -25.9151 519.896 612.5 -847.064 -847.064
7.96 -27.6836 354.548 587.24 -872.416 -872.416
7.97 -30.8854 207.708 560.679 -856.856 -856.856
7.98 -35.667 80.5928 526.001 -795.887 -795.887
7.99 -42.0709 -26.7633 479.778 -686.124 -686.124
8 -49.9958 -113.919 424.133 -526.549 -526.549
8.01 -59.2246 -181.932 363.024 -321.126 -321.126
8.02 -69.6037 -234.761 295.877 -81.5618 -81.5618
8.03 -81.0322 -276.988 219.411 172.125 172.125
8.04 -93.3395 -310.209 133.679 415.252 415.252
8.05 -106.122 -330.631 46.0326 625.4 625.4
8.06 -118.928 -333.854 -35.4715 788.389 788.389
8.07 -131.506 -320.27 -110.225 899.585 899.585
8.08 -143.802 -295.546 -183.552 961.398 961.398
8.09 -155.801 -266.661 -257.556 980.698 980.698
8.1 -167.376 -239.197 -326.455 967.627 967.627
8.11 -178.318 -217.571 -381.57 933.577 933.577
8.12 -188.406 -205.204 -416.833 886.571 886.571
8.13 -197.386 -204.636 -429.741 826.634 826.634
8.14 -204.949 -218.74 -421.018 745.374 745.374
8.15 -210.806 -252.145 -394.043 630.444 630.444
8.16 -214.753 -310.126 -354.02 471.565 471.565
8.17 -216.708 -394.896 -307.272 264.564 264.564
8.18 -216.73 -502.674 -260.02 12.6497 12.6497
8.19 -215.01 -623.875 -217.002 -273.91 -273.91
8.2 -211.852 -747.474 -182.467 -579.051 -579.051
8.21 -207.697 -866.892 -160.677 -883.371 -883.371
8.22 -203.033 -979.005 -154.473 -1167.84 -1167.84
8.23 -198.345 -1083.5 -165.555 -1417.8 -1417.8
8.24 -194.107 -1181.73 -194.417 -1625.28 -1625.28
8.25 -190.657 -1275.68 -238.444 -1788.56 -1788.56
8.26 -188.238 -1364.91 -292.932 -1909.37 -1909.37
8.27 -186.997 -1447.31 -353.334 -1989.44 -1989.44
8.28 -187.027 -1519.31 -416.79 -2028.51 -2028.51
8.29 -188.37 -1577.79 -481.097 -2024.24 -2024.24
8.3 -190.98 -1619.8 -544.391 -1973.39 -1973.39
8.31 -194.791 -1643.27 -606.956 -1873.62 -1873.62
8.32 -199.75 -1648.66 -671.635 -1725.12 -1725.12
8.33 -205.726 -1635.97 -740.575 -1531.88 -1531.88
8.34 -212.464 -1604.2 -812.596 -1301.63 -1301.63
8.35 -219.754 -1552.32 -886.669 -1045.16 -1045.16
8.36 -227.401 -1479.95 -961.504 -775.538 -775.538
8.37 -235.282 -1390.07 -1036.89 -507.029 -507.029
8.38 -243.343 -1289.6 -1111.43 -253.425 -253.425
8.39 -251.441 -1187.73 -1179.83 -25.9521 -25.9521
8.4 -259.469 -1094.35 -1235.27 168.36 168.36
8.41 -267.309 -1018.86 -1272.83 326.718 326.718
8.42 -274.848 -968.962 -1291.75 448.843 448.843
8.43 -281.989 -948.916 -1293.85 534.827 534.827
8.44 -288.605 -959.065 -1282.17 583.878 583.878
8.45 -294.547 -997.095 -1260.52 593.889 593.889
8.46 -299.688 -1058.76 -1233.17 561.229 561.229
8.47 -303.915 -1137.58 -1203.71 481.082 481.082
8.48 -307.115 -1225.62 -1174.84 349.05 349.05
8.49 -309.282 -1315.17 -1150.52 163.21 163.21
8.5 -310.552 -1399.76 -1136.71 -74.7591 -74.7591
8.51 -311.11 -1473.98 -1137.42 -359.424 -359.424
8.52 -311.114 -1532.17 -1150.09 -681.38 -681.38
8.53 -310.655 -1569.16 -1166.59 -1026.78 -1026.78
8.54 -309.769 -1582.28 -1179.09 -1378 -1378
8.55 -308.498 -1571.79 -1184.64 -1716.41 -1716.41
8.56 -306.977 -1540.07 -1184.79 -2025.71 -2025.71
8.57 -305.35 -1491.11 -1184.65 -2293.86 -2293.86
8.58 -303.772 -1426.92 -1187.38 -2512.99 -2512.99
8.59 -302.355 -1346.63 -1192.37 -2678.16 -2678.16
8.6 -301.152 -1249.1 -1198.57 -2786.57 -2786.57
8.61 -300.253 -1136.11 -1208.8 -2837.9 -2837.9
8.62 -299.752 -1012.35 -1228.54 -2834.77 -2834.77
8.63 -299.644 -883.777 -1260.72 -2781.87 -2781.87
8.64 -299.944 -756.258 -1306.13 -2684.08 -2684.08
8.65 -300.563 -636.601 -1363.67 -2545.13 -2545.13
8.66 -301.411 -531.172 -1431.29 -2367.67 -2367.67
8.67 -302.366 -443.926 -1504.78 -2153.84 -2153.84
8.68 -303.296 -376.55 -1577.08 -1905.71 -1905.71
8.69 -304.091 -329.273 -1641.26 -1625.98 -1625.98
8.7 -304.705 -302.912 -1692.81 -1319.15 -1319.15
8.71 -305.127 -297.023 -1730.42 -993.194 -993.194
8.72 -305.329 -307.348 -1752.5 -660.198 -660.198
8.73 -305.125 -326.045 -1752.85 -334.886 -334.886
8.74 -304.187 -345.293 -1725.01 -31.5529 -31.5529
8.75 -302.336 -361.821 -1669.15 237.742 237.742
8.76 -299.515 -375.95 -1591.91 462.575 462.575
8.77 -295.713 -387.471 -1502.02 633.668 633.668
8.78 -290.891 -391.767 -1403.64 744.281 744.281
8.79 -284.915 -379.289 -1294.12 792.346 792.346
8.8 -277.587 -340.074 -1168.05 781.157 781.157
8.81 -268.699 -268.135 -1021.37 717.785 717.785
8.82 -258.091 -163.272 -853.809 610.424 610.424
8.83 -245.742 -30.6483 -670.815 466.352 466.352
8.84 -231.867 120.205 -484.497 290.97 290.97
8.85 -216.924 277.615 -311.892 87.8157 87.8157
8.86 -201.454 432.285 -167.959 -140.157 -140.157
8.87 -185.996 579.905 -61.17 -387.788 -387.788
8.88 -171.212 720.022 10.0518 -645.809 -645.809
8.89 -157.019 862.28 60.4232 -901.443 -901.443
8.9 -143.311 1006.4 101.258 -1139.69 -1139.69
8.91 -129.77 1151.64 138.963 -1345.32 -1345.32
8.92 -116.23 1292.98 173.305 -1505.75 -1505.75
8.93 -102.445 1425.3 203.991 -1612.15 -1612.15
8.94 -88.2337 1545.36 233.658 -1658.11 -1658.11
8.95 -73.5477 1650.33 264.65 -1637.77 -1637.77
8.96 -58.3601 1735.35 299.961 -1545.88 -1545.88
8.97 -42.853 1795.26 340.57 -1379.84 -1379.84
8.98 -27.0945 1832.3 387.178 -1142.14 -1142.14
8.99 -11.32 1851.12 441.156 -841.359 -841.359
9 4.19611 1855.72 500.856 -491.399 -491.399
9.01 19.1578 1848.9 564.281 -109.175 -109.175
9.02 33.1176 1834.95 628.964 288.789 288.789
9.03 46.0324 1817.89 698.781 689.716 689.716
9.04 57.6506 1801.38 773.689 1086.24 1086.24
9.05 67.9195 1789.12 852 1475.09 1475.09
9.06 76.8046 1779.83 933.771 1854.08 1854.08
9.07 84.2872 1772.88 1016.45 2219.45 2219.45
9.08 90.458 1764.14 1101.08 2564.04 2564.04
9.09 95.3943 1748.75 1188.52 2876.57 2876.57
9.1 99.3382 1723.59 1278.13 3142.31 3142.31
9.11 102.477 1687.25 1367.4 3344.82 3344.82
9.12 105.013 1640.48 1449.44 3468.56 3468.56
9.13 107.141 1585.56 1518.67 3501.67 3501.67
9.14 108.905 1526.92 1569.45 3438.68 3438.68
9.15 110.423 1467.65 1602.66 3282.19 3282.19
9.16 111.686 1411.91 1621.87 3043.31 3043.31
9.17 112.662 1362.26 1630.6 2739.84 2739.84
9.18 113.117 1317.61 1627.31 2392.26 2392.26
9.19 112.7 1273.18 1607.34 2019.35 2019.35
9.2 111.124 1222.43 1568.88 1635.89 1635.89
9.21 108.226 1158.66 1516.32 1253.13 1253.13
9.22 103.977 1078.78 1457.07 880.229 880.229
9.23 98.4476 983.517 1397.26 525.094 525.094
9.24 91.712 875.836 1338.84 194.562 194.562
9.25 83.8189 758.946 1279.64 -105.189 -105.189
9.26 74.789 635.307 1215.81 -367.829 -367.829
9.27 64.6794 507.461 1146.16 -586.184 -586.184
9.28 53.6855 380.408 1074.87 -752.121 -752.121
9.29 42.0983 259.454 1009.37 -857.305 -857.305
9.3 30.2113 146.048 954.532 -895.097 -895.097
9.31 18.2147 38.6862 910.069 -863.239 -863.239
9.32 6.2344 -64.7155 873.185 -765.57 -765.57
9.33 -5.68512 -165.619 842.013 -611.278 -611.278
9.34 -17.5428 -261.974 814.995 -412.688 -412.688
9.35 -29.4615 -353.212 789.633 -183.478 -183.478
9.36 -41.5413 -438.176 764.216 62.5547 62.5547
9.37 -53.8906 -516.496 737.998 312.994 312.994
9.38 -66.5467 -587.136 709.76 558.106 558.106
9.39 -79.4846 -647.851 677.611 790.609 790.609
9.4 -92.6116 -695.939 639.425 1003.92 1003.92
9.41 -105.665 -726.204 596.313 1190.58 1190.58
9.42 -118.242 -733.004 551.644 1342.35 1342.35
9.43 -129.977 -714.47 505.53 1451.3 1451.3
9.44 -140.566 -673.429 454.393 1510.51 1510.51
9.45 -149.853 -616.766 392.896 1514.47 1514.47
9.46 -157.745 -552.903 317.796 1459.73 1459.73
9.47 -164.129 -488.074 230.951 1345.61 1345.61
9.48 -168.968 -424.544 139.121 1174.62 1174.62
9.49 -172.451 -362.378 47.7048 952.327 952.327
9.5 -174.883 -301.924 -42.8156 686.538 686.538
9.51 -176.309 -244.904 -133.837 386.22 386.22
9.52 -177.012 -194.781 -230.771 60.7087 60.7087
9.53 -177.408 -152.351 -335.294 -279.494 -279.494
9.54 -177.635 -113.89 -437.851 -620.897 -620.897
9.55 -177.752 -74.5303 -525.934 -946.784 -946.784
9.56 -177.677 -30.5027 -589.926 -1239.92 -1239.92
9.57 -177.369 20.1394 -626.659 -1486.38 -1486.38
9.58 -176.774 80.1559 -638.348 -1677.64 -1677.64
9.59 -175.812 153.966 -626.298 -1810.04 -1810.04
9.6 -174.351 245.521 -591.449 -1882.98 -1882.98
9.61 -172.331 354.402 -538.326 -1897.97 -1897.97
9.62 -169.849 476.715 -477.763 -1858.89 -1858.89
9.63 -167.14 607.299 -422.206 -1771.79 -1771.79
9.64 -164.426 741.714 -377.751 -1642.92 -1642.92
9.65 -161.807 880.224 -341.79 -1476.36 -1476.36
9.66 -159.239 1025.72 -307.432 -1273.97 -1273.97
9.67 -156.634 1178.65 -269.837 -1037.9 -1037.9
9.68 -153.984 1335.87 -231.183 -773.668 -773.668
9.69 -151.336 1491.5 -196.784 -490.594 -490.594
9.7 -148.64 1641.16 -168.058 -199.107 -199.107
9.71 -145.805 1781.92 -143.153 92.5184 92.5184
9.72 -142.71 1910.33 -121.374 378.445 378.445
9.73 -139.233 2021.86 -103.834 652.511 652.511
9.74 -135.273 2115.34 -91.1604 905.93 905.93
9.75 -130.645 2195 -81.6782 1127.89 1127.89
9.76 -125.207 2263.61 -74.4442 1308.07 1308.07
9.77 -118.993 2321.77 -74.1157 1437.99 1437.99
9.78 -112.248 2367.01 -88.1523 1510.52 1510.52
9.79 -105.186 2397.54 -121.456 1520.31 1520.31
9.8 -98.0728 2414.32 -171.08 1466.74 1466.74
9.81 -91.0713 2419.49 -227.038 1356.43 1356.43
9.82 -84.2853 2417.86 -277.684 1202.86 1202.86
9.83 -77.7319 2413.41 -310.914 1022.87 1022.87
9.84 -71.4043 2407.57 -319.386 832.174 832.174
9.85 -65.298 2399.8 -301.507 642.101 642.101
9.86 -59.4182 2387.03 -257.455 459.278 459.278
9.87 -53.6729 2367.64 -188.146 287.317 287.317
9.88 -47.9334 2341.19 -94.6597 128.802 128.802
9.89 -42.0484 2307.33 19.5509 -13.7692 -13.7692
9.9 -36.1089 2265.89 145.798 -138.143 -138.143
9.91 -30.1509 2217.5 278.104 -242.54 -242.54
9.92 -24.12 2164.52 413.567 -325.212 -325.212
9.93 -17.8912 2109.39 552.451 -383.887 -383.887
9.94 -11.308 2052.78 696.248 -415.694 -415.694
9.95 -4.30937 1994.69 842.383 -417.585 -417.585
9.96 3.19775 1934.96 988.196 -386.879 -386.879
9.97 11.2021 1875.4 1129.01 -321.214 -321.214
9.98 19.6668 1816.43 1261.61 -218.255 -218.255
9.99 28.4604 1755.3 1382.11 -76.5046 -76.5046
10 37.2379 1687.48 1483.08 102.577 102.577
