0.1 -0.0359407 -1.23934e-006
0.2 -0.071943 -2.48079e-006
0.3 -0.108007 -3.72437e-006
0.4 -0.144132 -4.97007e-006
0.5 -0.180319 -6.21789e-006
0.6 -0.216567 -7.46782e-006
0.7 -0.252876 -8.71986e-006
0.8 -0.289246 -9.974e-006
0.9 -0.325677 -1.12302e-005
1 -0.361955 -1.24812e-005
0.01 -0.361443 -1.24635e-005
0.02 -0.360011 -1.24142e-005
0.03 -0.358499 -1.2362e-005
0.04 -0.357727 -1.23354e-005
0.05 -0.357775 -1.23371e-005
0.06 -0.358555 -1.2364e-005
0.07 -0.359918 -1.2411e-005
0.08 -0.361706 -1.24726e-005
0.09 -0.363759 -1.25434e-005
0.1 -0.365915 -1.26178e-005
0.11 -0.368063 -1.26918e-005
0.12 -0.37014 -1.27634e-005
0.13 -0.372199 -1.28345e-005
0.14 -0.37433 -1.29079e-005
0.15 -0.376612 -1.29866e-005
0.16 -0.379008 -1.30692e-005
0.17 -0.381407 -1.3152e-005
0.18 -0.383725 -1.32319e-005
0.19 -0.385981 -1.33097e-005
0.2 -0.388276 -1.33888e-005
0.21 -0.390669 -1.34713e-005
0.22 -0.393107 -1.35554e-005
0.23 -0.395453 -1.36363e-005
0.24 -0.397566 -1.37092e-005
0.25 -0.399377 -1.37716e-005
0.26 -0.40089 -1.38238e-005
0.27 -0.402183 -1.38684e-005
0.28 -0.403435 -1.39115e-005
0.29 -0.404955 -1.3964e-005
0.3 -0.407115 -1.40384e-005
0.31 -0.410145 -1.41429e-005
0.32 -0.413969 -1.42748e-005
0.33 -0.418275 -1.44233e-005
0.34 -0.422719 -1.45765e-005
0.35 -0.427116 -1.47281e-005
0.36 -0.431463 -1.4878e-005
0.37 -0.435743 -1.50256e-005
0.38 -0.439724 -1.51629e-005
0.39 -0.443071 -1.52783e-005
0.4 -0.445662 -1.53677e-005
0.41 -0.44768 -1.54372e-005
0.42 -0.449391 -1.54962e-005
0.43 -0.450884 -1.55477e-005
0.44 -0.452028 -1.55872e-005
0.45 -0.452692 -1.56101e-005
0.46 -0.452956 -1.56192e-005
0.47 -0.452991 -1.56204e-005
0.48 -0.452841 -1.56152e-005
0.49 -0.452424 -1.56008e-005
0.5 -0.451568 -1.55713e-005
0.51 -0.4501 -1.55207e-005
0.52 -0.447882 -1.54442e-005
0.53 -0.444786 -1.53375e-005
0.54 -0.440794 -1.51998e-005
0.55 -0.436216 -1.50419e-005
0.56 -0.431542 -1.48808e-005
0.57 -0.42706 -1.47262e-005
0.58 -0.422829 -1.45803e-005
0.59 -0.418901 -1.44449e-005
0.6 -0.415388 -1.43237e-005
0.61 -0.412483 -1.42236e-005
0.62 -0.410305 -1.41485e-005
0.63 -0.408498 -1.40861e-005
0.64 -0.406358 -1.40124e-005
0.65 -0.40349 -1.39135e-005
0.66 -0.400091 -1.37962e-005
0.67 -0.39652 -1.36731e-005
0.68 -0.392826 -1.35457e-005
0.69 -0.38866 -1.34021e-005
0.7 -0.383796 -1.32344e-005
0.71 -0.378453 -1.30501e-005
0.72 -0.373379 -1.28751e-005
0.73 -0.369284 -1.27339e-005
0.74 -0.366126 -1.2625e-005
0.75 -0.363084 -1.25201e-005
0.76 -0.359513 -1.2397e-005
0.77 -0.3553 -1.22517e-005
0.78 -0.350476 -1.20854e-005
0.79 -0.344875 -1.18922e-005
0.8 -0.338422 -1.16697e-005
0.81 -0.331386 -1.14271e-005
0.82 -0.324484 -1.11891e-005
0.83 -0.318396 -1.09792e-005
0.84 -0.313214 -1.08005e-005
0.85 -0.308513 -1.06384e-005
0.86 -0.303735 -1.04736e-005
0.87 -0.298566 -1.02954e-005
0.88 -0.293141 -1.01083e-005
0.89 -0.287801 -9.92416e-006
0.9 -0.28278 -9.75105e-006
0.91 -0.277957 -9.58471e-006
0.92 -0.272722 -9.40421e-006
0.93 -0.266279 -9.18202e-006
0.94 -0.258461 -8.91244e-006
0.95 -0.250562 -8.64006e-006
0.96 -0.244566 -8.4333e-006
0.97 -0.241272 -8.31971e-006
0.98 -0.239995 -8.27569e-006
0.99 -0.2397 -8.26551e-006
1 -0.239987 -8.27543e-006
1.01 -0.241632 -8.33213e-006
1.02 -0.245605 -8.46913e-006
1.03 -0.250942 -8.65319e-006
1.04 -0.254796 -8.78608e-006
1.05 -0.255321 -8.80417e-006
1.06 -0.253348 -8.73613e-006
1.07 -0.250886 -8.65123e-006
1.08 -0.24912 -8.59034e-006
1.09 -0.248022 -8.55248e-006
1.1 -0.247087 -8.52022e-006
1.11 -0.245663 -8.47113e-006
1.12 -0.242857 -8.37438e-006
1.13 -0.238426 -8.2216e-006
1.14 -0.234032 -8.07007e-006
1.15 -0.231854 -7.99495e-006
1.16 -0.232105 -8.00362e-006
1.17 -0.232893 -8.03079e-006
1.18 -0.231567 -7.98507e-006
1.19 -0.227011 -7.82796e-006
1.2 -0.221017 -7.62126e-006
1.21 -0.216703 -7.47253e-006
1.22 -0.216339 -7.45997e-006
1.23 -0.220619 -7.60755e-006
1.24 -0.228675 -7.88533e-006
1.25 -0.2385 -8.22413e-006
1.26 -0.248113 -8.55561e-006
1.27 -0.256433 -8.8425e-006
1.28 -0.263069 -9.07135e-006
1.29 -0.268148 -9.24647e-006
1.3 -0.271907 -9.37609e-006
1.31 -0.274039 -9.44964e-006
1.32 -0.274643 -9.47044e-006
1.33 -0.27542 -9.49725e-006
1.34 -0.277908 -9.58304e-006
1.35 -0.280738 -9.68061e-006
1.36 -0.280747 -9.68094e-006
1.37 -0.276775 -9.54396e-006
1.38 -0.271409 -9.35894e-006
1.39 -0.269256 -9.2847e-006
1.4 -0.273602 -9.43454e-006
1.41 -0.283319 -9.76963e-006
1.42 -0.292533 -1.00874e-005
1.43 -0.295109 -1.01762e-005
1.44 -0.290097 -1.00033e-005
1.45 -0.282441 -9.73935e-006
1.46 -0.278462 -9.60214e-006
1.47 -0.280098 -9.65857e-006
1.48 -0.284203 -9.80011e-006
1.49 -0.287996 -9.93089e-006
1.5 -0.2922 -1.00759e-005
1.51 -0.29747 -1.02576e-005
1.52 -0.300992 -1.0379e-005
1.53 -0.298793 -1.03032e-005
1.54 -0.289883 -9.99595e-006
1.55 -0.276768 -9.54372e-006
1.56 -0.262908 -9.0658e-006
1.57 -0.251096 -8.65848e-006
1.58 -0.243888 -8.40994e-006
1.59 -0.243653 -8.40184e-006
1.6 -0.251231 -8.66312e-006
1.61 -0.26338 -9.08209e-006
1.62 -0.273002 -9.41385e-006
1.63 -0.275169 -9.48858e-006
1.64 -0.271186 -9.35123e-006
1.65 -0.265191 -9.14451e-006
1.66 -0.259286 -8.9409e-006
1.67 -0.252701 -8.71382e-006
1.68 -0.244553 -8.43287e-006
1.69 -0.236736 -8.16331e-006
1.7 -0.232303 -8.01045e-006
1.71 -0.230935 -7.96326e-006
1.72 -0.228865 -7.89191e-006
1.73 -0.223767 -7.71609e-006
1.74 -0.217431 -7.49763e-006
1.75 -0.213622 -7.36629e-006
1.76 -0.215285 -7.42361e-006
1.77 -0.223889 -7.72031e-006
1.78 -0.239079 -8.24411e-006
1.79 -0.25711 -8.86586e-006
1.8 -0.272414 -9.3936e-006
1.81 -0.282526 -9.74228e-006
1.82 -0.288861 -9.96074e-006
1.83 -0.293267 -1.01127e-005
1.84 -0.295688 -1.01961e-005
1.85 -0.295027 -1.01733e-005
1.86 -0.292134 -1.00736e-005
1.87 -0.289791 -9.99279e-006
1.88 -0.288365 -9.94364e-006
1.89 -0.285226 -9.83539e-006
1.9 -0.280209 -9.66239e-006
1.91 -0.276937 -9.54955e-006
1.92 -0.278037 -9.58749e-006
1.93 -0.283989 -9.79274e-006
1.94 -0.295705 -1.01967e-005
1.95 -0.314264 -1.08367e-005
1.96 -0.338344 -1.1667e-005
1.97 -0.363765 -1.25436e-005
1.98 -0.38642 -1.33248e-005
1.99 -0.405297 -1.39757e-005
2 -0.421833 -1.4546e-005
2.01 -0.436846 -1.50637e-005
2.02 -0.448608 -1.54692e-005
2.03 -0.454888 -1.56858e-005
2.04 -0.456763 -1.57504e-005
2.05 -0.457686 -1.57823e-005
2.06 -0.459996 -1.58619e-005
2.07 -0.465306 -1.6045e-005
2.08 -0.475585 -1.63995e-005
2.09 -0.491611 -1.69521e-005
2.1 -0.512061 -1.76573e-005
2.11 -0.534306 -1.84244e-005
2.12 -0.556271 -1.91818e-005
2.13 -0.577545 -1.99153e-005
2.14 -0.598079 -2.06234e-005
2.15 -0.616205 -2.12485e-005
2.16 -0.6287 -2.16793e-005
2.17 -0.634494 -2.18791e-005
2.18 -0.638974 -2.20336e-005
2.19 -0.650138 -2.24186e-005
2.2 -0.669304 -2.30795e-005
2.21 -0.690629 -2.38148e-005
2.22 -0.708364 -2.44263e-005
2.23 -0.720984 -2.48615e-005
2.24 -0.730095 -2.51757e-005
2.25 -0.737918 -2.54454e-005
2.26 -0.746663 -2.5747e-005
2.27 -0.757416 -2.61178e-005
2.28 -0.767755 -2.64743e-005
2.29 -0.773787 -2.66823e-005
2.3 -0.774591 -2.671e-005
2.31 -0.771439 -2.66013e-005
2.32 -0.764693 -2.63687e-005
2.33 -0.754238 -2.60082e-005
2.34 -0.741607 -2.55727e-005
2.35 -0.729953 -2.51708e-005
2.36 -0.722071 -2.4899e-005
2.37 -0.719669 -2.48162e-005
2.38 -0.722715 -2.49212e-005
2.39 -0.727273 -2.50784e-005
2.4 -0.726512 -2.50521e-005
2.41 -0.714223 -2.46284e-005
2.42 -0.686951 -2.3688e-005
2.43 -0.647626 -2.23319e-005
2.44 -0.607051 -2.09328e-005
2.45 -0.575639 -1.98496e-005
2.46 -0.553725 -1.9094e-005
2.47 -0.533347 -1.83913e-005
2.48 -0.507424 -1.74974e-005
2.49 -0.47514 -1.63842e-005
2.5 -0.440844 -1.52015e-005
2.51 -0.410157 -1.41433e-005
2.52 -0.387493 -1.33618e-005
2.53 -0.374674 -1.29198e-005
2.54 -0.36936 -1.27366e-005
2.55 -0.36579 -1.26134e-005
2.56 -0.358002 -1.23449e-005
2.57 -0.342896 -1.1824e-005
2.58 -0.321134 -1.10736e-005
2.59 -0.295227 -1.01802e-005
2.6 -0.267272 -9.21628e-006
2.61 -0.238961 -8.24004e-006
2.62 -0.212475 -7.32673e-006
2.63 -0.189071 -6.51968e-006
2.64 -0.167954 -5.79153e-006
2.65 -0.148273 -5.11287e-006
2.66 -0.13061 -4.50378e-006
2.67 -0.117032 -4.03558e-006
2.68 -0.110211 -3.80037e-006
2.69 -0.110837 -3.82196e-006
2.7 -0.116892 -4.03075e-006
2.71 -0.124397 -4.28954e-006
2.72 -0.127765 -4.4057e-006
2.73 -0.122665 -4.22984e-006
2.74 -0.111531 -3.8459e-006
2.75 -0.103566 -3.57124e-006
2.76 -0.105262 -3.62973e-006
2.77 -0.11569 -3.98931e-006
2.78 -0.133408 -4.60029e-006
2.79 -0.159929 -5.51478e-006
2.8 -0.193663 -6.67803e-006
2.81 -0.228425 -7.87672e-006
2.82 -0.258946 -8.92918e-006
2.83 -0.283994 -9.79288e-006
2.84 -0.306134 -1.05563e-005
2.85 -0.328064 -1.13126e-005
2.86 -0.350477 -1.20854e-005
2.87 -0.374131 -1.29011e-005
2.88 -0.398253 -1.37329e-005
2.89 -0.417591 -1.43997e-005
2.9 -0.426319 -1.47007e-005
2.91 -0.424327 -1.4632e-005
2.92 -0.417812 -1.44073e-005
2.93 -0.414282 -1.42856e-005
2.94 -0.417193 -1.4386e-005
2.95 -0.425539 -1.46738e-005
2.96 -0.437276 -1.50785e-005
2.97 -0.450799 -1.55448e-005
2.98 -0.463897 -1.59965e-005
2.99 -0.473432 -1.63252e-005
3 -0.476343 -1.64256e-005
3.01 -0.471135 -1.6246e-005
3.02 -0.458399 -1.58069e-005
3.03 -0.439408 -1.5152e-005
3.04 -0.416284 -1.43546e-005
3.05 -0.394477 -1.36027e-005
3.06 -0.380681 -1.31269e-005
3.07 -0.374955 -1.29295e-005
3.08 -0.369601 -1.27449e-005
3.09 -0.358592 -1.23652e-005
3.1 -0.343913 -1.18591e-005
3.11 -0.332438 -1.14634e-005
3.12 -0.327948 -1.13085e-005
3.13 -0.326724 -1.12663e-005
3.14 -0.32343 -1.11528e-005
3.15 -0.317826 -1.09595e-005
3.16 -0.312867 -1.07885e-005
3.17 -0.311482 -1.07408e-005
3.18 -0.314387 -1.08409e-005
3.19 -0.31649 -1.09134e-005
3.2 -0.308637 -1.06427e-005
3.21 -0.28544 -9.84277e-006
3.22 -0.249781 -8.61314e-006
3.23 -0.210559 -7.26067e-006
3.24 -0.177395 -6.11707e-006
3.25 -0.156976 -5.41298e-006
3.26 -0.152871 -5.2714e-006
3.27 -0.164729 -5.68032e-006
3.28 -0.187119 -6.45237e-006
3.29 -0.211932 -7.30799e-006
3.3 -0.231567 -7.98507e-006
3.31 -0.240086 -8.27883e-006
3.32 -0.233823 -8.06287e-006
3.33 -0.214004 -7.37945e-006
3.34 -0.189241 -6.52554e-006
3.35 -0.171317 -5.90747e-006
3.36 -0.167486 -5.77538e-006
3.37 -0.177993 -6.13768e-006
3.38 -0.197145 -6.79811e-006
3.39 -0.215588 -7.43405e-006
3.4 -0.226276 -7.80261e-006
3.41 -0.229948 -7.92923e-006
3.42 -0.232886 -8.03056e-006
3.43 -0.2404 -8.28966e-006
3.44 -0.253604 -8.74497e-006
3.45 -0.270105 -9.31395e-006
3.46 -0.28705 -9.89826e-006
3.47 -0.30338 -1.04614e-005
3.48 -0.318619 -1.09869e-005
3.49 -0.331383 -1.1427e-005
3.5 -0.341346 -1.17706e-005
3.51 -0.351077 -1.21061e-005
3.52 -0.363278 -1.25268e-005
3.53 -0.378276 -1.3044e-005
3.54 -0.39542 -1.36352e-005
3.55 -0.415067 -1.43126e-005
3.56 -0.438767 -1.51299e-005
3.57 -0.466659 -1.60917e-005
3.58 -0.494754 -1.70605e-005
3.59 -0.515356 -1.77709e-005
3.6 -0.520772 -1.79577e-005
3.61 -0.509199 -1.75586e-005
3.62 -0.488385 -1.68409e-005
3.63 -0.471979 -1.62752e-005
3.64 -0.469255 -1.61812e-005
3.65 -0.47799 -1.64824e-005
3.66 -0.488359 -1.684e-005
3.67 -0.490986 -1.69305e-005
3.68 -0.481159 -1.65917e-005
3.69 -0.461725 -1.59215e-005
3.7 -0.443619 -1.52972e-005
3.71 -0.439444 -1.51532e-005
3.72 -0.455357 -1.5702e-005
3.73 -0.48824 -1.68359e-005
3.74 -0.527942 -1.82049e-005
3.75 -0.56406 -1.94504e-005
3.76 -0.592623 -2.04353e-005
3.77 -0.614942 -2.12049e-005
3.78 -0.633347 -2.18396e-005
3.79 -0.650899 -2.24448e-005
3.8 -0.67099 -2.31376e-005
3.81 -0.694061 -2.39331e-005
3.82 -0.7156 -2.46759e-005
3.83 -0.727915 -2.51005e-005
3.84 -0.728002 -2.51035e-005
3.85 -0.724713 -2.49901e-005
3.86 -0.729857 -2.51675e-005
3.87 -0.744565 -2.56747e-005
3.88 -0.7611 -2.62448e-005
3.89 -0.773125 -2.66595e-005
3.9 -0.781099 -2.69345e-005
3.91 -0.789822 -2.72352e-005
3.92 -0.80198 -2.76545e-005
3.93 -0.814396 -2.80826e-005
3.94 -0.819975 -2.8275e-005
3.95 -0.811813 -2.79935e-005
3.96 -0.786213 -2.71108e-005
3.97 -0.744741 -2.56807e-005
3.98 -0.69249 -2.3879e-005
3.99 -0.633646 -2.18499e-005
4 -0.571863 -1.97194e-005
4.01 -0.512605 -1.7676e-005
4.02 -0.461713 -1.59211e-005
4.03 -0.424533 -1.46391e-005
4.04 -0.405818 -1.39937e-005
4.05 -0.406761 -1.40262e-005
4.06 -0.421398 -1.4531e-005
4.07 -0.438159 -1.51089e-005
4.08 -0.446697 -1.54034e-005
4.09 -0.441037 -1.52082e-005
4.1 -0.418502 -1.44311e-005
4.11 -0.380964 -1.31367e-005
4.12 -0.33476 -1.15435e-005
4.13 -0.286322 -9.87318e-006
4.14 -0.240646 -8.29813e-006
4.15 -0.203738 -7.02545e-006
4.16 -0.181639 -6.26341e-006
4.17 -0.177448 -6.11889e-006
4.18 -0.188896 -6.51365e-006
4.19 -0.206646 -7.12573e-006
4.2 -0.218194 -7.52395e-006
4.21 -0.21525 -7.42242e-006
4.22 -0.196201 -6.76556e-006
4.23 -0.164183 -5.66147e-006
4.24 -0.123579 -4.26133e-006
4.25 -0.0749229 -2.58355e-006
4.26 -0.015398 -5.30964e-007
4.27 0.0541413 1.86694e-006
4.28 0.127876 4.4095e-006
4.29 0.19913 6.86654e-006
4.3 0.259632 8.95281e-006
4.31 0.298829 1.03045e-005
4.32 0.310327 1.07009e-005
4.33 0.297524 1.02595e-005
4.34 0.272471 9.39556e-006
4.35 0.250815 8.64879e-006
4.36 0.243699 8.40342e-006
4.37 0.250669 8.64375e-006
4.38 0.26216 9.04e-006
4.39 0.268314 9.25219e-006
4.4 0.264946 9.13608e-006
4.41 0.254328 8.76995e-006
4.42 0.24133 8.32173e-006
4.43 0.229873 7.92664e-006
4.44 0.223796 7.71712e-006
4.45 0.226052 7.7949e-006
4.46 0.232753 8.02597e-006
4.47 0.232093 8.00322e-006
4.48 0.214109 7.38305e-006
4.49 0.180066 6.20919e-006
4.5 0.140797 4.85506e-006
4.51 0.109408 3.77269e-006
4.52 0.0961437 3.3153e-006
4.53 0.105378 3.63372e-006
4.54 0.136295 4.69981e-006
4.55 0.184745 6.37053e-006
4.56 0.240979 8.30962e-006
4.57 0.290831 1.00286e-005
4.58 0.324666 1.11954e-005
4.59 0.342868 1.1823e-005
4.6 0.352037 1.21392e-005
4.61 0.357316 1.23212e-005
4.62 0.358859 1.23744e-005
4.63 0.35518 1.22476e-005
4.64 0.347347 1.19775e-005
4.65 0.336593 1.16067e-005
4.66 0.318676 1.09888e-005
4.67 0.285978 9.86131e-006
4.68 0.236223 8.14562e-006
4.69 0.176143 6.0739e-006
4.7 0.117731 4.0597e-006
4.71 0.0725085 2.50029e-006
4.72 0.0444458 1.53262e-006
4.73 0.0254075 8.76122e-007
4.74 0.00173246 5.974e-008
4.75 -0.0350932 -1.21011e-006
4.76 -0.0849871 -2.93059e-006
4.77 -0.140712 -4.85215e-006
4.78 -0.193396 -6.66884e-006
4.79 -0.239807 -8.26922e-006
4.8 -0.281203 -9.69665e-006
4.81 -0.318711 -1.099e-005
4.82 -0.354721 -1.22317e-005
4.83 -0.389898 -1.34448e-005
4.84 -0.41453 -1.42941e-005
4.85 -0.415101 -1.43138e-005
4.86 -0.394962 -1.36194e-005
4.87 -0.376719 -1.29903e-005
4.88 -0.380102 -1.3107e-005
4.89 -0.404528 -1.39493e-005
4.9 -0.433845 -1.49602e-005
4.91 -0.455145 -1.56946e-005
4.92 -0.470737 -1.62323e-005
4.93 -0.492376 -1.69785e-005
4.94 -0.530136 -1.82806e-005
4.95 -0.588054 -2.02777e-005
4.96 -0.661625 -2.28146e-005
4.97 -0.736624 -2.54008e-005
4.98 -0.798289 -2.75272e-005
4.99 -0.845339 -2.91496e-005
5 -0.889693 -3.06791e-005
5.01 -0.94062 -3.24352e-005
5.02 -0.994573 -3.42956e-005
5.03 -1.04025 -3.58708e-005
5.04 -1.0692 -3.68691e-005
5.05 -1.08364 -3.73669e-005
5.06 -1.09746 -3.78433e-005
5.07 -1.12704 -3.88636e-005
5.08 -1.17774 -4.06118e-005
5.09 -1.24203 -4.28286e-005
5.1 -1.30945 -4.51536e-005
5.11 -1.37121 -4.72832e-005
5.12 -1.41899 -4.89307e-005
5.13 -1.45061 -5.00209e-005
5.14 -1.47462 -5.08488e-005
5.15 -1.50145 -5.1774e-005
5.16 -1.53424 -5.29049e-005
5.17 -1.57301 -5.42417e-005
5.18 -1.61928 -5.58371e-005
5.19 -1.67242 -5.76696e-005
5.2 -1.72423 -5.94561e-005
5.21 -1.75938 -6.06682e-005
5.22 -1.76326 -6.08022e-005
5.23 -1.72842 -5.96007e-005
5.24 -1.65775 -5.71638e-005
5.25 -1.56519 -5.39719e-005
5.26 -1.46742 -5.06005e-005
5.27 -1.37239 -4.73238e-005
5.28 -1.27925 -4.41121e-005
5.29 -1.18666 -4.09192e-005
5.3 -1.09467 -3.77472e-005
5.31 -1.0019 -3.45482e-005
5.32 -0.906608 -3.12624e-005
5.33 -0.807202 -2.78346e-005
5.34 -0.700412 -2.41522e-005
5.35 -0.579855 -1.9995e-005
5.36 -0.437597 -1.50896e-005
5.37 -0.275503 -9.5001e-006
5.38 -0.112882 -3.89248e-006
5.39 0.0306264 1.05608e-006
5.4 0.156087 5.3823e-006
5.41 0.278599 9.60687e-006
5.42 0.404634 1.39529e-005
5.43 0.521136 1.79702e-005
5.44 0.607209 2.09382e-005
5.45 0.65899 2.27238e-005
5.46 0.696937 2.40323e-005
5.47 0.748039 2.57944e-005
5.48 0.829914 2.86177e-005
5.49 0.948301 3.27e-005
5.5 1.09506 3.77608e-005
5.51 1.24897 4.30679e-005
5.52 1.38749 4.78445e-005
5.53 1.49913 5.16941e-005
5.54 1.58053 5.45011e-005
5.55 1.63015 5.62122e-005
5.56 1.6449 5.67205e-005
5.57 1.62349 5.59826e-005
5.58 1.57399 5.42754e-005
5.59 1.5135 5.21895e-005
5.6 1.4552 5.01794e-005
5.61 1.39873 4.82321e-005
5.62 1.33718 4.61096e-005
5.63 1.27044 4.38083e-005
5.64 1.20518 4.15579e-005
5.65 1.1424 3.9393e-005
5.66 1.07144 3.69462e-005
5.67 0.978217 3.37316e-005
5.68 0.858269 2.95955e-005
5.69 0.720067 2.48299e-005
5.7 0.576111 1.98659e-005
5.71 0.433394 1.49446e-005
5.72 0.293405 1.01174e-005
5.73 0.160358 5.52959e-006
5.74 0.0458258 1.5802e-006
5.75 -0.0371619 -1.28145e-006
5.76 -0.084669 -2.91962e-006
5.77 -0.105087 -3.62368e-006
5.78 -0.114124 -3.93533e-006
5.79 -0.131653 -4.53976e-006
5.8 -0.179238 -6.18062e-006
5.81 -0.271073 -9.34733e-006
5.82 -0.400434 -1.38081e-005
5.83 -0.538734 -1.8577e-005
5.84 -0.655785 -2.26133e-005
5.85 -0.739006 -2.5483e-005
5.86 -0.792783 -2.73374e-005
5.87 -0.829475 -2.86026e-005
5.88 -0.864421 -2.98076e-005
5.89 -0.907153 -3.12811e-005
5.9 -0.952704 -3.28519e-005
5.91 -0.987257 -3.40434e-005
5.92 -0.997738 -3.44048e-005
5.93 -0.97365 -3.35741e-005
5.94 -0.908776 -3.13371e-005
5.95 -0.807866 -2.78574e-005
5.96 -0.691238 -2.38358e-005
5.97 -0.585349 -2.01845e-005
5.98 -0.506289 -1.74582e-005
5.99 -0.456973 -1.57577e-005
6 -0.439003 -1.5138e-005
6.01 -0.459716 -1.58523e-005
6.02 -0.522304 -1.80105e-005
6.03 -0.615285 -2.12167e-005
6.04 -0.718704 -2.47829e-005
6.05 -0.819457 -2.82571e-005
6.06 -0.919955 -3.17226e-005
6.07 -1.0316 -3.55725e-005
6.08 -1.15953 -3.99839e-005
6.09 -1.30316 -4.49364e-005
6.1 -1.45817 -5.02816e-005
6.11 -1.61062 -5.55386e-005
6.12 -1.73614 -5.9867e-005
6.13 -1.81093 -6.24458e-005
6.14 -1.81879 -6.27169e-005
6.15 -1.74871 -6.03004e-005
6.16 -1.59704 -5.50704e-005
6.17 -1.37089 -4.72721e-005
6.18 -1.0842 -3.73861e-005
6.19 -0.750904 -2.58932e-005
6.2 -0.380733 -1.31287e-005
6.21 0.0237486 8.18917e-007
6.22 0.464969 1.60334e-005
6.23 0.940071 3.24162e-005
6.24 1.43248 4.93958e-005
6.25 1.91048 6.58788e-005
6.26 2.33357 8.04678e-005
6.27 2.65995 9.17225e-005
6.28 2.86233 9.87009e-005
6.29 2.94633 0.000101597
6.3 2.95442 0.000101877
6.31 2.93384 0.000101167
6.32 2.8937 9.97826e-005
6.33 2.79524 9.63877e-005
6.34 2.57971 8.89556e-005
6.35 2.21071 7.62313e-005
6.36 1.70323 5.87322e-005
6.37 1.12547 3.88095e-005
6.38 0.571551 1.97087e-005
6.39 0.109752 3.78456e-006
6.4 -0.250834 -8.64946e-006
6.41 -0.531875 -1.83405e-005
6.42 -0.737373 -2.54266e-005
6.43 -0.843615 -2.90902e-005
6.44 -0.816997 -2.81723e-005
6.45 -0.632413 -2.18073e-005
6.46 -0.286821 -9.89036e-006
6.47 0.191951 6.61899e-006
6.48 0.748129 2.57975e-005
6.49 1.31976 4.55088e-005
6.5 1.86179 6.41996e-005
6.51 2.34634 8.09084e-005
6.52 2.75116 9.48675e-005
6.53 3.04687 0.000105065
6.54 3.19999 0.000110344
6.55 3.18868 0.000109955
6.56 3.01815 0.000104074
6.57 2.71487 9.36162e-005
6.58 2.31171 7.9714e-005
6.59 1.83469 6.32653e-005
6.6 1.29087 4.45129e-005
6.61 0.667524 2.30181e-005
6.62 -0.0541922 -1.8687e-006
6.63 -0.883242 -3.04566e-005
6.64 -1.80477 -6.22334e-005
6.65 -2.77516 -9.56952e-005
6.66 -3.73382 -0.000128752
6.67 -4.60539 -0.000158807
6.68 -5.33647 -0.000184016
6.69 -5.88001 -0.000202759
6.7 -6.20417 -0.000213937
6.71 -6.2876 -0.000216814
6.72 -6.1327 -0.000211472
6.73 -5.76389 -0.000198755
6.74 -5.22207 -0.000180071
6.75 -4.56191 -0.000157307
6.76 -3.84086 -0.000132443
6.77 -3.09918 -0.000106868
6.78 -2.36331 -8.14933e-005
6.79 -1.66365 -5.73671e-005
6.8 -1.04233 -3.59424e-005
6.81 -0.547087 -1.88651e-005
6.82 -0.20817 -7.17826e-006
6.83 -0.0322847 -1.11326e-006
6.84 -0.0182332 -6.2873e-007
6.85 -0.15754 -5.43241e-006
6.86 -0.424918 -1.46524e-005
6.87 -0.781225 -2.69388e-005
6.88 -1.19381 -4.11659e-005
6.89 -1.65275 -5.69913e-005
6.9 -2.16463 -7.46423e-005
6.91 -2.73089 -9.41687e-005
6.92 -3.34227 -0.000115251
6.93 -3.98804 -0.000137519
6.94 -4.66586 -0.000160892
6.95 -5.35921 -0.0001848
6.96 -6.02409 -0.000207727
6.97 -6.60024 -0.000227595
6.98 -7.04146 -0.000242809
6.99 -7.32876 -0.000252716
7 -7.45858 -0.000257192
7.01 -7.41906 -0.00025583
7.02 -7.18987 -0.000247927
7.03 -6.76634 -0.000233322
7.04 -6.16904 -0.000212726
7.05 -5.43902 -0.000187552
7.06 -4.61789 -0.000159238
7.07 -3.72991 -0.000128618
7.08 -2.7902 -9.62138e-005
7.09 -1.82533 -6.29426e-005
7.1 -0.880026 -3.03457e-005
7.11 -0.00601271 -2.07335e-007
7.12 0.727179 2.50751e-005
7.13 1.28638 4.43579e-005
7.14 1.65516 5.70746e-005
7.15 1.83839 6.33926e-005
7.16 1.8542 6.39378e-005
7.17 1.72859 5.96067e-005
7.18 1.49452 5.15353e-005
7.19 1.186 4.08967e-005
7.2 0.829163 2.85918e-005
7.21 0.440237 1.51806e-005
7.22 0.0367784 1.26822e-006
7.23 -0.355466 -1.22575e-005
7.24 -0.710399 -2.44965e-005
7.25 -1.01106 -3.48642e-005
7.26 -1.24474 -4.2922e-005
7.27 -1.39391 -4.80659e-005
7.28 -1.43661 -4.95382e-005
7.29 -1.35723 -4.68011e-005
7.3 -1.14592 -3.95145e-005
7.31 -0.787674 -2.71612e-005
7.32 -0.268089 -9.24445e-006
7.33 0.396127 1.36595e-005
7.34 1.14473 3.94735e-005
7.35 1.89842 6.54627e-005
7.36 2.60423 8.98009e-005
7.37 3.25227 0.000112147
7.38 3.8521 0.000132831
7.39 4.39579 0.000151579
7.4 4.85925 0.00016756
7.41 5.19115 0.000179005
7.42 5.3547 0.000184645
7.43 5.34465 0.000184298
7.44 5.16166 0.000177988
7.45 4.78746 0.000165085
7.46 4.21805 0.00014545
7.47 3.49144 0.000120394
7.48 2.68677 9.26471e-005
7.49 1.8891 6.51414e-005
7.5 1.1435 3.94312e-005
7.51 0.44272 1.52662e-005
7.52 -0.23858 -8.2269e-006
7.53 -0.90678 -3.12683e-005
7.54 -1.5487 -5.34034e-005
7.55 -2.15531 -7.4321e-005
7.56 -2.72855 -9.40879e-005
7.57 -3.27793 -0.000113032
7.58 -3.79449 -0.000130845
7.59 -4.19583 -0.000144684
7.6 -4.41111 -0.000152107
7.61 -4.41744 -0.000152326
7.62 -4.25427 -0.000146699
7.63 -3.99436 -0.000137736
7.64 -3.68695 -0.000127136
7.65 -3.33791 -0.0001151
7.66 -2.92372 -0.000100818
7.67 -2.42228 -8.3527e-005
7.68 -1.84624 -6.36636e-005
7.69 -1.2527 -4.31965e-005
7.7 -0.709098 -2.44516e-005
7.71 -0.260992 -8.99973e-006
7.72 0.076095 2.62397e-006
7.73 0.295104 1.0176e-005
7.74 0.388664 1.34022e-005
7.75 0.361994 1.24825e-005
7.76 0.244412 8.42802e-006
7.77 0.0767128 2.64527e-006
7.78 -0.117721 -4.05933e-006
7.79 -0.346719 -1.19558e-005
7.8 -0.631336 -2.17702e-005
7.81 -0.978053 -3.3726e-005
7.82 -1.36174 -4.69564e-005
7.83 -1.73007 -5.96575e-005
7.84 -2.02207 -6.97267e-005
7.85 -2.19555 -7.57086e-005
7.86 -2.22975 -7.68881e-005
7.87 -2.11858 -7.30546e-005
7.88 -1.87293 -6.45839e-005
7.89 -1.52291 -5.25142e-005
7.9 -1.10655 -3.81567e-005
7.91 -0.657391 -2.26687e-005
7.92 -0.199808 -6.88993e-006
7.93 0.260735 8.99088e-006
7.94 0.729318 2.51489e-005
7.95 1.20253 4.14664e-005
7.96 1.65891 5.72036e-005
7.97 2.06315 7.11432e-005
7.98 2.38008 8.20718e-005
7.99 2.59247 8.93955e-005
8 2.71109 9.34859e-005
8.01 2.75683 9.50631e-005
8.02 2.73413 9.42805e-005
8.03 2.62785 9.06157e-005
8.04 2.42456 8.36056e-005
8.05 2.13212 7.35213e-005
8.06 1.76722 6.09385e-005
8.07 1.3339 4.59967e-005
8.08 0.828998 2.85861e-005
8.09 0.273663 9.43667e-006
8.1 -0.272285 -9.38913e-006
8.11 -0.736351 -2.53914e-005
8.12 -1.06748 -3.68096e-005
8.13 -1.24096 -4.27916e-005
8.14 -1.25355 -4.32258e-005
8.15 -1.11186 -3.834e-005
8.16 -0.828494 -2.85688e-005
8.17 -0.431006 -1.48623e-005
8.18 0.0350673 1.20922e-006
8.19 0.51307 1.76921e-005
8.2 0.95002 3.27593e-005
8.21 1.31061 4.51936e-005
8.22 1.58141 5.45315e-005
8.23 1.76864 6.09877e-005
8.24 1.88435 6.49774e-005
8.25 1.95007 6.72437e-005
8.26 1.98984 6.86153e-005
8.27 2.00623 6.91802e-005
8.28 1.99812 6.89008e-005
8.29 1.95821 6.75245e-005
8.3 1.87533 6.46665e-005
8.31 1.74057 6.00197e-005
8.32 1.53853 5.30527e-005
8.33 1.25955 4.34328e-005
8.34 0.901905 3.11002e-005
8.35 0.461593 1.5917e-005
8.36 -0.0629597 -2.17103e-006
8.37 -0.668189 -2.3041e-005
8.38 -1.32826 -4.58022e-005
8.39 -1.98574 -6.84738e-005
8.4 -2.56649 -8.84995e-005
8.41 -3.00738 -0.000103703
8.42 -3.274 -0.000112897
8.43 -3.35584 -0.000115719
8.44 -3.268 -0.00011269
8.45 -3.04136 -0.000104874
8.46 -2.71829 -9.3734e-005
8.47 -2.34703 -8.0932e-005
8.48 -1.97626 -6.8147e-005
8.49 -1.65844 -5.71876e-005
8.5 -1.44833 -4.99424e-005
8.51 -1.37803 -4.75184e-005
8.52 -1.44311 -4.97624e-005
8.53 -1.61745 -5.57741e-005
8.54 -1.86879 -6.44411e-005
8.55 -2.16674 -7.47152e-005
8.56 -2.49989 -8.6203e-005
8.57 -2.86804 -9.88978e-005
8.58 -3.27354 -0.000112881
8.59 -3.71713 -0.000128177
8.6 -4.19379 -0.000144613
8.61 -4.71009 -0.000162417
8.62 -5.28269 -0.000182162
8.63 -5.91557 -0.000203985
8.64 -6.58758 -0.000227158
8.65 -7.26918 -0.000250662
8.66 -7.9289 -0.00027341
8.67 -8.52988 -0.000294134
8.68 -9.02411 -0.000311176
8.69 -9.36961 -0.00032309
8.7 -9.53565 -0.000328816
8.71 -9.5241 -0.000328417
8.72 -9.35783 -0.000322684
8.73 -9.05052 -0.000312087
8.74 -8.61244 -0.000296981
8.75 -8.06576 -0.00027813
8.76 -7.44968 -0.000256885
8.77 -6.8159 -0.000235031
8.78 -6.20931 -0.000214114
8.79 -5.65593 -0.000195032
8.8 -5.16385 -0.000178064
8.81 -4.72793 -0.000163032
8.82 -4.33783 -0.00014958
8.83 -3.99296 -0.000137688
8.84 -3.71124 -0.000127974
8.85 -3.52449 -0.000121534
8.86 -3.462 -0.000119379
8.87 -3.55459 -0.000122572
8.88 -3.79885 -0.000130995
8.89 -4.14419 -0.000142903
8.9 -4.53241 -0.00015629
8.91 -4.91456 -0.000169467
8.92 -5.26928 -0.000181699
8.93 -5.57107 -0.000192106
8.94 -5.79025 -0.000199664
8.95 -5.90266 -0.00020354
8.96 -5.87319 -0.000202524
8.97 -5.67842 -0.000195808
8.98 -5.30851 -0.000183052
8.99 -4.78005 -0.000164829
9 -4.12809 -0.000142348
9.01 -3.37967 -0.00011654
9.02 -2.56178 -8.83371e-005
9.03 -1.70014 -5.86256e-005
9.04 -0.775209 -2.67313e-005
9.05 0.188697 6.50679e-006
9.06 1.18233 4.07699e-005
9.07 2.21033 7.62183e-005
9.08 3.29685 0.000113685
9.09 4.42557 0.000152606
9.1 5.62998 0.000194137
9.11 6.8192 0.000235145
9.12 7.96938 0.000274806
9.13 8.9311 0.000307969
9.14 9.63037 0.000332082
9.15 10.058 0.000346828
9.16 10.2548 0.000353615
9.17 10.265 0.000353965
9.18 10.1085 0.000348569
9.19 9.79433 0.000337736
9.2 9.35406 0.000322554
9.21 8.85529 0.000305355
9.22 8.37077 0.000288647
9.23 7.94682 0.000274028
9.24 7.59078 0.000261751
9.25 7.27913 0.000251004
9.26 6.98265 0.000240781
9.27 6.6867 0.000230576
9.28 6.41318 0.000221144
9.29 6.20357 0.000213916
9.3 6.09337 0.000210116
9.31 6.09051 0.000210017
9.32 6.18135 0.00021315
9.33 6.35183 0.000219029
9.34 6.57007 0.000226554
9.35 6.81326 0.00023494
9.36 7.04723 0.000243008
9.37 7.25902 0.000250311
9.38 7.43239 0.000256289
9.39 7.53831 0.000259942
9.4 7.54593 0.000260205
9.41 7.43575 0.000256405
9.42 7.20102 0.000248311
9.43 6.82707 0.000235416
9.44 6.29965 0.000217229
9.45 5.6158 0.000193648
9.46 4.79749 0.000165431
9.47 3.88128 0.000133837
9.48 2.92349 0.00010081
9.49 1.95893 6.75495e-005
9.5 1.00077 3.45092e-005
9.51 0.0566513 1.95349e-006
9.52 -0.880897 -3.03758e-005
9.53 -1.80948 -6.2396e-005
9.54 -2.71099 -9.34824e-005
9.55 -3.53627 -0.00012194
9.56 -4.23576 -0.000146061
9.57 -4.79074 -0.000165198
9.58 -5.21107 -0.000179692
9.59 -5.52648 -0.000190568
9.6 -5.75699 -0.000198517
9.61 -5.92232 -0.000204218
9.62 -6.06246 -0.00020905
9.63 -6.21961 -0.000214469
9.64 -6.41806 -0.000221312
9.65 -6.65005 -0.000229312
9.66 -6.88501 -0.000237414
9.67 -7.09745 -0.00024474
9.68 -7.2822 -0.00025111
9.69 -7.447 -0.000256793
9.7 -7.59837 -0.000262013
9.71 -7.72395 -0.000266343
9.72 -7.81782 -0.00026958
9.73 -7.88777 -0.000271992
9.74 -7.93751 -0.000273707
9.75 -7.98709 -0.000275417
9.76 -8.04148 -0.000277292
9.77 -8.13684 -0.000280581
9.78 -8.3232 -0.000287007
9.79 -8.63265 -0.000297678
9.8 -9.04217 -0.000311799
9.81 -9.50941 -0.000327911
9.82 -9.95382 -0.000343235
9.83 -10.2835 -0.000354605
9.84 -10.4485 -0.000360294
9.85 -10.4242 -0.000359457
9.86 -10.2089 -0.000352032
9.87 -9.80544 -0.000338119
9.88 -9.2118 -0.000317648
9.89 -8.44991 -0.000291376
9.9 -7.56254 -0.000260777
9.91 -6.58432 -0.000227045
9.92 -5.55021 -0.000191387
9.93 -4.44152 -0.000153156
9.94 -3.26273 -0.000112508
9.95 -1.99952 -6.89491e-005
9.96 -0.668954 -2.30674e-005
9.97 0.693178 2.39027e-005
9.98 2.0424 7.04277e-005
9.99 3.35785 0.000115788
10 4.59156 0.00015833
