0.1 -0.546948 -1.88603e-005
0.2 -1.09606 -3.77952e-005
0.3 -1.64737 -5.68057e-005
0.4 -2.20089 -7.58927e-005
0.5 -2.75665 -9.5057e-005
0.6 -3.31469 -0.0001143
0.7 -3.87502 -0.000133622
0.8 -4.43769 -0.000153024
0.9 -5.00271 -0.000172507
1 -5.57123 -0.000192111
0.01 -5.5707 -0.000192093
0.02 -5.56921 -0.000192042
0.03 -5.56752 -0.000191984
0.04 -5.56642 -0.000191946
0.05 -5.56604 -0.000191932
0.06 -5.56634 -0.000191943
0.07 -5.56722 -0.000191973
0.08 -5.56858 -0.00019202
0.09 -5.57027 -0.000192078
0.1 -5.57216 -0.000192143
0.11 -5.57415 -0.000192212
0.12 -5.57617 -0.000192282
0.13 -5.57821 -0.000192352
0.14 -5.58037 -0.000192426
0.15 -5.58264 -0.000192505
0.16 -5.585 -0.000192586
0.17 -5.58734 -0.000192667
0.18 -5.58958 -0.000192744
0.19 -5.59177 -0.00019282
0.2 -5.59403 -0.000192898
0.21 -5.59641 -0.00019298
0.22 -5.5989 -0.000193066
0.23 -5.60136 -0.00019315
0.24 -5.60369 -0.000193231
0.25 -5.60583 -0.000193304
0.26 -5.60775 -0.000193371
0.27 -5.60953 -0.000193432
0.28 -5.61132 -0.000193494
0.29 -5.61341 -0.000193566
0.3 -5.61608 -0.000193658
0.31 -5.61955 -0.000193777
0.32 -5.62374 -0.000193922
0.33 -5.62839 -0.000194083
0.34 -5.63322 -0.000194249
0.35 -5.63806 -0.000194416
0.36 -5.64288 -0.000194582
0.37 -5.64766 -0.000194747
0.38 -5.65218 -0.000194903
0.39 -5.6561 -0.000195038
0.4 -5.65939 -0.000195151
0.41 -5.66213 -0.000195246
0.42 -5.66447 -0.000195327
0.43 -5.66659 -0.0001954
0.44 -5.66834 -0.00019546
0.45 -5.66961 -0.000195504
0.46 -5.67051 -0.000195535
0.47 -5.67118 -0.000195558
0.48 -5.67168 -0.000195575
0.49 -5.67191 -0.000195583
0.5 -5.67174 -0.000195577
0.51 -5.67103 -0.000195553
0.52 -5.66966 -0.000195506
0.53 -5.66753 -0.000195432
0.54 -5.66464 -0.000195332
0.55 -5.66127 -0.000195216
0.56 -5.65785 -0.000195098
0.57 -5.65455 -0.000194985
0.58 -5.65134 -0.000194874
0.59 -5.64817 -0.000194765
0.6 -5.64517 -0.000194661
0.61 -5.64255 -0.000194571
0.62 -5.64044 -0.000194498
0.63 -5.63859 -0.000194434
0.64 -5.6365 -0.000194362
0.65 -5.63388 -0.000194272
0.66 -5.6308 -0.000194166
0.67 -5.62755 -0.000194053
0.68 -5.62414 -0.000193936
0.69 -5.62031 -0.000193804
0.7 -5.61589 -0.000193651
0.71 -5.61108 -0.000193486
0.72 -5.60647 -0.000193326
0.73 -5.60259 -0.000193193
0.74 -5.59932 -0.00019308
0.75 -5.59593 -0.000192963
0.76 -5.59186 -0.000192823
0.77 -5.5871 -0.000192659
0.78 -5.58181 -0.000192476
0.79 -5.57599 -0.000192276
0.8 -5.56966 -0.000192057
0.81 -5.56303 -0.000191829
0.82 -5.55665 -0.000191609
0.83 -5.55103 -0.000191415
0.84 -5.54621 -0.000191249
0.85 -5.54181 -0.000191097
0.86 -5.53739 -0.000190945
0.87 -5.53264 -0.000190781
0.88 -5.5275 -0.000190604
0.89 -5.52218 -0.00019042
0.9 -5.517 -0.000190241
0.91 -5.51207 -0.000190071
0.92 -5.50695 -0.000189895
0.93 -5.50088 -0.000189686
0.94 -5.49362 -0.000189435
0.95 -5.48628 -0.000189182
0.96 -5.48062 -0.000188987
0.97 -5.4774 -0.000188876
0.98 -5.47595 -0.000188826
0.99 -5.47529 -0.000188803
1 -5.47507 -0.000188796
1.01 -5.47597 -0.000188826
1.02 -5.47883 -0.000188925
1.03 -5.48298 -0.000189068
1.04 -5.4862 -0.000189179
1.05 -5.48703 -0.000189208
1.06 -5.48601 -0.000189173
1.07 -5.48465 -0.000189126
1.08 -5.4839 -0.0001891
1.09 -5.48383 -0.000189098
1.1 -5.48398 -0.000189103
1.11 -5.48357 -0.000189088
1.12 -5.48178 -0.000189027
1.13 -5.47857 -0.000188916
1.14 -5.47551 -0.000188811
1.15 -5.47455 -0.000188778
1.16 -5.4761 -0.000188831
1.17 -5.47864 -0.000188919
1.18 -5.47978 -0.000188958
1.19 -5.47833 -0.000188908
1.2 -5.4755 -0.00018881
1.21 -5.47365 -0.000188746
1.22 -5.47458 -0.000188779
1.23 -5.4789 -0.000188928
1.24 -5.48603 -0.000189174
1.25 -5.49455 -0.000189467
1.26 -5.50309 -0.000189762
1.27 -5.51095 -0.000190033
1.28 -5.51787 -0.000190272
1.29 -5.52389 -0.000190479
1.3 -5.52905 -0.000190657
1.31 -5.53301 -0.000190794
1.32 -5.53591 -0.000190894
1.33 -5.53916 -0.000191006
1.34 -5.54406 -0.000191174
1.35 -5.54961 -0.000191366
1.36 -5.55322 -0.00019149
1.37 -5.55355 -0.000191502
1.38 -5.55222 -0.000191456
1.39 -5.55271 -0.000191473
1.4 -5.55786 -0.000191651
1.41 -5.56704 -0.000191967
1.42 -5.57561 -0.000192263
1.43 -5.57876 -0.000192371
1.44 -5.57583 -0.00019227
1.45 -5.57071 -0.000192093
1.46 -5.56816 -0.000192006
1.47 -5.56938 -0.000192048
1.48 -5.57146 -0.000192119
1.49 -5.57177 -0.00019213
1.5 -5.5707 -0.000192093
1.51 -5.56919 -0.000192041
1.52 -5.56608 -0.000191934
1.53 -5.55918 -0.000191696
1.54 -5.5479 -0.000191307
1.55 -5.53389 -0.000190824
1.56 -5.51941 -0.000190324
1.57 -5.50635 -0.000189874
1.58 -5.49668 -0.000189541
1.59 -5.49241 -0.000189393
1.6 -5.49416 -0.000189454
1.61 -5.49904 -0.000189622
1.62 -5.50118 -0.000189696
1.63 -5.49715 -0.000189557
1.64 -5.48928 -0.000189286
1.65 -5.48207 -0.000189037
1.66 -5.47729 -0.000188872
1.67 -5.4734 -0.000188738
1.68 -5.46854 -0.00018857
1.69 -5.46355 -0.000188398
1.7 -5.46066 -0.000188298
1.71 -5.45966 -0.000188264
1.72 -5.45782 -0.000188201
1.73 -5.4537 -0.000188059
1.74 -5.44892 -0.000187894
1.75 -5.44654 -0.000187812
1.76 -5.44903 -0.000187898
1.77 -5.45769 -0.000188196
1.78 -5.47207 -0.000188692
1.79 -5.48894 -0.000189274
1.8 -5.50405 -0.000189795
1.81 -5.51591 -0.000190204
1.82 -5.52598 -0.000190551
1.83 -5.53549 -0.000190879
1.84 -5.54356 -0.000191157
1.85 -5.54822 -0.000191318
1.86 -5.54922 -0.000191352
1.87 -5.54862 -0.000191332
1.88 -5.54787 -0.000191306
1.89 -5.54672 -0.000191266
1.9 -5.546 -0.000191241
1.91 -5.54794 -0.000191308
1.92 -5.55318 -0.000191489
1.93 -5.56074 -0.00019175
1.94 -5.57049 -0.000192086
1.95 -5.583 -0.000192517
1.96 -5.5976 -0.000193021
1.97 -5.612 -0.000193517
1.98 -5.62416 -0.000193937
1.99 -5.63412 -0.00019428
2 -5.64325 -0.000194595
2.01 -5.65193 -0.000194894
2.02 -5.65828 -0.000195113
2.03 -5.66002 -0.000195173
2.04 -5.65749 -0.000195086
2.05 -5.6533 -0.000194941
2.06 -5.64968 -0.000194817
2.07 -5.6481 -0.000194762
2.08 -5.64978 -0.00019482
2.09 -5.65494 -0.000194998
2.1 -5.66284 -0.00019527
2.11 -5.67245 -0.000195602
2.12 -5.68327 -0.000195975
2.13 -5.69543 -0.000196394
2.14 -5.70866 -0.00019685
2.15 -5.72092 -0.000197273
2.16 -5.72912 -0.000197556
2.17 -5.73209 -0.000197658
2.18 -5.73368 -0.000197713
2.19 -5.73951 -0.000197914
2.2 -5.75042 -0.00019829
2.21 -5.76229 -0.0001987
2.22 -5.77126 -0.000199009
2.23 -5.77658 -0.000199192
2.24 -5.77972 -0.000199301
2.25 -5.78255 -0.000199398
2.26 -5.78685 -0.000199546
2.27 -5.79348 -0.000199775
2.28 -5.80072 -0.000200025
2.29 -5.80564 -0.000200195
2.3 -5.80744 -0.000200257
2.31 -5.80693 -0.000200239
2.32 -5.80426 -0.000200147
2.33 -5.79931 -0.000199976
2.34 -5.79331 -0.000199769
2.35 -5.78873 -0.000199611
2.36 -5.78766 -0.000199574
2.37 -5.79114 -0.000199695
2.38 -5.79884 -0.00019996
2.39 -5.80774 -0.000200267
2.4 -5.81282 -0.000200442
2.41 -5.8092 -0.000200317
2.42 -5.794 -0.000199793
2.43 -5.76953 -0.000198949
2.44 -5.74418 -0.000198075
2.45 -5.72606 -0.000197451
2.46 -5.71558 -0.000197089
2.47 -5.70677 -0.000196785
2.48 -5.69415 -0.00019635
2.49 -5.67669 -0.000195748
2.5 -5.6569 -0.000195066
2.51 -5.63815 -0.000194419
2.52 -5.62336 -0.000193909
2.53 -5.61403 -0.000193587
2.54 -5.60893 -0.000193412
2.55 -5.6045 -0.000193259
2.56 -5.59702 -0.000193001
2.57 -5.58473 -0.000192577
2.58 -5.56835 -0.000192012
2.59 -5.54941 -0.000191359
2.6 -5.52866 -0.000190643
2.61 -5.50655 -0.000189881
2.62 -5.48452 -0.000189121
2.63 -5.46387 -0.000188409
2.64 -5.44426 -0.000187733
2.65 -5.42471 -0.000187059
2.66 -5.40513 -0.000186384
2.67 -5.38736 -0.000185771
2.68 -5.37458 -0.00018533
2.69 -5.36859 -0.000185124
2.7 -5.3684 -0.000185117
2.71 -5.37046 -0.000185188
2.72 -5.36956 -0.000185157
2.73 -5.36212 -0.000184901
2.74 -5.35057 -0.000184502
2.75 -5.34274 -0.000184232
2.76 -5.34378 -0.000184268
2.77 -5.35264 -0.000184574
2.78 -5.36794 -0.000185101
2.79 -5.39104 -0.000185898
2.8 -5.4211 -0.000186935
2.81 -5.45312 -0.000188039
2.82 -5.48195 -0.000189033
2.83 -5.50543 -0.000189843
2.84 -5.52497 -0.000190516
2.85 -5.5429 -0.000191135
2.86 -5.56055 -0.000191743
2.87 -5.57938 -0.000192392
2.88 -5.59947 -0.000193085
2.89 -5.61699 -0.000193689
2.9 -5.62712 -0.000194039
2.91 -5.62924 -0.000194112
2.92 -5.62778 -0.000194061
2.93 -5.62828 -0.000194079
2.94 -5.63307 -0.000194244
2.95 -5.64118 -0.000194523
2.96 -5.65115 -0.000194867
2.97 -5.66185 -0.000195236
2.98 -5.6713 -0.000195562
2.99 -5.67674 -0.000195749
3 -5.67592 -0.000195722
3.01 -5.66844 -0.000195463
3.02 -5.65558 -0.00019502
3.03 -5.63873 -0.000194439
3.04 -5.61931 -0.000193769
3.05 -5.60101 -0.000193138
3.06 -5.58858 -0.00019271
3.07 -5.582 -0.000192483
3.08 -5.57551 -0.000192259
3.09 -5.56466 -0.000191885
3.1 -5.55083 -0.000191408
3.11 -5.53913 -0.000191005
3.12 -5.5329 -0.00019079
3.13 -5.5302 -0.000190697
3.14 -5.52768 -0.00019061
3.15 -5.52503 -0.000190518
3.16 -5.52357 -0.000190468
3.17 -5.52437 -0.000190496
3.18 -5.52718 -0.000190592
3.19 -5.52815 -0.000190626
3.2 -5.52088 -0.000190375
3.21 -5.50151 -0.000189707
3.22 -5.47161 -0.000188676
3.23 -5.43705 -0.000187485
3.24 -5.40496 -0.000186378
3.25 -5.38105 -0.000185553
3.26 -5.36944 -0.000185153
3.27 -5.37177 -0.000185234
3.28 -5.38557 -0.000185709
3.29 -5.40503 -0.00018638
3.3 -5.42315 -0.000187005
3.31 -5.43316 -0.00018735
3.32 -5.43021 -0.000187249
3.33 -5.41416 -0.000186695
3.34 -5.39126 -0.000185906
3.35 -5.37092 -0.000185204
3.36 -5.36006 -0.00018483
3.37 -5.3611 -0.000184865
3.38 -5.3718 -0.000185234
3.39 -5.386 -0.000185724
3.4 -5.39753 -0.000186122
3.41 -5.40473 -0.00018637
3.42 -5.40989 -0.000186548
3.43 -5.41569 -0.000186748
3.44 -5.42334 -0.000187012
3.45 -5.43243 -0.000187325
3.46 -5.44234 -0.000187667
3.47 -5.45335 -0.000188046
3.48 -5.46551 -0.000188466
3.49 -5.47766 -0.000188885
3.5 -5.48895 -0.000189274
3.51 -5.50034 -0.000189667
3.52 -5.51312 -0.000190108
3.53 -5.52774 -0.000190612
3.54 -5.54447 -0.000191189
3.55 -5.56413 -0.000191866
3.56 -5.58759 -0.000192676
3.57 -5.61401 -0.000193586
3.58 -5.63943 -0.000194463
3.59 -5.65776 -0.000195095
3.6 -5.66367 -0.000195299
3.61 -5.6569 -0.000195065
3.62 -5.64413 -0.000194625
3.63 -5.63556 -0.00019433
3.64 -5.6372 -0.000194386
3.65 -5.6463 -0.0001947
3.66 -5.65494 -0.000194998
3.67 -5.65608 -0.000195037
3.68 -5.64625 -0.000194698
3.69 -5.62791 -0.000194066
3.7 -5.61006 -0.00019345
3.71 -5.60304 -0.000193208
3.72 -5.61215 -0.000193522
3.73 -5.63544 -0.000194326
3.74 -5.66512 -0.000195349
3.75 -5.69293 -0.000196308
3.76 -5.71589 -0.0001971
3.77 -5.73537 -0.000197772
3.78 -5.75341 -0.000198394
3.79 -5.77223 -0.000199043
3.8 -5.79401 -0.000199794
3.81 -5.81855 -0.00020064
3.82 -5.84159 -0.000201434
3.83 -5.85641 -0.000201945
3.84 -5.86087 -0.000202099
3.85 -5.8631 -0.000202176
3.86 -5.87357 -0.000202537
3.87 -5.89345 -0.000203223
3.88 -5.91606 -0.000204002
3.89 -5.93566 -0.000204678
3.9 -5.95194 -0.000205239
3.91 -5.96777 -0.000205785
3.92 -5.98387 -0.00020634
3.93 -5.9966 -0.000206779
3.94 -6.00047 -0.000206913
3.95 -5.99101 -0.000206587
3.96 -5.9664 -0.000205738
3.97 -5.92864 -0.000204436
3.98 -5.88234 -0.000202839
3.99 -5.83113 -0.000201073
4 -5.77752 -0.000199225
4.01 -5.72448 -0.000197396
4.02 -5.67516 -0.000195695
4.03 -5.63338 -0.000194255
4.04 -5.6034 -0.000193221
4.05 -5.58703 -0.000192656
4.06 -5.58091 -0.000192445
4.07 -5.5774 -0.000192324
4.08 -5.56906 -0.000192037
4.09 -5.5508 -0.000191407
4.1 -5.51981 -0.000190338
4.11 -5.47719 -0.000188869
4.12 -5.42826 -0.000187181
4.13 -5.37905 -0.000185485
4.14 -5.33483 -0.00018396
4.15 -5.30016 -0.000182764
4.16 -5.27895 -0.000182033
4.17 -5.27276 -0.000181819
4.18 -5.27917 -0.00018204
4.19 -5.29094 -0.000182446
4.2 -5.2988 -0.000182717
4.21 -5.29703 -0.000182656
4.22 -5.28543 -0.000182256
4.23 -5.26735 -0.000181633
4.24 -5.24627 -0.000180906
4.25 -5.22211 -0.000180073
4.26 -5.19198 -0.000179034
4.27 -5.15549 -0.000177776
4.28 -5.11582 -0.000176407
4.29 -5.07689 -0.000175065
4.3 -5.04382 -0.000173925
4.31 -5.02372 -0.000173232
4.32 -5.0214 -0.000173152
4.33 -5.03523 -0.000173629
4.34 -5.05738 -0.000174393
4.35 -5.07707 -0.000175071
4.36 -5.08667 -0.000175403
4.37 -5.08719 -0.00017542
4.38 -5.08588 -0.000175375
4.39 -5.08926 -0.000175492
4.4 -5.09879 -0.00017582
4.41 -5.11151 -0.000176259
4.42 -5.12386 -0.000176685
4.43 -5.1342 -0.000177041
4.44 -5.14146 -0.000177292
4.45 -5.14472 -0.000177404
4.46 -5.14696 -0.000177481
4.47 -5.15611 -0.000177797
4.48 -5.17864 -0.000178574
4.49 -5.21285 -0.000179754
4.5 -5.2502 -0.000181041
4.51 -5.28107 -0.000182106
4.52 -5.29874 -0.000182715
4.53 -5.3007 -0.000182783
4.54 -5.28726 -0.000182319
4.55 -5.26055 -0.000181398
4.56 -5.22714 -0.000180246
4.57 -5.19731 -0.000179218
4.58 -5.17841 -0.000178566
4.59 -5.17085 -0.000178305
4.6 -5.17072 -0.000178301
4.61 -5.17464 -0.000178436
4.62 -5.18137 -0.000178668
4.63 -5.1899 -0.000178962
4.64 -5.19822 -0.000179249
4.65 -5.20609 -0.00017952
4.66 -5.21858 -0.000179951
4.67 -5.24319 -0.0001808
4.68 -5.28214 -0.000182143
4.69 -5.32992 -0.00018379
4.7 -5.37717 -0.00018542
4.71 -5.41535 -0.000186736
4.72 -5.44152 -0.000187638
4.73 -5.46135 -0.000188322
4.74 -5.48456 -0.000189123
4.75 -5.5171 -0.000190245
4.76 -5.55896 -0.000191688
4.77 -5.6055 -0.000193293
4.78 -5.65104 -0.000194863
4.79 -5.69339 -0.000196324
4.8 -5.73291 -0.000197687
4.81 -5.7698 -0.000198959
4.82 -5.80572 -0.000200197
4.83 -5.84137 -0.000201426
4.84 -5.86951 -0.000202397
4.85 -5.8799 -0.000202755
4.86 -5.87458 -0.000202572
4.87 -5.86942 -0.000202394
4.88 -5.87844 -0.000202705
4.89 -5.90149 -0.0002035
4.9 -5.92696 -0.000204378
4.91 -5.94558 -0.00020502
4.92 -5.95956 -0.000205502
4.93 -5.97825 -0.000206147
4.94 -6.00925 -0.000207215
4.95 -6.05446 -0.000208774
4.96 -6.10866 -0.000210643
4.97 -6.15957 -0.000212399
4.98 -6.19531 -0.000213631
4.99 -6.21526 -0.000214319
5 -6.23001 -0.000214828
5.01 -6.24898 -0.000215482
5.02 -6.27115 -0.000216246
5.03 -6.28772 -0.000216818
5.04 -6.29109 -0.000216934
5.05 -6.28196 -0.000216619
5.06 -6.27022 -0.000216214
5.07 -6.2683 -0.000216148
5.08 -6.28149 -0.000216603
5.09 -6.30598 -0.000217448
5.1 -6.33533 -0.00021846
5.11 -6.36342 -0.000219428
5.12 -6.38424 -0.000220146
5.13 -6.39622 -0.000220559
5.14 -6.40508 -0.000220865
5.15 -6.41716 -0.000221281
5.16 -6.43383 -0.000221856
5.17 -6.45546 -0.000222602
5.18 -6.48435 -0.000223598
5.19 -6.52139 -0.000224876
5.2 -6.56162 -0.000226263
5.21 -6.59373 -0.00022737
5.22 -6.60491 -0.000227756
5.23 -6.58624 -0.000227112
5.24 -6.53694 -0.000225412
5.25 -6.46605 -0.000222967
5.26 -6.38652 -0.000220225
5.27 -6.30625 -0.000217457
5.28 -6.22681 -0.000214718
5.29 -6.14856 -0.000212019
5.3 -6.07214 -0.000209384
5.31 -5.99674 -0.000206784
5.32 -5.9207 -0.000204162
5.33 -5.84172 -0.000201439
5.34 -5.75611 -0.000198487
5.35 -5.65858 -0.000195124
5.36 -5.54376 -0.000191164
5.37 -5.41415 -0.000186695
5.38 -5.28522 -0.000182249
5.39 -5.17198 -0.000178344
5.4 -5.07335 -0.000174943
5.41 -4.97796 -0.000171654
5.42 -4.88133 -0.000168322
5.43 -4.79361 -0.000165297
5.44 -4.73014 -0.000163108
5.45 -4.6927 -0.000161817
5.46 -4.66539 -0.000160876
5.47 -4.62907 -0.000159623
5.48 -4.57237 -0.000157668
5.49 -4.49253 -0.000154915
5.5 -4.39571 -0.000151576
5.51 -4.29663 -0.000148159
5.52 -4.21024 -0.000145181
5.53 -4.14406 -0.000142899
5.54 -4.09963 -0.000141367
5.55 -4.07758 -0.000140606
5.56 -4.08041 -0.000140704
5.57 -4.10984 -0.000141719
5.58 -4.15992 -0.000143446
5.59 -4.21704 -0.000145415
5.6 -4.27044 -0.000147257
5.61 -4.32001 -0.000148966
5.62 -4.37103 -0.000150725
5.63 -4.42442 -0.000152566
5.64 -4.47663 -0.000154367
5.65 -4.52822 -0.000156145
5.66 -4.58709 -0.000158176
5.67 -4.66202 -0.000160759
5.68 -4.75398 -0.00016393
5.69 -4.85575 -0.00016744
5.7 -4.95933 -0.000171011
5.71 -5.06183 -0.000174546
5.72 -5.16368 -0.000178058
5.73 -5.26184 -0.000181443
5.74 -5.34739 -0.000184393
5.75 -5.4112 -0.000186593
5.76 -5.45188 -0.000187996
5.77 -5.47718 -0.000188868
5.78 -5.49934 -0.000189632
5.79 -5.5327 -0.000190783
5.8 -5.59119 -0.0001928
5.81 -5.68248 -0.000195948
5.82 -5.80054 -0.000200019
5.83 -5.9259 -0.000204341
5.84 -6.03881 -0.000208235
5.85 -6.13052 -0.000211397
5.86 -6.20148 -0.000213844
5.87 -6.25723 -0.000215767
5.88 -6.30773 -0.000217508
5.89 -6.36119 -0.000219352
5.9 -6.41605 -0.000221243
5.91 -6.46352 -0.00022288
5.92 -6.49411 -0.000223935
5.93 -6.49877 -0.000224096
5.94 -6.47034 -0.000223115
5.95 -6.40879 -0.000220993
5.96 -6.32616 -0.000218143
5.97 -6.241 -0.000215207
5.98 -6.16664 -0.000212643
5.99 -6.1082 -0.000210628
6 -6.06956 -0.000209295
6.01 -6.05669 -0.000208851
6.02 -6.06975 -0.000209302
6.03 -6.09597 -0.000210206
6.04 -6.11621 -0.000210904
6.05 -6.11934 -0.000211012
6.06 -6.11059 -0.00021071
6.07 -6.10338 -0.000210461
6.08 -6.10739 -0.0002106
6.09 -6.12741 -0.00021129
6.1 -6.16312 -0.000212522
6.11 -6.20449 -0.000213948
6.12 -6.23223 -0.000214905
6.13 -6.2266 -0.00021471
6.14 -6.17444 -0.000212912
6.15 -6.06762 -0.000209228
6.16 -5.90371 -0.000203576
6.17 -5.68907 -0.000196175
6.18 -5.43541 -0.000187428
6.19 -5.15379 -0.000177717
6.2 -4.85065 -0.000167264
6.21 -4.52694 -0.000156101
6.22 -4.18224 -0.000144215
6.23 -3.8228 -0.000131821
6.24 -3.4661 -0.000119521
6.25 -3.13661 -0.000108159
6.26 -2.85879 -9.85789e-005
6.27 -2.65458 -9.15371e-005
6.28 -2.5367 -8.74724e-005
6.29 -2.4992 -8.61795e-005
6.3 -2.51612 -8.67629e-005
6.31 -2.56104 -8.83116e-005
6.32 -2.63401 -9.08281e-005
6.33 -2.76527 -9.53543e-005
6.34 -2.9945 -0.000103259
6.35 -3.34203 -0.000115243
6.36 -3.79125 -0.000130733
6.37 -4.29066 -0.000147954
6.38 -4.7738 -0.000164614
6.39 -5.19418 -0.000179109
6.4 -5.5449 -0.000191203
6.41 -5.83626 -0.00020125
6.42 -6.06306 -0.000209071
6.43 -6.20016 -0.000213799
6.44 -6.21745 -0.000214395
6.45 -6.09509 -0.000210175
6.46 -5.83344 -0.000201153
6.47 -5.45687 -0.000188168
6.48 -5.00881 -0.000172718
6.49 -4.53462 -0.000156366
6.5 -4.06627 -0.000140216
6.51 -3.62507 -0.000125002
6.52 -3.23215 -0.000111454
6.53 -2.91429 -0.000100493
6.54 -2.70147 -9.31541e-005
6.55 -2.61541 -9.01864e-005
6.56 -2.65896 -9.16881e-005
6.57 -2.81861 -9.71934e-005
6.58 -3.07464 -0.000106022
6.59 -3.4102 -0.000117593
6.6 -3.81956 -0.000131709
6.61 -4.31009 -0.000148624
6.62 -4.89389 -0.000168755
6.63 -5.57687 -0.000192306
6.64 -6.34758 -0.000218882
6.65 -7.17408 -0.000247382
6.66 -8.00792 -0.000276135
6.67 -8.79084 -0.000303132
6.68 -9.47146 -0.000326602
6.69 -10.0126 -0.000345261
6.7 -10.3872 -0.000358179
6.71 -10.5724 -0.000364564
6.72 -10.5659 -0.000364341
6.73 -10.3847 -0.000358094
6.74 -10.0612 -0.000346937
6.75 -9.64001 -0.000332414
6.76 -9.16864 -0.00031616
6.77 -8.67947 -0.000299292
6.78 -8.1905 -0.000282431
6.79 -7.71999 -0.000266207
6.8 -7.29567 -0.000251575
6.81 -6.94789 -0.000239583
6.82 -6.69762 -0.000230953
6.83 -6.55412 -0.000226004
6.84 -6.5207 -0.000224852
6.85 -6.59396 -0.000227378
6.86 -6.75757 -0.00023302
6.87 -6.98455 -0.000240847
6.88 -7.25154 -0.000250053
6.89 -7.54982 -0.000260339
6.9 -7.881 -0.000271758
6.91 -8.24455 -0.000284295
6.92 -8.63506 -0.000297761
6.93 -9.05263 -0.00031216
6.94 -9.50112 -0.000327625
6.95 -9.97005 -0.000343795
6.96 -10.4254 -0.000359498
6.97 -10.8185 -0.000373051
6.98 -11.1191 -0.000383418
6.99 -11.3084 -0.000389944
7 -11.389 -0.000392723
7.01 -11.3518 -0.000391441
7.02 -11.1856 -0.00038571
7.03 -10.8883 -0.000375457
7.04 -10.4712 -0.000361077
7.05 -9.95453 -0.00034326
7.06 -9.35469 -0.000322576
7.07 -8.67811 -0.000299245
7.08 -7.93111 -0.000273486
7.09 -7.13247 -0.000245947
7.1 -6.31726 -0.000217837
7.11 -5.5313 -0.000190735
7.12 -4.82021 -0.000166214
7.13 -4.21971 -0.000145507
7.14 -3.74976 -0.000129302
7.15 -3.41561 -0.00011778
7.16 -3.2123 -0.000110769
7.17 -3.12772 -0.000107852
7.18 -3.14092 -0.000108308
7.19 -3.2255 -0.000111224
7.2 -3.36167 -0.00011592
7.21 -3.53647 -0.000121947
7.22 -3.73711 -0.000128866
7.23 -3.94875 -0.000136164
7.24 -4.15638 -0.000143324
7.25 -4.3518 -0.000150062
7.26 -4.52791 -0.000156135
7.27 -4.67222 -0.000161111
7.28 -4.76707 -0.000164382
7.29 -4.79809 -0.000165451
7.3 -4.75413 -0.000163936
7.31 -4.6199 -0.000159307
7.32 -4.38112 -0.000151073
7.33 -4.04457 -0.000139468
7.34 -3.64783 -0.000125787
7.35 -3.24035 -0.000111736
7.36 -2.85557 -9.84681e-005
7.37 -2.50238 -8.62889e-005
7.38 -2.17948 -7.51545e-005
7.39 -1.89376 -6.53019e-005
7.4 -1.66809 -5.75202e-005
7.41 -1.53059 -5.2779e-005
7.42 -1.49456 -5.15366e-005
7.43 -1.56067 -5.38162e-005
7.44 -1.73428 -5.98029e-005
7.45 -2.02824 -6.99391e-005
7.46 -2.44486 -8.43057e-005
7.47 -2.95886 -0.00010203
7.48 -3.51839 -0.000121324
7.49 -4.0694 -0.000140324
7.5 -4.58633 -0.000158149
7.51 -5.07873 -0.000175128
7.52 -5.56653 -0.000191949
7.53 -6.05596 -0.000208826
7.54 -6.53885 -0.000225478
7.55 -7.00642 -0.000241601
7.56 -7.46072 -0.000257266
7.57 -7.907 -0.000272655
7.58 -8.3282 -0.000287179
7.59 -8.67518 -0.000299144
7.6 -8.89727 -0.000306802
7.61 -8.97973 -0.000309646
7.62 -8.95195 -0.000308688
7.63 -8.85954 -0.000305502
7.64 -8.73262 -0.000301125
7.65 -8.57604 -0.000295725
7.66 -8.37793 -0.000288894
7.67 -8.12815 -0.000280281
7.68 -7.83814 -0.000270281
7.69 -7.54593 -0.000260204
7.7 -7.29441 -0.000251531
7.71 -7.10716 -0.000245075
7.72 -6.98847 -0.000240982
7.73 -6.93908 -0.000239279
7.74 -6.96255 -0.000240088
7.75 -7.05511 -0.00024328
7.76 -7.1981 -0.00024821
7.77 -7.36603 -0.000254001
7.78 -7.54368 -0.000260127
7.79 -7.73481 -0.000266717
7.8 -7.94984 -0.000274132
7.81 -8.18555 -0.00028226
7.82 -8.42056 -0.000290364
7.83 -8.61905 -0.000297209
7.84 -8.74378 -0.00030151
7.85 -8.76973 -0.000302404
7.86 -8.68437 -0.000299461
7.87 -8.48355 -0.000292536
7.88 -8.17724 -0.000281974
7.89 -7.7874 -0.000268531
7.9 -7.34182 -0.000253166
7.91 -6.86526 -0.000236733
7.92 -6.37352 -0.000219776
7.93 -5.87324 -0.000202525
7.94 -5.36787 -0.000185099
7.95 -4.86874 -0.000167888
7.96 -4.40067 -0.000151747
7.97 -3.99575 -0.000137784
7.98 -3.68297 -0.000126999
7.99 -3.47617 -0.000119868
8 -3.36725 -0.000116112
8.01 -3.33776 -0.000115095
8.02 -3.37647 -0.00011643
8.03 -3.48192 -0.000120066
8.04 -3.65076 -0.000125888
8.05 -3.86998 -0.000133448
8.06 -4.12532 -0.000142253
8.07 -4.41427 -0.000152216
8.08 -4.73952 -0.000163432
8.09 -5.08581 -0.000175373
8.1 -5.41157 -0.000186606
8.11 -5.66839 -0.000195462
8.12 -5.82206 -0.000200761
8.13 -5.856 -0.000201931
8.14 -5.76353 -0.000198742
8.15 -5.54248 -0.00019112
8.16 -5.19601 -0.000179173
8.17 -4.74104 -0.000163484
8.18 -4.21367 -0.000145299
8.19 -3.66078 -0.000126234
8.2 -3.12979 -0.000107924
8.21 -2.66134 -9.17704e-005
8.22 -2.27462 -7.84352e-005
8.23 -1.97648 -6.81544e-005
8.24 -1.76955 -6.10191e-005
8.25 -1.63208 -5.62786e-005
8.26 -1.54619 -5.33169e-005
8.27 -1.50236 -5.18054e-005
8.28 -1.5005 -5.17415e-005
8.29 -1.54282 -5.32005e-005
8.3 -1.6346 -5.63655e-005
8.31 -1.78108 -6.14165e-005
8.32 -1.99376 -6.87502e-005
8.33 -2.2787 -7.85758e-005
8.34 -2.63762 -9.09524e-005
8.35 -3.07114 -0.000105901
8.36 -3.57675 -0.000123336
8.37 -4.14472 -0.000142921
8.38 -4.7487 -0.000163748
8.39 -5.33879 -0.000184096
8.4 -5.85534 -0.000201908
8.41 -6.24717 -0.00021542
8.42 -6.4831 -0.000223555
8.43 -6.55581 -0.000226063
8.44 -6.47602 -0.000223311
8.45 -6.26739 -0.000216117
8.46 -5.96174 -0.000205577
8.47 -5.59565 -0.000192953
8.48 -5.20653 -0.000179535
8.49 -4.83679 -0.000166786
8.5 -4.53254 -0.000156294
8.51 -4.32741 -0.000149221
8.52 -4.23043 -0.000145877
8.53 -4.22423 -0.000145663
8.54 -4.28527 -0.000147768
8.55 -4.39673 -0.000151611
8.56 -4.55486 -0.000157064
8.57 -4.76488 -0.000164306
8.58 -5.03177 -0.000173509
8.59 -5.35509 -0.000184658
8.6 -5.7349 -0.000197755
8.61 -6.17624 -0.000212974
8.62 -6.68508 -0.00023052
8.63 -7.25758 -0.000250261
8.64 -7.87549 -0.000271569
8.65 -8.51176 -0.000293509
8.66 -9.13871 -0.000315128
8.67 -9.72551 -0.000335362
8.68 -10.2366 -0.000352985
8.69 -10.6425 -0.000366982
8.7 -10.924 -0.000376689
8.71 -11.0765 -0.000381949
8.72 -11.1092 -0.000383076
8.73 -11.0286 -0.000380296
8.74 -10.8403 -0.000373805
8.75 -10.5572 -0.000364043
8.76 -10.2045 -0.000351878
8.77 -9.8168 -0.00033851
8.78 -9.4263 -0.000325045
8.79 -9.05561 -0.000312262
8.8 -8.71819 -0.000300627
8.81 -8.41898 -0.00029031
8.82 -8.15694 -0.000281274
8.83 -7.93393 -0.000273584
8.84 -7.76462 -0.000267745
8.85 -7.67528 -0.000264665
8.86 -7.69283 -0.00026527
8.87 -7.83059 -0.00027002
8.88 -8.08012 -0.000278625
8.89 -8.41144 -0.00029005
8.9 -8.78723 -0.000303008
8.91 -9.17794 -0.000316481
8.92 -9.56267 -0.000329747
8.93 -9.92677 -0.000342303
8.94 -10.2514 -0.000353498
8.95 -10.5129 -0.000362515
8.96 -10.6941 -0.000368763
8.97 -10.7719 -0.000371446
8.98 -10.7405 -0.000370363
8.99 -10.6078 -0.000365786
9 -10.3966 -0.000358503
9.01 -10.1233 -0.000349079
9.02 -9.80284 -0.000338029
9.03 -9.44455 -0.000325674
9.04 -9.05835 -0.000312357
9.05 -8.65348 -0.000298396
9.06 -8.24218 -0.000284213
9.07 -7.81796 -0.000269585
9.08 -7.3715 -0.00025419
9.09 -6.88112 -0.00023728
9.1 -6.33649 -0.000218499
9.11 -5.74509 -0.000198107
9.12 -5.1445 -0.000177396
9.13 -4.57948 -0.000157913
9.14 -4.09002 -0.000141035
9.15 -3.69578 -0.000127441
9.16 -3.38867 -0.000116851
9.17 -3.16167 -0.000109023
9.18 -3.01652 -0.000104018
9.19 -2.95302 -0.000101828
9.2 -2.95194 -0.000101791
9.21 -2.96813 -0.000102349
9.22 -2.95681 -0.000101959
9.23 -2.89435 -9.98052e-005
9.24 -2.7822 -9.5938e-005
9.25 -2.6405 -9.10516e-005
9.26 -2.49273 -8.59564e-005
9.27 -2.35288 -8.11339e-005
9.28 -2.21605 -7.64157e-005
9.29 -2.06611 -7.12453e-005
9.3 -1.88887 -6.51333e-005
9.31 -1.68439 -5.80825e-005
9.32 -1.45653 -5.02253e-005
9.33 -1.21425 -4.18707e-005
9.34 -0.968258 -3.33882e-005
9.35 -0.733187 -2.52823e-005
9.36 -0.52427 -1.80783e-005
9.37 -0.343683 -1.18511e-005
9.38 -0.198865 -6.8574e-006
9.39 -0.106937 -3.68748e-006
9.4 -0.0865784 -2.98546e-006
9.41 -0.149246 -5.14641e-006
9.42 -0.302697 -1.04378e-005
9.43 -0.553817 -1.90971e-005
9.44 -0.908779 -3.13372e-005
9.45 -1.36509 -4.70721e-005
9.46 -1.90592 -6.57214e-005
9.47 -2.50205 -8.62776e-005
9.48 -3.12069 -0.00010761
9.49 -3.73376 -0.00012875
9.5 -4.33364 -0.000149436
9.51 -4.93468 -0.000170161
9.52 -5.54453 -0.000191191
9.53 -6.15634 -0.000212287
9.54 -6.74699 -0.000232655
9.55 -7.28279 -0.000251131
9.56 -7.73902 -0.000266863
9.57 -8.1099 -0.000279652
9.58 -8.40954 -0.000289984
9.59 -8.65847 -0.000298568
9.6 -8.87457 -0.00030602
9.61 -9.0768 -0.000312993
9.62 -9.29163 -0.000320401
9.63 -9.54636 -0.000329185
9.64 -9.85535 -0.00033984
9.65 -10.2142 -0.000352214
9.66 -10.6041 -0.00036566
9.67 -11.0044 -0.000379463
9.68 -11.4146 -0.000393606
9.69 -11.8354 -0.000408119
9.7 -12.254 -0.000422553
9.71 -12.6496 -0.000436194
9.72 -13.016 -0.000448826
9.73 -13.3543 -0.000460492
9.74 -13.6577 -0.000470956
9.75 -13.9264 -0.000480221
9.76 -14.1746 -0.000488779
9.77 -14.4237 -0.00049737
9.78 -14.6979 -0.000506824
9.79 -15.0114 -0.000517636
9.8 -15.3527 -0.000529405
9.81 -15.6908 -0.000541063
9.82 -15.979 -0.000550998
9.83 -16.1737 -0.000557712
9.84 -16.2425 -0.000560087
9.85 -16.1725 -0.000557671
9.86 -15.9626 -0.000550433
9.87 -15.6142 -0.000538421
9.88 -15.133 -0.000521828
9.89 -14.5339 -0.000501167
9.9 -13.8449 -0.00047741
9.91 -13.0982 -0.000451663
9.92 -12.3176 -0.000424744
9.93 -11.4987 -0.000396507
9.94 -10.6377 -0.000366818
9.95 -9.74888 -0.000336168
9.96 -8.84616 -0.00030504
9.97 -7.95559 -0.000274331
9.98 -7.093 -0.000244586
9.99 -6.27967 -0.00021654
10 -5.51958 -0.00019033
