0.1 -1.3493e-005 -1.26761e-006 3.35684e-007 1.80222e-010 1.80222e-010
0.2 -2.7036e-005 -2.53989e-006 6.7312e-007 3.61952e-010 3.61952e-010
0.3 -4.06294e-005 -3.81691e-006 1.01234e-006 5.4521e-010 5.4521e-010
0.4 -5.42739e-005 -5.09873e-006 1.35337e-006 7.30021e-010 7.30021e-010
0.5 -6.79701e-005 -6.38541e-006 1.69625e-006 9.16407e-010 9.16407e-010
0.6 -8.17184e-005 -7.67776e-006 2.04095e-006 1.09986e-009 1.09986e-009
0.7 -9.55287e-005 -8.98711e-006 2.38756e-006 1.27654e-009 1.27654e-009
0.8 -0.000109413 -1.0311e-005 2.73592e-006 1.42778e-009 1.42778e-009
0.9 -0.000123367 -1.16368e-005 3.08585e-006 1.55087e-009 1.55087e-009
1 -0.000137383 -1.29653e-005 3.43771e-006 1.66842e-009 1.66842e-009
0.01 -0.000137383 -1.29663e-005 3.44074e-006 1.6695e-009 1.6695e-009
0.02 -0.000137383 -1.29691e-005 3.44936e-006 1.67537e-009 1.67537e-009
0.03 -0.000137384 -1.29723e-005 3.45943e-006 1.69007e-009 1.69007e-009
0.04 -0.000137384 -1.2975e-005 3.46692e-006 1.7133e-009 1.7133e-009
0.05 -0.000137384 -1.29775e-005 3.47133e-006 1.74001e-009 1.74001e-009
0.06 -0.000137384 -1.29799e-005 3.47257e-006 1.76412e-009 1.76412e-009
0.07 -0.000137384 -1.29822e-005 3.47085e-006 1.78178e-009 1.78178e-009
0.08 -0.000137384 -1.29842e-005 3.46669e-006 1.79204e-009 1.79204e-009
0.09 -0.000137385 -1.29856e-005 3.4607e-006 1.79547e-009 1.79547e-009
0.1 -0.000137385 -1.29862e-005 3.45348e-006 1.7928e-009 1.7928e-009
0.11 -0.000137386 -1.29861e-005 3.44553e-006 1.78443e-009 1.78443e-009
0.12 -0.000137387 -1.29854e-005 3.43719e-006 1.7706e-009 1.7706e-009
0.13 -0.000137388 -1.29846e-005 3.42862e-006 1.75183e-009 1.75183e-009
0.14 -0.00013739 -1.2984e-005 3.41988e-006 1.72898e-009 1.72898e-009
0.15 -0.000137392 -1.29839e-005 3.41108e-006 1.703e-009 1.703e-009
0.16 -0.000137394 -1.29843e-005 3.40246e-006 1.67485e-009 1.67485e-009
0.17 -0.000137397 -1.29851e-005 3.39421e-006 1.64542e-009 1.64542e-009
0.18 -0.000137399 -1.29861e-005 3.38637e-006 1.61562e-009 1.61562e-009
0.19 -0.000137402 -1.29872e-005 3.37876e-006 1.58616e-009 1.58616e-009
0.2 -0.000137405 -1.29882e-005 3.37093e-006 1.55738e-009 1.55738e-009
0.21 -0.000137408 -1.29894e-005 3.36245e-006 1.52936e-009 1.52936e-009
0.22 -0.000137412 -1.29904e-005 3.35322e-006 1.50215e-009 1.50215e-009
0.23 -0.000137416 -1.29911e-005 3.34333e-006 1.47608e-009 1.47608e-009
0.24 -0.000137419 -1.29914e-005 3.33292e-006 1.4519e-009 1.4519e-009
0.25 -0.000137423 -1.29914e-005 3.3223e-006 1.43053e-009 1.43053e-009
0.26 -0.000137428 -1.29913e-005 3.31178e-006 1.41257e-009 1.41257e-009
0.27 -0.000137432 -1.29908e-005 3.30128e-006 1.39772e-009 1.39772e-009
0.28 -0.000137437 -1.29896e-005 3.29039e-006 1.38416e-009 1.38416e-009
0.29 -0.000137442 -1.29878e-005 3.27861e-006 1.36834e-009 1.36834e-009
0.3 -0.000137448 -1.29855e-005 3.26557e-006 1.34555e-009 1.34555e-009
0.31 -0.000137454 -1.29832e-005 3.25105e-006 1.31104e-009 1.31104e-009
0.32 -0.000137461 -1.29808e-005 3.23527e-006 1.26119e-009 1.26119e-009
0.33 -0.000137468 -1.29782e-005 3.21896e-006 1.19436e-009 1.19436e-009
0.34 -0.000137476 -1.29754e-005 3.2028e-006 1.11128e-009 1.11128e-009
0.35 -0.000137484 -1.29725e-005 3.18701e-006 1.01456e-009 1.01456e-009
0.36 -0.000137493 -1.29698e-005 3.17131e-006 9.07711e-010 9.07711e-010
0.37 -0.000137502 -1.29674e-005 3.15539e-006 7.94155e-010 7.94155e-010
0.38 -0.000137511 -1.29652e-005 3.13939e-006 6.77014e-010 6.77014e-010
0.39 -0.00013752 -1.29631e-005 3.12379e-006 5.59385e-010 5.59385e-010
0.4 -0.00013753 -1.29609e-005 3.10894e-006 4.44562e-010 4.44562e-010
0.41 -0.000137539 -1.29591e-005 3.09472e-006 3.35741e-010 3.35741e-010
0.42 -0.000137549 -1.2958e-005 3.08093e-006 2.3537e-010 2.3537e-010
0.43 -0.000137559 -1.29575e-005 3.06763e-006 1.4473e-010 1.4473e-010
0.44 -0.000137569 -1.29572e-005 3.05526e-006 6.40376e-011 6.40376e-011
0.45 -0.000137579 -1.29566e-005 3.04424e-006 -7.2672e-012 -7.2672e-012
0.46 -0.000137588 -1.29556e-005 3.03448e-006 -7.0489e-011 -7.0489e-011
0.47 -0.000137598 -1.29539e-005 3.02541e-006 -1.27919e-010 -1.27919e-010
0.48 -0.000137608 -1.29516e-005 3.01673e-006 -1.82881e-010 -1.82881e-010
0.49 -0.000137618 -1.29487e-005 3.00848e-006 -2.39134e-010 -2.39134e-010
0.5 -0.000137628 -1.2945e-005 3.0006e-006 -3.00021e-010 -3.00021e-010
0.51 -0.000137639 -1.29403e-005 2.9929e-006 -3.6811e-010 -3.6811e-010
0.52 -0.000137649 -1.29344e-005 2.98533e-006 -4.45158e-010 -4.45158e-010
0.53 -0.000137659 -1.29274e-005 2.97817e-006 -5.31931e-010 -5.31931e-010
0.54 -0.000137669 -1.2919e-005 2.97116e-006 -6.28219e-010 -6.28219e-010
0.55 -0.000137679 -1.2909e-005 2.96308e-006 -7.33377e-010 -7.33377e-010
0.56 -0.000137689 -1.2898e-005 2.95304e-006 -8.46734e-010 -8.46734e-010
0.57 -0.000137698 -1.28876e-005 2.94193e-006 -9.66754e-010 -9.66754e-010
0.58 -0.000137707 -1.28793e-005 2.93159e-006 -1.08946e-009 -1.08946e-009
0.59 -0.000137715 -1.28734e-005 2.92266e-006 -1.20841e-009 -1.20841e-009
0.6 -0.000137723 -1.2869e-005 2.91411e-006 -1.31714e-009 -1.31714e-009
0.61 -0.00013773 -1.28653e-005 2.90441e-006 -1.41214e-009 -1.41214e-009
0.62 -0.000137738 -1.28623e-005 2.8929e-006 -1.4937e-009 -1.4937e-009
0.63 -0.000137745 -1.28592e-005 2.87951e-006 -1.56441e-009 -1.56441e-009
0.64 -0.000137752 -1.28544e-005 2.86431e-006 -1.62754e-009 -1.62754e-009
0.65 -0.000137758 -1.28475e-005 2.84814e-006 -1.68613e-009 -1.68613e-009
0.66 -0.000137765 -1.28402e-005 2.83218e-006 -1.74226e-009 -1.74226e-009
0.67 -0.00013777 -1.28338e-005 2.81674e-006 -1.79703e-009 -1.79703e-009
0.68 -0.000137775 -1.28278e-005 2.80154e-006 -1.8514e-009 -1.8514e-009
0.69 -0.00013778 -1.28214e-005 2.78698e-006 -1.90684e-009 -1.90684e-009
0.7 -0.000137784 -1.28144e-005 2.77352e-006 -1.96499e-009 -1.96499e-009
0.71 -0.000137787 -1.28066e-005 2.76049e-006 -2.02723e-009 -2.02723e-009
0.72 -0.00013779 -1.27989e-005 2.74656e-006 -2.09488e-009 -2.09488e-009
0.73 -0.000137793 -1.2793e-005 2.73102e-006 -2.16917e-009 -2.16917e-009
0.74 -0.000137795 -1.27897e-005 2.715e-006 -2.25017e-009 -2.25017e-009
0.75 -0.000137797 -1.27887e-005 2.70095e-006 -2.33519e-009 -2.33519e-009
0.76 -0.000137798 -1.2789e-005 2.69017e-006 -2.41868e-009 -2.41868e-009
0.77 -0.000137799 -1.27894e-005 2.68171e-006 -2.49457e-009 -2.49457e-009
0.78 -0.0001378 -1.27882e-005 2.67337e-006 -2.5595e-009 -2.5595e-009
0.79 -0.0001378 -1.27842e-005 2.6637e-006 -2.61416e-009 -2.61416e-009
0.8 -0.000137801 -1.27774e-005 2.65279e-006 -2.66147e-009 -2.66147e-009
0.81 -0.000137801 -1.27695e-005 2.64102e-006 -2.70378e-009 -2.70378e-009
0.82 -0.000137801 -1.27616e-005 2.62798e-006 -2.7418e-009 -2.7418e-009
0.83 -0.000137801 -1.27546e-005 2.61317e-006 -2.77588e-009 -2.77588e-009
0.84 -0.000137801 -1.27486e-005 2.59744e-006 -2.8073e-009 -2.8073e-009
0.85 -0.000137801 -1.27425e-005 2.58208e-006 -2.83835e-009 -2.83835e-009
0.86 -0.0001378 -1.27343e-005 2.56798e-006 -2.87191e-009 -2.87191e-009
0.87 -0.000137799 -1.27243e-005 2.5572e-006 -2.91056e-009 -2.91056e-009
0.88 -0.000137798 -1.27148e-005 2.55237e-006 -2.95489e-009 -2.95489e-009
0.89 -0.000137796 -1.27065e-005 2.55335e-006 -3.00299e-009 -3.00299e-009
0.9 -0.000137794 -1.26974e-005 2.55643e-006 -3.05317e-009 -3.05317e-009
0.91 -0.000137792 -1.26851e-005 2.5583e-006 -3.1069e-009 -3.1069e-009
0.92 -0.000137789 -1.26701e-005 2.56035e-006 -3.16728e-009 -3.16728e-009
0.93 -0.000137786 -1.26551e-005 2.56759e-006 -3.23315e-009 -3.23315e-009
0.94 -0.000137782 -1.26414e-005 2.58228e-006 -3.29605e-009 -3.29605e-009
0.95 -0.000137777 -1.26286e-005 2.60026e-006 -3.34489e-009 -3.34489e-009
0.96 -0.000137771 -1.26164e-005 2.61454e-006 -3.37441e-009 -3.37441e-009
0.97 -0.000137765 -1.26056e-005 2.62244e-006 -3.38818e-009 -3.38818e-009
0.98 -0.000137758 -1.25982e-005 2.62774e-006 -3.39232e-009 -3.39232e-009
0.99 -0.00013775 -1.25948e-005 2.63506e-006 -3.38729e-009 -3.38729e-009
1 -0.000137742 -1.25938e-005 2.64489e-006 -3.36737e-009 -3.36737e-009
1.01 -0.000137733 -1.25947e-005 2.65491e-006 -3.32747e-009 -3.32747e-009
1.02 -0.000137725 -1.25984e-005 2.66321e-006 -3.26912e-009 -3.26912e-009
1.03 -0.000137717 -1.26028e-005 2.67033e-006 -3.20026e-009 -3.20026e-009
1.04 -0.000137708 -1.26029e-005 2.6794e-006 -3.13032e-009 -3.13032e-009
1.05 -0.0001377 -1.25965e-005 2.69372e-006 -3.06538e-009 -3.06538e-009
1.06 -0.00013769 -1.25872e-005 2.71416e-006 -3.00657e-009 -3.00657e-009
1.07 -0.00013768 -1.25795e-005 2.73872e-006 -2.95214e-009 -2.95214e-009
1.08 -0.00013767 -1.25737e-005 2.76316e-006 -2.90119e-009 -2.90119e-009
1.09 -0.000137658 -1.25678e-005 2.78434e-006 -2.85572e-009 -2.85572e-009
1.1 -0.000137646 -1.25631e-005 2.80409e-006 -2.81775e-009 -2.81775e-009
1.11 -0.000137633 -1.2562e-005 2.82713e-006 -2.78355e-009 -2.78355e-009
1.12 -0.000137618 -1.25627e-005 2.8551e-006 -2.74234e-009 -2.74234e-009
1.13 -0.000137603 -1.25602e-005 2.88429e-006 -2.68283e-009 -2.68283e-009
1.14 -0.000137587 -1.25539e-005 2.90844e-006 -2.60159e-009 -2.60159e-009
1.15 -0.000137571 -1.2546e-005 2.92177e-006 -2.50554e-009 -2.50554e-009
1.16 -0.000137554 -1.25357e-005 2.9218e-006 -2.40772e-009 -2.40772e-009
1.17 -0.000137538 -1.25217e-005 2.91354e-006 -2.31929e-009 -2.31929e-009
1.18 -0.000137522 -1.25047e-005 2.90785e-006 -2.24173e-009 -2.24173e-009
1.19 -0.000137506 -1.24865e-005 2.91323e-006 -2.16496e-009 -2.16496e-009
1.2 -0.000137489 -1.24708e-005 2.93063e-006 -2.07423e-009 -2.07423e-009
1.21 -0.000137472 -1.24611e-005 2.95529e-006 -1.96054e-009 -1.96054e-009
1.22 -0.000137456 -1.2459e-005 2.98156e-006 -1.82634e-009 -1.82634e-009
1.23 -0.000137439 -1.2464e-005 3.00558e-006 -1.683e-009 -1.683e-009
1.24 -0.000137423 -1.24731e-005 3.02573e-006 -1.5439e-009 -1.5439e-009
1.25 -0.000137407 -1.24806e-005 3.04156e-006 -1.41929e-009 -1.41929e-009
1.26 -0.000137391 -1.24807e-005 3.05288e-006 -1.31566e-009 -1.31566e-009
1.27 -0.000137374 -1.24717e-005 3.06036e-006 -1.23719e-009 -1.23719e-009
1.28 -0.000137358 -1.24549e-005 3.06557e-006 -1.18574e-009 -1.18574e-009
1.29 -0.00013734 -1.24342e-005 3.07073e-006 -1.15918e-009 -1.15918e-009
1.3 -0.000137322 -1.2414e-005 3.07853e-006 -1.14971e-009 -1.14971e-009
1.31 -0.000137304 -1.23949e-005 3.09007e-006 -1.14477e-009 -1.14477e-009
1.32 -0.000137284 -1.23752e-005 3.10317e-006 -1.13168e-009 -1.13168e-009
1.33 -0.000137264 -1.23562e-005 3.11373e-006 -1.10288e-009 -1.10288e-009
1.34 -0.000137244 -1.23384e-005 3.11747e-006 -1.05847e-009 -1.05847e-009
1.35 -0.000137224 -1.23169e-005 3.11365e-006 -1.00542e-009 -1.00542e-009
1.36 -0.000137204 -1.22879e-005 3.10921e-006 -9.52739e-010 -9.52739e-010
1.37 -0.000137184 -1.22563e-005 3.1143e-006 -9.04353e-010 -9.04353e-010
1.38 -0.000137164 -1.22323e-005 3.13313e-006 -8.56128e-010 -8.56128e-010
1.39 -0.000137144 -1.22237e-005 3.16021e-006 -8.01713e-010 -8.01713e-010
1.4 -0.000137126 -1.22313e-005 3.18506e-006 -7.42086e-010 -7.42086e-010
1.41 -0.00013711 -1.22513e-005 3.2047e-006 -6.87272e-010 -6.87272e-010
1.42 -0.000137094 -1.22759e-005 3.22748e-006 -6.45751e-010 -6.45751e-010
1.43 -0.000137079 -1.22947e-005 3.2607e-006 -6.13508e-010 -6.13508e-010
1.44 -0.000137065 -1.23028e-005 3.30208e-006 -5.76251e-010 -5.76251e-010
1.45 -0.00013705 -1.23068e-005 3.34311e-006 -5.21592e-010 -5.21592e-010
1.46 -0.000137036 -1.2318e-005 3.37625e-006 -4.47636e-010 -4.47636e-010
1.47 -0.000137022 -1.23416e-005 3.4024e-006 -3.60196e-010 -3.60196e-010
1.48 -0.000137009 -1.23753e-005 3.43242e-006 -2.61806e-010 -2.61806e-010
1.49 -0.000136997 -1.24185e-005 3.479e-006 -1.42576e-010 -1.42576e-010
1.5 -0.000136986 -1.24731e-005 3.54594e-006 1.78663e-011 1.78663e-011
1.51 -0.000136976 -1.2531e-005 3.62436e-006 2.35932e-010 2.35932e-010
1.52 -0.000136967 -1.25715e-005 3.69932e-006 5.06939e-010 5.06939e-010
1.53 -0.00013696 -1.25804e-005 3.763e-006 8.01658e-010 8.01658e-010
1.54 -0.000136952 -1.25633e-005 3.81873e-006 1.08292e-009 1.08292e-009
1.55 -0.000136944 -1.25353e-005 3.8715e-006 1.32731e-009 1.32731e-009
1.56 -0.000136937 -1.25076e-005 3.92232e-006 1.53207e-009 1.53207e-009
1.57 -0.000136931 -1.24858e-005 3.97e-006 1.70569e-009 1.70569e-009
1.58 -0.000136925 -1.24743e-005 4.01148e-006 1.85558e-009 1.85558e-009
1.59 -0.000136921 -1.24775e-005 4.04265e-006 1.98293e-009 1.98293e-009
1.6 -0.000136918 -1.25e-005 4.06375e-006 2.08716e-009 2.08716e-009
1.61 -0.000136918 -1.25414e-005 4.0844e-006 2.17589e-009 2.17589e-009
1.62 -0.000136921 -1.25898e-005 4.11665e-006 2.27112e-009 2.27112e-009
1.63 -0.000136924 -1.26249e-005 4.15672e-006 2.39972e-009 2.39972e-009
1.64 -0.000136926 -1.26282e-005 4.18074e-006 2.56921e-009 2.56921e-009
1.65 -0.000136927 -1.25954e-005 4.1684e-006 2.75175e-009 2.75175e-009
1.66 -0.000136928 -1.25395e-005 4.12494e-006 2.90013e-009 2.90013e-009
1.67 -0.000136927 -1.24814e-005 4.07562e-006 2.98673e-009 2.98673e-009
1.68 -0.000136925 -1.24372e-005 4.04411e-006 3.02915e-009 3.02915e-009
1.69 -0.00013692 -1.24144e-005 4.03709e-006 3.07898e-009 3.07898e-009
1.7 -0.000136912 -1.24141e-005 4.04822e-006 3.18675e-009 3.18675e-009
1.71 -0.000136902 -1.24281e-005 4.0698e-006 3.37519e-009 3.37519e-009
1.72 -0.00013689 -1.24403e-005 4.09449e-006 3.63645e-009 3.63645e-009
1.73 -0.000136875 -1.24382e-005 4.11351e-006 3.94387e-009 3.94387e-009
1.74 -0.000136858 -1.24217e-005 4.11925e-006 4.26448e-009 4.26448e-009
1.75 -0.00013684 -1.23982e-005 4.10719e-006 4.56617e-009 4.56617e-009
1.76 -0.000136822 -1.23752e-005 4.07584e-006 4.82019e-009 4.82019e-009
1.77 -0.000136806 -1.23613e-005 4.02911e-006 5.00364e-009 5.00364e-009
1.78 -0.000136792 -1.23681e-005 3.97911e-006 5.10674e-009 5.10674e-009
1.79 -0.00013678 -1.23998e-005 3.94124e-006 5.14094e-009 5.14094e-009
1.8 -0.00013677 -1.24456e-005 3.92096e-006 5.13615e-009 5.13615e-009
1.81 -0.000136759 -1.24899e-005 3.90865e-006 5.12316e-009 5.12316e-009
1.82 -0.00013675 -1.25243e-005 3.88972e-006 5.11497e-009 5.11497e-009
1.83 -0.000136741 -1.25477e-005 3.85738e-006 5.10385e-009 5.10385e-009
1.84 -0.000136732 -1.25616e-005 3.81609e-006 5.07463e-009 5.07463e-009
1.85 -0.000136724 -1.25693e-005 3.77812e-006 5.02044e-009 5.02044e-009
1.86 -0.000136717 -1.258e-005 3.75614e-006 4.94858e-009 4.94858e-009
1.87 -0.00013671 -1.25998e-005 3.75193e-006 4.87215e-009 4.87215e-009
1.88 -0.000136706 -1.26158e-005 3.75065e-006 4.79052e-009 4.79052e-009
1.89 -0.000136702 -1.26066e-005 3.73332e-006 4.67417e-009 4.67417e-009
1.9 -0.0001367 -1.25762e-005 3.69716e-006 4.4756e-009 4.4756e-009
1.91 -0.0001367 -1.25549e-005 3.65732e-006 4.16634e-009 4.16634e-009
1.92 -0.000136703 -1.25662e-005 3.63097e-006 3.7678e-009 3.7678e-009
1.93 -0.000136711 -1.2614e-005 3.62608e-006 3.34639e-009 3.34639e-009
1.94 -0.000136724 -1.26931e-005 3.64122e-006 2.97925e-009 2.97925e-009
1.95 -0.000136745 -1.27955e-005 3.67023e-006 2.71952e-009 2.71952e-009
1.96 -0.000136773 -1.29054e-005 3.70415e-006 2.58039e-009 2.58039e-009
1.97 -0.000136809 -1.29999e-005 3.73257e-006 2.53735e-009 2.53735e-009
1.98 -0.000136852 -1.30635e-005 3.74977e-006 2.54176e-009 2.54176e-009
1.99 -0.0001369 -1.30997e-005 3.75806e-006 2.54141e-009 2.54141e-009
2 -0.00013695 -1.31245e-005 3.7657e-006 2.50142e-009 2.50142e-009
2.01 -0.000137003 -1.31515e-005 3.7838e-006 2.41672e-009 2.41672e-009
2.02 -0.000137059 -1.31835e-005 3.82295e-006 2.31096e-009 2.31096e-009
2.03 -0.000137117 -1.32166e-005 3.89022e-006 2.22432e-009 2.22432e-009
2.04 -0.000137176 -1.32486e-005 3.98461e-006 2.19692e-009 2.19692e-009
2.05 -0.000137235 -1.32745e-005 4.09135e-006 2.25162e-009 2.25162e-009
2.06 -0.000137292 -1.3283e-005 4.18784e-006 2.3801e-009 2.3801e-009
2.07 -0.000137347 -1.32735e-005 4.26051e-006 2.54375e-009 2.54375e-009
2.08 -0.000137401 -1.32635e-005 4.31149e-006 2.69586e-009 2.69586e-009
2.09 -0.000137456 -1.32714e-005 4.34879e-006 2.80943e-009 2.80943e-009
2.1 -0.000137514 -1.33006e-005 4.37386e-006 2.88608e-009 2.88608e-009
2.11 -0.000137574 -1.33421e-005 4.38147e-006 2.94142e-009 2.94142e-009
2.12 -0.000137637 -1.33898e-005 4.37059e-006 2.98809e-009 2.98809e-009
2.13 -0.000137703 -1.34466e-005 4.34792e-006 3.03516e-009 3.03516e-009
2.14 -0.000137771 -1.35162e-005 4.32268e-006 3.09938e-009 3.09938e-009
2.15 -0.00013784 -1.35933e-005 4.30146e-006 3.21071e-009 3.21071e-009
2.16 -0.000137905 -1.36624e-005 4.28394e-006 3.40292e-009 3.40292e-009
2.17 -0.000137966 -1.37112e-005 4.26327e-006 3.69555e-009 3.69555e-009
2.18 -0.000138021 -1.37486e-005 4.23244e-006 4.08336e-009 4.08336e-009
2.19 -0.000138074 -1.37951e-005 4.1886e-006 4.54164e-009 4.54164e-009
2.2 -0.000138123 -1.38525e-005 4.13183e-006 5.03758e-009 5.03758e-009
2.21 -0.000138167 -1.39033e-005 4.065e-006 5.53605e-009 5.53605e-009
2.22 -0.000138204 -1.39356e-005 3.99507e-006 6.00213e-009 6.00213e-009
2.23 -0.000138235 -1.39532e-005 3.92959e-006 6.40791e-009 6.40791e-009
2.24 -0.00013826 -1.39654e-005 3.87009e-006 6.74058e-009 6.74058e-009
2.25 -0.00013828 -1.39781e-005 3.81042e-006 7.00386e-009 7.00386e-009
2.26 -0.000138296 -1.39963e-005 3.74317e-006 7.21267e-009 7.21267e-009
2.27 -0.000138312 -1.40233e-005 3.66329e-006 7.38661e-009 7.38661e-009
2.28 -0.000138327 -1.40509e-005 3.56781e-006 7.54341e-009 7.54341e-009
2.29 -0.000138342 -1.40679e-005 3.45805e-006 7.69243e-009 7.69243e-009
2.3 -0.000138357 -1.40746e-005 3.34013e-006 7.83289e-009 7.83289e-009
2.31 -0.000138373 -1.40787e-005 3.22172e-006 7.95782e-009 7.95782e-009
2.32 -0.000138388 -1.40843e-005 3.10999e-006 8.05915e-009 8.05915e-009
2.33 -0.000138401 -1.40936e-005 3.01136e-006 8.13113e-009 8.13113e-009
2.34 -0.000138413 -1.41109e-005 2.92945e-006 8.17215e-009 8.17215e-009
2.35 -0.000138422 -1.41407e-005 2.86369e-006 8.18469e-009 8.18469e-009
2.36 -0.000138431 -1.4183e-005 2.81098e-006 8.1725e-009 8.1725e-009
2.37 -0.000138438 -1.4236e-005 2.76897e-006 8.13712e-009 8.13712e-009
2.38 -0.000138446 -1.42957e-005 2.73643e-006 8.07601e-009 8.07601e-009
2.39 -0.000138453 -1.43468e-005 2.70924e-006 7.97993e-009 7.97993e-009
2.4 -0.000138457 -1.43693e-005 2.68411e-006 7.82941e-009 7.82941e-009
2.41 -0.000138458 -1.43547e-005 2.66634e-006 7.59862e-009 7.59862e-009
2.42 -0.000138456 -1.43046e-005 2.66345e-006 7.26709e-009 7.26709e-009
2.43 -0.000138452 -1.42307e-005 2.67372e-006 6.8279e-009 6.8279e-009
2.44 -0.000138447 -1.41602e-005 2.68739e-006 6.28692e-009 6.28692e-009
2.45 -0.000138442 -1.41187e-005 2.69607e-006 5.65938e-009 5.65938e-009
2.46 -0.000138439 -1.41056e-005 2.69837e-006 4.96807e-009 4.96807e-009
2.47 -0.000138437 -1.40987e-005 2.69941e-006 4.24156e-009 4.24156e-009
2.48 -0.000138437 -1.40794e-005 2.70727e-006 3.51098e-009 3.51098e-009
2.49 -0.000138438 -1.40456e-005 2.72902e-006 2.80618e-009 2.80618e-009
2.5 -0.000138441 -1.40091e-005 2.76972e-006 2.15233e-009 2.15233e-009
2.51 -0.000138445 -1.39838e-005 2.83069e-006 1.56727e-009 1.56727e-009
2.52 -0.00013845 -1.39773e-005 2.90636e-006 1.05812e-009 1.05812e-009
2.53 -0.000138459 -1.39898e-005 2.98766e-006 6.1822e-010 6.1822e-010
2.54 -0.00013847 -1.40131e-005 3.06735e-006 2.28775e-010 2.28775e-010
2.55 -0.000138482 -1.40326e-005 3.14097e-006 -1.34378e-010 -1.34378e-010
2.56 -0.000138496 -1.40354e-005 3.2068e-006 -4.92245e-010 -4.92245e-010
2.57 -0.000138508 -1.40172e-005 3.26428e-006 -8.56085e-010 -8.56085e-010
2.58 -0.000138519 -1.3983e-005 3.31254e-006 -1.22507e-009 -1.22507e-009
2.59 -0.000138527 -1.39432e-005 3.35347e-006 -1.58727e-009 -1.58727e-009
2.6 -0.000138533 -1.39066e-005 3.39291e-006 -1.92146e-009 -1.92146e-009
2.61 -0.000138535 -1.38759e-005 3.43382e-006 -2.20167e-009 -2.20167e-009
2.62 -0.000138534 -1.38467e-005 3.47076e-006 -2.40745e-009 -2.40745e-009
2.63 -0.000138532 -1.38113e-005 3.49583e-006 -2.53487e-009 -2.53487e-009
2.64 -0.000138527 -1.37676e-005 3.51169e-006 -2.59595e-009 -2.59595e-009
2.65 -0.00013852 -1.37279e-005 3.53519e-006 -2.60081e-009 -2.60081e-009
2.66 -0.000138512 -1.37072e-005 3.58156e-006 -2.53862e-009 -2.53862e-009
2.67 -0.000138504 -1.37059e-005 3.64564e-006 -2.38104e-009 -2.38104e-009
2.68 -0.000138495 -1.37107e-005 3.70336e-006 -2.1101e-009 -2.1101e-009
2.69 -0.000138485 -1.37061e-005 3.7325e-006 -1.74226e-009 -1.74226e-009
2.7 -0.000138476 -1.36883e-005 3.73122e-006 -1.32148e-009 -1.32148e-009
2.71 -0.000138465 -1.36638e-005 3.71667e-006 -8.86017e-010 -8.86017e-010
2.72 -0.000138452 -1.36331e-005 3.70792e-006 -4.41708e-010 -4.41708e-010
2.73 -0.000138434 -1.35861e-005 3.70791e-006 3.10789e-011 3.10789e-011
2.74 -0.00013841 -1.35174e-005 3.6995e-006 5.44228e-010 5.44228e-010
2.75 -0.00013838 -1.34413e-005 3.66107e-006 1.07622e-009 1.07622e-009
2.76 -0.000138346 -1.33768e-005 3.58606e-006 1.57935e-009 1.57935e-009
2.77 -0.000138308 -1.333e-005 3.4841e-006 2.01061e-009 2.01061e-009
2.78 -0.000138267 -1.32995e-005 3.36484e-006 2.35447e-009 2.35447e-009
2.79 -0.000138225 -1.32795e-005 3.22751e-006 2.61779e-009 2.61779e-009
2.8 -0.000138183 -1.32549e-005 3.07084e-006 2.80797e-009 2.80797e-009
2.81 -0.000138141 -1.3214e-005 2.90838e-006 2.92301e-009 2.92301e-009
2.82 -0.000138099 -1.3163e-005 2.76529e-006 2.96563e-009 2.96563e-009
2.83 -0.000138057 -1.31171e-005 2.66027e-006 2.96177e-009 2.96177e-009
2.84 -0.000138014 -1.30877e-005 2.59372e-006 2.95753e-009 2.95753e-009
2.85 -0.000137973 -1.30751e-005 2.55215e-006 2.99458e-009 2.99458e-009
2.86 -0.000137931 -1.30728e-005 2.51987e-006 3.08741e-009 3.08741e-009
2.87 -0.00013789 -1.30771e-005 2.48375e-006 3.22061e-009 3.22061e-009
2.88 -0.00013785 -1.3082e-005 2.43538e-006 3.36305e-009 3.36305e-009
2.89 -0.00013781 -1.30751e-005 2.37748e-006 3.48495e-009 3.48495e-009
2.9 -0.000137768 -1.30481e-005 2.32349e-006 3.56964e-009 3.56964e-009
2.91 -0.000137724 -1.30052e-005 2.2844e-006 3.61556e-009 3.61556e-009
2.92 -0.000137679 -1.29568e-005 2.25856e-006 3.62649e-009 3.62649e-009
2.93 -0.000137633 -1.29123e-005 2.23906e-006 3.59761e-009 3.59761e-009
2.94 -0.000137588 -1.28762e-005 2.22541e-006 3.51159e-009 3.51159e-009
2.95 -0.000137545 -1.28466e-005 2.22212e-006 3.34744e-009 3.34744e-009
2.96 -0.000137507 -1.282e-005 2.23234e-006 3.09083e-009 3.09083e-009
2.97 -0.000137474 -1.27977e-005 2.26067e-006 2.73841e-009 2.73841e-009
2.98 -0.000137448 -1.27843e-005 2.31693e-006 2.2994e-009 2.2994e-009
2.99 -0.000137427 -1.27794e-005 2.40861e-006 1.79497e-009 1.79497e-009
3 -0.000137412 -1.27711e-005 2.53071e-006 1.2497e-009 1.2497e-009
3.01 -0.000137401 -1.2743e-005 2.66729e-006 6.76936e-010 6.76936e-010
3.02 -0.000137392 -1.26874e-005 2.80336e-006 7.14381e-011 7.14381e-011
3.03 -0.000137384 -1.26081e-005 2.93402e-006 -5.8044e-010 -5.8044e-010
3.04 -0.000137375 -1.252e-005 3.06398e-006 -1.27925e-009 -1.27925e-009
3.05 -0.000137365 -1.24457e-005 3.19763e-006 -1.99753e-009 -1.99753e-009
3.06 -0.000137354 -1.24035e-005 3.33203e-006 -2.68453e-009 -2.68453e-009
3.07 -0.000137342 -1.23893e-005 3.4633e-006 -3.28661e-009 -3.28661e-009
3.08 -0.000137328 -1.23779e-005 3.59164e-006 -3.76714e-009 -3.76714e-009
3.09 -0.000137312 -1.235e-005 3.71925e-006 -4.11386e-009 -4.11386e-009
3.1 -0.000137296 -1.23088e-005 3.84839e-006 -4.33281e-009 -4.33281e-009
3.11 -0.00013728 -1.22656e-005 3.97468e-006 -4.43991e-009 -4.43991e-009
3.12 -0.000137266 -1.22159e-005 4.08444e-006 -4.46217e-009 -4.46217e-009
3.13 -0.000137253 -1.21399e-005 4.16636e-006 -4.44347e-009 -4.44347e-009
3.14 -0.000137239 -1.20324e-005 4.2232e-006 -4.43751e-009 -4.43751e-009
3.15 -0.000137224 -1.19177e-005 4.27105e-006 -4.48248e-009 -4.48248e-009
3.16 -0.000137208 -1.18307e-005 4.32959e-006 -4.57495e-009 -4.57495e-009
3.17 -0.00013719 -1.17958e-005 4.41204e-006 -4.66572e-009 -4.66572e-009
3.18 -0.00013717 -1.18168e-005 4.51981e-006 -4.68155e-009 -4.68155e-009
3.19 -0.000137147 -1.18679e-005 4.64192e-006 -4.55872e-009 -4.55872e-009
3.2 -0.000137119 -1.19067e-005 4.76184e-006 -4.26924e-009 -4.26924e-009
3.21 -0.000137085 -1.191e-005 4.87073e-006 -3.8228e-009 -3.8228e-009
3.22 -0.000137044 -1.18899e-005 4.97237e-006 -3.24276e-009 -3.24276e-009
3.23 -0.000136995 -1.18762e-005 5.07205e-006 -2.53825e-009 -2.53825e-009
3.24 -0.000136941 -1.18914e-005 5.16637e-006 -1.69839e-009 -1.69839e-009
3.25 -0.000136881 -1.1943e-005 5.2446e-006 -7.10601e-010 -7.10601e-010
3.26 -0.000136819 -1.20261e-005 5.29023e-006 4.16255e-010 4.16255e-010
3.27 -0.000136757 -1.21207e-005 5.28229e-006 1.63905e-009 1.63905e-009
3.28 -0.000136697 -1.22001e-005 5.20822e-006 2.88425e-009 2.88425e-009
3.29 -0.00013664 -1.22496e-005 5.07894e-006 4.07083e-009 4.07083e-009
3.3 -0.000136585 -1.22738e-005 4.92771e-006 5.14376e-009 5.14376e-009
3.31 -0.000136532 -1.22838e-005 4.7929e-006 6.09582e-009 6.09582e-009
3.32 -0.000136482 -1.22824e-005 4.69842e-006 6.95832e-009 6.95832e-009
3.33 -0.000136432 -1.22702e-005 4.64728e-006 7.76694e-009 7.76694e-009
3.34 -0.000136385 -1.22635e-005 4.63003e-006 8.532e-009 8.532e-009
3.35 -0.000136341 -1.22866e-005 4.63124e-006 9.23479e-009 9.23479e-009
3.36 -0.000136302 -1.23445e-005 4.62704e-006 9.84084e-009 9.84084e-009
3.37 -0.000136267 -1.24172e-005 4.58932e-006 1.03107e-008 1.03107e-008
3.38 -0.000136238 -1.24752e-005 4.5006e-006 1.06063e-008 1.06063e-008
3.39 -0.000136212 -1.2495e-005 4.36542e-006 1.07026e-008 1.07026e-008
3.4 -0.000136189 -1.24756e-005 4.21011e-006 1.06086e-008 1.06086e-008
3.41 -0.000136168 -1.24446e-005 4.07119e-006 1.03848e-008 1.03848e-008
3.42 -0.000136149 -1.24367e-005 3.97678e-006 1.01392e-008 1.01392e-008
3.43 -0.000136134 -1.24643e-005 3.93221e-006 9.99325e-009 9.99325e-009
3.44 -0.000136123 -1.25146e-005 3.92257e-006 1.00323e-008 1.00323e-008
3.45 -0.000136117 -1.25676e-005 3.92846e-006 1.02724e-008 1.02724e-008
3.46 -0.000136117 -1.2613e-005 3.93764e-006 1.06647e-008 1.06647e-008
3.47 -0.000136123 -1.26537e-005 3.9468e-006 1.11283e-008 1.11283e-008
3.48 -0.000136136 -1.26967e-005 3.96057e-006 1.15851e-008 1.15851e-008
3.49 -0.000136157 -1.27437e-005 3.98906e-006 1.19771e-008 1.19771e-008
3.5 -0.000136184 -1.27969e-005 4.04568e-006 1.22677e-008 1.22677e-008
3.51 -0.000136218 -1.28625e-005 4.14283e-006 1.24375e-008 1.24375e-008
3.52 -0.000136257 -1.2937e-005 4.27989e-006 1.24778e-008 1.24778e-008
3.53 -0.0001363 -1.30003e-005 4.43728e-006 1.23801e-008 1.23801e-008
3.54 -0.000136345 -1.30367e-005 4.58978e-006 1.21263e-008 1.21263e-008
3.55 -0.000136392 -1.30543e-005 4.7231e-006 1.16985e-008 1.16985e-008
3.56 -0.000136441 -1.3083e-005 4.83853e-006 1.11046e-008 1.11046e-008
3.57 -0.000136494 -1.31505e-005 4.94604e-006 1.03992e-008 1.03992e-008
3.58 -0.000136553 -1.32593e-005 5.05377e-006 9.67665e-009 9.67665e-009
3.59 -0.000136617 -1.33849e-005 5.16443e-006 9.03698e-009 9.03698e-009
3.6 -0.000136686 -1.34901e-005 5.27467e-006 8.54701e-009 8.54701e-009
3.61 -0.000136754 -1.35483e-005 5.37493e-006 8.22014e-009 8.22014e-009
3.62 -0.000136819 -1.35654e-005 5.45717e-006 8.02511e-009 8.02511e-009
3.63 -0.000136884 -1.35791e-005 5.52357e-006 7.91897e-009 7.91897e-009
3.64 -0.000136951 -1.36265e-005 5.58682e-006 7.88263e-009 7.88263e-009
3.65 -0.000137022 -1.37156e-005 5.66276e-006 7.93418e-009 7.93418e-009
3.66 -0.000137097 -1.38278e-005 5.76137e-006 8.11231e-009 8.11231e-009
3.67 -0.000137173 -1.39405e-005 5.88642e-006 8.44638e-009 8.44638e-009
3.68 -0.00013725 -1.40398e-005 6.03727e-006 8.93654e-009 8.93654e-009
3.69 -0.000137326 -1.4121e-005 6.19997e-006 9.55033e-009 9.55033e-009
3.7 -0.000137398 -1.41892e-005 6.34432e-006 1.02272e-008 1.02272e-008
3.71 -0.000137465 -1.42557e-005 6.43912e-006 1.0888e-008 1.0888e-008
3.72 -0.000137527 -1.43254e-005 6.46542e-006 1.14537e-008 1.14537e-008
3.73 -0.000137582 -1.43923e-005 6.42239e-006 1.18685e-008 1.18685e-008
3.74 -0.000137635 -1.44481e-005 6.33207e-006 1.21218e-008 1.21218e-008
3.75 -0.000137685 -1.44887e-005 6.22654e-006 1.22575e-008 1.22575e-008
3.76 -0.000137731 -1.45159e-005 6.12622e-006 1.23602e-008 1.23602e-008
3.77 -0.000137774 -1.45337e-005 6.0363e-006 1.2521e-008 1.2521e-008
3.78 -0.000137813 -1.45439e-005 5.95494e-006 1.28048e-008 1.28048e-008
3.79 -0.000137848 -1.45496e-005 5.87686e-006 1.32372e-008 1.32372e-008
3.8 -0.000137879 -1.45557e-005 5.79395e-006 1.38109e-008 1.38109e-008
3.81 -0.000137907 -1.45627e-005 5.70211e-006 1.44994e-008 1.44994e-008
3.82 -0.000137932 -1.45688e-005 5.61046e-006 1.52714e-008 1.52714e-008
3.83 -0.000137953 -1.45697e-005 5.53685e-006 1.61018e-008 1.61018e-008
3.84 -0.000137971 -1.45616e-005 5.48342e-006 1.697e-008 1.697e-008
3.85 -0.000137985 -1.45508e-005 5.4226e-006 1.78408e-008 1.78408e-008
3.86 -0.000137997 -1.45511e-005 5.32301e-006 1.86481e-008 1.86481e-008
3.87 -0.000138009 -1.45687e-005 5.18116e-006 1.93084e-008 1.93084e-008
3.88 -0.000138018 -1.46008e-005 5.01612e-006 1.97611e-008 1.97611e-008
3.89 -0.000138027 -1.46419e-005 4.84561e-006 1.99972e-008 1.99972e-008
3.9 -0.000138035 -1.4692e-005 4.67576e-006 2.00533e-008 2.00533e-008
3.91 -0.000138046 -1.476e-005 4.51004e-006 1.99823e-008 1.99823e-008
3.92 -0.000138061 -1.48566e-005 4.36119e-006 1.98327e-008 1.98327e-008
3.93 -0.000138079 -1.49774e-005 4.24358e-006 1.96445e-008 1.96445e-008
3.94 -0.000138101 -1.50959e-005 4.15768e-006 1.94451e-008 1.94451e-008
3.95 -0.000138124 -1.51805e-005 4.09552e-006 1.92378e-008 1.92378e-008
3.96 -0.000138146 -1.52155e-005 4.05299e-006 1.89992e-008 1.89992e-008
3.97 -0.000138165 -1.52019e-005 4.02582e-006 1.86918e-008 1.86918e-008
3.98 -0.000138182 -1.51478e-005 4.00496e-006 1.82813e-008 1.82813e-008
3.99 -0.000138196 -1.50611e-005 3.98365e-006 1.7747e-008 1.7747e-008
4 -0.000138207 -1.49576e-005 3.96632e-006 1.70871e-008 1.70871e-008
4.01 -0.000138215 -1.48679e-005 3.96879e-006 1.63258e-008 1.63258e-008
4.02 -0.000138221 -1.48161e-005 4.00043e-006 1.55122e-008 1.55122e-008
4.03 -0.000138228 -1.4803e-005 4.04744e-006 1.46985e-008 1.46985e-008
4.04 -0.000138238 -1.48213e-005 4.08579e-006 1.39083e-008 1.39083e-008
4.05 -0.000138253 -1.48645e-005 4.10003e-006 1.31258e-008 1.31258e-008
4.06 -0.000138274 -1.4914e-005 4.08346e-006 1.23106e-008 1.23106e-008
4.07 -0.000138303 -1.49425e-005 4.03929e-006 1.14223e-008 1.14223e-008
4.08 -0.000138337 -1.49399e-005 3.98883e-006 1.04419e-008 1.04419e-008
4.09 -0.000138377 -1.49176e-005 3.96746e-006 9.38882e-009 9.38882e-009
4.1 -0.000138419 -1.48877e-005 4.0048e-006 8.32414e-009 8.32414e-009
4.11 -0.000138461 -1.4856e-005 4.1093e-006 7.33059e-009 7.33059e-009
4.12 -0.000138498 -1.48229e-005 4.26549e-006 6.4794e-009 6.4794e-009
4.13 -0.000138529 -1.47782e-005 4.44016e-006 5.80174e-009 5.80174e-009
4.14 -0.000138552 -1.47111e-005 4.59916e-006 5.28055e-009 5.28055e-009
4.15 -0.000138565 -1.46294e-005 4.72235e-006 4.86875e-009 4.86875e-009
4.16 -0.00013857 -1.45518e-005 4.80317e-006 4.52001e-009 4.52001e-009
4.17 -0.000138568 -1.44919e-005 4.8422e-006 4.20821e-009 4.20821e-009
4.18 -0.000138562 -1.44491e-005 4.84438e-006 3.92524e-009 3.92524e-009
4.19 -0.000138553 -1.44061e-005 4.82014e-006 3.66714e-009 3.66714e-009
4.2 -0.000138542 -1.43421e-005 4.78516e-006 3.42569e-009 3.42569e-009
4.21 -0.000138528 -1.42468e-005 4.7509e-006 3.19127e-009 3.19127e-009
4.22 -0.000138513 -1.41185e-005 4.71434e-006 2.95771e-009 2.95771e-009
4.23 -0.000138495 -1.39652e-005 4.66633e-006 2.72262e-009 2.72262e-009
4.24 -0.000138474 -1.38055e-005 4.60536e-006 2.49034e-009 2.49034e-009
4.25 -0.00013845 -1.36475e-005 4.53478e-006 2.27719e-009 2.27719e-009
4.26 -0.000138421 -1.34834e-005 4.45732e-006 2.10842e-009 2.10842e-009
4.27 -0.000138385 -1.3311e-005 4.37676e-006 2.00671e-009 2.00671e-009
4.28 -0.000138339 -1.31378e-005 4.29628e-006 1.98206e-009 1.98206e-009
4.29 -0.000138283 -1.29705e-005 4.21766e-006 2.02842e-009 2.02842e-009
4.3 -0.000138216 -1.28248e-005 4.14455e-006 2.12922e-009 2.12922e-009
4.31 -0.000138138 -1.27263e-005 4.07792e-006 2.27025e-009 2.27025e-009
4.32 -0.000138053 -1.2685e-005 4.00846e-006 2.44737e-009 2.44737e-009
4.33 -0.000137962 -1.26825e-005 3.92188e-006 2.66105e-009 2.66105e-009
4.34 -0.000137868 -1.26862e-005 3.81318e-006 2.90745e-009 2.90745e-009
4.35 -0.000137773 -1.26641e-005 3.69135e-006 3.17879e-009 3.17879e-009
4.36 -0.000137677 -1.25957e-005 3.56766e-006 3.4684e-009 3.4684e-009
4.37 -0.00013758 -1.24822e-005 3.4446e-006 3.76881e-009 3.76881e-009
4.38 -0.000137484 -1.23455e-005 3.32074e-006 4.06368e-009 4.06368e-009
4.39 -0.000137388 -1.22163e-005 3.20503e-006 4.32858e-009 4.32858e-009
4.4 -0.000137293 -1.21197e-005 3.11853e-006 4.54593e-009 4.54593e-009
4.41 -0.000137198 -1.20574e-005 3.0765e-006 4.71726e-009 4.71726e-009
4.42 -0.000137102 -1.2008e-005 3.07418e-006 4.8537e-009 4.8537e-009
4.43 -0.000137005 -1.19431e-005 3.09108e-006 4.94994e-009 4.94994e-009
4.44 -0.000136909 -1.18368e-005 3.10387e-006 4.96567e-009 4.96567e-009
4.45 -0.000136814 -1.16783e-005 3.10014e-006 4.83358e-009 4.83358e-009
4.46 -0.000136721 -1.1491e-005 3.08357e-006 4.49145e-009 4.49145e-009
4.47 -0.000136631 -1.13228e-005 3.06207e-006 3.9144e-009 3.9144e-009
4.48 -0.000136546 -1.12075e-005 3.03766e-006 3.12329e-009 3.12329e-009
4.49 -0.000136469 -1.11445e-005 3.01385e-006 2.16827e-009 2.16827e-009
4.5 -0.0001364 -1.11129e-005 3.00156e-006 1.10834e-009 1.10834e-009
4.51 -0.00013634 -1.10834e-005 3.00735e-006 -2.37355e-013 -2.37355e-013
4.52 -0.000136289 -1.10242e-005 3.02372e-006 -1.11301e-009 -1.11301e-009
4.53 -0.000136246 -1.09212e-005 3.04319e-006 -2.20426e-009 -2.20426e-009
4.54 -0.000136207 -1.07874e-005 3.07356e-006 -3.2602e-009 -3.2602e-009
4.55 -0.000136172 -1.06442e-005 3.12752e-006 -4.26293e-009 -4.26293e-009
4.56 -0.000136139 -1.0514e-005 3.20646e-006 -5.18605e-009 -5.18605e-009
4.57 -0.000136108 -1.04183e-005 3.30153e-006 -6.00779e-009 -6.00779e-009
4.58 -0.00013608 -1.03612e-005 3.40086e-006 -6.72762e-009 -6.72762e-009
4.59 -0.000136054 -1.03174e-005 3.49098e-006 -7.37449e-009 -7.37449e-009
4.6 -0.00013603 -1.02488e-005 3.55794e-006 -8.00444e-009 -8.00444e-009
4.61 -0.000136007 -1.01371e-005 3.59773e-006 -8.685e-009 -8.685e-009
4.62 -0.000135984 -1.00002e-005 3.62594e-006 -9.46495e-009 -9.46495e-009
4.63 -0.000135962 -9.86597e-006 3.66443e-006 -1.03453e-008 -1.03453e-008
4.64 -0.000135941 -9.73514e-006 3.71545e-006 -1.12813e-008 -1.12813e-008
4.65 -0.000135921 -9.58709e-006 3.75644e-006 -1.22206e-008 -1.22206e-008
4.66 -0.000135904 -9.41644e-006 3.75893e-006 -1.31436e-008 -1.31436e-008
4.67 -0.000135891 -9.24561e-006 3.7105e-006 -1.4067e-008 -1.4067e-008
4.68 -0.000135883 -9.10261e-006 3.62304e-006 -1.50088e-008 -1.50088e-008
4.69 -0.000135877 -8.99791e-006 3.52189e-006 -1.59511e-008 -1.59511e-008
4.7 -0.000135871 -8.91847e-006 3.42638e-006 -1.68346e-008 -1.68346e-008
4.71 -0.000135864 -8.839e-006 3.34212e-006 -1.75858e-008 -1.75858e-008
4.72 -0.000135854 -8.74883e-006 3.2676e-006 -1.81512e-008 -1.81512e-008
4.73 -0.00013584 -8.66613e-006 3.19689e-006 -1.85079e-008 -1.85079e-008
4.74 -0.000135823 -8.61553e-006 3.11818e-006 -1.86557e-008 -1.86557e-008
4.75 -0.000135806 -8.60357e-006 3.0208e-006 -1.86082e-008 -1.86082e-008
4.76 -0.000135789 -8.61674e-006 2.89968e-006 -1.83912e-008 -1.83912e-008
4.77 -0.000135773 -8.62711e-006 2.75207e-006 -1.80468e-008 -1.80468e-008
4.78 -0.000135758 -8.61278e-006 2.5801e-006 -1.76341e-008 -1.76341e-008
4.79 -0.000135745 -8.58332e-006 2.39676e-006 -1.72154e-008 -1.72154e-008
4.8 -0.000135734 -8.56701e-006 2.22112e-006 -1.68318e-008 -1.68318e-008
4.81 -0.000135725 -8.5811e-006 2.06521e-006 -1.64898e-008 -1.64898e-008
4.82 -0.000135719 -8.62968e-006 1.92779e-006 -1.61716e-008 -1.61716e-008
4.83 -0.000135718 -8.70283e-006 1.80157e-006 -1.58591e-008 -1.58591e-008
4.84 -0.000135722 -8.76277e-006 1.68441e-006 -1.55515e-008 -1.55515e-008
4.85 -0.00013573 -8.76725e-006 1.57984e-006 -1.52667e-008 -1.52667e-008
4.86 -0.000135743 -8.73109e-006 1.49315e-006 -1.50261e-008 -1.50261e-008
4.87 -0.00013576 -8.72728e-006 1.4266e-006 -1.48325e-008 -1.48325e-008
4.88 -0.000135785 -8.80741e-006 1.37035e-006 -1.46609e-008 -1.46609e-008
4.89 -0.00013582 -8.95351e-006 1.30894e-006 -1.44797e-008 -1.44797e-008
4.9 -0.000135865 -9.10955e-006 1.23991e-006 -1.4277e-008 -1.4277e-008
4.91 -0.000135919 -9.23677e-006 1.17146e-006 -1.4067e-008 -1.4067e-008
4.92 -0.000135983 -9.33134e-006 1.10105e-006 -1.38762e-008 -1.38762e-008
4.93 -0.000136059 -9.4053e-006 1.01028e-006 -1.37351e-008 -1.37351e-008
4.94 -0.000136147 -9.4778e-006 8.87986e-007 -1.36756e-008 -1.36756e-008
4.95 -0.000136249 -9.57929e-006 7.49507e-007 -1.37199e-008 -1.37199e-008
4.96 -0.000136366 -9.73058e-006 6.27169e-007 -1.38584e-008 -1.38584e-008
4.97 -0.000136497 -9.91628e-006 5.5004e-007 -1.40461e-008 -1.40461e-008
4.98 -0.00013664 -1.01046e-005 5.33663e-007 -1.4226e-008 -1.4226e-008
4.99 -0.000136796 -1.02893e-005 5.74812e-007 -1.43625e-008 -1.43625e-008
5 -0.000136963 -1.04836e-005 6.42867e-007 -1.44608e-008 -1.44608e-008
5.01 -0.000137143 -1.06822e-005 6.90947e-007 -1.45724e-008 -1.45724e-008
5.02 -0.000137335 -1.08626e-005 6.94941e-007 -1.47778e-008 -1.47778e-008
5.03 -0.000137535 -1.10123e-005 6.7197e-007 -1.51441e-008 -1.51441e-008
5.04 -0.000137742 -1.11322e-005 6.53323e-007 -1.568e-008 -1.568e-008
5.05 -0.000137953 -1.12342e-005 6.54609e-007 -1.63292e-008 -1.63292e-008
5.06 -0.00013817 -1.13504e-005 6.75555e-007 -1.70029e-008 -1.70029e-008
5.07 -0.000138393 -1.15144e-005 7.03678e-007 -1.76192e-008 -1.76192e-008
5.08 -0.000138624 -1.17215e-005 7.13472e-007 -1.81311e-008 -1.81311e-008
5.09 -0.000138862 -1.19343e-005 6.80167e-007 -1.85386e-008 -1.85386e-008
5.1 -0.000139108 -1.21239e-005 5.95416e-007 -1.88784e-008 -1.88784e-008
5.11 -0.000139362 -1.22772e-005 4.66011e-007 -1.91974e-008 -1.91974e-008
5.12 -0.000139621 -1.23817e-005 3.01958e-007 -1.95316e-008 -1.95316e-008
5.13 -0.000139883 -1.24414e-005 1.13908e-007 -1.99027e-008 -1.99027e-008
5.14 -0.000140147 -1.25014e-005 -7.63684e-008 -2.03165e-008 -2.03165e-008
5.15 -0.000140415 -1.26167e-005 -2.39886e-007 -2.07528e-008 -2.07528e-008
5.16 -0.000140683 -1.28013e-005 -3.65497e-007 -2.11645e-008 -2.11645e-008
5.17 -0.000140951 -1.30345e-005 -4.71464e-007 -2.15042e-008 -2.15042e-008
5.18 -0.000141219 -1.32953e-005 -5.88111e-007 -2.17564e-008 -2.17564e-008
5.19 -0.000141489 -1.35621e-005 -7.44399e-007 -2.19461e-008 -2.19461e-008
5.2 -0.000141756 -1.37972e-005 -9.63644e-007 -2.21243e-008 -2.21243e-008
5.21 -0.000142017 -1.39589e-005 -1.24614e-006 -2.23437e-008 -2.23437e-008
5.22 -0.000142264 -1.40392e-005 -1.54942e-006 -2.26274e-008 -2.26274e-008
5.23 -0.000142489 -1.40651e-005 -1.8057e-006 -2.29369e-008 -2.29369e-008
5.24 -0.000142687 -1.4071e-005 -1.96556e-006 -2.31695e-008 -2.31695e-008
5.25 -0.000142859 -1.40905e-005 -2.01908e-006 -2.31999e-008 -2.31999e-008
5.26 -0.000143006 -1.41462e-005 -1.98818e-006 -2.29367e-008 -2.29367e-008
5.27 -0.000143134 -1.4233e-005 -1.91012e-006 -2.23564e-008 -2.23564e-008
5.28 -0.000143244 -1.43315e-005 -1.81754e-006 -2.14993e-008 -2.14993e-008
5.29 -0.000143337 -1.4436e-005 -1.72749e-006 -2.04355e-008 -2.04355e-008
5.3 -0.000143415 -1.45433e-005 -1.65055e-006 -1.9231e-008 -1.9231e-008
5.31 -0.00014348 -1.46359e-005 -1.59752e-006 -1.79425e-008 -1.79425e-008
5.32 -0.000143532 -1.46998e-005 -1.56625e-006 -1.66301e-008 -1.66301e-008
5.33 -0.00014357 -1.47399e-005 -1.53444e-006 -1.53595e-008 -1.53595e-008
5.34 -0.000143594 -1.4764e-005 -1.47329e-006 -1.41846e-008 -1.41846e-008
5.35 -0.000143603 -1.47646e-005 -1.36478e-006 -1.31344e-008 -1.31344e-008
5.36 -0.000143593 -1.47227e-005 -1.20637e-006 -1.22156e-008 -1.22156e-008
5.37 -0.000143562 -1.46443e-005 -1.00825e-006 -1.14237e-008 -1.14237e-008
5.38 -0.000143508 -1.4583e-005 -7.91333e-007 -1.07447e-008 -1.07447e-008
5.39 -0.000143436 -1.4587e-005 -5.78821e-007 -1.01494e-008 -1.01494e-008
5.4 -0.000143346 -1.46404e-005 -3.83425e-007 -9.59755e-009 -9.59755e-009
5.41 -0.000143238 -1.46854e-005 -2.07775e-007 -9.05542e-009 -9.05542e-009
5.42 -0.000143111 -1.46824e-005 -5.69844e-008 -8.51753e-009 -8.51753e-009
5.43 -0.00014297 -1.46469e-005 5.82628e-008 -8.01515e-009 -8.01515e-009
5.44 -0.000142817 -1.46329e-005 1.36433e-007 -7.59871e-009 -7.59871e-009
5.45 -0.000142655 -1.46709e-005 1.95992e-007 -7.30161e-009 -7.30161e-009
5.46 -0.000142485 -1.4736e-005 2.61764e-007 -7.11357e-009 -7.11357e-009
5.47 -0.000142307 -1.47805e-005 3.44305e-007 -6.98648e-009 -6.98648e-009
5.48 -0.000142121 -1.47713e-005 4.37455e-007 -6.86467e-009 -6.86467e-009
5.49 -0.000141928 -1.46974e-005 5.28485e-007 -6.71319e-009 -6.71319e-009
5.5 -0.000141729 -1.458e-005 6.09427e-007 -6.52435e-009 -6.52435e-009
5.51 -0.000141525 -1.44708e-005 6.79434e-007 -6.30398e-009 -6.30398e-009
5.52 -0.00014132 -1.44067e-005 7.3302e-007 -6.06007e-009 -6.06007e-009
5.53 -0.000141115 -1.43811e-005 7.58936e-007 -5.8126e-009 -5.8126e-009
5.54 -0.000140912 -1.43755e-005 7.56355e-007 -5.6076e-009 -5.6076e-009
5.55 -0.000140711 -1.43836e-005 7.32395e-007 -5.51e-009 -5.51e-009
5.56 -0.000140518 -1.44074e-005 6.85568e-007 -5.58131e-009 -5.58131e-009
5.57 -0.000140334 -1.44548e-005 6.1415e-007 -5.86017e-009 -5.86017e-009
5.58 -0.000140162 -1.45301e-005 5.3721e-007 -6.3462e-009 -6.3462e-009
5.59 -0.000140003 -1.46249e-005 4.89876e-007 -6.98704e-009 -6.98704e-009
5.6 -0.000139859 -1.47282e-005 4.95788e-007 -7.68295e-009 -7.68295e-009
5.61 -0.000139731 -1.48387e-005 5.50055e-007 -8.31765e-009 -8.31765e-009
5.62 -0.000139621 -1.49512e-005 6.25122e-007 -8.80185e-009 -8.80185e-009
5.63 -0.000139528 -1.50331e-005 6.86219e-007 -9.10649e-009 -9.10649e-009
5.64 -0.000139449 -1.504e-005 7.05445e-007 -9.26997e-009 -9.26997e-009
5.65 -0.00013938 -1.49605e-005 6.72185e-007 -9.37493e-009 -9.37493e-009
5.66 -0.000139322 -1.48361e-005 5.99745e-007 -9.50316e-009 -9.50316e-009
5.67 -0.000139274 -1.4731e-005 5.23552e-007 -9.68973e-009 -9.68973e-009
5.68 -0.000139236 -1.46787e-005 4.83593e-007 -9.90438e-009 -9.90438e-009
5.69 -0.000139207 -1.46563e-005 4.99596e-007 -1.00767e-008 -1.00767e-008
5.7 -0.000139186 -1.46112e-005 5.62176e-007 -1.0151e-008 -1.0151e-008
5.71 -0.000139174 -1.45074e-005 6.49104e-007 -1.01274e-008 -1.01274e-008
5.72 -0.000139169 -1.43422e-005 7.46438e-007 -1.00584e-008 -1.00584e-008
5.73 -0.00013917 -1.41214e-005 8.53487e-007 -1.00081e-008 -1.00081e-008
5.74 -0.000139175 -1.3832e-005 9.71321e-007 -1.00176e-008 -1.00176e-008
5.75 -0.00013918 -1.34483e-005 1.08955e-006 -1.01048e-008 -1.01048e-008
5.76 -0.000139178 -1.29637e-005 1.18853e-006 -1.02859e-008 -1.02859e-008
5.77 -0.000139169 -1.241e-005 1.25419e-006 -1.05859e-008 -1.05859e-008
5.78 -0.000139147 -1.18453e-005 1.28824e-006 -1.10189e-008 -1.10189e-008
5.79 -0.000139113 -1.13421e-005 1.3085e-006 -1.15528e-008 -1.15528e-008
5.8 -0.000139065 -1.09785e-005 1.34597e-006 -1.20859e-008 -1.20859e-008
5.81 -0.000139006 -1.08025e-005 1.43081e-006 -1.24521e-008 -1.24521e-008
5.82 -0.000138935 -1.07703e-005 1.56196e-006 -1.24725e-008 -1.24725e-008
5.83 -0.000138849 -1.07464e-005 1.69813e-006 -1.20417e-008 -1.20417e-008
5.84 -0.000138747 -1.06085e-005 1.80086e-006 -1.11917e-008 -1.11917e-008
5.85 -0.000138627 -1.03462e-005 1.88487e-006 -1.0063e-008 -1.0063e-008
5.86 -0.000138488 -1.00401e-005 2.01054e-006 -8.79493e-009 -8.79493e-009
5.87 -0.000138328 -9.77631e-006 2.22769e-006 -7.43716e-009 -7.43716e-009
5.88 -0.000138147 -9.60159e-006 2.53805e-006 -5.95731e-009 -5.95731e-009
5.89 -0.000137946 -9.51356e-006 2.90338e-006 -4.32241e-009 -4.32241e-009
5.9 -0.000137725 -9.46725e-006 3.27677e-006 -2.56849e-009 -2.56849e-009
5.91 -0.000137482 -9.41391e-006 3.6305e-006 -8.00479e-010 -8.00479e-010
5.92 -0.000137219 -9.32482e-006 3.95974e-006 8.65134e-010 8.65134e-010
5.93 -0.000136934 -9.18262e-006 4.27469e-006 2.35605e-009 2.35605e-009
5.94 -0.000136627 -8.98739e-006 4.60171e-006 3.65942e-009 3.65942e-009
5.95 -0.000136301 -8.77351e-006 4.97514e-006 4.80687e-009 4.80687e-009
5.96 -0.000135959 -8.60687e-006 5.41201e-006 5.85174e-009 5.85174e-009
5.97 -0.00013561 -8.54742e-006 5.8961e-006 6.84348e-009 6.84348e-009
5.98 -0.000135266 -8.61059e-006 6.38708e-006 7.80075e-009 7.80075e-009
5.99 -0.000134938 -8.77978e-006 6.84497e-006 8.70112e-009 8.70112e-009
6 -0.00013463 -9.05685e-006 7.25399e-006 9.50638e-009 9.50638e-009
6.01 -0.000134344 -9.48048e-006 7.62744e-006 1.02142e-008 1.02142e-008
6.02 -0.00013409 -1.00783e-005 7.99687e-006 1.08973e-008 1.08973e-008
6.03 -0.000133873 -1.08289e-005 8.40715e-006 1.17006e-008 1.17006e-008
6.04 -0.000133699 -1.16764e-005 8.90029e-006 1.27978e-008 1.27978e-008
6.05 -0.00013358 -1.25513e-005 9.47472e-006 1.43245e-008 1.43245e-008
6.06 -0.000133523 -1.33895e-005 1.00705e-005 1.63078e-008 1.63078e-008
6.07 -0.000133507 -1.41436e-005 1.06e-005 1.86267e-008 1.86267e-008
6.08 -0.000133513 -1.47793e-005 1.09865e-005 2.10295e-008 2.10295e-008
6.09 -0.000133536 -1.52883e-005 1.1192e-005 2.32089e-008 2.32089e-008
6.1 -0.000133576 -1.56905e-005 1.12242e-005 2.49052e-008 2.49052e-008
6.11 -0.000133636 -1.59932e-005 1.1122e-005 2.59819e-008 2.59819e-008
6.12 -0.000133715 -1.61663e-005 1.09357e-005 2.64373e-008 2.64373e-008
6.13 -0.000133817 -1.61652e-005 1.07141e-005 2.63605e-008 2.63605e-008
6.14 -0.000133942 -1.59415e-005 1.04836e-005 2.58664e-008 2.58664e-008
6.15 -0.000134083 -1.54404e-005 1.02431e-005 2.50377e-008 2.50377e-008
6.16 -0.000134232 -1.46361e-005 9.98277e-006 2.38965e-008 2.38965e-008
6.17 -0.000134383 -1.35636e-005 9.69824e-006 2.24244e-008 2.24244e-008
6.18 -0.000134531 -1.23059e-005 9.39355e-006 2.06133e-008 2.06133e-008
6.19 -0.000134673 -1.0974e-005 9.0965e-006 1.85182e-008 1.85182e-008
6.2 -0.000134811 -9.68506e-006 8.8681e-006 1.62952e-008 1.62952e-008
6.21 -0.000134939 -8.51067e-006 8.76765e-006 1.4202e-008 1.4202e-008
6.22 -0.000135042 -7.4313e-006 8.79549e-006 1.25348e-008 1.25348e-008
6.23 -0.000135099 -6.36356e-006 8.88078e-006 1.1512e-008 1.1512e-008
6.24 -0.000135097 -5.25849e-006 8.93309e-006 1.11819e-008 1.11819e-008
6.25 -0.000135034 -4.15657e-006 8.91367e-006 1.14451e-008 1.14451e-008
6.26 -0.000134909 -3.18822e-006 8.86726e-006 1.21849e-008 1.21849e-008
6.27 -0.000134714 -2.53346e-006 8.88968e-006 1.34032e-008 1.34032e-008
6.28 -0.000134451 -2.30667e-006 9.05903e-006 1.52514e-008 1.52514e-008
6.29 -0.00013413 -2.45669e-006 9.38045e-006 1.79148e-008 1.79148e-008
6.3 -0.000133768 -2.77164e-006 9.78338e-006 2.14235e-008 2.14235e-008
6.31 -0.000133365 -3.03871e-006 1.01791e-005 2.55333e-008 2.55333e-008
6.32 -0.000132912 -3.21827e-006 1.05181e-005 2.97803e-008 2.97803e-008
6.33 -0.000132411 -3.457e-006 1.0791e-005 3.36773e-008 3.36773e-008
6.34 -0.000131879 -3.97202e-006 1.1008e-005 3.69169e-008 3.69169e-008
6.35 -0.000131338 -4.90769e-006 1.11862e-005 3.94521e-008 3.94521e-008
6.36 -0.000130805 -6.24253e-006 1.13307e-005 4.14299e-008 4.14299e-008
6.37 -0.000130294 -7.76654e-006 1.14043e-005 4.30288e-008 4.30288e-008
6.38 -0.000129809 -9.17254e-006 1.13304e-005 4.42931e-008 4.42931e-008
6.39 -0.000129358 -1.02772e-005 1.10642e-005 4.5076e-008 4.5076e-008
6.4 -0.000128945 -1.11597e-005 1.06504e-005 4.51557e-008 4.51557e-008
6.41 -0.000128585 -1.20233e-005 1.01891e-005 4.44383e-008 4.44383e-008
6.42 -0.000128302 -1.29801e-005 9.77547e-006 4.30704e-008 4.30704e-008
6.43 -0.000128099 -1.40187e-005 9.49398e-006 4.13919e-008 4.13919e-008
6.44 -0.000127958 -1.50638e-005 9.41815e-006 3.9808e-008 3.9808e-008
6.45 -0.000127879 -1.6005e-005 9.57433e-006 3.86674e-008 3.86674e-008
6.46 -0.00012786 -1.67334e-005 9.92841e-006 3.81776e-008 3.81776e-008
6.47 -0.000127904 -1.72103e-005 1.04277e-005 3.8376e-008 3.8376e-008
6.48 -0.000128031 -1.75221e-005 1.10425e-005 3.91748e-008 3.91748e-008
6.49 -0.000128256 -1.77918e-005 1.17588e-005 4.04518e-008 4.04518e-008
6.5 -0.00012858 -1.8078e-005 1.25592e-005 4.21117e-008 4.21117e-008
6.51 -0.000128991 -1.83678e-005 1.3404e-005 4.40779e-008 4.40779e-008
6.52 -0.000129489 -1.86281e-005 1.42378e-005 4.62493e-008 4.62493e-008
6.53 -0.000130075 -1.88659e-005 1.5026e-005 4.84877e-008 4.84877e-008
6.54 -0.000130749 -1.91235e-005 1.5759e-005 5.06568e-008 5.06568e-008
6.55 -0.000131511 -1.9395e-005 1.64092e-005 5.26594e-008 5.26594e-008
6.56 -0.000132336 -1.95791e-005 1.69209e-005 5.44124e-008 5.44124e-008
6.57 -0.000133195 -1.9532e-005 1.72314e-005 5.57843e-008 5.57843e-008
6.58 -0.000134067 -1.91434e-005 1.7304e-005 5.65702e-008 5.65702e-008
6.59 -0.000134962 -1.83882e-005 1.71486e-005 5.65457e-008 5.65457e-008
6.6 -0.00013587 -1.73486e-005 1.68204e-005 5.55667e-008 5.55667e-008
6.61 -0.000136769 -1.61787e-005 1.63862e-005 5.36428e-008 5.36428e-008
6.62 -0.000137645 -1.50299e-005 1.58829e-005 5.09266e-008 5.09266e-008
6.63 -0.000138478 -1.40062e-005 1.53007e-005 4.76282e-008 4.76282e-008
6.64 -0.000139246 -1.31493e-005 1.46061e-005 4.39317e-008 4.39317e-008
6.65 -0.000139953 -1.24478e-005 1.37785e-005 3.99753e-008 3.99753e-008
6.66 -0.000140604 -1.18834e-005 1.28366e-005 3.58993e-008 3.58993e-008
6.67 -0.000141191 -1.14536e-005 1.18332e-005 3.19145e-008 3.19145e-008
6.68 -0.000141705 -1.11523e-005 1.08248e-005 2.83244e-008 2.83244e-008
6.69 -0.00014215 -1.0951e-005 9.84832e-006 2.547e-008 2.547e-008
6.7 -0.000142523 -1.08119e-005 8.93272e-006 2.36344e-008 2.36344e-008
6.71 -0.000142818 -1.07281e-005 8.13007e-006 2.29884e-008 2.29884e-008
6.72 -0.000143028 -1.07457e-005 7.51138e-006 2.36129e-008 2.36129e-008
6.73 -0.00014314 -1.09247e-005 7.11246e-006 2.55449e-008 2.55449e-008
6.74 -0.000143149 -1.12768e-005 6.88441e-006 2.87663e-008 2.87663e-008
6.75 -0.00014306 -1.17698e-005 6.7106e-006 3.31288e-008 3.31288e-008
6.76 -0.000142882 -1.23525e-005 6.47062e-006 3.82954e-008 3.82954e-008
6.77 -0.000142623 -1.29491e-005 6.09382e-006 4.37675e-008 4.37675e-008
6.78 -0.00014229 -1.34838e-005 5.5719e-006 4.89846e-008 4.89846e-008
6.79 -0.000141896 -1.39351e-005 4.9374e-006 5.34336e-008 5.34336e-008
6.8 -0.000141459 -1.43527e-005 4.23326e-006 5.67141e-008 5.67141e-008
6.81 -0.000141002 -1.48097e-005 3.48642e-006 5.85495e-008 5.85495e-008
6.82 -0.000140547 -1.53411e-005 2.6972e-006 5.87636e-008 5.87636e-008
6.83 -0.000140113 -1.59492e-005 1.84929e-006 5.7262e-008 5.7262e-008
6.84 -0.000139723 -1.66489e-005 9.44383e-007 5.40505e-008 5.40505e-008
6.85 -0.000139418 -1.74603e-005 3.43074e-009 4.92791e-008 4.92791e-008
6.86 -0.000139221 -1.83423e-005 -9.51693e-007 4.32457e-008 4.32457e-008
6.87 -0.000139119 -1.91831e-005 -1.8938e-006 3.63407e-008 3.63407e-008
6.88 -0.000139093 -1.99225e-005 -2.78838e-006 2.89793e-008 2.89793e-008
6.89 -0.000139138 -2.05885e-005 -3.5805e-006 2.15604e-008 2.15604e-008
6.9 -0.00013926 -2.12453e-005 -4.20948e-006 1.44517e-008 1.44517e-008
6.91 -0.000139453 -2.19322e-005 -4.66157e-006 7.96699e-009 7.96699e-009
6.92 -0.000139714 -2.26185e-005 -4.9894e-006 2.30176e-009 2.30176e-009
6.93 -0.000140057 -2.32809e-005 -5.2809e-006 -2.53325e-009 -2.53325e-009
6.94 -0.000140497 -2.39681e-005 -5.59223e-006 -6.7013e-009 -6.7013e-009
6.95 -0.000141051 -2.47467e-005 -5.90363e-006 -1.04332e-008 -1.04332e-008
6.96 -0.000141723 -2.56021e-005 -6.16047e-006 -1.3911e-008 -1.3911e-008
6.97 -0.000142504 -2.64132e-005 -6.33321e-006 -1.72454e-008 -1.72454e-008
6.98 -0.000143396 -2.70295e-005 -6.43805e-006 -2.05594e-008 -2.05594e-008
6.99 -0.000144391 -2.73591e-005 -6.52749e-006 -2.40779e-008 -2.40779e-008
7 -0.000145479 -2.73613e-005 -6.64901e-006 -2.81302e-008 -2.81302e-008
7.01 -0.000146654 -2.69776e-005 -6.84308e-006 -3.3074e-008 -3.3074e-008
7.02 -0.000147914 -2.61363e-005 -7.14528e-006 -3.9209e-008 -3.9209e-008
7.03 -0.000149236 -2.4844e-005 -7.55183e-006 -4.67043e-008 -4.67043e-008
7.04 -0.000150593 -2.3257e-005 -7.9799e-006 -5.55122e-008 -5.55122e-008
7.05 -0.000151957 -2.16329e-005 -8.26998e-006 -6.52754e-008 -6.52754e-008
7.06 -0.000153298 -2.01763e-005 -8.26628e-006 -7.53005e-008 -7.53005e-008
7.07 -0.000154585 -1.89176e-005 -7.91863e-006 -8.46899e-008 -8.46899e-008
7.08 -0.000155796 -1.77458e-005 -7.29273e-006 -9.26046e-008 -9.26046e-008
7.09 -0.000156913 -1.65538e-005 -6.50288e-006 -9.8494e-008 -9.8494e-008
7.1 -0.000157921 -1.53288e-005 -5.65648e-006 -1.02154e-007 -1.02154e-007
7.11 -0.000158816 -1.41393e-005 -4.84458e-006 -1.03627e-007 -1.03627e-007
7.12 -0.000159597 -1.30762e-005 -4.14957e-006 -1.03071e-007 -1.03071e-007
7.13 -0.000160241 -1.22229e-005 -3.62702e-006 -1.00688e-007 -1.00688e-007
7.14 -0.000160747 -1.16496e-005 -3.28296e-006 -9.67005e-008 -9.67005e-008
7.15 -0.000161143 -1.1392e-005 -3.08817e-006 -9.1346e-008 -9.1346e-008
7.16 -0.00016143 -1.14314e-005 -3.0132e-006 -8.48792e-008 -8.48792e-008
7.17 -0.000161609 -1.17027e-005 -3.0374e-006 -7.75858e-008 -7.75858e-008
7.18 -0.000161673 -1.21157e-005 -3.14246e-006 -6.97872e-008 -6.97872e-008
7.19 -0.000161608 -1.25754e-005 -3.32082e-006 -6.18272e-008 -6.18272e-008
7.2 -0.00016141 -1.30119e-005 -3.58362e-006 -5.40547e-008 -5.40547e-008
7.21 -0.00016107 -1.33907e-005 -3.95462e-006 -4.68123e-008 -4.68123e-008
7.22 -0.00016059 -1.36782e-005 -4.46541e-006 -4.04296e-008 -4.04296e-008
7.23 -0.000159977 -1.38343e-005 -5.14299e-006 -3.52158e-008 -3.52158e-008
7.24 -0.000159239 -1.38566e-005 -5.98617e-006 -3.14315e-008 -3.14315e-008
7.25 -0.000158388 -1.3803e-005 -6.95314e-006 -2.92224e-008 -2.92224e-008
7.26 -0.000157432 -1.37626e-005 -7.97755e-006 -2.85392e-008 -2.85392e-008
7.27 -0.000156379 -1.37966e-005 -8.99764e-006 -2.90959e-008 -2.90959e-008
7.28 -0.000155242 -1.39166e-005 -9.99089e-006 -3.04059e-008 -3.04059e-008
7.29 -0.000154042 -1.41156e-005 -1.09663e-005 -3.18791e-008 -3.18791e-008
7.3 -0.000152805 -1.43754e-005 -1.19437e-005 -3.29354e-008 -3.29354e-008
7.31 -0.000151557 -1.46371e-005 -1.29365e-005 -3.3106e-008 -3.3106e-008
7.32 -0.000150321 -1.48325e-005 -1.39496e-005 -3.2115e-008 -3.2115e-008
7.33 -0.000149104 -1.50005e-005 -1.49292e-005 -2.9906e-008 -2.9906e-008
7.34 -0.000147945 -1.53342e-005 -1.57484e-005 -2.65884e-008 -2.65884e-008
7.35 -0.000146852 -1.60476e-005 -1.62942e-005 -2.23495e-008 -2.23495e-008
7.36 -0.00014586 -1.71765e-005 -1.65271e-005 -1.74258e-008 -1.74258e-008
7.37 -0.000144978 -1.85315e-005 -1.65051e-005 -1.21681e-008 -1.21681e-008
7.38 -0.000144219 -1.98431e-005 -1.63204e-005 -7.10932e-009 -7.10932e-009
7.39 -0.000143584 -2.0942e-005 -1.60334e-005 -2.92274e-009 -2.92274e-009
7.4 -0.000143065 -2.17803e-005 -1.56631e-005 -2.62396e-010 -2.62396e-010
7.41 -0.000142657 -2.23364e-005 -1.52376e-005 3.91585e-010 3.91585e-010
7.42 -0.000142365 -2.25556e-005 -1.48196e-005 -1.23471e-009 -1.23471e-009
7.43 -0.000142192 -2.23919e-005 -1.44762e-005 -5.27372e-009 -5.27372e-009
7.44 -0.000142139 -2.19146e-005 -1.42266e-005 -1.17611e-008 -1.17611e-008
7.45 -0.000142211 -2.13075e-005 -1.40444e-005 -2.05917e-008 -2.05917e-008
7.46 -0.00014241 -2.07297e-005 -1.38963e-005 -3.14411e-008 -3.14411e-008
7.47 -0.000142732 -2.01896e-005 -1.37732e-005 -4.37674e-008 -4.37674e-008
7.48 -0.00014317 -1.95407e-005 -1.3691e-005 -5.69243e-008 -5.69243e-008
7.49 -0.000143708 -1.85994e-005 -1.36761e-005 -7.03071e-008 -7.03071e-008
7.5 -0.000144334 -1.72901e-005 -1.37531e-005 -8.34357e-008 -8.34357e-008
7.51 -0.000145037 -1.56854e-005 -1.39346e-005 -9.59478e-008 -9.59478e-008
7.52 -0.000145809 -1.39126e-005 -1.42111e-005 -1.07554e-007 -1.07554e-007
7.53 -0.000146663 -1.20711e-005 -1.45375e-005 -1.18019e-007 -1.18019e-007
7.54 -0.000147584 -1.02381e-005 -1.48341e-005 -1.27168e-007 -1.27168e-007
7.55 -0.000148525 -8.50464e-006 -1.50123e-005 -1.34899e-007 -1.34899e-007
7.56 -0.000149447 -7.01124e-006 -1.49905e-005 -1.41165e-007 -1.41165e-007
7.57 -0.000150326 -5.90559e-006 -1.47087e-005 -1.45935e-007 -1.45935e-007
7.58 -0.000151135 -5.19388e-006 -1.41583e-005 -1.49174e-007 -1.49174e-007
7.59 -0.000151864 -4.66017e-006 -1.34026e-005 -1.50889e-007 -1.50889e-007
7.6 -0.000152497 -4.02322e-006 -1.25355e-005 -1.51205e-007 -1.51205e-007
7.61 -0.000153017 -3.1684e-006 -1.16144e-005 -1.5036e-007 -1.5036e-007
7.62 -0.000153408 -2.2178e-006 -1.06245e-005 -1.48591e-007 -1.48591e-007
7.63 -0.000153656 -1.40044e-006 -9.50058e-006 -1.45976e-007 -1.45976e-007
7.64 -0.000153752 -8.60642e-007 -8.18433e-006 -1.42362e-007 -1.42362e-007
7.65 -0.00015369 -5.82044e-007 -6.66647e-006 -1.37458e-007 -1.37458e-007
7.66 -0.000153467 -4.3046e-007 -5.00244e-006 -1.31001e-007 -1.31001e-007
7.67 -0.000153076 -2.50163e-007 -3.29315e-006 -1.22903e-007 -1.22903e-007
7.68 -0.000152514 6.5284e-009 -1.6265e-006 -1.1327e-007 -1.1327e-007
7.69 -0.000151787 2.34323e-007 -4.10507e-008 -1.02301e-007 -1.02301e-007
7.7 -0.000150906 2.95508e-007 1.44825e-006 -9.01677e-008 -9.01677e-008
7.71 -0.000149892 1.58184e-007 2.8112e-006 -7.70041e-008 -7.70041e-008
7.72 -0.000148766 -1.21778e-007 4.00373e-006 -6.30141e-008 -6.30141e-008
7.73 -0.000147547 -5.16699e-007 5.00511e-006 -4.85616e-008 -4.85616e-008
7.74 -0.000146263 -1.06407e-006 5.82815e-006 -3.41566e-008 -3.41566e-008
7.75 -0.000144934 -1.79209e-006 6.46663e-006 -2.03585e-008 -2.03585e-008
7.76 -0.000143577 -2.66665e-006 6.89262e-006 -7.68121e-009 -7.68121e-009
7.77 -0.000142204 -3.6294e-006 7.09129e-006 3.46179e-009 3.46179e-009
7.78 -0.000140831 -4.67124e-006 7.06353e-006 1.2796e-008 1.2796e-008
7.79 -0.00013948 -5.85416e-006 6.82569e-006 2.02317e-008 2.02317e-008
7.8 -0.000138174 -7.24226e-006 6.40743e-006 2.58968e-008 2.58968e-008
7.81 -0.000136936 -8.8122e-006 5.84042e-006 3.01042e-008 3.01042e-008
7.82 -0.000135803 -1.04122e-005 5.12955e-006 3.32343e-008 3.32343e-008
7.83 -0.000134752 -1.17868e-005 4.24745e-006 3.55825e-008 3.55825e-008
7.84 -0.000133774 -1.26908e-005 3.16705e-006 3.72484e-008 3.72484e-008
7.85 -0.000132863 -1.30278e-005 1.9248e-006 3.81447e-008 3.81447e-008
7.86 -0.000132018 -1.28458e-005 6.23316e-007 3.81384e-008 3.81384e-008
7.87 -0.000131238 -1.22528e-005 -6.0954e-007 3.72116e-008 3.72116e-008
7.88 -0.000130529 -1.13751e-005 -1.66348e-006 3.55231e-008 3.55231e-008
7.89 -0.000129903 -1.03492e-005 -2.46219e-006 3.33531e-008 3.33531e-008
7.9 -0.000129376 -9.30145e-006 -2.93993e-006 3.10013e-008 3.10013e-008
7.91 -0.000128958 -8.32193e-006 -3.0442e-006 2.87023e-008 2.87023e-008
7.92 -0.000128657 -7.42745e-006 -2.77759e-006 2.65693e-008 2.65693e-008
7.93 -0.000128472 -6.54714e-006 -2.21877e-006 2.45474e-008 2.45474e-008
7.94 -0.000128404 -5.57499e-006 -1.51181e-006 2.23777e-008 2.23777e-008
7.95 -0.000128456 -4.46142e-006 -8.11015e-007 1.96177e-008 1.96177e-008
7.96 -0.000128619 -3.26549e-006 -2.25871e-007 1.57579e-008 1.57579e-008
7.97 -0.00012889 -2.12578e-006 1.92612e-007 1.03996e-008 1.03996e-008
7.98 -0.000129268 -1.17887e-006 4.38734e-007 3.39561e-009 3.39561e-009
7.99 -0.000129741 -4.77792e-007 5.33434e-007 -5.11861e-009 -5.11861e-009
8 -0.000130293 3.35586e-008 5.085e-007 -1.48035e-008 -1.48035e-008
8.01 -0.000130903 4.4455e-007 4.09843e-007 -2.5229e-008 -2.5229e-008
8.02 -0.000131547 7.67278e-007 3.12791e-007 -3.59405e-008 -3.59405e-008
8.03 -0.000132207 9.36837e-007 3.03458e-007 -4.64632e-008 -4.64632e-008
8.04 -0.00013287 9.28224e-007 4.18638e-007 -5.63242e-008 -5.63242e-008
8.05 -0.000133522 8.24401e-007 6.17749e-007 -6.51553e-008 -6.51553e-008
8.06 -0.000134154 7.23397e-007 8.34834e-007 -7.28229e-008 -7.28229e-008
8.07 -0.000134763 6.10266e-007 1.0471e-006 -7.94429e-008 -7.94429e-008
8.08 -0.00013535 3.76828e-007 1.29297e-006 -8.52428e-008 -8.52428e-008
8.09 -0.000135913 -3.63748e-008 1.62024e-006 -9.03826e-008 -9.03826e-008
8.1 -0.000136441 -5.68569e-007 2.04753e-006 -9.4866e-008 -9.4866e-008
8.11 -0.000136924 -1.11256e-006 2.57518e-006 -9.85601e-008 -9.85601e-008
8.12 -0.000137349 -1.5972e-006 3.17954e-006 -1.01253e-007 -1.01253e-007
8.13 -0.000137707 -2.00006e-006 3.82042e-006 -1.02695e-007 -1.02695e-007
8.14 -0.00013799 -2.33811e-006 4.47922e-006 -1.02611e-007 -1.02611e-007
8.15 -0.000138194 -2.6598e-006 5.19201e-006 -1.00706e-007 -1.00706e-007
8.16 -0.000138317 -3.03253e-006 6.04206e-006 -9.66694e-008 -9.66694e-008
8.17 -0.000138359 -3.52985e-006 7.10917e-006 -9.02271e-008 -9.02271e-008
8.18 -0.000138327 -4.21347e-006 8.41797e-006 -8.12167e-008 -8.12167e-008
8.19 -0.000138231 -5.1148e-006 9.9296e-006 -6.96697e-008 -6.96697e-008
8.2 -0.00013806 -6.24863e-006 1.15873e-005 -5.58334e-008 -5.58334e-008
8.21 -0.000137844 -7.61223e-006 1.3334e-005 -4.01068e-008 -4.01068e-008
8.22 -0.000137611 -9.19057e-006 1.51346e-005 -2.29246e-008 -2.29246e-008
8.23 -0.00013737 -1.09577e-005 1.69966e-005 -4.66081e-009 -4.66081e-009
8.24 -0.000137156 -1.28702e-005 1.89415e-005 1.44116e-008 1.44116e-008
8.25 -0.000137015 -1.48625e-005 2.09663e-005 3.40953e-008 3.40953e-008
8.26 -0.000137041 -1.685e-005 2.30427e-005 5.41954e-008 5.41954e-008
8.27 -0.000137116 -1.87714e-005 2.51092e-005 7.44395e-008 7.44395e-008
8.28 -0.000136973 -2.06387e-005 2.71322e-005 9.44522e-008 9.44522e-008
8.29 -0.00013675 -2.23945e-005 2.89668e-005 1.13808e-007 1.13808e-007
8.3 -0.000136299 -2.40306e-005 3.05478e-005 1.32104e-007 1.32104e-007
8.31 -0.000135802 -2.55123e-005 3.18209e-005 1.49009e-007 1.49009e-007
8.32 -0.000135287 -2.68828e-005 3.28136e-005 1.64313e-007 1.64313e-007
8.33 -0.0001348 -2.81566e-005 3.35307e-005 1.77955e-007 1.77955e-007
8.34 -0.000134306 -2.9325e-005 3.40094e-005 1.89983e-007 1.89983e-007
8.35 -0.000133957 -3.03267e-005 3.42386e-005 2.0049e-007 2.0049e-007
8.36 -0.000133735 -3.11785e-005 3.42417e-005 2.09545e-007 2.09545e-007
8.37 -0.000133659 -3.19257e-005 3.40468e-005 2.17183e-007 2.17183e-007
8.38 -0.0001337 -3.263e-005 3.3718e-005 2.23449e-007 2.23449e-007
8.39 -0.000133837 -3.33045e-005 3.33308e-005 2.2842e-007 2.2842e-007
8.4 -0.000134069 -3.39188e-005 3.29578e-005 2.32204e-007 2.32204e-007
8.41 -0.000134378 -3.44586e-005 3.26612e-005 2.34941e-007 2.34941e-007
8.42 -0.000134725 -3.49593e-005 3.24962e-005 2.36818e-007 2.36818e-007
8.43 -0.000135066 -3.54707e-005 3.24987e-005 2.38059e-007 2.38059e-007
8.44 -0.000135343 -3.6039e-005 3.26882e-005 2.38902e-007 2.38902e-007
8.45 -0.000135509 -3.6693e-005 3.30823e-005 2.39571e-007 2.39571e-007
8.46 -0.000135513 -3.74527e-005 3.36836e-005 2.40264e-007 2.40264e-007
8.47 -0.000135373 -3.83044e-005 3.44766e-005 2.41145e-007 2.41145e-007
8.48 -0.000135122 -3.92096e-005 3.54102e-005 2.4232e-007 2.4232e-007
8.49 -0.000134701 -4.01723e-005 3.64419e-005 2.43813e-007 2.43813e-007
8.5 -0.000134082 -4.12301e-005 3.75118e-005 2.45554e-007 2.45554e-007
8.51 -0.000133349 -4.23926e-005 3.857e-005 2.47389e-007 2.47389e-007
8.52 -0.000132554 -4.3583e-005 3.95611e-005 2.49088e-007 2.49088e-007
8.53 -0.00013184 -4.46381e-005 4.04178e-005 2.50356e-007 2.50356e-007
8.54 -0.000131275 -4.54241e-005 4.11077e-005 2.50871e-007 2.50871e-007
8.55 -0.000130842 -4.59096e-005 4.16501e-005 2.50364e-007 2.50364e-007
8.56 -0.00013054 -4.61767e-005 4.20999e-005 2.48696e-007 2.48696e-007
8.57 -0.000130262 -4.63789e-005 4.25315e-005 2.459e-007 2.459e-007
8.58 -0.000129921 -4.66462e-005 4.29897e-005 2.42154e-007 2.42154e-007
8.59 -0.000129476 -4.70257e-005 4.34686e-005 2.37703e-007 2.37703e-007
8.6 -0.000128918 -4.75429e-005 4.39454e-005 2.32783e-007 2.32783e-007
8.61 -0.000128198 -4.82756e-005 4.4433e-005 2.27607e-007 2.27607e-007
8.62 -0.000127232 -4.93384e-005 4.49752e-005 2.22409e-007 2.22409e-007
8.63 -0.00012593 -5.07995e-005 4.5622e-005 2.17494e-007 2.17494e-007
8.64 -0.000124213 -5.26628e-005 4.63984e-005 2.13242e-007 2.13242e-007
8.65 -0.000122028 -5.49008e-005 4.73365e-005 2.10075e-007 2.10075e-007
8.66 -0.000119436 -5.74438e-005 4.8456e-005 2.08385e-007 2.08385e-007
8.67 -0.000116422 -6.02097e-005 4.97363e-005 2.08464e-007 2.08464e-007
8.68 -0.000113206 -6.30537e-005 5.11439e-005 2.10484e-007 2.10484e-007
8.69 -0.000109837 -6.58505e-005 5.26352e-005 2.14483e-007 2.14483e-007
8.7 -0.000106391 -6.85067e-005 5.42016e-005 2.20379e-007 2.20379e-007
8.71 -0.000102944 -7.10034e-005 5.58493e-005 2.28011e-007 2.28011e-007
8.72 -9.94752e-005 -7.3341e-005 5.75783e-005 2.37173e-007 2.37173e-007
8.73 -9.61798e-005 -7.54477e-005 5.93377e-005 2.47599e-007 2.47599e-007
8.74 -9.32666e-005 -7.71779e-005 6.10719e-005 2.58923e-007 2.58923e-007
8.75 -9.06917e-005 -7.84923e-005 6.28189e-005 2.70692e-007 2.70692e-007
8.76 -8.83481e-005 -7.94648e-005 6.46616e-005 2.82456e-007 2.82456e-007
8.77 -8.60736e-005 -8.02132e-005 6.66462e-005 2.93864e-007 2.93864e-007
8.78 -8.39447e-005 -8.07514e-005 6.86965e-005 3.04685e-007 3.04685e-007
8.79 -8.21104e-005 -8.09813e-005 7.06629e-005 3.14748e-007 3.14748e-007
8.8 -8.09091e-005 -8.0747e-005 7.23208e-005 3.23861e-007 3.23861e-007
8.81 -8.05781e-005 -7.99379e-005 7.34812e-005 3.31785e-007 3.31785e-007
8.82 -8.10863e-005 -7.85497e-005 7.40784e-005 3.38278e-007 3.38278e-007
8.83 -8.2231e-005 -7.66889e-005 7.41568e-005 3.4321e-007 3.4321e-007
8.84 -8.38384e-005 -7.45796e-005 7.38067e-005 3.46679e-007 3.46679e-007
8.85 -8.56219e-005 -7.25233e-005 7.31792e-005 3.49045e-007 3.49045e-007
8.86 -8.72992e-005 -7.07943e-005 7.2438e-005 3.50848e-007 3.50848e-007
8.87 -8.87344e-005 -6.95162e-005 7.16624e-005 3.52649e-007 3.52649e-007
8.88 -8.99906e-005 -6.86028e-005 7.08238e-005 3.5485e-007 3.5485e-007
8.89 -9.12542e-005 -6.78226e-005 6.9839e-005 3.57566e-007 3.57566e-007
8.9 -9.26912e-005 -6.69474e-005 6.86468e-005 3.60623e-007 3.60623e-007
8.91 -9.43597e-005 -6.58577e-005 6.72516e-005 3.63645e-007 3.63645e-007
8.92 -9.62369e-005 -6.45288e-005 6.56979e-005 3.66177e-007 3.66177e-007
8.93 -9.82864e-005 -6.2953e-005 6.40243e-005 3.67773e-007 3.67773e-007
8.94 -0.000100494 -6.1104e-005 6.22513e-005 3.68016e-007 3.68016e-007
8.95 -0.000102865 -5.89515e-005 6.03999e-005 3.66526e-007 3.66526e-007
8.96 -0.000105382 -5.64788e-005 5.84988e-005 3.62976e-007 3.62976e-007
8.97 -0.000108019 -5.36769e-005 5.65584e-005 3.57142e-007 3.57142e-007
8.98 -0.000110752 -5.05752e-005 5.45615e-005 3.48935e-007 3.48935e-007
8.99 -0.000113526 -4.7272e-005 5.24899e-005 3.38403e-007 3.38403e-007
9 -0.000116259 -4.39092e-005 5.03364e-005 3.25725e-007 3.25725e-007
9.01 -0.000118878 -4.06226e-005 4.81042e-005 3.11178e-007 3.11178e-007
9.02 -0.000121342 -3.75014e-005 4.58014e-005 2.95099e-007 2.95099e-007
9.03 -0.000123655 -3.45718e-005 4.34345e-005 2.77834e-007 2.77834e-007
9.04 -0.000125825 -3.18368e-005 4.10135e-005 2.59696e-007 2.59696e-007
9.05 -0.000127822 -2.93204e-005 3.857e-005 2.40935e-007 2.40935e-007
9.06 -0.0001296 -2.70578e-005 3.61553e-005 2.21769e-007 2.21769e-007
9.07 -0.000131164 -2.50547e-005 3.38341e-005 2.02421e-007 2.02421e-007
9.08 -0.000132492 -2.32893e-005 3.16678e-005 1.83138e-007 1.83138e-007
9.09 -0.000133574 -2.17111e-005 2.97009e-005 1.64173e-007 1.64173e-007
9.1 -0.000134427 -2.02569e-005 2.79462e-005 1.45751e-007 1.45751e-007
9.11 -0.000135088 -1.88903e-005 2.63938e-005 1.28013e-007 1.28013e-007
9.12 -0.000135533 -1.7641e-005 2.50177e-005 1.10983e-007 1.10983e-007
9.13 -0.000135824 -1.6528e-005 2.37647e-005 9.45658e-008 9.45658e-008
9.14 -0.000135999 -1.55481e-005 2.25735e-005 7.85331e-008 7.85331e-008
9.15 -0.000136141 -1.46112e-005 2.13638e-005 6.25449e-008 6.25449e-008
9.16 -0.000136393 -1.35643e-005 2.0034e-005 4.61827e-008 4.61827e-008
9.17 -0.000136681 -1.23016e-005 1.85069e-005 2.90003e-008 2.90003e-008
9.18 -0.00013703 -1.08565e-005 1.67752e-005 1.06406e-008 1.06406e-008
9.19 -0.000137283 -9.34243e-006 1.49309e-005 -8.99898e-009 -8.99898e-009
9.2 -0.000137261 -7.8284e-006 1.30836e-005 -2.96842e-008 -2.96842e-008
9.21 -0.000136945 -6.32752e-006 1.13812e-005 -5.0914e-008 -5.0914e-008
9.22 -0.000136433 -4.76961e-006 9.889e-006 -7.20627e-008 -7.20627e-008
9.23 -0.000136009 -3.08377e-006 8.54888e-006 -9.25105e-008 -9.25105e-008
9.24 -0.000135653 -1.25519e-006 7.28648e-006 -1.11746e-007 -1.11746e-007
9.25 -0.000135355 6.23731e-007 6.05198e-006 -1.2941e-007 -1.2941e-007
9.26 -0.000135164 2.42391e-006 4.8198e-006 -1.45273e-007 -1.45273e-007
9.27 -0.000135062 4.09335e-006 3.56816e-006 -1.592e-007 -1.592e-007
9.28 -0.000135143 5.66748e-006 2.27056e-006 -1.71165e-007 -1.71165e-007
9.29 -0.000135397 7.28414e-006 8.77184e-007 -1.81298e-007 -1.81298e-007
9.3 -0.000135853 9.04806e-006 -6.26255e-007 -1.89876e-007 -1.89876e-007
9.31 -0.000136499 1.09803e-005 -2.22529e-006 -1.97207e-007 -1.97207e-007
9.32 -0.000137335 1.30356e-005 -3.82491e-006 -2.03501e-007 -2.03501e-007
9.33 -0.000138309 1.51519e-005 -5.36696e-006 -2.08843e-007 -2.08843e-007
9.34 -0.000139365 1.73105e-005 -6.89916e-006 -2.13247e-007 -2.13247e-007
9.35 -0.000140502 1.94696e-005 -8.45892e-006 -2.16725e-007 -2.16725e-007
9.36 -0.00014156 2.16231e-005 -1.01397e-005 -2.19341e-007 -2.19341e-007
9.37 -0.000142465 2.38128e-005 -1.1987e-005 -2.21228e-007 -2.21228e-007
9.38 -0.000143199 2.60525e-005 -1.40102e-005 -2.22573e-007 -2.22573e-007
9.39 -0.000143497 2.82986e-005 -1.62306e-005 -2.23574e-007 -2.23574e-007
9.4 -0.00014355 3.05342e-005 -1.85897e-005 -2.24394e-007 -2.24394e-007
9.41 -0.000143381 3.27649e-005 -2.10722e-005 -2.25137e-007 -2.25137e-007
9.42 -0.000142655 3.51202e-005 -2.37795e-005 -2.25873e-007 -2.25873e-007
9.43 -0.000141682 3.75223e-005 -2.66994e-005 -2.26651e-007 -2.26651e-007
9.44 -0.00014026 3.99499e-005 -2.98284e-005 -2.27476e-007 -2.27476e-007
9.45 -0.000138426 4.2303e-005 -3.3055e-005 -2.28289e-007 -2.28289e-007
9.46 -0.000136522 4.44258e-005 -3.62599e-005 -2.2901e-007 -2.2901e-007
9.47 -0.000134537 4.63045e-005 -3.94049e-005 -2.2956e-007 -2.2956e-007
9.48 -0.00013256 4.79543e-005 -4.24501e-005 -2.29894e-007 -2.29894e-007
9.49 -0.000130287 4.94356e-005 -4.54975e-005 -2.30056e-007 -2.30056e-007
9.5 -0.000128103 5.07112e-005 -4.84789e-005 -2.30201e-007 -2.30201e-007
9.51 -0.000126109 5.16405e-005 -5.13401e-005 -2.30553e-007 -2.30553e-007
9.52 -0.000124411 5.20684e-005 -5.40419e-005 -2.31348e-007 -2.31348e-007
9.53 -0.000123001 5.19517e-005 -5.6561e-005 -2.32768e-007 -2.32768e-007
9.54 -0.000121876 5.13928e-005 -5.88969e-005 -2.34922e-007 -2.34922e-007
9.55 -0.000120965 5.06217e-005 -6.10945e-005 -2.37881e-007 -2.37881e-007
9.56 -0.000120143 4.98205e-005 -6.31766e-005 -2.41721e-007 -2.41721e-007
9.57 -0.000119251 4.90587e-005 -6.51923e-005 -2.46518e-007 -2.46518e-007
9.58 -0.000118354 4.83387e-005 -6.71609e-005 -2.52316e-007 -2.52316e-007
9.59 -0.000117321 4.76656e-005 -6.91635e-005 -2.59126e-007 -2.59126e-007
9.6 -0.000116168 4.70868e-005 -7.12255e-005 -2.66944e-007 -2.66944e-007
9.61 -0.000114865 4.65905e-005 -7.33738e-005 -2.75772e-007 -2.75772e-007
9.62 -0.000113522 4.60577e-005 -7.55452e-005 -2.85599e-007 -2.85599e-007
9.63 -0.000112406 4.5343e-005 -7.76149e-005 -2.96354e-007 -2.96354e-007
9.64 -0.000111495 4.43938e-005 -7.9556e-005 -3.079e-007 -3.079e-007
9.65 -0.00011083 4.33458e-005 -8.13387e-005 -3.20085e-007 -3.20085e-007
9.66 -0.000110264 4.23656e-005 -8.30227e-005 -3.32827e-007 -3.32827e-007
9.67 -0.000109783 4.15659e-005 -8.46125e-005 -3.46129e-007 -3.46129e-007
9.68 -0.000109392 4.0913e-005 -8.61132e-005 -3.60015e-007 -3.60015e-007
9.69 -0.000109256 4.02968e-005 -8.74711e-005 -3.74429e-007 -3.74429e-007
9.7 -0.000109435 3.96705e-005 -8.86465e-005 -3.89191e-007 -3.89191e-007
9.71 -0.000109881 3.90706e-005 -8.966e-005 -4.04038e-007 -4.04038e-007
9.72 -0.000110583 3.85229e-005 -9.0538e-005 -4.18705e-007 -4.18705e-007
9.73 -0.000111541 3.79999e-005 -9.12917e-005 -4.32966e-007 -4.32966e-007
9.74 -0.000112704 3.74911e-005 -9.19583e-005 -4.46623e-007 -4.46623e-007
9.75 -0.000113945 3.70363e-005 -9.26268e-005 -4.59491e-007 -4.59491e-007
9.76 -0.000115165 3.66462e-005 -9.33626e-005 -4.71403e-007 -4.71403e-007
9.77 -0.00011641 3.62119e-005 -9.41435e-005 -4.82198e-007 -4.82198e-007
9.78 -0.000117825 3.55433e-005 -9.48777e-005 -4.91696e-007 -4.91696e-007
9.79 -0.000119537 3.45193e-005 -9.54676e-005 -4.99685e-007 -4.99685e-007
9.8 -0.000121602 3.31657e-005 -9.58516e-005 -5.05949e-007 -5.05949e-007
9.81 -0.000123992 3.16338e-005 -9.6011e-005 -5.10337e-007 -5.10337e-007
9.82 -0.000126626 3.01312e-005 -9.59581e-005 -5.12825e-007 -5.12825e-007
9.83 -0.000129377 2.88392e-005 -9.5743e-005 -5.13535e-007 -5.13535e-007
9.84 -0.000132173 2.7849e-005 -9.53961e-005 -5.12683e-007 -5.12683e-007
9.85 -0.000134955 2.71324e-005 -9.49338e-005 -5.10493e-007 -5.10493e-007
9.86 -0.000137692 2.66147e-005 -9.43735e-005 -5.0711e-007 -5.0711e-007
9.87 -0.000140376 2.6243e-005 -9.37272e-005 -5.02579e-007 -5.02579e-007
9.88 -0.000142998 2.59873e-005 -9.30056e-005 -4.96879e-007 -4.96879e-007
9.89 -0.00014554 2.58013e-005 -9.22256e-005 -4.89965e-007 -4.89965e-007
9.9 -0.000148008 2.56e-005 -9.13932e-005 -4.81791e-007 -4.81791e-007
9.91 -0.000150403 2.5305e-005 -9.05207e-005 -4.72316e-007 -4.72316e-007
9.92 -0.000152685 2.49087e-005 -8.96464e-005 -4.61514e-007 -4.61514e-007
9.93 -0.000154788 2.44618e-005 -8.88117e-005 -4.49406e-007 -4.49406e-007
9.94 -0.000156666 2.40113e-005 -8.80385e-005 -4.36077e-007 -4.36077e-007
9.95 -0.000158322 2.35552e-005 -8.73269e-005 -4.21657e-007 -4.21657e-007
9.96 -0.000159769 2.30523e-005 -8.66859e-005 -4.06295e-007 -4.06295e-007
9.97 -0.000161012 2.24538e-005 -8.61419e-005 -3.90144e-007 -3.90144e-007
9.98 -0.000162071 2.17111e-005 -8.57102e-005 -3.7337e-007 -3.7337e-007
9.99 -0.000163007 2.07535e-005 -8.53657e-005 -3.56154e-007 -3.56154e-007
10 -0.000163934 1.94662e-005 -8.50159e-005 -3.38651e-007 -3.38651e-007
