0.1 -2.75986e-006 1.73732e-019 -2.39234e-019 2.30155e-010 2.30155e-010
0.2 -5.52496e-006 6.39675e-019 -8.81343e-019 4.62235e-010 4.62235e-010
0.3 -8.29532e-006 1.39432e-018 -1.91841e-018 6.96268e-010 6.96268e-010
0.4 -1.1071e-005 2.04319e-018 -2.7855e-018 9.32283e-010 9.32283e-010
0.5 -1.3852e-005 2.58587e-018 -3.50185e-018 1.17031e-009 1.17031e-009
0.6 -1.6638e-005 2.30595e-019 -3.09434e-019 1.40459e-009 1.40459e-009
0.7 -1.94182e-005 -4.36895e-018 5.89592e-018 1.63023e-009 1.63023e-009
0.8 -2.21955e-005 -1.62386e-017 2.19101e-017 1.82336e-009 1.82336e-009
0.9 -2.49433e-005 -5.69493e-018 7.63138e-018 1.98056e-009 1.98056e-009
1 -2.7669e-005 -1.85696e-017 2.45697e-017 2.13068e-009 2.13068e-009
0.01 -2.76684e-005 -9.20926e-013 2.59026e-012 2.13206e-009 2.13206e-009
0.02 -2.76667e-005 2.15799e-012 -4.50178e-012 2.13955e-009 2.13955e-009
0.03 -2.76642e-005 -6.00572e-013 1.2462e-012 2.15832e-009 2.15832e-009
0.04 -2.76612e-005 1.72556e-013 -3.55081e-013 2.188e-009 2.188e-009
0.05 -2.76574e-005 -9.42778e-014 1.21913e-013 2.22211e-009 2.22211e-009
0.06 -2.76529e-005 4.77653e-015 -2.96659e-013 2.25289e-009 2.25289e-009
0.07 -2.76477e-005 1.54451e-013 3.44081e-014 2.27545e-009 2.27545e-009
0.08 -2.7642e-005 1.43593e-013 -2.43132e-014 2.28855e-009 2.28855e-009
0.09 -2.76362e-005 -2.45983e-013 -1.45742e-013 2.29293e-009 2.29293e-009
0.1 -2.76304e-005 5.30997e-013 4.28838e-013 2.28952e-009 2.28952e-009
0.11 -2.7625e-005 -8.43572e-013 -9.36486e-013 2.27883e-009 2.27883e-009
0.12 -2.76199e-005 1.12317e-012 1.45593e-012 2.26116e-009 2.26116e-009
0.13 -2.76153e-005 -1.2393e-012 -2.05725e-012 2.2372e-009 2.2372e-009
0.14 -2.76108e-005 1.37301e-012 2.83444e-012 2.20802e-009 2.20802e-009
0.15 -2.76063e-005 -1.3521e-012 -4.00449e-012 2.17484e-009 2.17484e-009
0.16 -2.76014e-005 9.63077e-013 -3.22895e-012 2.13888e-009 2.13888e-009
0.17 -2.75961e-005 -3.48538e-013 -4.48752e-012 2.10131e-009 2.10131e-009
0.18 -2.75903e-005 1.87495e-013 1.22848e-012 2.06325e-009 2.06325e-009
0.19 -2.75838e-005 2.66871e-014 -4.0378e-013 2.02562e-009 2.02562e-009
0.2 -2.75767e-005 -5.88124e-013 -7.15834e-013 1.98887e-009 1.98887e-009
0.21 -2.7569e-005 7.91393e-013 1.00227e-012 1.95309e-009 1.95309e-009
0.22 -2.7561e-005 -2.22508e-013 -2.87738e-013 1.91834e-009 1.91834e-009
0.23 -2.75526e-005 6.14074e-014 7.92261e-014 1.88505e-009 1.88505e-009
0.24 -2.75443e-005 7.57649e-014 -2.87956e-014 1.85417e-009 1.85417e-009
0.25 -2.75361e-005 7.45166e-014 -1.14037e-014 1.82688e-009 1.82688e-009
0.26 -2.7528e-005 -5.41936e-015 -1.10892e-014 1.80394e-009 1.80394e-009
0.27 -2.75203e-005 -1.33769e-013 1.45464e-013 1.78498e-009 1.78498e-009
0.28 -2.75133e-005 -9.21568e-017 1.45561e-015 1.76766e-009 1.76766e-009
0.29 -2.75072e-005 -4.17716e-014 7.27274e-014 1.74745e-009 1.74745e-009
0.3 -2.75018e-005 -9.49133e-015 2.58075e-014 1.71835e-009 1.71835e-009
0.31 -2.74971e-005 2.80643e-013 -2.74026e-014 1.67429e-009 1.67429e-009
0.32 -2.74928e-005 -1.86671e-013 1.24055e-013 1.61062e-009 1.61062e-009
0.33 -2.7489e-005 -6.60031e-014 5.17642e-014 1.52528e-009 1.52528e-009
0.34 -2.74856e-005 -8.23917e-015 2.66909e-014 1.41917e-009 1.41917e-009
0.35 -2.74824e-005 2.65879e-015 6.66758e-016 1.29566e-009 1.29566e-009
0.36 -2.74792e-005 -3.01854e-014 1.82827e-014 1.1592e-009 1.1592e-009
0.37 -2.74759e-005 -4.07738e-015 2.18801e-015 1.01419e-009 1.01419e-009
0.38 -2.74727e-005 -6.13089e-015 5.42269e-015 8.64589e-010 8.64589e-010
0.39 -2.74698e-005 -7.28177e-015 -1.38e-015 7.1437e-010 7.1437e-010
0.4 -2.74673e-005 -3.44473e-015 -3.35903e-015 5.67734e-010 5.67734e-010
0.41 -2.74652e-005 -5.94796e-015 2.27188e-014 4.28763e-010 4.28763e-010
0.42 -2.74633e-005 -1.13797e-014 2.08843e-014 3.00582e-010 3.00582e-010
0.43 -2.74616e-005 -2.62658e-015 1.1024e-014 1.84829e-010 1.84829e-010
0.44 -2.74602e-005 -6.31867e-015 2.11778e-014 8.178e-011 8.178e-011
0.45 -2.74594e-005 -9.53016e-015 2.76658e-014 -9.28068e-012 -9.28068e-012
0.46 -2.7459e-005 -4.17426e-015 3.29892e-014 -9.00189e-011 -9.00189e-011
0.47 -2.74592e-005 -3.83348e-015 3.99623e-015 -1.6336e-010 -1.6336e-010
0.48 -2.746e-005 -7.127e-015 1.55597e-014 -2.33551e-010 -2.33551e-010
0.49 -2.74614e-005 4.84217e-014 7.34282e-015 -3.0539e-010 -3.0539e-010
0.5 -2.74634e-005 -1.35988e-014 2.43242e-014 -3.83145e-010 -3.83145e-010
0.51 -2.74664e-005 -6.19418e-015 1.79523e-015 -4.701e-010 -4.701e-010
0.52 -2.74707e-005 -2.42702e-014 -2.29924e-014 -5.68495e-010 -5.68495e-010
0.53 -2.74764e-005 1.2653e-014 -3.55202e-014 -6.7931e-010 -6.7931e-010
0.54 -2.74844e-005 -3.6447e-014 -2.18321e-014 -8.02275e-010 -8.02275e-010
0.55 -2.74951e-005 -1.02112e-013 1.48445e-014 -9.36568e-010 -9.36568e-010
0.56 -2.75086e-005 -1.26869e-013 3.2581e-014 -1.08133e-009 -1.08133e-009
0.57 -2.75242e-005 -1.2925e-013 1.25789e-015 -1.23461e-009 -1.23461e-009
0.58 -2.7541e-005 6.71234e-015 1.81273e-014 -1.39131e-009 -1.39131e-009
0.59 -2.7558e-005 8.77173e-014 5.87707e-014 -1.54321e-009 -1.54321e-009
0.6 -2.75751e-005 1.62053e-013 7.85862e-014 -1.68207e-009 -1.68207e-009
0.61 -2.75921e-005 -1.12962e-013 -3.13834e-014 -1.80339e-009 -1.80339e-009
0.62 -2.76082e-005 -9.2457e-014 -8.64616e-014 -1.90754e-009 -1.90754e-009
0.63 -2.76237e-005 9.25279e-014 8.06474e-014 -1.99784e-009 -1.99784e-009
0.64 -2.76397e-005 -2.30672e-013 -8.95066e-014 -2.07847e-009 -2.07847e-009
0.65 -2.76568e-005 -3.62593e-014 -4.51092e-014 -2.15329e-009 -2.15329e-009
0.66 -2.76745e-005 5.57244e-015 4.95994e-014 -2.22498e-009 -2.22498e-009
0.67 -2.76924e-005 5.63096e-015 3.72518e-014 -2.29492e-009 -2.29492e-009
0.68 -2.77107e-005 5.46051e-015 -2.44644e-014 -2.36435e-009 -2.36435e-009
0.69 -2.77297e-005 -1.15425e-014 -1.79587e-014 -2.43516e-009 -2.43516e-009
0.7 -2.77498e-005 4.57341e-015 -4.36389e-015 -2.50942e-009 -2.50942e-009
0.71 -2.77712e-005 5.28306e-015 -5.5312e-014 -2.5889e-009 -2.5889e-009
0.72 -2.77931e-005 -1.06252e-015 -4.06266e-014 -2.67529e-009 -2.67529e-009
0.73 -2.78146e-005 -1.00443e-013 -5.64911e-014 -2.77017e-009 -2.77017e-009
0.74 -2.78346e-005 1.29187e-014 -1.95621e-014 -2.87361e-009 -2.87361e-009
0.75 -2.78524e-005 -2.25529e-014 -3.94606e-014 -2.98219e-009 -2.98219e-009
0.76 -2.78679e-005 7.12723e-014 3.44742e-015 -3.08881e-009 -3.08881e-009
0.77 -2.7881e-005 5.08409e-014 6.38467e-015 -3.18572e-009 -3.18572e-009
0.78 -2.7893e-005 -1.15886e-014 1.25385e-014 -3.26865e-009 -3.26865e-009
0.79 -2.7905e-005 2.71196e-015 8.5316e-015 -3.33844e-009 -3.33844e-009
0.8 -2.79183e-005 2.50934e-013 1.07937e-013 -3.39886e-009 -3.39886e-009
0.81 -2.7933e-005 -6.90786e-014 3.99754e-014 -3.45289e-009 -3.45289e-009
0.82 -2.79491e-005 2.17089e-014 -3.42326e-014 -3.50145e-009 -3.50145e-009
0.83 -2.79665e-005 -2.86461e-014 -2.16943e-014 -3.54497e-009 -3.54497e-009
0.84 -2.79849e-005 -3.87942e-014 -5.02026e-014 -3.5851e-009 -3.5851e-009
0.85 -2.80047e-005 -2.94027e-014 -4.37787e-014 -3.62475e-009 -3.62475e-009
0.86 -2.80269e-005 9.49561e-015 -3.21924e-014 -3.66761e-009 -3.66761e-009
0.87 -2.80514e-005 2.05392e-013 1.30994e-014 -3.71697e-009 -3.71697e-009
0.88 -2.80771e-005 1.52302e-014 -6.29273e-014 -3.77358e-009 -3.77358e-009
0.89 -2.8103e-005 -3.22927e-013 -5.27778e-013 -3.83501e-009 -3.83501e-009
0.9 -2.81301e-005 -2.665e-014 -9.09422e-014 -3.89909e-009 -3.89909e-009
0.91 -2.81595e-005 2.28223e-014 -1.46688e-014 -3.96771e-009 -3.96771e-009
0.92 -2.8191e-005 2.91377e-014 -4.84526e-014 -4.04481e-009 -4.04481e-009
0.93 -2.82235e-005 -1.26996e-013 -3.40572e-013 -4.12894e-009 -4.12894e-009
0.94 -2.82567e-005 -2.11036e-013 -3.60725e-013 -4.20927e-009 -4.20927e-009
0.95 -2.8291e-005 -3.53937e-014 -1.20033e-012 -4.27163e-009 -4.27163e-009
0.96 -2.83265e-005 4.91239e-013 4.4595e-013 -4.30933e-009 -4.30933e-009
0.97 -2.83628e-005 -1.66837e-013 -1.82541e-013 -4.32692e-009 -4.32692e-009
0.98 -2.83985e-005 1.38416e-013 -8.38341e-013 -4.33221e-009 -4.33221e-009
0.99 -2.84327e-005 -6.60028e-014 2.1773e-013 -4.32579e-009 -4.32579e-009
1 -2.84656e-005 5.65868e-013 -7.35451e-013 -4.30034e-009 -4.30034e-009
1.01 -2.84966e-005 1.72907e-013 -3.52432e-013 -4.24939e-009 -4.24939e-009
1.02 -2.85242e-005 1.9848e-013 -1.41337e-013 -4.17487e-009 -4.17487e-009
1.03 -2.85491e-005 1.26816e-013 -1.25315e-014 -4.08693e-009 -4.08693e-009
1.04 -2.85746e-005 3.79506e-013 1.5629e-013 -3.99762e-009 -3.99762e-009
1.05 -2.86034e-005 2.25585e-013 3.46625e-014 -3.91469e-009 -3.91469e-009
1.06 -2.86347e-005 1.58197e-012 6.08466e-013 -3.83958e-009 -3.83958e-009
1.07 -2.86671e-005 -2.64969e-014 1.4769e-013 -3.77007e-009 -3.77007e-009
1.08 -2.87008e-005 -1.91882e-013 -3.84025e-013 -3.70501e-009 -3.70501e-009
1.09 -2.87369e-005 -9.71215e-014 -2.73038e-013 -3.64694e-009 -3.64694e-009
1.1 -2.87743e-005 7.89891e-013 5.26928e-013 -3.59845e-009 -3.59845e-009
1.11 -2.88108e-005 -2.82647e-014 6.5512e-014 -3.55477e-009 -3.55477e-009
1.12 -2.8847e-005 7.23757e-013 -9.2697e-013 -3.50214e-009 -3.50214e-009
1.13 -2.88857e-005 -6.95735e-014 1.70015e-013 -3.42614e-009 -3.42614e-009
1.14 -2.89273e-005 -2.76005e-014 5.41807e-013 -3.32239e-009 -3.32239e-009
1.15 -2.89706e-005 5.5366e-014 1.09581e-013 -3.19974e-009 -3.19974e-009
1.16 -2.90166e-005 6.1406e-013 7.6882e-013 -3.07482e-009 -3.07482e-009
1.17 -2.90666e-005 3.03152e-013 6.00859e-013 -2.96188e-009 -2.96188e-009
1.18 -2.91208e-005 1.25577e-012 -5.72489e-013 -2.86283e-009 -2.86283e-009
1.19 -2.91789e-005 1.27225e-012 -1.23993e-012 -2.76479e-009 -2.76479e-009
1.2 -2.92385e-005 3.22742e-013 -3.51373e-013 -2.64892e-009 -2.64892e-009
1.21 -2.92964e-005 1.34865e-013 2.26407e-013 -2.50373e-009 -2.50373e-009
1.22 -2.935e-005 8.91254e-013 -7.08909e-013 -2.33235e-009 -2.33235e-009
1.23 -2.93971e-005 5.42102e-013 -4.67781e-013 -2.14929e-009 -2.14929e-009
1.24 -2.94369e-005 1.10446e-012 -6.94061e-013 -1.97166e-009 -1.97166e-009
1.25 -2.94715e-005 -8.92971e-014 2.32675e-013 -1.81252e-009 -1.81252e-009
1.26 -2.95044e-005 2.31309e-013 1.07632e-013 -1.68019e-009 -1.68019e-009
1.27 -2.95386e-005 5.57401e-013 1.7897e-013 -1.57997e-009 -1.57997e-009
1.28 -2.95762e-005 1.27306e-012 2.10523e-014 -1.51426e-009 -1.51426e-009
1.29 -2.96177e-005 1.72933e-012 -1.15306e-012 -1.48034e-009 -1.48034e-009
1.3 -2.96624e-005 1.55135e-012 -1.91259e-012 -1.46825e-009 -1.46825e-009
1.31 -2.97107e-005 1.00121e-013 -7.47787e-014 -1.46195e-009 -1.46195e-009
1.32 -2.97636e-005 4.64624e-014 9.37481e-014 -1.44523e-009 -1.44523e-009
1.33 -2.98197e-005 1.51612e-013 -1.08102e-013 -1.40844e-009 -1.40844e-009
1.34 -2.98782e-005 2.0351e-013 -1.76696e-013 -1.35173e-009 -1.35173e-009
1.35 -2.99422e-005 4.85109e-013 -4.52449e-013 -1.28398e-009 -1.28398e-009
1.36 -3.00155e-005 3.0173e-013 -2.51931e-013 -1.21671e-009 -1.21671e-009
1.37 -3.00969e-005 1.08625e-013 6.65118e-015 -1.15492e-009 -1.15492e-009
1.38 -3.01806e-005 2.19739e-013 -5.71414e-014 -1.09333e-009 -1.09333e-009
1.39 -3.02596e-005 6.38914e-013 -6.76624e-013 -1.02384e-009 -1.02384e-009
1.4 -3.03289e-005 7.21043e-012 -5.87823e-012 -9.47691e-010 -9.47691e-010
1.41 -3.03853e-005 6.04245e-012 -2.11779e-012 -8.7769e-010 -8.7769e-010
1.42 -3.04293e-005 -7.65091e-013 2.59546e-012 -8.24665e-010 -8.24665e-010
1.43 -3.04658e-005 -2.32921e-013 5.01094e-013 -7.83488e-010 -7.83488e-010
1.44 -3.04991e-005 5.72857e-013 9.31014e-013 -7.35908e-010 -7.35908e-010
1.45 -3.05279e-005 5.053e-013 3.15452e-013 -6.66106e-010 -6.66106e-010
1.46 -3.05475e-005 8.49929e-012 -5.18918e-012 -5.7166e-010 -5.7166e-010
1.47 -3.05551e-005 6.14524e-012 -3.20545e-012 -4.59993e-010 -4.59993e-010
1.48 -3.05503e-005 -1.78994e-012 9.78515e-013 -3.34343e-010 -3.34343e-010
1.49 -3.05303e-005 7.92821e-013 -5.09905e-013 -1.82078e-010 -1.82078e-010
1.5 -3.04898e-005 2.71769e-013 1.95843e-013 2.28164e-011 2.28164e-011
1.51 -3.04307e-005 5.02503e-013 -2.43826e-013 3.01299e-010 3.01299e-010
1.52 -3.03654e-005 5.49936e-013 8.27491e-014 6.47394e-010 6.47394e-010
1.53 -3.0307e-005 1.23657e-012 5.93164e-013 1.02377e-009 1.02377e-009
1.54 -3.02597e-005 9.76441e-013 -6.96802e-013 1.38296e-009 1.38296e-009
1.55 -3.02219e-005 1.26831e-012 3.45671e-013 1.69506e-009 1.69506e-009
1.56 -3.01921e-005 4.4997e-013 3.37505e-013 1.95654e-009 1.95654e-009
1.57 -3.0168e-005 8.83325e-013 4.40642e-013 2.17828e-009 2.17828e-009
1.58 -3.01452e-005 -5.66175e-013 -5.44198e-013 2.36969e-009 2.36969e-009
1.59 -3.01166e-005 2.45209e-013 1.51462e-013 2.53233e-009 2.53233e-009
1.6 -3.00743e-005 -8.08904e-014 -1.50446e-012 2.66543e-009 2.66543e-009
1.61 -3.00134e-005 6.84662e-013 -2.94976e-013 2.77875e-009 2.77875e-009
1.62 -2.99369e-005 3.90354e-013 -2.85655e-013 2.90037e-009 2.90037e-009
1.63 -2.98561e-005 3.48166e-013 -1.15239e-013 3.0646e-009 3.0646e-009
1.64 -2.97853e-005 6.55868e-013 -6.77499e-013 3.28105e-009 3.28105e-009
1.65 -2.97351e-005 1.62416e-012 -1.8263e-012 3.51416e-009 3.51416e-009
1.66 -2.9708e-005 3.02204e-013 7.5941e-014 3.70366e-009 3.70366e-009
1.67 -2.97007e-005 -4.34351e-014 -4.74541e-014 3.81424e-009 3.81424e-009
1.68 -2.97071e-005 2.173e-012 1.95941e-012 3.86841e-009 3.86841e-009
1.69 -2.97203e-005 3.3656e-012 3.07943e-012 3.93206e-009 3.93206e-009
1.7 -2.97325e-005 -3.9532e-013 -4.7416e-013 4.06968e-009 4.06968e-009
1.71 -2.974e-005 6.36396e-014 4.32174e-014 4.31033e-009 4.31033e-009
1.72 -2.97462e-005 9.74498e-014 2.35575e-013 4.64398e-009 4.64398e-009
1.73 -2.97565e-005 4.18702e-016 -2.31496e-014 5.03657e-009 5.03657e-009
1.74 -2.97726e-005 -1.11779e-013 -2.5276e-013 5.44601e-009 5.44601e-009
1.75 -2.97934e-005 6.76904e-014 -8.36956e-014 5.83129e-009 5.83129e-009
1.76 -2.9818e-005 1.13341e-013 9.72941e-014 6.15568e-009 6.15568e-009
1.77 -2.98423e-005 1.24169e-012 1.5874e-012 6.38996e-009 6.38996e-009
1.78 -2.98577e-005 1.08406e-012 3.78015e-013 6.52163e-009 6.52163e-009
1.79 -2.98579e-005 3.58393e-013 8.66319e-014 6.5653e-009 6.5653e-009
1.8 -2.98455e-005 -5.91989e-014 -5.04503e-014 6.55919e-009 6.55919e-009
1.81 -2.98278e-005 5.80251e-014 -1.20568e-014 6.5426e-009 6.5426e-009
1.82 -2.9811e-005 2.50995e-014 -2.27953e-014 6.53214e-009 6.53214e-009
1.83 -2.98004e-005 3.36057e-014 -2.07651e-014 6.51794e-009 6.51794e-009
1.84 -2.98009e-005 3.14995e-014 -2.0635e-014 6.48062e-009 6.48062e-009
1.85 -2.98159e-005 3.25018e-014 -2.03596e-014 6.41141e-009 6.41141e-009
1.86 -2.98423e-005 3.21542e-014 -2.04897e-014 6.31965e-009 6.31965e-009
1.87 -2.98751e-005 3.23362e-014 -2.04149e-014 6.22204e-009 6.22204e-009
1.88 -2.99187e-005 3.22671e-014 -2.04214e-014 6.11779e-009 6.11779e-009
1.89 -2.99835e-005 3.22865e-014 -2.04196e-014 5.96921e-009 5.96921e-009
1.9 -3.00668e-005 3.20452e-014 -2.06196e-014 5.71562e-009 5.71562e-009
1.91 -3.01487e-005 3.18152e-014 -2.06365e-014 5.32067e-009 5.32067e-009
1.92 -3.02085e-005 3.29224e-014 -2.20048e-014 4.81172e-009 4.81172e-009
1.93 -3.02327e-005 3.19391e-014 -2.02333e-014 4.27355e-009 4.27355e-009
1.94 -3.02099e-005 7.04114e-014 -3.66348e-016 3.80469e-009 3.80469e-009
1.95 -3.01315e-005 8.5024e-012 1.35281e-012 3.473e-009 3.473e-009
1.96 -2.99993e-005 1.57242e-012 -2.00009e-012 3.29533e-009 3.29533e-009
1.97 -2.98277e-005 1.26262e-012 -4.02518e-013 3.24035e-009 3.24035e-009
1.98 -2.96348e-005 1.40046e-012 -9.98111e-014 3.24598e-009 3.24598e-009
1.99 -2.94317e-005 2.23262e-012 -5.95955e-013 3.24554e-009 3.24554e-009
2 -2.92217e-005 4.59887e-013 -2.3843e-013 3.19447e-009 3.19447e-009
2.01 -2.90041e-005 -7.02229e-015 5.44485e-014 3.08631e-009 3.08631e-009
2.02 -2.87795e-005 6.53248e-014 -9.22749e-014 2.95124e-009 2.95124e-009
2.03 -2.8549e-005 1.32048e-013 -2.46452e-013 2.84059e-009 2.84059e-009
2.04 -2.83114e-005 8.28323e-014 -2.24396e-013 2.80561e-009 2.80561e-009
2.05 -2.80687e-005 -2.13061e-014 9.16498e-014 2.87546e-009 2.87546e-009
2.06 -2.78296e-005 8.07101e-014 -7.61944e-014 3.03954e-009 3.03954e-009
2.07 -2.75987e-005 2.77483e-013 -2.26973e-013 3.24853e-009 3.24853e-009
2.08 -2.73697e-005 2.06145e-013 -2.0331e-013 3.44278e-009 3.44278e-009
2.09 -2.71323e-005 1.46091e-014 -1.63539e-014 3.58782e-009 3.58782e-009
2.1 -2.68804e-005 3.69916e-014 -1.95641e-014 3.6857e-009 3.6857e-009
2.11 -2.66132e-005 3.29985e-014 3.90312e-015 3.75638e-009 3.75638e-009
2.12 -2.63291e-005 1.2796e-014 1.95322e-014 3.81598e-009 3.81598e-009
2.13 -2.6024e-005 -4.11793e-014 -1.85663e-014 3.87609e-009 3.87609e-009
2.14 -2.5697e-005 -2.11908e-013 -7.70966e-014 3.9581e-009 3.9581e-009
2.15 -2.53546e-005 -3.11701e-013 -2.4606e-013 4.10028e-009 4.10028e-009
2.16 -2.5012e-005 -1.61404e-013 -1.55728e-013 4.34575e-009 4.34575e-009
2.17 -2.46846e-005 -9.19621e-014 -2.01889e-013 4.71945e-009 4.71945e-009
2.18 -2.43752e-005 3.8613e-016 -2.08983e-013 5.21471e-009 5.21471e-009
2.19 -2.40771e-005 -2.26036e-013 -1.94174e-013 5.79995e-009 5.79995e-009
2.2 -2.37908e-005 -1.13846e-013 -1.37231e-013 6.43331e-009 6.43331e-009
2.21 -2.3526e-005 -2.80234e-013 -3.08837e-013 7.06989e-009 7.06989e-009
2.22 -2.32889e-005 -7.85266e-013 -8.65514e-013 7.6651e-009 7.6651e-009
2.23 -2.3077e-005 -2.86684e-013 -3.44804e-013 8.1833e-009 8.1833e-009
2.24 -2.28843e-005 -9.00378e-014 -1.74058e-013 8.60814e-009 8.60814e-009
2.25 -2.27059e-005 -4.17362e-014 -8.25964e-014 8.94437e-009 8.94437e-009
2.26 -2.25356e-005 -2.16863e-013 -3.02837e-013 9.21103e-009 9.21103e-009
2.27 -2.23676e-005 -1.08688e-012 -1.5012e-012 9.43317e-009 9.43317e-009
2.28 -2.22041e-005 -4.99046e-013 -1.20061e-012 9.63341e-009 9.63341e-009
2.29 -2.20534e-005 -2.35633e-013 -3.72101e-013 9.82371e-009 9.82371e-009
2.3 -2.19211e-005 -9.86186e-013 -1.80364e-012 1.00031e-008 1.00031e-008
2.31 -2.18112e-005 -1.22394e-012 -2.65139e-012 1.01626e-008 1.01626e-008
2.32 -2.17297e-005 -7.917e-013 -1.50975e-012 1.0292e-008 1.0292e-008
2.33 -2.16813e-005 -9.17909e-013 -1.60014e-012 1.0384e-008 1.0384e-008
2.34 -2.16652e-005 -8.30846e-013 -1.96478e-012 1.04364e-008 1.04364e-008
2.35 -2.16755e-005 7.72911e-015 -2.20925e-013 1.04524e-008 1.04524e-008
2.36 -2.17055e-005 -6.4409e-013 -1.20366e-012 1.04368e-008 1.04368e-008
2.37 -2.1747e-005 -1.75818e-012 -2.43302e-012 1.03916e-008 1.03916e-008
2.38 -2.17928e-005 -1.60983e-012 -2.35853e-012 1.03136e-008 1.03136e-008
2.39 -2.18446e-005 3.3867e-013 3.4022e-013 1.01909e-008 1.01909e-008
2.4 -2.19113e-005 -7.75031e-014 -2.49685e-013 9.99865e-009 9.99865e-009
2.41 -2.20004e-005 -8.48116e-014 4.26939e-014 9.70392e-009 9.70392e-009
2.42 -2.21171e-005 -5.05923e-012 -6.37164e-012 9.28054e-009 9.28054e-009
2.43 -2.22611e-005 -2.33824e-012 -3.42701e-012 8.71966e-009 8.71966e-009
2.44 -2.24187e-005 7.35776e-013 9.7479e-013 8.0288e-009 8.0288e-009
2.45 -2.25704e-005 -1.4216e-013 -2.54847e-013 7.22739e-009 7.22739e-009
2.46 -2.27084e-005 9.36301e-014 5.28292e-014 6.34454e-009 6.34454e-009
2.47 -2.28375e-005 2.31544e-014 -2.50333e-014 5.41673e-009 5.41673e-009
2.48 -2.29646e-005 2.43546e-014 -3.86889e-014 4.48374e-009 4.48374e-009
2.49 -2.30926e-005 2.82088e-014 -1.28862e-014 3.58367e-009 3.58367e-009
2.5 -2.32195e-005 1.07578e-014 -7.40641e-014 2.74866e-009 2.74866e-009
2.51 -2.33411e-005 5.17725e-014 3.9696e-014 2.0015e-009 2.0015e-009
2.52 -2.34532e-005 2.8976e-014 -5.92962e-014 1.35128e-009 1.35128e-009
2.53 -2.35513e-005 1.38523e-013 9.703e-014 7.89506e-010 7.89506e-010
2.54 -2.36338e-005 1.28251e-013 -3.93945e-014 2.9216e-010 2.9216e-010
2.55 -2.37047e-005 5.36407e-014 6.42732e-015 -1.71609e-010 -1.71609e-010
2.56 -2.37714e-005 5.49318e-014 -5.89767e-014 -6.28628e-010 -6.28628e-010
2.57 -2.38404e-005 2.70868e-014 -1.31145e-014 -1.09327e-009 -1.09327e-009
2.58 -2.39154e-005 3.60052e-014 -1.67909e-014 -1.5645e-009 -1.5645e-009
2.59 -2.39963e-005 5.15563e-014 -2.1643e-014 -2.02704e-009 -2.02704e-009
2.6 -2.40808e-005 3.53775e-014 -1.99641e-014 -2.45383e-009 -2.45383e-009
2.61 -2.41668e-005 3.14127e-014 -2.05422e-014 -2.81168e-009 -2.81168e-009
2.62 -2.4254e-005 3.25248e-014 -2.03795e-014 -3.07446e-009 -3.07446e-009
2.63 -2.43443e-005 3.22832e-014 -2.05007e-014 -3.23719e-009 -3.23719e-009
2.64 -2.44379e-005 3.23698e-014 -2.05021e-014 -3.31519e-009 -3.31519e-009
2.65 -2.45273e-005 3.27937e-014 -2.05387e-014 -3.3214e-009 -3.3214e-009
2.66 -2.46012e-005 3.20889e-014 -2.0004e-014 -3.24197e-009 -3.24197e-009
2.67 -2.46541e-005 3.30445e-014 -1.98417e-014 -3.04074e-009 -3.04074e-009
2.68 -2.46875e-005 3.21775e-014 -2.06246e-014 -2.69474e-009 -2.69474e-009
2.69 -2.47066e-005 -1.38073e-014 -9.78097e-014 -2.22497e-009 -2.22497e-009
2.7 -2.47144e-005 9.19967e-014 7.77351e-014 -1.68762e-009 -1.68762e-009
2.71 -2.47128e-005 1.67958e-014 -4.01768e-014 -1.1315e-009 -1.1315e-009
2.72 -2.47105e-005 2.1476e-014 -3.27642e-014 -5.64089e-010 -5.64089e-010
2.73 -2.47248e-005 3.06824e-014 -2.69059e-014 3.96897e-011 3.96897e-011
2.74 -2.477e-005 8.66661e-015 -3.9287e-014 6.95014e-010 6.95014e-010
2.75 -2.48458e-005 6.37725e-014 9.71157e-015 1.3744e-009 1.3744e-009
2.76 -2.49447e-005 4.90097e-014 2.67836e-015 2.01693e-009 2.01693e-009
2.77 -2.50612e-005 7.98897e-014 4.08043e-014 2.56767e-009 2.56767e-009
2.78 -2.51889e-005 3.70426e-014 -1.60038e-014 3.00681e-009 3.00681e-009
2.79 -2.53211e-005 4.72794e-014 -5.97736e-015 3.34308e-009 3.34308e-009
2.8 -2.54587e-005 2.80752e-014 -2.44714e-014 3.58596e-009 3.58596e-009
2.81 -2.56055e-005 2.5714e-014 -2.6984e-014 3.73287e-009 3.73287e-009
2.82 -2.57587e-005 1.1081e-014 -3.46505e-014 3.7873e-009 3.7873e-009
2.83 -2.5912e-005 2.43735e-014 -6.31926e-014 3.78237e-009 3.78237e-009
2.84 -2.60593e-005 3.53916e-014 -8.71591e-015 3.77695e-009 3.77695e-009
2.85 -2.61986e-005 7.68596e-015 -2.28858e-013 3.82427e-009 3.82427e-009
2.86 -2.63309e-005 -1.01523e-013 -1.11881e-012 3.94281e-009 3.94281e-009
2.87 -2.64559e-005 1.13725e-013 -6.77535e-013 4.11292e-009 4.11292e-009
2.88 -2.65768e-005 6.08479e-013 -1.24012e-012 4.29482e-009 4.29482e-009
2.89 -2.67046e-005 3.06135e-013 -2.29826e-012 4.45051e-009 4.45051e-009
2.9 -2.68509e-005 8.79546e-013 -2.78757e-012 4.55865e-009 4.55865e-009
2.91 -2.70206e-005 3.29653e-013 -1.25666e-013 4.61729e-009 4.61729e-009
2.92 -2.72126e-005 9.79096e-013 -1.62084e-012 4.63126e-009 4.63126e-009
2.93 -2.7422e-005 1.3689e-012 -1.05828e-012 4.59437e-009 4.59437e-009
2.94 -2.76421e-005 1.04983e-012 -4.10557e-013 4.48452e-009 4.48452e-009
2.95 -2.78671e-005 1.59089e-012 -7.43851e-013 4.27489e-009 4.27489e-009
2.96 -2.80908e-005 1.32901e-012 -7.00001e-013 3.94718e-009 3.94718e-009
2.97 -2.83052e-005 6.50856e-014 -2.92463e-013 3.49712e-009 3.49712e-009
2.98 -2.85009e-005 1.3853e-011 -1.97952e-011 2.93648e-009 2.93648e-009
2.99 -2.8674e-005 8.92359e-012 -1.13062e-011 2.29229e-009 2.29229e-009
3 -2.88296e-005 -1.68233e-012 5.0319e-012 1.59594e-009 1.59594e-009
3.01 -2.89794e-005 1.19352e-012 -3.6483e-013 8.6449e-010 8.6449e-010
3.02 -2.91352e-005 -2.21111e-013 4.15692e-014 9.1231e-011 9.1231e-011
3.03 -2.93055e-005 2.51903e-013 2.49286e-013 -7.41258e-010 -7.41258e-010
3.04 -2.94927e-005 6.81145e-014 -5.1118e-014 -1.63369e-009 -1.63369e-009
3.05 -2.96899e-005 2.24082e-014 -1.18003e-014 -2.55097e-009 -2.55097e-009
3.06 -2.98853e-005 3.6277e-014 -2.08591e-014 -3.42832e-009 -3.42832e-009
3.07 -3.00736e-005 3.12502e-014 -2.0014e-014 -4.19721e-009 -4.19721e-009
3.08 -3.02605e-005 9.95802e-014 9.9148e-015 -4.81087e-009 -4.81087e-009
3.09 -3.04501e-005 -4.3075e-012 -9.26944e-012 -5.25366e-009 -5.25366e-009
3.1 -3.06373e-005 -1.60429e-011 -3.31391e-011 -5.53327e-009 -5.53327e-009
3.11 -3.08138e-005 2.59895e-011 2.67588e-011 -5.67004e-009 -5.67004e-009
3.12 -3.09821e-005 1.18383e-011 1.22098e-011 -5.69847e-009 -5.69847e-009
3.13 -3.11562e-005 -4.40216e-012 -3.95207e-013 -5.67459e-009 -5.67459e-009
3.14 -3.13458e-005 1.3457e-013 4.92591e-012 -5.66698e-009 -5.66698e-009
3.15 -3.15429e-005 -1.71581e-012 4.86474e-012 -5.72441e-009 -5.72441e-009
3.16 -3.17304e-005 3.52299e-012 5.3697e-012 -5.8425e-009 -5.8425e-009
3.17 -3.18902e-005 -1.36058e-012 1.27749e-012 -5.95842e-009 -5.95842e-009
3.18 -3.20105e-005 2.16839e-012 1.7008e-012 -5.97863e-009 -5.97863e-009
3.19 -3.20956e-005 2.44396e-013 3.6765e-012 -5.82177e-009 -5.82177e-009
3.2 -3.21657e-005 1.19414e-012 -1.08163e-013 -5.45209e-009 -5.45209e-009
3.21 -3.22382e-005 1.19035e-012 8.71418e-013 -4.88195e-009 -4.88195e-009
3.22 -3.23164e-005 7.99072e-013 1.93659e-012 -4.14121e-009 -4.14121e-009
3.23 -3.23933e-005 1.74189e-012 2.54101e-012 -3.2415e-009 -3.2415e-009
3.24 -3.246e-005 -4.395e-013 -4.7778e-013 -2.16896e-009 -2.16896e-009
3.25 -3.2507e-005 2.40431e-012 1.44186e-012 -9.07482e-010 -9.07482e-010
3.26 -3.25256e-005 2.86635e-012 4.92897e-012 5.31584e-010 5.31584e-010
3.27 -3.25145e-005 7.37273e-014 -3.97666e-013 2.09316e-009 2.09316e-009
3.28 -3.24817e-005 1.27553e-013 -1.47138e-012 3.68337e-009 3.68337e-009
3.29 -3.2436e-005 6.16677e-012 -6.27586e-012 5.1987e-009 5.1987e-009
3.3 -3.2382e-005 -4.57686e-013 2.49862e-012 6.5689e-009 6.5689e-009
3.31 -3.23236e-005 6.73063e-013 4.6055e-013 7.78475e-009 7.78475e-009
3.32 -3.22687e-005 -2.42486e-014 7.84328e-013 8.88622e-009 8.88622e-009
3.33 -3.22241e-005 1.96162e-013 4.20901e-013 9.91887e-009 9.91887e-009
3.34 -3.21827e-005 5.95764e-014 5.12876e-013 1.08959e-008 1.08959e-008
3.35 -3.21272e-005 -4.22292e-013 1.09927e-012 1.17934e-008 1.17934e-008
3.36 -3.2047e-005 -2.3489e-013 4.8656e-013 1.25674e-008 1.25674e-008
3.37 -3.19445e-005 7.19338e-014 -1.03852e-013 1.31675e-008 1.31675e-008
3.38 -3.18305e-005 1.99021e-013 2.781e-013 1.35449e-008 1.35449e-008
3.39 -3.17193e-005 3.61313e-013 5.21598e-013 1.36679e-008 1.36679e-008
3.4 -3.16181e-005 1.17164e-013 3.98775e-013 1.35479e-008 1.35479e-008
3.41 -3.15193e-005 -9.73663e-014 1.45334e-012 1.32621e-008 1.32621e-008
3.42 -3.1407e-005 1.0901e-013 4.31829e-013 1.29484e-008 1.29484e-008
3.43 -3.1272e-005 -2.7315e-013 2.0216e-012 1.2762e-008 1.2762e-008
3.44 -3.11162e-005 -2.20287e-013 6.61033e-013 1.28119e-008 1.28119e-008
3.45 -3.09458e-005 7.948e-014 -1.43912e-013 1.31185e-008 1.31185e-008
3.46 -3.07651e-005 -5.24816e-015 8.05608e-014 1.36195e-008 1.36195e-008
3.47 -3.05739e-005 1.99699e-014 1.87566e-014 1.42116e-008 1.42116e-008
3.48 -3.03711e-005 2.09184e-014 -2.54093e-014 1.4795e-008 1.4795e-008
3.49 -3.01569e-005 1.46486e-014 5.00091e-014 1.52956e-008 1.52956e-008
3.5 -2.99291e-005 1.6385e-014 2.90702e-014 1.56667e-008 1.56667e-008
3.51 -2.96805e-005 -2.81777e-015 1.00895e-014 1.58834e-008 1.58834e-008
3.52 -2.94098e-005 1.29048e-014 3.02435e-014 1.5935e-008 1.5935e-008
3.53 -2.9129e-005 1.21849e-014 3.40453e-014 1.58101e-008 1.58101e-008
3.54 -2.8853e-005 1.08199e-014 3.37946e-014 1.5486e-008 1.5486e-008
3.55 -2.85867e-005 1.45736e-014 3.25508e-014 1.49397e-008 1.49397e-008
3.56 -2.83206e-005 1.66815e-014 3.36249e-014 1.41812e-008 1.41812e-008
3.57 -2.804e-005 1.83854e-013 -1.27418e-013 1.32804e-008 1.32804e-008
3.58 -2.77372e-005 8.9111e-013 -7.95204e-013 1.23577e-008 1.23577e-008
3.59 -2.74175e-005 8.54322e-013 -1.59416e-013 1.15408e-008 1.15408e-008
3.6 -2.70979e-005 3.48832e-013 -6.06197e-014 1.09151e-008 1.09151e-008
3.61 -2.67985e-005 -5.04872e-013 7.71351e-013 1.04976e-008 1.04976e-008
3.62 -2.65286e-005 -1.69582e-013 3.32722e-013 1.02486e-008 1.02486e-008
3.63 -2.62799e-005 -4.67282e-014 9.39476e-014 1.0113e-008 1.0113e-008
3.64 -2.60374e-005 -8.4057e-014 1.97212e-013 1.00666e-008 1.00666e-008
3.65 -2.5793e-005 -1.06788e-013 2.93435e-013 1.01325e-008 1.01325e-008
3.66 -2.55468e-005 -9.31547e-014 4.56076e-013 1.03599e-008 1.03599e-008
3.67 -2.52993e-005 -1.40758e-012 1.29167e-012 1.07866e-008 1.07866e-008
3.68 -2.5051e-005 -1.46999e-012 2.5314e-012 1.14125e-008 1.14125e-008
3.69 -2.48032e-005 -8.31518e-013 1.69196e-012 1.21964e-008 1.21964e-008
3.7 -2.45556e-005 -6.75206e-013 1.0909e-012 1.30607e-008 1.30607e-008
3.71 -2.43049e-005 -3.49094e-013 4.61707e-013 1.39047e-008 1.39047e-008
3.72 -2.40495e-005 -1.38567e-013 3.39929e-013 1.46271e-008 1.46271e-008
3.73 -2.37925e-005 -2.4447e-013 1.59618e-012 1.51568e-008 1.51568e-008
3.74 -2.35386e-005 -6.78357e-013 1.31092e-012 1.54803e-008 1.54803e-008
3.75 -2.32915e-005 -2.29906e-013 5.14127e-014 1.56536e-008 1.56536e-008
3.76 -2.30529e-005 -1.33233e-014 4.21283e-014 1.57847e-008 1.57847e-008
3.77 -2.28255e-005 -4.3302e-014 3.62829e-014 1.59901e-008 1.59901e-008
3.78 -2.2614e-005 -5.7058e-014 4.54732e-014 1.63525e-008 1.63525e-008
3.79 -2.24203e-005 1.92826e-014 3.22954e-014 1.69047e-008 1.69047e-008
3.8 -2.22434e-005 7.22267e-015 2.33926e-014 1.76373e-008 1.76373e-008
3.81 -2.20829e-005 9.9198e-015 2.43489e-014 1.85167e-008 1.85167e-008
3.82 -2.19393e-005 -1.0219e-014 -2.78117e-015 1.95026e-008 1.95026e-008
3.83 -2.18158e-005 9.31892e-015 2.40877e-014 2.0563e-008 2.0563e-008
3.84 -2.17165e-005 1.4609e-014 3.45414e-014 2.16717e-008 2.16717e-008
3.85 -2.16389e-005 1.37242e-014 3.188e-014 2.27838e-008 2.27838e-008
3.86 -2.15742e-005 5.22503e-014 -1.06423e-014 2.38148e-008 2.38148e-008
3.87 -2.1516e-005 2.28834e-014 -1.46405e-014 2.46581e-008 2.46581e-008
3.88 -2.14617e-005 1.29035e-013 -1.16993e-013 2.52362e-008 2.52362e-008
3.89 -2.14079e-005 9.94901e-014 -1.30756e-013 2.55377e-008 2.55377e-008
3.9 -2.13475e-005 9.44049e-014 -2.49465e-013 2.56093e-008 2.56093e-008
3.91 -2.12688e-005 -1.86424e-013 -3.84923e-013 2.55186e-008 2.55186e-008
3.92 -2.11589e-005 -5.05589e-013 -1.10601e-012 2.53276e-008 2.53276e-008
3.93 -2.1014e-005 -3.52377e-012 -5.4318e-012 2.50873e-008 2.50873e-008
3.94 -2.08467e-005 -7.69506e-012 -7.8851e-012 2.48326e-008 2.48326e-008
3.95 -2.06776e-005 3.4802e-012 4.03398e-012 2.45679e-008 2.45679e-008
3.96 -2.05253e-005 5.96212e-012 9.78504e-012 2.42632e-008 2.42632e-008
3.97 -2.04037e-005 -1.31696e-012 -2.55591e-012 2.38706e-008 2.38706e-008
3.98 -2.03241e-005 -2.2377e-012 -6.77139e-013 2.33464e-008 2.33464e-008
3.99 -2.02964e-005 -1.28175e-012 -1.0921e-012 2.2664e-008 2.2664e-008
4 -2.032e-005 4.59376e-013 1.6425e-013 2.18213e-008 2.18213e-008
4.01 -2.03779e-005 6.9797e-015 1.08586e-014 2.0849e-008 2.0849e-008
4.02 -2.04491e-005 1.46026e-013 2.2184e-013 1.981e-008 1.981e-008
4.03 -2.05194e-005 2.11257e-014 7.66088e-014 1.87709e-008 1.87709e-008
4.04 -2.05766e-005 2.09653e-014 5.52157e-014 1.77618e-008 1.77618e-008
4.05 -2.06087e-005 6.9492e-014 1.06621e-013 1.67625e-008 1.67625e-008
4.06 -2.0616e-005 6.35619e-014 1.12002e-013 1.57214e-008 1.57214e-008
4.07 -2.06118e-005 6.37342e-015 2.71819e-014 1.4587e-008 1.4587e-008
4.08 -2.0607e-005 1.60259e-014 2.36281e-014 1.33349e-008 1.33349e-008
4.09 -2.06049e-005 -1.64272e-013 -1.78012e-013 1.19901e-008 1.19901e-008
4.1 -2.06098e-005 6.92213e-014 9.96849e-014 1.06305e-008 1.06305e-008
4.11 -2.06279e-005 6.0276e-014 9.80918e-014 9.36163e-009 9.36163e-009
4.12 -2.06653e-005 2.55532e-013 5.95244e-013 8.27461e-009 8.27461e-009
4.13 -2.07329e-005 4.14348e-014 6.67698e-014 7.40918e-009 7.40918e-009
4.14 -2.08415e-005 6.34158e-015 4.81996e-014 6.7436e-009 6.7436e-009
4.15 -2.09897e-005 1.76406e-014 3.1112e-014 6.2177e-009 6.2177e-009
4.16 -2.11659e-005 1.3351e-014 3.63623e-014 5.77234e-009 5.77234e-009
4.17 -2.1356e-005 1.37697e-014 3.62864e-014 5.37415e-009 5.37415e-009
4.18 -2.15489e-005 1.4953e-014 3.63949e-014 5.01277e-009 5.01277e-009
4.19 -2.17423e-005 1.30319e-014 4.2681e-014 4.68317e-009 4.68317e-009
4.2 -2.19401e-005 1.54733e-014 3.68471e-014 4.37482e-009 4.37482e-009
4.21 -2.21468e-005 3.1751e-014 1.38309e-014 4.07546e-009 4.07546e-009
4.22 -2.23695e-005 1.16181e-014 3.89207e-014 3.77719e-009 3.77719e-009
4.23 -2.26145e-005 8.47208e-014 -4.01219e-014 3.47696e-009 3.47696e-009
4.24 -2.28832e-005 1.33974e-013 -1.16473e-013 3.18032e-009 3.18032e-009
4.25 -2.31822e-005 -1.70217e-014 7.58216e-014 2.90811e-009 2.90811e-009
4.26 -2.35268e-005 -2.80918e-013 -7.0084e-013 2.69259e-009 2.69259e-009
4.27 -2.3928e-005 5.18855e-013 5.4309e-013 2.56269e-009 2.56269e-009
4.28 -2.43903e-005 -1.01528e-013 -4.20276e-013 2.53122e-009 2.53122e-009
4.29 -2.49169e-005 6.4867e-013 3.91591e-013 2.59042e-009 2.59042e-009
4.3 -2.54998e-005 -3.91518e-013 -7.27664e-015 2.71915e-009 2.71915e-009
4.31 -2.61152e-005 2.54788e-013 4.82288e-013 2.89925e-009 2.89925e-009
4.32 -2.67371e-005 8.10858e-013 5.3297e-013 3.12544e-009 3.12544e-009
4.33 -2.73498e-005 -2.07511e-013 8.60758e-014 3.39832e-009 3.39832e-009
4.34 -2.79458e-005 1.57701e-013 2.53454e-014 3.713e-009 3.713e-009
4.35 -2.85258e-005 1.66049e-014 9.56957e-014 4.05951e-009 4.05951e-009
4.36 -2.90961e-005 5.00143e-014 5.34705e-014 4.42937e-009 4.42937e-009
4.37 -2.96615e-005 -6.48283e-014 2.2653e-013 4.813e-009 4.813e-009
4.38 -3.0221e-005 -3.1074e-014 1.01721e-013 5.18958e-009 5.18958e-009
4.39 -3.07669e-005 2.86879e-011 4.71909e-012 5.52787e-009 5.52787e-009
4.4 -3.12923e-005 7.29334e-012 1.82669e-011 5.80544e-009 5.80544e-009
4.41 -3.17952e-005 -2.98079e-012 7.07554e-012 6.02424e-009 6.02424e-009
4.42 -3.22853e-005 2.85759e-012 5.45142e-012 6.19848e-009 6.19848e-009
4.43 -3.2781e-005 -3.58092e-012 2.27849e-012 6.32138e-009 6.32138e-009
4.44 -3.33031e-005 -9.60096e-013 -2.03735e-012 6.34147e-009 6.34147e-009
4.45 -3.3868e-005 -4.50921e-012 -8.70021e-012 6.17278e-009 6.17278e-009
4.46 -3.44723e-005 -1.23694e-011 -1.53885e-011 5.73586e-009 5.73586e-009
4.47 -3.50883e-005 -9.07358e-012 -2.12135e-011 4.99894e-009 4.99894e-009
4.48 -3.56845e-005 -4.78157e-012 -1.55277e-011 3.98864e-009 3.98864e-009
4.49 -3.624e-005 4.58074e-012 -5.37157e-012 2.76902e-009 2.76902e-009
4.5 -3.6743e-005 -2.2477e-012 -8.73757e-012 1.41542e-009 1.41542e-009
4.51 -3.71933e-005 1.7066e-012 -2.85234e-012 -3.03118e-013 -3.03118e-013
4.52 -3.76054e-005 4.98864e-012 -1.22464e-012 -1.42138e-009 -1.42138e-009
4.53 -3.79976e-005 2.88876e-012 -4.1676e-013 -2.81498e-009 -2.81498e-009
4.54 -3.83808e-005 6.92361e-012 6.24578e-012 -4.16348e-009 -4.16348e-009
4.55 -3.87611e-005 7.31763e-012 7.48674e-012 -5.44403e-009 -5.44403e-009
4.56 -3.91369e-005 6.56753e-012 3.7247e-012 -6.62291e-009 -6.62291e-009
4.57 -3.94956e-005 4.1279e-012 5.18844e-014 -7.67233e-009 -7.67233e-009
4.58 -3.98259e-005 3.7445e-012 -2.34063e-012 -8.59159e-009 -8.59159e-009
4.59 -4.01308e-005 3.49752e-012 -1.00706e-012 -9.41769e-009 -9.41769e-009
4.6 -4.04253e-005 3.62905e-012 -2.7725e-012 -1.02222e-008 -1.02222e-008
4.61 -4.07199e-005 7.10562e-012 -4.17652e-012 -1.10913e-008 -1.10913e-008
4.62 -4.10078e-005 3.41258e-012 -2.28177e-012 -1.20873e-008 -1.20873e-008
4.63 -4.12752e-005 1.73254e-012 1.33581e-012 -1.32116e-008 -1.32116e-008
4.64 -4.1521e-005 1.91625e-012 1.70623e-012 -1.4407e-008 -1.4407e-008
4.65 -4.17558e-005 2.97666e-012 2.24733e-012 -1.56065e-008 -1.56065e-008
4.66 -4.19831e-005 3.14758e-012 -1.85434e-012 -1.67852e-008 -1.67852e-008
4.67 -4.21934e-005 3.95826e-012 -1.74117e-012 -1.79644e-008 -1.79644e-008
4.68 -4.23766e-005 1.41421e-012 -3.99167e-013 -1.91671e-008 -1.91671e-008
4.69 -4.25335e-005 1.66635e-012 -1.56202e-012 -2.03706e-008 -2.03706e-008
4.7 -4.2678e-005 1.66282e-012 -2.62598e-012 -2.14988e-008 -2.14988e-008
4.71 -4.28321e-005 1.04493e-012 -2.11716e-012 -2.24582e-008 -2.24582e-008
4.72 -4.30107e-005 8.0608e-013 -3.36639e-013 -2.31802e-008 -2.31802e-008
4.73 -4.32094e-005 7.9769e-013 -5.94284e-013 -2.36357e-008 -2.36357e-008
4.74 -4.34154e-005 1.77266e-012 1.90039e-012 -2.38245e-008 -2.38245e-008
4.75 -4.36202e-005 8.92224e-012 9.86973e-012 -2.37638e-008 -2.37638e-008
4.76 -4.38227e-005 7.97617e-012 3.94844e-012 -2.34867e-008 -2.34867e-008
4.77 -4.40311e-005 1.06757e-012 -2.32509e-012 -2.30469e-008 -2.30469e-008
4.78 -4.42541e-005 3.56262e-012 -7.10983e-013 -2.25199e-008 -2.25199e-008
4.79 -4.44847e-005 1.51002e-012 -4.49757e-012 -2.19851e-008 -2.19851e-008
4.8 -4.4704e-005 1.27773e-012 1.7245e-014 -2.14953e-008 -2.14953e-008
4.81 -4.48952e-005 5.52781e-013 -4.05028e-013 -2.10586e-008 -2.10586e-008
4.82 -4.50432e-005 3.14061e-012 -2.44844e-012 -2.06521e-008 -2.06521e-008
4.83 -4.51393e-005 2.51555e-012 -3.71375e-012 -2.02531e-008 -2.02531e-008
4.84 -4.51984e-005 -4.32337e-013 -2.04089e-012 -1.98603e-008 -1.98603e-008
4.85 -4.52501e-005 1.70639e-013 -1.00063e-012 -1.94965e-008 -1.94965e-008
4.86 -4.52992e-005 6.92339e-012 -3.80527e-012 -1.91893e-008 -1.91893e-008
4.87 -4.5314e-005 3.25e-012 -1.81492e-012 -1.8942e-008 -1.8942e-008
4.88 -4.52637e-005 6.87116e-012 -1.15185e-011 -1.87229e-008 -1.87229e-008
4.89 -4.51474e-005 8.62329e-012 -9.13447e-012 -1.84915e-008 -1.84915e-008
4.9 -4.49818e-005 -7.95924e-013 3.1721e-012 -1.82326e-008 -1.82326e-008
4.91 -4.47784e-005 9.23028e-013 -8.96801e-013 -1.79644e-008 -1.79644e-008
4.92 -4.45386e-005 1.24039e-012 1.03447e-012 -1.77208e-008 -1.77208e-008
4.93 -4.42622e-005 1.20141e-012 -3.74968e-013 -1.75406e-008 -1.75406e-008
4.94 -4.39475e-005 6.37239e-013 -3.09615e-012 -1.74646e-008 -1.74646e-008
4.95 -4.35809e-005 4.38247e-013 -2.90679e-012 -1.75212e-008 -1.75212e-008
4.96 -4.31459e-005 1.18602e-012 -3.52981e-013 -1.76981e-008 -1.76981e-008
4.97 -4.26414e-005 1.81057e-012 -2.78044e-012 -1.79377e-008 -1.79377e-008
4.98 -4.2077e-005 2.03856e-012 1.37194e-012 -1.81675e-008 -1.81675e-008
4.99 -4.14503e-005 1.1883e-012 2.78645e-013 -1.83418e-008 -1.83418e-008
5 -4.07513e-005 -6.21762e-013 -1.46179e-012 -1.84674e-008 -1.84674e-008
5.01 -3.99845e-005 9.39082e-013 1.2921e-012 -1.86098e-008 -1.86098e-008
5.02 -3.91679e-005 8.76224e-014 -4.18993e-013 -1.88722e-008 -1.88722e-008
5.03 -3.83168e-005 -3.62136e-013 -1.75231e-012 -1.93399e-008 -1.93399e-008
5.04 -3.74403e-005 1.94795e-013 7.43095e-014 -2.00243e-008 -2.00243e-008
5.05 -3.6541e-005 3.20423e-013 -2.14715e-013 -2.08534e-008 -2.08534e-008
5.06 -3.56049e-005 -3.73696e-014 -3.53635e-013 -2.17138e-008 -2.17138e-008
5.07 -3.46098e-005 -1.79723e-013 -3.26051e-013 -2.25008e-008 -2.25008e-008
5.08 -3.35507e-005 -4.00808e-013 -2.70072e-012 -2.31545e-008 -2.31545e-008
5.09 -3.24422e-005 5.85654e-014 3.91907e-013 -2.36749e-008 -2.36749e-008
5.1 -3.13e-005 -2.35317e-012 -7.63347e-012 -2.41089e-008 -2.41089e-008
5.11 -3.0139e-005 -7.20643e-012 -1.11313e-011 -2.45163e-008 -2.45163e-008
5.12 -2.89837e-005 -1.01954e-011 -2.02228e-011 -2.49431e-008 -2.49431e-008
5.13 -2.78535e-005 -7.51433e-012 -5.97008e-012 -2.5417e-008 -2.5417e-008
5.14 -2.67406e-005 -2.52494e-011 -3.82891e-011 -2.59455e-008 -2.59455e-008
5.15 -2.56211e-005 -2.94381e-012 -1.68489e-013 -2.65026e-008 -2.65026e-008
5.16 -2.44839e-005 2.63863e-011 2.63783e-011 -2.70284e-008 -2.70284e-008
5.17 -2.33302e-005 1.71151e-010 1.88853e-010 -2.74622e-008 -2.74622e-008
5.18 -2.2162e-005 9.29051e-011 1.08308e-010 -2.77843e-008 -2.77843e-008
5.19 -2.09864e-005 -4.7879e-011 -3.9164e-011 -2.80266e-008 -2.80266e-008
5.2 -1.98287e-005 -4.11179e-012 -1.53148e-012 -2.82541e-008 -2.82541e-008
5.21 -1.87314e-005 -1.15424e-011 -4.50059e-012 -2.85343e-008 -2.85343e-008
5.22 -1.77251e-005 -1.39215e-011 -1.16492e-011 -2.88966e-008 -2.88966e-008
5.23 -1.68214e-005 5.14595e-011 2.06052e-011 -2.92918e-008 -2.92918e-008
5.24 -1.60235e-005 2.37283e-011 1.14699e-011 -2.95889e-008 -2.95889e-008
5.25 -1.53231e-005 -7.05107e-012 -2.31772e-012 -2.96277e-008 -2.96277e-008
5.26 -1.47059e-005 1.26837e-012 -5.86509e-014 -2.92916e-008 -2.92916e-008
5.27 -1.41649e-005 -1.56677e-011 -2.64072e-011 -2.85506e-008 -2.85506e-008
5.28 -1.3699e-005 -4.48752e-011 -7.75118e-011 -2.7456e-008 -2.7456e-008
5.29 -1.32992e-005 -4.39131e-012 -2.13431e-011 -2.60974e-008 -2.60974e-008
5.3 -1.29571e-005 -1.5171e-012 3.49725e-012 -2.45592e-008 -2.45592e-008
5.31 -1.26779e-005 -4.85042e-012 6.47263e-012 -2.29136e-008 -2.29136e-008
5.32 -1.24683e-005 7.21794e-012 1.09845e-011 -2.12377e-008 -2.12377e-008
5.33 -1.2329e-005 1.29401e-011 -4.60424e-012 -1.96151e-008 -1.96151e-008
5.34 -1.2262e-005 -1.1138e-011 -9.09235e-012 -1.81147e-008 -1.81147e-008
5.35 -1.22809e-005 9.03961e-013 1.7069e-011 -1.67734e-008 -1.67734e-008
5.36 -1.24098e-005 1.62739e-012 1.41694e-011 -1.56001e-008 -1.56001e-008
5.37 -1.26567e-005 -2.77335e-013 -4.19182e-012 -1.45888e-008 -1.45888e-008
5.38 -1.29945e-005 2.61693e-013 1.06884e-012 -1.37216e-008 -1.37216e-008
5.39 -1.33861e-005 -2.10087e-013 -1.13092e-012 -1.29614e-008 -1.29614e-008
5.4 -1.3822e-005 1.74989e-014 -1.17424e-013 -1.22567e-008 -1.22567e-008
5.41 -1.43161e-005 -9.57249e-014 -4.34187e-014 -1.15643e-008 -1.15643e-008
5.42 -1.48782e-005 -2.97644e-014 -5.2782e-014 -1.08774e-008 -1.08774e-008
5.43 -1.54927e-005 5.1364e-014 -5.29081e-015 -1.02358e-008 -1.02358e-008
5.44 -1.61231e-005 1.21015e-014 -3.57762e-014 -9.70403e-009 -9.70403e-009
5.45 -1.67423e-005 3.3e-014 -1.44859e-014 -9.32462e-009 -9.32462e-009
5.46 -1.73512e-005 -1.00047e-013 -6.70613e-014 -9.08448e-009 -9.08448e-009
5.47 -1.79637e-005 3.24039e-013 3.24778e-013 -8.92217e-009 -8.92217e-009
5.48 -1.85917e-005 -2.60711e-014 6.55455e-014 -8.76662e-009 -8.76662e-009
5.49 -1.92444e-005 -7.65216e-013 -1.6214e-013 -8.57316e-009 -8.57316e-009
5.5 -1.99207e-005 3.02399e-013 2.54025e-013 -8.33201e-009 -8.33201e-009
5.51 -2.05998e-005 5.07265e-013 1.66523e-013 -8.05058e-009 -8.05058e-009
5.52 -2.12612e-005 1.76533e-013 -5.3247e-014 -7.7391e-009 -7.7391e-009
5.53 -2.19015e-005 2.27504e-013 1.51587e-013 -7.42305e-009 -7.42305e-009
5.54 -2.25188e-005 2.73356e-013 1.40515e-013 -7.16126e-009 -7.16126e-009
5.55 -2.31029e-005 2.29465e-012 6.64077e-013 -7.03662e-009 -7.03662e-009
5.56 -2.3639e-005 -5.19391e-013 -2.5222e-013 -7.12768e-009 -7.12768e-009
5.57 -2.41086e-005 5.99129e-013 1.26418e-012 -7.48381e-009 -7.48381e-009
5.58 -2.44938e-005 6.39905e-013 7.7452e-013 -8.1045e-009 -8.1045e-009
5.59 -2.47834e-005 -8.54331e-013 1.32181e-012 -8.92289e-009 -8.92289e-009
5.6 -2.49681e-005 1.01121e-012 1.29373e-012 -9.81161e-009 -9.81161e-009
5.61 -2.50352e-005 -1.19502e-012 4.61448e-013 -1.06222e-008 -1.06222e-008
5.62 -2.49808e-005 -4.1168e-012 -1.99437e-012 -1.12405e-008 -1.12405e-008
5.63 -2.48284e-005 3.9243e-013 4.08553e-013 -1.16296e-008 -1.16296e-008
5.64 -2.46238e-005 9.61347e-013 1.2106e-012 -1.18383e-008 -1.18383e-008
5.65 -2.44055e-005 -7.74013e-012 -2.51623e-012 -1.19724e-008 -1.19724e-008
5.66 -2.41837e-005 -5.44332e-012 -2.16722e-012 -1.21361e-008 -1.21361e-008
5.67 -2.39459e-005 1.56411e-012 5.83849e-013 -1.23744e-008 -1.23744e-008
5.68 -2.36816e-005 -3.64459e-013 -1.68404e-013 -1.26485e-008 -1.26485e-008
5.69 -2.33992e-005 1.45481e-013 2.66461e-014 -1.28686e-008 -1.28686e-008
5.7 -2.31204e-005 -8.38833e-015 -2.94311e-014 -1.29634e-008 -1.29634e-008
5.71 -2.2863e-005 8.55839e-015 1.79131e-014 -1.29334e-008 -1.29334e-008
5.72 -2.26354e-005 3.00215e-014 -2.69813e-014 -1.28452e-008 -1.28452e-008
5.73 -2.2451e-005 1.22634e-012 -1.87756e-013 -1.27809e-008 -1.27809e-008
5.74 -2.23416e-005 1.2835e-012 3.07488e-014 -1.27931e-008 -1.27931e-008
5.75 -2.23521e-005 5.20544e-013 3.02308e-013 -1.29044e-008 -1.29044e-008
5.76 -2.25203e-005 2.83639e-012 2.74264e-012 -1.31357e-008 -1.31357e-008
5.77 -2.28617e-005 2.83654e-012 2.66687e-012 -1.35189e-008 -1.35189e-008
5.78 -2.33703e-005 2.84529e-012 2.15563e-012 -1.40718e-008 -1.40718e-008
5.79 -2.40163e-005 2.51481e-012 2.42389e-012 -1.47537e-008 -1.47537e-008
5.8 -2.47428e-005 4.29302e-012 3.40568e-012 -1.54344e-008 -1.54344e-008
5.81 -2.54861e-005 3.31707e-012 3.76077e-012 -1.59021e-008 -1.59021e-008
5.82 -2.62236e-005 7.20844e-012 8.34077e-012 -1.59281e-008 -1.59281e-008
5.83 -2.69954e-005 -1.98382e-012 -2.36531e-012 -1.5378e-008 -1.5378e-008
5.84 -2.78618e-005 8.24459e-013 7.79188e-013 -1.42926e-008 -1.42926e-008
5.85 -2.88464e-005 7.99964e-012 9.99219e-012 -1.2851e-008 -1.2851e-008
5.86 -2.99332e-005 -4.64848e-011 -6.4349e-011 -1.12317e-008 -1.12317e-008
5.87 -3.10956e-005 -2.41255e-011 -3.13423e-011 -9.49773e-009 -9.49773e-009
5.88 -3.23072e-005 1.14608e-011 1.50199e-011 -7.60786e-009 -7.60786e-009
5.89 -3.35494e-005 -6.43248e-012 -7.69528e-012 -5.51999e-009 -5.51999e-009
5.9 -3.48217e-005 1.88258e-012 2.14847e-012 -3.28012e-009 -3.28012e-009
5.91 -3.61338e-005 3.30315e-012 6.69026e-012 -1.02226e-009 -1.02226e-009
5.92 -3.74997e-005 -7.40473e-013 -1.73272e-012 1.10483e-009 1.10483e-009
5.93 -3.8943e-005 3.33652e-012 6.36078e-012 3.00882e-009 3.00882e-009
5.94 -4.04832e-005 8.38864e-011 9.61306e-011 4.67331e-009 4.67331e-009
5.95 -4.2117e-005 3.79721e-012 -1.1458e-010 6.13867e-009 6.13867e-009
5.96 -4.38062e-005 -9.27278e-011 -2.44759e-010 7.47305e-009 7.47305e-009
5.97 -4.54905e-005 -5.49651e-012 -5.74602e-011 8.73955e-009 8.73955e-009
5.98 -4.71316e-005 3.03353e-012 8.02241e-012 9.96205e-009 9.96205e-009
5.99 -4.86697e-005 1.2358e-011 2.13853e-012 1.11119e-008 1.11119e-008
6 -5.00397e-005 3.94865e-011 1.29922e-011 1.21402e-008 1.21402e-008
6.01 -5.11566e-005 6.553e-011 4.29489e-011 1.30442e-008 1.30442e-008
6.02 -5.19454e-005 1.0036e-012 3.60177e-011 1.39166e-008 1.39166e-008
6.03 -5.23591e-005 -3.10381e-011 -1.96849e-011 1.49424e-008 1.49424e-008
6.04 -5.23795e-005 -6.64904e-012 2.86359e-011 1.63436e-008 1.63436e-008
6.05 -5.20207e-005 -5.0772e-011 7.63465e-011 1.82932e-008 1.82932e-008
6.06 -5.13142e-005 -5.3125e-011 6.25192e-011 2.08261e-008 2.08261e-008
6.07 -5.03051e-005 -3.91541e-011 6.20658e-011 2.37875e-008 2.37875e-008
6.08 -4.9051e-005 -2.44465e-011 3.10451e-011 2.6856e-008 2.6856e-008
6.09 -4.76035e-005 -5.6868e-011 9.95606e-011 2.96393e-008 2.96393e-008
6.1 -4.59926e-005 -1.31404e-010 2.15809e-010 3.18055e-008 3.18055e-008
6.11 -4.42437e-005 -2.60443e-011 2.43231e-011 3.31805e-008 3.31805e-008
6.12 -4.24001e-005 -2.21887e-011 -2.29833e-012 3.37621e-008 3.37621e-008
6.13 -4.05146e-005 -3.73154e-011 4.07103e-011 3.3664e-008 3.3664e-008
6.14 -3.86552e-005 -3.88324e-011 3.57436e-011 3.3033e-008 3.3033e-008
6.15 -3.69169e-005 4.58744e-013 4.84289e-011 3.19747e-008 3.19747e-008
6.16 -3.54031e-005 1.3933e-011 -2.10013e-011 3.05174e-008 3.05174e-008
6.17 -3.41941e-005 1.4999e-011 3.10444e-012 2.86374e-008 2.86374e-008
6.18 -3.33381e-005 6.41258e-012 -1.10786e-011 2.63245e-008 2.63245e-008
6.19 -3.28472e-005 4.08573e-011 -5.35646e-011 2.36489e-008 2.36489e-008
6.2 -3.2694e-005 3.20043e-012 -3.1969e-011 2.081e-008 2.081e-008
6.21 -3.28438e-005 -5.55472e-012 3.41814e-011 1.81369e-008 1.81369e-008
6.22 -3.32899e-005 5.73033e-010 7.13364e-010 1.60077e-008 1.60077e-008
6.23 -3.40632e-005 5.01242e-010 2.88964e-010 1.47016e-008 1.47016e-008
6.24 -3.52051e-005 1.08233e-010 -2.15887e-010 1.42801e-008 1.42801e-008
6.25 -3.67137e-005 2.74729e-010 -1.21648e-010 1.46161e-008 1.46161e-008
6.26 -3.8509e-005 -3.28797e-012 -2.44208e-010 1.55609e-008 1.55609e-008
6.27 -4.04516e-005 -9.08588e-011 -8.39445e-011 1.71167e-008 1.71167e-008
6.28 -4.23948e-005 -5.25541e-011 3.50163e-011 1.94769e-008 1.94769e-008
6.29 -4.42527e-005 -6.65354e-012 4.45536e-011 2.28784e-008 2.28784e-008
6.3 -4.6046e-005 1.43498e-010 -1.13463e-010 2.73591e-008 2.73591e-008
6.31 -4.78398e-005 5.67039e-011 -2.49893e-011 3.26076e-008 3.26076e-008
6.32 -4.9643e-005 -4.54491e-011 -1.51989e-012 3.80313e-008 3.80313e-008
6.33 -5.13802e-005 1.43135e-011 8.58365e-012 4.30081e-008 4.30081e-008
6.34 -5.2928e-005 2.11451e-010 2.9966e-010 4.71452e-008 4.71452e-008
6.35 -5.41566e-005 -1.41886e-010 1.87497e-010 5.03828e-008 5.03828e-008
6.36 -5.49703e-005 -1.96194e-010 -6.70708e-011 5.29086e-008 5.29086e-008
6.37 -5.5392e-005 3.08559e-011 -6.28331e-012 5.49505e-008 5.49505e-008
6.38 -5.556e-005 -4.92081e-012 -1.62133e-011 5.65651e-008 5.65651e-008
6.39 -5.56192e-005 9.6575e-012 -5.46503e-012 5.75649e-008 5.75649e-008
6.4 -5.56163e-005 1.70067e-011 8.81924e-012 5.76667e-008 5.76667e-008
6.41 -5.55338e-005 6.68723e-011 4.35913e-011 5.67505e-008 5.67505e-008
6.42 -5.53667e-005 1.47675e-010 6.8442e-011 5.50036e-008 5.50036e-008
6.43 -5.51098e-005 1.18151e-010 -2.99246e-011 5.28601e-008 5.28601e-008
6.44 -5.47652e-005 1.05805e-010 -1.80476e-011 5.08373e-008 5.08373e-008
6.45 -5.43609e-005 -4.43308e-011 -5.69383e-011 4.93807e-008 4.93807e-008
6.46 -5.39404e-005 -4.5669e-010 4.78813e-010 4.87552e-008 4.87552e-008
6.47 -5.35375e-005 -4.82973e-010 6.15267e-010 4.90085e-008 4.90085e-008
6.48 -5.31226e-005 -1.71117e-010 2.40297e-010 5.00286e-008 5.00286e-008
6.49 -5.26229e-005 -1.34735e-010 -1.48192e-010 5.16595e-008 5.16595e-008
6.5 -5.1962e-005 2.40912e-010 -2.22812e-010 5.37793e-008 5.37793e-008
6.51 -5.10798e-005 -7.27081e-011 1.90221e-010 5.62903e-008 5.62903e-008
6.52 -4.99004e-005 -2.71155e-010 2.73409e-010 5.90633e-008 5.90633e-008
6.53 -4.83288e-005 -6.48834e-011 2.11208e-010 6.19218e-008 6.19218e-008
6.54 -4.62685e-005 -2.92507e-010 3.33884e-010 6.46919e-008 6.46919e-008
6.55 -4.36665e-005 2.1841e-010 1.03829e-010 6.72494e-008 6.72494e-008
6.56 -4.05675e-005 8.28892e-011 -1.23902e-010 6.94881e-008 6.94881e-008
6.57 -3.70793e-005 -2.39439e-010 1.89343e-010 7.124e-008 7.124e-008
6.58 -3.33494e-005 -8.07457e-011 1.57341e-010 7.22437e-008 7.22437e-008
6.59 -2.9525e-005 5.36446e-011 -7.60023e-011 7.22124e-008 7.22124e-008
6.6 -2.57145e-005 -3.25561e-010 -3.14428e-010 7.09621e-008 7.09621e-008
6.61 -2.1987e-005 -3.11783e-010 -2.31587e-010 6.85053e-008 6.85053e-008
6.62 -1.8381e-005 1.03951e-010 4.34459e-011 6.50365e-008 6.50365e-008
6.63 -1.49204e-005 -4.34329e-011 -1.03725e-010 6.08242e-008 6.08242e-008
6.64 -1.1633e-005 1.12128e-011 -2.95734e-011 5.61036e-008 5.61036e-008
6.65 -8.55402e-006 -1.41694e-010 1.31153e-011 5.10509e-008 5.10509e-008
6.66 -5.7129e-006 -6.67091e-011 -6.81498e-012 4.58457e-008 4.58457e-008
6.67 -3.13158e-006 9.61703e-011 -8.37304e-011 4.07569e-008 4.07569e-008
6.68 -8.41491e-007 -1.26294e-010 1.64017e-010 3.61721e-008 3.61721e-008
6.69 1.11637e-006 -3.81406e-011 3.2148e-011 3.25268e-008 3.25268e-008
6.7 2.6575e-006 3.76359e-011 -7.12293e-011 3.01826e-008 3.01826e-008
6.71 3.73923e-006 -1.30917e-011 6.28758e-011 2.93577e-008 2.93577e-008
6.72 4.33902e-006 1.0033e-011 -6.40148e-011 3.01551e-008 3.01551e-008
6.73 4.46213e-006 6.85597e-012 5.22537e-011 3.26224e-008 3.26224e-008
6.74 4.10591e-006 1.29042e-011 1.683e-011 3.67364e-008 3.67364e-008
6.75 3.27463e-006 3.24595e-012 3.0662e-011 4.23076e-008 4.23076e-008
6.76 1.98716e-006 -1.07385e-011 -1.04304e-010 4.89057e-008 4.89057e-008
6.77 2.60323e-007 5.29768e-012 4.24429e-011 5.58939e-008 5.58939e-008
6.78 -1.89085e-006 -9.53627e-011 -2.56574e-010 6.25565e-008 6.25565e-008
6.79 -4.41459e-006 -5.952e-010 -6.59161e-010 6.82381e-008 6.82381e-008
6.8 -7.20437e-006 2.9915e-010 6.242e-010 7.24275e-008 7.24275e-008
6.81 -1.01349e-005 1.85181e-010 1.52201e-010 7.47714e-008 7.47714e-008
6.82 -1.30777e-005 -4.60192e-011 6.42642e-012 7.50448e-008 7.50448e-008
6.83 -1.59071e-005 3.48402e-010 1.35391e-010 7.31271e-008 7.31271e-008
6.84 -1.84979e-005 1.34781e-010 2.90093e-011 6.90259e-008 6.90259e-008
6.85 -2.07284e-005 -3.21994e-010 -5.00431e-010 6.29325e-008 6.29325e-008
6.86 -2.2537e-005 -1.06686e-011 -1.16067e-010 5.52275e-008 5.52275e-008
6.87 -2.39219e-005 -2.42756e-010 -3.04048e-010 4.64094e-008 4.64094e-008
6.88 -2.49286e-005 -4.41524e-010 -1.8298e-010 3.70084e-008 3.70084e-008
6.89 -2.55808e-005 -2.55596e-010 -7.62185e-011 2.7534e-008 2.7534e-008
6.9 -2.58847e-005 -1.07243e-010 -8.90789e-011 1.84558e-008 1.84558e-008
6.91 -2.5868e-005 -3.60339e-011 -3.05031e-010 1.01743e-008 1.01743e-008
6.92 -2.55964e-005 -5.11905e-010 -9.32353e-010 2.9395e-009 2.9395e-009
6.93 -2.50849e-005 -7.51491e-010 -6.64461e-010 -3.23512e-009 -3.23512e-009
6.94 -2.42812e-005 -1.76049e-010 -5.07111e-010 -8.55799e-009 -8.55799e-009
6.95 -2.3101e-005 -1.98301e-009 -2.51256e-009 -1.33239e-008 -1.33239e-008
6.96 -2.1462e-005 -3.51043e-009 -3.89971e-009 -1.77652e-008 -1.77652e-008
6.97 -1.93455e-005 -1.56785e-009 -1.36792e-009 -2.20235e-008 -2.20235e-008
6.98 -1.67963e-005 -1.8618e-009 -1.67088e-009 -2.62557e-008 -2.62557e-008
6.99 -1.38099e-005 -1.30493e-009 -1.64013e-009 -3.0749e-008 -3.0749e-008
7 -1.04283e-005 -9.86153e-010 -1.03761e-009 -3.59241e-008 -3.59241e-008
7.01 -6.768e-006 -2.90937e-010 -1.57978e-010 -4.22376e-008 -4.22376e-008
7.02 -3.03683e-006 -3.29096e-009 -2.72925e-009 -5.00724e-008 -5.00724e-008
7.03 5.86344e-007 -2.23487e-009 -2.06129e-009 -5.96443e-008 -5.96443e-008
7.04 4.0224e-006 6.7435e-010 4.44071e-010 -7.08926e-008 -7.08926e-008
7.05 7.28864e-006 6.91537e-011 -4.4377e-010 -8.33608e-008 -8.33608e-008
7.06 1.04244e-005 1.35113e-010 -9.10824e-011 -9.61635e-008 -9.61635e-008
7.07 1.34228e-005 3.33871e-011 -5.90765e-011 -1.08154e-007 -1.08154e-007
7.08 1.62274e-005 -5.52846e-011 1.43105e-012 -1.18262e-007 -1.18262e-007
7.09 1.87697e-005 1.10413e-010 -1.1611e-010 -1.25783e-007 -1.25783e-007
7.1 2.10122e-005 1.12905e-010 2.13935e-010 -1.30457e-007 -1.30457e-007
7.11 2.29471e-005 5.5874e-011 2.82222e-010 -1.32338e-007 -1.32338e-007
7.12 2.45789e-005 -5.32652e-011 -3.31491e-011 -1.31628e-007 -1.31628e-007
7.13 2.59275e-005 1.00215e-010 1.18544e-010 -1.28585e-007 -1.28585e-007
7.14 2.70392e-005 2.13597e-011 1.64979e-010 -1.23493e-007 -1.23493e-007
7.15 2.7962e-005 3.78437e-011 4.68685e-011 -1.16655e-007 -1.16655e-007
7.16 2.87181e-005 -1.05287e-010 -9.92312e-011 -1.08396e-007 -1.08396e-007
7.17 2.92971e-005 2.01761e-010 2.36292e-010 -9.90819e-008 -9.90819e-008
7.18 2.96446e-005 1.40066e-010 9.14514e-011 -8.91227e-008 -8.91227e-008
7.19 2.96696e-005 8.3428e-012 -4.34474e-011 -7.89573e-008 -7.89573e-008
7.2 2.92734e-005 -9.78171e-012 6.24943e-012 -6.90313e-008 -6.90313e-008
7.21 2.83708e-005 -9.36317e-012 -6.20338e-012 -5.97823e-008 -5.97823e-008
7.22 2.68815e-005 2.25452e-012 -1.5937e-012 -5.16312e-008 -5.16312e-008
7.23 2.4735e-005 -7.15859e-013 -5.92917e-012 -4.49728e-008 -4.49728e-008
7.24 2.19026e-005 5.71039e-012 -1.32909e-011 -4.014e-008 -4.014e-008
7.25 1.84205e-005 8.45558e-012 5.35376e-012 -3.73189e-008 -3.73189e-008
7.26 1.43785e-005 1.51264e-011 -3.40891e-011 -3.64464e-008 -3.64464e-008
7.27 9.8885e-006 5.26163e-011 -2.22562e-010 -3.71573e-008 -3.71573e-008
7.28 5.06346e-006 5.08077e-011 -1.87998e-010 -3.88303e-008 -3.88303e-008
7.29 2.38581e-008 3.75338e-011 -1.17969e-010 -4.07117e-008 -4.07117e-008
7.3 -5.1185e-006 3.16991e-012 -1.74019e-010 -4.20606e-008 -4.20606e-008
7.31 -1.02984e-005 3.65471e-011 -2.60158e-011 -4.22785e-008 -4.22785e-008
7.32 -1.54894e-005 8.2914e-011 -2.87584e-010 -4.10129e-008 -4.10129e-008
7.33 -2.06297e-005 -5.60725e-011 -6.31751e-010 -3.81918e-008 -3.81918e-008
7.34 -2.55614e-005 9.33413e-011 -4.96718e-010 -3.39551e-008 -3.39551e-008
7.35 -3.00728e-005 -1.46852e-011 -1.38132e-010 -2.85417e-008 -2.85417e-008
7.36 -3.40096e-005 3.2454e-010 -4.30097e-010 -2.22538e-008 -2.22538e-008
7.37 -3.73081e-005 2.04305e-010 -2.82958e-010 -1.55394e-008 -1.55394e-008
7.38 -3.99732e-005 -9.83056e-011 -1.14214e-010 -9.07905e-009 -9.07905e-009
7.39 -4.20019e-005 -1.01176e-010 -1.41274e-010 -3.73252e-009 -3.73252e-009
7.4 -4.33741e-005 -9.97376e-011 -1.98056e-010 -3.35097e-010 -3.35097e-010
7.41 -4.41084e-005 -6.66978e-011 -1.25297e-010 5.00079e-010 5.00079e-010
7.42 -4.42817e-005 -1.42892e-010 -2.79928e-010 -1.57681e-009 -1.57681e-009
7.43 -4.39825e-005 -8.80238e-011 -1.33528e-010 -6.73487e-009 -6.73487e-009
7.44 -4.32425e-005 5.25618e-011 -1.43858e-011 -1.50197e-008 -1.50197e-008
7.45 -4.20085e-005 4.46337e-011 -5.65972e-012 -2.62969e-008 -2.62969e-008
7.46 -4.02219e-005 -1.23928e-011 8.67009e-013 -4.01523e-008 -4.01523e-008
7.47 -3.78947e-005 4.70323e-012 -9.28252e-013 -5.58937e-008 -5.58937e-008
7.48 -3.51334e-005 4.58876e-012 -2.84411e-012 -7.26959e-008 -7.26959e-008
7.49 -3.21097e-005 2.66987e-012 -8.55014e-014 -8.97866e-008 -8.97866e-008
7.5 -2.89902e-005 -8.32902e-012 1.1099e-011 -1.06553e-007 -1.06553e-007
7.51 -2.59009e-005 4.53954e-011 -2.52383e-012 -1.22531e-007 -1.22531e-007
7.52 -2.29531e-005 -2.38453e-011 2.9862e-011 -1.37354e-007 -1.37354e-007
7.53 -2.02609e-005 1.45279e-010 -2.16576e-011 -1.50717e-007 -1.50717e-007
7.54 -1.79186e-005 1.00026e-011 -1.60883e-010 -1.62401e-007 -1.62401e-007
7.55 -1.59651e-005 1.30738e-009 -2.03371e-009 -1.72275e-007 -1.72275e-007
7.56 -1.43748e-005 1.07878e-009 -1.4639e-009 -1.80277e-007 -1.80277e-007
7.57 -1.3066e-005 8.93726e-010 -2.21825e-009 -1.86368e-007 -1.86368e-007
7.58 -1.19461e-005 1.75963e-009 -1.35738e-009 -1.90504e-007 -1.90504e-007
7.59 -1.10548e-005 -7.23512e-010 -6.77821e-010 -1.92695e-007 -1.92695e-007
7.6 -1.05609e-005 1.05119e-009 8.80953e-010 -1.93098e-007 -1.93098e-007
7.61 -1.05298e-005 -1.59831e-009 -1.81871e-009 -1.92019e-007 -1.92019e-007
7.62 -1.09346e-005 1.00408e-009 -8.17262e-010 -1.89761e-007 -1.89761e-007
7.63 -1.16829e-005 1.58482e-011 -1.155e-009 -1.8642e-007 -1.8642e-007
7.64 -1.27259e-005 1.95494e-009 -1.88464e-010 -1.81805e-007 -1.81805e-007
7.65 -1.40327e-005 9.51766e-010 -2.82501e-009 -1.75542e-007 -1.75542e-007
7.66 -1.56507e-005 3.81759e-010 2.57426e-010 -1.67297e-007 -1.67297e-007
7.67 -1.76654e-005 1.6742e-010 8.06474e-010 -1.56955e-007 -1.56955e-007
7.68 -2.01173e-005 -1.20428e-010 -5.17882e-010 -1.44653e-007 -1.44653e-007
7.69 -2.29963e-005 -5.91919e-012 -1.5255e-011 -1.30645e-007 -1.30645e-007
7.7 -2.625e-005 2.37508e-010 1.81018e-010 -1.1515e-007 -1.1515e-007
7.71 -2.98513e-005 1.05369e-010 -5.67831e-011 -9.8339e-008 -9.8339e-008
7.72 -3.38132e-005 7.72738e-011 1.37658e-010 -8.04729e-008 -8.04729e-008
7.73 -3.81203e-005 -7.44614e-012 1.16044e-011 -6.20163e-008 -6.20163e-008
7.74 -4.27023e-005 1.69041e-011 7.37525e-012 -4.36202e-008 -4.36202e-008
7.75 -4.74911e-005 -5.76174e-011 1.14636e-010 -2.59991e-008 -2.59991e-008
7.76 -5.24453e-005 -1.84815e-010 1.83833e-010 -9.80939e-009 -9.80939e-009
7.77 -5.75481e-005 -3.06336e-010 1.09799e-010 4.42092e-009 4.42092e-009
7.78 -6.2735e-005 -2.75515e-010 -2.16029e-010 1.63413e-008 1.63413e-008
7.79 -6.78159e-005 -9.55008e-011 -1.79091e-010 2.58371e-008 2.58371e-008
7.8 -7.26003e-005 5.90844e-011 1.16993e-011 3.30718e-008 3.30718e-008
7.81 -7.69442e-005 1.59461e-010 -3.0967e-011 3.84449e-008 3.84449e-008
7.82 -8.07825e-005 1.26161e-010 -1.53555e-010 4.24422e-008 4.24422e-008
7.83 -8.41341e-005 8.18492e-011 -1.31105e-010 4.54412e-008 4.54412e-008
7.84 -8.71052e-005 2.03503e-010 1.15992e-010 4.75686e-008 4.75686e-008
7.85 -8.98154e-005 1.14214e-010 1.54244e-010 4.87132e-008 4.87132e-008
7.86 -9.2336e-005 -3.33554e-011 1.72003e-010 4.87051e-008 4.87051e-008
7.87 -9.46968e-005 -1.3449e-010 2.42153e-010 4.75215e-008 4.75215e-008
7.88 -9.68697e-005 -1.00792e-010 -7.38577e-011 4.53653e-008 4.53653e-008
7.89 -9.87448e-005 3.13623e-010 -6.22545e-010 4.2594e-008 4.2594e-008
7.9 -0.000100188 7.32901e-010 -8.21043e-010 3.95906e-008 3.95906e-008
7.91 -0.000101073 5.224e-010 -3.0702e-010 3.66546e-008 3.66546e-008
7.92 -0.000101301 1.359e-010 2.93201e-012 3.39307e-008 3.39307e-008
7.93 -0.000100878 1.83947e-010 9.48958e-011 3.13486e-008 3.13486e-008
7.94 -9.98863e-005 2.7463e-010 2.23709e-010 2.85778e-008 2.85778e-008
7.95 -9.84129e-005 3.57775e-010 2.98863e-010 2.5053e-008 2.5053e-008
7.96 -9.65119e-005 2.25023e-010 1.37285e-010 2.01239e-008 2.01239e-008
7.97 -9.41937e-005 2.00111e-010 1.52788e-010 1.3281e-008 1.3281e-008
7.98 -9.14637e-005 -1.60199e-010 -2.2861e-010 4.33641e-009 4.33641e-009
7.99 -8.83838e-005 -1.67086e-011 -5.6712e-012 -6.53679e-009 -6.53679e-009
8 -8.5033e-005 3.91076e-010 3.22353e-010 -1.8905e-008 -1.8905e-008
8.01 -8.1518e-005 1.44289e-010 -4.82016e-011 -3.22191e-008 -3.22191e-008
8.02 -7.79165e-005 8.99981e-011 -3.54116e-012 -4.58982e-008 -4.58982e-008
8.03 -7.42653e-005 1.55147e-010 2.12455e-010 -5.93365e-008 -5.93365e-008
8.04 -7.05991e-005 -2.2139e-011 1.9666e-011 -7.19295e-008 -7.19295e-008
8.05 -6.69913e-005 -8.75645e-011 -2.01018e-010 -8.32074e-008 -8.32074e-008
8.06 -6.35328e-005 7.58979e-011 2.15141e-010 -9.29994e-008 -9.29994e-008
8.07 -6.02343e-005 -9.51664e-011 -2.49142e-010 -1.01454e-007 -1.01454e-007
8.08 -5.70356e-005 3.48416e-011 6.82433e-011 -1.0886e-007 -1.0886e-007
8.09 -5.38911e-005 1.91475e-011 -4.43159e-012 -1.15424e-007 -1.15424e-007
8.1 -5.08256e-005 -4.24817e-011 -1.19246e-010 -1.2115e-007 -1.2115e-007
8.11 -4.78992e-005 1.13004e-011 3.51421e-011 -1.25867e-007 -1.25867e-007
8.12 -4.51753e-005 -3.65282e-011 -1.05074e-010 -1.29306e-007 -1.29306e-007
8.13 -4.27227e-005 3.6686e-011 2.41425e-010 -1.31148e-007 -1.31148e-007
8.14 -4.06136e-005 -4.37836e-011 -2.74097e-010 -1.31041e-007 -1.31041e-007
8.15 -3.89144e-005 -1.95085e-011 -2.3474e-010 -1.28607e-007 -1.28607e-007
8.16 -3.76752e-005 -1.06637e-012 -9.88752e-011 -1.23453e-007 -1.23453e-007
8.17 -3.69146e-005 -4.90807e-011 -4.55502e-011 -1.15226e-007 -1.15226e-007
8.18 -3.6618e-005 -4.2682e-011 1.52476e-010 -1.03719e-007 -1.03719e-007
8.19 -3.67451e-005 1.09767e-010 -1.91822e-010 -8.89726e-008 -8.89726e-008
8.2 -3.72234e-005 1.62084e-010 -4.98514e-011 -7.13027e-008 -7.13027e-008
8.21 -3.7927e-005 8.00928e-010 -1.166e-009 -5.12189e-008 -5.12189e-008
8.22 -3.87217e-005 4.82265e-011 -1.58372e-010 -2.92762e-008 -2.92762e-008
8.23 -3.94481e-005 1.08882e-009 -1.78228e-009 -5.95215e-009 -5.95215e-009
8.24 -3.99716e-005 1.21477e-009 -1.69321e-009 1.84045e-008 1.84045e-008
8.25 -4.0186e-005 -5.58687e-010 5.61083e-010 4.35418e-008 4.35418e-008
8.26 -3.99978e-005 -1.64679e-010 7.14851e-010 6.92109e-008 6.92109e-008
8.27 -3.94082e-005 1.11596e-010 2.09621e-010 9.50639e-008 9.50639e-008
8.28 -3.84202e-005 -3.95898e-010 1.12566e-009 1.20621e-007 1.20621e-007
8.29 -3.7046e-005 -3.07498e-009 4.44505e-009 1.4534e-007 1.4534e-007
8.3 -3.53548e-005 -6.12313e-009 9.5698e-009 1.68705e-007 1.68705e-007
8.31 -3.33302e-005 -5.64277e-009 6.19731e-009 1.90293e-007 1.90293e-007
8.32 -3.09929e-005 -3.48766e-009 4.79093e-009 2.09838e-007 2.09838e-007
8.33 -2.83429e-005 -3.5695e-009 5.42675e-009 2.2726e-007 2.2726e-007
8.34 -2.53626e-005 -2.3797e-009 1.54577e-009 2.42621e-007 2.42621e-007
8.35 -2.20812e-005 -3.92195e-009 1.8867e-009 2.56039e-007 2.56039e-007
8.36 -1.85029e-005 -9.33344e-010 2.1399e-009 2.67602e-007 2.67602e-007
8.37 -1.46907e-005 -1.57968e-009 8.2757e-010 2.77357e-007 2.77357e-007
8.38 -1.05572e-005 -1.93173e-009 -2.18293e-010 2.85358e-007 2.85358e-007
8.39 -6.06373e-006 -1.68027e-009 9.45764e-010 2.91707e-007 2.91707e-007
8.4 -1.20865e-006 -2.27431e-009 5.38196e-010 2.96539e-007 2.96539e-007
8.41 3.86988e-006 6.66183e-010 -2.73942e-009 3.00035e-007 3.00035e-007
8.42 9.16274e-006 -2.23118e-009 9.10044e-010 3.02432e-007 3.02432e-007
8.43 1.46162e-005 -1.88509e-009 1.80219e-009 3.04017e-007 3.04017e-007
8.44 2.01772e-005 -1.04126e-010 2.86496e-010 3.05092e-007 3.05092e-007
8.45 2.57799e-005 5.9777e-010 -3.17826e-009 3.05947e-007 3.05947e-007
8.46 3.13701e-005 -2.01598e-009 -3.05655e-010 3.06833e-007 3.06833e-007
8.47 3.69014e-005 8.38594e-010 -8.78462e-010 3.07957e-007 3.07957e-007
8.48 4.23251e-005 3.0384e-010 -8.99629e-010 3.09458e-007 3.09458e-007
8.49 4.76303e-005 4.22809e-009 -3.40837e-009 3.11364e-007 3.11364e-007
8.5 5.28307e-005 9.35591e-010 -1.02657e-009 3.13588e-007 3.13588e-007
8.51 5.79473e-005 1.5909e-009 -4.53387e-009 3.15932e-007 3.15932e-007
8.52 6.30212e-005 1.26827e-009 -3.49721e-009 3.18102e-007 3.18102e-007
8.53 6.79869e-005 2.31615e-009 -2.24165e-009 3.1972e-007 3.1972e-007
8.54 7.2806e-005 4.20363e-009 -8.26433e-010 3.20378e-007 3.20378e-007
8.55 7.74507e-005 6.81414e-010 -1.53066e-009 3.19731e-007 3.19731e-007
8.56 8.18354e-005 1.19117e-009 -1.83945e-009 3.176e-007 3.176e-007
8.57 8.58861e-005 1.17747e-009 1.08918e-010 3.14029e-007 3.14029e-007
8.58 8.95543e-005 1.18614e-009 -8.68419e-010 3.09246e-007 3.09246e-007
8.59 9.28164e-005 7.66126e-010 7.80871e-010 3.03562e-007 3.03562e-007
8.6 9.56314e-005 1.07564e-010 -3.45171e-010 2.97279e-007 2.97279e-007
8.61 9.79902e-005 6.67614e-010 -1.53446e-010 2.90668e-007 2.90668e-007
8.62 9.99216e-005 1.13787e-010 -1.52279e-009 2.84031e-007 2.84031e-007
8.63 0.00010147 -2.13582e-010 -1.69601e-009 2.77753e-007 2.77753e-007
8.64 0.000102694 3.02107e-009 -1.8486e-009 2.72323e-007 2.72323e-007
8.65 0.000103632 3.17171e-010 -2.42358e-009 2.68279e-007 2.68279e-007
8.66 0.000104339 2.84283e-009 -6.52731e-010 2.6612e-007 2.6612e-007
8.67 0.000104852 4.32391e-009 -2.83095e-010 2.66222e-007 2.66222e-007
8.68 0.00010526 5.29133e-009 -2.42549e-009 2.68801e-007 2.68801e-007
8.69 0.000105601 1.57111e-009 -3.29533e-009 2.73908e-007 2.73908e-007
8.7 0.000105887 7.02613e-010 -1.19103e-009 2.81438e-007 2.81438e-007
8.71 0.000106137 2.06108e-009 -1.052e-009 2.91185e-007 2.91185e-007
8.72 0.000106369 1.41274e-009 -1.10806e-009 3.02885e-007 3.02885e-007
8.73 0.000106576 3.31379e-010 -5.87682e-010 3.162e-007 3.162e-007
8.74 0.000106737 1.51743e-009 -1.52553e-009 3.30661e-007 3.30661e-007
8.75 0.000106826 1.13721e-009 -2.44443e-010 3.4569e-007 3.4569e-007
8.76 0.000106844 -9.41667e-010 -3.41876e-010 3.60715e-007 3.60715e-007
8.77 0.000106798 -6.41325e-010 -4.3739e-010 3.75283e-007 3.75283e-007
8.78 0.000106709 -2.99658e-011 -5.12638e-011 3.89101e-007 3.89101e-007
8.79 0.000106566 5.91289e-010 1.50401e-009 4.01953e-007 4.01953e-007
8.8 0.000106321 7.14058e-010 -1.62603e-009 4.13591e-007 4.13591e-007
8.81 0.00010589 1.95537e-009 -3.21541e-009 4.2371e-007 4.2371e-007
8.82 0.000105242 1.19083e-009 1.67897e-009 4.32003e-007 4.32003e-007
8.83 0.000104316 4.42197e-010 1.68517e-009 4.38301e-007 4.38301e-007
8.84 0.000103089 1.57522e-009 2.89428e-009 4.42731e-007 4.42731e-007
8.85 0.000101634 3.07998e-010 6.50108e-010 4.45752e-007 4.45752e-007
8.86 0.000100024 -2.25632e-011 -5.92918e-011 4.48054e-007 4.48054e-007
8.87 9.83466e-005 5.12623e-011 1.29312e-010 4.50356e-007 4.50356e-007
8.88 9.66583e-005 2.86109e-010 6.24153e-010 4.53166e-007 4.53166e-007
8.89 9.49591e-005 3.13603e-010 5.83319e-010 4.56634e-007 4.56634e-007
8.9 9.32079e-005 -8.47235e-011 -1.62468e-010 4.60538e-007 4.60538e-007
8.91 9.13561e-005 2.629e-011 4.6137e-011 4.64397e-007 4.64397e-007
8.92 8.93564e-005 -5.69262e-012 -1.00622e-011 4.67632e-007 4.67632e-007
8.93 8.71469e-005 4.27897e-012 2.89284e-012 4.69669e-007 4.69669e-007
8.94 8.46566e-005 3.16762e-012 6.29669e-012 4.6998e-007 4.6998e-007
8.95 8.18184e-005 1.26131e-010 1.20846e-010 4.68076e-007 4.68076e-007
8.96 7.85689e-005 -1.22856e-010 -8.84052e-011 4.63543e-007 4.63543e-007
8.97 7.4831e-005 -1.25038e-010 -3.63436e-010 4.56093e-007 4.56093e-007
8.98 7.05386e-005 2.14602e-010 2.52919e-011 4.45611e-007 4.45611e-007
8.99 6.56575e-005 -1.25829e-010 -4.74081e-011 4.32162e-007 4.32162e-007
9 6.0181e-005 1.40216e-010 -3.56435e-010 4.15972e-007 4.15972e-007
9.01 5.41303e-005 2.52371e-010 -4.61697e-010 3.97394e-007 3.97394e-007
9.02 4.75568e-005 -8.05924e-010 -7.83224e-010 3.76859e-007 3.76859e-007
9.03 4.04858e-005 -2.65879e-009 -3.01646e-009 3.54812e-007 3.54812e-007
9.04 3.29893e-005 -3.7425e-010 -1.02422e-009 3.31648e-007 3.31648e-007
9.05 2.51301e-005 -4.56583e-009 -3.65832e-009 3.0769e-007 3.0769e-007
9.06 1.69896e-005 -7.8473e-011 -1.92425e-009 2.83213e-007 2.83213e-007
9.07 8.59595e-006 -2.00853e-009 -2.58427e-009 2.58505e-007 2.58505e-007
9.08 2.75135e-008 3.57586e-010 -2.2293e-009 2.33879e-007 2.33879e-007
9.09 -8.71372e-006 -2.53124e-009 -1.73776e-009 2.0966e-007 2.0966e-007
9.1 -1.76177e-005 1.24107e-009 -2.15727e-009 1.86134e-007 1.86134e-007
9.11 -2.66221e-005 4.27797e-009 -5.44236e-009 1.6348e-007 1.6348e-007
9.12 -3.57556e-005 2.2478e-009 -5.8009e-009 1.41733e-007 1.41733e-007
9.13 -4.50399e-005 1.23373e-009 -4.80619e-009 1.20767e-007 1.20767e-007
9.14 -5.42998e-005 2.53745e-009 -7.48105e-009 1.00292e-007 1.00292e-007
9.15 -6.36174e-005 -1.57937e-009 -3.94726e-009 7.98738e-008 7.98738e-008
9.16 -7.28884e-005 -8.84731e-009 8.97105e-009 5.89783e-008 5.89783e-008
9.17 -8.18926e-005 -1.19515e-008 1.9278e-008 3.70352e-008 3.70352e-008
9.18 -9.05857e-005 -5.19375e-009 1.2208e-008 1.35888e-008 1.35888e-008
9.19 -9.8831e-005 -1.22723e-009 4.46974e-009 -1.14923e-008 -1.14923e-008
9.2 -0.000106554 -1.50209e-009 2.80291e-009 -3.79086e-008 -3.79086e-008
9.21 -0.000113658 -6.24652e-010 1.95099e-009 -6.50204e-008 -6.50204e-008
9.22 -0.000120038 -1.41134e-009 2.30912e-009 -9.20286e-008 -9.20286e-008
9.23 -0.000125707 -8.94324e-010 2.56427e-009 -1.18142e-007 -1.18142e-007
9.24 -0.000130663 -1.33288e-009 2.14805e-009 -1.42706e-007 -1.42706e-007
9.25 -0.000134985 -5.78852e-010 4.45461e-010 -1.65265e-007 -1.65265e-007
9.26 -0.000138679 1.17179e-009 3.65919e-010 -1.85523e-007 -1.85523e-007
9.27 -0.000141836 1.91867e-009 -1.33942e-009 -2.03309e-007 -2.03309e-007
9.28 -0.000144574 1.37615e-010 -5.84869e-010 -2.18588e-007 -2.18588e-007
9.29 -0.000146977 1.55273e-009 -8.98433e-010 -2.31529e-007 -2.31529e-007
9.3 -0.000149098 4.45559e-009 -1.71802e-009 -2.42483e-007 -2.42483e-007
9.31 -0.000150967 1.43201e-008 -1.03781e-008 -2.51845e-007 -2.51845e-007
9.32 -0.000152541 1.57325e-008 -1.25532e-008 -2.59883e-007 -2.59883e-007
9.33 -0.000153865 1.18264e-008 -7.56989e-009 -2.66706e-007 -2.66706e-007
9.34 -0.000154943 1.43253e-008 -6.76506e-009 -2.7233e-007 -2.7233e-007
9.35 -0.000155734 1.10147e-008 -4.07996e-009 -2.76772e-007 -2.76772e-007
9.36 -0.00015624 9.30132e-009 -2.77197e-009 -2.80112e-007 -2.80112e-007
9.37 -0.000156506 7.33212e-009 -5.01515e-009 -2.82522e-007 -2.82522e-007
9.38 -0.000156586 2.96575e-009 -1.03798e-009 -2.84239e-007 -2.84239e-007
9.39 -0.000156483 4.05104e-010 1.04475e-009 -2.85518e-007 -2.85518e-007
9.4 -0.000156209 2.78707e-009 -1.83616e-009 -2.86565e-007 -2.86565e-007
9.41 -0.000155851 1.73976e-009 -4.43054e-009 -2.87514e-007 -2.87514e-007
9.42 -0.000155456 -1.28371e-009 6.97196e-010 -2.88454e-007 -2.88454e-007
9.43 -0.000155126 -2.65368e-009 -1.58867e-009 -2.89448e-007 -2.89448e-007
9.44 -0.000154837 -6.28357e-010 -1.01525e-009 -2.90501e-007 -2.90501e-007
9.45 -0.000154671 -4.78143e-010 -4.02714e-009 -2.91539e-007 -2.91539e-007
9.46 -0.000154654 -2.77667e-009 1.94237e-009 -2.92461e-007 -2.92461e-007
9.47 -0.000154849 -3.44925e-010 -1.53535e-009 -2.93163e-007 -2.93163e-007
9.48 -0.00015524 -1.9615e-009 5.49351e-010 -2.93589e-007 -2.93589e-007
9.49 -0.000155896 8.26431e-011 -1.50153e-009 -2.93796e-007 -2.93796e-007
9.5 -0.000156854 6.32255e-010 -1.41638e-009 -2.93981e-007 -2.93981e-007
9.51 -0.000158077 1.12219e-009 -2.49319e-009 -2.94431e-007 -2.94431e-007
9.52 -0.000159488 1.21323e-011 9.88226e-010 -2.95446e-007 -2.95446e-007
9.53 -0.000160987 5.71585e-010 -3.62215e-009 -2.9726e-007 -2.9726e-007
9.54 -0.000162478 1.34811e-009 -1.53014e-009 -3.00011e-007 -3.00011e-007
9.55 -0.000163972 7.75222e-011 -8.80952e-010 -3.03789e-007 -3.03789e-007
9.56 -0.000165479 -2.05049e-010 -3.79112e-009 -3.08693e-007 -3.08693e-007
9.57 -0.000166919 -3.73836e-010 5.04991e-010 -3.14819e-007 -3.14819e-007
9.58 -0.000168342 3.28932e-010 3.68785e-010 -3.22224e-007 -3.22224e-007
9.59 -0.00016975 -2.83272e-010 -1.79223e-009 -3.3092e-007 -3.3092e-007
9.6 -0.000171087 -8.32004e-010 -1.60953e-009 -3.40904e-007 -3.40904e-007
9.61 -0.000172324 5.10452e-012 -5.162e-010 -3.52179e-007 -3.52179e-007
9.62 -0.000173438 -4.27168e-010 -1.20209e-009 -3.64728e-007 -3.64728e-007
9.63 -0.000174336 -4.01329e-010 -1.99078e-009 -3.78463e-007 -3.78463e-007
9.64 -0.000174891 -7.02872e-010 -2.47202e-009 -3.93207e-007 -3.93207e-007
9.65 -0.000175092 7.15409e-010 -6.00423e-010 -4.08769e-007 -4.08769e-007
9.66 -0.00017492 -6.13134e-010 -1.91976e-009 -4.25041e-007 -4.25041e-007
9.67 -0.000174372 -1.22805e-009 -1.12608e-009 -4.42028e-007 -4.42028e-007
9.68 -0.000173391 -2.23008e-009 -3.4049e-009 -4.59762e-007 -4.59762e-007
9.69 -0.000171894 -1.36464e-009 -3.17626e-009 -4.78169e-007 -4.78169e-007
9.7 -0.000169841 -4.1864e-010 4.29801e-010 -4.97021e-007 -4.97021e-007
9.71 -0.00016723 -2.95363e-010 -3.47177e-010 -5.15982e-007 -5.15982e-007
9.72 -0.000164076 2.61436e-010 2.51606e-010 -5.34713e-007 -5.34713e-007
9.73 -0.000160394 -1.79507e-010 -8.19341e-010 -5.52925e-007 -5.52925e-007
9.74 -0.000156217 -4.07872e-011 -1.01253e-010 -5.70366e-007 -5.70366e-007
9.75 -0.000151609 -1.08222e-010 -1.68247e-010 -5.86799e-007 -5.86799e-007
9.76 -0.000146651 -6.92486e-010 -4.63484e-010 -6.02011e-007 -6.02011e-007
9.77 -0.000141362 -9.87628e-010 -2.09862e-009 -6.15797e-007 -6.15797e-007
9.78 -0.00013572 -7.10648e-010 5.26576e-010 -6.27927e-007 -6.27927e-007
9.79 -0.000129704 6.52461e-010 3.67391e-009 -6.38129e-007 -6.38129e-007
9.8 -0.000123282 -7.91843e-010 -7.22796e-010 -6.46129e-007 -6.46129e-007
9.81 -0.000116478 -3.34327e-010 -9.02377e-010 -6.51733e-007 -6.51733e-007
9.82 -0.000109368 -1.59143e-009 -1.2179e-009 -6.5491e-007 -6.5491e-007
9.83 -0.000102022 -9.98813e-010 -1.38831e-010 -6.55816e-007 -6.55816e-007
9.84 -9.45407e-005 8.09613e-010 4.33141e-009 -6.54729e-007 -6.54729e-007
9.85 -8.70061e-005 2.803e-011 1.40523e-009 -6.51932e-007 -6.51932e-007
9.86 -7.95122e-005 -2.07519e-010 8.28767e-010 -6.47611e-007 -6.47611e-007
9.87 -7.21538e-005 -8.05603e-010 3.48936e-010 -6.41825e-007 -6.41825e-007
9.88 -6.50356e-005 7.67527e-011 -1.78503e-010 -6.34546e-007 -6.34546e-007
9.89 -5.82433e-005 -5.26176e-010 1.50714e-009 -6.25716e-007 -6.25716e-007
9.9 -5.18131e-005 6.20273e-010 1.40921e-009 -6.15278e-007 -6.15278e-007
9.91 -4.57967e-005 -4.73775e-010 1.69799e-009 -6.03177e-007 -6.03177e-007
9.92 -4.02292e-005 -6.21276e-010 3.34749e-010 -5.89382e-007 -5.89382e-007
9.93 -3.51745e-005 -5.23272e-010 -1.88357e-010 -5.7392e-007 -5.7392e-007
9.94 -3.0667e-005 5.49683e-011 -3.91929e-011 -5.56898e-007 -5.56898e-007
9.95 -2.67239e-005 1.31236e-010 3.08706e-010 -5.38483e-007 -5.38483e-007
9.96 -2.33255e-005 5.56545e-010 1.19132e-009 -5.18864e-007 -5.18864e-007
9.97 -2.04458e-005 3.52492e-010 9.81953e-010 -4.98238e-007 -4.98238e-007
9.98 -1.80458e-005 -7.90396e-011 -2.51725e-011 -4.76817e-007 -4.76817e-007
9.99 -1.6081e-005 -4.81606e-010 -2.14481e-011 -4.54831e-007 -4.54831e-007
10 -1.44816e-005 -9.46242e-010 9.32228e-010 -4.32479e-007 -4.32479e-007
