0.1 -0.0456731 -1.26973e-005
0.2 -0.0912267 -2.54176e-005
0.3 -0.13666 -3.81609e-005
0.4 -0.181972 -5.09274e-005
0.5 -0.227164 -6.37172e-005
0.6 -0.272247 -7.65346e-005
0.7 -0.31737 -8.94222e-005
0.8 -0.362408 -0.000102345
0.9 -0.407131 -0.000115237
1 -0.451616 -0.00012812
0.01 -0.451487 -0.000128084
0.02 -0.451118 -0.000127982
0.03 -0.45068 -0.00012786
0.04 -0.450329 -0.000127763
0.05 -0.450071 -0.000127691
0.06 -0.449905 -0.000127645
0.07 -0.449837 -0.000127626
0.08 -0.449865 -0.000127634
0.09 -0.449984 -0.000127667
0.1 -0.450185 -0.000127723
0.11 -0.450452 -0.000127797
0.12 -0.450765 -0.000127884
0.13 -0.451109 -0.000127979
0.14 -0.451467 -0.000128079
0.15 -0.451817 -0.000128178
0.16 -0.452151 -0.000128275
0.17 -0.452469 -0.000128368
0.18 -0.452776 -0.000128457
0.19 -0.45308 -0.000128545
0.2 -0.453394 -0.000128636
0.21 -0.453732 -0.000128734
0.22 -0.454101 -0.000128841
0.23 -0.454508 -0.000128959
0.24 -0.454951 -0.000129088
0.25 -0.455421 -0.000129225
0.26 -0.455908 -0.000129366
0.27 -0.456415 -0.000129513
0.28 -0.456963 -0.000129672
0.29 -0.457566 -0.000129848
0.3 -0.458226 -0.000130039
0.31 -0.458938 -0.000130246
0.32 -0.459695 -0.000130466
0.33 -0.460477 -0.000130693
0.34 -0.461262 -0.000130921
0.35 -0.462039 -0.000131147
0.36 -0.462812 -0.000131372
0.37 -0.463582 -0.000131596
0.38 -0.464347 -0.000131818
0.39 -0.465098 -0.000132036
0.4 -0.465822 -0.000132247
0.41 -0.466516 -0.000132449
0.42 -0.467182 -0.000132642
0.43 -0.46782 -0.000132828
0.44 -0.468434 -0.000133006
0.45 -0.469024 -0.000133178
0.46 -0.469602 -0.000133346
0.47 -0.470189 -0.000133517
0.48 -0.470797 -0.000133694
0.49 -0.471419 -0.000133875
0.5 -0.472056 -0.00013406
0.51 -0.472719 -0.000134253
0.52 -0.473404 -0.000134452
0.53 -0.474096 -0.000134653
0.54 -0.474811 -0.000134862
0.55 -0.47559 -0.000135088
0.56 -0.476442 -0.000135336
0.57 -0.477301 -0.000135586
0.58 -0.478069 -0.00013581
0.59 -0.47872 -0.000135999
0.6 -0.479315 -0.000136172
0.61 -0.479926 -0.00013635
0.62 -0.480574 -0.000136539
0.63 -0.48128 -0.000136744
0.64 -0.482093 -0.000136981
0.65 -0.483001 -0.000137246
0.66 -0.483921 -0.000137514
0.67 -0.484813 -0.000137773
0.68 -0.485691 -0.000138029
0.69 -0.486561 -0.000138283
0.7 -0.487414 -0.000138531
0.71 -0.488265 -0.000138779
0.72 -0.48913 -0.000139031
0.73 -0.489989 -0.000139282
0.74 -0.490783 -0.000139513
0.75 -0.491441 -0.000139705
0.76 -0.491946 -0.000139852
0.77 -0.492362 -0.000139973
0.78 -0.492799 -0.000140101
0.79 -0.49334 -0.000140259
0.8 -0.493978 -0.000140445
0.81 -0.494667 -0.000140645
0.82 -0.495393 -0.000140857
0.83 -0.496154 -0.000141079
0.84 -0.496925 -0.000141304
0.85 -0.497698 -0.00014153
0.86 -0.498488 -0.00014176
0.87 -0.499219 -0.000141973
0.88 -0.499733 -0.000142123
0.89 -0.500004 -0.000142202
0.9 -0.500199 -0.000142259
0.91 -0.500478 -0.00014234
0.92 -0.500776 -0.000142427
0.93 -0.500865 -0.000142454
0.94 -0.500636 -0.00014239
0.95 -0.500237 -0.000142279
0.96 -0.499915 -0.00014219
0.97 -0.499743 -0.000142142
0.98 -0.499549 -0.000142088
0.99 -0.49917 -0.000141983
1 -0.498654 -0.00014184
1.01 -0.498105 -0.000141688
1.02 -0.49756 -0.000141537
1.03 -0.497052 -0.000141396
1.04 -0.496613 -0.000141274
1.05 -0.496183 -0.000141155
1.06 -0.495627 -0.000141
1.07 -0.494876 -0.000140792
1.08 -0.49405 -0.000140563
1.09 -0.493303 -0.000140356
1.1 -0.492534 -0.000140143
1.11 -0.491519 -0.000139861
1.12 -0.490266 -0.000139513
1.13 -0.489044 -0.000139175
1.14 -0.488084 -0.000138908
1.15 -0.487521 -0.000138752
1.16 -0.487475 -0.000138739
1.17 -0.487833 -0.000138838
1.18 -0.48824 -0.000138951
1.19 -0.488375 -0.000138989
1.2 -0.488098 -0.000138912
1.21 -0.487444 -0.00013873
1.22 -0.486521 -0.000138475
1.23 -0.485438 -0.000138174
1.24 -0.484316 -0.000137863
1.25 -0.483328 -0.000137589
1.26 -0.482654 -0.000137402
1.27 -0.482341 -0.000137315
1.28 -0.482309 -0.000137306
1.29 -0.482383 -0.000137327
1.3 -0.482351 -0.000137318
1.31 -0.48216 -0.000137265
1.32 -0.481928 -0.0001372
1.33 -0.481759 -0.000137153
1.34 -0.481787 -0.000137161
1.35 -0.482194 -0.000137274
1.36 -0.482873 -0.000137463
1.37 -0.483363 -0.000137599
1.38 -0.483233 -0.000137563
1.39 -0.482427 -0.000137339
1.4 -0.481234 -0.000137008
1.41 -0.479832 -0.000136619
1.42 -0.478138 -0.000136149
1.43 -0.4762 -0.000135612
1.44 -0.474242 -0.000135068
1.45 -0.472371 -0.000134549
1.46 -0.470523 -0.000134037
1.47 -0.468525 -0.000133483
1.48 -0.466084 -0.000132805
1.49 -0.462794 -0.000131893
1.5 -0.458472 -0.000130694
1.51 -0.453636 -0.000129352
1.52 -0.44935 -0.000128164
1.53 -0.446268 -0.000127309
1.54 -0.444137 -0.000126718
1.55 -0.442395 -0.000126234
1.56 -0.44073 -0.000125773
1.57 -0.43904 -0.000125304
1.58 -0.437301 -0.000124821
1.59 -0.435504 -0.000124323
1.6 -0.433503 -0.000123768
1.61 -0.430992 -0.000123071
1.62 -0.427906 -0.000122215
1.63 -0.424957 -0.000121397
1.64 -0.42347 -0.000120985
1.65 -0.424271 -0.000121207
1.66 -0.426854 -0.000121923
1.67 -0.429832 -0.000122749
1.68 -0.431999 -0.00012335
1.69 -0.43293 -0.000123609
1.7 -0.432779 -0.000123567
1.71 -0.431954 -0.000123338
1.72 -0.431073 -0.000123094
1.73 -0.430734 -0.000123
1.74 -0.431186 -0.000123125
1.75 -0.4324 -0.000123462
1.76 -0.434257 -0.000123977
1.77 -0.436416 -0.000124576
1.78 -0.438154 -0.000125058
1.79 -0.438824 -0.000125244
1.8 -0.438527 -0.000125161
1.81 -0.437988 -0.000125012
1.82 -0.437905 -0.000124989
1.83 -0.438534 -0.000125163
1.84 -0.439702 -0.000125487
1.85 -0.440937 -0.00012583
1.86 -0.44158 -0.000126008
1.87 -0.441392 -0.000125956
1.88 -0.441194 -0.000125901
1.89 -0.442168 -0.000126171
1.9 -0.44427 -0.000126755
1.91 -0.446158 -0.000127278
1.92 -0.446635 -0.00012741
1.93 -0.44538 -0.000127062
1.94 -0.442611 -0.000126294
1.95 -0.438752 -0.000125224
1.96 -0.434515 -0.000124048
1.97 -0.430873 -0.000123038
1.98 -0.428448 -0.000122366
1.99 -0.427092 -0.000121989
2 -0.426124 -0.000121721
2.01 -0.424815 -0.000121358
2.02 -0.422755 -0.000120786
2.03 -0.419799 -0.000119966
2.04 -0.415985 -0.000118908
2.05 -0.411888 -0.000117772
2.06 -0.408521 -0.000116838
2.07 -0.406313 -0.000116225
2.08 -0.4047 -0.000115778
2.09 -0.402932 -0.000115288
2.1 -0.400908 -0.000114726
2.11 -0.399097 -0.000114224
2.12 -0.397743 -0.000113848
2.13 -0.396566 -0.000113522
2.14 -0.395199 -0.000113142
2.15 -0.393612 -0.000112702
2.16 -0.392281 -0.000112333
2.17 -0.391796 -0.000112198
2.18 -0.392138 -0.000112293
2.19 -0.392811 -0.00011248
2.2 -0.393737 -0.000112737
2.21 -0.395284 -0.000113166
2.22 -0.397525 -0.000113788
2.23 -0.400066 -0.000114493
2.24 -0.402563 -0.000115185
2.25 -0.405033 -0.00011587
2.26 -0.40757 -0.000116574
2.27 -0.410264 -0.000117321
2.28 -0.41347 -0.000118211
2.29 -0.417508 -0.000119331
2.3 -0.422206 -0.000120634
2.31 -0.427124 -0.000121998
2.32 -0.431909 -0.000123326
2.33 -0.436262 -0.000124533
2.34 -0.439898 -0.000125542
2.35 -0.442655 -0.000126306
2.36 -0.444575 -0.000126839
2.37 -0.445737 -0.000127161
2.38 -0.446249 -0.000127303
2.39 -0.446646 -0.000127414
2.4 -0.447572 -0.00012767
2.41 -0.449063 -0.000128084
2.42 -0.450804 -0.000128567
2.43 -0.452518 -0.000129042
2.44 -0.453772 -0.00012939
2.45 -0.454143 -0.000129493
2.46 -0.453738 -0.000129381
2.47 -0.453076 -0.000129197
2.48 -0.452497 -0.000129036
2.49 -0.451906 -0.000128872
2.5 -0.450866 -0.000128584
2.51 -0.44896 -0.000128055
2.52 -0.446146 -0.000127275
2.53 -0.442673 -0.000126311
2.54 -0.438959 -0.000125281
2.55 -0.435535 -0.000124331
2.56 -0.432817 -0.000123577
2.57 -0.430963 -0.000123063
2.58 -0.429899 -0.000122768
2.59 -0.429312 -0.000122605
2.6 -0.428773 -0.000122456
2.61 -0.428114 -0.000122273
2.62 -0.42763 -0.000122139
2.63 -0.427792 -0.000122183
2.64 -0.42856 -0.000122397
2.65 -0.429029 -0.000122527
2.66 -0.428265 -0.000122315
2.67 -0.426409 -0.0001218
2.68 -0.42461 -0.000121301
2.69 -0.424002 -0.000121132
2.7 -0.424734 -0.000121335
2.71 -0.426072 -0.000121706
2.72 -0.427389 -0.000122072
2.73 -0.428903 -0.000122492
2.74 -0.431334 -0.000123166
2.75 -0.434971 -0.000124175
2.76 -0.439468 -0.000125422
2.77 -0.444321 -0.000126769
2.78 -0.449272 -0.000128142
2.79 -0.454553 -0.000129607
2.8 -0.460676 -0.000131305
2.81 -0.467546 -0.000133211
2.82 -0.474163 -0.000135046
2.83 -0.47947 -0.000136519
2.84 -0.483109 -0.000137528
2.85 -0.485473 -0.000138184
2.86 -0.487209 -0.000138665
2.87 -0.488813 -0.00013911
2.88 -0.490717 -0.000139638
2.89 -0.493213 -0.000140331
2.9 -0.496126 -0.000141139
2.91 -0.499011 -0.000141939
2.92 -0.501609 -0.000142671
2.93 -0.503823 -0.000143317
2.94 -0.505594 -0.000143834
2.95 -0.506781 -0.00014418
2.96 -0.507345 -0.000144345
2.97 -0.507071 -0.000144269
2.98 -0.505448 -0.000143819
2.99 -0.502207 -0.00014292
3 -0.497807 -0.000141699
3.01 -0.493195 -0.00014042
3.02 -0.48907 -0.000139276
3.03 -0.485491 -0.000138283
3.04 -0.481941 -0.000137298
3.05 -0.477712 -0.000136125
3.06 -0.472468 -0.00013467
3.07 -0.466521 -0.000133021
3.08 -0.460611 -0.000131381
3.09 -0.455234 -0.00012989
3.1 -0.450231 -0.000128502
3.11 -0.445455 -0.000127177
3.12 -0.441531 -0.000126089
3.13 -0.43942 -0.000125503
3.14 -0.439224 -0.000125449
3.15 -0.439771 -0.000125601
3.16 -0.439457 -0.000125513
3.17 -0.437157 -0.000124875
3.18 -0.432673 -0.000123632
3.19 -0.427021 -0.000122064
3.2 -0.421845 -0.000120628
3.21 -0.41802 -0.000119567
3.22 -0.415042 -0.000118741
3.23 -0.411903 -0.00011787
3.24 -0.408103 -0.000116816
3.25 -0.403794 -0.000115621
3.26 -0.399678 -0.000114479
3.27 -0.397013 -0.00011374
3.28 -0.397012 -0.00011374
3.29 -0.399802 -0.000114513
3.3 -0.404228 -0.000115741
3.31 -0.408763 -0.000116999
3.32 -0.412527 -0.000118043
3.33 -0.415304 -0.000118814
3.34 -0.416775 -0.000119222
3.35 -0.416568 -0.000119164
3.36 -0.415179 -0.000118779
3.37 -0.41403 -0.00011846
3.38 -0.414566 -0.000118609
3.39 -0.41742 -0.0001194
3.4 -0.421918 -0.000120648
3.41 -0.426247 -0.000121849
3.42 -0.428621 -0.000122508
3.43 -0.428553 -0.000122489
3.44 -0.426863 -0.00012202
3.45 -0.424682 -0.000121415
3.46 -0.422639 -0.000120848
3.47 -0.42074 -0.000120321
3.48 -0.418659 -0.000119744
3.49 -0.416034 -0.000119016
3.5 -0.41237 -0.000118
3.51 -0.407032 -0.000116519
3.52 -0.400053 -0.000114583
3.53 -0.392545 -0.0001125
3.54 -0.385707 -0.000110603
3.55 -0.379749 -0.000108951
3.56 -0.373816 -0.000107305
3.57 -0.366869 -0.000105378
3.58 -0.35865 -0.000103098
3.59 -0.34981 -0.000100646
3.6 -0.341527 -9.83482e-005
3.61 -0.33489 -9.65072e-005
3.62 -0.330047 -9.51639e-005
3.63 -0.325965 -9.40315e-005
3.64 -0.32128 -9.27319e-005
3.65 -0.315343 -9.10849e-005
3.66 -0.308396 -8.91581e-005
3.67 -0.300936 -8.70887e-005
3.68 -0.293288 -8.4967e-005
3.69 -0.285913 -8.29212e-005
3.7 -0.279531 -8.11511e-005
3.71 -0.274758 -7.98269e-005
3.72 -0.272046 -7.90748e-005
3.73 -0.271646 -7.89638e-005
3.74 -0.273187 -7.93914e-005
3.75 -0.275852 -8.01305e-005
3.76 -0.279033 -8.10128e-005
3.77 -0.282552 -8.19891e-005
3.78 -0.286428 -8.30642e-005
3.79 -0.290673 -8.42416e-005
3.8 -0.295345 -8.55376e-005
3.81 -0.30048 -8.69621e-005
3.82 -0.305763 -8.84276e-005
3.83 -0.310651 -8.97834e-005
3.84 -0.315118 -9.10226e-005
3.85 -0.319828 -9.23292e-005
3.86 -0.325365 -9.3865e-005
3.87 -0.331606 -9.55962e-005
3.88 -0.337985 -9.73658e-005
3.89 -0.344082 -9.90571e-005
3.9 -0.349732 -0.000100624
3.91 -0.354602 -0.000101975
3.92 -0.357961 -0.000102907
3.93 -0.359412 -0.000103309
3.94 -0.359646 -0.000103374
3.95 -0.359775 -0.00010341
3.96 -0.360368 -0.000103575
3.97 -0.361554 -0.000103904
3.98 -0.36345 -0.00010443
3.99 -0.366131 -0.000105173
4 -0.369066 -0.000105987
4.01 -0.370917 -0.000106501
4.02 -0.370723 -0.000106447
4.03 -0.368905 -0.000105943
4.04 -0.366429 -0.000105256
4.05 -0.363952 -0.000104569
4.06 -0.362211 -0.000104086
4.07 -0.361923 -0.000104006
4.08 -0.362754 -0.000104236
4.09 -0.363309 -0.00010439
4.1 -0.362324 -0.000104117
4.11 -0.359356 -0.000103294
4.12 -0.354842 -0.000102042
4.13 -0.35009 -0.000100724
4.14 -0.34646 -9.97166e-005
4.15 -0.344382 -9.91403e-005
4.16 -0.343588 -9.892e-005
4.17 -0.343756 -9.89666e-005
4.18 -0.34481 -9.92591e-005
4.19 -0.346922 -9.98447e-005
4.2 -0.350141 -0.000100738
4.21 -0.354337 -0.000101902
4.22 -0.35962 -0.000103367
4.23 -0.366049 -0.000105151
4.24 -0.373168 -0.000107125
4.25 -0.380675 -0.000109208
4.26 -0.388762 -0.000111451
4.27 -0.397406 -0.000113849
4.28 -0.406313 -0.000116319
4.29 -0.41521 -0.000118787
4.3 -0.423478 -0.000121081
4.31 -0.43028 -0.000122968
4.32 -0.435553 -0.00012443
4.33 -0.440225 -0.000125726
4.34 -0.445345 -0.000127147
4.35 -0.451516 -0.000128858
4.36 -0.458982 -0.000130929
4.37 -0.467676 -0.000133341
4.38 -0.477073 -0.000135948
4.39 -0.486015 -0.000138428
4.4 -0.493064 -0.000140383
4.41 -0.497597 -0.000141641
4.42 -0.50031 -0.000142393
4.43 -0.502623 -0.000143035
4.44 -0.506021 -0.000143978
4.45 -0.510996 -0.000145411
4.46 -0.516855 -0.000147123
4.47 -0.522153 -0.000148672
4.48 -0.525917 -0.000149774
4.49 -0.528014 -0.000150387
4.5 -0.528625 -0.000150566
4.51 -0.528284 -0.000150471
4.52 -0.528114 -0.000150424
4.53 -0.528813 -0.000150621
4.54 -0.52983 -0.000150919
4.55 -0.530313 -0.00015106
4.56 -0.529675 -0.000150883
4.57 -0.527626 -0.000150315
4.58 -0.524439 -0.000149431
4.59 -0.52124 -0.000148543
4.6 -0.51955 -0.000148074
4.61 -0.520023 -0.000148205
4.62 -0.521667 -0.000148662
4.63 -0.52301 -0.000149034
4.64 -0.523971 -0.000149301
4.65 -0.525885 -0.000149832
4.66 -0.529835 -0.000150927
4.67 -0.535319 -0.000152526
4.68 -0.541393 -0.000154305
4.69 -0.54707 -0.000155969
4.7 -0.55218 -0.000157468
4.71 -0.557289 -0.000158968
4.72 -0.562746 -0.00016057
4.73 -0.568229 -0.000162181
4.74 -0.57341 -0.000163704
4.75 -0.578419 -0.000165178
4.76 -0.58376 -0.00016675
4.77 -0.59024 -0.000168658
4.78 -0.598352 -0.000171049
4.79 -0.607391 -0.000173716
4.8 -0.615954 -0.000176245
4.81 -0.623146 -0.00017837
4.82 -0.62882 -0.000180049
4.83 -0.63339 -0.000181401
4.84 -0.637864 -0.000182726
4.85 -0.643227 -0.000184314
4.86 -0.648926 -0.000186004
4.87 -0.65298 -0.000187206
4.88 -0.654357 -0.000187614
4.89 -0.654004 -0.000187517
4.9 -0.653468 -0.000187368
4.91 -0.653546 -0.00018739
4.92 -0.654442 -0.00018764
4.93 -0.656372 -0.000188212
4.94 -0.659301 -0.000189082
4.95 -0.662019 -0.000189889
4.96 -0.663006 -0.000190182
4.97 -0.661677 -0.000189813
4.98 -0.658295 -0.000188875
4.99 -0.653035 -0.000187416
5 -0.646421 -0.000185581
5.01 -0.640072 -0.00018382
5.02 -0.635398 -0.000182524
5.03 -0.63224 -0.000181648
5.04 -0.629661 -0.000180932
5.05 -0.626947 -0.000180179
5.06 -0.623301 -0.000179168
5.07 -0.618215 -0.000177757
5.08 -0.612632 -0.000176208
5.09 -0.608384 -0.00017503
5.1 -0.606569 -0.000174527
5.11 -0.607384 -0.000174753
5.12 -0.610966 -0.000175746
5.13 -0.616954 -0.000177407
5.14 -0.623415 -0.000179199
5.15 -0.627818 -0.000180421
5.16 -0.629301 -0.000180832
5.17 -0.628899 -0.000180721
5.18 -0.628084 -0.000180495
5.19 -0.628328 -0.000180562
5.2 -0.63148 -0.000181437
5.21 -0.638805 -0.000183469
5.22 -0.649237 -0.000186362
5.23 -0.659863 -0.00018931
5.24 -0.667773 -0.000191598
5.25 -0.671941 -0.000192837
5.26 -0.672464 -0.000192992
5.27 -0.670272 -0.000192384
5.28 -0.666767 -0.000191412
5.29 -0.662631 -0.000190264
5.3 -0.658386 -0.000189087
5.31 -0.655036 -0.000188158
5.32 -0.653021 -0.000187599
5.33 -0.651565 -0.000187195
5.34 -0.649515 -0.000186626
5.35 -0.646396 -0.000185761
5.36 -0.642522 -0.000184686
5.37 -0.637905 -0.000183406
5.38 -0.631632 -0.000181666
5.39 -0.623076 -0.000179292
5.4 -0.61312 -0.00017653
5.41 -0.603561 -0.000173879
5.42 -0.595803 -0.000171727
5.43 -0.58991 -0.000170092
5.44 -0.584549 -0.000168605
5.45 -0.578352 -0.000166886
5.46 -0.571272 -0.000164922
5.47 -0.564357 -0.000163004
5.48 -0.558788 -0.000161459
5.49 -0.555324 -0.000160498
5.5 -0.55366 -0.000160037
5.51 -0.552379 -0.000159681
5.52 -0.550622 -0.000159194
5.53 -0.548917 -0.000158721
5.54 -0.547762 -0.000158401
5.55 -0.547043 -0.000158201
5.56 -0.546721 -0.000158112
5.57 -0.546631 -0.000158087
5.58 -0.54601 -0.000157915
5.59 -0.543905 -0.000157331
5.6 -0.539781 -0.000156187
5.61 -0.53372 -0.000154505
5.62 -0.526646 -0.000152543
5.63 -0.520497 -0.000150838
5.64 -0.51739 -0.000149976
5.65 -0.518037 -0.000150155
5.66 -0.520971 -0.000150969
5.67 -0.523395 -0.000151641
5.68 -0.523196 -0.000151586
5.69 -0.52043 -0.000150819
5.7 -0.516867 -0.00014983
5.71 -0.514164 -0.000149081
5.72 -0.512759 -0.000148691
5.73 -0.512449 -0.000148605
5.74 -0.513552 -0.000148911
5.75 -0.517187 -0.000149919
5.76 -0.524269 -0.000151884
5.77 -0.534481 -0.000154716
5.78 -0.546266 -0.000157986
5.79 -0.557148 -0.000161004
5.8 -0.564041 -0.000162916
5.81 -0.564707 -0.000163101
5.82 -0.560447 -0.000161919
5.83 -0.556428 -0.000160804
5.84 -0.557322 -0.000161052
5.85 -0.562898 -0.000162599
5.86 -0.568852 -0.000164251
5.87 -0.571042 -0.000164858
5.88 -0.567943 -0.000163999
5.89 -0.560632 -0.000161971
5.9 -0.551615 -0.00015947
5.91 -0.542957 -0.000157068
5.92 -0.535514 -0.000155003
5.93 -0.529564 -0.000153353
5.94 -0.524387 -0.000151917
5.95 -0.517957 -0.000150133
5.96 -0.507758 -0.000147304
5.97 -0.492468 -0.000143062
5.98 -0.472696 -0.000137578
5.99 -0.449969 -0.000131273
6 -0.424688 -0.000124261
6.01 -0.395457 -0.000116152
6.02 -0.3606 -0.000106483
6.03 -0.31945 -9.50685e-005
6.04 -0.27231 -8.19921e-005
6.05 -0.221366 -6.78607e-005
6.06 -0.170301 -5.36957e-005
6.07 -0.123204 -4.06312e-005
6.08 -0.0837135 -2.96769e-005
6.09 -0.053411 -2.12712e-005
6.1 -0.031861 -1.52934e-005
6.11 -0.0178775 -1.14145e-005
6.12 -0.0109688 -9.49802e-006
6.13 -0.011038 -9.51722e-006
6.14 -0.0187131 -1.16463e-005
6.15 -0.0355973 -1.63298e-005
6.16 -0.0627291 -2.3856e-005
6.17 -0.0992624 -3.399e-005
6.18 -0.142734 -4.60487e-005
6.19 -0.189143 -5.89222e-005
6.2 -0.233083 -7.1111e-005
6.21 -0.270468 -8.14812e-005
6.22 -0.301637 -9.01272e-005
6.23 -0.331052 -9.82869e-005
6.24 -0.362853 -0.000107108
6.25 -0.397023 -0.000116587
6.26 -0.42847 -0.00012531
6.27 -0.448749 -0.000130935
6.28 -0.451885 -0.000131805
6.29 -0.439049 -0.000128244
6.3 -0.418266 -0.000122479
6.31 -0.398058 -0.000116874
6.32 -0.380819 -0.000112092
6.33 -0.362585 -0.000107034
6.34 -0.337083 -9.99599e-005
6.35 -0.299983 -8.96684e-005
6.36 -0.25196 -7.63473e-005
6.37 -0.200403 -6.20458e-005
6.38 -0.156711 -4.99258e-005
6.39 -0.127849 -4.19198e-005
6.4 -0.110635 -3.71448e-005
6.41 -0.0964956 -3.32225e-005
6.42 -0.0794806 -2.85027e-005
6.43 -0.057271 -2.23419e-005
6.44 -0.0293836 -1.46062e-005
6.45 0.00139306 -5.8771e-006
6.46 0.0327807 2.82961e-006
6.47 0.061609 1.08264e-005
6.48 0.0891191 1.84575e-005
6.49 0.118296 2.6551e-005
6.5 0.150586 3.5508e-005
6.51 0.184336 4.487e-005
6.52 0.216975 5.39238e-005
6.53 0.247815 6.24785e-005
6.54 0.277885 7.08196e-005
6.55 0.306372 7.87218e-005
6.56 0.328645 8.49001e-005
6.57 0.338664 8.76795e-005
6.58 0.332 8.58308e-005
6.59 0.307858 7.91341e-005
6.6 0.27003 6.8641e-005
6.61 0.224787 5.60908e-005
6.62 0.177357 4.2934e-005
6.63 0.130224 2.98596e-005
6.64 0.0835302 1.69072e-005
6.65 0.0364548 3.84878e-006
6.66 -0.0109167 -9.29486e-006
6.67 -0.0571627 -2.21364e-005
6.68 -0.100958 -3.42972e-005
6.69 -0.142256 -4.5765e-005
6.7 -0.181441 -5.66458e-005
6.71 -0.217121 -6.65532e-005
6.72 -0.245624 -7.4468e-005
6.73 -0.263989 -7.95674e-005
6.74 -0.273367 -8.21716e-005
6.75 -0.278351 -8.35553e-005
6.76 -0.284197 -8.51787e-005
6.77 -0.295284 -8.82573e-005
6.78 -0.313991 -9.34519e-005
6.79 -0.339809 -0.000100621
6.8 -0.369764 -0.000108939
6.81 -0.400535 -0.000117483
6.82 -0.430489 -0.000125801
6.83 -0.459408 -0.000133831
6.84 -0.486066 -0.000141233
6.85 -0.508577 -0.000147484
6.86 -0.527514 -0.000152743
6.87 -0.544852 -0.000157557
6.88 -0.561321 -0.00016213
6.89 -0.574861 -0.00016589
6.9 -0.581795 -0.000167815
6.91 -0.581026 -0.000167602
6.92 -0.575481 -0.000166064
6.93 -0.56892 -0.000164244
6.94 -0.562089 -0.000162349
6.95 -0.552711 -0.000159747
6.96 -0.539364 -0.000156045
6.97 -0.524603 -0.000151951
6.98 -0.51363 -0.000148907
6.99 -0.510371 -0.000148003
7 -0.517374 -0.000149945
7.01 -0.537646 -0.000155569
7.02 -0.574698 -0.000165847
7.03 -0.628489 -0.000180781
7.04 -0.690813 -0.000198452
7.05 -0.747711 -0.000215455
7.06 -0.791865 -0.000228725
7.07 -0.820758 -0.000237444
7.08 -0.838824 -0.00024291
7.09 -0.851711 -0.000246817
7.1 -0.86258 -0.000250116
7.11 -0.872191 -0.000253037
7.12 -0.880883 -0.000255681
7.13 -0.888588 -0.000258027
7.14 -0.8941 -0.000259707
7.15 -0.896118 -0.000260322
7.16 -0.894425 -0.000259852
7.17 -0.890231 -0.000258689
7.18 -0.88549 -0.000257374
7.19 -0.882539 -0.000256555
7.2 -0.8836 -0.00025685
7.21 -0.890323 -0.000258715
7.22 -0.903823 -0.000262672
7.23 -0.925379 -0.000269259
7.24 -0.955384 -0.000278455
7.25 -0.990948 -0.000289397
7.26 -1.02769 -0.000300751
7.27 -1.06213 -0.000311438
7.28 -1.0934 -0.000321181
7.29 -1.12197 -0.000330113
7.3 -1.14917 -0.000338649
7.31 -1.17697 -0.0003474
7.32 -1.20756 -0.000357066
7.33 -1.23868 -0.000366938
7.34 -1.26221 -0.000374428
7.35 -1.26942 -0.000376727
7.36 -1.25639 -0.000373112
7.37 -1.22835 -0.000365335
7.38 -1.19477 -0.000356019
7.39 -1.16135 -0.000346748
7.4 -1.12953 -0.00033792
7.41 -1.10032 -0.000329818
7.42 -1.07714 -0.000323388
7.43 -1.06348 -0.000319598
7.44 -1.05801 -0.000318082
7.45 -1.05467 -0.000317157
7.46 -1.04793 -0.000315287
7.47 -1.03754 -0.000312403
7.48 -1.02866 -0.00030994
7.49 -1.02817 -0.000309805
7.5 -1.04016 -0.000313132
7.51 -1.06438 -0.000319849
7.52 -1.09838 -0.00032928
7.53 -1.13909 -0.000340573
7.54 -1.18293 -0.000352735
7.55 -1.2249 -0.000364376
7.56 -1.25862 -0.00037373
7.57 -1.27609 -0.000378854
7.58 -1.27755 -0.00037932
7.59 -1.26982 -0.000377176
7.6 -1.26308 -0.000375306
7.61 -1.26194 -0.00037499
7.62 -1.26212 -0.000375041
7.63 -1.2547 -0.000372983
7.64 -1.23349 -0.000367098
7.65 -1.19834 -0.000357349
7.66 -1.15455 -0.000345203
7.67 -1.10929 -0.000332647
7.68 -1.06694 -0.000320899
7.69 -1.02552 -0.00030941
7.7 -0.98171 -0.000297257
7.71 -0.935931 -0.000284558
7.72 -0.891183 -0.000272145
7.73 -0.848794 -0.000260387
7.74 -0.806818 -0.000248743
7.75 -0.764382 -0.000236971
7.76 -0.723182 -0.000225543
7.77 -0.685053 -0.000214966
7.78 -0.650151 -0.000205285
7.79 -0.616328 -0.000195902
7.8 -0.581149 -0.000186144
7.81 -0.544712 -0.000176037
7.82 -0.511694 -0.000166878
7.83 -0.491029 -0.000161145
7.84 -0.491032 -0.000161146
7.85 -0.513957 -0.000167505
7.86 -0.555739 -0.000179095
7.87 -0.609594 -0.000194034
7.88 -0.668494 -0.000210373
7.89 -0.726178 -0.000226374
7.9 -0.776387 -0.000240301
7.91 -0.813886 -0.000250704
7.92 -0.83715 -0.000257157
7.93 -0.849467 -0.000260574
7.94 -0.857363 -0.000262764
7.95 -0.866636 -0.000265336
7.96 -0.878588 -0.000268651
7.97 -0.890715 -0.000272015
7.98 -0.89951 -0.000274455
7.99 -0.903204 -0.00027548
8 -0.902979 -0.000275417
8.01 -0.900089 -0.000274616
8.02 -0.892922 -0.000272627
8.03 -0.87708 -0.000268233
8.04 -0.851055 -0.000261014
8.05 -0.818484 -0.000251979
8.06 -0.784868 -0.000242654
8.07 -0.750698 -0.000233176
8.08 -0.711874 -0.000222406
8.09 -0.665199 -0.000209459
8.1 -0.612495 -0.000194839
8.11 -0.557662 -0.000179629
8.12 -0.503853 -0.000164703
8.13 -0.453242 -0.000150663
8.14 -0.407185 -0.000137888
8.15 -0.36391 -0.000125883
8.16 -0.318829 -0.000113378
8.17 -0.267946 -9.92636e-005
8.18 -0.208718 -8.28342e-005
8.19 -0.140768 -6.39854e-005
8.2 -0.0654632 -4.30965e-005
8.21 0.0110504 -2.05009e-005
8.22 0.0973004 3.42426e-006
8.23 0.189877 2.91043e-005
8.24 0.288011 5.63259e-005
8.25 0.391676 8.50819e-005
8.26 0.498987 0.000114849
8.27 0.613724 0.000146677
8.28 0.727828 0.00017899
8.29 0.718996 0.000210532
8.3 0.710738 0.000240027
8.31 0.703214 0.000266897
8.32 0.696457 0.000291028
8.33 0.690203 0.000313365
8.34 0.684632 0.00033326
8.35 0.679725 0.000350786
8.36 0.675752 0.000364975
8.37 0.672485 0.000376644
8.38 0.669627 0.000386852
8.39 0.666995 0.000396251
8.4 0.664474 0.000405256
8.41 0.661905 0.000414429
8.42 0.659102 0.000424442
8.43 0.655785 0.000436286
8.44 0.651769 0.00045063
8.45 0.64698 0.000467732
8.46 0.64127 0.000488125
8.47 0.63476 0.000511377
8.48 0.627743 0.000536437
8.49 0.620437 0.000562528
8.5 0.612859 0.000589592
8.51 0.605082 0.000617368
8.52 0.597578 0.000644169
8.53 0.590855 0.00066818
8.54 0.585281 0.000688087
8.55 0.580841 0.000703945
8.56 0.577175 0.000717035
8.57 0.57364 0.000729662
8.58 0.569835 0.000743249
8.59 0.565693 0.000758045
8.6 0.561162 0.000774227
8.61 0.556009 0.000792628
8.62 0.549892 0.000814476
8.63 0.542581 0.000840587
8.64 0.534001 0.000871231
8.65 0.524132 0.000906477
8.66 0.513105 0.000945859
8.67 0.501071 0.000988835
8.68 0.488578 0.00103345
8.69 0.476189 0.0010777
8.7 0.46414 0.00112073
8.71 0.452429 0.00116256
8.72 0.441077 0.0012031
8.73 0.430456 0.00124103
8.74 0.421068 0.00127456
8.75 0.412892 0.00130376
8.76 0.405527 0.00133007
8.77 0.398572 0.0013549
8.78 0.392074 0.00137811
8.79 0.386665 0.00139743
8.8 0.383281 0.00140952
8.81 0.382667 0.00141171
8.82 0.380375 0.00140311
8.83 0.375527 0.00138493
8.84 0.368818 0.00135977
8.85 0.361309 0.0013316
8.86 0.354035 0.00130432
8.87 0.347493 0.00127978
8.88 0.341472 0.0012572
8.89 0.335269 0.00123393
8.9 0.328224 0.00120751
8.91 0.320099 0.00117704
8.92 0.310961 0.00114276
8.93 0.300907 0.00110505
8.94 0.289949 0.00106395
8.95 0.278092 0.00101948
8.96 0.265403 0.000971886
8.97 0.251934 0.000921369
8.98 0.237738 0.000868122
8.99 0.222991 0.000812811
9 0.207987 0.000756536
9.01 0.193022 0.000700406
9.02 0.178323 0.000645273
9.03 0.163914 0.00059123
9.04 0.14978 0.000538217
9.05 0.136056 0.000486741
9.06 0.122957 0.00043761
9.07 0.110634 0.000391392
9.08 0.0992045 0.000348522
9.09 0.0887099 0.00030916
9.1 0.0789883 0.000272697
9.11 0.0699848 0.000238927
9.12 0.0616788 0.000207774
9.13 0.0540893 0.000179308
9.14 0.0469809 0.000152646
9.15 0.0399046 0.000126105
9.16 0.0323546 9.77868e-005
9.17 0.0239826 6.63858e-005
9.18 0.0148486 3.21268e-005
9.19 0.00541294 -3.26374e-006
9.2 -0.0513701 -3.7871e-005
9.21 -0.16641 -6.99059e-005
9.22 -0.275391 -0.000100253
9.23 -0.381191 -0.000129715
9.24 -0.487988 -0.000159454
9.25 -0.595578 -0.000189414
9.26 -0.702554 -0.000219204
9.27 -0.808292 -0.000248648
9.28 -0.916239 -0.000278708
9.29 -1.03199 -0.00031094
9.3 -1.15926 -0.000346381
9.31 -1.29583 -0.000385164
9.32 -1.42245 -0.000426037
9.33 -1.54998 -0.000467896
9.34 -1.67787 -0.000510618
9.35 -1.80495 -0.000553844
9.36 -1.93217 -0.000597935
9.37 -2.05897 -0.000642745
9.38 -2.18569 -0.000688439
9.39 -2.31165 -0.00073482
9.4 -2.43668 -0.000781869
9.41 -2.56118 -0.000829789
9.42 -2.68815 -0.000879843
9.43 -2.8184 -0.00093252
9.44 -2.9479 -0.000986339
9.45 -3.07455 -0.0010405
9.46 -3.19389 -0.00109302
9.47 -3.30442 -0.00114309
9.48 -3.40739 -0.00119106
9.49 -3.50347 -0.00123707
9.5 -3.59302 -0.00128115
9.51 -3.67377 -0.00132197
9.52 -3.74258 -0.0013576
9.53 -3.79824 -0.00138705
9.54 -3.84296 -0.00141114
9.55 -3.88123 -0.00143207
9.56 -3.91607 -0.00145138
9.57 -3.94871 -0.00146973
9.58 -3.98003 -0.00148755
9.59 -4.01126 -0.00150555
9.6 -4.04367 -0.00152448
9.61 -4.07725 -0.00154438
9.62 -4.10958 -0.00156382
9.63 -4.13766 -0.00158094
9.64 -4.16041 -0.00159498
9.65 -4.17934 -0.00160678
9.66 -4.19692 -0.00161783
9.67 -4.21432 -0.00162887
9.68 -4.23131 -0.00163974
9.69 -4.2465 -0.00164955
9.7 -4.2589 -0.00165761
9.71 -4.26927 -0.00166438
9.72 -4.27823 -0.00167027
9.73 -4.2855 -0.00167507
9.74 -4.29144 -0.001679
9.75 -4.29765 -0.00168313
9.76 -4.30512 -0.00168812
9.77 -4.31253 -0.00169309
9.78 -4.31684 -0.00169598
9.79 -4.3145 -0.00169533
9.8 -4.29894 -0.00169102
9.81 -4.2733 -0.0016839
9.82 -4.24299 -0.0016755
9.83 -4.21402 -0.00166746
9.84 -4.18948 -0.00166065
9.85 -4.16879 -0.00165491
9.86 -4.15045 -0.00164983
9.87 -4.13335 -0.00164508
9.88 -4.11673 -0.00164047
9.89 -4.09974 -0.00163576
9.9 -4.08036 -0.00163038
9.91 -4.05688 -0.00162387
9.92 -4.03015 -0.00161645
9.93 -4.00263 -0.00160882
9.94 -3.97614 -0.00160147
9.95 -3.95067 -0.00159441
9.96 -3.92552 -0.00158743
9.97 -3.90024 -0.00158042
9.98 -3.87411 -0.00157317
9.99 -3.84468 -0.00156501
10 -3.80647 -0.00155441
