0.1 -0.0141943 -3.9401e-006
0.2 -0.028411 -7.89179e-006
0.3 -0.0426499 -1.18551e-005
0.4 -0.0569111 -1.58302e-005
0.5 -0.0711946 -1.98169e-005
0.6 -0.0854847 -2.38111e-005
0.7 -0.099574 -2.77546e-005
0.8 -0.11356 -3.16746e-005
0.9 -0.127705 -3.56448e-005
1 -0.14195 -3.96483e-005
0.01 -0.141864 -3.96244e-005
0.02 -0.14162 -3.95569e-005
0.03 -0.141336 -3.94781e-005
0.04 -0.141119 -3.94177e-005
0.05 -0.14097 -3.93766e-005
0.06 -0.140891 -3.93547e-005
0.07 -0.140878 -3.93511e-005
0.08 -0.140926 -3.93642e-005
0.09 -0.141026 -3.93921e-005
0.1 -0.14117 -3.94321e-005
0.11 -0.141347 -3.9481e-005
0.12 -0.141544 -3.95357e-005
0.13 -0.141751 -3.9593e-005
0.14 -0.141958 -3.96505e-005
0.15 -0.142154 -3.97056e-005
0.16 -0.142335 -3.97565e-005
0.17 -0.1425 -3.98032e-005
0.18 -0.142655 -3.98466e-005
0.19 -0.142804 -3.98887e-005
0.2 -0.142958 -3.99318e-005
0.21 -0.143125 -3.99789e-005
0.22 -0.143311 -4.00313e-005
0.23 -0.143519 -4.00895e-005
0.24 -0.143746 -4.01534e-005
0.25 -0.143984 -4.02206e-005
0.26 -0.144226 -4.02885e-005
0.27 -0.144475 -4.03586e-005
0.28 -0.144747 -4.0435e-005
0.29 -0.145054 -4.05215e-005
0.3 -0.145398 -4.06182e-005
0.31 -0.145776 -4.07247e-005
0.32 -0.146186 -4.08399e-005
0.33 -0.146613 -4.096e-005
0.34 -0.147042 -4.10808e-005
0.35 -0.147466 -4.12003e-005
0.36 -0.147887 -4.13188e-005
0.37 -0.148306 -4.14367e-005
0.38 -0.148724 -4.15541e-005
0.39 -0.149133 -4.16695e-005
0.4 -0.149528 -4.17804e-005
0.41 -0.149901 -4.18854e-005
0.42 -0.150251 -4.1984e-005
0.43 -0.150577 -4.20759e-005
0.44 -0.150881 -4.21613e-005
0.45 -0.151161 -4.22402e-005
0.46 -0.151424 -4.23143e-005
0.47 -0.151685 -4.23878e-005
0.48 -0.151954 -4.24634e-005
0.49 -0.152226 -4.25401e-005
0.5 -0.152507 -4.26191e-005
0.51 -0.152807 -4.27036e-005
0.52 -0.153128 -4.27941e-005
0.53 -0.153464 -4.28887e-005
0.54 -0.153826 -4.29905e-005
0.55 -0.154243 -4.31081e-005
0.56 -0.154722 -4.32428e-005
0.57 -0.15521 -4.33802e-005
0.58 -0.155635 -4.35001e-005
0.59 -0.155978 -4.35966e-005
0.6 -0.15628 -4.36816e-005
0.61 -0.156591 -4.37691e-005
0.62 -0.156925 -4.38632e-005
0.63 -0.157298 -4.39683e-005
0.64 -0.157745 -4.40944e-005
0.65 -0.158257 -4.42385e-005
0.66 -0.15877 -4.43831e-005
0.67 -0.159254 -4.45193e-005
0.68 -0.159721 -4.46509e-005
0.69 -0.160179 -4.47799e-005
0.7 -0.160626 -4.4906e-005
0.71 -0.161078 -4.50335e-005
0.72 -0.161545 -4.51648e-005
0.73 -0.162006 -4.5295e-005
0.74 -0.162423 -4.54125e-005
0.75 -0.162749 -4.55042e-005
0.76 -0.162975 -4.55681e-005
0.77 -0.16315 -4.56172e-005
0.78 -0.163353 -4.56746e-005
0.79 -0.163645 -4.5757e-005
0.8 -0.164019 -4.58623e-005
0.81 -0.164438 -4.59802e-005
0.82 -0.16488 -4.6105e-005
0.83 -0.16534 -4.62346e-005
0.84 -0.165798 -4.63638e-005
0.85 -0.166253 -4.6492e-005
0.86 -0.166722 -4.66243e-005
0.87 -0.167159 -4.67474e-005
0.88 -0.167457 -4.68314e-005
0.89 -0.167603 -4.68728e-005
0.9 -0.167724 -4.69067e-005
0.91 -0.167937 -4.69668e-005
0.92 -0.1682 -4.70411e-005
0.93 -0.168352 -4.70838e-005
0.94 -0.168316 -4.70739e-005
0.95 -0.168187 -4.70381e-005
0.96 -0.168121 -4.70197e-005
0.97 -0.16816 -4.70306e-005
0.98 -0.168181 -4.70365e-005
0.99 -0.168069 -4.70054e-005
1 -0.167848 -4.69442e-005
1.01 -0.167584 -4.68708e-005
1.02 -0.167297 -4.67912e-005
1.03 -0.167019 -4.67141e-005
1.04 -0.166793 -4.66515e-005
1.05 -0.166592 -4.65956e-005
1.06 -0.166318 -4.65197e-005
1.07 -0.16592 -4.64091e-005
1.08 -0.165481 -4.62875e-005
1.09 -0.165111 -4.61848e-005
1.1 -0.164745 -4.60832e-005
1.11 -0.164225 -4.5939e-005
1.12 -0.163558 -4.5754e-005
1.13 -0.162929 -4.55796e-005
1.14 -0.162488 -4.54571e-005
1.15 -0.162313 -4.54086e-005
1.16 -0.162475 -4.54536e-005
1.17 -0.162894 -4.55697e-005
1.18 -0.163323 -4.56888e-005
1.19 -0.16354 -4.5749e-005
1.2 -0.163444 -4.57223e-005
1.21 -0.163062 -4.56164e-005
1.22 -0.162483 -4.54558e-005
1.23 -0.1618 -4.52664e-005
1.24 -0.161113 -4.50757e-005
1.25 -0.160554 -4.49207e-005
1.26 -0.160249 -4.48361e-005
1.27 -0.160224 -4.48292e-005
1.28 -0.160413 -4.48817e-005
1.29 -0.160685 -4.4957e-005
1.3 -0.160886 -4.5013e-005
1.31 -0.160981 -4.50392e-005
1.32 -0.161051 -4.50587e-005
1.33 -0.161161 -4.5089e-005
1.34 -0.161389 -4.51524e-005
1.35 -0.161861 -4.52833e-005
1.36 -0.162506 -4.54623e-005
1.37 -0.163003 -4.56002e-005
1.38 -0.163043 -4.56112e-005
1.39 -0.162578 -4.54821e-005
1.4 -0.161814 -4.52704e-005
1.41 -0.160903 -4.50177e-005
1.42 -0.15983 -4.47199e-005
1.43 -0.15866 -4.43952e-005
1.44 -0.157544 -4.40858e-005
1.45 -0.156524 -4.3803e-005
1.46 -0.15552 -4.35243e-005
1.47 -0.154402 -4.32143e-005
1.48 -0.152987 -4.28218e-005
1.49 -0.151014 -4.22744e-005
1.5 -0.148362 -4.15388e-005
1.51 -0.145399 -4.0717e-005
1.52 -0.142889 -4.00206e-005
1.53 -0.141302 -3.95803e-005
1.54 -0.140444 -3.93424e-005
1.55 -0.139884 -3.91871e-005
1.56 -0.139363 -3.90425e-005
1.57 -0.138783 -3.88817e-005
1.58 -0.13812 -3.86976e-005
1.59 -0.137364 -3.84881e-005
1.6 -0.136418 -3.82257e-005
1.61 -0.135087 -3.78564e-005
1.62 -0.133364 -3.73783e-005
1.63 -0.131761 -3.69339e-005
1.64 -0.131181 -3.6773e-005
1.65 -0.132154 -3.70429e-005
1.66 -0.13429 -3.76354e-005
1.67 -0.136596 -3.82751e-005
1.68 -0.138215 -3.8724e-005
1.69 -0.138836 -3.88964e-005
1.7 -0.138578 -3.88246e-005
1.71 -0.137777 -3.86026e-005
1.72 -0.13694 -3.83703e-005
1.73 -0.136523 -3.82547e-005
1.74 -0.136693 -3.83018e-005
1.75 -0.13739 -3.84952e-005
1.76 -0.138494 -3.88013e-005
1.77 -0.139739 -3.91467e-005
1.78 -0.140617 -3.93902e-005
1.79 -0.140704 -3.94146e-005
1.8 -0.140118 -3.9252e-005
1.81 -0.139396 -3.90516e-005
1.82 -0.139029 -3.89497e-005
1.83 -0.139187 -3.89938e-005
1.84 -0.139745 -3.91485e-005
1.85 -0.140364 -3.93203e-005
1.86 -0.14058 -3.93801e-005
1.87 -0.140223 -3.92812e-005
1.88 -0.139892 -3.91892e-005
1.89 -0.140448 -3.93436e-005
1.9 -0.141869 -3.97377e-005
1.91 -0.143184 -4.01024e-005
1.92 -0.143519 -4.01953e-005
1.93 -0.142624 -3.99472e-005
1.94 -0.140647 -3.93988e-005
1.95 -0.137899 -3.86365e-005
1.96 -0.134913 -3.78081e-005
1.97 -0.132404 -3.71121e-005
1.98 -0.130822 -3.66733e-005
1.99 -0.130035 -3.64551e-005
2 -0.129522 -3.63127e-005
2.01 -0.128744 -3.6097e-005
2.02 -0.127418 -3.5729e-005
2.03 -0.125472 -3.51891e-005
2.04 -0.122968 -3.44946e-005
2.05 -0.120333 -3.37637e-005
2.06 -0.118284 -3.31955e-005
2.07 -0.117124 -3.28735e-005
2.08 -0.116438 -3.26833e-005
2.09 -0.115666 -3.24691e-005
2.1 -0.114708 -3.22033e-005
2.11 -0.113871 -3.19711e-005
2.12 -0.113309 -3.18153e-005
2.13 -0.112813 -3.16776e-005
2.14 -0.112106 -3.14817e-005
2.15 -0.111152 -3.1217e-005
2.16 -0.110279 -3.09749e-005
2.17 -0.109894 -3.08681e-005
2.18 -0.109953 -3.08845e-005
2.19 -0.110084 -3.09208e-005
2.2 -0.110247 -3.09661e-005
2.21 -0.11075 -3.11054e-005
2.22 -0.111692 -3.13669e-005
2.23 -0.112833 -3.16833e-005
2.24 -0.113939 -3.199e-005
2.25 -0.11502 -3.229e-005
2.26 -0.116132 -3.25984e-005
2.27 -0.117325 -3.29292e-005
2.28 -0.118837 -3.33488e-005
2.29 -0.120884 -3.39166e-005
2.3 -0.123328 -3.45944e-005
2.31 -0.12584 -3.52914e-005
2.32 -0.128174 -3.59388e-005
2.33 -0.130141 -3.64844e-005
2.34 -0.13157 -3.68807e-005
2.35 -0.132377 -3.71047e-005
2.36 -0.13263 -3.71747e-005
2.37 -0.132421 -3.71169e-005
2.38 -0.131865 -3.69625e-005
2.39 -0.131375 -3.68267e-005
2.4 -0.131448 -3.68469e-005
2.41 -0.132147 -3.70409e-005
2.42 -0.133279 -3.73548e-005
2.43 -0.134631 -3.773e-005
2.44 -0.135833 -3.80633e-005
2.45 -0.13652 -3.82538e-005
2.46 -0.136741 -3.83151e-005
2.47 -0.136861 -3.83484e-005
2.48 -0.137107 -3.84167e-005
2.49 -0.137369 -3.84895e-005
2.5 -0.137288 -3.84669e-005
2.51 -0.136535 -3.8258e-005
2.52 -0.135071 -3.78518e-005
2.53 -0.133087 -3.73015e-005
2.54 -0.130912 -3.66983e-005
2.55 -0.128958 -3.61562e-005
2.56 -0.127533 -3.5761e-005
2.57 -0.126735 -3.55397e-005
2.58 -0.126471 -3.54664e-005
2.59 -0.126478 -3.54684e-005
2.6 -0.126435 -3.54564e-005
2.61 -0.126224 -3.53978e-005
2.62 -0.126055 -3.53509e-005
2.63 -0.126267 -3.54098e-005
2.64 -0.126848 -3.55709e-005
2.65 -0.127173 -3.5661e-005
2.66 -0.126594 -3.55005e-005
2.67 -0.125213 -3.51173e-005
2.68 -0.123838 -3.47359e-005
2.69 -0.123278 -3.45805e-005
2.7 -0.123652 -3.46844e-005
2.71 -0.124454 -3.49068e-005
2.72 -0.125251 -3.5128e-005
2.73 -0.126197 -3.53903e-005
2.74 -0.127767 -3.5826e-005
2.75 -0.130121 -3.64788e-005
2.76 -0.132995 -3.7276e-005
2.77 -0.136052 -3.81241e-005
2.78 -0.139122 -3.89757e-005
2.79 -0.14235 -3.98712e-005
2.8 -0.146093 -4.09093e-005
2.81 -0.150309 -4.20789e-005
2.82 -0.154326 -4.31932e-005
2.83 -0.157415 -4.405e-005
2.84 -0.159323 -4.45793e-005
2.85 -0.160335 -4.486e-005
2.86 -0.160928 -4.50246e-005
2.87 -0.161466 -4.51737e-005
2.88 -0.162253 -4.5392e-005
2.89 -0.163501 -4.57382e-005
2.9 -0.16509 -4.61791e-005
2.91 -0.166692 -4.66234e-005
2.92 -0.168123 -4.70202e-005
2.93 -0.169316 -4.73557e-005
2.94 -0.170208 -4.76074e-005
2.95 -0.170752 -4.77608e-005
2.96 -0.170961 -4.78198e-005
2.97 -0.170715 -4.77514e-005
2.98 -0.169698 -4.74693e-005
2.99 -0.16776 -4.69318e-005
3 -0.165262 -4.62388e-005
3.01 -0.162891 -4.55811e-005
3.02 -0.161133 -4.50934e-005
3.03 -0.159999 -4.47789e-005
3.04 -0.159069 -4.4521e-005
3.05 -0.157758 -4.41572e-005
3.06 -0.155736 -4.35964e-005
3.07 -0.153178 -4.28867e-005
3.08 -0.150615 -4.21759e-005
3.09 -0.148417 -4.15661e-005
3.1 -0.146469 -4.10258e-005
3.11 -0.144627 -4.05149e-005
3.12 -0.143288 -4.01435e-005
3.13 -0.143111 -4.00943e-005
3.14 -0.144149 -4.03821e-005
3.15 -0.145531 -4.07655e-005
3.16 -0.146086 -4.09195e-005
3.17 -0.145002 -4.06187e-005
3.18 -0.142162 -3.9831e-005
3.19 -0.138357 -3.87756e-005
3.2 -0.134847 -3.78021e-005
3.21 -0.132315 -3.70996e-005
3.22 -0.130414 -3.65723e-005
3.23 -0.128393 -3.60116e-005
3.24 -0.125845 -3.5305e-005
3.25 -0.122841 -3.44716e-005
3.26 -0.119854 -3.3643e-005
3.27 -0.117768 -3.30642e-005
3.28 -0.117437 -3.29724e-005
3.29 -0.118945 -3.33907e-005
3.3 -0.121475 -3.40926e-005
3.31 -0.123966 -3.47837e-005
3.32 -0.125842 -3.53041e-005
3.33 -0.127025 -3.5632e-005
3.34 -0.127369 -3.57275e-005
3.35 -0.126688 -3.55387e-005
3.36 -0.125393 -3.51795e-005
3.37 -0.124518 -3.49366e-005
3.38 -0.125071 -3.50902e-005
3.39 -0.127457 -3.5752e-005
3.4 -0.131126 -3.67698e-005
3.41 -0.134699 -3.77607e-005
3.42 -0.13683 -3.83521e-005
3.43 -0.137141 -3.84383e-005
3.44 -0.136228 -3.81851e-005
3.45 -0.134942 -3.78282e-005
3.46 -0.133768 -3.75025e-005
3.47 -0.132718 -3.72113e-005
3.48 -0.131548 -3.68869e-005
3.49 -0.129999 -3.6457e-005
3.5 -0.127739 -3.58302e-005
3.51 -0.124364 -3.48941e-005
3.52 -0.119961 -3.36725e-005
3.53 -0.115375 -3.24006e-005
3.54 -0.111483 -3.13208e-005
3.55 -0.10841 -3.04684e-005
3.56 -0.105491 -2.96587e-005
3.57 -0.101922 -2.86688e-005
3.58 -0.0974825 -2.74373e-005
3.59 -0.0926413 -2.60944e-005
3.6 -0.0882601 -2.4879e-005
3.61 -0.0851015 -2.40029e-005
3.62 -0.0832011 -2.34757e-005
3.63 -0.0817159 -2.30637e-005
3.64 -0.0795814 -2.24716e-005
3.65 -0.0762921 -2.15592e-005
3.66 -0.0720326 -2.03777e-005
3.67 -0.0672021 -1.90377e-005
3.68 -0.0621073 -1.76245e-005
3.69 -0.0571422 -1.62472e-005
3.7 -0.0528372 -1.5053e-005
3.71 -0.0496147 -1.41591e-005
3.72 -0.0477729 -1.36482e-005
3.73 -0.0474598 -1.35613e-005
3.74 -0.0483903 -1.38194e-005
3.75 -0.0499643 -1.42561e-005
3.76 -0.0517021 -1.47381e-005
3.77 -0.0534058 -1.52107e-005
3.78 -0.0550755 -1.56739e-005
3.79 -0.0567556 -1.61399e-005
3.8 -0.0585195 -1.66292e-005
3.81 -0.0604411 -1.71623e-005
3.82 -0.0623695 -1.76972e-005
3.83 -0.0640084 -1.81518e-005
3.84 -0.0653939 -1.85361e-005
3.85 -0.0669824 -1.89768e-005
3.86 -0.0691603 -1.95809e-005
3.87 -0.0718686 -2.03321e-005
3.88 -0.074761 -2.11345e-005
3.89 -0.0775711 -2.1914e-005
3.9 -0.0801735 -2.26359e-005
3.91 -0.0823118 -2.3229e-005
3.92 -0.0834857 -2.35547e-005
3.93 -0.0834819 -2.35536e-005
3.94 -0.0828621 -2.33817e-005
3.95 -0.0824623 -2.32708e-005
3.96 -0.0827023 -2.33374e-005
3.97 -0.0836478 -2.35996e-005
3.98 -0.0853186 -2.40631e-005
3.99 -0.0876901 -2.47209e-005
4 -0.0903262 -2.54522e-005
4.01 -0.0922268 -2.59794e-005
4.02 -0.0926838 -2.61062e-005
4.03 -0.0919806 -2.59111e-005
4.04 -0.090797 -2.55828e-005
4.05 -0.0896179 -2.52557e-005
4.06 -0.0889881 -2.5081e-005
4.07 -0.0894275 -2.52029e-005
4.08 -0.0906925 -2.55538e-005
4.09 -0.091774 -2.58538e-005
4.1 -0.0917656 -2.58514e-005
4.11 -0.0903514 -2.54592e-005
4.12 -0.0878409 -2.47628e-005
4.13 -0.0851627 -2.40199e-005
4.14 -0.0832698 -2.34948e-005
4.15 -0.0824269 -2.3261e-005
4.16 -0.0823751 -2.32466e-005
4.17 -0.0828175 -2.33693e-005
4.18 -0.0836684 -2.36054e-005
4.19 -0.0850792 -2.39967e-005
4.2 -0.0871632 -2.45748e-005
4.21 -0.0898978 -2.53333e-005
4.22 -0.0933839 -2.63003e-005
4.23 -0.0976436 -2.7482e-005
4.24 -0.10231 -2.87765e-005
4.25 -0.107132 -3.01141e-005
4.26 -0.112216 -3.15243e-005
4.27 -0.117518 -3.29949e-005
4.28 -0.122804 -3.44612e-005
4.29 -0.127883 -3.587e-005
4.3 -0.13234 -3.71064e-005
4.31 -0.135607 -3.80129e-005
4.32 -0.137678 -3.85872e-005
4.33 -0.139264 -3.90272e-005
4.34 -0.141183 -3.95594e-005
4.35 -0.143931 -4.03217e-005
4.36 -0.147711 -4.13703e-005
4.37 -0.152442 -4.26827e-005
4.38 -0.157692 -4.4139e-005
4.39 -0.162609 -4.55029e-005
4.4 -0.166199 -4.64988e-005
4.41 -0.168097 -4.70252e-005
4.42 -0.168862 -4.72373e-005
4.43 -0.169544 -4.74266e-005
4.44 -0.1712 -4.78872e-005
4.45 -0.17429 -4.87589e-005
4.46 -0.178267 -4.98813e-005
4.47 -0.181951 -5.09212e-005
4.48 -0.184598 -5.16689e-005
4.49 -0.186154 -5.21084e-005
4.5 -0.186836 -5.23011e-005
4.51 -0.187126 -5.23831e-005
4.52 -0.187849 -5.25873e-005
4.53 -0.189455 -5.3041e-005
4.54 -0.191501 -5.36193e-005
4.55 -0.193256 -5.41154e-005
4.56 -0.194219 -5.43876e-005
4.57 -0.194121 -5.43604e-005
4.58 -0.193114 -5.4081e-005
4.59 -0.192025 -5.3779e-005
4.6 -0.191974 -5.37649e-005
4.61 -0.193435 -5.41702e-005
4.62 -0.19566 -5.47951e-005
4.63 -0.1976 -5.53437e-005
4.64 -0.199204 -5.57975e-005
4.65 -0.201388 -5.64153e-005
4.66 -0.20487 -5.74005e-005
4.67 -0.209441 -5.86945e-005
4.68 -0.214259 -6.0059e-005
4.69 -0.218566 -6.12794e-005
4.7 -0.222224 -6.23163e-005
4.71 -0.225639 -6.32848e-005
4.72 -0.229062 -6.42558e-005
4.73 -0.232235 -6.5156e-005
4.74 -0.234891 -6.59099e-005
4.75 -0.237124 -6.6544e-005
4.76 -0.239329 -6.71701e-005
4.77 -0.242151 -6.79716e-005
4.78 -0.246006 -6.9067e-005
4.79 -0.250421 -7.03219e-005
4.8 -0.254403 -7.14545e-005
4.81 -0.257341 -7.22903e-005
4.82 -0.259181 -7.28138e-005
4.83 -0.260289 -7.31291e-005
4.84 -0.261501 -7.34743e-005
4.85 -0.263626 -7.4079e-005
4.86 -0.266239 -7.48231e-005
4.87 -0.267772 -7.52597e-005
4.88 -0.26735 -7.51426e-005
4.89 -0.265658 -7.46732e-005
4.9 -0.263951 -7.41998e-005
4.91 -0.262884 -7.39038e-005
4.92 -0.262595 -7.38237e-005
4.93 -0.263228 -7.39991e-005
4.94 -0.264615 -7.4384e-005
4.95 -0.265779 -7.47068e-005
4.96 -0.265578 -7.46512e-005
4.97 -0.263718 -7.41352e-005
4.98 -0.260542 -7.32541e-005
4.99 -0.25625 -7.20637e-005
5 -0.251219 -7.0668e-005
5.01 -0.24657 -6.93785e-005
5.02 -0.243299 -6.84712e-005
5.03 -0.241299 -6.79163e-005
5.04 -0.239869 -6.75196e-005
5.05 -0.238412 -6.71155e-005
5.06 -0.236246 -6.65147e-005
5.07 -0.232925 -6.55933e-005
5.08 -0.229098 -6.45319e-005
5.09 -0.226101 -6.37004e-005
5.1 -0.224737 -6.33222e-005
5.11 -0.225137 -6.34331e-005
5.12 -0.227351 -6.40473e-005
5.13 -0.231053 -6.50741e-005
5.14 -0.234804 -6.61147e-005
5.15 -0.236804 -6.66695e-005
5.16 -0.236506 -6.65868e-005
5.17 -0.234737 -6.6096e-005
5.18 -0.23261 -6.55059e-005
5.19 -0.231205 -6.51162e-005
5.2 -0.23183 -6.52896e-005
5.21 -0.235366 -6.62706e-005
5.22 -0.241045 -6.78459e-005
5.23 -0.246802 -6.94429e-005
5.24 -0.250826 -7.0559e-005
5.25 -0.252176 -7.09335e-005
5.26 -0.250845 -7.05643e-005
5.27 -0.247767 -6.97105e-005
5.28 -0.244058 -6.86816e-005
5.29 -0.240215 -6.76155e-005
5.3 -0.23654 -6.65962e-005
5.31 -0.233647 -6.57935e-005
5.32 -0.231787 -6.52778e-005
5.33 -0.23038 -6.48874e-005
5.34 -0.228636 -6.44036e-005
5.35 -0.226325 -6.37627e-005
5.36 -0.223788 -6.30588e-005
5.37 -0.2211 -6.23132e-005
5.38 -0.217565 -6.13327e-005
5.39 -0.212656 -5.9971e-005
5.4 -0.206987 -5.83984e-005
5.41 -0.201857 -5.69754e-005
5.42 -0.198228 -5.59686e-005
5.43 -0.196003 -5.53515e-005
5.44 -0.194073 -5.48161e-005
5.45 -0.191394 -5.40731e-005
5.46 -0.18797 -5.31233e-005
5.47 -0.1846 -5.21883e-005
5.48 -0.182128 -5.15027e-005
5.49 -0.181063 -5.12071e-005
5.5 -0.181127 -5.12251e-005
5.51 -0.181236 -5.12551e-005
5.52 -0.180723 -5.11128e-005
5.53 -0.179977 -5.09059e-005
5.54 -0.179418 -5.07511e-005
5.55 -0.179038 -5.06455e-005
5.56 -0.178833 -5.05886e-005
5.57 -0.178686 -5.05479e-005
5.58 -0.178101 -5.03855e-005
5.59 -0.176509 -4.9944e-005
5.6 -0.173646 -4.91498e-005
5.61 -0.169646 -4.80402e-005
5.62 -0.16522 -4.68125e-005
5.63 -0.16181 -4.58667e-005
5.64 -0.160964 -4.5632e-005
5.65 -0.163141 -4.62358e-005
5.66 -0.16716 -4.73506e-005
5.67 -0.17088 -4.83824e-005
5.68 -0.172724 -4.8894e-005
5.69 -0.172756 -4.8903e-005
5.7 -0.172307 -4.87783e-005
5.71 -0.172623 -4.88662e-005
5.72 -0.174063 -4.92654e-005
5.73 -0.176513 -4.9945e-005
5.74 -0.180215 -5.09721e-005
5.75 -0.185934 -5.25584e-005
5.76 -0.194212 -5.48548e-005
5.77 -0.204659 -5.77526e-005
5.78 -0.21598 -6.08931e-005
5.79 -0.226231 -6.37366e-005
5.8 -0.233064 -6.5632e-005
5.81 -0.23481 -6.61162e-005
5.82 -0.232425 -6.54548e-005
5.83 -0.229705 -6.47001e-005
5.84 -0.230094 -6.48081e-005
5.85 -0.233492 -6.57506e-005
5.86 -0.236865 -6.66863e-005
5.87 -0.23729 -6.68043e-005
5.88 -0.233725 -6.58153e-005
5.89 -0.227044 -6.39621e-005
5.9 -0.219221 -6.17919e-005
5.91 -0.211892 -5.97589e-005
5.92 -0.205785 -5.8065e-005
5.93 -0.201048 -5.6751e-005
5.94 -0.19711 -5.56586e-005
5.95 -0.192506 -5.43815e-005
5.96 -0.185472 -5.24301e-005
5.97 -0.175091 -4.95508e-005
5.98 -0.161947 -4.59045e-005
5.99 -0.147297 -4.18408e-005
6 -0.13145 -3.7445e-005
6.01 -0.113298 -3.24097e-005
6.02 -0.091604 -2.6392e-005
6.03 -0.0658881 -1.92586e-005
6.04 -0.0364633 -1.10963e-005
6.05 -0.00490321 -2.34179e-006
6.06 0.0260634 6.25996e-006
6.07 0.0536924 1.3924e-005
6.08 0.0756271 2.00086e-005
6.09 0.0908911 2.42427e-005
6.1 0.100077 2.67907e-005
6.11 0.104169 2.79257e-005
6.12 0.103601 2.77683e-005
6.13 0.098448 2.63389e-005
6.14 0.0882408 2.35075e-005
6.15 0.0718039 1.8948e-005
6.16 0.0483978 1.24554e-005
6.17 0.0187042 4.21856e-006
6.18 -0.0153842 -5.238e-006
6.19 -0.0508829 -1.50866e-005
6.2 -0.0839652 -2.42649e-005
6.21 -0.111808 -3.19894e-005
6.22 -0.134761 -3.83575e-005
6.23 -0.156066 -4.42682e-005
6.24 -0.178668 -5.05391e-005
6.25 -0.202523 -5.71571e-005
6.26 -0.223864 -6.3078e-005
6.27 -0.236744 -6.66514e-005
6.28 -0.237028 -6.67302e-005
6.29 -0.225745 -6.36003e-005
6.3 -0.20902 -5.89609e-005
6.31 -0.193332 -5.46092e-005
6.32 -0.180562 -5.10669e-005
6.33 -0.167765 -4.75171e-005
6.34 -0.150123 -4.26233e-005
6.35 -0.124246 -3.54452e-005
6.36 -0.0905488 -2.60979e-005
6.37 -0.0543885 -1.60673e-005
6.38 -0.0240304 -7.64618e-006
6.39 -0.0043908 -2.19829e-006
6.4 0.00712546 1.00671e-006
6.41 0.0170656 3.76402e-006
6.42 0.0297501 7.28262e-006
6.43 0.0467469 1.19974e-005
6.44 0.0680765 1.79141e-005
6.45 0.0919324 2.45315e-005
6.46 0.115253 3.10006e-005
6.47 0.136061 3.67726e-005
6.48 0.155505 4.21662e-005
6.49 0.175874 4.78162e-005
6.5 0.198044 5.39663e-005
6.51 0.220937 6.03164e-005
6.52 0.242641 6.63369e-005
6.53 0.262568 7.18646e-005
6.54 0.281416 7.70928e-005
6.55 0.298467 8.18228e-005
6.56 0.310436 8.51429e-005
6.57 0.312998 8.58536e-005
6.58 0.303067 8.30987e-005
6.59 0.280279 7.67776e-005
6.6 0.247627 6.77202e-005
6.61 0.209931 5.72635e-005
6.62 0.171285 4.65435e-005
6.63 0.13379 3.61424e-005
6.64 0.0976933 2.61296e-005
6.65 0.0623012 1.6312e-005
6.66 0.0276001 6.68623e-006
6.67 -0.00530048 -2.44039e-006
6.68 -0.0352808 -1.07581e-005
6.69 -0.0621791 -1.82206e-005
6.7 -0.0861748 -2.48779e-005
6.71 -0.106276 -3.04549e-005
6.72 -0.119941 -3.42459e-005
6.73 -0.125067 -3.56681e-005
6.74 -0.122435 -3.49379e-005
6.75 -0.11526 -3.29477e-005
6.76 -0.107256 -3.07275e-005
6.77 -0.101602 -2.9159e-005
6.78 -0.100126 -2.87497e-005
6.79 -0.102641 -2.94473e-005
6.8 -0.107222 -3.07181e-005
6.81 -0.1118 -3.1988e-005
6.82 -0.115695 -3.30684e-005
6.83 -0.119285 -3.40641e-005
6.84 -0.122286 -3.48966e-005
6.85 -0.123969 -3.53635e-005
6.86 -0.124831 -3.56025e-005
6.87 -0.126637 -3.61035e-005
6.88 -0.129876 -3.70022e-005
6.89 -0.132746 -3.77985e-005
6.9 -0.132587 -3.77545e-005
6.91 -0.128241 -3.65489e-005
6.92 -0.121482 -3.46739e-005
6.93 -0.114752 -3.28072e-005
6.94 -0.108262 -3.10068e-005
6.95 -0.100226 -2.87777e-005
6.96 -0.0897906 -2.5883e-005
6.97 -0.0788956 -2.28608e-005
6.98 -0.0711255 -2.07054e-005
6.99 -0.0695544 -2.02696e-005
7 -0.0760402 -2.20687e-005
7.01 -0.0926847 -2.66858e-005
7.02 -0.121787 -3.47586e-005
7.03 -0.163041 -4.62036e-005
7.04 -0.211207 -5.95665e-005
7.05 -0.257234 -7.23361e-005
7.06 -0.292577 -8.23335e-005
7.07 -0.316067 -8.90491e-005
7.08 -0.331651 -9.35132e-005
7.09 -0.343897 -9.7026e-005
7.1 -0.355261 -0.00010029
7.11 -0.366196 -0.000103435
7.12 -0.376531 -0.00010641
7.13 -0.385602 -0.000109023
7.14 -0.392094 -0.000110896
7.15 -0.394765 -0.000111666
7.16 -0.393344 -0.000111272
7.17 -0.388682 -0.000109979
7.18 -0.382296 -0.000108207
7.19 -0.376022 -0.000106467
7.2 -0.371575 -0.000105233
7.21 -0.370181 -0.000104847
7.22 -0.373249 -0.000105698
7.23 -0.382239 -0.000108192
7.24 -0.397116 -0.000112345
7.25 -0.415217 -0.000117574
7.26 -0.433834 -0.000122963
7.27 -0.450463 -0.000127785
7.28 -0.464459 -0.000131851
7.29 -0.476243 -0.000135278
7.3 -0.486676 -0.000138316
7.31 -0.497337 -0.000141424
7.32 -0.509793 -0.00014506
7.33 -0.522176 -0.000148679
7.34 -0.528102 -0.000150413
7.35 -0.52056 -0.000148321
7.36 -0.49774 -0.000141991
7.37 -0.464983 -0.000132904
7.38 -0.430109 -0.00012323
7.39 -0.398049 -0.000114337
7.4 -0.370217 -0.000106617
7.41 -0.347661 -0.00010036
7.42 -0.332922 -9.62713e-005
7.43 -0.328441 -9.50284e-005
7.44 -0.333137 -9.63309e-005
7.45 -0.342524 -9.89349e-005
7.46 -0.352471 -0.000101694
7.47 -0.362591 -0.000104501
7.48 -0.376341 -0.000108315
7.49 -0.398177 -0.000114373
7.5 -0.430214 -0.000123259
7.51 -0.471118 -0.000134606
7.52 -0.517915 -0.000147587
7.53 -0.565427 -0.000161358
7.54 -0.611634 -0.000174969
7.55 -0.653294 -0.000187299
7.56 -0.685902 -0.00019699
7.57 -0.705322 -0.000202778
7.58 -0.711253 -0.000204548
7.59 -0.709111 -0.000203954
7.6 -0.706452 -0.000203216
7.61 -0.706903 -0.000203341
7.62 -0.707467 -0.000203498
7.63 -0.701777 -0.000201919
7.64 -0.685443 -0.000197389
7.65 -0.658604 -0.000189943
7.66 -0.625311 -0.000180708
7.67 -0.591058 -0.000171207
7.68 -0.558747 -0.000162244
7.69 -0.526963 -0.000153427
7.7 -0.493114 -0.000144038
7.71 -0.457234 -0.000134085
7.72 -0.421543 -0.000124184
7.73 -0.387158 -0.000114646
7.74 -0.353091 -0.000105197
7.75 -0.318949 -9.57257e-005
7.76 -0.286121 -8.66195e-005
7.77 -0.256226 -7.83268e-005
7.78 -0.229492 -7.0911e-005
7.79 -0.204322 -6.39291e-005
7.8 -0.178782 -5.68443e-005
7.81 -0.152778 -4.9631e-005
7.82 -0.129593 -4.31998e-005
7.83 -0.115227 -3.92146e-005
7.84 -0.115489 -3.92874e-005
7.85 -0.13165 -4.37703e-005
7.86 -0.160467 -5.17641e-005
7.87 -0.196877 -6.18638e-005
7.88 -0.235812 -7.26642e-005
7.89 -0.272747 -8.29096e-005
7.9 -0.303615 -9.14721e-005
7.91 -0.325389 -9.7512e-005
7.92 -0.337787 -0.000100951
7.93 -0.344027 -0.000102682
7.94 -0.349479 -0.000104195
7.95 -0.35853 -0.000106705
7.96 -0.372238 -0.000110508
7.97 -0.388708 -0.000115076
7.98 -0.405123 -0.00011963
7.99 -0.419853 -0.000123716
8 -0.433363 -0.000127463
8.01 -0.446507 -0.000131109
8.02 -0.457846 -0.000134255
8.03 -0.464069 -0.000135981
8.04 -0.463799 -0.000135906
8.05 -0.459642 -0.000134753
8.06 -0.455088 -0.00013349
8.07 -0.450295 -0.00013216
8.08 -0.442116 -0.000129891
8.09 -0.428239 -0.000126042
8.1 -0.409536 -0.000120854
8.11 -0.388257 -0.000114951
8.12 -0.366399 -0.000108888
8.13 -0.345268 -0.000103026
8.14 -0.324876 -9.73698e-005
8.15 -0.303391 -9.14101e-005
8.16 -0.277569 -8.42471e-005
8.17 -0.244118 -7.49682e-005
8.18 -0.201207 -6.3065e-005
8.19 -0.14903 -4.85913e-005
8.2 -0.0884522 -3.17876e-005
8.21 -0.0208627 -1.30387e-005
8.22 0.051732 7.32605e-006
8.23 0.130554 2.91907e-005
8.24 0.214184 5.2389e-005
8.25 0.300979 7.64653e-005
8.26 0.388176 0.000100653
8.27 0.473566 0.00012434
8.28 0.557643 0.000147662
8.29 0.635564 0.000169277
8.3 0.706296 0.000188897
8.31 0.724951 0.000205808
8.32 0.720864 0.000220403
8.33 0.717406 0.000232754
8.34 0.71452 0.000243061
8.35 0.712368 0.000250745
8.36 0.71088 0.000256061
8.37 0.709937 0.000259428
8.38 0.709322 0.000261624
8.39 0.708881 0.000263199
8.4 0.708544 0.000264405
8.41 0.708225 0.000265544
8.42 0.707762 0.000267198
8.43 0.707 0.000269919
8.44 0.705813 0.000274157
8.45 0.704111 0.000280236
8.46 0.701842 0.000288341
8.47 0.699058 0.000298281
8.48 0.695921 0.000309487
8.49 0.692475 0.000321792
8.5 0.688752 0.000335088
8.51 0.684842 0.000349053
8.52 0.68098 0.000362846
8.53 0.677591 0.000374952
8.54 0.67497 0.00038431
8.55 0.673134 0.000390868
8.56 0.671854 0.000395441
8.57 0.670718 0.000399496
8.58 0.669412 0.00040416
8.59 0.667855 0.00040972
8.6 0.666041 0.0004162
8.61 0.663804 0.000424191
8.62 0.660856 0.000434719
8.63 0.656974 0.000448582
8.64 0.65209 0.000466026
8.65 0.646179 0.000487136
8.66 0.639343 0.00051155
8.67 0.631749 0.000538673
8.68 0.623755 0.000567222
8.69 0.615658 0.000596141
8.7 0.607648 0.000624746
8.71 0.599769 0.000652886
8.72 0.592013 0.000680586
8.73 0.58464 0.000706917
8.74 0.578045 0.000730472
8.75 0.572216 0.000751288
8.76 0.566864 0.000770405
8.77 0.561667 0.000788964
8.78 0.556753 0.000806515
8.79 0.552575 0.000821436
8.8 0.549863 0.00083112
8.81 0.549185 0.000833544
8.82 0.545773 0.000828323
8.83 0.538087 0.000816558
8.84 0.527462 0.000800297
8.85 0.515849 0.000782522
8.86 0.505137 0.000766127
8.87 0.496205 0.000752455
8.88 0.488563 0.000740759
8.89 0.480867 0.00072898
8.9 0.47188 0.000715224
8.91 0.461117 0.00069875
8.92 0.448669 0.000679697
8.93 0.43468 0.000658287
8.94 0.419137 0.000634497
8.95 0.402002 0.00060827
8.96 0.383331 0.000579693
8.97 0.363147 0.0005488
8.98 0.341513 0.000515687
8.99 0.318777 0.000480889
9 0.295518 0.000445288
9.01 0.272322 0.000409786
9.02 0.249598 0.000375004
9.03 0.227468 0.000341133
9.04 0.205978 0.000308241
9.05 0.185365 0.000276691
9.06 0.165996 0.000247045
9.07 0.14814 0.000219716
9.08 0.131967 0.000194961
9.09 0.117459 0.000172755
9.1 0.10441 0.000152783
9.11 0.0926146 0.00013473
9.12 0.0821036 0.000118642
9.13 0.0727027 0.000104253
9.14 0.064137 9.11426e-005
9.15 0.0556875 7.82098e-005
9.16 0.0462706 6.37966e-005
9.17 0.0352223 4.68864e-005
9.18 0.0226273 2.76087e-005
9.19 0.00938846 7.34573e-006
9.2 -0.0202954 -1.26603e-005
9.21 -0.0878862 -3.14311e-005
9.22 -0.151482 -4.90926e-005
9.23 -0.214875 -6.66976e-005
9.24 -0.279912 -8.47591e-005
9.25 -0.345636 -0.000103011
9.26 -0.410008 -0.000120888
9.27 -0.472313 -0.000138191
9.28 -0.534219 -0.000155383
9.29 -0.599713 -0.000173572
9.3 -0.671454 -0.000193495
9.31 -0.746802 -0.000215183
9.32 -0.821921 -0.000237795
9.33 -0.896921 -0.000260567
9.34 -0.97217 -0.000283614
9.35 -1.04755 -0.000306909
9.36 -1.1242 -0.000330814
9.37 -1.20347 -0.000355772
9.38 -1.28564 -0.000381906
9.39 -1.36936 -0.000408817
9.4 -1.45376 -0.000436246
9.41 -1.53868 -0.00046416
9.42 -1.62719 -0.000493599
9.43 -1.71845 -0.000524336
9.44 -1.81129 -0.000556023
9.45 -1.90209 -0.000587434
9.46 -1.9872 -0.000617274
9.47 -2.06591 -0.000645223
9.48 -2.13825 -0.000671219
9.49 -2.20622 -0.00069593
9.5 -2.26929 -0.000719111
9.51 -2.32475 -0.000739701
9.52 -2.37001 -0.000756651
9.53 -2.40423 -0.000769556
9.54 -2.42918 -0.000779019
9.55 -2.44912 -0.000786608
9.56 -2.46694 -0.000793417
9.57 -2.48411 -0.000799997
9.58 -2.50113 -0.000806539
9.59 -2.51899 -0.000813428
9.6 -2.53884 -0.000821112
9.61 -2.56082 -0.000829652
9.62 -2.58241 -0.000838073
9.63 -2.60017 -0.000845031
9.64 -2.6129 -0.000850029
9.65 -2.62233 -0.000853741
9.66 -2.63153 -0.000857369
9.67 -2.64223 -0.000861596
9.68 -2.654 -0.000866257
9.69 -2.66479 -0.000870539
9.7 -2.67347 -0.00087399
9.71 -2.68078 -0.000876901
9.72 -2.68747 -0.000879571
9.73 -2.69331 -0.000881903
9.74 -2.69857 -0.000884006
9.75 -2.70486 -0.000886522
9.76 -2.71304 -0.000889801
9.77 -2.72128 -0.00089311
9.78 -2.72578 -0.000894916
9.79 -2.72263 -0.000894042
9.8 -2.70924 -0.00089033
9.81 -2.68838 -0.000884542
9.82 -2.66446 -0.000877908
9.83 -2.64201 -0.000871679
9.84 -2.62337 -0.000866509
9.85 -2.60808 -0.000862267
9.86 -2.59478 -0.00085858
9.87 -2.58259 -0.000855198
9.88 -2.57105 -0.000851997
9.89 -2.55947 -0.000848784
9.9 -2.54616 -0.000845093
9.91 -2.52972 -0.000840531
9.92 -2.51065 -0.000835242
9.93 -2.49071 -0.000829709
9.94 -2.47119 -0.000824296
9.95 -2.45208 -0.000818994
9.96 -2.43272 -0.000813626
9.97 -2.41267 -0.000808061
9.98 -2.39126 -0.000802123
9.99 -2.36666 -0.000795301
10 -2.33484 -0.000786473
