0.1 2.22265 -8.88178e-016 -5.55112e-016 -2.16831 -2.16831
0.2 4.44277 5.32907e-015 2.22045e-016 -4.3386 -4.3386
0.3 6.66034 -6.88338e-015 -1.55431e-015 -6.5109 -6.5109
0.4 8.87535 -8.88178e-015 -4.44089e-016 -8.68526 -8.68526
0.5 11.0878 -8.88178e-016 -1.77636e-015 -10.8617 -10.8617
0.6 13.3112 -1.02141e-014 -2.44249e-015 -13.0201 -13.0201
0.7 15.5297 -1.02141e-014 -1.9984e-015 -15.1226 -15.1226
0.8 17.6973 1.59872e-014 9.76996e-015 -17.2173 -17.2173
0.9 19.8343 8.88178e-016 -3.55271e-015 -19.3177 -19.3177
1 21.9433 7.99361e-015 -5.32907e-015 -21.3733 -21.3733
0.01 21.9433 1.20797e-011 3.24185e-012 -21.3733 -21.3733
0.02 21.9433 -9.31788e-010 -2.96464e-010 -21.3733 -21.3733
0.03 21.9433 6.80359e-010 2.7134e-010 -21.3733 -21.3733
0.04 21.9433 -4.06915e-010 -2.05443e-010 -21.3733 -21.3733
0.05 21.9433 2.49685e-010 1.69564e-010 -21.3733 -21.3733
0.06 21.9433 -1.64035e-010 -1.422e-010 -21.3734 -21.3734
0.07 21.9433 1.07089e-010 1.32191e-010 -21.3734 -21.3734
0.08 21.9433 -7.18274e-011 -1.2774e-010 -21.3734 -21.3734
0.09 21.9433 4.8002e-011 1.27938e-010 -21.3733 -21.3733
0.1 21.9433 -6.52611e-011 -1.07174e-010 -21.3733 -21.3733
0.11 21.9433 4.50187e-011 1.09496e-010 -21.3733 -21.3733
0.12 21.9433 -3.24105e-011 -1.10014e-010 -21.3733 -21.3733
0.13 21.9433 2.27085e-011 1.06904e-010 -21.3733 -21.3733
0.14 21.9433 -2.23404e-011 -1.17439e-010 -21.3733 -21.3733
0.15 21.9433 1.68239e-011 1.13623e-010 -21.3733 -21.3733
0.16 21.9433 -4.08469e-011 -1.6618e-010 -21.3733 -21.3733
0.17 21.9433 2.87979e-011 1.58157e-010 -21.3733 -21.3733
0.18 21.9433 -2.07803e-011 -1.5366e-010 -21.3733 -21.3733
0.19 21.9433 -1.75003e-010 3.62331e-010 -21.3733 -21.3733
0.2 21.9433 1.17856e-010 -3.31593e-010 -21.3733 -21.3733
0.21 21.9433 -9.45715e-011 3.26982e-010 -21.3733 -21.3733
0.22 21.9433 2.78684e-011 -2.6843e-010 -21.3733 -21.3733
0.23 21.9433 -2.67324e-011 2.73811e-010 -21.3733 -21.3733
0.24 21.9433 -7.66516e-011 -2.01542e-010 -21.3733 -21.3733
0.25 21.9433 4.86287e-011 2.09892e-010 -21.3733 -21.3733
0.26 21.9433 -3.43214e-011 -2.16279e-010 -21.3733 -21.3733
0.27 21.9433 2.54285e-011 2.21477e-010 -21.3734 -21.3734
0.28 21.9433 -2.60201e-011 -2.20489e-010 -21.3734 -21.3734
0.29 21.9433 2.83378e-011 2.19343e-010 -21.3733 -21.3733
0.3 21.9433 -2.41713e-011 -2.22777e-010 -21.3733 -21.3733
0.31 21.9433 9.19043e-012 2.20145e-010 -21.3733 -21.3733
0.32 21.9433 -3.25495e-010 4.86189e-011 -21.3733 -21.3733
0.33 21.9433 3.13043e-011 1.30406e-010 -21.3733 -21.3733
0.34 21.9433 -1.00596e-010 -1.25001e-010 -21.3733 -21.3733
0.35 21.9433 8.06346e-011 1.17129e-010 -21.3733 -21.3733
0.36 21.9433 -6.13074e-011 -1.13173e-010 -21.3733 -21.3733
0.37 21.9433 4.67701e-011 1.10945e-010 -21.3733 -21.3733
0.38 21.9433 -3.44329e-011 -1.08378e-010 -21.3733 -21.3733
0.39 21.9433 2.41269e-011 1.03225e-010 -21.3733 -21.3733
0.4 21.9433 -1.7895e-011 -1.00043e-010 -21.3733 -21.3733
0.41 21.9433 1.41633e-011 9.68745e-011 -21.3733 -21.3733
0.42 21.9433 -1.15703e-011 -9.36828e-011 -21.3733 -21.3733
0.43 21.9433 9.30234e-012 9.38631e-011 -21.3733 -21.3733
0.44 21.9433 -7.12719e-012 -9.39928e-011 -21.3733 -21.3733
0.45 21.9433 5.44365e-012 9.39204e-011 -21.3733 -21.3733
0.46 21.9433 -4.20375e-012 -9.37659e-011 -21.3733 -21.3733
0.47 21.9433 5.52847e-012 9.01399e-011 -21.3733 -21.3733
0.48 21.9433 -5.79403e-012 -8.99361e-011 -21.3733 -21.3733
0.49 21.9433 2.45715e-012 9.30509e-011 -21.3733 -21.3733
0.5 21.9433 -1.06759e-012 -9.8149e-011 -21.3733 -21.3733
0.51 21.9433 1.3789e-012 9.99818e-011 -21.3733 -21.3733
0.52 21.9433 -1.97353e-012 -9.95506e-011 -21.3733 -21.3733
0.53 21.9433 -1.28475e-012 9.99925e-011 -21.3733 -21.3733
0.54 21.9433 3.76277e-012 -9.88547e-011 -21.3733 -21.3733
0.55 21.9433 -3.39861e-012 9.75247e-011 -21.3733 -21.3733
0.56 21.9433 4.4853e-013 -9.61942e-011 -21.3733 -21.3733
0.57 21.9433 2.25198e-012 9.41833e-011 -21.3733 -21.3733
0.58 21.9433 -2.04459e-012 -9.3844e-011 -21.3733 -21.3733
0.59 21.9433 -3.04645e-013 9.37272e-011 -21.3733 -21.3733
0.6 21.9433 2.05658e-012 -9.35807e-011 -21.3733 -21.3733
0.61 21.9433 -1.46905e-012 9.34515e-011 -21.3733 -21.3733
0.62 21.9433 1.41531e-012 -9.4718e-011 -21.3733 -21.3733
0.63 21.9433 -1.49303e-012 9.47873e-011 -21.3733 -21.3733
0.64 21.9433 -4.11715e-012 -9.8153e-011 -21.3733 -21.3733
0.65 21.9433 8.55271e-012 1.01555e-010 -21.3733 -21.3733
0.66 21.9433 -5.87841e-012 -9.39786e-011 -21.3733 -21.3733
0.67 21.9433 6.33005e-012 8.46772e-011 -21.3733 -21.3733
0.68 21.9433 -6.89226e-012 -8.04916e-011 -21.3733 -21.3733
0.69 21.9433 4.59899e-012 7.96025e-011 -21.3733 -21.3733
0.7 21.9433 -3.44569e-012 -8.00924e-011 -21.3733 -21.3733
0.71 21.9433 -6.25455e-012 7.38893e-011 -21.3733 -21.3733
0.72 21.9433 1.35061e-011 -6.88778e-011 -21.3733 -21.3733
0.73 21.9433 -1.06386e-011 7.01581e-011 -21.3733 -21.3733
0.74 21.9433 8.70903e-012 -6.05054e-011 -21.3733 -21.3733
0.75 21.9433 -5.97211e-012 4.98956e-011 -21.3733 -21.3733
0.76 21.9433 1.2732e-012 -4.98517e-011 -21.3733 -21.3733
0.77 21.9433 -5.57332e-013 4.9535e-011 -21.3733 -21.3733
0.78 21.9433 -1.06675e-011 -5.62617e-011 -21.3733 -21.3733
0.79 21.9433 2.15388e-011 5.89857e-011 -21.3733 -21.3733
0.8 21.9433 -1.80647e-011 -5.3646e-011 -21.3733 -21.3733
0.81 21.9433 9.39737e-012 5.58154e-011 -21.3733 -21.3733
0.82 21.9433 -1.84786e-012 -5.79363e-011 -21.3733 -21.3733
0.83 21.9433 6.79901e-013 5.69664e-011 -21.3733 -21.3733
0.84 21.9433 7.4829e-013 -5.63074e-011 -21.3733 -21.3733
0.85 21.9433 -1.7395e-012 5.57465e-011 -21.3733 -21.3733
0.86 21.9433 1.07647e-012 -5.5699e-011 -21.3733 -21.3733
0.87 21.9433 -4.76064e-013 5.23865e-011 -21.3733 -21.3733
0.88 21.9433 5.86198e-014 -4.94031e-011 -21.3733 -21.3733
0.89 21.9433 -7.06546e-013 4.81557e-011 -21.3733 -21.3733
0.9 21.9433 4.34897e-012 -4.11107e-011 -21.3733 -21.3733
0.91 21.9433 -9.05231e-012 3.64966e-011 -21.3733 -21.3733
0.92 21.9433 6.3749e-012 -3.21165e-011 -21.3733 -21.3733
0.93 21.9433 -1.78169e-012 2.87672e-011 -21.3733 -21.3733
0.94 21.9433 2.00329e-012 -3.45182e-011 -21.3733 -21.3733
0.95 21.9433 -5.73941e-012 3.9484e-011 -21.3733 -21.3733
0.96 21.9433 7.53841e-012 -4.07976e-011 -21.3733 -21.3733
0.97 21.9433 -4.63629e-012 4.16307e-011 -21.3733 -21.3733
0.98 21.9433 9.72067e-012 -4.53912e-011 -21.3733 -21.3733
0.99 21.9433 -1.18514e-011 4.86868e-011 -21.3733 -21.3733
1 21.9433 1.44951e-011 -4.78244e-011 -21.3733 -21.3733
1.01 21.9433 -2.3836e-011 4.3606e-011 -21.3733 -21.3733
1.02 21.9433 3.0099e-011 -3.28773e-011 -21.3733 -21.3733
1.03 21.9433 -3.1366e-011 2.31579e-011 -21.3733 -21.3733
1.04 21.9433 2.63074e-011 -2.19966e-011 -21.3733 -21.3733
1.05 21.9433 -2.10032e-011 2.75033e-011 -21.3733 -21.3733
1.06 21.9433 1.81526e-011 -3.07239e-011 -21.3733 -21.3733
1.07 21.9433 -1.36646e-011 3.04197e-011 -21.3733 -21.3733
1.08 21.9433 1.03406e-011 -3.02594e-011 -21.3733 -21.3733
1.09 21.9433 -7.81553e-012 3.01652e-011 -21.3733 -21.3733
1.1 21.9433 9.80593e-012 -3.34226e-011 -21.3733 -21.3733
1.11 21.9433 -1.13713e-011 3.65459e-011 -21.3733 -21.3733
1.12 21.9433 6.9349e-012 -3.29603e-011 -21.3733 -21.3733
1.13 21.9433 -1.31051e-012 2.71174e-011 -21.3733 -21.3733
1.14 21.9433 4.17222e-012 -2.73079e-011 -21.3733 -21.3733
1.15 21.9433 -9.32721e-012 3.16733e-011 -21.3733 -21.3733
1.16 21.9433 5.9992e-012 -3.18638e-011 -21.3733 -21.3733
1.17 21.9433 -7.48823e-012 2.82467e-011 -21.3733 -21.3733
1.18 21.9433 7.80398e-012 -2.51306e-011 -21.3733 -21.3733
1.19 21.9433 -3.19345e-012 2.28946e-011 -21.3733 -21.3733
1.2 21.9433 2.53975e-012 -1.69846e-011 -21.3733 -21.3733
1.21 21.9433 -2.34612e-012 1.25997e-011 -21.3733 -21.3733
1.22 21.9433 -4.583e-012 -8.5385e-012 -21.3733 -21.3733
1.23 21.9433 1.03082e-011 8.00959e-012 -21.3733 -21.3733
1.24 21.9433 -1.3356e-011 -4.61675e-012 -21.3733 -21.3733
1.25 21.9433 2.36899e-011 -7.85327e-012 -21.3733 -21.3733
1.26 21.9433 -2.32165e-011 1.3701e-011 -21.3733 -21.3733
1.27 21.9433 1.02922e-011 -1.90776e-011 -21.3733 -21.3733
1.28 21.9433 -4.02167e-012 3.54188e-011 -21.3733 -21.3733
1.29 21.9433 6.89981e-012 -5.4786e-011 -21.3733 -21.3733
1.3 21.9433 -6.14353e-012 6.19909e-011 -21.3733 -21.3733
1.31 21.9433 3.8205e-012 -6.0457e-011 -21.3733 -21.3733
1.32 21.9433 -2.88658e-012 5.9456e-011 -21.3733 -21.3733
1.33 21.9433 -8.95728e-013 -5.54481e-011 -21.3733 -21.3733
1.34 21.9433 1.37979e-012 5.18035e-011 -21.3733 -21.3733
1.35 21.9433 -1.72307e-012 -5.20055e-011 -21.3733 -21.3733
1.36 21.9433 -6.68932e-012 5.07798e-011 -21.3733 -21.3733
1.37 21.9433 1.39408e-011 -5.76068e-011 -21.3733 -21.3733
1.38 21.9433 -1.58002e-011 7.08678e-011 -21.3733 -21.3733
1.39 21.9433 1.91753e-011 -7.69296e-011 -21.3733 -21.3733
1.4 21.9433 -1.09313e-011 7.43703e-011 -21.3733 -21.3733
1.41 21.9433 3.41949e-012 -7.12226e-011 -21.3733 -21.3733
1.42 21.9433 -4.34319e-013 7.42153e-011 -21.3733 -21.3733
1.43 21.9433 -4.62741e-013 -7.43858e-011 -21.3733 -21.3733
1.44 21.9433 -4.13003e-013 7.24345e-011 -21.3733 -21.3733
1.45 21.9433 -9.72999e-013 -7.20952e-011 -21.3733 -21.3733
1.46 21.9433 -2.77156e-012 7.86318e-011 -21.3733 -21.3733
1.47 21.9433 8.71259e-012 -8.62488e-011 -21.3733 -21.3733
1.48 21.9433 -4.95204e-012 8.68012e-011 -21.3733 -21.3733
1.49 21.9433 5.84199e-012 -8.65392e-011 -21.3733 -21.3733
1.5 21.9433 -7.50644e-012 8.78129e-011 -21.3733 -21.3733
1.51 21.9433 7.71294e-012 -9.11919e-011 -21.3733 -21.3733
1.52 21.9433 -2.84039e-012 9.56129e-011 -21.3733 -21.3733
1.53 21.9433 -1.92735e-013 -1.00172e-010 -21.3733 -21.3733
1.54 21.9433 6.14575e-012 1.02959e-010 -21.3733 -21.3733
1.55 21.9433 -1.58695e-011 -1.12225e-010 -21.3733 -21.3733
1.56 21.9433 2.26521e-011 1.20708e-010 -21.3733 -21.3733
1.57 21.9433 -1.29967e-011 -1.19072e-010 -21.3733 -21.3733
1.58 21.9433 3.24896e-012 1.1762e-010 -21.3733 -21.3733
1.59 21.9433 -2.44293e-012 -1.18598e-010 -21.3733 -21.3733
1.6 21.9433 6.26921e-012 1.2185e-010 -21.3733 -21.3733
1.61 21.9433 -1.23332e-011 -1.25861e-010 -21.3733 -21.3733
1.62 21.9433 8.75033e-012 1.28006e-010 -21.3733 -21.3733
1.63 21.9433 -5.74385e-012 -1.26795e-010 -21.3733 -21.3733
1.64 21.9433 6.22302e-012 1.26209e-010 -21.3733 -21.3733
1.65 21.9433 -2.20712e-012 -1.27641e-010 -21.3733 -21.3733
1.66 21.9433 -3.80274e-012 1.40626e-010 -21.3733 -21.3733
1.67 21.9433 6.7395e-012 -1.6071e-010 -21.3733 -21.3733
1.68 21.9433 -3.01315e-012 1.65338e-010 -21.3733 -21.3733
1.69 21.9433 3.47589e-012 -1.60472e-010 -21.3733 -21.3733
1.7 21.9433 -9.14824e-013 1.56889e-010 -21.3733 -21.3733
1.71 21.9433 -3.24674e-012 -1.55744e-010 -21.3733 -21.3733
1.72 21.9433 4.32676e-012 1.57857e-010 -21.3733 -21.3733
1.73 21.9433 -4.51461e-012 -1.60183e-010 -21.3733 -21.3733
1.74 21.9433 -3.44036e-012 1.70943e-010 -21.3733 -21.3733
1.75 21.9433 5.1954e-012 -1.73989e-010 -21.3733 -21.3733
1.76 21.9433 1.10001e-012 1.64728e-010 -21.3733 -21.3733
1.77 21.9433 -1.25215e-011 -1.4248e-010 -21.3733 -21.3733
1.78 21.9433 1.82121e-011 1.25265e-010 -21.3733 -21.3733
1.79 21.9433 -2.96607e-011 -1.36682e-010 -21.3733 -21.3733
1.8 21.9433 4.54494e-011 1.60333e-010 -21.3733 -21.3733
1.81 21.9433 -3.82956e-011 -1.65119e-010 -21.3733 -21.3733
1.82 21.9433 2.71574e-011 1.53926e-010 -21.3733 -21.3733
1.83 21.9433 -2.74074e-011 -1.5558e-010 -21.3733 -21.3733
1.84 21.9433 2.61955e-011 1.55941e-010 -21.3733 -21.3733
1.85 21.9433 -2.13283e-011 -1.52107e-010 -21.3733 -21.3733
1.86 21.9433 1.53109e-011 1.44282e-010 -21.3733 -21.3733
1.87 21.9433 -1.06506e-011 -1.52225e-010 -21.3733 -21.3733
1.88 21.9433 6.8523e-012 1.62271e-010 -21.3733 -21.3733
1.89 21.9433 -1.89893e-012 -1.58272e-010 -21.3733 -21.3733
1.9 21.9433 2.41496e-012 1.58875e-010 -21.3733 -21.3733
1.91 21.9433 -2.66764e-012 -1.58962e-010 -21.3733 -21.3733
1.92 21.9433 -2.88658e-012 1.5808e-010 -21.3733 -21.3733
1.93 21.9433 7.62679e-012 -1.57304e-010 -21.3733 -21.3733
1.94 21.9433 -7.24487e-012 1.68735e-010 -21.3733 -21.3733
1.95 21.9433 6.45084e-012 -1.78148e-010 -21.3733 -21.3733
1.96 21.9433 1.75415e-012 1.75304e-010 -21.3733 -21.3733
1.97 21.9433 -5.95346e-012 -1.63904e-010 -21.3733 -21.3733
1.98 21.9433 -2.26485e-012 1.51738e-010 -21.3733 -21.3733
1.99 21.9433 2.09432e-012 -1.55462e-010 -21.3733 -21.3733
2 21.9433 1.29319e-012 1.53594e-010 -21.3733 -21.3733
2.01 21.9433 -2.59925e-012 -1.63034e-010 -21.3733 -21.3733
2.02 21.9433 2.01572e-012 1.73477e-010 -21.3733 -21.3733
2.03 21.9433 -6.26743e-012 -1.75357e-010 -21.3733 -21.3733
2.04 21.9433 1.07829e-011 1.83402e-010 -21.3733 -21.3733
2.05 21.9433 -1.08429e-011 -1.72375e-010 -21.3733 -21.3733
2.06 21.9433 1.17373e-011 1.6152e-010 -21.3733 -21.3733
2.07 21.9433 -5.08127e-012 -1.66831e-010 -21.3733 -21.3733
2.08 21.9433 7.49889e-012 1.7087e-010 -21.3733 -21.3733
2.09 21.9433 -1.95923e-011 -1.71265e-010 -21.3733 -21.3733
2.1 21.9433 2.18439e-011 1.70818e-010 -21.3733 -21.3733
2.11 21.9433 -1.84439e-011 -1.60615e-010 -21.3733 -21.3733
2.12 21.9433 1.12244e-011 1.56411e-010 -21.3733 -21.3733
2.13 21.9433 -5.07372e-012 -1.61259e-010 -21.3733 -21.3733
2.14 21.9433 2.27196e-012 1.67664e-010 -21.3733 -21.3733
2.15 21.9433 2.081e-012 -1.7549e-010 -21.3733 -21.3733
2.16 21.9433 -2.40341e-012 1.75898e-010 -21.3733 -21.3733
2.17 21.9433 4.22595e-012 -1.79202e-010 -21.3733 -21.3733
2.18 21.9433 -4.51994e-012 1.84593e-010 -21.3733 -21.3733
2.19 21.9433 -4.62075e-012 -1.81205e-010 -21.3733 -21.3733
2.2 21.9433 8.3995e-012 1.74356e-010 -21.3733 -21.3733
2.21 21.9433 -5.67901e-012 -1.71164e-010 -21.3733 -21.3733
2.22 21.9433 5.00799e-012 1.69494e-010 -21.3733 -21.3733
2.23 21.9433 -1.16227e-011 -1.67142e-010 -21.3733 -21.3733
2.24 21.9433 5.45475e-012 1.62196e-010 -21.3733 -21.3733
2.25 21.9433 4.11315e-012 -1.56705e-010 -21.3733 -21.3733
2.26 21.9433 4.01901e-013 -3.57763e-011 -21.3733 -21.3733
2.27 21.9433 -6.11955e-012 1.85537e-010 -21.3733 -21.3733
2.28 21.9433 -5.51692e-012 1.97791e-010 -21.3733 -21.3733
2.29 21.9433 -1.94689e-012 -1.22612e-010 -21.3733 -21.3733
2.3 21.9433 8.8729e-013 1.43265e-010 -21.3733 -21.3733
2.31 21.9433 -3.69926e-013 -1.47821e-010 -21.3733 -21.3733
2.32 21.9433 -5.68745e-012 1.58432e-010 -21.3733 -21.3733
2.33 21.9433 1.57425e-011 -1.65857e-010 -21.3733 -21.3733
2.34 21.9433 -1.81877e-011 1.64895e-010 -21.3733 -21.3733
2.35 21.9433 1.20228e-011 -1.55295e-010 -21.3733 -21.3733
2.36 21.9433 -3.39595e-012 1.60111e-010 -21.3733 -21.3733
2.37 21.9433 -2.32703e-013 -1.80284e-010 -21.3733 -21.3733
2.38 21.9433 2.9865e-012 1.72392e-010 -21.3733 -21.3733
2.39 21.9433 -7.82308e-012 -1.61497e-010 -21.3733 -21.3733
2.4 21.9433 1.38654e-011 1.7802e-010 -21.3733 -21.3733
2.41 21.9433 -2.31504e-011 -1.94838e-010 -21.3733 -21.3733
2.42 21.9433 1.85247e-011 1.99121e-010 -21.3733 -21.3733
2.43 21.9433 -1.0103e-011 -1.961e-010 -21.3733 -21.3733
2.44 21.9433 1.05245e-011 1.94984e-010 -21.3733 -21.3733
2.45 21.9433 -8.00826e-012 -1.95132e-010 -21.3733 -21.3733
2.46 21.9433 8.07132e-012 1.90722e-010 -21.3733 -21.3733
2.47 21.9433 -5.79314e-012 -1.8515e-010 -21.3733 -21.3733
2.48 21.9433 4.25127e-012 1.84884e-010 -21.3733 -21.3733
2.49 21.9433 -3.81561e-012 -1.84418e-010 -21.3733 -21.3733
2.5 21.9433 5.16609e-012 1.82779e-010 -21.3733 -21.3733
2.51 21.9433 -1.24936e-011 -1.89709e-010 -21.3733 -21.3733
2.52 21.9433 8.13616e-012 2.04878e-010 -21.3733 -21.3733
2.53 21.9433 6.56186e-012 -2.1031e-010 -21.3733 -21.3733
2.54 21.9433 -3.25917e-012 2.13785e-010 -21.3733 -21.3733
2.55 21.9433 3.27516e-012 -2.2467e-010 -21.3733 -21.3733
2.56 21.9433 -4.64384e-012 2.26922e-010 -21.3733 -21.3733
2.57 21.9433 1.60849e-012 -2.23982e-010 -21.3733 -21.3733
2.58 21.9433 -7.915e-012 2.32947e-010 -21.3733 -21.3733
2.59 21.9433 2.36202e-011 -2.31026e-010 -21.3733 -21.3733
2.6 21.9433 -1.64806e-011 2.15182e-010 -21.3733 -21.3733
2.61 21.9433 4.10472e-012 -2.13296e-010 -21.3733 -21.3733
2.62 21.9433 -4.19176e-012 2.23866e-010 -21.3733 -21.3733
2.63 21.9433 1.76748e-012 -2.30882e-010 -21.3733 -21.3733
2.64 21.9433 3.9666e-012 2.33481e-010 -21.3733 -21.3733
2.65 21.9433 -2.86926e-012 -2.33709e-010 -21.3733 -21.3733
2.66 21.9433 8.8729e-013 2.32539e-010 -21.3733 -21.3733
2.67 21.9433 1.43929e-012 -2.27417e-010 -21.3733 -21.3733
2.68 21.9433 -7.77423e-012 2.10331e-010 -21.3733 -21.3733
2.69 21.9433 5.16609e-012 -2.0223e-010 -21.3733 -21.3733
2.7 21.9433 1.70708e-012 1.93839e-010 -21.3733 -21.3733
2.71 21.9433 -5.34417e-012 -1.84145e-010 -21.3733 -21.3733
2.72 21.9433 4.95692e-012 1.84854e-010 -21.3733 -21.3733
2.73 21.9433 5.19895e-012 -1.77054e-010 -21.3733 -21.3733
2.74 21.9433 -9.78062e-012 1.78136e-010 -21.3733 -21.3733
2.75 21.9433 1.88853e-011 -1.95653e-010 -21.3733 -21.3733
2.76 21.9433 -1.77702e-011 2.00745e-010 -21.3733 -21.3733
2.77 21.9433 2.05209e-011 -2.03483e-010 -21.3733 -21.3733
2.78 21.9433 -2.44875e-011 1.93849e-010 -21.3733 -21.3733
2.79 21.9433 8.70237e-012 -1.90809e-010 -21.3733 -21.3733
2.8 21.9433 -1.08931e-011 2.22063e-010 -21.3733 -21.3733
2.81 21.9433 2.15294e-012 -2.20525e-010 -21.3733 -21.3733
2.82 21.9433 1.2911e-011 2.07148e-010 -21.3733 -21.3733
2.83 21.9433 -1.37867e-011 -2.03415e-010 -21.3733 -21.3733
2.84 21.9433 1.77689e-011 1.98736e-010 -21.3733 -21.3733
2.85 21.9433 -2.30251e-011 -1.99834e-010 -21.3733 -21.3733
2.86 21.9433 2.56555e-011 2.03764e-010 -21.3733 -21.3733
2.87 21.9433 -1.38547e-011 -2.06632e-010 -21.3733 -21.3733
2.88 21.9433 -1.24891e-011 1.89327e-010 -21.3733 -21.3733
2.89 21.9433 1.83067e-011 -1.8443e-010 -21.3733 -21.3733
2.9 21.9433 -4.21929e-012 1.95484e-010 -21.3733 -21.3733
2.91 21.9433 -1.40301e-011 -2.03957e-010 -21.3733 -21.3733
2.92 21.9433 1.99183e-011 2.10133e-010 -21.3733 -21.3733
2.93 21.9433 -1.00435e-011 -2.08721e-010 -21.3733 -21.3733
2.94 21.9433 3.78275e-012 2.0879e-010 -21.3733 -21.3733
2.95 21.9433 -1.53566e-012 -2.04746e-010 -21.3733 -21.3733
2.96 21.9433 -8.12506e-012 1.98715e-010 -21.3733 -21.3733
2.97 21.9433 7.23954e-012 -2.00929e-010 -21.3733 -21.3733
2.98 21.9433 -3.78453e-012 1.97502e-010 -21.3733 -21.3733
2.99 21.9433 6.20437e-012 -1.7923e-010 -21.3733 -21.3733
3 21.9433 -2.72848e-012 1.66354e-010 -21.3733 -21.3733
3.01 21.9433 4.43201e-012 -1.70164e-010 -21.3733 -21.3733
3.02 21.9433 2.6259e-012 1.77176e-010 -21.3733 -21.3733
3.03 21.9433 -8.59313e-013 -1.74019e-010 -21.3733 -21.3733
3.04 21.9433 -1.95137e-011 1.61519e-010 -21.3733 -21.3733
3.05 21.9433 2.70006e-011 -1.52877e-010 -21.3733 -21.3733
3.06 21.9433 -2.08598e-011 1.6304e-010 -21.3733 -21.3733
3.07 21.9433 1.89888e-011 -1.61672e-010 -21.3733 -21.3733
3.08 21.9433 -1.98823e-011 1.55929e-010 -21.3733 -21.3733
3.09 21.9433 1.49609e-011 -1.62457e-010 -21.3733 -21.3733
3.1 21.9433 -1.06799e-011 1.69993e-010 -21.3733 -21.3733
3.11 21.9433 7.61791e-012 -1.72903e-010 -21.3733 -21.3733
3.12 21.9433 -6.34826e-012 1.69102e-010 -21.3733 -21.3733
3.13 21.9433 4.0008e-012 -1.70238e-010 -21.3733 -21.3733
3.14 21.9433 -2.40608e-012 1.78903e-010 -21.3733 -21.3733
3.15 21.9433 -7.54508e-013 -1.91122e-010 -21.3733 -21.3733
3.16 21.9433 7.62723e-012 1.96414e-010 -21.3733 -21.3733
3.17 21.9433 -4.66116e-012 -1.91777e-010 -21.3733 -21.3733
3.18 21.9433 1.74962e-011 1.82004e-010 -21.3733 -21.3733
3.19 21.9433 -1.95399e-011 -1.7739e-010 -21.3733 -21.3733
3.2 21.9433 4.12781e-012 1.80442e-010 -21.3733 -21.3733
3.21 21.9433 -9.31299e-012 -1.87438e-010 -21.3733 -21.3733
3.22 21.9433 1.90279e-011 1.82705e-010 -21.3733 -21.3733
3.23 21.9433 -1.99067e-011 -1.80058e-010 -21.3733 -21.3733
3.24 21.9433 3.40634e-011 1.82519e-010 -21.3733 -21.3733
3.25 21.9433 -3.58207e-011 -1.63693e-010 -21.3733 -21.3733
3.26 21.9433 1.57443e-011 1.46737e-010 -21.3733 -21.3733
3.27 21.9433 -9.72689e-012 -1.43159e-010 -21.3733 -21.3733
3.28 21.9433 2.41172e-011 1.39075e-010 -21.3733 -21.3733
3.29 21.9433 -3.21747e-011 -1.42844e-010 -21.3733 -21.3733
3.3 21.9433 2.43388e-011 1.43728e-010 -21.3733 -21.3733
3.31 21.9433 -1.63669e-011 -1.358e-010 -21.3733 -21.3733
3.32 21.9433 9.84102e-012 1.25963e-010 -21.3733 -21.3733
3.33 21.9433 -3.27427e-012 -1.14349e-010 -21.3733 -21.3733
3.34 21.9433 9.39249e-013 9.93068e-011 -21.3733 -21.3733
3.35 21.9433 -1.9873e-012 -1.08798e-010 -21.3733 -21.3733
3.36 21.9433 -4.3654e-013 1.1968e-010 -21.3733 -21.3733
3.37 21.9433 2.43316e-012 -1.20222e-010 -21.3733 -21.3733
3.38 21.9433 -3.90799e-012 1.31349e-010 -21.3733 -21.3733
3.39 21.9433 3.35998e-012 -1.24089e-010 -21.3733 -21.3733
3.4 21.9433 2.02105e-012 1.10189e-010 -21.3733 -21.3733
3.41 21.9433 -3.76765e-012 -1.1112e-010 -21.3733 -21.3733
3.42 21.9433 3.22853e-013 1.18913e-010 -21.3733 -21.3733
3.43 21.9433 1.77547e-012 -1.24178e-010 -21.3733 -21.3733
3.44 21.9433 -2.61924e-012 1.16889e-010 -21.3733 -21.3733
3.45 21.9433 -2.85327e-012 -1.09029e-010 -21.3733 -21.3733
3.46 21.9433 4.12603e-012 1.03754e-010 -21.3733 -21.3733
3.47 21.9433 -4.03677e-013 -1.06019e-010 -21.3733 -21.3733
3.48 21.9433 8.88223e-012 1.30507e-010 -21.3733 -21.3733
3.49 21.9433 -1.40536e-011 -1.47269e-010 -21.3733 -21.3733
3.5 21.9433 1.10871e-011 1.47009e-010 -21.3733 -21.3733
3.51 21.9433 -1.24101e-011 -1.35014e-010 -21.3733 -21.3733
3.52 21.9433 2.04352e-011 1.00234e-010 -21.3733 -21.3733
3.53 21.9433 -2.09206e-011 -7.51106e-011 -21.3733 -21.3733
3.54 21.9433 1.14686e-011 7.51808e-011 -21.3733 -21.3733
3.55 21.9433 -1.27773e-011 -7.08202e-011 -21.3733 -21.3733
3.56 21.9433 7.23732e-012 6.48432e-011 -21.3733 -21.3733
3.57 21.9433 -3.4861e-012 -6.47922e-011 -21.3733 -21.3733
3.58 21.9433 3.1708e-012 6.6164e-011 -21.3733 -21.3733
3.59 21.9433 -2.78533e-012 -6.88982e-011 -21.3733 -21.3733
3.6 21.9433 2.52731e-012 7.08678e-011 -21.3733 -21.3733
3.61 21.9433 -2.44382e-012 -6.96239e-011 -21.3733 -21.3733
3.62 21.9433 1.94822e-011 8.06852e-011 -21.3733 -21.3733
3.63 21.9433 -8.74101e-012 -7.49041e-011 -21.3733 -21.3733
3.64 21.9433 1.13078e-011 7.63407e-011 -21.3733 -21.3733
3.65 21.9433 -2.99569e-011 -1.03989e-010 -21.3733 -21.3733
3.66 21.9433 2.50164e-011 1.09388e-010 -21.3733 -21.3733
3.67 21.9433 -1.01457e-011 -8.94205e-011 -21.3733 -21.3733
3.68 21.9433 -7.75646e-012 7.34488e-011 -21.3733 -21.3733
3.69 21.9433 6.04317e-012 -6.74918e-011 -21.3733 -21.3733
3.7 21.9433 -1.29035e-011 4.92566e-011 -21.3733 -21.3733
3.71 21.9433 1.92721e-011 -5.10507e-011 -21.3733 -21.3733
3.72 21.9433 -1.83804e-011 7.97726e-011 -21.3733 -21.3733
3.73 21.9433 8.32712e-012 -1.12635e-010 -21.3733 -21.3733
3.74 21.9433 -3.15703e-012 1.23944e-010 -21.3733 -21.3733
3.75 21.9433 1.88027e-012 -1.02738e-010 -21.3733 -21.3733
3.76 21.9433 -3.29559e-012 9.16005e-011 -21.3733 -21.3733
3.77 21.9433 1.74429e-011 -1.06366e-010 -21.3733 -21.3733
3.78 21.9433 -1.56706e-011 1.13182e-010 -21.3733 -21.3733
3.79 21.9433 1.21627e-011 -1.2476e-010 -21.3733 -21.3733
3.8 21.9433 -2.16884e-011 1.43166e-010 -21.3733 -21.3733
3.81 21.9433 2.44276e-011 -1.43512e-010 -21.3733 -21.3733
3.82 21.9433 -1.16902e-011 1.35433e-010 -21.3733 -21.3733
3.83 21.9433 1.14371e-011 -1.38777e-010 -21.3733 -21.3733
3.84 21.9433 -1.02913e-011 1.41225e-010 -21.3733 -21.3733
3.85 21.9433 2.46598e-011 -1.3184e-010 -21.3733 -21.3733
3.86 21.9433 -1.36064e-011 1.35642e-010 -21.3733 -21.3733
3.87 21.9433 1.17799e-011 -1.46901e-010 -21.3733 -21.3733
3.88 21.9433 -3.65379e-011 1.30153e-010 -21.3733 -21.3733
3.89 21.9433 1.52793e-011 -1.36114e-010 -21.3733 -21.3733
3.9 21.9433 -1.17599e-011 1.2423e-010 -21.3733 -21.3733
3.91 21.9433 9.32765e-012 -1.26406e-010 -21.3733 -21.3733
3.92 21.9433 1.12843e-012 1.344e-010 -21.3733 -21.3733
3.93 21.9433 1.21738e-011 -1.20921e-010 -21.3733 -21.3733
3.94 21.9433 1.06404e-012 1.32923e-010 -21.3733 -21.3733
3.95 21.9433 -1.27187e-011 -1.34469e-010 -21.3733 -21.3733
3.96 21.9433 2.78044e-012 1.30855e-010 -21.3733 -21.3733
3.97 21.9433 -2.65965e-012 -1.41177e-010 -21.3733 -21.3733
3.98 21.9433 -3.80806e-012 1.53769e-010 -21.3733 -21.3733
3.99 21.9433 1.6839e-011 -1.59344e-010 -21.3733 -21.3733
4 21.9433 -1.83533e-011 1.49315e-010 -21.3733 -21.3733
4.01 21.9433 8.34177e-012 -1.42778e-010 -21.3733 -21.3733
4.02 21.9433 -4.79394e-012 1.29523e-010 -21.3733 -21.3733
4.03 21.9433 2.31632e-011 -1.0637e-010 -21.3733 -21.3733
4.04 21.9433 -3.74833e-011 1.08403e-010 -21.3733 -21.3733
4.05 21.9433 1.34857e-010 -3.04389e-010 -21.3733 -21.3733
4.06 21.9433 -2.88845e-011 4.06417e-011 -21.3733 -21.3733
4.07 21.9433 -1.33045e-010 4.80877e-010 -21.3733 -21.3733
4.08 21.9433 -1.15019e-012 -1.69356e-010 -21.3733 -21.3733
4.09 21.9433 -6.33094e-012 2.68952e-010 -21.3733 -21.3733
4.1 21.9433 1.51568e-012 -2.91758e-010 -21.3733 -21.3733
4.11 21.9433 -4.08384e-012 2.81084e-010 -21.3733 -21.3733
4.12 21.9433 4.25837e-012 -6.07676e-010 -21.3733 -21.3733
4.13 21.9433 -6.97531e-012 8.57142e-010 -21.3733 -21.3733
4.14 21.9433 3.83871e-012 -4.44516e-010 -21.3733 -21.3733
4.15 21.9433 1.95444e-012 5.39389e-010 -21.3733 -21.3733
4.16 21.9433 -1.36824e-012 -5.19152e-010 -21.3733 -21.3733
4.17 21.9433 -1.54712e-011 5.35675e-010 -21.3733 -21.3733
4.18 21.9433 2.19762e-011 -5.61179e-010 -21.3733 -21.3733
4.19 21.9433 -2.28444e-011 5.73809e-010 -21.3733 -21.3733
4.2 21.9433 2.41185e-011 -5.55168e-010 -21.3733 -21.3733
4.21 21.9433 -3.40847e-011 5.38813e-010 -21.3733 -21.3733
4.22 21.9433 3.26592e-011 -5.22269e-010 -21.3733 -21.3733
4.23 21.9433 -4.58429e-011 5.06195e-010 -21.3733 -21.3733
4.24 21.9433 4.9861e-011 -4.96841e-010 -21.3733 -21.3733
4.25 21.9433 1.77001e-011 4.73471e-010 -21.3733 -21.3733
4.26 21.9433 -1.22169e-011 -4.70237e-010 -21.3733 -21.3733
4.27 21.9433 -4.89697e-012 4.86413e-010 -21.3733 -21.3733
4.28 21.9433 -8.98348e-012 8.52385e-012 -21.3733 -21.3733
4.29 21.9433 -2.07026e-011 -3.96893e-010 -21.3733 -21.3733
4.3 21.9433 1.88161e-011 2.79146e-010 -21.3733 -21.3733
4.31 21.9433 -1.22284e-011 -2.87814e-010 -21.3733 -21.3733
4.32 21.9433 1.50555e-011 3.01538e-010 -21.3733 -21.3733
4.33 21.9433 -7.45182e-012 -2.9759e-010 -21.3733 -21.3733
4.34 21.9433 2.57883e-012 2.99862e-010 -21.3733 -21.3733
4.35 21.9433 2.78311e-012 -2.98523e-010 -21.3733 -21.3733
4.36 21.9433 -8.86846e-012 3.0348e-010 -21.3733 -21.3733
4.37 21.9433 1.41291e-011 -3.33688e-010 -21.3733 -21.3733
4.38 21.9433 -1.45484e-012 3.55938e-010 -21.3733 -21.3733
4.39 21.9433 -2.29816e-012 -4.58526e-010 -21.3733 -21.3733
4.4 21.9433 -1.10498e-011 6.29079e-010 -21.3733 -21.3733
4.41 21.9433 -1.5056e-011 -1.03585e-010 -21.3733 -21.3733
4.42 21.9433 3.11329e-011 2.32057e-010 -21.3733 -21.3733
4.43 21.9433 -2.22098e-011 -2.24892e-010 -21.3733 -21.3733
4.44 21.9433 2.13971e-011 2.28691e-010 -21.3733 -21.3733
4.45 21.9433 -1.14397e-011 -2.25117e-010 -21.3733 -21.3733
4.46 21.9433 4.87255e-012 2.47178e-010 -21.3733 -21.3733
4.47 21.9433 -4.43157e-012 -2.57573e-010 -21.3733 -21.3733
4.48 21.9433 2.3288e-012 -6.1505e-011 -21.3733 -21.3733
4.49 21.9433 3.60689e-012 3.06717e-010 -21.3733 -21.3733
4.5 21.9433 -2.18403e-012 -2.32932e-010 -21.3733 -21.3733
4.51 21.9433 8.2494e-012 2.48777e-010 -21.3733 -21.3733
4.52 21.9433 -1.12643e-011 -2.70416e-010 -21.3733 -21.3733
4.53 21.9433 -7.5504e-012 2.86628e-010 -21.3733 -21.3733
4.54 21.9433 1.19984e-011 -2.99697e-010 -21.3733 -21.3733
4.55 21.9433 -7.02771e-012 3.09066e-010 -21.3733 -21.3733
4.56 21.9433 1.53557e-011 -3.04909e-010 -21.3733 -21.3733
4.57 21.9433 -2.14864e-011 2.98286e-010 -21.3733 -21.3733
4.58 21.9433 2.14704e-011 -2.96795e-010 -21.3733 -21.3733
4.59 21.9433 -1.64868e-011 2.97247e-010 -21.3733 -21.3733
4.6 21.9433 1.10165e-011 -2.93236e-010 -21.3733 -21.3733
4.61 21.9433 8.04201e-012 2.99432e-010 -21.3733 -21.3733
4.62 21.9433 8.22986e-012 -2.90138e-010 -21.3733 -21.3733
4.63 21.9433 1.13243e-011 3.00262e-010 -21.3733 -21.3733
4.64 21.9433 -3.9547e-011 -3.09419e-010 -21.3733 -21.3733
4.65 21.9433 3.0524e-011 3.18769e-010 -21.3733 -21.3733
4.66 21.9433 -1.69374e-010 -5.35387e-010 -21.3733 -21.3733
4.67 21.9433 1.80734e-010 5.93972e-010 -21.3733 -21.3733
4.68 21.9433 -1.04508e-010 -5.7035e-010 -21.3733 -21.3733
4.69 21.9433 7.68976e-011 5.51447e-010 -21.3733 -21.3733
4.7 21.9433 -4.11076e-011 -5.68289e-010 -21.3733 -21.3733
4.71 21.9433 -1.04921e-011 6.10803e-010 -21.3733 -21.3733
4.72 21.9433 -6.15374e-012 -5.90637e-010 -21.3733 -21.3733
4.73 21.9433 -2.70988e-011 6.03298e-010 -21.3733 -21.3733
4.74 21.9433 1.19043e-011 -5.84311e-010 -21.3733 -21.3733
4.75 21.9433 -1.72755e-011 5.64161e-010 -21.3733 -21.3733
4.76 21.9433 3.60245e-011 -6.76771e-010 -21.3733 -21.3733
4.77 21.9433 -2.19011e-011 5.10053e-010 -21.3733 -21.3733
4.78 21.9433 3.07687e-011 -2.98824e-010 -21.3733 -21.3733
4.79 21.9433 -5.64762e-011 3.73276e-010 -21.3733 -21.3733
4.8 21.9433 2.91496e-011 -3.62721e-010 -21.3733 -21.3733
4.81 21.9433 -1.98308e-011 3.45342e-010 -21.3733 -21.3733
4.82 21.9433 2.36873e-011 -3.28001e-010 -21.3733 -21.3733
4.83 21.9433 -3.27738e-012 3.38222e-010 -21.3733 -21.3733
4.84 21.9433 -2.42961e-012 -3.2631e-010 -21.3733 -21.3733
4.85 21.9433 1.18927e-012 3.36885e-010 -21.3733 -21.3733
4.86 21.9433 8.80274e-012 -3.51569e-010 -21.3733 -21.3733
4.87 21.9433 6.70575e-014 3.30459e-010 -21.3733 -21.3733
4.88 21.9433 -2.34874e-011 -3.37132e-010 -21.3733 -21.3733
4.89 21.9433 2.91318e-011 6.32271e-010 -21.3733 -21.3733
4.9 21.9433 -6.45413e-011 -8.53382e-010 -21.3733 -21.3733
4.91 21.9433 2.06577e-011 3.94746e-010 -21.3733 -21.3733
4.92 21.9433 -2.94165e-011 -5.08938e-010 -21.3733 -21.3733
4.93 21.9433 2.72697e-011 5.17627e-010 -21.3733 -21.3733
4.94 21.9433 -2.61324e-011 -5.02583e-010 -21.3733 -21.3733
4.95 21.9433 1.93845e-011 4.99438e-010 -21.3733 -21.3733
4.96 21.9433 -1.50151e-011 -5.03156e-010 -21.3733 -21.3733
4.97 21.9433 1.35407e-011 5.00814e-010 -21.3733 -21.3733
4.98 21.9433 -3.8014e-012 -4.82301e-010 -21.3733 -21.3733
4.99 21.9433 1.62492e-012 4.89385e-010 -21.3733 -21.3733
5 21.9433 5.7776e-012 -4.80133e-010 -21.3733 -21.3733
5.01 21.9433 -6.56275e-012 4.80908e-010 -21.3733 -21.3733
5.02 21.9433 -2.09344e-012 -4.91621e-010 -21.3733 -21.3733
5.03 21.9433 9.78018e-012 4.98798e-010 -21.3733 -21.3733
5.04 21.9433 -5.51381e-012 -5.02013e-010 -21.3733 -21.3733
5.05 21.9433 -1.42171e-011 4.84198e-010 -21.3733 -21.3733
5.06 21.9433 1.43001e-011 -3.3386e-010 -21.3733 -21.3733
5.07 21.9433 -2.61888e-011 5.74661e-010 -21.3733 -21.3733
5.08 21.9433 7.58371e-012 -1.74318e-011 -21.3733 -21.3733
5.09 21.9433 -7.16893e-012 1.30961e-010 -21.3733 -21.3733
5.1 21.9433 7.52998e-012 -7.49152e-011 -21.3733 -21.3733
5.11 21.9433 -7.38698e-012 2.05738e-011 -21.3733 -21.3733
5.12 21.9433 -9.32587e-015 -2.02136e-011 -21.3733 -21.3733
5.13 21.9433 -1.45892e-011 4.84723e-012 -21.3733 -21.3733
5.14 21.9433 1.87006e-012 4.04401e-011 -21.3733 -21.3733
5.15 21.9433 -2.05391e-012 2.30482e-012 -21.3733 -21.3733
5.16 21.9433 -4.41567e-011 -4.66095e-010 -21.3733 -21.3733
5.17 21.9433 4.97389e-011 9.09317e-011 -21.3733 -21.3733
5.18 21.9433 -3.71752e-011 -1.03829e-010 -21.3733 -21.3733
5.19 21.9433 9.96669e-012 2.96336e-011 -21.3733 -21.3733
5.2 21.9433 2.26827e-011 4.41793e-011 -21.3733 -21.3733
5.21 21.9433 -3.32556e-011 -8.52687e-011 -21.3733 -21.3733
5.22 21.9433 4.35256e-011 1.11635e-010 -21.3733 -21.3733
5.23 21.9433 -2.80407e-011 -1.01407e-010 -21.3733 -21.3733
5.24 21.9433 4.8793e-011 1.17522e-010 -21.3733 -21.3733
5.25 21.9433 -2.04339e-011 -1.08279e-010 -21.3733 -21.3733
5.26 21.9433 3.36264e-012 6.99703e-011 -21.3733 -21.3733
5.27 21.9433 -2.14162e-011 -8.91589e-011 -21.3733 -21.3733
5.28 21.9433 -2.59694e-011 4.44986e-011 -21.3733 -21.3733
5.29 21.9433 -5.94427e-011 7.65286e-011 -21.3733 -21.3733
5.3 21.9433 4.37366e-011 -5.884e-011 -21.3733 -21.3733
5.31 21.9433 -3.86673e-011 9.11227e-011 -21.3733 -21.3733
5.32 21.9433 1.53175e-011 -1.10325e-010 -21.3733 -21.3733
5.33 21.9433 1.69855e-011 1.02637e-010 -21.3733 -21.3733
5.34 21.9433 2.33147e-012 -9.45604e-011 -21.3733 -21.3733
5.35 21.9433 8.10019e-012 3.87699e-011 -21.3733 -21.3733
5.36 21.9433 -7.57927e-012 -6.02296e-011 -21.3733 -21.3733
5.37 21.9433 1.22061e-010 7.39613e-011 -21.3733 -21.3733
5.38 21.9433 -1.52276e-010 -6.44516e-011 -21.3733 -21.3733
5.39 21.9433 9.97651e-011 7.34373e-011 -21.3733 -21.3733
5.4 21.9433 -7.01945e-011 -7.34284e-011 -21.3733 -21.3733
5.41 21.9433 5.33027e-011 7.09282e-011 -21.3733 -21.3733
5.42 21.9433 -4.94458e-011 -7.28129e-011 -21.3733 -21.3733
5.43 21.9433 5.24079e-011 8.13332e-011 -21.3733 -21.3733
5.44 21.9433 -3.97753e-011 -6.85407e-011 -21.3733 -21.3733
5.45 21.9433 2.00298e-011 4.70406e-011 -21.3733 -21.3733
5.46 21.9433 -1.60445e-011 -4.21991e-011 -21.3733 -21.3733
5.47 21.9433 1.36531e-011 5.56257e-011 -21.3733 -21.3733
5.48 21.9433 -1.01901e-011 -6.03531e-011 -21.3733 -21.3733
5.49 21.9433 4.38671e-012 4.03446e-011 -21.3733 -21.3733
5.5 21.9433 1.03415e-011 -8.35332e-012 -21.3733 -21.3733
5.51 21.9433 -4.29434e-013 1.57052e-011 -21.3733 -21.3733
5.52 21.9433 -2.45759e-012 -3.34657e-011 -21.3733 -21.3733
5.53 21.9433 -9.42046e-012 1.24332e-011 -21.3733 -21.3733
5.54 21.9433 -1.41398e-011 2.46922e-011 -21.3733 -21.3733
5.55 21.9433 4.27609e-011 -2.51905e-011 -21.3733 -21.3733
5.56 21.9433 -3.01585e-011 1.24469e-011 -21.3733 -21.3733
5.57 21.9433 1.32241e-011 -1.85594e-011 -21.3733 -21.3733
5.58 21.9433 -7.45537e-012 1.9464e-011 -21.3733 -21.3733
5.59 21.9433 2.4249e-011 -4.62341e-012 -21.3733 -21.3733
5.6 21.9433 -7.24043e-012 -7.34435e-012 -21.3733 -21.3733
5.61 21.9433 -3.30624e-012 -6.15108e-012 -21.3733 -21.3733
5.62 21.9433 -5.30065e-012 -7.50111e-012 -21.3733 -21.3733
5.63 21.9433 -5.18874e-012 1.89018e-011 -21.3733 -21.3733
5.64 21.9433 -2.3137e-012 3.79208e-012 -21.3733 -21.3733
5.65 21.9433 -1.18248e-011 4.17844e-012 -21.3733 -21.3733
5.66 21.9433 8.64953e-012 -4.49107e-012 -21.3733 -21.3733
5.67 21.9433 -6.5592e-013 -9.09495e-013 -21.3733 -21.3733
5.68 21.9433 7.78977e-012 -1.98104e-011 -21.3733 -21.3733
5.69 21.9433 -1.74909e-011 4.28049e-011 -21.3733 -21.3733
5.7 21.9433 3.47589e-012 -3.50702e-011 -21.3733 -21.3733
5.71 21.9433 6.4273e-012 3.85718e-011 -21.3733 -21.3733
5.72 21.9433 -5.13101e-012 -3.61946e-011 -21.3733 -21.3733
5.73 21.9433 5.52181e-012 2.14078e-011 -21.3733 -21.3733
5.74 21.9433 -1.69083e-011 6.13243e-012 -21.3733 -21.3733
5.75 21.9433 -2.31548e-012 -3.25677e-011 -21.3733 -21.3733
5.76 21.9433 2.63412e-011 1.90492e-011 -21.3733 -21.3733
5.77 21.9433 -1.31606e-011 -7.43938e-012 -21.3733 -21.3733
5.78 21.9433 8.06066e-012 1.3721e-011 -21.3733 -21.3733
5.79 21.9433 1.01403e-011 1.15e-010 -21.3733 -21.3733
5.8 21.9433 -2.86366e-011 -6.80389e-012 -21.3733 -21.3733
5.81 21.9433 -9.51239e-013 1.65121e-011 -21.3733 -21.3733
5.82 21.9433 2.42206e-012 -2.35238e-010 -21.3733 -21.3733
5.83 21.9433 6.51923e-013 4.70971e-010 -21.3733 -21.3733
5.84 21.9433 5.49072e-012 2.5465e-011 -21.3733 -21.3733
5.85 21.9433 5.81002e-012 2.92655e-011 -21.3733 -21.3733
5.86 21.9433 9.13492e-013 8.99725e-012 -21.3733 -21.3733
5.87 21.9433 -3.23475e-012 -4.0985e-012 -21.3733 -21.3733
5.88 21.9433 -7.18989e-011 -4.03573e-010 -21.3733 -21.3733
5.89 21.9433 -2.66613e-011 -2.11973e-010 -21.3733 -21.3733
5.9 21.9433 2.67821e-011 1.01297e-010 -21.3733 -21.3733
5.91 21.9433 -2.68909e-011 -1.00094e-010 -21.3733 -21.3733
5.92 21.9433 2.95346e-011 7.58318e-011 -21.3733 -21.3733
5.93 21.9433 -2.43743e-011 -7.51865e-011 -21.3733 -21.3733
5.94 21.9433 2.01328e-011 7.9488e-011 -21.3733 -21.3733
5.95 21.9433 -1.43743e-011 -8.25748e-011 -21.3733 -21.3733
5.96 21.9433 3.9857e-012 8.06142e-011 -21.3733 -21.3733
5.97 21.9433 -6.09957e-012 -7.52673e-011 -21.3733 -21.3733
5.98 21.9433 2.72316e-012 7.64766e-011 -21.3733 -21.3733
5.99 21.9433 -3.89777e-011 -6.92153e-011 -21.3733 -21.3733
6 21.9433 2.90212e-011 7.05338e-011 -21.3733 -21.3733
6.01 21.9433 -2.17155e-011 -6.85225e-011 -21.3733 -21.3733
6.02 21.9433 2.33151e-011 8.11262e-011 -21.3733 -21.3733
6.03 21.9433 -2.53308e-012 -9.03806e-011 -21.3733 -21.3733
6.04 21.9433 -3.93685e-011 2.1231e-010 -21.3733 -21.3733
6.05 21.9433 1.94591e-011 -3.5711e-010 -21.3733 -21.3733
6.06 21.9433 -6.61782e-012 -2.97981e-010 -21.3733 -21.3733
6.07 21.9433 1.63092e-011 1.20036e-010 -21.3733 -21.3733
6.08 21.9433 -1.80944e-011 -1.63617e-010 -21.3733 -21.3733
6.09 21.9433 2.31579e-011 1.77563e-010 -21.3733 -21.3733
6.1 21.9433 -1.66818e-011 -1.82284e-010 -21.3733 -21.3733
6.11 21.9433 2.09517e-011 1.83264e-010 -21.3733 -21.3733
6.12 21.9433 -6.29852e-012 -1.52596e-010 -21.3733 -21.3733
6.13 21.9433 7.82174e-012 1.41888e-010 -21.3733 -21.3733
6.14 21.9433 6.56719e-012 -1.42029e-010 -21.3733 -21.3733
6.15 21.9433 2.51887e-012 1.46713e-010 -21.3733 -21.3733
6.16 21.9433 6.93667e-013 -1.51752e-010 -21.3733 -21.3733
6.17 21.9433 -1.20473e-011 1.68467e-010 -21.3733 -21.3733
6.18 21.9433 6.38818e-011 -2.75146e-010 -21.3733 -21.3733
6.19 21.9433 -8.66347e-011 3.47199e-010 -21.3733 -21.3733
6.2 21.9433 1.27171e-010 -5.14857e-010 -21.3733 -21.3733
6.21 21.9433 -1.6906e-010 7.9396e-010 -21.3733 -21.3733
6.22 21.9433 4.08789e-011 -2.97393e-010 -21.3733 -21.3733
6.23 21.9433 -3.06435e-011 3.98467e-010 -21.3733 -21.3733
6.24 21.9433 4.29239e-011 -3.76875e-010 -21.3733 -21.3733
6.25 21.9433 -6.01328e-011 6.7931e-010 -21.3733 -21.3733
6.26 21.9433 3.62337e-011 -6.74468e-010 -21.3733 -21.3733
6.27 21.9433 -1.73994e-011 3.13538e-010 -21.3733 -21.3733
6.28 21.9433 5.47957e-011 -5.21876e-011 -21.3733 -21.3733
6.29 21.9433 -7.65725e-011 9.43161e-011 -21.3733 -21.3733
6.3 21.9433 -3.13705e-011 -1.17442e-010 -21.3733 -21.3733
6.31 21.9433 2.22315e-011 1.10152e-010 -21.3733 -21.3733
6.32 21.9433 -1.39448e-011 -1.09427e-010 -21.3733 -21.3733
6.33 21.9433 3.09264e-012 1.01288e-010 -21.3733 -21.3733
6.34 21.9433 1.31184e-012 -1.01406e-010 -21.3733 -21.3733
6.35 21.9433 8.06288e-012 1.0326e-010 -21.3733 -21.3733
6.36 21.9433 5.71587e-012 -1.11739e-010 -21.3733 -21.3733
6.37 21.9433 -2.60991e-012 1.05474e-010 -21.3733 -21.3733
6.38 21.9433 1.46994e-013 -1.03145e-010 -21.3733 -21.3733
6.39 21.9433 1.41309e-012 1.04867e-010 -21.3733 -21.3733
6.4 21.9433 -1.10947e-011 -1.13346e-010 -21.3733 -21.3733
6.41 21.9433 1.6076e-011 1.23194e-010 -21.3733 -21.3733
6.42 21.9433 -6.92828e-011 -1.22314e-010 -21.3733 -21.3733
6.43 21.9433 1.08239e-010 1.1406e-010 -21.3733 -21.3733
6.44 21.9433 -7.70903e-011 -1.16024e-010 -21.3733 -21.3733
6.45 21.9433 -1.22595e-011 -2.28959e-011 -21.3733 -21.3733
6.46 21.9433 -6.94422e-012 -1.50377e-011 -21.3733 -21.3733
6.47 21.9433 8.02229e-011 1.63062e-010 -21.3733 -21.3733
6.48 21.9433 -3.59224e-011 -1.3294e-010 -21.3733 -21.3733
6.49 21.9433 3.31908e-011 1.03119e-010 -21.3733 -21.3733
6.5 21.9433 -1.02345e-011 -7.47282e-011 -21.3733 -21.3733
6.51 21.9433 2.09486e-011 6.78337e-011 -21.3733 -21.3733
6.52 21.9433 -1.29567e-011 -6.25722e-011 -21.3733 -21.3733
6.53 21.9433 -6.42939e-011 1.12399e-010 -21.3733 -21.3733
6.54 21.9433 7.17262e-011 -1.47279e-010 -21.3733 -21.3733
6.55 21.9433 4.56772e-011 4.27165e-010 -21.3733 -21.3733
6.56 21.9433 -1.08122e-010 -8.93549e-010 -21.3733 -21.3733
6.57 21.9433 -1.24918e-011 4.12244e-010 -21.3733 -21.3733
6.58 21.9433 3.4809e-011 -8.5338e-011 -21.3733 -21.3733
6.59 21.9433 1.4774e-011 3.23679e-011 -21.3733 -21.3733
6.6 21.9433 -3.51097e-012 -1.52087e-011 -21.3733 -21.3733
6.61 21.9433 -4.44444e-012 -4.80682e-012 -21.3733 -21.3733
6.62 21.9433 -2.224e-012 -4.1025e-012 -21.3733 -21.3733
6.63 21.9433 -6.66889e-012 -2.43494e-012 -21.3733 -21.3733
6.64 21.9433 -3.18368e-012 8.65308e-012 -21.3733 -21.3733
6.65 21.9433 -3.56857e-011 -2.8944e-011 -21.3733 -21.3733
6.66 21.9433 5.03388e-011 6.80336e-011 -21.3733 -21.3733
6.67 21.9433 -6.20077e-011 -5.57541e-011 -21.3733 -21.3733
6.68 21.9433 9.00768e-011 7.53264e-012 -21.3733 -21.3733
6.69 21.9433 -8.04796e-011 -3.00848e-011 -21.3733 -21.3733
6.7 21.9433 1.20489e-010 1.20747e-010 -21.3733 -21.3733
6.71 21.9433 -1.16668e-010 -8.46292e-011 -21.3733 -21.3733
6.72 21.9433 1.16577e-010 5.96181e-011 -21.3733 -21.3733
6.73 21.9433 -9.87508e-011 -4.72911e-011 -21.3733 -21.3733
6.74 21.9433 7.7073e-011 3.71871e-011 -21.3733 -21.3733
6.75 21.9433 -6.5651e-011 -3.2224e-011 -21.3733 -21.3733
6.76 21.9433 7.05795e-011 1.09424e-011 -21.3733 -21.3733
6.77 21.9433 -6.587e-011 2.42739e-012 -21.3733 -21.3733
6.78 21.9433 5.69917e-011 -1.46749e-011 -21.3733 -21.3733
6.79 21.9433 -2.48455e-011 3.32134e-011 -21.3733 -21.3733
6.8 21.9433 4.17564e-011 -3.2828e-011 -21.3733 -21.3733
6.81 21.9433 -8.68008e-011 8.92797e-012 -21.3733 -21.3733
6.82 21.9433 7.80038e-011 -2.53872e-011 -21.3733 -21.3733
6.83 21.9433 -5.35461e-011 7.33373e-011 -21.3733 -21.3733
6.84 21.9433 -1.14198e-011 1.09619e-011 -21.3733 -21.3733
6.85 21.9433 4.76672e-011 -9.37534e-011 -21.3733 -21.3733
6.86 21.9433 -1.11084e-011 1.74354e-011 -21.3733 -21.3733
6.87 21.9433 -4.04508e-011 1.21201e-011 -21.3733 -21.3733
6.88 21.9433 -1.35465e-011 5.36682e-012 -21.3733 -21.3733
6.89 21.9433 -1.78013e-011 1.38437e-010 -21.3733 -21.3733
6.9 21.9433 5.72542e-011 -8.99194e-010 -21.3733 -21.3733
6.91 21.9433 -5.69571e-011 3.98029e-010 -21.3733 -21.3733
6.92 21.9433 5.61995e-012 -2.62577e-010 -21.3733 -21.3733
6.93 21.9433 3.50191e-011 2.49619e-010 -21.3733 -21.3733
6.94 21.9433 -6.89004e-011 -2.71263e-010 -21.3733 -21.3733
6.95 21.9433 1.50879e-011 3.22763e-010 -21.3733 -21.3733
6.96 21.9433 7.42961e-013 -3.21224e-010 -21.3733 -21.3733
6.97 21.9433 -1.81415e-011 3.15568e-010 -21.3733 -21.3733
6.98 21.9433 4.10045e-011 -3.35406e-010 -21.3733 -21.3733
6.99 21.9433 -4.17222e-011 3.46629e-010 -21.3733 -21.3733
7 21.9433 5.04046e-011 -4.69408e-010 -21.3733 -21.3733
7.01 21.9433 -3.12692e-011 1.77436e-010 -21.3733 -21.3733
7.02 21.9433 5.71001e-011 -2.87903e-010 -21.3733 -21.3733
7.03 21.9433 -4.87299e-012 1.2668e-010 -21.3733 -21.3733
7.04 21.9433 3.02007e-011 -1.60606e-010 -21.3733 -21.3733
7.05 21.9433 -2.38085e-011 2.23187e-010 -21.3733 -21.3733
7.06 21.9433 2.82765e-011 -1.40026e-010 -21.3733 -21.3733
7.07 21.9433 -4.50409e-011 2.8471e-011 -21.3733 -21.3733
7.08 21.9433 3.69402e-011 -3.0048e-011 -21.3733 -21.3733
7.09 21.9433 -3.2359e-011 3.78106e-011 -21.3733 -21.3733
7.1 21.9433 3.00058e-011 -3.16764e-011 -21.3733 -21.3733
7.11 21.9433 2.06768e-012 3.81863e-011 -21.3733 -21.3733
7.12 21.9433 -2.3892e-012 -4.54898e-011 -21.3733 -21.3733
7.13 21.9433 2.95719e-012 3.71507e-011 -21.3733 -21.3733
7.14 21.9433 4.58744e-012 -2.84723e-011 -21.3733 -21.3733
7.15 21.9433 -4.99867e-012 1.73284e-011 -21.3733 -21.3733
7.16 21.9433 -3.74172e-011 -6.17453e-011 -21.3733 -21.3733
7.17 21.9433 3.52132e-011 9.50462e-011 -21.3733 -21.3733
7.18 21.9433 -2.48379e-012 -4.69939e-010 -21.3733 -21.3733
7.19 21.9433 4.60014e-011 -1.3788e-010 -21.3733 -21.3733
7.2 21.9433 -6.44862e-012 -1.03541e-010 -21.3733 -21.3733
7.21 21.9433 5.54845e-012 -3.54259e-011 -21.3733 -21.3733
7.22 21.9433 -4.36327e-011 1.95021e-010 -21.3733 -21.3733
7.23 21.9433 -1.87681e-011 6.55609e-012 -21.3733 -21.3733
7.24 21.9433 -4.47562e-011 -4.18745e-010 -21.3733 -21.3733
7.25 21.9433 1.17071e-011 9.16565e-011 -21.3733 -21.3733
7.26 21.9433 7.11653e-012 1.93907e-011 -21.3733 -21.3733
7.27 21.9433 -5.64642e-011 -5.2934e-010 -21.3733 -21.3733
7.28 21.9433 -1.46372e-011 1.26121e-013 -21.3733 -21.3733
7.29 21.9433 -5.41274e-011 -1.09025e-010 -21.3733 -21.3733
7.3 21.9433 1.69238e-011 8.93574e-011 -21.3733 -21.3733
7.31 21.9433 3.98344e-011 -1.39829e-010 -21.3733 -21.3733
7.32 21.9433 -7.75437e-011 4.12637e-010 -21.3733 -21.3733
7.33 21.9433 4.76517e-011 -3.62498e-010 -21.3733 -21.3733
7.34 21.9433 -3.4249e-011 3.40522e-010 -21.3733 -21.3733
7.35 21.9433 1.63189e-011 -3.16961e-010 -21.3733 -21.3733
7.36 21.9433 -1.27032e-011 3.17828e-010 -21.3733 -21.3733
7.37 21.9433 1.50857e-011 -3.33686e-010 -21.3733 -21.3733
7.38 21.9433 -6.47704e-012 3.06916e-010 -21.3733 -21.3733
7.39 21.9433 1.33009e-011 -2.81792e-010 -21.3733 -21.3733
7.4 21.9433 -6.4611e-011 1.9946e-010 -21.3733 -21.3733
7.41 21.9433 1.22433e-010 -5.42395e-010 -21.3733 -21.3733
7.42 21.9433 1.04732e-010 3.82737e-010 -21.3733 -21.3733
7.43 21.9433 -4.44889e-011 -5.17754e-010 -21.3733 -21.3733
7.44 21.9433 -1.95396e-010 1.94297e-010 -21.3733 -21.3733
7.45 21.9433 1.3611e-010 -2.98479e-010 -21.3733 -21.3733
7.46 21.9433 -1.19558e-010 2.72618e-010 -21.3733 -21.3733
7.47 21.9433 4.73843e-013 -2.76343e-010 -21.3733 -21.3733
7.48 21.9433 -7.40741e-013 2.85068e-010 -21.3733 -21.3733
7.49 21.9433 3.89719e-010 -2.69196e-010 -21.3733 -21.3733
7.5 21.9433 -2.84407e-010 2.88119e-010 -21.3733 -21.3733
7.51 21.9433 2.03579e-010 -2.90591e-010 -21.3733 -21.3733
7.52 21.9433 -1.4741e-010 2.89022e-010 -21.3733 -21.3733
7.53 21.9433 1.08972e-010 -2.88785e-010 -21.3733 -21.3733
7.54 21.9433 -7.94644e-011 2.88203e-010 -21.3733 -21.3733
7.55 21.9433 1.41947e-010 -2.86774e-010 -21.3733 -21.3733
7.56 21.9433 -8.83786e-011 2.4304e-010 -21.3733 -21.3733
7.57 21.9433 -6.82818e-011 -2.20109e-010 -21.3733 -21.3733
7.58 21.9433 1.30762e-011 2.1954e-010 -21.3733 -21.3733
7.59 21.9433 6.14953e-011 -4.37836e-010 -21.3733 -21.3733
7.6 21.9433 -3.81206e-012 6.99353e-010 -21.3733 -21.3733
7.61 21.9433 2.5238e-011 -1.11444e-010 -21.3733 -21.3733
7.62 21.9433 -7.78697e-011 5.27331e-010 -21.3733 -21.3733
7.63 21.9433 1.01905e-010 -5.95004e-010 -21.3733 -21.3733
7.64 21.9433 1.43192e-011 3.34796e-010 -21.3733 -21.3733
7.65 21.9433 -1.27153e-010 -1.17103e-009 -21.3733 -21.3733
7.66 21.9433 1.19293e-010 1.20238e-009 -21.3733 -21.3733
7.67 21.9433 -1.11593e-010 -9.19586e-010 -21.3733 -21.3733
7.68 21.9433 1.73417e-010 6.97689e-010 -21.3733 -21.3733
7.69 21.9433 -8.61129e-011 -6.77872e-010 -21.3733 -21.3733
7.7 21.9433 -8.28173e-011 5.20194e-010 -21.3733 -21.3733
7.71 21.9433 1.17368e-011 -5.20177e-010 -21.3733 -21.3733
7.72 21.9433 4.9698e-011 4.27052e-010 -21.3733 -21.3733
7.73 21.9433 -7.12177e-011 -3.64911e-010 -21.3733 -21.3733
7.74 21.9433 6.47615e-011 3.17326e-010 -21.3733 -21.3733
7.75 21.9433 -3.43445e-011 -3.12251e-010 -21.3733 -21.3733
7.76 21.9433 -2.71934e-011 6.45195e-010 -21.3733 -21.3733
7.77 21.9433 4.64797e-011 -5.27185e-010 -21.3733 -21.3733
7.78 21.9433 -6.13474e-011 4.50952e-010 -21.3733 -21.3733
7.79 21.9433 5.98162e-011 -4.2121e-010 -21.3733 -21.3733
7.8 21.9433 -4.80376e-011 4.55896e-010 -21.3733 -21.3733
7.81 21.9433 -2.83036e-011 -7.94693e-010 -21.3733 -21.3733
7.82 21.9433 -7.97318e-012 5.24542e-010 -21.3733 -21.3733
7.83 21.9433 5.81388e-011 -4.46772e-011 -21.3733 -21.3733
7.84 21.9433 7.23777e-012 4.05445e-011 -21.3733 -21.3733
7.85 21.9433 -4.14526e-011 -3.75421e-010 -21.3733 -21.3733
7.86 21.9433 2.11786e-011 3.6429e-010 -21.3733 -21.3733
7.87 21.9433 -7.26521e-011 8.15121e-011 -21.3733 -21.3733
7.88 21.9433 1.12337e-011 1.25288e-010 -21.3733 -21.3733
7.89 21.9433 4.77369e-011 5.86371e-011 -21.3733 -21.3733
7.9 21.9433 -3.35332e-011 -3.26335e-011 -21.3733 -21.3733
7.91 21.9433 1.68376e-011 -2.10787e-011 -21.3733 -21.3733
7.92 21.9433 2.24176e-012 -1.96305e-011 -21.3733 -21.3733
7.93 21.9433 -2.02887e-011 4.21311e-010 -21.3733 -21.3733
7.94 21.9433 1.37115e-010 -6.20628e-010 -21.3733 -21.3733
7.95 21.9433 -7.3292e-011 8.09848e-010 -21.3733 -21.3733
7.96 21.9433 -4.86451e-011 -9.9226e-010 -21.3733 -21.3733
7.97 21.9433 2.99019e-011 6.61095e-010 -21.3733 -21.3733
7.98 21.9433 -1.34901e-011 -1.03224e-009 -21.3733 -21.3733
7.99 21.9433 8.76366e-012 9.75497e-010 -21.3733 -21.3733
8 21.9433 8.63754e-012 -8.15796e-010 -21.3733 -21.3733
8.01 21.9433 1.67071e-011 7.72084e-010 -21.3733 -21.3733
8.02 21.9433 1.34959e-012 -6.17014e-010 -21.3733 -21.3733
8.03 21.9433 -2.85389e-011 5.81642e-010 -21.3733 -21.3733
8.04 21.9433 8.53762e-012 -5.57433e-010 -21.3733 -21.3733
8.05 21.9433 -2.42224e-011 5.58375e-010 -21.3733 -21.3733
8.06 21.9433 -3.11218e-011 -3.90204e-010 -21.3733 -21.3733
8.07 21.9433 9.74718e-011 2.97508e-010 -21.3733 -21.3733
8.08 21.9433 5.90639e-012 -2.61087e-010 -21.3733 -21.3733
8.09 21.9433 -2.50671e-011 2.95051e-010 -21.3733 -21.3733
8.1 21.9433 2.27551e-011 -2.99925e-010 -21.3733 -21.3733
8.11 21.9433 -1.66347e-011 3.12978e-010 -21.3733 -21.3733
8.12 21.9433 3.75051e-011 -3.5413e-010 -21.3733 -21.3733
8.13 21.9433 -1.07657e-010 1.31276e-010 -21.3733 -21.3733
8.14 21.9433 1.04457e-010 -2.63606e-010 -21.3733 -21.3733
8.15 21.9433 -1.03517e-010 2.5839e-010 -21.3733 -21.3733
8.16 21.9433 7.3729e-011 -1.25564e-010 -21.3733 -21.3733
8.17 21.9433 -3.97504e-012 1.17732e-010 -21.3733 -21.3733
8.18 21.9433 4.71333e-010 2.06489e-010 -21.3733 -21.3733
8.19 21.9433 -3.40694e-010 -4.59e-010 -21.3733 -21.3733
8.2 21.9433 -1.27045e-010 -1.13714e-010 -21.3733 -21.3733
8.21 21.9433 -9.31752e-011 -5.5131e-011 -21.3733 -21.3733
8.22 21.9433 2.37789e-010 1.01462e-009 -21.3733 -21.3733
8.23 21.9433 -6.18572e-012 -3.21029e-010 -21.3733 -21.3733
8.24 21.9433 8.16387e-011 6.49135e-010 -21.3733 -21.3733
8.25 21.9433 -6.43476e-011 -4.80011e-010 -21.3733 -21.3733
8.26 21.9433 5.57887e-011 9.8868e-011 -21.3733 -21.3733
8.27 21.9433 -2.417e-011 -3.90239e-011 -21.3733 -21.3733
8.28 21.9433 -1.13731e-011 -1.10778e-011 -21.3733 -21.3733
8.29 21.9433 7.57581e-011 -1.75197e-010 -21.3733 -21.3733
8.3 21.9433 5.76503e-011 6.26312e-011 -21.3733 -21.3733
8.31 21.9433 -5.96712e-010 1.84836e-010 -21.3733 -21.3733
8.32 21.9433 3.4224e-010 9.49241e-011 -21.3733 -21.3733
8.33 21.9433 -2.62812e-010 -8.3608e-010 -21.3733 -21.3733
8.34 21.9433 -2.7788e-011 -5.92047e-010 -21.3733 -21.3733
8.35 21.9433 -7.87059e-011 8.39439e-010 -21.3733 -21.3733
8.36 21.9433 5.25286e-011 -7.63642e-011 -21.3733 -21.3733
8.37 21.9433 1.60756e-011 2.76832e-011 -21.3733 -21.3733
8.38 21.9433 -3.70832e-011 1.49053e-010 -21.3733 -21.3733
8.39 21.9433 2.29905e-010 -4.27807e-010 -21.3733 -21.3733
8.4 21.9433 1.61187e-011 -4.62554e-011 -21.3733 -21.3733
8.41 21.9433 -2.02286e-010 6.56402e-010 -21.3733 -21.3733
8.42 21.9433 2.41427e-010 -2.28473e-010 -21.3733 -21.3733
8.43 21.9433 -3.82903e-011 2.69227e-010 -21.3733 -21.3733
8.44 21.9433 4.67919e-011 -2.87777e-010 -21.3733 -21.3733
8.45 21.9433 -6.07252e-011 7.98912e-011 -21.3733 -21.3733
8.46 21.9433 6.93752e-011 -1.6005e-010 -21.3733 -21.3733
8.47 21.9433 -7.23048e-011 9.71041e-011 -21.3733 -21.3733
8.48 21.9433 5.1088e-011 -6.28586e-011 -21.3733 -21.3733
8.49 21.9433 -4.09752e-011 5.06297e-011 -21.3733 -21.3733
8.5 21.9433 3.21956e-011 -4.8193e-011 -21.3733 -21.3733
8.51 21.9433 -2.45821e-011 5.12936e-011 -21.3733 -21.3733
8.52 21.9433 2.48757e-011 -4.44169e-011 -21.3733 -21.3733
8.53 21.9433 5.26734e-012 5.55316e-011 -21.3733 -21.3733
8.54 21.9433 -3.8352e-011 -7.14437e-011 -21.3733 -21.3733
8.55 21.9433 6.4845e-011 4.53957e-011 -21.3733 -21.3733
8.56 21.9433 -2.16764e-011 -3.61178e-011 -21.3733 -21.3733
8.57 21.9433 -6.49862e-011 1.06132e-010 -21.3733 -21.3733
8.58 21.9433 -2.89941e-011 3.37783e-011 -21.3733 -21.3733
8.59 21.9433 5.69115e-010 -2.79293e-010 -21.3733 -21.3733
8.6 21.9433 2.36722e-011 -2.49218e-011 -21.3733 -21.3733
8.61 21.9433 4.70686e-011 -1.63594e-011 -21.3733 -21.3733
8.62 21.9433 3.27383e-012 2.11076e-012 -21.3733 -21.3733
8.63 21.9433 3.31601e-012 -1.81859e-011 -21.3733 -21.3733
8.64 21.9433 -1.29194e-011 -5.32996e-012 -21.3733 -21.3733
8.65 21.9433 6.70175e-012 2.67919e-012 -21.3733 -21.3733
8.66 21.9433 7.6561e-013 5.77849e-012 -21.3733 -21.3733
8.67 21.9433 -1.10698e-011 -2.4154e-011 -21.3733 -21.3733
8.68 21.9433 -5.83747e-010 4.49345e-010 -21.3733 -21.3733
8.69 21.9433 -1.49916e-010 1.01209e-010 -21.3733 -21.3733
8.7 21.9433 -1.78506e-011 1.40997e-010 -21.3733 -21.3733
8.71 21.9433 3.59575e-011 2.26922e-010 -21.3733 -21.3733
8.72 21.9433 -4.4845e-011 -5.40781e-011 -21.3733 -21.3733
8.73 21.9433 -1.62822e-010 5.07734e-010 -21.3733 -21.3733
8.74 21.9433 1.47424e-010 -5.46389e-010 -21.3733 -21.3733
8.75 21.9433 -7.68234e-011 4.05072e-010 -21.3733 -21.3733
8.76 21.9433 6.86309e-011 3.05418e-011 -21.3733 -21.3733
8.77 21.9433 -5.32827e-011 1.84246e-010 -21.3733 -21.3733
8.78 21.9433 -2.42202e-011 -5.62328e-010 -21.3733 -21.3733
8.79 21.9433 -1.99849e-011 7.47778e-010 -21.3733 -21.3733
8.8 21.9433 -8.0389e-012 -3.71432e-011 -21.3733 -21.3733
8.81 21.9433 8.97948e-013 -3.53291e-011 -21.3733 -21.3733
8.82 21.9433 -1.13963e-010 -3.70961e-010 -21.3733 -21.3733
8.83 21.9433 2.69781e-010 3.56154e-010 -21.3733 -21.3733
8.84 21.9433 4.7494e-011 9.58976e-010 -21.3733 -21.3733
8.85 21.9433 -3.98099e-011 -1.08685e-010 -21.3733 -21.3733
8.86 21.9433 1.75921e-010 -3.03613e-010 -21.3733 -21.3733
8.87 21.9433 -2.1533e-010 4.43441e-010 -21.3733 -21.3733
8.88 21.9433 1.34116e-010 -4.21742e-010 -21.3733 -21.3733
8.89 21.9433 -8.37499e-011 4.02022e-010 -21.3733 -21.3733
8.9 21.9433 3.805e-011 -3.59736e-010 -21.3733 -21.3733
8.91 21.9433 -4.98983e-011 1.94998e-010 -21.3733 -21.3733
8.92 21.9433 -5.71925e-011 -1.99189e-010 -21.3733 -21.3733
8.93 21.9433 9.44933e-011 1.11112e-010 -21.3733 -21.3733
8.94 21.9433 -3.82965e-011 -7.07239e-011 -21.3733 -21.3733
8.95 21.9433 5.00489e-013 -1.96123e-011 -21.3733 -21.3733
8.96 21.9433 2.0925e-011 1.09286e-011 -21.3733 -21.3733
8.97 21.9433 -2.68141e-011 -1.31561e-011 -21.3733 -21.3733
8.98 21.9433 2.57447e-011 6.20521e-011 -21.3733 -21.3733
8.99 21.9433 -1.18293e-010 -2.73153e-010 -21.3733 -21.3733
9 21.9433 1.8307e-010 4.39043e-010 -21.3733 -21.3733
9.01 21.9433 -1.64844e-010 -6.33338e-010 -21.3733 -21.3733
9.02 21.9433 4.37224e-011 9.36149e-011 -21.3733 -21.3733
9.03 21.9433 -7.04592e-011 -8.35385e-011 -21.3733 -21.3733
9.04 21.9433 -4.69345e-011 -2.93672e-011 -21.3733 -21.3733
9.05 21.9433 -1.55819e-010 3.80762e-012 -21.3733 -21.3733
9.06 21.9433 2.52259e-010 7.23803e-011 -21.3733 -21.3733
9.07 21.9433 -1.04894e-010 -2.62481e-010 -21.3733 -21.3733
9.08 21.9433 4.11138e-012 3.00855e-010 -21.3733 -21.3733
9.09 21.9433 4.02598e-010 -2.93493e-010 -21.3733 -21.3733
9.1 21.9433 -2.89065e-010 2.54884e-010 -21.3733 -21.3733
9.11 21.9433 2.91354e-010 -3.19509e-010 -21.3733 -21.3733
9.12 21.9433 -1.91182e-010 4.16271e-010 -21.3733 -21.3733
9.13 21.9433 2.19528e-010 -8.6632e-010 -21.3733 -21.3733
9.14 21.9433 -1.31008e-010 6.57524e-010 -21.3733 -21.3733
9.15 21.9433 6.26463e-011 -1.05826e-009 -21.3733 -21.3733
9.16 21.9433 2.36007e-011 8.00096e-010 -21.3733 -21.3733
9.17 21.9433 -2.91398e-011 -4.56611e-010 -21.3733 -21.3733
9.18 21.9433 1.11468e-010 2.45585e-010 -21.3733 -21.3733
9.19 21.9433 2.7724e-011 2.66671e-011 -21.3733 -21.3733
9.2 21.9433 3.14992e-011 -3.24603e-011 -21.3733 -21.3733
9.21 21.9433 2.8554e-010 -2.75571e-011 -21.3733 -21.3733
9.22 21.9433 -7.73297e-010 -3.35202e-010 -21.3733 -21.3733
9.23 21.9433 7.35811e-010 1.39684e-010 -21.3733 -21.3733
9.24 21.9433 -9.71035e-010 -1.55964e-010 -21.3733 -21.3733
9.25 21.9433 4.32089e-010 4.03726e-011 -21.3733 -21.3733
9.26 21.9433 -8.26463e-010 1.24376e-010 -21.3733 -21.3733
9.27 21.9433 2.11521e-010 -2.7355e-011 -21.3733 -21.3733
9.28 21.9433 -5.14917e-011 1.47536e-010 -21.3733 -21.3733
9.29 21.9433 -4.52998e-011 5.5148e-010 -21.3733 -21.3733
9.3 21.9433 1.0139e-010 4.1537e-011 -21.3733 -21.3733
9.31 21.9433 4.37691e-010 -1.82636e-010 -21.3733 -21.3733
9.32 21.9433 2.08917e-010 -8.78124e-011 -21.3733 -21.3733
9.33 21.9433 -7.52483e-011 -4.90621e-011 -21.3733 -21.3733
9.34 21.9433 2.63167e-011 -2.35132e-011 -21.3733 -21.3733
9.35 21.9433 9.09623e-011 5.18563e-012 -21.3733 -21.3733
9.36 21.9433 -2.36136e-010 -2.17812e-011 -21.3733 -21.3733
9.37 21.9433 1.69433e-011 -4.27436e-012 -21.3733 -21.3733
9.38 21.9433 -5.18741e-012 1.65041e-011 -21.3733 -21.3733
9.39 21.9433 -3.92308e-012 -1.50737e-011 -21.3733 -21.3733
9.4 21.9433 3.01346e-011 2.37508e-011 -21.3733 -21.3733
9.41 21.9433 -4.79128e-011 -4.6672e-011 -21.3733 -21.3733
9.42 21.9433 1.06713e-010 1.79599e-011 -21.3733 -21.3733
9.43 21.9433 -1.09401e-010 -7.14273e-012 -21.3733 -21.3733
9.44 21.9433 9.41811e-011 -1.52709e-011 -21.3733 -21.3733
9.45 21.9433 -2.98415e-011 3.43778e-011 -21.3733 -21.3733
9.46 21.9433 2.80664e-013 -9.51852e-011 -21.3733 -21.3733
9.47 21.9433 -1.7037e-011 4.84777e-010 -21.3733 -21.3733
9.48 21.9433 -1.59627e-010 -5.27817e-010 -21.3733 -21.3733
9.49 21.9433 1.48297e-010 5.00449e-010 -21.3733 -21.3733
9.5 21.9433 -9.69278e-011 -3.99405e-010 -21.3733 -21.3733
9.51 21.9433 1.1884e-010 5.06825e-010 -21.3733 -21.3733
9.52 21.9433 -9.55316e-011 -4.68875e-010 -21.3733 -21.3733
9.53 21.9433 6.48548e-011 5.7517e-010 -21.3733 -21.3733
9.54 21.9433 -5.71312e-011 -7.53855e-010 -21.3733 -21.3733
9.55 21.9433 -1.39564e-011 8.53643e-010 -21.3733 -21.3733
9.56 21.9433 1.50933e-010 -3.87823e-010 -21.3733 -21.3733
9.57 21.9433 -8.13163e-011 -1.04019e-010 -21.3733 -21.3733
9.58 21.9433 3.59717e-011 4.87299e-012 -21.3733 -21.3733
9.59 21.9433 3.24873e-011 -1.60472e-011 -21.3733 -21.3733
9.6 21.9433 -7.36287e-010 4.13421e-010 -21.3733 -21.3733
9.61 21.9433 7.65573e-010 -2.79592e-010 -21.3733 -21.3733
9.62 21.9433 -8.30134e-010 1.43273e-010 -21.3733 -21.3733
9.63 21.9433 1.08402e-009 1.69331e-012 -21.3733 -21.3733
9.64 21.9433 -8.64982e-010 2.29446e-010 -21.3733 -21.3733
9.65 21.9433 6.85018e-010 -2.65614e-010 -21.3733 -21.3733
9.66 21.9433 -5.47763e-010 5.44849e-010 -21.3733 -21.3733
9.67 21.9433 1.17957e-010 -5.89121e-010 -21.3733 -21.3733
9.68 21.9433 6.32672e-011 4.9903e-010 -21.3733 -21.3733
9.69 21.9433 -8.64748e-011 -2.19284e-010 -21.3733 -21.3733
9.7 21.9433 1.19878e-010 -4.1116e-011 -21.3733 -21.3733
9.71 21.9433 5.90195e-011 -1.58864e-011 -21.3733 -21.3733
9.72 21.9433 1.08873e-010 2.42784e-012 -21.3733 -21.3733
9.73 21.9433 8.41371e-012 -6.11466e-011 -21.3733 -21.3733
9.74 21.9433 -3.24296e-011 5.11622e-011 -21.3733 -21.3733
9.75 21.9433 -4.94715e-011 2.03739e-011 -21.3733 -21.3733
9.76 21.9433 -4.92766e-011 -1.77058e-011 -21.3733 -21.3733
9.77 21.9433 -7.22014e-011 7.84866e-011 -21.3733 -21.3733
9.78 21.9433 5.26033e-011 1.21753e-010 -21.3733 -21.3733
9.79 21.9433 -3.02918e-010 -6.16591e-011 -21.3733 -21.3733
9.8 21.9433 -2.9755e-010 -8.94498e-011 -21.3733 -21.3733
9.81 21.9433 -9.91287e-011 7.86953e-011 -21.3733 -21.3733
9.82 21.9433 2.00876e-010 -7.58082e-011 -21.3733 -21.3733
9.83 21.9433 -1.12803e-010 6.3773e-011 -21.3733 -21.3733
9.84 21.9433 2.25242e-011 -8.74549e-011 -21.3733 -21.3733
9.85 21.9433 -1.7129e-011 2.03003e-010 -21.3733 -21.3733
9.86 21.9433 -1.2462e-010 -2.00435e-010 -21.3733 -21.3733
9.87 21.9433 6.7006e-011 3.26222e-010 -21.3733 -21.3733
9.88 21.9433 -1.04578e-010 -4.02506e-010 -21.3733 -21.3733
9.89 21.9433 1.65865e-010 4.23616e-010 -21.3733 -21.3733
9.9 21.9433 -1.52738e-010 -3.60911e-010 -21.3733 -21.3733
9.91 21.9433 5.06546e-011 1.21234e-010 -21.3733 -21.3733
9.92 21.9433 -1.68233e-010 -1.32375e-010 -21.3733 -21.3733
9.93 21.9433 2.20372e-010 1.31296e-010 -21.3733 -21.3733
9.94 21.9433 -2.34286e-010 -8.07288e-011 -21.3733 -21.3733
9.95 21.9433 2.61156e-010 -5.72875e-014 -21.3733 -21.3733
9.96 21.9433 -4.9889e-010 -5.98899e-012 -21.3733 -21.3733
9.97 21.9433 7.62976e-010 -6.28564e-012 -21.3733 -21.3733
9.98 21.9433 -7.14548e-011 -6.6942e-011 -21.3733 -21.3733
9.99 21.9433 -1.93392e-011 7.45844e-010 -21.3733 -21.3733
10 21.9433 1.2252e-010 -2.43405e-010 -21.3733 -21.3733
