0.1 0.00142803 -116.899 3.74225e-011 8.36204 8.36204
0.2 0.00571916 -233.83 2.78026e-011 16.7292 16.7292
0.3 0.012884 -350.794 1.32863e-011 25.1015 25.1015
0.4 0.0229333 -467.791 6.76366e-011 33.479 33.479
0.5 0.0358778 -584.822 8.72138e-011 41.862 41.862
0.6 0.0517453 -702.586 -2.05329e-010 50.4697 50.4697
0.7 0.0705724 -821.704 -1.46764e-010 59.4266 59.4266
0.8 0.0923473 -940.921 -1.16696e-010 68.3372 68.3372
0.9 0.117092 -1060.5 -1.83711e-010 77.2973 77.2973
1 0.144796 -1179.89 -1.94905e-010 86.0377 86.0377
0.01 0.144796 -1179.89 3.55271e-015 86.0377 86.0377
0.02 0.144796 -1179.89 2.79954e-012 86.0377 86.0377
0.03 0.144796 -1179.89 -9.54969e-012 86.0377 86.0377
0.04 0.144796 -1179.89 1.33973e-011 86.0377 86.0377
0.05 0.144796 -1179.89 -1.86908e-011 86.0377 86.0377
0.06 0.144796 -1179.89 2.59455e-011 86.0377 86.0377
0.07 0.144796 -1179.89 -3.49694e-011 86.0377 86.0377
0.08 0.144796 -1179.89 4.78124e-011 86.0377 86.0377
0.09 0.144796 -1179.89 -1.17026e-011 86.0377 86.0377
0.1 0.144796 -1179.89 6.73701e-011 86.0377 86.0377
0.11 0.144796 -1179.89 2.43077e-011 86.0377 86.0377
0.12 0.144796 -1179.89 -2.84786e-011 86.0377 86.0377
0.13 0.144796 -1179.89 2.43894e-011 86.0377 86.0377
0.14 0.144796 -1179.89 2.31068e-011 86.0377 86.0377
0.15 0.144796 -1179.89 2.25349e-011 86.0377 86.0377
0.16 0.144796 -1179.89 6.77858e-011 86.0377 86.0377
0.17 0.144796 -1179.89 2.52811e-011 86.0377 86.0377
0.18 0.144796 -1179.89 1.43444e-010 86.0377 86.0377
0.19 0.144796 -1179.89 5.13012e-011 86.0377 86.0377
0.2 0.144796 -1179.89 1.30299e-010 86.0377 86.0377
0.21 0.144796 -1179.89 5.80087e-011 86.0377 86.0377
0.22 0.144796 -1179.89 -8.38725e-011 86.0377 86.0377
0.23 0.144796 -1179.89 -6.8372e-011 86.0377 86.0377
0.24 0.144796 -1179.89 9.35323e-011 86.0377 86.0377
0.25 0.144796 -1179.89 -2.04388e-010 86.0377 86.0377
0.26 0.144796 -1179.89 -3.57169e-010 86.0377 86.0377
0.27 0.144796 -1179.89 4.98837e-010 86.0377 86.0377
0.28 0.144796 -1179.89 -5.70857e-010 86.0377 86.0377
0.29 0.144796 -1179.89 1.64846e-010 86.0377 86.0377
0.3 0.144796 -1179.89 -2.37129e-010 86.0377 86.0377
0.31 0.144796 -1179.89 3.30349e-010 86.0377 86.0377
0.32 0.144796 -1179.89 7.36904e-011 86.0377 86.0377
0.33 0.144796 -1179.89 3.4769e-010 86.0377 86.0377
0.34 0.144796 -1179.89 -5.11129e-010 86.0377 86.0377
0.35 0.144796 -1179.89 7.01984e-010 86.0377 86.0377
0.36 0.144796 -1179.89 -4.59572e-010 86.0377 86.0377
0.37 0.144796 -1179.89 2.1361e-010 86.0377 86.0377
0.38 0.144796 -1179.89 -4.7482e-011 86.0377 86.0377
0.39 0.144796 -1179.89 3.32243e-010 86.0377 86.0377
0.4 0.144796 -1179.89 -8.1755e-011 86.0377 86.0377
0.41 0.144796 -1179.89 1.09576e-010 86.0377 86.0377
0.42 0.144796 -1179.89 -2.21441e-011 86.0377 86.0377
0.43 0.144796 -1179.89 -1.03874e-010 86.0377 86.0377
0.44 0.144796 -1179.89 -2.26628e-011 86.0377 86.0377
0.45 0.144796 -1179.89 2.75087e-011 86.0377 86.0377
0.46 0.144796 -1179.89 7.77689e-012 86.0377 86.0377
0.47 0.144796 -1179.89 -1.6114e-010 86.0377 86.0377
0.48 0.144796 -1179.89 -5.28274e-010 86.0377 86.0377
0.49 0.144796 -1179.89 2.50644e-010 86.0377 86.0377
0.5 0.144796 -1179.89 -4.08097e-010 86.0377 86.0377
0.51 0.144796 -1179.89 5.60501e-010 86.0377 86.0377
0.52 0.144796 -1179.89 -6.05809e-010 86.0377 86.0377
0.53 0.144796 -1179.89 5.19236e-010 86.0377 86.0377
0.54 0.144796 -1179.89 -7.02336e-011 86.0377 86.0377
0.55 0.144796 -1179.89 1.54248e-010 86.0377 86.0377
0.56 0.144796 -1179.89 -2.63519e-010 86.0377 86.0377
0.57 0.144796 -1179.89 -1.15296e-010 86.0377 86.0377
0.58 0.144796 -1179.89 1.57531e-010 86.0377 86.0377
0.59 0.144796 -1179.89 -3.38154e-010 86.0377 86.0377
0.6 0.144796 -1179.89 -2.03592e-010 86.0377 86.0377
0.61 0.144796 -1179.89 2.15614e-011 86.0377 86.0377
0.62 0.144796 -1179.89 -2.77645e-011 86.0377 86.0377
0.63 0.144796 -1179.89 9.91456e-011 86.0377 86.0377
0.64 0.144796 -1179.89 -7.2145e-011 86.0377 86.0377
0.65 0.144796 -1179.89 1.01764e-010 86.0377 86.0377
0.66 0.144796 -1179.89 3.35394e-010 86.0377 86.0377
0.67 0.144796 -1179.89 8.45262e-011 86.0377 86.0377
0.68 0.144796 -1179.89 -1.44716e-010 86.0377 86.0377
0.69 0.144796 -1179.89 3.25976e-010 86.0377 86.0377
0.7 0.144796 -1179.89 -3.34534e-010 86.0377 86.0377
0.71 0.144796 -1179.89 1.73454e-010 86.0377 86.0377
0.72 0.144796 -1179.89 -1.78218e-010 86.0377 86.0377
0.73 0.144796 -1179.89 2.49603e-010 86.0377 86.0377
0.74 0.144796 -1179.89 -3.22522e-010 86.0377 86.0377
0.75 0.144796 -1179.89 3.29049e-010 86.0377 86.0377
0.76 0.144796 -1179.89 -1.30974e-010 86.0377 86.0377
0.77 0.144796 -1179.89 -3.97115e-010 86.0377 86.0377
0.78 0.144796 -1179.89 1.34364e-010 86.0377 86.0377
0.79 0.144796 -1179.89 -2.89734e-010 86.0377 86.0377
0.8 0.144796 -1179.89 3.42162e-011 86.0377 86.0377
0.81 0.144796 -1179.89 -1.40652e-011 86.0377 86.0377
0.82 0.144796 -1179.89 2.10822e-010 86.0377 86.0377
0.83 0.144796 -1179.89 -2.96378e-010 86.0377 86.0377
0.84 0.144796 -1179.89 3.79586e-010 86.0377 86.0377
0.85 0.144796 -1179.89 -1.5595e-010 86.0377 86.0377
0.86 0.144796 -1179.89 -1.84095e-010 86.0377 86.0377
0.87 0.144796 -1179.89 2.61327e-010 86.0377 86.0377
0.88 0.144796 -1179.89 -2.94847e-010 86.0377 86.0377
0.89 0.144796 -1179.89 4.80082e-010 86.0377 86.0377
0.9 0.144796 -1179.89 -2.93344e-010 86.0377 86.0377
0.91 0.144796 -1179.89 6.05095e-010 86.0377 86.0377
0.92 0.144796 -1179.89 -2.19536e-010 86.0377 86.0377
0.93 0.144796 -1179.89 4.25434e-010 86.0377 86.0377
0.94 0.144796 -1179.89 -3.20775e-010 86.0377 86.0377
0.95 0.144796 -1179.89 8.64802e-011 86.0377 86.0377
0.96 0.144796 -1179.89 2.25043e-010 86.0377 86.0377
0.97 0.144796 -1179.89 -1.03739e-011 86.0377 86.0377
0.98 0.144796 -1179.89 -1.10539e-010 86.0377 86.0377
0.99 0.144796 -1179.89 -6.67306e-011 86.0377 86.0377
1 0.144796 -1179.89 4.13657e-010 86.0377 86.0377
1.01 0.144796 -1179.89 -1.48379e-010 86.0377 86.0377
1.02 0.144796 -1179.89 8.15291e-010 86.0377 86.0377
1.03 0.144796 -1179.89 3.41487e-011 86.0377 86.0377
1.04 0.144796 -1179.89 2.59345e-010 86.0377 86.0377
1.05 0.144796 -1179.89 4.18037e-010 86.0377 86.0377
1.06 0.144796 -1179.89 -1.60874e-010 86.0377 86.0377
1.07 0.144796 -1179.89 2.8675e-010 86.0377 86.0377
1.08 0.144796 -1179.89 -3.12134e-010 86.0377 86.0377
1.09 0.144796 -1179.89 4.41986e-010 86.0377 86.0377
1.1 0.144796 -1179.89 2.44267e-010 86.0377 86.0377
1.11 0.144796 -1179.89 -2.53255e-010 86.0377 86.0377
1.12 0.144796 -1179.89 -2.73808e-010 86.0377 86.0377
1.13 0.144796 -1179.89 -2.30038e-010 86.0377 86.0377
1.14 0.144796 -1179.89 3.89207e-010 86.0377 86.0377
1.15 0.144796 -1179.89 6.33325e-010 86.0377 86.0377
1.16 0.144796 -1179.89 -2.82956e-010 86.0377 86.0377
1.17 0.144796 -1179.89 4.99025e-010 86.0377 86.0377
1.18 0.144796 -1179.89 9.02638e-011 86.0377 86.0377
1.19 0.144796 -1179.89 5.97566e-011 86.0377 86.0377
1.2 0.144796 -1179.89 2.23004e-011 86.0377 86.0377
1.21 0.144796 -1179.89 1.53008e-010 86.0377 86.0377
1.22 0.144796 -1179.89 -1.77035e-010 86.0377 86.0377
1.23 0.144796 -1179.89 1.29113e-010 86.0377 86.0377
1.24 0.144796 -1179.89 3.38442e-010 86.0377 86.0377
1.25 0.144796 -1179.89 5.35675e-010 86.0377 86.0377
1.26 0.144796 -1179.89 5.301e-011 86.0377 86.0377
1.27 0.144796 -1179.89 -4.51017e-011 86.0377 86.0377
1.28 0.144796 -1179.89 1.44283e-010 86.0377 86.0377
1.29 0.144796 -1179.89 3.81657e-010 86.0377 86.0377
1.3 0.144796 -1179.89 1.19087e-010 86.0377 86.0377
1.31 0.144796 -1179.89 1.82947e-010 86.0377 86.0377
1.32 0.144796 -1179.89 -3.6264e-010 86.0377 86.0377
1.33 0.144796 -1179.89 -1.01927e-011 86.0377 86.0377
1.34 0.144796 -1179.89 1.64437e-010 86.0377 86.0377
1.35 0.144796 -1179.89 -3.44933e-011 86.0377 86.0377
1.36 0.144796 -1179.89 -1.47367e-011 86.0377 86.0377
1.37 0.144796 -1179.89 -1.89157e-010 86.0377 86.0377
1.38 0.144796 -1179.89 -6.54001e-010 86.0377 86.0377
1.39 0.144796 -1179.89 2.1004e-010 86.0377 86.0377
1.4 0.144796 -1179.89 3.53175e-011 86.0377 86.0377
1.41 0.144796 -1179.89 -2.68056e-010 86.0377 86.0377
1.42 0.144796 -1179.89 1.30679e-010 86.0377 86.0377
1.43 0.144796 -1179.89 -6.224e-011 86.0377 86.0377
1.44 0.144796 -1179.89 1.46905e-011 86.0377 86.0377
1.45 0.144796 -1179.89 -1.90781e-012 86.0377 86.0377
1.46 0.144796 -1179.89 -8.00888e-011 86.0377 86.0377
1.47 0.144796 -1179.89 3.2454e-011 86.0377 86.0377
1.48 0.144796 -1179.89 -1.46105e-010 86.0377 86.0377
1.49 0.144796 -1179.89 -4.75708e-011 86.0377 86.0377
1.5 0.144796 -1179.89 7.15019e-011 86.0377 86.0377
1.51 0.144796 -1179.89 -5.16415e-010 86.0377 86.0377
1.52 0.144796 -1179.89 -9.72662e-011 86.0377 86.0377
1.53 0.144796 -1179.89 1.2043e-010 86.0377 86.0377
1.54 0.144796 -1179.89 -1.38495e-010 86.0377 86.0377
1.55 0.144796 -1179.89 1.77039e-010 86.0377 86.0377
1.56 0.144796 -1179.89 2.47972e-010 86.0377 86.0377
1.57 0.144796 -1179.89 5.48766e-010 86.0377 86.0377
1.58 0.144796 -1179.89 -1.34442e-010 86.0377 86.0377
1.59 0.144796 -1179.89 4.5754e-010 86.0377 86.0377
1.6 0.144796 -1179.89 4.69758e-010 86.0377 86.0377
1.61 0.144796 -1179.89 3.9368e-010 86.0377 86.0377
1.62 0.144796 -1179.89 -1.71134e-011 86.0377 86.0377
1.63 0.144796 -1179.89 2.2812e-011 86.0377 86.0377
1.64 0.144796 -1179.89 -7.35874e-011 86.0377 86.0377
1.65 0.144796 -1179.89 4.7784e-010 86.0377 86.0377
1.66 0.144796 -1179.89 -5.49811e-010 86.0377 86.0377
1.67 0.144796 -1179.89 1.5115e-010 86.0377 86.0377
1.68 0.144796 -1179.89 8.93863e-012 86.0377 86.0377
1.69 0.144796 -1179.89 1.39529e-010 86.0377 86.0377
1.7 0.144796 -1179.89 1.30726e-010 86.0377 86.0377
1.71 0.144796 -1179.89 6.87095e-012 86.0377 86.0377
1.72 0.144796 -1179.89 8.3471e-011 86.0377 86.0377
1.73 0.144796 -1179.89 1.47971e-011 86.0377 86.0377
1.74 0.144796 -1179.89 6.60414e-011 86.0377 86.0377
1.75 0.144796 -1179.89 3.15552e-011 86.0377 86.0377
1.76 0.144796 -1179.89 1.07743e-010 86.0377 86.0377
1.77 0.144796 -1179.89 -3.37259e-011 86.0377 86.0377
1.78 0.144796 -1179.89 -9.24736e-011 86.0377 86.0377
1.79 0.144796 -1179.89 -3.00144e-010 86.0377 86.0377
1.8 0.144796 -1179.89 2.9571e-010 86.0377 86.0377
1.81 0.144796 -1179.89 -2.48058e-010 86.0377 86.0377
1.82 0.144796 -1179.89 -1.54515e-010 86.0377 86.0377
1.83 0.144796 -1179.89 2.13841e-010 86.0377 86.0377
1.84 0.144796 -1179.89 3.03153e-011 86.0377 86.0377
1.85 0.144796 -1179.89 5.76115e-010 86.0377 86.0377
1.86 0.144796 -1179.89 -6.27303e-011 86.0377 86.0377
1.87 0.144796 -1179.89 2.25647e-010 86.0377 86.0377
1.88 0.144796 -1179.89 5.30136e-011 86.0377 86.0377
1.89 0.144796 -1179.89 2.70099e-010 86.0377 86.0377
1.9 0.144796 -1179.89 4.34e-011 86.0377 86.0377
1.91 0.144796 -1179.89 3.03455e-010 86.0377 86.0377
1.92 0.144796 -1179.89 -7.03082e-011 86.0377 86.0377
1.93 0.144796 -1179.89 5.72243e-010 86.0377 86.0377
1.94 0.144796 -1179.89 3.80997e-010 86.0377 86.0377
1.95 0.144796 -1179.89 5.89182e-011 86.0377 86.0377
1.96 0.144796 -1179.89 -2.41208e-010 86.0377 86.0377
1.97 0.144796 -1179.89 -2.77751e-011 86.0377 86.0377
1.98 0.144796 -1179.89 -3.55946e-010 86.0377 86.0377
1.99 0.144796 -1179.89 2.61696e-010 86.0377 86.0377
2 0.144796 -1179.89 2.42174e-010 86.0377 86.0377
2.01 0.144796 -1179.89 6.0826e-010 86.0377 86.0377
2.02 0.144796 -1179.89 5.93879e-010 86.0377 86.0377
2.03 0.144796 -1179.89 3.37604e-010 86.0377 86.0377
2.04 0.144796 -1179.89 3.49274e-010 86.0377 86.0377
2.05 0.144796 -1179.89 3.02055e-010 86.0377 86.0377
2.06 0.144796 -1179.89 2.92545e-010 86.0377 86.0377
2.07 0.144796 -1179.89 5.47871e-010 86.0377 86.0377
2.08 0.144796 -1179.89 -4.28351e-011 86.0377 86.0377
2.09 0.144796 -1179.89 -1.62181e-010 86.0377 86.0377
2.1 0.144796 -1179.89 -8.98552e-011 86.0377 86.0377
2.11 0.144796 -1179.89 4.05119e-010 86.0377 86.0377
2.12 0.144796 -1179.89 8.34056e-010 86.0377 86.0377
2.13 0.144796 -1179.89 3.14405e-010 86.0377 86.0377
2.14 0.144796 -1179.89 -1.54202e-010 86.0377 86.0377
2.15 0.144796 -1179.89 3.44258e-011 86.0377 86.0377
2.16 0.144796 -1179.89 -2.5236e-010 86.0377 86.0377
2.17 0.144796 -1179.89 1.16728e-010 86.0377 86.0377
2.18 0.144796 -1179.89 3.14031e-010 86.0377 86.0377
2.19 0.144796 -1179.89 -1.54621e-010 86.0377 86.0377
2.2 0.144796 -1179.89 4.25018e-010 86.0377 86.0377
2.21 0.144796 -1179.89 -1.38979e-010 86.0377 86.0377
2.22 0.144796 -1179.89 4.19817e-010 86.0377 86.0377
2.23 0.144796 -1179.89 -9.72449e-011 86.0377 86.0377
2.24 0.144796 -1179.89 9.08145e-011 86.0377 86.0377
2.25 0.144796 -1179.89 -9.84741e-011 86.0377 86.0377
2.26 0.144796 -1179.89 8.07887e-011 86.0377 86.0377
2.27 0.144796 -1179.89 -2.44654e-010 86.0377 86.0377
2.28 0.144796 -1179.89 7.7474e-011 86.0377 86.0377
2.29 0.144796 -1179.89 -1.53282e-010 86.0377 86.0377
2.3 0.144796 -1179.89 -1.95648e-011 86.0377 86.0377
2.31 0.144796 -1179.89 -9.62359e-011 86.0377 86.0377
2.32 0.144796 -1179.89 8.40927e-012 86.0377 86.0377
2.33 0.144796 -1179.89 -1.0952e-010 86.0377 86.0377
2.34 0.144796 -1179.89 6.1533e-012 86.0377 86.0377
2.35 0.144796 -1179.89 1.8073e-010 86.0377 86.0377
2.36 0.144796 -1179.89 1.09971e-010 86.0377 86.0377
2.37 0.144796 -1179.89 -2.11486e-010 86.0377 86.0377
2.38 0.144796 -1179.89 -7.51044e-012 86.0377 86.0377
2.39 0.144796 -1179.89 -1.73362e-010 86.0377 86.0377
2.4 0.144796 -1179.89 -2.0011e-010 86.0377 86.0377
2.41 0.144796 -1179.89 -7.64544e-011 86.0377 86.0377
2.42 0.144796 -1179.89 -2.41918e-010 86.0377 86.0377
2.43 0.144796 -1179.89 -8.33822e-011 86.0377 86.0377
2.44 0.144796 -1179.89 -2.50733e-010 86.0377 86.0377
2.45 0.144796 -1179.89 -5.92379e-011 86.0377 86.0377
2.46 0.144796 -1179.89 1.86432e-010 86.0377 86.0377
2.47 0.144796 -1179.89 -3.98607e-010 86.0377 86.0377
2.48 0.144796 -1179.89 5.24167e-011 86.0377 86.0377
2.49 0.144796 -1179.89 -1.12664e-010 86.0377 86.0377
2.5 0.144796 -1179.89 1.8396e-011 86.0377 86.0377
2.51 0.144796 -1179.89 2.93436e-010 86.0377 86.0377
2.52 0.144796 -1179.89 2.31353e-011 86.0377 86.0377
2.53 0.144796 -1179.89 3.97335e-011 86.0377 86.0377
2.54 0.144796 -1179.89 -1.88212e-010 86.0377 86.0377
2.55 0.144796 -1179.89 2.52982e-010 86.0377 86.0377
2.56 0.144796 -1179.89 -3.07299e-010 86.0377 86.0377
2.57 0.144796 -1179.89 -2.2948e-010 86.0377 86.0377
2.58 0.144796 -1179.89 3.02066e-010 86.0377 86.0377
2.59 0.144796 -1179.89 8.78302e-011 86.0377 86.0377
2.6 0.144796 -1179.89 -1.09733e-010 86.0377 86.0377
2.61 0.144796 -1179.89 1.23283e-010 86.0377 86.0377
2.62 0.144796 -1179.89 3.90916e-010 86.0377 86.0377
2.63 0.144796 -1179.89 -2.90399e-010 86.0377 86.0377
2.64 0.144796 -1179.89 1.28374e-010 86.0377 86.0377
2.65 0.144796 -1179.89 -1.22284e-010 86.0377 86.0377
2.66 0.144796 -1179.89 -3.98899e-011 86.0377 86.0377
2.67 0.144796 -1179.89 1.89182e-011 86.0377 86.0377
2.68 0.144796 -1179.89 -1.99407e-010 86.0377 86.0377
2.69 0.144796 -1179.89 2.20528e-010 86.0377 86.0377
2.7 0.144796 -1179.89 -3.04389e-010 86.0377 86.0377
2.71 0.144796 -1179.89 3.38666e-010 86.0377 86.0377
2.72 0.144796 -1179.89 -5.14007e-010 86.0377 86.0377
2.73 0.144796 -1179.89 4.98293e-010 86.0377 86.0377
2.74 0.144796 -1179.89 -1.00911e-010 86.0377 86.0377
2.75 0.144796 -1179.89 3.15755e-010 86.0377 86.0377
2.76 0.144796 -1179.89 -1.3172e-010 86.0377 86.0377
2.77 0.144796 -1179.89 1.36573e-010 86.0377 86.0377
2.78 0.144796 -1179.89 9.07363e-011 86.0377 86.0377
2.79 0.144796 -1179.89 3.41259e-010 86.0377 86.0377
2.8 0.144796 -1179.89 -2.90694e-010 86.0377 86.0377
2.81 0.144796 -1179.89 2.32298e-010 86.0377 86.0377
2.82 0.144796 -1179.89 -3.13705e-010 86.0377 86.0377
2.83 0.144796 -1179.89 -3.63976e-011 86.0377 86.0377
2.84 0.144796 -1179.89 3.15403e-010 86.0377 86.0377
2.85 0.144796 -1179.89 -6.33698e-011 86.0377 86.0377
2.86 0.144796 -1179.89 2.41343e-010 86.0377 86.0377
2.87 0.144796 -1179.89 1.93932e-010 86.0377 86.0377
2.88 0.144796 -1179.89 1.19705e-010 86.0377 86.0377
2.89 0.144796 -1179.89 1.29674e-011 86.0377 86.0377
2.9 0.144796 -1179.89 2.95231e-011 86.0377 86.0377
2.91 0.144796 -1179.89 4.76383e-011 86.0377 86.0377
2.92 0.144796 -1179.89 3.19424e-011 86.0377 86.0377
2.93 0.144796 -1179.89 2.02576e-011 86.0377 86.0377
2.94 0.144796 -1179.89 5.54934e-011 86.0377 86.0377
2.95 0.144796 -1179.89 1.2939e-011 86.0377 86.0377
2.96 0.144796 -1179.89 1.04521e-011 86.0377 86.0377
2.97 0.144796 -1179.89 6.67306e-011 86.0377 86.0377
2.98 0.144796 -1179.89 5.30527e-011 86.0377 86.0377
2.99 0.144796 -1179.89 1.05661e-010 86.0377 86.0377
3 0.144796 -1179.89 7.90763e-011 86.0377 86.0377
3.01 0.144796 -1179.89 -3.03757e-012 86.0377 86.0377
3.02 0.144796 -1179.89 8.05187e-011 86.0377 86.0377
3.03 0.144796 -1179.89 -5.92948e-012 86.0377 86.0377
3.04 0.144796 -1179.89 7.11289e-011 86.0377 86.0377
3.05 0.144796 -1179.89 2.32454e-011 86.0377 86.0377
3.06 0.144796 -1179.89 5.77032e-011 86.0377 86.0377
3.07 0.144796 -1179.89 5.96039e-011 86.0377 86.0377
3.08 0.144796 -1179.89 7.4774e-011 86.0377 86.0377
3.09 0.144796 -1179.89 -2.09006e-011 86.0377 86.0377
3.1 0.144796 -1179.89 9.87335e-011 86.0377 86.0377
3.11 0.144796 -1179.89 -5.43068e-011 86.0377 86.0377
3.12 0.144796 -1179.89 1.59549e-010 86.0377 86.0377
3.13 0.144796 -1179.89 -1.3932e-010 86.0377 86.0377
3.14 0.144796 -1179.89 -2.68241e-010 86.0377 86.0377
3.15 0.144796 -1179.89 4.19682e-011 86.0377 86.0377
3.16 0.144796 -1179.89 -2.40234e-011 86.0377 86.0377
3.17 0.144796 -1179.89 1.39355e-010 86.0377 86.0377
3.18 0.144796 -1179.89 -8.86438e-011 86.0377 86.0377
3.19 0.144796 -1179.89 1.42983e-010 86.0377 86.0377
3.2 0.144796 -1179.89 -1.37209e-010 86.0377 86.0377
3.21 0.144796 -1179.89 2.02267e-010 86.0377 86.0377
3.22 0.144796 -1179.89 -2.6402e-010 86.0377 86.0377
3.23 0.144796 -1179.89 -6.07585e-011 86.0377 86.0377
3.24 0.144796 -1179.89 -1.43022e-010 86.0377 86.0377
3.25 0.144796 -1179.89 -3.96284e-010 86.0377 86.0377
3.26 0.144796 -1179.89 2.82945e-010 86.0377 86.0377
3.27 0.144796 -1179.89 -1.32509e-010 86.0377 86.0377
3.28 0.144796 -1179.89 -5.00869e-010 86.0377 86.0377
3.29 0.144796 -1179.89 2.29274e-010 86.0377 86.0377
3.3 0.144796 -1179.89 -4.2597e-011 86.0377 86.0377
3.31 0.144796 -1179.89 -2.9754e-011 86.0377 86.0377
3.32 0.144796 -1179.89 2.90932e-011 86.0377 86.0377
3.33 0.144796 -1179.89 5.91207e-011 86.0377 86.0377
3.34 0.144796 -1179.89 -4.62883e-011 86.0377 86.0377
3.35 0.144796 -1179.89 4.28386e-011 86.0377 86.0377
3.36 0.144796 -1179.89 1.96e-010 86.0377 86.0377
3.37 0.144796 -1179.89 3.06425e-010 86.0377 86.0377
3.38 0.144796 -1179.89 -2.77016e-010 86.0377 86.0377
3.39 0.144796 -1179.89 9.08926e-011 86.0377 86.0377
3.4 0.144796 -1179.89 -1.32186e-010 86.0377 86.0377
3.41 0.144796 -1179.89 1.52809e-010 86.0377 86.0377
3.42 0.144796 -1179.89 1.82702e-010 86.0377 86.0377
3.43 0.144796 -1179.89 -5.74367e-011 86.0377 86.0377
3.44 0.144796 -1179.89 2.06651e-010 86.0377 86.0377
3.45 0.144796 -1179.89 -3.62874e-011 86.0377 86.0377
3.46 0.144796 -1179.89 3.31976e-010 86.0377 86.0377
3.47 0.144796 -1179.89 7.41025e-011 86.0377 86.0377
3.48 0.144796 -1179.89 7.26956e-011 86.0377 86.0377
3.49 0.144796 -1179.89 3.45988e-010 86.0377 86.0377
3.5 0.144796 -1179.89 5.94817e-010 86.0377 86.0377
3.51 0.144796 -1179.89 -1.37877e-010 86.0377 86.0377
3.52 0.144796 -1179.89 1.64917e-010 86.0377 86.0377
3.53 0.144796 -1179.89 6.135e-010 86.0377 86.0377
3.54 0.144796 -1179.89 4.62148e-010 86.0377 86.0377
3.55 0.144796 -1179.89 6.30109e-011 86.0377 86.0377
3.56 0.144796 -1179.89 1.92589e-010 86.0377 86.0377
3.57 0.144796 -1179.89 6.01339e-010 86.0377 86.0377
3.58 0.144796 -1179.89 2.35087e-010 86.0377 86.0377
3.59 0.144796 -1179.89 1.78801e-010 86.0377 86.0377
3.6 0.144796 -1179.89 4.20854e-011 86.0377 86.0377
3.61 0.144796 -1179.89 4.68074e-010 86.0377 86.0377
3.62 0.144796 -1179.89 4.57234e-012 86.0377 86.0377
3.63 0.144796 -1179.89 4.75911e-010 86.0377 86.0377
3.64 0.144796 -1179.89 6.33715e-010 86.0377 86.0377
3.65 0.144796 -1179.89 -8.83382e-011 86.0377 86.0377
3.66 0.144796 -1179.89 5.68136e-010 86.0377 86.0377
3.67 0.144796 -1179.89 -3.30626e-010 86.0377 86.0377
3.68 0.144796 -1179.89 4.15177e-010 86.0377 86.0377
3.69 0.144796 -1179.89 -1.1385e-010 86.0377 86.0377
3.7 0.144796 -1179.89 -4.77982e-011 86.0377 86.0377
3.71 0.144796 -1179.89 4.37311e-010 86.0377 86.0377
3.72 0.144796 -1179.89 -2.47642e-010 86.0377 86.0377
3.73 0.144796 -1179.89 7.99361e-013 86.0377 86.0377
3.74 0.144796 -1179.89 3.76403e-010 86.0377 86.0377
3.75 0.144796 -1179.89 4.25423e-010 86.0377 86.0377
3.76 0.144796 -1179.89 1.55389e-010 86.0377 86.0377
3.77 0.144796 -1179.89 1.93371e-010 86.0377 86.0377
3.78 0.144796 -1179.89 1.61702e-010 86.0377 86.0377
3.79 0.144796 -1179.89 -3.79323e-011 86.0377 86.0377
3.8 0.144796 -1179.89 1.31795e-010 86.0377 86.0377
3.81 0.144796 -1179.89 7.74243e-011 86.0377 86.0377
3.82 0.144796 -1179.89 4.82387e-011 86.0377 86.0377
3.83 0.144796 -1179.89 7.36762e-011 86.0377 86.0377
3.84 0.144796 -1179.89 3.52124e-010 86.0377 86.0377
3.85 0.144796 -1179.89 4.14705e-010 86.0377 86.0377
3.86 0.144796 -1179.89 1.88329e-011 86.0377 86.0377
3.87 0.144796 -1179.89 3.27841e-010 86.0377 86.0377
3.88 0.144796 -1179.89 9.26111e-010 86.0377 86.0377
3.89 0.144796 -1179.89 2.64667e-010 86.0377 86.0377
3.9 0.144796 -1179.89 5.71312e-010 86.0377 86.0377
3.91 0.144796 -1179.89 7.29131e-010 86.0377 86.0377
3.92 0.144796 -1179.89 2.6791e-010 86.0377 86.0377
3.93 0.144796 -1179.89 4.81744e-010 86.0377 86.0377
3.94 0.144796 -1179.89 4.12307e-010 86.0377 86.0377
3.95 0.144796 -1179.89 1.59897e-010 86.0377 86.0377
3.96 0.144796 -1179.89 3.20306e-010 86.0377 86.0377
3.97 0.144796 -1179.89 2.45695e-010 86.0377 86.0377
3.98 0.144796 -1179.89 3.43032e-010 86.0377 86.0377
3.99 0.144796 -1179.89 3.55382e-010 86.0377 86.0377
4 0.144796 -1179.89 4.32351e-010 86.0377 86.0377
4.01 0.144796 -1179.89 3.53428e-010 86.0377 86.0377
4.02 0.144796 -1179.89 -1.81487e-010 86.0377 86.0377
4.03 0.144796 -1179.89 3.80421e-010 86.0377 86.0377
4.04 0.144796 -1179.89 7.19425e-012 86.0377 86.0377
4.05 0.144796 -1179.89 -4.67313e-010 86.0377 86.0377
4.06 0.144796 -1179.89 1.92294e-010 86.0377 86.0377
4.07 0.144796 -1179.89 1.02105e-010 86.0377 86.0377
4.08 0.144796 -1179.89 1.96064e-010 86.0377 86.0377
4.09 0.144796 -1179.89 1.73245e-010 86.0377 86.0377
4.1 0.144796 -1179.89 8.89244e-011 86.0377 86.0377
4.11 0.144796 -1179.89 2.04874e-010 86.0377 86.0377
4.12 0.144796 -1179.89 2.18858e-010 86.0377 86.0377
4.13 0.144796 -1179.89 5.57563e-011 86.0377 86.0377
4.14 0.144796 -1179.89 1.30669e-010 86.0377 86.0377
4.15 0.144796 -1179.89 4.1851e-011 86.0377 86.0377
4.16 0.144796 -1179.89 1.35426e-010 86.0377 86.0377
4.17 0.144796 -1179.89 8.22915e-011 86.0377 86.0377
4.18 0.144796 -1179.89 1.13335e-010 86.0377 86.0377
4.19 0.144796 -1179.89 1.71394e-010 86.0377 86.0377
4.2 0.144796 -1179.89 1.99648e-010 86.0377 86.0377
4.21 0.144796 -1179.89 8.34781e-011 86.0377 86.0377
4.22 0.144796 -1179.89 6.71285e-011 86.0377 86.0377
4.23 0.144796 -1179.89 1.36005e-010 86.0377 86.0377
4.24 0.144796 -1179.89 2.20172e-010 86.0377 86.0377
4.25 0.144796 -1179.89 8.10942e-011 86.0377 86.0377
4.26 0.144796 -1179.89 2.66773e-011 86.0377 86.0377
4.27 0.144796 -1179.89 -2.58417e-010 86.0377 86.0377
4.28 0.144796 -1179.89 2.78057e-010 86.0377 86.0377
4.29 0.144796 -1179.89 3.26978e-010 86.0377 86.0377
4.3 0.144796 -1179.89 3.22849e-010 86.0377 86.0377
4.31 0.144796 -1179.89 1.01707e-010 86.0377 86.0377
4.32 0.144796 -1179.89 1.48361e-010 86.0377 86.0377
4.33 0.144796 -1179.89 -1.3036e-010 86.0377 86.0377
4.34 0.144796 -1179.89 2.45766e-010 86.0377 86.0377
4.35 0.144796 -1179.89 5.3376e-011 86.0377 86.0377
4.36 0.144796 -1179.89 1.8488e-010 86.0377 86.0377
4.37 0.144796 -1179.89 7.49338e-011 86.0377 86.0377
4.38 0.144796 -1179.89 2.05166e-010 86.0377 86.0377
4.39 0.144796 -1179.89 1.71951e-011 86.0377 86.0377
4.4 0.144796 -1179.89 4.60048e-010 86.0377 86.0377
4.41 0.144796 -1179.89 1.97808e-010 86.0377 86.0377
4.42 0.144796 -1179.89 3.90258e-010 86.0377 86.0377
4.43 0.144796 -1179.89 1.22366e-010 86.0377 86.0377
4.44 0.144796 -1179.89 3.0472e-010 86.0377 86.0377
4.45 0.144796 -1179.89 3.26473e-010 86.0377 86.0377
4.46 0.144796 -1179.89 3.45874e-010 86.0377 86.0377
4.47 0.144796 -1179.89 2.37748e-010 86.0377 86.0377
4.48 0.144796 -1179.89 3.16877e-010 86.0377 86.0377
4.49 0.144796 -1179.89 2.16019e-010 86.0377 86.0377
4.5 0.144796 -1179.89 2.86914e-010 86.0377 86.0377
4.51 0.144796 -1179.89 2.15426e-010 86.0377 86.0377
4.52 0.144796 -1179.89 3.27667e-010 86.0377 86.0377
4.53 0.144796 -1179.89 1.27038e-010 86.0377 86.0377
4.54 0.144796 -1179.89 3.54511e-010 86.0377 86.0377
4.55 0.144796 -1179.89 3.28185e-010 86.0377 86.0377
4.56 0.144796 -1179.89 3.25372e-010 86.0377 86.0377
4.57 0.144796 -1179.89 2.64912e-010 86.0377 86.0377
4.58 0.144796 -1179.89 2.32941e-010 86.0377 86.0377
4.59 0.144796 -1179.89 3.16398e-010 86.0377 86.0377
4.6 0.144796 -1179.89 2.72209e-010 86.0377 86.0377
4.61 0.144796 -1179.89 3.33014e-010 86.0377 86.0377
4.62 0.144796 -1179.89 2.59316e-010 86.0377 86.0377
4.63 0.144796 -1179.89 3.21641e-010 86.0377 86.0377
4.64 0.144796 -1179.89 4.05759e-010 86.0377 86.0377
4.65 0.144796 -1179.89 2.09553e-010 86.0377 86.0377
4.66 0.144796 -1179.89 1.88727e-010 86.0377 86.0377
4.67 0.144796 -1179.89 2.26489e-010 86.0377 86.0377
4.68 0.144796 -1179.89 3.22345e-010 86.0377 86.0377
4.69 0.144796 -1179.89 1.97844e-010 86.0377 86.0377
4.7 0.144796 -1179.89 2.20748e-010 86.0377 86.0377
4.71 0.144796 -1179.89 2.35048e-010 86.0377 86.0377
4.72 0.144796 -1179.89 3.36005e-010 86.0377 86.0377
4.73 0.144796 -1179.89 1.04588e-010 86.0377 86.0377
4.74 0.144796 -1179.89 5.10596e-010 86.0377 86.0377
4.75 0.144796 -1179.89 1.48894e-010 86.0377 86.0377
4.76 0.144796 -1179.89 4.76863e-010 86.0377 86.0377
4.77 0.144796 -1179.89 2.97092e-010 86.0377 86.0377
4.78 0.144796 -1179.89 3.21421e-010 86.0377 86.0377
4.79 0.144796 -1179.89 5.75035e-010 86.0377 86.0377
4.8 0.144796 -1179.89 -4.45155e-011 86.0377 86.0377
4.81 0.144796 -1179.89 5.74573e-010 86.0377 86.0377
4.82 0.144796 -1179.89 1.92017e-010 86.0377 86.0377
4.83 0.144796 -1179.89 3.4618e-010 86.0377 86.0377
4.84 0.144796 -1179.89 4.85237e-010 86.0377 86.0377
4.85 0.144796 -1179.89 3.70591e-010 86.0377 86.0377
4.86 0.144796 -1179.89 1.69006e-010 86.0377 86.0377
4.87 0.144796 -1179.89 -1.35106e-010 86.0377 86.0377
4.88 0.144796 -1179.89 7.99574e-010 86.0377 86.0377
4.89 0.144796 -1179.89 1.5303e-010 86.0377 86.0377
4.9 0.144796 -1179.89 5.10756e-010 86.0377 86.0377
4.91 0.144796 -1179.89 5.32896e-010 86.0377 86.0377
4.92 0.144796 -1179.89 6.86008e-010 86.0377 86.0377
4.93 0.144796 -1179.89 4.21927e-010 86.0377 86.0377
4.94 0.144796 -1179.89 5.76705e-010 86.0377 86.0377
4.95 0.144796 -1179.89 2.39314e-010 86.0377 86.0377
4.96 0.144796 -1179.89 3.25592e-010 86.0377 86.0377
4.97 0.144796 -1179.89 4.81908e-010 86.0377 86.0377
4.98 0.144796 -1179.89 4.89955e-010 86.0377 86.0377
4.99 0.144796 -1179.89 8.43343e-010 86.0377 86.0377
5 0.144796 -1179.89 3.20103e-010 86.0377 86.0377
5.01 0.144796 -1179.89 5.93275e-010 86.0377 86.0377
5.02 0.144796 -1179.89 1.02336e-009 86.0377 86.0377
5.03 0.144796 -1179.89 5.08898e-010 86.0377 86.0377
5.04 0.144796 -1179.89 1.30803e-009 86.0377 86.0377
5.05 0.144796 -1179.89 -8.14104e-011 86.0377 86.0377
5.06 0.144796 -1179.89 1.22046e-009 86.0377 86.0377
5.07 0.144796 -1179.89 -1.36755e-010 86.0377 86.0377
5.08 0.144796 -1179.89 1.40143e-009 86.0377 86.0377
5.09 0.144796 -1179.89 -8.18794e-011 86.0377 86.0377
5.1 0.144796 -1179.89 1.51644e-009 86.0377 86.0377
5.11 0.144796 -1179.89 2.60293e-010 86.0377 86.0377
5.12 0.144796 -1179.89 1.22225e-009 86.0377 86.0377
5.13 0.144796 -1179.89 1.51875e-010 86.0377 86.0377
5.14 0.144796 -1179.89 1.40444e-009 86.0377 86.0377
5.15 0.144796 -1179.89 -9.77174e-011 86.0377 86.0377
5.16 0.144796 -1179.89 9.27539e-010 86.0377 86.0377
5.17 0.144796 -1179.89 8.12612e-011 86.0377 86.0377
5.18 0.144796 -1179.89 5.27635e-010 86.0377 86.0377
5.19 0.144796 -1179.89 2.53753e-010 86.0377 86.0377
5.2 0.144796 -1179.89 7.36474e-010 86.0377 86.0377
5.21 0.144796 -1179.89 3.08265e-010 86.0377 86.0377
5.22 0.144796 -1179.89 7.89697e-010 86.0377 86.0377
5.23 0.144796 -1179.89 1.77046e-010 86.0377 86.0377
5.24 0.144796 -1179.89 4.54865e-010 86.0377 86.0377
5.25 0.144796 -1179.89 8.37819e-010 86.0377 86.0377
5.26 0.144796 -1179.89 9.93857e-010 86.0377 86.0377
5.27 0.144796 -1179.89 8.26091e-010 86.0377 86.0377
5.28 0.144796 -1179.89 7.30072e-010 86.0377 86.0377
5.29 0.144796 -1179.89 9.53548e-010 86.0377 86.0377
5.3 0.144796 -1179.89 8.08356e-010 86.0377 86.0377
5.31 0.144796 -1179.89 5.76922e-010 86.0377 86.0377
5.32 0.144796 -1179.89 5.93058e-010 86.0377 86.0377
5.33 0.144796 -1179.89 7.36776e-010 86.0377 86.0377
5.34 0.144796 -1179.89 2.42132e-010 86.0377 86.0377
5.35 0.144796 -1179.89 6.70507e-010 86.0377 86.0377
5.36 0.144796 -1179.89 7.06308e-010 86.0377 86.0377
5.37 0.144796 -1179.89 6.41229e-010 86.0377 86.0377
5.38 0.144796 -1179.89 4.38881e-010 86.0377 86.0377
5.39 0.144796 -1179.89 5.26498e-010 86.0377 86.0377
5.4 0.144796 -1179.89 4.98353e-010 86.0377 86.0377
5.41 0.144796 -1179.89 5.28473e-010 86.0377 86.0377
5.42 0.144796 -1179.89 5.42794e-010 86.0377 86.0377
5.43 0.144796 -1179.89 5.2621e-010 86.0377 86.0377
5.44 0.144796 -1179.89 6.07788e-010 86.0377 86.0377
5.45 0.144796 -1179.89 3.39401e-010 86.0377 86.0377
5.46 0.144796 -1179.89 4.82672e-010 86.0377 86.0377
5.47 0.144796 -1179.89 1.81331e-010 86.0377 86.0377
5.48 0.144796 -1179.89 5.86859e-010 86.0377 86.0377
5.49 0.144796 -1179.89 7.01153e-010 86.0377 86.0377
5.5 0.144796 -1179.89 8.5646e-010 86.0377 86.0377
5.51 0.144796 -1179.89 4.49873e-010 86.0377 86.0377
5.52 0.144796 -1179.89 4.69573e-010 86.0377 86.0377
5.53 0.144796 -1179.89 4.37574e-010 86.0377 86.0377
5.54 0.144796 -1179.89 5.93147e-010 86.0377 86.0377
5.55 0.144796 -1179.89 9.03906e-010 86.0377 86.0377
5.56 0.144796 -1179.89 8.49884e-010 86.0377 86.0377
5.57 0.144796 -1179.89 7.99979e-010 86.0377 86.0377
5.58 0.144796 -1179.89 7.4353e-010 86.0377 86.0377
5.59 0.144796 -1179.89 1.20751e-009 86.0377 86.0377
5.6 0.144796 -1179.89 7.12298e-010 86.0377 86.0377
5.61 0.144796 -1179.89 8.48569e-010 86.0377 86.0377
5.62 0.144796 -1179.89 8.48203e-010 86.0377 86.0377
5.63 0.144796 -1179.89 6.99469e-010 86.0377 86.0377
5.64 0.144796 -1179.89 7.13122e-010 86.0377 86.0377
5.65 0.144796 -1179.89 5.78069e-010 86.0377 86.0377
5.66 0.144796 -1179.89 6.69864e-010 86.0377 86.0377
5.67 0.144796 -1179.89 6.07951e-010 86.0377 86.0377
5.68 0.144796 -1179.89 6.55852e-010 86.0377 86.0377
5.69 0.144796 -1179.89 7.60121e-010 86.0377 86.0377
5.7 0.144796 -1179.89 6.20201e-010 86.0377 86.0377
5.71 0.144796 -1179.89 7.99741e-010 86.0377 86.0377
5.72 0.144796 -1179.89 5.83736e-010 86.0377 86.0377
5.73 0.144796 -1179.89 8.73531e-010 86.0377 86.0377
5.74 0.144796 -1179.89 8.35215e-010 86.0377 86.0377
5.75 0.144796 -1179.89 6.85169e-010 86.0377 86.0377
5.76 0.144796 -1179.89 7.15005e-010 86.0377 86.0377
5.77 0.144796 -1179.89 7.01991e-010 86.0377 86.0377
5.78 0.144796 -1179.89 7.08816e-010 86.0377 86.0377
5.79 0.144796 -1179.89 7.07473e-010 86.0377 86.0377
5.8 0.144796 -1179.89 7.39622e-010 86.0377 86.0377
5.81 0.144796 -1179.89 7.60846e-010 86.0377 86.0377
5.82 0.144796 -1179.89 7.69703e-010 86.0377 86.0377
5.83 0.144796 -1179.89 1.05067e-009 86.0377 86.0377
5.84 0.144796 -1179.89 6.51106e-010 86.0377 86.0377
5.85 0.144796 -1179.89 7.24963e-010 86.0377 86.0377
5.86 0.144796 -1179.89 7.34108e-010 86.0377 86.0377
5.87 0.144796 -1179.89 7.54962e-010 86.0377 86.0377
5.88 0.144796 -1179.89 6.96271e-010 86.0377 86.0377
5.89 0.144796 -1179.89 7.8785e-010 86.0377 86.0377
5.9 0.144796 -1179.89 7.01586e-010 86.0377 86.0377
5.91 0.144796 -1179.89 6.95273e-010 86.0377 86.0377
5.92 0.144796 -1179.89 7.52479e-010 86.0377 86.0377
5.93 0.144796 -1179.89 6.12665e-010 86.0377 86.0377
5.94 0.144796 -1179.89 7.29287e-010 86.0377 86.0377
5.95 0.144796 -1179.89 6.15724e-010 86.0377 86.0377
5.96 0.144796 -1179.89 7.25183e-010 86.0377 86.0377
5.97 0.144796 -1179.89 5.32825e-010 86.0377 86.0377
5.98 0.144796 -1179.89 7.4624e-010 86.0377 86.0377
5.99 0.144796 -1179.89 6.06207e-010 86.0377 86.0377
6 0.144796 -1179.89 7.96646e-010 86.0377 86.0377
6.01 0.144796 -1179.89 5.74303e-010 86.0377 86.0377
6.02 0.144796 -1179.89 7.24729e-010 86.0377 86.0377
6.03 0.144796 -1179.89 6.30067e-010 86.0377 86.0377
6.04 0.144796 -1179.89 7.1114e-010 86.0377 86.0377
6.05 0.144796 -1179.89 6.76209e-010 86.0377 86.0377
6.06 0.144796 -1179.89 7.80521e-010 86.0377 86.0377
6.07 0.144796 -1179.89 6.5257e-010 86.0377 86.0377
6.08 0.144796 -1179.89 7.07225e-010 86.0377 86.0377
6.09 0.144796 -1179.89 6.99483e-010 86.0377 86.0377
6.1 0.144796 -1179.89 7.04425e-010 86.0377 86.0377
6.11 0.144796 -1179.89 6.42888e-010 86.0377 86.0377
6.12 0.144796 -1179.89 6.94495e-010 86.0377 86.0377
6.13 0.144796 -1179.89 7.1725e-010 86.0377 86.0377
6.14 0.144796 -1179.89 8.2413e-010 86.0377 86.0377
6.15 0.144796 -1179.89 7.37536e-010 86.0377 86.0377
6.16 0.144796 -1179.89 5.66409e-010 86.0377 86.0377
6.17 0.144796 -1179.89 6.92548e-010 86.0377 86.0377
6.18 0.144796 -1179.89 6.44295e-010 86.0377 86.0377
6.19 0.144796 -1179.89 7.32776e-010 86.0377 86.0377
6.2 0.144796 -1179.89 6.66358e-010 86.0377 86.0377
6.21 0.144796 -1179.89 6.59888e-010 86.0377 86.0377
6.22 0.144796 -1179.89 6.9025e-010 86.0377 86.0377
6.23 0.144796 -1179.89 6.86676e-010 86.0377 86.0377
6.24 0.144796 -1179.89 6.58996e-010 86.0377 86.0377
6.25 0.144796 -1179.89 5.77014e-010 86.0377 86.0377
6.26 0.144796 -1179.89 6.21359e-010 86.0377 86.0377
6.27 0.144796 -1179.89 6.9296e-010 86.0377 86.0377
6.28 0.144796 -1179.89 6.34078e-010 86.0377 86.0377
6.29 0.144796 -1179.89 5.96245e-010 86.0377 86.0377
6.3 0.144796 -1179.89 6.53078e-010 86.0377 86.0377
6.31 0.144796 -1179.89 5.97456e-010 86.0377 86.0377
6.32 0.144796 -1179.89 6.72376e-010 86.0377 86.0377
6.33 0.144796 -1179.89 6.09823e-010 86.0377 86.0377
6.34 0.144796 -1179.89 6.3757e-010 86.0377 86.0377
6.35 0.144796 -1179.89 6.57323e-010 86.0377 86.0377
6.36 0.144796 -1179.89 6.70354e-010 86.0377 86.0377
6.37 0.144796 -1179.89 5.3932e-010 86.0377 86.0377
6.38 0.144796 -1179.89 7.04574e-010 86.0377 86.0377
6.39 0.144796 -1179.89 6.09816e-010 86.0377 86.0377
6.4 0.144796 -1179.89 6.83414e-010 86.0377 86.0377
6.41 0.144796 -1179.89 5.42403e-010 86.0377 86.0377
6.42 0.144796 -1179.89 6.39272e-010 86.0377 86.0377
6.43 0.144796 -1179.89 6.12804e-010 86.0377 86.0377
6.44 0.144796 -1179.89 6.19981e-010 86.0377 86.0377
6.45 0.144796 -1179.89 6.66812e-010 86.0377 86.0377
6.46 0.144796 -1179.89 5.46894e-010 86.0377 86.0377
6.47 0.144796 -1179.89 5.62281e-010 86.0377 86.0377
6.48 0.144796 -1179.89 6.44491e-010 86.0377 86.0377
6.49 0.144796 -1179.89 5.11537e-010 86.0377 86.0377
6.5 0.144796 -1179.89 5.96387e-010 86.0377 86.0377
6.51 0.144796 -1179.89 5.90596e-010 86.0377 86.0377
6.52 0.144796 -1179.89 5.95016e-010 86.0377 86.0377
6.53 0.144796 -1179.89 5.97911e-010 86.0377 86.0377
6.54 0.144796 -1179.89 5.92365e-010 86.0377 86.0377
6.55 0.144796 -1179.89 5.82975e-010 86.0377 86.0377
6.56 0.144796 -1179.89 5.80126e-010 86.0377 86.0377
6.57 0.144796 -1179.89 6.22702e-010 86.0377 86.0377
6.58 0.144796 -1179.89 5.92319e-010 86.0377 86.0377
6.59 0.144796 -1179.89 5.99936e-010 86.0377 86.0377
6.6 0.144796 -1179.89 6.1905e-010 86.0377 86.0377
6.61 0.144796 -1179.89 5.50319e-010 86.0377 86.0377
6.62 0.144796 -1179.89 4.79421e-010 86.0377 86.0377
6.63 0.144796 -1179.89 5.38833e-010 86.0377 86.0377
6.64 0.144796 -1179.89 6.24443e-010 86.0377 86.0377
6.65 0.144796 -1179.89 4.52282e-010 86.0377 86.0377
6.66 0.144796 -1179.89 6.64091e-010 86.0377 86.0377
6.67 0.144796 -1179.89 5.15513e-010 86.0377 86.0377
6.68 0.144796 -1179.89 5.01331e-010 86.0377 86.0377
6.69 0.144796 -1179.89 5.65759e-010 86.0377 86.0377
6.7 0.144796 -1179.89 6.0324e-010 86.0377 86.0377
6.71 0.144796 -1179.89 5.70068e-010 86.0377 86.0377
6.72 0.144796 -1179.89 5.87896e-010 86.0377 86.0377
6.73 0.144796 -1179.89 4.94371e-010 86.0377 86.0377
6.74 0.144796 -1179.89 4.66787e-010 86.0377 86.0377
6.75 0.144796 -1179.89 2.13834e-010 86.0377 86.0377
6.76 0.144796 -1179.89 2.42562e-010 86.0377 86.0377
6.77 0.144796 -1179.89 3.53051e-010 86.0377 86.0377
6.78 0.144796 -1179.89 1.96771e-010 86.0377 86.0377
6.79 0.144796 -1179.89 5.50923e-010 86.0377 86.0377
6.8 0.144796 -1179.89 -4.27963e-010 86.0377 86.0377
6.81 0.144796 -1179.89 9.67916e-010 86.0377 86.0377
6.82 0.144796 -1179.89 -6.41553e-010 86.0377 86.0377
6.83 0.144796 -1179.89 8.86892e-010 86.0377 86.0377
6.84 0.144796 -1179.89 -1.53729e-010 86.0377 86.0377
6.85 0.144796 -1179.89 8.55152e-010 86.0377 86.0377
6.86 0.144796 -1179.89 1.06823e-010 86.0377 86.0377
6.87 0.144796 -1179.89 5.63379e-010 86.0377 86.0377
6.88 0.144796 -1179.89 2.38924e-010 86.0377 86.0377
6.89 0.144796 -1179.89 2.09596e-010 86.0377 86.0377
6.9 0.144796 -1179.89 2.74028e-010 86.0377 86.0377
6.91 0.144796 -1179.89 4.89525e-010 86.0377 86.0377
6.92 0.144796 -1179.89 3.68544e-010 86.0377 86.0377
6.93 0.144796 -1179.89 5.6394e-010 86.0377 86.0377
6.94 0.144796 -1179.89 8.93095e-010 86.0377 86.0377
6.95 0.144796 -1179.89 3.70619e-011 86.0377 86.0377
6.96 0.144796 -1179.89 9.32229e-010 86.0377 86.0377
6.97 0.144796 -1179.89 3.2383e-011 86.0377 86.0377
6.98 0.144796 -1179.89 5.47136e-010 86.0377 86.0377
6.99 0.144796 -1179.89 1.59837e-011 86.0377 86.0377
7 0.144796 -1179.89 9.19982e-010 86.0377 86.0377
7.01 0.144796 -1179.89 1.54404e-010 86.0377 86.0377
7.02 0.144796 -1179.89 7.6453e-010 86.0377 86.0377
7.03 0.144796 -1179.89 2.01272e-010 86.0377 86.0377
7.04 0.144796 -1179.89 5.567e-010 86.0377 86.0377
7.05 0.144796 -1179.89 3.62974e-010 86.0377 86.0377
7.06 0.144796 -1179.89 4.40181e-010 86.0377 86.0377
7.07 0.144796 -1179.89 6.62123e-010 86.0377 86.0377
7.08 0.144796 -1179.89 3.54905e-010 86.0377 86.0377
7.09 0.144796 -1179.89 5.30655e-010 86.0377 86.0377
7.1 0.144796 -1179.89 6.15827e-010 86.0377 86.0377
7.11 0.144796 -1179.89 7.58025e-010 86.0377 86.0377
7.12 0.144796 -1179.89 2.333e-010 86.0377 86.0377
7.13 0.144796 -1179.89 8.06146e-011 86.0377 86.0377
7.14 0.144796 -1179.89 2.0195e-010 86.0377 86.0377
7.15 0.144796 -1179.89 1.68988e-010 86.0377 86.0377
7.16 0.144796 -1179.89 2.69534e-010 86.0377 86.0377
7.17 0.144796 -1179.89 -6.62048e-011 86.0377 86.0377
7.18 0.144796 -1179.89 3.77476e-011 86.0377 86.0377
7.19 0.144796 -1179.89 1.25024e-010 86.0377 86.0377
7.2 0.144796 -1179.89 1.1649e-010 86.0377 86.0377
7.21 0.144796 -1179.89 1.77014e-010 86.0377 86.0377
7.22 0.144796 -1179.89 1.30679e-010 86.0377 86.0377
7.23 0.144796 -1179.89 1.32793e-010 86.0377 86.0377
7.24 0.144796 -1179.89 1.47054e-010 86.0377 86.0377
7.25 0.144796 -1179.89 1.35749e-010 86.0377 86.0377
7.26 0.144796 -1179.89 1.55381e-010 86.0377 86.0377
7.27 0.144796 -1179.89 1.4666e-010 86.0377 86.0377
7.28 0.144796 -1179.89 1.42315e-010 86.0377 86.0377
7.29 0.144796 -1179.89 1.52866e-010 86.0377 86.0377
7.3 0.144796 -1179.89 1.6291e-010 86.0377 86.0377
7.31 0.144796 -1179.89 3.01124e-010 86.0377 86.0377
7.32 0.144796 -1179.89 8.47393e-011 86.0377 86.0377
7.33 0.144796 -1179.89 2.13987e-010 86.0377 86.0377
7.34 0.144796 -1179.89 1.81913e-010 86.0377 86.0377
7.35 0.144796 -1179.89 1.14206e-010 86.0377 86.0377
7.36 0.144796 -1179.89 3.1897e-010 86.0377 86.0377
7.37 0.144796 -1179.89 3.24803e-010 86.0377 86.0377
7.38 0.144796 -1179.89 1.39874e-010 86.0377 86.0377
7.39 0.144796 -1179.89 1.93943e-011 86.0377 86.0377
7.4 0.144796 -1179.89 6.50299e-010 86.0377 86.0377
7.41 0.144796 -1179.89 2.40089e-010 86.0377 86.0377
7.42 0.144796 -1179.89 6.36348e-010 86.0377 86.0377
7.43 0.144796 -1179.89 3.84084e-010 86.0377 86.0377
7.44 0.144796 -1179.89 5.9201e-010 86.0377 86.0377
7.45 0.144796 -1179.89 2.93046e-010 86.0377 86.0377
7.46 0.144796 -1179.89 6.22808e-010 86.0377 86.0377
7.47 0.144796 -1179.89 4.73289e-010 86.0377 86.0377
7.48 0.144796 -1179.89 4.28297e-010 86.0377 86.0377
7.49 0.144796 -1179.89 5.14763e-010 86.0377 86.0377
7.5 0.144796 -1179.89 4.48743e-010 86.0377 86.0377
7.51 0.144796 -1179.89 4.89514e-010 86.0377 86.0377
7.52 0.144796 -1179.89 4.6381e-010 86.0377 86.0377
7.53 0.144796 -1179.89 4.79339e-010 86.0377 86.0377
7.54 0.144796 -1179.89 4.7504e-010 86.0377 86.0377
7.55 0.144796 -1179.89 4.60172e-010 86.0377 86.0377
7.56 0.144796 -1179.89 4.91369e-010 86.0377 86.0377
7.57 0.144796 -1179.89 4.58769e-010 86.0377 86.0377
7.58 0.144796 -1179.89 4.74611e-010 86.0377 86.0377
7.59 0.144796 -1179.89 5.04954e-010 86.0377 86.0377
7.6 0.144796 -1179.89 4.4097e-010 86.0377 86.0377
7.61 0.144796 -1179.89 4.52676e-010 86.0377 86.0377
7.62 0.144796 -1179.89 4.57518e-010 86.0377 86.0377
7.63 0.144796 -1179.89 4.80956e-010 86.0377 86.0377
7.64 0.144796 -1179.89 4.94794e-010 86.0377 86.0377
7.65 0.144796 -1179.89 4.63189e-010 86.0377 86.0377
7.66 0.144796 -1179.89 4.46175e-010 86.0377 86.0377
7.67 0.144796 -1179.89 4.92154e-010 86.0377 86.0377
7.68 0.144796 -1179.89 4.85834e-010 86.0377 86.0377
7.69 0.144796 -1179.89 3.89015e-010 86.0377 86.0377
7.7 0.144796 -1179.89 3.78652e-010 86.0377 86.0377
7.71 0.144796 -1179.89 2.44214e-010 86.0377 86.0377
7.72 0.144796 -1179.89 2.8318e-010 86.0377 86.0377
7.73 0.144796 -1179.89 3.25535e-010 86.0377 86.0377
7.74 0.144796 -1179.89 4.0151e-010 86.0377 86.0377
7.75 0.144796 -1179.89 4.07777e-010 86.0377 86.0377
7.76 0.144796 -1179.89 4.60403e-010 86.0377 86.0377
7.77 0.144796 -1179.89 4.47983e-010 86.0377 86.0377
7.78 0.144796 -1179.89 4.22823e-010 86.0377 86.0377
7.79 0.144796 -1179.89 3.9504e-010 86.0377 86.0377
7.8 0.144796 -1179.89 3.42666e-010 86.0377 86.0377
7.81 0.144796 -1179.89 3.80542e-010 86.0377 86.0377
7.82 0.144796 -1179.89 4.06786e-010 86.0377 86.0377
7.83 0.144796 -1179.89 2.64233e-010 86.0377 86.0377
7.84 0.144796 -1179.89 5.02911e-010 86.0377 86.0377
7.85 0.144796 -1179.89 3.2799e-010 86.0377 86.0377
7.86 0.144796 -1179.89 4.96861e-010 86.0377 86.0377
7.87 0.144796 -1179.89 4.71118e-010 86.0377 86.0377
7.88 0.144796 -1179.89 3.06571e-010 86.0377 86.0377
7.89 0.144796 -1179.89 2.02547e-010 86.0377 86.0377
7.9 0.144796 -1179.89 3.75323e-010 86.0377 86.0377
7.91 0.144796 -1179.89 5.07541e-010 86.0377 86.0377
7.92 0.144796 -1179.89 3.43299e-010 86.0377 86.0377
7.93 0.144796 -1179.89 2.99767e-010 86.0377 86.0377
7.94 0.144796 -1179.89 2.65196e-010 86.0377 86.0377
7.95 0.144796 -1179.89 2.67061e-010 86.0377 86.0377
7.96 0.144796 -1179.89 2.76259e-010 86.0377 86.0377
7.97 0.144796 -1179.89 3.46787e-010 86.0377 86.0377
7.98 0.144796 -1179.89 2.10594e-010 86.0377 86.0377
7.99 0.144796 -1179.89 3.37412e-010 86.0377 86.0377
8 0.144796 -1179.89 2.20606e-010 86.0377 86.0377
8.01 0.144796 -1179.89 7.50831e-011 86.0377 86.0377
8.02 0.144796 -1179.89 5.86169e-010 86.0377 86.0377
8.03 0.144796 -1179.89 3.26576e-010 86.0377 86.0377
8.04 0.144796 -1179.89 5.44127e-010 86.0377 86.0377
8.05 0.144796 -1179.89 5.53619e-011 86.0377 86.0377
8.06 0.144796 -1179.89 5.63638e-010 86.0377 86.0377
8.07 0.144796 -1179.89 -2.29505e-012 86.0377 86.0377
8.08 0.144796 -1179.89 3.362e-010 86.0377 86.0377
8.09 0.144796 -1179.89 4.97735e-011 86.0377 86.0377
8.1 0.144796 -1179.89 1.00208e-010 86.0377 86.0377
8.11 0.144796 -1179.89 4.16847e-010 86.0377 86.0377
8.12 0.144796 -1179.89 3.27525e-011 86.0377 86.0377
8.13 0.144796 -1179.89 5.88543e-011 86.0377 86.0377
8.14 0.144796 -1179.89 6.51994e-011 86.0377 86.0377
8.15 0.144796 -1179.89 7.54419e-011 86.0377 86.0377
8.16 0.144796 -1179.89 5.15854e-011 86.0377 86.0377
8.17 0.144796 -1179.89 6.34053e-011 86.0377 86.0377
8.18 0.144796 -1179.89 3.95524e-011 86.0377 86.0377
8.19 0.144796 -1179.89 4.19647e-011 86.0377 86.0377
8.2 0.144796 -1179.89 9.193e-011 86.0377 86.0377
8.21 0.144796 -1179.89 9.07647e-011 86.0377 86.0377
8.22 0.144796 -1179.89 1.06677e-010 86.0377 86.0377
8.23 0.144796 -1179.89 8.26361e-011 86.0377 86.0377
8.24 0.144796 -1179.89 9.0342e-011 86.0377 86.0377
8.25 0.144796 -1179.89 7.58256e-011 86.0377 86.0377
8.26 0.144796 -1179.89 2.44853e-011 86.0377 86.0377
8.27 0.144796 -1179.89 1.23414e-010 86.0377 86.0377
8.28 0.144796 -1179.89 4.89457e-011 86.0377 86.0377
8.29 0.144796 -1179.89 5.12017e-011 86.0377 86.0377
8.3 0.144796 -1179.89 3.73639e-011 86.0377 86.0377
8.31 0.144796 -1179.89 8.51124e-011 86.0377 86.0377
8.32 0.144796 -1179.89 8.65086e-011 86.0377 86.0377
8.33 0.144796 -1179.89 1.43004e-010 86.0377 86.0377
8.34 0.144796 -1179.89 1.24555e-010 86.0377 86.0377
8.35 0.144796 -1179.89 1.32271e-010 86.0377 86.0377
8.36 0.144796 -1179.89 1.2913e-010 86.0377 86.0377
8.37 0.144796 -1179.89 1.37483e-010 86.0377 86.0377
8.38 0.144796 -1179.89 1.89189e-010 86.0377 86.0377
8.39 0.144796 -1179.89 1.19709e-010 86.0377 86.0377
8.4 0.144796 -1179.89 1.57705e-010 86.0377 86.0377
8.41 0.144796 -1179.89 1.49743e-010 86.0377 86.0377
8.42 0.144796 -1179.89 1.91456e-010 86.0377 86.0377
8.43 0.144796 -1179.89 1.22526e-010 86.0377 86.0377
8.44 0.144796 -1179.89 1.58831e-010 86.0377 86.0377
8.45 0.144796 -1179.89 7.31859e-011 86.0377 86.0377
8.46 0.144796 -1179.89 3.57822e-010 86.0377 86.0377
8.47 0.144796 -1179.89 1.83707e-010 86.0377 86.0377
8.48 0.144796 -1179.89 1.49843e-010 86.0377 86.0377
8.49 0.144796 -1179.89 1.13747e-010 86.0377 86.0377
8.5 0.144796 -1179.89 1.94756e-010 86.0377 86.0377
8.51 0.144796 -1179.89 1.50255e-010 86.0377 86.0377
8.52 0.144796 -1179.89 2.40082e-010 86.0377 86.0377
8.53 0.144796 -1179.89 1.67866e-010 86.0377 86.0377
8.54 0.144796 -1179.89 2.35641e-010 86.0377 86.0377
8.55 0.144796 -1179.89 2.05819e-010 86.0377 86.0377
8.56 0.144796 -1179.89 2.30102e-010 86.0377 86.0377
8.57 0.144796 -1179.89 3.16749e-010 86.0377 86.0377
8.58 0.144796 -1179.89 1.78829e-010 86.0377 86.0377
8.59 0.144796 -1179.89 3.49761e-010 86.0377 86.0377
8.6 0.144796 -1179.89 1.62842e-010 86.0377 86.0377
8.61 0.144796 -1179.89 2.65956e-010 86.0377 86.0377
8.62 0.144796 -1179.89 3.22007e-010 86.0377 86.0377
8.63 0.144796 -1179.89 2.64066e-010 86.0377 86.0377
8.64 0.144796 -1179.89 3.04233e-010 86.0377 86.0377
8.65 0.144796 -1179.89 2.38739e-010 86.0377 86.0377
8.66 0.144796 -1179.89 3.7689e-010 86.0377 86.0377
8.67 0.144796 -1179.89 1.75341e-010 86.0377 86.0377
8.68 0.144796 -1179.89 4.97053e-010 86.0377 86.0377
8.69 0.144796 -1179.89 1.31354e-010 86.0377 86.0377
8.7 0.144796 -1179.89 5.35074e-010 86.0377 86.0377
8.71 0.144796 -1179.89 2.63185e-011 86.0377 86.0377
8.72 0.144796 -1179.89 7.50916e-010 86.0377 86.0377
8.73 0.144796 -1179.89 9.84102e-012 86.0377 86.0377
8.74 0.144796 -1179.89 8.42981e-010 86.0377 86.0377
8.75 0.144796 -1179.89 -1.97453e-010 86.0377 86.0377
8.76 0.144796 -1179.89 6.93298e-010 86.0377 86.0377
8.77 0.144796 -1179.89 -2.46686e-010 86.0377 86.0377
8.78 0.144796 -1179.89 8.02981e-010 86.0377 86.0377
8.79 0.144796 -1179.89 5.21585e-010 86.0377 86.0377
8.8 0.144796 -1179.89 1.04426e-009 86.0377 86.0377
8.81 0.144796 -1179.89 1.21791e-010 86.0377 86.0377
8.82 0.144796 -1179.89 9.1001e-010 86.0377 86.0377
8.83 0.144796 -1179.89 1.25386e-010 86.0377 86.0377
8.84 0.144796 -1179.89 1.01388e-009 86.0377 86.0377
8.85 0.144796 -1179.89 -8.22986e-011 86.0377 86.0377
8.86 0.144796 -1179.89 1.02708e-009 86.0377 86.0377
8.87 0.144796 -1179.89 -3.68033e-010 86.0377 86.0377
8.88 0.144796 -1179.89 1.1392e-009 86.0377 86.0377
8.89 0.144796 -1179.89 -2.02721e-010 86.0377 86.0377
8.9 0.144796 -1179.89 1.13676e-009 86.0377 86.0377
8.91 0.144796 -1179.89 -5.08187e-010 86.0377 86.0377
8.92 0.144796 -1179.89 1.10031e-009 86.0377 86.0377
8.93 0.144796 -1179.89 -7.08766e-011 86.0377 86.0377
8.94 0.144796 -1179.89 4.76799e-010 86.0377 86.0377
8.95 0.144796 -1179.89 -1.46656e-011 86.0377 86.0377
8.96 0.144796 -1179.89 1.716e-010 86.0377 86.0377
8.97 0.144796 -1179.89 -1.04531e-010 86.0377 86.0377
8.98 0.144796 -1179.89 2.26532e-010 86.0377 86.0377
8.99 0.144796 -1179.89 3.08766e-011 86.0377 86.0377
9 0.144796 -1179.89 1.0683e-011 86.0377 86.0377
9.01 0.144796 -1179.89 -4.3471e-011 86.0377 86.0377
9.02 0.144796 -1179.89 7.84723e-011 86.0377 86.0377
9.03 0.144796 -1179.89 -2.00018e-011 86.0377 86.0377
9.04 0.144796 -1179.89 1.92532e-010 86.0377 86.0377
9.05 0.144796 -1179.89 -2.05524e-011 86.0377 86.0377
9.06 0.144796 -1179.89 5.1056e-011 86.0377 86.0377
9.07 0.144796 -1179.89 1.72342e-011 86.0377 86.0377
9.08 0.144796 -1179.89 4.23128e-011 86.0377 86.0377
9.09 0.144796 -1179.89 6.7196e-011 86.0377 86.0377
9.1 0.144796 -1179.89 1.56071e-011 86.0377 86.0377
9.11 0.144796 -1179.89 3.53459e-011 86.0377 86.0377
9.12 0.144796 -1179.89 5.24238e-011 86.0377 86.0377
9.13 0.144796 -1179.89 3.3733e-011 86.0377 86.0377
9.14 0.144796 -1179.89 -9.7387e-011 86.0377 86.0377
9.15 0.144796 -1179.89 -2.85173e-010 86.0377 86.0377
9.16 0.144796 -1179.89 2.61448e-010 86.0377 86.0377
9.17 0.144796 -1179.89 -2.43396e-010 86.0377 86.0377
9.18 0.144796 -1179.89 -1.26491e-010 86.0377 86.0377
9.19 0.144796 -1179.89 -3.66782e-010 86.0377 86.0377
9.2 0.144796 -1179.89 -1.97875e-010 86.0377 86.0377
9.21 0.144796 -1179.89 -2.97327e-010 86.0377 86.0377
9.22 0.144796 -1179.89 -1.39025e-010 86.0377 86.0377
9.23 0.144796 -1179.89 -3.19858e-010 86.0377 86.0377
9.24 0.144796 -1179.89 -1.97904e-010 86.0377 86.0377
9.25 0.144796 -1179.89 2.11138e-011 86.0377 86.0377
9.26 0.144796 -1179.89 -2.94616e-010 86.0377 86.0377
9.27 0.144796 -1179.89 1.77174e-011 86.0377 86.0377
9.28 0.144796 -1179.89 -1.47917e-010 86.0377 86.0377
9.29 0.144796 -1179.89 -3.12923e-011 86.0377 86.0377
9.3 0.144796 -1179.89 -7.58114e-011 86.0377 86.0377
9.31 0.144796 -1179.89 -2.29267e-010 86.0377 86.0377
9.32 0.144796 -1179.89 -5.3678e-011 86.0377 86.0377
9.33 0.144796 -1179.89 -1.94454e-010 86.0377 86.0377
9.34 0.144796 -1179.89 -2.75868e-010 86.0377 86.0377
9.35 0.144796 -1179.89 -2.47837e-010 86.0377 86.0377
9.36 0.144796 -1179.89 -3.92451e-010 86.0377 86.0377
9.37 0.144796 -1179.89 -1.86375e-011 86.0377 86.0377
9.38 0.144796 -1179.89 -5.08503e-010 86.0377 86.0377
9.39 0.144796 -1179.89 -4.05667e-010 86.0377 86.0377
9.4 0.144796 -1179.89 -4.06526e-010 86.0377 86.0377
9.41 0.144796 -1179.89 -4.57927e-010 86.0377 86.0377
9.42 0.144796 -1179.89 -4.11802e-010 86.0377 86.0377
9.43 0.144796 -1179.89 -3.39885e-010 86.0377 86.0377
9.44 0.144796 -1179.89 -2.80568e-010 86.0377 86.0377
9.45 0.144796 -1179.89 1.004e-010 86.0377 86.0377
9.46 0.144796 -1179.89 -5.14124e-010 86.0377 86.0377
9.47 0.144796 -1179.89 1.66199e-010 86.0377 86.0377
9.48 0.144796 -1179.89 -3.46613e-010 86.0377 86.0377
9.49 0.144796 -1179.89 2.06889e-010 86.0377 86.0377
9.5 0.144796 -1179.89 -4.08285e-010 86.0377 86.0377
9.51 0.144796 -1179.89 2.78526e-010 86.0377 86.0377
9.52 0.144796 -1179.89 -5.85491e-010 86.0377 86.0377
9.53 0.144796 -1179.89 4.90328e-010 86.0377 86.0377
9.54 0.144796 -1179.89 -3.65816e-010 86.0377 86.0377
9.55 0.144796 -1179.89 -2.48843e-010 86.0377 86.0377
9.56 0.144796 -1179.89 -3.1104e-010 86.0377 86.0377
9.57 0.144796 -1179.89 -3.5622e-010 86.0377 86.0377
9.58 0.144796 -1179.89 -2.01762e-010 86.0377 86.0377
9.59 0.144796 -1179.89 -1.8148e-010 86.0377 86.0377
9.6 0.144796 -1179.89 -1.04446e-010 86.0377 86.0377
9.61 0.144796 -1179.89 -2.33577e-010 86.0377 86.0377
9.62 0.144796 -1179.89 -7.68594e-011 86.0377 86.0377
9.63 0.144796 -1179.89 -1.98124e-010 86.0377 86.0377
9.64 0.144796 -1179.89 -3.81025e-010 86.0377 86.0377
9.65 0.144796 -1179.89 -1.64984e-010 86.0377 86.0377
9.66 0.144796 -1179.89 -1.59837e-011 86.0377 86.0377
9.67 0.144796 -1179.89 -2.6273e-010 86.0377 86.0377
9.68 0.144796 -1179.89 -2.33019e-010 86.0377 86.0377
9.69 0.144796 -1179.89 -1.64469e-010 86.0377 86.0377
9.7 0.144796 -1179.89 -1.51417e-010 86.0377 86.0377
9.71 0.144796 -1179.89 -9.35749e-011 86.0377 86.0377
9.72 0.144796 -1179.89 -1.9152e-010 86.0377 86.0377
9.73 0.144796 -1179.89 -1.00187e-012 86.0377 86.0377
9.74 0.144796 -1179.89 -3.15609e-010 86.0377 86.0377
9.75 0.144796 -1179.89 -1.40751e-010 86.0377 86.0377
9.76 0.144796 -1179.89 -1.92721e-010 86.0377 86.0377
9.77 0.144796 -1179.89 -1.34857e-010 86.0377 86.0377
9.78 0.144796 -1179.89 -9.79199e-011 86.0377 86.0377
9.79 0.144796 -1179.89 -1.76996e-010 86.0377 86.0377
9.8 0.144796 -1179.89 -1.10173e-010 86.0377 86.0377
9.81 0.144796 -1179.89 -1.55111e-010 86.0377 86.0377
9.82 0.144796 -1179.89 -5.99734e-011 86.0377 86.0377
9.83 0.144796 -1179.89 -7.50227e-011 86.0377 86.0377
9.84 0.144796 -1179.89 -1.42069e-010 86.0377 86.0377
9.85 0.144796 -1179.89 -3.30118e-011 86.0377 86.0377
9.86 0.144796 -1179.89 -1.05665e-010 86.0377 86.0377
9.87 0.144796 -1179.89 -1.41707e-010 86.0377 86.0377
9.88 0.144796 -1179.89 4.92058e-010 86.0377 86.0377
9.89 0.144796 -1179.89 9.86269e-011 86.0377 86.0377
9.9 0.144796 -1179.89 2.55792e-010 86.0377 86.0377
9.91 0.144796 -1179.89 -1.31443e-010 86.0377 86.0377
9.92 0.144796 -1179.89 2.63444e-010 86.0377 86.0377
9.93 0.144796 -1179.89 -1.30331e-010 86.0377 86.0377
9.94 0.144796 -1179.89 2.09589e-010 86.0377 86.0377
9.95 0.144796 -1179.89 -5.85736e-011 86.0377 86.0377
9.96 0.144796 -1179.89 3.67677e-010 86.0377 86.0377
9.97 0.144796 -1179.89 -8.36131e-011 86.0377 86.0377
9.98 0.144796 -1179.89 1.65144e-010 86.0377 86.0377
9.99 0.144796 -1179.89 -2.9857e-011 86.0377 86.0377
10 0.144796 -1179.89 2.00551e-010 86.0377 86.0377
