0.1 0.00140387 -111.56 -1.99529e-012 0.452199 0.452199
0.2 0.00562195 -223.113 -1.43281e-011 0.925951 0.925951
0.3 0.012664 -334.657 -1.81943e-011 1.42141 1.42141
0.4 0.0225397 -446.192 -1.81934e-011 1.93871 1.93871
0.5 0.0352591 -557.72 -1.86979e-011 2.47803 2.47803
0.6 0.0508329 -669.29 -2.49969e-011 2.97601 2.97601
0.7 0.0692715 -780.945 -2.92317e-011 3.26767 3.26767
0.8 0.0905833 -892.565 -2.9182e-011 3.3523 3.3523
0.9 0.11478 -1004.2 -2.03748e-011 3.30083 3.30083
1 0.141868 -1115.77 -2.94698e-011 3.10605 3.10605
0.01 0.141868 -1115.77 -2.84217e-014 3.10606 3.10606
0.02 0.141868 -1115.77 1.7053e-013 3.10606 3.10606
0.03 0.141868 -1115.77 -2.84217e-014 3.10606 3.10606
0.04 0.141868 -1115.77 3.55271e-014 3.10606 3.10606
0.05 0.141868 -1115.77 -3.90799e-014 3.10606 3.10606
0.06 0.141868 -1115.77 2.84217e-014 3.10606 3.10606
0.07 0.141868 -1115.77 -4.26326e-014 3.10606 3.10606
0.08 0.141868 -1115.77 4.61853e-014 3.10605 3.10605
0.09 0.141868 -1115.77 -2.13163e-014 3.10605 3.10605
0.1 0.141868 -1115.77 -4.61853e-014 3.10605 3.10605
0.11 0.141868 -1115.77 1.77636e-014 3.10606 3.10606
0.12 0.141868 -1115.77 -1.77636e-014 3.10605 3.10605
0.13 0.141868 -1115.77 -3.55271e-015 3.10605 3.10605
0.14 0.141868 -1115.77 -1.06581e-014 3.10605 3.10605
0.15 0.141868 -1115.77 0 3.10605 3.10605
0.16 0.141868 -1115.77 7.10543e-015 3.10606 3.10606
0.17 0.141868 -1115.77 -2.4869e-014 3.10606 3.10606
0.18 0.141868 -1115.77 -2.4869e-014 3.10605 3.10605
0.19 0.141868 -1115.77 3.55271e-014 3.10605 3.10605
0.2 0.141868 -1115.77 -1.42109e-014 3.10605 3.10605
0.21 0.141868 -1115.77 -1.06581e-014 3.10605 3.10605
0.22 0.141868 -1115.77 1.20792e-013 3.10605 3.10605
0.23 0.141868 -1115.77 2.94875e-013 3.10605 3.10605
0.24 0.141868 -1115.77 4.34497e-012 3.10605 3.10605
0.25 0.141868 -1115.77 2.24318e-011 3.10605 3.10605
0.26 0.141868 -1115.77 -3.14131e-011 3.10606 3.10606
0.27 0.141868 -1115.77 1.10134e-011 3.10606 3.10606
0.28 0.141868 -1115.77 -3.37153e-011 3.10606 3.10606
0.29 0.141868 -1115.77 1.3312e-011 3.10606 3.10606
0.3 0.141868 -1115.77 -1.74794e-011 3.10606 3.10606
0.31 0.141868 -1115.77 -2.60378e-011 3.10606 3.10606
0.32 0.141868 -1115.77 1.76712e-011 3.10606 3.10606
0.33 0.141868 -1115.77 -2.24638e-011 3.10606 3.10606
0.34 0.141868 -1115.77 -4.52367e-011 3.10606 3.10606
0.35 0.141868 -1115.77 1.23528e-011 3.10606 3.10606
0.36 0.141868 -1115.77 -1.73941e-011 3.10606 3.10606
0.37 0.141868 -1115.77 2.43539e-011 3.10606 3.10606
0.38 0.141868 -1115.77 -3.79217e-011 3.10606 3.10606
0.39 0.141868 -1115.77 5.19904e-011 3.10606 3.10606
0.4 0.141868 -1115.77 -4.12861e-011 3.10606 3.10606
0.41 0.141868 -1115.77 3.67955e-011 3.10605 3.10605
0.42 0.141868 -1115.77 -5.18874e-011 3.10605 3.10605
0.43 0.141868 -1115.77 -7.61382e-011 3.10605 3.10605
0.44 0.141868 -1115.77 -3.77867e-011 3.10605 3.10605
0.45 0.141868 -1115.77 6.1334e-011 3.10605 3.10605
0.46 0.141868 -1115.77 -8.59508e-011 3.10605 3.10605
0.47 0.141868 -1115.77 -3.59563e-010 3.10605 3.10605
0.48 0.141868 -1115.77 9.0953e-011 3.10605 3.10605
0.49 0.141868 -1115.77 -1.16231e-010 3.10605 3.10605
0.5 0.141868 -1115.77 1.28285e-010 3.10605 3.10605
0.51 0.141868 -1115.77 -1.88177e-010 3.10605 3.10605
0.52 0.141868 -1115.77 1.00908e-010 3.10605 3.10605
0.53 0.141868 -1115.77 -5.6513e-011 3.10605 3.10605
0.54 0.141868 -1115.77 5.30775e-011 3.10605 3.10605
0.55 0.141868 -1115.77 -3.13893e-010 3.10605 3.10605
0.56 0.141868 -1115.77 -3.05285e-011 3.10605 3.10605
0.57 0.141868 -1115.77 -4.50385e-010 3.10605 3.10605
0.58 0.141868 -1115.77 -5.37028e-011 3.10606 3.10606
0.59 0.141868 -1115.77 3.1681e-010 3.10606 3.10606
0.6 0.141868 -1115.77 3.01469e-010 3.10606 3.10606
0.61 0.141868 -1115.77 -3.2847e-010 3.10606 3.10606
0.62 0.141868 -1115.77 -2.1457e-010 3.10606 3.10606
0.63 0.141868 -1115.77 -2.95934e-010 3.10606 3.10606
0.64 0.141868 -1115.77 4.10719e-010 3.10606 3.10606
0.65 0.141868 -1115.77 2.73186e-010 3.10606 3.10606
0.66 0.141868 -1115.77 5.92273e-011 3.10606 3.10606
0.67 0.141868 -1115.77 1.27628e-010 3.10606 3.10606
0.68 0.141868 -1115.77 3.22e-010 3.10606 3.10606
0.69 0.141868 -1115.77 -2.59902e-010 3.10606 3.10606
0.7 0.141868 -1115.77 -1.78456e-010 3.10606 3.10606
0.71 0.141868 -1115.77 2.01936e-010 3.10606 3.10606
0.72 0.141868 -1115.77 2.17291e-010 3.10606 3.10606
0.73 0.141868 -1115.77 -3.37295e-010 3.10606 3.10606
0.74 0.141868 -1115.77 4.34774e-010 3.10605 3.10605
0.75 0.141868 -1115.77 -3.6141e-010 3.10605 3.10605
0.76 0.141868 -1115.77 -8.06679e-011 3.10605 3.10605
0.77 0.141868 -1115.77 -1.87192e-010 3.10605 3.10605
0.78 0.141868 -1115.77 6.53447e-010 3.10605 3.10605
0.79 0.141868 -1115.77 -2.30397e-010 3.10605 3.10605
0.8 0.141868 -1115.77 2.39393e-010 3.10605 3.10605
0.81 0.141868 -1115.77 -2.36867e-010 3.10605 3.10605
0.82 0.141868 -1115.77 3.26768e-010 3.10605 3.10605
0.83 0.141868 -1115.77 -5.53154e-010 3.10605 3.10605
0.84 0.141868 -1115.77 3.64096e-010 3.10605 3.10605
0.85 0.141868 -1115.77 -7.39849e-010 3.10605 3.10605
0.86 0.141868 -1115.77 3.27919e-010 3.10605 3.10605
0.87 0.141868 -1115.77 -5.91555e-010 3.10606 3.10606
0.88 0.141868 -1115.77 8.6159e-010 3.10606 3.10606
0.89 0.141868 -1115.77 -6.73488e-010 3.10606 3.10606
0.9 0.141868 -1115.77 1.01062e-009 3.10606 3.10606
0.91 0.141868 -1115.77 -4.95625e-010 3.10606 3.10606
0.92 0.141868 -1115.77 4.97565e-010 3.10606 3.10606
0.93 0.141868 -1115.77 -5.56465e-010 3.10606 3.10606
0.94 0.141868 -1115.77 2.55778e-010 3.10606 3.10606
0.95 0.141868 -1115.77 -2.79378e-010 3.10606 3.10606
0.96 0.141868 -1115.77 4.64659e-011 3.10606 3.10606
0.97 0.141868 -1115.77 2.25821e-010 3.10606 3.10606
0.98 0.141868 -1115.77 3.22686e-010 3.10606 3.10606
0.99 0.141868 -1115.77 3.81206e-010 3.10606 3.10606
1 0.141868 -1115.77 2.9889e-010 3.10606 3.10606
1.01 0.141868 -1115.77 5.71276e-012 3.10606 3.10606
1.02 0.141868 -1115.77 -9.92628e-012 3.10605 3.10605
1.03 0.141868 -1115.77 9.23706e-013 3.10605 3.10605
1.04 0.141868 -1115.77 4.25796e-010 3.10605 3.10605
1.05 0.141868 -1115.77 -9.58487e-011 3.10605 3.10605
1.06 0.141868 -1115.77 1.84848e-010 3.10605 3.10605
1.07 0.141868 -1115.77 6.78817e-011 3.10605 3.10605
1.08 0.141868 -1115.77 1.6145e-010 3.10605 3.10605
1.09 0.141868 -1115.77 -8.65796e-012 3.10605 3.10605
1.1 0.141868 -1115.77 2.47908e-010 3.10605 3.10605
1.11 0.141868 -1115.77 3.16874e-010 3.10605 3.10605
1.12 0.141868 -1115.77 -3.14685e-010 3.10605 3.10605
1.13 0.141868 -1115.77 2.13983e-010 3.10605 3.10605
1.14 0.141868 -1115.77 1.7311e-010 3.10605 3.10605
1.15 0.141868 -1115.77 2.01485e-010 3.10606 3.10606
1.16 0.141868 -1115.77 4.082e-010 3.10606 3.10606
1.17 0.141868 -1115.77 1.96092e-010 3.10606 3.10606
1.18 0.141868 -1115.77 1.61204e-010 3.10606 3.10606
1.19 0.141868 -1115.77 9.00968e-011 3.10606 3.10606
1.2 0.141868 -1115.77 2.11735e-010 3.10606 3.10606
1.21 0.141868 -1115.77 1.96014e-010 3.10606 3.10606
1.22 0.141868 -1115.77 3.35195e-010 3.10606 3.10606
1.23 0.141868 -1115.77 -1.41075e-010 3.10606 3.10606
1.24 0.141868 -1115.77 5.18646e-010 3.10606 3.10606
1.25 0.141868 -1115.77 1.49015e-010 3.10606 3.10606
1.26 0.141868 -1115.77 3.80137e-010 3.10606 3.10606
1.27 0.141868 -1115.77 7.57936e-011 3.10606 3.10606
1.28 0.141868 -1115.77 1.83423e-010 3.10605 3.10605
1.29 0.141868 -1115.77 1.95396e-010 3.10605 3.10605
1.3 0.141868 -1115.77 1.80574e-010 3.10605 3.10605
1.31 0.141868 -1115.77 9.10454e-011 3.10605 3.10605
1.32 0.141868 -1115.77 2.09706e-010 3.10605 3.10605
1.33 0.141868 -1115.77 5.79508e-010 3.10605 3.10605
1.34 0.141868 -1115.77 3.3911e-010 3.10605 3.10605
1.35 0.141868 -1115.77 2.91678e-011 3.10605 3.10605
1.36 0.141868 -1115.77 2.7967e-011 3.10605 3.10605
1.37 0.141868 -1115.77 2.15969e-011 3.10605 3.10605
1.38 0.141868 -1115.77 2.89152e-010 3.10605 3.10605
1.39 0.141868 -1115.77 -4.82814e-012 3.10605 3.10605
1.4 0.141868 -1115.77 2.29615e-010 3.10605 3.10605
1.41 0.141868 -1115.77 -4.46615e-010 3.10605 3.10605
1.42 0.141868 -1115.77 4.80451e-010 3.10605 3.10605
1.43 0.141868 -1115.77 -7.27951e-010 3.10605 3.10605
1.44 0.141868 -1115.77 1.34058e-010 3.10605 3.10605
1.45 0.141868 -1115.77 -2.48015e-011 3.10605 3.10605
1.46 0.141868 -1115.77 4.89059e-010 3.10605 3.10605
1.47 0.141868 -1115.77 -5.54365e-010 3.10605 3.10605
1.48 0.141868 -1115.77 6.90044e-010 3.10605 3.10605
1.49 0.141868 -1115.77 -2.85485e-010 3.10605 3.10605
1.5 0.141868 -1115.77 5.18643e-010 3.10605 3.10605
1.51 0.141868 -1115.77 3.32889e-011 3.10605 3.10605
1.52 0.141868 -1115.77 3.98913e-010 3.10605 3.10605
1.53 0.141868 -1115.77 2.99917e-010 3.10605 3.10605
1.54 0.141868 -1115.77 -3.42091e-011 3.10605 3.10605
1.55 0.141868 -1115.77 6.40402e-010 3.10605 3.10605
1.56 0.141868 -1115.77 -6.57302e-010 3.10605 3.10605
1.57 0.141868 -1115.77 3.76644e-010 3.10606 3.10606
1.58 0.141868 -1115.77 -2.48086e-010 3.10606 3.10606
1.59 0.141868 -1115.77 2.29942e-010 3.10606 3.10606
1.6 0.141868 -1115.77 1.11214e-010 3.10606 3.10606
1.61 0.141868 -1115.77 -1.06137e-010 3.10606 3.10606
1.62 0.141868 -1115.77 4.1813e-010 3.10606 3.10606
1.63 0.141868 -1115.77 -2.82753e-010 3.10606 3.10606
1.64 0.141868 -1115.77 1.63034e-011 3.10606 3.10606
1.65 0.141868 -1115.77 8.69562e-011 3.10606 3.10606
1.66 0.141868 -1115.77 5.38094e-011 3.10606 3.10606
1.67 0.141868 -1115.77 7.58078e-011 3.10606 3.10606
1.68 0.141868 -1115.77 3.93534e-011 3.10606 3.10606
1.69 0.141868 -1115.77 -9.57101e-011 3.10606 3.10606
1.7 0.141868 -1115.77 6.97256e-011 3.10606 3.10606
1.71 0.141868 -1115.77 5.39728e-011 3.10606 3.10606
1.72 0.141868 -1115.77 7.08411e-011 3.10605 3.10605
1.73 0.141868 -1115.77 7.14699e-011 3.10605 3.10605
1.74 0.141868 -1115.77 6.03784e-011 3.10605 3.10605
1.75 0.141868 -1115.77 2.55831e-011 3.10605 3.10605
1.76 0.141868 -1115.77 7.5822e-011 3.10605 3.10605
1.77 0.141868 -1115.77 2.00345e-010 3.10605 3.10605
1.78 0.141868 -1115.77 1.50131e-010 3.10605 3.10605
1.79 0.141868 -1115.77 1.29603e-010 3.10605 3.10605
1.8 0.141868 -1115.77 8.98623e-011 3.10605 3.10605
1.81 0.141868 -1115.77 4.55991e-011 3.10605 3.10605
1.82 0.141868 -1115.77 7.71117e-011 3.10605 3.10605
1.83 0.141868 -1115.77 3.41593e-011 3.10605 3.10605
1.84 0.141868 -1115.77 3.62377e-011 3.10606 3.10606
1.85 0.141868 -1115.77 2.79812e-011 3.10606 3.10606
1.86 0.141868 -1115.77 -1.92912e-011 3.10606 3.10606
1.87 0.141868 -1115.77 4.2192e-011 3.10606 3.10606
1.88 0.141868 -1115.77 -3.87246e-013 3.10606 3.10606
1.89 0.141868 -1115.77 -2.22826e-011 3.10606 3.10606
1.9 0.141868 -1115.77 3.95701e-011 3.10606 3.10606
1.91 0.141868 -1115.77 3.11573e-011 3.10606 3.10606
1.92 0.141868 -1115.77 -1.77874e-010 3.10606 3.10606
1.93 0.141868 -1115.77 4.42313e-010 3.10606 3.10606
1.94 0.141868 -1115.77 -4.84071e-010 3.10606 3.10606
1.95 0.141868 -1115.77 3.45533e-010 3.10606 3.10606
1.96 0.141868 -1115.77 -4.52207e-010 3.10606 3.10606
1.97 0.141868 -1115.77 6.64741e-010 3.10606 3.10606
1.98 0.141868 -1115.77 -5.95278e-010 3.10606 3.10606
1.99 0.141868 -1115.77 1.16318e-009 3.10606 3.10606
2 0.141868 -1115.77 -4.48278e-010 3.10605 3.10605
2.01 0.141868 -1115.77 5.42478e-010 3.10605 3.10605
2.02 0.141868 -1115.77 -2.61348e-010 3.10605 3.10605
2.03 0.141868 -1115.77 6.57892e-010 3.10605 3.10605
2.04 0.141868 -1115.77 -3.45054e-010 3.10605 3.10605
2.05 0.141868 -1115.77 1.55858e-010 3.10605 3.10605
2.06 0.141868 -1115.77 -4.28546e-010 3.10605 3.10605
2.07 0.141868 -1115.77 -5.42883e-010 3.10605 3.10605
2.08 0.141868 -1115.77 -1.5352e-010 3.10605 3.10605
2.09 0.141868 -1115.77 -4.02345e-011 3.10605 3.10605
2.1 0.141868 -1115.77 9.61471e-011 3.10605 3.10605
2.11 0.141868 -1115.77 -2.47731e-010 3.10605 3.10605
2.12 0.141868 -1115.77 -3.86475e-010 3.10606 3.10606
2.13 0.141868 -1115.77 -5.89385e-010 3.10606 3.10606
2.14 0.141868 -1115.77 -3.3895e-010 3.10606 3.10606
2.15 0.141868 -1115.77 -4.98446e-011 3.10606 3.10606
2.16 0.141868 -1115.77 -2.01613e-010 3.10606 3.10606
2.17 0.141868 -1115.77 -1.46215e-010 3.10606 3.10606
2.18 0.141868 -1115.77 -1.10841e-010 3.10606 3.10606
2.19 0.141868 -1115.77 -1.64199e-010 3.10606 3.10606
2.2 0.141868 -1115.77 -8.52829e-011 3.10606 3.10606
2.21 0.141868 -1115.77 -5.80158e-011 3.10606 3.10606
2.22 0.141868 -1115.77 -1.11527e-010 3.10606 3.10606
2.23 0.141868 -1115.77 -1.28129e-010 3.10606 3.10606
2.24 0.141868 -1115.77 -3.12937e-010 3.10606 3.10606
2.25 0.141868 -1115.77 -7.68487e-011 3.10605 3.10605
2.26 0.141868 -1115.77 -4.41599e-010 3.10605 3.10605
2.27 0.141868 -1115.77 -5.60789e-010 3.10605 3.10605
2.28 0.141868 -1115.77 -3.29138e-010 3.10605 3.10605
2.29 0.141868 -1115.77 -6.09681e-011 3.10605 3.10605
2.3 0.141868 -1115.77 -1.09399e-010 3.10605 3.10605
2.31 0.141868 -1115.77 -2.84526e-010 3.10605 3.10605
2.32 0.141868 -1115.77 -5.52063e-010 3.10605 3.10605
2.33 0.141868 -1115.77 2.7195e-010 3.10605 3.10605
2.34 0.141868 -1115.77 -5.19645e-010 3.10605 3.10605
2.35 0.141868 -1115.77 2.97938e-010 3.10605 3.10605
2.36 0.141868 -1115.77 -1.06397e-009 3.10605 3.10605
2.37 0.141868 -1115.77 2.05301e-010 3.10605 3.10605
2.38 0.141868 -1115.77 -9.98153e-010 3.10605 3.10605
2.39 0.141868 -1115.77 -5.86624e-011 3.10605 3.10605
2.4 0.141868 -1115.77 -3.67052e-010 3.10606 3.10606
2.41 0.141868 -1115.77 -1.87796e-011 3.10606 3.10606
2.42 0.141868 -1115.77 3.06446e-010 3.10606 3.10606
2.43 0.141868 -1115.77 -6.25061e-010 3.10606 3.10606
2.44 0.141868 -1115.77 2.04246e-011 3.10606 3.10606
2.45 0.141868 -1115.77 -7.41018e-010 3.10606 3.10606
2.46 0.141868 -1115.77 -4.98449e-010 3.10606 3.10606
2.47 0.141868 -1115.77 -2.77858e-011 3.10606 3.10606
2.48 0.141868 -1115.77 -4.81286e-011 3.10606 3.10606
2.49 0.141868 -1115.77 -4.68066e-010 3.10606 3.10606
2.5 0.141868 -1115.77 -2.60659e-010 3.10606 3.10606
2.51 0.141868 -1115.77 -2.00089e-010 3.10606 3.10606
2.52 0.141868 -1115.77 -8.11795e-011 3.10605 3.10605
2.53 0.141868 -1115.77 -1.89218e-010 3.10605 3.10605
2.54 0.141868 -1115.77 -5.4046e-010 3.10605 3.10605
2.55 0.141868 -1115.77 -1.04336e-010 3.10605 3.10605
2.56 0.141868 -1115.77 -6.96257e-010 3.10606 3.10606
2.57 0.141868 -1115.77 -9.66232e-011 3.10606 3.10606
2.58 0.141868 -1115.77 -3.04293e-010 3.10606 3.10606
2.59 0.141868 -1115.77 -3.95698e-010 3.10606 3.10606
2.6 0.141868 -1115.77 -6.40021e-011 3.10606 3.10606
2.61 0.141868 -1115.77 -4.39112e-010 3.10606 3.10606
2.62 0.141868 -1115.77 -1.02617e-010 3.10606 3.10606
2.63 0.141868 -1115.77 -5.90575e-010 3.10606 3.10606
2.64 0.141868 -1115.77 -5.76954e-010 3.10606 3.10606
2.65 0.141868 -1115.77 -1.63158e-010 3.10606 3.10606
2.66 0.141868 -1115.77 -1.77451e-010 3.10606 3.10606
2.67 0.141868 -1115.77 -2.7854e-010 3.10606 3.10606
2.68 0.141868 -1115.77 -1.49477e-010 3.10606 3.10606
2.69 0.141868 -1115.77 -2.9376e-010 3.10606 3.10606
2.7 0.141868 -1115.77 -8.56915e-011 3.10606 3.10606
2.71 0.141868 -1115.77 5.28146e-011 3.10606 3.10606
2.72 0.141868 -1115.77 -2.35286e-010 3.10606 3.10606
2.73 0.141868 -1115.77 -2.83656e-010 3.10605 3.10605
2.74 0.141868 -1115.77 -1.9476e-010 3.10605 3.10605
2.75 0.141868 -1115.77 -4.59295e-010 3.10605 3.10605
2.76 0.141868 -1115.77 -4.83375e-010 3.10605 3.10605
2.77 0.141868 -1115.77 -1.98007e-010 3.10605 3.10605
2.78 0.141868 -1115.77 -4.89663e-010 3.10605 3.10605
2.79 0.141868 -1115.77 -6.52065e-011 3.10605 3.10605
2.8 0.141868 -1115.77 -4.00583e-010 3.10605 3.10605
2.81 0.141868 -1115.77 -3.94859e-010 3.10606 3.10606
2.82 0.141868 -1115.77 -2.50544e-010 3.10606 3.10606
2.83 0.141868 -1115.77 -1.8229e-011 3.10606 3.10606
2.84 0.141868 -1115.77 -1.39451e-010 3.10606 3.10606
2.85 0.141868 -1115.77 -6.53451e-011 3.10606 3.10606
2.86 0.141868 -1115.77 -6.93788e-010 3.10606 3.10606
2.87 0.141868 -1115.77 -5.61364e-011 3.10606 3.10606
2.88 0.141868 -1115.77 -8.00199e-010 3.10606 3.10606
2.89 0.141868 -1115.77 -1.54554e-010 3.10606 3.10606
2.9 0.141868 -1115.77 -7.03348e-010 3.10606 3.10606
2.91 0.141868 -1115.77 2.39307e-010 3.10606 3.10606
2.92 0.141868 -1115.77 -9.96224e-010 3.10606 3.10606
2.93 0.141868 -1115.77 4.09212e-010 3.10606 3.10606
2.94 0.141868 -1115.77 -1.32991e-009 3.10606 3.10606
2.95 0.141868 -1115.77 2.94119e-010 3.10606 3.10606
2.96 0.141868 -1115.77 -9.97073e-010 3.10606 3.10606
2.97 0.141868 -1115.77 4.22428e-010 3.10605 3.10605
2.98 0.141868 -1115.77 -1.01148e-009 3.10605 3.10605
2.99 0.141868 -1115.77 2.47312e-010 3.10605 3.10605
3 0.141868 -1115.77 -9.33966e-010 3.10605 3.10605
3.01 0.141868 -1115.77 6.67093e-011 3.10605 3.10605
3.02 0.141868 -1115.77 -1.17125e-009 3.10605 3.10605
3.03 0.141868 -1115.77 2.07429e-010 3.10605 3.10605
3.04 0.141868 -1115.77 -9.9238e-010 3.10605 3.10605
3.05 0.141868 -1115.77 4.46239e-010 3.10605 3.10605
3.06 0.141868 -1115.77 -9.90575e-010 3.10605 3.10605
3.07 0.141868 -1115.77 4.86224e-010 3.10605 3.10605
3.08 0.141868 -1115.77 -9.58519e-010 3.10605 3.10605
3.09 0.141868 -1115.77 7.2178e-010 3.10605 3.10605
3.1 0.141868 -1115.77 -9.47523e-010 3.10605 3.10605
3.11 0.141868 -1115.77 7.25169e-010 3.10606 3.10606
3.12 0.141868 -1115.77 -9.81935e-010 3.10606 3.10606
3.13 0.141868 -1115.77 3.99748e-010 3.10606 3.10606
3.14 0.141868 -1115.77 -1.13311e-009 3.10606 3.10606
3.15 0.141868 -1115.77 7.09477e-010 3.10606 3.10606
3.16 0.141868 -1115.77 -8.03155e-010 3.10606 3.10606
3.17 0.141868 -1115.77 5.99233e-010 3.10606 3.10606
3.18 0.141868 -1115.77 -7.15499e-010 3.10606 3.10606
3.19 0.141868 -1115.77 4.17465e-010 3.10606 3.10606
3.2 0.141868 -1115.77 -8.21458e-010 3.10606 3.10606
3.21 0.141868 -1115.77 5.30427e-010 3.10606 3.10606
3.22 0.141868 -1115.77 -7.75248e-010 3.10606 3.10606
3.23 0.141868 -1115.77 6.57128e-010 3.10605 3.10605
3.24 0.141868 -1115.77 -9.44535e-010 3.10605 3.10605
3.25 0.141868 -1115.77 8.5398e-010 3.10605 3.10605
3.26 0.141868 -1115.77 -6.969e-010 3.10605 3.10605
3.27 0.141868 -1115.77 7.17503e-010 3.10605 3.10605
3.28 0.141868 -1115.77 -7.78417e-010 3.10605 3.10605
3.29 0.141868 -1115.77 4.9377e-010 3.10605 3.10605
3.3 0.141868 -1115.77 -9.35202e-010 3.10605 3.10605
3.31 0.141868 -1115.77 3.60725e-010 3.10605 3.10605
3.32 0.141868 -1115.77 -9.431e-010 3.10605 3.10605
3.33 0.141868 -1115.77 5.99488e-010 3.10605 3.10605
3.34 0.141868 -1115.77 -8.55493e-010 3.10605 3.10605
3.35 0.141868 -1115.77 4.50616e-010 3.10605 3.10605
3.36 0.141868 -1115.77 -6.70259e-010 3.10605 3.10605
3.37 0.141868 -1115.77 5.32147e-010 3.10606 3.10606
3.38 0.141868 -1115.77 -8.24002e-010 3.10606 3.10606
3.39 0.141868 -1115.77 5.91825e-010 3.10606 3.10606
3.4 0.141868 -1115.77 -8.8022e-010 3.10606 3.10606
3.41 0.141868 -1115.77 6.52037e-010 3.10606 3.10606
3.42 0.141868 -1115.77 -7.89253e-010 3.10606 3.10606
3.43 0.141868 -1115.77 5.24466e-010 3.10606 3.10606
3.44 0.141868 -1115.77 -6.91237e-010 3.10606 3.10606
3.45 0.141868 -1115.77 3.1439e-010 3.10606 3.10606
3.46 0.141868 -1115.77 -3.7944e-010 3.10606 3.10606
3.47 0.141868 -1115.77 1.44382e-011 3.10606 3.10606
3.48 0.141868 -1115.77 -8.16591e-011 3.10606 3.10606
3.49 0.141868 -1115.77 7.51612e-011 3.10606 3.10606
3.5 0.141868 -1115.77 7.57581e-011 3.10606 3.10606
3.51 0.141868 -1115.77 -3.78364e-010 3.10606 3.10606
3.52 0.141868 -1115.77 -2.32511e-010 3.10606 3.10606
3.53 0.141868 -1115.77 -1.3728e-010 3.10606 3.10606
3.54 0.141868 -1115.77 4.39684e-010 3.10606 3.10606
3.55 0.141868 -1115.77 9.17701e-011 3.10606 3.10606
3.56 0.141868 -1115.77 -3.2199e-010 3.10606 3.10606
3.57 0.141868 -1115.77 1.95364e-011 3.10606 3.10606
3.58 0.141868 -1115.77 -3.07985e-010 3.10606 3.10606
3.59 0.141868 -1115.77 -5.28065e-010 3.10606 3.10606
3.6 0.141868 -1115.77 -2.61199e-010 3.10606 3.10606
3.61 0.141868 -1115.77 2.92022e-010 3.10606 3.10606
3.62 0.141868 -1115.77 5.36637e-011 3.10606 3.10606
3.63 0.141868 -1115.77 -2.45301e-010 3.10606 3.10606
3.64 0.141868 -1115.77 -3.32825e-010 3.10606 3.10606
3.65 0.141868 -1115.77 -7.86521e-010 3.10606 3.10606
3.66 0.141868 -1115.77 -9.21396e-011 3.10606 3.10606
3.67 0.141868 -1115.77 8.54534e-011 3.10606 3.10606
3.68 0.141868 -1115.77 -4.32802e-010 3.10606 3.10606
3.69 0.141868 -1115.77 -6.42647e-010 3.10606 3.10606
3.7 0.141868 -1115.77 6.03571e-011 3.10606 3.10606
3.71 0.141868 -1115.77 -9.73934e-010 3.10606 3.10606
3.72 0.141868 -1115.77 1.10074e-010 3.10606 3.10606
3.73 0.141868 -1115.77 -3.634e-010 3.10606 3.10606
3.74 0.141868 -1115.77 2.41574e-010 3.10606 3.10606
3.75 0.141868 -1115.77 -1.85793e-010 3.10606 3.10606
3.76 0.141868 -1115.77 1.31365e-010 3.10606 3.10606
3.77 0.141868 -1115.77 3.90514e-011 3.10606 3.10606
3.78 0.141868 -1115.77 -4.36881e-010 3.10606 3.10606
3.79 0.141868 -1115.77 -1.93307e-010 3.10606 3.10606
3.8 0.141868 -1115.77 -4.36788e-010 3.10606 3.10606
3.81 0.141868 -1115.77 2.79726e-010 3.10606 3.10606
3.82 0.141868 -1115.77 -9.81231e-010 3.10606 3.10606
3.83 0.141868 -1115.77 4.6003e-010 3.10606 3.10606
3.84 0.141868 -1115.77 -9.85409e-010 3.10606 3.10606
3.85 0.141868 -1115.77 4.42004e-010 3.10606 3.10606
3.86 0.141868 -1115.77 -1.00032e-009 3.10606 3.10606
3.87 0.141868 -1115.77 5.994e-010 3.10606 3.10606
3.88 0.141868 -1115.77 -7.56856e-010 3.10606 3.10606
3.89 0.141868 -1115.77 2.04601e-010 3.10606 3.10606
3.9 0.141868 -1115.77 -5.98142e-010 3.10606 3.10606
3.91 0.141868 -1115.77 1.98661e-010 3.10606 3.10606
3.92 0.141868 -1115.77 -7.00545e-010 3.10606 3.10606
3.93 0.141868 -1115.77 -2.66976e-010 3.10605 3.10605
3.94 0.141868 -1115.77 -2.53365e-010 3.10605 3.10605
3.95 0.141868 -1115.77 -2.51443e-010 3.10605 3.10605
3.96 0.141868 -1115.77 -2.35108e-010 3.10605 3.10605
3.97 0.141868 -1115.77 -4.3137e-011 3.10605 3.10605
3.98 0.141868 -1115.77 -5.41124e-010 3.10605 3.10605
3.99 0.141868 -1115.77 2.90953e-010 3.10605 3.10605
4 0.141868 -1115.77 -5.62572e-010 3.10605 3.10605
4.01 0.141868 -1115.77 2.46782e-010 3.10605 3.10605
4.02 0.141868 -1115.77 -3.44883e-010 3.10605 3.10605
4.03 0.141868 -1115.77 -8.10978e-011 3.10605 3.10605
4.04 0.141868 -1115.77 -2.30092e-010 3.10605 3.10605
4.05 0.141868 -1115.77 -2.52481e-010 3.10605 3.10605
4.06 0.141868 -1115.77 -1.13264e-010 3.10605 3.10605
4.07 0.141868 -1115.77 -3.15307e-010 3.10605 3.10605
4.08 0.141868 -1115.77 -2.33616e-010 3.10605 3.10605
4.09 0.141868 -1115.77 -1.33575e-010 3.10606 3.10606
4.1 0.141868 -1115.77 -4.04007e-010 3.10606 3.10606
4.11 0.141868 -1115.77 -2.06331e-010 3.10606 3.10606
4.12 0.141868 -1115.77 -2.73889e-010 3.10606 3.10606
4.13 0.141868 -1115.77 -2.06295e-010 3.10606 3.10606
4.14 0.141868 -1115.77 -2.53387e-010 3.10606 3.10606
4.15 0.141868 -1115.77 -1.8078e-010 3.10606 3.10606
4.16 0.141868 -1115.77 -1.57538e-010 3.10606 3.10606
4.17 0.141868 -1115.77 -1.35071e-010 3.10606 3.10606
4.18 0.141868 -1115.77 -2.97188e-010 3.10606 3.10606
4.19 0.141868 -1115.77 8.34888e-012 3.10606 3.10606
4.2 0.141868 -1115.77 -4.8118e-010 3.10606 3.10606
4.21 0.141868 -1115.77 -5.99691e-010 3.10605 3.10605
4.22 0.141868 -1115.77 -7.69088e-010 3.10605 3.10605
4.23 0.141868 -1115.77 -3.11537e-010 3.10605 3.10605
4.24 0.141868 -1115.77 -2.32493e-010 3.10605 3.10605
4.25 0.141868 -1115.77 -2.99661e-010 3.10605 3.10605
4.26 0.141868 -1115.77 -4.72728e-010 3.10605 3.10605
4.27 0.141868 -1115.77 -3.36037e-010 3.10605 3.10605
4.28 0.141868 -1115.77 -1.6307e-010 3.10605 3.10605
4.29 0.141868 -1115.77 -4.16044e-010 3.10605 3.10605
4.3 0.141868 -1115.77 -2.52719e-010 3.10605 3.10605
4.31 0.141868 -1115.77 -3.72744e-010 3.10605 3.10605
4.32 0.141868 -1115.77 -4.07255e-010 3.10605 3.10605
4.33 0.141868 -1115.77 -5.0931e-010 3.10606 3.10606
4.34 0.141868 -1115.77 -1.28477e-010 3.10606 3.10606
4.35 0.141868 -1115.77 -4.43844e-010 3.10606 3.10606
4.36 0.141868 -1115.77 -5.7673e-010 3.10606 3.10606
4.37 0.141868 -1115.77 -6.24095e-010 3.10606 3.10606
4.38 0.141868 -1115.77 2.43144e-010 3.10606 3.10606
4.39 0.141868 -1115.77 -5.13793e-010 3.10606 3.10606
4.4 0.141868 -1115.77 3.21347e-010 3.10606 3.10606
4.41 0.141868 -1115.77 -4.76824e-010 3.10606 3.10606
4.42 0.141868 -1115.77 7.18146e-011 3.10606 3.10606
4.43 0.141868 -1115.77 -6.14619e-010 3.10606 3.10606
4.44 0.141868 -1115.77 1.98987e-010 3.10606 3.10606
4.45 0.141868 -1115.77 -5.59012e-010 3.10606 3.10606
4.46 0.141868 -1115.77 4.70305e-010 3.10606 3.10606
4.47 0.141868 -1115.77 -2.46651e-010 3.10606 3.10606
4.48 0.141868 -1115.77 -1.75184e-011 3.10606 3.10606
4.49 0.141868 -1115.77 1.61364e-011 3.10606 3.10606
4.5 0.141868 -1115.77 -2.24418e-010 3.10606 3.10606
4.51 0.141868 -1115.77 -2.92857e-010 3.10606 3.10606
4.52 0.141868 -1115.77 -1.03839e-010 3.10606 3.10606
4.53 0.141868 -1115.77 -4.03418e-010 3.10606 3.10606
4.54 0.141868 -1115.77 -1.32662e-010 3.10605 3.10605
4.55 0.141868 -1115.77 -2.93451e-010 3.10605 3.10605
4.56 0.141868 -1115.77 -1.17453e-010 3.10605 3.10605
4.57 0.141868 -1115.77 -4.25565e-010 3.10606 3.10606
4.58 0.141868 -1115.77 -1.7544e-010 3.10606 3.10606
4.59 0.141868 -1115.77 -2.46672e-010 3.10606 3.10606
4.6 0.141868 -1115.77 -1.51779e-010 3.10606 3.10606
4.61 0.141868 -1115.77 -2.84032e-010 3.10606 3.10606
4.62 0.141868 -1115.77 -1.946e-010 3.10606 3.10606
4.63 0.141868 -1115.77 -3.13126e-010 3.10606 3.10606
4.64 0.141868 -1115.77 -3.03526e-010 3.10606 3.10606
4.65 0.141868 -1115.77 -2.52399e-010 3.10606 3.10606
4.66 0.141868 -1115.77 -3.22242e-010 3.10606 3.10606
4.67 0.141868 -1115.77 -1.64736e-010 3.10606 3.10606
4.68 0.141868 -1115.77 -1.75863e-010 3.10606 3.10606
4.69 0.141868 -1115.77 -3.05771e-010 3.10606 3.10606
4.7 0.141868 -1115.77 -2.57319e-010 3.10606 3.10606
4.71 0.141868 -1115.77 -1.82375e-010 3.10606 3.10606
4.72 0.141868 -1115.77 -2.84359e-011 3.10606 3.10606
4.73 0.141868 -1115.77 -4.29747e-010 3.10606 3.10606
4.74 0.141868 -1115.77 -2.22986e-010 3.10605 3.10605
4.75 0.141868 -1115.77 -2.67811e-010 3.10605 3.10605
4.76 0.141868 -1115.77 -2.95682e-010 3.10605 3.10605
4.77 0.141868 -1115.77 -3.21478e-010 3.10605 3.10605
4.78 0.141868 -1115.77 -3.02759e-010 3.10605 3.10605
4.79 0.141868 -1115.77 -2.85667e-010 3.10605 3.10605
4.8 0.141868 -1115.77 -2.31555e-010 3.10605 3.10605
4.81 0.141868 -1115.77 -2.65405e-010 3.10605 3.10605
4.82 0.141868 -1115.77 -2.86107e-010 3.10605 3.10605
4.83 0.141868 -1115.77 -1.72712e-010 3.10605 3.10605
4.84 0.141868 -1115.77 -1.97566e-010 3.10605 3.10605
4.85 0.141868 -1115.77 -1.74904e-010 3.10605 3.10605
4.86 0.141868 -1115.77 -2.23817e-010 3.10605 3.10605
4.87 0.141868 -1115.77 -1.50596e-010 3.10605 3.10605
4.88 0.141868 -1115.77 -3.3495e-010 3.10605 3.10605
4.89 0.141868 -1115.77 -1.6491e-010 3.10605 3.10605
4.9 0.141868 -1115.77 -2.75264e-010 3.10605 3.10605
4.91 0.141868 -1115.77 -1.87214e-010 3.10605 3.10605
4.92 0.141868 -1115.77 -1.79188e-010 3.10605 3.10605
4.93 0.141868 -1115.77 -2.91124e-010 3.10605 3.10605
4.94 0.141868 -1115.77 -2.68773e-010 3.10605 3.10605
4.95 0.141868 -1115.77 -2.28322e-010 3.10605 3.10605
4.96 0.141868 -1115.77 -2.99408e-010 3.10605 3.10605
4.97 0.141868 -1115.77 -2.51035e-010 3.10605 3.10605
4.98 0.141868 -1115.77 -2.60588e-010 3.10605 3.10605
4.99 0.141868 -1115.77 -1.2728e-010 3.10605 3.10605
5 0.141868 -1115.77 -2.77264e-010 3.10605 3.10605
5.01 0.141868 -1115.77 -2.1862e-010 3.10605 3.10605
5.02 0.141868 -1115.77 -2.24389e-010 3.10605 3.10605
5.03 0.141868 -1115.77 -2.03229e-010 3.10605 3.10605
5.04 0.141868 -1115.77 -1.64434e-010 3.10605 3.10605
5.05 0.141868 -1115.77 -1.54589e-010 3.10605 3.10605
5.06 0.141868 -1115.77 -2.69509e-010 3.10606 3.10606
5.07 0.141868 -1115.77 -1.84297e-010 3.10606 3.10606
5.08 0.141868 -1115.77 -1.42297e-010 3.10606 3.10606
5.09 0.141868 -1115.77 -2.15689e-010 3.10606 3.10606
5.1 0.141868 -1115.77 -1.94998e-010 3.10606 3.10606
5.11 0.141868 -1115.77 -2.98311e-010 3.10606 3.10606
5.12 0.141868 -1115.77 -5.79909e-011 3.10606 3.10606
5.13 0.141868 -1115.77 -2.23633e-010 3.10606 3.10606
5.14 0.141868 -1115.77 -1.85803e-010 3.10606 3.10606
5.15 0.141868 -1115.77 -2.02174e-010 3.10606 3.10606
5.16 0.141868 -1115.77 -1.74868e-010 3.10606 3.10606
5.17 0.141868 -1115.77 -1.66711e-010 3.10606 3.10606
5.18 0.141868 -1115.77 -1.64544e-010 3.10606 3.10606
5.19 0.141868 -1115.77 -1.53911e-010 3.10606 3.10606
5.2 0.141868 -1115.77 -2.44377e-010 3.10606 3.10606
5.21 0.141868 -1115.77 -2.18783e-010 3.10606 3.10606
5.22 0.141868 -1115.77 -1.3263e-010 3.10606 3.10606
5.23 0.141868 -1115.77 -2.00945e-010 3.10606 3.10606
5.24 0.141868 -1115.77 -1.3835e-010 3.10606 3.10606
5.25 0.141868 -1115.77 -1.96575e-010 3.10606 3.10606
5.26 0.141868 -1115.77 -1.10521e-010 3.10606 3.10606
5.27 0.141868 -1115.77 -2.36668e-010 3.10606 3.10606
5.28 0.141868 -1115.77 -2.08818e-010 3.10606 3.10606
5.29 0.141868 -1115.77 -1.3144e-010 3.10606 3.10606
5.3 0.141868 -1115.77 -1.36733e-010 3.10606 3.10606
5.31 0.141868 -1115.77 -2.31758e-010 3.10606 3.10606
5.32 0.141868 -1115.77 1.13843e-010 3.10606 3.10606
5.33 0.141868 -1115.77 -2.56076e-010 3.10606 3.10606
5.34 0.141868 -1115.77 -3.97986e-010 3.10606 3.10606
5.35 0.141868 -1115.77 -3.0596e-011 3.10606 3.10606
5.36 0.141868 -1115.77 -4.78376e-010 3.10606 3.10606
5.37 0.141868 -1115.77 6.75122e-011 3.10606 3.10606
5.38 0.141868 -1115.77 -3.19428e-010 3.10606 3.10606
5.39 0.141868 -1115.77 1.11037e-010 3.10606 3.10606
5.4 0.141868 -1115.77 -5.85487e-010 3.10606 3.10606
5.41 0.141868 -1115.77 -3.73532e-011 3.10606 3.10606
5.42 0.141868 -1115.77 -3.18064e-010 3.10606 3.10606
5.43 0.141868 -1115.77 -2.57472e-010 3.10606 3.10606
5.44 0.141868 -1115.77 -2.0426e-010 3.10606 3.10606
5.45 0.141868 -1115.77 -2.03634e-010 3.10606 3.10606
5.46 0.141868 -1115.77 -3.81277e-010 3.10606 3.10606
5.47 0.141868 -1115.77 -5.45448e-011 3.10606 3.10606
5.48 0.141868 -1115.77 -3.8753e-010 3.10606 3.10606
5.49 0.141868 -1115.77 -3.37693e-010 3.10606 3.10606
5.5 0.141868 -1115.77 -7.40741e-011 3.10605 3.10605
5.51 0.141868 -1115.77 -1.48592e-010 3.10605 3.10605
5.52 0.141868 -1115.77 -2.92676e-010 3.10605 3.10605
5.53 0.141868 -1115.77 -2.56957e-010 3.10605 3.10605
5.54 0.141868 -1115.77 -2.6116e-010 3.10605 3.10605
5.55 0.141868 -1115.77 -1.77582e-010 3.10605 3.10605
5.56 0.141868 -1115.77 -2.57419e-010 3.10605 3.10605
5.57 0.141868 -1115.77 -1.92372e-010 3.10605 3.10605
5.58 0.141868 -1115.77 -1.82535e-010 3.10605 3.10605
5.59 0.141868 -1115.77 -2.03215e-010 3.10605 3.10605
5.6 0.141868 -1115.77 -1.88074e-010 3.10606 3.10606
5.61 0.141868 -1115.77 -1.78588e-010 3.10606 3.10606
5.62 0.141868 -1115.77 -2.06096e-010 3.10606 3.10606
5.63 0.141868 -1115.77 -2.72266e-010 3.10606 3.10606
5.64 0.141868 -1115.77 -1.77575e-010 3.10606 3.10606
5.65 0.141868 -1115.77 -2.92477e-010 3.10606 3.10606
5.66 0.141868 -1115.77 -8.10765e-011 3.10606 3.10606
5.67 0.141868 -1115.77 -4.94886e-010 3.10606 3.10606
5.68 0.141868 -1115.77 -2.83631e-010 3.10606 3.10606
5.69 0.141868 -1115.77 -3.04642e-010 3.10606 3.10606
5.7 0.141868 -1115.77 -3.31358e-010 3.10605 3.10605
5.71 0.141868 -1115.77 -3.27979e-010 3.10605 3.10605
5.72 0.141868 -1115.77 -3.18366e-010 3.10605 3.10605
5.73 0.141868 -1115.77 -2.82622e-010 3.10605 3.10605
5.74 0.141868 -1115.77 -2.26311e-010 3.10605 3.10605
5.75 0.141868 -1115.77 -3.02578e-010 3.10605 3.10605
5.76 0.141868 -1115.77 -2.41098e-010 3.10605 3.10605
5.77 0.141868 -1115.77 -3.41132e-010 3.10605 3.10605
5.78 0.141868 -1115.77 -2.2813e-010 3.10605 3.10605
5.79 0.141868 -1115.77 -4.05649e-010 3.10605 3.10605
5.8 0.141868 -1115.77 -2.28255e-010 3.10605 3.10605
5.81 0.141868 -1115.77 -2.96993e-010 3.10605 3.10605
5.82 0.141868 -1115.77 -2.01652e-010 3.10605 3.10605
5.83 0.141868 -1115.77 -2.75904e-010 3.10605 3.10605
5.84 0.141868 -1115.77 -2.3844e-010 3.10605 3.10605
5.85 0.141868 -1115.77 -2.73339e-010 3.10605 3.10605
5.86 0.141868 -1115.77 -2.49699e-010 3.10605 3.10605
5.87 0.141868 -1115.77 -3.30509e-010 3.10605 3.10605
5.88 0.141868 -1115.77 -5.89864e-010 3.10605 3.10605
5.89 0.141868 -1115.77 -6.47592e-010 3.10605 3.10605
5.9 0.141868 -1115.77 -1.50422e-011 3.10605 3.10605
5.91 0.141868 -1115.77 -4.50939e-010 3.10606 3.10606
5.92 0.141868 -1115.77 -4.37819e-010 3.10606 3.10606
5.93 0.141868 -1115.77 3.79607e-010 3.10606 3.10606
5.94 0.141868 -1115.77 -9.71365e-010 3.10606 3.10606
5.95 0.141868 -1115.77 2.98495e-010 3.10606 3.10606
5.96 0.141868 -1115.77 -9.38545e-010 3.10606 3.10606
5.97 0.141868 -1115.77 3.43142e-010 3.10606 3.10606
5.98 0.141868 -1115.77 -1.29699e-010 3.10606 3.10606
5.99 0.141868 -1115.77 7.62519e-011 3.10606 3.10606
6 0.141868 -1115.77 -3.66093e-010 3.10606 3.10606
6.01 0.141868 -1115.77 2.59313e-011 3.10606 3.10606
6.02 0.141868 -1115.77 -3.63976e-010 3.10606 3.10606
6.03 0.141868 -1115.77 8.83063e-011 3.10606 3.10606
6.04 0.141868 -1115.77 -2.40874e-010 3.10606 3.10606
6.05 0.141868 -1115.77 -5.61471e-011 3.10606 3.10606
6.06 0.141868 -1115.77 -4.07852e-011 3.10606 3.10606
6.07 0.141868 -1115.77 -9.64491e-011 3.10606 3.10606
6.08 0.141868 -1115.77 -2.85226e-010 3.10606 3.10606
6.09 0.141868 -1115.77 -1.68765e-010 3.10606 3.10606
6.1 0.141868 -1115.77 -1.86578e-010 3.10606 3.10606
6.11 0.141868 -1115.77 -1.86468e-010 3.10606 3.10606
6.12 0.141868 -1115.77 -2.51021e-010 3.10606 3.10606
6.13 0.141868 -1115.77 -2.55419e-010 3.10606 3.10606
6.14 0.141868 -1115.77 -3.38154e-010 3.10606 3.10606
6.15 0.141868 -1115.77 -1.45629e-010 3.10606 3.10606
6.16 0.141868 -1115.77 -2.96417e-010 3.10606 3.10606
6.17 0.141868 -1115.77 -9.56035e-011 3.10606 3.10606
6.18 0.141868 -1115.77 -2.35286e-010 3.10606 3.10606
6.19 0.141868 -1115.77 -1.87619e-010 3.10606 3.10606
6.2 0.141868 -1115.77 -2.12438e-010 3.10606 3.10606
6.21 0.141868 -1115.77 -2.42359e-010 3.10606 3.10606
6.22 0.141868 -1115.77 -1.33934e-010 3.10606 3.10606
6.23 0.141868 -1115.77 -2.43222e-010 3.10606 3.10606
6.24 0.141868 -1115.77 -8.83986e-011 3.10606 3.10606
6.25 0.141868 -1115.77 -2.06629e-010 3.10606 3.10606
6.26 0.141868 -1115.77 -1.13594e-010 3.10606 3.10606
6.27 0.141868 -1115.77 -1.63354e-010 3.10606 3.10606
6.28 0.141868 -1115.77 -7.95808e-011 3.10606 3.10606
6.29 0.141868 -1115.77 -8.13181e-011 3.10606 3.10606
6.3 0.141868 -1115.77 -2.18627e-010 3.10606 3.10606
6.31 0.141868 -1115.77 -7.20384e-011 3.10606 3.10606
6.32 0.141868 -1115.77 -2.30514e-010 3.10606 3.10606
6.33 0.141868 -1115.77 2.01439e-012 3.10606 3.10606
6.34 0.141868 -1115.77 -1.25503e-010 3.10606 3.10606
6.35 0.141868 -1115.77 -2.36398e-011 3.10606 3.10606
6.36 0.141868 -1115.77 -1.369e-010 3.10606 3.10606
6.37 0.141868 -1115.77 -2.89582e-011 3.10606 3.10606
6.38 0.141868 -1115.77 -2.56314e-010 3.10606 3.10606
6.39 0.141868 -1115.77 -2.76572e-010 3.10606 3.10606
6.4 0.141868 -1115.77 8.41034e-011 3.10606 3.10606
6.41 0.141868 -1115.77 -5.46432e-010 3.10606 3.10606
6.42 0.141868 -1115.77 1.82467e-010 3.10606 3.10606
6.43 0.141868 -1115.77 -4.57245e-010 3.10606 3.10606
6.44 0.141868 -1115.77 2.01478e-010 3.10605 3.10605
6.45 0.141868 -1115.77 -4.24503e-010 3.10605 3.10605
6.46 0.141868 -1115.77 3.53023e-010 3.10605 3.10605
6.47 0.141868 -1115.77 -7.42052e-010 3.10605 3.10605
6.48 0.141868 -1115.77 4.0405e-010 3.10605 3.10605
6.49 0.141868 -1115.77 -7.11715e-011 3.10605 3.10605
6.5 0.141868 -1115.77 8.73932e-011 3.10605 3.10605
6.51 0.141868 -1115.77 1.07185e-010 3.10605 3.10605
6.52 0.141868 -1115.77 -8.8253e-011 3.10605 3.10605
6.53 0.141868 -1115.77 -6.32809e-011 3.10605 3.10605
6.54 0.141868 -1115.77 1.16838e-010 3.10605 3.10605
6.55 0.141868 -1115.77 5.83071e-011 3.10605 3.10605
6.56 0.141868 -1115.77 4.65779e-010 3.10605 3.10605
6.57 0.141868 -1115.77 1.15424e-010 3.10605 3.10605
6.58 0.141868 -1115.77 -5.86908e-012 3.10605 3.10605
6.59 0.141868 -1115.77 1.06972e-011 3.10605 3.10605
6.6 0.141868 -1115.77 -1.14518e-010 3.10605 3.10605
6.61 0.141868 -1115.77 8.7752e-011 3.10605 3.10605
6.62 0.141868 -1115.77 -1.28292e-010 3.10605 3.10605
6.63 0.141868 -1115.77 -2.59988e-011 3.10605 3.10605
6.64 0.141868 -1115.77 -1.68896e-011 3.10605 3.10605
6.65 0.141868 -1115.77 -1.90425e-011 3.10605 3.10605
6.66 0.141868 -1115.77 -7.45004e-012 3.10605 3.10605
6.67 0.141868 -1115.77 1.83498e-011 3.10605 3.10605
6.68 0.141868 -1115.77 1.58167e-011 3.10605 3.10605
6.69 0.141868 -1115.77 -3.45679e-011 3.10605 3.10605
6.7 0.141868 -1115.77 -1.55374e-010 3.10605 3.10605
6.71 0.141868 -1115.77 -4.47749e-011 3.10605 3.10605
6.72 0.141868 -1115.77 4.74181e-011 3.10605 3.10605
6.73 0.141868 -1115.77 -4.75175e-011 3.10605 3.10605
6.74 0.141868 -1115.77 5.50671e-013 3.10605 3.10605
6.75 0.141868 -1115.77 -1.06784e-010 3.10605 3.10605
6.76 0.141868 -1115.77 5.14753e-011 3.10605 3.10605
6.77 0.141868 -1115.77 -1.96305e-010 3.10605 3.10605
6.78 0.141868 -1115.77 -9.64384e-011 3.10605 3.10605
6.79 0.141868 -1115.77 6.84679e-011 3.10605 3.10605
6.8 0.141868 -1115.77 -1.59122e-010 3.10605 3.10605
6.81 0.141868 -1115.77 1.09406e-010 3.10605 3.10605
6.82 0.141868 -1115.77 1.45306e-010 3.10605 3.10605
6.83 0.141868 -1115.77 -1.19236e-010 3.10606 3.10606
6.84 0.141868 -1115.77 5.45381e-010 3.10606 3.10606
6.85 0.141868 -1115.77 4.29747e-010 3.10606 3.10606
6.86 0.141868 -1115.77 1.53719e-010 3.10606 3.10606
6.87 0.141868 -1115.77 8.40821e-011 3.10606 3.10606
6.88 0.141868 -1115.77 6.37499e-011 3.10606 3.10606
6.89 0.141868 -1115.77 4.56538e-010 3.10606 3.10606
6.9 0.141868 -1115.77 1.89885e-010 3.10606 3.10606
6.91 0.141868 -1115.77 1.19627e-010 3.10606 3.10606
6.92 0.141868 -1115.77 -2.24283e-011 3.10606 3.10606
6.93 0.141868 -1115.77 1.20458e-010 3.10606 3.10606
6.94 0.141868 -1115.77 2.46914e-012 3.10606 3.10606
6.95 0.141868 -1115.77 7.96945e-011 3.10606 3.10606
6.96 0.141868 -1115.77 5.07541e-011 3.10606 3.10606
6.97 0.141868 -1115.77 6.88907e-011 3.10606 3.10606
6.98 0.141868 -1115.77 7.26494e-011 3.10606 3.10606
6.99 0.141868 -1115.77 -4.1247e-012 3.10606 3.10606
7 0.141868 -1115.77 1.01174e-010 3.10606 3.10606
7.01 0.141868 -1115.77 7.42446e-011 3.10606 3.10606
7.02 0.141868 -1115.77 9.91491e-011 3.10606 3.10606
7.03 0.141868 -1115.77 1.24892e-010 3.10606 3.10606
7.04 0.141868 -1115.77 1.23215e-010 3.10606 3.10606
7.05 0.141868 -1115.77 1.52468e-010 3.10606 3.10606
7.06 0.141868 -1115.77 9.98597e-011 3.10606 3.10606
7.07 0.141868 -1115.77 1.32307e-010 3.10606 3.10606
7.08 0.141868 -1115.77 1.13321e-010 3.10606 3.10606
7.09 0.141868 -1115.77 1.33582e-010 3.10606 3.10606
7.1 0.141868 -1115.77 9.55929e-011 3.10606 3.10606
7.11 0.141868 -1115.77 1.03039e-010 3.10606 3.10606
7.12 0.141868 -1115.77 8.56843e-011 3.10606 3.10606
7.13 0.141868 -1115.77 1.14127e-010 3.10606 3.10606
7.14 0.141868 -1115.77 1.6782e-010 3.10606 3.10606
7.15 0.141868 -1115.77 8.84235e-011 3.10606 3.10606
7.16 0.141868 -1115.77 2.00124e-010 3.10606 3.10606
7.17 0.141868 -1115.77 3.28164e-011 3.10606 3.10606
7.18 0.141868 -1115.77 2.80487e-010 3.10606 3.10606
7.19 0.141868 -1115.77 3.36193e-011 3.10606 3.10606
7.2 0.141868 -1115.77 9.65272e-011 3.10606 3.10606
7.21 0.141868 -1115.77 2.25047e-010 3.10606 3.10606
7.22 0.141868 -1115.77 1.64317e-010 3.10606 3.10606
7.23 0.141868 -1115.77 8.3805e-011 3.10606 3.10606
7.24 0.141868 -1115.77 8.76099e-011 3.10606 3.10606
7.25 0.141868 -1115.77 1.69766e-010 3.10606 3.10606
7.26 0.141868 -1115.77 1.59584e-010 3.10606 3.10606
7.27 0.141868 -1115.77 1.29607e-010 3.10606 3.10606
7.28 0.141868 -1115.77 1.2243e-010 3.10606 3.10606
7.29 0.141868 -1115.77 1.86461e-010 3.10606 3.10606
7.3 0.141868 -1115.77 1.37682e-010 3.10606 3.10606
7.31 0.141868 -1115.77 1.68686e-010 3.10606 3.10606
7.32 0.141868 -1115.77 1.34975e-010 3.10606 3.10606
7.33 0.141868 -1115.77 1.404e-010 3.10606 3.10606
7.34 0.141868 -1115.77 1.35092e-010 3.10606 3.10606
7.35 0.141868 -1115.77 1.26899e-010 3.10605 3.10605
7.36 0.141868 -1115.77 1.34484e-010 3.10605 3.10605
7.37 0.141868 -1115.77 1.09239e-010 3.10605 3.10605
7.38 0.141868 -1115.77 1.12792e-010 3.10605 3.10605
7.39 0.141868 -1115.77 5.91101e-011 3.10605 3.10605
7.4 0.141868 -1115.77 1.18817e-010 3.10605 3.10605
7.41 0.141868 -1115.77 2.92708e-011 3.10605 3.10605
7.42 0.141868 -1115.77 8.93827e-011 3.10605 3.10605
7.43 0.141868 -1115.77 1.19584e-010 3.10605 3.10605
7.44 0.141868 -1115.77 7.04564e-010 3.10605 3.10605
7.45 0.141868 -1115.77 -5.28331e-010 3.10605 3.10605
7.46 0.141868 -1115.77 8.9706e-011 3.10605 3.10605
7.47 0.141868 -1115.77 -4.45901e-010 3.10605 3.10605
7.48 0.141868 -1115.77 -5.4488e-011 3.10605 3.10605
7.49 0.141868 -1115.77 -5.83768e-010 3.10605 3.10605
7.5 0.141868 -1115.77 -3.94337e-010 3.10605 3.10605
7.51 0.141868 -1115.77 -3.85107e-010 3.10605 3.10605
7.52 0.141868 -1115.77 -6.87983e-011 3.10605 3.10605
7.53 0.141868 -1115.77 -7.81768e-010 3.10605 3.10605
7.54 0.141868 -1115.77 5.53086e-011 3.10605 3.10605
7.55 0.141868 -1115.77 -4.05738e-010 3.10605 3.10605
7.56 0.141868 -1115.77 2.35119e-011 3.10605 3.10605
7.57 0.141868 -1115.77 -5.61439e-010 3.10605 3.10605
7.58 0.141868 -1115.77 2.3697e-010 3.10605 3.10605
7.59 0.141868 -1115.77 -5.80698e-010 3.10605 3.10605
7.6 0.141868 -1115.77 3.35085e-010 3.10606 3.10606
7.61 0.141868 -1115.77 -1.11082e-009 3.10606 3.10606
7.62 0.141868 -1115.77 5.07562e-010 3.10606 3.10606
7.63 0.141868 -1115.77 -9.2632e-010 3.10606 3.10606
7.64 0.141868 -1115.77 5.23386e-010 3.10606 3.10606
7.65 0.141868 -1115.77 -7.01487e-010 3.10606 3.10606
7.66 0.141868 -1115.77 5.4564e-010 3.10606 3.10606
7.67 0.141868 -1115.77 -6.19394e-010 3.10606 3.10606
7.68 0.141868 -1115.77 6.48583e-010 3.10606 3.10606
7.69 0.141868 -1115.77 -5.9557e-010 3.10606 3.10606
7.7 0.141868 -1115.77 6.39265e-010 3.10606 3.10606
7.71 0.141868 -1115.77 -5.18355e-010 3.10606 3.10606
7.72 0.141868 -1115.77 5.65446e-010 3.10606 3.10606
7.73 0.141868 -1115.77 -4.56968e-010 3.10606 3.10606
7.74 0.141868 -1115.77 6.8426e-010 3.10606 3.10606
7.75 0.141868 -1115.77 -2.94481e-010 3.10606 3.10606
7.76 0.141868 -1115.77 4.74692e-010 3.10606 3.10606
7.77 0.141868 -1115.77 -1.02819e-010 3.10606 3.10606
7.78 0.141868 -1115.77 3.16788e-010 3.10606 3.10606
7.79 0.141868 -1115.77 -9.65301e-010 3.10606 3.10606
7.8 0.141868 -1115.77 -6.47518e-011 3.10606 3.10606
7.81 0.141868 -1115.77 -1.00471e-009 3.10606 3.10606
7.82 0.141868 -1115.77 4.85745e-010 3.10606 3.10606
7.83 0.141868 -1115.77 -1.06596e-009 3.10606 3.10606
7.84 0.141868 -1115.77 1.02069e-009 3.10606 3.10606
7.85 0.141868 -1115.77 -7.39654e-010 3.10606 3.10606
7.86 0.141868 -1115.77 1.31386e-009 3.10606 3.10606
7.87 0.141868 -1115.77 -2.88757e-010 3.10606 3.10606
7.88 0.141868 -1115.77 1.37062e-009 3.10606 3.10606
7.89 0.141868 -1115.77 -3.44826e-011 3.10606 3.10606
7.9 0.141868 -1115.77 4.7336e-010 3.10606 3.10606
7.91 0.141868 -1115.77 1.07402e-009 3.10606 3.10606
7.92 0.141868 -1115.77 3.84048e-012 3.10606 3.10606
7.93 0.141868 -1115.77 7.16359e-010 3.10606 3.10606
7.94 0.141868 -1115.77 1.84386e-012 3.10606 3.10606
7.95 0.141868 -1115.77 6.29061e-010 3.10606 3.10606
7.96 0.141868 -1115.77 3.83835e-010 3.10606 3.10606
7.97 0.141868 -1115.77 1.16671e-010 3.10606 3.10606
7.98 0.141868 -1115.77 5.68591e-010 3.10606 3.10606
7.99 0.141868 -1115.77 -1.16934e-010 3.10606 3.10606
8 0.141868 -1115.77 6.46644e-010 3.10606 3.10606
8.01 0.141868 -1115.77 1.15964e-010 3.10606 3.10606
8.02 0.141868 -1115.77 4.95213e-011 3.10606 3.10606
8.03 0.141868 -1115.77 9.73515e-011 3.10606 3.10606
8.04 0.141868 -1115.77 2.44999e-010 3.10606 3.10606
8.05 0.141868 -1115.77 1.53879e-010 3.10606 3.10606
8.06 0.141868 -1115.77 2.45297e-010 3.10606 3.10606
8.07 0.141868 -1115.77 1.7938e-010 3.10606 3.10606
8.08 0.141868 -1115.77 4.14317e-011 3.10606 3.10606
8.09 0.141868 -1115.77 1.27226e-010 3.10606 3.10606
8.1 0.141868 -1115.77 1.31418e-010 3.10606 3.10606
8.11 0.141868 -1115.77 1.49594e-010 3.10606 3.10606
8.12 0.141868 -1115.77 1.85999e-010 3.10606 3.10606
8.13 0.141868 -1115.77 1.44265e-010 3.10606 3.10606
8.14 0.141868 -1115.77 1.58494e-010 3.10606 3.10606
8.15 0.141868 -1115.77 1.40187e-010 3.10606 3.10606
8.16 0.141868 -1115.77 1.52351e-010 3.10606 3.10606
8.17 0.141868 -1115.77 1.63396e-010 3.10606 3.10606
8.18 0.141868 -1115.77 1.05747e-010 3.10606 3.10606
8.19 0.141868 -1115.77 1.68434e-010 3.10606 3.10606
8.2 0.141868 -1115.77 1.38222e-010 3.10606 3.10606
8.21 0.141868 -1115.77 1.27589e-010 3.10605 3.10605
8.22 0.141868 -1115.77 1.69372e-010 3.10605 3.10605
8.23 0.141868 -1115.77 1.20696e-010 3.10605 3.10605
8.24 0.141868 -1115.77 2.52989e-010 3.10605 3.10605
8.25 0.141868 -1115.77 2.48036e-010 3.10605 3.10605
8.26 0.141868 -1115.77 -2.58858e-010 3.10605 3.10605
8.27 0.141868 -1115.77 -1.36886e-011 3.10605 3.10605
8.28 0.141868 -1115.77 -1.82855e-010 3.10605 3.10605
8.29 0.141868 -1115.77 1.92937e-010 3.10605 3.10605
8.3 0.141868 -1115.77 1.34989e-010 3.10605 3.10605
8.31 0.141868 -1115.77 1.35007e-010 3.10605 3.10605
8.32 0.141868 -1115.77 1.96174e-010 3.10605 3.10605
8.33 0.141868 -1115.77 -4.38618e-011 3.10605 3.10605
8.34 0.141868 -1115.77 3.20966e-010 3.10605 3.10605
8.35 0.141868 -1115.77 -3.08447e-010 3.10605 3.10605
8.36 0.141868 -1115.77 4.67917e-010 3.10605 3.10605
8.37 0.141868 -1115.77 -4.11017e-010 3.10605 3.10605
8.38 0.141868 -1115.77 7.40819e-010 3.10605 3.10605
8.39 0.141868 -1115.77 -3.65485e-010 3.10605 3.10605
8.4 0.141868 -1115.77 5.36026e-010 3.10605 3.10605
8.41 0.141868 -1115.77 -4.69374e-010 3.10605 3.10605
8.42 0.141868 -1115.77 3.85587e-010 3.10605 3.10605
8.43 0.141868 -1115.77 -4.65253e-010 3.10605 3.10605
8.44 0.141868 -1115.77 7.92468e-010 3.10605 3.10605
8.45 0.141868 -1115.77 -1.13815e-010 3.10605 3.10605
8.46 0.141868 -1115.77 7.18032e-010 3.10605 3.10605
8.47 0.141868 -1115.77 7.26885e-012 3.10605 3.10605
8.48 0.141868 -1115.77 7.13605e-010 3.10605 3.10605
8.49 0.141868 -1115.77 1.67347e-010 3.10605 3.10605
8.5 0.141868 -1115.77 2.41471e-010 3.10606 3.10606
8.51 0.141868 -1115.77 2.30759e-010 3.10606 3.10606
8.52 0.141868 -1115.77 3.01021e-010 3.10606 3.10606
8.53 0.141868 -1115.77 2.82256e-010 3.10606 3.10606
8.54 0.141868 -1115.77 2.82981e-010 3.10606 3.10606
8.55 0.141868 -1115.77 1.87914e-010 3.10606 3.10606
8.56 0.141868 -1115.77 1.97588e-010 3.10606 3.10606
8.57 0.141868 -1115.77 2.14897e-010 3.10606 3.10606
8.58 0.141868 -1115.77 6.81801e-011 3.10606 3.10606
8.59 0.141868 -1115.77 2.47326e-010 3.10606 3.10606
8.6 0.141868 -1115.77 1.15122e-010 3.10606 3.10606
8.61 0.141868 -1115.77 1.94468e-010 3.10606 3.10606
8.62 0.141868 -1115.77 2.45503e-010 3.10606 3.10606
8.63 0.141868 -1115.77 2.07567e-010 3.10606 3.10606
8.64 0.141868 -1115.77 2.50999e-010 3.10606 3.10606
8.65 0.141868 -1115.77 1.97268e-010 3.10606 3.10606
8.66 0.141868 -1115.77 2.55515e-010 3.10606 3.10606
8.67 0.141868 -1115.77 2.31886e-010 3.10606 3.10606
8.68 0.141868 -1115.77 2.75296e-010 3.10606 3.10606
8.69 0.141868 -1115.77 1.67056e-010 3.10606 3.10606
8.7 0.141868 -1115.77 2.39904e-010 3.10606 3.10606
8.71 0.141868 -1115.77 2.29175e-010 3.10606 3.10606
8.72 0.141868 -1115.77 2.27509e-010 3.10606 3.10606
8.73 0.141868 -1115.77 2.45706e-010 3.10606 3.10606
8.74 0.141868 -1115.77 3.08493e-010 3.10606 3.10606
8.75 0.141868 -1115.77 2.55103e-010 3.10606 3.10606
8.76 0.141868 -1115.77 2.6834e-010 3.10606 3.10606
8.77 0.141868 -1115.77 1.80737e-010 3.10606 3.10606
8.78 0.141868 -1115.77 -4.23448e-011 3.10606 3.10606
8.79 0.141868 -1115.77 1.88365e-010 3.10606 3.10606
8.8 0.141868 -1115.77 2.52012e-010 3.10606 3.10606
8.81 0.141868 -1115.77 2.475e-010 3.10606 3.10606
8.82 0.141868 -1115.77 2.84111e-010 3.10606 3.10606
8.83 0.141868 -1115.77 2.27242e-010 3.10606 3.10606
8.84 0.141868 -1115.77 3.26459e-010 3.10606 3.10606
8.85 0.141868 -1115.77 2.27296e-010 3.10606 3.10606
8.86 0.141868 -1115.77 2.64993e-010 3.10606 3.10606
8.87 0.141868 -1115.77 2.21242e-010 3.10606 3.10606
8.88 0.141868 -1115.77 2.10939e-010 3.10606 3.10606
8.89 0.141868 -1115.77 1.44137e-010 3.10606 3.10606
8.9 0.141868 -1115.77 1.76477e-010 3.10606 3.10606
8.91 0.141868 -1115.77 1.17918e-010 3.10606 3.10606
8.92 0.141868 -1115.77 1.42965e-010 3.10606 3.10606
8.93 0.141868 -1115.77 1.52479e-010 3.10606 3.10606
8.94 0.141868 -1115.77 2.44889e-010 3.10606 3.10606
8.95 0.141868 -1115.77 2.65302e-010 3.10606 3.10606
8.96 0.141868 -1115.77 2.75637e-010 3.10606 3.10606
8.97 0.141868 -1115.77 2.88001e-010 3.10606 3.10606
8.98 0.141868 -1115.77 2.06619e-010 3.10606 3.10606
8.99 0.141868 -1115.77 -6.16502e-011 3.10606 3.10606
9 0.141868 -1115.77 1.65731e-010 3.10606 3.10606
9.01 0.141868 -1115.77 -1.32264e-010 3.10606 3.10606
9.02 0.141868 -1115.77 1.80922e-010 3.10606 3.10606
9.03 0.141868 -1115.77 1.74442e-010 3.10605 3.10605
9.04 0.141868 -1115.77 2.39332e-010 3.10605 3.10605
9.05 0.141868 -1115.77 1.95215e-010 3.10605 3.10605
9.06 0.141868 -1115.77 1.81213e-010 3.10605 3.10605
9.07 0.141868 -1115.77 1.63716e-010 3.10605 3.10605
9.08 0.141868 -1115.77 2.00316e-010 3.10605 3.10605
9.09 0.141868 -1115.77 1.93197e-010 3.10605 3.10605
9.1 0.141868 -1115.77 2.35115e-010 3.10605 3.10605
9.11 0.141868 -1115.77 2.98744e-010 3.10605 3.10605
9.12 0.141868 -1115.77 1.63016e-010 3.10605 3.10605
9.13 0.141868 -1115.77 2.08452e-010 3.10605 3.10605
9.14 0.141868 -1115.77 1.81668e-010 3.10605 3.10605
9.15 0.141868 -1115.77 7.38112e-011 3.10605 3.10605
9.16 0.141868 -1115.77 1.13502e-010 3.10605 3.10605
9.17 0.141868 -1115.77 -1.4289e-011 3.10605 3.10605
9.18 0.141868 -1115.77 2.204e-010 3.10605 3.10605
9.19 0.141868 -1115.77 -5.47473e-011 3.10605 3.10605
9.2 0.141868 -1115.77 3.37433e-010 3.10605 3.10605
9.21 0.141868 -1115.77 9.39586e-011 3.10605 3.10605
9.22 0.141868 -1115.77 1.1968e-010 3.10605 3.10605
9.23 0.141868 -1115.77 4.5091e-011 3.10605 3.10605
9.24 0.141868 -1115.77 1.64491e-010 3.10605 3.10605
9.25 0.141868 -1115.77 1.16849e-011 3.10605 3.10605
9.26 0.141868 -1115.77 3.27308e-010 3.10605 3.10605
9.27 0.141868 -1115.77 -5.76215e-011 3.10605 3.10605
9.28 0.141868 -1115.77 3.81291e-010 3.10605 3.10605
9.29 0.141868 -1115.77 5.56426e-011 3.10605 3.10605
9.3 0.141868 -1115.77 1.77341e-010 3.10605 3.10605
9.31 0.141868 -1115.77 1.64139e-010 3.10605 3.10605
9.32 0.141868 -1115.77 1.11523e-010 3.10605 3.10605
9.33 0.141868 -1115.77 2.67768e-011 3.10605 3.10605
9.34 0.141868 -1115.77 2.05596e-010 3.10605 3.10605
9.35 0.141868 -1115.77 1.72111e-010 3.10605 3.10605
9.36 0.141868 -1115.77 2.31921e-010 3.10605 3.10605
9.37 0.141868 -1115.77 3.30822e-010 3.10605 3.10605
9.38 0.141868 -1115.77 1.93367e-010 3.10606 3.10606
9.39 0.141868 -1115.77 6.26173e-010 3.10606 3.10606
9.4 0.141868 -1115.77 4.09546e-010 3.10606 3.10606
9.41 0.141868 -1115.77 -1.36318e-010 3.10606 3.10606
9.42 0.141868 -1115.77 2.08281e-010 3.10606 3.10606
9.43 0.141868 -1115.77 1.45945e-011 3.10606 3.10606
9.44 0.141868 -1115.77 9.43459e-011 3.10606 3.10606
9.45 0.141868 -1115.77 1.10916e-010 3.10606 3.10606
9.46 0.141868 -1115.77 1.26793e-010 3.10606 3.10606
9.47 0.141868 -1115.77 4.06324e-011 3.10606 3.10606
9.48 0.141868 -1115.77 7.90017e-011 3.10606 3.10606
9.49 0.141868 -1115.77 1.26299e-011 3.10606 3.10606
9.5 0.141868 -1115.77 5.1763e-011 3.10606 3.10606
9.51 0.141868 -1115.77 4.65263e-011 3.10606 3.10606
9.52 0.141868 -1115.77 2.64251e-011 3.10606 3.10606
9.53 0.141868 -1115.77 1.48042e-011 3.10606 3.10606
9.54 0.141868 -1115.77 2.68692e-011 3.10606 3.10606
9.55 0.141868 -1115.77 -1.25716e-010 3.10606 3.10606
9.56 0.141868 -1115.77 2.0578e-010 3.10606 3.10606
9.57 0.141868 -1115.77 -6.14619e-011 3.10606 3.10606
9.58 0.141868 -1115.77 6.72671e-011 3.10606 3.10606
9.59 0.141868 -1115.77 -4.24372e-011 3.10606 3.10606
9.6 0.141868 -1115.77 1.64981e-010 3.10606 3.10606
9.61 0.141868 -1115.77 -1.30445e-010 3.10606 3.10606
9.62 0.141868 -1115.77 1.29756e-010 3.10606 3.10606
9.63 0.141868 -1115.77 -5.38272e-011 3.10606 3.10606
9.64 0.141868 -1115.77 -2.57465e-011 3.10606 3.10606
9.65 0.141868 -1115.77 5.81544e-011 3.10606 3.10606
9.66 0.141868 -1115.77 4.38476e-011 3.10606 3.10606
9.67 0.141868 -1115.77 2.08402e-011 3.10606 3.10606
9.68 0.141868 -1115.77 2.02469e-011 3.10606 3.10606
9.69 0.141868 -1115.77 2.29932e-011 3.10606 3.10606
9.7 0.141868 -1115.77 3.19389e-012 3.10606 3.10606
9.71 0.141868 -1115.77 3.27844e-011 3.10606 3.10606
9.72 0.141868 -1115.77 -8.52651e-014 3.10606 3.10606
9.73 0.141868 -1115.77 1.60334e-011 3.10606 3.10606
9.74 0.141868 -1115.77 2.76756e-011 3.10606 3.10606
9.75 0.141868 -1115.77 1.91847e-011 3.10606 3.10606
9.76 0.141868 -1115.77 8.42881e-011 3.10606 3.10606
9.77 0.141868 -1115.77 2.74518e-011 3.10606 3.10606
9.78 0.141868 -1115.77 3.77085e-011 3.10606 3.10606
9.79 0.141868 -1115.77 4.47891e-011 3.10606 3.10606
9.8 0.141868 -1115.77 1.60334e-011 3.10606 3.10606
9.81 0.141868 -1115.77 1.33582e-011 3.10606 3.10606
9.82 0.141868 -1115.77 6.89049e-011 3.10606 3.10606
9.83 0.141868 -1115.77 4.33431e-011 3.10606 3.10606
9.84 0.141868 -1115.77 3.79927e-011 3.10606 3.10606
9.85 0.141868 -1115.77 4.80789e-011 3.10606 3.10606
9.86 0.141868 -1115.77 4.36273e-011 3.10606 3.10606
9.87 0.141868 -1115.77 5.23244e-011 3.10606 3.10606
9.88 0.141868 -1115.77 4.55813e-011 3.10606 3.10606
9.89 0.141868 -1115.77 4.62776e-011 3.10606 3.10606
9.9 0.141868 -1115.77 -6.8141e-012 3.10606 3.10606
9.91 0.141868 -1115.77 5.36637e-011 3.10606 3.10606
9.92 0.141868 -1115.77 -1.06155e-011 3.10605 3.10605
9.93 0.141868 -1115.77 -6.62297e-011 3.10605 3.10605
9.94 0.141868 -1115.77 -2.53593e-011 3.10605 3.10605
9.95 0.141868 -1115.77 2.07656e-011 3.10605 3.10605
9.96 0.141868 -1115.77 5.19549e-011 3.10605 3.10605
9.97 0.141868 -1115.77 3.71116e-011 3.10605 3.10605
9.98 0.141868 -1115.77 5.30314e-011 3.10605 3.10605
9.99 0.141868 -1115.77 -7.43796e-011 3.10605 3.10605
10 0.141868 -1115.77 -8.24834e-011 3.10605 3.10605
