0.1 -12.7249 5.14961 -12.3478 -13.6511 -13.6511
0.2 -25.4492 10.3037 -24.6797 -27.3263 -27.3263
0.3 -38.1729 15.4623 -36.9955 -41.026 -41.026
0.4 -50.8959 20.6254 -49.295 -54.7503 -54.7503
0.5 -63.6183 25.7932 -61.5783 -68.4994 -68.4994
0.6 -76.3387 31.2631 -73.7937 -82.5273 -82.5273
0.7 -89.0521 37.362 -85.9178 -96.9991 -96.9991
0.8 -101.758 43.463 -98.1033 -111.295 -111.295
0.9 -114.457 49.673 -110.315 -125.559 -125.559
1 -127.156 55.899 -122.535 -139.733 -139.733
0.01 -127.156 55.899 -122.535 -139.733 -139.733
0.02 -127.156 55.899 -122.535 -139.733 -139.733
0.03 -127.156 55.899 -122.535 -139.733 -139.733
0.04 -127.156 55.8991 -122.535 -139.733 -139.733
0.05 -127.156 55.8991 -122.535 -139.733 -139.733
0.06 -127.156 55.8991 -122.535 -139.733 -139.733
0.07 -127.156 55.8991 -122.535 -139.733 -139.733
0.08 -127.156 55.8991 -122.535 -139.733 -139.733
0.09 -127.156 55.8991 -122.535 -139.733 -139.733
0.1 -127.156 55.899 -122.535 -139.733 -139.733
0.11 -127.156 55.899 -122.535 -139.733 -139.733
0.12 -127.156 55.899 -122.535 -139.733 -139.733
0.13 -127.156 55.899 -122.535 -139.733 -139.733
0.14 -127.156 55.899 -122.535 -139.733 -139.733
0.15 -127.156 55.899 -122.535 -139.733 -139.733
0.16 -127.156 55.899 -122.535 -139.733 -139.733
0.17 -127.156 55.8991 -122.535 -139.733 -139.733
0.18 -127.156 55.8991 -122.535 -139.733 -139.733
0.19 -127.156 55.8991 -122.535 -139.733 -139.733
0.2 -127.156 55.8991 -122.535 -139.733 -139.733
0.21 -127.156 55.8991 -122.535 -139.733 -139.733
0.22 -127.156 55.8991 -122.535 -139.733 -139.733
0.23 -127.156 55.8991 -122.535 -139.733 -139.733
0.24 -127.156 55.899 -122.535 -139.733 -139.733
0.25 -127.156 55.899 -122.535 -139.733 -139.733
0.26 -127.156 55.899 -122.535 -139.733 -139.733
0.27 -127.156 55.8991 -122.535 -139.733 -139.733
0.28 -127.156 55.8991 -122.535 -139.733 -139.733
0.29 -127.156 55.8991 -122.535 -139.733 -139.733
0.3 -127.156 55.8991 -122.535 -139.733 -139.733
0.31 -127.156 55.8991 -122.535 -139.733 -139.733
0.32 -127.156 55.8991 -122.535 -139.733 -139.733
0.33 -127.156 55.8991 -122.535 -139.733 -139.733
0.34 -127.156 55.8991 -122.535 -139.733 -139.733
0.35 -127.156 55.899 -122.535 -139.733 -139.733
0.36 -127.156 55.899 -122.535 -139.733 -139.733
0.37 -127.156 55.899 -122.535 -139.733 -139.733
0.38 -127.156 55.899 -122.535 -139.733 -139.733
0.39 -127.156 55.899 -122.535 -139.733 -139.733
0.4 -127.156 55.899 -122.535 -139.733 -139.733
0.41 -127.156 55.899 -122.535 -139.733 -139.733
0.42 -127.156 55.8991 -122.535 -139.733 -139.733
0.43 -127.156 55.8991 -122.535 -139.733 -139.733
0.44 -127.156 55.8991 -122.535 -139.733 -139.733
0.45 -127.156 55.8991 -122.535 -139.733 -139.733
0.46 -127.156 55.8991 -122.535 -139.733 -139.733
0.47 -127.156 55.8991 -122.535 -139.733 -139.733
0.48 -127.156 55.8991 -122.535 -139.733 -139.733
0.49 -127.156 55.8991 -122.535 -139.733 -139.733
0.5 -127.156 55.8991 -122.535 -139.733 -139.733
0.51 -127.156 55.8991 -122.535 -139.733 -139.733
0.52 -127.156 55.8991 -122.535 -139.733 -139.733
0.53 -127.156 55.8991 -122.535 -139.733 -139.733
0.54 -127.156 55.8991 -122.535 -139.733 -139.733
0.55 -127.156 55.8991 -122.535 -139.733 -139.733
0.56 -127.156 55.8991 -122.535 -139.733 -139.733
0.57 -127.156 55.8991 -122.535 -139.733 -139.733
0.58 -127.156 55.8991 -122.535 -139.733 -139.733
0.59 -127.156 55.8991 -122.535 -139.733 -139.733
0.6 -127.156 55.899 -122.535 -139.733 -139.733
0.61 -127.156 55.899 -122.535 -139.733 -139.733
0.62 -127.156 55.899 -122.535 -139.733 -139.733
0.63 -127.156 55.899 -122.535 -139.733 -139.733
0.64 -127.156 55.899 -122.535 -139.733 -139.733
0.65 -127.156 55.899 -122.535 -139.733 -139.733
0.66 -127.156 55.899 -122.535 -139.733 -139.733
0.67 -127.156 55.8991 -122.535 -139.733 -139.733
0.68 -127.156 55.8991 -122.535 -139.733 -139.733
0.69 -127.156 55.8991 -122.535 -139.733 -139.733
0.7 -127.156 55.8991 -122.535 -139.733 -139.733
0.71 -127.156 55.8991 -122.535 -139.733 -139.733
0.72 -127.156 55.8991 -122.535 -139.733 -139.733
0.73 -127.156 55.8991 -122.535 -139.733 -139.733
0.74 -127.156 55.8991 -122.535 -139.733 -139.733
0.75 -127.156 55.8991 -122.535 -139.733 -139.733
0.76 -127.156 55.8991 -122.535 -139.733 -139.733
0.77 -127.156 55.8991 -122.535 -139.733 -139.733
0.78 -127.156 55.8991 -122.535 -139.733 -139.733
0.79 -127.156 55.8991 -122.535 -139.733 -139.733
0.8 -127.156 55.8991 -122.535 -139.733 -139.733
0.81 -127.156 55.8991 -122.535 -139.733 -139.733
0.82 -127.156 55.8991 -122.535 -139.733 -139.733
0.83 -127.156 55.8991 -122.535 -139.733 -139.733
0.84 -127.156 55.8991 -122.535 -139.733 -139.733
0.85 -127.156 55.8991 -122.535 -139.733 -139.733
0.86 -127.156 55.899 -122.535 -139.733 -139.733
0.87 -127.156 55.899 -122.535 -139.733 -139.733
0.88 -127.156 55.899 -122.535 -139.733 -139.733
0.89 -127.156 55.899 -122.535 -139.733 -139.733
0.9 -127.156 55.899 -122.535 -139.733 -139.733
0.91 -127.156 55.8991 -122.535 -139.733 -139.733
0.92 -127.156 55.8991 -122.535 -139.733 -139.733
0.93 -127.156 55.8991 -122.535 -139.733 -139.733
0.94 -127.156 55.8991 -122.535 -139.733 -139.733
0.95 -127.156 55.8991 -122.535 -139.733 -139.733
0.96 -127.156 55.8991 -122.535 -139.733 -139.733
0.97 -127.156 55.8991 -122.535 -139.733 -139.733
0.98 -127.156 55.8991 -122.535 -139.733 -139.733
0.99 -127.156 55.8991 -122.535 -139.733 -139.733
1 -127.156 55.8991 -122.535 -139.733 -139.733
1.01 -127.156 55.8991 -122.535 -139.733 -139.733
1.02 -127.156 55.8991 -122.535 -139.733 -139.733
1.03 -127.156 55.8991 -122.535 -139.733 -139.733
1.04 -127.156 55.8991 -122.535 -139.733 -139.733
1.05 -127.156 55.8991 -122.535 -139.733 -139.733
1.06 -127.156 55.8991 -122.535 -139.733 -139.733
1.07 -127.156 55.8991 -122.535 -139.733 -139.733
1.08 -127.156 55.8991 -122.535 -139.733 -139.733
1.09 -127.156 55.8991 -122.535 -139.733 -139.733
1.1 -127.156 55.8991 -122.535 -139.733 -139.733
1.11 -127.156 55.899 -122.535 -139.733 -139.733
1.12 -127.156 55.899 -122.535 -139.733 -139.733
1.13 -127.156 55.899 -122.535 -139.733 -139.733
1.14 -127.156 55.899 -122.535 -139.733 -139.733
1.15 -127.156 55.899 -122.535 -139.733 -139.733
1.16 -127.156 55.8991 -122.535 -139.733 -139.733
1.17 -127.156 55.8991 -122.535 -139.733 -139.733
1.18 -127.156 55.8991 -122.535 -139.733 -139.733
1.19 -127.156 55.8991 -122.535 -139.733 -139.733
1.2 -127.156 55.8991 -122.535 -139.733 -139.733
1.21 -127.156 55.8991 -122.535 -139.733 -139.733
1.22 -127.156 55.8991 -122.535 -139.733 -139.733
1.23 -127.156 55.8991 -122.535 -139.733 -139.733
1.24 -127.156 55.8991 -122.535 -139.733 -139.733
1.25 -127.156 55.8991 -122.535 -139.733 -139.733
1.26 -127.156 55.8991 -122.535 -139.733 -139.733
1.27 -127.156 55.8991 -122.535 -139.733 -139.733
1.28 -127.156 55.8991 -122.535 -139.733 -139.733
1.29 -127.156 55.8991 -122.535 -139.733 -139.733
1.3 -127.156 55.8991 -122.535 -139.733 -139.733
1.31 -127.156 55.8991 -122.535 -139.733 -139.733
1.32 -127.156 55.8991 -122.535 -139.733 -139.733
1.33 -127.156 55.8991 -122.535 -139.733 -139.733
1.34 -127.156 55.8991 -122.535 -139.733 -139.733
1.35 -127.156 55.8991 -122.535 -139.733 -139.733
1.36 -127.156 55.899 -122.535 -139.733 -139.733
1.37 -127.156 55.899 -122.535 -139.733 -139.733
1.38 -127.156 55.899 -122.535 -139.733 -139.733
1.39 -127.156 55.899 -122.535 -139.733 -139.733
1.4 -127.156 55.899 -122.535 -139.733 -139.733
1.41 -127.156 55.8991 -122.535 -139.733 -139.733
1.42 -127.156 55.8991 -122.535 -139.733 -139.733
1.43 -127.156 55.8991 -122.535 -139.733 -139.733
1.44 -127.156 55.8991 -122.535 -139.733 -139.733
1.45 -127.156 55.8991 -122.535 -139.733 -139.733
1.46 -127.156 55.8991 -122.535 -139.733 -139.733
1.47 -127.156 55.8991 -122.535 -139.733 -139.733
1.48 -127.156 55.8991 -122.535 -139.733 -139.733
1.49 -127.156 55.8991 -122.535 -139.733 -139.733
1.5 -127.156 55.8991 -122.535 -139.733 -139.733
1.51 -127.156 55.8991 -122.535 -139.733 -139.733
1.52 -127.156 55.8991 -122.535 -139.733 -139.733
1.53 -127.156 55.8991 -122.535 -139.733 -139.733
1.54 -127.156 55.8991 -122.535 -139.733 -139.733
1.55 -127.156 55.8991 -122.535 -139.733 -139.733
1.56 -127.156 55.8991 -122.535 -139.733 -139.733
1.57 -127.156 55.8991 -122.535 -139.733 -139.733
1.58 -127.156 55.8991 -122.535 -139.733 -139.733
1.59 -127.156 55.8991 -122.535 -139.733 -139.733
1.6 -127.156 55.8991 -122.535 -139.733 -139.733
1.61 -127.156 55.8991 -122.535 -139.733 -139.733
1.62 -127.156 55.8991 -122.535 -139.733 -139.733
1.63 -127.156 55.8991 -122.535 -139.733 -139.733
1.64 -127.156 55.8991 -122.535 -139.733 -139.733
1.65 -127.156 55.8991 -122.535 -139.733 -139.733
1.66 -127.156 55.8991 -122.535 -139.733 -139.733
1.67 -127.156 55.8991 -122.535 -139.733 -139.733
1.68 -127.156 55.8991 -122.535 -139.733 -139.733
1.69 -127.156 55.8991 -122.535 -139.733 -139.733
1.7 -127.156 55.8991 -122.535 -139.733 -139.733
1.71 -127.156 55.8991 -122.535 -139.733 -139.733
1.72 -127.156 55.8991 -122.535 -139.733 -139.733
1.73 -127.156 55.8991 -122.535 -139.733 -139.733
1.74 -127.156 55.8991 -122.535 -139.733 -139.733
1.75 -127.156 55.8991 -122.535 -139.733 -139.733
1.76 -127.156 55.8991 -122.535 -139.733 -139.733
1.77 -127.156 55.8991 -122.535 -139.733 -139.733
1.78 -127.156 55.8991 -122.535 -139.733 -139.733
1.79 -127.156 55.8991 -122.535 -139.733 -139.733
1.8 -127.156 55.8991 -122.535 -139.733 -139.733
1.81 -127.156 55.8991 -122.535 -139.733 -139.733
1.82 -127.156 55.8991 -122.535 -139.733 -139.733
1.83 -127.156 55.8991 -122.535 -139.733 -139.733
1.84 -127.156 55.8991 -122.535 -139.733 -139.733
1.85 -127.156 55.8991 -122.535 -139.733 -139.733
1.86 -127.156 55.8991 -122.535 -139.733 -139.733
1.87 -127.156 55.8991 -122.535 -139.733 -139.733
1.88 -127.156 55.8991 -122.535 -139.733 -139.733
1.89 -127.156 55.8991 -122.535 -139.733 -139.733
1.9 -127.156 55.8991 -122.535 -139.733 -139.733
1.91 -127.156 55.8991 -122.535 -139.733 -139.733
1.92 -127.156 55.8991 -122.535 -139.733 -139.733
1.93 -127.156 55.8991 -122.535 -139.733 -139.733
1.94 -127.156 55.8991 -122.535 -139.733 -139.733
1.95 -127.156 55.8991 -122.535 -139.733 -139.733
1.96 -127.156 55.8991 -122.535 -139.733 -139.733
1.97 -127.156 55.8991 -122.535 -139.733 -139.733
1.98 -127.156 55.8991 -122.535 -139.733 -139.733
1.99 -127.156 55.8991 -122.535 -139.733 -139.733
2 -127.156 55.8991 -122.535 -139.733 -139.733
2.01 -127.156 55.8991 -122.535 -139.733 -139.733
2.02 -127.156 55.8991 -122.535 -139.733 -139.733
2.03 -127.156 55.8991 -122.535 -139.733 -139.733
2.04 -127.156 55.8991 -122.535 -139.733 -139.733
2.05 -127.156 55.8991 -122.535 -139.733 -139.733
2.06 -127.156 55.8991 -122.535 -139.733 -139.733
2.07 -127.156 55.8991 -122.535 -139.733 -139.733
2.08 -127.156 55.8991 -122.535 -139.733 -139.733
2.09 -127.156 55.8991 -122.535 -139.733 -139.733
2.1 -127.156 55.8991 -122.535 -139.733 -139.733
2.11 -127.156 55.8991 -122.535 -139.733 -139.733
2.12 -127.156 55.8991 -122.535 -139.733 -139.733
2.13 -127.156 55.8991 -122.535 -139.733 -139.733
2.14 -127.156 55.8991 -122.535 -139.733 -139.733
2.15 -127.156 55.8991 -122.535 -139.733 -139.733
2.16 -127.156 55.8991 -122.535 -139.733 -139.733
2.17 -127.156 55.8991 -122.535 -139.733 -139.733
2.18 -127.156 55.8991 -122.535 -139.733 -139.733
2.19 -127.156 55.8991 -122.535 -139.733 -139.733
2.2 -127.156 55.8991 -122.535 -139.733 -139.733
2.21 -127.156 55.8991 -122.535 -139.733 -139.733
2.22 -127.156 55.8991 -122.535 -139.733 -139.733
2.23 -127.156 55.8991 -122.535 -139.733 -139.733
2.24 -127.156 55.8991 -122.535 -139.733 -139.733
2.25 -127.156 55.8991 -122.535 -139.733 -139.733
2.26 -127.156 55.8991 -122.535 -139.733 -139.733
2.27 -127.156 55.8991 -122.535 -139.733 -139.733
2.28 -127.156 55.8991 -122.535 -139.733 -139.733
2.29 -127.156 55.8991 -122.535 -139.733 -139.733
2.3 -127.156 55.8991 -122.535 -139.733 -139.733
2.31 -127.156 55.8991 -122.535 -139.733 -139.733
2.32 -127.156 55.8991 -122.535 -139.733 -139.733
2.33 -127.156 55.8991 -122.535 -139.733 -139.733
2.34 -127.156 55.8991 -122.535 -139.733 -139.733
2.35 -127.156 55.8991 -122.535 -139.733 -139.733
2.36 -127.156 55.8991 -122.535 -139.733 -139.733
2.37 -127.156 55.8991 -122.535 -139.733 -139.733
2.38 -127.156 55.8991 -122.535 -139.733 -139.733
2.39 -127.156 55.8991 -122.535 -139.733 -139.733
2.4 -127.156 55.8991 -122.535 -139.733 -139.733
2.41 -127.156 55.8991 -122.535 -139.733 -139.733
2.42 -127.156 55.8991 -122.535 -139.733 -139.733
2.43 -127.156 55.8991 -122.535 -139.733 -139.733
2.44 -127.156 55.8991 -122.535 -139.733 -139.733
2.45 -127.156 55.8991 -122.535 -139.733 -139.733
2.46 -127.156 55.8991 -122.535 -139.733 -139.733
2.47 -127.156 55.8991 -122.535 -139.733 -139.733
2.48 -127.156 55.8991 -122.535 -139.733 -139.733
2.49 -127.156 55.8991 -122.535 -139.733 -139.733
2.5 -127.156 55.8991 -122.535 -139.733 -139.733
2.51 -127.156 55.8991 -122.535 -139.733 -139.733
2.52 -127.156 55.8991 -122.535 -139.733 -139.733
2.53 -127.156 55.8991 -122.535 -139.733 -139.733
2.54 -127.156 55.8991 -122.535 -139.733 -139.733
2.55 -127.156 55.8991 -122.535 -139.733 -139.733
2.56 -127.156 55.8991 -122.535 -139.733 -139.733
2.57 -127.156 55.8991 -122.535 -139.733 -139.733
2.58 -127.156 55.8991 -122.535 -139.733 -139.733
2.59 -127.156 55.8991 -122.535 -139.733 -139.733
2.6 -127.156 55.8991 -122.535 -139.733 -139.733
2.61 -127.156 55.8991 -122.535 -139.733 -139.733
2.62 -127.156 55.8991 -122.535 -139.733 -139.733
2.63 -127.156 55.8991 -122.535 -139.733 -139.733
2.64 -127.156 55.8991 -122.535 -139.733 -139.733
2.65 -127.156 55.8991 -122.535 -139.733 -139.733
2.66 -127.156 55.8991 -122.535 -139.733 -139.733
2.67 -127.156 55.8991 -122.535 -139.733 -139.733
2.68 -127.156 55.8991 -122.535 -139.733 -139.733
2.69 -127.156 55.8991 -122.535 -139.733 -139.733
2.7 -127.156 55.8991 -122.535 -139.733 -139.733
2.71 -127.156 55.8991 -122.535 -139.733 -139.733
2.72 -127.156 55.8991 -122.535 -139.733 -139.733
2.73 -127.156 55.8991 -122.535 -139.733 -139.733
2.74 -127.156 55.8991 -122.535 -139.733 -139.733
2.75 -127.156 55.8991 -122.535 -139.733 -139.733
2.76 -127.156 55.8991 -122.535 -139.733 -139.733
2.77 -127.156 55.8991 -122.535 -139.733 -139.733
2.78 -127.156 55.8991 -122.535 -139.733 -139.733
2.79 -127.156 55.8991 -122.535 -139.733 -139.733
2.8 -127.156 55.8991 -122.535 -139.733 -139.733
2.81 -127.156 55.8991 -122.535 -139.733 -139.733
2.82 -127.156 55.8991 -122.535 -139.733 -139.733
2.83 -127.156 55.8991 -122.535 -139.733 -139.733
2.84 -127.156 55.8991 -122.535 -139.733 -139.733
2.85 -127.156 55.8991 -122.535 -139.733 -139.733
2.86 -127.156 55.8991 -122.535 -139.733 -139.733
2.87 -127.156 55.8991 -122.535 -139.733 -139.733
2.88 -127.156 55.8991 -122.535 -139.733 -139.733
2.89 -127.156 55.8991 -122.535 -139.733 -139.733
2.9 -127.156 55.8991 -122.535 -139.733 -139.733
2.91 -127.156 55.8991 -122.535 -139.733 -139.733
2.92 -127.156 55.8991 -122.535 -139.733 -139.733
2.93 -127.156 55.8991 -122.535 -139.733 -139.733
2.94 -127.156 55.8991 -122.535 -139.733 -139.733
2.95 -127.156 55.8991 -122.535 -139.733 -139.733
2.96 -127.156 55.8991 -122.535 -139.733 -139.733
2.97 -127.156 55.8991 -122.535 -139.733 -139.733
2.98 -127.156 55.8991 -122.535 -139.733 -139.733
2.99 -127.156 55.8991 -122.535 -139.733 -139.733
3 -127.156 55.8991 -122.535 -139.733 -139.733
3.01 -127.156 55.8991 -122.535 -139.733 -139.733
3.02 -127.156 55.8991 -122.535 -139.733 -139.733
3.03 -127.156 55.8991 -122.535 -139.733 -139.733
3.04 -127.156 55.8991 -122.535 -139.733 -139.733
3.05 -127.156 55.8991 -122.535 -139.733 -139.733
3.06 -127.156 55.8991 -122.535 -139.733 -139.733
3.07 -127.156 55.8991 -122.535 -139.733 -139.733
3.08 -127.156 55.8991 -122.535 -139.733 -139.733
3.09 -127.156 55.8991 -122.535 -139.733 -139.733
3.1 -127.156 55.8991 -122.535 -139.733 -139.733
3.11 -127.156 55.8991 -122.535 -139.733 -139.733
3.12 -127.156 55.8991 -122.535 -139.733 -139.733
3.13 -127.156 55.8991 -122.535 -139.733 -139.733
3.14 -127.156 55.8991 -122.535 -139.733 -139.733
3.15 -127.156 55.8991 -122.535 -139.733 -139.733
3.16 -127.156 55.8991 -122.535 -139.733 -139.733
3.17 -127.156 55.8991 -122.535 -139.733 -139.733
3.18 -127.156 55.8991 -122.535 -139.733 -139.733
3.19 -127.156 55.8991 -122.535 -139.733 -139.733
3.2 -127.156 55.8991 -122.535 -139.733 -139.733
3.21 -127.156 55.8991 -122.535 -139.733 -139.733
3.22 -127.156 55.8991 -122.535 -139.733 -139.733
3.23 -127.156 55.8991 -122.535 -139.733 -139.733
3.24 -127.156 55.8991 -122.535 -139.733 -139.733
3.25 -127.156 55.8991 -122.535 -139.733 -139.733
3.26 -127.156 55.8991 -122.535 -139.733 -139.733
3.27 -127.156 55.8991 -122.535 -139.733 -139.733
3.28 -127.156 55.8991 -122.535 -139.733 -139.733
3.29 -127.156 55.8991 -122.535 -139.733 -139.733
3.3 -127.156 55.8991 -122.535 -139.733 -139.733
3.31 -127.156 55.8991 -122.535 -139.733 -139.733
3.32 -127.156 55.8991 -122.535 -139.733 -139.733
3.33 -127.156 55.8991 -122.535 -139.733 -139.733
3.34 -127.156 55.8991 -122.535 -139.733 -139.733
3.35 -127.156 55.8991 -122.535 -139.733 -139.733
3.36 -127.156 55.8991 -122.535 -139.733 -139.733
3.37 -127.156 55.8991 -122.535 -139.733 -139.733
3.38 -127.156 55.8991 -122.535 -139.733 -139.733
3.39 -127.156 55.8991 -122.535 -139.733 -139.733
3.4 -127.156 55.8991 -122.535 -139.733 -139.733
3.41 -127.156 55.8991 -122.535 -139.733 -139.733
3.42 -127.156 55.8991 -122.535 -139.733 -139.733
3.43 -127.156 55.8991 -122.535 -139.733 -139.733
3.44 -127.156 55.8991 -122.535 -139.733 -139.733
3.45 -127.156 55.8991 -122.535 -139.733 -139.733
3.46 -127.156 55.8991 -122.535 -139.733 -139.733
3.47 -127.156 55.8991 -122.535 -139.733 -139.733
3.48 -127.156 55.8991 -122.535 -139.733 -139.733
3.49 -127.156 55.8991 -122.535 -139.733 -139.733
3.5 -127.156 55.8991 -122.535 -139.733 -139.733
3.51 -127.156 55.8991 -122.535 -139.733 -139.733
3.52 -127.156 55.8991 -122.535 -139.733 -139.733
3.53 -127.156 55.8991 -122.535 -139.733 -139.733
3.54 -127.156 55.8991 -122.535 -139.733 -139.733
3.55 -127.156 55.8991 -122.535 -139.733 -139.733
3.56 -127.156 55.8991 -122.535 -139.733 -139.733
3.57 -127.156 55.8991 -122.535 -139.733 -139.733
3.58 -127.156 55.8991 -122.535 -139.733 -139.733
3.59 -127.156 55.8991 -122.535 -139.733 -139.733
3.6 -127.156 55.8991 -122.535 -139.733 -139.733
3.61 -127.156 55.8991 -122.535 -139.733 -139.733
3.62 -127.156 55.8991 -122.535 -139.733 -139.733
3.63 -127.156 55.8991 -122.535 -139.733 -139.733
3.64 -127.156 55.8991 -122.535 -139.733 -139.733
3.65 -127.156 55.8991 -122.535 -139.733 -139.733
3.66 -127.156 55.8991 -122.535 -139.733 -139.733
3.67 -127.156 55.8991 -122.535 -139.733 -139.733
3.68 -127.156 55.8991 -122.535 -139.733 -139.733
3.69 -127.156 55.8991 -122.535 -139.733 -139.733
3.7 -127.156 55.8991 -122.535 -139.733 -139.733
3.71 -127.156 55.8991 -122.535 -139.733 -139.733
3.72 -127.156 55.8991 -122.535 -139.733 -139.733
3.73 -127.156 55.8991 -122.535 -139.733 -139.733
3.74 -127.156 55.8991 -122.535 -139.733 -139.733
3.75 -127.156 55.8991 -122.535 -139.733 -139.733
3.76 -127.156 55.8991 -122.535 -139.733 -139.733
3.77 -127.156 55.8991 -122.535 -139.733 -139.733
3.78 -127.156 55.8991 -122.535 -139.733 -139.733
3.79 -127.156 55.8991 -122.535 -139.733 -139.733
3.8 -127.156 55.8991 -122.535 -139.733 -139.733
3.81 -127.156 55.8991 -122.535 -139.733 -139.733
3.82 -127.156 55.8991 -122.535 -139.733 -139.733
3.83 -127.156 55.8991 -122.535 -139.733 -139.733
3.84 -127.156 55.8991 -122.535 -139.733 -139.733
3.85 -127.156 55.8991 -122.535 -139.733 -139.733
3.86 -127.156 55.8991 -122.535 -139.733 -139.733
3.87 -127.156 55.8991 -122.535 -139.733 -139.733
3.88 -127.156 55.8991 -122.535 -139.733 -139.733
3.89 -127.156 55.8991 -122.535 -139.733 -139.733
3.9 -127.156 55.8991 -122.535 -139.733 -139.733
3.91 -127.156 55.8991 -122.535 -139.733 -139.733
3.92 -127.156 55.8991 -122.535 -139.733 -139.733
3.93 -127.156 55.8991 -122.535 -139.733 -139.733
3.94 -127.156 55.8991 -122.535 -139.733 -139.733
3.95 -127.156 55.8991 -122.535 -139.733 -139.733
3.96 -127.156 55.8991 -122.535 -139.733 -139.733
3.97 -127.156 55.8991 -122.535 -139.733 -139.733
3.98 -127.156 55.8991 -122.535 -139.733 -139.733
3.99 -127.156 55.8991 -122.535 -139.733 -139.733
4 -127.156 55.8991 -122.535 -139.733 -139.733
4.01 -127.156 55.8991 -122.535 -139.733 -139.733
4.02 -127.156 55.8991 -122.535 -139.733 -139.733
4.03 -127.156 55.8991 -122.535 -139.733 -139.733
4.04 -127.156 55.8991 -122.535 -139.733 -139.733
4.05 -127.156 55.8991 -122.535 -139.733 -139.733
4.06 -127.156 55.8991 -122.535 -139.733 -139.733
4.07 -127.156 55.8991 -122.535 -139.733 -139.733
4.08 -127.156 55.8991 -122.535 -139.733 -139.733
4.09 -127.156 55.8991 -122.535 -139.733 -139.733
4.1 -127.156 55.8991 -122.535 -139.733 -139.733
4.11 -127.156 55.8991 -122.535 -139.733 -139.733
4.12 -127.156 55.8991 -122.535 -139.733 -139.733
4.13 -127.156 55.8991 -122.535 -139.733 -139.733
4.14 -127.156 55.8991 -122.535 -139.733 -139.733
4.15 -127.156 55.8991 -122.535 -139.733 -139.733
4.16 -127.156 55.8991 -122.535 -139.733 -139.733
4.17 -127.156 55.8991 -122.535 -139.733 -139.733
4.18 -127.156 55.8991 -122.535 -139.733 -139.733
4.19 -127.156 55.8991 -122.535 -139.733 -139.733
4.2 -127.156 55.8991 -122.535 -139.733 -139.733
4.21 -127.156 55.8991 -122.535 -139.733 -139.733
4.22 -127.156 55.8991 -122.535 -139.733 -139.733
4.23 -127.156 55.8991 -122.535 -139.733 -139.733
4.24 -127.156 55.8991 -122.535 -139.733 -139.733
4.25 -127.156 55.8991 -122.535 -139.733 -139.733
4.26 -127.156 55.8991 -122.535 -139.733 -139.733
4.27 -127.156 55.8991 -122.535 -139.733 -139.733
4.28 -127.156 55.8991 -122.535 -139.733 -139.733
4.29 -127.156 55.8991 -122.535 -139.733 -139.733
4.3 -127.156 55.8991 -122.535 -139.733 -139.733
4.31 -127.156 55.8991 -122.535 -139.733 -139.733
4.32 -127.156 55.8991 -122.535 -139.733 -139.733
4.33 -127.156 55.8991 -122.535 -139.733 -139.733
4.34 -127.156 55.8991 -122.535 -139.733 -139.733
4.35 -127.156 55.8991 -122.535 -139.733 -139.733
4.36 -127.156 55.8991 -122.535 -139.733 -139.733
4.37 -127.156 55.8991 -122.535 -139.733 -139.733
4.38 -127.156 55.8991 -122.535 -139.733 -139.733
4.39 -127.156 55.8991 -122.535 -139.733 -139.733
4.4 -127.156 55.8991 -122.535 -139.733 -139.733
4.41 -127.156 55.8991 -122.535 -139.733 -139.733
4.42 -127.156 55.8991 -122.535 -139.733 -139.733
4.43 -127.156 55.8991 -122.535 -139.733 -139.733
4.44 -127.156 55.8991 -122.535 -139.733 -139.733
4.45 -127.156 55.8991 -122.535 -139.733 -139.733
4.46 -127.156 55.8991 -122.535 -139.733 -139.733
4.47 -127.156 55.8991 -122.535 -139.733 -139.733
4.48 -127.156 55.8991 -122.535 -139.733 -139.733
4.49 -127.156 55.8991 -122.535 -139.733 -139.733
4.5 -127.156 55.8991 -122.535 -139.733 -139.733
4.51 -127.156 55.8991 -122.535 -139.733 -139.733
4.52 -127.156 55.8991 -122.535 -139.733 -139.733
4.53 -127.156 55.8991 -122.535 -139.733 -139.733
4.54 -127.156 55.8991 -122.535 -139.733 -139.733
4.55 -127.156 55.8991 -122.535 -139.733 -139.733
4.56 -127.156 55.8991 -122.535 -139.733 -139.733
4.57 -127.156 55.8991 -122.535 -139.733 -139.733
4.58 -127.156 55.8991 -122.535 -139.733 -139.733
4.59 -127.156 55.8991 -122.535 -139.733 -139.733
4.6 -127.156 55.8991 -122.535 -139.733 -139.733
4.61 -127.156 55.8991 -122.535 -139.733 -139.733
4.62 -127.156 55.8991 -122.535 -139.733 -139.733
4.63 -127.156 55.8991 -122.535 -139.733 -139.733
4.64 -127.156 55.8991 -122.535 -139.733 -139.733
4.65 -127.156 55.8991 -122.535 -139.733 -139.733
4.66 -127.156 55.8991 -122.535 -139.733 -139.733
4.67 -127.156 55.8991 -122.535 -139.733 -139.733
4.68 -127.156 55.8991 -122.535 -139.733 -139.733
4.69 -127.156 55.8991 -122.535 -139.733 -139.733
4.7 -127.156 55.8991 -122.535 -139.733 -139.733
4.71 -127.156 55.8991 -122.535 -139.733 -139.733
4.72 -127.156 55.8991 -122.535 -139.733 -139.733
4.73 -127.156 55.8991 -122.535 -139.733 -139.733
4.74 -127.156 55.8991 -122.535 -139.733 -139.733
4.75 -127.156 55.8991 -122.535 -139.733 -139.733
4.76 -127.156 55.8991 -122.535 -139.733 -139.733
4.77 -127.156 55.8991 -122.535 -139.733 -139.733
4.78 -127.156 55.8991 -122.535 -139.733 -139.733
4.79 -127.156 55.8991 -122.535 -139.733 -139.733
4.8 -127.156 55.8991 -122.535 -139.733 -139.733
4.81 -127.156 55.8991 -122.535 -139.733 -139.733
4.82 -127.156 55.8991 -122.535 -139.733 -139.733
4.83 -127.156 55.8991 -122.535 -139.733 -139.733
4.84 -127.156 55.8991 -122.535 -139.733 -139.733
4.85 -127.156 55.8991 -122.535 -139.733 -139.733
4.86 -127.156 55.8991 -122.535 -139.733 -139.733
4.87 -127.156 55.8991 -122.535 -139.733 -139.733
4.88 -127.156 55.8991 -122.535 -139.733 -139.733
4.89 -127.156 55.8991 -122.535 -139.733 -139.733
4.9 -127.156 55.8991 -122.535 -139.733 -139.733
4.91 -127.156 55.8991 -122.535 -139.733 -139.733
4.92 -127.156 55.8991 -122.535 -139.733 -139.733
4.93 -127.156 55.8991 -122.535 -139.733 -139.733
4.94 -127.156 55.8991 -122.535 -139.733 -139.733
4.95 -127.156 55.8991 -122.535 -139.733 -139.733
4.96 -127.156 55.8991 -122.535 -139.733 -139.733
4.97 -127.156 55.8991 -122.535 -139.733 -139.733
4.98 -127.156 55.8991 -122.535 -139.733 -139.733
4.99 -127.156 55.8991 -122.535 -139.733 -139.733
5 -127.156 55.8991 -122.535 -139.733 -139.733
5.01 -127.156 55.8991 -122.535 -139.733 -139.733
5.02 -127.156 55.8991 -122.535 -139.733 -139.733
5.03 -127.156 55.8991 -122.535 -139.733 -139.733
5.04 -127.156 55.8991 -122.535 -139.733 -139.733
5.05 -127.156 55.8991 -122.535 -139.733 -139.733
5.06 -127.156 55.8991 -122.535 -139.733 -139.733
5.07 -127.156 55.8991 -122.535 -139.733 -139.733
5.08 -127.156 55.8991 -122.535 -139.733 -139.733
5.09 -127.156 55.8991 -122.535 -139.733 -139.733
5.1 -127.156 55.8991 -122.535 -139.733 -139.733
5.11 -127.156 55.8991 -122.535 -139.733 -139.733
5.12 -127.156 55.8991 -122.535 -139.733 -139.733
5.13 -127.156 55.8991 -122.535 -139.733 -139.733
5.14 -127.156 55.8991 -122.535 -139.733 -139.733
5.15 -127.156 55.8991 -122.535 -139.733 -139.733
5.16 -127.156 55.8991 -122.535 -139.733 -139.733
5.17 -127.156 55.8991 -122.535 -139.733 -139.733
5.18 -127.156 55.8991 -122.535 -139.733 -139.733
5.19 -127.156 55.8991 -122.535 -139.733 -139.733
5.2 -127.156 55.8991 -122.535 -139.733 -139.733
5.21 -127.156 55.8991 -122.535 -139.733 -139.733
5.22 -127.156 55.8991 -122.535 -139.733 -139.733
5.23 -127.156 55.8991 -122.535 -139.733 -139.733
5.24 -127.156 55.8991 -122.535 -139.733 -139.733
5.25 -127.156 55.8991 -122.535 -139.733 -139.733
5.26 -127.156 55.8991 -122.535 -139.733 -139.733
5.27 -127.156 55.8991 -122.535 -139.733 -139.733
5.28 -127.156 55.8991 -122.535 -139.733 -139.733
5.29 -127.156 55.8991 -122.535 -139.733 -139.733
5.3 -127.156 55.8991 -122.535 -139.733 -139.733
5.31 -127.156 55.8991 -122.535 -139.733 -139.733
5.32 -127.156 55.8991 -122.535 -139.733 -139.733
5.33 -127.156 55.8991 -122.535 -139.733 -139.733
5.34 -127.156 55.8991 -122.535 -139.733 -139.733
5.35 -127.156 55.8991 -122.535 -139.733 -139.733
5.36 -127.156 55.8991 -122.535 -139.733 -139.733
5.37 -127.156 55.8991 -122.535 -139.733 -139.733
5.38 -127.156 55.8991 -122.535 -139.733 -139.733
5.39 -127.156 55.8991 -122.535 -139.733 -139.733
5.4 -127.156 55.8991 -122.535 -139.733 -139.733
5.41 -127.156 55.8991 -122.535 -139.733 -139.733
5.42 -127.156 55.8991 -122.535 -139.733 -139.733
5.43 -127.156 55.8991 -122.535 -139.733 -139.733
5.44 -127.156 55.8991 -122.535 -139.733 -139.733
5.45 -127.156 55.8991 -122.535 -139.733 -139.733
5.46 -127.156 55.8991 -122.535 -139.733 -139.733
5.47 -127.156 55.8991 -122.535 -139.733 -139.733
5.48 -127.156 55.8991 -122.535 -139.733 -139.733
5.49 -127.156 55.8991 -122.535 -139.733 -139.733
5.5 -127.156 55.8991 -122.535 -139.733 -139.733
5.51 -127.156 55.8991 -122.535 -139.733 -139.733
5.52 -127.156 55.8991 -122.535 -139.733 -139.733
5.53 -127.156 55.8991 -122.535 -139.733 -139.733
5.54 -127.156 55.8991 -122.535 -139.733 -139.733
5.55 -127.156 55.8991 -122.535 -139.733 -139.733
5.56 -127.156 55.8991 -122.535 -139.733 -139.733
5.57 -127.156 55.8991 -122.535 -139.733 -139.733
5.58 -127.156 55.8991 -122.535 -139.733 -139.733
5.59 -127.156 55.8991 -122.535 -139.733 -139.733
5.6 -127.156 55.8991 -122.535 -139.733 -139.733
5.61 -127.156 55.8991 -122.535 -139.733 -139.733
5.62 -127.156 55.8991 -122.535 -139.733 -139.733
5.63 -127.156 55.8991 -122.535 -139.733 -139.733
5.64 -127.156 55.8991 -122.535 -139.733 -139.733
5.65 -127.156 55.8991 -122.535 -139.733 -139.733
5.66 -127.156 55.8991 -122.535 -139.733 -139.733
5.67 -127.156 55.8991 -122.535 -139.733 -139.733
5.68 -127.156 55.8991 -122.535 -139.733 -139.733
5.69 -127.156 55.8991 -122.535 -139.733 -139.733
5.7 -127.156 55.8991 -122.535 -139.733 -139.733
5.71 -127.156 55.8991 -122.535 -139.733 -139.733
5.72 -127.156 55.8991 -122.535 -139.733 -139.733
5.73 -127.156 55.8991 -122.535 -139.733 -139.733
5.74 -127.156 55.8991 -122.535 -139.733 -139.733
5.75 -127.156 55.8991 -122.535 -139.733 -139.733
5.76 -127.156 55.8991 -122.535 -139.733 -139.733
5.77 -127.156 55.8991 -122.535 -139.733 -139.733
5.78 -127.156 55.8991 -122.535 -139.733 -139.733
5.79 -127.156 55.8991 -122.535 -139.733 -139.733
5.8 -127.156 55.8991 -122.535 -139.733 -139.733
5.81 -127.156 55.8991 -122.535 -139.733 -139.733
5.82 -127.156 55.8991 -122.535 -139.733 -139.733
5.83 -127.156 55.8991 -122.535 -139.733 -139.733
5.84 -127.156 55.8991 -122.535 -139.733 -139.733
5.85 -127.156 55.8991 -122.535 -139.733 -139.733
5.86 -127.156 55.8991 -122.535 -139.733 -139.733
5.87 -127.156 55.8991 -122.535 -139.733 -139.733
5.88 -127.156 55.8991 -122.535 -139.733 -139.733
5.89 -127.156 55.8991 -122.535 -139.733 -139.733
5.9 -127.156 55.8991 -122.535 -139.733 -139.733
5.91 -127.156 55.8991 -122.535 -139.733 -139.733
5.92 -127.156 55.8991 -122.535 -139.733 -139.733
5.93 -127.156 55.8991 -122.535 -139.733 -139.733
5.94 -127.156 55.8991 -122.535 -139.733 -139.733
5.95 -127.156 55.8991 -122.535 -139.733 -139.733
5.96 -127.156 55.8991 -122.535 -139.733 -139.733
5.97 -127.156 55.8991 -122.535 -139.733 -139.733
5.98 -127.156 55.8991 -122.535 -139.733 -139.733
5.99 -127.156 55.8991 -122.535 -139.733 -139.733
6 -127.156 55.8991 -122.535 -139.733 -139.733
6.01 -127.156 55.8991 -122.535 -139.733 -139.733
6.02 -127.156 55.8991 -122.535 -139.733 -139.733
6.03 -127.156 55.8991 -122.535 -139.733 -139.733
6.04 -127.156 55.8991 -122.535 -139.733 -139.733
6.05 -127.156 55.8991 -122.535 -139.733 -139.733
6.06 -127.156 55.8991 -122.535 -139.733 -139.733
6.07 -127.156 55.8991 -122.535 -139.733 -139.733
6.08 -127.156 55.8991 -122.535 -139.733 -139.733
6.09 -127.156 55.8991 -122.535 -139.733 -139.733
6.1 -127.156 55.8991 -122.535 -139.733 -139.733
6.11 -127.156 55.8991 -122.535 -139.733 -139.733
6.12 -127.156 55.8991 -122.535 -139.733 -139.733
6.13 -127.156 55.8991 -122.535 -139.733 -139.733
6.14 -127.156 55.8991 -122.535 -139.733 -139.733
6.15 -127.156 55.8991 -122.535 -139.733 -139.733
6.16 -127.156 55.8991 -122.535 -139.733 -139.733
6.17 -127.156 55.8991 -122.535 -139.733 -139.733
6.18 -127.156 55.8991 -122.535 -139.733 -139.733
6.19 -127.156 55.8991 -122.535 -139.733 -139.733
6.2 -127.156 55.8991 -122.535 -139.733 -139.733
6.21 -127.156 55.8991 -122.535 -139.733 -139.733
6.22 -127.156 55.8991 -122.535 -139.733 -139.733
6.23 -127.156 55.8991 -122.535 -139.733 -139.733
6.24 -127.156 55.8991 -122.535 -139.733 -139.733
6.25 -127.156 55.8991 -122.535 -139.733 -139.733
6.26 -127.156 55.8991 -122.535 -139.733 -139.733
6.27 -127.156 55.8991 -122.535 -139.733 -139.733
6.28 -127.156 55.8991 -122.535 -139.733 -139.733
6.29 -127.156 55.8991 -122.535 -139.733 -139.733
6.3 -127.156 55.8991 -122.535 -139.733 -139.733
6.31 -127.156 55.8991 -122.535 -139.733 -139.733
6.32 -127.156 55.8991 -122.535 -139.733 -139.733
6.33 -127.156 55.8991 -122.535 -139.733 -139.733
6.34 -127.156 55.8991 -122.535 -139.733 -139.733
6.35 -127.156 55.8991 -122.535 -139.733 -139.733
6.36 -127.156 55.8991 -122.535 -139.733 -139.733
6.37 -127.156 55.8991 -122.535 -139.733 -139.733
6.38 -127.156 55.8991 -122.535 -139.733 -139.733
6.39 -127.156 55.8991 -122.535 -139.733 -139.733
6.4 -127.156 55.8991 -122.535 -139.733 -139.733
6.41 -127.156 55.8991 -122.535 -139.733 -139.733
6.42 -127.156 55.8991 -122.535 -139.733 -139.733
6.43 -127.156 55.8991 -122.535 -139.733 -139.733
6.44 -127.156 55.8991 -122.535 -139.733 -139.733
6.45 -127.156 55.8991 -122.535 -139.733 -139.733
6.46 -127.156 55.8991 -122.535 -139.733 -139.733
6.47 -127.156 55.8991 -122.535 -139.733 -139.733
6.48 -127.156 55.8991 -122.535 -139.733 -139.733
6.49 -127.156 55.8991 -122.535 -139.733 -139.733
6.5 -127.156 55.8991 -122.535 -139.733 -139.733
6.51 -127.156 55.8991 -122.535 -139.733 -139.733
6.52 -127.156 55.8991 -122.535 -139.733 -139.733
6.53 -127.156 55.8991 -122.535 -139.733 -139.733
6.54 -127.156 55.8991 -122.535 -139.733 -139.733
6.55 -127.156 55.8991 -122.535 -139.733 -139.733
6.56 -127.156 55.8991 -122.535 -139.733 -139.733
6.57 -127.156 55.8991 -122.535 -139.733 -139.733
6.58 -127.156 55.8991 -122.535 -139.733 -139.733
6.59 -127.156 55.8991 -122.535 -139.733 -139.733
6.6 -127.156 55.8991 -122.535 -139.733 -139.733
6.61 -127.156 55.8991 -122.535 -139.733 -139.733
6.62 -127.156 55.8991 -122.535 -139.733 -139.733
6.63 -127.156 55.8991 -122.535 -139.733 -139.733
6.64 -127.156 55.8991 -122.535 -139.733 -139.733
6.65 -127.156 55.8991 -122.535 -139.733 -139.733
6.66 -127.156 55.8991 -122.535 -139.733 -139.733
6.67 -127.156 55.8991 -122.535 -139.733 -139.733
6.68 -127.156 55.8991 -122.535 -139.733 -139.733
6.69 -127.156 55.8991 -122.535 -139.733 -139.733
6.7 -127.156 55.8991 -122.535 -139.733 -139.733
6.71 -127.156 55.8991 -122.535 -139.733 -139.733
6.72 -127.156 55.8991 -122.535 -139.733 -139.733
6.73 -127.156 55.8991 -122.535 -139.733 -139.733
6.74 -127.156 55.8991 -122.535 -139.733 -139.733
6.75 -127.156 55.8991 -122.535 -139.733 -139.733
6.76 -127.156 55.8991 -122.535 -139.733 -139.733
6.77 -127.156 55.8991 -122.535 -139.733 -139.733
6.78 -127.156 55.8991 -122.535 -139.733 -139.733
6.79 -127.156 55.8991 -122.535 -139.733 -139.733
6.8 -127.156 55.8991 -122.535 -139.733 -139.733
6.81 -127.156 55.8991 -122.535 -139.733 -139.733
6.82 -127.156 55.8991 -122.535 -139.733 -139.733
6.83 -127.156 55.8991 -122.535 -139.733 -139.733
6.84 -127.156 55.8991 -122.535 -139.733 -139.733
6.85 -127.156 55.8991 -122.535 -139.733 -139.733
6.86 -127.156 55.8991 -122.535 -139.733 -139.733
6.87 -127.156 55.8991 -122.535 -139.733 -139.733
6.88 -127.156 55.8991 -122.535 -139.733 -139.733
6.89 -127.156 55.8991 -122.535 -139.733 -139.733
6.9 -127.156 55.8991 -122.535 -139.733 -139.733
6.91 -127.156 55.8991 -122.535 -139.733 -139.733
6.92 -127.156 55.8991 -122.535 -139.733 -139.733
6.93 -127.156 55.8991 -122.535 -139.733 -139.733
6.94 -127.156 55.8991 -122.535 -139.733 -139.733
6.95 -127.156 55.8991 -122.535 -139.733 -139.733
6.96 -127.156 55.8991 -122.535 -139.733 -139.733
6.97 -127.156 55.8991 -122.535 -139.733 -139.733
6.98 -127.156 55.8991 -122.535 -139.733 -139.733
6.99 -127.156 55.8991 -122.535 -139.733 -139.733
7 -127.156 55.8991 -122.535 -139.733 -139.733
7.01 -127.156 55.8991 -122.535 -139.733 -139.733
7.02 -127.156 55.8991 -122.535 -139.733 -139.733
7.03 -127.156 55.8991 -122.535 -139.733 -139.733
7.04 -127.156 55.8991 -122.535 -139.733 -139.733
7.05 -127.156 55.8991 -122.535 -139.733 -139.733
7.06 -127.156 55.8991 -122.535 -139.733 -139.733
7.07 -127.156 55.8991 -122.535 -139.733 -139.733
7.08 -127.156 55.8991 -122.535 -139.733 -139.733
7.09 -127.156 55.8991 -122.535 -139.733 -139.733
7.1 -127.156 55.8991 -122.535 -139.733 -139.733
7.11 -127.156 55.8991 -122.535 -139.733 -139.733
7.12 -127.156 55.8991 -122.535 -139.733 -139.733
7.13 -127.156 55.8991 -122.535 -139.733 -139.733
7.14 -127.156 55.8991 -122.535 -139.733 -139.733
7.15 -127.156 55.8991 -122.535 -139.733 -139.733
7.16 -127.156 55.8991 -122.535 -139.733 -139.733
7.17 -127.156 55.8991 -122.535 -139.733 -139.733
7.18 -127.156 55.8991 -122.535 -139.733 -139.733
7.19 -127.156 55.8991 -122.535 -139.733 -139.733
7.2 -127.156 55.8991 -122.535 -139.733 -139.733
7.21 -127.156 55.8991 -122.535 -139.733 -139.733
7.22 -127.156 55.8991 -122.535 -139.733 -139.733
7.23 -127.156 55.8991 -122.535 -139.733 -139.733
7.24 -127.156 55.8991 -122.535 -139.733 -139.733
7.25 -127.156 55.8991 -122.535 -139.733 -139.733
7.26 -127.156 55.8991 -122.535 -139.733 -139.733
7.27 -127.156 55.8991 -122.535 -139.733 -139.733
7.28 -127.156 55.8991 -122.535 -139.733 -139.733
7.29 -127.156 55.8991 -122.535 -139.733 -139.733
7.3 -127.156 55.8991 -122.535 -139.733 -139.733
7.31 -127.156 55.8991 -122.535 -139.733 -139.733
7.32 -127.156 55.8991 -122.535 -139.733 -139.733
7.33 -127.156 55.8991 -122.535 -139.733 -139.733
7.34 -127.156 55.8991 -122.535 -139.733 -139.733
7.35 -127.156 55.8991 -122.535 -139.733 -139.733
7.36 -127.156 55.8991 -122.535 -139.733 -139.733
7.37 -127.156 55.8991 -122.535 -139.733 -139.733
7.38 -127.156 55.8991 -122.535 -139.733 -139.733
7.39 -127.156 55.8991 -122.535 -139.733 -139.733
7.4 -127.156 55.8991 -122.535 -139.733 -139.733
7.41 -127.156 55.8991 -122.535 -139.733 -139.733
7.42 -127.156 55.8991 -122.535 -139.733 -139.733
7.43 -127.156 55.8991 -122.535 -139.733 -139.733
7.44 -127.156 55.8991 -122.535 -139.733 -139.733
7.45 -127.156 55.8991 -122.535 -139.733 -139.733
7.46 -127.156 55.8991 -122.535 -139.733 -139.733
7.47 -127.156 55.8991 -122.535 -139.733 -139.733
7.48 -127.156 55.8991 -122.535 -139.733 -139.733
7.49 -127.156 55.8991 -122.535 -139.733 -139.733
7.5 -127.156 55.8991 -122.535 -139.733 -139.733
7.51 -127.156 55.8991 -122.535 -139.733 -139.733
7.52 -127.156 55.8991 -122.535 -139.733 -139.733
7.53 -127.156 55.8991 -122.535 -139.733 -139.733
7.54 -127.156 55.8991 -122.535 -139.733 -139.733
7.55 -127.156 55.8991 -122.535 -139.733 -139.733
7.56 -127.156 55.8991 -122.535 -139.733 -139.733
7.57 -127.156 55.8991 -122.535 -139.733 -139.733
7.58 -127.156 55.8991 -122.535 -139.733 -139.733
7.59 -127.156 55.8991 -122.535 -139.733 -139.733
7.6 -127.156 55.8991 -122.535 -139.733 -139.733
7.61 -127.156 55.8991 -122.535 -139.733 -139.733
7.62 -127.156 55.8991 -122.535 -139.733 -139.733
7.63 -127.156 55.8991 -122.535 -139.733 -139.733
7.64 -127.156 55.8991 -122.535 -139.733 -139.733
7.65 -127.156 55.8991 -122.535 -139.733 -139.733
7.66 -127.156 55.8991 -122.535 -139.733 -139.733
7.67 -127.156 55.8991 -122.535 -139.733 -139.733
7.68 -127.156 55.8991 -122.535 -139.733 -139.733
7.69 -127.156 55.8991 -122.535 -139.733 -139.733
7.7 -127.156 55.8991 -122.535 -139.733 -139.733
7.71 -127.156 55.8991 -122.535 -139.733 -139.733
7.72 -127.156 55.8991 -122.535 -139.733 -139.733
7.73 -127.156 55.8991 -122.535 -139.733 -139.733
7.74 -127.156 55.8991 -122.535 -139.733 -139.733
7.75 -127.156 55.8991 -122.535 -139.733 -139.733
7.76 -127.156 55.8991 -122.535 -139.733 -139.733
7.77 -127.156 55.8991 -122.535 -139.733 -139.733
7.78 -127.156 55.8991 -122.535 -139.733 -139.733
7.79 -127.156 55.8991 -122.535 -139.733 -139.733
7.8 -127.156 55.8991 -122.535 -139.733 -139.733
7.81 -127.156 55.8991 -122.535 -139.733 -139.733
7.82 -127.156 55.8991 -122.535 -139.733 -139.733
7.83 -127.156 55.8991 -122.535 -139.733 -139.733
7.84 -127.156 55.8991 -122.535 -139.733 -139.733
7.85 -127.156 55.8991 -122.535 -139.733 -139.733
7.86 -127.156 55.8991 -122.535 -139.733 -139.733
7.87 -127.156 55.8991 -122.535 -139.733 -139.733
7.88 -127.156 55.8991 -122.535 -139.733 -139.733
7.89 -127.156 55.8991 -122.535 -139.733 -139.733
7.9 -127.156 55.8991 -122.535 -139.733 -139.733
7.91 -127.156 55.8991 -122.535 -139.733 -139.733
7.92 -127.156 55.8991 -122.535 -139.733 -139.733
7.93 -127.156 55.8991 -122.535 -139.733 -139.733
7.94 -127.156 55.8991 -122.535 -139.733 -139.733
7.95 -127.156 55.8991 -122.535 -139.733 -139.733
7.96 -127.156 55.8991 -122.535 -139.733 -139.733
7.97 -127.156 55.8991 -122.535 -139.733 -139.733
7.98 -127.156 55.8991 -122.535 -139.733 -139.733
7.99 -127.156 55.8991 -122.535 -139.733 -139.733
8 -127.156 55.8991 -122.535 -139.733 -139.733
8.01 -127.156 55.8991 -122.535 -139.733 -139.733
8.02 -127.156 55.8991 -122.535 -139.733 -139.733
8.03 -127.156 55.8991 -122.535 -139.733 -139.733
8.04 -127.156 55.8991 -122.535 -139.733 -139.733
8.05 -127.156 55.8991 -122.535 -139.733 -139.733
8.06 -127.156 55.8991 -122.535 -139.733 -139.733
8.07 -127.156 55.8991 -122.535 -139.733 -139.733
8.08 -127.156 55.8991 -122.535 -139.733 -139.733
8.09 -127.156 55.8991 -122.535 -139.733 -139.733
8.1 -127.156 55.8991 -122.535 -139.733 -139.733
8.11 -127.156 55.8991 -122.535 -139.733 -139.733
8.12 -127.156 55.8991 -122.535 -139.733 -139.733
8.13 -127.156 55.8991 -122.535 -139.733 -139.733
8.14 -127.156 55.8991 -122.535 -139.733 -139.733
8.15 -127.156 55.8991 -122.535 -139.733 -139.733
8.16 -127.156 55.8991 -122.535 -139.733 -139.733
8.17 -127.156 55.8991 -122.535 -139.733 -139.733
8.18 -127.156 55.8991 -122.535 -139.733 -139.733
8.19 -127.156 55.8991 -122.535 -139.733 -139.733
8.2 -127.156 55.8991 -122.535 -139.733 -139.733
8.21 -127.156 55.8991 -122.535 -139.733 -139.733
8.22 -127.156 55.8991 -122.535 -139.733 -139.733
8.23 -127.156 55.8991 -122.535 -139.733 -139.733
8.24 -127.156 55.8991 -122.535 -139.733 -139.733
8.25 -127.156 55.8991 -122.535 -139.733 -139.733
8.26 -127.156 55.8991 -122.535 -139.733 -139.733
8.27 -127.156 55.8991 -122.535 -139.733 -139.733
8.28 -127.156 55.8991 -122.535 -139.733 -139.733
8.29 -127.156 55.8991 -122.535 -139.733 -139.733
8.3 -127.156 55.8991 -122.535 -139.733 -139.733
8.31 -127.156 55.8991 -122.535 -139.733 -139.733
8.32 -127.156 55.8991 -122.535 -139.733 -139.733
8.33 -127.156 55.8991 -122.535 -139.733 -139.733
8.34 -127.156 55.8991 -122.535 -139.733 -139.733
8.35 -127.156 55.8991 -122.535 -139.733 -139.733
8.36 -127.156 55.8991 -122.535 -139.733 -139.733
8.37 -127.156 55.8991 -122.535 -139.733 -139.733
8.38 -127.156 55.8991 -122.535 -139.733 -139.733
8.39 -127.156 55.8991 -122.535 -139.733 -139.733
8.4 -127.156 55.8991 -122.535 -139.733 -139.733
8.41 -127.156 55.8991 -122.535 -139.733 -139.733
8.42 -127.156 55.8991 -122.535 -139.733 -139.733
8.43 -127.156 55.8991 -122.535 -139.733 -139.733
8.44 -127.156 55.8991 -122.535 -139.733 -139.733
8.45 -127.156 55.8991 -122.535 -139.733 -139.733
8.46 -127.156 55.8991 -122.535 -139.733 -139.733
8.47 -127.156 55.8991 -122.535 -139.733 -139.733
8.48 -127.156 55.8991 -122.535 -139.733 -139.733
8.49 -127.156 55.8991 -122.535 -139.733 -139.733
8.5 -127.156 55.8991 -122.535 -139.733 -139.733
8.51 -127.156 55.8991 -122.535 -139.733 -139.733
8.52 -127.156 55.8991 -122.535 -139.733 -139.733
8.53 -127.156 55.8991 -122.535 -139.733 -139.733
8.54 -127.156 55.8991 -122.535 -139.733 -139.733
8.55 -127.156 55.8991 -122.535 -139.733 -139.733
8.56 -127.156 55.8991 -122.535 -139.733 -139.733
8.57 -127.156 55.8991 -122.535 -139.733 -139.733
8.58 -127.156 55.8991 -122.535 -139.733 -139.733
8.59 -127.156 55.8991 -122.535 -139.733 -139.733
8.6 -127.156 55.8991 -122.535 -139.733 -139.733
8.61 -127.156 55.8991 -122.535 -139.733 -139.733
8.62 -127.156 55.8991 -122.535 -139.733 -139.733
8.63 -127.156 55.8991 -122.535 -139.733 -139.733
8.64 -127.156 55.8991 -122.535 -139.733 -139.733
8.65 -127.156 55.8991 -122.535 -139.733 -139.733
8.66 -127.156 55.8991 -122.535 -139.733 -139.733
8.67 -127.156 55.8991 -122.535 -139.733 -139.733
8.68 -127.156 55.8991 -122.535 -139.733 -139.733
8.69 -127.156 55.8991 -122.535 -139.733 -139.733
8.7 -127.156 55.8991 -122.535 -139.733 -139.733
8.71 -127.156 55.8991 -122.535 -139.733 -139.733
8.72 -127.156 55.8991 -122.535 -139.733 -139.733
8.73 -127.156 55.8991 -122.535 -139.733 -139.733
8.74 -127.156 55.8991 -122.535 -139.733 -139.733
8.75 -127.156 55.8991 -122.535 -139.733 -139.733
8.76 -127.156 55.8991 -122.535 -139.733 -139.733
8.77 -127.156 55.8991 -122.535 -139.733 -139.733
8.78 -127.156 55.8991 -122.535 -139.733 -139.733
8.79 -127.156 55.8991 -122.535 -139.733 -139.733
8.8 -127.156 55.8991 -122.535 -139.733 -139.733
8.81 -127.156 55.8991 -122.535 -139.733 -139.733
8.82 -127.156 55.8991 -122.535 -139.733 -139.733
8.83 -127.156 55.8991 -122.535 -139.733 -139.733
8.84 -127.156 55.8991 -122.535 -139.733 -139.733
8.85 -127.156 55.8991 -122.535 -139.733 -139.733
8.86 -127.156 55.8991 -122.535 -139.733 -139.733
8.87 -127.156 55.8991 -122.535 -139.733 -139.733
8.88 -127.156 55.8991 -122.535 -139.733 -139.733
8.89 -127.156 55.8991 -122.535 -139.733 -139.733
8.9 -127.156 55.8991 -122.535 -139.733 -139.733
8.91 -127.156 55.8991 -122.535 -139.733 -139.733
8.92 -127.156 55.8991 -122.535 -139.733 -139.733
8.93 -127.156 55.8991 -122.535 -139.733 -139.733
8.94 -127.156 55.8991 -122.535 -139.733 -139.733
8.95 -127.156 55.8991 -122.535 -139.733 -139.733
8.96 -127.156 55.8991 -122.535 -139.733 -139.733
8.97 -127.156 55.8991 -122.535 -139.733 -139.733
8.98 -127.156 55.8991 -122.535 -139.733 -139.733
8.99 -127.156 55.8991 -122.535 -139.733 -139.733
9 -127.156 55.8991 -122.535 -139.733 -139.733
9.01 -127.156 55.8991 -122.535 -139.733 -139.733
9.02 -127.156 55.8991 -122.535 -139.733 -139.733
9.03 -127.156 55.8991 -122.535 -139.733 -139.733
9.04 -127.156 55.8991 -122.535 -139.733 -139.733
9.05 -127.156 55.8991 -122.535 -139.733 -139.733
9.06 -127.156 55.8991 -122.535 -139.733 -139.733
9.07 -127.156 55.8991 -122.535 -139.733 -139.733
9.08 -127.156 55.8991 -122.535 -139.733 -139.733
9.09 -127.156 55.8991 -122.535 -139.733 -139.733
9.1 -127.156 55.8991 -122.535 -139.733 -139.733
9.11 -127.156 55.8991 -122.535 -139.733 -139.733
9.12 -127.156 55.8991 -122.535 -139.733 -139.733
9.13 -127.156 55.8991 -122.535 -139.733 -139.733
9.14 -127.156 55.8991 -122.535 -139.733 -139.733
9.15 -127.156 55.8991 -122.535 -139.733 -139.733
9.16 -127.156 55.8991 -122.535 -139.733 -139.733
9.17 -127.156 55.8991 -122.535 -139.733 -139.733
9.18 -127.156 55.8991 -122.535 -139.733 -139.733
9.19 -127.156 55.8991 -122.535 -139.733 -139.733
9.2 -127.156 55.8991 -122.535 -139.733 -139.733
9.21 -127.156 55.8991 -122.535 -139.733 -139.733
9.22 -127.156 55.8991 -122.535 -139.733 -139.733
9.23 -127.156 55.8991 -122.535 -139.733 -139.733
9.24 -127.156 55.8991 -122.535 -139.733 -139.733
9.25 -127.156 55.8991 -122.535 -139.733 -139.733
9.26 -127.156 55.8991 -122.535 -139.733 -139.733
9.27 -127.156 55.8991 -122.535 -139.733 -139.733
9.28 -127.156 55.8991 -122.535 -139.733 -139.733
9.29 -127.156 55.8991 -122.535 -139.733 -139.733
9.3 -127.156 55.8991 -122.535 -139.733 -139.733
9.31 -127.156 55.8991 -122.535 -139.733 -139.733
9.32 -127.156 55.8991 -122.535 -139.733 -139.733
9.33 -127.156 55.8991 -122.535 -139.733 -139.733
9.34 -127.156 55.8991 -122.535 -139.733 -139.733
9.35 -127.156 55.8991 -122.535 -139.733 -139.733
9.36 -127.156 55.8991 -122.535 -139.733 -139.733
9.37 -127.156 55.8991 -122.535 -139.733 -139.733
9.38 -127.156 55.8991 -122.535 -139.733 -139.733
9.39 -127.156 55.8991 -122.535 -139.733 -139.733
9.4 -127.156 55.8991 -122.535 -139.733 -139.733
9.41 -127.156 55.8991 -122.535 -139.733 -139.733
9.42 -127.156 55.8991 -122.535 -139.733 -139.733
9.43 -127.156 55.8991 -122.535 -139.733 -139.733
9.44 -127.156 55.8991 -122.535 -139.733 -139.733
9.45 -127.156 55.8991 -122.535 -139.733 -139.733
9.46 -127.156 55.8991 -122.535 -139.733 -139.733
9.47 -127.156 55.8991 -122.535 -139.733 -139.733
9.48 -127.156 55.8991 -122.535 -139.733 -139.733
9.49 -127.156 55.8991 -122.535 -139.733 -139.733
9.5 -127.156 55.8991 -122.535 -139.733 -139.733
9.51 -127.156 55.8991 -122.535 -139.733 -139.733
9.52 -127.156 55.8991 -122.535 -139.733 -139.733
9.53 -127.156 55.8991 -122.535 -139.733 -139.733
9.54 -127.156 55.8991 -122.535 -139.733 -139.733
9.55 -127.156 55.8991 -122.535 -139.733 -139.733
9.56 -127.156 55.8991 -122.535 -139.733 -139.733
9.57 -127.156 55.8991 -122.535 -139.733 -139.733
9.58 -127.156 55.8991 -122.535 -139.733 -139.733
9.59 -127.156 55.8991 -122.535 -139.733 -139.733
9.6 -127.156 55.8991 -122.535 -139.733 -139.733
9.61 -127.156 55.8991 -122.535 -139.733 -139.733
9.62 -127.156 55.8991 -122.535 -139.733 -139.733
9.63 -127.156 55.8991 -122.535 -139.733 -139.733
9.64 -127.156 55.8991 -122.535 -139.733 -139.733
9.65 -127.156 55.8991 -122.535 -139.733 -139.733
9.66 -127.156 55.8991 -122.535 -139.733 -139.733
9.67 -127.156 55.8991 -122.535 -139.733 -139.733
9.68 -127.156 55.8991 -122.535 -139.733 -139.733
9.69 -127.156 55.8991 -122.535 -139.733 -139.733
9.7 -127.156 55.8991 -122.535 -139.733 -139.733
9.71 -127.156 55.8991 -122.535 -139.733 -139.733
9.72 -127.156 55.8991 -122.535 -139.733 -139.733
9.73 -127.156 55.8991 -122.535 -139.733 -139.733
9.74 -127.156 55.8991 -122.535 -139.733 -139.733
9.75 -127.156 55.8991 -122.535 -139.733 -139.733
9.76 -127.156 55.8991 -122.535 -139.733 -139.733
9.77 -127.156 55.8991 -122.535 -139.733 -139.733
9.78 -127.156 55.8991 -122.535 -139.733 -139.733
9.79 -127.156 55.8991 -122.535 -139.733 -139.733
9.8 -127.156 55.8991 -122.535 -139.733 -139.733
9.81 -127.156 55.8991 -122.535 -139.733 -139.733
9.82 -127.156 55.8991 -122.535 -139.733 -139.733
9.83 -127.156 55.8991 -122.535 -139.733 -139.733
9.84 -127.156 55.8991 -122.535 -139.733 -139.733
9.85 -127.156 55.8991 -122.535 -139.733 -139.733
9.86 -127.156 55.8991 -122.535 -139.733 -139.733
9.87 -127.156 55.8991 -122.535 -139.733 -139.733
9.88 -127.156 55.8991 -122.535 -139.733 -139.733
9.89 -127.156 55.8991 -122.535 -139.733 -139.733
9.9 -127.156 55.8991 -122.535 -139.733 -139.733
9.91 -127.156 55.8991 -122.535 -139.733 -139.733
9.92 -127.156 55.8991 -122.535 -139.733 -139.733
9.93 -127.156 55.8991 -122.535 -139.733 -139.733
9.94 -127.156 55.8991 -122.535 -139.733 -139.733
9.95 -127.156 55.8991 -122.535 -139.733 -139.733
9.96 -127.156 55.8991 -122.535 -139.733 -139.733
9.97 -127.156 55.8991 -122.535 -139.733 -139.733
9.98 -127.156 55.8991 -122.535 -139.733 -139.733
9.99 -127.156 55.8991 -122.535 -139.733 -139.733
10 -127.156 55.8991 -122.535 -139.733 -139.733
