0.1 0.256936 54.5792 -14.7398 -17.0284 -17.0284
0.2 0.511965 109.178 -29.4865 -34.0831 -34.0831
0.3 0.765077 163.798 -44.2403 -51.1642 -51.1642
0.4 1.01626 218.437 -59.0013 -68.272 -68.272
0.5 1.26551 273.097 -73.7694 -85.4067 -85.4067
0.6 1.52437 327.589 -88.34 -102.949 -102.949
0.7 1.78537 381.443 -102.832 -121.103 -121.103
0.8 2.03775 434.822 -117.886 -139.079 -139.079
0.9 2.29135 487.771 -133.281 -157.103 -157.103
1 2.54774 540.566 -149.154 -174.924 -174.924
0.01 2.54774 540.566 -149.154 -174.924 -174.924
0.02 2.54775 540.566 -149.154 -174.924 -174.924
0.03 2.54774 540.566 -149.154 -174.924 -174.924
0.04 2.54774 540.566 -149.154 -174.924 -174.924
0.05 2.54774 540.566 -149.154 -174.924 -174.924
0.06 2.54774 540.566 -149.154 -174.924 -174.924
0.07 2.54774 540.566 -149.154 -174.924 -174.924
0.08 2.54774 540.566 -149.154 -174.924 -174.924
0.09 2.54774 540.566 -149.154 -174.924 -174.924
0.1 2.54774 540.566 -149.154 -174.924 -174.924
0.11 2.54774 540.566 -149.154 -174.924 -174.924
0.12 2.54774 540.566 -149.154 -174.924 -174.924
0.13 2.54774 540.566 -149.154 -174.924 -174.924
0.14 2.54774 540.566 -149.154 -174.924 -174.924
0.15 2.54774 540.566 -149.154 -174.924 -174.924
0.16 2.54774 540.566 -149.154 -174.924 -174.924
0.17 2.54774 540.566 -149.154 -174.924 -174.924
0.18 2.54774 540.566 -149.154 -174.924 -174.924
0.19 2.54774 540.566 -149.154 -174.924 -174.924
0.2 2.54774 540.566 -149.154 -174.924 -174.924
0.21 2.54774 540.566 -149.154 -174.924 -174.924
0.22 2.54774 540.566 -149.154 -174.924 -174.924
0.23 2.54774 540.566 -149.154 -174.924 -174.924
0.24 2.54774 540.566 -149.154 -174.924 -174.924
0.25 2.54774 540.566 -149.154 -174.924 -174.924
0.26 2.54774 540.566 -149.154 -174.924 -174.924
0.27 2.54774 540.566 -149.154 -174.924 -174.924
0.28 2.54774 540.566 -149.154 -174.924 -174.924
0.29 2.54774 540.566 -149.154 -174.924 -174.924
0.3 2.54774 540.566 -149.154 -174.924 -174.924
0.31 2.54774 540.566 -149.154 -174.924 -174.924
0.32 2.54774 540.566 -149.154 -174.924 -174.924
0.33 2.54774 540.566 -149.154 -174.924 -174.924
0.34 2.54774 540.566 -149.154 -174.924 -174.924
0.35 2.54774 540.566 -149.154 -174.924 -174.924
0.36 2.54774 540.566 -149.154 -174.924 -174.924
0.37 2.54774 540.566 -149.154 -174.924 -174.924
0.38 2.54774 540.566 -149.154 -174.924 -174.924
0.39 2.54774 540.566 -149.154 -174.924 -174.924
0.4 2.54774 540.566 -149.154 -174.924 -174.924
0.41 2.54774 540.566 -149.154 -174.924 -174.924
0.42 2.54774 540.566 -149.154 -174.924 -174.924
0.43 2.54774 540.566 -149.154 -174.924 -174.924
0.44 2.54774 540.566 -149.154 -174.924 -174.924
0.45 2.54774 540.566 -149.154 -174.924 -174.924
0.46 2.54774 540.566 -149.154 -174.924 -174.924
0.47 2.54774 540.566 -149.154 -174.924 -174.924
0.48 2.54774 540.566 -149.154 -174.924 -174.924
0.49 2.54774 540.566 -149.154 -174.924 -174.924
0.5 2.54774 540.566 -149.154 -174.924 -174.924
0.51 2.54774 540.566 -149.154 -174.924 -174.924
0.52 2.54774 540.566 -149.154 -174.924 -174.924
0.53 2.54774 540.566 -149.154 -174.924 -174.924
0.54 2.54774 540.566 -149.154 -174.924 -174.924
0.55 2.54774 540.566 -149.154 -174.924 -174.924
0.56 2.54774 540.566 -149.154 -174.924 -174.924
0.57 2.54774 540.566 -149.154 -174.924 -174.924
0.58 2.54774 540.566 -149.154 -174.924 -174.924
0.59 2.54774 540.566 -149.154 -174.924 -174.924
0.6 2.54774 540.566 -149.154 -174.924 -174.924
0.61 2.54774 540.566 -149.154 -174.924 -174.924
0.62 2.54774 540.566 -149.154 -174.924 -174.924
0.63 2.54774 540.566 -149.154 -174.924 -174.924
0.64 2.54774 540.566 -149.154 -174.924 -174.924
0.65 2.54774 540.566 -149.154 -174.924 -174.924
0.66 2.54774 540.566 -149.154 -174.924 -174.924
0.67 2.54774 540.566 -149.154 -174.924 -174.924
0.68 2.54774 540.566 -149.154 -174.924 -174.924
0.69 2.54774 540.566 -149.154 -174.924 -174.924
0.7 2.54774 540.566 -149.154 -174.924 -174.924
0.71 2.54774 540.566 -149.154 -174.924 -174.924
0.72 2.54774 540.566 -149.154 -174.924 -174.924
0.73 2.54774 540.566 -149.154 -174.924 -174.924
0.74 2.54774 540.566 -149.154 -174.924 -174.924
0.75 2.54774 540.566 -149.154 -174.924 -174.924
0.76 2.54774 540.566 -149.154 -174.924 -174.924
0.77 2.54774 540.566 -149.154 -174.924 -174.924
0.78 2.54774 540.566 -149.154 -174.924 -174.924
0.79 2.54774 540.566 -149.154 -174.924 -174.924
0.8 2.54774 540.566 -149.154 -174.924 -174.924
0.81 2.54774 540.566 -149.154 -174.924 -174.924
0.82 2.54774 540.566 -149.154 -174.924 -174.924
0.83 2.54774 540.566 -149.154 -174.924 -174.924
0.84 2.54774 540.566 -149.154 -174.924 -174.924
0.85 2.54774 540.566 -149.154 -174.924 -174.924
0.86 2.54774 540.566 -149.154 -174.924 -174.924
0.87 2.54774 540.566 -149.154 -174.924 -174.924
0.88 2.54774 540.566 -149.154 -174.924 -174.924
0.89 2.54774 540.566 -149.154 -174.924 -174.924
0.9 2.54774 540.566 -149.154 -174.924 -174.924
0.91 2.54774 540.566 -149.154 -174.924 -174.924
0.92 2.54774 540.566 -149.154 -174.924 -174.924
0.93 2.54774 540.566 -149.154 -174.924 -174.924
0.94 2.54774 540.566 -149.154 -174.924 -174.924
0.95 2.54774 540.566 -149.154 -174.924 -174.924
0.96 2.54774 540.566 -149.154 -174.924 -174.924
0.97 2.54774 540.566 -149.154 -174.924 -174.924
0.98 2.54774 540.566 -149.154 -174.924 -174.924
0.99 2.54774 540.566 -149.154 -174.924 -174.924
1 2.54774 540.566 -149.154 -174.924 -174.924
1.01 2.54774 540.566 -149.154 -174.924 -174.924
1.02 2.54774 540.566 -149.154 -174.924 -174.924
1.03 2.54774 540.566 -149.154 -174.924 -174.924
1.04 2.54774 540.566 -149.154 -174.924 -174.924
1.05 2.54774 540.566 -149.154 -174.924 -174.924
1.06 2.54774 540.566 -149.154 -174.924 -174.924
1.07 2.54774 540.566 -149.154 -174.924 -174.924
1.08 2.54774 540.566 -149.154 -174.924 -174.924
1.09 2.54774 540.566 -149.154 -174.924 -174.924
1.1 2.54774 540.566 -149.154 -174.924 -174.924
1.11 2.54774 540.566 -149.154 -174.924 -174.924
1.12 2.54774 540.566 -149.154 -174.924 -174.924
1.13 2.54774 540.566 -149.154 -174.924 -174.924
1.14 2.54774 540.566 -149.154 -174.924 -174.924
1.15 2.54774 540.566 -149.154 -174.924 -174.924
1.16 2.54774 540.566 -149.154 -174.924 -174.924
1.17 2.54774 540.566 -149.154 -174.924 -174.924
1.18 2.54774 540.566 -149.154 -174.924 -174.924
1.19 2.54774 540.566 -149.154 -174.924 -174.924
1.2 2.54774 540.566 -149.154 -174.924 -174.924
1.21 2.54774 540.566 -149.154 -174.924 -174.924
1.22 2.54774 540.566 -149.154 -174.924 -174.924
1.23 2.54774 540.566 -149.154 -174.924 -174.924
1.24 2.54774 540.566 -149.154 -174.924 -174.924
1.25 2.54774 540.566 -149.154 -174.924 -174.924
1.26 2.54774 540.566 -149.154 -174.924 -174.924
1.27 2.54774 540.566 -149.154 -174.924 -174.924
1.28 2.54774 540.566 -149.154 -174.924 -174.924
1.29 2.54774 540.566 -149.154 -174.924 -174.924
1.3 2.54774 540.566 -149.154 -174.924 -174.924
1.31 2.54774 540.566 -149.154 -174.924 -174.924
1.32 2.54774 540.566 -149.154 -174.924 -174.924
1.33 2.54774 540.566 -149.154 -174.924 -174.924
1.34 2.54774 540.566 -149.154 -174.924 -174.924
1.35 2.54774 540.566 -149.154 -174.924 -174.924
1.36 2.54774 540.566 -149.154 -174.924 -174.924
1.37 2.54774 540.566 -149.154 -174.924 -174.924
1.38 2.54774 540.566 -149.154 -174.924 -174.924
1.39 2.54774 540.566 -149.154 -174.924 -174.924
1.4 2.54774 540.566 -149.154 -174.924 -174.924
1.41 2.54774 540.566 -149.154 -174.924 -174.924
1.42 2.54774 540.566 -149.154 -174.924 -174.924
1.43 2.54774 540.566 -149.154 -174.924 -174.924
1.44 2.54774 540.566 -149.154 -174.924 -174.924
1.45 2.54774 540.566 -149.154 -174.924 -174.924
1.46 2.54774 540.566 -149.154 -174.924 -174.924
1.47 2.54774 540.566 -149.154 -174.924 -174.924
1.48 2.54774 540.566 -149.154 -174.924 -174.924
1.49 2.54774 540.566 -149.154 -174.924 -174.924
1.5 2.54774 540.566 -149.154 -174.924 -174.924
1.51 2.54774 540.566 -149.154 -174.924 -174.924
1.52 2.54774 540.566 -149.154 -174.924 -174.924
1.53 2.54774 540.566 -149.154 -174.924 -174.924
1.54 2.54774 540.566 -149.154 -174.924 -174.924
1.55 2.54774 540.566 -149.154 -174.924 -174.924
1.56 2.54774 540.566 -149.154 -174.924 -174.924
1.57 2.54774 540.566 -149.154 -174.924 -174.924
1.58 2.54774 540.566 -149.154 -174.924 -174.924
1.59 2.54774 540.566 -149.154 -174.924 -174.924
1.6 2.54774 540.566 -149.154 -174.924 -174.924
1.61 2.54774 540.566 -149.154 -174.924 -174.924
1.62 2.54774 540.566 -149.154 -174.924 -174.924
1.63 2.54774 540.566 -149.154 -174.924 -174.924
1.64 2.54774 540.566 -149.154 -174.924 -174.924
1.65 2.54774 540.566 -149.154 -174.924 -174.924
1.66 2.54774 540.566 -149.154 -174.924 -174.924
1.67 2.54774 540.566 -149.154 -174.924 -174.924
1.68 2.54774 540.566 -149.154 -174.924 -174.924
1.69 2.54774 540.566 -149.154 -174.924 -174.924
1.7 2.54774 540.566 -149.154 -174.924 -174.924
1.71 2.54774 540.566 -149.154 -174.924 -174.924
1.72 2.54774 540.566 -149.154 -174.924 -174.924
1.73 2.54774 540.566 -149.154 -174.924 -174.924
1.74 2.54774 540.566 -149.154 -174.924 -174.924
1.75 2.54774 540.566 -149.154 -174.924 -174.924
1.76 2.54774 540.566 -149.154 -174.924 -174.924
1.77 2.54774 540.566 -149.154 -174.924 -174.924
1.78 2.54774 540.566 -149.154 -174.924 -174.924
1.79 2.54774 540.566 -149.154 -174.924 -174.924
1.8 2.54774 540.566 -149.154 -174.924 -174.924
1.81 2.54774 540.566 -149.154 -174.924 -174.924
1.82 2.54774 540.566 -149.154 -174.924 -174.924
1.83 2.54774 540.566 -149.154 -174.924 -174.924
1.84 2.54774 540.566 -149.154 -174.924 -174.924
1.85 2.54774 540.566 -149.154 -174.924 -174.924
1.86 2.54774 540.566 -149.154 -174.924 -174.924
1.87 2.54774 540.566 -149.154 -174.924 -174.924
1.88 2.54774 540.566 -149.154 -174.924 -174.924
1.89 2.54774 540.566 -149.154 -174.924 -174.924
1.9 2.54774 540.566 -149.154 -174.924 -174.924
1.91 2.54774 540.566 -149.154 -174.924 -174.924
1.92 2.54774 540.566 -149.154 -174.924 -174.924
1.93 2.54774 540.566 -149.154 -174.924 -174.924
1.94 2.54774 540.566 -149.154 -174.924 -174.924
1.95 2.54774 540.566 -149.154 -174.924 -174.924
1.96 2.54774 540.566 -149.154 -174.924 -174.924
1.97 2.54774 540.566 -149.154 -174.924 -174.924
1.98 2.54774 540.566 -149.154 -174.924 -174.924
1.99 2.54774 540.566 -149.154 -174.924 -174.924
2 2.54774 540.566 -149.154 -174.924 -174.924
2.01 2.54774 540.566 -149.154 -174.924 -174.924
2.02 2.54774 540.566 -149.154 -174.924 -174.924
2.03 2.54774 540.566 -149.154 -174.924 -174.924
2.04 2.54774 540.566 -149.154 -174.924 -174.924
2.05 2.54774 540.566 -149.154 -174.924 -174.924
2.06 2.54774 540.566 -149.154 -174.924 -174.924
2.07 2.54774 540.566 -149.154 -174.924 -174.924
2.08 2.54774 540.566 -149.154 -174.924 -174.924
2.09 2.54774 540.566 -149.154 -174.924 -174.924
2.1 2.54774 540.566 -149.154 -174.924 -174.924
2.11 2.54774 540.566 -149.154 -174.924 -174.924
2.12 2.54774 540.566 -149.154 -174.924 -174.924
2.13 2.54774 540.566 -149.154 -174.924 -174.924
2.14 2.54774 540.566 -149.154 -174.924 -174.924
2.15 2.54774 540.566 -149.154 -174.924 -174.924
2.16 2.54774 540.566 -149.154 -174.924 -174.924
2.17 2.54774 540.566 -149.154 -174.924 -174.924
2.18 2.54774 540.566 -149.154 -174.924 -174.924
2.19 2.54774 540.566 -149.154 -174.924 -174.924
2.2 2.54774 540.566 -149.154 -174.924 -174.924
2.21 2.54774 540.566 -149.154 -174.924 -174.924
2.22 2.54774 540.566 -149.154 -174.924 -174.924
2.23 2.54774 540.566 -149.154 -174.924 -174.924
2.24 2.54774 540.566 -149.154 -174.924 -174.924
2.25 2.54774 540.566 -149.154 -174.924 -174.924
2.26 2.54774 540.566 -149.154 -174.924 -174.924
2.27 2.54774 540.566 -149.154 -174.924 -174.924
2.28 2.54774 540.566 -149.154 -174.924 -174.924
2.29 2.54774 540.566 -149.154 -174.924 -174.924
2.3 2.54774 540.566 -149.154 -174.924 -174.924
2.31 2.54774 540.566 -149.154 -174.924 -174.924
2.32 2.54774 540.566 -149.154 -174.924 -174.924
2.33 2.54774 540.566 -149.154 -174.924 -174.924
2.34 2.54774 540.566 -149.154 -174.924 -174.924
2.35 2.54774 540.566 -149.154 -174.924 -174.924
2.36 2.54774 540.566 -149.154 -174.924 -174.924
2.37 2.54774 540.566 -149.154 -174.924 -174.924
2.38 2.54774 540.566 -149.154 -174.924 -174.924
2.39 2.54774 540.566 -149.154 -174.924 -174.924
2.4 2.54774 540.566 -149.154 -174.924 -174.924
2.41 2.54774 540.566 -149.154 -174.924 -174.924
2.42 2.54774 540.566 -149.154 -174.924 -174.924
2.43 2.54774 540.566 -149.154 -174.924 -174.924
2.44 2.54774 540.566 -149.154 -174.924 -174.924
2.45 2.54774 540.566 -149.154 -174.924 -174.924
2.46 2.54774 540.566 -149.154 -174.924 -174.924
2.47 2.54774 540.566 -149.154 -174.924 -174.924
2.48 2.54774 540.566 -149.154 -174.924 -174.924
2.49 2.54774 540.566 -149.154 -174.924 -174.924
2.5 2.54774 540.566 -149.154 -174.924 -174.924
2.51 2.54774 540.566 -149.154 -174.924 -174.924
2.52 2.54774 540.566 -149.154 -174.924 -174.924
2.53 2.54774 540.566 -149.154 -174.924 -174.924
2.54 2.54774 540.566 -149.154 -174.924 -174.924
2.55 2.54774 540.566 -149.154 -174.924 -174.924
2.56 2.54774 540.566 -149.154 -174.924 -174.924
2.57 2.54774 540.566 -149.154 -174.924 -174.924
2.58 2.54774 540.566 -149.154 -174.924 -174.924
2.59 2.54774 540.566 -149.154 -174.924 -174.924
2.6 2.54774 540.566 -149.154 -174.924 -174.924
2.61 2.54774 540.566 -149.154 -174.924 -174.924
2.62 2.54774 540.566 -149.154 -174.924 -174.924
2.63 2.54774 540.566 -149.154 -174.924 -174.924
2.64 2.54774 540.566 -149.154 -174.924 -174.924
2.65 2.54774 540.566 -149.154 -174.924 -174.924
2.66 2.54774 540.566 -149.154 -174.924 -174.924
2.67 2.54774 540.566 -149.154 -174.924 -174.924
2.68 2.54774 540.566 -149.154 -174.924 -174.924
2.69 2.54774 540.566 -149.154 -174.924 -174.924
2.7 2.54774 540.566 -149.154 -174.924 -174.924
2.71 2.54774 540.566 -149.154 -174.924 -174.924
2.72 2.54774 540.566 -149.154 -174.924 -174.924
2.73 2.54774 540.566 -149.154 -174.924 -174.924
2.74 2.54774 540.566 -149.154 -174.924 -174.924
2.75 2.54774 540.566 -149.154 -174.924 -174.924
2.76 2.54774 540.566 -149.154 -174.924 -174.924
2.77 2.54774 540.566 -149.154 -174.924 -174.924
2.78 2.54774 540.566 -149.154 -174.924 -174.924
2.79 2.54774 540.566 -149.154 -174.924 -174.924
2.8 2.54774 540.566 -149.154 -174.924 -174.924
2.81 2.54774 540.566 -149.154 -174.924 -174.924
2.82 2.54774 540.566 -149.154 -174.924 -174.924
2.83 2.54774 540.566 -149.154 -174.924 -174.924
2.84 2.54774 540.566 -149.154 -174.924 -174.924
2.85 2.54774 540.566 -149.154 -174.924 -174.924
2.86 2.54774 540.566 -149.154 -174.924 -174.924
2.87 2.54774 540.566 -149.154 -174.924 -174.924
2.88 2.54774 540.566 -149.154 -174.924 -174.924
2.89 2.54774 540.566 -149.154 -174.924 -174.924
2.9 2.54774 540.566 -149.154 -174.924 -174.924
2.91 2.54774 540.566 -149.154 -174.924 -174.924
2.92 2.54774 540.566 -149.154 -174.924 -174.924
2.93 2.54774 540.566 -149.154 -174.924 -174.924
2.94 2.54774 540.566 -149.154 -174.924 -174.924
2.95 2.54774 540.566 -149.154 -174.924 -174.924
2.96 2.54774 540.566 -149.154 -174.924 -174.924
2.97 2.54774 540.566 -149.154 -174.924 -174.924
2.98 2.54774 540.566 -149.154 -174.924 -174.924
2.99 2.54774 540.566 -149.154 -174.924 -174.924
3 2.54774 540.566 -149.154 -174.924 -174.924
3.01 2.54774 540.566 -149.154 -174.924 -174.924
3.02 2.54774 540.566 -149.154 -174.924 -174.924
3.03 2.54774 540.566 -149.154 -174.924 -174.924
3.04 2.54774 540.566 -149.154 -174.924 -174.924
3.05 2.54774 540.566 -149.154 -174.924 -174.924
3.06 2.54774 540.566 -149.154 -174.924 -174.924
3.07 2.54774 540.566 -149.154 -174.924 -174.924
3.08 2.54774 540.566 -149.154 -174.924 -174.924
3.09 2.54774 540.566 -149.154 -174.924 -174.924
3.1 2.54774 540.566 -149.154 -174.924 -174.924
3.11 2.54774 540.566 -149.154 -174.924 -174.924
3.12 2.54774 540.566 -149.154 -174.924 -174.924
3.13 2.54774 540.566 -149.154 -174.924 -174.924
3.14 2.54774 540.566 -149.154 -174.924 -174.924
3.15 2.54774 540.566 -149.154 -174.924 -174.924
3.16 2.54774 540.566 -149.154 -174.924 -174.924
3.17 2.54774 540.566 -149.154 -174.924 -174.924
3.18 2.54774 540.566 -149.154 -174.924 -174.924
3.19 2.54774 540.566 -149.154 -174.924 -174.924
3.2 2.54774 540.566 -149.154 -174.924 -174.924
3.21 2.54774 540.566 -149.154 -174.924 -174.924
3.22 2.54774 540.566 -149.154 -174.924 -174.924
3.23 2.54774 540.566 -149.154 -174.924 -174.924
3.24 2.54774 540.566 -149.154 -174.924 -174.924
3.25 2.54774 540.566 -149.154 -174.924 -174.924
3.26 2.54774 540.566 -149.154 -174.924 -174.924
3.27 2.54774 540.566 -149.154 -174.924 -174.924
3.28 2.54774 540.566 -149.154 -174.924 -174.924
3.29 2.54774 540.566 -149.154 -174.924 -174.924
3.3 2.54774 540.566 -149.154 -174.924 -174.924
3.31 2.54774 540.566 -149.154 -174.924 -174.924
3.32 2.54774 540.566 -149.154 -174.924 -174.924
3.33 2.54774 540.566 -149.154 -174.924 -174.924
3.34 2.54774 540.566 -149.154 -174.924 -174.924
3.35 2.54774 540.566 -149.154 -174.924 -174.924
3.36 2.54774 540.566 -149.154 -174.924 -174.924
3.37 2.54774 540.566 -149.154 -174.924 -174.924
3.38 2.54774 540.566 -149.154 -174.924 -174.924
3.39 2.54774 540.566 -149.154 -174.924 -174.924
3.4 2.54774 540.566 -149.154 -174.924 -174.924
3.41 2.54774 540.566 -149.154 -174.924 -174.924
3.42 2.54774 540.566 -149.154 -174.924 -174.924
3.43 2.54774 540.566 -149.154 -174.924 -174.924
3.44 2.54774 540.566 -149.154 -174.924 -174.924
3.45 2.54774 540.566 -149.154 -174.924 -174.924
3.46 2.54774 540.566 -149.154 -174.924 -174.924
3.47 2.54774 540.566 -149.154 -174.924 -174.924
3.48 2.54774 540.566 -149.154 -174.924 -174.924
3.49 2.54774 540.566 -149.154 -174.924 -174.924
3.5 2.54774 540.566 -149.154 -174.924 -174.924
3.51 2.54774 540.566 -149.154 -174.924 -174.924
3.52 2.54774 540.566 -149.154 -174.924 -174.924
3.53 2.54774 540.566 -149.154 -174.924 -174.924
3.54 2.54774 540.566 -149.154 -174.924 -174.924
3.55 2.54774 540.566 -149.154 -174.924 -174.924
3.56 2.54774 540.566 -149.154 -174.924 -174.924
3.57 2.54774 540.566 -149.154 -174.924 -174.924
3.58 2.54774 540.566 -149.154 -174.924 -174.924
3.59 2.54774 540.566 -149.154 -174.924 -174.924
3.6 2.54774 540.566 -149.154 -174.924 -174.924
3.61 2.54774 540.566 -149.154 -174.924 -174.924
3.62 2.54774 540.566 -149.154 -174.924 -174.924
3.63 2.54774 540.566 -149.154 -174.924 -174.924
3.64 2.54774 540.566 -149.154 -174.924 -174.924
3.65 2.54774 540.566 -149.154 -174.924 -174.924
3.66 2.54774 540.566 -149.154 -174.924 -174.924
3.67 2.54774 540.566 -149.154 -174.924 -174.924
3.68 2.54774 540.566 -149.154 -174.924 -174.924
3.69 2.54774 540.566 -149.154 -174.924 -174.924
3.7 2.54774 540.566 -149.154 -174.924 -174.924
3.71 2.54774 540.566 -149.154 -174.924 -174.924
3.72 2.54774 540.566 -149.154 -174.924 -174.924
3.73 2.54774 540.566 -149.154 -174.924 -174.924
3.74 2.54774 540.566 -149.154 -174.924 -174.924
3.75 2.54774 540.566 -149.154 -174.924 -174.924
3.76 2.54774 540.566 -149.154 -174.924 -174.924
3.77 2.54774 540.566 -149.154 -174.924 -174.924
3.78 2.54774 540.566 -149.154 -174.924 -174.924
3.79 2.54774 540.566 -149.154 -174.924 -174.924
3.8 2.54774 540.566 -149.154 -174.924 -174.924
3.81 2.54774 540.566 -149.154 -174.924 -174.924
3.82 2.54774 540.566 -149.154 -174.924 -174.924
3.83 2.54774 540.566 -149.154 -174.924 -174.924
3.84 2.54774 540.566 -149.154 -174.924 -174.924
3.85 2.54774 540.566 -149.154 -174.924 -174.924
3.86 2.54774 540.566 -149.154 -174.924 -174.924
3.87 2.54774 540.566 -149.154 -174.924 -174.924
3.88 2.54774 540.566 -149.154 -174.924 -174.924
3.89 2.54774 540.566 -149.154 -174.924 -174.924
3.9 2.54774 540.566 -149.154 -174.924 -174.924
3.91 2.54774 540.566 -149.154 -174.924 -174.924
3.92 2.54774 540.566 -149.154 -174.924 -174.924
3.93 2.54774 540.566 -149.154 -174.924 -174.924
3.94 2.54774 540.566 -149.154 -174.924 -174.924
3.95 2.54774 540.566 -149.154 -174.924 -174.924
3.96 2.54774 540.566 -149.154 -174.924 -174.924
3.97 2.54774 540.566 -149.154 -174.924 -174.924
3.98 2.54774 540.566 -149.154 -174.924 -174.924
3.99 2.54774 540.566 -149.154 -174.924 -174.924
4 2.54774 540.566 -149.154 -174.924 -174.924
4.01 2.54774 540.566 -149.154 -174.924 -174.924
4.02 2.54774 540.566 -149.154 -174.924 -174.924
4.03 2.54774 540.566 -149.154 -174.924 -174.924
4.04 2.54774 540.566 -149.154 -174.924 -174.924
4.05 2.54774 540.566 -149.154 -174.924 -174.924
4.06 2.54774 540.566 -149.154 -174.924 -174.924
4.07 2.54774 540.566 -149.154 -174.924 -174.924
4.08 2.54774 540.566 -149.154 -174.924 -174.924
4.09 2.54774 540.566 -149.154 -174.924 -174.924
4.1 2.54774 540.566 -149.154 -174.924 -174.924
4.11 2.54774 540.566 -149.154 -174.924 -174.924
4.12 2.54774 540.566 -149.154 -174.924 -174.924
4.13 2.54774 540.566 -149.154 -174.924 -174.924
4.14 2.54774 540.566 -149.154 -174.924 -174.924
4.15 2.54774 540.566 -149.154 -174.924 -174.924
4.16 2.54774 540.566 -149.154 -174.924 -174.924
4.17 2.54774 540.566 -149.154 -174.924 -174.924
4.18 2.54774 540.566 -149.154 -174.924 -174.924
4.19 2.54774 540.566 -149.154 -174.924 -174.924
4.2 2.54774 540.566 -149.154 -174.924 -174.924
4.21 2.54774 540.566 -149.154 -174.924 -174.924
4.22 2.54774 540.566 -149.154 -174.924 -174.924
4.23 2.54774 540.566 -149.154 -174.924 -174.924
4.24 2.54774 540.566 -149.154 -174.924 -174.924
4.25 2.54774 540.566 -149.154 -174.924 -174.924
4.26 2.54774 540.566 -149.154 -174.924 -174.924
4.27 2.54774 540.566 -149.154 -174.924 -174.924
4.28 2.54774 540.566 -149.154 -174.924 -174.924
4.29 2.54774 540.566 -149.154 -174.924 -174.924
4.3 2.54774 540.566 -149.154 -174.924 -174.924
4.31 2.54774 540.566 -149.154 -174.924 -174.924
4.32 2.54774 540.566 -149.154 -174.924 -174.924
4.33 2.54774 540.566 -149.154 -174.924 -174.924
4.34 2.54774 540.566 -149.154 -174.924 -174.924
4.35 2.54774 540.566 -149.154 -174.924 -174.924
4.36 2.54774 540.566 -149.154 -174.924 -174.924
4.37 2.54774 540.566 -149.154 -174.924 -174.924
4.38 2.54774 540.566 -149.154 -174.924 -174.924
4.39 2.54774 540.566 -149.154 -174.924 -174.924
4.4 2.54774 540.566 -149.154 -174.924 -174.924
4.41 2.54774 540.566 -149.154 -174.924 -174.924
4.42 2.54774 540.566 -149.154 -174.924 -174.924
4.43 2.54774 540.566 -149.154 -174.924 -174.924
4.44 2.54774 540.566 -149.154 -174.924 -174.924
4.45 2.54774 540.566 -149.154 -174.924 -174.924
4.46 2.54774 540.566 -149.154 -174.924 -174.924
4.47 2.54774 540.566 -149.154 -174.924 -174.924
4.48 2.54774 540.566 -149.154 -174.924 -174.924
4.49 2.54774 540.566 -149.154 -174.924 -174.924
4.5 2.54774 540.566 -149.154 -174.924 -174.924
4.51 2.54774 540.566 -149.154 -174.924 -174.924
4.52 2.54774 540.566 -149.154 -174.924 -174.924
4.53 2.54774 540.566 -149.154 -174.924 -174.924
4.54 2.54774 540.566 -149.154 -174.924 -174.924
4.55 2.54774 540.566 -149.154 -174.924 -174.924
4.56 2.54774 540.566 -149.154 -174.924 -174.924
4.57 2.54774 540.566 -149.154 -174.924 -174.924
4.58 2.54774 540.566 -149.154 -174.924 -174.924
4.59 2.54774 540.566 -149.154 -174.924 -174.924
4.6 2.54774 540.566 -149.154 -174.924 -174.924
4.61 2.54774 540.566 -149.154 -174.924 -174.924
4.62 2.54774 540.566 -149.154 -174.924 -174.924
4.63 2.54774 540.566 -149.154 -174.924 -174.924
4.64 2.54774 540.566 -149.154 -174.924 -174.924
4.65 2.54774 540.566 -149.154 -174.924 -174.924
4.66 2.54774 540.566 -149.154 -174.924 -174.924
4.67 2.54774 540.566 -149.154 -174.924 -174.924
4.68 2.54774 540.566 -149.154 -174.924 -174.924
4.69 2.54774 540.566 -149.154 -174.924 -174.924
4.7 2.54774 540.566 -149.154 -174.924 -174.924
4.71 2.54774 540.566 -149.154 -174.924 -174.924
4.72 2.54774 540.566 -149.154 -174.924 -174.924
4.73 2.54774 540.566 -149.154 -174.924 -174.924
4.74 2.54774 540.566 -149.154 -174.924 -174.924
4.75 2.54774 540.566 -149.154 -174.924 -174.924
4.76 2.54774 540.566 -149.154 -174.924 -174.924
4.77 2.54774 540.566 -149.154 -174.924 -174.924
4.78 2.54774 540.566 -149.154 -174.924 -174.924
4.79 2.54774 540.566 -149.154 -174.924 -174.924
4.8 2.54774 540.566 -149.154 -174.924 -174.924
4.81 2.54774 540.566 -149.154 -174.924 -174.924
4.82 2.54774 540.566 -149.154 -174.924 -174.924
4.83 2.54774 540.566 -149.154 -174.924 -174.924
4.84 2.54774 540.566 -149.154 -174.924 -174.924
4.85 2.54774 540.566 -149.154 -174.924 -174.924
4.86 2.54774 540.566 -149.154 -174.924 -174.924
4.87 2.54774 540.566 -149.154 -174.924 -174.924
4.88 2.54774 540.566 -149.154 -174.924 -174.924
4.89 2.54774 540.566 -149.154 -174.924 -174.924
4.9 2.54774 540.566 -149.154 -174.924 -174.924
4.91 2.54774 540.566 -149.154 -174.924 -174.924
4.92 2.54774 540.566 -149.154 -174.924 -174.924
4.93 2.54774 540.566 -149.154 -174.924 -174.924
4.94 2.54774 540.566 -149.154 -174.924 -174.924
4.95 2.54774 540.566 -149.154 -174.924 -174.924
4.96 2.54774 540.566 -149.154 -174.924 -174.924
4.97 2.54774 540.566 -149.154 -174.924 -174.924
4.98 2.54774 540.566 -149.154 -174.924 -174.924
4.99 2.54774 540.566 -149.154 -174.924 -174.924
5 2.54774 540.566 -149.154 -174.924 -174.924
5.01 2.54774 540.566 -149.154 -174.924 -174.924
5.02 2.54774 540.566 -149.154 -174.924 -174.924
5.03 2.54774 540.566 -149.154 -174.924 -174.924
5.04 2.54774 540.566 -149.154 -174.924 -174.924
5.05 2.54774 540.566 -149.154 -174.924 -174.924
5.06 2.54774 540.566 -149.154 -174.924 -174.924
5.07 2.54774 540.566 -149.154 -174.924 -174.924
5.08 2.54774 540.566 -149.154 -174.924 -174.924
5.09 2.54774 540.566 -149.154 -174.924 -174.924
5.1 2.54774 540.566 -149.154 -174.924 -174.924
5.11 2.54774 540.566 -149.154 -174.924 -174.924
5.12 2.54774 540.566 -149.154 -174.924 -174.924
5.13 2.54774 540.566 -149.154 -174.924 -174.924
5.14 2.54774 540.566 -149.154 -174.924 -174.924
5.15 2.54774 540.566 -149.154 -174.924 -174.924
5.16 2.54774 540.566 -149.154 -174.924 -174.924
5.17 2.54774 540.566 -149.154 -174.924 -174.924
5.18 2.54774 540.566 -149.154 -174.924 -174.924
5.19 2.54774 540.566 -149.154 -174.924 -174.924
5.2 2.54774 540.566 -149.154 -174.924 -174.924
5.21 2.54774 540.566 -149.154 -174.924 -174.924
5.22 2.54774 540.566 -149.154 -174.924 -174.924
5.23 2.54774 540.566 -149.154 -174.924 -174.924
5.24 2.54774 540.566 -149.154 -174.924 -174.924
5.25 2.54774 540.566 -149.154 -174.924 -174.924
5.26 2.54774 540.566 -149.154 -174.924 -174.924
5.27 2.54774 540.566 -149.154 -174.924 -174.924
5.28 2.54774 540.566 -149.154 -174.924 -174.924
5.29 2.54774 540.566 -149.154 -174.924 -174.924
5.3 2.54774 540.566 -149.154 -174.924 -174.924
5.31 2.54774 540.566 -149.154 -174.924 -174.924
5.32 2.54774 540.566 -149.154 -174.924 -174.924
5.33 2.54774 540.566 -149.154 -174.924 -174.924
5.34 2.54774 540.566 -149.154 -174.924 -174.924
5.35 2.54774 540.566 -149.154 -174.924 -174.924
5.36 2.54774 540.566 -149.154 -174.924 -174.924
5.37 2.54774 540.566 -149.154 -174.924 -174.924
5.38 2.54774 540.566 -149.154 -174.924 -174.924
5.39 2.54774 540.566 -149.154 -174.924 -174.924
5.4 2.54774 540.566 -149.154 -174.924 -174.924
5.41 2.54774 540.566 -149.154 -174.924 -174.924
5.42 2.54774 540.566 -149.154 -174.924 -174.924
5.43 2.54774 540.566 -149.154 -174.924 -174.924
5.44 2.54774 540.566 -149.154 -174.924 -174.924
5.45 2.54774 540.566 -149.154 -174.924 -174.924
5.46 2.54774 540.566 -149.154 -174.924 -174.924
5.47 2.54774 540.566 -149.154 -174.924 -174.924
5.48 2.54774 540.566 -149.154 -174.924 -174.924
5.49 2.54774 540.566 -149.154 -174.924 -174.924
5.5 2.54774 540.566 -149.154 -174.924 -174.924
5.51 2.54774 540.566 -149.154 -174.924 -174.924
5.52 2.54774 540.566 -149.154 -174.924 -174.924
5.53 2.54774 540.566 -149.154 -174.924 -174.924
5.54 2.54774 540.566 -149.154 -174.924 -174.924
5.55 2.54774 540.566 -149.154 -174.924 -174.924
5.56 2.54774 540.566 -149.154 -174.924 -174.924
5.57 2.54774 540.566 -149.154 -174.924 -174.924
5.58 2.54774 540.566 -149.154 -174.924 -174.924
5.59 2.54774 540.566 -149.154 -174.924 -174.924
5.6 2.54774 540.566 -149.154 -174.924 -174.924
5.61 2.54774 540.566 -149.154 -174.924 -174.924
5.62 2.54774 540.566 -149.154 -174.924 -174.924
5.63 2.54774 540.566 -149.154 -174.924 -174.924
5.64 2.54774 540.566 -149.154 -174.924 -174.924
5.65 2.54774 540.566 -149.154 -174.924 -174.924
5.66 2.54774 540.566 -149.154 -174.924 -174.924
5.67 2.54774 540.566 -149.154 -174.924 -174.924
5.68 2.54774 540.566 -149.154 -174.924 -174.924
5.69 2.54774 540.566 -149.154 -174.924 -174.924
5.7 2.54774 540.566 -149.154 -174.924 -174.924
5.71 2.54774 540.566 -149.154 -174.924 -174.924
5.72 2.54774 540.566 -149.154 -174.924 -174.924
5.73 2.54774 540.566 -149.154 -174.924 -174.924
5.74 2.54774 540.566 -149.154 -174.924 -174.924
5.75 2.54774 540.566 -149.154 -174.924 -174.924
5.76 2.54774 540.566 -149.154 -174.924 -174.924
5.77 2.54774 540.566 -149.154 -174.924 -174.924
5.78 2.54774 540.566 -149.154 -174.924 -174.924
5.79 2.54774 540.566 -149.154 -174.924 -174.924
5.8 2.54774 540.566 -149.154 -174.924 -174.924
5.81 2.54774 540.566 -149.154 -174.924 -174.924
5.82 2.54774 540.566 -149.154 -174.924 -174.924
5.83 2.54774 540.566 -149.154 -174.924 -174.924
5.84 2.54774 540.566 -149.154 -174.924 -174.924
5.85 2.54774 540.566 -149.154 -174.924 -174.924
5.86 2.54774 540.566 -149.154 -174.924 -174.924
5.87 2.54774 540.566 -149.154 -174.924 -174.924
5.88 2.54774 540.566 -149.154 -174.924 -174.924
5.89 2.54774 540.566 -149.154 -174.924 -174.924
5.9 2.54774 540.566 -149.154 -174.924 -174.924
5.91 2.54774 540.566 -149.154 -174.924 -174.924
5.92 2.54774 540.566 -149.154 -174.924 -174.924
5.93 2.54774 540.566 -149.154 -174.924 -174.924
5.94 2.54774 540.566 -149.154 -174.924 -174.924
5.95 2.54774 540.566 -149.154 -174.924 -174.924
5.96 2.54774 540.566 -149.154 -174.924 -174.924
5.97 2.54774 540.566 -149.154 -174.924 -174.924
5.98 2.54774 540.566 -149.154 -174.924 -174.924
5.99 2.54774 540.566 -149.154 -174.924 -174.924
6 2.54774 540.566 -149.154 -174.924 -174.924
6.01 2.54774 540.566 -149.154 -174.924 -174.924
6.02 2.54774 540.566 -149.154 -174.924 -174.924
6.03 2.54774 540.566 -149.154 -174.924 -174.924
6.04 2.54774 540.566 -149.154 -174.924 -174.924
6.05 2.54774 540.566 -149.154 -174.924 -174.924
6.06 2.54774 540.566 -149.154 -174.924 -174.924
6.07 2.54774 540.566 -149.154 -174.924 -174.924
6.08 2.54774 540.566 -149.154 -174.924 -174.924
6.09 2.54774 540.566 -149.154 -174.924 -174.924
6.1 2.54774 540.566 -149.154 -174.924 -174.924
6.11 2.54774 540.566 -149.154 -174.924 -174.924
6.12 2.54774 540.566 -149.154 -174.924 -174.924
6.13 2.54774 540.566 -149.154 -174.924 -174.924
6.14 2.54774 540.566 -149.154 -174.924 -174.924
6.15 2.54774 540.566 -149.154 -174.924 -174.924
6.16 2.54774 540.566 -149.154 -174.924 -174.924
6.17 2.54774 540.566 -149.154 -174.924 -174.924
6.18 2.54774 540.566 -149.154 -174.924 -174.924
6.19 2.54774 540.566 -149.154 -174.924 -174.924
6.2 2.54774 540.566 -149.154 -174.924 -174.924
6.21 2.54774 540.566 -149.154 -174.924 -174.924
6.22 2.54774 540.566 -149.154 -174.924 -174.924
6.23 2.54774 540.566 -149.154 -174.924 -174.924
6.24 2.54774 540.566 -149.154 -174.924 -174.924
6.25 2.54774 540.566 -149.154 -174.924 -174.924
6.26 2.54774 540.566 -149.154 -174.924 -174.924
6.27 2.54774 540.566 -149.154 -174.924 -174.924
6.28 2.54774 540.566 -149.154 -174.924 -174.924
6.29 2.54774 540.566 -149.154 -174.924 -174.924
6.3 2.54774 540.566 -149.154 -174.924 -174.924
6.31 2.54774 540.566 -149.154 -174.924 -174.924
6.32 2.54774 540.566 -149.154 -174.924 -174.924
6.33 2.54774 540.566 -149.154 -174.924 -174.924
6.34 2.54774 540.566 -149.154 -174.924 -174.924
6.35 2.54774 540.566 -149.154 -174.924 -174.924
6.36 2.54774 540.566 -149.154 -174.924 -174.924
6.37 2.54774 540.566 -149.154 -174.924 -174.924
6.38 2.54774 540.566 -149.154 -174.924 -174.924
6.39 2.54774 540.566 -149.154 -174.924 -174.924
6.4 2.54774 540.566 -149.154 -174.924 -174.924
6.41 2.54774 540.566 -149.154 -174.924 -174.924
6.42 2.54774 540.566 -149.154 -174.924 -174.924
6.43 2.54774 540.566 -149.154 -174.924 -174.924
6.44 2.54774 540.566 -149.154 -174.924 -174.924
6.45 2.54774 540.566 -149.154 -174.924 -174.924
6.46 2.54774 540.566 -149.154 -174.924 -174.924
6.47 2.54774 540.566 -149.154 -174.924 -174.924
6.48 2.54774 540.566 -149.154 -174.924 -174.924
6.49 2.54774 540.566 -149.154 -174.924 -174.924
6.5 2.54774 540.566 -149.154 -174.924 -174.924
6.51 2.54774 540.566 -149.154 -174.924 -174.924
6.52 2.54774 540.566 -149.154 -174.924 -174.924
6.53 2.54774 540.566 -149.154 -174.924 -174.924
6.54 2.54774 540.566 -149.154 -174.924 -174.924
6.55 2.54774 540.566 -149.154 -174.924 -174.924
6.56 2.54774 540.566 -149.154 -174.924 -174.924
6.57 2.54774 540.566 -149.154 -174.924 -174.924
6.58 2.54774 540.566 -149.154 -174.924 -174.924
6.59 2.54774 540.566 -149.154 -174.924 -174.924
6.6 2.54774 540.566 -149.154 -174.924 -174.924
6.61 2.54774 540.566 -149.154 -174.924 -174.924
6.62 2.54774 540.566 -149.154 -174.924 -174.924
6.63 2.54774 540.566 -149.154 -174.924 -174.924
6.64 2.54774 540.566 -149.154 -174.924 -174.924
6.65 2.54774 540.566 -149.154 -174.924 -174.924
6.66 2.54774 540.566 -149.154 -174.924 -174.924
6.67 2.54774 540.566 -149.154 -174.924 -174.924
6.68 2.54774 540.566 -149.154 -174.924 -174.924
6.69 2.54774 540.566 -149.154 -174.924 -174.924
6.7 2.54774 540.566 -149.154 -174.924 -174.924
6.71 2.54774 540.566 -149.154 -174.924 -174.924
6.72 2.54774 540.566 -149.154 -174.924 -174.924
6.73 2.54774 540.566 -149.154 -174.924 -174.924
6.74 2.54774 540.566 -149.154 -174.924 -174.924
6.75 2.54774 540.566 -149.154 -174.924 -174.924
6.76 2.54774 540.566 -149.154 -174.924 -174.924
6.77 2.54774 540.566 -149.154 -174.924 -174.924
6.78 2.54774 540.566 -149.154 -174.924 -174.924
6.79 2.54774 540.566 -149.154 -174.924 -174.924
6.8 2.54774 540.566 -149.154 -174.924 -174.924
6.81 2.54774 540.566 -149.154 -174.924 -174.924
6.82 2.54774 540.566 -149.154 -174.924 -174.924
6.83 2.54774 540.566 -149.154 -174.924 -174.924
6.84 2.54774 540.566 -149.154 -174.924 -174.924
6.85 2.54774 540.566 -149.154 -174.924 -174.924
6.86 2.54774 540.566 -149.154 -174.924 -174.924
6.87 2.54774 540.566 -149.154 -174.924 -174.924
6.88 2.54774 540.566 -149.154 -174.924 -174.924
6.89 2.54774 540.566 -149.154 -174.924 -174.924
6.9 2.54774 540.566 -149.154 -174.924 -174.924
6.91 2.54774 540.566 -149.154 -174.924 -174.924
6.92 2.54774 540.566 -149.154 -174.924 -174.924
6.93 2.54774 540.566 -149.154 -174.924 -174.924
6.94 2.54774 540.566 -149.154 -174.924 -174.924
6.95 2.54774 540.566 -149.154 -174.924 -174.924
6.96 2.54774 540.566 -149.154 -174.924 -174.924
6.97 2.54774 540.566 -149.154 -174.924 -174.924
6.98 2.54774 540.566 -149.154 -174.924 -174.924
6.99 2.54774 540.566 -149.154 -174.924 -174.924
7 2.54774 540.566 -149.154 -174.924 -174.924
7.01 2.54774 540.566 -149.154 -174.924 -174.924
7.02 2.54774 540.566 -149.154 -174.924 -174.924
7.03 2.54774 540.566 -149.154 -174.924 -174.924
7.04 2.54774 540.566 -149.154 -174.924 -174.924
7.05 2.54774 540.566 -149.154 -174.924 -174.924
7.06 2.54774 540.566 -149.154 -174.924 -174.924
7.07 2.54774 540.566 -149.154 -174.924 -174.924
7.08 2.54774 540.566 -149.154 -174.924 -174.924
7.09 2.54774 540.566 -149.154 -174.924 -174.924
7.1 2.54774 540.566 -149.154 -174.924 -174.924
7.11 2.54774 540.566 -149.154 -174.924 -174.924
7.12 2.54774 540.566 -149.154 -174.924 -174.924
7.13 2.54774 540.566 -149.154 -174.924 -174.924
7.14 2.54774 540.566 -149.154 -174.924 -174.924
7.15 2.54774 540.566 -149.154 -174.924 -174.924
7.16 2.54774 540.566 -149.154 -174.924 -174.924
7.17 2.54774 540.566 -149.154 -174.924 -174.924
7.18 2.54774 540.566 -149.154 -174.924 -174.924
7.19 2.54774 540.566 -149.154 -174.924 -174.924
7.2 2.54774 540.566 -149.154 -174.924 -174.924
7.21 2.54774 540.566 -149.154 -174.924 -174.924
7.22 2.54774 540.566 -149.154 -174.924 -174.924
7.23 2.54774 540.566 -149.154 -174.924 -174.924
7.24 2.54774 540.566 -149.154 -174.924 -174.924
7.25 2.54774 540.566 -149.154 -174.924 -174.924
7.26 2.54774 540.566 -149.154 -174.924 -174.924
7.27 2.54774 540.566 -149.154 -174.924 -174.924
7.28 2.54774 540.566 -149.154 -174.924 -174.924
7.29 2.54774 540.566 -149.154 -174.924 -174.924
7.3 2.54774 540.566 -149.154 -174.924 -174.924
7.31 2.54774 540.566 -149.154 -174.924 -174.924
7.32 2.54774 540.566 -149.154 -174.924 -174.924
7.33 2.54774 540.566 -149.154 -174.924 -174.924
7.34 2.54774 540.566 -149.154 -174.924 -174.924
7.35 2.54774 540.566 -149.154 -174.924 -174.924
7.36 2.54774 540.566 -149.154 -174.924 -174.924
7.37 2.54774 540.566 -149.154 -174.924 -174.924
7.38 2.54774 540.566 -149.154 -174.924 -174.924
7.39 2.54774 540.566 -149.154 -174.924 -174.924
7.4 2.54774 540.566 -149.154 -174.924 -174.924
7.41 2.54774 540.566 -149.154 -174.924 -174.924
7.42 2.54774 540.566 -149.154 -174.924 -174.924
7.43 2.54774 540.566 -149.154 -174.924 -174.924
7.44 2.54774 540.566 -149.154 -174.924 -174.924
7.45 2.54774 540.566 -149.154 -174.924 -174.924
7.46 2.54774 540.566 -149.154 -174.924 -174.924
7.47 2.54774 540.566 -149.154 -174.924 -174.924
7.48 2.54774 540.566 -149.154 -174.924 -174.924
7.49 2.54774 540.566 -149.154 -174.924 -174.924
7.5 2.54774 540.566 -149.154 -174.924 -174.924
7.51 2.54774 540.566 -149.154 -174.924 -174.924
7.52 2.54774 540.566 -149.154 -174.924 -174.924
7.53 2.54774 540.566 -149.154 -174.924 -174.924
7.54 2.54774 540.566 -149.154 -174.924 -174.924
7.55 2.54774 540.566 -149.154 -174.924 -174.924
7.56 2.54774 540.566 -149.154 -174.924 -174.924
7.57 2.54774 540.566 -149.154 -174.924 -174.924
7.58 2.54774 540.566 -149.154 -174.924 -174.924
7.59 2.54774 540.566 -149.154 -174.924 -174.924
7.6 2.54774 540.566 -149.154 -174.924 -174.924
7.61 2.54774 540.566 -149.154 -174.924 -174.924
7.62 2.54774 540.566 -149.154 -174.924 -174.924
7.63 2.54774 540.566 -149.154 -174.924 -174.924
7.64 2.54774 540.566 -149.154 -174.924 -174.924
7.65 2.54774 540.566 -149.154 -174.924 -174.924
7.66 2.54774 540.566 -149.154 -174.924 -174.924
7.67 2.54774 540.566 -149.154 -174.924 -174.924
7.68 2.54774 540.566 -149.154 -174.924 -174.924
7.69 2.54774 540.566 -149.154 -174.924 -174.924
7.7 2.54774 540.566 -149.154 -174.924 -174.924
7.71 2.54774 540.566 -149.154 -174.924 -174.924
7.72 2.54774 540.566 -149.154 -174.924 -174.924
7.73 2.54774 540.566 -149.154 -174.924 -174.924
7.74 2.54774 540.566 -149.154 -174.924 -174.924
7.75 2.54774 540.566 -149.154 -174.924 -174.924
7.76 2.54774 540.566 -149.154 -174.924 -174.924
7.77 2.54774 540.566 -149.154 -174.924 -174.924
7.78 2.54774 540.566 -149.154 -174.924 -174.924
7.79 2.54774 540.566 -149.154 -174.924 -174.924
7.8 2.54774 540.566 -149.154 -174.924 -174.924
7.81 2.54774 540.566 -149.154 -174.924 -174.924
7.82 2.54774 540.566 -149.154 -174.924 -174.924
7.83 2.54774 540.566 -149.154 -174.924 -174.924
7.84 2.54774 540.566 -149.154 -174.924 -174.924
7.85 2.54774 540.566 -149.154 -174.924 -174.924
7.86 2.54774 540.566 -149.154 -174.924 -174.924
7.87 2.54774 540.566 -149.154 -174.924 -174.924
7.88 2.54774 540.566 -149.154 -174.924 -174.924
7.89 2.54774 540.566 -149.154 -174.924 -174.924
7.9 2.54774 540.566 -149.154 -174.924 -174.924
7.91 2.54774 540.566 -149.154 -174.924 -174.924
7.92 2.54774 540.566 -149.154 -174.924 -174.924
7.93 2.54774 540.566 -149.154 -174.924 -174.924
7.94 2.54774 540.566 -149.154 -174.924 -174.924
7.95 2.54774 540.566 -149.154 -174.924 -174.924
7.96 2.54774 540.566 -149.154 -174.924 -174.924
7.97 2.54774 540.566 -149.154 -174.924 -174.924
7.98 2.54774 540.566 -149.154 -174.924 -174.924
7.99 2.54774 540.566 -149.154 -174.924 -174.924
8 2.54774 540.566 -149.154 -174.924 -174.924
8.01 2.54774 540.566 -149.154 -174.924 -174.924
8.02 2.54774 540.566 -149.154 -174.924 -174.924
8.03 2.54774 540.566 -149.154 -174.924 -174.924
8.04 2.54774 540.566 -149.154 -174.924 -174.924
8.05 2.54774 540.566 -149.154 -174.924 -174.924
8.06 2.54774 540.566 -149.154 -174.924 -174.924
8.07 2.54774 540.566 -149.154 -174.924 -174.924
8.08 2.54774 540.566 -149.154 -174.924 -174.924
8.09 2.54774 540.566 -149.154 -174.924 -174.924
8.1 2.54774 540.566 -149.154 -174.924 -174.924
8.11 2.54774 540.566 -149.154 -174.924 -174.924
8.12 2.54774 540.566 -149.154 -174.924 -174.924
8.13 2.54774 540.566 -149.154 -174.924 -174.924
8.14 2.54774 540.566 -149.154 -174.924 -174.924
8.15 2.54774 540.566 -149.154 -174.924 -174.924
8.16 2.54774 540.566 -149.154 -174.924 -174.924
8.17 2.54774 540.566 -149.154 -174.924 -174.924
8.18 2.54774 540.566 -149.154 -174.924 -174.924
8.19 2.54774 540.566 -149.154 -174.924 -174.924
8.2 2.54774 540.566 -149.154 -174.924 -174.924
8.21 2.54774 540.566 -149.154 -174.924 -174.924
8.22 2.54774 540.566 -149.154 -174.924 -174.924
8.23 2.54774 540.566 -149.154 -174.924 -174.924
8.24 2.54774 540.566 -149.154 -174.924 -174.924
8.25 2.54774 540.566 -149.154 -174.924 -174.924
8.26 2.54774 540.566 -149.154 -174.924 -174.924
8.27 2.54774 540.566 -149.154 -174.924 -174.924
8.28 2.54774 540.566 -149.154 -174.924 -174.924
8.29 2.54774 540.566 -149.154 -174.924 -174.924
8.3 2.54774 540.566 -149.154 -174.924 -174.924
8.31 2.54774 540.566 -149.154 -174.924 -174.924
8.32 2.54774 540.566 -149.154 -174.924 -174.924
8.33 2.54774 540.566 -149.154 -174.924 -174.924
8.34 2.54774 540.566 -149.154 -174.924 -174.924
8.35 2.54774 540.566 -149.154 -174.924 -174.924
8.36 2.54774 540.566 -149.154 -174.924 -174.924
8.37 2.54774 540.566 -149.154 -174.924 -174.924
8.38 2.54774 540.566 -149.154 -174.924 -174.924
8.39 2.54774 540.566 -149.154 -174.924 -174.924
8.4 2.54774 540.566 -149.154 -174.924 -174.924
8.41 2.54774 540.566 -149.154 -174.924 -174.924
8.42 2.54774 540.566 -149.154 -174.924 -174.924
8.43 2.54774 540.566 -149.154 -174.924 -174.924
8.44 2.54774 540.566 -149.154 -174.924 -174.924
8.45 2.54774 540.566 -149.154 -174.924 -174.924
8.46 2.54774 540.566 -149.154 -174.924 -174.924
8.47 2.54774 540.566 -149.154 -174.924 -174.924
8.48 2.54774 540.566 -149.154 -174.924 -174.924
8.49 2.54774 540.566 -149.154 -174.924 -174.924
8.5 2.54774 540.566 -149.154 -174.924 -174.924
8.51 2.54774 540.566 -149.154 -174.924 -174.924
8.52 2.54774 540.566 -149.154 -174.924 -174.924
8.53 2.54774 540.566 -149.154 -174.924 -174.924
8.54 2.54774 540.566 -149.154 -174.924 -174.924
8.55 2.54774 540.566 -149.154 -174.924 -174.924
8.56 2.54774 540.566 -149.154 -174.924 -174.924
8.57 2.54774 540.566 -149.154 -174.924 -174.924
8.58 2.54774 540.566 -149.154 -174.924 -174.924
8.59 2.54774 540.566 -149.154 -174.924 -174.924
8.6 2.54774 540.566 -149.154 -174.924 -174.924
8.61 2.54774 540.566 -149.154 -174.924 -174.924
8.62 2.54774 540.566 -149.154 -174.924 -174.924
8.63 2.54774 540.566 -149.154 -174.924 -174.924
8.64 2.54774 540.566 -149.154 -174.924 -174.924
8.65 2.54774 540.566 -149.154 -174.924 -174.924
8.66 2.54774 540.566 -149.154 -174.924 -174.924
8.67 2.54774 540.566 -149.154 -174.924 -174.924
8.68 2.54774 540.566 -149.154 -174.924 -174.924
8.69 2.54774 540.566 -149.154 -174.924 -174.924
8.7 2.54774 540.566 -149.154 -174.924 -174.924
8.71 2.54774 540.566 -149.154 -174.924 -174.924
8.72 2.54774 540.566 -149.154 -174.924 -174.924
8.73 2.54774 540.566 -149.154 -174.924 -174.924
8.74 2.54774 540.566 -149.154 -174.924 -174.924
8.75 2.54774 540.566 -149.154 -174.924 -174.924
8.76 2.54774 540.566 -149.154 -174.924 -174.924
8.77 2.54774 540.566 -149.154 -174.924 -174.924
8.78 2.54774 540.566 -149.154 -174.924 -174.924
8.79 2.54774 540.566 -149.154 -174.924 -174.924
8.8 2.54774 540.566 -149.154 -174.924 -174.924
8.81 2.54774 540.566 -149.154 -174.924 -174.924
8.82 2.54774 540.566 -149.154 -174.924 -174.924
8.83 2.54774 540.566 -149.154 -174.924 -174.924
8.84 2.54774 540.566 -149.154 -174.924 -174.924
8.85 2.54774 540.566 -149.154 -174.924 -174.924
8.86 2.54774 540.566 -149.154 -174.924 -174.924
8.87 2.54774 540.566 -149.154 -174.924 -174.924
8.88 2.54774 540.566 -149.154 -174.924 -174.924
8.89 2.54774 540.566 -149.154 -174.924 -174.924
8.9 2.54774 540.566 -149.154 -174.924 -174.924
8.91 2.54774 540.566 -149.154 -174.924 -174.924
8.92 2.54774 540.566 -149.154 -174.924 -174.924
8.93 2.54774 540.566 -149.154 -174.924 -174.924
8.94 2.54774 540.566 -149.154 -174.924 -174.924
8.95 2.54774 540.566 -149.154 -174.924 -174.924
8.96 2.54774 540.566 -149.154 -174.924 -174.924
8.97 2.54774 540.566 -149.154 -174.924 -174.924
8.98 2.54774 540.566 -149.154 -174.924 -174.924
8.99 2.54774 540.566 -149.154 -174.924 -174.924
9 2.54774 540.566 -149.154 -174.924 -174.924
9.01 2.54774 540.566 -149.154 -174.924 -174.924
9.02 2.54774 540.566 -149.154 -174.924 -174.924
9.03 2.54774 540.566 -149.154 -174.924 -174.924
9.04 2.54774 540.566 -149.154 -174.924 -174.924
9.05 2.54774 540.566 -149.154 -174.924 -174.924
9.06 2.54774 540.566 -149.154 -174.924 -174.924
9.07 2.54774 540.566 -149.154 -174.924 -174.924
9.08 2.54774 540.566 -149.154 -174.924 -174.924
9.09 2.54774 540.566 -149.154 -174.924 -174.924
9.1 2.54774 540.566 -149.154 -174.924 -174.924
9.11 2.54774 540.566 -149.154 -174.924 -174.924
9.12 2.54774 540.566 -149.154 -174.924 -174.924
9.13 2.54774 540.566 -149.154 -174.924 -174.924
9.14 2.54774 540.566 -149.154 -174.924 -174.924
9.15 2.54774 540.566 -149.154 -174.924 -174.924
9.16 2.54774 540.566 -149.154 -174.924 -174.924
9.17 2.54774 540.566 -149.154 -174.924 -174.924
9.18 2.54774 540.566 -149.154 -174.924 -174.924
9.19 2.54774 540.566 -149.154 -174.924 -174.924
9.2 2.54774 540.566 -149.154 -174.924 -174.924
9.21 2.54774 540.566 -149.154 -174.924 -174.924
9.22 2.54774 540.566 -149.154 -174.924 -174.924
9.23 2.54774 540.566 -149.154 -174.924 -174.924
9.24 2.54774 540.566 -149.154 -174.924 -174.924
9.25 2.54774 540.566 -149.154 -174.924 -174.924
9.26 2.54774 540.566 -149.154 -174.924 -174.924
9.27 2.54774 540.566 -149.154 -174.924 -174.924
9.28 2.54774 540.566 -149.154 -174.924 -174.924
9.29 2.54774 540.566 -149.154 -174.924 -174.924
9.3 2.54774 540.566 -149.154 -174.924 -174.924
9.31 2.54774 540.566 -149.154 -174.924 -174.924
9.32 2.54774 540.566 -149.154 -174.924 -174.924
9.33 2.54774 540.566 -149.154 -174.924 -174.924
9.34 2.54774 540.566 -149.154 -174.924 -174.924
9.35 2.54774 540.566 -149.154 -174.924 -174.924
9.36 2.54774 540.566 -149.154 -174.924 -174.924
9.37 2.54774 540.566 -149.154 -174.924 -174.924
9.38 2.54774 540.566 -149.154 -174.924 -174.924
9.39 2.54774 540.566 -149.154 -174.924 -174.924
9.4 2.54774 540.566 -149.154 -174.924 -174.924
9.41 2.54774 540.566 -149.154 -174.924 -174.924
9.42 2.54774 540.566 -149.154 -174.924 -174.924
9.43 2.54774 540.566 -149.154 -174.924 -174.924
9.44 2.54774 540.566 -149.154 -174.924 -174.924
9.45 2.54774 540.566 -149.154 -174.924 -174.924
9.46 2.54774 540.566 -149.154 -174.924 -174.924
9.47 2.54774 540.566 -149.154 -174.924 -174.924
9.48 2.54774 540.566 -149.154 -174.924 -174.924
9.49 2.54774 540.566 -149.154 -174.924 -174.924
9.5 2.54774 540.566 -149.154 -174.924 -174.924
9.51 2.54774 540.566 -149.154 -174.924 -174.924
9.52 2.54774 540.566 -149.154 -174.924 -174.924
9.53 2.54774 540.566 -149.154 -174.924 -174.924
9.54 2.54774 540.566 -149.154 -174.924 -174.924
9.55 2.54774 540.566 -149.154 -174.924 -174.924
9.56 2.54774 540.566 -149.154 -174.924 -174.924
9.57 2.54774 540.566 -149.154 -174.924 -174.924
9.58 2.54774 540.566 -149.154 -174.924 -174.924
9.59 2.54774 540.566 -149.154 -174.924 -174.924
9.6 2.54774 540.566 -149.154 -174.924 -174.924
9.61 2.54774 540.566 -149.154 -174.924 -174.924
9.62 2.54774 540.566 -149.154 -174.924 -174.924
9.63 2.54774 540.566 -149.154 -174.924 -174.924
9.64 2.54774 540.566 -149.154 -174.924 -174.924
9.65 2.54774 540.566 -149.154 -174.924 -174.924
9.66 2.54774 540.566 -149.154 -174.924 -174.924
9.67 2.54774 540.566 -149.154 -174.924 -174.924
9.68 2.54774 540.566 -149.154 -174.924 -174.924
9.69 2.54774 540.566 -149.154 -174.924 -174.924
9.7 2.54774 540.566 -149.154 -174.924 -174.924
9.71 2.54774 540.566 -149.154 -174.924 -174.924
9.72 2.54774 540.566 -149.154 -174.924 -174.924
9.73 2.54774 540.566 -149.154 -174.924 -174.924
9.74 2.54774 540.566 -149.154 -174.924 -174.924
9.75 2.54774 540.566 -149.154 -174.924 -174.924
9.76 2.54774 540.566 -149.154 -174.924 -174.924
9.77 2.54774 540.566 -149.154 -174.924 -174.924
9.78 2.54774 540.566 -149.154 -174.924 -174.924
9.79 2.54774 540.566 -149.154 -174.924 -174.924
9.8 2.54774 540.566 -149.154 -174.924 -174.924
9.81 2.54774 540.566 -149.154 -174.924 -174.924
9.82 2.54774 540.566 -149.154 -174.924 -174.924
9.83 2.54774 540.566 -149.154 -174.924 -174.924
9.84 2.54774 540.566 -149.154 -174.924 -174.924
9.85 2.54774 540.566 -149.154 -174.924 -174.924
9.86 2.54774 540.566 -149.154 -174.924 -174.924
9.87 2.54774 540.566 -149.154 -174.924 -174.924
9.88 2.54774 540.566 -149.154 -174.924 -174.924
9.89 2.54774 540.566 -149.154 -174.924 -174.924
9.9 2.54774 540.566 -149.154 -174.924 -174.924
9.91 2.54774 540.566 -149.154 -174.924 -174.924
9.92 2.54774 540.566 -149.154 -174.924 -174.924
9.93 2.54774 540.566 -149.154 -174.924 -174.924
9.94 2.54774 540.566 -149.154 -174.924 -174.924
9.95 2.54774 540.566 -149.154 -174.924 -174.924
9.96 2.54774 540.566 -149.154 -174.924 -174.924
9.97 2.54774 540.566 -149.154 -174.924 -174.924
9.98 2.54774 540.566 -149.154 -174.924 -174.924
9.99 2.54774 540.566 -149.154 -174.924 -174.924
10 2.54774 540.566 -149.154 -174.924 -174.924
