0.1 0.0120493 -301.733 1.57803e-011 10.9109 10.9109
0.2 0.0483601 -603.452 7.23244e-011 21.8308 21.8308
0.3 0.109181 -905.155 -2.30678e-011 32.7596 32.7596
0.4 0.194765 -1206.84 -2.14158e-011 43.6972 43.6972
0.5 0.305372 -1508.51 -1.92905e-010 54.6437 54.6437
0.6 0.37149 -1808.93 -1.67098e-010 65.6243 65.6243
0.7 0.0449209 -2104.06 -1.62061e-010 76.5415 76.5415
0.8 -0.905167 -2393.47 -1.5951e-010 87.2525 87.2525
0.9 -2.42632 -2678.4 -1.56561e-010 97.8152 97.8152
1 -4.59268 -2960.33 -1.60362e-010 108.28 108.28
0.01 -4.59268 -2960.33 3.80425e-011 108.28 108.28
0.02 -4.59268 -2960.33 1.86873e-011 108.28 108.28
0.03 -4.59268 -2960.33 -5.68434e-012 108.28 108.28
0.04 -4.59268 -2960.33 9.40048e-012 108.28 108.28
0.05 -4.59268 -2960.33 7.3328e-012 108.28 108.28
0.06 -4.59268 -2960.33 9.6847e-012 108.28 108.28
0.07 -4.59268 -2960.33 8.19256e-012 108.28 108.28
0.08 -4.59268 -2960.33 8.46967e-012 108.28 108.28
0.09 -4.59268 -2960.33 8.39862e-012 108.28 108.28
0.1 -4.59268 -2960.33 8.14993e-012 108.28 108.28
0.11 -4.59268 -2960.33 8.5052e-012 108.28 108.28
0.12 -4.59268 -2960.33 8.01492e-012 108.28 108.28
0.13 -4.59268 -2960.33 8.70415e-012 108.28 108.28
0.14 -4.59268 -2960.33 7.8586e-012 108.28 108.28
0.15 -4.59268 -2960.33 8.98126e-012 108.28 108.28
0.16 -4.59268 -2960.33 7.41096e-012 108.28 108.28
0.17 -4.59268 -2960.33 9.48575e-012 108.28 108.28
0.18 -4.59268 -2960.33 7.16938e-012 108.28 108.28
0.19 -4.59268 -2960.33 9.91918e-012 108.28 108.28
0.2 -4.59268 -2960.33 6.19593e-012 108.28 108.28
0.21 -4.59268 -2960.33 8.91731e-012 108.28 108.28
0.22 -4.59268 -2960.33 7.8515e-012 108.28 108.28
0.23 -4.59268 -2960.33 8.31335e-012 108.28 108.28
0.24 -4.59268 -2960.33 7.43228e-012 108.28 108.28
0.25 -4.59268 -2960.33 -2.30287e-011 108.28 108.28
0.26 -4.59268 -2960.33 3.11218e-012 108.28 108.28
0.27 -4.59268 -2960.33 -2.41437e-009 108.28 108.28
0.28 -4.59268 -2960.33 2.83663e-010 108.28 108.28
0.29 -4.59268 -2960.33 1.37262e-009 108.28 108.28
0.3 -4.59268 -2960.33 -4.0793e-010 108.28 108.28
0.31 -4.59268 -2960.33 2.44249e-010 108.28 108.28
0.32 -4.59268 -2960.33 -5.49967e-010 108.28 108.28
0.33 -4.59268 -2960.33 3.8812e-010 108.28 108.28
0.34 -4.59268 -2960.33 -6.86299e-010 108.28 108.28
0.35 -4.59268 -2960.33 5.24942e-010 108.28 108.28
0.36 -4.59268 -2960.33 -8.07418e-010 108.28 108.28
0.37 -4.59268 -2960.33 5.81522e-010 108.28 108.28
0.38 -4.59268 -2960.33 -7.45644e-010 108.28 108.28
0.39 -4.59268 -2960.33 5.73607e-010 108.28 108.28
0.4 -4.59268 -2960.33 -7.69411e-010 108.28 108.28
0.41 -4.59268 -2960.33 5.75319e-010 108.28 108.28
0.42 -4.59268 -2960.33 -7.30019e-010 108.28 108.28
0.43 -4.59268 -2960.33 5.55396e-010 108.28 108.28
0.44 -4.59268 -2960.33 -7.56614e-010 108.28 108.28
0.45 -4.59268 -2960.33 5.24807e-010 108.28 108.28
0.46 -4.59268 -2960.33 -7.44208e-010 108.28 108.28
0.47 -4.59268 -2960.33 6.32731e-010 108.28 108.28
0.48 -4.59268 -2960.33 -6.61529e-010 108.28 108.28
0.49 -4.59268 -2960.33 6.45215e-010 108.28 108.28
0.5 -4.59268 -2960.33 -6.1371e-010 108.28 108.28
0.51 -4.59268 -2960.33 8.96705e-012 108.28 108.28
0.52 -4.59268 -2960.33 3.50298e-012 108.28 108.28
0.53 -4.59268 -2960.33 1.59019e-011 108.28 108.28
0.54 -4.59268 -2960.33 -3.24718e-012 108.28 108.28
0.55 -4.59268 -2960.33 2.30713e-011 108.28 108.28
0.56 -4.59268 -2960.33 -1.26903e-011 108.28 108.28
0.57 -4.59268 -2960.33 3.03118e-011 108.28 108.28
0.58 -4.59268 -2960.33 6.07514e-012 108.28 108.28
0.59 -4.59268 -2960.33 1.63993e-011 108.28 108.28
0.6 -4.59268 -2960.33 -8.31335e-013 108.28 108.28
0.61 -4.59268 -2960.33 -3.4963e-010 108.28 108.28
0.62 -4.59268 -2960.33 -2.19856e-010 108.28 108.28
0.63 -4.59268 -2960.33 2.94136e-010 108.28 108.28
0.64 -4.59268 -2960.33 5.44603e-010 108.28 108.28
0.65 -4.59268 -2960.33 -1.90347e-010 108.28 108.28
0.66 -4.59268 -2960.33 3.00147e-010 108.28 108.28
0.67 -4.59268 -2960.33 4.49482e-010 108.28 108.28
0.68 -4.59268 -2960.33 3.11289e-011 108.28 108.28
0.69 -4.59268 -2960.33 -1.993e-010 108.28 108.28
0.7 -4.59268 -2960.33 2.75143e-010 108.28 108.28
0.71 -4.59268 -2960.33 -3.66491e-010 108.28 108.28
0.72 -4.59268 -2960.33 2.4874e-010 108.28 108.28
0.73 -4.59268 -2960.33 1.67972e-011 108.28 108.28
0.74 -4.59268 -2960.33 -1.26001e-010 108.28 108.28
0.75 -4.59268 -2960.33 6.64286e-011 108.28 108.28
0.76 -4.59268 -2960.33 -9.55538e-011 108.28 108.28
0.77 -4.59268 -2960.33 3.82421e-010 108.28 108.28
0.78 -4.59268 -2960.33 2.58012e-010 108.28 108.28
0.79 -4.59268 -2960.33 -1.45128e-010 108.28 108.28
0.8 -4.59268 -2960.33 2.34188e-010 108.28 108.28
0.81 -4.59268 -2960.33 2.16858e-010 108.28 108.28
0.82 -4.59268 -2960.33 -2.18634e-010 108.28 108.28
0.83 -4.59268 -2960.33 2.61004e-010 108.28 108.28
0.84 -4.59268 -2960.33 -1.3916e-010 108.28 108.28
0.85 -4.59268 -2960.33 3.31219e-010 108.28 108.28
0.86 -4.59268 -2960.33 2.64663e-010 108.28 108.28
0.87 -4.59268 -2960.33 -2.79009e-010 108.28 108.28
0.88 -4.59268 -2960.33 1.53335e-010 108.28 108.28
0.89 -4.59268 -2960.33 -9.61791e-011 108.28 108.28
0.9 -4.59268 -2960.33 1.94191e-011 108.28 108.28
0.91 -4.59268 -2960.33 2.7368e-010 108.28 108.28
0.92 -4.59268 -2960.33 9.90497e-011 108.28 108.28
0.93 -4.59268 -2960.33 3.54056e-010 108.28 108.28
0.94 -4.59268 -2960.33 -1.57797e-010 108.28 108.28
0.95 -4.59268 -2960.33 3.17847e-010 108.28 108.28
0.96 -4.59268 -2960.33 4.9198e-011 108.28 108.28
0.97 -4.59268 -2960.33 -3.50816e-010 108.28 108.28
0.98 -4.59268 -2960.33 1.98902e-010 108.28 108.28
0.99 -4.59268 -2960.33 -2.25654e-010 108.28 108.28
1 -4.59268 -2960.33 1.46066e-010 108.28 108.28
1.01 -4.59268 -2960.33 -2.05709e-010 108.28 108.28
1.02 -4.59268 -2960.33 -1.25006e-010 108.28 108.28
1.03 -4.59268 -2960.33 3.87864e-010 108.28 108.28
1.04 -4.59268 -2960.33 -8.0405e-011 108.28 108.28
1.05 -4.59268 -2960.33 5.60981e-010 108.28 108.28
1.06 -4.59268 -2960.33 -1.05246e-010 108.28 108.28
1.07 -4.59268 -2960.33 -1.09388e-010 108.28 108.28
1.08 -4.59268 -2960.33 -5.16216e-010 108.28 108.28
1.09 -4.59268 -2960.33 9.59233e-012 108.28 108.28
1.1 -4.59268 -2960.33 -2.18158e-010 108.28 108.28
1.11 -4.59268 -2960.33 9.76712e-011 108.28 108.28
1.12 -4.59268 -2960.33 1.10248e-010 108.28 108.28
1.13 -4.59268 -2960.33 1.26334e-011 108.28 108.28
1.14 -4.59268 -2960.33 -7.60494e-011 108.28 108.28
1.15 -4.59268 -2960.33 -1.16714e-010 108.28 108.28
1.16 -4.59268 -2960.33 -5.05267e-011 108.28 108.28
1.17 -4.59268 -2960.33 -7.47917e-011 108.28 108.28
1.18 -4.59268 -2960.33 -8.39506e-011 108.28 108.28
1.19 -4.59268 -2960.33 -8.18048e-011 108.28 108.28
1.2 -4.59268 -2960.33 -4.9539e-011 108.28 108.28
1.21 -4.59268 -2960.33 -1.26619e-010 108.28 108.28
1.22 -4.59268 -2960.33 4.29168e-011 108.28 108.28
1.23 -4.59268 -2960.33 1.56504e-010 108.28 108.28
1.24 -4.59268 -2960.33 -2.47553e-011 108.28 108.28
1.25 -4.59268 -2960.33 7.85363e-011 108.28 108.28
1.26 -4.59268 -2960.33 7.09193e-011 108.28 108.28
1.27 -4.59268 -2960.33 9.98526e-011 108.28 108.28
1.28 -4.59268 -2960.33 -4.21345e-010 108.28 108.28
1.29 -4.59268 -2960.33 5.68846e-010 108.28 108.28
1.3 -4.59268 -2960.33 -8.5268e-010 108.28 108.28
1.31 -4.59268 -2960.33 4.9284e-010 108.28 108.28
1.32 -4.59268 -2960.33 -3.69042e-010 108.28 108.28
1.33 -4.59268 -2960.33 4.98986e-010 108.28 108.28
1.34 -4.59268 -2960.33 -5.7743e-010 108.28 108.28
1.35 -4.59268 -2960.33 5.23293e-010 108.28 108.28
1.36 -4.59268 -2960.33 -8.4907e-010 108.28 108.28
1.37 -4.59268 -2960.33 4.45333e-010 108.28 108.28
1.38 -4.59268 -2960.33 -1.05695e-009 108.28 108.28
1.39 -4.59268 -2960.33 4.24748e-010 108.28 108.28
1.4 -4.59268 -2960.33 -7.26978e-010 108.28 108.28
1.41 -4.59268 -2960.33 4.14602e-010 108.28 108.28
1.42 -4.59268 -2960.33 -7.36591e-010 108.28 108.28
1.43 -4.59268 -2960.33 4.84e-010 108.28 108.28
1.44 -4.59268 -2960.33 -7.93555e-010 108.28 108.28
1.45 -4.59268 -2960.33 3.22125e-010 108.28 108.28
1.46 -4.59268 -2960.33 -4.73442e-010 108.28 108.28
1.47 -4.59268 -2960.33 5.82013e-010 108.28 108.28
1.48 -4.59268 -2960.33 -6.83478e-010 108.28 108.28
1.49 -4.59268 -2960.33 6.14875e-010 108.28 108.28
1.5 -4.59268 -2960.33 -8.40139e-010 108.28 108.28
1.51 -4.59268 -2960.33 2.06533e-010 108.28 108.28
1.52 -4.59268 -2960.33 8.54286e-011 108.28 108.28
1.53 -4.59268 -2960.33 -1.60789e-010 108.28 108.28
1.54 -4.59268 -2960.33 7.85008e-011 108.28 108.28
1.55 -4.59268 -2960.33 -2.46096e-010 108.28 108.28
1.56 -4.59268 -2960.33 1.12749e-010 108.28 108.28
1.57 -4.59268 -2960.33 -2.66269e-010 108.28 108.28
1.58 -4.59268 -2960.33 1.85395e-010 108.28 108.28
1.59 -4.59268 -2960.33 -1.75454e-010 108.28 108.28
1.6 -4.59268 -2960.33 2.78412e-010 108.28 108.28
1.61 -4.59268 -2960.33 -1.86162e-011 108.28 108.28
1.62 -4.59268 -2960.33 8.73115e-011 108.28 108.28
1.63 -4.59268 -2960.33 -4.45439e-011 108.28 108.28
1.64 -4.59268 -2960.33 2.45848e-012 108.28 108.28
1.65 -4.59268 -2960.33 -4.24073e-010 108.28 108.28
1.66 -4.59268 -2960.33 1.16032e-010 108.28 108.28
1.67 -4.59268 -2960.33 -3.03473e-011 108.28 108.28
1.68 -4.59268 -2960.33 -1.92209e-010 108.28 108.28
1.69 -4.59268 -2960.33 -9.5703e-011 108.28 108.28
1.7 -4.59268 -2960.33 -1.14845e-010 108.28 108.28
1.71 -4.59268 -2960.33 -1.36581e-010 108.28 108.28
1.72 -4.59268 -2960.33 -1.2357e-010 108.28 108.28
1.73 -4.59268 -2960.33 -1.09836e-010 108.28 108.28
1.74 -4.59268 -2960.33 -1.40226e-010 108.28 108.28
1.75 -4.59268 -2960.33 -1.06063e-010 108.28 108.28
1.76 -4.59268 -2960.33 -1.95662e-010 108.28 108.28
1.77 -4.59268 -2960.33 -4.44658e-011 108.28 108.28
1.78 -4.59268 -2960.33 -1.46073e-010 108.28 108.28
1.79 -4.59268 -2960.33 5.68292e-011 108.28 108.28
1.8 -4.59268 -2960.33 -3.80872e-010 108.28 108.28
1.81 -4.59268 -2960.33 4.1716e-011 108.28 108.28
1.82 -4.59268 -2960.33 -5.04251e-010 108.28 108.28
1.83 -4.59268 -2960.33 -1.54493e-010 108.28 108.28
1.84 -4.59268 -2960.33 -1.01942e-010 108.28 108.28
1.85 -4.59268 -2960.33 2.63753e-011 108.28 108.28
1.86 -4.59268 -2960.33 -1.0661e-010 108.28 108.28
1.87 -4.59268 -2960.33 -2.16168e-010 108.28 108.28
1.88 -4.59268 -2960.33 -1.28523e-010 108.28 108.28
1.89 -4.59268 -2960.33 1.91861e-010 108.28 108.28
1.9 -4.59268 -2960.33 -2.76167e-010 108.28 108.28
1.91 -4.59268 -2960.33 4.60432e-011 108.28 108.28
1.92 -4.59268 -2960.33 -2.73261e-010 108.28 108.28
1.93 -4.59268 -2960.33 4.26802e-010 108.28 108.28
1.94 -4.59268 -2960.33 -3.09058e-010 108.28 108.28
1.95 -4.59268 -2960.33 -2.49621e-010 108.28 108.28
1.96 -4.59268 -2960.33 1.52383e-010 108.28 108.28
1.97 -4.59268 -2960.33 -9.66267e-011 108.28 108.28
1.98 -4.59268 -2960.33 -7.51328e-011 108.28 108.28
1.99 -4.59268 -2960.33 -5.84208e-011 108.28 108.28
2 -4.59268 -2960.33 -5.19051e-011 108.28 108.28
2.01 -4.59268 -2960.33 -5.1152e-011 108.28 108.28
2.02 -4.59268 -2960.33 -6.11706e-011 108.28 108.28
2.03 -4.59268 -2960.33 -5.92451e-011 108.28 108.28
2.04 -4.59268 -2960.33 -3.31113e-011 108.28 108.28
2.05 -4.59268 -2960.33 -1.37874e-010 108.28 108.28
2.06 -4.59268 -2960.33 -4.3029e-010 108.28 108.28
2.07 -4.59268 -2960.33 -2.98655e-010 108.28 108.28
2.08 -4.59268 -2960.33 1.15691e-010 108.28 108.28
2.09 -4.59268 -2960.33 -1.79575e-010 108.28 108.28
2.1 -4.59268 -2960.33 2.53664e-012 108.28 108.28
2.11 -4.59268 -2960.33 3.77717e-010 108.28 108.28
2.12 -4.59268 -2960.33 -4.39634e-010 108.28 108.28
2.13 -4.59268 -2960.33 5.19776e-010 108.28 108.28
2.14 -4.59268 -2960.33 -5.99975e-010 108.28 108.28
2.15 -4.59268 -2960.33 3.3539e-010 108.28 108.28
2.16 -4.59268 -2960.33 4.04867e-011 108.28 108.28
2.17 -4.59268 -2960.33 -1.34307e-010 108.28 108.28
2.18 -4.59268 -2960.33 2.33342e-011 108.28 108.28
2.19 -4.59268 -2960.33 -9.55822e-011 108.28 108.28
2.2 -4.59268 -2960.33 3.98828e-011 108.28 108.28
2.21 -4.59268 -2960.33 -1.00151e-010 108.28 108.28
2.22 -4.59268 -2960.33 -9.97389e-011 108.28 108.28
2.23 -4.59268 -2960.33 -8.35314e-011 108.28 108.28
2.24 -4.59268 -2960.33 -6.33094e-011 108.28 108.28
2.25 -4.59268 -2960.33 -5.28217e-011 108.28 108.28
2.26 -4.59268 -2960.33 -3.12639e-011 108.28 108.28
2.27 -4.59268 -2960.33 -3.34381e-011 108.28 108.28
2.28 -4.59268 -2960.33 -3.06315e-011 108.28 108.28
2.29 -4.59268 -2960.33 -3.32676e-011 108.28 108.28
2.3 -4.59268 -2960.33 -3.35874e-011 108.28 108.28
2.31 -4.59268 -2960.33 -3.30331e-011 108.28 108.28
2.32 -4.59268 -2960.33 -3.38574e-011 108.28 108.28
2.33 -4.59268 -2960.33 -3.25073e-011 108.28 108.28
2.34 -4.59268 -2960.33 -3.42766e-011 108.28 108.28
2.35 -4.59268 -2960.33 -3.17968e-011 108.28 108.28
2.36 -4.59268 -2960.33 -3.53495e-011 108.28 108.28
2.37 -4.59268 -2960.33 -3.19673e-011 108.28 108.28
2.38 -4.59268 -2960.33 -3.48379e-011 108.28 108.28
2.39 -4.59268 -2960.33 -2.29079e-011 108.28 108.28
2.4 -4.59268 -2960.33 -2.06981e-011 108.28 108.28
2.41 -4.59268 -2960.33 1.32196e-010 108.28 108.28
2.42 -4.59268 -2960.33 -8.40572e-011 108.28 108.28
2.43 -4.59268 -2960.33 1.08585e-010 108.28 108.28
2.44 -4.59268 -2960.33 -9.14682e-011 108.28 108.28
2.45 -4.59268 -2960.33 1.01572e-010 108.28 108.28
2.46 -4.59268 -2960.33 -2.48818e-010 108.28 108.28
2.47 -4.59268 -2960.33 2.05226e-010 108.28 108.28
2.48 -4.59268 -2960.33 -2.99245e-010 108.28 108.28
2.49 -4.59268 -2960.33 8.82423e-011 108.28 108.28
2.5 -4.59268 -2960.33 -3.03849e-010 108.28 108.28
2.51 -4.59268 -2960.33 1.48887e-010 108.28 108.28
2.52 -4.59268 -2960.33 -4.67452e-010 108.28 108.28
2.53 -4.59268 -2960.33 3.51896e-010 108.28 108.28
2.54 -4.59268 -2960.33 -6.79293e-010 108.28 108.28
2.55 -4.59268 -2960.33 4.24592e-010 108.28 108.28
2.56 -4.59268 -2960.33 -6.68884e-010 108.28 108.28
2.57 -4.59268 -2960.33 5.40325e-010 108.28 108.28
2.58 -4.59268 -2960.33 -5.94241e-010 108.28 108.28
2.59 -4.59268 -2960.33 4.73754e-010 108.28 108.28
2.6 -4.59268 -2960.33 -3.70861e-010 108.28 108.28
2.61 -4.59268 -2960.33 1.86674e-010 108.28 108.28
2.62 -4.59268 -2960.33 -5.30747e-010 108.28 108.28
2.63 -4.59268 -2960.33 -3.79288e-011 108.28 108.28
2.64 -4.59268 -2960.33 -5.38876e-011 108.28 108.28
2.65 -4.59268 -2960.33 -1.28438e-010 108.28 108.28
2.66 -4.59268 -2960.33 -1.11797e-010 108.28 108.28
2.67 -4.59268 -2960.33 -1.06148e-010 108.28 108.28
2.68 -4.59268 -2960.33 -1.01494e-010 108.28 108.28
2.69 -4.59268 -2960.33 -1.31614e-010 108.28 108.28
2.7 -4.59268 -2960.33 -6.17248e-011 108.28 108.28
2.71 -4.59268 -2960.33 -1.07178e-010 108.28 108.28
2.72 -4.59268 -2960.33 -6.95621e-011 108.28 108.28
2.73 -4.59268 -2960.33 -7.88489e-011 108.28 108.28
2.74 -4.59268 -2960.33 -1.25318e-010 108.28 108.28
2.75 -4.59268 -2960.33 -4.7983e-011 108.28 108.28
2.76 -4.59268 -2960.33 -6.27622e-011 108.28 108.28
2.77 -4.59268 -2960.33 -9.58735e-011 108.28 108.28
2.78 -4.59268 -2960.33 -8.75744e-011 108.28 108.28
2.79 -4.59268 -2960.33 -7.54667e-011 108.28 108.28
2.8 -4.59268 -2960.33 -4.32294e-011 108.28 108.28
2.81 -4.59268 -2960.33 -5.21396e-011 108.28 108.28
2.82 -4.59268 -2960.33 -8.59757e-011 108.28 108.28
2.83 -4.59268 -2960.33 -1.30242e-011 108.28 108.28
2.84 -4.59268 -2960.33 4.88996e-011 108.28 108.28
2.85 -4.59268 -2960.33 -5.61208e-010 108.28 108.28
2.86 -4.59268 -2960.33 -7.70655e-011 108.28 108.28
2.87 -4.59268 -2960.33 -4.31008e-010 108.28 108.28
2.88 -4.59268 -2960.33 -1.15222e-010 108.28 108.28
2.89 -4.59268 -2960.33 -3.64075e-010 108.28 108.28
2.9 -4.59268 -2960.33 -3.51946e-010 108.28 108.28
2.91 -4.59268 -2960.33 -3.87736e-010 108.28 108.28
2.92 -4.59268 -2960.33 -2.29804e-010 108.28 108.28
2.93 -4.59268 -2960.33 -4.0243e-010 108.28 108.28
2.94 -4.59268 -2960.33 -2.30202e-010 108.28 108.28
2.95 -4.59268 -2960.33 -4.28415e-010 108.28 108.28
2.96 -4.59268 -2960.33 -3.91346e-010 108.28 108.28
2.97 -4.59268 -2960.33 -2.58424e-010 108.28 108.28
2.98 -4.59268 -2960.33 -2.56229e-010 108.28 108.28
2.99 -4.59268 -2960.33 -3.31227e-010 108.28 108.28
3 -4.59268 -2960.33 -4.10004e-010 108.28 108.28
3.01 -4.59268 -2960.33 -1.63155e-010 108.28 108.28
3.02 -4.59268 -2960.33 -2.11614e-010 108.28 108.28
3.03 -4.59268 -2960.33 -2.54559e-010 108.28 108.28
3.04 -4.59268 -2960.33 -2.4265e-010 108.28 108.28
3.05 -4.59268 -2960.33 -1.64242e-010 108.28 108.28
3.06 -4.59268 -2960.33 -4.06679e-010 108.28 108.28
3.07 -4.59268 -2960.33 -2.02107e-010 108.28 108.28
3.08 -4.59268 -2960.33 -4.08605e-010 108.28 108.28
3.09 -4.59268 -2960.33 -3.89434e-010 108.28 108.28
3.1 -4.59268 -2960.33 -3.23766e-010 108.28 108.28
3.11 -4.59268 -2960.33 -1.69869e-010 108.28 108.28
3.12 -4.59268 -2960.33 -1.23713e-010 108.28 108.28
3.13 -4.59268 -2960.33 5.98419e-011 108.28 108.28
3.14 -4.59268 -2960.33 -2.78945e-010 108.28 108.28
3.15 -4.59268 -2960.33 -1.60142e-010 108.28 108.28
3.16 -4.59268 -2960.33 -2.3401e-010 108.28 108.28
3.17 -4.59268 -2960.33 -1.34371e-010 108.28 108.28
3.18 -4.59268 -2960.33 -2.16247e-010 108.28 108.28
3.19 -4.59268 -2960.33 -2.66731e-010 108.28 108.28
3.2 -4.59268 -2960.33 -2.22101e-010 108.28 108.28
3.21 -4.59268 -2960.33 -3.03153e-010 108.28 108.28
3.22 -4.59268 -2960.33 -2.28241e-010 108.28 108.28
3.23 -4.59268 -2960.33 -2.6364e-010 108.28 108.28
3.24 -4.59268 -2960.33 -2.0723e-010 108.28 108.28
3.25 -4.59268 -2960.33 -2.15444e-010 108.28 108.28
3.26 -4.59268 -2960.33 -2.27033e-010 108.28 108.28
3.27 -4.59268 -2960.33 -2.19842e-010 108.28 108.28
3.28 -4.59268 -2960.33 -1.98334e-010 108.28 108.28
3.29 -4.59268 -2960.33 -2.17412e-010 108.28 108.28
3.3 -4.59268 -2960.33 -2.13753e-010 108.28 108.28
3.31 -4.59268 -2960.33 -2.34913e-010 108.28 108.28
3.32 -4.59268 -2960.33 -2.43311e-010 108.28 108.28
3.33 -4.59268 -2960.33 -2.25441e-010 108.28 108.28
3.34 -4.59268 -2960.33 -2.76877e-010 108.28 108.28
3.35 -4.59268 -2960.33 -2.01936e-010 108.28 108.28
3.36 -4.59268 -2960.33 -1.35053e-010 108.28 108.28
3.37 -4.59268 -2960.33 -2.5252e-010 108.28 108.28
3.38 -4.59268 -2960.33 -1.90411e-010 108.28 108.28
3.39 -4.59268 -2960.33 -2.20972e-010 108.28 108.28
3.4 -4.59268 -2960.33 -2.08054e-010 108.28 108.28
3.41 -4.59268 -2960.33 -2.28908e-010 108.28 108.28
3.42 -4.59268 -2960.33 -2.31395e-010 108.28 108.28
3.43 -4.59268 -2960.33 -2.26372e-010 108.28 108.28
3.44 -4.59268 -2960.33 -2.26983e-010 108.28 108.28
3.45 -4.59268 -2960.33 -2.24361e-010 108.28 108.28
3.46 -4.59268 -2960.33 -2.26613e-010 108.28 108.28
3.47 -4.59268 -2960.33 -2.22435e-010 108.28 108.28
3.48 -4.59268 -2960.33 -2.2667e-010 108.28 108.28
3.49 -4.59268 -2960.33 -2.20652e-010 108.28 108.28
3.5 -4.59268 -2960.33 -2.22052e-010 108.28 108.28
3.51 -4.59268 -2960.33 -1.94206e-010 108.28 108.28
3.52 -4.59268 -2960.33 -2.42387e-010 108.28 108.28
3.53 -4.59268 -2960.33 -1.89992e-010 108.28 108.28
3.54 -4.59268 -2960.33 -2.13433e-010 108.28 108.28
3.55 -4.59268 -2960.33 -2.19821e-010 108.28 108.28
3.56 -4.59268 -2960.33 -2.23366e-010 108.28 108.28
3.57 -4.59268 -2960.33 -2.1813e-010 108.28 108.28
3.58 -4.59268 -2960.33 -2.40682e-010 108.28 108.28
3.59 -4.59268 -2960.33 -2.36177e-010 108.28 108.28
3.6 -4.59268 -2960.33 -2.3141e-010 108.28 108.28
3.61 -4.59268 -2960.33 -2.33619e-010 108.28 108.28
3.62 -4.59268 -2960.33 -2.06747e-010 108.28 108.28
3.63 -4.59268 -2960.33 -2.00451e-010 108.28 108.28
3.64 -4.59268 -2960.33 -1.79696e-011 108.28 108.28
3.65 -4.59268 -2960.33 -2.38934e-010 108.28 108.28
3.66 -4.59268 -2960.33 -5.84777e-012 108.28 108.28
3.67 -4.59268 -2960.33 -3.04446e-010 108.28 108.28
3.68 -4.59268 -2960.33 -1.71099e-011 108.28 108.28
3.69 -4.59268 -2960.33 -3.33912e-010 108.28 108.28
3.7 -4.59268 -2960.33 -2.68507e-010 108.28 108.28
3.71 -4.59268 -2960.33 -1.29035e-011 108.28 108.28
3.72 -4.59268 -2960.33 -2.54644e-010 108.28 108.28
3.73 -4.59268 -2960.33 -1.75255e-010 108.28 108.28
3.74 -4.59268 -2960.33 -2.29647e-010 108.28 108.28
3.75 -4.59268 -2960.33 -2.14321e-010 108.28 108.28
3.76 -4.59268 -2960.33 -1.31024e-010 108.28 108.28
3.77 -4.59268 -2960.33 -1.06269e-010 108.28 108.28
3.78 -4.59268 -2960.33 -1.62665e-010 108.28 108.28
3.79 -4.59268 -2960.33 -2.1199e-010 108.28 108.28
3.8 -4.59268 -2960.33 -1.65485e-010 108.28 108.28
3.81 -4.59268 -2960.33 -1.54664e-010 108.28 108.28
3.82 -4.59268 -2960.33 -2.0507e-010 108.28 108.28
3.83 -4.59268 -2960.33 -4.13536e-012 108.28 108.28
3.84 -4.59268 -2960.33 1.30015e-010 108.28 108.28
3.85 -4.59268 -2960.33 6.71037e-011 108.28 108.28
3.86 -4.59268 -2960.33 -3.41878e-010 108.28 108.28
3.87 -4.59268 -2960.33 -2.12765e-010 108.28 108.28
3.88 -4.59268 -2960.33 -3.58185e-011 108.28 108.28
3.89 -4.59268 -2960.33 -1.49036e-010 108.28 108.28
3.9 -4.59268 -2960.33 -3.26636e-011 108.28 108.28
3.91 -4.59268 -2960.33 -1.87072e-010 108.28 108.28
3.92 -4.59268 -2960.33 -2.05205e-011 108.28 108.28
3.93 -4.59268 -2960.33 -2.97149e-010 108.28 108.28
3.94 -4.59268 -2960.33 2.68088e-011 108.28 108.28
3.95 -4.59268 -2960.33 -1.94191e-010 108.28 108.28
3.96 -4.59268 -2960.33 4.04299e-011 108.28 108.28
3.97 -4.59268 -2960.33 -1.73316e-010 108.28 108.28
3.98 -4.59268 -2960.33 -1.10639e-010 108.28 108.28
3.99 -4.59268 -2960.33 -1.19641e-010 108.28 108.28
4 -4.59268 -2960.33 -9.36637e-011 108.28 108.28
4.01 -4.59268 -2960.33 -1.2227e-010 108.28 108.28
4.02 -4.59268 -2960.33 -9.6712e-011 108.28 108.28
4.03 -4.59268 -2960.33 -1.80393e-010 108.28 108.28
4.04 -4.59268 -2960.33 -9.36353e-011 108.28 108.28
4.05 -4.59268 -2960.33 -1.09935e-010 108.28 108.28
4.06 -4.59268 -2960.33 -1.02105e-010 108.28 108.28
4.07 -4.59268 -2960.33 -1.45683e-010 108.28 108.28
4.08 -4.59268 -2960.33 -1.03739e-010 108.28 108.28
4.09 -4.59268 -2960.33 -1.4353e-010 108.28 108.28
4.1 -4.59268 -2960.33 -9.57385e-011 108.28 108.28
4.11 -4.59268 -2960.33 -1.13069e-010 108.28 108.28
4.12 -4.59268 -2960.33 -6.88587e-011 108.28 108.28
4.13 -4.59268 -2960.33 -1.47743e-010 108.28 108.28
4.14 -4.59268 -2960.33 -1.18597e-010 108.28 108.28
4.15 -4.59268 -2960.33 -1.39742e-010 108.28 108.28
4.16 -4.59268 -2960.33 -1.20437e-010 108.28 108.28
4.17 -4.59268 -2960.33 -1.22043e-010 108.28 108.28
4.18 -4.59268 -2960.33 -1.09679e-010 108.28 108.28
4.19 -4.59268 -2960.33 -1.26285e-010 108.28 108.28
4.2 -4.59268 -2960.33 -1.33348e-010 108.28 108.28
4.21 -4.59268 -2960.33 -9.38769e-011 108.28 108.28
4.22 -4.59268 -2960.33 -1.34882e-010 108.28 108.28
4.23 -4.59268 -2960.33 -8.24514e-011 108.28 108.28
4.24 -4.59268 -2960.33 -1.55936e-010 108.28 108.28
4.25 -4.59268 -2960.33 -1.22121e-010 108.28 108.28
4.26 -4.59268 -2960.33 -1.16174e-010 108.28 108.28
4.27 -4.59268 -2960.33 -1.10852e-010 108.28 108.28
4.28 -4.59268 -2960.33 -1.48475e-010 108.28 108.28
4.29 -4.59268 -2960.33 -9.10063e-011 108.28 108.28
4.3 -4.59268 -2960.33 -1.27216e-010 108.28 108.28
4.31 -4.59268 -2960.33 -1.58821e-010 108.28 108.28
4.32 -4.59268 -2960.33 -7.44507e-011 108.28 108.28
4.33 -4.59268 -2960.33 -2.03734e-010 108.28 108.28
4.34 -4.59268 -2960.33 -2.65317e-011 108.28 108.28
4.35 -4.59268 -2960.33 -1.00613e-010 108.28 108.28
4.36 -4.59268 -2960.33 -8.81641e-011 108.28 108.28
4.37 -4.59268 -2960.33 -8.64944e-011 108.28 108.28
4.38 -4.59268 -2960.33 -6.45244e-011 108.28 108.28
4.39 -4.59268 -2960.33 -4.98943e-011 108.28 108.28
4.4 -4.59268 -2960.33 -5.92735e-011 108.28 108.28
4.41 -4.59268 -2960.33 -5.93872e-011 108.28 108.28
4.42 -4.59268 -2960.33 -6.36007e-011 108.28 108.28
4.43 -4.59268 -2960.33 -6.22293e-011 108.28 108.28
4.44 -4.59268 -2960.33 -6.3153e-011 108.28 108.28
4.45 -4.59268 -2960.33 -9.91278e-011 108.28 108.28
4.46 -4.59268 -2960.33 -7.9595e-011 108.28 108.28
4.47 -4.59268 -2960.33 -5.41576e-011 108.28 108.28
4.48 -4.59268 -2960.33 -7.89342e-011 108.28 108.28
4.49 -4.59268 -2960.33 -6.63078e-011 108.28 108.28
4.5 -4.59268 -2960.33 -7.46994e-011 108.28 108.28
4.51 -4.59268 -2960.33 -5.66729e-011 108.28 108.28
4.52 -4.59268 -2960.33 -2.97433e-011 108.28 108.28
4.53 -4.59268 -2960.33 -1.02354e-010 108.28 108.28
4.54 -4.59268 -2960.33 -6.39488e-012 108.28 108.28
4.55 -4.59268 -2960.33 -7.51683e-011 108.28 108.28
4.56 -4.59268 -2960.33 -6.59668e-011 108.28 108.28
4.57 -4.59268 -2960.33 7.48273e-011 108.28 108.28
4.58 -4.59268 -2960.33 -2.39055e-010 108.28 108.28
4.59 -4.59268 -2960.33 4.26255e-011 108.28 108.28
4.6 -4.59268 -2960.33 -1.81892e-010 108.28 108.28
4.61 -4.59268 -2960.33 2.25953e-012 108.28 108.28
4.62 -4.59268 -2960.33 -6.44533e-011 108.28 108.28
4.63 -4.59268 -2960.33 2.06128e-011 108.28 108.28
4.64 -4.59268 -2960.33 -1.72449e-011 108.28 108.28
4.65 -4.59268 -2960.33 6.25988e-012 108.28 108.28
4.66 -4.59268 -2960.33 -2.76401e-012 108.28 108.28
4.67 -4.59268 -2960.33 5.11591e-012 108.28 108.28
4.68 -4.59268 -2960.33 -2.49685e-011 108.28 108.28
4.69 -4.59268 -2960.33 2.1771e-011 108.28 108.28
4.7 -4.59268 -2960.33 -4.28741e-011 108.28 108.28
4.71 -4.59268 -2960.33 6.01759e-011 108.28 108.28
4.72 -4.59268 -2960.33 -2.19202e-011 108.28 108.28
4.73 -4.59268 -2960.33 -4.76064e-012 108.28 108.28
4.74 -4.59268 -2960.33 -6.55831e-011 108.28 108.28
4.75 -4.59268 -2960.33 -3.90564e-010 108.28 108.28
4.76 -4.59268 -2960.33 -7.65112e-011 108.28 108.28
4.77 -4.59268 -2960.33 -1.33539e-010 108.28 108.28
4.78 -4.59268 -2960.33 -1.03753e-010 108.28 108.28
4.79 -4.59268 -2960.33 -1.61656e-010 108.28 108.28
4.8 -4.59268 -2960.33 -1.18035e-010 108.28 108.28
4.81 -4.59268 -2960.33 -1.13836e-010 108.28 108.28
4.82 -4.59268 -2960.33 6.78781e-011 108.28 108.28
4.83 -4.59268 -2960.33 -9.97673e-011 108.28 108.28
4.84 -4.59268 -2960.33 -7.28448e-011 108.28 108.28
4.85 -4.59268 -2960.33 1.91349e-011 108.28 108.28
4.86 -4.59268 -2960.33 -5.30491e-011 108.28 108.28
4.87 -4.59268 -2960.33 -2.89901e-010 108.28 108.28
4.88 -4.59268 -2960.33 -1.65926e-010 108.28 108.28
4.89 -4.59268 -2960.33 -1.21403e-010 108.28 108.28
4.9 -4.59268 -2960.33 4.78977e-011 108.28 108.28
4.91 -4.59268 -2960.33 -7.43086e-011 108.28 108.28
4.92 -4.59268 -2960.33 -3.09122e-010 108.28 108.28
4.93 -4.59268 -2960.33 -3.28733e-010 108.28 108.28
4.94 -4.59268 -2960.33 -8.90097e-011 108.28 108.28
4.95 -4.59268 -2960.33 -2.42579e-010 108.28 108.28
4.96 -4.59268 -2960.33 -1.15243e-010 108.28 108.28
4.97 -4.59268 -2960.33 -1.04343e-010 108.28 108.28
4.98 -4.59268 -2960.33 -1.46926e-010 108.28 108.28
4.99 -4.59268 -2960.33 -6.34941e-011 108.28 108.28
5 -4.59268 -2960.33 -6.645e-011 108.28 108.28
5.01 -4.59268 -2960.33 -7.86997e-011 108.28 108.28
5.02 -4.59268 -2960.33 -1.27471e-010 108.28 108.28
5.03 -4.59268 -2960.33 -1.23897e-010 108.28 108.28
5.04 -4.59268 -2960.33 -1.00179e-010 108.28 108.28
5.05 -4.59268 -2960.33 -1.54763e-010 108.28 108.28
5.06 -4.59268 -2960.33 -1.77891e-010 108.28 108.28
5.07 -4.59268 -2960.33 -3.77248e-010 108.28 108.28
5.08 -4.59268 -2960.33 -3.47775e-010 108.28 108.28
5.09 -4.59268 -2960.33 -4.70379e-011 108.28 108.28
5.1 -4.59268 -2960.33 2.79655e-010 108.28 108.28
5.11 -4.59268 -2960.33 -9.26264e-011 108.28 108.28
5.12 -4.59268 -2960.33 -7.95453e-011 108.28 108.28
5.13 -4.59268 -2960.33 1.03711e-010 108.28 108.28
5.14 -4.59268 -2960.33 -5.99201e-011 108.28 108.28
5.15 -4.59268 -2960.33 -1.51928e-010 108.28 108.28
5.16 -4.59268 -2960.33 -7.85008e-011 108.28 108.28
5.17 -4.59268 -2960.33 -9.50493e-011 108.28 108.28
5.18 -4.59268 -2960.33 -5.93019e-011 108.28 108.28
5.19 -4.59268 -2960.33 -1.10603e-010 108.28 108.28
5.2 -4.59268 -2960.33 -9.15534e-011 108.28 108.28
5.21 -4.59268 -2960.33 -8.81002e-011 108.28 108.28
5.22 -4.59268 -2960.33 -1.08237e-010 108.28 108.28
5.23 -4.59268 -2960.33 -1.10376e-010 108.28 108.28
5.24 -4.59268 -2960.33 -1.44851e-010 108.28 108.28
5.25 -4.59268 -2960.33 -9.36566e-011 108.28 108.28
5.26 -4.59268 -2960.33 -9.26477e-011 108.28 108.28
5.27 -4.59268 -2960.33 -1.08685e-010 108.28 108.28
5.28 -4.59268 -2960.33 -1.10397e-010 108.28 108.28
5.29 -4.59268 -2960.33 -1.10632e-010 108.28 108.28
5.3 -4.59268 -2960.33 -9.64846e-011 108.28 108.28
5.31 -4.59268 -2960.33 -1.1503e-010 108.28 108.28
5.32 -4.59268 -2960.33 -9.37064e-011 108.28 108.28
5.33 -4.59268 -2960.33 -1.057e-010 108.28 108.28
5.34 -4.59268 -2960.33 -8.60751e-011 108.28 108.28
5.35 -4.59268 -2960.33 -1.09367e-010 108.28 108.28
5.36 -4.59268 -2960.33 -8.58265e-011 108.28 108.28
5.37 -4.59268 -2960.33 -1.12763e-010 108.28 108.28
5.38 -4.59268 -2960.33 -1.05459e-010 108.28 108.28
5.39 -4.59268 -2960.33 -1.04301e-010 108.28 108.28
5.4 -4.59268 -2960.33 -1.0585e-010 108.28 108.28
5.41 -4.59268 -2960.33 -9.16316e-011 108.28 108.28
5.42 -4.59268 -2960.33 -1.28082e-010 108.28 108.28
5.43 -4.59268 -2960.33 -7.73213e-011 108.28 108.28
5.44 -4.59268 -2960.33 -1.64398e-010 108.28 108.28
5.45 -4.59268 -2960.33 -1.3226e-010 108.28 108.28
5.46 -4.59268 -2960.33 -1.18789e-010 108.28 108.28
5.47 -4.59268 -2960.33 -1.30548e-010 108.28 108.28
5.48 -4.59268 -2960.33 -4.40821e-011 108.28 108.28
5.49 -4.59268 -2960.33 -6.40696e-011 108.28 108.28
5.5 -4.59268 -2960.33 -9.03171e-011 108.28 108.28
5.51 -4.59268 -2960.33 -5.88614e-011 108.28 108.28
5.52 -4.59268 -2960.33 -6.14691e-011 108.28 108.28
5.53 -4.59268 -2960.33 -6.58034e-011 108.28 108.28
5.54 -4.59268 -2960.33 -7.91189e-011 108.28 108.28
5.55 -4.59268 -2960.33 5.2637e-011 108.28 108.28
5.56 -4.59268 -2960.33 -1.74126e-010 108.28 108.28
5.57 -4.59268 -2960.33 -1.45505e-010 108.28 108.28
5.58 -4.59268 -2960.33 -1.03803e-010 108.28 108.28
5.59 -4.59268 -2960.33 2.41585e-012 108.28 108.28
5.6 -4.59268 -2960.33 -2.21235e-010 108.28 108.28
5.61 -4.59268 -2960.33 5.52802e-011 108.28 108.28
5.62 -4.59268 -2960.33 -2.32596e-010 108.28 108.28
5.63 -4.59268 -2960.33 3.47029e-011 108.28 108.28
5.64 -4.59268 -2960.33 -1.26249e-010 108.28 108.28
5.65 -4.59268 -2960.33 -3.21457e-010 108.28 108.28
5.66 -4.59268 -2960.33 -2.85866e-010 108.28 108.28
5.67 -4.59268 -2960.33 -1.16259e-010 108.28 108.28
5.68 -4.59268 -2960.33 -2.71648e-010 108.28 108.28
5.69 -4.59268 -2960.33 -5.68932e-011 108.28 108.28
5.7 -4.59268 -2960.33 -5.05032e-010 108.28 108.28
5.71 -4.59268 -2960.33 1.02752e-010 108.28 108.28
5.72 -4.59268 -2960.33 -4.32493e-010 108.28 108.28
5.73 -4.59268 -2960.33 9.38627e-012 108.28 108.28
5.74 -4.59268 -2960.33 -4.87248e-010 108.28 108.28
5.75 -4.59268 -2960.33 -7.20988e-011 108.28 108.28
5.76 -4.59268 -2960.33 -4.36046e-010 108.28 108.28
5.77 -4.59268 -2960.33 -1.02737e-010 108.28 108.28
5.78 -4.59268 -2960.33 -6.0821e-010 108.28 108.28
5.79 -4.59268 -2960.33 -4.69754e-010 108.28 108.28
5.8 -4.59268 -2960.33 -2.52946e-010 108.28 108.28
5.81 -4.59268 -2960.33 -4.39513e-010 108.28 108.28
5.82 -4.59268 -2960.33 -6.27978e-010 108.28 108.28
5.83 -4.59268 -2960.33 -2.15429e-010 108.28 108.28
5.84 -4.59268 -2960.33 -1.97751e-010 108.28 108.28
5.85 -4.59268 -2960.33 -6.84309e-010 108.28 108.28
5.86 -4.59268 -2960.33 -5.77344e-010 108.28 108.28
5.87 -4.59268 -2960.33 -4.745e-010 108.28 108.28
5.88 -4.59268 -2960.33 -5.93204e-010 108.28 108.28
5.89 -4.59268 -2960.33 -1.61712e-010 108.28 108.28
5.9 -4.59268 -2960.33 -4.30148e-010 108.28 108.28
5.91 -4.59268 -2960.33 -2.18201e-010 108.28 108.28
5.92 -4.59268 -2960.33 -3.41011e-010 108.28 108.28
5.93 -4.59268 -2960.33 -2.52008e-010 108.28 108.28
5.94 -4.59268 -2960.33 -3.10507e-010 108.28 108.28
5.95 -4.59268 -2960.33 -2.11543e-010 108.28 108.28
5.96 -4.59268 -2960.33 -2.96751e-010 108.28 108.28
5.97 -4.59268 -2960.33 -2.27516e-010 108.28 108.28
5.98 -4.59268 -2960.33 -9.872e-010 108.28 108.28
5.99 -4.59268 -2960.33 -1.43672e-010 108.28 108.28
6 -4.59268 -2960.33 -2.29882e-010 108.28 108.28
6.01 -4.59268 -2960.33 -2.01084e-010 108.28 108.28
6.02 -4.59268 -2960.33 -8.80576e-011 108.28 108.28
6.03 -4.59268 -2960.33 -1.75454e-010 108.28 108.28
6.04 -4.59268 -2960.33 6.9349e-012 108.28 108.28
6.05 -4.59268 -2960.33 -3.13214e-010 108.28 108.28
6.06 -4.59268 -2960.33 -4.88498e-011 108.28 108.28
6.07 -4.59268 -2960.33 -4.78401e-010 108.28 108.28
6.08 -4.59268 -2960.33 -9.30811e-012 108.28 108.28
6.09 -4.59268 -2960.33 -6.39325e-010 108.28 108.28
6.1 -4.59268 -2960.33 4.22418e-011 108.28 108.28
6.11 -4.59268 -2960.33 -8.75843e-010 108.28 108.28
6.12 -4.59268 -2960.33 5.86056e-011 108.28 108.28
6.13 -4.59268 -2960.33 -1.19415e-009 108.28 108.28
6.14 -4.59268 -2960.33 -1.09708e-010 108.28 108.28
6.15 -4.59268 -2960.33 -2.80316e-010 108.28 108.28
6.16 -4.59268 -2960.33 -2.47447e-010 108.28 108.28
6.17 -4.59268 -2960.33 -2.71562e-010 108.28 108.28
6.18 -4.59268 -2960.33 -2.2753e-010 108.28 108.28
6.19 -4.59268 -2960.33 -2.27004e-010 108.28 108.28
6.2 -4.59268 -2960.33 -9.45164e-011 108.28 108.28
6.21 -4.59268 -2960.33 1.98277e-010 108.28 108.28
6.22 -4.59268 -2960.33 -3.93172e-010 108.28 108.28
6.23 -4.59268 -2960.33 3.10102e-010 108.28 108.28
6.24 -4.59268 -2960.33 -4.32486e-010 108.28 108.28
6.25 -4.59268 -2960.33 3.55939e-010 108.28 108.28
6.26 -4.59268 -2960.33 -1.84983e-010 108.28 108.28
6.27 -4.59268 -2960.33 2.10235e-010 108.28 108.28
6.28 -4.59268 -2960.33 8.73115e-011 108.28 108.28
6.29 -4.59268 -2960.33 1.73479e-010 108.28 108.28
6.3 -4.59268 -2960.33 1.54252e-010 108.28 108.28
6.31 -4.59268 -2960.33 2.59504e-010 108.28 108.28
6.32 -4.59268 -2960.33 2.28113e-010 108.28 108.28
6.33 -4.59268 -2960.33 1.62451e-010 108.28 108.28
6.34 -4.59268 -2960.33 2.6035e-010 108.28 108.28
6.35 -4.59268 -2960.33 1.28694e-010 108.28 108.28
6.36 -4.59268 -2960.33 2.93198e-010 108.28 108.28
6.37 -4.59268 -2960.33 -2.9253e-011 108.28 108.28
6.38 -4.59268 -2960.33 1.32388e-010 108.28 108.28
6.39 -4.59268 -2960.33 2.39226e-010 108.28 108.28
6.4 -4.59268 -2960.33 1.16962e-010 108.28 108.28
6.41 -4.59268 -2960.33 2.69054e-010 108.28 108.28
6.42 -4.59268 -2960.33 1.44688e-010 108.28 108.28
6.43 -4.59268 -2960.33 2.02448e-010 108.28 108.28
6.44 -4.59268 -2960.33 1.69386e-010 108.28 108.28
6.45 -4.59268 -2960.33 1.97019e-010 108.28 108.28
6.46 -4.59268 -2960.33 1.63446e-010 108.28 108.28
6.47 -4.59268 -2960.33 1.23357e-010 108.28 108.28
6.48 -4.59268 -2960.33 1.27301e-010 108.28 108.28
6.49 -4.59268 -2960.33 1.50514e-010 108.28 108.28
6.5 -4.59268 -2960.33 1.76421e-010 108.28 108.28
6.51 -4.59268 -2960.33 1.70992e-010 108.28 108.28
6.52 -4.59268 -2960.33 5.93161e-011 108.28 108.28
6.53 -4.59268 -2960.33 2.1118e-010 108.28 108.28
6.54 -4.59268 -2960.33 -3.36911e-010 108.28 108.28
6.55 -4.59268 -2960.33 -8.63309e-011 108.28 108.28
6.56 -4.59268 -2960.33 -1.37554e-010 108.28 108.28
6.57 -4.59268 -2960.33 -1.05864e-010 108.28 108.28
6.58 -4.59268 -2960.33 -1.72207e-010 108.28 108.28
6.59 -4.59268 -2960.33 -2.96438e-011 108.28 108.28
6.6 -4.59268 -2960.33 -1.97318e-010 108.28 108.28
6.61 -4.59268 -2960.33 -1.47182e-010 108.28 108.28
6.62 -4.59268 -2960.33 -1.31401e-010 108.28 108.28
6.63 -4.59268 -2960.33 -1.68164e-010 108.28 108.28
6.64 -4.59268 -2960.33 -2.87798e-010 108.28 108.28
6.65 -4.59268 -2960.33 -3.18288e-010 108.28 108.28
6.66 -4.59268 -2960.33 -3.45388e-010 108.28 108.28
6.67 -4.59268 -2960.33 -1.73834e-010 108.28 108.28
6.68 -4.59268 -2960.33 1.52006e-010 108.28 108.28
6.69 -4.59268 -2960.33 1.28843e-010 108.28 108.28
6.7 -4.59268 -2960.33 3.04112e-011 108.28 108.28
6.71 -4.59268 -2960.33 7.07203e-011 108.28 108.28
6.72 -4.59268 -2960.33 9.24629e-011 108.28 108.28
6.73 -4.59268 -2960.33 1.99208e-010 108.28 108.28
6.74 -4.59268 -2960.33 3.37081e-011 108.28 108.28
6.75 -4.59268 -2960.33 6.22435e-012 108.28 108.28
6.76 -4.59268 -2960.33 5.05551e-011 108.28 108.28
6.77 -4.59268 -2960.33 9.20295e-011 108.28 108.28
6.78 -4.59268 -2960.33 1.12287e-010 108.28 108.28
6.79 -4.59268 -2960.33 8.35314e-011 108.28 108.28
6.8 -4.59268 -2960.33 1.0867e-010 108.28 108.28
6.81 -4.59268 -2960.33 8.36522e-011 108.28 108.28
6.82 -4.59268 -2960.33 2.24077e-010 108.28 108.28
6.83 -4.59268 -2960.33 2.15053e-010 108.28 108.28
6.84 -4.59268 -2960.33 -2.00409e-010 108.28 108.28
6.85 -4.59268 -2960.33 1.78652e-010 108.28 108.28
6.86 -4.59268 -2960.33 2.94257e-010 108.28 108.28
6.87 -4.59268 -2960.33 1.87164e-010 108.28 108.28
6.88 -4.59268 -2960.33 1.86866e-010 108.28 108.28
6.89 -4.59268 -2960.33 2.39275e-010 108.28 108.28
6.9 -4.59268 -2960.33 1.72513e-010 108.28 108.28
6.91 -4.59268 -2960.33 3.02663e-010 108.28 108.28
6.92 -4.59268 -2960.33 1.89836e-010 108.28 108.28
6.93 -4.59268 -2960.33 3.78385e-010 108.28 108.28
6.94 -4.59268 -2960.33 3.89605e-010 108.28 108.28
6.95 -4.59268 -2960.33 2.11315e-010 108.28 108.28
6.96 -4.59268 -2960.33 3.71507e-010 108.28 108.28
6.97 -4.59268 -2960.33 -3.70981e-010 108.28 108.28
6.98 -4.59268 -2960.33 4.18126e-010 108.28 108.28
6.99 -4.59268 -2960.33 -6.80913e-011 108.28 108.28
7 -4.59268 -2960.33 4.1819e-010 108.28 108.28
7.01 -4.59268 -2960.33 3.69198e-011 108.28 108.28
7.02 -4.59268 -2960.33 3.74662e-010 108.28 108.28
7.03 -4.59268 -2960.33 7.23901e-011 108.28 108.28
7.04 -4.59268 -2960.33 3.74222e-010 108.28 108.28
7.05 -4.59268 -2960.33 2.09937e-010 108.28 108.28
7.06 -4.59268 -2960.33 2.359e-010 108.28 108.28
7.07 -4.59268 -2960.33 2.8399e-010 108.28 108.28
7.08 -4.59268 -2960.33 2.48832e-010 108.28 108.28
7.09 -4.59268 -2960.33 2.549e-010 108.28 108.28
7.1 -4.59268 -2960.33 2.5662e-010 108.28 108.28
7.11 -4.59268 -2960.33 2.37648e-010 108.28 108.28
7.12 -4.59268 -2960.33 2.19657e-010 108.28 108.28
7.13 -4.59268 -2960.33 2.32532e-010 108.28 108.28
7.14 -4.59268 -2960.33 1.41299e-010 108.28 108.28
7.15 -4.59268 -2960.33 2.52271e-010 108.28 108.28
7.16 -4.59268 -2960.33 1.16515e-010 108.28 108.28
7.17 -4.59268 -2960.33 7.42801e-011 108.28 108.28
7.18 -4.59268 -2960.33 3.22196e-010 108.28 108.28
7.19 -4.59268 -2960.33 1.04187e-010 108.28 108.28
7.2 -4.59268 -2960.33 2.97049e-010 108.28 108.28
7.21 -4.59268 -2960.33 4.51266e-011 108.28 108.28
7.22 -4.59268 -2960.33 1.46045e-010 108.28 108.28
7.23 -4.59268 -2960.33 1.83938e-010 108.28 108.28
7.24 -4.59268 -2960.33 1.83562e-010 108.28 108.28
7.25 -4.59268 -2960.33 1.90759e-010 108.28 108.28
7.26 -4.59268 -2960.33 2.01958e-010 108.28 108.28
7.27 -4.59268 -2960.33 1.44595e-011 108.28 108.28
7.28 -4.59268 -2960.33 2.12616e-010 108.28 108.28
7.29 -4.59268 -2960.33 -4.12967e-011 108.28 108.28
7.3 -4.59268 -2960.33 2.60002e-010 108.28 108.28
7.31 -4.59268 -2960.33 1.27685e-010 108.28 108.28
7.32 -4.59268 -2960.33 2.6958e-010 108.28 108.28
7.33 -4.59268 -2960.33 1.4392e-010 108.28 108.28
7.34 -4.59268 -2960.33 2.34166e-010 108.28 108.28
7.35 -4.59268 -2960.33 3.43363e-010 108.28 108.28
7.36 -4.59268 -2960.33 2.577e-010 108.28 108.28
7.37 -4.59268 -2960.33 3.02705e-010 108.28 108.28
7.38 -4.59268 -2960.33 2.05489e-011 108.28 108.28
7.39 -4.59268 -2960.33 -2.19202e-011 108.28 108.28
7.4 -4.59268 -2960.33 1.44446e-010 108.28 108.28
7.41 -4.59268 -2960.33 -7.13882e-011 108.28 108.28
7.42 -4.59268 -2960.33 2.29903e-010 108.28 108.28
7.43 -4.59268 -2960.33 -7.66747e-011 108.28 108.28
7.44 -4.59268 -2960.33 8.91305e-011 108.28 108.28
7.45 -4.59268 -2960.33 9.03384e-011 108.28 108.28
7.46 -4.59268 -2960.33 8.46683e-011 108.28 108.28
7.47 -4.59268 -2960.33 9.82467e-011 108.28 108.28
7.48 -4.59268 -2960.33 1.02581e-010 108.28 108.28
7.49 -4.59268 -2960.33 1.05636e-010 108.28 108.28
7.5 -4.59268 -2960.33 1.02006e-010 108.28 108.28
7.51 -4.59268 -2960.33 7.66462e-011 108.28 108.28
7.52 -4.59268 -2960.33 5.17275e-011 108.28 108.28
7.53 -4.59268 -2960.33 1.06894e-010 108.28 108.28
7.54 -4.59268 -2960.33 1.22633e-010 108.28 108.28
7.55 -4.59268 -2960.33 7.45359e-011 108.28 108.28
7.56 -4.59268 -2960.33 1.23578e-010 108.28 108.28
7.57 -4.59268 -2960.33 8.95497e-011 108.28 108.28
7.58 -4.59268 -2960.33 1.12074e-010 108.28 108.28
7.59 -4.59268 -2960.33 1.33603e-010 108.28 108.28
7.6 -4.59268 -2960.33 1.2146e-010 108.28 108.28
7.61 -4.59268 -2960.33 1.07306e-010 108.28 108.28
7.62 -4.59268 -2960.33 1.4186e-010 108.28 108.28
7.63 -4.59268 -2960.33 9.63212e-011 108.28 108.28
7.64 -4.59268 -2960.33 1.51658e-010 108.28 108.28
7.65 -4.59268 -2960.33 1.20259e-010 108.28 108.28
7.66 -4.59268 -2960.33 1.68363e-010 108.28 108.28
7.67 -4.59268 -2960.33 5.29639e-011 108.28 108.28
7.68 -4.59268 -2960.33 -1.06084e-011 108.28 108.28
7.69 -4.59268 -2960.33 1.2858e-010 108.28 108.28
7.7 -4.59268 -2960.33 9.55538e-011 108.28 108.28
7.71 -4.59268 -2960.33 8.69278e-011 108.28 108.28
7.72 -4.59268 -2960.33 6.91927e-011 108.28 108.28
7.73 -4.59268 -2960.33 7.58718e-011 108.28 108.28
7.74 -4.59268 -2960.33 1.03611e-010 108.28 108.28
7.75 -4.59268 -2960.33 9.66978e-011 108.28 108.28
7.76 -4.59268 -2960.33 9.94902e-011 108.28 108.28
7.77 -4.59268 -2960.33 1.19179e-010 108.28 108.28
7.78 -4.59268 -2960.33 9.78275e-011 108.28 108.28
7.79 -4.59268 -2960.33 1.14248e-010 108.28 108.28
7.8 -4.59268 -2960.33 9.89289e-011 108.28 108.28
7.81 -4.59268 -2960.33 1.33994e-010 108.28 108.28
7.82 -4.59268 -2960.33 1.19854e-010 108.28 108.28
7.83 -4.59268 -2960.33 1.02489e-010 108.28 108.28
7.84 -4.59268 -2960.33 1.46912e-010 108.28 108.28
7.85 -4.59268 -2960.33 1.22128e-010 108.28 108.28
7.86 -4.59268 -2960.33 1.24167e-010 108.28 108.28
7.87 -4.59268 -2960.33 1.27571e-010 108.28 108.28
7.88 -4.59268 -2960.33 1.26199e-010 108.28 108.28
7.89 -4.59268 -2960.33 1.36239e-010 108.28 108.28
7.9 -4.59268 -2960.33 1.92415e-010 108.28 108.28
7.91 -4.59268 -2960.33 1.32133e-010 108.28 108.28
7.92 -4.59268 -2960.33 1.61393e-010 108.28 108.28
7.93 -4.59268 -2960.33 1.4569e-010 108.28 108.28
7.94 -4.59268 -2960.33 1.45896e-010 108.28 108.28
7.95 -4.59268 -2960.33 1.47004e-010 108.28 108.28
7.96 -4.59268 -2960.33 1.44745e-010 108.28 108.28
7.97 -4.59268 -2960.33 1.47331e-010 108.28 108.28
7.98 -4.59268 -2960.33 1.38776e-010 108.28 108.28
7.99 -4.59268 -2960.33 1.58934e-010 108.28 108.28
8 -4.59268 -2960.33 1.66523e-010 108.28 108.28
8.01 -4.59268 -2960.33 1.68995e-010 108.28 108.28
8.02 -4.59268 -2960.33 1.61911e-010 108.28 108.28
8.03 -4.59268 -2960.33 1.66587e-010 108.28 108.28
8.04 -4.59268 -2960.33 1.66203e-010 108.28 108.28
8.05 -4.59268 -2960.33 1.6891e-010 108.28 108.28
8.06 -4.59268 -2960.33 1.60966e-010 108.28 108.28
8.07 -4.59268 -2960.33 1.63034e-010 108.28 108.28
8.08 -4.59268 -2960.33 1.5158e-010 108.28 108.28
8.09 -4.59268 -2960.33 1.50344e-010 108.28 108.28
8.1 -4.59268 -2960.33 1.54323e-010 108.28 108.28
8.11 -4.59268 -2960.33 1.40183e-010 108.28 108.28
8.12 -4.59268 -2960.33 1.5617e-010 108.28 108.28
8.13 -4.59268 -2960.33 1.32943e-010 108.28 108.28
8.14 -4.59268 -2960.33 2.50644e-010 108.28 108.28
8.15 -4.59268 -2960.33 6.25704e-011 108.28 108.28
8.16 -4.59268 -2960.33 3.62775e-010 108.28 108.28
8.17 -4.59268 -2960.33 5.56348e-010 108.28 108.28
8.18 -4.59268 -2960.33 3.3566e-011 108.28 108.28
8.19 -4.59268 -2960.33 4.03816e-010 108.28 108.28
8.2 -4.59268 -2960.33 -5.16565e-012 108.28 108.28
8.21 -4.59268 -2960.33 3.19673e-011 108.28 108.28
8.22 -4.59268 -2960.33 1.68015e-010 108.28 108.28
8.23 -4.59268 -2960.33 1.75987e-010 108.28 108.28
8.24 -4.59268 -2960.33 1.68576e-010 108.28 108.28
8.25 -4.59268 -2960.33 1.76556e-010 108.28 108.28
8.26 -4.59268 -2960.33 1.90489e-010 108.28 108.28
8.27 -4.59268 -2960.33 1.74715e-010 108.28 108.28
8.28 -4.59268 -2960.33 1.61414e-010 108.28 108.28
8.29 -4.59268 -2960.33 9.95186e-011 108.28 108.28
8.3 -4.59268 -2960.33 5.98988e-012 108.28 108.28
8.31 -4.59268 -2960.33 2.81538e-010 108.28 108.28
8.32 -4.59268 -2960.33 -2.54865e-010 108.28 108.28
8.33 -4.59268 -2960.33 3.38183e-010 108.28 108.28
8.34 -4.59268 -2960.33 -3.05839e-010 108.28 108.28
8.35 -4.59268 -2960.33 3.19353e-010 108.28 108.28
8.36 -4.59268 -2960.33 -2.39844e-010 108.28 108.28
8.37 -4.59268 -2960.33 1.11257e-010 108.28 108.28
8.38 -4.59268 -2960.33 4.03801e-011 108.28 108.28
8.39 -4.59268 -2960.33 1.21517e-010 108.28 108.28
8.4 -4.59268 -2960.33 1.27415e-010 108.28 108.28
8.41 -4.59268 -2960.33 1.07612e-010 108.28 108.28
8.42 -4.59268 -2960.33 1.05189e-010 108.28 108.28
8.43 -4.59268 -2960.33 1.07008e-010 108.28 108.28
8.44 -4.59268 -2960.33 1.11015e-010 108.28 108.28
8.45 -4.59268 -2960.33 1.24977e-010 108.28 108.28
8.46 -4.59268 -2960.33 1.25681e-010 108.28 108.28
8.47 -4.59268 -2960.33 1.01316e-010 108.28 108.28
8.48 -4.59268 -2960.33 1.80158e-010 108.28 108.28
8.49 -4.59268 -2960.33 2.49585e-010 108.28 108.28
8.5 -4.59268 -2960.33 1.61286e-010 108.28 108.28
8.51 -4.59268 -2960.33 1.01949e-010 108.28 108.28
8.52 -4.59268 -2960.33 2.68678e-010 108.28 108.28
8.53 -4.59268 -2960.33 2.94101e-010 108.28 108.28
8.54 -4.59268 -2960.33 4.13543e-010 108.28 108.28
8.55 -4.59268 -2960.33 1.2863e-010 108.28 108.28
8.56 -4.59268 -2960.33 3.02748e-010 108.28 108.28
8.57 -4.59268 -2960.33 3.33863e-010 108.28 108.28
8.58 -4.59268 -2960.33 3.58042e-010 108.28 108.28
8.59 -4.59268 -2960.33 1.55282e-010 108.28 108.28
8.6 -4.59268 -2960.33 2.18421e-010 108.28 108.28
8.61 -4.59268 -2960.33 2.20865e-010 108.28 108.28
8.62 -4.59268 -2960.33 1.77913e-010 108.28 108.28
8.63 -4.59268 -2960.33 1.45342e-010 108.28 108.28
8.64 -4.59268 -2960.33 2.15998e-010 108.28 108.28
8.65 -4.59268 -2960.33 1.58508e-010 108.28 108.28
8.66 -4.59268 -2960.33 5.7625e-011 108.28 108.28
8.67 -4.59268 -2960.33 5.46692e-011 108.28 108.28
8.68 -4.59268 -2960.33 2.52712e-010 108.28 108.28
8.69 -4.59268 -2960.33 5.50564e-010 108.28 108.28
8.7 -4.59268 -2960.33 9.53264e-011 108.28 108.28
8.71 -4.59268 -2960.33 2.57742e-010 108.28 108.28
8.72 -4.59268 -2960.33 3.50013e-010 108.28 108.28
8.73 -4.59268 -2960.33 -2.6489e-011 108.28 108.28
8.74 -4.59268 -2960.33 1.46976e-010 108.28 108.28
8.75 -4.59268 -2960.33 1.28587e-010 108.28 108.28
8.76 -4.59268 -2960.33 1.20266e-010 108.28 108.28
8.77 -4.59268 -2960.33 1.17403e-010 108.28 108.28
8.78 -4.59268 -2960.33 1.15129e-010 108.28 108.28
8.79 -4.59268 -2960.33 1.1417e-010 108.28 108.28
8.8 -4.59268 -2960.33 1.10738e-010 108.28 108.28
8.81 -4.59268 -2960.33 1.12074e-010 108.28 108.28
8.82 -4.59268 -2960.33 1.01551e-010 108.28 108.28
8.83 -4.59268 -2960.33 1.41107e-010 108.28 108.28
8.84 -4.59268 -2960.33 8.18474e-011 108.28 108.28
8.85 -4.59268 -2960.33 1.55438e-010 108.28 108.28
8.86 -4.59268 -2960.33 7.24754e-012 108.28 108.28
8.87 -4.59268 -2960.33 4.01172e-011 108.28 108.28
8.88 -4.59268 -2960.33 -2.85638e-012 108.28 108.28
8.89 -4.59268 -2960.33 2.09091e-010 108.28 108.28
8.9 -4.59268 -2960.33 2.19273e-011 108.28 108.28
8.91 -4.59268 -2960.33 4.72014e-011 108.28 108.28
8.92 -4.59268 -2960.33 1.84095e-010 108.28 108.28
8.93 -4.59268 -2960.33 1.1304e-010 108.28 108.28
8.94 -4.59268 -2960.33 1.42094e-010 108.28 108.28
8.95 -4.59268 -2960.33 9.5568e-011 108.28 108.28
8.96 -4.59268 -2960.33 1.12266e-010 108.28 108.28
8.97 -4.59268 -2960.33 1.35408e-010 108.28 108.28
8.98 -4.59268 -2960.33 1.15776e-010 108.28 108.28
8.99 -4.59268 -2960.33 1.23933e-010 108.28 108.28
9 -4.59268 -2960.33 1.28765e-010 108.28 108.28
9.01 -4.59268 -2960.33 9.72378e-011 108.28 108.28
9.02 -4.59268 -2960.33 1.14412e-010 108.28 108.28
9.03 -4.59268 -2960.33 9.69678e-011 108.28 108.28
9.04 -4.59268 -2960.33 1.28466e-010 108.28 108.28
9.05 -4.59268 -2960.33 1.6442e-010 108.28 108.28
9.06 -4.59268 -2960.33 8.25509e-011 108.28 108.28
9.07 -4.59268 -2960.33 1.58416e-010 108.28 108.28
9.08 -4.59268 -2960.33 1.47978e-010 108.28 108.28
9.09 -4.59268 -2960.33 1.30946e-010 108.28 108.28
9.1 -4.59268 -2960.33 1.44581e-010 108.28 108.28
9.11 -4.59268 -2960.33 1.36183e-010 108.28 108.28
9.12 -4.59268 -2960.33 7.44294e-011 108.28 108.28
9.13 -4.59268 -2960.33 1.98e-010 108.28 108.28
9.14 -4.59268 -2960.33 -5.84066e-012 108.28 108.28
9.15 -4.59268 -2960.33 2.75804e-010 108.28 108.28
9.16 -4.59268 -2960.33 -7.55307e-012 108.28 108.28
9.17 -4.59268 -2960.33 2.20389e-010 108.28 108.28
9.18 -4.59268 -2960.33 -1.85842e-010 108.28 108.28
9.19 -4.59268 -2960.33 -6.61373e-011 108.28 108.28
9.2 -4.59268 -2960.33 3.13705e-011 108.28 108.28
9.21 -4.59268 -2960.33 -4.47194e-010 108.28 108.28
9.22 -4.59268 -2960.33 -2.64961e-011 108.28 108.28
9.23 -4.59268 -2960.33 -2.24162e-010 108.28 108.28
9.24 -4.59268 -2960.33 -1.17879e-010 108.28 108.28
9.25 -4.59268 -2960.33 -1.45313e-010 108.28 108.28
9.26 -4.59268 -2960.33 -2.49578e-010 108.28 108.28
9.27 -4.59268 -2960.33 -7.98295e-011 108.28 108.28
9.28 -4.59268 -2960.33 -3.49523e-010 108.28 108.28
9.29 -4.59268 -2960.33 -1.61577e-011 108.28 108.28
9.3 -4.59268 -2960.33 -1.94014e-010 108.28 108.28
9.31 -4.59268 -2960.33 -7.16511e-011 108.28 108.28
9.32 -4.59268 -2960.33 -2.24034e-010 108.28 108.28
9.33 -4.59268 -2960.33 -1.49235e-010 108.28 108.28
9.34 -4.59268 -2960.33 -2.33861e-010 108.28 108.28
9.35 -4.59268 -2960.33 -9.83036e-011 108.28 108.28
9.36 -4.59268 -2960.33 -1.24885e-010 108.28 108.28
9.37 -4.59268 -2960.33 -1.1778e-010 108.28 108.28
9.38 -4.59268 -2960.33 -3.36776e-010 108.28 108.28
9.39 -4.59268 -2960.33 -9.33014e-011 108.28 108.28
9.4 -4.59268 -2960.33 -2.96772e-010 108.28 108.28
9.41 -4.59268 -2960.33 -4.25544e-011 108.28 108.28
9.42 -4.59268 -2960.33 -3.27411e-010 108.28 108.28
9.43 -4.59268 -2960.33 6.48797e-011 108.28 108.28
9.44 -4.59268 -2960.33 -1.75348e-010 108.28 108.28
9.45 -4.59268 -2960.33 -1.45832e-010 108.28 108.28
9.46 -4.59268 -2960.33 -1.94198e-010 108.28 108.28
9.47 -4.59268 -2960.33 -1.33937e-010 108.28 108.28
9.48 -4.59268 -2960.33 -9.91847e-011 108.28 108.28
9.49 -4.59268 -2960.33 -2.17618e-010 108.28 108.28
9.5 -4.59268 -2960.33 -4.54811e-010 108.28 108.28
9.51 -4.59268 -2960.33 -4.38405e-011 108.28 108.28
9.52 -4.59268 -2960.33 -3.52536e-010 108.28 108.28
9.53 -4.59268 -2960.33 -2.38785e-010 108.28 108.28
9.54 -4.59268 -2960.33 -1.77259e-010 108.28 108.28
9.55 -4.59268 -2960.33 -2.97668e-010 108.28 108.28
9.56 -4.59268 -2960.33 -4.12143e-010 108.28 108.28
9.57 -4.59268 -2960.33 -1.97602e-011 108.28 108.28
9.58 -4.59268 -2960.33 -9.17524e-011 108.28 108.28
9.59 -4.59268 -2960.33 -1.30314e-011 108.28 108.28
9.6 -4.59268 -2960.33 -9.1859e-011 108.28 108.28
9.61 -4.59268 -2960.33 -9.8197e-011 108.28 108.28
9.62 -4.59268 -2960.33 -7.34133e-011 108.28 108.28
9.63 -4.59268 -2960.33 -9.52056e-011 108.28 108.28
9.64 -4.59268 -2960.33 -8.95923e-011 108.28 108.28
9.65 -4.59268 -2960.33 -9.00187e-011 108.28 108.28
9.66 -4.59268 -2960.33 -9.24558e-011 108.28 108.28
9.67 -4.59268 -2960.33 -1.17737e-010 108.28 108.28
9.68 -4.59268 -2960.33 -6.12843e-011 108.28 108.28
9.69 -4.59268 -2960.33 -1.43956e-010 108.28 108.28
9.7 -4.59268 -2960.33 -1.16387e-010 108.28 108.28
9.71 -4.59268 -2960.33 -9.26761e-011 108.28 108.28
9.72 -4.59268 -2960.33 -1.94099e-010 108.28 108.28
9.73 -4.59268 -2960.33 -3.27489e-011 108.28 108.28
9.74 -4.59268 -2960.33 -3.22608e-010 108.28 108.28
9.75 -4.59268 -2960.33 -8.98837e-011 108.28 108.28
9.76 -4.59268 -2960.33 -1.1363e-010 108.28 108.28
9.77 -4.59268 -2960.33 -1.00556e-010 108.28 108.28
9.78 -4.59268 -2960.33 -1.21801e-010 108.28 108.28
9.79 -4.59268 -2960.33 -9.60867e-011 108.28 108.28
9.8 -4.59268 -2960.33 -1.19485e-010 108.28 108.28
9.81 -4.59268 -2960.33 -1.07832e-010 108.28 108.28
9.82 -4.59268 -2960.33 -1.18433e-010 108.28 108.28
9.83 -4.59268 -2960.33 -9.55893e-011 108.28 108.28
9.84 -4.59268 -2960.33 -1.35472e-010 108.28 108.28
9.85 -4.59268 -2960.33 -1.46159e-010 108.28 108.28
9.86 -4.59268 -2960.33 -1.17652e-010 108.28 108.28
9.87 -4.59268 -2960.33 -6.4162e-011 108.28 108.28
9.88 -4.59268 -2960.33 -7.07061e-011 108.28 108.28
9.89 -4.59268 -2960.33 -3.56621e-011 108.28 108.28
9.9 -4.59268 -2960.33 -2.27629e-010 108.28 108.28
9.91 -4.59268 -2960.33 -3.84112e-010 108.28 108.28
9.92 -4.59268 -2960.33 -4.76298e-010 108.28 108.28
9.93 -4.59268 -2960.33 -4.50406e-010 108.28 108.28
9.94 -4.59268 -2960.33 8.79652e-012 108.28 108.28
9.95 -4.59268 -2960.33 -1.76023e-010 108.28 108.28
9.96 -4.59268 -2960.33 -1.22803e-010 108.28 108.28
9.97 -4.59268 -2960.33 -2.22755e-011 108.28 108.28
9.98 -4.59268 -2960.33 -1.67212e-010 108.28 108.28
9.99 -4.59268 -2960.33 -6.82903e-011 108.28 108.28
10 -4.59268 -2960.33 -2.14413e-010 108.28 108.28
