0.1 -1.47037e-005 2.84922e-008 -1.05796e-007 6.00637e-010 6.00637e-010
0.2 -2.94526e-005 5.71227e-008 -2.11906e-007 1.20176e-009 1.20176e-009
0.3 -4.42474e-005 8.58927e-008 -3.18331e-007 1.80338e-009 1.80338e-009
0.4 -5.90883e-005 1.14804e-007 -4.25073e-007 2.40548e-009 2.40548e-009
0.5 -7.39757e-005 1.43857e-007 -5.32136e-007 3.00808e-009 3.00808e-009
0.6 -8.89103e-005 1.73054e-007 -6.39521e-007 3.61118e-009 3.61118e-009
0.7 -0.000103892 2.02397e-007 -7.47231e-007 4.21478e-009 4.21478e-009
0.8 -0.000118922 2.31885e-007 -8.55269e-007 4.81887e-009 4.81887e-009
0.9 -0.000134001 2.61522e-007 -9.63636e-007 5.42347e-009 5.42347e-009
1 -0.000149128 2.91309e-007 -1.07234e-006 6.02857e-009 6.02857e-009
0.01 -0.000149128 2.86525e-007 -1.07386e-006 6.02908e-009 6.02908e-009
0.02 -0.000149129 2.73132e-007 -1.07799e-006 6.03182e-009 6.03182e-009
0.03 -0.00014913 2.58061e-007 -1.08248e-006 6.03847e-009 6.03847e-009
0.04 -0.000149131 2.47763e-007 -1.08581e-006 6.04827e-009 6.04827e-009
0.05 -0.000149132 2.42451e-007 -1.08861e-006 6.05846e-009 6.05846e-009
0.06 -0.000149132 2.41545e-007 -1.09134e-006 6.06681e-009 6.06681e-009
0.07 -0.000149132 2.44429e-007 -1.09403e-006 6.0728e-009 6.0728e-009
0.08 -0.000149132 2.50547e-007 -1.09635e-006 6.07683e-009 6.07683e-009
0.09 -0.000149132 2.59403e-007 -1.09788e-006 6.07903e-009 6.07903e-009
0.1 -0.000149132 2.70452e-007 -1.09838e-006 6.07923e-009 6.07923e-009
0.11 -0.000149132 2.8301e-007 -1.09791e-006 6.07745e-009 6.07745e-009
0.12 -0.000149133 2.96395e-007 -1.09682e-006 6.07433e-009 6.07433e-009
0.13 -0.000149133 3.10119e-007 -1.09565e-006 6.07079e-009 6.07079e-009
0.14 -0.000149134 3.23952e-007 -1.09496e-006 6.06773e-009 6.06773e-009
0.15 -0.000149134 3.37693e-007 -1.09514e-006 6.06559e-009 6.06559e-009
0.16 -0.000149135 3.50991e-007 -1.09619e-006 6.06402e-009 6.06402e-009
0.17 -0.000149135 3.63438e-007 -1.09782e-006 6.06186e-009 6.06186e-009
0.18 -0.000149136 3.74831e-007 -1.0997e-006 6.05768e-009 6.05768e-009
0.19 -0.000149136 3.85287e-007 -1.10161e-006 6.05064e-009 6.05064e-009
0.2 -0.000149137 3.95222e-007 -1.10346e-006 6.04104e-009 6.04104e-009
0.21 -0.000149137 4.04998e-007 -1.10511e-006 6.0301e-009 6.0301e-009
0.22 -0.000149138 4.14924e-007 -1.10624e-006 6.01922e-009 6.01922e-009
0.23 -0.000149138 4.2537e-007 -1.10651e-006 6.00902e-009 6.00902e-009
0.24 -0.000149138 4.36889e-007 -1.10588e-006 5.99918e-009 5.99918e-009
0.25 -0.000149139 4.50232e-007 -1.10469e-006 5.98905e-009 5.98905e-009
0.26 -0.00014914 4.6599e-007 -1.10338e-006 5.97827e-009 5.97827e-009
0.27 -0.000149141 4.84757e-007 -1.10199e-006 5.96683e-009 5.96683e-009
0.28 -0.000149142 5.0706e-007 -1.10021e-006 5.95476e-009 5.95476e-009
0.29 -0.000149143 5.32844e-007 -1.09803e-006 5.94183e-009 5.94183e-009
0.3 -0.000149145 5.61489e-007 -1.09601e-006 5.92787e-009 5.92787e-009
0.31 -0.000149147 5.92017e-007 -1.09461e-006 5.9132e-009 5.9132e-009
0.32 -0.000149149 6.23084e-007 -1.09367e-006 5.89867e-009 5.89867e-009
0.33 -0.00014915 6.53008e-007 -1.09284e-006 5.88519e-009 5.88519e-009
0.34 -0.000149152 6.80318e-007 -1.09185e-006 5.87327e-009 5.87327e-009
0.35 -0.000149153 7.04522e-007 -1.0905e-006 5.86282e-009 5.86282e-009
0.36 -0.000149154 7.25872e-007 -1.08882e-006 5.85326e-009 5.85326e-009
0.37 -0.000149155 7.44575e-007 -1.08686e-006 5.84378e-009 5.84378e-009
0.38 -0.000149156 7.60144e-007 -1.08431e-006 5.83366e-009 5.83366e-009
0.39 -0.000149157 7.71765e-007 -1.08075e-006 5.82257e-009 5.82257e-009
0.4 -0.000149157 7.79115e-007 -1.07643e-006 5.81063e-009 5.81063e-009
0.41 -0.000149157 7.82871e-007 -1.07206e-006 5.79847e-009 5.79847e-009
0.42 -0.000149157 7.84069e-007 -1.06834e-006 5.78697e-009 5.78697e-009
0.43 -0.000149157 7.83174e-007 -1.0654e-006 5.777e-009 5.777e-009
0.44 -0.000149157 7.80116e-007 -1.06275e-006 5.76906e-009 5.76906e-009
0.45 -0.000149157 7.74893e-007 -1.05987e-006 5.76326e-009 5.76326e-009
0.46 -0.000149158 7.68421e-007 -1.05667e-006 5.75937e-009 5.75937e-009
0.47 -0.000149158 7.62288e-007 -1.05313e-006 5.75679e-009 5.75679e-009
0.48 -0.000149158 7.57563e-007 -1.04923e-006 5.75467e-009 5.75467e-009
0.49 -0.000149158 7.54381e-007 -1.04509e-006 5.75212e-009 5.75212e-009
0.5 -0.000149158 7.52586e-007 -1.0404e-006 5.74858e-009 5.74858e-009
0.51 -0.000149158 7.51912e-007 -1.03444e-006 5.74392e-009 5.74392e-009
0.52 -0.000149159 7.51257e-007 -1.02691e-006 5.73831e-009 5.73831e-009
0.53 -0.000149159 7.48846e-007 -1.01767e-006 5.73218e-009 5.73218e-009
0.54 -0.00014916 7.43713e-007 -1.00618e-006 5.72597e-009 5.72597e-009
0.55 -0.00014916 7.36516e-007 -9.92195e-007 5.71971e-009 5.71971e-009
0.56 -0.000149161 7.27686e-007 -9.76784e-007 5.71289e-009 5.71289e-009
0.57 -0.000149161 7.15221e-007 -9.62517e-007 5.7053e-009 5.7053e-009
0.58 -0.000149162 6.96221e-007 -9.51802e-007 5.6981e-009 5.6981e-009
0.59 -0.000149163 6.7016e-007 -9.45149e-007 5.6935e-009 5.6935e-009
0.6 -0.000149163 6.39564e-007 -9.40984e-007 5.69302e-009 5.69302e-009
0.61 -0.000149164 6.07638e-007 -9.38021e-007 5.69626e-009 5.69626e-009
0.62 -0.000149165 5.75919e-007 -9.36336e-007 5.70161e-009 5.70161e-009
0.63 -0.000149165 5.44809e-007 -9.34985e-007 5.70775e-009 5.70775e-009
0.64 -0.000149166 5.14803e-007 -9.3136e-007 5.71362e-009 5.71362e-009
0.65 -0.000149167 4.85512e-007 -9.2506e-007 5.7179e-009 5.7179e-009
0.66 -0.000149168 4.56051e-007 -9.18763e-007 5.71974e-009 5.71974e-009
0.67 -0.000149168 4.27119e-007 -9.1428e-007 5.72006e-009 5.72006e-009
0.68 -0.000149169 4.0004e-007 -9.10911e-007 5.72088e-009 5.72088e-009
0.69 -0.00014917 3.7468e-007 -9.07185e-007 5.72365e-009 5.72365e-009
0.7 -0.000149171 3.50608e-007 -9.02292e-007 5.72872e-009 5.72872e-009
0.71 -0.000149173 3.28918e-007 -8.96231e-007 5.73598e-009 5.73598e-009
0.72 -0.000149174 3.11754e-007 -8.90507e-007 5.74533e-009 5.74533e-009
0.73 -0.000149174 3.00017e-007 -8.87612e-007 5.75659e-009 5.75659e-009
0.74 -0.000149175 2.91371e-007 -8.88949e-007 5.76947e-009 5.76947e-009
0.75 -0.000149175 2.81362e-007 -8.93922e-007 5.78363e-009 5.78363e-009
0.76 -0.000149176 2.67519e-007 -9.0073e-007 5.79879e-009 5.79879e-009
0.77 -0.000149177 2.51142e-007 -9.07031e-007 5.81451e-009 5.81451e-009
0.78 -0.000149177 2.35201e-007 -9.09728e-007 5.82975e-009 5.82975e-009
0.79 -0.000149178 2.21421e-007 -9.06457e-007 5.84265e-009 5.84265e-009
0.8 -0.000149179 2.09128e-007 -8.97487e-007 5.85111e-009 5.85111e-009
0.81 -0.00014918 1.97762e-007 -8.85085e-007 5.85402e-009 5.85402e-009
0.82 -0.000149181 1.88944e-007 -8.71772e-007 5.85154e-009 5.85154e-009
0.83 -0.000149181 1.84602e-007 -8.59474e-007 5.84442e-009 5.84442e-009
0.84 -0.000149182 1.84428e-007 -8.49017e-007 5.83334e-009 5.83334e-009
0.85 -0.000149182 1.86874e-007 -8.39288e-007 5.81893e-009 5.81893e-009
0.86 -0.000149182 1.90584e-007 -8.28119e-007 5.80184e-009 5.80184e-009
0.87 -0.000149182 1.92226e-007 -8.16203e-007 5.78291e-009 5.78291e-009
0.88 -0.000149183 1.87583e-007 -8.07232e-007 5.76413e-009 5.76413e-009
0.89 -0.000149183 1.77318e-007 -8.02244e-007 5.74851e-009 5.74851e-009
0.9 -0.000149184 1.67828e-007 -7.97638e-007 5.73712e-009 5.73712e-009
0.91 -0.000149184 1.64481e-007 -7.89672e-007 5.72654e-009 5.72654e-009
0.92 -0.000149184 1.6462e-007 -7.79351e-007 5.71108e-009 5.71108e-009
0.93 -0.000149185 1.59999e-007 -7.70576e-007 5.6886e-009 5.6886e-009
0.94 -0.000149186 1.47383e-007 -7.64593e-007 5.66301e-009 5.66301e-009
0.95 -0.000149187 1.34091e-007 -7.5973e-007 5.64026e-009 5.64026e-009
0.96 -0.000149187 1.31371e-007 -7.54587e-007 5.6229e-009 5.6229e-009
0.97 -0.000149188 1.42427e-007 -7.49925e-007 5.60919e-009 5.60919e-009
0.98 -0.000149188 1.59731e-007 -7.49099e-007 5.59733e-009 5.59733e-009
0.99 -0.000149188 1.75586e-007 -7.54116e-007 5.58897e-009 5.58897e-009
1 -0.000149188 1.90211e-007 -7.63009e-007 5.58751e-009 5.58751e-009
1.01 -0.000149188 2.08735e-007 -7.75043e-007 5.59401e-009 5.59401e-009
1.02 -0.000149188 2.34722e-007 -7.91602e-007 5.60641e-009 5.60641e-009
1.03 -0.000149188 2.66299e-007 -8.09181e-007 5.62149e-009 5.62149e-009
1.04 -0.000149187 2.96565e-007 -8.19377e-007 5.63544e-009 5.63544e-009
1.05 -0.000149187 3.18622e-007 -8.18696e-007 5.64412e-009 5.64412e-009
1.06 -0.000149187 3.30279e-007 -8.12502e-007 5.64573e-009 5.64573e-009
1.07 -0.000149187 3.34452e-007 -8.07421e-007 5.64343e-009 5.64343e-009
1.08 -0.000149187 3.37412e-007 -8.03451e-007 5.64286e-009 5.64286e-009
1.09 -0.000149187 3.43208e-007 -7.9709e-007 5.64607e-009 5.64607e-009
1.1 -0.000149186 3.47895e-007 -7.89815e-007 5.65006e-009 5.65006e-009
1.11 -0.000149186 3.43858e-007 -7.85473e-007 5.65211e-009 5.65211e-009
1.12 -0.000149186 3.29819e-007 -7.81239e-007 5.65341e-009 5.65341e-009
1.13 -0.000149186 3.13754e-007 -7.69939e-007 5.65519e-009 5.65519e-009
1.14 -0.000149186 3.07125e-007 -7.51298e-007 5.65387e-009 5.65387e-009
1.15 -0.000149186 3.19442e-007 -7.296e-007 5.64253e-009 5.64253e-009
1.16 -0.000149186 3.54158e-007 -7.04643e-007 5.61516e-009 5.61516e-009
1.17 -0.000149186 4.0304e-007 -6.75421e-007 5.56903e-009 5.56903e-009
1.18 -0.000149187 4.49607e-007 -6.43264e-007 5.50573e-009 5.50573e-009
1.19 -0.000149188 4.82297e-007 -6.11212e-007 5.43202e-009 5.43202e-009
1.2 -0.000149189 5.01505e-007 -5.84729e-007 5.35828e-009 5.35828e-009
1.21 -0.00014919 5.14911e-007 -5.68831e-007 5.29457e-009 5.29457e-009
1.22 -0.00014919 5.29202e-007 -5.6562e-007 5.24677e-009 5.24677e-009
1.23 -0.00014919 5.46564e-007 -5.74458e-007 5.21554e-009 5.21554e-009
1.24 -0.00014919 5.65845e-007 -5.91327e-007 5.19795e-009 5.19795e-009
1.25 -0.00014919 5.85415e-007 -6.08368e-007 5.1887e-009 5.1887e-009
1.26 -0.00014919 6.04761e-007 -6.18026e-007 5.18031e-009 5.18031e-009
1.27 -0.000149191 6.22952e-007 -6.18153e-007 5.16453e-009 5.16453e-009
1.28 -0.000149191 6.37821e-007 -6.10957e-007 5.13617e-009 5.13617e-009
1.29 -0.000149192 6.46249e-007 -6.01302e-007 5.09678e-009 5.09678e-009
1.3 -0.000149192 6.44687e-007 -5.93969e-007 5.05522e-009 5.05522e-009
1.31 -0.000149192 6.32738e-007 -5.87776e-007 5.02389e-009 5.02389e-009
1.32 -0.000149193 6.15814e-007 -5.78623e-007 5.01208e-009 5.01208e-009
1.33 -0.000149193 6.02708e-007 -5.67939e-007 5.02183e-009 5.02183e-009
1.34 -0.000149193 6.02333e-007 -5.57073e-007 5.04834e-009 5.04834e-009
1.35 -0.000149194 6.17598e-007 -5.39105e-007 5.08146e-009 5.08146e-009
1.36 -0.000149196 6.38587e-007 -5.09102e-007 5.10742e-009 5.10742e-009
1.37 -0.000149198 6.49873e-007 -4.74599e-007 5.11523e-009 5.11523e-009
1.38 -0.000149199 6.45015e-007 -4.5048e-007 5.10491e-009 5.10491e-009
1.39 -0.000149199 6.31909e-007 -4.46728e-007 5.08833e-009 5.08833e-009
1.4 -0.000149199 6.2455e-007 -4.61921e-007 5.08033e-009 5.08033e-009
1.41 -0.0001492 6.23695e-007 -4.87465e-007 5.08913e-009 5.08913e-009
1.42 -0.0001492 6.13111e-007 -5.103e-007 5.11464e-009 5.11464e-009
1.43 -0.0001492 5.81487e-007 -5.14897e-007 5.15101e-009 5.15101e-009
1.44 -0.0001492 5.35584e-007 -4.96557e-007 5.18778e-009 5.18778e-009
1.45 -0.000149201 4.92095e-007 -4.69567e-007 5.21268e-009 5.21268e-009
1.46 -0.000149203 4.63259e-007 -4.55697e-007 5.21833e-009 5.21833e-009
1.47 -0.000149203 4.44736e-007 -4.65974e-007 5.20718e-009 5.20718e-009
1.48 -0.000149204 4.15471e-007 -4.98003e-007 5.19018e-009 5.19018e-009
1.49 -0.000149205 3.53852e-007 -5.50102e-007 5.18323e-009 5.18323e-009
1.5 -0.000149206 2.56009e-007 -6.23099e-007 5.20518e-009 5.20518e-009
1.51 -0.000149208 1.40006e-007 -7.02165e-007 5.27171e-009 5.27171e-009
1.52 -0.000149212 3.19497e-008 -7.54687e-007 5.38156e-009 5.38156e-009
1.53 -0.000149218 -5.62251e-008 -7.60238e-007 5.50901e-009 5.50901e-009
1.54 -0.000149223 -1.31589e-007 -7.3065e-007 5.61787e-009 5.61787e-009
1.55 -0.000149229 -2.02608e-007 -6.92575e-007 5.68586e-009 5.68586e-009
1.56 -0.000149234 -2.69301e-007 -6.64123e-007 5.71465e-009 5.71465e-009
1.57 -0.000149239 -3.27867e-007 -6.51588e-007 5.72066e-009 5.72066e-009
1.58 -0.000149242 -3.7332e-007 -6.56195e-007 5.72295e-009 5.72295e-009
1.59 -0.000149245 -4.0117e-007 -6.78211e-007 5.73945e-009 5.73945e-009
1.6 -0.000149246 -4.14718e-007 -7.18784e-007 5.7875e-009 5.7875e-009
1.61 -0.000149248 -4.31223e-007 -7.74436e-007 5.88124e-009 5.88124e-009
1.62 -0.000149251 -4.69567e-007 -8.28348e-007 6.02335e-009 6.02335e-009
1.63 -0.000149255 -5.214e-007 -8.54736e-007 6.19488e-009 6.19488e-009
1.64 -0.000149256 -5.46795e-007 -8.34016e-007 6.35218e-009 6.35218e-009
1.65 -0.000149255 -5.14433e-007 -7.68996e-007 6.43987e-009 6.43987e-009
1.66 -0.000149255 -4.3602e-007 -6.86438e-007 6.41912e-009 6.41912e-009
1.67 -0.000149255 -3.5414e-007 -6.18614e-007 6.29352e-009 6.29352e-009
1.68 -0.000149255 -3.04158e-007 -5.83605e-007 6.11101e-009 6.11101e-009
1.69 -0.000149254 -2.90306e-007 -5.82563e-007 5.938e-009 5.938e-009
1.7 -0.000149253 -2.96865e-007 -6.07779e-007 5.8263e-009 5.8263e-009
1.71 -0.000149253 -3.10446e-007 -6.44255e-007 5.7942e-009 5.7942e-009
1.72 -0.000149252 -3.21992e-007 -6.72026e-007 5.82612e-009 5.82612e-009
1.73 -0.000149252 -3.20251e-007 -6.81166e-007 5.88375e-009 5.88375e-009
1.74 -0.000149251 -2.93453e-007 -6.80749e-007 5.92327e-009 5.92327e-009
1.75 -0.00014925 -2.3238e-007 -6.8624e-007 5.91203e-009 5.91203e-009
1.76 -0.000149249 -1.3249e-007 -7.05423e-007 5.83631e-009 5.83631e-009
1.77 -0.000149248 5.154e-010 -7.41089e-007 5.70052e-009 5.70052e-009
1.78 -0.000149247 1.45722e-007 -7.96985e-007 5.52679e-009 5.52679e-009
1.79 -0.000149245 2.76455e-007 -8.66252e-007 5.35513e-009 5.35513e-009
1.8 -0.000149244 3.82746e-007 -9.23566e-007 5.23251e-009 5.23251e-009
1.81 -0.000149242 4.79308e-007 -9.44552e-007 5.18966e-009 5.18966e-009
1.82 -0.000149241 5.87778e-007 -9.24478e-007 5.22304e-009 5.22304e-009
1.83 -0.000149239 7.161e-007 -8.76148e-007 5.29686e-009 5.29686e-009
1.84 -0.000149238 8.54437e-007 -8.17681e-007 5.36183e-009 5.36183e-009
1.85 -0.000149241 9.82647e-007 -7.66154e-007 5.37757e-009 5.37757e-009
1.86 -0.000149244 1.08185e-006 -7.38962e-007 5.33021e-009 5.33021e-009
1.87 -0.000149247 1.15011e-006 -7.40138e-007 5.23775e-009 5.23775e-009
1.88 -0.000149249 1.20856e-006 -7.3844e-007 5.13466e-009 5.13466e-009
1.89 -0.000149253 1.27998e-006 -6.89661e-007 5.04385e-009 5.04385e-009
1.9 -0.000149258 1.35976e-006 -5.93703e-007 4.96619e-009 4.96619e-009
1.91 -0.000149261 1.4198e-006 -4.98301e-007 4.90037e-009 4.90037e-009
1.92 -0.000149262 1.43861e-006 -4.46816e-007 4.86198e-009 4.86198e-009
1.93 -0.00014926 1.41781e-006 -4.53711e-007 4.87178e-009 4.87178e-009
1.94 -0.000149259 1.37562e-006 -5.17607e-007 4.93044e-009 4.93044e-009
1.95 -0.000149259 1.33159e-006 -6.28798e-007 5.01407e-009 5.01407e-009
1.96 -0.00014926 1.30081e-006 -7.61369e-007 5.09264e-009 5.09264e-009
1.97 -0.000149263 1.29345e-006 -8.74719e-007 5.14615e-009 5.14615e-009
1.98 -0.000149265 1.30883e-006 -9.3943e-007 5.16703e-009 5.16703e-009
1.99 -0.000149268 1.33535e-006 -9.58287e-007 5.15897e-009 5.15897e-009
2 -0.000149269 1.35588e-006 -9.58274e-007 5.13792e-009 5.13792e-009
2.01 -0.00014927 1.35297e-006 -9.68672e-007 5.12805e-009 5.12805e-009
2.02 -0.000149271 1.31259e-006 -1.00408e-006 5.15038e-009 5.15038e-009
2.03 -0.000149272 1.2259e-006 -1.0672e-006 5.21501e-009 5.21501e-009
2.04 -0.000149275 1.09523e-006 -1.15948e-006 5.32614e-009 5.32614e-009
2.05 -0.000149278 9.41817e-007 -1.27016e-006 5.48973e-009 5.48973e-009
2.06 -0.000149282 7.96052e-007 -1.37262e-006 5.70745e-009 5.70745e-009
2.07 -0.000149285 6.71941e-007 -1.45408e-006 5.96444e-009 5.96444e-009
2.08 -0.000149289 5.59927e-007 -1.52988e-006 6.23292e-009 6.23292e-009
2.09 -0.000149293 4.4534e-007 -1.61987e-006 6.49045e-009 6.49045e-009
2.1 -0.000149299 3.28217e-007 -1.72427e-006 6.73018e-009 6.73018e-009
2.11 -0.000149306 2.20207e-007 -1.82648e-006 6.954e-009 6.954e-009
2.12 -0.000149314 1.24116e-007 -1.91587e-006 7.16429e-009 7.16429e-009
2.13 -0.000149321 2.82499e-008 -1.99613e-006 7.36713e-009 7.36713e-009
2.14 -0.000149328 -8.18622e-008 -2.07136e-006 7.57701e-009 7.57701e-009
2.15 -0.000149335 -2.1207e-007 -2.13316e-006 7.80835e-009 7.80835e-009
2.16 -0.000149341 -3.52366e-007 -2.16162e-006 8.05788e-009 8.05788e-009
2.17 -0.000149346 -4.80687e-007 -2.14772e-006 8.29714e-009 8.29714e-009
2.18 -0.000149349 -5.77746e-007 -2.12015e-006 8.48829e-009 8.48829e-009
2.19 -0.000149352 -6.37112e-007 -2.12547e-006 8.61252e-009 8.61252e-009
2.2 -0.000149355 -6.63678e-007 -2.17585e-006 8.68089e-009 8.68089e-009
2.21 -0.000149359 -6.70755e-007 -2.24568e-006 8.71642e-009 8.71642e-009
2.22 -0.000149362 -6.78058e-007 -2.31129e-006 8.73359e-009 8.73359e-009
2.23 -0.000149365 -7.02624e-007 -2.37003e-006 8.73909e-009 8.73909e-009
2.24 -0.000149369 -7.46039e-007 -2.42819e-006 8.74286e-009 8.74286e-009
2.25 -0.000149373 -7.92736e-007 -2.48783e-006 8.7568e-009 8.7568e-009
2.26 -0.000149376 -8.22587e-007 -2.55155e-006 8.78332e-009 8.78332e-009
2.27 -0.000149378 -8.19652e-007 -2.61939e-006 8.81075e-009 8.81075e-009
2.28 -0.000149379 -7.73515e-007 -2.67447e-006 8.81822e-009 8.81822e-009
2.29 -0.000149379 -6.83523e-007 -2.69545e-006 8.78182e-009 8.78182e-009
2.3 -0.000149378 -5.59704e-007 -2.67989e-006 8.6831e-009 8.6831e-009
2.31 -0.000149378 -4.16342e-007 -2.638e-006 8.52105e-009 8.52105e-009
2.32 -0.000149377 -2.68307e-007 -2.57671e-006 8.31708e-009 8.31708e-009
2.33 -0.000149376 -1.29792e-007 -2.50243e-006 8.10609e-009 8.10609e-009
2.34 -0.000149375 -1.02666e-008 -2.42797e-006 7.92158e-009 7.92158e-009
2.35 -0.000149374 8.79528e-008 -2.36924e-006 7.78541e-009 7.78541e-009
2.36 -0.000149373 1.67819e-007 -2.3368e-006 7.70483e-009 7.70483e-009
2.37 -0.000149372 2.3262e-007 -2.33654e-006 7.67501e-009 7.67501e-009
2.38 -0.000149373 2.85864e-007 -2.367e-006 7.68431e-009 7.68431e-009
2.39 -0.000149373 3.36948e-007 -2.40397e-006 7.71592e-009 7.71592e-009
2.4 -0.000149373 3.93371e-007 -2.4118e-006 7.744e-009 7.744e-009
2.41 -0.000149373 4.46763e-007 -2.37094e-006 7.73558e-009 7.73558e-009
2.42 -0.000149373 4.8283e-007 -2.27829e-006 7.66466e-009 7.66466e-009
2.43 -0.000149373 5.0092e-007 -2.1472e-006 7.52687e-009 7.52687e-009
2.44 -0.000149374 5.13532e-007 -2.01555e-006 7.34441e-009 7.34441e-009
2.45 -0.000149375 5.32456e-007 -1.91945e-006 7.15955e-009 7.15955e-009
2.46 -0.000149376 5.60979e-007 -1.8551e-006 7.01423e-009 7.01423e-009
2.47 -0.000149377 5.95478e-007 -1.78772e-006 6.92358e-009 6.92358e-009
2.48 -0.000149377 6.30499e-007 -1.69161e-006 6.86629e-009 6.86629e-009
2.49 -0.000149378 6.62731e-007 -1.5708e-006 6.80318e-009 6.80318e-009
2.5 -0.000149378 6.8918e-007 -1.45214e-006 6.70686e-009 6.70686e-009
2.51 -0.000149379 7.07316e-007 -1.36418e-006 6.57623e-009 6.57623e-009
2.52 -0.000149381 7.19764e-007 -1.32105e-006 6.42831e-009 6.42831e-009
2.53 -0.000149382 7.30425e-007 -1.32102e-006 6.28152e-009 6.28152e-009
2.54 -0.000149384 7.38939e-007 -1.34647e-006 6.14665e-009 6.14665e-009
2.55 -0.000149385 7.42316e-007 -1.36846e-006 6.02735e-009 6.02735e-009
2.56 -0.000149386 7.36964e-007 -1.36178e-006 5.92332e-009 5.92332e-009
2.57 -0.000149387 7.21557e-007 -1.3165e-006 5.83253e-009 5.83253e-009
2.58 -0.000149388 6.98289e-007 -1.23924e-006 5.75165e-009 5.75165e-009
2.59 -0.000149388 6.66406e-007 -1.14737e-006 5.67545e-009 5.67545e-009
2.6 -0.000149389 6.19347e-007 -1.05916e-006 5.59717e-009 5.59717e-009
2.61 -0.00014939 5.55572e-007 -9.84411e-007 5.51153e-009 5.51153e-009
2.62 -0.00014939 4.87345e-007 -9.22099e-007 5.41868e-009 5.41868e-009
2.63 -0.000149391 4.30592e-007 -8.63586e-007 5.32646e-009 5.32646e-009
2.64 -0.000149391 3.83756e-007 -8.05601e-007 5.25039e-009 5.25039e-009
2.65 -0.000149392 3.22699e-007 -7.63345e-007 5.21292e-009 5.21292e-009
2.66 -0.000149393 2.26855e-007 -7.54401e-007 5.23893e-009 5.23893e-009
2.67 -0.000149393 1.08109e-007 -7.75613e-007 5.34124e-009 5.34124e-009
2.68 -0.000149395 5.32267e-009 -8.06491e-007 5.50367e-009 5.50367e-009
2.69 -0.000149396 -5.11329e-008 -8.28588e-007 5.68172e-009 5.68172e-009
2.7 -0.000149397 -6.69276e-008 -8.43035e-007 5.82795e-009 5.82795e-009
2.71 -0.000149397 -7.61145e-008 -8.62767e-007 5.92268e-009 5.92268e-009
2.72 -0.000149398 -1.09334e-007 -8.84875e-007 5.98033e-009 5.98033e-009
2.73 -0.000149399 -1.65756e-007 -8.83158e-007 6.02512e-009 6.02512e-009
2.74 -0.000149399 -2.12084e-007 -8.38762e-007 6.06321e-009 6.06321e-009
2.75 -0.0001494 -2.13219e-007 -7.68511e-007 6.0821e-009 6.0821e-009
2.76 -0.000149401 -1.64528e-007 -7.0447e-007 6.07342e-009 6.07342e-009
2.77 -0.000149401 -8.94805e-008 -6.64858e-007 6.04741e-009 6.04741e-009
2.78 -0.000149401 -7.77494e-009 -6.57163e-007 6.02403e-009 6.02403e-009
2.79 -0.0001494 8.34607e-008 -6.79508e-007 6.01489e-009 6.01489e-009
2.8 -0.000149399 1.91118e-007 -7.11492e-007 6.01237e-009 6.01237e-009
2.81 -0.000149397 2.98396e-007 -7.34359e-007 5.993e-009 5.993e-009
2.82 -0.000149395 3.69617e-007 -7.53864e-007 5.93632e-009 5.93632e-009
2.83 -0.000149394 3.80682e-007 -7.87205e-007 5.8457e-009 5.8457e-009
2.84 -0.000149393 3.3813e-007 -8.43629e-007 5.75052e-009 5.75052e-009
2.85 -0.000149392 2.69979e-007 -9.14642e-007 5.68535e-009 5.68535e-009
2.86 -0.000149392 2.04706e-007 -9.82858e-007 5.66499e-009 5.66499e-009
2.87 -0.000149391 1.63946e-007 -1.03889e-006 5.67694e-009 5.67694e-009
2.88 -0.000149391 1.61183e-007 -1.0748e-006 5.69359e-009 5.69359e-009
2.89 -0.00014939 1.93551e-007 -1.07655e-006 5.68874e-009 5.68874e-009
2.9 -0.00014939 2.42963e-007 -1.03989e-006 5.64827e-009 5.64827e-009
2.91 -0.000149388 2.95911e-007 -9.80163e-007 5.57546e-009 5.57546e-009
2.92 -0.000149387 3.57245e-007 -9.20632e-007 5.48881e-009 5.48881e-009
2.93 -0.000149386 4.36634e-007 -8.80525e-007 5.41171e-009 5.41171e-009
2.94 -0.000149385 5.30928e-007 -8.6818e-007 5.36228e-009 5.36228e-009
2.95 -0.000149383 6.29694e-007 -8.79013e-007 5.35107e-009 5.35107e-009
2.96 -0.000149381 7.27896e-007 -9.037e-007 5.38366e-009 5.38366e-009
2.97 -0.00014938 8.20311e-007 -9.39034e-007 5.46158e-009 5.46158e-009
2.98 -0.000149378 8.91697e-007 -9.87268e-007 5.58022e-009 5.58022e-009
2.99 -0.000149378 9.25662e-007 -1.04313e-006 5.72547e-009 5.72547e-009
3 -0.000149378 9.19683e-007 -1.08529e-006 5.87105e-009 5.87105e-009
3.01 -0.000149379 8.83751e-007 -1.08796e-006 5.98162e-009 5.98162e-009
3.02 -0.000149381 8.25192e-007 -1.04066e-006 6.0261e-009 6.0261e-009
3.03 -0.000149383 7.38729e-007 -9.52068e-007 5.99537e-009 5.99537e-009
3.04 -0.000149385 6.1187e-007 -8.46024e-007 5.91031e-009 5.91031e-009
3.05 -0.000149387 4.42861e-007 -7.56654e-007 5.81329e-009 5.81329e-009
3.06 -0.00014939 2.4939e-007 -7.1012e-007 5.74907e-009 5.74907e-009
3.07 -0.000149392 5.30018e-008 -7.00351e-007 5.74403e-009 5.74403e-009
3.08 -0.000149395 -1.33996e-007 -6.94404e-007 5.7928e-009 5.7928e-009
3.09 -0.000149397 -3.07281e-007 -6.73787e-007 5.86318e-009 5.86318e-009
3.1 -0.000149401 -4.66908e-007 -6.56831e-007 5.92114e-009 5.92114e-009
3.11 -0.000149408 -6.04958e-007 -6.69948e-007 5.95478e-009 5.95478e-009
3.12 -0.000149413 -7.0041e-007 -7.06877e-007 5.97116e-009 5.97116e-009
3.13 -0.000149415 -7.3847e-007 -7.29497e-007 5.97069e-009 5.97069e-009
3.14 -0.000149417 -7.27646e-007 -7.15344e-007 5.93511e-009 5.93511e-009
3.15 -0.000149419 -6.96555e-007 -6.8671e-007 5.85045e-009 5.85045e-009
3.16 -0.00014942 -6.775e-007 -6.83441e-007 5.73888e-009 5.73888e-009
3.17 -0.000149421 -6.91019e-007 -7.31617e-007 5.65956e-009 5.65956e-009
3.18 -0.000149422 -7.40057e-007 -8.29209e-007 5.6742e-009 5.6742e-009
3.19 -0.000149424 -8.11289e-007 -9.34621e-007 5.80553e-009 5.80553e-009
3.2 -0.000149426 -8.86502e-007 -9.89444e-007 6.0175e-009 6.0175e-009
3.21 -0.000149429 -9.61184e-007 -9.72813e-007 6.23359e-009 6.23359e-009
3.22 -0.000149433 -1.04869e-006 -9.21558e-007 6.38641e-009 6.38641e-009
3.23 -0.00014944 -1.16004e-006 -8.94315e-007 6.46201e-009 6.46201e-009
3.24 -0.000149445 -1.2882e-006 -9.2767e-007 6.50175e-009 6.50175e-009
3.25 -0.00014945 -1.41379e-006 -1.02451e-006 6.56476e-009 6.56476e-009
3.26 -0.000149454 -1.50937e-006 -1.16278e-006 6.68767e-009 6.68767e-009
3.27 -0.000149455 -1.54106e-006 -1.30088e-006 6.86867e-009 6.86867e-009
3.28 -0.000149454 -1.4873e-006 -1.39419e-006 7.07536e-009 7.07536e-009
3.29 -0.000149452 -1.35998e-006 -1.42553e-006 7.26574e-009 7.26574e-009
3.3 -0.000149448 -1.20143e-006 -1.41186e-006 7.41067e-009 7.41067e-009
3.31 -0.000149444 -1.05765e-006 -1.37869e-006 7.50261e-009 7.50261e-009
3.32 -0.00014944 -9.51616e-007 -1.33446e-006 7.54246e-009 7.54246e-009
3.33 -0.000149436 -8.7989e-007 -1.27913e-006 7.52198e-009 7.52198e-009
3.34 -0.000149433 -8.30196e-007 -1.23312e-006 7.43053e-009 7.43053e-009
3.35 -0.000149432 -7.90779e-007 -1.22717e-006 7.28445e-009 7.28445e-009
3.36 -0.000149431 -7.4155e-007 -1.26136e-006 7.13783e-009 7.13783e-009
3.37 -0.00014943 -6.54837e-007 -1.2996e-006 7.04845e-009 7.04845e-009
3.38 -0.000149428 -5.14764e-007 -1.29764e-006 7.02773e-009 7.02773e-009
3.39 -0.000149425 -3.32881e-007 -1.23041e-006 7.02437e-009 7.02437e-009
3.4 -0.000149422 -1.46433e-007 -1.116e-006 6.95832e-009 6.95832e-009
3.41 -0.000149418 -4.68077e-010 -1.0176e-006 6.77961e-009 6.77961e-009
3.42 -0.000149415 7.84759e-008 -1.00032e-006 6.50762e-009 6.50762e-009
3.43 -0.000149413 9.98076e-008 -1.08014e-006 6.2196e-009 6.2196e-009
3.44 -0.000149411 1.00283e-007 -1.21931e-006 5.99892e-009 5.99892e-009
3.45 -0.000149409 1.16717e-007 -1.36199e-006 5.88686e-009 5.88686e-009
3.46 -0.000149408 1.69701e-007 -1.47124e-006 5.87309e-009 5.87309e-009
3.47 -0.000149408 2.64761e-007 -1.54196e-006 5.92037e-009 5.92037e-009
3.48 -0.000149407 3.95212e-007 -1.58873e-006 5.99322e-009 5.99322e-009
3.49 -0.000149406 5.43783e-007 -1.62887e-006 6.06877e-009 6.06877e-009
3.5 -0.000149405 6.8284e-007 -1.68277e-006 6.13414e-009 6.13414e-009
3.51 -0.000149405 7.8025e-007 -1.77343e-006 6.18671e-009 6.18671e-009
3.52 -0.000149406 8.21241e-007 -1.89902e-006 6.2384e-009 6.2384e-009
3.53 -0.000149407 8.22392e-007 -2.02152e-006 6.31107e-009 6.31107e-009
3.54 -0.000149408 8.14381e-007 -2.10186e-006 6.42435e-009 6.42435e-009
3.55 -0.000149409 8.17942e-007 -2.13596e-006 6.59119e-009 6.59119e-009
3.56 -0.000149409 8.36239e-007 -2.15649e-006 6.82134e-009 6.82134e-009
3.57 -0.00014941 8.63096e-007 -2.20024e-006 7.11746e-009 7.11746e-009
3.58 -0.000149412 8.93754e-007 -2.27355e-006 7.45901e-009 7.45901e-009
3.59 -0.000149415 9.24267e-007 -2.34835e-006 7.79253e-009 7.79253e-009
3.6 -0.000149417 9.5055e-007 -2.38068e-006 8.04742e-009 8.04742e-009
3.61 -0.000149417 9.71728e-007 -2.34085e-006 8.17054e-009 8.17054e-009
3.62 -0.000149417 9.85342e-007 -2.24197e-006 8.1551e-009 8.1551e-009
3.63 -0.000149417 9.8073e-007 -2.13516e-006 8.04615e-009 8.04615e-009
3.64 -0.000149416 9.4302e-007 -2.06417e-006 7.91814e-009 7.91814e-009
3.65 -0.000149415 8.64138e-007 -2.02767e-006 7.83351e-009 7.83351e-009
3.66 -0.000149414 7.50384e-007 -1.99258e-006 7.80721e-009 7.80721e-009
3.67 -0.000149414 6.14078e-007 -1.93399e-006 7.8042e-009 7.8042e-009
3.68 -0.000149414 4.63682e-007 -1.85204e-006 7.77124e-009 7.77124e-009
3.69 -0.000149415 3.15948e-007 -1.76378e-006 7.67324e-009 7.67324e-009
3.7 -0.000149416 2.03344e-007 -1.69442e-006 7.50634e-009 7.50634e-009
3.71 -0.000149418 1.55016e-007 -1.66657e-006 7.28834e-009 7.28834e-009
3.72 -0.000149419 1.82218e-007 -1.68292e-006 7.04305e-009 7.04305e-009
3.73 -0.00014942 2.74392e-007 -1.72444e-006 6.78996e-009 6.78996e-009
3.74 -0.00014942 3.94792e-007 -1.76922e-006 6.54419e-009 6.54419e-009
3.75 -0.000149419 5.00295e-007 -1.80596e-006 6.3249e-009 6.3249e-009
3.76 -0.000149418 5.72573e-007 -1.83403e-006 6.15963e-009 6.15963e-009
3.77 -0.000149417 6.17903e-007 -1.85457e-006 6.07413e-009 6.07413e-009
3.78 -0.000149416 6.48207e-007 -1.86662e-006 6.07348e-009 6.07348e-009
3.79 -0.000149416 6.7438e-007 -1.87455e-006 6.13384e-009 6.13384e-009
3.8 -0.000149416 7.0745e-007 -1.88773e-006 6.21544e-009 6.21544e-009
3.81 -0.000149417 7.5043e-007 -1.91176e-006 6.28734e-009 6.28734e-009
3.82 -0.000149418 7.84827e-007 -1.94649e-006 6.34547e-009 6.34547e-009
3.83 -0.000149419 7.77819e-007 -1.98273e-006 6.41285e-009 6.41285e-009
3.84 -0.00014942 7.20793e-007 -2.00421e-006 6.52108e-009 6.52108e-009
3.85 -0.000149422 6.50815e-007 -2.0069e-006 6.68627e-009 6.68627e-009
3.86 -0.000149424 6.0894e-007 -2.00035e-006 6.89839e-009 6.89839e-009
3.87 -0.000149425 5.93146e-007 -1.99049e-006 7.13066e-009 7.13066e-009
3.88 -0.000149425 5.73841e-007 -1.97722e-006 7.35616e-009 7.35616e-009
3.89 -0.000149424 5.36816e-007 -1.96253e-006 7.55701e-009 7.55701e-009
3.9 -0.000149423 4.96518e-007 -1.95635e-006 7.72318e-009 7.72318e-009
3.91 -0.000149423 4.7213e-007 -1.97633e-006 7.84968e-009 7.84968e-009
3.92 -0.000149422 4.59165e-007 -2.03618e-006 7.93915e-009 7.93915e-009
3.93 -0.000149423 4.37683e-007 -2.12187e-006 8.0035e-009 8.0035e-009
3.94 -0.000149424 3.98845e-007 -2.18612e-006 8.05381e-009 8.05381e-009
3.95 -0.000149426 3.40771e-007 -2.18162e-006 8.08492e-009 8.08492e-009
3.96 -0.000149428 2.54071e-007 -2.09404e-006 8.07439e-009 8.07439e-009
3.97 -0.00014943 1.33765e-007 -1.94142e-006 7.99803e-009 7.99803e-009
3.98 -0.000149432 -1.00849e-008 -1.75198e-006 7.84334e-009 7.84334e-009
3.99 -0.000149434 -1.63897e-007 -1.54728e-006 7.61e-009 7.61e-009
4 -0.000149436 -3.27065e-007 -1.35368e-006 7.30869e-009 7.30869e-009
4.01 -0.000149438 -5.15205e-007 -1.21278e-006 6.97051e-009 6.97051e-009
4.02 -0.000149441 -7.33981e-007 -1.15131e-006 6.65355e-009 6.65355e-009
4.03 -0.000149443 -9.55132e-007 -1.16011e-006 6.42312e-009 6.42312e-009
4.04 -0.000149445 -1.13942e-006 -1.2194e-006 6.31698e-009 6.31698e-009
4.05 -0.000149447 -1.26626e-006 -1.3141e-006 6.33016e-009 6.33016e-009
4.06 -0.000149449 -1.33082e-006 -1.41486e-006 6.42557e-009 6.42557e-009
4.07 -0.000149451 -1.34232e-006 -1.48218e-006 6.54921e-009 6.54921e-009
4.08 -0.000149452 -1.33555e-006 -1.50517e-006 6.64594e-009 6.64594e-009
4.09 -0.000149454 -1.36425e-006 -1.50568e-006 6.68429e-009 6.68429e-009
4.1 -0.000149456 -1.47064e-006 -1.50371e-006 6.67635e-009 6.67635e-009
4.11 -0.000149462 -1.66262e-006 -1.50524e-006 6.67136e-009 6.67136e-009
4.12 -0.000149476 -1.91158e-006 -1.50588e-006 6.72704e-009 6.72704e-009
4.13 -0.000149494 -2.16349e-006 -1.48654e-006 6.87952e-009 6.87952e-009
4.14 -0.000149512 -2.36622e-006 -1.43452e-006 7.12816e-009 7.12816e-009
4.15 -0.000149524 -2.49218e-006 -1.37282e-006 7.44327e-009 7.44327e-009
4.16 -0.00014953 -2.53555e-006 -1.34549e-006 7.78756e-009 7.78756e-009
4.17 -0.000149532 -2.50131e-006 -1.38587e-006 8.13058e-009 8.13058e-009
4.18 -0.000149532 -2.40169e-006 -1.49675e-006 8.44734e-009 8.44734e-009
4.19 -0.000149532 -2.25898e-006 -1.64405e-006 8.71172e-009 8.71172e-009
4.2 -0.000149531 -2.10498e-006 -1.77785e-006 8.89782e-009 8.89782e-009
4.21 -0.000149529 -1.96308e-006 -1.85827e-006 8.9914e-009 8.9914e-009
4.22 -0.000149526 -1.82941e-006 -1.85836e-006 8.99699e-009 8.99699e-009
4.23 -0.000149523 -1.68586e-006 -1.77101e-006 8.92935e-009 8.92935e-009
4.24 -0.00014952 -1.52316e-006 -1.61415e-006 8.79798e-009 8.79798e-009
4.25 -0.000149517 -1.33863e-006 -1.40095e-006 8.59654e-009 8.59654e-009
4.26 -0.000149514 -1.13057e-006 -1.13027e-006 8.29917e-009 8.29917e-009
4.27 -0.00014951 -9.04299e-007 -8.17653e-007 7.87078e-009 7.87078e-009
4.28 -0.000149509 -6.71771e-007 -4.95629e-007 7.29422e-009 7.29422e-009
4.29 -0.000149509 -4.49647e-007 -1.92455e-007 6.59343e-009 6.59343e-009
4.3 -0.00014951 -2.59961e-007 5.76598e-008 5.83326e-009 5.83326e-009
4.31 -0.000149509 -1.16482e-007 2.13011e-007 5.10036e-009 5.10036e-009
4.32 -0.000149506 -7.1998e-009 2.60622e-007 4.47416e-009 4.47416e-009
4.33 -0.000149502 9.85565e-008 2.31666e-007 3.9949e-009 3.9949e-009
4.34 -0.000149498 2.2443e-007 1.7596e-007 3.64657e-009 3.64657e-009
4.35 -0.000149494 3.75129e-007 1.38583e-007 3.37074e-009 3.37074e-009
4.36 -0.00014949 5.5048e-007 1.47444e-007 3.10065e-009 3.10065e-009
4.37 -0.00014949 7.58841e-007 2.01339e-007 2.79124e-009 2.79124e-009
4.38 -0.000149494 1.00592e-006 2.74815e-007 2.43291e-009 2.43291e-009
4.39 -0.000149502 1.2713e-006 3.33763e-007 2.05269e-009 2.05269e-009
4.4 -0.000149511 1.50931e-006 3.53552e-007 1.70881e-009 1.70881e-009
4.41 -0.000149518 1.68397e-006 3.41136e-007 1.47514e-009 1.47514e-009
4.42 -0.000149523 1.79506e-006 3.30412e-007 1.41204e-009 1.41204e-009
4.43 -0.000149528 1.87038e-006 3.56212e-007 1.53738e-009 1.53738e-009
4.44 -0.000149535 1.94268e-006 4.42658e-007 1.81581e-009 1.81581e-009
4.45 -0.000149545 2.02623e-006 5.88187e-007 2.17132e-009 2.17132e-009
4.46 -0.000149556 2.11017e-006 7.41878e-007 2.51966e-009 2.51966e-009
4.47 -0.000149563 2.17943e-006 8.24549e-007 2.80779e-009 2.80779e-009
4.48 -0.000149565 2.23071e-006 7.9178e-007 3.03319e-009 3.03319e-009
4.49 -0.000149566 2.25808e-006 6.62998e-007 3.22885e-009 3.22885e-009
4.5 -0.000149568 2.24148e-006 4.95644e-007 3.43256e-009 3.43256e-009
4.51 -0.000149569 2.16668e-006 3.59795e-007 3.66541e-009 3.66541e-009
4.52 -0.00014957 2.04344e-006 3.23056e-007 3.92143e-009 3.92143e-009
4.53 -0.000149572 1.88508e-006 4.14626e-007 4.16489e-009 4.16489e-009
4.54 -0.000149574 1.68501e-006 6.09346e-007 4.3412e-009 4.3412e-009
4.55 -0.000149577 1.43393e-006 8.57176e-007 4.39867e-009 4.39867e-009
4.56 -0.000149585 1.14432e-006 1.10167e-006 4.30693e-009 4.30693e-009
4.57 -0.000149595 8.44803e-007 1.28784e-006 4.06715e-009 4.06715e-009
4.58 -0.000149604 5.63688e-007 1.39394e-006 3.71501e-009 3.71501e-009
4.59 -0.000149612 3.24212e-007 1.45136e-006 3.31024e-009 3.31024e-009
4.6 -0.00014962 1.4362e-007 1.51729e-006 2.91255e-009 2.91255e-009
4.61 -0.000149628 1.96536e-008 1.61803e-006 2.56144e-009 2.56144e-009
4.62 -0.000149636 -8.01189e-008 1.72012e-006 2.27682e-009 2.27682e-009
4.63 -0.000149641 -1.93255e-007 1.77091e-006 2.07026e-009 2.07026e-009
4.64 -0.000149644 -3.21255e-007 1.75989e-006 1.94053e-009 1.94053e-009
4.65 -0.000149647 -4.25469e-007 1.71635e-006 1.85599e-009 1.85599e-009
4.66 -0.000149648 -4.62406e-007 1.65737e-006 1.76075e-009 1.76075e-009
4.67 -0.00014965 -4.20074e-007 1.57132e-006 1.6183e-009 1.6183e-009
4.68 -0.000149651 -3.27391e-007 1.45053e-006 1.45179e-009 1.45179e-009
4.69 -0.000149652 -2.31006e-007 1.31914e-006 1.33448e-009 1.33448e-009
4.7 -0.000149652 -1.61596e-007 1.22925e-006 1.33595e-009 1.33595e-009
4.71 -0.000149652 -1.23691e-007 1.23062e-006 1.47222e-009 1.47222e-009
4.72 -0.000149653 -1.107e-007 1.32398e-006 1.70104e-009 1.70104e-009
4.73 -0.000149653 -1.11685e-007 1.44601e-006 1.96241e-009 1.96241e-009
4.74 -0.000149653 -1.08718e-007 1.51984e-006 2.22345e-009 2.22345e-009
4.75 -0.000149653 -8.55971e-008 1.50921e-006 2.48774e-009 2.48774e-009
4.76 -0.000149653 -3.27379e-008 1.42942e-006 2.77026e-009 2.77026e-009
4.77 -0.000149651 5.92672e-008 1.33538e-006 3.068e-009 3.068e-009
4.78 -0.000149648 1.9522e-007 1.27962e-006 3.35047e-009 3.35047e-009
4.79 -0.000149644 3.63931e-007 1.26275e-006 3.57874e-009 3.57874e-009
4.8 -0.00014964 5.44408e-007 1.24865e-006 3.73707e-009 3.73707e-009
4.81 -0.000149635 7.24484e-007 1.21143e-006 3.84331e-009 3.84331e-009
4.82 -0.000149631 9.08595e-007 1.14268e-006 3.92613e-009 3.92613e-009
4.83 -0.000149627 1.10517e-006 1.05578e-006 3.99288e-009 3.99288e-009
4.84 -0.000149622 1.31e-006 1.00791e-006 4.01206e-009 4.01206e-009
4.85 -0.000149619 1.50959e-006 1.0633e-006 3.9197e-009 3.9197e-009
4.86 -0.000149616 1.69181e-006 1.19986e-006 3.65895e-009 3.65895e-009
4.87 -0.000149617 1.85445e-006 1.30917e-006 3.23897e-009 3.23897e-009
4.88 -0.000149618 2.01539e-006 1.31763e-006 2.75239e-009 2.75239e-009
4.89 -0.000149619 2.19574e-006 1.25641e-006 2.31164e-009 2.31164e-009
4.9 -0.000149623 2.38804e-006 1.20541e-006 1.96173e-009 1.96173e-009
4.91 -0.000149629 2.56379e-006 1.20387e-006 1.6637e-009 1.6637e-009
4.92 -0.000149634 2.71499e-006 1.22794e-006 1.35916e-009 1.35916e-009
4.93 -0.000149639 2.86715e-006 1.23242e-006 1.03624e-009 1.03624e-009
4.94 -0.000149643 3.04124e-006 1.17656e-006 7.35524e-010 7.35524e-010
4.95 -0.000149645 3.21988e-006 1.02299e-006 5.15328e-010 5.15328e-010
4.96 -0.000149647 3.36043e-006 7.65309e-007 4.2174e-010 4.2174e-010
4.97 -0.000149648 3.42577e-006 4.56998e-007 4.73456e-010 4.73456e-010
4.98 -0.000149648 3.39799e-006 1.69101e-007 6.57857e-010 6.57857e-010
4.99 -0.000149648 3.28512e-006 -7.98718e-008 9.4946e-010 9.4946e-010
5 -0.000149648 3.13391e-006 -3.12869e-007 1.34167e-009 1.34167e-009
5.01 -0.000149649 3.01236e-006 -5.30342e-007 1.84871e-009 1.84871e-009
5.02 -0.000149651 2.9502e-006 -7.08289e-007 2.46664e-009 2.46664e-009
5.03 -0.000149653 2.91446e-006 -8.39016e-007 3.14516e-009 3.14516e-009
5.04 -0.000149654 2.85823e-006 -9.3661e-007 3.81058e-009 3.81058e-009
5.05 -0.000149654 2.76811e-006 -1.03115e-006 4.41595e-009 4.41595e-009
5.06 -0.000149654 2.65759e-006 -1.1778e-006 4.9742e-009 4.9742e-009
5.07 -0.000149656 2.55383e-006 -1.42368e-006 5.55278e-009 5.55278e-009
5.08 -0.000149662 2.49568e-006 -1.74799e-006 6.22578e-009 6.22578e-009
5.09 -0.000149671 2.51371e-006 -2.07681e-006 7.00871e-009 7.00871e-009
5.1 -0.000149682 2.61066e-006 -2.3554e-006 7.83193e-009 7.83193e-009
5.11 -0.000149692 2.76884e-006 -2.56596e-006 8.57818e-009 8.57818e-009
5.12 -0.0001497 2.97038e-006 -2.69992e-006 9.14284e-009 9.14284e-009
5.13 -0.000149708 3.19771e-006 -2.77425e-006 9.46895e-009 9.46895e-009
5.14 -0.000149715 3.41318e-006 -2.85841e-006 9.5586e-009 9.5586e-009
5.15 -0.000149724 3.5629e-006 -3.02133e-006 9.4738e-009 9.4738e-009
5.16 -0.000149734 3.61973e-006 -3.25746e-006 9.31194e-009 9.31194e-009
5.17 -0.000149742 3.60305e-006 -3.50865e-006 9.15632e-009 9.15632e-009
5.18 -0.000149748 3.55317e-006 -3.72898e-006 9.0435e-009 9.0435e-009
5.19 -0.000149752 3.51211e-006 -3.89353e-006 8.97021e-009 8.97021e-009
5.2 -0.000149752 3.51926e-006 -3.97127e-006 8.9085e-009 8.9085e-009
5.21 -0.000149749 3.58425e-006 -3.93503e-006 8.80371e-009 8.80371e-009
5.22 -0.000149745 3.65421e-006 -3.80686e-006 8.58226e-009 8.58226e-009
5.23 -0.000149742 3.63989e-006 -3.64959e-006 8.19479e-009 8.19479e-009
5.24 -0.000149739 3.48242e-006 -3.51938e-006 7.66424e-009 7.66424e-009
5.25 -0.000149739 3.18103e-006 -3.45272e-006 7.09272e-009 7.09272e-009
5.26 -0.000149741 2.77766e-006 -3.45675e-006 6.6231e-009 6.6231e-009
5.27 -0.000149745 2.33147e-006 -3.49303e-006 6.38014e-009 6.38014e-009
5.28 -0.000149751 1.89269e-006 -3.50908e-006 6.42032e-009 6.42032e-009
5.29 -0.000149757 1.49101e-006 -3.48713e-006 6.71616e-009 6.71616e-009
5.3 -0.000149764 1.15111e-006 -3.43028e-006 7.17672e-009 7.17672e-009
5.31 -0.000149771 8.98229e-007 -3.33217e-006 7.67962e-009 7.67962e-009
5.32 -0.000149779 7.29272e-007 -3.19678e-006 8.1038e-009 8.1038e-009
5.33 -0.000149787 5.9727e-007 -3.04753e-006 8.36962e-009 8.36962e-009
5.34 -0.000149797 4.36587e-007 -2.89674e-006 8.47198e-009 8.47198e-009
5.35 -0.000149807 1.97444e-007 -2.71844e-006 8.47528e-009 8.47528e-009
5.36 -0.000149819 -1.40428e-007 -2.46033e-006 8.46792e-009 8.46792e-009
5.37 -0.000149831 -5.69363e-007 -2.11316e-006 8.51593e-009 8.51593e-009
5.38 -0.000149844 -1.05715e-006 -1.75361e-006 8.65332e-009 8.65332e-009
5.39 -0.000149857 -1.56345e-006 -1.46785e-006 8.89259e-009 8.89259e-009
5.4 -0.000149871 -2.06426e-006 -1.25819e-006 9.21143e-009 9.21143e-009
5.41 -0.000149888 -2.55435e-006 -1.06635e-006 9.5242e-009 9.5242e-009
5.42 -0.000149922 -3.02868e-006 -8.56513e-007 9.69633e-009 9.69633e-009
5.43 -0.000149963 -3.47532e-006 -6.61457e-007 9.61898e-009 9.61898e-009
5.44 -0.000150002 -3.89603e-006 -5.50297e-007 9.28611e-009 9.28611e-009
5.45 -0.000150043 -4.31899e-006 -5.35407e-007 8.80182e-009 8.80182e-009
5.46 -0.000150086 -4.77033e-006 -5.34395e-007 8.30534e-009 8.30534e-009
5.47 -0.00015013 -5.23887e-006 -4.3813e-007 7.87747e-009 7.87747e-009
5.48 -0.000150171 -5.6776e-006 -1.84123e-007 7.50459e-009 7.50459e-009
5.49 -0.000150209 -6.02995e-006 2.2732e-007 7.11141e-009 7.11141e-009
5.5 -0.000150242 -6.25701e-006 7.28402e-007 6.62039e-009 6.62039e-009
5.51 -0.000150269 -6.34563e-006 1.20261e-006 6.00021e-009 6.00021e-009
5.52 -0.000150285 -6.28958e-006 1.56925e-006 5.28012e-009 5.28012e-009
5.53 -0.000150291 -6.08568e-006 1.83102e-006 4.52176e-009 4.52176e-009
5.54 -0.000150292 -5.75632e-006 2.02086e-006 3.78051e-009 3.78051e-009
5.55 -0.00015029 -5.33984e-006 2.1561e-006 3.09811e-009 3.09811e-009
5.56 -0.000150286 -4.8579e-006 2.23886e-006 2.51978e-009 2.51978e-009
5.57 -0.000150279 -4.32507e-006 2.26015e-006 2.09996e-009 2.09996e-009
5.58 -0.00015027 -3.78052e-006 2.21463e-006 1.88297e-009 1.88297e-009
5.59 -0.00015026 -3.27989e-006 2.11607e-006 1.8732e-009 1.8732e-009
5.6 -0.000150249 -2.85296e-006 1.9809e-006 2.01872e-009 2.01872e-009
5.61 -0.000150239 -2.4821e-006 1.80843e-006 2.22788e-009 2.22788e-009
5.62 -0.000150229 -2.11967e-006 1.60482e-006 2.41307e-009 2.41307e-009
5.63 -0.000150221 -1.71807e-006 1.42126e-006 2.52658e-009 2.52658e-009
5.64 -0.000150212 -1.25082e-006 1.33206e-006 2.56241e-009 2.56241e-009
5.65 -0.000150204 -7.21597e-007 1.36214e-006 2.53805e-009 2.53805e-009
5.66 -0.000150194 -1.65319e-007 1.45184e-006 2.48579e-009 2.48579e-009
5.67 -0.000150183 3.61426e-007 1.49887e-006 2.45609e-009 2.45609e-009
5.68 -0.000150171 8.09524e-007 1.43981e-006 2.50883e-009 2.50883e-009
5.69 -0.000150159 1.17233e-006 1.29171e-006 2.681e-009 2.681e-009
5.7 -0.000150146 1.49163e-006 1.11662e-006 2.95465e-009 2.95465e-009
5.71 -0.000150134 1.82387e-006 9.5685e-007 3.25979e-009 3.25979e-009
5.72 -0.000150121 2.20257e-006 8.16348e-007 3.51343e-009 3.51343e-009
5.73 -0.00015011 2.63099e-006 7.02215e-007 3.65618e-009 3.65618e-009
5.74 -0.000150099 3.10245e-006 6.62307e-007 3.65289e-009 3.65289e-009
5.75 -0.000150097 3.6221e-006 7.66718e-007 3.46804e-009 3.46804e-009
5.76 -0.000150119 4.2034e-006 1.04728e-006 3.05664e-009 3.05664e-009
5.77 -0.000150157 4.8429e-006 1.46314e-006 2.3922e-009 2.3922e-009
5.78 -0.0001502 5.50879e-006 1.92377e-006 1.50694e-009 1.50694e-009
5.79 -0.000150244 6.14876e-006 2.31611e-006 5.04557e-010 5.04557e-010
5.8 -0.000150277 6.70117e-006 2.5236e-006 -4.62476e-010 -4.62476e-010
5.81 -0.000150294 7.12122e-006 2.48147e-006 -1.23632e-009 -1.23632e-009
5.82 -0.000150299 7.42545e-006 2.2612e-006 -1.7169e-009 -1.7169e-009
5.83 -0.000150306 7.69801e-006 2.06138e-006 -1.93425e-009 -1.93425e-009
5.84 -0.00015032 8.01092e-006 2.04168e-006 -2.06393e-009 -2.06393e-009
5.85 -0.000150342 8.33855e-006 2.18007e-006 -2.32413e-009 -2.32413e-009
5.86 -0.000150362 8.57582e-006 2.32382e-006 -2.81527e-009 -2.81527e-009
5.87 -0.000150368 8.63539e-006 2.33917e-006 -3.44999e-009 -3.44999e-009
5.88 -0.00015037 8.50901e-006 2.18422e-006 -4.03243e-009 -4.03243e-009
5.89 -0.000150378 8.24877e-006 1.909e-006 -4.39403e-009 -4.39403e-009
5.9 -0.000150386 7.9148e-006 1.62308e-006 -4.46748e-009 -4.46748e-009
5.91 -0.000150394 7.53809e-006 1.42215e-006 -4.26986e-009 -4.26986e-009
5.92 -0.000150403 7.1247e-006 1.34968e-006 -3.84761e-009 -3.84761e-009
5.93 -0.000150411 6.67337e-006 1.418e-006 -3.25023e-009 -3.25023e-009
5.94 -0.00015042 6.16843e-006 1.60962e-006 -2.54517e-009 -2.54517e-009
5.95 -0.000150429 5.58204e-006 1.85736e-006 -1.82773e-009 -1.82773e-009
5.96 -0.000150441 4.90465e-006 2.05277e-006 -1.18808e-009 -1.18808e-009
5.97 -0.000150455 4.16368e-006 2.10659e-006 -6.56286e-010 -6.56286e-010
5.98 -0.000150471 3.40721e-006 2.00964e-006 -1.77345e-010 -1.77345e-010
5.99 -0.000150489 2.66896e-006 1.81087e-006 3.63478e-010 3.63478e-010
6 -0.000150506 1.94121e-006 1.53281e-006 1.09333e-009 1.09333e-009
6.01 -0.000150523 1.17812e-006 1.13672e-006 2.11344e-009 2.11344e-009
6.02 -0.00015054 3.21117e-007 5.83916e-007 3.46658e-009 3.46658e-009
6.03 -0.000150556 -6.92913e-007 -1.17117e-007 5.10687e-009 5.10687e-009
6.04 -0.000150573 -1.91209e-006 -9.28248e-007 6.9035e-009 6.9035e-009
6.05 -0.000150594 -3.31375e-006 -1.80002e-006 8.6972e-009 8.6972e-009
6.06 -0.00015066 -4.79365e-006 -2.68682e-006 1.03704e-008 1.03704e-008
6.07 -0.000150774 -6.21893e-006 -3.54417e-006 1.18795e-008 1.18795e-008
6.08 -0.000150894 -7.47713e-006 -4.31717e-006 1.32389e-008 1.32389e-008
6.09 -0.000151 -8.51831e-006 -4.97387e-006 1.4485e-008 1.4485e-008
6.1 -0.000151092 -9.35494e-006 -5.52825e-006 1.56568e-008 1.56568e-008
6.11 -0.000151169 -1.00241e-005 -5.99569e-006 1.6794e-008 1.6794e-008
6.12 -0.000151228 -1.05698e-005 -6.36074e-006 1.79218e-008 1.79218e-008
6.13 -0.000151269 -1.10331e-005 -6.60259e-006 1.9026e-008 1.9026e-008
6.14 -0.000151291 -1.14307e-005 -6.68909e-006 2.00451e-008 2.00451e-008
6.15 -0.000151299 -1.17463e-005 -6.55173e-006 2.08815e-008 2.08815e-008
6.16 -0.000151299 -1.19612e-005 -6.1327e-006 2.14199e-008 2.14199e-008
6.17 -0.000151296 -1.20645e-005 -5.43453e-006 2.15577e-008 2.15577e-008
6.18 -0.000151294 -1.20482e-005 -4.51155e-006 2.12407e-008 2.12407e-008
6.19 -0.000151294 -1.19347e-005 -3.4581e-006 2.04852e-008 2.04852e-008
6.2 -0.000151301 -1.17999e-005 -2.39166e-006 1.93775e-008 1.93775e-008
6.21 -0.000151315 -1.17246e-005 -1.37955e-006 1.80484e-008 1.80484e-008
6.22 -0.00015134 -1.17145e-005 -3.7436e-007 1.66132e-008 1.66132e-008
6.23 -0.000151378 -1.16814e-005 7.39388e-007 1.50978e-008 1.50978e-008
6.24 -0.000151426 -1.15186e-005 2.01133e-006 1.34201e-008 1.34201e-008
6.25 -0.000151475 -1.11993e-005 3.32771e-006 1.14685e-008 1.14685e-008
6.26 -0.000151514 -1.08059e-005 4.42387e-006 9.23044e-009 9.23044e-009
6.27 -0.000151534 -1.04637e-005 4.99416e-006 6.86937e-009 6.86937e-009
6.28 -0.00015154 -1.02382e-005 4.87092e-006 4.68114e-009 4.68114e-009
6.29 -0.000151551 -1.00781e-005 4.16905e-006 2.94555e-009 2.94555e-009
6.3 -0.000151567 -9.84476e-006 3.25358e-006 1.7645e-009 1.7645e-009
6.31 -0.000151585 -9.42154e-006 2.47523e-006 1.01295e-009 1.01295e-009
6.32 -0.000151605 -8.79384e-006 1.89474e-006 4.67661e-010 4.67661e-010
6.33 -0.000151624 -8.01856e-006 1.27689e-006 1.93412e-011 1.93412e-011
6.34 -0.000151641 -7.15979e-006 2.9471e-007 -2.19739e-010 -2.19739e-010
6.35 -0.000151655 -6.25972e-006 -1.23703e-006 5.60042e-013 5.60042e-013
6.36 -0.000151665 -5.32203e-006 -3.21928e-006 8.79702e-010 8.79702e-010
6.37 -0.00015167 -4.28413e-006 -5.256e-006 2.41629e-009 2.41629e-009
6.38 -0.000151683 -3.03782e-006 -6.81986e-006 4.37714e-009 4.37714e-009
6.39 -0.000151698 -1.54184e-006 -7.60255e-006 6.40511e-009 6.40511e-009
6.4 -0.000151707 1.00084e-007 -7.71899e-006 8.22368e-009 8.22368e-009
6.41 -0.000151711 1.717e-006 -7.48738e-006 9.78288e-009 9.78288e-009
6.42 -0.000151705 3.17655e-006 -7.09521e-006 1.11883e-008 1.11883e-008
6.43 -0.000151686 4.38416e-006 -6.55442e-006 1.24851e-008 1.24851e-008
6.44 -0.000151653 5.26588e-006 -5.8073e-006 1.35467e-008 1.35467e-008
6.45 -0.000151612 5.80916e-006 -4.76749e-006 1.41735e-008 1.41735e-008
6.46 -0.000151574 6.0756e-006 -3.35751e-006 1.42539e-008 1.42539e-008
6.47 -0.000151536 6.13741e-006 -1.59799e-006 1.38185e-008 1.38185e-008
6.48 -0.000151499 6.02785e-006 3.47577e-007 1.29757e-008 1.29757e-008
6.49 -0.000151464 5.76033e-006 2.26392e-006 1.18105e-008 1.18105e-008
6.5 -0.00015144 5.37612e-006 4.00207e-006 1.03111e-008 1.03111e-008
6.51 -0.000151438 4.97287e-006 5.48629e-006 8.3641e-009 8.3641e-009
6.52 -0.000151445 4.67233e-006 6.63975e-006 5.84673e-009 5.84673e-009
6.53 -0.00015145 4.54613e-006 7.32951e-006 2.78582e-009 2.78582e-009
6.54 -0.000151443 4.60064e-006 7.41759e-006 -5.41543e-010 -5.41543e-010
6.55 -0.000151435 4.84167e-006 6.91148e-006 -3.69e-009 -3.69e-009
6.56 -0.000151434 5.30638e-006 6.01542e-006 -6.28746e-009 -6.28746e-009
6.57 -0.000151437 6.03019e-006 4.99817e-006 -8.24359e-009 -8.24359e-009
6.58 -0.000151443 7.00922e-006 4.03707e-006 -9.74476e-009 -9.74476e-009
6.59 -0.000151455 8.17141e-006 3.13611e-006 -1.10508e-008 -1.10508e-008
6.6 -0.000151499 9.37596e-006 2.12916e-006 -1.22615e-008 -1.22615e-008
6.61 -0.000151564 1.04664e-005 7.97279e-007 -1.32112e-008 -1.32112e-008
6.62 -0.000151648 1.13425e-005 -9.75252e-007 -1.3547e-008 -1.3547e-008
6.63 -0.000151768 1.19756e-005 -3.14172e-006 -1.29142e-008 -1.29142e-008
6.64 -0.000151901 1.23808e-005 -5.52906e-006 -1.11103e-008 -1.11103e-008
6.65 -0.000152033 1.25691e-005 -7.90285e-006 -8.12735e-009 -8.12735e-009
6.66 -0.000152152 1.25194e-005 -1.00683e-005 -4.10437e-009 -4.10437e-009
6.67 -0.000152266 1.22103e-005 -1.1924e-005 7.3547e-010 7.3547e-010
6.68 -0.000152331 1.16458e-005 -1.34046e-005 6.10778e-009 6.10778e-009
6.69 -0.000152373 1.08756e-005 -1.44104e-005 1.16491e-008 1.16491e-008
6.7 -0.000152388 9.95989e-006 -1.48346e-005 1.69184e-008 1.69184e-008
6.71 -0.000152391 8.90535e-006 -1.46189e-005 2.14802e-008 2.14802e-008
6.72 -0.000152396 7.67674e-006 -1.3806e-005 2.50571e-008 2.50571e-008
6.73 -0.000152401 6.29566e-006 -1.24911e-005 2.76327e-008 2.76327e-008
6.74 -0.000152408 4.91891e-006 -1.07365e-005 2.9391e-008 2.9391e-008
6.75 -0.000152413 3.79666e-006 -8.58864e-006 3.05139e-008 3.05139e-008
6.76 -0.000152415 3.15142e-006 -6.12129e-006 3.09981e-008 3.09981e-008
6.77 -0.000152411 3.08288e-006 -3.42116e-006 3.06206e-008 3.06206e-008
6.78 -0.000152402 3.55419e-006 -6.07213e-007 2.9055e-008 2.9055e-008
6.79 -0.000152388 4.44039e-006 2.12251e-006 2.60532e-008 2.60532e-008
6.8 -0.00015237 5.58699e-006 4.51133e-006 2.15945e-008 2.15945e-008
6.81 -0.000152373 6.85635e-006 6.35531e-006 1.59278e-008 1.59278e-008
6.82 -0.000152449 8.14755e-006 7.60772e-006 9.4798e-009 9.4798e-009
6.83 -0.000152514 9.37549e-006 8.34009e-006 2.70102e-009 2.70102e-009
6.84 -0.000152557 1.04276e-005 8.61528e-006 -4.02835e-009 -4.02835e-009
6.85 -0.000152582 1.1194e-005 8.48145e-006 -1.03946e-008 -1.03946e-008
6.86 -0.000152587 1.15955e-005 8.02205e-006 -1.6127e-008 -1.6127e-008
6.87 -0.000152595 1.15932e-005 7.35725e-006 -2.10289e-008 -2.10289e-008
6.88 -0.000152614 1.1152e-005 6.53609e-006 -2.5021e-008 -2.5021e-008
6.89 -0.000152641 1.02249e-005 5.48089e-006 -2.80978e-008 -2.80978e-008
6.9 -0.000152677 8.78531e-006 4.06911e-006 -3.02008e-008 -3.02008e-008
6.91 -0.000152721 6.89466e-006 2.28322e-006 -3.11311e-008 -3.11311e-008
6.92 -0.000152769 4.74382e-006 2.50085e-007 -3.0594e-008 -3.0594e-008
6.93 -0.000152818 2.59089e-006 -1.90285e-006 -2.83288e-008 -2.83288e-008
6.94 -0.000152866 6.39483e-007 -4.17401e-006 -2.41978e-008 -2.41978e-008
6.95 -0.000152909 -1.01971e-006 -6.61887e-006 -1.82036e-008 -1.82036e-008
6.96 -0.000152945 -2.35619e-006 -9.18694e-006 -1.05065e-008 -1.05065e-008
6.97 -0.000152987 -3.31625e-006 -1.1676e-005 -1.47474e-009 -1.47474e-009
6.98 -0.000153045 -3.81326e-006 -1.38489e-005 8.30865e-009 8.30865e-009
6.99 -0.00015309 -3.77046e-006 -1.554e-005 1.81554e-008 1.81554e-008
7 -0.000153121 -3.17987e-006 -1.66354e-005 2.74417e-008 2.74417e-008
7.01 -0.000153119 -2.11638e-006 -1.6986e-005 3.57025e-008 3.57025e-008
7.02 -0.000153109 -6.87945e-007 -1.6408e-005 4.25981e-008 4.25981e-008
7.03 -0.000153096 9.43949e-007 -1.48618e-005 4.78567e-008 4.78567e-008
7.04 -0.000153074 2.51681e-006 -1.25659e-005 5.1302e-008 5.1302e-008
7.05 -0.000153048 3.67904e-006 -9.94671e-006 5.29353e-008 5.29353e-008
7.06 -0.000153019 4.11647e-006 -7.41164e-006 5.29487e-008 5.29487e-008
7.07 -0.000152991 3.70046e-006 -5.1257e-006 5.1595e-008 5.1595e-008
7.08 -0.000152966 2.49213e-006 -3.05155e-006 4.90105e-008 4.90105e-008
7.09 -0.000152948 6.33491e-007 -1.14658e-006 4.51643e-008 4.51643e-008
7.1 -0.000152941 -1.73091e-006 5.21215e-007 3.99857e-008 3.99857e-008
7.11 -0.000152944 -4.44461e-006 1.80785e-006 3.35326e-008 3.35326e-008
7.12 -0.000152953 -7.3103e-006 2.5984e-006 2.60498e-008 2.60498e-008
7.13 -0.000152968 -1.01211e-005 2.84511e-006 1.79097e-008 1.79097e-008
7.14 -0.00015302 -1.27181e-005 2.54761e-006 9.54507e-009 9.54507e-009
7.15 -0.000153109 -1.4998e-005 1.76245e-006 1.42793e-009 1.42793e-009
7.16 -0.000153182 -1.68494e-005 5.78651e-007 -5.95579e-009 -5.95579e-009
7.17 -0.000153249 -1.81874e-005 -8.768e-007 -1.21587e-008 -1.21587e-008
7.18 -0.000153325 -1.89591e-005 -2.4474e-006 -1.68231e-008 -1.68231e-008
7.19 -0.000153397 -1.91306e-005 -4.01533e-006 -1.97117e-008 -1.97117e-008
7.2 -0.000153452 -1.86782e-005 -5.52263e-006 -2.07222e-008 -2.07222e-008
7.21 -0.000153498 -1.75864e-005 -6.9552e-006 -1.98914e-008 -1.98914e-008
7.22 -0.000153536 -1.58883e-005 -8.29833e-006 -1.73795e-008 -1.73795e-008
7.23 -0.000153575 -1.36746e-005 -9.49432e-006 -1.34223e-008 -1.34223e-008
7.24 -0.000153611 -1.11268e-005 -1.0501e-005 -8.25027e-009 -8.25027e-009
7.25 -0.000153641 -8.50878e-006 -1.13284e-005 -2.01748e-009 -2.01748e-009
7.26 -0.000153664 -6.10592e-006 -1.20003e-005 5.19442e-009 5.19442e-009
7.27 -0.000153679 -4.13883e-006 -1.24852e-005 1.32743e-008 1.32743e-008
7.28 -0.000153685 -2.70436e-006 -1.26945e-005 2.19491e-008 2.19491e-008
7.29 -0.000153681 -1.77498e-006 -1.25465e-005 3.07331e-008 3.07331e-008
7.3 -0.000153669 -1.23954e-006 -1.19859e-005 3.89974e-008 3.89974e-008
7.31 -0.000153652 -9.47437e-007 -1.0928e-005 4.60833e-008 4.60833e-008
7.32 -0.000153632 -7.59869e-007 -9.28573e-006 5.13798e-008 5.13798e-008
7.33 -0.000153609 -6.25244e-007 -7.14352e-006 5.43955e-008 5.43955e-008
7.34 -0.000153584 -5.97913e-007 -4.83262e-006 5.48857e-008 5.48857e-008
7.35 -0.000153556 -7.44423e-007 -2.73165e-006 5.29623e-008 5.29623e-008
7.36 -0.000153526 -1.02376e-006 -9.87434e-007 4.90321e-008 4.90321e-008
7.37 -0.000153496 -1.26288e-006 5.38117e-007 4.35511e-008 4.35511e-008
7.38 -0.000153464 -1.26359e-006 2.03859e-006 3.68035e-008 3.68035e-008
7.39 -0.000153432 -9.26727e-007 3.50037e-006 2.8903e-008 2.8903e-008
7.4 -0.000153403 -2.39291e-007 4.72434e-006 1.99658e-008 1.99658e-008
7.41 -0.000153376 8.20163e-007 5.53983e-006 1.02334e-008 1.02334e-008
7.42 -0.000153351 2.30893e-006 5.93316e-006 3.02862e-011 3.02862e-011
7.43 -0.00015333 4.25518e-006 5.98426e-006 -1.03327e-008 -1.03327e-008
7.44 -0.000153314 6.57357e-006 5.67897e-006 -2.05354e-008 -2.05354e-008
7.45 -0.000153302 9.06652e-006 4.88294e-006 -3.01046e-008 -3.01046e-008
7.46 -0.000153294 1.15057e-005 3.52978e-006 -3.83452e-008 -3.83452e-008
7.47 -0.000153298 1.37191e-005 1.7914e-006 -4.44958e-008 -4.44958e-008
7.48 -0.000153325 1.56036e-005 5.37323e-008 -4.80276e-008 -4.80276e-008
7.49 -0.00015325 1.71368e-005 -1.30458e-006 -4.88543e-008 -4.88543e-008
7.5 -0.000153253 1.82783e-005 -2.12314e-006 -4.73013e-008 -4.73013e-008
7.51 -0.000153278 1.90819e-005 -2.5154e-006 -4.3876e-008 -4.3876e-008
7.52 -0.000153295 1.96153e-005 -2.69593e-006 -3.90311e-008 -3.90311e-008
7.53 -0.000153308 1.99035e-005 -2.78667e-006 -3.30612e-008 -3.30612e-008
7.54 -0.000153311 1.99308e-005 -2.82085e-006 -2.61241e-008 -2.61241e-008
7.55 -0.000153312 1.96694e-005 -2.81379e-006 -1.83057e-008 -1.83057e-008
7.56 -0.000153312 1.90984e-005 -2.86046e-006 -9.67283e-009 -9.67283e-009
7.57 -0.000153312 1.82181e-005 -3.10891e-006 -3.11792e-010 -3.11792e-010
7.58 -0.00015331 1.71082e-005 -3.54701e-006 9.5978e-009 9.5978e-009
7.59 -0.000153309 1.59491e-005 -3.8851e-006 1.96486e-008 1.96486e-008
7.6 -0.000153308 1.495e-005 -3.78027e-006 2.91111e-008 2.91111e-008
7.61 -0.000153304 1.42346e-005 -3.15933e-006 3.70383e-008 3.70383e-008
7.62 -0.0001533 1.37833e-005 -2.28235e-006 4.25775e-008 4.25775e-008
7.63 -0.000153301 1.34799e-005 -1.5014e-006 4.52846e-008 4.52846e-008
7.64 -0.000153306 1.32041e-005 -9.55389e-007 4.5214e-008 4.5214e-008
7.65 -0.000153317 1.28934e-005 -4.90211e-007 4.27543e-008 4.27543e-008
7.66 -0.000153333 1.25572e-005 2.09622e-007 3.8367e-008 3.8367e-008
7.67 -0.000153354 1.22419e-005 1.40788e-006 3.24046e-008 3.24046e-008
7.68 -0.00015338 1.19481e-005 3.08705e-006 2.50861e-008 2.50861e-008
7.69 -0.00015341 1.1594e-005 4.91338e-006 1.66065e-008 1.66065e-008
7.7 -0.000153425 1.10859e-005 6.49352e-006 7.25742e-009 7.25742e-009
7.71 -0.000153452 1.03748e-005 7.62751e-006 -2.576e-009 -2.576e-009
7.72 -0.000153489 9.45645e-006 8.34157e-006 -1.25213e-008 -1.25213e-008
7.73 -0.000153534 8.30237e-006 8.70751e-006 -2.22631e-008 -2.22631e-008
7.74 -0.000153584 6.8516e-006 8.76461e-006 -3.1445e-008 -3.1445e-008
7.75 -0.000153637 5.06672e-006 8.60665e-006 -3.95581e-008 -3.95581e-008
7.76 -0.000153696 2.96492e-006 8.42652e-006 -4.59872e-008 -4.59872e-008
7.77 -0.00015376 6.00646e-007 8.40955e-006 -5.02073e-008 -5.02073e-008
7.78 -0.000153831 -1.94965e-006 8.58076e-006 -5.19635e-008 -5.19635e-008
7.79 -0.000153912 -4.59158e-006 8.76286e-006 -5.12995e-008 -5.12995e-008
7.8 -0.000154 -7.21851e-006 8.71076e-006 -4.84426e-008 -4.84426e-008
7.81 -0.000154043 -9.71811e-006 8.31675e-006 -4.36607e-008 -4.36607e-008
7.82 -0.000154111 -1.19148e-005 7.67492e-006 -3.71989e-008 -3.71989e-008
7.83 -0.00015416 -1.36283e-005 7.1317e-006 -2.9323e-008 -2.9323e-008
7.84 -0.000154205 -1.47159e-005 7.04523e-006 -2.04053e-008 -2.04053e-008
7.85 -0.00015425 -1.51645e-005 7.56155e-006 -1.09415e-008 -1.09415e-008
7.86 -0.000154316 -1.50796e-005 8.5737e-006 -1.46453e-009 -1.46453e-009
7.87 -0.000154375 -1.46067e-005 9.85145e-006 7.56096e-009 7.56096e-009
7.88 -0.0001544 -1.38586e-005 1.11156e-005 1.57838e-008 1.57838e-008
7.89 -0.000154404 -1.2929e-005 1.20848e-005 2.29534e-008 2.29534e-008
7.9 -0.0001544 -1.19326e-005 1.25481e-005 2.88928e-008 2.88928e-008
7.91 -0.000154388 -1.10084e-005 1.24348e-005 3.34745e-008 3.34745e-008
7.92 -0.000154375 -1.02617e-005 1.18646e-005 3.65901e-008 3.65901e-008
7.93 -0.000154362 -9.70452e-006 1.11327e-005 3.81089e-008 3.81089e-008
7.94 -0.000154349 -9.25903e-006 1.05846e-005 3.78447e-008 3.78447e-008
7.95 -0.000154335 -8.82874e-006 1.04195e-005 3.55777e-008 3.55777e-008
7.96 -0.000154319 -8.37063e-006 1.05809e-005 3.11513e-008 3.11513e-008
7.97 -0.000154302 -7.90015e-006 1.08378e-005 2.45978e-008 2.45978e-008
7.98 -0.000154284 -7.45799e-006 1.09438e-005 1.62191e-008 1.62191e-008
7.99 -0.000154267 -7.07734e-006 1.07845e-005 6.57281e-009 6.57281e-009
8 -0.000154248 -6.76589e-006 1.04339e-005 -3.63068e-009 -3.63068e-009
8.01 -0.000154228 -6.52355e-006 1.00244e-005 -1.3665e-008 -1.3665e-008
8.02 -0.000154206 -6.37718e-006 9.55743e-006 -2.28776e-008 -2.28776e-008
8.03 -0.000154184 -6.3593e-006 8.89482e-006 -3.07113e-008 -3.07113e-008
8.04 -0.000154164 -6.42298e-006 7.94176e-006 -3.67287e-008 -3.67287e-008
8.05 -0.000154149 -6.41636e-006 6.76308e-006 -4.06923e-008 -4.06923e-008
8.06 -0.000154137 -6.18685e-006 5.46173e-006 -4.26203e-008 -4.26203e-008
8.07 -0.000154131 -5.69694e-006 4.00446e-006 -4.26905e-008 -4.26905e-008
8.08 -0.000154128 -5.02378e-006 2.27443e-006 -4.103e-008 -4.103e-008
8.09 -0.000154127 -4.27148e-006 3.0074e-007 -3.75949e-008 -3.75949e-008
8.1 -0.000154127 -3.50119e-006 -1.65053e-006 -3.22708e-008 -3.22708e-008
8.11 -0.000154124 -2.71698e-006 -3.23743e-006 -2.50813e-008 -2.50813e-008
8.12 -0.000154118 -1.87188e-006 -4.23083e-006 -1.63059e-008 -1.63059e-008
8.13 -0.000154107 -8.92887e-007 -4.57007e-006 -6.44852e-009 -6.44852e-009
8.14 -0.000154094 2.59007e-007 -4.34839e-006 3.86733e-009 3.86733e-009
8.15 -0.000154078 1.53231e-006 -3.76828e-006 1.40084e-008 1.40084e-008
8.16 -0.000154061 2.79508e-006 -3.06785e-006 2.34288e-008 2.34288e-008
8.17 -0.000154045 3.9139e-006 -2.45718e-006 3.1737e-008 3.1737e-008
8.18 -0.00015403 4.82581e-006 -2.07234e-006 3.87047e-008 3.87047e-008
8.19 -0.000154017 5.53911e-006 -1.95794e-006 4.4213e-008 4.4213e-008
8.2 -0.000154005 6.06914e-006 -2.10899e-006 4.81915e-008 4.81915e-008
8.21 -0.000153994 6.39228e-006 -2.52047e-006 5.06008e-008 5.06008e-008
8.22 -0.000153983 6.45319e-006 -3.19348e-006 5.14408e-008 5.14408e-008
8.23 -0.000153971 6.18659e-006 -4.13414e-006 5.0738e-008 5.0738e-008
8.24 -0.000153961 5.54543e-006 -5.34029e-006 4.85113e-008 4.85113e-008
8.25 -0.000153954 4.53709e-006 -6.76035e-006 4.47634e-008 4.47634e-008
8.26 -0.000153953 3.24167e-006 -8.28107e-006 3.95274e-008 3.95274e-008
8.27 -0.000153961 1.78381e-006 -9.78475e-006 3.29544e-008 3.29544e-008
8.28 -0.000153978 2.86083e-007 -1.1192e-005 2.53929e-008 2.53929e-008
8.29 -0.000154003 -1.15369e-006 -1.24376e-005 1.73874e-008 1.73874e-008
8.3 -0.000154033 -2.47734e-006 -1.34745e-005 9.57533e-009 9.57533e-009
8.31 -0.000154041 -3.69477e-006 -1.4349e-005 2.55248e-009 2.55248e-009
8.32 -0.000154045 -4.85622e-006 -1.51926e-005 -3.19708e-009 -3.19708e-009
8.33 -0.000154067 -6.00754e-006 -1.61438e-005 -7.30059e-009 -7.30059e-009
8.34 -0.000154125 -7.14966e-006 -1.72854e-005 -9.48743e-009 -9.48743e-009
8.35 -0.000154239 -8.23396e-006 -1.86494e-005 -9.59572e-009 -9.59572e-009
8.36 -0.000154375 -9.2274e-006 -2.02542e-005 -7.57267e-009 -7.57267e-009
8.37 -0.000154567 -1.0127e-005 -2.20838e-005 -3.45881e-009 -3.45881e-009
8.38 -0.000154775 -1.09874e-005 -2.40597e-005 2.62252e-009 2.62252e-009
8.39 -0.000155026 -1.19004e-005 -2.59912e-005 1.04484e-008 1.04484e-008
8.4 -0.000155253 -1.29434e-005 -2.76567e-005 1.96786e-008 1.96786e-008
8.41 -0.000155464 -1.41854e-005 -2.88831e-005 2.98722e-008 2.98722e-008
8.42 -0.000155619 -1.56887e-005 -2.9668e-005 4.05468e-008 4.05468e-008
8.43 -0.000155664 -1.7494e-005 -3.00944e-005 5.12492e-008 5.12492e-008
8.44 -0.000155699 -1.96043e-005 -3.02458e-005 6.1584e-008 6.1584e-008
8.45 -0.000155679 -2.20353e-005 -3.02496e-005 7.12042e-008 7.12042e-008
8.46 -0.000155522 -2.47876e-005 -3.02514e-005 7.97868e-008 7.97868e-008
8.47 -0.000155273 -2.77433e-005 -3.02991e-005 8.7038e-008 8.7038e-008
8.48 -0.000154956 -3.07399e-005 -3.0468e-005 9.27187e-008 9.27187e-008
8.49 -0.000154298 -3.36447e-005 -3.09113e-005 9.66651e-008 9.66651e-008
8.5 -0.000153532 -3.6217e-005 -3.17029e-005 9.87994e-008 9.87994e-008
8.51 -0.000152659 -3.83177e-005 -3.29329e-005 9.91173e-008 9.91173e-008
8.52 -0.000151671 -3.98434e-005 -3.45211e-005 9.76598e-008 9.76598e-008
8.53 -0.000150846 -4.06556e-005 -3.61808e-005 9.44893e-008 9.44893e-008
8.54 -0.00015027 -4.07633e-005 -3.76775e-005 8.96912e-008 8.96912e-008
8.55 -0.000150009 -4.025e-005 -3.8885e-005 8.3414e-008 8.3414e-008
8.56 -0.000149969 -3.92813e-005 -3.984e-005 7.59239e-008 7.59239e-008
8.57 -0.000150024 -3.80369e-005 -4.06568e-005 6.76276e-008 6.76276e-008
8.58 -0.000150138 -3.66478e-005 -4.13829e-005 5.90366e-008 5.90366e-008
8.59 -0.000150301 -3.51791e-005 -4.19607e-005 5.06738e-008 5.06738e-008
8.6 -0.000150506 -3.36894e-005 -4.2343e-005 4.29774e-008 4.29774e-008
8.61 -0.00015072 -3.22803e-005 -4.26275e-005 3.629e-008 3.629e-008
8.62 -0.000150883 -3.10839e-005 -4.30061e-005 3.0927e-008 3.0927e-008
8.63 -0.000150948 -3.02008e-005 -4.36325e-005 2.72178e-008 2.72178e-008
8.64 -0.000150888 -2.96884e-005 -4.45664e-005 2.54518e-008 2.54518e-008
8.65 -0.00015065 -2.95654e-005 -4.58138e-005 2.57818e-008 2.57818e-008
8.66 -0.000150142 -2.98055e-005 -4.73357e-005 2.81782e-008 2.81782e-008
8.67 -0.000149441 -3.0311e-005 -4.89973e-005 3.24542e-008 3.24542e-008
8.68 -0.000148641 -3.09255e-005 -5.05727e-005 3.83187e-008 3.83187e-008
8.69 -0.000147936 -3.14674e-005 -5.18186e-005 4.54228e-008 4.54228e-008
8.7 -0.000147467 -3.17922e-005 -5.25989e-005 5.33901e-008 5.33901e-008
8.71 -0.000147325 -3.17748e-005 -5.28945e-005 6.18299e-008 6.18299e-008
8.72 -0.000147459 -3.12895e-005 -5.27056e-005 7.03349e-008 7.03349e-008
8.73 -0.00014783 -3.02016e-005 -5.19522e-005 7.84546e-008 7.84546e-008
8.74 -0.000148491 -2.84297e-005 -5.05305e-005 8.56833e-008 8.56833e-008
8.75 -0.000149419 -2.60461e-005 -4.85078e-005 9.15364e-008 9.15364e-008
8.76 -0.000150514 -2.32392e-005 -4.61255e-005 9.56761e-008 9.56761e-008
8.77 -0.000151681 -2.01863e-005 -4.36459e-005 9.79609e-008 9.79609e-008
8.78 -0.000152868 -1.69489e-005 -4.11806e-005 9.83705e-008 9.83705e-008
8.79 -0.000154131 -1.34557e-005 -3.86304e-005 9.6871e-008 9.6871e-008
8.8 -0.000155522 -9.59506e-006 -3.58321e-005 9.33328e-008 9.33328e-008
8.81 -0.000157058 -5.31806e-006 -3.26764e-005 8.75806e-008 8.75806e-008
8.82 -0.000158583 -7.17829e-007 -2.91854e-005 7.95298e-008 7.95298e-008
8.83 -0.000159819 3.98477e-006 -2.55412e-005 6.92966e-008 6.92966e-008
8.84 -0.000160318 8.47082e-006 -2.21329e-005 5.72216e-008 5.72216e-008
8.85 -0.000160381 1.25033e-005 -1.93168e-005 4.38132e-008 4.38132e-008
8.86 -0.000160357 1.59725e-005 -1.72433e-005 2.96861e-008 2.96861e-008
8.87 -0.000160167 1.88623e-005 -1.58872e-005 1.5554e-008 1.5554e-008
8.88 -0.00015996 2.1226e-005 -1.50551e-005 2.16926e-009 2.16926e-009
8.89 -0.000159822 2.32344e-005 -1.44153e-005 -9.88916e-009 -9.88916e-009
8.9 -0.000159757 2.50844e-005 -1.36764e-005 -2.03564e-008 -2.03564e-008
8.91 -0.000159728 2.68707e-005 -1.2753e-005 -2.91801e-008 -2.91801e-008
8.92 -0.000159758 2.86298e-005 -1.17068e-005 -3.63433e-008 -3.63433e-008
8.93 -0.000159859 3.0403e-005 -1.06183e-005 -4.17995e-008 -4.17995e-008
8.94 -0.000159968 3.22653e-005 -9.46821e-006 -4.5505e-008 -4.5505e-008
8.95 -0.000160167 3.42344e-005 -8.22412e-006 -4.74443e-008 -4.74443e-008
8.96 -0.000160422 3.62832e-005 -6.8218e-006 -4.76053e-008 -4.76053e-008
8.97 -0.000160657 3.83978e-005 -5.14031e-006 -4.59692e-008 -4.59692e-008
8.98 -0.000160943 4.05377e-005 -3.13554e-006 -4.25676e-008 -4.25676e-008
8.99 -0.000160678 4.28584e-005 -7.05407e-007 -3.75694e-008 -3.75694e-008
9 -0.000160142 4.52833e-005 2.12665e-006 -3.13522e-008 -3.13522e-008
9.01 -0.000159145 4.77537e-005 5.241e-006 -2.4479e-008 -2.4479e-008
9.02 -0.000157608 5.02045e-005 8.52611e-006 -1.76023e-008 -1.76023e-008
9.03 -0.000155785 5.25151e-005 1.19391e-005 -1.13885e-008 -1.13885e-008
9.04 -0.000153889 5.45058e-005 1.54947e-005 -6.42219e-009 -6.42219e-009
9.05 -0.000151909 5.59806e-005 1.92027e-005 -3.089e-009 -3.089e-009
9.06 -0.00015009 5.67312e-005 2.30444e-005 -1.54799e-009 -1.54799e-009
9.07 -0.00014874 5.65389e-005 2.69457e-005 -1.81224e-009 -1.81224e-009
9.08 -0.000147878 5.52929e-005 3.08921e-005 -3.8377e-009 -3.8377e-009
9.09 -0.000147284 5.29816e-005 3.49165e-005 -7.57213e-009 -7.57213e-009
9.1 -0.000147198 4.97148e-005 3.88243e-005 -1.29777e-008 -1.29777e-008
9.11 -0.000147487 4.56473e-005 4.24309e-005 -1.99858e-008 -1.99858e-008
9.12 -0.000148149 4.09477e-005 4.54633e-005 -2.83952e-008 -2.83952e-008
9.13 -0.000149195 3.58076e-005 4.76587e-005 -3.78317e-008 -3.78317e-008
9.14 -0.000150634 3.04445e-005 4.892e-005 -4.78037e-008 -4.78037e-008
9.15 -0.000152285 2.50402e-005 4.94138e-005 -5.77842e-008 -5.77842e-008
9.16 -0.000154017 1.98386e-005 4.94084e-005 -6.72845e-008 -6.72845e-008
9.17 -0.000155634 1.49831e-005 4.91224e-005 -7.58927e-008 -7.58927e-008
9.18 -0.000157226 1.05835e-005 4.85319e-005 -8.32548e-008 -8.32548e-008
9.19 -0.000158675 6.60815e-006 4.75615e-005 -8.90326e-008 -8.90326e-008
9.2 -0.000160062 2.94201e-006 4.61712e-005 -9.28898e-008 -9.28898e-008
9.21 -0.000161471 -4.90596e-007 4.44595e-005 -9.45476e-008 -9.45476e-008
9.22 -0.000162757 -3.7177e-006 4.27016e-005 -9.38805e-008 -9.38805e-008
9.23 -0.000163852 -6.78529e-006 4.11334e-005 -9.09572e-008 -9.09572e-008
9.24 -0.000164746 -9.62951e-006 3.98016e-005 -8.59605e-008 -8.59605e-008
9.25 -0.000165495 -1.22517e-005 3.8629e-005 -7.90529e-008 -7.90529e-008
9.26 -0.000166168 -1.47469e-005 3.74436e-005 -7.0333e-008 -7.0333e-008
9.27 -0.000166788 -1.71974e-005 3.61625e-005 -5.99218e-008 -5.99218e-008
9.28 -0.000167228 -1.9659e-005 3.4906e-005 -4.81e-008 -4.81e-008
9.29 -0.000167387 -2.21882e-005 3.38718e-005 -3.53825e-008 -3.53825e-008
9.3 -0.000167332 -2.48243e-005 3.31495e-005 -2.24448e-008 -2.24448e-008
9.31 -0.000167068 -2.76786e-005 3.26852e-005 -9.93948e-009 -9.93948e-009
9.32 -0.000166443 -3.08565e-005 3.23698e-005 1.64493e-009 1.64493e-009
9.33 -0.000165505 -3.42601e-005 3.21758e-005 1.19885e-008 1.19885e-008
9.34 -0.000164396 -3.76387e-005 3.20351e-005 2.08329e-008 2.08329e-008
9.35 -0.000162955 -4.08371e-005 3.20011e-005 2.78679e-008 2.78679e-008
9.36 -0.000161571 -4.35992e-005 3.2027e-005 3.27534e-008 3.27534e-008
9.37 -0.000160328 -4.57645e-005 3.21315e-005 3.52351e-008 3.52351e-008
9.38 -0.000159426 -4.71731e-005 3.22719e-005 3.52199e-008 3.52199e-008
9.39 -0.000159003 -4.7743e-005 3.23416e-005 3.27844e-008 3.27844e-008
9.4 -0.000159073 -4.74275e-005 3.2268e-005 2.8153e-008 2.8153e-008
9.41 -0.000159411 -4.62348e-005 3.20813e-005 2.16551e-008 2.16551e-008
9.42 -0.000160021 -4.413e-005 3.18158e-005 1.36476e-008 1.36476e-008
9.43 -0.000160885 -4.1141e-005 3.14137e-005 4.47458e-009 4.47458e-009
9.44 -0.000161952 -3.7379e-005 3.07165e-005 -5.46701e-009 -5.46701e-009
9.45 -0.000163192 -3.29987e-005 2.95398e-005 -1.56499e-008 -1.56499e-008
9.46 -0.000164585 -2.8192e-005 2.77813e-005 -2.54432e-008 -2.54432e-008
9.47 -0.000166102 -2.31133e-005 2.54891e-005 -3.42495e-008 -3.42495e-008
9.48 -0.000167692 -1.78667e-005 2.28296e-005 -4.16483e-008 -4.16483e-008
9.49 -0.000169288 -1.2532e-005 1.9986e-005 -4.74276e-008 -4.74276e-008
9.5 -0.000170601 -7.25182e-006 1.70534e-005 -5.14929e-008 -5.14929e-008
9.51 -0.000171106 -2.26709e-006 1.40493e-005 -5.37401e-008 -5.37401e-008
9.52 -0.000171139 2.2301e-006 1.084e-005 -5.39621e-008 -5.39621e-008
9.53 -0.0001712 6.20295e-006 7.36112e-006 -5.18222e-008 -5.18222e-008
9.54 -0.000171114 9.70929e-006 3.87916e-006 -4.70698e-008 -4.70698e-008
9.55 -0.000170551 1.29247e-005 7.71201e-007 -3.99377e-008 -3.99377e-008
9.56 -0.000169815 1.59029e-005 -1.54571e-006 -3.11588e-008 -3.11588e-008
9.57 -0.000169187 1.87422e-005 -3.03127e-006 -2.15348e-008 -2.15348e-008
9.58 -0.000168581 2.16541e-005 -3.88545e-006 -1.16321e-008 -1.16321e-008
9.59 -0.000167817 2.48546e-005 -4.23593e-006 -1.8112e-009 -1.8112e-009
9.6 -0.000166832 2.85179e-005 -4.11999e-006 7.604e-009 7.604e-009
9.61 -0.000165551 3.26872e-005 -3.67233e-006 1.62195e-008 1.62195e-008
9.62 -0.000164077 3.7257e-005 -3.17326e-006 2.36388e-008 2.36388e-008
9.63 -0.000162253 4.21338e-005 -2.97985e-006 2.95933e-008 2.95933e-008
9.64 -0.000160082 4.72408e-005 -3.2193e-006 3.39843e-008 3.39843e-008
9.65 -0.000157188 5.25535e-005 -3.70457e-006 3.68089e-008 3.68089e-008
9.66 -0.000153467 5.79462e-005 -4.1216e-006 3.8009e-008 3.8009e-008
9.67 -0.000149325 6.32749e-005 -4.30347e-006 3.73867e-008 3.73867e-008
9.68 -0.000144836 6.83623e-005 -4.27414e-006 3.46735e-008 3.46735e-008
9.69 -0.000140309 7.29638e-005 -4.22896e-006 2.96981e-008 2.96981e-008
9.7 -0.000136246 7.6907e-005 -4.23902e-006 2.25348e-008 2.25348e-008
9.71 -0.000132686 8.01422e-005 -4.24844e-006 1.35203e-008 1.35203e-008
9.72 -0.00012991 8.2615e-005 -4.19675e-006 3.18537e-009 3.18537e-009
9.73 -0.000127991 8.42573e-005 -4.12256e-006 -7.81761e-009 -7.81761e-009
9.74 -0.000127071 8.50224e-005 -4.06914e-006 -1.88059e-008 -1.88059e-008
9.75 -0.000127107 8.4957e-005 -4.02428e-006 -2.91695e-008 -2.91695e-008
9.76 -0.000127657 8.42075e-005 -4.05403e-006 -3.84196e-008 -3.84196e-008
9.77 -0.000128673 8.28361e-005 -4.41659e-006 -4.61565e-008 -4.61565e-008
9.78 -0.000130171 8.08652e-005 -5.46943e-006 -5.20053e-008 -5.20053e-008
9.79 -0.000132099 7.83585e-005 -7.42109e-006 -5.55951e-008 -5.55951e-008
9.8 -0.000134343 7.54166e-005 -1.01954e-005 -5.66447e-008 -5.66447e-008
9.81 -0.000136842 7.21645e-005 -1.3426e-005 -5.50772e-008 -5.50772e-008
9.82 -0.000139343 6.87516e-005 -1.65931e-005 -5.10255e-008 -5.10255e-008
9.83 -0.000141835 6.52682e-005 -1.9208e-005 -4.47402e-008 -4.47402e-008
9.84 -0.000144375 6.17296e-005 -2.09966e-005 -3.65254e-008 -3.65254e-008
9.85 -0.000147003 5.81058e-005 -2.19107e-005 -2.67453e-008 -2.67453e-008
9.86 -0.000149695 5.43637e-005 -2.20079e-005 -1.58361e-008 -1.58361e-008
9.87 -0.000152484 5.0473e-005 -2.1385e-005 -4.29146e-009 -4.29146e-009
9.88 -0.000155423 4.64119e-005 -2.01432e-005 7.37516e-009 7.37516e-009
9.89 -0.000158516 4.21336e-005 -1.8404e-005 1.86851e-008 1.86851e-008
9.9 -0.00016181 3.75614e-005 -1.63274e-005 2.92413e-008 2.92413e-008
9.91 -0.000165261 3.26658e-005 -1.40364e-005 3.87389e-008 3.87389e-008
9.92 -0.000168809 2.74568e-005 -1.15551e-005 4.69174e-008 4.69174e-008
9.93 -0.000172088 2.20161e-005 -8.8035e-006 5.3479e-008 5.3479e-008
9.94 -0.0001746 1.64526e-005 -5.75421e-006 5.80488e-008 5.80488e-008
9.95 -0.000175587 1.09471e-005 -2.6554e-006 6.02034e-008 6.02034e-008
9.96 -0.000175853 5.4787e-006 2.92522e-007 5.95388e-008 5.95388e-008
9.97 -0.000176048 -4.49527e-008 3.09537e-006 5.58518e-008 5.58518e-008
9.98 -0.000175436 -5.68233e-006 5.80419e-006 4.94048e-008 4.94048e-008
9.99 -0.000173955 -1.13734e-005 8.40172e-006 4.08387e-008 4.08387e-008
10 -0.00017199 -1.71366e-005 1.08529e-005 3.07834e-008 3.07834e-008
