0.1 -0.0489233 -1.3603e-005
0.2 -0.0977589 -2.72463e-005
0.3 -0.146506 -4.09301e-005
0.4 -0.195164 -5.46549e-005
0.5 -0.243733 -6.84211e-005
0.6 -0.29221 -8.2229e-005
0.7 -0.340596 -9.60789e-005
0.8 -0.38889 -0.000109971
0.9 -0.437091 -0.000123907
1 -0.485197 -0.000137885
0.01 -0.48513 -0.000137867
0.02 -0.484939 -0.000137814
0.03 -0.484719 -0.000137753
0.04 -0.484572 -0.000137712
0.05 -0.484516 -0.000137696
0.06 -0.48455 -0.000137706
0.07 -0.484661 -0.000137737
0.08 -0.484833 -0.000137784
0.09 -0.485045 -0.000137843
0.1 -0.485279 -0.000137909
0.11 -0.485517 -0.000137979
0.12 -0.485761 -0.00013805
0.13 -0.486012 -0.000138123
0.14 -0.486274 -0.000138199
0.15 -0.486552 -0.00013828
0.16 -0.486837 -0.000138363
0.17 -0.487118 -0.000138445
0.18 -0.487383 -0.000138522
0.19 -0.487631 -0.000138594
0.2 -0.487868 -0.000138663
0.21 -0.488097 -0.00013873
0.22 -0.488321 -0.000138795
0.23 -0.488538 -0.000138859
0.24 -0.488757 -0.000138923
0.25 -0.489002 -0.000138994
0.26 -0.489293 -0.000139079
0.27 -0.489643 -0.000139181
0.28 -0.490055 -0.000139301
0.29 -0.49053 -0.000139439
0.3 -0.491065 -0.000139595
0.31 -0.49165 -0.000139766
0.32 -0.492255 -0.000139942
0.33 -0.492839 -0.000140113
0.34 -0.493367 -0.000140266
0.35 -0.493827 -0.0001404
0.36 -0.494223 -0.000140516
0.37 -0.494561 -0.000140615
0.38 -0.494826 -0.000140692
0.39 -0.494992 -0.00014074
0.4 -0.49506 -0.00014076
0.41 -0.495055 -0.000140759
0.42 -0.49501 -0.000140746
0.43 -0.494937 -0.000140726
0.44 -0.494823 -0.000140694
0.45 -0.49466 -0.000140649
0.46 -0.494464 -0.000140595
0.47 -0.494267 -0.00014054
0.48 -0.494091 -0.000140491
0.49 -0.493944 -0.00014045
0.5 -0.493814 -0.000140414
0.51 -0.493682 -0.000140378
0.52 -0.493518 -0.000140332
0.53 -0.493285 -0.000140268
0.54 -0.492949 -0.000140174
0.55 -0.49252 -0.000140055
0.56 -0.492028 -0.000139919
0.57 -0.491486 -0.000139769
0.58 -0.490881 -0.000139601
0.59 -0.490211 -0.000139415
0.6 -0.489497 -0.000139217
0.61 -0.488777 -0.000139017
0.62 -0.488087 -0.000138826
0.63 -0.487416 -0.00013864
0.64 -0.48672 -0.000138447
0.65 -0.485986 -0.000138243
0.66 -0.48525 -0.000138039
0.67 -0.484563 -0.000137848
0.68 -0.483937 -0.000137674
0.69 -0.483338 -0.000137509
0.7 -0.482741 -0.000137343
0.71 -0.482169 -0.000137184
0.72 -0.481698 -0.000137053
0.73 -0.481394 -0.000136969
0.74 -0.481239 -0.000136926
0.75 -0.48113 -0.000136896
0.76 -0.480978 -0.000136854
0.77 -0.480764 -0.000136794
0.78 -0.480484 -0.000136717
0.79 -0.480128 -0.000136618
0.8 -0.47969 -0.000136497
0.81 -0.479205 -0.000136362
0.82 -0.478755 -0.000136237
0.83 -0.478419 -0.000136144
0.84 -0.478209 -0.000136086
0.85 -0.478068 -0.000136047
0.86 -0.477927 -0.000136007
0.87 -0.477728 -0.000135952
0.88 -0.477461 -0.000135878
0.89 -0.477159 -0.000135794
0.9 -0.476877 -0.000135716
0.91 -0.476653 -0.000135654
0.92 -0.476454 -0.000135599
0.93 -0.476192 -0.000135526
0.94 -0.475824 -0.000135424
0.95 -0.475463 -0.000135324
0.96 -0.475309 -0.000135281
0.97 -0.475447 -0.00013532
0.98 -0.475791 -0.000135415
0.99 -0.476223 -0.000135535
1 -0.476706 -0.000135669
1.01 -0.47733 -0.000135842
1.02 -0.478198 -0.000136083
1.03 -0.479201 -0.000136361
1.04 -0.480027 -0.00013659
1.05 -0.480465 -0.000136712
1.06 -0.48058 -0.000136743
1.07 -0.480565 -0.000136739
1.08 -0.480549 -0.000136735
1.09 -0.480542 -0.000136733
1.1 -0.480492 -0.000136719
1.11 -0.480324 -0.000136672
1.12 -0.479951 -0.000136569
1.13 -0.479391 -0.000136414
1.14 -0.478878 -0.000136271
1.15 -0.478698 -0.000136221
1.16 -0.478921 -0.000136283
1.17 -0.47936 -0.000136405
1.18 -0.4797 -0.000136499
1.19 -0.479761 -0.000136516
1.2 -0.479656 -0.000136487
1.21 -0.47964 -0.000136483
1.22 -0.47989 -0.000136552
1.23 -0.480441 -0.000136705
1.24 -0.481188 -0.000136912
1.25 -0.48194 -0.000137121
1.26 -0.482535 -0.000137286
1.27 -0.482916 -0.000137392
1.28 -0.483086 -0.000137439
1.29 -0.483079 -0.000137437
1.3 -0.482915 -0.000137391
1.31 -0.482557 -0.000137292
1.32 -0.482029 -0.000137145
1.33 -0.481541 -0.00013701
1.34 -0.481308 -0.000136945
1.35 -0.481255 -0.000136931
1.36 -0.481082 -0.000136883
1.37 -0.480626 -0.000136756
1.38 -0.480055 -0.000136598
1.39 -0.479727 -0.000136507
1.4 -0.479898 -0.000136554
1.41 -0.480405 -0.000136695
1.42 -0.480644 -0.000136761
1.43 -0.480068 -0.000136602
1.44 -0.478726 -0.000136229
1.45 -0.477262 -0.000135823
1.46 -0.476374 -0.000135577
1.47 -0.476196 -0.000135527
1.48 -0.476242 -0.00013554
1.49 -0.476024 -0.00013548
1.5 -0.475472 -0.000135326
1.51 -0.47465 -0.000135098
1.52 -0.473438 -0.000134762
1.53 -0.471676 -0.000134274
1.54 -0.469474 -0.000133663
1.55 -0.467212 -0.000133035
1.56 -0.465258 -0.000132493
1.57 -0.463808 -0.000132091
1.58 -0.46298 -0.000131861
1.59 -0.46286 -0.000131828
1.6 -0.463398 -0.000131977
1.61 -0.464162 -0.000132189
1.62 -0.464418 -0.00013226
1.63 -0.463817 -0.000132094
1.64 -0.462798 -0.000131811
1.65 -0.462096 -0.000131616
1.66 -0.462038 -0.0001316
1.67 -0.462405 -0.000131702
1.68 -0.462811 -0.000131815
1.69 -0.463161 -0.000131911
1.7 -0.463594 -0.000132032
1.71 -0.464073 -0.000132164
1.72 -0.464384 -0.000132251
1.73 -0.464578 -0.000132304
1.74 -0.465103 -0.00013245
1.75 -0.466481 -0.000132832
1.76 -0.46897 -0.000133523
1.77 -0.472504 -0.000134503
1.78 -0.476716 -0.000135672
1.79 -0.480896 -0.000136831
1.8 -0.484301 -0.000137775
1.81 -0.486724 -0.000138448
1.82 -0.488521 -0.000138946
1.83 -0.490139 -0.000139395
1.84 -0.491772 -0.000139848
1.85 -0.493377 -0.000140293
1.86 -0.494919 -0.000140721
1.87 -0.496357 -0.000141138
1.88 -0.497545 -0.000141485
1.89 -0.498074 -0.000141639
1.9 -0.497841 -0.000141575
1.91 -0.497207 -0.000141399
1.92 -0.496595 -0.000141229
1.93 -0.496323 -0.000141153
1.94 -0.49674 -0.000141269
1.95 -0.498061 -0.000141636
1.96 -0.499985 -0.000142197
1.97 -0.501995 -0.000142783
1.98 -0.503515 -0.000143227
1.99 -0.504366 -0.000143475
2 -0.504737 -0.000143584
2.01 -0.504852 -0.000143617
2.02 -0.504699 -0.000143575
2.03 -0.504144 -0.000143421
2.04 -0.503265 -0.000143177
2.05 -0.502279 -0.000142903
2.06 -0.50127 -0.000142624
2.07 -0.500271 -0.000142346
2.08 -0.499407 -0.000142107
2.09 -0.49879 -0.000141935
2.1 -0.498424 -0.000141834
2.11 -0.498206 -0.000141774
2.12 -0.497972 -0.000141709
2.13 -0.497554 -0.000141593
2.14 -0.496731 -0.000141364
2.15 -0.495206 -0.000140941
2.16 -0.492777 -0.000140268
2.17 -0.489728 -0.000139422
2.18 -0.487064 -0.000138683
2.19 -0.48588 -0.000138354
2.2 -0.486323 -0.000138477
2.21 -0.487585 -0.000138827
2.22 -0.48877 -0.000139156
2.23 -0.48947 -0.00013935
2.24 -0.489774 -0.000139435
2.25 -0.490039 -0.000139508
2.26 -0.490726 -0.000139699
2.27 -0.492167 -0.000140098
2.28 -0.494238 -0.000140673
2.29 -0.49653 -0.000141309
2.3 -0.498796 -0.000141937
2.31 -0.500952 -0.000142535
2.32 -0.502828 -0.000143056
2.33 -0.50425 -0.00014345
2.34 -0.505249 -0.000143733
2.35 -0.506093 -0.000143979
2.36 -0.507071 -0.000144265
2.37 -0.508366 -0.000144643
2.38 -0.510022 -0.000145127
2.39 -0.511759 -0.000145634
2.4 -0.513037 -0.000146008
2.41 -0.513325 -0.000146092
2.42 -0.51224 -0.000145791
2.43 -0.510027 -0.000145177
2.44 -0.507709 -0.000144534
2.45 -0.506246 -0.000144128
2.46 -0.505608 -0.000143951
2.47 -0.505 -0.000143783
2.48 -0.503796 -0.000143449
2.49 -0.502028 -0.000142958
2.5 -0.500196 -0.00014245
2.51 -0.498833 -0.000142072
2.52 -0.498275 -0.000141917
2.53 -0.49856 -0.000141996
2.54 -0.499314 -0.000142205
2.55 -0.499885 -0.000142364
2.56 -0.499683 -0.000142308
2.57 -0.498481 -0.000141974
2.58 -0.49646 -0.000141414
2.59 -0.493962 -0.000140721
2.6 -0.491228 -0.000139962
2.61 -0.488426 -0.000139185
2.62 -0.48579 -0.000138454
2.63 -0.483472 -0.000137811
2.64 -0.481368 -0.000137227
2.65 -0.47928 -0.000136648
2.66 -0.477128 -0.000136051
2.67 -0.475083 -0.000135484
2.68 -0.473532 -0.000135053
2.69 -0.472745 -0.000134835
2.7 -0.47265 -0.000134809
2.71 -0.472821 -0.000134856
2.72 -0.472561 -0.000134784
2.73 -0.471339 -0.000134445
2.74 -0.469456 -0.000133923
2.75 -0.467984 -0.000133515
2.76 -0.46768 -0.00013343
2.77 -0.468429 -0.000133638
2.78 -0.469968 -0.000134065
2.79 -0.472313 -0.000134715
2.8 -0.475191 -0.000135514
2.81 -0.477882 -0.00013626
2.82 -0.479775 -0.000136785
2.83 -0.480723 -0.000137048
2.84 -0.481035 -0.000137135
2.85 -0.481101 -0.000137153
2.86 -0.481146 -0.000137166
2.87 -0.481431 -0.000137245
2.88 -0.482083 -0.000137425
2.89 -0.48277 -0.000137616
2.9 -0.48304 -0.000137691
2.91 -0.48293 -0.00013766
2.92 -0.483008 -0.000137682
2.93 -0.48386 -0.000137918
2.94 -0.485582 -0.000138396
2.95 -0.487863 -0.000139029
2.96 -0.490402 -0.000139733
2.97 -0.493024 -0.00014046
2.98 -0.495456 -0.000141135
2.99 -0.497255 -0.000141634
3 -0.49794 -0.000141824
3.01 -0.497206 -0.00014162
3.02 -0.495007 -0.00014101
3.03 -0.49142 -0.000140015
3.04 -0.486669 -0.000138697
3.05 -0.481396 -0.000137235
3.06 -0.47648 -0.000135871
3.07 -0.472227 -0.000134691
3.08 -0.468218 -0.000133579
3.09 -0.46418 -0.000132459
3.1 -0.460511 -0.000131442
3.11 -0.457923 -0.000130724
3.12 -0.456706 -0.000130386
3.13 -0.456388 -0.000130298
3.14 -0.456346 -0.000130286
3.15 -0.456448 -0.000130315
3.16 -0.456832 -0.000130421
3.17 -0.457576 -0.000130627
3.18 -0.458548 -0.000130897
3.19 -0.45916 -0.000131067
3.2 -0.458615 -0.000130916
3.21 -0.45662 -0.000130362
3.22 -0.453691 -0.00012955
3.23 -0.450808 -0.00012875
3.24 -0.448839 -0.000128204
3.25 -0.448212 -0.00012803
3.26 -0.449023 -0.000128255
3.27 -0.451116 -0.000128835
3.28 -0.454042 -0.000129647
3.29 -0.457228 -0.000130531
3.3 -0.460161 -0.000131344
3.31 -0.462418 -0.00013197
3.32 -0.463694 -0.000132324
3.33 -0.46406 -0.000132426
3.34 -0.464191 -0.000132462
3.35 -0.464948 -0.000132672
3.36 -0.466724 -0.000133165
3.37 -0.469327 -0.000133887
3.38 -0.472174 -0.000134677
3.39 -0.47454 -0.000135333
3.4 -0.476062 -0.000135755
3.41 -0.477124 -0.00013605
3.42 -0.478502 -0.000136432
3.43 -0.480683 -0.000137037
3.44 -0.483617 -0.000137851
3.45 -0.486905 -0.000138763
3.46 -0.490222 -0.000139683
3.47 -0.493594 -0.000140618
3.48 -0.497195 -0.000141617
3.49 -0.501033 -0.000142682
3.5 -0.504959 -0.000143771
3.51 -0.508781 -0.000144831
3.52 -0.512155 -0.000145767
3.53 -0.514575 -0.000146457
3.54 -0.51593 -0.000146853
3.55 -0.516604 -0.00014705
3.56 -0.517289 -0.00014725
3.57 -0.51857 -0.000147625
3.58 -0.520479 -0.000148183
3.59 -0.522409 -0.000148747
3.6 -0.523456 -0.000149053
3.61 -0.52303 -0.000148935
3.62 -0.521305 -0.000148457
3.63 -0.519092 -0.000147843
3.64 -0.51694 -0.000147246
3.65 -0.514623 -0.000146603
3.66 -0.51158 -0.000145759
3.67 -0.507568 -0.000144646
3.68 -0.50279 -0.000143321
3.69 -0.497957 -0.00014198
3.7 -0.494262 -0.000140955
3.71 -0.492764 -0.00014054
3.72 -0.493739 -0.00014081
3.73 -0.49657 -0.000141596
3.74 -0.500048 -0.00014256
3.75 -0.503043 -0.000143391
3.76 -0.505156 -0.000143977
3.77 -0.50653 -0.000144358
3.78 -0.50739 -0.000144597
3.79 -0.508059 -0.000144782
3.8 -0.508975 -0.000145037
3.81 -0.510329 -0.000145412
3.82 -0.51174 -0.000145804
3.83 -0.512333 -0.000145968
3.84 -0.511584 -0.00014576
3.85 -0.510164 -0.000145366
3.86 -0.509117 -0.000145076
3.87 -0.508532 -0.000144914
3.88 -0.507804 -0.000144712
3.89 -0.50669 -0.000144403
3.9 -0.505692 -0.000144126
3.91 -0.505566 -0.000144091
3.92 -0.506494 -0.000144348
3.93 -0.507769 -0.000144702
3.94 -0.508237 -0.000144832
3.95 -0.5069 -0.000144461
3.96 -0.503288 -0.000143459
3.97 -0.497686 -0.000141905
3.98 -0.490888 -0.000140019
3.99 -0.483618 -0.000138003
4 -0.476422 -0.000136007
4.01 -0.469809 -0.000134172
4.02 -0.46418 -0.000132611
4.03 -0.459898 -0.000131423
4.04 -0.457351 -0.000130716
4.05 -0.456656 -0.000130524
4.06 -0.457331 -0.000130711
4.07 -0.4584 -0.000131007
4.08 -0.45895 -0.00013116
4.09 -0.458332 -0.000130989
4.1 -0.456082 -0.000130365
4.11 -0.452149 -0.000129273
4.12 -0.447019 -0.00012785
4.13 -0.441398 -0.000126291
4.14 -0.436091 -0.000124819
4.15 -0.43214 -0.000123723
4.16 -0.43058 -0.00012329
4.17 -0.432008 -0.000123687
4.18 -0.436245 -0.000124862
4.19 -0.442138 -0.000126496
4.2 -0.448017 -0.000128127
4.21 -0.45259 -0.000129396
4.22 -0.455382 -0.00013017
4.23 -0.456618 -0.000130513
4.24 -0.456848 -0.000130577
4.25 -0.456401 -0.000130453
4.26 -0.455298 -0.000130147
4.27 -0.453764 -0.000129721
4.28 -0.452231 -0.000129296
4.29 -0.45093 -0.000128935
4.3 -0.450077 -0.000128699
4.31 -0.450199 -0.000128733
4.32 -0.451767 -0.000129168
4.33 -0.454759 -0.000129997
4.34 -0.458652 -0.000131077
4.35 -0.462648 -0.000132186
4.36 -0.466205 -0.000133172
4.37 -0.469545 -0.000134099
4.38 -0.473317 -0.000135145
4.39 -0.47778 -0.000136383
4.4 -0.482458 -0.000137681
4.41 -0.486427 -0.000138782
4.42 -0.488967 -0.000139486
4.43 -0.489949 -0.000139759
4.44 -0.489586 -0.000139658
4.45 -0.488249 -0.000139287
4.46 -0.486784 -0.000138881
4.47 -0.486502 -0.000138803
4.48 -0.488225 -0.000139281
4.49 -0.491423 -0.000140168
4.5 -0.494488 -0.000141018
4.51 -0.495676 -0.000141347
4.52 -0.493812 -0.000140831
4.53 -0.488593 -0.000139383
4.54 -0.480421 -0.000137116
4.55 -0.470156 -0.000134269
4.56 -0.459232 -0.000131238
4.57 -0.44935 -0.000128497
4.58 -0.441514 -0.000126323
4.59 -0.435542 -0.000124667
4.6 -0.430604 -0.000123297
4.61 -0.426107 -0.00012205
4.62 -0.422061 -0.000120927
4.63 -0.418757 -0.000120011
4.64 -0.416377 -0.00011935
4.65 -0.415137 -0.000119007
4.66 -0.41561 -0.000119138
4.67 -0.418299 -0.000119884
4.68 -0.422751 -0.000121119
4.69 -0.427471 -0.000122428
4.7 -0.43073 -0.000123332
4.71 -0.431412 -0.000123521
4.72 -0.429659 -0.000123035
4.73 -0.427027 -0.000122305
4.74 -0.425477 -0.000121875
4.75 -0.426086 -0.000122044
4.76 -0.428733 -0.000122778
4.77 -0.432485 -0.000123819
4.78 -0.436376 -0.000124898
4.79 -0.440174 -0.000125952
4.8 -0.444184 -0.000127064
4.81 -0.448672 -0.000128309
4.82 -0.453883 -0.000129754
4.83 -0.459711 -0.000131371
4.84 -0.464915 -0.000132815
4.85 -0.467934 -0.000133652
4.86 -0.469004 -0.000133949
4.87 -0.470296 -0.000134307
4.88 -0.473628 -0.000135232
4.89 -0.478743 -0.00013665
4.9 -0.483844 -0.000138065
4.91 -0.487568 -0.000139098
4.92 -0.490267 -0.000139847
4.93 -0.493407 -0.000140718
4.94 -0.498242 -0.000142059
4.95 -0.505147 -0.000143975
4.96 -0.513344 -0.000146249
4.97 -0.520959 -0.000148361
4.98 -0.526027 -0.000149806
4.99 -0.528492 -0.000150527
5 -0.529855 -0.000150926
5.01 -0.531454 -0.000151394
5.02 -0.533409 -0.000151966
5.03 -0.534949 -0.000152417
5.04 -0.535459 -0.000152567
5.05 -0.535269 -0.000152514
5.06 -0.535734 -0.000152647
5.07 -0.53824 -0.000153381
5.08 -0.54312 -0.000154812
5.09 -0.549533 -0.000156692
5.1 -0.556491 -0.000158734
5.11 -0.563353 -0.000160749
5.12 -0.569646 -0.000162598
5.13 -0.575383 -0.000164285
5.14 -0.581173 -0.000165989
5.15 -0.587264 -0.000167782
5.16 -0.59297 -0.000169463
5.17 -0.597506 -0.0001708
5.18 -0.600758 -0.000171759
5.19 -0.603074 -0.000172442
5.2 -0.604644 -0.000172905
5.21 -0.605166 -0.000173059
5.22 -0.604007 -0.000172738
5.23 -0.600606 -0.000171795
5.24 -0.59489 -0.000170209
5.25 -0.587542 -0.000168171
5.26 -0.579508 -0.000165942
5.27 -0.571167 -0.000163629
5.28 -0.562458 -0.000161213
5.29 -0.553639 -0.000158766
5.3 -0.545316 -0.000156458
5.31 -0.537928 -0.000154408
5.32 -0.531542 -0.000152637
5.33 -0.525704 -0.000151017
5.34 -0.519315 -0.000149245
5.35 -0.510791 -0.000146881
5.36 -0.49861 -0.000143502
5.37 -0.482714 -0.000139092
5.38 -0.46532 -0.000134267
5.39 -0.44901 -0.000129743
5.4 -0.434332 -0.000125671
5.41 -0.420246 -0.000121764
5.42 -0.406225 -0.000117875
5.43 -0.393204 -0.000114263
5.44 -0.38254 -0.000111305
5.45 -0.373862 -0.000108897
5.46 -0.364886 -0.000106407
5.47 -0.353571 -0.000103269
5.48 -0.339611 -9.93964e-005
5.49 -0.324213 -9.51251e-005
5.5 -0.309601 -9.10718e-005
5.51 -0.298434 -8.79743e-005
5.52 -0.292468 -8.63193e-005
5.53 -0.291687 -8.61027e-005
5.54 -0.294946 -8.70067e-005
5.55 -0.301093 -8.87119e-005
5.56 -0.309622 -9.10776e-005
5.57 -0.320395 -9.40661e-005
5.58 -0.332695 -9.7478e-005
5.59 -0.345084 -0.000100915
5.6 -0.356625 -0.000104116
5.61 -0.367729 -0.000107196
5.62 -0.379286 -0.000110402
5.63 -0.391254 -0.000113722
5.64 -0.402671 -0.000116889
5.65 -0.412956 -0.000119742
5.66 -0.422599 -0.000122417
5.67 -0.432502 -0.000125164
5.68 -0.442919 -0.000128053
5.69 -0.453346 -0.000130946
5.7 -0.463387 -0.000133731
5.71 -0.473377 -0.000136502
5.72 -0.483964 -0.000139439
5.73 -0.495097 -0.000142527
5.74 -0.505668 -0.000145459
5.75 -0.51439 -0.000147879
5.76 -0.520964 -0.000149703
5.77 -0.526132 -0.000151136
5.78 -0.531043 -0.000152498
5.79 -0.536867 -0.000154114
5.8 -0.544602 -0.000156259
5.81 -0.554546 -0.000159018
5.82 -0.56556 -0.000162073
5.83 -0.575371 -0.000164795
5.84 -0.582302 -0.000166717
5.85 -0.586393 -0.000167852
5.86 -0.588614 -0.000168468
5.87 -0.589816 -0.000168801
5.88 -0.590616 -0.000169023
5.89 -0.591025 -0.000169137
5.9 -0.590006 -0.000168854
5.91 -0.586248 -0.000167812
5.92 -0.579026 -0.000165808
5.93 -0.568088 -0.000162774
5.94 -0.553506 -0.000158729
5.95 -0.536117 -0.000153906
5.96 -0.51797 -0.000148872
5.97 -0.501455 -0.000144291
5.98 -0.487716 -0.00014048
5.99 -0.476393 -0.000137339
6 -0.466802 -0.000134678
6.01 -0.458733 -0.00013244
6.02 -0.451729 -0.000130497
6.03 -0.444319 -0.000128442
6.04 -0.43478 -0.000125796
6.05 -0.42265 -0.000122431
6.06 -0.409344 -0.00011874
6.07 -0.396764 -0.00011525
6.08 -0.385948 -0.00011225
6.09 -0.377223 -0.00010983
6.1 -0.370687 -0.000108017
6.11 -0.365895 -0.000106687
6.12 -0.361593 -0.000105494
6.13 -0.356487 -0.000104078
6.14 -0.34962 -0.000102173
6.15 -0.33997 -9.9496e-005
6.16 -0.326827 -9.58502e-005
6.17 -0.310553 -9.13358e-005
6.18 -0.292441 -8.63118e-005
6.19 -0.273926 -8.11759e-005
6.2 -0.255782 -7.61429e-005
6.21 -0.237626 -7.11064e-005
6.22 -0.218303 -6.57463e-005
6.23 -0.197252 -5.99071e-005
6.24 -0.175705 -5.39301e-005
6.25 -0.156569 -4.86218e-005
6.26 -0.143533 -4.50059e-005
6.27 -0.140144 -4.40657e-005
6.28 -0.148318 -4.6333e-005
6.29 -0.166691 -5.14297e-005
6.3 -0.190612 -5.80652e-005
6.31 -0.215387 -6.49376e-005
6.32 -0.240225 -7.18273e-005
6.33 -0.268834 -7.97635e-005
6.34 -0.306541 -9.02231e-005
6.35 -0.356153 -0.000103985
6.36 -0.415464 -0.000120437
6.37 -0.477654 -0.000137689
6.38 -0.534348 -0.000153415
6.39 -0.580266 -0.000166152
6.4 -0.615136 -0.000176003
6.41 -0.641527 -0.000183811
6.42 -0.661901 -0.000189854
6.43 -0.674657 -0.000193644
6.44 -0.677306 -0.000194432
6.45 -0.667386 -0.00019168
6.46 -0.644461 -0.000185321
6.47 -0.610423 -0.000175879
6.48 -0.569227 -0.000164452
6.49 -0.525473 -0.000152314
6.5 -0.483042 -0.000140544
6.51 -0.445527 -0.000130138
6.52 -0.417004 -0.000122226
6.53 -0.401605 -0.000117954
6.54 -0.402109 -0.000118094
6.55 -0.418347 -0.000122599
6.56 -0.446795 -0.00013049
6.57 -0.482657 -0.000140438
6.58 -0.522355 -0.00015145
6.59 -0.564519 -0.000163145
6.6 -0.609838 -0.000175717
6.61 -0.659523 -0.000189499
6.62 -0.711204 -0.000204533
6.63 -0.764027 -0.000220351
6.64 -0.815937 -0.000235987
6.65 -0.862896 -0.000250212
6.66 -0.901125 -0.000261849
6.67 -0.928384 -0.000270179
6.68 -0.943431 -0.000274788
6.69 -0.946011 -0.000275579
6.7 -0.934099 -0.000272275
6.71 -0.906587 -0.000264643
6.72 -0.863719 -0.000252752
6.73 -0.807879 -0.000237262
6.74 -0.743495 -0.000219402
6.75 -0.676567 -0.000200837
6.76 -0.613166 -0.00018325
6.77 -0.557197 -0.000167725
6.78 -0.510472 -0.000154764
6.79 -0.474545 -0.000144798
6.8 -0.451471 -0.000138397
6.81 -0.442525 -0.000135916
6.82 -0.446575 -0.000137039
6.83 -0.459889 -0.000140732
6.84 -0.478675 -0.000145943
6.85 -0.499412 -0.000151696
6.86 -0.518831 -0.000157082
6.87 -0.533633 -0.000161188
6.88 -0.542127 -0.000163544
6.89 -0.544994 -0.00016434
6.9 -0.544223 -0.000164126
6.91 -0.541407 -0.000163345
6.92 -0.537815 -0.000162348
6.93 -0.536086 -0.000161869
6.94 -0.540365 -0.000163056
6.95 -0.553666 -0.000166745
6.96 -0.5756 -0.00017283
6.97 -0.603279 -0.000180507
6.98 -0.633933 -0.000189011
6.99 -0.665939 -0.000197889
7 -0.69732 -0.000206594
7.01 -0.723647 -0.000213897
7.02 -0.739132 -0.000218192
7.03 -0.739732 -0.000218359
7.04 -0.724523 -0.00021414
7.05 -0.694916 -0.000205927
7.06 -0.652611 -0.000194192
7.07 -0.59817 -0.00017909
7.08 -0.532015 -0.000160739
7.09 -0.456239 -0.00013972
7.1 -0.375283 -0.000117263
7.11 -0.295297 -9.50757e-005
7.12 -0.222614 -7.49138e-005
7.13 -0.162307 -5.81852e-005
7.14 -0.117154 -4.566e-005
7.15 -0.0887923 -3.77927e-005
7.16 -0.0770566 -3.45373e-005
7.17 -0.0806062 -3.55219e-005
7.18 -0.0977991 -4.02911e-005
7.19 -0.126521 -4.82584e-005
7.2 -0.166233 -5.92743e-005
7.21 -0.217061 -7.33735e-005
7.22 -0.278178 -9.03268e-005
7.23 -0.346673 -0.000109327
7.24 -0.418071 -0.000129132
7.25 -0.48716 -0.000148297
7.26 -0.548531 -0.000165321
7.27 -0.596982 -0.000178761
7.28 -0.628725 -0.000187566
7.29 -0.642765 -0.000191461
7.3 -0.640462 -0.000190822
7.31 -0.623414 -0.000186093
7.32 -0.592907 -0.00017763
7.33 -0.551879 -0.00016625
7.34 -0.506018 -0.000153528
7.35 -0.461563 -0.000141197
7.36 -0.422126 -0.000130257
7.37 -0.388239 -0.000120857
7.38 -0.359975 -0.000113017
7.39 -0.33966 -0.000107381
7.4 -0.33164 -0.000105157
7.41 -0.339835 -0.00010743
7.42 -0.365636 -0.000114587
7.43 -0.407916 -0.000126315
7.44 -0.465116 -0.000142182
7.45 -0.535737 -0.000161772
7.46 -0.616126 -0.000184071
7.47 -0.698982 -0.000207055
7.48 -0.774203 -0.000227921
7.49 -0.833096 -0.000244257
7.5 -0.872362 -0.000255149
7.51 -0.895728 -0.000261631
7.52 -0.908708 -0.000265232
7.53 -0.914563 -0.000266856
7.54 -0.91377 -0.000266636
7.55 -0.906076 -0.000264501
7.56 -0.892918 -0.000260851
7.57 -0.877271 -0.000256511
7.58 -0.860515 -0.000251863
7.59 -0.84057 -0.00024633
7.6 -0.815033 -0.000239247
7.61 -0.785308 -0.000231001
7.62 -0.756656 -0.000223053
7.63 -0.733999 -0.000216768
7.64 -0.71761 -0.000212222
7.65 -0.702822 -0.00020812
7.66 -0.683167 -0.000202668
7.67 -0.654102 -0.000194606
7.68 -0.615968 -0.000184027
7.69 -0.573837 -0.00017234
7.7 -0.533921 -0.000161268
7.71 -0.499125 -0.000151616
7.72 -0.468688 -0.000143173
7.73 -0.440493 -0.000135352
7.74 -0.412361 -0.000127548
7.75 -0.381433 -0.000118969
7.76 -0.343895 -0.000108556
7.77 -0.296894 -9.55187e-005
7.78 -0.241401 -8.01251e-005
7.79 -0.183019 -6.39305e-005
7.8 -0.128812 -4.88939e-005
7.81 -0.0840028 -3.64641e-005
7.82 -0.0493658 -2.68561e-005
7.83 -0.0227672 -1.94778e-005
7.84 -0.000656617 -1.29837e-005
7.85 0.0211509 -6.75154e-006
7.86 0.0428183 -7.41167e-007
7.87 0.0616615 4.48581e-006
7.88 0.0740421 7.92009e-006
7.89 0.0762318 8.52751e-006
7.9 0.0664434 5.81227e-006
7.91 0.0460067 1.43274e-007
7.92 0.0195448 -7.19707e-006
7.93 -0.00664096 -1.44646e-005
7.94 -0.0271298 -2.01598e-005
7.95 -0.0400046 -2.37386e-005
7.96 -0.047393 -2.57924e-005
7.97 -0.0537047 -2.75468e-005
7.98 -0.0630523 -3.01451e-005
7.99 -0.076893 -3.39924e-005
8 -0.0933222 -3.85592e-005
8.01 -0.109409 -4.30307e-005
8.02 -0.124376 -4.7191e-005
8.03 -0.140208 -5.15919e-005
8.04 -0.159679 -5.70043e-005
8.05 -0.184549 -6.39172e-005
8.06 -0.215916 -7.26362e-005
8.07 -0.255337 -8.3594e-005
8.08 -0.303665 -9.70277e-005
8.09 -0.358117 -0.000112163
8.1 -0.411909 -0.000127116
8.11 -0.457945 -0.000139912
8.12 -0.492567 -0.000149536
8.13 -0.516243 -0.000156118
8.14 -0.531923 -0.000160476
8.15 -0.542928 -0.000163535
8.16 -0.551623 -0.000165952
8.17 -0.559663 -0.000168187
8.18 -0.568585 -0.000170667
8.19 -0.579447 -0.000173686
8.2 -0.592437 -0.000177297
8.21 -0.60694 -0.000181328
8.22 -0.621802 -0.00018546
8.23 -0.635762 -0.00018934
8.24 -0.647772 -0.000192678
8.25 -0.65692 -0.000195221
8.26 -0.662544 -0.000196784
8.27 -0.664788 -0.000197408
8.28 -0.664456 -0.000197316
8.29 -0.66205 -0.000196649
8.3 -0.657644 -0.000195427
8.31 -0.65177 -0.000193797
8.32 -0.645924 -0.000192175
8.33 -0.642068 -0.000191106
8.34 -0.641832 -0.00019104
8.35 -0.646987 -0.00019247
8.36 -0.658543 -0.000195676
8.37 -0.676186 -0.000200577
8.38 -0.69718 -0.000206412
8.39 -0.71566 -0.000211549
8.4 -0.725431 -0.000214265
8.41 -0.721826 -0.000213265
8.42 -0.703566 -0.0002082
8.43 -0.671416 -0.000199282
8.44 -0.626877 -0.000186927
8.45 -0.572744 -0.000171911
8.46 -0.512231 -0.000155125
8.47 -0.448639 -0.000137485
8.48 -0.386245 -0.000120177
8.49 -0.331001 -0.000104853
8.5 -0.289627 -9.33761e-005
8.51 -0.267786 -8.73175e-005
8.52 -0.265245 -8.66127e-005
8.53 -0.279358 -9.05274e-005
8.54 -0.306223 -9.79797e-005
8.55 -0.341762 -0.000107838
8.56 -0.382971 -0.000119269
8.57 -0.427815 -0.000131708
8.58 -0.474089 -0.000144544
8.59 -0.519062 -0.00015702
8.6 -0.560508 -0.000168516
8.61 -0.597909 -0.000178891
8.62 -0.632249 -0.000188417
8.63 -0.664312 -0.000197311
8.64 -0.69385 -0.000205505
8.65 -0.72058 -0.000212919
8.66 -0.743815 -0.000219375
8.67 -0.762687 -0.000224621
8.68 -0.77677 -0.000228535
8.69 -0.785948 -0.000231087
8.7 -0.791006 -0.000232493
8.71 -0.794284 -0.000233404
8.72 -0.798389 -0.000234545
8.73 -0.804515 -0.000236248
8.74 -0.812515 -0.000238472
8.75 -0.822421 -0.000241225
8.76 -0.835018 -0.000244727
8.77 -0.851645 -0.000249348
8.78 -0.873047 -0.000255297
8.79 -0.899029 -0.000262519
8.8 -0.929004 -0.000270852
8.81 -0.959962 -0.000279861
8.82 -0.989962 -0.000289093
8.83 -1.01882 -0.000298007
8.84 -1.04684 -0.000306688
8.85 -1.07634 -0.00031586
8.86 -1.10811 -0.000325776
8.87 -1.1411 -0.000336113
8.88 -1.17308 -0.000346174
8.89 -1.20147 -0.000355138
8.9 -1.2247 -0.000362499
8.91 -1.24305 -0.000368325
8.92 -1.25837 -0.000373203
8.93 -1.27295 -0.000377851
8.94 -1.28767 -0.000382555
8.95 -1.30257 -0.000387324
8.96 -1.31601 -0.000391636
8.97 -1.32508 -0.000394547
8.98 -1.32823 -0.000395558
8.99 -1.3237 -0.000394302
9 -1.31228 -0.000391135
9.01 -1.29566 -0.000386524
9.02 -1.27321 -0.000380299
9.03 -1.24426 -0.000372267
9.04 -1.20636 -0.000361753
9.05 -1.15622 -0.000347847
9.06 -1.0888 -0.000329143
9.07 -1.00248 -0.000305199
9.08 -0.895132 -0.000275421
9.09 -0.766041 -0.000239613
9.1 -0.620964 -0.000199369
9.11 -0.46738 -0.000156766
9.12 -0.314225 -0.000114282
9.13 -0.169897 -7.42466e-005
9.14 -0.0413468 -3.85876e-005
9.15 0.0664907 -7.12733e-006
9.16 0.164808 2.01451e-005
9.17 0.251452 4.41797e-005
9.18 0.323328 6.41175e-005
9.19 0.378867 7.95236e-005
9.2 0.420579 9.10943e-005
9.21 0.45257 9.99684e-005
9.22 0.480597 0.000107743
9.23 0.509439 0.000115743
9.24 0.541018 0.000124503
9.25 0.572855 0.000133335
9.26 0.602016 0.000141424
9.27 0.629405 0.000149021
9.28 0.658052 0.000156967
9.29 0.693602 0.000166829
9.3 0.727168 0.000179342
9.31 0.72288 0.000194656
9.32 0.717843 0.000212647
9.33 0.712127 0.000233058
9.34 0.70643 0.000253407
9.35 0.700792 0.000273542
9.36 0.695886 0.000291064
9.37 0.691922 0.000305222
9.38 0.689264 0.000314715
9.39 0.688258 0.000318306
9.4 0.68277 0.000315565
9.41 0.665245 0.000306808
9.42 0.635735 0.000292064
9.43 0.593914 0.000271169
9.44 0.539337 0.0002439
9.45 0.471855 0.000210184
9.46 0.392648 0.000170609
9.47 0.304199 0.000126417
9.48 0.20973 7.9217e-005
9.49 0.112408 3.05917e-005
9.5 0.0154628 -1.78456e-005
9.51 -0.139404 -6.44035e-005
9.52 -0.297404 -0.000108415
9.53 -0.449615 -0.000150815
9.54 -0.589819 -0.00018987
9.55 -0.714148 -0.000224503
9.56 -0.817485 -0.000253288
9.57 -0.90045 -0.000276398
9.58 -0.971496 -0.000296189
9.59 -1.03773 -0.000314639
9.6 -1.10396 -0.000333089
9.61 -1.17337 -0.000352422
9.62 -1.24957 -0.000373647
9.63 -1.3351 -0.00039777
9.64 -1.41991 -0.000425207
9.65 -1.51064 -0.000454907
9.66 -1.59895 -0.000484164
9.67 -1.68031 -0.000511441
9.68 -1.75358 -0.000536275
9.69 -1.81866 -0.000558554
9.7 -1.87489 -0.000577979
9.71 -1.92067 -0.000593916
9.72 -1.95525 -0.000606026
9.73 -1.97828 -0.000614126
9.74 -1.98994 -0.000618239
9.75 -1.9905 -0.000618439
9.76 -1.97992 -0.000615504
9.77 -1.96458 -0.000611249
9.78 -1.95194 -0.000607741
9.79 -1.94705 -0.000606385
9.8 -1.94968 -0.000607116
9.81 -1.95482 -0.000608542
9.82 -1.95458 -0.000608474
9.83 -1.94136 -0.000604807
9.84 -1.91017 -0.000596155
9.85 -1.85942 -0.000582077
9.86 -1.78992 -0.000562798
9.87 -1.70337 -0.00053879
9.88 -1.60139 -0.000510501
9.89 -1.48539 -0.000478324
9.9 -1.35783 -0.00044294
9.91 -1.22047 -0.000404837
9.92 -1.07364 -0.000364109
9.93 -0.916272 -0.000320455
9.94 -0.748894 -0.000274026
9.95 -0.579168 -0.000226945
9.96 -0.409808 -0.000179966
9.97 -0.241006 -0.000133141
9.98 -0.0684702 -8.52811e-005
9.99 0.0471908 -3.71997e-005
10 0.142854 1.0597e-005
