0.1 -0.189822 -6.54558e-006
0.2 -0.38003 -1.31045e-005
0.3 -0.570627 -1.96768e-005
0.4 -0.761616 -2.62626e-005
0.5 -0.952999 -3.2862e-005
0.6 -1.14478 -3.94751e-005
0.7 -1.33696 -4.61019e-005
0.8 -1.52953 -5.27426e-005
0.9 -1.72252 -5.93972e-005
1 -1.91591 -6.60658e-005
0.01 -1.91507 -6.6037e-005
0.02 -1.91265 -6.59536e-005
0.03 -1.90975 -6.58534e-005
0.04 -1.90754 -6.57772e-005
0.05 -1.90628 -6.57337e-005
0.06 -1.90607 -6.57264e-005
0.07 -1.90687 -6.5754e-005
0.08 -1.90853 -6.58115e-005
0.09 -1.91086 -6.58917e-005
0.1 -1.91364 -6.59874e-005
0.11 -1.91669 -6.60928e-005
0.12 -1.91994 -6.62049e-005
0.13 -1.92336 -6.63227e-005
0.14 -1.92699 -6.64481e-005
0.15 -1.93085 -6.65811e-005
0.16 -1.93483 -6.67183e-005
0.17 -1.93879 -6.68548e-005
0.18 -1.94257 -6.69853e-005
0.19 -1.94619 -6.71101e-005
0.2 -1.94973 -6.7232e-005
0.21 -1.95326 -6.73539e-005
0.22 -1.95683 -6.74769e-005
0.23 -1.96046 -6.7602e-005
0.24 -1.96424 -6.77323e-005
0.25 -1.96833 -6.78734e-005
0.26 -1.97289 -6.80309e-005
0.27 -1.97801 -6.82071e-005
0.28 -1.98374 -6.84047e-005
0.29 -1.9901 -6.86243e-005
0.3 -1.99714 -6.8867e-005
0.31 -2.00477 -6.91301e-005
0.32 -2.01271 -6.94037e-005
0.33 -2.02049 -6.96719e-005
0.34 -2.02768 -6.99201e-005
0.35 -2.03411 -7.01419e-005
0.36 -2.03982 -7.03385e-005
0.37 -2.04484 -7.05116e-005
0.38 -2.049 -7.06552e-005
0.39 -2.05202 -7.07592e-005
0.4 -2.05386 -7.08228e-005
0.41 -2.05477 -7.0854e-005
0.42 -2.05506 -7.08642e-005
0.43 -2.05489 -7.08584e-005
0.44 -2.05415 -7.08326e-005
0.45 -2.05274 -7.07841e-005
0.46 -2.05087 -7.07196e-005
0.47 -2.04888 -7.06509e-005
0.48 -2.04699 -7.05858e-005
0.49 -2.04525 -7.05259e-005
0.5 -2.04356 -7.04675e-005
0.51 -2.04171 -7.04038e-005
0.52 -2.03941 -7.03246e-005
0.53 -2.03625 -7.02155e-005
0.54 -2.03192 -7.00664e-005
0.55 -2.02658 -6.98821e-005
0.56 -2.02056 -6.96746e-005
0.57 -2.01394 -6.94461e-005
0.58 -2.00649 -6.91894e-005
0.59 -1.99816 -6.89019e-005
0.6 -1.98916 -6.85918e-005
0.61 -1.97999 -6.82755e-005
0.62 -1.97105 -6.79674e-005
0.63 -1.96233 -6.76667e-005
0.64 -1.95349 -6.73618e-005
0.65 -1.9444 -6.70483e-005
0.66 -1.93534 -6.67359e-005
0.67 -1.92678 -6.64408e-005
0.68 -1.91885 -6.61671e-005
0.69 -1.91121 -6.59038e-005
0.7 -1.9036 -6.56415e-005
0.71 -1.89628 -6.53891e-005
0.72 -1.89005 -6.51741e-005
0.73 -1.8856 -6.50207e-005
0.74 -1.88272 -6.49213e-005
0.75 -1.88028 -6.48371e-005
0.76 -1.87735 -6.47362e-005
0.77 -1.87374 -6.46116e-005
0.78 -1.86954 -6.44669e-005
0.79 -1.86476 -6.4302e-005
0.8 -1.8594 -6.41172e-005
0.81 -1.85382 -6.3925e-005
0.82 -1.84889 -6.37549e-005
0.83 -1.84539 -6.36343e-005
0.84 -1.84338 -6.35649e-005
0.85 -1.84227 -6.35264e-005
0.86 -1.84134 -6.34944e-005
0.87 -1.83992 -6.34457e-005
0.88 -1.8377 -6.3369e-005
0.89 -1.8349 -6.32725e-005
0.9 -1.83221 -6.31798e-005
0.91 -1.83018 -6.31096e-005
0.92 -1.82844 -6.30498e-005
0.93 -1.8259 -6.2962e-005
0.94 -1.82197 -6.28264e-005
0.95 -1.81789 -6.26859e-005
0.96 -1.816 -6.26206e-005
0.97 -1.81734 -6.26668e-005
0.98 -1.82106 -6.27951e-005
0.99 -1.82586 -6.29607e-005
1 -1.83135 -6.31499e-005
1.01 -1.83842 -6.33939e-005
1.02 -1.8481 -6.37274e-005
1.03 -1.85931 -6.4114e-005
1.04 -1.86895 -6.44466e-005
1.05 -1.87481 -6.46485e-005
1.06 -1.87731 -6.47349e-005
1.07 -1.87826 -6.47675e-005
1.08 -1.879 -6.47931e-005
1.09 -1.87986 -6.48229e-005
1.1 -1.88034 -6.48394e-005
1.11 -1.87947 -6.48093e-005
1.12 -1.8763 -6.47001e-005
1.13 -1.87115 -6.45225e-005
1.14 -1.86656 -6.43641e-005
1.15 -1.86568 -6.43339e-005
1.16 -1.86958 -6.44682e-005
1.17 -1.8764 -6.47033e-005
1.18 -1.88261 -6.49176e-005
1.19 -1.88586 -6.50297e-005
1.2 -1.88686 -6.50643e-005
1.21 -1.88803 -6.51043e-005
1.22 -1.89124 -6.52153e-005
1.23 -1.89711 -6.54175e-005
1.24 -1.90489 -6.56857e-005
1.25 -1.91293 -6.5963e-005
1.26 -1.91978 -6.61993e-005
1.27 -1.92482 -6.63732e-005
1.28 -1.92794 -6.64805e-005
1.29 -1.92924 -6.65257e-005
1.3 -1.92872 -6.65077e-005
1.31 -1.92591 -6.64107e-005
1.32 -1.92115 -6.62466e-005
1.33 -1.91672 -6.60937e-005
1.34 -1.91498 -6.60338e-005
1.35 -1.91543 -6.60492e-005
1.36 -1.91491 -6.60315e-005
1.37 -1.91127 -6.5906e-005
1.38 -1.90566 -6.57124e-005
1.39 -1.90161 -6.55728e-005
1.4 -1.90213 -6.55906e-005
1.41 -1.90601 -6.57244e-005
1.42 -1.90725 -6.57671e-005
1.43 -1.9002 -6.55241e-005
1.44 -1.88518 -6.50063e-005
1.45 -1.86845 -6.44294e-005
1.46 -1.85695 -6.40328e-005
1.47 -1.85208 -6.3865e-005
1.48 -1.84888 -6.37544e-005
1.49 -1.84206 -6.35192e-005
1.5 -1.8305 -6.31206e-005
1.51 -1.81505 -6.25878e-005
1.52 -1.79536 -6.19091e-005
1.53 -1.77062 -6.10558e-005
1.54 -1.74203 -6.00702e-005
1.55 -1.7132 -5.90757e-005
1.56 -1.68762 -5.81937e-005
1.57 -1.6672 -5.74898e-005
1.58 -1.65322 -5.70076e-005
1.59 -1.64683 -5.67872e-005
1.6 -1.64768 -5.68167e-005
1.61 -1.65126 -5.69401e-005
1.62 -1.6499 -5.6893e-005
1.63 -1.64037 -5.65644e-005
1.64 -1.62816 -5.61435e-005
1.65 -1.62164 -5.59187e-005
1.66 -1.62408 -5.60029e-005
1.67 -1.63228 -5.62857e-005
1.68 -1.64119 -5.65926e-005
1.69 -1.64903 -5.68631e-005
1.7 -1.65693 -5.71354e-005
1.71 -1.66459 -5.73995e-005
1.72 -1.67041 -5.76005e-005
1.73 -1.67558 -5.77788e-005
1.74 -1.68501 -5.81038e-005
1.75 -1.70406 -5.87606e-005
1.76 -1.73541 -5.98418e-005
1.77 -1.77838 -6.13236e-005
1.78 -1.82884 -6.30634e-005
1.79 -1.879 -6.4793e-005
1.8 -1.92115 -6.62464e-005
1.81 -1.95348 -6.73613e-005
1.82 -1.97996 -6.82744e-005
1.83 -2.0052 -6.91448e-005
1.84 -2.03089 -7.00307e-005
1.85 -2.05584 -7.0891e-005
1.86 -2.07864 -7.16774e-005
1.87 -2.09896 -7.23781e-005
1.88 -2.11534 -7.29427e-005
1.89 -2.12498 -7.32753e-005
1.9 -2.12779 -7.33722e-005
1.91 -2.12717 -7.33506e-005
1.92 -2.12632 -7.33214e-005
1.93 -2.12742 -7.33593e-005
1.94 -2.13322 -7.35594e-005
1.95 -2.14569 -7.39894e-005
1.96 -2.16335 -7.45982e-005
1.97 -2.18137 -7.52196e-005
1.98 -2.19491 -7.56865e-005
1.99 -2.20245 -7.59464e-005
2 -2.20546 -7.60503e-005
2.01 -2.20526 -7.60434e-005
2.02 -2.20071 -7.58866e-005
2.03 -2.18958 -7.55028e-005
2.04 -2.17204 -7.4898e-005
2.05 -2.15067 -7.41611e-005
2.06 -2.12766 -7.33677e-005
2.07 -2.10456 -7.25711e-005
2.08 -2.08297 -7.18265e-005
2.09 -2.06378 -7.11649e-005
2.1 -2.04707 -7.05885e-005
2.11 -2.03224 -7.00771e-005
2.12 -2.01805 -6.95879e-005
2.13 -2.00299 -6.90688e-005
2.14 -1.98495 -6.84465e-005
2.15 -1.96099 -6.76203e-005
2.16 -1.92913 -6.65217e-005
2.17 -1.89206 -6.52435e-005
2.18 -1.85925 -6.41122e-005
2.19 -1.84105 -6.34846e-005
2.2 -1.83908 -6.34167e-005
2.21 -1.84606 -6.36572e-005
2.22 -1.85355 -6.39155e-005
2.23 -1.8574 -6.40484e-005
2.24 -1.85826 -6.40779e-005
2.25 -1.85962 -6.41248e-005
2.26 -1.86618 -6.4351e-005
2.27 -1.88148 -6.48788e-005
2.28 -1.90486 -6.56847e-005
2.29 -1.93274 -6.66463e-005
2.3 -1.96268 -6.76786e-005
2.31 -1.99336 -6.87366e-005
2.32 -2.02251 -6.97418e-005
2.33 -2.0477 -7.06104e-005
2.34 -2.06877 -7.13369e-005
2.35 -2.08792 -7.19974e-005
2.36 -2.10772 -7.26799e-005
2.37 -2.12997 -7.34472e-005
2.38 -2.15509 -7.43136e-005
2.39 -2.18045 -7.5188e-005
2.4 -2.20072 -7.58869e-005
2.41 -2.21011 -7.62106e-005
2.42 -2.20467 -7.60232e-005
2.43 -2.18685 -7.54085e-005
2.44 -2.1669 -7.47206e-005
2.45 -2.1547 -7.43e-005
2.46 -2.15058 -7.41578e-005
2.47 -2.14724 -7.40427e-005
2.48 -2.13847 -7.37405e-005
2.49 -2.12399 -7.3241e-005
2.5 -2.1078 -7.26828e-005
2.51 -2.09448 -7.22233e-005
2.52 -2.08732 -7.19766e-005
2.53 -2.08726 -7.19744e-005
2.54 -2.09139 -7.21167e-005
2.55 -2.09401 -7.22073e-005
2.56 -2.0898 -7.2062e-005
2.57 -2.07662 -7.16076e-005
2.58 -2.05616 -7.09021e-005
2.59 -2.03143 -7.00494e-005
2.6 -2.00426 -6.91123e-005
2.61 -1.97596 -6.81366e-005
2.62 -1.94898 -6.72063e-005
2.63 -1.92521 -6.63865e-005
2.64 -1.90357 -6.56404e-005
2.65 -1.8812 -6.48689e-005
2.66 -1.85622 -6.40077e-005
2.67 -1.83025 -6.3112e-005
2.68 -1.80821 -6.23521e-005
2.69 -1.79424 -6.18705e-005
2.7 -1.78838 -6.16683e-005
2.71 -1.78609 -6.15893e-005
2.72 -1.77973 -6.13699e-005
2.73 -1.76368 -6.08166e-005
2.74 -1.74119 -6.00409e-005
2.75 -1.72337 -5.94266e-005
2.76 -1.71808 -5.92442e-005
2.77 -1.72437 -5.94611e-005
2.78 -1.73986 -5.99953e-005
2.79 -1.7651 -6.08657e-005
2.8 -1.79774 -6.1991e-005
2.81 -1.83019 -6.31101e-005
2.82 -1.85508 -6.39681e-005
2.83 -1.86954 -6.4467e-005
2.84 -1.87604 -6.4691e-005
2.85 -1.8787 -6.47828e-005
2.86 -1.88061 -6.48487e-005
2.87 -1.88536 -6.50126e-005
2.88 -1.89518 -6.5351e-005
2.89 -1.90715 -6.57637e-005
2.9 -1.91625 -6.60777e-005
2.91 -1.9219 -6.62723e-005
2.92 -1.92916 -6.65229e-005
2.93 -1.94378 -6.70268e-005
2.94 -1.96674 -6.78187e-005
2.95 -1.99491 -6.87901e-005
2.96 -2.02517 -6.98336e-005
2.97 -2.05517 -7.08678e-005
2.98 -2.08115 -7.17638e-005
2.99 -2.09789 -7.23409e-005
3 -2.10074 -7.24391e-005
3.01 -2.08764 -7.19876e-005
3.02 -2.05923 -7.1008e-005
3.03 -2.01688 -6.95475e-005
3.04 -1.96272 -6.76801e-005
3.05 -1.90269 -6.56101e-005
3.06 -1.84519 -6.36273e-005
3.07 -1.79329 -6.18376e-005
3.08 -1.74312 -6.01077e-005
3.09 -1.69219 -5.83514e-005
3.1 -1.64426 -5.66986e-005
3.11 -1.60652 -5.53971e-005
3.12 -1.58306 -5.45883e-005
3.13 -1.5707 -5.41621e-005
3.14 -1.56398 -5.39302e-005
3.15 -1.56104 -5.38289e-005
3.16 -1.56189 -5.38582e-005
3.17 -1.56601 -5.40004e-005
3.18 -1.57142 -5.41869e-005
3.19 -1.57267 -5.42299e-005
3.2 -1.56283 -5.38905e-005
3.21 -1.53939 -5.30825e-005
3.22 -1.50668 -5.19545e-005
3.23 -1.47329 -5.08032e-005
3.24 -1.44741 -4.99107e-005
3.25 -1.43376 -4.94399e-005
3.26 -1.43472 -4.9473e-005
3.27 -1.45106 -5.00366e-005
3.28 -1.48051 -5.10521e-005
3.29 -1.51805 -5.23464e-005
3.3 -1.55729 -5.36997e-005
3.31 -1.59159 -5.48823e-005
3.32 -1.61553 -5.5708e-005
3.33 -1.62818 -5.61443e-005
3.34 -1.63522 -5.6387e-005
3.35 -1.64507 -5.67266e-005
3.36 -1.66302 -5.73454e-005
3.37 -1.68978 -5.82681e-005
3.38 -1.72212 -5.93835e-005
3.39 -1.75407 -6.04851e-005
3.4 -1.78126 -6.14226e-005
3.41 -1.80504 -6.22428e-005
3.42 -1.83036 -6.31158e-005
3.43 -1.8607 -6.41621e-005
3.44 -1.89606 -6.53812e-005
3.45 -1.93391 -6.66864e-005
3.46 -1.97239 -6.80134e-005
3.47 -2.0124 -6.93932e-005
3.48 -2.05553 -7.08803e-005
3.49 -2.10113 -7.24526e-005
3.5 -2.14669 -7.40237e-005
3.51 -2.18927 -7.54922e-005
3.52 -2.22529 -7.67341e-005
3.53 -2.25151 -7.76382e-005
3.54 -2.26765 -7.81948e-005
3.55 -2.27766 -7.85399e-005
3.56 -2.28807 -7.88988e-005
3.57 -2.30371 -7.94382e-005
3.58 -2.32393 -8.01355e-005
3.59 -2.34215 -8.07639e-005
3.6 -2.34948 -8.10165e-005
3.61 -2.34118 -8.07302e-005
3.62 -2.32055 -8.0019e-005
3.63 -2.29593 -7.91699e-005
3.64 -2.27243 -7.83598e-005
3.65 -2.24728 -7.74923e-005
3.66 -2.21435 -7.63569e-005
3.67 -2.17052 -7.48455e-005
3.68 -2.11696 -7.29988e-005
3.69 -2.06069 -7.10582e-005
3.7 -2.01463 -6.94701e-005
3.71 -1.99109 -6.86583e-005
3.72 -1.99469 -6.87826e-005
3.73 -2.02072 -6.96801e-005
3.74 -2.05715 -7.09363e-005
3.75 -2.09152 -7.21213e-005
3.76 -2.11837 -7.30471e-005
3.77 -2.13807 -7.37266e-005
3.78 -2.15233 -7.42181e-005
3.79 -2.16422 -7.46283e-005
3.8 -2.17824 -7.51116e-005
3.81 -2.19631 -7.5735e-005
3.82 -2.21406 -7.6347e-005
3.83 -2.22174 -7.66117e-005
3.84 -2.21377 -7.6337e-005
3.85 -2.19795 -7.57913e-005
3.86 -2.18639 -7.53927e-005
3.87 -2.18109 -7.52101e-005
3.88 -2.17616 -7.50401e-005
3.89 -2.16853 -7.47767e-005
3.9 -2.1621 -7.45551e-005
3.91 -2.16296 -7.45847e-005
3.92 -2.17133 -7.48735e-005
3.93 -2.17934 -7.51498e-005
3.94 -2.17613 -7.5039e-005
3.95 -2.15301 -7.42417e-005
3.96 -2.10614 -7.26255e-005
3.97 -2.03877 -7.03025e-005
3.98 -1.95923 -6.75597e-005
3.99 -1.87505 -6.4657e-005
4 -1.79141 -6.17729e-005
4.01 -1.71234 -5.90463e-005
4.02 -1.64108 -5.65891e-005
4.03 -1.58193 -5.45494e-005
4.04 -1.54021 -5.31105e-005
4.05 -1.51844 -5.236e-005
4.06 -1.51317 -5.21784e-005
4.07 -1.51571 -5.22658e-005
4.08 -1.51649 -5.22926e-005
4.09 -1.50713 -5.197e-005
4.1 -1.48085 -5.10637e-005
4.11 -1.43569 -4.95065e-005
4.12 -1.37631 -4.74589e-005
4.13 -1.31088 -4.52026e-005
4.14 -1.24909 -4.30721e-005
4.15 -1.20252 -4.14661e-005
4.16 -1.18197 -4.07574e-005
4.17 -1.19363 -4.11595e-005
4.18 -1.23583 -4.26148e-005
4.19 -1.29722 -4.47318e-005
4.2 -1.36102 -4.69318e-005
4.21 -1.41404 -4.87602e-005
4.22 -1.45164 -5.00564e-005
4.23 -1.47619 -5.0903e-005
4.24 -1.49289 -5.14789e-005
4.25 -1.50457 -5.18818e-005
4.26 -1.51118 -5.21098e-005
4.27 -1.51438 -5.22198e-005
4.28 -1.51771 -5.23349e-005
4.29 -1.52308 -5.25199e-005
4.3 -1.5323 -5.28378e-005
4.31 -1.5503 -5.34587e-005
4.32 -1.58217 -5.45574e-005
4.33 -1.62858 -5.61579e-005
4.34 -1.68498 -5.81027e-005
4.35 -1.74333 -6.01147e-005
4.36 -1.79773 -6.19907e-005
4.37 -1.84991 -6.379e-005
4.38 -1.90589 -6.57203e-005
4.39 -1.96761 -6.78485e-005
4.4 -2.02935 -6.99777e-005
4.41 -2.08128 -7.17682e-005
4.42 -2.11636 -7.29781e-005
4.43 -2.13395 -7.35844e-005
4.44 -2.13705 -7.36915e-005
4.45 -2.12991 -7.34453e-005
4.46 -2.12051 -7.31212e-005
4.47 -2.12084 -7.31325e-005
4.48 -2.13844 -7.37392e-005
4.49 -2.16784 -7.47532e-005
4.5 -2.19305 -7.56225e-005
4.51 -2.19722 -7.5766e-005
4.52 -2.16985 -7.48224e-005
4.53 -2.10884 -7.27185e-005
4.54 -2.01791 -6.95833e-005
4.55 -1.90473 -6.56804e-005
4.56 -1.78278 -6.14751e-005
4.57 -1.66863 -5.75389e-005
4.58 -1.57257 -5.42266e-005
4.59 -1.49405 -5.1519e-005
4.6 -1.4268 -4.92e-005
4.61 -1.3663 -4.71139e-005
4.62 -1.31229 -4.52514e-005
4.63 -1.26628 -4.36649e-005
4.64 -1.22951 -4.23967e-005
4.65 -1.20483 -4.15459e-005
4.66 -1.1992 -4.13519e-005
4.67 -1.21851 -4.20176e-005
4.68 -1.25857 -4.3399e-005
4.69 -1.30451 -4.49831e-005
4.7 -1.33899 -4.61722e-005
4.71 -1.35069 -4.65756e-005
4.72 -1.34025 -4.62155e-005
4.73 -1.32193 -4.55839e-005
4.74 -1.31465 -4.53328e-005
4.75 -1.32946 -4.58434e-005
4.76 -1.36606 -4.71056e-005
4.77 -1.41638 -4.88406e-005
4.78 -1.47134 -5.0736e-005
4.79 -1.5277 -5.26795e-005
4.8 -1.58657 -5.47094e-005
4.81 -1.64902 -5.68627e-005
4.82 -1.71695 -5.92052e-005
4.83 -1.7897 -6.17138e-005
4.84 -1.85592 -6.39972e-005
4.85 -1.9009 -6.55482e-005
4.86 -1.92624 -6.64222e-005
4.87 -1.95151 -6.72936e-005
4.88 -1.99384 -6.87531e-005
4.89 -2.05166 -7.07469e-005
4.9 -2.10858 -7.27096e-005
4.91 -2.1518 -7.42e-005
4.92 -2.18517 -7.53508e-005
4.93 -2.22369 -7.66789e-005
4.94 -2.27989 -7.8617e-005
4.95 -2.35662 -8.12627e-005
4.96 -2.44467 -8.4299e-005
4.97 -2.52448 -8.70511e-005
4.98 -2.57718 -8.88684e-005
4.99 -2.60014 -8.966e-005
5 -2.60809 -8.99343e-005
5.01 -2.61729 -9.02514e-005
5.02 -2.6314 -9.07379e-005
5.03 -2.64292 -9.1135e-005
5.04 -2.64449 -9.11894e-005
5.05 -2.63829 -9.09754e-005
5.06 -2.63662 -9.0918e-005
5.07 -2.6536 -9.15035e-005
5.08 -2.69394 -9.28946e-005
5.09 -2.75153 -9.48802e-005
5.1 -2.81806 -9.71744e-005
5.11 -2.88744 -9.9567e-005
5.12 -2.95465 -0.000101884
5.13 -3.01883 -0.000104098
5.14 -3.08419 -0.000106351
5.15 -3.15083 -0.000108649
5.16 -3.21068 -0.000110713
5.17 -3.25662 -0.000112297
5.18 -3.28928 -0.000113423
5.19 -3.31417 -0.000114282
5.2 -3.33531 -0.000115011
5.21 -3.35041 -0.000115532
5.22 -3.35152 -0.00011557
5.23 -3.32889 -0.000114789
5.24 -3.27736 -0.000113012
5.25 -3.20101 -0.00011038
5.26 -3.10878 -0.000107199
5.27 -3.00628 -0.000103665
5.28 -2.8956 -9.98482e-005
5.29 -2.78135 -9.59085e-005
5.3 -2.67102 -9.21041e-005
5.31 -2.57034 -8.86324e-005
5.32 -2.48056 -8.55364e-005
5.33 -2.3965 -8.26381e-005
5.34 -2.30618 -7.95236e-005
5.35 -2.19316 -7.56262e-005
5.36 -2.04208 -7.04164e-005
5.37 -1.85195 -6.38602e-005
5.38 -1.64402 -5.66904e-005
5.39 -1.44374 -4.97841e-005
5.4 -1.2575 -4.33622e-005
5.41 -1.07662 -3.71247e-005
5.42 -0.897277 -3.09406e-005
5.43 -0.73045 -2.51879e-005
5.44 -0.590165 -2.03505e-005
5.45 -0.474158 -1.63503e-005
5.46 -0.360159 -1.24193e-005
5.47 -0.228503 -7.87942e-006
5.48 -0.077258 -2.66407e-006
5.49 0.0827498 2.85344e-006
5.5 0.229976 7.93021e-006
5.51 0.339876 1.17199e-005
5.52 0.394856 1.36157e-005
5.53 0.394087 1.35892e-005
5.54 0.347938 1.19979e-005
5.55 0.267563 9.22632e-006
5.56 0.157632 5.4356e-006
5.57 0.0194033 6.69081e-007
5.58 -0.139016 -4.79367e-006
5.59 -0.301318 -1.03903e-005
5.6 -0.455867 -1.57196e-005
5.61 -0.604834 -2.08563e-005
5.62 -0.756374 -2.60818e-005
5.63 -0.911123 -3.1418e-005
5.64 -1.06176 -3.66125e-005
5.65 -1.20431 -4.15279e-005
5.66 -1.34366 -4.63331e-005
5.67 -1.48688 -5.12719e-005
5.68 -1.634 -5.63447e-005
5.69 -1.77844 -6.13256e-005
5.7 -1.9161 -6.60724e-005
5.71 -2.05063 -7.07114e-005
5.72 -2.18854 -7.5467e-005
5.73 -2.32934 -8.03222e-005
5.74 -2.46273 -8.49218e-005
5.75 -2.57737 -8.88747e-005
5.76 -2.67097 -9.21025e-005
5.77 -2.75191 -9.48935e-005
5.78 -2.83193 -9.76528e-005
5.79 -2.9217 -0.000100748
5.8 -3.0297 -0.000104473
5.81 -3.15708 -0.000108865
5.82 -3.29246 -0.000113533
5.83 -3.41603 -0.000117794
5.84 -3.51353 -0.000121156
5.85 -3.58398 -0.000123585
5.86 -3.63218 -0.000125247
5.87 -3.66206 -0.000126278
5.88 -3.67754 -0.000126812
5.89 -3.67959 -0.000126882
5.9 -3.66099 -0.000126241
5.91 -3.61151 -0.000124535
5.92 -3.52525 -0.00012156
5.93 -3.39969 -0.000117231
5.94 -3.23357 -0.000111502
5.95 -3.03151 -0.000104535
5.96 -2.81006 -9.68987e-005
5.97 -2.59107 -8.93472e-005
5.98 -2.38709 -8.23134e-005
5.99 -2.19773 -7.57837e-005
6 -2.01918 -6.96268e-005
6.01 -1.85069 -6.3817e-005
6.02 -1.68777 -5.81991e-005
6.03 -1.5146 -5.22277e-005
6.04 -1.31202 -4.52422e-005
6.05 -1.0743 -3.70447e-005
6.06 -0.817379 -2.81855e-005
6.07 -0.566485 -1.9534e-005
6.08 -0.33865 -1.16776e-005
6.09 -0.143396 -4.94468e-006
6.1 0.0147732 5.0942e-007
6.11 0.140192 4.8342e-006
6.12 0.246229 8.49065e-006
6.13 0.347579 1.19855e-005
6.14 0.455507 1.57071e-005
6.15 0.579361 1.9978e-005
6.16 0.724693 2.49894e-005
6.17 0.886978 3.05854e-005
6.18 1.0542 3.63519e-005
6.19 1.21454 4.18806e-005
6.2 1.36526 4.70778e-005
6.21 1.51528 5.22512e-005
6.22 1.67738 5.78406e-005
6.23 1.85382 6.3925e-005
6.24 2.0267 6.98862e-005
6.25 2.1648 7.46484e-005
6.26 2.23459 7.70548e-005
6.27 2.20878 7.61647e-005
6.28 2.07674 7.16117e-005
6.29 1.85564 6.39877e-005
6.3 1.58823 5.47664e-005
6.31 1.31428 4.53201e-005
6.32 1.03736 3.57711e-005
6.33 0.72003 2.48286e-005
6.34 0.311195 1.07309e-005
6.35 -0.21506 -7.41586e-006
6.36 -0.837291 -2.88721e-005
6.37 -1.49321 -5.14901e-005
6.38 -2.1087 -7.2714e-005
6.39 -2.63823 -9.09734e-005
6.4 -3.08409 -0.000106348
6.41 -3.46961 -0.000119642
6.42 -3.79793 -0.000130963
6.43 -4.04438 -0.000139461
6.44 -4.17438 -0.000143944
6.45 -4.16332 -0.000143563
6.46 -4.00753 -0.000138191
6.47 -3.72763 -0.000128539
6.48 -3.36462 -0.000116021
6.49 -2.96526 -0.00010225
6.5 -2.56943 -8.86011e-005
6.51 -2.21367 -7.63335e-005
6.52 -1.93886 -6.68573e-005
6.53 -1.78552 -6.15697e-005
6.54 -1.78056 -6.13987e-005
6.55 -1.92502 -6.638e-005
6.56 -2.19038 -7.55302e-005
6.57 -2.53662 -8.74695e-005
6.58 -2.93256 -0.000101123
6.59 -3.36331 -0.000115976
6.6 -3.82902 -0.000132035
6.61 -4.3348 -0.000149476
6.62 -4.87766 -0.000168195
6.63 -5.44329 -0.0001877
6.64 -5.99659 -0.000206779
6.65 -6.49984 -0.000224132
6.66 -6.91526 -0.000238457
6.67 -7.21629 -0.000248838
6.68 -7.38745 -0.00025474
6.69 -7.41975 -0.000255854
6.7 -7.30362 -0.000251849
6.71 -7.0286 -0.000242366
6.72 -6.59394 -0.000227377
6.73 -6.02024 -0.000207595
6.74 -5.35185 -0.000184547
6.75 -4.65289 -0.000160444
6.76 -3.99042 -0.000137601
6.77 -3.40966 -0.000117574
6.78 -2.93251 -0.000101121
6.79 -2.57476 -8.87849e-005
6.8 -2.35341 -8.11521e-005
6.81 -2.27611 -7.84864e-005
6.82 -2.32698 -8.02408e-005
6.83 -2.47278 -8.52683e-005
6.84 -2.67514 -9.22463e-005
6.85 -2.8981 -9.99346e-005
6.86 -3.1061 -0.000107107
6.87 -3.26529 -0.000112596
6.88 -3.35606 -0.000115726
6.89 -3.38012 -0.000116556
6.9 -3.35167 -0.000115575
6.91 -3.28411 -0.000113245
6.92 -3.19304 -0.000110105
6.93 -3.11097 -0.000107275
6.94 -3.08378 -0.000106337
6.95 -3.14261 -0.000108366
6.96 -3.28367 -0.00011323
6.97 -3.48141 -0.000120049
6.98 -3.7091 -0.0001279
6.99 -3.95364 -0.000136332
7 -4.19925 -0.000144802
7.01 -4.40925 -0.000152043
7.02 -4.53356 -0.00015633
7.03 -4.53388 -0.000156341
7.04 -4.39586 -0.000151582
7.05 -4.11908 -0.000142037
7.06 -3.70314 -0.000127695
7.07 -3.14236 -0.000108357
7.08 -2.43788 -8.40647e-005
7.09 -1.61276 -5.56125e-005
7.1 -0.712962 -2.45849e-005
7.11 0.195386 6.73745e-006
7.12 1.0346 3.5676e-005
7.13 1.74915 6.03156e-005
7.14 2.304 7.94482e-005
7.15 2.68448 9.25683e-005
7.16 2.88915 9.96258e-005
7.17 2.92673 0.000100922
7.18 2.81353 9.70184e-005
7.19 2.56694 8.85153e-005
7.2 2.19475 7.5681e-005
7.21 1.69586 5.84781e-005
7.22 1.08017 3.72474e-005
7.23 0.376143 1.29705e-005
7.24 -0.372264 -1.28367e-005
7.25 -1.11304 -3.83807e-005
7.26 -1.79102 -6.17594e-005
7.27 -2.3529 -8.11345e-005
7.28 -2.76013 -9.51768e-005
7.29 -3.00246 -0.000103533
7.3 -3.09316 -0.000106661
7.31 -3.04911 -0.000105142
7.32 -2.88457 -9.94678e-005
7.33 -2.62662 -9.05731e-005
7.34 -2.32319 -8.01099e-005
7.35 -2.0251 -6.9831e-005
7.36 -1.7618 -6.07516e-005
7.37 -1.5391 -5.30726e-005
7.38 -1.36169 -4.69547e-005
7.39 -1.25473 -4.32667e-005
7.4 -1.26025 -4.34569e-005
7.41 -1.4158 -4.88208e-005
7.42 -1.73668 -5.98855e-005
7.43 -2.21381 -7.63383e-005
7.44 -2.83077 -9.76128e-005
7.45 -3.56924 -0.000123077
7.46 -4.39029 -0.000151389
7.47 -5.22741 -0.000180256
7.48 -5.98138 -0.000206255
7.49 -6.57276 -0.000226647
7.5 -6.97917 -0.000240661
7.51 -7.23908 -0.000249623
7.52 -7.40744 -0.000255429
7.53 -7.51588 -0.000259168
7.54 -7.56631 -0.000260907
7.55 -7.55292 -0.000260446
7.56 -7.485 -0.000258104
7.57 -7.38564 -0.000254677
7.58 -7.26472 -0.000250508
7.59 -7.10368 -0.000244954
7.6 -6.88326 -0.000237354
7.61 -6.61916 -0.000228247
7.62 -6.35858 -0.000219262
7.63 -6.14208 -0.000211796
7.64 -5.96577 -0.000205716
7.65 -5.78117 -0.000199351
7.66 -5.52668 -0.000190575
7.67 -5.16219 -0.000178007
7.68 -4.69461 -0.000161883
7.69 -4.17438 -0.000143944
7.7 -3.65906 -0.000126175
7.71 -3.17972 -0.000109645
7.72 -2.73125 -9.41811e-005
7.73 -2.29466 -7.91262e-005
7.74 -1.85023 -6.3801e-005
7.75 -1.37268 -4.73338e-005
7.76 -0.828926 -2.85837e-005
7.77 -0.192333 -6.63216e-006
7.78 0.513213 1.7697e-005
7.79 1.2343 4.25622e-005
7.8 1.89994 6.55152e-005
7.81 2.46177 8.48887e-005
7.82 2.90724 0.00010025
7.83 3.25646 0.000112292
7.84 3.54346 0.000122188
7.85 3.78705 0.000130588
7.86 3.9883 0.000137528
7.87 4.1346 0.000142572
7.88 4.20174 0.000144888
7.89 4.16215 0.000143522
7.9 4.00783 0.000138201
7.91 3.76068 0.000129679
7.92 3.46899 0.00011962
7.93 3.19175 0.00011006
7.94 2.97485 0.000102581
7.95 2.83008 9.7589e-005
7.96 2.73183 9.42011e-005
7.97 2.63532 9.0873e-005
7.98 2.50076 8.6233e-005
7.99 2.31492 7.98248e-005
8 2.09736 7.23226e-005
8.01 1.87896 6.47919e-005
8.02 1.67319 5.7696e-005
8.03 1.46904 5.06566e-005
8.04 1.24527 4.29403e-005
8.05 0.984351 3.39431e-005
8.06 0.671181 2.31442e-005
8.07 0.286489 9.87893e-006
8.08 -0.180799 -6.23445e-006
8.09 -0.707219 -2.43868e-005
8.1 -1.23199 -4.24824e-005
8.11 -1.69079 -5.83031e-005
8.12 -2.05229 -7.07685e-005
8.13 -2.32414 -8.01427e-005
8.14 -2.53597 -8.74473e-005
8.15 -2.7169 -9.36863e-005
8.16 -2.88251 -9.93969e-005
8.17 -3.04007 -0.00010483
8.18 -3.19756 -0.000110261
8.19 -3.36273 -0.000115956
8.2 -3.5379 -0.000121997
8.21 -3.71869 -0.000128231
8.22 -3.89532 -0.000134321
8.23 -4.05494 -0.000139825
8.24 -4.18399 -0.000144276
8.25 -4.26892 -0.000147204
8.26 -4.29938 -0.000148255
8.27 -4.27466 -0.000147402
8.28 -4.20205 -0.000144898
8.29 -4.08959 -0.00014102
8.3 -3.94167 -0.00013592
8.31 -3.76674 -0.000129887
8.32 -3.57946 -0.00012343
8.33 -3.39759 -0.000117158
8.34 -3.23822 -0.000111663
8.35 -3.11949 -0.000107569
8.36 -3.05336 -0.000105288
8.37 -3.04129 -0.000104872
8.38 -3.05613 -0.000105384
8.39 -3.04872 -0.000105128
8.4 -2.95383 -0.000101856
8.41 -2.73276 -9.4233e-005
8.42 -2.36609 -8.15892e-005
8.43 -1.85215 -6.38674e-005
8.44 -1.21326 -4.18367e-005
8.45 -0.461568 -1.59161e-005
8.46 0.369781 1.27511e-005
8.47 1.25136 4.31504e-005
8.48 2.13181 7.35108e-005
8.49 2.94441 0.000101531
8.5 3.61148 0.000124534
8.51 4.0623 0.000140079
8.52 4.26782 0.000147166
8.53 4.24542 0.000146394
8.54 4.04285 0.000139408
8.55 3.70913 0.000127901
8.56 3.28261 0.000113193
8.57 2.79508 9.63819e-005
8.58 2.27542 7.84628e-005
8.59 1.75215 6.04191e-005
8.6 1.25362 4.32282e-005
8.61 0.7893 2.72172e-005
8.62 0.356212 1.22832e-005
8.63 -0.0470451 -1.62224e-006
8.64 -0.41472 -1.43007e-005
8.65 -0.737726 -2.54388e-005
8.66 -1.01295 -3.49295e-005
8.67 -1.23923 -4.2732e-005
8.68 -1.41884 -4.89257e-005
8.69 -1.55733 -5.37012e-005
8.7 -1.66919 -5.75584e-005
8.71 -1.77812 -6.13143e-005
8.72 -1.91516 -6.60398e-005
8.73 -2.10185 -7.24776e-005
8.74 -2.34233 -8.07699e-005
8.75 -2.63441 -9.08417e-005
8.76 -2.97741 -0.000102669
8.77 -3.37651 -0.000116432
8.78 -3.83173 -0.000132129
8.79 -4.34801 -0.000149931
8.8 -4.93033 -0.000170011
8.81 -5.56384 -0.000191856
8.82 -6.2376 -0.00021509
8.83 -6.93596 -0.000239171
8.84 -7.63072 -0.000263128
8.85 -8.30354 -0.000286329
8.86 -8.97292 -0.000309411
8.87 -9.65886 -0.000333064
8.88 -10.3337 -0.000356334
8.89 -10.9622 -0.000378006
8.9 -11.5236 -0.000397366
8.91 -12.0245 -0.000414637
8.92 -12.4826 -0.000430433
8.93 -12.9178 -0.00044544
8.94 -13.3372 -0.000459904
8.95 -13.7314 -0.000473496
8.96 -14.0806 -0.000485537
8.97 -14.3603 -0.000495183
8.98 -14.5471 -0.000501623
8.99 -14.6271 -0.000504381
9 -14.6034 -0.000503565
9.01 -14.4914 -0.000499705
9.02 -14.2937 -0.000492885
9.03 -14.0031 -0.000482865
9.04 -13.6028 -0.000469063
9.05 -13.0546 -0.000450157
9.06 -12.335 -0.000425344
9.07 -11.4074 -0.000393357
9.08 -10.2725 -0.000354226
9.09 -8.91088 -0.000307272
9.1 -7.36248 -0.000253878
9.11 -5.70465 -0.000196712
9.12 -4.01629 -0.000138493
9.13 -2.3852 -8.22483e-005
9.14 -0.875516 -3.01902e-005
9.15 0.500713 1.7266e-005
9.16 1.77801 6.13107e-005
9.17 2.94518 0.000101558
9.18 4.01531 0.000138459
9.19 4.9399 0.000170341
9.2 5.74039 0.000197944
9.21 6.44518 0.000222248
9.22 7.11969 0.000245507
9.23 7.82267 0.000269747
9.24 8.55569 0.000295024
9.25 9.32967 0.000321713
9.26 10.0877 0.000347852
9.27 10.8191 0.000373072
9.28 11.5532 0.000398387
9.29 12.3449 0.000425687
9.3 13.2076 0.000455436
9.31 14.1502 0.000487938
9.32 15.1551 0.000522591
9.33 16.2028 0.000558716
9.34 17.2288 0.000594095
9.35 18.1674 0.000626463
9.36 18.9675 0.00065405
9.37 19.5957 0.000675713
9.38 20.0081 0.000689934
9.39 20.1578 0.000695098
9.4 20.0215 0.000690395
9.41 19.5942 0.000675661
9.42 18.8677 0.000650609
9.43 17.8345 0.000614983
9.44 16.4928 0.000568717
9.45 14.8477 0.000511989
9.46 12.9363 0.000446079
9.47 10.8213 0.000373149
9.48 8.57241 0.0002956
9.49 6.25518 0.000215696
9.5 3.93186 0.000135581
9.51 1.66175 5.73017e-005
9.52 -0.503623 -1.73663e-005
9.53 -2.37091 -8.17556e-005
9.54 -4.07286 -0.000140443
9.55 -5.60309 -0.00019321
9.56 -6.9176 -0.000238538
9.57 -8.05681 -0.000277821
9.58 -9.08554 -0.000313294
9.59 -10.064 -0.000347034
9.6 -11.034 -0.000380483
9.61 -12.0348 -0.000414993
9.62 -13.0952 -0.000451559
9.63 -14.2549 -0.000491548
9.64 -15.502 -0.000534551
9.65 -16.798 -0.000579241
9.66 -18.0471 -0.000622315
9.67 -19.1779 -0.000661307
9.68 -20.1942 -0.000696351
9.69 -21.1065 -0.000727812
9.7 -21.9029 -0.000755271
9.71 -22.5645 -0.000778086
9.72 -23.0666 -0.0007954
9.73 -23.4123 -0.000807322
9.74 -23.6027 -0.000813888
9.75 -23.6398 -0.000815166
9.76 -23.5512 -0.000812111
9.77 -23.3972 -0.000806801
9.78 -23.2495 -0.000801707
9.79 -23.1525 -0.000798361
9.8 -23.1003 -0.000796563
9.81 -23.0378 -0.000794408
9.82 -22.8862 -0.000789179
9.83 -22.5799 -0.000778619
9.84 -22.0767 -0.000761266
9.85 -21.36 -0.000736553
9.86 -20.437 -0.000704726
9.87 -19.3238 -0.00066634
9.88 -18.0335 -0.000621845
9.89 -16.5836 -0.000571848
9.9 -14.9971 -0.00051714
9.91 -13.295 -0.00045845
9.92 -11.487 -0.000396105
9.93 -9.57502 -0.000330173
9.94 -7.56161 -0.000260746
9.95 -5.42398 -0.000187034
9.96 -3.21383 -0.000110822
9.97 -0.925569 -3.19165e-005
9.98 1.43925 4.96288e-005
9.99 3.84485 0.000132581
10 6.22144 0.000214532
