0.1 -5.62815e-006 3.0108e-022 1.13932e-022 -1.23976e-011 -1.23976e-011
0.2 -1.12631e-005 1.27731e-021 4.20849e-022 -2.4765e-011 -2.4765e-011
0.3 -1.6905e-005 2.24121e-021 8.23026e-022 -3.7102e-011 -3.7102e-011
0.4 -2.25537e-005 3.52407e-021 1.24681e-021 -4.94081e-011 -4.94081e-011
0.5 -2.82093e-005 4.26867e-021 1.63145e-021 -6.16831e-011 -6.16831e-011
0.6 -3.38719e-005 4.68448e-021 1.86663e-021 -7.39266e-011 -7.39266e-011
0.7 -3.95414e-005 5.83007e-021 2.29213e-021 -8.61383e-011 -8.61383e-011
0.8 -4.5218e-005 7.36596e-021 2.47955e-021 -9.83179e-011 -9.83179e-011
0.9 -5.09177e-005 8.2052e-021 3.35273e-021 -1.11715e-010 -1.11715e-010
1 -5.66424e-005 1.30831e-020 4.64204e-021 -1.27333e-010 -1.27333e-010
0.01 -5.66423e-005 2.27671e-012 9.35486e-013 -1.2671e-010 -1.2671e-010
0.02 -5.66422e-005 2.22062e-013 -1.03691e-012 -1.23372e-010 -1.23372e-010
0.03 -5.66422e-005 -8.17087e-013 -7.8423e-013 -1.15501e-010 -1.15501e-010
0.04 -5.6642e-005 -1.75012e-012 -4.53579e-013 -1.04713e-010 -1.04713e-010
0.05 -5.66419e-005 3.27658e-012 1.28642e-012 -9.5308e-011 -9.5308e-011
0.06 -5.66421e-005 -1.9487e-012 -1.36071e-012 -9.02457e-011 -9.02457e-011
0.07 -5.66425e-005 1.28295e-012 1.35795e-012 -8.94129e-011 -8.94129e-011
0.08 -5.66433e-005 -4.73744e-013 -1.15836e-012 -9.13678e-011 -9.13678e-011
0.09 -5.66446e-005 -5.39852e-015 2.52942e-012 -9.52293e-011 -9.52293e-011
0.1 -5.66464e-005 7.63421e-013 -2.89327e-012 -1.00395e-010 -1.00395e-010
0.11 -5.6649e-005 3.15812e-012 -2.86651e-012 -1.0523e-010 -1.0523e-010
0.12 -5.66525e-005 1.97475e-012 -2.85436e-012 -1.07137e-010 -1.07137e-010
0.13 -5.66568e-005 6.42826e-013 6.19208e-013 -1.04406e-010 -1.04406e-010
0.14 -5.66619e-005 -7.15687e-012 5.10997e-012 -9.80427e-011 -9.80427e-011
0.15 -5.66681e-005 -6.02261e-013 1.68447e-012 -9.18118e-011 -9.18118e-011
0.16 -5.66747e-005 -1.74004e-011 -1.19543e-012 -9.03843e-011 -9.03843e-011
0.17 -5.66817e-005 -7.42273e-012 2.85416e-013 -9.69541e-011 -9.69541e-011
0.18 -5.66886e-005 4.47159e-012 -1.80753e-013 -1.12031e-010 -1.12031e-010
0.19 -5.66952e-005 -5.46509e-012 8.4225e-013 -1.34237e-010 -1.34237e-010
0.2 -5.67013e-005 4.98208e-013 1.89383e-013 -1.6242e-010 -1.6242e-010
0.21 -5.67066e-005 -2.97872e-013 -1.14651e-013 -1.97247e-010 -1.97247e-010
0.22 -5.6711e-005 -6.28695e-012 8.95038e-012 -2.40816e-010 -2.40816e-010
0.23 -5.67148e-005 -2.68285e-012 3.47696e-012 -2.94727e-010 -2.94727e-010
0.24 -5.67179e-005 1.47539e-012 -2.0728e-012 -3.58311e-010 -3.58311e-010
0.25 -5.67203e-005 -1.06254e-012 1.19751e-012 -4.28316e-010 -4.28316e-010
0.26 -5.67223e-005 3.51851e-013 -7.11621e-013 -5.00025e-010 -5.00025e-010
0.27 -5.67239e-005 -4.08415e-013 4.58528e-013 -5.68558e-010 -5.68558e-010
0.28 -5.67254e-005 4.0386e-013 -2.1625e-013 -6.29475e-010 -6.29475e-010
0.29 -5.67268e-005 -1.88116e-013 1.74358e-013 -6.79034e-010 -6.79034e-010
0.3 -5.67284e-005 -7.28307e-014 7.23788e-015 -7.14659e-010 -7.14659e-010
0.31 -5.67306e-005 -1.67564e-013 -2.20274e-014 -7.35634e-010 -7.35634e-010
0.32 -5.67333e-005 -1.45827e-013 -5.93291e-014 -7.43343e-010 -7.43343e-010
0.33 -5.67364e-005 -4.52668e-014 1.81571e-014 -7.40373e-010 -7.40373e-010
0.34 -5.67397e-005 1.49378e-013 4.88168e-014 -7.28998e-010 -7.28998e-010
0.35 -5.6743e-005 -8.6283e-012 -3.67878e-012 -7.10504e-010 -7.10504e-010
0.36 -5.6746e-005 -3.35025e-012 -1.38639e-012 -6.85928e-010 -6.85928e-010
0.37 -5.67485e-005 3.54829e-012 1.06784e-013 -6.57292e-010 -6.57292e-010
0.38 -5.67501e-005 -3.79353e-012 -2.62604e-012 -6.28087e-010 -6.28087e-010
0.39 -5.67507e-005 1.7041e-012 2.24312e-012 -6.02696e-010 -6.02696e-010
0.4 -5.67499e-005 -9.99351e-013 -4.4735e-013 -5.85363e-010 -5.85363e-010
0.41 -5.67477e-005 6.14057e-013 8.46471e-013 -5.79346e-010 -5.79346e-010
0.42 -5.67441e-005 -3.90289e-013 -6.43735e-013 -5.86348e-010 -5.86348e-010
0.43 -5.67391e-005 2.85321e-013 4.73389e-013 -6.0597e-010 -6.0597e-010
0.44 -5.67329e-005 -1.7886e-013 -3.29018e-013 -6.35408e-010 -6.35408e-010
0.45 -5.67256e-005 1.78705e-013 3.28367e-013 -6.6997e-010 -6.6997e-010
0.46 -5.67176e-005 -1.41456e-013 -3.26886e-013 -7.04505e-010 -7.04505e-010
0.47 -5.67092e-005 1.70092e-013 4.16872e-013 -7.34894e-010 -7.34894e-010
0.48 -5.67007e-005 -1.84055e-013 -5.20218e-013 -7.58484e-010 -7.58484e-010
0.49 -5.66924e-005 2.66605e-013 7.09835e-013 -7.73306e-010 -7.73306e-010
0.5 -5.66845e-005 -5.95908e-014 -4.74727e-013 -7.77095e-010 -7.77095e-010
0.51 -5.66769e-005 1.48406e-013 6.99595e-013 -7.67205e-010 -7.67205e-010
0.52 -5.66698e-005 -5.14312e-014 -6.08247e-013 -7.41308e-010 -7.41308e-010
0.53 -5.66629e-005 5.70927e-014 9.2219e-013 -6.98086e-010 -6.98086e-010
0.54 -5.66558e-005 2.58e-015 -1.11253e-012 -6.37686e-010 -6.37686e-010
0.55 -5.6648e-005 -6.33459e-016 1.44442e-012 -5.62231e-010 -5.62231e-010
0.56 -5.66395e-005 3.81167e-014 -1.74474e-012 -4.76052e-010 -4.76052e-010
0.57 -5.663e-005 -1.51526e-013 2.37991e-012 -3.84818e-010 -3.84818e-010
0.58 -5.66197e-005 3.80057e-013 -2.52276e-012 -2.93872e-010 -2.93872e-010
0.59 -5.66083e-005 -5.56299e-013 2.90833e-012 -2.07372e-010 -2.07372e-010
0.6 -5.65958e-005 8.08369e-013 -2.81347e-012 -1.28778e-010 -1.28778e-010
0.61 -5.65823e-005 -9.32912e-013 2.69013e-012 -6.13066e-011 -6.13066e-011
0.62 -5.6568e-005 1.22689e-012 -2.64558e-012 -7.18733e-012 -7.18733e-012
0.63 -5.6553e-005 -1.26801e-012 2.3669e-012 3.327e-011 3.327e-011
0.64 -5.65376e-005 1.25253e-012 -1.97764e-012 6.12713e-011 6.12713e-011
0.65 -5.65221e-005 -1.10235e-012 1.7523e-012 7.82234e-011 7.82234e-011
0.66 -5.65074e-005 1.06444e-012 -1.58907e-012 8.52528e-011 8.52528e-011
0.67 -5.64946e-005 -9.13517e-013 1.51263e-012 8.38256e-011 8.38256e-011
0.68 -5.64841e-005 5.6945e-013 -8.67626e-013 7.63607e-011 7.63607e-011
0.69 -5.64762e-005 -1.90298e-013 3.61558e-013 6.64335e-011 6.64335e-011
0.7 -5.6471e-005 1.1909e-013 -1.25187e-013 5.82701e-011 5.82701e-011
0.71 -5.64682e-005 1.19006e-013 -1.44488e-013 5.51399e-011 5.51399e-011
0.72 -5.64676e-005 -5.01242e-014 6.90339e-013 5.74419e-011 5.74419e-011
0.73 -5.64694e-005 1.17362e-013 -1.96243e-014 6.23267e-011 6.23267e-011
0.74 -5.64734e-005 -3.55875e-013 3.98562e-013 6.59238e-011 6.59238e-011
0.75 -5.64791e-005 7.98661e-013 -6.8827e-013 6.65068e-011 6.65068e-011
0.76 -5.64861e-005 -1.04446e-012 9.94256e-013 6.53476e-011 6.53476e-011
0.77 -5.64939e-005 1.36491e-012 -1.08999e-012 6.42862e-011 6.42862e-011
0.78 -5.65017e-005 -1.2721e-012 9.9216e-013 6.28482e-011 6.28482e-011
0.79 -5.65086e-005 1.08013e-012 -8.91559e-013 5.82474e-011 5.82474e-011
0.8 -5.65145e-005 -2.65831e-013 4.2828e-013 4.80063e-011 4.80063e-011
0.81 -5.65192e-005 1.38293e-013 -2.13506e-014 3.1853e-011 3.1853e-011
0.82 -5.65232e-005 -7.05369e-015 -3.63584e-013 1.07349e-011 1.07349e-011
0.83 -5.65271e-005 7.08767e-014 3.1786e-013 -1.52052e-011 -1.52052e-011
0.84 -5.6531e-005 -2.0666e-014 -2.59082e-013 -4.63211e-011 -4.63211e-011
0.85 -5.65349e-005 5.01999e-014 2.91483e-013 -8.09546e-011 -8.09546e-011
0.86 -5.65382e-005 -2.52619e-014 -3.2869e-013 -1.14229e-010 -1.14229e-010
0.87 -5.65407e-005 1.40224e-013 7.15036e-013 -1.39852e-010 -1.39852e-010
0.88 -5.65426e-005 -1.6073e-013 -9.06181e-013 -1.53189e-010 -1.53189e-010
0.89 -5.65439e-005 2.41241e-013 1.08282e-012 -1.53767e-010 -1.53767e-010
0.9 -5.65448e-005 -1.51745e-013 -8.06394e-013 -1.46405e-010 -1.46405e-010
0.91 -5.65451e-005 1.6634e-013 8.20411e-013 -1.39599e-010 -1.39599e-010
0.92 -5.65446e-005 -2.6207e-013 -1.19948e-012 -1.40607e-010 -1.40607e-010
0.93 -5.65428e-005 3.40273e-013 1.7482e-012 -1.50609e-010 -1.50609e-010
0.94 -5.65391e-005 5.99523e-014 -8.91099e-013 -1.65294e-010 -1.65294e-010
0.95 -5.65333e-005 1.11707e-013 8.44151e-013 -1.81327e-010 -1.81327e-010
0.96 -5.65256e-005 -3.31839e-014 -3.62175e-013 -2.01728e-010 -2.01728e-010
0.97 -5.65166e-005 4.81304e-014 2.70308e-013 -2.3323e-010 -2.3323e-010
0.98 -5.65072e-005 -1.00536e-014 -8.16199e-014 -2.779e-010 -2.779e-010
0.99 -5.64979e-005 3.27004e-014 9.17017e-014 -3.28995e-010 -3.28995e-010
1 -5.64888e-005 6.94314e-015 -1.27164e-014 -3.76343e-010 -3.76343e-010
1.01 -5.64808e-005 2.24607e-014 5.01906e-014 -4.14442e-010 -4.14442e-010
1.02 -5.64749e-005 5.32325e-014 9.01363e-014 -4.43392e-010 -4.43392e-010
1.03 -5.64719e-005 1.5589e-013 2.98322e-013 -4.62444e-010 -4.62444e-010
1.04 -5.64713e-005 -1.53376e-013 -3.5729e-013 -4.64697e-010 -4.64697e-010
1.05 -5.6473e-005 6.85693e-013 1.25796e-012 -4.39772e-010 -4.39772e-010
1.06 -5.6477e-005 -7.51611e-013 -1.53266e-012 -3.82462e-010 -3.82462e-010
1.07 -5.64833e-005 1.03938e-012 2.36933e-012 -2.98981e-010 -2.98981e-010
1.08 -5.64915e-005 3.64262e-014 -5.03971e-013 -2.04807e-010 -2.04807e-010
1.09 -5.65004e-005 1.82552e-014 8.31702e-013 -1.15982e-010 -1.15982e-010
1.1 -5.65093e-005 4.52102e-014 -1.2514e-012 -4.08778e-011 -4.08778e-011
1.11 -5.65173e-005 -1.53085e-013 1.66744e-012 2.12888e-011 2.12888e-011
1.12 -5.65227e-005 4.22417e-013 -2.2003e-012 7.40834e-011 7.40834e-011
1.13 -5.65233e-005 2.58095e-012 -4.8974e-012 1.15664e-010 1.15664e-010
1.14 -5.65186e-005 1.48329e-012 2.58306e-012 1.37154e-010 1.37154e-010
1.15 -5.65094e-005 -7.64149e-013 4.45506e-012 1.29097e-010 1.29097e-010
1.16 -5.64962e-005 1.24655e-012 -2.54891e-012 8.89227e-011 8.89227e-011
1.17 -5.64796e-005 1.66149e-012 5.37801e-012 2.29173e-011 2.29173e-011
1.18 -5.64603e-005 2.89181e-012 2.7572e-012 -5.68341e-011 -5.68341e-011
1.19 -5.64389e-005 -7.13088e-014 2.60754e-013 -1.36649e-010 -1.36649e-010
1.2 -5.64163e-005 8.89285e-012 1.62987e-011 -2.0423e-010 -2.0423e-010
1.21 -5.63943e-005 4.04937e-012 7.24143e-012 -2.5004e-010 -2.5004e-010
1.22 -5.63745e-005 -2.00629e-012 -3.66678e-012 -2.6777e-010 -2.6777e-010
1.23 -5.63582e-005 1.23534e-012 2.25159e-012 -2.55457e-010 -2.55457e-010
1.24 -5.63461e-005 -7.17591e-013 -1.31395e-012 -2.17795e-010 -2.17795e-010
1.25 -5.63376e-005 4.58937e-013 8.34106e-013 -1.67047e-010 -1.67047e-010
1.26 -5.63312e-005 -2.49846e-013 -4.59981e-013 -1.19207e-010 -1.19207e-010
1.27 -5.6326e-005 1.77164e-013 3.19647e-013 -8.57809e-011 -8.57809e-011
1.28 -5.63212e-005 -8.00896e-014 -1.50043e-013 -6.7006e-011 -6.7006e-011
1.29 -5.63174e-005 -3.64842e-013 1.12294e-012 -5.29016e-011 -5.29016e-011
1.3 -5.63153e-005 -9.79689e-013 2.70256e-012 -3.21457e-011 -3.21457e-011
1.31 -5.63151e-005 2.39461e-015 4.12649e-013 -1.81118e-012 -1.81118e-012
1.32 -5.63162e-005 -1.35423e-013 1.7166e-012 2.93711e-011 2.93711e-011
1.33 -5.63176e-005 1.56437e-012 1.32629e-011 4.61394e-011 4.61394e-011
1.34 -5.63184e-005 1.48947e-012 9.14347e-012 3.60115e-011 3.60115e-011
1.35 -5.63159e-005 1.97018e-012 -3.32042e-012 -3.12618e-012 -3.12618e-012
1.36 -5.63077e-005 -1.14846e-012 1.25501e-012 -6.0226e-011 -6.0226e-011
1.37 -5.62934e-005 2.03143e-013 -1.51072e-012 -1.14467e-010 -1.14467e-010
1.38 -5.62745e-005 8.16898e-013 8.76151e-013 -1.4504e-010 -1.4504e-010
1.39 -5.62541e-005 -4.84897e-013 -7.93841e-013 -1.42827e-010 -1.42827e-010
1.4 -5.6235e-005 7.51504e-012 8.62262e-012 -1.15528e-010 -1.15528e-010
1.41 -5.62191e-005 2.11403e-012 4.94808e-012 -8.08653e-011 -8.08653e-011
1.42 -5.62058e-005 -1.83955e-012 -1.75359e-012 -5.23964e-011 -5.23964e-011
1.43 -5.61926e-005 1.13488e-012 1.09898e-012 -3.15021e-011 -3.15021e-011
1.44 -5.61778e-005 -6.57071e-013 -6.19557e-013 -1.34752e-011 -1.34752e-011
1.45 -5.61622e-005 4.22498e-013 4.15783e-013 1.63165e-012 1.63165e-012
1.46 -5.6149e-005 -2.27892e-013 -2.0796e-013 7.64366e-012 7.64366e-012
1.47 -5.6142e-005 1.4903e-013 1.79e-013 1.24744e-012 1.24744e-012
1.48 -5.61433e-005 -1.83973e-013 2.63365e-014 -1.03416e-011 -1.03416e-011
1.49 -5.61546e-005 1.37478e-013 2.6663e-014 -1.31415e-011 -1.31415e-011
1.5 -5.61765e-005 -6.848e-013 2.34562e-013 7.12517e-013 7.12517e-013
1.51 -5.62075e-005 1.27729e-013 -4.38186e-013 2.42949e-011 2.42949e-011
1.52 -5.62431e-005 5.95477e-014 -1.65962e-013 4.24534e-011 4.24534e-011
1.53 -5.62793e-005 9.83116e-013 -4.5035e-013 4.96657e-011 4.96657e-011
1.54 -5.63149e-005 5.95822e-013 -8.41781e-013 6.18195e-011 6.18195e-011
1.55 -5.63507e-005 1.25306e-012 -1.26446e-012 1.07562e-010 1.07562e-010
1.56 -5.6387e-005 4.966e-013 -4.98526e-013 2.05287e-010 2.05287e-010
1.57 -5.64238e-005 4.39194e-013 -4.1207e-013 3.48841e-010 3.48841e-010
1.58 -5.64606e-005 1.21097e-013 -6.67224e-014 5.16016e-010 5.16016e-010
1.59 -5.64967e-005 3.22976e-013 -1.27484e-013 6.88603e-010 6.88603e-010
1.6 -5.65311e-005 -1.14134e-015 5.20562e-012 8.63022e-010 8.63022e-010
1.61 -5.65622e-005 1.03205e-012 1.57626e-012 1.04498e-009 1.04498e-009
1.62 -5.65864e-005 1.05789e-012 1.23254e-012 1.23771e-009 1.23771e-009
1.63 -5.65998e-005 2.10184e-013 9.06897e-013 1.43291e-009 1.43291e-009
1.64 -5.66001e-005 -9.56849e-014 -2.96447e-013 1.60736e-009 1.60736e-009
1.65 -5.65877e-005 4.37891e-012 3.40223e-012 1.7291e-009 1.7291e-009
1.66 -5.65655e-005 1.4255e-012 7.93588e-013 1.77386e-009 1.77386e-009
1.67 -5.65376e-005 -8.32151e-013 -4.3557e-013 1.73842e-009 1.73842e-009
1.68 -5.65085e-005 5.27975e-013 3.0494e-013 1.63521e-009 1.63521e-009
1.69 -5.64826e-005 -2.91437e-013 -1.41182e-013 1.47274e-009 1.47274e-009
1.7 -5.64631e-005 2.0222e-013 1.27585e-013 1.24622e-009 1.24622e-009
1.71 -5.64504e-005 -9.51847e-014 -3.43346e-014 9.52116e-010 9.52116e-010
1.72 -5.64413e-005 8.26292e-014 5.00332e-014 6.08416e-010 6.08416e-010
1.73 -5.64319e-005 -2.82686e-014 -3.74005e-014 2.51578e-010 2.51578e-010
1.74 -5.64205e-005 3.85438e-014 1.52911e-014 -8.9874e-011 -8.9874e-011
1.75 -5.64083e-005 3.42275e-015 3.33174e-014 -4.15881e-010 -4.15881e-010
1.76 -5.63987e-005 2.53083e-014 2.32286e-014 -7.46974e-010 -7.46974e-010
1.77 -5.6397e-005 1.89848e-014 3.54742e-014 -1.09589e-009 -1.09589e-009
1.78 -5.64088e-005 6.64839e-012 1.47264e-012 -1.4449e-009 -1.4449e-009
1.79 -5.64365e-005 3.55633e-015 -1.97226e-012 -1.74782e-009 -1.74782e-009
1.8 -5.64772e-005 -8.70529e-013 -8.92525e-013 -1.95553e-009 -1.95553e-009
1.81 -5.65249e-005 3.03806e-013 -1.02607e-012 -2.0465e-009 -2.0465e-009
1.82 -5.65737e-005 -8.69592e-013 -6.65114e-013 -2.0385e-009 -2.0385e-009
1.83 -5.66188e-005 -1.7016e-012 3.35316e-013 -1.97135e-009 -1.97135e-009
1.84 -5.6657e-005 1.15816e-012 2.48525e-012 -1.87689e-009 -1.87689e-009
1.85 -5.66865e-005 8.12354e-013 -1.76297e-013 -1.76363e-009 -1.76363e-009
1.86 -5.67072e-005 1.85066e-012 -8.39974e-013 -1.62671e-009 -1.62671e-009
1.87 -5.67196e-005 3.88383e-013 2.02981e-012 -1.46815e-009 -1.46815e-009
1.88 -5.6721e-005 -1.02768e-013 -1.62475e-012 -1.30664e-009 -1.30664e-009
1.89 -5.67071e-005 7.65118e-013 1.84076e-012 -1.16917e-009 -1.16917e-009
1.9 -5.66772e-005 1.17812e-012 2.16626e-012 -1.07433e-009 -1.07433e-009
1.91 -5.66356e-005 7.2688e-012 1.33012e-012 -1.0242e-009 -1.0242e-009
1.92 -5.65879e-005 1.00433e-013 -3.76692e-012 -1.01319e-009 -1.01319e-009
1.93 -5.65388e-005 3.89469e-012 5.70177e-012 -1.0425e-009 -1.0425e-009
1.94 -5.64927e-005 1.29951e-012 -1.36282e-012 -1.12038e-009 -1.12038e-009
1.95 -5.6453e-005 -7.5813e-013 8.61569e-013 -1.24524e-009 -1.24524e-009
1.96 -5.64208e-005 3.34605e-012 -5.15121e-012 -1.39088e-009 -1.39088e-009
1.97 -5.63948e-005 6.81646e-013 -1.35892e-012 -1.51489e-009 -1.51489e-009
1.98 -5.6375e-005 -4.04995e-013 2.11363e-013 -1.58589e-009 -1.58589e-009
1.99 -5.63651e-005 1.20385e-012 -1.48326e-012 -1.60319e-009 -1.60319e-009
2 -5.63726e-005 -1.8919e-013 1.92312e-013 -1.5901e-009 -1.5901e-009
2.01 -5.64044e-005 1.43269e-013 -5.99053e-014 -1.56756e-009 -1.56756e-009
2.02 -5.6464e-005 -1.5284e-012 1.37137e-011 -1.53094e-009 -1.53094e-009
2.03 -5.65496e-005 -5.62286e-013 1.00559e-011 -1.44781e-009 -1.44781e-009
2.04 -5.66544e-005 1.56446e-012 1.86097e-013 -1.27738e-009 -1.27738e-009
2.05 -5.67684e-005 7.70693e-012 1.12091e-011 -9.98083e-010 -9.98083e-010
2.06 -5.68804e-005 6.53756e-012 2.25332e-013 -6.23852e-010 -6.23852e-010
2.07 -5.698e-005 3.19681e-012 -1.9154e-012 -1.96197e-010 -1.96197e-010
2.08 -5.70642e-005 3.27868e-012 -3.27608e-012 2.41381e-010 2.41381e-010
2.09 -5.71343e-005 2.13546e-012 -3.74785e-012 6.63607e-010 6.63607e-010
2.1 -5.71916e-005 9.23197e-013 -1.70662e-012 1.06245e-009 1.06245e-009
2.11 -5.72362e-005 -3.79223e-013 -2.04193e-013 1.43357e-009 1.43357e-009
2.12 -5.72687e-005 1.43525e-013 4.50566e-013 1.77097e-009 1.77097e-009
2.13 -5.729e-005 7.3377e-013 -3.09102e-012 2.07483e-009 2.07483e-009
2.14 -5.7302e-005 4.67418e-013 -2.11894e-012 2.35597e-009 2.35597e-009
2.15 -5.73068e-005 -1.46017e-012 -2.0573e-013 2.62432e-009 2.62432e-009
2.16 -5.73063e-005 -7.97308e-013 -2.03016e-013 2.87177e-009 2.87177e-009
2.17 -5.73026e-005 8.91439e-013 -3.4653e-012 3.06895e-009 3.06895e-009
2.18 -5.73006e-005 -3.18444e-013 -1.04976e-013 3.18129e-009 3.18129e-009
2.19 -5.73067e-005 -1.94997e-013 -8.64825e-014 3.18979e-009 3.18979e-009
2.2 -5.73243e-005 6.04927e-013 -1.10809e-012 3.09835e-009 3.09835e-009
2.21 -5.73532e-005 2.67846e-013 -4.94475e-013 2.92404e-009 2.92404e-009
2.22 -5.73936e-005 -3.1953e-013 4.95128e-013 2.68222e-009 2.68222e-009
2.23 -5.74465e-005 4.87913e-014 -2.73264e-012 2.3793e-009 2.3793e-009
2.24 -5.75129e-005 5.38884e-013 4.81982e-013 2.01492e-009 2.01492e-009
2.25 -5.75915e-005 5.39483e-012 5.59253e-012 1.58773e-009 1.58773e-009
2.26 -5.76801e-005 2.03645e-012 2.39887e-012 1.10024e-009 1.10024e-009
2.27 -5.77748e-005 -4.77248e-012 1.42665e-012 5.6168e-010 5.6168e-010
2.28 -5.78688e-005 4.44007e-012 -3.25369e-012 -1.14321e-011 -1.14321e-011
2.29 -5.79539e-005 -2.21711e-012 7.82437e-013 -5.95728e-010 -5.95728e-010
2.3 -5.80236e-005 4.74537e-013 -2.60269e-013 -1.16074e-009 -1.16074e-009
2.31 -5.80743e-005 7.7928e-013 -2.36351e-012 -1.67016e-009 -1.67016e-009
2.32 -5.81034e-005 -3.63219e-012 9.92879e-013 -2.08842e-009 -2.08842e-009
2.33 -5.81109e-005 1.68732e-012 -3.22798e-012 -2.39143e-009 -2.39143e-009
2.34 -5.80987e-005 -3.07743e-012 -8.29608e-014 -2.57524e-009 -2.57524e-009
2.35 -5.80696e-005 2.42721e-012 -2.13096e-012 -2.65641e-009 -2.65641e-009
2.36 -5.80252e-005 -2.89141e-012 -4.27865e-013 -2.66395e-009 -2.66395e-009
2.37 -5.79658e-005 4.19852e-012 -2.02206e-012 -2.62753e-009 -2.62753e-009
2.38 -5.78911e-005 -1.74521e-012 -9.09692e-014 -2.56953e-009 -2.56953e-009
2.39 -5.77988e-005 -4.27915e-013 -8.28813e-013 -2.50492e-009 -2.50492e-009
2.4 -5.76858e-005 -3.88373e-012 3.16655e-012 -2.44569e-009 -2.44569e-009
2.41 -5.75513e-005 5.06621e-012 -6.71731e-012 -2.40194e-009 -2.40194e-009
2.42 -5.73969e-005 3.76174e-012 -2.86334e-012 -2.37945e-009 -2.37945e-009
2.43 -5.72272e-005 -1.30859e-012 1.89021e-012 -2.38181e-009 -2.38181e-009
2.44 -5.70525e-005 1.25437e-012 -9.37917e-013 -2.41882e-009 -2.41882e-009
2.45 -5.68849e-005 -2.81721e-013 5.94878e-013 -2.50901e-009 -2.50901e-009
2.46 -5.67317e-005 2.90708e-012 1.57393e-012 -2.66716e-009 -2.66716e-009
2.47 -5.65941e-005 -2.31902e-013 1.18338e-013 -2.88533e-009 -2.88533e-009
2.48 -5.64696e-005 1.73312e-012 1.45698e-012 -3.12492e-009 -3.12492e-009
2.49 -5.63549e-005 1.24718e-012 1.09984e-012 -3.32752e-009 -3.32752e-009
2.5 -5.62482e-005 1.89463e-012 1.70192e-012 -3.43529e-009 -3.43529e-009
2.51 -5.61506e-005 9.5511e-013 6.94647e-013 -3.40725e-009 -3.40725e-009
2.52 -5.60654e-005 7.93324e-012 8.51874e-012 -3.22659e-009 -3.22659e-009
2.53 -5.59972e-005 2.84776e-012 3.17938e-012 -2.9009e-009 -2.9009e-009
2.54 -5.59481e-005 -1.35853e-012 4.22217e-013 -2.45638e-009 -2.45638e-009
2.55 -5.59155e-005 6.92898e-013 5.2883e-012 -1.92738e-009 -1.92738e-009
2.56 -5.5893e-005 -1.35149e-012 -1.14237e-012 -1.34568e-009 -1.34568e-009
2.57 -5.58732e-005 2.70659e-013 1.22219e-012 -7.33786e-010 -7.33786e-010
2.58 -5.58512e-005 -2.30614e-013 -6.08711e-013 -1.04863e-010 -1.04863e-010
2.59 -5.58255e-005 -4.30268e-013 1.25854e-012 5.31932e-010 5.31932e-010
2.6 -5.57974e-005 -7.63355e-014 -5.06717e-014 1.16466e-009 1.16466e-009
2.61 -5.57684e-005 1.97361e-013 -3.10692e-013 1.77265e-009 1.77265e-009
2.62 -5.57386e-005 -1.21077e-012 9.32984e-013 2.323e-009 2.323e-009
2.63 -5.5706e-005 9.60017e-013 -8.70185e-013 2.77468e-009 2.77468e-009
2.64 -5.56682e-005 -3.52172e-013 2.41284e-013 3.09453e-009 3.09453e-009
2.65 -5.5626e-005 -8.17227e-014 -6.85064e-014 3.2774e-009 3.2774e-009
2.66 -5.55845e-005 -5.53436e-013 4.12072e-013 3.35133e-009 3.35133e-009
2.67 -5.55511e-005 3.36999e-013 -1.96643e-013 3.35774e-009 3.35774e-009
2.68 -5.55331e-005 -5.91265e-014 2.12978e-014 3.32197e-009 3.32197e-009
2.69 -5.55358e-005 -7.44742e-013 2.99667e-013 3.24277e-009 3.24277e-009
2.7 -5.55616e-005 -1.04237e-013 5.0071e-014 3.1103e-009 3.1103e-009
2.71 -5.56096e-005 -4.13327e-014 -5.89052e-016 2.93108e-009 2.93108e-009
2.72 -5.56758e-005 1.40501e-013 -8.27872e-014 2.73323e-009 2.73323e-009
2.73 -5.57547e-005 6.74058e-015 -4.07485e-014 2.54957e-009 2.54957e-009
2.74 -5.58443e-005 2.88602e-013 -2.66433e-013 2.3987e-009 2.3987e-009
2.75 -5.59471e-005 -9.61132e-013 4.92529e-013 2.28297e-009 2.28297e-009
2.76 -5.60664e-005 7.56885e-013 -6.17383e-013 2.20213e-009 2.20213e-009
2.77 -5.62012e-005 -8.3192e-013 -5.75927e-014 2.16437e-009 2.16437e-009
2.78 -5.63477e-005 -6.72354e-014 3.43606e-014 2.17762e-009 2.17762e-009
2.79 -5.65003e-005 9.17502e-013 -8.5575e-013 2.22722e-009 2.22722e-009
2.8 -5.66516e-005 3.19194e-013 -3.20932e-013 2.26922e-009 2.26922e-009
2.81 -5.67942e-005 -1.65286e-013 1.30677e-013 2.25802e-009 2.25802e-009
2.82 -5.69244e-005 1.2659e-013 -1.41396e-013 2.186e-009 2.186e-009
2.83 -5.70418e-005 -4.92513e-014 2.25153e-014 2.09044e-009 2.09044e-009
2.84 -5.71479e-005 5.66851e-014 -7.62337e-014 2.01412e-009 2.01412e-009
2.85 -5.72438e-005 -7.13663e-015 -1.67421e-014 1.95647e-009 1.95647e-009
2.86 -5.73299e-005 3.13129e-014 -5.2583e-014 1.86329e-009 1.86329e-009
2.87 -5.74072e-005 8.14888e-015 -3.09905e-014 1.66172e-009 1.66172e-009
2.88 -5.74766e-005 2.21041e-014 -4.3999e-014 1.30411e-009 1.30411e-009
2.89 -5.75371e-005 1.36968e-014 -3.6162e-014 7.86481e-010 7.86481e-010
2.9 -5.7588e-005 1.87618e-014 -4.08834e-014 1.39083e-010 1.39083e-010
2.91 -5.76311e-005 1.57104e-014 -3.8039e-014 -5.93405e-010 -5.93405e-010
2.92 -5.76704e-005 1.51291e-012 -3.67811e-012 -1.36718e-009 -1.36718e-009
2.93 -5.77107e-005 1.05644e-012 -1.19082e-012 -2.14398e-009 -2.14398e-009
2.94 -5.77555e-005 2.00057e-012 -1.16701e-012 -2.88757e-009 -2.88757e-009
2.95 -5.7806e-005 2.21961e-012 -8.24952e-013 -3.56324e-009 -3.56324e-009
2.96 -5.78611e-005 -4.10603e-012 -1.12572e-012 -4.14809e-009 -4.14809e-009
2.97 -5.79185e-005 -1.17875e-012 -2.47118e-012 -4.64028e-009 -4.64028e-009
2.98 -5.79751e-005 -2.37285e-012 -1.85936e-012 -5.04828e-009 -5.04828e-009
2.99 -5.8027e-005 1.2811e-012 -9.8312e-012 -5.36443e-009 -5.36443e-009
3 -5.80689e-005 4.11685e-012 -3.14574e-012 -5.55246e-009 -5.55246e-009
3.01 -5.80954e-005 -2.43157e-012 3.49154e-012 -5.56768e-009 -5.56768e-009
3.02 -5.81008e-005 7.08278e-013 -2.63848e-012 -5.39229e-009 -5.39229e-009
3.03 -5.80808e-005 -6.44494e-013 9.68516e-013 -5.0524e-009 -5.0524e-009
3.04 -5.80327e-005 1.29273e-013 -1.30829e-012 -4.60343e-009 -4.60343e-009
3.05 -5.79578e-005 -7.82254e-013 -4.68163e-013 -4.10161e-009 -4.10161e-009
3.06 -5.78605e-005 -4.17047e-014 -1.09316e-012 -3.58587e-009 -3.58587e-009
3.07 -5.77441e-005 2.22145e-014 1.83427e-013 -3.07417e-009 -3.07417e-009
3.08 -5.76081e-005 1.07453e-014 -1.73613e-013 -2.56399e-009 -2.56399e-009
3.09 -5.74518e-005 2.05399e-014 4.1924e-014 -2.03525e-009 -2.03525e-009
3.1 -5.7277e-005 1.16161e-014 -8.93014e-014 -1.46277e-009 -1.46277e-009
3.11 -5.70883e-005 2.00153e-014 -8.86933e-015 -8.36993e-010 -8.36993e-010
3.12 -5.68912e-005 1.21559e-014 -5.94476e-014 -1.8005e-010 -1.8005e-010
3.13 -5.66905e-005 1.969e-014 -2.68547e-014 4.58229e-010 4.58229e-010
3.14 -5.64931e-005 1.51512e-014 -4.64906e-014 1.02587e-009 1.02587e-009
3.15 -5.63085e-005 1.6586e-014 -3.56461e-014 1.4972e-009 1.4972e-009
3.16 -5.61455e-005 1.70212e-014 -4.11942e-014 1.88144e-009 1.88144e-009
3.17 -5.60096e-005 1.44168e-014 -3.9627e-014 2.20694e-009 2.20694e-009
3.18 -5.59032e-005 1.83281e-014 -3.87959e-014 2.49654e-009 2.49654e-009
3.19 -5.58231e-005 1.36094e-015 -5.47995e-014 2.75327e-009 2.75327e-009
3.2 -5.57609e-005 2.61936e-014 -2.96551e-014 2.96281e-009 2.96281e-009
3.21 -5.57079e-005 1.12331e-014 -4.48035e-014 3.10634e-009 3.10634e-009
3.22 -5.56588e-005 2.02461e-014 -3.56773e-014 3.17194e-009 3.17194e-009
3.23 -5.56127e-005 -6.10384e-012 5.3601e-012 3.15707e-009 3.15707e-009
3.24 -5.5572e-005 7.44595e-013 -1.68766e-012 3.06406e-009 3.06406e-009
3.25 -5.55416e-005 -9.46752e-014 8.57802e-013 2.89934e-009 2.89934e-009
3.26 -5.55269e-005 7.55553e-013 -2.52139e-013 2.68092e-009 2.68092e-009
3.27 -5.55296e-005 -3.42564e-013 1.89743e-013 2.44287e-009 2.44287e-009
3.28 -5.55459e-005 -1.22641e-012 -1.41903e-013 2.22622e-009 2.22622e-009
3.29 -5.55707e-005 -2.40497e-013 -2.84525e-013 2.0645e-009 2.0645e-009
3.3 -5.55978e-005 1.71901e-013 1.08744e-013 1.9802e-009 1.9802e-009
3.31 -5.56236e-005 -7.6549e-014 -1.28182e-013 1.99399e-009 1.99399e-009
3.32 -5.5648e-005 7.31306e-014 1.45545e-014 2.1324e-009 2.1324e-009
3.33 -5.56732e-005 -1.70443e-014 -7.14377e-014 2.42185e-009 2.42185e-009
3.34 -5.57049e-005 3.72819e-014 -1.96314e-014 2.87165e-009 2.87165e-009
3.35 -5.57483e-005 9.33059e-014 -3.48303e-013 3.45645e-009 3.45645e-009
3.36 -5.58032e-005 1.21047e-013 -3.31488e-013 4.10607e-009 4.10607e-009
3.37 -5.58639e-005 8.07858e-014 -2.80271e-013 4.70896e-009 4.70896e-009
3.38 -5.59222e-005 9.82235e-014 -2.70156e-013 5.13627e-009 5.13627e-009
3.39 -5.59699e-005 -3.21616e-014 1.00087e-013 5.28445e-009 5.28445e-009
3.4 -5.60027e-005 4.63893e-014 -1.22967e-013 5.11439e-009 5.11439e-009
3.41 -5.60222e-005 -9.33923e-016 1.14126e-014 4.66051e-009 4.66051e-009
3.42 -5.60348e-005 2.75761e-014 -6.95449e-014 4.00247e-009 4.00247e-009
3.43 -5.60471e-005 1.04002e-014 -2.07718e-014 3.21985e-009 3.21985e-009
3.44 -5.60633e-005 2.07479e-014 -5.01553e-014 2.36023e-009 2.36023e-009
3.45 -5.60863e-005 1.45139e-014 -3.24531e-014 1.43812e-009 1.43812e-009
3.46 -5.61183e-005 1.82695e-014 -4.31178e-014 4.57826e-010 4.57826e-010
3.47 -5.61616e-005 1.60069e-014 -3.66928e-014 -5.62387e-010 -5.62387e-010
3.48 -5.62188e-005 6.62989e-014 1.13539e-014 -1.58036e-009 -1.58036e-009
3.49 -5.62921e-005 1.25288e-013 8.59856e-014 -2.53248e-009 -2.53248e-009
3.5 -5.63836e-005 1.46554e-014 -8.57669e-014 -3.34042e-009 -3.34042e-009
3.51 -5.64958e-005 1.81843e-014 -1.09988e-014 -3.92132e-009 -3.92132e-009
3.52 -5.6627e-005 1.60583e-014 -5.60431e-014 -4.20788e-009 -4.20788e-009
3.53 -5.67701e-005 1.73391e-014 -2.8906e-014 -4.17796e-009 -4.17796e-009
3.54 -5.69153e-005 1.65675e-014 -4.52548e-014 -3.87588e-009 -3.87588e-009
3.55 -5.70548e-005 1.70323e-014 -3.54054e-014 -3.40337e-009 -3.40337e-009
3.56 -5.71858e-005 1.67523e-014 -4.13392e-014 -2.87932e-009 -2.87932e-009
3.57 -5.73088e-005 1.6921e-014 -3.77644e-014 -2.39378e-009 -2.39378e-009
3.58 -5.74238e-005 1.39942e-014 -4.38334e-014 -1.98441e-009 -1.98441e-009
3.59 -5.75278e-005 1.85826e-014 -3.62617e-014 -1.64351e-009 -1.64351e-009
3.6 -5.76133e-005 9.88317e-015 -4.40394e-014 -1.3439e-009 -1.3439e-009
3.61 -5.76716e-005 1.94575e-014 -3.73517e-014 -1.06762e-009 -1.06762e-009
3.62 -5.76988e-005 1.52912e-014 -4.01667e-014 -8.25035e-010 -8.25035e-010
3.63 -5.76998e-005 1.19236e-014 -4.37923e-014 -6.55844e-010 -6.55844e-010
3.64 -5.76857e-005 1.98301e-014 -3.62865e-014 -6.10604e-010 -6.10604e-010
3.65 -5.7668e-005 1.85665e-014 -3.81559e-014 -7.22073e-010 -7.22073e-010
3.66 -5.76548e-005 2.23904e-014 -3.66979e-014 -9.81518e-010 -9.81518e-010
3.67 -5.76486e-005 9.92788e-014 -2.75616e-014 -1.33162e-009 -1.33162e-009
3.68 -5.76467e-005 -3.89495e-014 -5.26369e-014 -1.67948e-009 -1.67948e-009
3.69 -5.7644e-005 3.32422e-014 -4.43353e-014 -1.92916e-009 -1.92916e-009
3.7 -5.76388e-005 6.98659e-015 -3.59593e-014 -2.02579e-009 -2.02579e-009
3.71 -5.76355e-005 2.28044e-014 -4.10055e-014 -1.98615e-009 -1.98615e-009
3.72 -5.7642e-005 1.32749e-014 -3.79654e-014 -1.88924e-009 -1.88924e-009
3.73 -5.76647e-005 1.9016e-014 -3.97969e-014 -1.82789e-009 -1.82789e-009
3.74 -5.7704e-005 1.55572e-014 -3.86935e-014 -1.85273e-009 -1.85273e-009
3.75 -5.77542e-005 1.7641e-014 -3.93583e-014 -1.94367e-009 -1.94367e-009
3.76 -5.78064e-005 1.63856e-014 -3.89578e-014 -2.02621e-009 -2.02621e-009
3.77 -5.78523e-005 1.71419e-014 -3.91991e-014 -2.01847e-009 -2.01847e-009
3.78 -5.78873e-005 1.66863e-014 -3.90537e-014 -1.87445e-009 -1.87445e-009
3.79 -5.79125e-005 1.69608e-014 -3.91413e-014 -1.60057e-009 -1.60057e-009
3.8 -5.79323e-005 1.67954e-014 -3.90885e-014 -1.24863e-009 -1.24863e-009
3.81 -5.79485e-005 1.33032e-014 -4.29728e-014 -8.95886e-010 -8.95886e-010
3.82 -5.79579e-005 1.73925e-014 -3.70238e-014 -6.15081e-010 -6.15081e-010
3.83 -5.79523e-005 1.65353e-014 -4.03643e-014 -4.40077e-010 -4.40077e-010
3.84 -5.79231e-005 1.70517e-014 -3.83517e-014 -3.4859e-010 -3.4859e-010
3.85 -5.78691e-005 1.67406e-014 -3.95643e-014 -2.82552e-010 -2.82552e-010
3.86 -5.77965e-005 1.54737e-014 -3.90542e-014 -1.92675e-010 -1.92675e-010
3.87 -5.77135e-005 1.76913e-014 -3.9141e-014 -6.71422e-011 -6.71422e-011
3.88 -5.76271e-005 1.63553e-014 -3.90887e-014 7.25877e-011 7.25877e-011
3.89 -5.75412e-005 1.67464e-014 -3.91828e-014 1.88548e-010 1.88548e-010
3.9 -5.74575e-005 1.69245e-014 -3.90634e-014 2.38375e-010 2.38375e-010
3.91 -5.73775e-005 1.68172e-014 -3.91355e-014 1.90911e-010 1.90911e-010
3.92 -5.73043e-005 1.68819e-014 -3.9092e-014 5.17492e-011 5.17492e-011
3.93 -5.72414e-005 1.17053e-014 -4.07413e-014 -1.22099e-010 -1.22099e-010
3.94 -5.71909e-005 -1.46002e-014 -7.73133e-014 -2.45254e-010 -2.45254e-010
3.95 -5.71529e-005 3.58094e-014 -1.60917e-014 -2.54838e-010 -2.54838e-010
3.96 -5.71253e-005 1.78639e-016 -6.55092e-014 -1.45329e-010 -1.45329e-010
3.97 -5.71038e-005 -5.12003e-015 -4.89701e-014 3.86977e-011 3.86977e-011
3.98 -5.70835e-005 1.7739e-014 -4.99481e-014 2.36037e-010 2.36037e-010
3.99 -5.70596e-005 -4.13194e-015 -4.8328e-014 4.01296e-010 4.01296e-010
4 -5.70305e-005 1.46503e-014 -4.82702e-014 5.24707e-010 5.24707e-010
4.01 -5.69983e-005 1.81874e-014 -3.35888e-014 6.37183e-010 6.37183e-010
4.02 -5.69652e-005 5.02874e-013 -1.31455e-013 7.96643e-010 7.96643e-010
4.03 -5.69296e-005 1.71583e-012 -1.15165e-012 1.05686e-009 1.05686e-009
4.04 -5.68882e-005 -3.13181e-013 1.68664e-013 1.43776e-009 1.43776e-009
4.05 -5.68375e-005 1.23733e-012 -6.61577e-013 1.92e-009 1.92e-009
4.06 -5.67736e-005 4.14096e-013 -2.23208e-013 2.46121e-009 2.46121e-009
4.07 -5.66932e-005 -2.2246e-013 7.1803e-014 3.01256e-009 3.01256e-009
4.08 -5.65983e-005 1.61035e-013 -1.05927e-013 3.5295e-009 3.5295e-009
4.09 -5.64958e-005 -7.00025e-014 1.14687e-015 3.98562e-009 3.98562e-009
4.1 -5.63933e-005 6.91867e-014 -6.33602e-014 4.38587e-009 4.38587e-009
4.11 -5.62969e-005 -1.46683e-014 -2.44977e-014 4.76019e-009 4.76019e-009
4.12 -5.62106e-005 3.58504e-014 -4.79106e-014 5.13139e-009 5.13139e-009
4.13 -5.61339e-005 3.9693e-014 -6.91833e-014 5.47859e-009 5.47859e-009
4.14 -5.60636e-005 -1.323e-012 -5.73105e-013 5.7265e-009 5.7265e-009
4.15 -5.59982e-005 3.80177e-013 2.79027e-014 5.7716e-009 5.7716e-009
4.16 -5.5939e-005 -1.13461e-012 -5.29715e-013 5.52815e-009 5.52815e-009
4.17 -5.5889e-005 -1.82373e-013 -1.47783e-013 4.96585e-009 4.96585e-009
4.18 -5.58518e-005 1.36885e-013 2.6363e-014 4.12338e-009 4.12338e-009
4.19 -5.58283e-005 -5.54533e-014 -7.85518e-014 3.09895e-009 3.09895e-009
4.2 -5.58175e-005 6.04214e-014 -1.53456e-014 2.02484e-009 2.02484e-009
4.21 -5.58178e-005 -9.38761e-015 -5.34243e-014 1.03038e-009 1.03038e-009
4.22 -5.5828e-005 3.26691e-014 -3.04837e-014 2.01992e-010 2.01992e-010
4.23 -5.58486e-005 7.33189e-015 -4.43043e-014 -4.39874e-010 -4.39874e-010
4.24 -5.58821e-005 1.01046e-013 4.7264e-014 -9.27882e-010 -9.27882e-010
4.25 -5.59282e-005 3.25926e-013 2.53465e-013 -1.30664e-009 -1.30664e-009
4.26 -5.59809e-005 2.78137e-012 7.40856e-012 -1.59474e-009 -1.59474e-009
4.27 -5.60309e-005 6.20073e-012 1.00147e-011 -1.77448e-009 -1.77448e-009
4.28 -5.60673e-005 3.0424e-012 -1.83224e-012 -1.80955e-009 -1.80955e-009
4.29 -5.60785e-005 2.96895e-012 1.02972e-012 -1.675e-009 -1.675e-009
4.3 -5.60586e-005 -5.12373e-014 -2.45525e-012 -1.38262e-009 -1.38262e-009
4.31 -5.60108e-005 4.77814e-013 2.63533e-012 -9.9172e-010 -9.9172e-010
4.32 -5.59431e-005 1.41058e-012 -1.71847e-012 -6.02794e-010 -6.02794e-010
4.33 -5.58622e-005 -1.24573e-012 1.08118e-012 -3.3427e-010 -3.3427e-010
4.34 -5.57721e-005 2.26172e-013 1.51023e-012 -2.84826e-010 -2.84826e-010
4.35 -5.56725e-005 1.05619e-012 -3.20463e-013 -4.94865e-010 -4.94865e-010
4.36 -5.55611e-005 8.95194e-013 9.62769e-013 -9.31054e-010 -9.31054e-010
4.37 -5.544e-005 4.55539e-012 4.93531e-013 -1.50808e-009 -1.50808e-009
4.38 -5.53186e-005 6.42635e-013 1.16569e-012 -2.1334e-009 -2.1334e-009
4.39 -5.52123e-005 -9.09617e-013 -6.99025e-013 -2.7421e-009 -2.7421e-009
4.4 -5.51377e-005 1.07051e-012 1.1954e-012 -3.30196e-009 -3.30196e-009
4.41 -5.51048e-005 1.75054e-012 1.6678e-012 -3.7988e-009 -3.7988e-009
4.42 -5.51141e-005 4.02934e-012 2.11314e-012 -4.22324e-009 -4.22324e-009
4.43 -5.51573e-005 4.2808e-013 -7.83709e-013 -4.56414e-009 -4.56414e-009
4.44 -5.52204e-005 -2.30884e-013 4.09478e-013 -4.80204e-009 -4.80204e-009
4.45 -5.52896e-005 6.50201e-013 2.88365e-012 -4.90243e-009 -4.90243e-009
4.46 -5.53591e-005 1.57683e-012 6.13243e-012 -4.81896e-009 -4.81896e-009
4.47 -5.54321e-005 -1.01838e-012 9.85353e-013 -4.51466e-009 -4.51466e-009
4.48 -5.55135e-005 3.92557e-013 5.89554e-012 -3.99144e-009 -3.99144e-009
4.49 -5.56021e-005 5.96677e-013 4.35801e-013 -3.3008e-009 -3.3008e-009
4.5 -5.56884e-005 3.86025e-013 1.31694e-012 -2.51881e-009 -2.51881e-009
4.51 -5.57564e-005 -4.11568e-013 -2.75655e-012 -1.70493e-009 -1.70493e-009
4.52 -5.57878e-005 5.17727e-013 8.22736e-013 -8.81602e-010 -8.81602e-010
4.53 -5.57698e-005 6.81665e-015 -1.17783e-012 -4.59912e-011 -4.59912e-011
4.54 -5.57011e-005 -7.8371e-013 2.11547e-012 8.08672e-010 8.08672e-010
4.55 -5.55908e-005 -2.71184e-013 -4.09298e-014 1.68172e-009 1.68172e-009
4.56 -5.54555e-005 2.12442e-014 7.83769e-014 2.56016e-009 2.56016e-009
4.57 -5.53152e-005 -7.52974e-013 1.04562e-012 3.41426e-009 3.41426e-009
4.58 -5.51848e-005 -1.04422e-012 2.4208e-012 4.19983e-009 4.19983e-009
4.59 -5.507e-005 -1.15548e-012 1.78168e-012 4.87143e-009 4.87143e-009
4.6 -5.49694e-005 2.787e-013 -5.27935e-013 5.39785e-009 5.39785e-009
4.61 -5.48825e-005 -1.4089e-013 2.55387e-013 5.77099e-009 5.77099e-009
4.62 -5.48153e-005 1.11893e-013 -2.16528e-013 6.01001e-009 6.01001e-009
4.63 -5.47765e-005 -4.0397e-014 6.77785e-014 6.15998e-009 6.15998e-009
4.64 -5.47726e-005 -6.06118e-014 -8.66558e-014 6.2749e-009 6.2749e-009
4.65 -5.48058e-005 -3.29405e-012 8.02733e-013 6.38508e-009 6.38508e-009
4.66 -5.4876e-005 -2.7708e-012 3.04196e-012 6.47379e-009 6.47379e-009
4.67 -5.49816e-005 3.0962e-013 2.46483e-012 6.48677e-009 6.48677e-009
4.68 -5.51189e-005 1.07385e-012 -1.25523e-012 6.36712e-009 6.36712e-009
4.69 -5.52803e-005 -1.87146e-012 8.69294e-013 6.08588e-009 6.08588e-009
4.7 -5.54567e-005 -7.77502e-013 1.25169e-012 5.649e-009 5.649e-009
4.71 -5.56374e-005 1.46489e-012 -1.78757e-012 5.08724e-009 5.08724e-009
4.72 -5.5812e-005 -2.45866e-013 3.43771e-013 4.44615e-009 4.44615e-009
4.73 -5.59731e-005 3.48047e-013 -5.28728e-013 3.77852e-009 3.77852e-009
4.74 -5.61155e-005 3.76425e-013 -5.8498e-013 3.12726e-009 3.12726e-009
4.75 -5.62344e-005 9.15264e-013 -1.31499e-012 2.50098e-009 2.50098e-009
4.76 -5.63271e-005 -2.22843e-013 1.68745e-013 1.86536e-009 1.86536e-009
4.77 -5.6392e-005 3.11213e-013 2.19573e-014 1.16525e-009 1.16525e-009
4.78 -5.64299e-005 -1.60478e-013 -7.58975e-014 3.65688e-010 3.65688e-010
4.79 -5.64455e-005 7.78874e-013 6.37217e-013 -5.15465e-010 -5.15465e-010
4.8 -5.64465e-005 -4.42221e-013 -4.46563e-013 -1.40614e-009 -1.40614e-009
4.81 -5.64397e-005 1.7881e-012 1.39913e-012 -2.21454e-009 -2.21454e-009
4.82 -5.64325e-005 -3.49638e-011 -1.68196e-011 -2.88006e-009 -2.88006e-009
4.83 -5.64322e-005 -1.63882e-011 -9.05524e-012 -3.40618e-009 -3.40618e-009
4.84 -5.64379e-005 -3.70942e-012 1.59391e-011 -3.85015e-009 -3.85015e-009
4.85 -5.64426e-005 5.12415e-013 7.31345e-013 -4.27892e-009 -4.27892e-009
4.86 -5.64454e-005 1.49911e-011 1.42871e-012 -4.73105e-009 -4.73105e-009
4.87 -5.64553e-005 6.33142e-012 6.47746e-012 -5.21407e-009 -5.21407e-009
4.88 -5.64839e-005 -2.41709e-012 -1.91899e-012 -5.7263e-009 -5.7263e-009
4.89 -5.65354e-005 7.22596e-012 -3.70826e-012 -6.27133e-009 -6.27133e-009
4.9 -5.66073e-005 -1.79253e-012 8.49176e-013 -6.84775e-009 -6.84775e-009
4.91 -5.66942e-005 -4.376e-013 2.49556e-012 -7.4298e-009 -7.4298e-009
4.92 -5.679e-005 1.78123e-012 -6.15572e-012 -7.97172e-009 -7.97172e-009
4.93 -5.6888e-005 1.13927e-012 7.33532e-012 -8.44095e-009 -8.44095e-009
4.94 -5.6984e-005 1.01301e-012 4.43989e-012 -8.84166e-009 -8.84166e-009
4.95 -5.70809e-005 -1.96768e-013 -1.7452e-012 -9.19281e-009 -9.19281e-009
4.96 -5.71851e-005 -1.44593e-012 2.00657e-012 -9.48038e-009 -9.48038e-009
4.97 -5.72975e-005 -2.03615e-013 5.48929e-013 -9.6373e-009 -9.6373e-009
4.98 -5.7412e-005 2.44575e-011 9.39177e-012 -9.57316e-009 -9.57316e-009
4.99 -5.75216e-005 -3.83772e-012 4.45081e-013 -9.22565e-009 -9.22565e-009
5 -5.76204e-005 -7.12426e-012 3.54821e-012 -8.59639e-009 -8.59639e-009
5.01 -5.77024e-005 4.06028e-012 -3.32898e-012 -7.7555e-009 -7.7555e-009
5.02 -5.77636e-005 -2.61857e-012 1.60409e-012 -6.81391e-009 -6.81391e-009
5.03 -5.78037e-005 1.54996e-012 -1.08598e-012 -5.87518e-009 -5.87518e-009
5.04 -5.78254e-005 -9.79825e-013 5.6444e-013 -4.99875e-009 -4.99875e-009
5.05 -5.78314e-005 5.43742e-013 -4.35362e-013 -4.20087e-009 -4.20087e-009
5.06 -5.78273e-005 -4.59525e-013 1.32348e-013 -3.48037e-009 -3.48037e-009
5.07 -5.78201e-005 2.36693e-013 -1.67816e-013 -2.83581e-009 -2.83581e-009
5.08 -5.78142e-005 -3.39534e-013 -1.5621e-013 -2.26698e-009 -2.26698e-009
5.09 -5.78117e-005 9.38123e-013 -2.46928e-012 -1.77762e-009 -1.77762e-009
5.1 -5.78158e-005 1.53087e-012 -3.54387e-012 -1.38467e-009 -1.38467e-009
5.11 -5.78303e-005 -8.73404e-013 3.94811e-012 -1.11905e-009 -1.11905e-009
5.12 -5.78545e-005 5.34097e-013 -5.44432e-013 -1.00625e-009 -1.00625e-009
5.13 -5.78892e-005 2.52268e-013 -1.51651e-012 -1.03564e-009 -1.03564e-009
5.14 -5.79414e-005 3.03699e-013 -4.93513e-013 -1.14183e-009 -1.14183e-009
5.15 -5.80221e-005 -3.03975e-013 2.14518e-012 -1.21772e-009 -1.21772e-009
5.16 -5.81377e-005 -1.56384e-013 2.35368e-012 -1.16217e-009 -1.16217e-009
5.17 -5.82894e-005 1.60746e-012 3.58598e-012 -9.38606e-010 -9.38606e-010
5.18 -5.84706e-005 7.06745e-012 4.53212e-012 -6.01031e-010 -6.01031e-010
5.19 -5.8669e-005 7.3339e-012 5.37978e-012 -2.63057e-010 -2.63057e-010
5.2 -5.88641e-005 1.44871e-012 -3.93522e-012 -3.41563e-011 -3.41563e-011
5.21 -5.90313e-005 8.18035e-013 9.96842e-013 3.0981e-011 3.0981e-011
5.22 -5.91515e-005 -1.72587e-012 6.89332e-012 -5.11771e-011 -5.11771e-011
5.23 -5.92159e-005 -2.90865e-015 1.14926e-011 -2.05682e-010 -2.05682e-010
5.24 -5.92216e-005 1.51346e-012 -7.1105e-012 -3.34103e-010 -3.34103e-010
5.25 -5.91736e-005 2.1115e-012 2.06234e-012 -3.6191e-010 -3.6191e-010
5.26 -5.90773e-005 9.83079e-013 -3.18934e-012 -2.73469e-010 -2.73469e-010
5.27 -5.89326e-005 1.94866e-012 3.16105e-013 -1.12675e-010 -1.12675e-010
5.28 -5.87345e-005 -4.38154e-013 -6.90343e-013 4.69019e-011 4.69019e-011
5.29 -5.84785e-005 7.85075e-012 -2.51649e-012 1.40124e-010 1.40124e-010
5.3 -5.81632e-005 -1.75254e-012 1.86258e-013 1.37898e-010 1.37898e-010
5.31 -5.77904e-005 1.05603e-012 -2.56865e-013 5.99431e-011 5.99431e-011
5.32 -5.73684e-005 -6.15862e-013 1.57552e-014 -2.22324e-011 -2.22324e-011
5.33 -5.69126e-005 3.9497e-013 -1.49835e-013 6.42286e-012 6.42286e-012
5.34 -5.64401e-005 -2.32838e-013 -4.14913e-014 2.73117e-010 2.73117e-010
5.35 -5.59638e-005 1.52755e-013 -1.13805e-013 8.63185e-010 8.63185e-010
5.36 -5.54908e-005 -9.40663e-014 -6.80787e-014 1.77426e-009 1.77426e-009
5.37 -5.50281e-005 7.3529e-014 -9.84917e-014 2.91512e-009 2.91512e-009
5.38 -5.45899e-005 -1.30818e-011 1.99357e-011 4.15066e-009 4.15066e-009
5.39 -5.41906e-005 -3.4279e-012 3.79291e-012 5.35954e-009 5.35954e-009
5.4 -5.38319e-005 1.0513e-012 -3.67861e-012 6.47211e-009 6.47211e-009
5.41 -5.35034e-005 -2.0753e-012 5.34903e-012 7.47605e-009 7.47605e-009
5.42 -5.31899e-005 -2.20422e-012 1.25643e-012 8.39056e-009 8.39056e-009
5.43 -5.28828e-005 -2.99538e-013 -1.39817e-012 9.22091e-009 9.22091e-009
5.44 -5.25841e-005 -4.24227e-013 9.57027e-012 9.92422e-009 9.92422e-009
5.45 -5.23001e-005 -4.72034e-013 3.64784e-012 1.04191e-008 1.04191e-008
5.46 -5.20366e-005 -4.15392e-014 -1.19113e-012 1.06309e-008 1.06309e-008
5.47 -5.17984e-005 1.80617e-012 1.05389e-011 1.05299e-008 1.05299e-008
5.48 -5.1589e-005 1.18269e-012 1.37679e-011 1.01357e-008 1.01357e-008
5.49 -5.14069e-005 -4.51953e-013 -4.44622e-013 9.50291e-009 9.50291e-009
5.5 -5.12499e-005 3.47348e-013 4.23331e-012 8.71124e-009 8.71124e-009
5.51 -5.11219e-005 -3.88061e-013 9.3187e-012 7.85606e-009 7.85606e-009
5.52 -5.10314e-005 1.75518e-012 7.52917e-012 7.02308e-009 7.02308e-009
5.53 -5.09865e-005 -9.96837e-013 3.01651e-012 6.25165e-009 6.25165e-009
5.54 -5.09937e-005 1.23864e-012 1.12317e-014 5.51981e-009 5.51981e-009
5.55 -5.10574e-005 -7.02421e-013 -7.20999e-013 4.77065e-009 4.77065e-009
5.56 -5.11781e-005 -1.8554e-013 -1.23508e-012 3.95721e-009 3.95721e-009
5.57 -5.13548e-005 9.36619e-014 3.42791e-013 3.06908e-009 3.06908e-009
5.58 -5.15869e-005 3.27975e-012 4.50615e-012 2.1318e-009 2.1318e-009
5.59 -5.18757e-005 2.38496e-012 3.00659e-012 1.19066e-009 1.19066e-009
5.6 -5.22259e-005 5.84082e-012 7.29722e-012 2.85138e-010 2.85138e-010
5.61 -5.26449e-005 1.52216e-012 2.27911e-012 -5.80844e-010 -5.80844e-010
5.62 -5.31347e-005 -9.05299e-013 -1.59578e-012 -1.45302e-009 -1.45302e-009
5.63 -5.36847e-005 4.9677e-013 5.44019e-013 -2.40686e-009 -2.40686e-009
5.64 -5.42737e-005 8.16164e-013 -1.06184e-012 -3.50428e-009 -3.50428e-009
5.65 -5.48815e-005 2.22699e-012 -8.12846e-013 -4.75921e-009 -4.75921e-009
5.66 -5.54985e-005 1.75184e-012 -2.56574e-012 -6.13136e-009 -6.13136e-009
5.67 -5.61258e-005 2.55404e-012 -1.86122e-013 -7.53903e-009 -7.53903e-009
5.68 -5.67665e-005 1.27071e-011 -1.41945e-011 -8.8748e-009 -8.8748e-009
5.69 -5.74174e-005 -5.89827e-012 7.38444e-012 -1.00236e-008 -1.00236e-008
5.7 -5.8066e-005 -2.93181e-011 -8.6357e-012 -1.08889e-008 -1.08889e-008
5.71 -5.86972e-005 -1.07535e-011 -1.80175e-011 -1.14198e-008 -1.14198e-008
5.72 -5.92911e-005 -2.533e-011 3.30669e-011 -1.16188e-008 -1.16188e-008
5.73 -5.98341e-005 -1.46111e-011 2.24719e-011 -1.15259e-008 -1.15259e-008
5.74 -6.03006e-005 8.88688e-012 -9.84234e-012 -1.1194e-008 -1.1194e-008
5.75 -6.06751e-005 -2.46941e-012 9.61127e-012 -1.06704e-008 -1.06704e-008
5.76 -6.09486e-005 1.46687e-011 -1.41486e-011 -9.98991e-009 -9.98991e-009
5.77 -6.1117e-005 -2.46297e-011 -6.60268e-012 -9.17517e-009 -9.17517e-009
5.78 -6.11809e-005 -1.59524e-011 3.25248e-012 -8.24589e-009 -8.24589e-009
5.79 -6.11446e-005 4.73063e-012 -5.93932e-012 -7.23845e-009 -7.23845e-009
5.8 -6.10236e-005 -4.10269e-012 -1.38094e-012 -6.2243e-009 -6.2243e-009
5.81 -6.08399e-005 3.67109e-012 -4.93415e-013 -5.30868e-009 -5.30868e-009
5.82 -6.06097e-005 1.29634e-011 -3.39402e-011 -4.60385e-009 -4.60385e-009
5.83 -6.03357e-005 6.99267e-012 -6.77555e-012 -4.19175e-009 -4.19175e-009
5.84 -6.00136e-005 4.2235e-012 -8.90373e-012 -4.09242e-009 -4.09242e-009
5.85 -5.96468e-005 -5.64891e-012 1.91602e-011 -4.24636e-009 -4.24636e-009
5.86 -5.92515e-005 6.79158e-012 -1.52818e-011 -4.52542e-009 -4.52542e-009
5.87 -5.88532e-005 -4.40619e-012 9.33559e-012 -4.78733e-009 -4.78733e-009
5.88 -5.84847e-005 2.18794e-012 -5.45637e-012 -4.95138e-009 -4.95138e-009
5.89 -5.8177e-005 -1.75613e-012 3.38461e-012 -5.03219e-009 -5.03219e-009
5.9 -5.79441e-005 2.42275e-013 -1.92383e-012 -5.0943e-009 -5.0943e-009
5.91 -5.77774e-005 -9.35815e-013 1.80254e-012 -5.16798e-009 -5.16798e-009
5.92 -5.76492e-005 -4.3826e-013 -3.14401e-013 -5.20507e-009 -5.20507e-009
5.93 -5.75208e-005 -6.34428e-013 7.92774e-013 -5.10615e-009 -5.10615e-009
5.94 -5.73575e-005 -3.02183e-013 -3.51702e-014 -4.77408e-009 -4.77408e-009
5.95 -5.71427e-005 -8.73765e-014 8.77212e-014 -4.13684e-009 -4.13684e-009
5.96 -5.68817e-005 -2.16567e-013 1.38927e-014 -3.14004e-009 -3.14004e-009
5.97 -5.659e-005 3.63297e-012 -4.96483e-012 -1.75054e-009 -1.75054e-009
5.98 -5.62769e-005 2.65187e-011 -2.17567e-011 1.4177e-011 1.4177e-011
5.99 -5.59406e-005 5.42419e-012 -2.03953e-011 2.06329e-009 2.06329e-009
6 -5.55784e-005 -1.50708e-011 2.60767e-013 4.25018e-009 4.25018e-009
6.01 -5.51969e-005 -6.81308e-013 -5.70062e-012 6.42664e-009 6.42664e-009
6.02 -5.48125e-005 1.45713e-012 -2.3503e-011 8.50142e-009 8.50142e-009
6.03 -5.44494e-005 -7.66284e-012 -8.27642e-012 1.04708e-008 1.04708e-008
6.04 -5.4136e-005 2.71822e-012 3.21373e-012 1.24051e-008 1.24051e-008
6.05 -5.39005e-005 -1.02106e-011 -7.7937e-012 1.43885e-008 1.43885e-008
6.06 -5.37667e-005 -5.57708e-011 -6.38537e-011 1.64357e-008 1.64357e-008
6.07 -5.37535e-005 -1.25915e-010 -1.25674e-010 1.84406e-008 1.84406e-008
6.08 -5.38772e-005 -3.72855e-011 -4.5268e-011 2.02023e-008 2.02023e-008
6.09 -5.41579e-005 -1.98766e-011 -3.69315e-013 2.15121e-008 2.15121e-008
6.1 -5.46188e-005 -1.35962e-011 -4.67289e-011 2.22379e-008 2.22379e-008
6.11 -5.52735e-005 -4.17689e-011 1.67055e-011 2.23624e-008 2.23624e-008
6.12 -5.61134e-005 -2.2977e-011 -1.27788e-011 2.19757e-008 2.19757e-008
6.13 -5.71013e-005 3.59759e-012 2.05254e-012 2.12441e-008 2.12441e-008
6.14 -5.81756e-005 -2.20017e-011 -4.06184e-011 2.03632e-008 2.03632e-008
6.15 -5.92544e-005 2.70145e-011 1.14575e-011 1.9491e-008 1.9491e-008
6.16 -6.02537e-005 3.0883e-011 3.21491e-011 1.86863e-008 1.86863e-008
6.17 -6.11028e-005 3.40446e-011 -1.47657e-011 1.7888e-008 1.7888e-008
6.18 -6.17572e-005 2.64584e-011 -5.75864e-011 1.69521e-008 1.69521e-008
6.19 -6.21705e-005 -2.60184e-012 -3.46354e-011 1.57285e-008 1.57285e-008
6.2 -6.23135e-005 -1.74334e-011 -1.28921e-011 1.41439e-008 1.41439e-008
6.21 -6.21591e-005 -2.2515e-011 3.72925e-012 1.22471e-008 1.22471e-008
6.22 -6.16732e-005 -1.324e-011 2.04824e-011 1.01798e-008 1.01798e-008
6.23 -6.08207e-005 5.43137e-011 8.52616e-011 8.08002e-009 8.08002e-009
6.24 -5.95862e-005 8.3621e-011 1.61414e-010 5.98869e-009 5.98869e-009
6.25 -5.79899e-005 3.941e-011 9.33025e-011 3.8393e-009 3.8393e-009
6.26 -5.60983e-005 3.75283e-011 2.81335e-011 1.53468e-009 1.53468e-009
6.27 -5.40163e-005 1.45415e-010 1.49079e-010 -9.60141e-010 -9.60141e-010
6.28 -5.18684e-005 9.46223e-011 9.59903e-011 -3.57885e-009 -3.57885e-009
6.29 -4.97684e-005 -4.59832e-011 -3.04332e-011 -6.17596e-009 -6.17596e-009
6.3 -4.77965e-005 1.33695e-010 8.64086e-011 -8.57076e-009 -8.57076e-009
6.31 -4.60088e-005 3.37428e-012 -1.59266e-011 -1.05746e-008 -1.05746e-008
6.32 -4.44644e-005 2.92533e-011 2.90276e-011 -1.2014e-008 -1.2014e-008
6.33 -4.32437e-005 -3.32005e-012 -1.10072e-011 -1.27874e-008 -1.27874e-008
6.34 -4.24441e-005 9.39029e-012 4.1128e-012 -1.29362e-008 -1.29362e-008
6.35 -4.21579e-005 2.51828e-011 2.08971e-011 -1.26527e-008 -1.26527e-008
6.36 -4.244e-005 2.57859e-011 1.10834e-011 -1.21785e-008 -1.21785e-008
6.37 -4.32758e-005 -8.14509e-012 -1.56471e-011 -1.16565e-008 -1.16565e-008
6.38 -4.45715e-005 2.70415e-011 1.72457e-011 -1.10588e-008 -1.10588e-008
6.39 -4.61956e-005 1.06584e-010 9.23443e-011 -1.02459e-008 -1.02459e-008
6.4 -4.80342e-005 9.38066e-011 1.57588e-010 -9.0985e-009 -9.0985e-009
6.41 -5.00065e-005 -5.99725e-011 -5.76234e-011 -7.62569e-009 -7.62569e-009
6.42 -5.20517e-005 -7.05529e-012 4.61231e-012 -5.99444e-009 -5.99444e-009
6.43 -5.41154e-005 -4.35814e-011 1.30804e-011 -4.46408e-009 -4.46408e-009
6.44 -5.61266e-005 -9.79363e-012 5.19394e-012 -3.25464e-009 -3.25464e-009
6.45 -5.79765e-005 6.59733e-012 -3.18696e-011 -2.44068e-009 -2.44068e-009
6.46 -5.95242e-005 3.52083e-011 2.36114e-011 -1.95832e-009 -1.95832e-009
6.47 -6.06375e-005 2.59242e-011 4.85583e-011 -1.70913e-009 -1.70913e-009
6.48 -6.12381e-005 -5.317e-011 -2.61695e-011 -1.65608e-009 -1.65608e-009
6.49 -6.13243e-005 -2.31452e-011 -3.83108e-011 -1.83858e-009 -1.83858e-009
6.5 -6.09523e-005 7.3631e-012 -1.89998e-012 -2.32571e-009 -2.32571e-009
6.51 -6.02113e-005 -4.4681e-012 1.91603e-012 -3.16317e-009 -3.16317e-009
6.52 -5.92005e-005 4.10582e-012 -9.53467e-013 -4.34081e-009 -4.34081e-009
6.53 -5.80163e-005 -3.80183e-012 -3.58972e-012 -5.77246e-009 -5.77246e-009
6.54 -5.67564e-005 -1.04894e-011 -1.58087e-011 -7.28493e-009 -7.28493e-009
6.55 -5.5525e-005 -1.48134e-011 -1.49967e-011 -8.63941e-009 -8.63941e-009
6.56 -5.44351e-005 3.83221e-011 -4.70639e-011 -9.59526e-009 -9.59526e-009
6.57 -5.3603e-005 5.35963e-011 -3.66369e-010 -9.9724e-009 -9.9724e-009
6.58 -5.31357e-005 -2.27821e-010 -1.9019e-010 -9.66404e-009 -9.66404e-009
6.59 -5.31054e-005 3.33003e-011 2.25696e-010 -8.61437e-009 -8.61437e-009
6.6 -5.35428e-005 1.39833e-011 -6.63011e-011 -6.80167e-009 -6.80167e-009
6.61 -5.44449e-005 -2.42849e-011 -3.28594e-011 -4.24363e-009 -4.24363e-009
6.62 -5.57827e-005 5.85418e-011 -3.35144e-011 -1.02407e-009 -1.02407e-009
6.63 -5.75124e-005 -8.32031e-012 3.2806e-011 2.67913e-009 2.67913e-009
6.64 -5.95688e-005 3.81756e-011 2.62617e-011 6.59609e-009 6.59609e-009
6.65 -6.18597e-005 1.52432e-011 3.91034e-011 1.04088e-008 1.04088e-008
6.66 -6.4282e-005 4.66604e-011 2.829e-011 1.38144e-008 1.38144e-008
6.67 -6.66589e-005 3.84085e-011 2.97795e-011 1.6567e-008 1.6567e-008
6.68 -6.88117e-005 4.09375e-011 -4.29705e-012 1.848e-008 1.848e-008
6.69 -7.05884e-005 2.91116e-011 -1.93519e-011 1.94121e-008 1.94121e-008
6.7 -7.18778e-005 2.61651e-011 -7.14904e-012 1.92748e-008 1.92748e-008
6.71 -7.26181e-005 2.36559e-011 4.9711e-012 1.8072e-008 1.8072e-008
6.72 -7.2797e-005 1.33068e-011 8.26518e-012 1.59278e-008 1.59278e-008
6.73 -7.24377e-005 3.25153e-011 -2.88463e-011 1.30493e-008 1.30493e-008
6.74 -7.15743e-005 2.9956e-012 -7.31682e-012 9.63331e-009 9.63331e-009
6.75 -7.02541e-005 -3.6205e-012 1.6536e-011 5.79649e-009 5.79649e-009
6.76 -6.85443e-005 -5.06231e-012 4.23384e-012 1.60295e-009 1.60295e-009
6.77 -6.65284e-005 -1.45715e-012 1.35251e-012 -2.83386e-009 -2.83386e-009
6.78 -6.43092e-005 2.7801e-011 -3.57312e-011 -7.27475e-009 -7.27475e-009
6.79 -6.20087e-005 7.3245e-011 -5.29071e-011 -1.13825e-008 -1.13825e-008
6.8 -5.97662e-005 1.45036e-010 -1.12243e-010 -1.48316e-008 -1.48316e-008
6.81 -5.77157e-005 -1.47542e-011 3.02144e-011 -1.74099e-008 -1.74099e-008
6.82 -5.59702e-005 5.9853e-011 -2.90769e-011 -1.90499e-008 -1.90499e-008
6.83 -5.46191e-005 3.54713e-011 3.86062e-011 -1.97986e-008 -1.97986e-008
6.84 -5.37249e-005 1.88056e-011 1.67733e-011 -1.97789e-008 -1.97789e-008
6.85 -5.33193e-005 8.60292e-012 1.846e-011 -1.91783e-008 -1.91783e-008
6.86 -5.3392e-005 2.21662e-011 2.6312e-011 -1.82525e-008 -1.82525e-008
6.87 -5.38867e-005 2.54914e-011 -4.80729e-011 -1.72975e-008 -1.72975e-008
6.88 -5.47194e-005 1.74873e-011 -2.63257e-012 -1.65667e-008 -1.65667e-008
6.89 -5.58033e-005 5.04779e-012 3.04246e-011 -1.61833e-008 -1.61833e-008
6.9 -5.70476e-005 -1.10707e-010 -1.96767e-010 -1.61319e-008 -1.61319e-008
6.91 -5.83577e-005 -1.22417e-011 -3.89569e-011 -1.63509e-008 -1.63509e-008
6.92 -5.96409e-005 4.69813e-011 8.55772e-011 -1.6854e-008 -1.6854e-008
6.93 -6.08168e-005 4.18533e-011 4.65558e-011 -1.77661e-008 -1.77661e-008
6.94 -6.18345e-005 1.0219e-010 1.97231e-010 -1.92219e-008 -1.92219e-008
6.95 -6.26661e-005 -1.31885e-011 4.96038e-012 -2.12022e-008 -2.12022e-008
6.96 -6.32846e-005 5.1017e-012 4.03657e-011 -2.3445e-008 -2.3445e-008
6.97 -6.36663e-005 1.04047e-011 5.30492e-011 -2.55098e-008 -2.55098e-008
6.98 -6.38002e-005 -3.65855e-011 -4.20854e-011 -2.69395e-008 -2.69395e-008
6.99 -6.37017e-005 -1.71234e-011 1.84272e-011 -2.74017e-008 -2.74017e-008
7 -6.34037e-005 2.88277e-012 -1.42121e-013 -2.67347e-008 -2.67347e-008
7.01 -6.29455e-005 -4.91122e-012 4.37831e-012 -2.49286e-008 -2.49286e-008
7.02 -6.23671e-005 -4.7195e-012 2.62707e-012 -2.21025e-008 -2.21025e-008
7.03 -6.17179e-005 2.15203e-012 4.47451e-012 -1.84939e-008 -1.84939e-008
7.04 -6.10608e-005 -3.42409e-012 3.9059e-012 -1.4411e-008 -1.4411e-008
7.05 -6.04642e-005 -1.17593e-011 3.6119e-011 -1.01375e-008 -1.01375e-008
7.06 -5.9982e-005 -1.17261e-011 1.80672e-011 -5.84924e-009 -5.84924e-009
7.07 -5.96302e-005 -9.62303e-012 -4.17052e-011 -1.62927e-009 -1.62927e-009
7.08 -5.93849e-005 -1.07933e-011 1.32825e-011 2.42482e-009 2.42482e-009
7.09 -5.91984e-005 -3.07497e-012 -2.83778e-011 6.10375e-009 6.10375e-009
7.1 -5.90175e-005 -9.27608e-011 -1.27775e-010 9.09346e-009 9.09346e-009
7.11 -5.87997e-005 -1.36803e-010 -1.48619e-010 1.10757e-008 1.10757e-008
7.12 -5.85239e-005 -7.48841e-011 -6.10893e-011 1.1842e-008 1.1842e-008
7.13 -5.81975e-005 1.51517e-011 2.70657e-011 1.13715e-008 1.13715e-008
7.14 -5.78505e-005 -9.69554e-011 -6.14685e-011 9.87634e-009 9.87634e-009
7.15 -5.75173e-005 1.37018e-012 6.8762e-011 7.80193e-009 7.80193e-009
7.16 -5.72238e-005 -1.08499e-010 5.17762e-011 5.75662e-009 5.75662e-009
7.17 -5.69725e-005 6.89811e-011 -2.787e-011 4.37574e-009 4.37574e-009
7.18 -5.67708e-005 -4.64533e-011 -7.16968e-012 4.17785e-009 4.17785e-009
7.19 -5.65797e-005 3.48587e-011 2.34228e-011 5.47153e-009 5.47153e-009
7.2 -5.63739e-005 1.02622e-012 2.92962e-012 8.3333e-009 8.3333e-009
7.21 -5.61556e-005 -1.59639e-011 1.76136e-011 1.26439e-008 1.26439e-008
7.22 -5.59162e-005 -2.45709e-010 2.62729e-010 1.81588e-008 1.81588e-008
7.23 -5.56484e-005 4.02799e-010 -2.60826e-010 2.45723e-008 2.45723e-008
7.24 -5.53423e-005 7.09261e-011 -2.12399e-010 3.15358e-008 3.15358e-008
7.25 -5.49743e-005 3.13522e-010 -2.61143e-010 3.86259e-008 3.86259e-008
7.26 -5.45334e-005 1.03244e-010 -1.12169e-010 4.53086e-008 4.53086e-008
7.27 -5.40029e-005 -2.30463e-011 1.57553e-010 5.09513e-008 5.09513e-008
7.28 -5.33759e-005 -5.82618e-011 -2.5423e-011 5.48935e-008 5.48935e-008
7.29 -5.26483e-005 -1.47172e-012 4.20547e-011 5.65551e-008 5.65551e-008
7.3 -5.18182e-005 -6.46218e-011 1.70503e-011 5.55474e-008 5.55474e-008
7.31 -5.08776e-005 3.88584e-011 3.83591e-011 5.17475e-008 5.17475e-008
7.32 -4.98173e-005 1.1481e-012 4.35234e-011 4.53178e-008 4.53178e-008
7.33 -4.86639e-005 3.30616e-011 -1.29983e-010 3.66752e-008 3.66752e-008
7.34 -4.74997e-005 4.78839e-011 -7.95215e-011 2.6428e-008 2.6428e-008
7.35 -4.64482e-005 -4.84164e-011 -1.20785e-010 1.52845e-008 1.52845e-008
7.36 -4.56322e-005 -1.91219e-010 -8.90218e-011 3.94166e-009 3.94166e-009
7.37 -4.51445e-005 -8.89155e-011 -1.15735e-010 -7.00618e-009 -7.00618e-009
7.38 -4.50271e-005 1.2229e-010 1.65346e-011 -1.70842e-008 -1.70842e-008
7.39 -4.52879e-005 2.96951e-011 -1.1307e-010 -2.58781e-008 -2.58781e-008
7.4 -4.5913e-005 -3.89894e-011 3.7981e-011 -3.29833e-008 -3.29833e-008
7.41 -4.68721e-005 -1.094e-010 7.35027e-011 -3.80449e-008 -3.80449e-008
7.42 -4.81286e-005 1.51561e-011 1.57012e-011 -4.08661e-008 -4.08661e-008
7.43 -4.96456e-005 -8.71603e-012 -9.21132e-012 -4.1479e-008 -4.1479e-008
7.44 -5.13995e-005 5.80857e-012 6.09292e-012 -4.01127e-008 -4.01127e-008
7.45 -5.33654e-005 -3.09359e-012 -3.83698e-012 -3.71105e-008 -3.71105e-008
7.46 -5.54986e-005 7.15264e-012 7.20042e-012 -3.28853e-008 -3.28853e-008
7.47 -5.77172e-005 7.03117e-013 -3.96574e-014 -2.79224e-008 -2.79224e-008
7.48 -5.99102e-005 1.04447e-012 -7.7681e-013 -2.27601e-008 -2.27601e-008
7.49 -6.19614e-005 -1.68585e-013 -2.29136e-012 -1.79033e-008 -1.79033e-008
7.5 -6.37797e-005 -9.21567e-012 -1.68396e-013 -1.37173e-008 -1.37173e-008
7.51 -6.531e-005 -1.50833e-010 1.18383e-010 -1.03901e-008 -1.03901e-008
7.52 -6.65326e-005 -3.19149e-011 2.55177e-011 -7.98874e-009 -7.98874e-009
7.53 -6.74393e-005 1.32235e-010 -1.15382e-010 -6.55061e-009 -6.55061e-009
7.54 -6.80393e-005 1.08882e-011 -5.85719e-011 -6.1243e-009 -6.1243e-009
7.55 -6.83572e-005 1.71588e-010 -6.00022e-011 -6.73784e-009 -6.73784e-009
7.56 -6.84418e-005 6.30845e-011 -7.11316e-011 -8.34389e-009 -8.34389e-009
7.57 -6.83533e-005 -2.87066e-011 -1.99257e-011 -1.07918e-008 -1.07918e-008
7.58 -6.8138e-005 7.34471e-011 2.70906e-012 -1.38539e-008 -1.38539e-008
7.59 -6.781e-005 3.51235e-011 -2.11899e-011 -1.72973e-008 -1.72973e-008
7.6 -6.73511e-005 1.26778e-011 -1.21989e-011 -2.09468e-008 -2.09468e-008
7.61 -6.67533e-005 4.39912e-011 -3.1858e-011 -2.46871e-008 -2.46871e-008
7.62 -6.60414e-005 6.57838e-011 -1.08928e-010 -2.8415e-008 -2.8415e-008
7.63 -6.52656e-005 -1.11868e-011 1.67601e-011 -3.20073e-008 -3.20073e-008
7.64 -6.44798e-005 7.79264e-012 -1.04749e-011 -3.53383e-008 -3.53383e-008
7.65 -6.373e-005 -5.68749e-012 2.76243e-012 -3.83042e-008 -3.83042e-008
7.66 -6.30373e-005 4.95991e-013 -8.66306e-012 -4.0803e-008 -4.0803e-008
7.67 -6.23813e-005 -2.50461e-012 -1.50332e-013 -4.26732e-008 -4.26732e-008
7.68 -6.17239e-005 2.16875e-012 -3.35611e-012 -4.36522e-008 -4.36522e-008
7.69 -6.10399e-005 -1.17108e-012 -1.60912e-012 -4.34067e-008 -4.34067e-008
7.7 -6.03182e-005 -5.85074e-014 -7.12884e-013 -4.16238e-008 -4.16238e-008
7.71 -5.95593e-005 -3.74013e-012 4.86309e-012 -3.81036e-008 -3.81036e-008
7.72 -5.87698e-005 -1.17829e-011 1.15048e-011 -3.27864e-008 -3.27864e-008
7.73 -5.79614e-005 -1.37259e-011 1.57438e-011 -2.57017e-008 -2.57017e-008
7.74 -5.71395e-005 3.54419e-012 6.53379e-013 -1.69075e-008 -1.69075e-008
7.75 -5.62885e-005 1.76307e-011 3.22063e-011 -6.49831e-009 -6.49831e-009
7.76 -5.53758e-005 -1.9895e-010 3.44988e-010 5.30765e-009 5.30765e-009
7.77 -5.43733e-005 -5.98607e-010 7.13153e-010 1.80765e-008 1.80765e-008
7.78 -5.32689e-005 5.22032e-010 -8.14612e-010 3.11665e-008 3.11665e-008
7.79 -5.21058e-005 -1.46608e-011 1.23892e-010 4.38315e-008 4.38315e-008
7.8 -5.09184e-005 9.27707e-011 -6.04124e-011 5.53314e-008 5.53314e-008
7.81 -4.97461e-005 -1.30911e-010 -1.0875e-010 6.50014e-008 6.50014e-008
7.82 -4.85872e-005 -3.36831e-010 -1.20901e-010 7.22762e-008 7.22762e-008
7.83 -4.74227e-005 2.88885e-010 2.56176e-010 7.66914e-008 7.66914e-008
7.84 -4.62283e-005 4.2581e-011 1.40941e-010 7.79106e-008 7.79106e-008
7.85 -4.50052e-005 -7.56996e-012 3.08994e-011 7.57973e-008 7.57973e-008
7.86 -4.38034e-005 4.71715e-011 2.31259e-010 7.04884e-008 7.04884e-008
7.87 -4.26977e-005 8.43035e-011 6.84043e-011 6.23941e-008 6.23941e-008
7.88 -4.17746e-005 -3.1361e-011 2.66704e-012 5.21137e-008 5.21137e-008
7.89 -4.11162e-005 -2.99843e-011 -1.5298e-010 4.0339e-008 4.0339e-008
7.9 -4.07759e-005 -1.30012e-011 -6.29036e-011 2.7818e-008 2.7818e-008
7.91 -4.07658e-005 6.0037e-011 8.48562e-011 1.53585e-008 1.53585e-008
7.92 -4.106e-005 -1.83223e-011 -3.83933e-011 3.7879e-009 3.7879e-009
7.93 -4.16073e-005 2.78163e-011 2.16184e-011 -6.16275e-009 -6.16275e-009
7.94 -4.23406e-005 9.87805e-011 1.03119e-010 -1.39902e-008 -1.39902e-008
7.95 -4.32068e-005 5.00483e-011 5.43444e-011 -1.94699e-008 -1.94699e-008
7.96 -4.41721e-005 -1.91929e-011 2.85432e-011 -2.25991e-008 -2.25991e-008
7.97 -4.5223e-005 2.2183e-011 3.61573e-011 -2.35004e-008 -2.35004e-008
7.98 -4.63555e-005 -1.85237e-011 -2.09887e-011 -2.23734e-008 -2.23734e-008
7.99 -4.7559e-005 -6.57042e-012 5.62338e-011 -1.95088e-008 -1.95088e-008
8 -4.8807e-005 -1.0351e-011 3.61901e-011 -1.53065e-008 -1.53065e-008
8.01 -5.00592e-005 -2.84193e-011 -1.62639e-012 -1.02414e-008 -1.02414e-008
8.02 -5.12801e-005 -7.72641e-012 -3.78814e-011 -4.78442e-009 -4.78442e-009
8.03 -5.24468e-005 -2.45968e-011 -3.77625e-011 6.61933e-010 6.61933e-010
8.04 -5.35425e-005 -4.25652e-011 -1.64963e-011 5.75602e-009 5.75602e-009
8.05 -5.4552e-005 1.97728e-010 -1.26579e-010 1.01514e-008 1.01514e-008
8.06 -5.5471e-005 -7.54828e-011 1.69933e-012 1.34615e-008 1.34615e-008
8.07 -5.63265e-005 -4.12375e-011 -1.44211e-011 1.5324e-008 1.5324e-008
8.08 -5.71657e-005 5.22508e-011 -7.22403e-011 1.55181e-008 1.55181e-008
8.09 -5.80315e-005 -7.79654e-011 2.34521e-011 1.40194e-008 1.40194e-008
8.1 -5.89485e-005 9.32043e-011 1.78131e-011 1.09528e-008 1.09528e-008
8.11 -5.99274e-005 1.47152e-011 -1.8641e-011 6.51097e-009 6.51097e-009
8.12 -6.09569e-005 -2.61519e-011 2.54949e-011 9.23891e-010 9.23891e-010
8.13 -6.20163e-005 7.43858e-012 -2.86737e-011 -5.51746e-009 -5.51746e-009
8.14 -6.30685e-005 -2.75092e-011 6.97375e-011 -1.24388e-008 -1.24388e-008
8.15 -6.40668e-005 2.60561e-011 -6.55625e-011 -1.93982e-008 -1.93982e-008
8.16 -6.49652e-005 -1.59568e-011 3.92717e-011 -2.59334e-008 -2.59334e-008
8.17 -6.57254e-005 2.0926e-011 -4.01059e-011 -3.16199e-008 -3.16199e-008
8.18 -6.63198e-005 2.95431e-012 9.10854e-012 -3.6119e-008 -3.6119e-008
8.19 -6.67311e-005 1.31603e-012 -3.70011e-012 -3.92005e-008 -3.92005e-008
8.2 -6.69504e-005 1.73215e-012 1.84025e-012 -4.07353e-008 -4.07353e-008
8.21 -6.69771e-005 9.49162e-013 -1.84698e-012 -4.06838e-008 -4.06838e-008
8.22 -6.6817e-005 8.41371e-014 8.52829e-013 -3.90999e-008 -3.90999e-008
8.23 -6.64829e-005 -2.43235e-012 -7.29008e-013 -3.61383e-008 -3.61383e-008
8.24 -6.59947e-005 -4.54482e-012 -8.35817e-012 -3.20253e-008 -3.20253e-008
8.25 -6.53769e-005 -5.09872e-012 -1.131e-011 -2.69871e-008 -2.69871e-008
8.26 -6.46565e-005 5.61992e-013 -3.60312e-011 -2.11906e-008 -2.11906e-008
8.27 -6.38684e-005 -7.86818e-014 -8.10764e-011 -1.47555e-008 -1.47555e-008
8.28 -6.30581e-005 -5.22615e-011 -1.59769e-010 -7.82988e-009 -7.82988e-009
8.29 -6.22771e-005 -1.71523e-010 -3.72769e-011 -6.61953e-010 -6.61953e-010
8.3 -6.15785e-005 -8.16839e-011 3.76181e-012 6.39447e-009 6.39447e-009
8.31 -6.10287e-005 -1.44002e-010 -5.63929e-011 1.29507e-008 1.29507e-008
8.32 -6.06813e-005 -1.67944e-011 7.81153e-011 1.86966e-008 1.86966e-008
8.33 -6.0577e-005 -2.58921e-010 -2.44931e-010 2.34877e-008 2.34877e-008
8.34 -6.07305e-005 1.99234e-010 2.73336e-011 2.73467e-008 2.73467e-008
8.35 -6.11304e-005 1.19818e-010 -2.41171e-011 3.03959e-008 3.03959e-008
8.36 -6.17462e-005 -8.29237e-011 -7.92811e-011 3.27745e-008 3.27745e-008
8.37 -6.25466e-005 -5.42017e-011 5.54385e-011 3.45857e-008 3.45857e-008
8.38 -6.34953e-005 -8.30492e-010 -8.80884e-010 3.5888e-008 3.5888e-008
8.39 -6.4539e-005 -3.79776e-011 -9.38024e-012 3.67242e-008 3.67242e-008
8.4 -6.56267e-005 -4.20153e-011 -3.81645e-010 3.71624e-008 3.71624e-008
8.41 -6.67049e-005 -4.27858e-010 -5.53959e-010 3.73239e-008 3.73239e-008
8.42 -6.77263e-005 -7.58041e-010 -6.65636e-010 3.73874e-008 3.73874e-008
8.43 -6.86437e-005 -3.0108e-010 -6.95295e-010 3.756e-008 3.756e-008
8.44 -6.94255e-005 -8.53412e-011 -1.16027e-010 3.80112e-008 3.80112e-008
8.45 -7.00618e-005 -6.71615e-010 -6.41679e-010 3.88041e-008 3.88041e-008
8.46 -7.05412e-005 -1.69779e-009 -2.04446e-009 3.98827e-008 3.98827e-008
8.47 -7.08569e-005 -1.14175e-009 -1.38282e-009 4.11096e-008 4.11096e-008
8.48 -7.10211e-005 -8.73033e-010 -5.08819e-010 4.23126e-008 4.23126e-008
8.49 -7.10525e-005 -4.94969e-010 -9.0411e-010 4.33239e-008 4.33239e-008
8.5 -7.09834e-005 -8.60753e-010 -1.98468e-009 4.40164e-008 4.40164e-008
8.51 -7.08496e-005 1.88464e-010 3.37593e-010 4.43325e-008 4.43325e-008
8.52 -7.07279e-005 -3.60356e-010 -4.59932e-010 4.42693e-008 4.42693e-008
8.53 -7.0654e-005 -8.52425e-010 -6.85102e-010 4.38212e-008 4.38212e-008
8.54 -7.06759e-005 -1.57603e-009 -2.29938e-009 4.29463e-008 4.29463e-008
8.55 -7.08258e-005 -2.51927e-010 -1.02376e-009 4.15914e-008 4.15914e-008
8.56 -7.11451e-005 1.20045e-011 -1.3401e-011 3.9744e-008 3.9744e-008
8.57 -7.16575e-005 1.81018e-011 -3.00057e-011 3.74523e-008 3.74523e-008
8.58 -7.2356e-005 6.3193e-011 -7.72496e-011 3.47926e-008 3.47926e-008
8.59 -7.32251e-005 -1.62287e-010 1.70596e-010 3.18215e-008 3.18215e-008
8.6 -7.42352e-005 -2.26411e-011 3.04698e-011 2.85576e-008 2.85576e-008
8.61 -7.53246e-005 1.90301e-011 -2.87517e-011 2.49999e-008 2.49999e-008
8.62 -7.64236e-005 -6.83868e-012 1.1439e-011 2.11416e-008 2.11416e-008
8.63 -7.7459e-005 -2.39647e-012 6.05573e-012 1.69574e-008 1.69574e-008
8.64 -7.83595e-005 2.54425e-011 -1.96068e-011 1.23936e-008 1.23936e-008
8.65 -7.90752e-005 -3.5879e-011 2.99162e-011 7.39347e-009 7.39347e-009
8.66 -7.95779e-005 -1.95794e-012 -3.52985e-012 1.95595e-009 1.95595e-009
8.67 -7.98568e-005 7.41e-011 -6.60646e-011 -3.8229e-009 -3.8229e-009
8.68 -7.99072e-005 -2.33001e-010 1.61058e-010 -9.7572e-009 -9.7572e-009
8.69 -7.97323e-005 1.28547e-010 -1.78936e-010 -1.56123e-008 -1.56123e-008
8.7 -7.93459e-005 9.13577e-011 -1.3057e-010 -2.11414e-008 -2.11414e-008
8.71 -7.87824e-005 -4.72371e-011 -1.6407e-010 -2.61037e-008 -2.61037e-008
8.72 -7.80888e-005 -1.29104e-011 -4.71581e-011 -3.02757e-008 -3.02757e-008
8.73 -7.73181e-005 1.02571e-010 -3.11809e-010 -3.34555e-008 -3.34555e-008
8.74 -7.65138e-005 -2.97521e-010 -4.93037e-010 -3.54577e-008 -3.54577e-008
8.75 -7.5716e-005 2.3717e-010 -5.57138e-010 -3.61205e-008 -3.61205e-008
8.76 -7.49623e-005 -1.23694e-009 -1.17966e-009 -3.53374e-008 -3.53374e-008
8.77 -7.42729e-005 -3.49246e-010 -5.66477e-010 -3.31088e-008 -3.31088e-008
8.78 -7.36639e-005 -1.47859e-010 -5.21567e-010 -2.95997e-008 -2.95997e-008
8.79 -7.31182e-005 1.52861e-010 -2.09415e-010 -2.5171e-008 -2.5171e-008
8.8 -7.26031e-005 2.40272e-010 1.82242e-010 -2.03506e-008 -2.03506e-008
8.81 -7.20664e-005 1.02844e-011 -8.62107e-012 -1.57387e-008 -1.57387e-008
8.82 -7.14397e-005 -7.69499e-010 -6.37441e-010 -1.18859e-008 -1.18859e-008
8.83 -7.06564e-005 -5.70348e-010 -7.86254e-010 -9.20423e-009 -9.20423e-009
8.84 -6.96637e-005 2.7258e-010 2.10016e-010 -7.95733e-009 -7.95733e-009
8.85 -6.84513e-005 1.65115e-010 3.72117e-010 -8.30383e-009 -8.30383e-009
8.86 -6.70331e-005 2.34128e-010 -1.35407e-010 -1.03127e-008 -1.03127e-008
8.87 -6.54639e-005 3.85127e-010 6.47994e-010 -1.39363e-008 -1.39363e-008
8.88 -6.37438e-005 8.03198e-010 5.16507e-010 -1.90046e-008 -1.90046e-008
8.89 -6.18747e-005 2.77178e-010 1.67868e-010 -2.52812e-008 -2.52812e-008
8.9 -5.98646e-005 1.00832e-009 9.06061e-010 -3.25131e-008 -3.25131e-008
8.91 -5.77346e-005 1.80563e-009 1.52874e-009 -4.03936e-008 -4.03936e-008
8.92 -5.55183e-005 1.33953e-009 1.6417e-009 -4.85015e-008 -4.85015e-008
8.93 -5.3306e-005 1.03637e-009 8.62028e-010 -5.62938e-008 -5.62938e-008
8.94 -5.11891e-005 6.80243e-010 8.72009e-010 -6.31589e-008 -6.31589e-008
8.95 -4.92559e-005 1.222e-009 1.08912e-009 -6.85044e-008 -6.85044e-008
8.96 -4.75517e-005 5.50375e-010 9.61905e-010 -7.18306e-008 -7.18306e-008
8.97 -4.60776e-005 5.9328e-011 4.65297e-010 -7.27796e-008 -7.27796e-008
8.98 -4.48074e-005 4.11394e-010 1.07484e-009 -7.11806e-008 -7.11806e-008
8.99 -4.36865e-005 5.1163e-010 6.32028e-010 -6.70716e-008 -6.70716e-008
9 -4.26856e-005 1.17841e-010 2.0422e-009 -6.06692e-008 -6.06692e-008
9.01 -4.17654e-005 4.73218e-010 -2.90725e-010 -5.23032e-008 -5.23032e-008
9.02 -4.08992e-005 1.22407e-010 1.51655e-009 -4.23557e-008 -4.23557e-008
9.03 -4.00252e-005 1.30393e-010 1.56788e-009 -3.12427e-008 -3.12427e-008
9.04 -3.90841e-005 3.73119e-010 6.98056e-010 -1.94205e-008 -1.94205e-008
9.05 -3.80345e-005 -1.74078e-010 1.93947e-009 -7.38223e-009 -7.38223e-009
9.06 -3.68284e-005 3.30126e-011 1.9042e-009 4.35511e-009 4.35511e-009
9.07 -3.5461e-005 -5.50253e-010 2.35922e-009 1.52812e-008 1.52812e-008
9.08 -3.39286e-005 -4.50317e-010 1.7361e-009 2.49379e-008 2.49379e-008
9.09 -3.22825e-005 -3.58777e-010 1.80159e-009 3.29705e-008 3.29705e-008
9.1 -3.05559e-005 -2.68857e-010 6.7346e-010 3.91798e-008 3.91798e-008
9.11 -2.87955e-005 -5.13602e-010 6.08259e-010 4.35514e-008 4.35514e-008
9.12 -2.70664e-005 -2.5858e-011 -5.36849e-011 4.62307e-008 4.62307e-008
9.13 -2.54459e-005 -2.2406e-010 6.43831e-010 4.74501e-008 4.74501e-008
9.14 -2.40052e-005 -1.37614e-009 1.07223e-009 4.7451e-008 4.7451e-008
9.15 -2.28188e-005 2.45782e-010 1.50235e-011 4.64436e-008 4.64436e-008
9.16 -2.19654e-005 -4.95867e-010 5.25242e-010 4.4615e-008 4.4615e-008
9.17 -2.15247e-005 -9.04743e-010 -7.34046e-011 4.21723e-008 4.21723e-008
9.18 -2.15464e-005 2.44094e-010 9.08613e-010 3.94031e-008 3.94031e-008
9.19 -2.20769e-005 -7.83906e-010 -2.61684e-010 3.67168e-008 3.67168e-008
9.2 -2.31376e-005 -3.37547e-010 1.0202e-009 3.46006e-008 3.46006e-008
9.21 -2.47006e-005 -8.30814e-010 -3.44015e-010 3.34987e-008 3.34987e-008
9.22 -2.67339e-005 3.01297e-010 7.28465e-010 3.37003e-008 3.37003e-008
9.23 -2.91693e-005 -1.83797e-012 7.5023e-011 3.52878e-008 3.52878e-008
9.24 -3.19295e-005 3.27232e-010 6.33634e-010 3.81483e-008 3.81483e-008
9.25 -3.49483e-005 4.58245e-011 2.91266e-010 4.20164e-008 4.20164e-008
9.26 -3.81421e-005 -2.92488e-010 -1.70945e-010 4.65273e-008 4.65273e-008
9.27 -4.14396e-005 -1.11732e-011 4.53611e-010 5.12674e-008 5.12674e-008
9.28 -4.47566e-005 1.3198e-010 4.79422e-010 5.58183e-008 5.58183e-008
9.29 -4.80118e-005 -6.00062e-011 -1.007e-010 5.98027e-008 5.98027e-008
9.3 -5.1128e-005 1.72871e-011 3.3266e-010 6.29214e-008 6.29214e-008
9.31 -5.40258e-005 -3.97027e-012 2.29752e-010 6.49596e-008 6.49596e-008
9.32 -5.66656e-005 -8.27725e-011 -8.34194e-011 6.57504e-008 6.57504e-008
9.33 -5.90433e-005 -3.65547e-011 4.16639e-010 6.51157e-008 6.51157e-008
9.34 -6.11524e-005 -1.22129e-010 2.5056e-010 6.28404e-008 6.28404e-008
9.35 -6.30009e-005 -4.32215e-010 7.2271e-010 5.87192e-008 5.87192e-008
9.36 -6.46235e-005 -1.69475e-009 1.79479e-009 5.26474e-008 5.26474e-008
9.37 -6.60497e-005 -1.05502e-009 4.0413e-010 4.46888e-008 4.46888e-008
9.38 -6.73304e-005 1.1814e-009 -1.64957e-009 3.50744e-008 3.50744e-008
9.39 -6.85053e-005 -7.4693e-010 1.35154e-009 2.41296e-008 2.41296e-008
9.4 -6.96275e-005 -1.41936e-009 1.13749e-009 1.21765e-008 1.21765e-008
9.41 -7.07494e-005 -6.83874e-010 -5.48706e-010 -5.08242e-010 -5.08242e-010
9.42 -7.19214e-005 -5.60974e-010 -8.54988e-011 -1.36664e-008 -1.36664e-008
9.43 -7.31946e-005 -3.62833e-012 -1.27215e-009 -2.70172e-008 -2.70172e-008
9.44 -7.45769e-005 3.98919e-009 -6.72248e-009 -4.02144e-008 -4.02144e-008
9.45 -7.61258e-005 3.79774e-009 -4.14096e-009 -5.28198e-008 -5.28198e-008
9.46 -7.7801e-005 6.18364e-009 -4.96903e-009 -6.43585e-008 -6.43585e-008
9.47 -7.95666e-005 3.74112e-009 -1.48045e-009 -7.44316e-008 -7.44316e-008
9.48 -8.13934e-005 4.68686e-009 -1.62051e-009 -8.27776e-008 -8.27776e-008
9.49 -8.31915e-005 2.35606e-009 -3.87135e-010 -8.92563e-008 -8.92563e-008
9.5 -8.48836e-005 1.52673e-009 -4.45195e-010 -9.38183e-008 -9.38183e-008
9.51 -8.64391e-005 2.24572e-009 -1.14355e-010 -9.64967e-008 -9.64967e-008
9.52 -8.77703e-005 -2.90482e-010 1.1729e-010 -9.74394e-008 -9.74394e-008
9.53 -8.88519e-005 1.93541e-009 1.87766e-010 -9.69232e-008 -9.69232e-008
9.54 -8.95987e-005 6.93171e-010 3.6448e-010 -9.5286e-008 -9.5286e-008
9.55 -8.99474e-005 3.99545e-010 -1.15337e-010 -9.28217e-008 -9.28217e-008
9.56 -8.98445e-005 7.4792e-011 -7.5003e-011 -8.97251e-008 -8.97251e-008
9.57 -8.92585e-005 8.95175e-010 2.1065e-010 -8.61235e-008 -8.61235e-008
9.58 -8.81806e-005 8.11149e-010 5.24327e-010 -8.21788e-008 -8.21788e-008
9.59 -8.66186e-005 6.42443e-010 5.88037e-010 -7.81844e-008 -7.81844e-008
9.6 -8.46101e-005 1.92193e-010 5.94546e-011 -7.45518e-008 -7.45518e-008
9.61 -8.22243e-005 3.33312e-010 1.57843e-010 -7.16513e-008 -7.16513e-008
9.62 -7.95489e-005 4.31839e-010 1.53315e-010 -6.96231e-008 -6.96231e-008
9.63 -7.66776e-005 5.22634e-010 -2.62355e-011 -6.83292e-008 -6.83292e-008
9.64 -7.3692e-005 1.16902e-009 4.88634e-010 -6.7475e-008 -6.7475e-008
9.65 -7.06529e-005 8.6334e-010 4.52917e-010 -6.67845e-008 -6.67845e-008
9.66 -6.7611e-005 -4.68519e-011 -1.19054e-010 -6.61006e-008 -6.61006e-008
9.67 -6.46266e-005 1.61645e-010 4.52776e-010 -6.53493e-008 -6.53493e-008
9.68 -6.17417e-005 -4.78762e-011 5.26311e-011 -6.44461e-008 -6.44461e-008
9.69 -5.90141e-005 4.44926e-011 1.05065e-012 -6.32617e-008 -6.32617e-008
9.7 -5.64742e-005 -5.02719e-011 -5.51908e-011 -6.1666e-008 -6.1666e-008
9.71 -5.41392e-005 3.05141e-011 2.09656e-010 -5.95785e-008 -5.95785e-008
9.72 -5.2027e-005 -3.84581e-011 4.09619e-010 -5.69398e-008 -5.69398e-008
9.73 -5.01119e-005 1.23471e-010 -3.08893e-010 -5.36259e-008 -5.36259e-008
9.74 -4.83644e-005 9.66477e-011 1.14618e-010 -4.94256e-008 -4.94256e-008
9.75 -4.6724e-005 2.65029e-010 -2.45334e-010 -4.41384e-008 -4.41384e-008
9.76 -4.51517e-005 1.39909e-010 -1.71285e-010 -3.7698e-008 -3.7698e-008
9.77 -4.35902e-005 2.39516e-009 -2.87581e-009 -3.02007e-008 -3.02007e-008
9.78 -4.20534e-005 1.34538e-009 -1.21649e-009 -2.18218e-008 -2.18218e-008
9.79 -4.05492e-005 1.20266e-009 -3.95051e-010 -1.27014e-008 -1.27014e-008
9.8 -3.90879e-005 7.50798e-010 -4.0747e-010 -2.89074e-009 -2.89074e-009
9.81 -3.76665e-005 1.3332e-009 -6.16721e-010 7.60338e-009 7.60338e-009
9.82 -3.62483e-005 3.21716e-010 -3.21098e-010 1.87205e-008 1.87205e-008
9.83 -3.48252e-005 5.40531e-010 2.33696e-010 3.02788e-008 3.02788e-008
9.84 -3.33592e-005 2.40342e-010 1.51344e-010 4.19724e-008 4.19724e-008
9.85 -3.18811e-005 -6.32682e-011 6.93974e-010 5.341e-008 5.341e-008
9.86 -3.04313e-005 -9.89141e-009 1.41416e-008 6.41723e-008 6.41723e-008
9.87 -2.8974e-005 -5.17285e-009 3.56617e-009 7.38605e-008 7.38605e-008
9.88 -2.75752e-005 -2.64491e-009 2.87546e-009 8.21029e-008 8.21029e-008
9.89 -2.62612e-005 -4.40547e-009 1.54532e-009 8.85898e-008 8.85898e-008
9.9 -2.50021e-005 -3.25674e-011 -1.04568e-009 9.31555e-008 9.31555e-008
9.91 -2.38011e-005 -3.00405e-009 3.54327e-009 9.58085e-008 9.58085e-008
9.92 -2.26366e-005 3.01695e-010 -2.78286e-009 9.66577e-008 9.66577e-008
9.93 -2.15275e-005 2.60275e-010 -3.52906e-011 9.58034e-008 9.58034e-008
9.94 -2.04208e-005 -5.49022e-010 6.69811e-010 9.33311e-008 9.33311e-008
9.95 -1.94145e-005 4.34497e-010 2.14215e-010 8.94339e-008 8.94339e-008
9.96 -1.8537e-005 8.68826e-011 2.88494e-009 8.44786e-008 8.44786e-008
9.97 -1.77323e-005 -2.5575e-010 -3.47916e-010 7.89074e-008 7.89074e-008
9.98 -1.70105e-005 -1.14727e-009 1.19426e-010 7.31288e-008 7.31288e-008
9.99 -1.64291e-005 -1.35806e-009 1.01794e-009 6.75081e-008 6.75081e-008
10 -1.59987e-005 -6.34658e-010 8.81915e-010 6.23884e-008 6.23884e-008
