0.1 -5.40922e-006 5.3404e-007 1.19576e-007 -1.23976e-011 -1.23976e-011
0.2 -1.08263e-005 1.06859e-006 2.39451e-007 -2.4765e-011 -2.4765e-011
0.3 -1.62513e-005 1.60366e-006 3.59625e-007 -3.7102e-011 -3.7102e-011
0.4 -2.16843e-005 2.13924e-006 4.80101e-007 -4.94081e-011 -4.94081e-011
0.5 -2.71252e-005 2.67534e-006 6.00881e-007 -6.16831e-011 -6.16831e-011
0.6 -3.25742e-005 3.21197e-006 7.21967e-007 -7.39266e-011 -7.39266e-011
0.7 -3.80311e-005 3.74911e-006 8.43363e-007 -8.61383e-011 -8.61383e-011
0.8 -4.34962e-005 4.28678e-006 9.65069e-007 -9.83179e-011 -9.83179e-011
0.9 -4.89857e-005 4.82822e-006 1.08706e-006 -1.11715e-010 -1.11715e-010
1 -5.45012e-005 5.37072e-006 1.20934e-006 -1.27333e-010 -1.27333e-010
0.01 -5.45012e-005 5.36605e-006 1.20797e-006 -1.2671e-010 -1.2671e-010
0.02 -5.45012e-005 5.35296e-006 1.20426e-006 -1.23372e-010 -1.23372e-010
0.03 -5.45013e-005 5.33835e-006 1.20008e-006 -1.15501e-010 -1.15501e-010
0.04 -5.45013e-005 5.32862e-006 1.19672e-006 -1.04713e-010 -1.04713e-010
0.05 -5.45012e-005 5.32396e-006 1.19362e-006 -9.5308e-011 -9.5308e-011
0.06 -5.45014e-005 5.32375e-006 1.19043e-006 -9.02457e-011 -9.02457e-011
0.07 -5.45019e-005 5.32726e-006 1.18719e-006 -8.94129e-011 -8.94129e-011
0.08 -5.45027e-005 5.33389e-006 1.18425e-006 -9.13678e-011 -9.13678e-011
0.09 -5.4504e-005 5.34314e-006 1.18213e-006 -9.52293e-011 -9.52293e-011
0.1 -5.45059e-005 5.35448e-006 1.18109e-006 -1.00395e-010 -1.00395e-010
0.11 -5.45087e-005 5.36717e-006 1.1811e-006 -1.0523e-010 -1.0523e-010
0.12 -5.45123e-005 5.38046e-006 1.1817e-006 -1.07137e-010 -1.07137e-010
0.13 -5.4517e-005 5.39369e-006 1.18228e-006 -1.04406e-010 -1.04406e-010
0.14 -5.45226e-005 5.4063e-006 1.1823e-006 -9.80427e-011 -9.80427e-011
0.15 -5.45291e-005 5.41775e-006 1.18148e-006 -9.18118e-011 -9.18118e-011
0.16 -5.45361e-005 5.42732e-006 1.17995e-006 -9.03843e-011 -9.03843e-011
0.17 -5.45433e-005 5.43448e-006 1.1781e-006 -9.69541e-011 -9.69541e-011
0.18 -5.45504e-005 5.43944e-006 1.17623e-006 -1.12031e-010 -1.12031e-010
0.19 -5.45571e-005 5.4434e-006 1.17436e-006 -1.34237e-010 -1.34237e-010
0.2 -5.45634e-005 5.44838e-006 1.1723e-006 -1.6242e-010 -1.6242e-010
0.21 -5.4569e-005 5.45639e-006 1.16996e-006 -1.97247e-010 -1.97247e-010
0.22 -5.45739e-005 5.46879e-006 1.16757e-006 -2.40816e-010 -2.40816e-010
0.23 -5.45783e-005 5.48586e-006 1.16552e-006 -2.94727e-010 -2.94727e-010
0.24 -5.45822e-005 5.50677e-006 1.16405e-006 -3.58311e-010 -3.58311e-010
0.25 -5.45855e-005 5.52999e-006 1.16304e-006 -4.28316e-010 -4.28316e-010
0.26 -5.45884e-005 5.55387e-006 1.16234e-006 -5.00025e-010 -5.00025e-010
0.27 -5.45909e-005 5.5774e-006 1.16221e-006 -5.68558e-010 -5.68558e-010
0.28 -5.45932e-005 5.60039e-006 1.16329e-006 -6.29475e-010 -6.29475e-010
0.29 -5.45955e-005 5.62299e-006 1.16582e-006 -6.79034e-010 -6.79034e-010
0.3 -5.45981e-005 5.64506e-006 1.16931e-006 -7.14659e-010 -7.14659e-010
0.31 -5.46011e-005 5.66614e-006 1.17324e-006 -7.35634e-010 -7.35634e-010
0.32 -5.46045e-005 5.68529e-006 1.17753e-006 -7.43343e-010 -7.43343e-010
0.33 -5.46083e-005 5.70106e-006 1.18211e-006 -7.40373e-010 -7.40373e-010
0.34 -5.46121e-005 5.71227e-006 1.18671e-006 -7.28998e-010 -7.28998e-010
0.35 -5.46156e-005 5.71892e-006 1.1909e-006 -7.10504e-010 -7.10504e-010
0.36 -5.46187e-005 5.72207e-006 1.19417e-006 -6.85928e-010 -6.85928e-010
0.37 -5.46213e-005 5.72301e-006 1.19629e-006 -6.57292e-010 -6.57292e-010
0.38 -5.46229e-005 5.72252e-006 1.19774e-006 -6.28087e-010 -6.28087e-010
0.39 -5.46235e-005 5.72093e-006 1.19941e-006 -6.02696e-010 -6.02696e-010
0.4 -5.46227e-005 5.71874e-006 1.20156e-006 -5.85363e-010 -5.85363e-010
0.41 -5.46205e-005 5.71682e-006 1.20383e-006 -5.79346e-010 -5.79346e-010
0.42 -5.46169e-005 5.71592e-006 1.2058e-006 -5.86348e-010 -5.86348e-010
0.43 -5.46119e-005 5.71594e-006 1.20745e-006 -6.0597e-010 -6.0597e-010
0.44 -5.46057e-005 5.71604e-006 1.20946e-006 -6.35408e-010 -6.35408e-010
0.45 -5.45984e-005 5.71536e-006 1.21238e-006 -6.6997e-010 -6.6997e-010
0.46 -5.45905e-005 5.7138e-006 1.21625e-006 -7.04505e-010 -7.04505e-010
0.47 -5.45821e-005 5.71176e-006 1.221e-006 -7.34894e-010 -7.34894e-010
0.48 -5.45737e-005 5.70906e-006 1.22651e-006 -7.58484e-010 -7.58484e-010
0.49 -5.45654e-005 5.70449e-006 1.23246e-006 -7.73306e-010 -7.73306e-010
0.5 -5.45575e-005 5.6968e-006 1.23899e-006 -7.77095e-010 -7.77095e-010
0.51 -5.45499e-005 5.68519e-006 1.24657e-006 -7.67205e-010 -7.67205e-010
0.52 -5.45429e-005 5.66884e-006 1.25536e-006 -7.41308e-010 -7.41308e-010
0.53 -5.4536e-005 5.64708e-006 1.26534e-006 -6.98086e-010 -6.98086e-010
0.54 -5.45289e-005 5.62072e-006 1.27701e-006 -6.37686e-010 -6.37686e-010
0.55 -5.45212e-005 5.59242e-006 1.29052e-006 -5.62231e-010 -5.62231e-010
0.56 -5.45128e-005 5.56446e-006 1.30485e-006 -4.76052e-010 -4.76052e-010
0.57 -5.45034e-005 5.53644e-006 1.31757e-006 -3.84818e-010 -3.84818e-010
0.58 -5.44931e-005 5.50663e-006 1.32658e-006 -2.93872e-010 -2.93872e-010
0.59 -5.44818e-005 5.47537e-006 1.33154e-006 -2.07372e-010 -2.07372e-010
0.6 -5.44695e-005 5.44559e-006 1.33421e-006 -1.28778e-010 -1.28778e-010
0.61 -5.4456e-005 5.42055e-006 1.33575e-006 -6.13066e-011 -6.13066e-011
0.62 -5.44418e-005 5.40127e-006 1.33612e-006 -7.18733e-012 -7.18733e-012
0.63 -5.44269e-005 5.38745e-006 1.33617e-006 3.327e-011 3.327e-011
0.64 -5.44115e-005 5.37863e-006 1.33873e-006 6.12713e-011 6.12713e-011
0.65 -5.4396e-005 5.37325e-006 1.34425e-006 7.82234e-011 7.82234e-011
0.66 -5.43815e-005 5.36886e-006 1.3501e-006 8.52528e-011 8.52528e-011
0.67 -5.43686e-005 5.36457e-006 1.35426e-006 8.38256e-011 8.38256e-011
0.68 -5.43581e-005 5.36023e-006 1.35724e-006 7.63607e-011 7.63607e-011
0.69 -5.43503e-005 5.35457e-006 1.36032e-006 6.64335e-011 6.64335e-011
0.7 -5.43452e-005 5.34636e-006 1.36435e-006 5.82701e-011 5.82701e-011
0.71 -5.43424e-005 5.33636e-006 1.36938e-006 5.51399e-011 5.51399e-011
0.72 -5.4342e-005 5.32666e-006 1.37442e-006 5.74419e-011 5.74419e-011
0.73 -5.43439e-005 5.31864e-006 1.37748e-006 6.23267e-011 6.23267e-011
0.74 -5.43479e-005 5.31101e-006 1.37778e-006 6.59238e-011 6.59238e-011
0.75 -5.43537e-005 5.30088e-006 1.37622e-006 6.65068e-011 6.65068e-011
0.76 -5.43607e-005 5.28778e-006 1.37397e-006 6.53476e-011 6.53476e-011
0.77 -5.43687e-005 5.27507e-006 1.37209e-006 6.42862e-011 6.42862e-011
0.78 -5.43764e-005 5.26781e-006 1.37189e-006 6.28482e-011 6.28482e-011
0.79 -5.43835e-005 5.26912e-006 1.37442e-006 5.82474e-011 5.82474e-011
0.8 -5.43893e-005 5.27876e-006 1.37866e-006 4.80063e-011 4.80063e-011
0.81 -5.43941e-005 5.29515e-006 1.38254e-006 3.1853e-011 3.1853e-011
0.82 -5.43981e-005 5.31781e-006 1.38442e-006 1.07349e-011 1.07349e-011
0.83 -5.4402e-005 5.34633e-006 1.38371e-006 -1.52052e-011 -1.52052e-011
0.84 -5.44059e-005 5.3783e-006 1.38119e-006 -4.63211e-011 -4.63211e-011
0.85 -5.44098e-005 5.41083e-006 1.37921e-006 -8.09546e-011 -8.09546e-011
0.86 -5.44132e-005 5.44179e-006 1.38071e-006 -1.14229e-010 -1.14229e-010
0.87 -5.44157e-005 5.46734e-006 1.38525e-006 -1.39852e-010 -1.39852e-010
0.88 -5.44177e-005 5.48268e-006 1.38905e-006 -1.53189e-010 -1.53189e-010
0.89 -5.4419e-005 5.48774e-006 1.39072e-006 -1.53767e-010 -1.53767e-010
0.9 -5.442e-005 5.48824e-006 1.39348e-006 -1.46405e-010 -1.46405e-010
0.91 -5.44203e-005 5.4891e-006 1.40046e-006 -1.39599e-010 -1.39599e-010
0.92 -5.44199e-005 5.48773e-006 1.41008e-006 -1.40607e-010 -1.40607e-010
0.93 -5.44181e-005 5.47678e-006 1.41761e-006 -1.50609e-010 -1.50609e-010
0.94 -5.44144e-005 5.45488e-006 1.42107e-006 -1.65294e-010 -1.65294e-010
0.95 -5.44086e-005 5.43171e-006 1.42166e-006 -1.81327e-010 -1.81327e-010
0.96 -5.44009e-005 5.42081e-006 1.42122e-006 -2.01728e-010 -2.01728e-010
0.97 -5.4392e-005 5.42704e-006 1.42071e-006 -2.3323e-010 -2.3323e-010
0.98 -5.43826e-005 5.44348e-006 1.41901e-006 -2.779e-010 -2.779e-010
0.99 -5.43732e-005 5.46157e-006 1.41583e-006 -3.28995e-010 -3.28995e-010
1 -5.43642e-005 5.4797e-006 1.41349e-006 -3.76343e-010 -3.76343e-010
1.01 -5.43561e-005 5.50054e-006 1.41168e-006 -4.14442e-010 -4.14442e-010
1.02 -5.43503e-005 5.52515e-006 1.4072e-006 -4.43392e-010 -4.43392e-010
1.03 -5.43472e-005 5.55014e-006 1.40191e-006 -4.62444e-010 -4.62444e-010
1.04 -5.43469e-005 5.5684e-006 1.40324e-006 -4.64697e-010 -4.64697e-010
1.05 -5.43485e-005 5.57338e-006 1.41383e-006 -4.39772e-010 -4.39772e-010
1.06 -5.43527e-005 5.56356e-006 1.42759e-006 -3.82462e-010 -3.82462e-010
1.07 -5.43591e-005 5.54256e-006 1.43716e-006 -2.98981e-010 -2.98981e-010
1.08 -5.43673e-005 5.51778e-006 1.4426e-006 -2.04807e-010 -2.04807e-010
1.09 -5.43763e-005 5.49436e-006 1.44801e-006 -1.15982e-010 -1.15982e-010
1.1 -5.43852e-005 5.46929e-006 1.45285e-006 -4.08778e-011 -4.08778e-011
1.11 -5.43933e-005 5.43618e-006 1.45428e-006 2.12888e-011 2.12888e-011
1.12 -5.43986e-005 5.39586e-006 1.45592e-006 7.40834e-011 7.40834e-011
1.13 -5.43994e-005 5.35875e-006 1.46529e-006 1.15664e-010 1.15664e-010
1.14 -5.4395e-005 5.33774e-006 1.48205e-006 1.37154e-010 1.37154e-010
1.15 -5.4386e-005 5.34209e-006 1.50075e-006 1.29097e-010 1.29097e-010
1.16 -5.43729e-005 5.37375e-006 1.52053e-006 8.89227e-011 8.89227e-011
1.17 -5.43566e-005 5.4221e-006 1.54197e-006 2.29173e-011 2.29173e-011
1.18 -5.43379e-005 5.46814e-006 1.56397e-006 -5.68341e-011 -5.68341e-011
1.19 -5.4317e-005 5.49796e-006 1.58372e-006 -1.36649e-010 -1.36649e-010
1.2 -5.42947e-005 5.5098e-006 1.59587e-006 -2.0423e-010 -2.0423e-010
1.21 -5.42727e-005 5.50976e-006 1.59592e-006 -2.5004e-010 -2.5004e-010
1.22 -5.42529e-005 5.50365e-006 1.58318e-006 -2.6777e-010 -2.6777e-010
1.23 -5.42367e-005 5.4938e-006 1.56071e-006 -2.55457e-010 -2.55457e-010
1.24 -5.42246e-005 5.48033e-006 1.53542e-006 -2.17795e-010 -2.17795e-010
1.25 -5.4216e-005 5.46401e-006 1.51768e-006 -1.67047e-010 -1.67047e-010
1.26 -5.42097e-005 5.4473e-006 1.51621e-006 -1.19207e-010 -1.19207e-010
1.27 -5.42044e-005 5.43205e-006 1.53214e-006 -8.57809e-011 -8.57809e-011
1.28 -5.41997e-005 5.41864e-006 1.5603e-006 -6.7006e-011 -6.7006e-011
1.29 -5.41959e-005 5.40655e-006 1.59209e-006 -5.29016e-011 -5.29016e-011
1.3 -5.4194e-005 5.39512e-006 1.61948e-006 -3.21457e-011 -3.21457e-011
1.31 -5.41941e-005 5.38681e-006 1.64219e-006 -1.81118e-012 -1.81118e-012
1.32 -5.41954e-005 5.38818e-006 1.66473e-006 2.93711e-011 2.93711e-011
1.33 -5.41972e-005 5.40554e-006 1.68712e-006 4.61394e-011 4.61394e-011
1.34 -5.41985e-005 5.44178e-006 1.71034e-006 3.60115e-011 3.60115e-011
1.35 -5.41974e-005 5.49247e-006 1.74406e-006 -3.12618e-012 -3.12618e-012
1.36 -5.4191e-005 5.54149e-006 1.79556e-006 -6.0226e-011 -6.0226e-011
1.37 -5.41784e-005 5.57022e-006 1.85759e-006 -1.14467e-010 -1.14467e-010
1.38 -5.41611e-005 5.57285e-006 1.9122e-006 -1.4504e-010 -1.4504e-010
1.39 -5.41413e-005 5.56093e-006 1.94318e-006 -1.42827e-010 -1.42827e-010
1.4 -5.41222e-005 5.5531e-006 1.94425e-006 -1.15528e-010 -1.15528e-010
1.41 -5.41063e-005 5.55351e-006 1.91765e-006 -8.08653e-011 -8.08653e-011
1.42 -5.4093e-005 5.54668e-006 1.87345e-006 -5.23964e-011 -5.23964e-011
1.43 -5.40798e-005 5.51955e-006 1.82838e-006 -3.15021e-011 -3.15021e-011
1.44 -5.4065e-005 5.47573e-006 1.79219e-006 -1.34752e-011 -1.34752e-011
1.45 -5.40494e-005 5.42915e-006 1.75847e-006 1.63165e-012 1.63165e-012
1.46 -5.40362e-005 5.39202e-006 1.71483e-006 7.64366e-012 7.64366e-012
1.47 -5.40292e-005 5.36388e-006 1.65905e-006 1.24744e-012 1.24744e-012
1.48 -5.40306e-005 5.33043e-006 1.59915e-006 -1.03416e-011 -1.03416e-011
1.49 -5.40418e-005 5.27657e-006 1.53696e-006 -1.31415e-011 -1.31415e-011
1.5 -5.40638e-005 5.20207e-006 1.46659e-006 7.12517e-013 7.12517e-013
1.51 -5.4095e-005 5.12547e-006 1.39607e-006 2.42949e-011 2.42949e-011
1.52 -5.41309e-005 5.07008e-006 1.35368e-006 4.24534e-011 4.24534e-011
1.53 -5.41673e-005 5.04139e-006 1.35953e-006 4.96657e-011 4.96657e-011
1.54 -5.42031e-005 5.02378e-006 1.40402e-006 6.18195e-011 6.18195e-011
1.55 -5.42392e-005 5.00135e-006 1.46303e-006 1.07562e-010 1.07562e-010
1.56 -5.4276e-005 4.97081e-006 1.51905e-006 2.05287e-010 2.05287e-010
1.57 -5.43133e-005 4.93712e-006 1.56291e-006 3.48841e-010 3.48841e-010
1.58 -5.43505e-005 4.90848e-006 1.58669e-006 5.16016e-010 5.16016e-010
1.59 -5.43867e-005 4.89187e-006 1.58137e-006 6.88603e-010 6.88603e-010
1.6 -5.44212e-005 4.88468e-006 1.53879e-006 8.63022e-010 8.63022e-010
1.61 -5.44526e-005 4.86981e-006 1.46109e-006 1.04498e-009 1.04498e-009
1.62 -5.44773e-005 4.82943e-006 1.37053e-006 1.23771e-009 1.23771e-009
1.63 -5.44913e-005 4.77357e-006 1.302e-006 1.43291e-009 1.43291e-009
1.64 -5.44919e-005 4.74324e-006 1.28329e-006 1.60736e-009 1.60736e-009
1.65 -5.44794e-005 4.77061e-006 1.31609e-006 1.7291e-009 1.7291e-009
1.66 -5.44572e-005 4.84544e-006 1.37325e-006 1.77386e-009 1.77386e-009
1.67 -5.44294e-005 4.92822e-006 1.41752e-006 1.73842e-009 1.73842e-009
1.68 -5.44003e-005 4.98873e-006 1.42385e-006 1.63521e-009 1.63521e-009
1.69 -5.43744e-005 5.02826e-006 1.38612e-006 1.47274e-009 1.47274e-009
1.7 -5.43549e-005 5.06559e-006 1.31325e-006 1.24622e-009 1.24622e-009
1.71 -5.43421e-005 5.11287e-006 1.22977e-006 9.52116e-010 9.52116e-010
1.72 -5.4333e-005 5.17295e-006 1.17114e-006 6.08416e-010 6.08416e-010
1.73 -5.43236e-005 5.2468e-006 1.16313e-006 2.51578e-010 2.51578e-010
1.74 -5.43123e-005 5.33515e-006 1.20718e-006 -8.9874e-011 -8.9874e-011
1.75 -5.43001e-005 5.43932e-006 1.28908e-006 -4.15881e-010 -4.15881e-010
1.76 -5.42904e-005 5.56096e-006 1.39109e-006 -7.46974e-010 -7.46974e-010
1.77 -5.42887e-005 5.69544e-006 1.48986e-006 -1.09589e-009 -1.09589e-009
1.78 -5.43015e-005 5.82525e-006 1.55507e-006 -1.4449e-009 -1.4449e-009
1.79 -5.43312e-005 5.92887e-006 1.56887e-006 -1.74782e-009 -1.74782e-009
1.8 -5.43736e-005 6.00277e-006 1.54199e-006 -1.95553e-009 -1.95553e-009
1.81 -5.44232e-005 6.06634e-006 1.4997e-006 -2.0465e-009 -2.0465e-009
1.82 -5.44746e-005 6.14145e-006 1.46404e-006 -2.0385e-009 -2.0385e-009
1.83 -5.45232e-005 6.23123e-006 1.45143e-006 -1.97135e-009 -1.97135e-009
1.84 -5.4565e-005 6.31764e-006 1.47472e-006 -1.87689e-009 -1.87689e-009
1.85 -5.45972e-005 6.37333e-006 1.53759e-006 -1.76363e-009 -1.76363e-009
1.86 -5.46195e-005 6.37835e-006 1.62423e-006 -1.62671e-009 -1.62671e-009
1.87 -5.46328e-005 6.33952e-006 1.71223e-006 -1.46815e-009 -1.46815e-009
1.88 -5.46351e-005 6.29576e-006 1.80204e-006 -1.30664e-009 -1.30664e-009
1.89 -5.46231e-005 6.29018e-006 1.90649e-006 -1.16917e-009 -1.16917e-009
1.9 -5.4596e-005 6.3304e-006 2.00442e-006 -1.07433e-009 -1.07433e-009
1.91 -5.45563e-005 6.38659e-006 2.04383e-006 -1.0242e-009 -1.0242e-009
1.92 -5.45088e-005 6.42387e-006 1.99549e-006 -1.01319e-009 -1.01319e-009
1.93 -5.44596e-005 6.42479e-006 1.87135e-006 -1.0425e-009 -1.0425e-009
1.94 -5.44135e-005 6.38895e-006 1.69991e-006 -1.12038e-009 -1.12038e-009
1.95 -5.43738e-005 6.32394e-006 1.50922e-006 -1.24524e-009 -1.24524e-009
1.96 -5.4342e-005 6.24246e-006 1.33004e-006 -1.39088e-009 -1.39088e-009
1.97 -5.43167e-005 6.16132e-006 1.19563e-006 -1.51489e-009 -1.51489e-009
1.98 -5.42972e-005 6.09144e-006 1.1217e-006 -1.58589e-009 -1.58589e-009
1.99 -5.42874e-005 6.0312e-006 1.09246e-006 -1.60319e-009 -1.60319e-009
2 -5.42949e-005 5.96874e-006 1.07385e-006 -1.5901e-009 -1.5901e-009
2.01 -5.43268e-005 5.88611e-006 1.03762e-006 -1.56756e-009 -1.56756e-009
2.02 -5.43868e-005 5.76527e-006 9.76798e-007 -1.53094e-009 -1.53094e-009
2.03 -5.44728e-005 5.59419e-006 8.9903e-007 -1.44781e-009 -1.44781e-009
2.04 -5.45784e-005 5.37553e-006 8.12356e-007 -1.27738e-009 -1.27738e-009
2.05 -5.46933e-005 5.13644e-006 7.34741e-007 -9.98083e-010 -9.98083e-010
2.06 -5.48053e-005 4.91693e-006 6.9791e-007 -6.23852e-010 -6.23852e-010
2.07 -5.49047e-005 4.73868e-006 7.16483e-007 -1.96197e-010 -1.96197e-010
2.08 -5.49888e-005 4.59337e-006 7.70831e-007 2.41381e-010 2.41381e-010
2.09 -5.5059e-005 4.46203e-006 8.28066e-007 6.63607e-010 6.63607e-010
2.1 -5.51166e-005 4.33909e-006 8.65498e-007 1.06245e-009 1.06245e-009
2.11 -5.5162e-005 4.23481e-006 8.70785e-007 1.43357e-009 1.43357e-009
2.12 -5.51951e-005 4.15646e-006 8.2544e-007 1.77097e-009 1.77097e-009
2.13 -5.52175e-005 4.09963e-006 7.04789e-007 2.07483e-009 2.07483e-009
2.14 -5.52316e-005 4.05523e-006 5.00058e-007 2.35597e-009 2.35597e-009
2.15 -5.52398e-005 4.01611e-006 2.35426e-007 2.62432e-009 2.62432e-009
2.16 -5.52431e-005 3.98248e-006 -3.50409e-008 2.87177e-009 2.87177e-009
2.17 -5.5243e-005 3.95988e-006 -2.59328e-007 3.06895e-009 3.06895e-009
2.18 -5.52439e-005 3.94941e-006 -4.27547e-007 3.18129e-009 3.18129e-009
2.19 -5.52523e-005 3.94566e-006 -5.61853e-007 3.18979e-009 3.18979e-009
2.2 -5.52717e-005 3.94573e-006 -6.6717e-007 3.09835e-009 3.09835e-009
2.21 -5.53016e-005 3.95177e-006 -7.2565e-007 2.92404e-009 2.92404e-009
2.22 -5.53417e-005 3.96536e-006 -7.31351e-007 2.68222e-009 2.68222e-009
2.23 -5.5394e-005 3.98819e-006 -7.02584e-007 2.3793e-009 2.3793e-009
2.24 -5.54597e-005 4.02904e-006 -6.63421e-007 2.01492e-009 2.01492e-009
2.25 -5.55375e-005 4.10326e-006 -6.26837e-007 1.58773e-009 1.58773e-009
2.26 -5.56255e-005 4.22131e-006 -5.98946e-007 1.10024e-009 1.10024e-009
2.27 -5.572e-005 4.38444e-006 -5.77437e-007 5.6168e-010 5.6168e-010
2.28 -5.58143e-005 4.58939e-006 -5.39575e-007 -1.14321e-011 -1.14321e-011
2.29 -5.58999e-005 4.82769e-006 -4.58269e-007 -5.95728e-010 -5.95728e-010
2.3 -5.59701e-005 5.08495e-006 -3.29597e-007 -1.16074e-009 -1.16074e-009
2.31 -5.60215e-005 5.34716e-006 -1.68154e-007 -1.67016e-009 -1.67016e-009
2.32 -5.60515e-005 5.6035e-006 1.00384e-008 -2.08842e-009 -2.08842e-009
2.33 -5.60604e-005 5.84478e-006 1.87387e-007 -2.39143e-009 -2.39143e-009
2.34 -5.60498e-005 6.06436e-006 3.4112e-007 -2.57524e-009 -2.57524e-009
2.35 -5.60229e-005 6.25924e-006 4.49789e-007 -2.65641e-009 -2.65641e-009
2.36 -5.59809e-005 6.42783e-006 5.03971e-007 -2.66395e-009 -2.66395e-009
2.37 -5.59243e-005 6.56589e-006 5.05338e-007 -2.62753e-009 -2.62753e-009
2.38 -5.58523e-005 6.66863e-006 4.67313e-007 -2.56953e-009 -2.56953e-009
2.39 -5.57618e-005 6.74081e-006 4.27548e-007 -2.50492e-009 -2.50492e-009
2.4 -5.56494e-005 6.79143e-006 4.33418e-007 -2.44569e-009 -2.44569e-009
2.41 -5.55151e-005 6.82007e-006 5.11e-007 -2.40194e-009 -2.40194e-009
2.42 -5.53607e-005 6.82525e-006 6.62626e-007 -2.37945e-009 -2.37945e-009
2.43 -5.51912e-005 6.81924e-006 8.66085e-007 -2.38181e-009 -2.38181e-009
2.44 -5.50166e-005 6.82195e-006 1.06818e-006 -2.41882e-009 -2.41882e-009
2.45 -5.48493e-005 6.84499e-006 1.21705e-006 -2.50901e-009 -2.50901e-009
2.46 -5.46965e-005 6.88537e-006 1.30728e-006 -2.66716e-009 -2.66716e-009
2.47 -5.45594e-005 6.92863e-006 1.37435e-006 -2.88533e-009 -2.88533e-009
2.48 -5.44355e-005 6.95582e-006 1.45408e-006 -3.12492e-009 -3.12492e-009
2.49 -5.43213e-005 6.95097e-006 1.55917e-006 -3.32752e-009 -3.32752e-009
2.5 -5.4215e-005 6.90324e-006 1.68186e-006 -3.43529e-009 -3.43529e-009
2.51 -5.41175e-005 6.8091e-006 1.80945e-006 -3.40725e-009 -3.40725e-009
2.52 -5.40323e-005 6.67623e-006 1.93472e-006 -3.22659e-009 -3.22659e-009
2.53 -5.39641e-005 6.51699e-006 2.05369e-006 -2.9009e-009 -2.9009e-009
2.54 -5.39152e-005 6.34016e-006 2.16567e-006 -2.45638e-009 -2.45638e-009
2.55 -5.38833e-005 6.15057e-006 2.27267e-006 -1.92738e-009 -1.92738e-009
2.56 -5.38617e-005 5.95016e-006 2.37158e-006 -1.34568e-009 -1.34568e-009
2.57 -5.3843e-005 5.74123e-006 2.45109e-006 -7.33786e-010 -7.33786e-010
2.58 -5.3822e-005 5.52951e-006 2.49743e-006 -1.04863e-010 -1.04863e-010
2.59 -5.37972e-005 5.31951e-006 2.50286e-006 5.31932e-010 5.31932e-010
2.6 -5.37698e-005 5.1123e-006 2.47176e-006 1.16466e-009 1.16466e-009
2.61 -5.37414e-005 4.91459e-006 2.42076e-006 1.77265e-009 1.77265e-009
2.62 -5.37121e-005 4.74419e-006 2.37064e-006 2.323e-009 2.323e-009
2.63 -5.368e-005 4.61712e-006 2.33715e-006 2.77468e-009 2.77468e-009
2.64 -5.36425e-005 4.52537e-006 2.31812e-006 3.09453e-009 3.09453e-009
2.65 -5.36006e-005 4.43288e-006 2.28516e-006 3.2774e-009 3.2774e-009
2.66 -5.35594e-005 4.30606e-006 2.20712e-006 3.35133e-009 3.35133e-009
2.67 -5.35262e-005 4.14799e-006 2.07963e-006 3.35774e-009 3.35774e-009
2.68 -5.35084e-005 3.99568e-006 1.92425e-006 3.32197e-009 3.32197e-009
2.69 -5.35113e-005 3.88392e-006 1.76735e-006 3.24277e-009 3.24277e-009
2.7 -5.35371e-005 3.81392e-006 1.61754e-006 3.1103e-009 3.1103e-009
2.71 -5.35853e-005 3.7568e-006 1.46903e-006 2.93108e-009 2.93108e-009
2.72 -5.36515e-005 3.68364e-006 1.32843e-006 2.73323e-009 2.73323e-009
2.73 -5.37306e-005 3.59393e-006 1.224e-006 2.54957e-009 2.54957e-009
2.74 -5.38204e-005 3.51707e-006 1.1764e-006 2.3987e-009 2.3987e-009
2.75 -5.39235e-005 3.48365e-006 1.17067e-006 2.28297e-009 2.28297e-009
2.76 -5.40429e-005 3.4982e-006 1.17652e-006 2.20213e-009 2.20213e-009
2.77 -5.41777e-005 3.54396e-006 1.17563e-006 2.16437e-009 2.16437e-009
2.78 -5.43242e-005 3.61175e-006 1.15566e-006 2.17762e-009 2.17762e-009
2.79 -5.44768e-005 3.71479e-006 1.11023e-006 2.22722e-009 2.22722e-009
2.8 -5.46281e-005 3.86803e-006 1.05342e-006 2.26922e-009 2.26922e-009
2.81 -5.47707e-005 4.05776e-006 1.00252e-006 2.25802e-009 2.25802e-009
2.82 -5.49009e-005 4.24508e-006 9.53146e-007 2.186e-009 2.186e-009
2.83 -5.50183e-005 4.39914e-006 8.88435e-007 2.09044e-009 2.09044e-009
2.84 -5.51244e-005 4.52006e-006 7.95764e-007 2.01412e-009 2.01412e-009
2.85 -5.52203e-005 4.63203e-006 6.76827e-007 1.95647e-009 1.95647e-009
2.86 -5.53063e-005 4.7609e-006 5.41119e-007 1.86329e-009 1.86329e-009
2.87 -5.53837e-005 4.9233e-006 3.91811e-007 1.66172e-009 1.66172e-009
2.88 -5.5453e-005 5.12486e-006 2.36302e-007 1.30411e-009 1.30411e-009
2.89 -5.55135e-005 5.355e-006 9.70325e-008 7.86481e-010 7.86481e-010
2.9 -5.55644e-005 5.59065e-006 -5.79167e-009 1.39083e-010 1.39083e-010
2.91 -5.56075e-005 5.8171e-006 -6.92934e-008 -5.93405e-010 -5.93405e-010
2.92 -5.56472e-005 6.04114e-006 -1.017e-007 -1.36718e-009 -1.36718e-009
2.93 -5.56886e-005 6.27491e-006 -1.1352e-007 -2.14398e-009 -2.14398e-009
2.94 -5.5736e-005 6.51497e-006 -1.11403e-007 -2.88757e-009 -2.88757e-009
2.95 -5.57902e-005 6.74544e-006 -9.51859e-008 -3.56324e-009 -3.56324e-009
2.96 -5.58495e-005 6.951e-006 -6.40938e-008 -4.14809e-009 -4.14809e-009
2.97 -5.59107e-005 7.11535e-006 -2.45958e-008 -4.64028e-009 -4.64028e-009
2.98 -5.59696e-005 7.21628e-006 1.29295e-008 -5.04828e-009 -5.04828e-009
2.99 -5.60219e-005 7.23899e-006 4.77653e-008 -5.36443e-009 -5.36443e-009
3 -5.60639e-005 7.1921e-006 9.65001e-008 -5.55246e-009 -5.55246e-009
3.01 -5.60903e-005 7.10376e-006 1.80766e-007 -5.56768e-009 -5.56768e-009
3.02 -5.60957e-005 7.00217e-006 3.07e-007 -5.39229e-009 -5.39229e-009
3.03 -5.60757e-005 6.9002e-006 4.6249e-007 -5.0524e-009 -5.0524e-009
3.04 -5.60276e-005 6.7952e-006 6.1947e-007 -4.60343e-009 -4.60343e-009
3.05 -5.59527e-005 6.68305e-006 7.40041e-007 -4.10161e-009 -4.10161e-009
3.06 -5.58554e-005 6.56806e-006 7.96852e-007 -3.58587e-009 -3.58587e-009
3.07 -5.5739e-005 6.45387e-006 8.014e-007 -3.07417e-009 -3.07417e-009
3.08 -5.5603e-005 6.33706e-006 7.99391e-007 -2.56399e-009 -2.56399e-009
3.09 -5.54467e-005 6.21103e-006 8.24993e-007 -2.03525e-009 -2.03525e-009
3.1 -5.52719e-005 6.07e-006 8.72848e-007 -1.46277e-009 -1.46277e-009
3.11 -5.50833e-005 5.9205e-006 9.23373e-007 -8.36993e-010 -8.36993e-010
3.12 -5.48862e-005 5.78426e-006 9.82722e-007 -1.8005e-010 -1.8005e-010
3.13 -5.46855e-005 5.67647e-006 1.08253e-006 4.58229e-010 4.58229e-010
3.14 -5.44881e-005 5.586e-006 1.23258e-006 1.02587e-009 1.02587e-009
3.15 -5.43035e-005 5.47942e-006 1.39286e-006 1.4972e-009 1.4972e-009
3.16 -5.41404e-005 5.32305e-006 1.50533e-006 1.88144e-009 1.88144e-009
3.17 -5.40046e-005 5.10255e-006 1.53127e-006 2.20694e-009 2.20694e-009
3.18 -5.38982e-005 4.82852e-006 1.4711e-006 2.49654e-009 2.49654e-009
3.19 -5.38181e-005 4.53214e-006 1.37911e-006 2.75327e-009 2.75327e-009
3.2 -5.37559e-005 4.24855e-006 1.33824e-006 2.96281e-009 2.96281e-009
3.21 -5.37029e-005 3.993e-006 1.39689e-006 3.10634e-009 3.10634e-009
3.22 -5.36539e-005 3.75582e-006 1.53833e-006 3.17194e-009 3.17194e-009
3.23 -5.36089e-005 3.52619e-006 1.70864e-006 3.15707e-009 3.15707e-009
3.24 -5.35709e-005 3.31185e-006 1.85848e-006 3.06406e-009 3.06406e-009
3.25 -5.35431e-005 3.13493e-006 1.95865e-006 2.89934e-009 2.89934e-009
3.26 -5.35299e-005 3.02572e-006 1.99964e-006 2.68092e-009 2.68092e-009
3.27 -5.35326e-005 3.01824e-006 1.99635e-006 2.44287e-009 2.44287e-009
3.28 -5.3549e-005 3.13039e-006 1.98023e-006 2.22622e-009 2.22622e-009
3.29 -5.35737e-005 3.34031e-006 1.97238e-006 2.0645e-009 2.0645e-009
3.3 -5.36008e-005 3.5882e-006 1.97381e-006 1.9802e-009 1.9802e-009
3.31 -5.36267e-005 3.80552e-006 1.98396e-006 1.99399e-009 1.99399e-009
3.32 -5.3651e-005 3.94649e-006 2.01667e-006 2.1324e-009 2.1324e-009
3.33 -5.36762e-005 3.99719e-006 2.08223e-006 2.42185e-009 2.42185e-009
3.34 -5.3708e-005 3.9626e-006 2.15293e-006 2.87165e-009 2.87165e-009
3.35 -5.37514e-005 3.86118e-006 2.17538e-006 3.45645e-009 3.45645e-009
3.36 -5.38062e-005 3.73418e-006 2.12124e-006 4.10607e-009 4.10607e-009
3.37 -5.38669e-005 3.63905e-006 2.00591e-006 4.70896e-009 4.70896e-009
3.38 -5.39252e-005 3.62107e-006 1.87207e-006 5.13627e-009 5.13627e-009
3.39 -5.3973e-005 3.69073e-006 1.76657e-006 5.28445e-009 5.28445e-009
3.4 -5.40057e-005 3.82278e-006 1.70988e-006 5.11439e-009 5.11439e-009
3.41 -5.40252e-005 3.97608e-006 1.67925e-006 4.66051e-009 4.66051e-009
3.42 -5.40379e-005 4.1251e-006 1.63685e-006 4.00247e-009 4.00247e-009
3.43 -5.40501e-005 4.28047e-006 1.57203e-006 3.21985e-009 3.21985e-009
3.44 -5.40664e-005 4.47674e-006 1.50563e-006 2.36023e-009 2.36023e-009
3.45 -5.40894e-005 4.73835e-006 1.46255e-006 1.43812e-009 1.43812e-009
3.46 -5.41213e-005 5.05955e-006 1.44741e-006 4.57826e-010 4.57826e-010
3.47 -5.41646e-005 5.409e-006 1.44331e-006 -5.62387e-010 -5.62387e-010
3.48 -5.42218e-005 5.74383e-006 1.43094e-006 -1.58036e-009 -1.58036e-009
3.49 -5.42951e-005 6.02386e-006 1.40478e-006 -2.53248e-009 -2.53248e-009
3.5 -5.43866e-005 6.2188e-006 1.36433e-006 -3.34042e-009 -3.34042e-009
3.51 -5.44988e-005 6.31302e-006 1.3033e-006 -3.92132e-009 -3.92132e-009
3.52 -5.463e-005 6.32025e-006 1.22911e-006 -4.20788e-009 -4.20788e-009
3.53 -5.47731e-005 6.28626e-006 1.1722e-006 -4.17796e-009 -4.17796e-009
3.54 -5.49183e-005 6.25968e-006 1.15462e-006 -3.87588e-009 -3.87588e-009
3.55 -5.50578e-005 6.26121e-006 1.16119e-006 -3.40337e-009 -3.40337e-009
3.56 -5.51888e-005 6.27827e-006 1.14523e-006 -2.87932e-009 -2.87932e-009
3.57 -5.53118e-005 6.28393e-006 1.06589e-006 -2.39378e-009 -2.39378e-009
3.58 -5.54268e-005 6.26145e-006 9.23132e-007 -1.98441e-009 -1.98441e-009
3.59 -5.55308e-005 6.21346e-006 7.57657e-007 -1.64351e-009 -1.64351e-009
3.6 -5.56163e-005 6.16191e-006 6.25878e-007 -1.3439e-009 -1.3439e-009
3.61 -5.56746e-005 6.14196e-006 5.63872e-007 -1.06762e-009 -1.06762e-009
3.62 -5.57018e-005 6.18153e-006 5.56643e-007 -8.25035e-010 -8.25035e-010
3.63 -5.57028e-005 6.28075e-006 5.45709e-007 -6.55844e-010 -6.55844e-010
3.64 -5.56887e-005 6.41047e-006 4.80985e-007 -6.10604e-010 -6.10604e-010
3.65 -5.5671e-005 6.52759e-006 3.63707e-007 -7.22073e-010 -7.22073e-010
3.66 -5.56578e-005 6.59376e-006 2.33334e-007 -9.81518e-010 -9.81518e-010
3.67 -5.56516e-005 6.58126e-006 1.24455e-007 -1.33162e-009 -1.33162e-009
3.68 -5.56496e-005 6.476e-006 4.67108e-008 -1.67948e-009 -1.67948e-009
3.69 -5.56469e-005 6.29467e-006 -9.22788e-009 -1.92916e-009 -1.92916e-009
3.7 -5.56418e-005 6.08751e-006 -6.27571e-008 -2.02579e-009 -2.02579e-009
3.71 -5.56385e-005 5.90915e-006 -1.30261e-007 -1.98615e-009 -1.98615e-009
3.72 -5.56451e-005 5.7937e-006 -2.07189e-007 -1.88924e-009 -1.88924e-009
3.73 -5.56677e-005 5.74457e-006 -2.69822e-007 -1.82789e-009 -1.82789e-009
3.74 -5.5707e-005 5.72942e-006 -2.98804e-007 -1.85273e-009 -1.85273e-009
3.75 -5.57572e-005 5.70449e-006 -2.95178e-007 -1.94367e-009 -1.94367e-009
3.76 -5.58095e-005 5.65152e-006 -2.77367e-007 -2.02621e-009 -2.02621e-009
3.77 -5.58553e-005 5.58178e-006 -2.6253e-007 -2.01847e-009 -2.01847e-009
3.78 -5.58903e-005 5.51664e-006 -2.52969e-007 -1.87445e-009 -1.87445e-009
3.79 -5.59156e-005 5.47541e-006 -2.41591e-007 -1.60057e-009 -1.60057e-009
3.8 -5.59353e-005 5.4711e-006 -2.18173e-007 -1.24863e-009 -1.24863e-009
3.81 -5.59516e-005 5.50082e-006 -1.71753e-007 -8.95886e-010 -8.95886e-010
3.82 -5.5961e-005 5.53488e-006 -9.88726e-008 -6.15081e-010 -6.15081e-010
3.83 -5.59553e-005 5.52915e-006 -4.08361e-009 -4.40077e-010 -4.40077e-010
3.84 -5.59261e-005 5.4681e-006 1.02115e-007 -3.4859e-010 -3.4859e-010
3.85 -5.58721e-005 5.38798e-006 1.94701e-007 -2.82552e-010 -2.82552e-010
3.86 -5.57995e-005 5.33613e-006 2.46962e-007 -1.92675e-010 -1.92675e-010
3.87 -5.57166e-005 5.32174e-006 2.55618e-007 -6.71422e-011 -6.71422e-011
3.88 -5.56302e-005 5.32351e-006 2.37525e-007 7.25877e-011 7.25877e-011
3.89 -5.55442e-005 5.32432e-006 2.08696e-007 1.88548e-010 1.88548e-010
3.9 -5.54605e-005 5.32213e-006 1.68771e-007 2.38375e-010 2.38375e-010
3.91 -5.53805e-005 5.31117e-006 9.96237e-008 1.90911e-010 1.90911e-010
3.92 -5.53073e-005 5.2643e-006 -1.74433e-008 5.17492e-011 5.17492e-011
3.93 -5.52444e-005 5.15242e-006 -1.70674e-007 -1.22099e-010 -1.22099e-010
3.94 -5.51939e-005 4.97712e-006 -3.0805e-007 -2.45254e-010 -2.45254e-010
3.95 -5.5156e-005 4.76359e-006 -3.71326e-007 -2.54838e-010 -2.54838e-010
3.96 -5.51283e-005 4.5364e-006 -3.33898e-007 -1.45329e-010 -1.45329e-010
3.97 -5.51069e-005 4.31901e-006 -2.06294e-007 3.86977e-011 3.86977e-011
3.98 -5.50866e-005 4.13586e-006 -1.61569e-008 2.36037e-010 2.36037e-010
3.99 -5.50627e-005 3.99981e-006 2.12042e-007 4.01296e-010 4.01296e-010
4 -5.50335e-005 3.89964e-006 4.49706e-007 5.24707e-010 5.24707e-010
4.01 -5.50014e-005 3.80367e-006 6.55297e-007 6.37183e-010 6.37183e-010
4.02 -5.49682e-005 3.69311e-006 8.03065e-007 7.96643e-010 7.96643e-010
4.03 -5.49326e-005 3.58867e-006 9.00647e-007 1.05686e-009 1.05686e-009
4.04 -5.48912e-005 3.52489e-006 9.61434e-007 1.43776e-009 1.43776e-009
4.05 -5.48406e-005 3.51728e-006 9.90183e-007 1.92e-009 1.92e-009
4.06 -5.47766e-005 3.56478e-006 1.00573e-006 2.46121e-009 2.46121e-009
4.07 -5.46963e-005 3.6527e-006 1.04012e-006 3.01256e-009 3.01256e-009
4.08 -5.46014e-005 3.74222e-006 1.09984e-006 3.5295e-009 3.5295e-009
4.09 -5.44989e-005 3.77884e-006 1.1591e-006 3.98562e-009 3.98562e-009
4.1 -5.43964e-005 3.7243e-006 1.19155e-006 4.38587e-009 4.38587e-009
4.11 -5.43e-005 3.57802e-006 1.18216e-006 4.76019e-009 4.76019e-009
4.12 -5.42137e-005 3.37682e-006 1.12851e-006 5.13139e-009 5.13139e-009
4.13 -5.4137e-005 3.1822e-006 1.05425e-006 5.47859e-009 5.47859e-009
4.14 -5.40669e-005 3.05126e-006 9.9427e-007 5.7265e-009 5.7265e-009
4.15 -5.40017e-005 3.01205e-006 9.63633e-007 5.7716e-009 5.7716e-009
4.16 -5.39424e-005 3.06689e-006 9.62041e-007 5.52815e-009 5.52815e-009
4.17 -5.38925e-005 3.20628e-006 9.90858e-007 4.96585e-009 4.96585e-009
4.18 -5.38552e-005 3.41609e-006 1.05943e-006 4.12338e-009 4.12338e-009
4.19 -5.38318e-005 3.67756e-006 1.18493e-006 3.09895e-009 3.09895e-009
4.2 -5.3821e-005 3.96707e-006 1.37394e-006 2.02484e-009 2.02484e-009
4.21 -5.38212e-005 4.26859e-006 1.60739e-006 1.03038e-009 1.03038e-009
4.22 -5.38314e-005 4.58599e-006 1.85457e-006 2.01992e-010 2.01992e-010
4.23 -5.3852e-005 4.92477e-006 2.08252e-006 -4.39874e-010 -4.39874e-010
4.24 -5.38855e-005 5.26795e-006 2.26068e-006 -9.27882e-010 -9.27882e-010
4.25 -5.39316e-005 5.58563e-006 2.39152e-006 -1.30664e-009 -1.30664e-009
4.26 -5.3985e-005 5.85224e-006 2.51203e-006 -1.59474e-009 -1.59474e-009
4.27 -5.40379e-005 6.0511e-006 2.64956e-006 -1.77448e-009 -1.77448e-009
4.28 -5.40788e-005 6.18167e-006 2.80918e-006 -1.80955e-009 -1.80955e-009
4.29 -5.40952e-005 6.26061e-006 2.98828e-006 -1.675e-009 -1.675e-009
4.3 -5.40802e-005 6.30913e-006 3.1628e-006 -1.38262e-009 -1.38262e-009
4.31 -5.40359e-005 6.35078e-006 3.28598e-006 -9.9172e-010 -9.9172e-010
4.32 -5.39702e-005 6.41796e-006 3.32943e-006 -6.02794e-010 -6.02794e-010
4.33 -5.38909e-005 6.54062e-006 3.30459e-006 -3.3427e-010 -3.3427e-010
4.34 -5.38027e-005 6.72353e-006 3.24236e-006 -2.84826e-010 -2.84826e-010
4.35 -5.37057e-005 6.94292e-006 3.17333e-006 -4.94865e-010 -4.94865e-010
4.36 -5.35975e-005 7.17054e-006 3.11745e-006 -9.31054e-010 -9.31054e-010
4.37 -5.348e-005 7.39495e-006 3.07357e-006 -1.50808e-009 -1.50808e-009
4.38 -5.33623e-005 7.61425e-006 3.02564e-006 -2.1334e-009 -2.1334e-009
4.39 -5.3259e-005 7.81209e-006 2.95769e-006 -2.7421e-009 -2.7421e-009
4.4 -5.31859e-005 7.95341e-006 2.86682e-006 -3.30196e-009 -3.30196e-009
4.41 -5.31534e-005 8.01177e-006 2.77813e-006 -3.7988e-009 -3.7988e-009
4.42 -5.31627e-005 7.98918e-006 2.73458e-006 -4.22324e-009 -4.22324e-009
4.43 -5.32059e-005 7.9068e-006 2.77065e-006 -4.56414e-009 -4.56414e-009
4.44 -5.3269e-005 7.78536e-006 2.90514e-006 -4.80204e-009 -4.80204e-009
4.45 -5.33388e-005 7.62825e-006 3.13132e-006 -4.90243e-009 -4.90243e-009
4.46 -5.34102e-005 7.42013e-006 3.39414e-006 -4.81896e-009 -4.81896e-009
4.47 -5.34848e-005 7.15232e-006 3.6077e-006 -4.51466e-009 -4.51466e-009
4.48 -5.35672e-005 6.84169e-006 3.71544e-006 -3.99144e-009 -3.99144e-009
4.49 -5.36563e-005 6.51321e-006 3.71664e-006 -3.3008e-009 -3.3008e-009
4.5 -5.37427e-005 6.17927e-006 3.64103e-006 -2.51881e-009 -2.51881e-009
4.51 -5.38109e-005 5.84987e-006 3.52877e-006 -1.70493e-009 -1.70493e-009
4.52 -5.38423e-005 5.54513e-006 3.42504e-006 -8.81602e-010 -8.81602e-010
4.53 -5.38244e-005 5.27384e-006 3.35422e-006 -4.59912e-011 -4.59912e-011
4.54 -5.37561e-005 5.01401e-006 3.30718e-006 8.08672e-010 8.08672e-010
4.55 -5.36461e-005 4.7367e-006 3.26406e-006 1.68172e-009 1.68172e-009
4.56 -5.35111e-005 4.4357e-006 3.19803e-006 2.56016e-009 2.56016e-009
4.57 -5.3371e-005 4.12588e-006 3.07098e-006 3.41426e-009 3.41426e-009
4.58 -5.32407e-005 3.83024e-006 2.86269e-006 4.19983e-009 4.19983e-009
4.59 -5.31259e-005 3.57514e-006 2.59806e-006 4.87143e-009 4.87143e-009
4.6 -5.30253e-005 3.38396e-006 2.33258e-006 5.39785e-009 5.39785e-009
4.61 -5.29385e-005 3.2566e-006 2.10688e-006 5.77099e-009 5.77099e-009
4.62 -5.28713e-005 3.15467e-006 1.92047e-006 6.01001e-009 6.01001e-009
4.63 -5.28325e-005 3.02847e-006 1.76405e-006 6.15998e-009 6.15998e-009
4.64 -5.28286e-005 2.86598e-006 1.66426e-006 6.2749e-009 6.2749e-009
4.65 -5.28623e-005 2.70277e-006 1.66347e-006 6.38508e-009 6.38508e-009
4.66 -5.29334e-005 2.58839e-006 1.75786e-006 6.47379e-009 6.47379e-009
4.67 -5.30401e-005 2.55029e-006 1.88513e-006 6.48677e-009 6.48677e-009
4.68 -5.31778e-005 2.58213e-006 1.9753e-006 6.36712e-009 6.36712e-009
4.69 -5.33392e-005 2.66065e-006 2.00066e-006 6.08588e-009 6.08588e-009
4.7 -5.35156e-005 2.77269e-006 1.98865e-006 5.649e-009 5.649e-009
4.71 -5.36963e-005 2.92159e-006 1.99696e-006 5.08724e-009 5.08724e-009
4.72 -5.38709e-005 3.11129e-006 2.0587e-006 4.44615e-009 4.44615e-009
4.73 -5.4032e-005 3.34327e-006 2.15035e-006 3.77852e-009 3.77852e-009
4.74 -5.41744e-005 3.62588e-006 2.22656e-006 3.12726e-009 3.12726e-009
4.75 -5.42933e-005 3.96985e-006 2.26589e-006 2.50098e-009 2.50098e-009
4.76 -5.4386e-005 4.38107e-006 2.2802e-006 1.86536e-009 1.86536e-009
4.77 -5.44509e-005 4.8614e-006 2.30655e-006 1.16525e-009 1.16525e-009
4.78 -5.44887e-005 5.39941e-006 2.37158e-006 3.65688e-010 3.65688e-010
4.79 -5.45043e-005 5.95881e-006 2.44822e-006 -5.15465e-010 -5.15465e-010
4.8 -5.45053e-005 6.49197e-006 2.47773e-006 -1.40614e-009 -1.40614e-009
4.81 -5.44983e-005 6.96835e-006 2.42314e-006 -2.21454e-009 -2.21454e-009
4.82 -5.44911e-005 7.38606e-006 2.27889e-006 -2.88006e-009 -2.88006e-009
4.83 -5.44908e-005 7.75794e-006 2.07497e-006 -3.40618e-009 -3.40618e-009
4.84 -5.44985e-005 8.09159e-006 1.8957e-006 -3.85015e-009 -3.85015e-009
4.85 -5.45074e-005 8.38412e-006 1.83288e-006 -4.27892e-009 -4.27892e-009
4.86 -5.45155e-005 8.62525e-006 1.87938e-006 -4.73105e-009 -4.73105e-009
4.87 -5.45309e-005 8.80721e-006 1.92514e-006 -5.21407e-009 -5.21407e-009
4.88 -5.45636e-005 8.94692e-006 1.88696e-006 -5.7263e-009 -5.7263e-009
4.89 -5.46195e-005 9.07929e-006 1.79055e-006 -6.27133e-009 -6.27133e-009
4.9 -5.46966e-005 9.22082e-006 1.72073e-006 -6.84775e-009 -6.84775e-009
4.91 -5.47898e-005 9.36661e-006 1.72962e-006 -7.4298e-009 -7.4298e-009
4.92 -5.48929e-005 9.52197e-006 1.8069e-006 -7.97172e-009 -7.97172e-009
4.93 -5.50004e-005 9.71221e-006 1.91618e-006 -8.44095e-009 -8.44095e-009
4.94 -5.51084e-005 9.94592e-006 2.01862e-006 -8.84166e-009 -8.84166e-009
4.95 -5.52176e-005 1.01842e-005 2.07e-006 -9.19281e-009 -9.19281e-009
4.96 -5.53309e-005 1.03607e-005 2.04919e-006 -9.48038e-009 -9.48038e-009
4.97 -5.54467e-005 1.04202e-005 1.98994e-006 -9.6373e-009 -9.6373e-009
4.98 -5.55612e-005 1.03352e-005 1.94014e-006 -9.57316e-009 -9.57316e-009
4.99 -5.56708e-005 1.01106e-005 1.89178e-006 -9.22565e-009 -9.22565e-009
5 -5.57697e-005 9.79426e-006 1.79717e-006 -8.59639e-009 -8.59639e-009
5.01 -5.58516e-005 9.46041e-006 1.64265e-006 -7.7555e-009 -7.7555e-009
5.02 -5.59128e-005 9.14808e-006 1.45772e-006 -6.81391e-009 -6.81391e-009
5.03 -5.5953e-005 8.83338e-006 1.27258e-006 -5.87518e-009 -5.87518e-009
5.04 -5.59746e-005 8.47708e-006 1.10236e-006 -4.99875e-009 -4.99875e-009
5.05 -5.59807e-005 8.07289e-006 9.40154e-007 -4.20087e-009 -4.20087e-009
5.06 -5.59766e-005 7.64209e-006 7.39175e-007 -3.48037e-009 -3.48037e-009
5.07 -5.59694e-005 7.22165e-006 4.46784e-007 -2.83581e-009 -2.83581e-009
5.08 -5.59636e-005 6.86255e-006 7.47262e-008 -2.26698e-009 -2.26698e-009
5.09 -5.59615e-005 6.60573e-006 -3.04405e-007 -1.77762e-009 -1.77762e-009
5.1 -5.59675e-005 6.45564e-006 -6.24405e-007 -1.38467e-009 -1.38467e-009
5.11 -5.59836e-005 6.38591e-006 -8.45794e-007 -1.11905e-009 -1.11905e-009
5.12 -5.60087e-005 6.36404e-006 -9.38649e-007 -1.00625e-009 -1.00625e-009
5.13 -5.60433e-005 6.35651e-006 -9.13179e-007 -1.03564e-009 -1.03564e-009
5.14 -5.60956e-005 6.31401e-006 -8.54458e-007 -1.14183e-009 -1.14183e-009
5.15 -5.61763e-005 6.18366e-006 -8.64394e-007 -1.21772e-009 -1.21772e-009
5.16 -5.6292e-005 5.95571e-006 -9.73954e-007 -1.16217e-009 -1.16217e-009
5.17 -5.64429e-005 5.67607e-006 -1.15128e-006 -9.38606e-010 -9.38606e-010
5.18 -5.66241e-005 5.40781e-006 -1.35672e-006 -6.01031e-010 -6.01031e-010
5.19 -5.6823e-005 5.20252e-006 -1.54917e-006 -2.63057e-010 -2.63057e-010
5.2 -5.7018e-005 5.09446e-006 -1.66441e-006 -3.41563e-011 -3.41563e-011
5.21 -5.71833e-005 5.07922e-006 -1.63531e-006 3.0981e-011 3.0981e-011
5.22 -5.73021e-005 5.09077e-006 -1.45004e-006 -5.11771e-011 -5.11771e-011
5.23 -5.73657e-005 5.03811e-006 -1.15469e-006 -2.05682e-010 -2.05682e-010
5.24 -5.73714e-005 4.87665e-006 -8.13021e-007 -3.34103e-010 -3.34103e-010
5.25 -5.73234e-005 4.62963e-006 -4.93437e-007 -3.6191e-010 -3.6191e-010
5.26 -5.72272e-005 4.36007e-006 -2.49704e-007 -2.73469e-010 -2.73469e-010
5.27 -5.70826e-005 4.13346e-006 -8.85459e-008 -1.12675e-010 -1.12675e-010
5.28 -5.68846e-005 3.98347e-006 1.52068e-008 4.69019e-011 4.69019e-011
5.29 -5.66286e-005 3.90131e-006 8.03547e-008 1.40124e-010 1.40124e-010
5.3 -5.63133e-005 3.86464e-006 1.34409e-007 1.37898e-010 1.37898e-010
5.31 -5.59404e-005 3.86124e-006 2.3385e-007 5.99431e-011 5.99431e-011
5.32 -5.55185e-005 3.87253e-006 4.23914e-007 -2.22324e-011 -2.22324e-011
5.33 -5.50627e-005 3.86212e-006 7.07381e-007 6.42286e-012 6.42286e-012
5.34 -5.45902e-005 3.79654e-006 1.06266e-006 2.73117e-010 2.73117e-010
5.35 -5.4114e-005 3.66759e-006 1.47481e-006 8.63185e-010 8.63185e-010
5.36 -5.36409e-005 3.48889e-006 1.94213e-006 1.77426e-009 1.77426e-009
5.37 -5.31783e-005 3.27692e-006 2.42965e-006 2.91512e-009 2.91512e-009
5.38 -5.27423e-005 3.04065e-006 2.84488e-006 4.15066e-009 4.15066e-009
5.39 -5.2347e-005 2.77944e-006 3.12451e-006 5.35954e-009 5.35954e-009
5.4 -5.19927e-005 2.48473e-006 3.32379e-006 6.47211e-009 6.47211e-009
5.41 -5.16701e-005 2.15644e-006 3.57135e-006 7.47605e-009 7.47605e-009
5.42 -5.13656e-005 1.82531e-006 3.95501e-006 8.39056e-009 8.39056e-009
5.43 -5.1069e-005 1.55228e-006 4.45364e-006 9.22091e-009 9.22091e-009
5.44 -5.07805e-005 1.39169e-006 4.96633e-006 9.92422e-009 9.92422e-009
5.45 -5.05046e-005 1.36001e-006 5.41871e-006 1.04191e-008 1.04191e-008
5.46 -5.02466e-005 1.44671e-006 5.82051e-006 1.06309e-008 1.06309e-008
5.47 -5.00132e-005 1.63754e-006 6.21373e-006 1.05299e-008 1.05299e-008
5.48 -4.98089e-005 1.91887e-006 6.61357e-006 1.01357e-008 1.01357e-008
5.49 -4.96321e-005 2.27053e-006 7.00159e-006 9.50291e-009 9.50291e-009
5.5 -4.94792e-005 2.65972e-006 7.32357e-006 8.71124e-009 8.71124e-009
5.51 -4.9354e-005 3.04946e-006 7.50124e-006 7.85606e-009 7.85606e-009
5.52 -4.92649e-005 3.42816e-006 7.50945e-006 7.02308e-009 7.02308e-009
5.53 -4.92206e-005 3.8136e-006 7.41185e-006 6.25165e-009 6.25165e-009
5.54 -4.92284e-005 4.21803e-006 7.29129e-006 5.51981e-009 5.51981e-009
5.55 -4.9293e-005 4.6413e-006 7.18835e-006 4.77065e-009 4.77065e-009
5.56 -4.94148e-005 5.09097e-006 7.09488e-006 3.95721e-009 3.95721e-009
5.57 -4.95925e-005 5.56734e-006 6.96438e-006 3.06908e-009 3.06908e-009
5.58 -4.98259e-005 6.03416e-006 6.74514e-006 2.1318e-009 2.1318e-009
5.59 -5.01149e-005 6.43314e-006 6.41459e-006 1.19066e-009 1.19066e-009
5.6 -5.04651e-005 6.73253e-006 5.97316e-006 2.85138e-010 2.85138e-010
5.61 -5.08842e-005 6.95312e-006 5.42324e-006 -5.80844e-010 -5.80844e-010
5.62 -5.13742e-005 7.15493e-006 4.78712e-006 -1.45302e-009 -1.45302e-009
5.63 -5.19243e-005 7.40717e-006 4.13823e-006 -2.40686e-009 -2.40686e-009
5.64 -5.25132e-005 7.75905e-006 3.57294e-006 -3.50428e-009 -3.50428e-009
5.65 -5.31208e-005 8.21906e-006 3.13557e-006 -4.75921e-009 -4.75921e-009
5.66 -5.37374e-005 8.74741e-006 2.7852e-006 -6.13136e-009 -6.13136e-009
5.67 -5.43645e-005 9.26793e-006 2.44063e-006 -7.53903e-009 -7.53903e-009
5.68 -5.50044e-005 9.70563e-006 2.05888e-006 -8.8748e-009 -8.8748e-009
5.69 -5.56554e-005 1.00273e-005 1.66832e-006 -1.00236e-008 -1.00236e-008
5.7 -5.63126e-005 1.02507e-005 1.32164e-006 -1.08889e-008 -1.08889e-008
5.71 -5.6955e-005 1.04086e-005 1.0301e-006 -1.14198e-008 -1.14198e-008
5.72 -5.75589e-005 1.05131e-005 7.53952e-007 -1.16188e-008 -1.16188e-008
5.73 -5.81045e-005 1.05514e-005 4.60155e-007 -1.15259e-008 -1.15259e-008
5.74 -5.85722e-005 1.05082e-005 1.75565e-007 -1.1194e-008 -1.1194e-008
5.75 -5.89451e-005 1.0391e-005 -2.76978e-008 -1.06704e-008 -1.06704e-008
5.76 -5.92155e-005 1.02266e-005 -1.01929e-007 -9.98991e-009 -9.98991e-009
5.77 -5.93818e-005 1.004e-005 -6.97288e-008 -9.17517e-009 -9.17517e-009
5.78 -5.94448e-005 9.84449e-006 -1.0979e-008 -8.24589e-009 -8.24589e-009
5.79 -5.94086e-005 9.64303e-006 -3.77783e-008 -7.23845e-009 -7.23845e-009
5.8 -5.92876e-005 9.42774e-006 -2.6752e-007 -6.2243e-009 -6.2243e-009
5.81 -5.9105e-005 9.19202e-006 -7.55448e-007 -5.30868e-009 -5.30868e-009
5.82 -5.88795e-005 8.96819e-006 -1.40157e-006 -4.60385e-009 -4.60385e-009
5.83 -5.86127e-005 8.83036e-006 -1.96155e-006 -4.19175e-009 -4.19175e-009
5.84 -5.8295e-005 8.81923e-006 -2.22868e-006 -4.09242e-009 -4.09242e-009
5.85 -5.79282e-005 8.86882e-006 -2.195e-006 -4.24636e-009 -4.24636e-009
5.86 -5.75329e-005 8.84285e-006 -2.00937e-006 -4.52542e-009 -4.52542e-009
5.87 -5.71346e-005 8.64561e-006 -1.82511e-006 -4.78733e-009 -4.78733e-009
5.88 -5.6766e-005 8.28154e-006 -1.71775e-006 -4.95138e-009 -4.95138e-009
5.89 -5.64584e-005 7.82648e-006 -1.67088e-006 -5.03219e-009 -5.03219e-009
5.9 -5.62255e-005 7.36085e-006 -1.59692e-006 -5.0943e-009 -5.0943e-009
5.91 -5.60589e-005 6.91842e-006 -1.40991e-006 -5.16798e-009 -5.16798e-009
5.92 -5.59308e-005 6.48785e-006 -1.06495e-006 -5.20507e-009 -5.20507e-009
5.93 -5.58027e-005 6.03835e-006 -5.36192e-007 -5.10615e-009 -5.10615e-009
5.94 -5.56397e-005 5.52287e-006 1.82076e-007 -4.77408e-009 -4.77408e-009
5.95 -5.54254e-005 4.88819e-006 1.04415e-006 -4.13684e-009 -4.13684e-009
5.96 -5.51649e-005 4.11173e-006 1.94175e-006 -3.14004e-009 -3.14004e-009
5.97 -5.48737e-005 3.22766e-006 2.74791e-006 -1.75054e-009 -1.75054e-009
5.98 -5.45613e-005 2.31483e-006 3.37515e-006 1.4177e-011 1.4177e-011
5.99 -5.42276e-005 1.45373e-006 3.76815e-006 2.06329e-009 2.06329e-009
6 -5.38709e-005 6.80911e-007 3.84955e-006 4.25018e-009 4.25018e-009
6.01 -5.34967e-005 -2.65828e-008 3.52242e-006 6.42664e-009 6.42664e-009
6.02 -5.31215e-005 -7.324e-007 2.76047e-006 8.50142e-009 8.50142e-009
6.03 -5.27736e-005 -1.51941e-006 1.65839e-006 1.04708e-008 1.04708e-008
6.04 -5.24857e-005 -2.45559e-006 3.82692e-007 1.24051e-008 1.24051e-008
6.05 -5.22868e-005 -3.52538e-006 -8.98254e-007 1.43885e-008 1.43885e-008
6.06 -5.21887e-005 -4.61125e-006 -2.07265e-006 1.64357e-008 1.64357e-008
6.07 -5.22085e-005 -5.54955e-006 -3.09355e-006 1.84406e-008 1.84406e-008
6.08 -5.23657e-005 -6.20766e-006 -3.95772e-006 2.02023e-008 2.02023e-008
6.09 -5.26694e-005 -6.5366e-006 -4.69467e-006 2.15121e-008 2.15121e-008
6.1 -5.31502e-005 -6.57236e-006 -5.35173e-006 2.22379e-008 2.22379e-008
6.11 -5.38208e-005 -6.40237e-006 -5.92765e-006 2.23624e-008 2.23624e-008
6.12 -5.46711e-005 -6.11239e-006 -6.34276e-006 2.19757e-008 2.19757e-008
6.13 -5.56628e-005 -5.76261e-006 -6.49237e-006 2.12441e-008 2.12441e-008
6.14 -5.67375e-005 -5.36264e-006 -6.27542e-006 2.03632e-008 2.03632e-008
6.15 -5.78168e-005 -4.87275e-006 -5.59197e-006 1.9491e-008 1.9491e-008
6.16 -5.88173e-005 -4.2495e-006 -4.39454e-006 1.86863e-008 1.86863e-008
6.17 -5.96693e-005 -3.48004e-006 -2.74174e-006 1.7888e-008 1.7888e-008
6.18 -6.03209e-005 -2.58502e-006 -7.83485e-007 1.69521e-008 1.69521e-008
6.19 -6.07351e-005 -1.63201e-006 1.26588e-006 1.57285e-008 1.57285e-008
6.2 -6.08856e-005 -7.34903e-007 3.16079e-006 1.41439e-008 1.41439e-008
6.21 -6.07435e-005 1.74836e-008 4.72126e-006 1.22471e-008 1.22471e-008
6.22 -6.02706e-005 6.55209e-007 5.92646e-006 1.01798e-008 1.01798e-008
6.23 -5.94186e-005 1.33618e-006 6.89686e-006 8.08002e-009 8.08002e-009
6.24 -5.81875e-005 2.23315e-006 7.75549e-006 5.98869e-009 5.98869e-009
6.25 -5.66045e-005 3.41197e-006 8.53227e-006 3.8393e-009 3.8393e-009
6.26 -5.47349e-005 4.77124e-006 9.12653e-006 1.53468e-009 1.53468e-009
6.27 -5.26701e-005 6.10958e-006 9.36384e-006 -9.60141e-010 -9.60141e-010
6.28 -5.05313e-005 7.25337e-006 9.14462e-006 -3.57885e-009 -3.57885e-009
6.29 -4.84325e-005 8.15599e-006 8.58368e-006 -6.17596e-009 -6.17596e-009
6.3 -4.64604e-005 8.89877e-006 8.0002e-006 -8.57076e-009 -8.57076e-009
6.31 -4.46743e-005 9.5913e-006 7.68966e-006 -1.05746e-008 -1.05746e-008
6.32 -4.3136e-005 1.02659e-005 7.67714e-006 -1.2014e-008 -1.2014e-008
6.33 -4.19237e-005 1.08851e-005 7.72789e-006 -1.27874e-008 -1.27874e-008
6.34 -4.11284e-005 1.13984e-005 7.55006e-006 -1.29362e-008 -1.29362e-008
6.35 -4.08422e-005 1.17614e-005 7.00915e-006 -1.26527e-008 -1.26527e-008
6.36 -4.11246e-005 1.19668e-005 6.23793e-006 -1.21785e-008 -1.21785e-008
6.37 -4.196e-005 1.20881e-005 5.61777e-006 -1.16565e-008 -1.16565e-008
6.38 -4.32584e-005 1.22698e-005 5.60493e-006 -1.10588e-008 -1.10588e-008
6.39 -4.49022e-005 1.26092e-005 6.384e-006 -1.02459e-008 -1.02459e-008
6.4 -4.67946e-005 1.30604e-005 7.69104e-006 -9.0985e-009 -9.0985e-009
6.41 -4.88394e-005 1.34988e-005 9.07663e-006 -7.62569e-009 -7.62569e-009
6.42 -5.09594e-005 1.38256e-005 1.02706e-005 -5.99444e-009 -5.99444e-009
6.43 -5.30876e-005 1.39595e-005 1.12181e-005 -4.46408e-009 -4.46408e-009
6.44 -5.51451e-005 1.3821e-005 1.19433e-005 -3.25464e-009 -3.25464e-009
6.45 -5.70219e-005 1.3389e-005 1.24811e-005 -2.44068e-009 -2.44068e-009
6.46 -5.85832e-005 1.27303e-005 1.28416e-005 -1.95832e-009 -1.95832e-009
6.47 -5.97027e-005 1.19394e-005 1.29524e-005 -1.70913e-009 -1.70913e-009
6.48 -6.03043e-005 1.10708e-005 1.26635e-005 -1.65608e-009 -1.65608e-009
6.49 -6.03907e-005 1.01403e-005 1.18658e-005 -1.83858e-009 -1.83858e-009
6.5 -6.00188e-005 9.16438e-006 1.05956e-005 -2.32571e-009 -2.32571e-009
6.51 -5.92781e-005 8.19012e-006 8.9843e-006 -3.16317e-009 -3.16317e-009
6.52 -5.82677e-005 7.28106e-006 7.1118e-006 -4.34081e-009 -4.34081e-009
6.53 -5.70843e-005 6.46329e-006 4.90934e-006 -5.77246e-009 -5.77246e-009
6.54 -5.58264e-005 5.72156e-006 2.22659e-006 -7.28493e-009 -7.28493e-009
6.55 -5.45998e-005 5.06142e-006 -9.48099e-007 -8.63941e-009 -8.63941e-009
6.56 -5.35106e-005 4.52901e-006 -4.35594e-006 -9.59526e-009 -9.59526e-009
6.57 -5.26875e-005 4.15665e-006 -7.56603e-006 -9.9724e-009 -9.9724e-009
6.58 -5.22351e-005 3.91698e-006 -1.01517e-005 -9.66404e-009 -9.66404e-009
6.59 -5.22457e-005 3.72467e-006 -1.18438e-005 -8.61437e-009 -8.61437e-009
6.6 -5.27124e-005 3.4372e-006 -1.26589e-005 -6.80167e-009 -6.80167e-009
6.61 -5.36231e-005 2.94684e-006 -1.28117e-005 -4.24363e-009 -4.24363e-009
6.62 -5.4958e-005 2.24674e-006 -1.2552e-005 -1.02407e-009 -1.02407e-009
6.63 -5.66882e-005 1.43436e-006 -1.20455e-005 2.67913e-009 2.67913e-009
6.64 -5.87468e-005 6.43178e-007 -1.13473e-005 6.59609e-009 6.59609e-009
6.65 -6.10391e-005 -2.26734e-008 -1.04351e-005 1.04088e-008 1.04088e-008
6.66 -6.34367e-005 -5.28088e-007 -9.30499e-006 1.38144e-008 1.38144e-008
6.67 -6.5783e-005 -8.89303e-007 -8.03345e-006 1.6567e-008 1.6567e-008
6.68 -6.79092e-005 -1.11789e-006 -6.73555e-006 1.848e-008 1.848e-008
6.69 -6.96657e-005 -1.18584e-006 -5.4981e-006 1.94121e-008 1.94121e-008
6.7 -7.09411e-005 -1.06096e-006 -4.36747e-006 1.92748e-008 1.92748e-008
6.71 -7.16747e-005 -7.66832e-007 -3.40186e-006 1.8072e-008 1.8072e-008
6.72 -7.1854e-005 -3.80448e-007 -2.71854e-006 1.59278e-008 1.59278e-008
6.73 -7.14963e-005 5.61771e-008 -2.44765e-006 1.30493e-008 1.30493e-008
6.74 -7.06332e-005 6.10672e-007 -2.64188e-006 9.63331e-009 9.63331e-009
6.75 -6.93132e-005 1.41685e-006 -3.27062e-006 5.79649e-009 5.79649e-009
6.76 -6.76036e-005 2.56413e-006 -4.23481e-006 1.60295e-009 1.60295e-009
6.77 -6.55868e-005 4.02845e-006 -5.33993e-006 -2.83386e-009 -2.83386e-009
6.78 -6.33657e-005 5.68535e-006 -6.33977e-006 -7.27475e-009 -7.27475e-009
6.79 -6.10737e-005 7.37869e-006 -7.05558e-006 -1.13825e-008 -1.13825e-008
6.8 -5.88567e-005 8.98564e-006 -7.44489e-006 -1.48316e-008 -1.48316e-008
6.81 -5.68332e-005 1.04476e-005 -7.5556e-006 -1.74099e-008 -1.74099e-008
6.82 -5.51125e-005 1.17713e-005 -7.43712e-006 -1.90499e-008 -1.90499e-008
6.83 -5.37846e-005 1.2975e-005 -7.13772e-006 -1.97986e-008 -1.97986e-008
6.84 -5.29119e-005 1.40328e-005 -6.74076e-006 -1.97789e-008 -1.97789e-008
6.85 -5.25221e-005 1.4884e-005 -6.31603e-006 -1.91783e-008 -1.91783e-008
6.86 -5.26047e-005 1.54888e-005 -5.81247e-006 -1.82525e-008 -1.82525e-008
6.87 -5.31055e-005 1.58606e-005 -5.05942e-006 -1.72975e-008 -1.72975e-008
6.88 -5.39407e-005 1.60194e-005 -3.92283e-006 -1.65667e-008 -1.65667e-008
6.89 -5.50289e-005 1.59713e-005 -2.43099e-006 -1.61833e-008 -1.61833e-008
6.9 -5.62788e-005 1.57374e-005 -7.34938e-007 -1.61319e-008 -1.61319e-008
6.91 -5.75921e-005 1.54072e-005 1.02849e-006 -1.63509e-008 -1.63509e-008
6.92 -5.88803e-005 1.51635e-005 2.79065e-006 -1.6854e-008 -1.6854e-008
6.93 -6.00647e-005 1.51913e-005 4.44044e-006 -1.77661e-008 -1.77661e-008
6.94 -6.10909e-005 1.55445e-005 5.73342e-006 -1.92219e-008 -1.92219e-008
6.95 -6.19371e-005 1.6098e-005 6.3931e-006 -2.12022e-008 -2.12022e-008
6.96 -6.25699e-005 1.66427e-005 6.30659e-006 -2.3445e-008 -2.3445e-008
6.97 -6.29584e-005 1.70222e-005 5.58289e-006 -2.55098e-008 -2.55098e-008
6.98 -6.30954e-005 1.71881e-005 4.43211e-006 -2.69395e-008 -2.69395e-008
6.99 -6.29985e-005 1.71651e-005 3.02538e-006 -2.74017e-008 -2.74017e-008
7 -6.27016e-005 1.69894e-005 1.49105e-006 -2.67347e-008 -2.67347e-008
7.01 -6.22448e-005 1.67e-005 1.5014e-008 -2.49286e-008 -2.49286e-008
7.02 -6.16665e-005 1.63345e-005 -1.18509e-006 -2.21025e-008 -2.21025e-008
7.03 -6.10177e-005 1.58696e-005 -2.03015e-006 -1.84939e-008 -1.84939e-008
7.04 -6.03605e-005 1.51636e-005 -2.66803e-006 -1.4411e-008 -1.4411e-008
7.05 -5.97647e-005 1.39794e-005 -3.39082e-006 -1.01375e-008 -1.01375e-008
7.06 -5.9284e-005 1.21342e-005 -4.39732e-006 -5.84924e-009 -5.84924e-009
7.07 -5.89338e-005 9.66478e-006 -5.57796e-006 -1.62927e-009 -1.62927e-009
7.08 -5.86933e-005 6.81786e-006 -6.58832e-006 2.42482e-009 2.42482e-009
7.09 -5.85087e-005 3.90274e-006 -7.10444e-006 6.10375e-009 6.10375e-009
7.1 -5.83092e-005 1.16425e-006 -6.99674e-006 9.09346e-009 9.09346e-009
7.11 -5.80753e-005 -1.22738e-006 -6.31516e-006 1.10757e-008 1.10757e-008
7.12 -5.7787e-005 -3.16092e-006 -5.21856e-006 1.1842e-008 1.1842e-008
7.13 -5.74527e-005 -4.59596e-006 -3.91279e-006 1.13715e-008 1.13715e-008
7.14 -5.71053e-005 -5.57801e-006 -2.63055e-006 9.87634e-009 9.87634e-009
7.15 -5.67753e-005 -6.20904e-006 -1.58591e-006 7.80193e-009 7.80193e-009
7.16 -5.64706e-005 -6.57861e-006 -9.09908e-007 5.75662e-009 5.75662e-009
7.17 -5.6219e-005 -6.74809e-006 -6.36167e-007 4.37574e-009 4.37574e-009
7.18 -5.60158e-005 -6.79462e-006 -6.80379e-007 4.17785e-009 4.17785e-009
7.19 -5.58232e-005 -6.80932e-006 -8.68367e-007 5.47153e-009 5.47153e-009
7.2 -5.5616e-005 -6.88577e-006 -1.00236e-006 8.3333e-009 8.3333e-009
7.21 -5.53965e-005 -7.11729e-006 -9.20671e-007 1.26439e-008 1.26439e-008
7.22 -5.51472e-005 -7.56557e-006 -4.93668e-007 1.81588e-008 1.81588e-008
7.23 -5.48975e-005 -8.23179e-006 3.38907e-007 2.45723e-008 2.45723e-008
7.24 -5.46187e-005 -9.07338e-006 1.50732e-006 3.15358e-008 3.15358e-008
7.25 -5.42957e-005 -1.00089e-005 2.79207e-006 3.86259e-008 3.86259e-008
7.26 -5.39023e-005 -1.09103e-005 3.93433e-006 4.53086e-008 4.53086e-008
7.27 -5.34088e-005 -1.1604e-005 4.78073e-006 5.09513e-008 5.09513e-008
7.28 -5.2801e-005 -1.18883e-005 5.33518e-006 5.48935e-008 5.48935e-008
7.29 -5.20731e-005 -1.15838e-005 5.70292e-006 5.65551e-008 5.65551e-008
7.3 -5.12445e-005 -1.05841e-005 6.03924e-006 5.55474e-008 5.55474e-008
7.31 -5.03077e-005 -8.8629e-006 6.54857e-006 5.17475e-008 5.17475e-008
7.32 -4.92518e-005 -6.47729e-006 7.40881e-006 4.53178e-008 4.53178e-008
7.33 -4.81019e-005 -3.60544e-006 8.56598e-006 3.66752e-008 3.66752e-008
7.34 -4.6943e-005 -5.40176e-007 9.65767e-006 2.6428e-008 2.6428e-008
7.35 -4.58998e-005 2.43004e-006 1.02534e-005 1.52845e-008 1.52845e-008
7.36 -4.50914e-005 5.15348e-006 1.01785e-005 3.94166e-009 3.94166e-009
7.37 -4.46106e-005 7.63462e-006 9.60444e-006 -7.00618e-009 -7.00618e-009
7.38 -4.44988e-005 9.90879e-006 8.82898e-006 -1.70842e-008 -1.70842e-008
7.39 -4.47585e-005 1.19163e-005 8.00517e-006 -2.58781e-008 -2.58781e-008
7.4 -4.53876e-005 1.35095e-005 7.14099e-006 -3.29833e-008 -3.29833e-008
7.41 -4.63472e-005 1.46012e-005 6.26942e-006 -3.80449e-008 -3.80449e-008
7.42 -4.76081e-005 1.52255e-005 5.55519e-006 -4.08661e-008 -4.08661e-008
7.43 -4.9128e-005 1.54961e-005 5.17628e-006 -4.1479e-008 -4.1479e-008
7.44 -5.08833e-005 1.55192e-005 5.10118e-006 -4.01127e-008 -4.01127e-008
7.45 -5.28501e-005 1.53727e-005 5.04484e-006 -3.71105e-008 -3.71105e-008
7.46 -5.49845e-005 1.51571e-005 4.69222e-006 -3.28853e-008 -3.28853e-008
7.47 -5.72057e-005 1.50202e-005 3.94411e-006 -2.79224e-008 -2.79224e-008
7.48 -5.94024e-005 1.51188e-005 2.97892e-006 -2.27601e-008 -2.27601e-008
7.49 -6.14553e-005 1.55599e-005 2.09718e-006 -1.79033e-008 -1.79033e-008
7.5 -6.32771e-005 1.6369e-005 1.49034e-006 -1.37173e-008 -1.37173e-008
7.51 -6.48258e-005 1.75021e-005 1.14658e-006 -1.03901e-008 -1.03901e-008
7.52 -6.60999e-005 1.88812e-005 9.73328e-007 -7.98874e-009 -7.98874e-009
7.53 -6.70907e-005 2.04069e-005 8.97401e-007 -6.55061e-009 -6.55061e-009
7.54 -6.77944e-005 2.19548e-005 8.52176e-007 -6.1243e-009 -6.1243e-009
7.55 -6.8222e-005 2.33957e-005 7.1358e-007 -6.73784e-009 -6.73784e-009
7.56 -6.84094e-005 2.4584e-005 2.54335e-007 -8.34389e-009 -8.34389e-009
7.57 -6.8399e-005 2.53612e-005 -7.66312e-007 -1.07918e-008 -1.07918e-008
7.58 -6.82514e-005 2.56295e-005 -2.33276e-006 -1.38539e-008 -1.38539e-008
7.59 -6.79794e-005 2.5408e-005 -4.04797e-006 -1.72973e-008 -1.72973e-008
7.6 -6.7545e-005 2.4783e-005 -5.39658e-006 -2.09468e-008 -2.09468e-008
7.61 -6.69487e-005 2.3814e-005 -6.13645e-006 -2.46871e-008 -2.46871e-008
7.62 -6.62372e-005 2.24923e-005 -6.42868e-006 -2.8415e-008 -2.8415e-008
7.63 -6.54619e-005 2.07923e-005 -6.61826e-006 -3.20073e-008 -3.20073e-008
7.64 -6.46768e-005 1.87652e-005 -6.90938e-006 -3.53383e-008 -3.53383e-008
7.65 -6.3928e-005 1.65698e-005 -7.24621e-006 -3.83042e-008 -3.83042e-008
7.66 -6.32366e-005 1.44387e-005 -7.38961e-006 -4.0803e-008 -4.0803e-008
7.67 -6.25815e-005 1.25962e-005 -7.0856e-006 -4.26732e-008 -4.26732e-008
7.68 -6.19246e-005 1.11387e-005 -6.27444e-006 -4.36522e-008 -4.36522e-008
7.69 -6.12409e-005 9.99089e-006 -5.13324e-006 -4.34067e-008 -4.34067e-008
7.7 -6.05198e-005 8.99843e-006 -3.85796e-006 -4.16238e-008 -4.16238e-008
7.71 -5.97618e-005 8.0439e-006 -2.44809e-006 -3.81036e-008 -3.81036e-008
7.72 -5.89741e-005 7.0544e-006 -7.69525e-007 -3.27864e-008 -3.27864e-008
7.73 -5.81702e-005 5.95261e-006 1.20796e-006 -2.57017e-008 -2.57017e-008
7.74 -5.7354e-005 4.65369e-006 3.31764e-006 -1.69075e-008 -1.69075e-008
7.75 -5.65066e-005 3.11558e-006 5.32767e-006 -6.49831e-009 -6.49831e-009
7.76 -5.55487e-005 1.34287e-006 7.09081e-006 5.30765e-009 5.30765e-009
7.77 -5.44881e-005 -6.24115e-007 8.49849e-006 1.80765e-008 1.80765e-008
7.78 -5.33574e-005 -2.77337e-006 9.47405e-006 3.11665e-008 3.11665e-008
7.79 -5.21797e-005 -5.0957e-006 9.89014e-006 4.38315e-008 4.38315e-008
7.8 -5.0984e-005 -7.56324e-006 9.67343e-006 5.53314e-008 5.53314e-008
7.81 -4.97996e-005 -1.0071e-005 8.89669e-006 6.50014e-008 6.50014e-008
7.82 -4.86371e-005 -1.23807e-005 7.82999e-006 7.22762e-008 7.22762e-008
7.83 -4.74937e-005 -1.41746e-005 6.88617e-006 7.66914e-008 7.66914e-008
7.84 -4.63227e-005 -1.51746e-005 6.44295e-006 7.79106e-008 7.79106e-008
7.85 -4.51009e-005 -1.52518e-005 6.63404e-006 7.57973e-008 7.57973e-008
7.86 -4.38995e-005 -1.44627e-005 7.37287e-006 7.04884e-008 7.04884e-008
7.87 -4.27948e-005 -1.29887e-005 8.48221e-006 6.23941e-008 6.23941e-008
7.88 -4.18741e-005 -1.1052e-005 9.75634e-006 5.21137e-008 5.21137e-008
7.89 -4.12205e-005 -8.87842e-006 1.09684e-005 4.0339e-008 4.0339e-008
7.9 -4.08849e-005 -6.69751e-006 1.19154e-005 2.7818e-008 2.7818e-008
7.91 -4.08785e-005 -4.72084e-006 1.24832e-005 1.53585e-008 1.53585e-008
7.92 -4.1177e-005 -3.07809e-006 1.27171e-005 3.7879e-009 3.7879e-009
7.93 -4.17286e-005 -1.77068e-006 1.2842e-005 -6.16275e-009 -6.16275e-009
7.94 -4.24678e-005 -6.9283e-007 1.31573e-005 -1.39902e-008 -1.39902e-008
7.95 -4.3339e-005 2.76501e-007 1.38296e-005 -1.94699e-008 -1.94699e-008
7.96 -4.43147e-005 1.19491e-006 1.47537e-005 -2.25991e-008 -2.25991e-008
7.97 -4.53804e-005 2.06798e-006 1.56115e-005 -2.35004e-008 -2.35004e-008
7.98 -4.65241e-005 2.89771e-006 1.60307e-005 -2.23734e-008 -2.23734e-008
7.99 -4.77289e-005 3.72253e-006 1.57671e-005 -1.95088e-008 -1.95088e-008
8 -4.8979e-005 4.61961e-006 1.48181e-005 -1.53065e-008 -1.53065e-008
8.01 -5.02369e-005 5.6558e-006 1.33382e-005 -1.02414e-008 -1.02414e-008
8.02 -5.14661e-005 6.81233e-006 1.14689e-005 -4.78442e-009 -4.78442e-009
8.03 -5.26394e-005 7.99067e-006 9.31037e-006 6.61933e-010 6.61933e-010
8.04 -5.37442e-005 9.11969e-006 7.05573e-006 5.75602e-009 5.75602e-009
8.05 -5.47475e-005 1.02081e-005 5.03224e-006 1.01514e-008 1.01514e-008
8.06 -5.56676e-005 1.12714e-005 3.51176e-006 1.34615e-008 1.34615e-008
8.07 -5.65293e-005 1.22627e-005 2.4672e-006 1.5324e-008 1.5324e-008
8.08 -5.73725e-005 1.30743e-005 1.61361e-006 1.55181e-008 1.55181e-008
8.09 -5.82437e-005 1.36394e-005 6.90795e-007 1.40194e-008 1.40194e-008
8.1 -5.91678e-005 1.3985e-005 -3.66697e-007 1.09528e-008 1.09528e-008
8.11 -6.01493e-005 1.4206e-005 -1.49184e-006 6.51097e-009 6.51097e-009
8.12 -6.11847e-005 1.44148e-005 -2.58781e-006 9.23891e-010 9.23891e-010
8.13 -6.22492e-005 1.47e-005 -3.55207e-006 -5.51746e-009 -5.51746e-009
8.14 -6.33075e-005 1.50715e-005 -4.27833e-006 -1.24388e-008 -1.24388e-008
8.15 -6.43105e-005 1.54307e-005 -4.67479e-006 -1.93982e-008 -1.93982e-008
8.16 -6.5211e-005 1.56131e-005 -4.68932e-006 -2.59334e-008 -2.59334e-008
8.17 -6.59712e-005 1.5493e-005 -4.33507e-006 -3.16199e-008 -3.16199e-008
8.18 -6.65657e-005 1.50657e-005 -3.69933e-006 -3.6119e-008 -3.6119e-008
8.19 -6.69771e-005 1.4441e-005 -2.9249e-006 -3.92005e-008 -3.92005e-008
8.2 -6.71965e-005 1.3755e-005 -2.20653e-006 -4.07353e-008 -4.07353e-008
8.21 -6.72235e-005 1.30909e-005 -1.76665e-006 -4.06838e-008 -4.06838e-008
8.22 -6.70635e-005 1.24549e-005 -1.78849e-006 -3.90999e-008 -3.90999e-008
8.23 -6.67296e-005 1.17796e-005 -2.36849e-006 -3.61383e-008 -3.61383e-008
8.24 -6.62424e-005 1.09509e-005 -3.49442e-006 -3.20253e-008 -3.20253e-008
8.25 -6.56271e-005 9.86475e-006 -5.03163e-006 -2.69871e-008 -2.69871e-008
8.26 -6.49072e-005 8.47886e-006 -6.76001e-006 -2.11906e-008 -2.11906e-008
8.27 -6.41175e-005 6.81956e-006 -8.47355e-006 -1.47555e-008 -1.47555e-008
8.28 -6.32941e-005 4.94963e-006 -1.00536e-005 -7.82988e-009 -7.82988e-009
8.29 -6.24905e-005 2.95477e-006 -1.14288e-005 -6.61953e-010 -6.61953e-010
8.3 -6.1809e-005 9.19225e-007 -1.25634e-005 6.39447e-009 6.39447e-009
8.31 -6.13063e-005 -1.14291e-006 -1.35021e-005 1.29507e-008 1.29507e-008
8.32 -6.10324e-005 -3.28292e-006 -1.43469e-005 1.86966e-008 1.86966e-008
8.33 -6.10081e-005 -5.5637e-006 -1.51663e-005 2.34877e-008 2.34877e-008
8.34 -6.1273e-005 -7.98512e-006 -1.59483e-005 2.73467e-008 2.73467e-008
8.35 -6.18e-005 -1.04824e-005 -1.66471e-005 3.03959e-008 3.03959e-008
8.36 -6.25586e-005 -1.29558e-005 -1.72351e-005 3.27745e-008 3.27745e-008
8.37 -6.35097e-005 -1.52937e-005 -1.77204e-005 3.45857e-008 3.45857e-008
8.38 -6.44788e-005 -1.74463e-005 -1.81433e-005 3.5888e-008 3.5888e-008
8.39 -6.55112e-005 -1.94166e-005 -1.84326e-005 3.67242e-008 3.67242e-008
8.4 -6.65762e-005 -2.12356e-005 -1.85293e-005 3.71624e-008 3.71624e-008
8.41 -6.75212e-005 -2.29708e-005 -1.84897e-005 3.73239e-008 3.73239e-008
8.42 -6.839e-005 -2.46618e-005 -1.84614e-005 3.73874e-008 3.73874e-008
8.43 -6.90697e-005 -2.63546e-005 -1.86567e-005 3.756e-008 3.756e-008
8.44 -6.94511e-005 -2.80645e-005 -1.92624e-005 3.80112e-008 3.80112e-008
8.45 -6.95524e-005 -2.97269e-005 -2.03464e-005 3.88041e-008 3.88041e-008
8.46 -6.91173e-005 -3.13223e-005 -2.19293e-005 3.98827e-008 3.98827e-008
8.47 -6.83347e-005 -3.27225e-005 -2.3869e-005 4.11096e-008 4.11096e-008
8.48 -6.73467e-005 -3.38176e-005 -2.59767e-005 4.23126e-008 4.23126e-008
8.49 -6.62218e-005 -3.45311e-005 -2.81194e-005 4.33239e-008 4.33239e-008
8.5 -6.50359e-005 -3.47966e-005 -3.02463e-005 4.40164e-008 4.40164e-008
8.51 -6.40612e-005 -3.45721e-005 -3.22956e-005 4.43325e-008 4.43325e-008
8.52 -6.34494e-005 -3.38106e-005 -3.41122e-005 4.42693e-008 4.42693e-008
8.53 -6.32545e-005 -3.24936e-005 -3.54625e-005 4.38212e-008 4.38212e-008
8.54 -6.34806e-005 -3.0663e-005 -3.6197e-005 4.29463e-008 4.29463e-008
8.55 -6.40506e-005 -2.84342e-005 -3.63488e-005 4.15914e-008 4.15914e-008
8.56 -6.49342e-005 -2.59723e-005 -3.60866e-005 3.9744e-008 3.9744e-008
8.57 -6.60574e-005 -2.34561e-005 -3.56387e-005 3.74523e-008 3.74523e-008
8.58 -6.73798e-005 -2.10183e-005 -3.51095e-005 3.47926e-008 3.47926e-008
8.59 -6.88776e-005 -1.8703e-005 -3.44488e-005 3.18215e-008 3.18215e-008
8.6 -7.0526e-005 -1.65205e-005 -3.35679e-005 2.85576e-008 2.85576e-008
8.61 -7.22584e-005 -1.45099e-005 -3.24737e-005 2.49999e-008 2.49999e-008
8.62 -7.39735e-005 -1.27243e-005 -3.12802e-005 2.11416e-008 2.11416e-008
8.63 -7.5574e-005 -1.11698e-005 -3.01001e-005 1.69574e-008 1.69574e-008
8.64 -7.69777e-005 -9.8004e-006 -2.90064e-005 1.23936e-008 1.23936e-008
8.65 -7.81434e-005 -8.54831e-006 -2.80629e-005 7.39347e-009 7.39347e-009
8.66 -7.9048e-005 -7.31962e-006 -2.73339e-005 1.95595e-009 1.95595e-009
8.67 -7.96939e-005 -5.99571e-006 -2.68459e-005 -3.8229e-009 -3.8229e-009
8.68 -8.01118e-005 -4.45936e-006 -2.65635e-005 -9.7572e-009 -9.7572e-009
8.69 -8.03196e-005 -2.63891e-006 -2.64299e-005 -1.56123e-008 -1.56123e-008
8.7 -8.0332e-005 -5.40587e-007 -2.64307e-005 -2.11414e-008 -2.11414e-008
8.71 -8.01743e-005 1.75123e-006 -2.65829e-005 -2.61037e-008 -2.61037e-008
8.72 -7.98636e-005 4.16796e-006 -2.68166e-005 -3.02757e-008 -3.02757e-008
8.73 -7.95141e-005 6.67733e-006 -2.68954e-005 -3.34555e-008 -3.34555e-008
8.74 -7.91321e-005 9.23608e-006 -2.65661e-005 -3.54577e-008 -3.54577e-008
8.75 -7.86923e-005 1.17383e-005 -2.57142e-005 -3.61205e-008 -3.61205e-008
8.76 -7.82572e-005 1.39267e-005 -2.44146e-005 -3.53374e-008 -3.53374e-008
8.77 -7.77902e-005 1.56215e-005 -2.28531e-005 -3.31088e-008 -3.31088e-008
8.78 -7.73118e-005 1.68536e-005 -2.11285e-005 -2.95997e-008 -2.95997e-008
8.79 -7.6818e-005 1.77997e-005 -1.91606e-005 -2.5171e-008 -2.5171e-008
8.8 -7.62992e-005 1.86799e-005 -1.6829e-005 -2.03506e-008 -2.03506e-008
8.81 -7.56945e-005 1.96786e-005 -1.40314e-005 -1.57387e-008 -1.57387e-008
8.82 -7.50247e-005 2.0868e-005 -1.08026e-005 -1.18859e-008 -1.18859e-008
8.83 -7.41692e-005 2.22524e-005 -7.27831e-006 -9.20423e-009 -9.20423e-009
8.84 -7.31574e-005 2.37285e-005 -3.76922e-006 -7.95733e-009 -7.95733e-009
8.85 -7.19307e-005 2.51647e-005 -6.43718e-007 -8.30383e-009 -8.30383e-009
8.86 -7.06202e-005 2.64688e-005 1.80497e-006 -1.03127e-008 -1.03127e-008
8.87 -6.90647e-005 2.76518e-005 3.52912e-006 -1.39363e-008 -1.39363e-008
8.88 -6.72027e-005 2.88233e-005 4.72236e-006 -1.90046e-008 -1.90046e-008
8.89 -6.50744e-005 3.00915e-005 5.7124e-006 -2.52812e-008 -2.52812e-008
8.9 -6.26369e-005 3.1486e-005 6.77566e-006 -3.25131e-008 -3.25131e-008
8.91 -5.97831e-005 3.29257e-005 8.01718e-006 -4.03936e-008 -4.03936e-008
8.92 -5.66017e-005 3.42371e-005 9.40528e-006 -4.85015e-008 -4.85015e-008
8.93 -5.33479e-005 3.52848e-005 1.08537e-005 -5.62938e-008 -5.62938e-008
8.94 -5.02491e-005 3.5983e-005 1.23977e-005 -6.31589e-008 -6.31589e-008
8.95 -4.74604e-005 3.62877e-005 1.40773e-005 -6.85044e-008 -6.85044e-008
8.96 -4.49088e-005 3.62107e-005 1.59824e-005 -7.18306e-008 -7.18306e-008
8.97 -4.26554e-005 3.57555e-005 1.8153e-005 -7.27796e-008 -7.27796e-008
8.98 -4.06558e-005 3.49842e-005 2.05836e-005 -7.11806e-008 -7.11806e-008
8.99 -3.87954e-005 3.39065e-005 2.32454e-005 -6.70716e-008 -6.70716e-008
9 -3.70177e-005 3.24981e-005 2.60446e-005 -6.06692e-008 -6.06692e-008
9.01 -3.54108e-005 3.07244e-005 2.89085e-005 -5.23032e-008 -5.23032e-008
9.02 -3.38643e-005 2.86015e-005 3.18128e-005 -4.23557e-008 -4.23557e-008
9.03 -3.22959e-005 2.61699e-005 3.47162e-005 -3.12427e-008 -3.12427e-008
9.04 -3.06636e-005 2.35695e-005 3.75201e-005 -1.94205e-008 -1.94205e-008
9.05 -2.89185e-005 2.09042e-005 3.99816e-005 -7.38223e-009 -7.38223e-009
9.06 -2.71372e-005 1.82502e-005 4.18426e-005 4.35511e-009 4.35511e-009
9.07 -2.53916e-005 1.5631e-005 4.29445e-005 1.52812e-008 1.52812e-008
9.08 -2.38169e-005 1.30354e-005 4.32596e-005 2.49379e-008 2.49379e-008
9.09 -2.24125e-005 1.04124e-005 4.29331e-005 3.29705e-008 3.29705e-008
9.1 -2.10867e-005 7.72828e-006 4.22085e-005 3.91798e-008 3.91798e-008
9.11 -1.97661e-005 4.87606e-006 4.12604e-005 4.35514e-008 4.35514e-008
9.12 -1.85374e-005 1.82924e-006 4.01206e-005 4.62307e-008 4.62307e-008
9.13 -1.7623e-005 -1.33952e-006 3.87131e-005 4.74501e-008 4.74501e-008
9.14 -1.68958e-005 -4.60305e-006 3.70853e-005 4.7451e-008 4.7451e-008
9.15 -1.64009e-005 -7.79484e-006 3.53735e-005 4.64436e-008 4.64436e-008
9.16 -1.61595e-005 -1.07855e-005 3.37715e-005 4.4615e-008 4.4615e-008
9.17 -1.61709e-005 -1.34596e-005 3.23634e-005 4.21723e-008 4.21723e-008
9.18 -1.65669e-005 -1.57957e-005 3.10185e-005 3.94031e-008 3.94031e-008
9.19 -1.76102e-005 -1.78946e-005 2.94493e-005 3.67168e-008 3.67168e-008
9.2 -1.93385e-005 -1.98704e-005 2.75085e-005 3.46006e-008 3.46006e-008
9.21 -2.15522e-005 -2.18441e-005 2.52626e-005 3.34987e-008 3.34987e-008
9.22 -2.40304e-005 -2.38021e-005 2.29568e-005 3.37003e-008 3.37003e-008
9.23 -2.66482e-005 -2.56298e-005 2.08264e-005 3.52878e-008 3.52878e-008
9.24 -2.9473e-005 -2.71678e-005 1.89637e-005 3.81483e-008 3.81483e-008
9.25 -3.25587e-005 -2.83362e-005 1.72384e-005 4.20164e-008 4.20164e-008
9.26 -3.58858e-005 -2.90883e-005 1.54794e-005 4.65273e-008 4.65273e-008
9.27 -3.94368e-005 -2.94222e-005 1.35324e-005 5.12674e-008 5.12674e-008
9.28 -4.30882e-005 -2.92886e-005 1.14451e-005 5.58183e-008 5.58183e-008
9.29 -4.68052e-005 -2.86166e-005 9.346e-006 5.98027e-008 5.98027e-008
9.3 -5.05159e-005 -2.73931e-005 7.30783e-006 6.29214e-008 6.29214e-008
9.31 -5.40791e-005 -2.57016e-005 5.29021e-006 6.49596e-008 6.49596e-008
9.32 -5.74801e-005 -2.36415e-005 3.15959e-006 6.57504e-008 6.57504e-008
9.33 -6.06559e-005 -2.12469e-005 8.35895e-007 6.51157e-008 6.51157e-008
9.34 -6.35895e-005 -1.85107e-005 -1.70672e-006 6.28404e-008 6.28404e-008
9.35 -6.62005e-005 -1.54626e-005 -4.41408e-006 5.87192e-008 5.87192e-008
9.36 -6.83699e-005 -1.21879e-005 -7.1817e-006 5.26474e-008 5.26474e-008
9.37 -7.00101e-005 -8.80089e-006 -9.9204e-006 4.46888e-008 4.46888e-008
9.38 -7.13805e-005 -5.2977e-006 -1.26352e-005 3.50744e-008 3.50744e-008
9.39 -7.26606e-005 -1.72972e-006 -1.5286e-005 2.41296e-008 2.41296e-008
9.4 -7.3899e-005 1.9104e-006 -1.78562e-005 1.21765e-008 1.21765e-008
9.41 -7.51612e-005 5.7273e-006 -2.02377e-005 -5.08242e-010 -5.08242e-010
9.42 -7.64837e-005 9.81625e-006 -2.22521e-005 -1.36664e-008 -1.36664e-008
9.43 -7.78552e-005 1.43455e-005 -2.38001e-005 -2.70172e-008 -2.70172e-008
9.44 -7.86623e-005 1.93665e-005 -2.51045e-005 -4.02144e-008 -4.02144e-008
9.45 -7.88642e-005 2.46206e-005 -2.61482e-005 -5.28198e-008 -5.28198e-008
9.46 -7.84924e-005 2.99204e-005 -2.6889e-005 -6.43585e-008 -6.43585e-008
9.47 -7.78078e-005 3.50562e-005 -2.73163e-005 -7.44316e-008 -7.44316e-008
9.48 -7.67653e-005 3.99198e-005 -2.72542e-005 -8.27776e-008 -8.27776e-008
9.49 -7.60237e-005 4.4258e-005 -2.65757e-005 -8.92563e-008 -8.92563e-008
9.5 -7.53014e-005 4.82506e-005 -2.53096e-005 -9.38183e-008 -9.38183e-008
9.51 -7.4583e-005 5.18203e-005 -2.36855e-005 -9.64967e-008 -9.64967e-008
9.52 -7.39225e-005 5.48623e-005 -2.20981e-005 -9.74394e-008 -9.74394e-008
9.53 -7.31708e-005 5.74064e-005 -2.07318e-005 -9.69232e-008 -9.69232e-008
9.54 -7.23709e-005 5.9494e-005 -1.95239e-005 -9.5286e-008 -9.5286e-008
9.55 -7.134e-005 6.12604e-005 -1.82783e-005 -9.28217e-008 -9.28217e-008
9.56 -7.00227e-005 6.27436e-005 -1.68665e-005 -8.97251e-008 -8.97251e-008
9.57 -6.82799e-005 6.39678e-005 -1.53146e-005 -8.61235e-008 -8.61235e-008
9.58 -6.61205e-005 6.49406e-005 -1.37465e-005 -8.21788e-008 -8.21788e-008
9.59 -6.35632e-005 6.57276e-005 -1.22e-005 -7.81844e-008 -7.81844e-008
9.6 -6.05684e-005 6.64176e-005 -1.06016e-005 -7.45518e-008 -7.45518e-008
9.61 -5.71923e-005 6.69933e-005 -8.92277e-006 -7.16513e-008 -7.16513e-008
9.62 -5.36519e-005 6.72911e-005 -7.27633e-006 -6.96231e-008 -6.96231e-008
9.63 -5.03856e-005 6.70648e-005 -5.86439e-006 -6.83292e-008 -6.83292e-008
9.64 -4.75451e-005 6.6213e-005 -4.70904e-006 -6.7475e-008 -6.7475e-008
9.65 -4.5069e-005 6.47918e-005 -3.59116e-006 -6.67845e-008 -6.67845e-008
9.66 -4.28981e-005 6.29008e-005 -2.21992e-006 -6.61006e-008 -6.61006e-008
9.67 -4.1047e-005 6.05943e-005 -4.29365e-007 -6.53493e-008 -6.53493e-008
9.68 -3.95923e-005 5.78299e-005 1.7415e-006 -6.44461e-008 -6.44461e-008
9.69 -3.86672e-005 5.4525e-005 4.08337e-006 -6.32617e-008 -6.32617e-008
9.7 -3.83098e-005 5.06784e-005 6.48481e-006 -6.1666e-008 -6.1666e-008
9.71 -3.84202e-005 4.64021e-005 8.97651e-006 -5.95785e-008 -5.95785e-008
9.72 -3.89145e-005 4.18475e-005 1.15433e-005 -5.69398e-008 -5.69398e-008
9.73 -3.9653e-005 3.71562e-005 1.40945e-005 -5.36259e-008 -5.36259e-008
9.74 -4.04431e-005 3.24569e-005 1.6637e-005 -4.94256e-008 -4.94256e-008
9.75 -4.08443e-005 2.7914e-005 1.9243e-005 -4.41384e-008 -4.41384e-008
9.76 -4.04677e-005 2.36242e-005 2.1994e-005 -3.7698e-008 -3.7698e-008
9.77 -3.93094e-005 1.9632e-005 2.4694e-005 -3.02007e-008 -3.02007e-008
9.78 -3.78134e-005 1.58146e-005 2.70877e-005 -2.18218e-008 -2.18218e-008
9.79 -3.63186e-005 1.20343e-005 2.89842e-005 -1.27014e-008 -1.27014e-008
9.8 -3.50244e-005 8.20733e-006 3.03055e-005 -2.89074e-009 -2.89074e-009
9.81 -3.38367e-005 4.16396e-006 3.11764e-005 7.60338e-009 7.60338e-009
9.82 -3.27582e-005 6.95606e-008 3.17749e-005 1.87205e-008 1.87205e-008
9.83 -3.15168e-005 -4.00654e-006 3.229e-005 3.02788e-008 3.02788e-008
9.84 -3.01968e-005 -8.05896e-006 3.27971e-005 4.19724e-008 4.19724e-008
9.85 -2.86631e-005 -1.21379e-005 3.32789e-005 5.341e-008 5.341e-008
9.86 -2.58741e-005 -1.63364e-005 3.38972e-005 6.41723e-008 6.41723e-008
9.87 -2.21747e-005 -2.06374e-005 3.45879e-005 7.38605e-008 7.38605e-008
9.88 -1.78219e-005 -2.49462e-005 3.54107e-005 8.21029e-008 8.21029e-008
9.89 -1.28873e-005 -2.915e-005 3.6406e-005 8.85898e-008 8.85898e-008
9.9 -7.78176e-006 -3.30802e-005 3.75399e-005 9.31555e-008 9.31555e-008
9.91 -2.33986e-006 -3.65754e-005 3.87369e-005 9.58085e-008 9.58085e-008
9.92 2.76926e-006 -3.94277e-005 4.00626e-005 9.66577e-008 9.66577e-008
9.93 7.47316e-006 -4.15655e-005 4.16181e-005 9.58034e-008 9.58034e-008
9.94 1.19828e-005 -4.29477e-005 4.35729e-005 9.33311e-008 9.33311e-008
9.95 1.62067e-005 -4.36263e-005 4.58761e-005 8.94339e-008 8.94339e-008
9.96 1.9865e-005 -4.36438e-005 4.82635e-005 8.44786e-008 8.44786e-008
9.97 2.27114e-005 -4.29876e-005 5.05039e-005 7.89074e-008 7.89074e-008
9.98 2.47686e-005 -4.16593e-005 5.24539e-005 7.31288e-008 7.31288e-008
9.99 2.59297e-005 -3.97148e-005 5.3903e-005 6.75081e-008 6.75081e-008
10 2.62432e-005 -3.73494e-005 5.46437e-005 6.23884e-008 6.23884e-008
