0.1 -0.000210528 0 -0.000183593 -0.00043094 0 -0.000543386 -0.000719324 0 -0.00107846 -0.00106372 0 -0.00166544
0.2 -0.000420832 0 -0.000367383 -0.00086161 0 -0.00108746 -0.0014386 0 -0.00215824 -0.00212777 0 -0.00333276
0.3 -0.000630908 0 -0.000551372 -0.001292 0 -0.00163222 -0.00215783 0 -0.00323934 -0.00319213 0 -0.00500199
0.4 -0.000840752 0 -0.000735561 -0.00172212 0 -0.00217767 -0.002877 0 -0.00432177 -0.00425681 0 -0.00667312
0.5 -0.00105036 0 -0.000919951 -0.00215194 0 -0.00272382 -0.00359611 0 -0.00540553 -0.0053218 0 -0.00834617
0.6 -0.00125973 0 -0.00110454 -0.00258147 0 -0.00327068 -0.00431515 0 -0.00649064 -0.00638709 0 -0.0100212
0.7 -0.00146886 0 -0.00128934 -0.0030107 0 -0.00381824 -0.00503412 0 -0.0075771 -0.00745268 0 -0.0116981
0.8 -0.00167774 0 -0.00147434 -0.00343963 0 -0.0043665 -0.00575301 0 -0.00866493 -0.00851857 0 -0.013377
0.9 -0.00188626 0 -0.00166486 -0.00386731 0 -0.00492847 -0.00646912 0 -0.00977851 -0.00958052 0 -0.0150945
1 -0.00209267 0 -0.00186519 -0.00428979 0 -0.00551394 -0.00717532 0 -0.010936 -0.010628 0 -0.0168785
0.01 -0.00211565 0 -0.00183789 -0.00431354 0 -0.00548572 -0.00719889 0 -0.0109079 -0.0106516 0 -0.0168504
0.02 -0.00218065 0 -0.00175954 -0.0043831 0 -0.00540195 -0.00726762 0 -0.0108247 -0.0107203 0 -0.0167672
0.03 -0.00225694 0 -0.00166766 -0.00447197 0 -0.00529528 -0.00735512 0 -0.0107182 -0.0108077 0 -0.0166609
0.04 -0.00231864 0 -0.00160053 -0.00455579 0 -0.00520291 -0.00743909 0 -0.0106228 -0.0108909 0 -0.0165658
0.05 -0.00236802 0 -0.00156383 -0.00463385 0 -0.00513569 -0.00752237 0 -0.0105449 -0.0109728 0 -0.0164872
0.06 -0.00240651 0 -0.00155889 -0.00470227 0 -0.00510351 -0.00760386 0 -0.0104918 -0.0110539 0 -0.0164296
0.07 -0.00243339 0 -0.00158441 -0.00475584 0 -0.00511236 -0.0076781 0 -0.0104714 -0.0111314 0 -0.0163967
0.08 -0.00244655 0 -0.00163668 -0.00479033 0 -0.00516186 -0.00773775 0 -0.0104895 -0.0112012 0 -0.0163906
0.09 -0.00244409 0 -0.00171024 -0.00480369 0 -0.00524592 -0.00777655 0 -0.0105467 -0.0112584 0 -0.0164132
0.1 -0.00242578 0 -0.00179905 -0.00479606 0 -0.00535565 -0.00779165 0 -0.0106394 -0.0112983 0 -0.0164669
0.11 -0.00239372 0 -0.00189715 -0.00476955 0 -0.00548183 -0.00778415 0 -0.0107599 -0.0113175 0 -0.0165551
0.12 -0.00235207 0 -0.00199944 -0.00472792 0 -0.00561657 -0.00775794 0 -0.0109004 -0.0113142 0 -0.0166808
0.13 -0.00230638 0 -0.00210262 -0.00467661 0 -0.00575473 -0.00771805 0 -0.011056 -0.0112888 0 -0.0168461
0.14 -0.00226263 0 -0.00220471 -0.00462229 0 -0.00589382 -0.00766925 0 -0.0112261 -0.0112446 0 -0.0170505
0.15 -0.00222608 0 -0.00230322 -0.00457161 0 -0.00603269 -0.00761543 0 -0.0114115 -0.0111864 0 -0.0172894
0.16 -0.00219969 0 -0.00239463 -0.00452897 0 -0.00617074 -0.00755904 0 -0.0116118 -0.0111188 0 -0.0175538
0.17 -0.00218348 0 -0.00247613 -0.00449533 0 -0.00630827 -0.00750146 0 -0.0118242 -0.0110448 0 -0.0178329
0.18 -0.00217521 0 -0.00254855 -0.00446897 0 -0.00644714 -0.00744399 0 -0.0120447 -0.0109663 0 -0.0181173
0.19 -0.00217112 0 -0.0026186 -0.00444672 0 -0.00659142 -0.00738793 0 -0.0122707 -0.0108846 0 -0.0184015
0.2 -0.00216684 0 -0.00269715 -0.00442527 0 -0.0067461 -0.00733411 0 -0.0125011 -0.0108007 0 -0.0186836
0.21 -0.00215796 0 -0.00279443 -0.00440163 0 -0.00691466 -0.00728211 0 -0.0127351 -0.0107163 0 -0.018962
0.22 -0.00213998 0 -0.00291628 -0.00437225 0 -0.00709822 -0.00722934 0 -0.012971 -0.010632 0 -0.0192342
0.23 -0.00210963 0 -0.00306276 -0.00433347 0 -0.00729604 -0.00717211 0 -0.0132063 -0.0105484 0 -0.0194965
0.24 -0.00206661 0 -0.0032292 -0.00428306 0 -0.00750613 -0.00710803 0 -0.0134388 -0.0104663 0 -0.0197452
0.25 -0.00201384 0 -0.00340786 -0.00422116 0 -0.00772495 -0.00703722 0 -0.0136666 -0.0103878 0 -0.0199775
0.26 -0.00195501 0 -0.00358978 -0.00414932 0 -0.00794693 -0.00696103 0 -0.0138879 -0.0103139 0 -0.0201922
0.27 -0.00189013 0 -0.00376775 -0.00406705 0 -0.008166 -0.00687824 0 -0.014102 -0.0102411 0 -0.0203909
0.28 -0.00181529 0 -0.00393827 -0.0039715 0 -0.00837781 -0.00678463 0 -0.01431 -0.0101613 0 -0.02058
0.29 -0.00172872 0 -0.00410079 -0.00386239 0 -0.0085805 -0.00667821 0 -0.0145143 -0.0100681 0 -0.0207684
0.3 -0.00163426 0 -0.0042559 -0.00374455 0 -0.00877437 -0.00656188 0 -0.0147178 -0.0099606 0 -0.0209658
0.31 -0.00153679 0 -0.00440293 -0.00362287 0 -0.0089601 -0.00643843 0 -0.0149224 -0.00983915 0 -0.0211792
0.32 -0.0014394 0 -0.00453727 -0.00349965 0 -0.00913546 -0.00630804 0 -0.015127 -0.00970332 0 -0.0214087
0.33 -0.00134661 0 -0.00465055 -0.00337811 0 -0.00929405 -0.00617212 0 -0.0153264 -0.0095554 0 -0.0216467
0.34 -0.00126342 0 -0.00473578 -0.00326216 0 -0.00942917 -0.00603371 0 -0.0155143 -0.00939991 0 -0.0218828
0.35 -0.00119269 0 -0.00479306 -0.00315433 0 -0.00953907 -0.00589568 0 -0.015688 -0.00924106 0 -0.0221095
0.36 -0.00113549 0 -0.00482938 -0.00305662 0 -0.00962758 -0.00576166 0 -0.0158471 -0.00908319 0 -0.0223234
0.37 -0.0010912 0 -0.00485243 -0.00297051 0 -0.00969901 -0.00563556 0 -0.0159895 -0.00893053 0 -0.0225202
0.38 -0.00105628 0 -0.00486469 -0.00289545 0 -0.00975277 -0.00551945 0 -0.0161073 -0.00878561 0 -0.0226902
0.39 -0.00102627 0 -0.00486452 -0.00282983 0 -0.00978424 -0.00541426 0 -0.0161898 -0.00865037 0 -0.0228196
0.4 -0.00099956 0 -0.00485275 -0.00277397 0 -0.00979137 -0.00532259 0 -0.0162313 -0.00852921 0 -0.0228982
0.41 -0.000976825 0 -0.00483518 -0.00272907 0 -0.00977792 -0.00524771 0 -0.016234 -0.00842769 0 -0.022923
0.42 -0.000958762 0 -0.00481788 -0.00269524 0 -0.00974992 -0.00519138 0 -0.0162034 -0.00835001 0 -0.0228952
0.43 -0.000944863 0 -0.00480132 -0.0026709 0 -0.00971008 -0.00515306 0 -0.0161414 -0.0082976 0 -0.0228154
0.44 -0.000932222 0 -0.00477956 -0.00265211 0 -0.00965557 -0.00512898 0 -0.0160455 -0.00826795 0 -0.0226824
0.45 -0.00091823 0 -0.00474626 -0.00263555 0 -0.00958209 -0.00511516 0 -0.0159136 -0.00825722 0 -0.0224976
0.46 -0.000901702 0 -0.00470055 -0.00261941 0 -0.00948888 -0.00510855 0 -0.0157495 -0.00826139 0 -0.0222699
0.47 -0.000880734 0 -0.0046448 -0.00260093 0 -0.00937756 -0.00510482 0 -0.0155606 -0.00827426 0 -0.022013
0.48 -0.000855573 0 -0.00457801 -0.00257899 0 -0.00924738 -0.00510118 0 -0.0153524 -0.00829065 0 -0.0217382
0.49 -0.000830394 0 -0.00449424 -0.00255612 0 -0.0090946 -0.00509827 0 -0.0151259 -0.00830879 0 -0.021452
0.5 -0.000807024 0 -0.0043867 -0.00253277 0 -0.00891599 -0.00509429 0 -0.0148814 -0.00832499 0 -0.0211587
0.51 -0.000783554 0 -0.00425039 -0.00250614 0 -0.00870989 -0.00508408 0 -0.01462 -0.00833274 0 -0.0208614
0.52 -0.0007609 0 -0.00408035 -0.00247664 0 -0.00847308 -0.00506604 0 -0.0143405 -0.00832952 0 -0.0205586
0.53 -0.000740514 0 -0.00387171 -0.00244544 0 -0.00820015 -0.00504023 0 -0.0140382 -0.00831465 0 -0.0202442
0.54 -0.000716776 0 -0.00362703 -0.00240661 0 -0.00789108 -0.00500079 0 -0.0137117 -0.00828156 0 -0.0199147
0.55 -0.000680549 0 -0.00336169 -0.00235024 0 -0.00755811 -0.00493891 0 -0.0133695 -0.00822104 0 -0.019576
0.56 -0.00063258 0 -0.00309322 -0.00227577 0 -0.00721691 -0.00485543 0 -0.0130208 -0.00813425 0 -0.0192349
0.57 -0.000590796 0 -0.00282619 -0.00220064 0 -0.00687192 -0.00476833 0 -0.0126632 -0.00804051 0 -0.018885
0.58 -0.000577549 0 -0.00255639 -0.00214962 0 -0.00651931 -0.00470127 0 -0.0122872 -0.00796562 0 -0.0185119
0.59 -0.000598083 0 -0.00228663 -0.00213383 0 -0.0061614 -0.00466353 0 -0.0118917 -0.00792063 0 -0.0181084
0.6 -0.000637341 0 -0.00203146 -0.00214501 0 -0.00581188 -0.00464664 0 -0.0114887 -0.00789714 0 -0.0176816
0.61 -0.000680185 0 -0.00180874 -0.00217212 0 -0.00548934 -0.00464277 0 -0.011096 -0.00788521 0 -0.0172459
0.62 -0.000724399 0 -0.0016278 -0.00221273 0 -0.00520657 -0.0046555 0 -0.0107258 -0.00788537 0 -0.0168135
0.63 -0.000762123 0 -0.00148602 -0.00225582 0 -0.00496604 -0.00467946 0 -0.0103821 -0.00789055 0 -0.01639
0.64 -0.000772533 0 -0.00137419 -0.00227605 0 -0.00476275 -0.00469186 0 -0.0100648 -0.00787938 0 -0.015979
0.65 -0.000753517 0 -0.00128063 -0.00226622 0 -0.00458664 -0.00468407 0 -0.00977217 -0.00784788 0 -0.0155839
0.66 -0.000727736 0 -0.00119652 -0.00224465 0 -0.00442803 -0.00466979 0 -0.00950389 -0.00781593 0 -0.0152117
0.67 -0.000710254 0 -0.00112071 -0.00222442 0 -0.00428424 -0.00465628 0 -0.00926507 -0.00779591 0 -0.0148777
0.68 -0.00069833 0 -0.00105101 -0.00220312 0 -0.00415289 -0.00463677 0 -0.00905766 -0.00778273 0 -0.0145945
0.69 -0.000686837 0 -0.000976128 -0.00217687 0 -0.00402413 -0.00460633 0 -0.00887349 -0.00776886 0 -0.0143632
0.7 -0.000673555 0 -0.000886357 -0.00214464 0 -0.0038898 -0.00456617 0 -0.00870564 -0.00774964 0 -0.0141809
0.71 -0.00065513 0 -0.000786288 -0.00210431 0 -0.00375518 -0.00451781 0 -0.00856118 -0.00771997 0 -0.0140524
0.72 -0.000633751 0 -0.000693627 -0.00205988 0 -0.00363879 -0.00446796 0 -0.0084598 -0.00768176 0 -0.0139901
0.73 -0.000621032 0 -0.000624576 -0.00202598 0 -0.00355963 -0.00443156 0 -0.00841869 -0.00764838 0 -0.0140013
0.74 -0.000629988 0 -0.000575579 -0.00202018 0 -0.00351853 -0.00442422 0 -0.00843294 -0.00763686 0 -0.0140723
0.75 -0.000666901 0 -0.000526938 -0.00205412 0 -0.00349811 -0.0044551 0 -0.00847713 -0.00765929 0 -0.0141715
0.76 -0.000727212 0 -0.00047001 -0.00212747 0 -0.00348593 -0.00452332 0 -0.0085313 -0.00771741 0 -0.0142749
0.77 -0.000794292 0 -0.000419103 -0.00222424 0 -0.00348644 -0.00461595 0 -0.00859415 -0.00779966 0 -0.0143794
0.78 -0.000841067 0 -0.000396916 -0.00231283 0 -0.00351102 -0.00470736 0 -0.0086725 -0.00788118 0 -0.0144914
0.79 -0.000845985 0 -0.000417276 -0.00236224 0 -0.00356628 -0.00477278 0 -0.00876873 -0.00793895 0 -0.014613
0.8 -0.000810028 0 -0.000480554 -0.00236217 0 -0.00365197 -0.00480454 0 -0.00887907 -0.00796944 0 -0.0147399
0.81 -0.000747536 0 -0.000584729 -0.00231853 0 -0.00377068 -0.00480493 0 -0.00900482 -0.0079811 0 -0.0148721
0.82 -0.000670239 0 -0.000735529 -0.00224059 0 -0.00393525 -0.004774 0 -0.00916084 -0.00797959 0 -0.0150229
0.83 -0.000586218 0 -0.000935947 -0.00213964 0 -0.00415608 -0.00471223 0 -0.00936262 -0.00796648 0 -0.0152081
0.84 -0.000501426 0 -0.00117135 -0.0020277 0 -0.00442452 -0.00462412 0 -0.00960861 -0.00793991 0 -0.015429
0.85 -0.000410953 0 -0.0014171 -0.00190563 0 -0.00471854 -0.00450904 0 -0.00988498 -0.00788558 0 -0.0156784
0.86 -0.000301073 0 -0.00164933 -0.00176273 0 -0.00501246 -0.00436 0 -0.0101745 -0.00777951 0 -0.0159472
0.87 -0.000183474 0 -0.00184035 -0.0016109 0 -0.00527278 -0.00419389 0 -0.0104511 -0.00762432 0 -0.0162181
0.88 -9.67269e-005 0 -0.00196543 -0.00148896 0 -0.00546666 -0.00405101 0 -0.0106869 -0.00745437 0 -0.0164698
0.89 -5.19865e-005 0 -0.00202433 -0.00141094 0 -0.00558623 -0.00394147 0 -0.0108736 -0.00728424 0 -0.0166975
0.9 -1.46355e-005 0 -0.00204387 -0.00134509 0 -0.00565481 -0.00382778 0 -0.0110283 -0.00708868 0 -0.0169177
0.91 5.04316e-005 0 -0.00204892 -0.00125346 0 -0.00569977 -0.0036703 0 -0.0111672 -0.0068429 0 -0.017141
0.92 0.000129232 0 -0.00202995 -0.00114018 0 -0.00571707 -0.0034783 0 -0.0112741 -0.00656898 0 -0.0173412
0.93 0.000175255 0 -0.00195243 -0.00104184 0 -0.00567335 -0.00329747 0 -0.0113074 -0.00632119 0 -0.017463
0.94 0.000172869 0 -0.00180835 -0.000973123 0 -0.0055526 -0.00315052 0 -0.0112476 -0.00612638 0 -0.0174731
0.95 0.000152869 0 -0.00165123 -0.000913314 0 -0.00539541 -0.00302156 0 -0.0111322 -0.00596863 0 -0.0173997
0.96 0.000157294 0 -0.00156231 -0.000835047 0 -0.00527652 -0.00288639 0 -0.0110285 -0.00582017 0 -0.0173075
0.97 0.000198474 0 -0.00157646 -0.000737224 0 -0.00523857 -0.00274725 0 -0.0109678 -0.00567743 0 -0.0172305
0.98 0.000245333 0 -0.00166143 -0.000656001 0 -0.00526697 -0.002643 0 -0.0109285 -0.00557365 0 -0.0171498
0.99 0.00027172 0 -0.00176953 -0.000618985 0 -0.00532909 -0.00260111 0 -0.0108837 -0.00553296 0 -0.0170378
1 0.000290987 0 -0.00188422 -0.000612398 0 -0.00541264 -0.00260455 0 -0.0108406 -0.0055376 0 -0.0168995
1.01 0.00031187 0 -0.00202071 -0.000623886 0 -0.00552915 -0.00263692 0 -0.0108349 -0.00557168 0 -0.0167735
1.02 0.000319709 0 -0.00219352 -0.000660945 0 -0.0056906 -0.00270264 0 -0.0108958 -0.00564013 0 -0.0167022
1.03 0.000322752 0 -0.0023765 -0.000706589 0 -0.00587407 -0.00278246 0 -0.0110064 -0.00572397 0 -0.0166918
1.04 0.000357619 0 -0.00250284 -0.000715113 0 -0.00601673 -0.00282834 0 -0.011104 -0.00577584 0 -0.0167044
1.05 0.000432064 0 -0.00251912 -0.000669505 0 -0.00606095 -0.00282044 0 -0.011134 -0.00577764 0 -0.016703
1.06 0.000504581 0 -0.00242488 -0.00060415 0 -0.00599195 -0.00278922 0 -0.0110889 -0.00576268 0 -0.0166851
1.07 0.000535793 0 -0.0022575 -0.000557447 0 -0.0058315 -0.0027681 0 -0.0109957 -0.00576709 0 -0.0166718
1.08 0.00053992 0 -0.00206339 -0.000520996 0 -0.00562109 -0.00274453 0 -0.01089 -0.0057789 0 -0.016686
1.09 0.000551224 0 -0.00187113 -0.000468845 0 -0.00539963 -0.00269235 0 -0.0107915 -0.00576867 0 -0.0167317
1.1 0.00055143 0 -0.00167323 -0.000426717 0 -0.00517757 -0.00264165 0 -0.0106863 -0.00575961 0 -0.0167765
1.11 0.000497978 0 -0.00144263 -0.000445665 0 -0.00493893 -0.00264938 0 -0.0105408 -0.00580065 0 -0.0167641
1.12 0.000412809 0 -0.00117084 -0.000514692 0 -0.00466979 -0.00270909 0 -0.0103347 -0.00587885 0 -0.0166517
1.13 0.000372637 0 -0.000894111 -0.000564592 0 -0.00438787 -0.00275569 0 -0.0100864 -0.00592561 0 -0.0164411
1.14 0.000413493 0 -0.000688878 -0.000555256 0 -0.00415228 -0.00275432 0 -0.00985257 -0.00590643 0 -0.0161851
1.15 0.000532741 0 -0.000631662 -0.000472821 0 -0.00403735 -0.00269519 0 -0.00969784 -0.00581702 0 -0.0159571
1.16 0.000742532 0 -0.000746268 -0.000282568 0 -0.00408247 -0.00254141 0 -0.00965047 -0.00563168 0 -0.0158015
1.17 0.00102859 0 -0.000972473 2.18236e-005 0 -0.00424933 -0.00227543 0 -0.00967288 -0.0053473 0 -0.015695
1.18 0.00133624 0 -0.00119281 0.000397109 0 -0.00443139 -0.00192237 0 -0.00967966 -0.00500081 0 -0.015561
1.19 0.00160782 0 -0.0013172 0.000783838 0 -0.00452921 -0.00152355 0 -0.0096076 -0.0046353 0 -0.0153434
1.2 0.00179587 0 -0.00133764 0.00112034 0 -0.00451278 -0.00113041 0 -0.00946019 -0.00428929 0 -0.0150597
1.21 0.00187576 0 -0.00129998 0.0013597 0 -0.00441196 -0.000791641 0 -0.00928063 -0.00398586 0 -0.0147765
1.22 0.00184651 0 -0.00124922 0.00147586 0 -0.00427573 -0.000544738 0 -0.00910779 -0.00373315 0 -0.014558
1.23 0.00172287 0 -0.0012059 0.00146051 0 -0.00414706 -0.000412736 0 -0.00896445 -0.00353309 0 -0.0144392
1.24 0.00154225 0 -0.00116569 0.00133473 0 -0.00404889 -0.000387057 0 -0.00886189 -0.00337323 0 -0.0144187
1.25 0.00137398 0 -0.00111081 0.00116421 0 -0.00398115 -0.00041191 0 -0.00880548 -0.00321277 0 -0.0144663
1.26 0.00129073 0 -0.00102972 0.00103603 0 -0.00393431 -0.000411055 0 -0.00880075 -0.00300381 0 -0.0145456
1.27 0.00132291 0 -0.000922358 0.00101194 0 -0.00389748 -0.000336404 0 -0.00884501 -0.00273167 0 -0.014627
1.28 0.00145987 0 -0.0007953 0.00111893 0 -0.00385926 -0.000173564 0 -0.00891665 -0.00241362 0 -0.0146905
1.29 0.0016597 0 -0.000659853 0.00134272 0 -0.00380934 5.945e-005 0 -0.00897905 -0.00209354 0 -0.0147265
1.3 0.00186992 0 -0.000524945 0.00163597 0 -0.00373293 0.000325086 0 -0.00898848 -0.00182599 0 -0.0147266
1.31 0.00208393 0 -0.00039823 0.00197413 0 -0.00361509 0.000618244 0 -0.00891273 -0.00162011 0 -0.0146829
1.32 0.00233161 0 -0.000304225 0.00235895 0 -0.00346689 0.000958103 0 -0.00876239 -0.00144355 0 -0.0146068
1.33 0.00261541 0 -0.000288041 0.0027706 0 -0.00333972 0.0013299 0 -0.00859949 -0.0012802 0 -0.0145387
1.34 0.00294303 0 -0.000382068 0.00320809 0 -0.00329705 0.00172494 0 -0.00849988 -0.00109657 0 -0.0145205
1.35 0.00337079 0 -0.000551797 0.00373203 0 -0.00335129 0.00219253 0 -0.00848575 -0.000801864 0 -0.0145421
1.36 0.00391231 0 -0.000688789 0.00436813 0 -0.00343348 0.00275555 0 -0.00849837 -0.000344551 0 -0.0145251
1.37 0.00447427 0 -0.000695005 0.00503391 0 -0.00345347 0.00334562 0 -0.00846189 0.000215656 0 -0.0143941
1.38 0.00491935 0 -0.000570086 0.00559185 0 -0.00338167 0.0038557 0 -0.00836063 0.000762003 0 -0.0141569
1.39 0.00516158 0 -0.00041603 0.00594288 0 -0.00327358 0.00422223 0 -0.00825258 0.00121184 0 -0.0139141
1.4 0.00519793 0 -0.000360636 0.00606709 0 -0.00322476 0.00444839 0 -0.00821771 0.00155141 0 -0.0137934
1.41 0.00504565 0 -0.00042773 0.00597289 0 -0.00325949 0.00454073 0 -0.00825464 0.00177945 0 -0.0138254
1.42 0.00473055 0 -0.000498003 0.00568859 0 -0.00328197 0.00450073 0 -0.00825205 0.00189787 0 -0.0138967
1.43 0.00433841 0 -0.000443151 0.00530895 0 -0.00318436 0.00438225 0 -0.0081117 0.00196252 0 -0.0138703
1.44 0.00395639 0 -0.000254094 0.00493063 0 -0.00295969 0.00424089 0 -0.00785501 0.0020248 0 -0.0137098
1.45 0.00358543 0 -3.44702e-005 0.00455867 0 -0.00270394 0.00405212 0 -0.00759973 0.00204555 0 -0.0134863
1.46 0.00316946 0 9.7179e-005 0.00412889 0 -0.00253729 0.00374021 0 -0.00745817 0.00192476 0 -0.0132991
1.47 0.00267551 0 0.000125034 0.00358558 0 -0.00249154 0.00325443 0 -0.00742623 0.00158353 0 -0.013166
1.48 0.00209872 0 0.000156315 0.00289378 0 -0.00247199 0.00257081 0 -0.0073718 0.000974734 0 -0.0129929
1.49 0.00139554 0 0.000301861 0.0019842 0 -0.0023533 0.0016241 0 -0.00715973 2.26299e-005 0 -0.0126741
1.5 0.000520295 0 0.000569702 0.000797112 0 -0.00208434 0.000344259 0 -0.00676239 -0.00133835 0 -0.0121912
1.51 -0.000415621 0 0.0008887 -0.000553779 0 -0.00169215 -0.0011786 0 -0.00624196 -0.00300319 0 -0.0115995
1.52 -0.00113547 0 0.00119833 -0.0017639 0 -0.00122602 -0.00266973 0 -0.00566674 -0.00468128 0 -0.0109573
1.53 -0.00145088 0 0.00150722 -0.00258616 0 -0.000708738 -0.00390467 0 -0.00505353 -0.00614248 0 -0.0102752
1.54 -0.00142657 0 0.00186463 -0.00301171 0 -0.000142403 -0.00487069 0 -0.00438824 -0.00738598 0 -0.00953652
1.55 -0.00123917 0 0.00228524 -0.00316219 0 0.000450958 -0.00564472 0 -0.00368772 -0.00851509 0 -0.0087559
1.56 -0.00101346 0 0.00273603 -0.00314945 0 0.00103453 -0.00626009 0 -0.00300161 -0.00958666 0 -0.00798395
1.57 -0.000820419 0 0.00316539 -0.00306934 0 0.00157758 -0.00673016 0 -0.00237959 -0.0106099 0 -0.00728109
1.58 -0.000722494 0 0.00350338 -0.00302508 0 0.002032 -0.0071049 0 -0.00187749 -0.0115863 0 -0.00672632
1.59 -0.000786555 0 0.00367381 -0.00312178 0 0.00232326 -0.00747966 0 -0.00156028 -0.012523 0 -0.00641131
1.6 -0.00109255 0 0.00365381 -0.00347183 0 0.002405 -0.0079881 0 -0.00145851 -0.0134522 0 -0.00637903
1.61 -0.00169069 0 0.00354352 -0.00415912 0 0.00234317 -0.00874008 0 -0.00150286 -0.0144038 0 -0.00654347
1.62 -0.00249799 0 0.00351731 -0.00513546 0 0.00229166 -0.00970066 0 -0.00155773 -0.0153108 0 -0.00672448
1.63 -0.00325789 0 0.00361921 -0.00615968 0 0.00230088 -0.0106336 0 -0.0016008 -0.0159573 0 -0.00684793
1.64 -0.00364565 0 0.00367514 -0.00687101 0 0.00221707 -0.0111923 0 -0.00179733 -0.0160585 0 -0.00704848
1.65 -0.00350205 0 0.00348686 -0.00700996 0 0.00185144 -0.0111477 0 -0.0023136 -0.015472 0 -0.00749993
1.66 -0.00296646 0 0.00304122 -0.00658399 0 0.00118477 -0.0105366 0 -0.00312392 -0.0143326 0 -0.00821613
1.67 -0.00235009 0 0.0024908 -0.00580829 0 0.000372619 -0.00957403 0 -0.00403897 -0.0129505 0 -0.00905644
1.68 -0.00190853 0 0.00197933 -0.004935 0 -0.000404157 -0.00847231 0 -0.00487993 -0.0116102 0 -0.00987872
1.69 -0.0017382 0 0.00150998 -0.0041549 0 -0.00108 -0.00736858 0 -0.0056111 -0.0104701 0 -0.0106655
1.7 -0.00181419 0 0.00100392 -0.00358946 0 -0.00168827 -0.0063632 0 -0.00629152 -0.00958149 0 -0.0114802
1.71 -0.00201257 0 0.000443797 -0.00325033 0 -0.00225548 -0.00551028 0 -0.00694557 -0.00888647 0 -0.0123393
1.72 -0.00211888 0 -0.000118951 -0.00300173 0 -0.00279252 -0.00477159 0 -0.00756218 -0.00821162 0 -0.013205
1.73 -0.00194371 0 -0.000653556 -0.00266217 0 -0.00334754 -0.00407336 0 -0.00817721 -0.00738324 0 -0.0140601
1.74 -0.00143735 0 -0.00118387 -0.00213549 0 -0.00400026 -0.00338282 0 -0.00888765 -0.00635186 0 -0.0149312
1.75 -0.000653353 0 -0.00176298 -0.00140499 0 -0.00481978 -0.00267096 0 -0.00979967 -0.005167 0 -0.015868
1.76 0.000321398 0 -0.00244283 -0.000486994 0 -0.00584198 -0.00187676 0 -0.0109755 -0.00390933 0 -0.0169258
1.77 0.00133757 0 -0.00324677 0.000529694 0 -0.00705849 -0.000989938 0 -0.0123985 -0.00271341 0 -0.0181493
1.78 0.00215836 0 -0.0041331 0.00144965 0 -0.00838865 -0.000131351 0 -0.0139512 -0.0017898 0 -0.0195318
1.79 0.00261251 0 -0.00499232 0.00210961 0 -0.00967443 0.000561616 0 -0.0154401 -0.00127983 0 -0.0209936
1.8 0.00275766 0 -0.00573984 0.00253548 0 -0.0107744 0.00109327 0 -0.0167204 -0.00110263 0 -0.022455
1.81 0.00279843 0 -0.00640305 0.00287433 0 -0.011671 0.00155895 0 -0.0178068 -0.0010395 0 -0.023921
1.82 0.00291697 0 -0.0070592 0.00325037 0 -0.0124424 0.0020257 0 -0.0188186 -0.000899262 0 -0.0254351
1.83 0.00320682 0 -0.00771224 0.00371852 0 -0.0131564 0.00251061 0 -0.0198417 -0.000580892 0 -0.0269763
1.84 0.00368944 0 -0.0082593 0.00428836 0 -0.0138118 0.00302041 0 -0.0208587 -5.60996e-005 0 -0.0284275
1.85 0.00431299 0 -0.00855249 0.00492105 0 -0.0143407 0.00354786 0 -0.0217655 0.000629712 0 -0.0296214
1.86 0.00492693 0 -0.00850931 0.00549602 0 -0.0146638 0.00402267 0 -0.022449 0.00133186 0 -0.0304307
1.87 0.00541633 0 -0.00819619 0.00593531 0 -0.0147623 0.00441276 0 -0.0228672 0.00194011 0 -0.0308477
1.88 0.00591741 0 -0.00779987 0.00641825 0 -0.0146916 0.00491755 0 -0.0230525 0.00259947 0 -0.0309744
1.89 0.00667319 0 -0.00750922 0.00724666 0 -0.0145313 0.00582435 0 -0.0230518 0.00357787 0 -0.0309346
1.9 0.0076016 0 -0.00741732 0.00840531 0 -0.0143366 0.00708508 0 -0.0228831 0.00483485 0 -0.0307966
1.91 0.00828228 0 -0.00750353 0.00950315 0 -0.0141274 0.0082946 0 -0.0225453 0.00598226 0 -0.0305554
1.92 0.0083786 0 -0.00767413 0.0101444 0 -0.0138992 0.00908721 0 -0.0220467 0.00667154 0 -0.0301589
1.93 0.00782525 0 -0.00783489 0.0101154 0 -0.0136558 0.00930551 0 -0.0214352 0.00677233 0 -0.029565
1.94 0.00670217 0 -0.00794416 0.0093162 0 -0.0134331 0.0088795 0 -0.020801 0.00626969 0 -0.0287879
1.95 0.0051445 0 -0.00799491 0.00774494 0 -0.0132691 0.0077665 0 -0.0202218 0.00520634 0 -0.0278792
1.96 0.00338705 0 -0.00798273 0.00559089 0 -0.013168 0.00604412 0 -0.0197196 0.00374672 0 -0.0268948
1.97 0.00175832 0 -0.0079003 0.00323727 0 -0.0130954 0.00395925 0 -0.0192688 0.00217439 0 -0.0258824
1.98 0.000489812 0 -0.00773598 0.00104682 0 -0.0129848 0.00177721 0 -0.0188192 0.000695408 0 -0.0248751
1.99 -0.000432953 0 -0.00748331 -0.00083352 0 -0.0127655 -0.000368236 0 -0.0183282 -0.000720918 0 -0.0238993
2 -0.00120503 0 -0.00713348 -0.00245922 0 -0.0123793 -0.00245941 0 -0.0177627 -0.00228537 0 -0.0229719
2.01 -0.00203924 0 -0.00664196 -0.00396202 0 -0.0117636 -0.00451173 0 -0.0170634 -0.0042263 0 -0.0220698
2.02 -0.00303628 0 -0.0059185 -0.00542913 0 -0.0108379 -0.00651735 0 -0.0161267 -0.00665002 0 -0.0211141
2.03 -0.0042006 0 -0.00487353 -0.00690687 0 -0.0095285 -0.00849762 0 -0.0148447 -0.00954512 0 -0.0200015
2.04 -0.00550412 0 -0.00350497 -0.00844733 0 -0.00783534 -0.0105546 0 -0.0131937 -0.0128442 0 -0.0186793
2.05 -0.00679296 0 -0.00193477 -0.00999887 0 -0.00587072 -0.0127226 0 -0.0112797 -0.0163389 0 -0.0171855
2.06 -0.0077889 0 -0.000335145 -0.0113815 0 -0.00380927 -0.0148899 0 -0.0092772 -0.0196872 0 -0.0155981
2.07 -0.00837298 0 0.00117247 -0.0125382 0 -0.00180911 -0.0170093 0 -0.0073319 -0.0226961 0 -0.0139611
2.08 -0.00872222 0 0.00254625 -0.0136535 0 2.0882e-005 -0.0192039 0 -0.00552036 -0.0254597 0 -0.0122708
2.09 -0.00910817 0 0.00377659 -0.0149587 0 0.00160533 -0.0215888 0 -0.00387561 -0.0281653 0 -0.0105208
2.1 -0.00967011 0 0.0048144 -0.0165174 0 0.00286721 -0.0240995 0 -0.00244097 -0.0308707 0 -0.00876399
2.11 -0.0104118 0 0.00556802 -0.0182325 0 0.00373982 -0.0265474 0 -0.00127236 -0.0334981 0 -0.00711069
2.12 -0.0113753 0 0.00597174 -0.020036 0 0.00422081 -0.0288372 0 -0.000387327 -0.0360078 0 -0.00566247
2.13 -0.0126867 0 0.00602161 -0.021971 0 0.00437537 -0.0310381 0 0.000244178 -0.0384606 0 -0.00448094
2.14 -0.0144144 0 0.00577623 -0.0240931 0 0.00430363 -0.0332498 0 0.000677033 -0.0409037 0 -0.00358702
2.15 -0.0164479 0 0.00535141 -0.026361 0 0.00411617 -0.0354644 0 0.000974501 -0.0432628 0 -0.00295908
2.16 -0.018487 0 0.00487754 -0.0285923 0 0.00389343 -0.0375212 0 0.00117207 -0.0453209 0 -0.00256208
2.17 -0.0202246 0 0.00443125 -0.0305801 0 0.00363689 -0.0392432 0 0.00123089 -0.0468678 0 -0.00240134
2.18 -0.0216137 0 0.0039967 -0.0323115 0 0.00325612 -0.0406693 0 0.00102819 -0.0479394 0 -0.00255142
2.19 -0.0228025 0 0.00351987 -0.033906 0 0.00264529 -0.0419813 0 0.000438728 -0.0487514 0 -0.00309868
2.2 -0.0237958 0 0.00300282 -0.0353117 0 0.00179322 -0.0431746 0 -0.000551998 -0.0493713 0 -0.00404715
2.21 -0.0244281 0 0.00250615 -0.036306 0 0.000794245 -0.0440454 0 -0.00183844 -0.0496956 0 -0.00531539
2.22 -0.0246217 0 0.00207873 -0.0367604 0 -0.000226624 -0.0444611 0 -0.00327364 -0.0496966 0 -0.00680693
2.23 -0.0244718 0 0.00170609 -0.0367287 0 -0.00118724 -0.0444617 0 -0.00474478 -0.0494989 0 -0.0084668
2.24 -0.0241067 0 0.00130079 -0.0363197 0 -0.00209252 -0.0441413 0 -0.00621758 -0.0492398 0 -0.0103024
2.25 -0.0235793 0 0.000738564 -0.035596 0 -0.00303094 -0.0435516 0 -0.00773594 -0.0489636 0 -0.0123617
2.26 -0.0229262 0 -8.49672e-005 -0.0346342 0 -0.00413267 -0.0427612 0 -0.00938905 -0.0486844 0 -0.0146893
2.27 -0.0221648 0 -0.00121446 -0.0335122 0 -0.0055184 -0.0418404 0 -0.0112725 -0.0483827 0 -0.0172914
2.28 -0.0211863 0 -0.00261165 -0.0321848 0 -0.00724363 -0.0407353 0 -0.0134411 -0.0478983 0 -0.0201113
2.29 -0.0198518 0 -0.00417709 -0.0305538 0 -0.0092811 -0.0393379 0 -0.0158898 -0.0470198 0 -0.0230462
2.3 -0.0181707 0 -0.00581364 -0.0286289 0 -0.0115558 -0.0376442 0 -0.0185759 -0.0456625 0 -0.0260044
2.31 -0.0162546 0 -0.00745135 -0.0264849 0 -0.0139634 -0.0357022 0 -0.0214197 -0.0438328 0 -0.0289278
2.32 -0.0142058 0 -0.00902623 -0.0241679 0 -0.0163638 -0.0335105 0 -0.0242853 -0.0415342 0 -0.031767
2.33 -0.012135 0 -0.0104824 -0.0217293 0 -0.0186082 -0.0310557 0 -0.0270083 -0.0387985 0 -0.0344786
2.34 -0.0101909 0 -0.0118033 -0.0192679 0 -0.0205976 -0.0283703 0 -0.0294647 -0.0357248 0 -0.0370486
2.35 -0.00851775 0 -0.013009 -0.0168986 0 -0.0223035 -0.025522 0 -0.0316044 -0.0324428 0 -0.0394863
2.36 -0.0071905 0 -0.0141171 -0.0146956 0 -0.0237416 -0.0225736 0 -0.033431 -0.0290506 0 -0.0417836
2.37 -0.00623252 0 -0.0151164 -0.0127152 0 -0.0249427 -0.0196135 0 -0.0349725 -0.0256329 0 -0.0438927
2.38 -0.00560435 0 -0.0159702 -0.0109837 0 -0.0259364 -0.0167365 0 -0.0362589 -0.0222475 0 -0.0457317
2.39 -0.00508357 0 -0.016629 -0.00936542 0 -0.0267349 -0.013897 0 -0.0373002 -0.0187963 0 -0.0472004
2.4 -0.00436255 0 -0.0170263 -0.00763093 0 -0.0273013 -0.010961 0 -0.0380517 -0.0151044 0 -0.0481783
2.41 -0.00328296 0 -0.0170704 -0.00566214 0 -0.0275241 -0.00789471 0 -0.0383902 -0.0111339 0 -0.0485186
2.42 -0.00182321 0 -0.0167064 -0.00342882 0 -0.0272801 -0.00472404 0 -0.038176 -0.00695984 0 -0.048111
2.43 -7.02888e-005 0 -0.0160311 -0.000970614 0 -0.0265729 -0.0015057 0 -0.0373923 -0.00274071 0 -0.0470055
2.44 0.00170067 0 -0.0152963 0.00149697 0 -0.0255807 0.00156716 0 -0.0361892 0.00119728 0 -0.0454329
2.45 0.00318119 0 -0.0147301 0.0037026 0 -0.0245195 0.00427293 0 -0.0347526 0.00450492 0 -0.043644
2.46 0.004312 0 -0.014364 0.00558172 0 -0.0234801 0.00659815 0 -0.0331576 0.00708941 0 -0.0417411
2.47 0.00526987 0 -0.0140498 0.0072749 0 -0.0224126 0.00870324 0 -0.0313778 0.00911258 0 -0.0396782
2.48 0.00623111 0 -0.0135987 0.00891918 0 -0.021216 0.0106957 0 -0.0293837 0.0107697 0 -0.0373744
2.49 0.00723867 0 -0.0128846 0.0105294 0 -0.019809 0.0125266 0 -0.0271963 0.012157 0 -0.0347997
2.5 0.00821164 0 -0.0118546 0.0119989 0 -0.0181406 0.0140336 0 -0.0248567 0.0132621 0 -0.0319822
2.51 0.00904094 0 -0.0105129 0.0131804 0 -0.016195 0.0150644 0 -0.0223943 0.0140347 0 -0.0289938
2.52 0.00966937 0 -0.00892842 0.0139697 0 -0.0140222 0.0155718 0 -0.0198467 0.0144536 0 -0.0259575
2.53 0.0100758 0 -0.00720024 0.0143161 0 -0.0117154 0.0155978 0 -0.0172573 0.0145174 0 -0.0230067
2.54 0.0102788 0 -0.0053961 0.014258 0 -0.00934659 0.0152628 0 -0.0146471 0.0142655 0 -0.0202137
2.55 0.0103462 0 -0.0035422 0.0139471 0 -0.00694591 0.014751 0 -0.0120231 0.0138024 0 -0.0175733
2.56 0.0103361 0 -0.00164978 0.0135702 0 -0.00452051 0.0142264 0 -0.00940005 0.0132397 0 -0.0150331
2.57 0.010254 0 0.000247377 0.0132572 0 -0.00209418 0.0137691 0 -0.00681838 0.0126384 0 -0.0125456
2.58 0.0100623 0 0.00207957 0.0130352 0 0.000269989 0.0133698 0 -0.0043382 0.0119962 0 -0.0101019
2.59 0.00970153 0 0.00378931 0.0128156 0 0.00251149 0.0129462 0 -0.00198365 0.0112536 0 -0.00769957
2.6 0.00913092 0 0.0053684 0.0124454 0 0.00461383 0.0123886 0 0.000286391 0.0103362 0 -0.00530895
2.61 0.00838839 0 0.00680925 0.0118173 0 0.00656668 0.0116361 0 0.00251152 0.00923375 0 -0.00291531
2.62 0.00759491 0 0.00805248 0.0109415 0 0.00831662 0.0107104 0 0.00465564 0.00803202 0 -0.00056662
2.63 0.00688602 0 0.00904197 0.00992685 0 0.00981182 0.00968054 0 0.00664604 0.00686396 0 0.0016774
2.64 0.00626228 0 0.00982626 0.0088345 0 0.0110917 0.00853877 0 0.00847602 0.00575842 0 0.00383958
2.65 0.00549072 0 0.0105568 0.0075306 0 0.0122878 0.00710058 0 0.0102262 0.00451471 0 0.00602433
2.66 0.00430734 0 0.0113591 0.00581913 0 0.0135095 0.00517718 0 0.0119686 0.00286905 0 0.00829873
2.67 0.00269138 0 0.0121978 0.00367964 0 0.0147191 0.00280995 0 0.0136528 0.000754008 0 0.010567
2.68 0.000866226 0 0.0128896 0.00129285 0 0.015738 0.000247003 0 0.0151103 -0.00167852 0 0.0125846
2.69 -0.000909403 0 0.0132766 -0.00111053 0 0.016404 -0.00226542 0 0.0161966 -0.00422524 0 0.0141268
2.7 -0.00255822 0 0.0133691 -0.0034323 0 0.016711 -0.00468492 0 0.0169043 -0.00682353 0 0.0151364
2.71 -0.00416109 0 0.0133392 -0.00570263 0 0.0168164 -0.00713454 0 0.0173524 -0.00953854 0 0.0157306
2.72 -0.00572086 0 0.0134061 -0.00789071 0 0.016942 -0.00965528 0 0.017694 -0.0123562 0 0.0161016
2.73 -0.00704095 0 0.0136731 -0.00980614 0 0.0172101 -0.0120712 0 0.0179873 -0.0150772 0 0.0163565
2.74 -0.00791216 0 0.0140158 -0.0112645 0 0.0175108 -0.0141608 0 0.0181049 -0.0174906 0 0.0163919
2.75 -0.00836163 0 0.0141739 -0.0123011 0 0.0175689 -0.0159004 0 0.0178181 -0.0196016 0 0.015966
2.76 -0.00857938 0 0.0139967 -0.0130861 0 0.0171893 -0.0174036 0 0.0170178 -0.0215487 0 0.0149373
2.77 -0.00872308 0 0.0135146 -0.013744 0 0.0163613 -0.0187501 0 0.0157644 -0.0234182 0 0.0133486
2.78 -0.00888842 0 0.0127507 -0.0143451 0 0.0151057 -0.0199773 0 0.0140943 -0.0252283 0 0.0112563
2.79 -0.00907909 0 0.0116204 -0.0148873 0 0.0133743 -0.021061 0 0.0119225 -0.0269094 0 0.00862665
2.8 -0.00916672 0 0.0100902 -0.0152495 0 0.011172 -0.0218705 0 0.00920825 -0.0282662 0 0.00547043
2.81 -0.00908307 0 0.00830859 -0.0153709 0 0.00865795 -0.0223446 0 0.00609696 -0.029168 0 0.00195599
2.82 -0.008973 0 0.00651273 -0.0154019 0 0.00606166 -0.0226334 0 0.00284169 -0.0297088 0 -0.00167563
2.83 -0.00904441 0 0.00485559 -0.0155687 0 0.00354194 -0.0229486 0 -0.000360378 -0.0300749 0 -0.00525776
2.84 -0.00940031 0 0.0033151 -0.0160128 0 0.00111435 -0.0234017 0 -0.00346505 -0.0303881 0 -0.00877135
2.85 -0.00998742 0 0.0017624 -0.016723 0 -0.00129659 -0.023957 0 -0.00653309 -0.030648 0 -0.012282
2.86 -0.0106868 0 7.27104e-005 -0.017597 0 -0.00378113 -0.0245188 0 -0.00964218 -0.030803 0 -0.0158503
2.87 -0.0114249 0 -0.00185746 -0.0185369 0 -0.00645109 -0.0250382 0 -0.0128839 -0.0308449 0 -0.019536
2.88 -0.0121075 0 -0.00406515 -0.0193968 0 -0.0093906 -0.025444 0 -0.0163199 -0.0307395 0 -0.0233616
2.89 -0.0125763 0 -0.00643778 -0.019966 0 -0.0125413 -0.0255953 0 -0.0198845 -0.0303858 0 -0.0272245
2.9 -0.0127321 0 -0.00876866 -0.0201143 0 -0.015717 -0.0254026 0 -0.0234135 -0.0297404 0 -0.0309366
2.91 -0.0125882 0 -0.0109304 -0.0198536 0 -0.018757 -0.024884 0 -0.0267896 -0.0288669 0 -0.0343862
2.92 -0.0121887 0 -0.012955 -0.0192517 0 -0.0216243 -0.0240907 0 -0.0300149 -0.027849 0 -0.0376215
2.93 -0.0115856 0 -0.0149246 -0.018394 0 -0.0243409 -0.0230887 0 -0.0331192 -0.0267597 0 -0.0407537
2.94 -0.0108459 0 -0.0168294 -0.0173766 0 -0.0268766 -0.021964 0 -0.0360509 -0.0256651 0 -0.0438177
2.95 -0.0100193 0 -0.0185768 -0.016267 0 -0.0291558 -0.0207845 0 -0.0387105 -0.0245951 0 -0.0467665
2.96 -0.00914584 0 -0.0200812 -0.0151149 0 -0.031124 -0.019602 0 -0.0410467 -0.0235594 0 -0.0495392
2.97 -0.00832087 0 -0.0212643 -0.0140237 0 -0.0327275 -0.0185149 0 -0.0430393 -0.0226223 0 -0.0520497
2.98 -0.00769054 0 -0.0220142 -0.0131552 0 -0.0338642 -0.0176711 0 -0.0446237 -0.0219081 0 -0.0541457
2.99 -0.00731997 0 -0.0222304 -0.0126023 0 -0.0344279 -0.0171451 0 -0.0457 -0.0214767 0 -0.0556606
3 -0.00708328 0 -0.021909 -0.0122668 0 -0.0343914 -0.0168287 0 -0.0461993 -0.0212086 0 -0.0565039
3.01 -0.00674582 0 -0.021155 -0.0119169 0 -0.0338221 -0.0164975 0 -0.0461099 -0.0208722 0 -0.0566806
3.02 -0.00615369 0 -0.0201132 -0.0113571 0 -0.0328182 -0.0159785 0 -0.045446 -0.0202988 0 -0.0562293
3.03 -0.00531365 0 -0.0188814 -0.010517 0 -0.0314323 -0.0152194 0 -0.0442021 -0.0194611 0 -0.0551461
3.04 -0.00438619 0 -0.017505 -0.00947827 0 -0.029677 -0.0142937 0 -0.0423704 -0.0184794 0 -0.0533913
3.05 -0.00363188 0 -0.0160647 -0.0084623 0 -0.0276268 -0.0133793 0 -0.0400303 -0.0175858 0 -0.0509926
3.06 -0.00325298 0 -0.0146902 -0.00769602 0 -0.0254451 -0.0126387 0 -0.0373517 -0.0169773 0 -0.0480754
3.07 -0.00321611 0 -0.0134148 -0.00722385 0 -0.0232366 -0.012065 0 -0.0344371 -0.0166334 0 -0.044725
3.08 -0.00327191 0 -0.0121277 -0.00688365 0 -0.0209715 -0.0114916 0 -0.0312597 -0.0163161 0 -0.040927
3.09 -0.00322655 0 -0.0107106 -0.0065322 0 -0.0185812 -0.0108267 0 -0.0277862 -0.0158225 0 -0.0366779
3.1 -0.00311912 0 -0.00913704 -0.00621023 0 -0.0160399 -0.0101892 0 -0.0240664 -0.0151655 0 -0.0320647
3.11 -0.00303988 0 -0.00748709 -0.00598416 0 -0.0133988 -0.0097011 0 -0.0202461 -0.0144151 0 -0.0272781
3.12 -0.00287008 0 -0.00587512 -0.00570765 0 -0.0107586 -0.00921758 0 -0.0165012 -0.0134544 0 -0.0225526
3.13 -0.00233998 0 -0.00432282 -0.00507108 0 -0.00817055 -0.00838512 0 -0.012917 -0.0120281 0 -0.0180453
3.14 -0.00138819 0 -0.0027612 -0.00394182 0 -0.00562797 -0.00701743 0 -0.00948979 -0.0100792 0 -0.0138239
3.15 -0.000339641 0 -0.00111631 -0.00255642 0 -0.00311046 -0.00531499 0 -0.00620204 -0.00792315 0 -0.00992292
3.16 0.000344104 0 0.000658164 -0.00132575 0 -0.00058195 -0.00367418 0 -0.00304025 -0.00602203 0 -0.00635075
3.17 0.000339494 0 0.00256102 -0.000614477 0 0.0019916 -0.00246069 0 -4.05057e-006 -0.00474166 0 -0.00310272
3.18 -0.000397809 0 0.00454625 -0.00060794 0 0.00461421 -0.00187892 0 0.00289565 -0.00422214 0 -0.000170991
3.19 -0.00151525 0 0.00657687 -0.00114113 0 0.0072761 -0.00181515 0 0.00567624 -0.00424036 0 0.00248932
3.2 -0.00242676 0 0.00865633 -0.00177025 0 0.00997053 -0.00191982 0 0.00839459 -0.00432948 0 0.00497872
3.21 -0.00276681 0 0.0108124 -0.00215485 0 0.0126956 -0.00197339 0 0.0111175 -0.00419383 0 0.00743547
3.22 -0.00261765 0 0.0130568 -0.00228616 0 0.0154466 -0.0020644 0 0.0138842 -0.00393173 0 0.00999599
3.23 -0.00229674 0 0.0153173 -0.00234338 0 0.0181676 -0.00238943 0 0.0166554 -0.00385084 0 0.0127176
3.24 -0.00206398 0 0.0174208 -0.0024783 0 0.0207242 -0.0030203 0 0.019312 -0.00420331 0 0.0155361
3.25 -0.00204328 0 0.0191498 -0.00277043 0 0.0229307 -0.00389979 0 0.0217096 -0.00510931 0 0.0182923
3.26 -0.00222647 0 0.0202694 -0.0032161 0 0.0245537 -0.00490356 0 0.023679 -0.00653977 0 0.0207385
3.27 -0.00242273 0 0.0205706 -0.00364004 0 0.02535 -0.00580954 0 0.0250257 -0.00823995 0 0.0225815
3.28 -0.00235166 0 0.0199956 -0.00375738 0 0.0252029 -0.00636782 0 0.0256154 -0.00980958 0 0.0236198
3.29 -0.00190024 0 0.0187268 -0.00342842 0 0.0242321 -0.00651007 0 0.0254588 -0.0109718 0 0.0238554
3.3 -0.00120715 0 0.0171486 -0.0027727 0 0.0227748 -0.00639396 0 0.0247167 -0.0116947 0 0.0234813
3.31 -0.000479323 0 0.0157086 -0.00201849 0 0.0212591 -0.00620587 0 0.0236395 -0.0120497 0 0.022769
3.32 0.000209655 0 0.0147557 -0.00129844 0 0.0200441 -0.00596628 0 0.0224786 -0.0120292 0 0.0219309
3.33 0.000853046 0 0.0144257 -0.000671981 0 0.0193039 -0.00561048 0 0.0214062 -0.0116031 0 0.0210293
3.34 0.00126906 0 0.0146256 -0.000323703 0 0.0190063 -0.00524891 0 0.0204766 -0.0109429 0 0.0199807
3.35 0.00116874 0 0.0151058 -0.000496343 0 0.018974 -0.005124 0 0.019635 -0.0103556 0 0.0186361
3.36 0.000503149 0 0.0155406 -0.00118132 0 0.0189426 -0.00528411 0 0.0187238 -0.00995188 0 0.016849
3.37 -0.000449865 0 0.0156106 -0.00206383 0 0.0186136 -0.00549913 0 0.0175146 -0.00956301 0 0.0145216
3.38 -0.00127924 0 0.0151279 -0.00272003 0 0.0177589 -0.00543682 0 0.0158231 -0.00891442 0 0.0116816
3.39 -0.00164862 0 0.0141209 -0.00281239 0 0.0163186 -0.00484665 0 0.0136271 -0.00780275 0 0.00852787
3.4 -0.00149796 0 0.0127757 -0.00228687 0 0.0143941 -0.00374517 0 0.0110664 -0.00627526 0 0.00535939
3.41 -0.00110978 0 0.0112855 -0.0014561 0 0.0121589 -0.00248306 0 0.00834536 -0.0046958 0 0.00243384
3.42 -0.000846975 0 0.00974046 -0.000760078 0 0.009776 -0.00149553 0 0.00564142 -0.0034977 0 -0.000129749
3.43 -0.00080853 0 0.00810363 -0.000414145 0 0.00734429 -0.000962697 0 0.00305181 -0.00284549 0 -0.00237433
3.44 -0.000806901 0 0.00626983 -0.000332828 0 0.00488727 -0.000768151 0 0.000588381 -0.00259467 0 -0.00445568
3.45 -0.000611634 0 0.00417686 -0.000307928 0 0.00239525 -0.000707714 0 -0.00178009 -0.00250775 0 -0.00653992
3.46 -0.000155287 0 0.00185421 -0.000191195 0 -0.000152043 -0.00066929 0 -0.00411645 -0.00245129 0 -0.00874804
3.47 0.000447409 0 -0.000598088 4.54665e-005 0 -0.00278053 -0.000655306 0 -0.0065216 -0.00243685 0 -0.0111547
3.48 0.00102284 0 -0.00301958 0.000356539 0 -0.00547438 -0.000694186 0 -0.00908189 -0.00253578 0 -0.0137697
3.49 0.00145273 0 -0.00520899 0.000676962 0 -0.00813644 -0.00077669 0 -0.0118025 -0.00279326 0 -0.0165324
3.5 0.00163043 0 -0.00698106 0.000866124 0 -0.0106074 -0.000944777 0 -0.0145902 -0.00327759 0 -0.0193488
3.51 0.00142108 0 -0.00822654 0.000695667 0 -0.0127198 -0.00135517 0 -0.0172835 -0.00411139 0 -0.0221378
3.52 0.000864015 0 -0.00896099 9.80104e-005 0 -0.0143711 -0.00206709 0 -0.0197286 -0.00525776 0 -0.024873
3.53 0.000269183 0 -0.00933411 -0.000685831 0 -0.0155803 -0.00289713 0 -0.021862 -0.00641051 0 -0.0275953
3.54 -6.76252e-005 0 -0.00955493 -0.00135411 0 -0.0164654 -0.0036354 0 -0.0237206 -0.00726759 0 -0.0303556
3.55 -0.000157115 0 -0.00979379 -0.00184269 0 -0.0171809 -0.00429045 0 -0.0253976 -0.00782682 0 -0.0331441
3.56 -0.000323059 0 -0.0101346 -0.00238536 0 -0.0178728 -0.00510234 0 -0.0269945 -0.00841411 0 -0.0358696
3.57 -0.000924131 0 -0.0105751 -0.00330088 0 -0.0186442 -0.00632138 0 -0.0285708 -0.00942773 0 -0.0383797
3.58 -0.00205031 0 -0.0110571 -0.00471508 0 -0.0195294 -0.00797468 0 -0.0301065 -0.0110332 0 -0.0405
3.59 -0.0034687 0 -0.0114963 -0.00647234 0 -0.02047 -0.00985108 0 -0.0314833 -0.0130767 0 -0.042062
3.6 -0.00475287 0 -0.0118377 -0.00819838 0 -0.0213445 -0.011616 0 -0.0325361 -0.0151707 0 -0.0429546
3.61 -0.0055235 0 -0.0121312 -0.00949267 0 -0.0220649 -0.012993 0 -0.0331705 -0.0169086 0 -0.0432002
3.62 -0.00573417 0 -0.0125233 -0.010222 0 -0.0226333 -0.0139811 0 -0.0334229 -0.0181619 0 -0.0429618
3.63 -0.00572793 0 -0.0131461 -0.0106399 0 -0.02311 -0.014879 0 -0.0334118 -0.0191815 0 -0.0424509
3.64 -0.00593274 0 -0.0139821 -0.0111511 0 -0.0235242 -0.0160006 0 -0.0332268 -0.0203408 0 -0.0417999
3.65 -0.00652507 0 -0.0148277 -0.0119921 0 -0.0238205 -0.0173972 0 -0.0328639 -0.0218127 0 -0.0410055
3.66 -0.00741709 0 -0.0154114 -0.0131648 0 -0.0239036 -0.0189015 0 -0.0322783 -0.0235267 0 -0.0400032
3.67 -0.00847598 0 -0.0155095 -0.0145823 0 -0.0236677 -0.0203782 0 -0.0314259 -0.0253452 0 -0.038735
3.68 -0.00963331 0 -0.0149966 -0.0161494 0 -0.0229952 -0.0218291 0 -0.0302621 -0.02716 0 -0.0371664
3.69 -0.0108285 0 -0.013951 -0.0177398 0 -0.0218722 -0.0233006 0 -0.0288371 -0.0288617 0 -0.0353889
3.7 -0.0119973 0 -0.0126906 -0.0192439 0 -0.0204931 -0.0248222 0 -0.0273678 -0.0303699 0 -0.0336822
3.71 -0.0131038 0 -0.011593 -0.020639 0 -0.0191683 -0.0263965 0 -0.026124 -0.0316907 0 -0.0323755
3.72 -0.0140806 0 -0.010901 -0.0219157 0 -0.0181784 -0.0279277 0 -0.0252966 -0.0328462 0 -0.0316821
3.73 -0.0148198 0 -0.0106405 -0.0230137 0 -0.0176693 -0.0292302 0 -0.0249392 -0.033822 0 -0.0316175
3.74 -0.0152931 0 -0.0106084 -0.0238894 0 -0.0175628 -0.0301878 0 -0.0249317 -0.0346422 0 -0.0319631
3.75 -0.0155771 0 -0.0105337 -0.0245348 0 -0.0176346 -0.0308193 0 -0.0250788 -0.0353749 0 -0.0324018
3.76 -0.0157621 0 -0.0103028 -0.0249359 0 -0.0177086 -0.031213 0 -0.0252736 -0.0360608 0 -0.0327393
3.77 -0.015872 0 -0.0099608 -0.0250626 0 -0.0176964 -0.0314432 0 -0.0254757 -0.0366717 0 -0.032929
3.78 -0.0158676 0 -0.00958881 -0.0249111 0 -0.0175487 -0.0315456 0 -0.0256151 -0.0371444 0 -0.0329829
3.79 -0.0157158 0 -0.00927019 -0.0245583 0 -0.0172798 -0.0315491 0 -0.0256208 -0.0374526 0 -0.032953
3.8 -0.0154034 0 -0.00908126 -0.0241154 0 -0.0169737 -0.0314626 0 -0.0254779 -0.0376003 0 -0.0329152
3.81 -0.0149284 0 -0.00901321 -0.0236492 0 -0.0166841 -0.0312584 0 -0.0251886 -0.0375819 0 -0.0328715
3.82 -0.0143531 0 -0.00889674 -0.0231965 0 -0.0163167 -0.0309372 0 -0.0246842 -0.0374154 0 -0.0326558
3.83 -0.013775 0 -0.00846537 -0.0227521 0 -0.0156505 -0.0305231 0 -0.0238262 -0.0371216 0 -0.0319853
3.84 -0.0132263 0 -0.0076318 -0.0222265 0 -0.0145958 -0.0299875 0 -0.0226067 -0.0366519 0 -0.0307401
3.85 -0.0127137 0 -0.00668713 -0.0215504 0 -0.0134133 -0.0293015 0 -0.0213095 -0.0359592 0 -0.0291855
3.86 -0.012281 0 -0.00602099 -0.020772 0 -0.0124775 -0.0284994 0 -0.0202538 -0.0350778 0 -0.0277229
3.87 -0.0119785 0 -0.00572763 -0.0200212 0 -0.0119011 -0.0276456 0 -0.0194593 -0.0340911 0 -0.0265035
3.88 -0.0118305 0 -0.00564328 -0.0194333 0 -0.0115469 -0.0267994 0 -0.0187324 -0.0330796 0 -0.0254384
3.89 -0.0118363 0 -0.00561173 -0.0190936 0 -0.0112595 -0.026014 0 -0.0179479 -0.0320971 0 -0.0244302
3.9 -0.0120196 0 -0.00560242 -0.0190511 0 -0.0109861 -0.0253795 0 -0.0171554 -0.0312063 0 -0.0234814
3.91 -0.012499 0 -0.00561555 -0.0193978 0 -0.0107175 -0.0250872 0 -0.0164544 -0.0305567 0 -0.0226187
3.92 -0.0134523 0 -0.00553536 -0.0202825 0 -0.0103671 -0.0253908 0 -0.0158118 -0.0303784 0 -0.0217621
3.93 -0.0148799 0 -0.00516062 -0.0217227 0 -0.00978315 -0.0263684 0 -0.0150593 -0.0307716 0 -0.0207482
3.94 -0.0164464 0 -0.00436326 -0.0234442 0 -0.00885984 -0.0277542 0 -0.014037 -0.0315408 0 -0.0194611
3.95 -0.0177014 0 -0.0031192 -0.0250421 0 -0.00753447 -0.0291362 0 -0.0126347 -0.032371 0 -0.0178421
3.96 -0.0183703 0 -0.00145912 -0.0262068 0 -0.0057434 -0.0302252 0 -0.0107699 -0.0330671 0 -0.0158408
3.97 -0.018383 0 0.000496212 -0.0267398 0 -0.00349889 -0.0308785 0 -0.00845366 -0.0335598 0 -0.0134715
3.98 -0.0177589 0 0.00254834 -0.0264868 0 -0.000930946 -0.030997 0 -0.0058054 -0.0338024 0 -0.0108346
3.99 -0.0165498 0 0.00454064 -0.0253547 0 0.00179787 -0.0304914 0 -0.00295179 -0.0337423 0 -0.00802598
4 -0.0149609 0 0.00642127 -0.0234942 0 0.00456349 -0.0294359 0 3.35397e-005 -0.0334691 0 -0.00508169
4.01 -0.0134138 0 0.0082165 -0.0213899 0 0.00729662 -0.0281722 0 0.00311848 -0.0332958 0 -0.00199235
4.02 -0.0122405 0 0.00992308 -0.0195373 0 0.00991983 -0.0270384 0 0.0062288 -0.0334605 0 0.00120758
4.03 -0.0114474 0 0.0113962 -0.0181424 0 0.0122489 -0.0261356 0 0.00915138 -0.0338795 0 0.00433281
4.04 -0.0109298 0 0.0124276 -0.0172528 0 0.0140495 -0.0255008 0 0.0116093 -0.0343447 0 0.00711386
4.05 -0.0106378 0 0.0129063 -0.0168741 0 0.0151704 -0.0252077 0 0.0134096 -0.034691 0 0.00934565
4.06 -0.0104194 0 0.012868 -0.016816 0 0.0155888 -0.0251488 0 0.0144865 -0.034662 0 0.0109401
4.07 -0.0100379 0 0.0124844 -0.0167364 0 0.015425 -0.0250169 0 0.0149047 -0.0339509 0 0.0119362
4.08 -0.00948572 0 0.0120335 -0.0164869 0 0.0149456 -0.0246254 0 0.0148623 -0.0325246 0 0.0124969
4.09 -0.00902426 0 0.0118331 -0.0161899 0 0.0145207 -0.0240087 0 0.0146662 -0.0306685 0 0.0128689
4.1 -0.00888931 0 0.0121216 -0.0159803 0 0.0145015 -0.0232176 0 0.0146403 -0.0286925 0 0.0132799
4.11 -0.00915579 0 0.0129339 -0.0158896 0 0.0150669 -0.0222601 0 0.0149931 -0.0267874 0 0.0138195
4.12 -0.00973424 0 0.0140823 -0.0158441 0 0.0161542 -0.0211281 0 0.015744 -0.0250083 0 0.0144088
4.13 -0.0103164 0 0.0152567 -0.0155975 0 0.0175116 -0.0197158 0 0.0167458 -0.0232035 0 0.0148792
4.14 -0.0105542 0 0.0161618 -0.0148911 0 0.0188083 -0.0179304 0 0.0177547 -0.0211768 0 0.0150815
4.15 -0.0103343 0 0.0165924 -0.0137123 0 0.0197181 -0.0158922 0 0.0184854 -0.0189503 0 0.0149346
4.16 -0.00972946 0 0.0164434 -0.0122397 0 0.0199669 -0.0138392 0 0.01866 -0.01671 0 0.0144136
4.17 -0.00882913 0 0.0156947 -0.0106638 0 0.0193704 -0.0119452 0 0.0180672 -0.0146295 0 0.0135179
4.18 -0.00765383 0 0.0144098 -0.00907469 0 0.0178858 -0.0102419 0 0.0166393 -0.012768 0 0.0122672
4.19 -0.00613136 0 0.0127587 -0.00740443 0 0.0156751 -0.00860719 0 0.0145202 -0.011027 0 0.0107359
4.2 -0.0042137 0 0.0109739 -0.00552579 0 0.0130751 -0.0068889 0 0.0120224 -0.00925895 0 0.00903678
4.21 -0.00196232 0 0.00920928 -0.00335519 0 0.0104285 -0.00499617 0 0.00944255 -0.00736824 0 0.00720656
4.22 0.000541508 0 0.00746004 -0.000810262 0 0.00792982 -0.0028222 0 0.00691124 -0.00525461 0 0.00513737
4.23 0.00316816 0 0.00565872 0.00211015 0 0.00563046 -0.000296362 0 0.00442158 -0.00287658 0 0.00266847
4.24 0.00568101 0 0.00381579 0.00522996 0 0.00352197 0.00251826 0 0.00193497 -0.000335394 0 -0.000276964
4.25 0.00797727 0 0.0020562 0.00842597 0 0.00158679 0.00562065 0 -0.000564919 0.00235608 0 -0.00364121
4.26 0.0101763 0 0.00055504 0.0117409 0 -0.00018763 0.00913278 0 -0.00307495 0.0053718 0 -0.00726659
4.27 0.0123622 0 -0.000570101 0.0151675 0 -0.00182065 0.0130468 0 -0.00560177 0.00883263 0 -0.0109757
4.28 0.0145346 0 -0.00131229 0.0186245 0 -0.00333108 0.0172078 0 -0.00815292 0.0127609 0 -0.0146186
4.29 0.0167004 0 -0.00174271 0.0220511 0 -0.00470441 0.0214543 0 -0.0106824 0.0171596 0 -0.0180602
4.3 0.0187269 0 -0.00199815 0.0252533 0 -0.00592905 0.0255216 0 -0.0131036 0.0218492 0 -0.021205
4.31 0.0203162 0 -0.00230707 0.0278712 0 -0.00709011 0.029042 0 -0.015379 0.0264289 0 -0.0240615
4.32 0.0213081 0 -0.00293684 0.0296855 0 -0.0083726 0.0318423 0 -0.0175482 0.0305814 0 -0.0267212
4.33 0.0218216 0 -0.00406052 0.0307893 0 -0.00994945 0.0340624 0 -0.0196633 0.0342445 0 -0.0292442
4.34 0.0220849 0 -0.00564924 0.0314531 0 -0.0118528 0.0359596 0 -0.0217056 0.0374846 0 -0.0315559
4.35 0.0223044 0 -0.00748116 0.0319954 0 -0.0139335 0.0377542 0 -0.0235661 0.0403946 0 -0.033447
4.36 0.0226376 0 -0.0093122 0.0327105 0 -0.0159851 0.0395892 0 -0.0251498 0.0430671 0 -0.0347343
4.37 0.0231275 0 -0.0110492 0.0337326 0 -0.0179051 0.0414631 0 -0.0264848 0.0455065 0 -0.0354327
4.38 0.0236766 0 -0.0127059 0.0349537 0 -0.0196756 0.0432102 0 -0.0276499 0.0475759 0 -0.0357172
4.39 0.0240639 0 -0.0142199 0.0360294 0 -0.0212136 0.0445271 0 -0.0286033 0.0490005 0 -0.0357327
4.4 0.02405 0 -0.0153832 0.0365255 0 -0.022311 0.0450826 0 -0.0291473 0.0494773 0 -0.0354924
4.41 0.0236149 0 -0.0159629 0.0362375 0 -0.0227409 0.0447652 0 -0.0290779 0.0489357 0 -0.0349477
4.42 0.0230085 0 -0.0158483 0.0353297 0 -0.0223943 0.0437562 0 -0.0283453 0.0476204 0 -0.0340968
4.43 0.0225759 0 -0.0150693 0.0342134 0 -0.0213072 0.0423912 0 -0.0270651 0.0459378 0 -0.0329954
4.44 0.0226381 0 -0.0137031 0.0334086 0 -0.019584 0.0410722 0 -0.0253982 0.0443315 0 -0.0316812
4.45 0.0233201 0 -0.0118005 0.0332924 0 -0.0173219 0.0401042 0 -0.0234383 0.0430806 0 -0.0301216
4.46 0.0243193 0 -0.00943878 0.0337593 0 -0.0146364 0.0394282 0 -0.0212296 0.042025 0 -0.0282797
4.47 0.0250445 0 -0.0068234 0.0342708 0 -0.0117324 0.038683 0 -0.0188577 0.0406675 0 -0.0262212
4.48 0.0250679 0 -0.0042284 0.0342899 0 -0.00883852 0.0375708 0 -0.016416 0.038617 0 -0.0240656
4.49 0.0243076 0 -0.00180505 0.0335307 0 -0.00603699 0.0359885 0 -0.0138687 0.0357999 0 -0.0218105
4.5 0.0228748 0 0.000474121 0.0319143 0 -0.00323501 0.0338896 0 -0.0110504 0.0323492 0 -0.0192879
4.51 0.02102 0 0.00268246 0.0295927 0 -0.000318996 0.0312979 0 -0.0078334 0.0285695 0 -0.0163057
4.52 0.0191355 0 0.00483104 0.0269688 0 0.00272192 0.0284106 0 -0.00424174 0.0249281 0 -0.0127678
4.53 0.0174819 0 0.00692269 0.0243892 0 0.00584309 0.0254144 0 -0.000375707 0.0217524 0 -0.00863879
4.54 0.015999 0 0.00904262 0.021899 0 0.00904951 0.0223314 0 0.00372528 0.0190107 0 -0.00386317
4.55 0.0145 0 0.0112844 0.0193902 0 0.0123593 0.0191769 0 0.00806336 0.0164945 0 0.0015664
4.56 0.012787 0 0.0135865 0.0167099 0 0.0156785 0.0159889 0 0.0125528 0.0139487 0 0.00746327
4.57 0.0106405 0 0.0157409 0.0136692 0 0.0188195 0.0127233 0 0.0170176 0.0110917 0 0.0134699
4.58 0.00799827 0 0.017559 0.0102365 0 0.0216453 0.0093672 0 0.0213074 0.00781554 0 0.0192324
4.59 0.00512907 0 0.0189665 0.00670957 0 0.0241259 0.00610487 0 0.0253316 0.0043624 0 0.0245017
4.6 0.00250642 0 0.0199833 0.00358074 0 0.0262817 0.00324387 0 0.0289985 0.00119254 0 0.0291184
4.61 0.000421072 0 0.0207095 0.00113675 0 0.0281495 0.000905828 0 0.0322037 -0.00141573 0 0.033003
4.62 -0.00125879 0 0.0213422 -0.000801377 0 0.0298067 -0.00115757 0 0.0348952 -0.00362476 0 0.0361829
4.63 -0.0027967 0 0.0221075 -0.00259889 0 0.0313433 -0.00326449 0 0.0370827 -0.00576164 0 0.0387431
4.64 -0.00412242 0 0.0231037 -0.00430813 0 0.0327583 -0.00535447 0 0.0387517 -0.00783832 0 0.0406953
4.65 -0.0048881 0 0.0242019 -0.00564296 0 0.033898 -0.00705397 0 0.0397916 -0.00955899 0 0.0418931
4.66 -0.00494336 0 0.0250868 -0.00638799 0 0.0344989 -0.00814744 0 0.0400102 -0.0107499 0 0.0420715
4.67 -0.00453445 0 0.0254462 -0.00661925 0 0.0343448 -0.0087795 0 0.0392599 -0.0115626 0 0.0410169
4.68 -0.00405736 0 0.0251728 -0.00656116 0 0.0334257 -0.0092313 0 0.0375774 -0.0122812 0 0.0387464
4.69 -0.00373258 0 0.0243757 -0.00636641 0 0.0319179 -0.00963061 0 0.0351649 -0.0130548 0 0.0355026
4.7 -0.00345542 0 0.0232331 -0.00599138 0 0.0300255 -0.00982939 0 0.0322488 -0.0137622 0 0.031597
4.71 -0.00290339 0 0.0218842 -0.00523643 0 0.0278774 -0.00951473 0 0.0289966 -0.0140825 0 0.0272955
4.72 -0.00188997 0 0.0203817 -0.00400303 0 0.0255005 -0.00854325 0 0.0254937 -0.0137976 0 0.0227696
4.73 -0.000565017 0 0.0186344 -0.00245043 0 0.0227846 -0.00711515 0 0.0216942 -0.0129755 0 0.0180362
4.74 0.000822795 0 0.0164534 -0.000790984 0 0.0195412 -0.00551601 0 0.0174582 -0.0117634 0 0.012998
4.75 0.00217757 0 0.0137124 0.000902284 0 0.0156579 -0.00385043 0 0.0126936 -0.0101797 0 0.00758969
4.76 0.00357897 0 0.0104139 0.00269422 0 0.0111515 -0.00201022 0 0.0074113 -0.00811262 0 0.00183286
4.77 0.00525372 0 0.00665632 0.00478916 0 0.00612525 0.000298223 0 0.00169423 -0.00533196 0 -0.00420217
4.78 0.00735128 0 0.00259293 0.00735903 0 0.000730411 0.00332033 0 -0.00433167 -0.00167952 0 -0.0104302
4.79 0.00963379 0 -0.00161168 0.0102483 0 -0.00486433 0.00691749 0 -0.0105263 0.00263507 0 -0.0167767
4.8 0.0116348 0 -0.00579982 0.0130805 0 -0.010477 0.0106831 0 -0.0167428 0.00716604 0 -0.0231724
4.81 0.0130479 0 -0.0098518 0.0155692 0 -0.0159417 0.0142908 0 -0.022856 0.0115741 0 -0.0295647
4.82 0.0137908 0 -0.0137469 0.017544 0 -0.0211889 0.0175434 0 -0.028831 0.0156646 0 -0.0359703
4.83 0.0140063 0 -0.0174754 0.0189798 0 -0.0261867 0.0203905 0 -0.0346496 0.0193993 0 -0.0423917
4.84 0.0141868 0 -0.0208504 0.0202042 0 -0.0307634 0.023099 0 -0.0401288 0.0230647 0 -0.0486282
4.85 0.0149077 0 -0.023596 0.021723 0 -0.0346708 0.0260555 0 -0.0449982 0.0270624 0 -0.0543519
4.86 0.01613 0 -0.0256565 0.0235534 0 -0.0378552 0.0291208 0 -0.049186 0.0312375 0 -0.0594052
4.87 0.0171501 0 -0.027281 0.0250961 0 -0.0405342 0.0315778 0 -0.0528893 0.0347967 0 -0.0638976
4.88 0.0174692 0 -0.0288114 0.0258863 0 -0.0430142 0.032948 0 -0.0563669 0.0371219 0 -0.068031
4.89 0.0173043 0 -0.0304033 0.0260678 0 -0.0454425 0.0334547 0 -0.0596823 0.0382739 0 -0.0718561
4.9 0.0172065 0 -0.0319318 0.0260883 0 -0.0477083 0.0336306 0 -0.0626304 0.0386709 0 -0.0751885
4.91 0.0175026 0 -0.0332126 0.0262468 0 -0.0496254 0.033779 0 -0.0649708 0.0386028 0 -0.0778117
4.92 0.0182052 0 -0.0342838 0.0266385 0 -0.0511925 0.0339097 0 -0.0667176 0.0381642 0 -0.0797449
4.93 0.0192425 0 -0.0353815 0.0273315 0 -0.0525955 0.0339886 0 -0.068128 0.037451 0 -0.0812316
4.94 0.0204432 0 -0.0366661 0.0282633 0 -0.0539888 0.0339332 0 -0.0694369 0.0364886 0 -0.0824952
4.95 0.0213888 0 -0.0380498 0.0290252 0 -0.0553504 0.033448 0 -0.0706747 0.0350324 0 -0.0835787
4.96 0.0216653 0 -0.0392259 0.0290991 0 -0.0564814 0.0322342 0 -0.0716612 0.0327942 0 -0.0843462
4.97 0.021241 0 -0.0397856 0.0282939 0 -0.0570521 0.0303232 0 -0.0720782 0.0298301 0 -0.0845429
4.98 0.0203043 0 -0.0394077 0.0266867 0 -0.0567328 0.0279063 0 -0.0716252 0.0264173 0 -0.0839289
4.99 0.0188378 0 -0.0380902 0.0242654 0 -0.0554213 0.0249301 0 -0.0702447 0.0226459 0 -0.0824868
5 0.016731 0 -0.0362162 0.0210196 0 -0.0533753 0.0212431 0 -0.0682195 0.0185058 0 -0.0805104
5.01 0.0141756 0 -0.0342788 0.0172612 0 -0.0510303 0.0170252 0 -0.065955 0.0142341 0 -0.0783842
5.02 0.0115167 0 -0.0324782 0.0134209 0 -0.0486432 0.0126666 0 -0.0636218 0.010147 0 -0.0762237
5.03 0.00888639 0 -0.030638 0.00967114 0 -0.0461648 0.00839745 0 -0.0610727 0.00628831 0 -0.0737934
5.04 0.00625829 0 -0.0285081 0.00599649 0 -0.0434435 0.00429956 0 -0.058099 0.00251853 0 -0.0707805
5.05 0.00355991 0 -0.0260653 0.00232858 0 -0.040455 0.000360773 0 -0.0546761 -0.00133775 0 -0.0670773
5.06 0.000537259 0 -0.0235379 -0.00158601 0 -0.0373379 -0.00370434 0 -0.0509673 -0.00561114 0 -0.0628263
5.07 -0.00307005 0 -0.021272 -0.0060388 0 -0.0343345 -0.00829167 0 -0.0472191 -0.0106264 0 -0.05833
5.08 -0.00707604 0 -0.0195543 -0.0109309 0 -0.0316926 -0.013422 0 -0.0436509 -0.0162709 0 -0.0539119
5.09 -0.0109305 0 -0.0184773 -0.0158289 0 -0.0295628 -0.0187472 0 -0.0403874 -0.0220717 0 -0.0497893
5.1 -0.0142166 0 -0.0179439 -0.020396 0 -0.0279752 -0.023964 0 -0.0374918 -0.0276614 0 -0.0460546
5.11 -0.0167409 0 -0.0177305 -0.0244278 0 -0.0268456 -0.028858 0 -0.0349992 -0.0328387 0 -0.0427033
5.12 -0.0183287 0 -0.0175718 -0.0276309 0 -0.0260075 -0.0331018 0 -0.0329197 -0.0373492 0 -0.039689
5.13 -0.0190263 0 -0.0172775 -0.0298513 0 -0.0253036 -0.0364964 0 -0.0312636 -0.0410906 0 -0.0370233
5.14 -0.0194259 0 -0.0167487 -0.031479 0 -0.0246044 -0.0393683 0 -0.0299962 -0.0444752 0 -0.0347799
5.15 -0.0203064 0 -0.0159001 -0.0331997 0 -0.0237449 -0.0423016 0 -0.0289529 -0.0481358 0 -0.0329975
5.16 -0.021946 0 -0.0147172 -0.0353686 0 -0.0226029 -0.0455187 0 -0.0279444 -0.0522867 0 -0.0317088
5.17 -0.0241159 0 -0.0133733 -0.0379554 0 -0.0212514 -0.0488813 0 -0.0269585 -0.0567097 0 -0.0310424
5.18 -0.0264951 0 -0.0121565 -0.0408396 0 -0.0199345 -0.0522518 0 -0.0261721 -0.06112 0 -0.0311598
5.19 -0.0287274 0 -0.0113141 -0.0437648 0 -0.018951 -0.0554714 0 -0.0258421 -0.0651799 0 -0.0321332
5.2 -0.0302597 0 -0.0109456 -0.0461395 0 -0.0185401 -0.0581152 0 -0.026182 -0.0683177 0 -0.0338743
5.21 -0.0305515 0 -0.0108927 -0.0472659 0 -0.0187074 -0.0596366 0 -0.0271751 -0.0699367 0 -0.0360462
5.22 -0.0295792 0 -0.0107128 -0.0469112 0 -0.0190956 -0.0598549 0 -0.0284373 -0.0699345 0 -0.0380338
5.23 -0.0278123 0 -0.0098898 -0.0453753 0 -0.0191048 -0.0589836 0 -0.0293285 -0.0687101 0 -0.0391345
5.24 -0.0257755 0 -0.00818048 -0.0431208 0 -0.0182228 -0.0572924 0 -0.0292658 -0.0667521 0 -0.0388909
5.25 -0.0238997 0 -0.00576349 -0.0406251 0 -0.0162623 -0.0550509 0 -0.027943 -0.0644879 0 -0.0372569
5.26 -0.0224412 0 -0.00307174 -0.0382505 0 -0.0133454 -0.0524987 0 -0.0253211 -0.0621844 0 -0.0344709
5.27 -0.0213268 0 -0.000509071 -0.0360293 0 -0.00975282 -0.0496817 0 -0.0215247 -0.0597744 0 -0.0308114
5.28 -0.020332 0 0.00171415 -0.033807 0 -0.00580365 -0.0465719 0 -0.0167928 -0.0570295 0 -0.0264488
5.29 -0.0193791 0 0.00356653 -0.0315481 0 -0.00181705 -0.0432949 0 -0.0114893 -0.0538733 0 -0.0214566
5.3 -0.0183735 0 0.0051022 -0.0292082 0 0.00190248 -0.0399179 0 -0.00607464 -0.0502419 0 -0.0158973
5.31 -0.0170051 0 0.00641601 -0.0265453 0 0.00513249 -0.0362261 0 -0.000966709 -0.0458878 0 -0.00986651
5.32 -0.0150448 0 0.00767258 -0.0233832 0 0.0078495 -0.0320108 0 0.00365541 -0.040649 0 -0.00345732
5.33 -0.0125605 0 0.00911696 -0.0197868 0 0.0102928 -0.0272941 0 0.00795025 -0.0346369 0 0.00327735
5.34 -0.00972964 0 0.0109985 -0.015866 0 0.0128945 -0.0221633 0 0.01232 -0.0280437 0 0.0102989
5.35 -0.00658434 0 0.0134913 -0.0115362 0 0.0161435 -0.0165366 0 0.0172236 -0.0209003 0 0.017555
5.36 -0.00300099 0 0.0166783 -0.0065304 0 0.0204522 -0.0101634 0 0.0230141 -0.0130793 0 0.0249905
5.37 0.000903939 0 0.0204628 -0.000824735 0 0.0259302 -0.00303659 0 0.0297278 -0.00470294 0 0.0324543
5.38 0.00454311 0 0.0245006 0.00506855 0 0.0322101 0.00433191 0 0.0369586 0.00360024 0 0.0396012
5.39 0.0074126 0 0.0284619 0.0105812 0 0.0386928 0.0113968 0 0.044138 0.0112169 0 0.0461216
5.4 0.00971256 0 0.0323445 0.0156976 0 0.0449679 0.0181598 0 0.0509409 0.0181719 0 0.0520536
5.41 0.012144 0 0.036336 0.0208393 0 0.0508653 0.0249972 0 0.057281 0.0249822 0 0.057674
5.42 0.0152815 0 0.0404105 0.0263659 0 0.0562138 0.0321295 0 0.0630224 0.0321011 0 0.0631167
5.43 0.0191311 0 0.0441568 0.0322006 0 0.0607002 0.0392899 0 0.0678487 0.0395058 0 0.0681744
5.44 0.0231818 0 0.0470453 0.0378523 0 0.0640323 0.0458525 0 0.071477 0.0467148 0 0.0724922
5.45 0.0269907 0 0.04886 0.0429234 0 0.0662215 0.0514356 0 0.0739808 0.0533132 0 0.0759333
5.46 0.0305888 0 0.0497555 0.0474849 0 0.067549 0.0562793 0 0.0757353 0.0593357 0 0.0786178
5.47 0.0342421 0 0.0499514 0.0518833 0 0.0682538 0.0609528 0 0.0770407 0.065064 0 0.0806522
5.48 0.0381059 0 0.0495614 0.056448 0 0.0684003 0.0659366 0 0.0779317 0.0707339 0 0.0820024
5.49 0.0421584 0 0.0486412 0.0614118 0 0.0679638 0.0714795 0 0.0782607 0.0764853 0 0.0825684
5.5 0.0460949 0 0.0472197 0.0667015 0 0.0668826 0.0774267 0 0.0777987 0.0822144 0 0.0822204
5.51 0.0493399 0 0.0452712 0.0718042 0 0.0650371 0.0831886 0 0.0762865 0.0875018 0 0.0807675
5.52 0.0515848 0 0.042739 0.0762153 0 0.062278 0.0882717 0 0.0735091 0.0920773 0 0.077983
5.53 0.053075 0 0.0396279 0.0797805 0 0.0585272 0.0926131 0 0.0693957 0.0961023 0 0.0737136
5.54 0.0541489 0 0.0360509 0.0824186 0 0.0538477 0.0962142 0 0.064044 0.0997744 0 0.0679581
5.55 0.0549268 0 0.0321172 0.0839992 0 0.0483505 0.0989285 0 0.057578 0.103088 0 0.0607877
5.56 0.0553822 0 0.0277844 0.084499 0 0.042043 0.100601 0 0.0499796 0.105937 0 0.052209
5.57 0.0553365 0 0.0229651 0.0839464 0 0.0349037 0.101079 0 0.0411921 0.108081 0 0.0422498
5.58 0.0545086 0 0.0177935 0.0823318 0 0.02712 0.100225 0 0.0314047 0.109142 0 0.0311948
5.59 0.0526994 0 0.0126254 0.07965 0 0.0191003 0.0980185 0 0.0210912 0.108746 0 0.0195751
5.6 0.0498409 0 0.00771662 0.0758783 0 0.0111881 0.0945051 0 0.010717 0.106576 0 0.00785429
5.61 0.0459474 0 0.00299906 0.0709462 0 0.00345311 0.0896774 0 0.000500807 0.102365 0 -0.00379354
5.62 0.0412506 0 -0.00178814 0.0649423 0 -0.00421216 0.0835913 0 -0.00952101 0.0960959 0 -0.0153755
5.63 0.0363829 0 -0.00683009 0.058384 0 -0.011882 0.0766039 0 -0.0193155 0.0882422 0 -0.0268481
5.64 0.0321426 0 -0.012145 0.0520471 0 -0.0195455 0.0692549 0 -0.0288264 0.0795716 0 -0.0380591
5.65 0.0289208 0 -0.0176738 0.0464015 0 -0.0271987 0.0618162 0 -0.0380717 0.0705761 0 -0.0488561
5.66 0.0264067 0 -0.0233211 0.0412537 0 -0.034857 0.0540561 0 -0.0471345 0.0611378 0 -0.0591373
5.67 0.0238623 0 -0.0288862 0.0359301 0 -0.0424397 0.0454809 0 -0.0560052 0.0507435 0 -0.0687769
5.68 0.0207461 0 -0.0340464 0.0298564 0 -0.0496984 0.0358586 0 -0.0644751 0.0390702 0 -0.0775833
5.69 0.0171004 0 -0.0385055 0.0230017 0 -0.0563187 0.025511 0 -0.0722322 0.0263892 0 -0.0854037
5.7 0.0133437 0 -0.042166 0.0157895 0 -0.0620836 0.0150684 0 -0.0790483 0.013407 0 -0.0922546
5.71 0.0097594 0 -0.0451178 0.00866114 0 -0.0669051 0.00497984 0 -0.0848404 0.000777043 0 -0.0982867
5.72 0.006287 0 -0.0474636 0.00182354 0 -0.0707274 -0.00465381 0 -0.0895875 -0.0111553 0 -0.103612
5.73 0.002817 0 -0.0491623 -0.00458767 0 -0.0734384 -0.0137601 0 -0.0932279 -0.0221507 0 -0.108157
5.74 -0.000453111 0 -0.050051 -0.010256 0 -0.0749156 -0.0219401 0 -0.0956704 -0.0317871 0 -0.111696
5.75 -0.00304236 0 -0.0500316 -0.0147005 0 -0.0751835 -0.0285104 0 -0.0969183 -0.0394745 0 -0.114039
5.76 -0.00459444 0 -0.0492188 -0.0175912 0 -0.0744993 -0.0329365 0 -0.0971452 -0.0447959 0 -0.115186
5.77 -0.00519313 0 -0.0479025 -0.0189862 0 -0.0732499 -0.0351807 0 -0.0966148 -0.0477639 0 -0.115289
5.78 -0.00530919 0 -0.0464177 -0.0192913 0 -0.0717813 -0.035681 0 -0.0955552 -0.0487682 0 -0.114541
5.79 -0.00568731 0 -0.0450837 -0.0192408 0 -0.0703406 -0.0352637 0 -0.0941398 -0.048522 0 -0.113129
5.8 -0.00724368 0 -0.0441518 -0.0199023 0 -0.0690762 -0.0350576 0 -0.0924967 -0.0480406 0 -0.111214
5.81 -0.0105992 0 -0.0437284 -0.022247 0 -0.0680364 -0.0360317 0 -0.0906862 -0.0482242 0 -0.108885
5.82 -0.015265 0 -0.0437675 -0.0262325 0 -0.0672156 -0.0381421 0 -0.0887255 -0.04901 0 -0.106169
5.83 -0.019556 0 -0.0441138 -0.0304805 0 -0.066595 -0.0401327 0 -0.0866317 -0.0491554 0 -0.103069
5.84 -0.021893 0 -0.0444952 -0.0333548 0 -0.0660698 -0.0406789 0 -0.084382 -0.0473876 0 -0.0995307
5.85 -0.0221072 0 -0.0444675 -0.0342562 0 -0.0652969 -0.0395904 0 -0.0817876 -0.0436593 0 -0.095344
5.86 -0.0212242 0 -0.043506 -0.0336632 0 -0.0637094 -0.0376342 0 -0.0784865 -0.0390312 0 -0.0901874
5.87 -0.0203416 0 -0.0413114 -0.032345 0 -0.0608219 -0.0355689 0 -0.0741704 -0.0346991 0 -0.0839111
5.88 -0.0200102 0 -0.0380206 -0.0309084 0 -0.0565317 -0.033713 0 -0.0687898 -0.0314396 0 -0.0767548
5.89 -0.0201481 0 -0.0340358 -0.0296183 0 -0.0510797 -0.0319813 0 -0.0624778 -0.0294559 0 -0.0692007
5.9 -0.0201913 0 -0.0296657 -0.028298 0 -0.0447725 -0.0300465 0 -0.0553416 -0.0283895 0 -0.0616179
5.91 -0.0195748 0 -0.0249661 -0.0265939 0 -0.0378016 -0.027722 0 -0.0474262 -0.0276968 0 -0.0540707
5.92 -0.0179684 0 -0.0198115 -0.0241603 0 -0.0302262 -0.0250415 0 -0.0388112 -0.0268827 0 -0.0463532
5.93 -0.0151454 0 -0.0139669 -0.0206301 0 -0.0219629 -0.0219793 0 -0.0295876 -0.0254536 0 -0.0380572
5.94 -0.0110991 0 -0.00711649 -0.0158708 0 -0.0127774 -0.0184805 0 -0.0197111 -0.0231296 0 -0.0286417
5.95 -0.00628657 0 0.000957435 -0.010306 0 -0.00245835 -0.0147159 0 -0.00900567 -0.0201408 0 -0.0176611
5.96 -0.00158352 0 0.0100925 -0.00486549 0 0.00889903 -0.0111439 0 0.0026315 -0.0171855 0 -0.00507682
5.97 0.00214888 0 0.0197131 -0.00049199 0 0.020853 -0.00822856 0 0.0151233 -0.0149715 0 0.00870896
5.98 0.00448531 0 0.0290925 0.00235135 0 0.0328509 -0.00613975 0 0.0282746 -0.0137658 0 0.0231241
5.99 0.00528904 0 0.0376031 0.00356923 0 0.0444217 -0.00494752 0 0.0417942 -0.0135368 0 0.0376718
6 0.00417446 0 0.0448175 0.00284766 0 0.0551909 -0.00514644 0 0.0552467 -0.0145357 0 0.0519949
6.01 0.000393492 0 0.0505535 -0.000591578 0 0.064845 -0.00774536 0 0.06809 -0.0175066 0 0.0658619
6.02 -0.00656225 0 0.0549759 -0.00750971 0 0.0732163 -0.0136506 0 0.0799033 -0.0231756 0 0.0792231
6.03 -0.0165618 0 0.0586722 -0.01824 0 0.0804542 -0.0232392 0 0.0906651 -0.0318634 0 0.0923012
6.04 -0.028959 0 0.0623861 -0.0326422 0 0.0869488 -0.0364188 0 0.100678 -0.0435232 0 0.105408
6.05 -0.0427172 0 0.0664541 -0.0499916 0 0.09294 -0.0526479 0 0.110112 -0.0577266 0 0.118488
6.06 -0.0566462 0 0.0705395 -0.0690401 0 0.0982818 -0.0710446 0 0.118706 -0.0737771 0 0.130903
6.07 -0.0696912 0 0.0739142 -0.0882871 0 0.102582 -0.0905642 0 0.12591 -0.0909381 0 0.141685
6.08 -0.081044 0 0.0758995 -0.106231 0 0.105425 -0.110067 0 0.131154 -0.108548 0 0.149897
6.09 -0.0903583 0 0.076115 -0.121812 0 0.106454 -0.128594 0 0.133968 -0.126271 0 0.154825
6.1 -0.0978032 0 0.0745651 -0.134683 0 0.105453 -0.145587 0 0.134061 -0.144185 0 0.156063
6.11 -0.103539 0 0.0716376 -0.144794 0 0.102462 -0.160584 0 0.131402 -0.16225 0 0.153577
6.12 -0.107333 0 0.0679837 -0.151979 0 0.09785 -0.173002 0 0.126249 -0.179882 0 0.147686
6.13 -0.108747 0 0.0642727 -0.155997 0 0.09221 -0.182356 0 0.119048 -0.196077 0 0.138906
6.14 -0.107164 0 0.0609558 -0.156407 0 0.0861562 -0.188178 0 0.110283 -0.209437 0 0.127757
6.15 -0.101754 0 0.0582352 -0.152427 0 0.0802025 -0.189746 0 0.100434 -0.218166 0 0.114726
6.16 -0.0919713 0 0.0561345 -0.143386 0 0.0746944 -0.186327 0 0.0899706 -0.220653 0 0.1003
6.17 -0.0780414 0 0.0545017 -0.129229 0 0.0697025 -0.177524 0 0.0792432 -0.216061 0 0.0849247
6.18 -0.0609108 0 0.0530593 -0.110537 0 0.0650404 -0.163264 0 0.068461 -0.204357 0 0.0690232
6.19 -0.0421296 0 0.0515944 -0.0884983 0 0.0605007 -0.14392 0 0.057857 -0.186264 0 0.0531536
6.2 -0.0236457 0 0.050111 -0.0648163 0 0.0561013 -0.120445 0 0.0478723 -0.163121 0 0.0381403
6.21 -0.00696245 0 0.0486991 -0.0409646 0 0.0520448 -0.0938679 0 0.0390758 -0.13609 0 0.0249173
6.22 0.00775405 0 0.0472085 -0.0173328 0 0.0484113 -0.0645561 0 0.0318442 -0.105305 0 0.0141494
6.23 0.0215707 0 0.0450907 0.00674511 0 0.0449194 -0.0322284 0 0.0261247 -0.0699559 0 0.00598144
6.24 0.0356762 0 0.0416436 0.0320151 0 0.0410287 0.00322534 0 0.0215311 -0.0293549 0 0.000162986
6.25 0.0502441 0 0.0364973 0.0582512 0 0.0363175 0.0409316 0 0.0176966 0.0159537 0 -0.00355926
6.26 0.0640681 0 0.0298759 0.0838619 0 0.0307501 0.0788533 0 0.0145058 0.0638017 0 -0.00520247
6.27 0.0751137 0 0.022407 0.10635 0 0.024602 0.114314 0 0.0120092 0.110905 0 -0.00468395
6.28 0.0818596 0 0.0147699 0.123619 0 0.0182516 0.145166 0 0.0102518 0.15422 0 -0.00208127
6.29 0.0846318 0 0.00752203 0.135431 0 0.0121016 0.170962 0 0.00926068 0.1924 0 0.00228599
6.3 0.0857423 0 0.00109637 0.143799 0 0.00659515 0.193099 0 0.00910654 0.226173 0 0.00793156
6.31 0.0877408 0 -0.00421891 0.151445 0 0.00215425 0.213258 0 0.00983966 0.256808 0 0.014248
6.32 0.0913601 0 -0.00840923 0.159655 0 -0.00103198 0.231567 0 0.011258 0.284121 0 0.0204294
6.33 0.0953127 0 -0.011837 0.167683 0 -0.00323024 0.246478 0 0.0127057 0.306134 0 0.0253899
6.34 0.0974925 0 -0.0150656 0.173488 0 -0.00511271 0.255847 0 0.0132048 0.320078 0 0.0279297
6.35 0.0964097 0 -0.0184427 0.175001 0 -0.00739637 0.258128 0 0.0119009 0.323761 0 0.0271454
6.36 0.0922474 0 -0.0218769 0.171446 0 -0.0105333 0.253232 0 0.00837969 0.316785 0 0.0226944
6.37 0.0873012 0 -0.0250245 0.164337 0 -0.0146802 0.242989 0 0.00259645 0.301286 0 0.0147018
6.38 0.0850978 0 -0.0276012 0.157144 0 -0.0197765 0.230544 0 -0.00534305 0.281334 0 0.00353894
6.39 0.0877769 0 -0.0295459 0.152833 0 -0.0255966 0.218162 0 -0.0152974 0.260377 0 -0.010322
6.4 0.0942692 0 -0.0310058 0.151647 0 -0.0318142 0.205673 0 -0.0270599 0.23915 0 -0.0263691
6.41 0.101803 0 -0.0321635 0.151911 0 -0.038048 0.191913 0 -0.0401959 0.216732 0 -0.0440106
6.42 0.108353 0 -0.0329807 0.152008 0 -0.043819 0.176808 0 -0.0538311 0.192674 0 -0.0624298
6.43 0.112972 0 -0.033055 0.150802 0 -0.0484798 0.161238 0 -0.0665981 0.167328 0 -0.0804603
6.44 0.115231 0 -0.0318053 0.14756 0 -0.0512963 0.146092 0 -0.0769447 0.141508 0 -0.09669
6.45 0.115254 0 -0.0289136 0.142407 0 -0.0517262 0.132125 0 -0.0837079 0.116679 0 -0.109802
6.46 0.113607 0 -0.024585 0.136305 0 -0.0496278 0.119931 0 -0.0864809 0.0947986 0 -0.118831
6.47 0.110488 0 -0.0194135 0.129956 0 -0.0452553 0.109401 0 -0.0855252 0.0772496 0 -0.123178
6.48 0.105199 0 -0.0141069 0.122844 0 -0.0392022 0.0994803 0 -0.0814645 0.0639806 0 -0.122569
6.49 0.0967588 0 -0.00924358 0.113568 0 -0.032292 0.0889103 0 -0.0749538 0.0538993 0 -0.117009
6.5 0.0848196 0 -0.00517472 0.100888 0 -0.0254054 0.0771198 0 -0.0664871 0.0458446 0 -0.106767
6.51 0.0697761 0 -0.00219723 0.0843076 0 -0.019395 0.0642227 0 -0.0565225 0.0389898 0 -0.0924777
6.52 0.0520978 0 -0.000686958 0.063905 0 -0.0149443 0.0502546 0 -0.0456437 0.0325227 0 -0.0751603
6.53 0.0316277 0 -0.000953543 0.0397738 0 -0.0123157 0.0344282 0 -0.0344913 0.0251094 0 -0.0559834
6.54 0.00780064 0 -0.00310738 0.0119167 0 -0.0113482 0.0153591 0 -0.0237021 0.0150167 0 -0.0361275
6.55 -0.0190614 0 -0.00702006 -0.0189838 0 -0.0117048 -0.00758491 0 -0.0138981 0.00119729 0 -0.0167894
6.56 -0.0470289 0 -0.012228 -0.0511398 0 -0.0130351 -0.0334475 0 -0.00556673 -0.0160605 0 0.000896639
6.57 -0.0732832 0 -0.0179015 -0.0822249 0 -0.0149992 -0.0602426 0 0.00104227 -0.0356556 0 0.0159813
6.58 -0.095212 0 -0.0229743 -0.110026 0 -0.0172003 -0.0859017 0 0.00590668 -0.0564025 0 0.027788
6.59 -0.111298 0 -0.0263383 -0.13295 0 -0.0190526 -0.109079 0 0.009193 -0.0775955 0 0.0359908
6.6 -0.121621 0 -0.0271222 -0.150491 0 -0.0198064 -0.129661 0 0.0111486 -0.0994063 0 0.0405562
6.61 -0.127418 0 -0.0250213 -0.163118 0 -0.0188519 -0.148428 0 0.0119073 -0.12259 0 0.0414992
6.62 -0.130081 0 -0.0204306 -0.171715 0 -0.0160655 -0.166184 0 0.0113937 -0.147735 0 0.0386916
6.63 -0.130561 0 -0.0142792 -0.177245 0 -0.0119541 -0.183288 0 0.00938792 -0.174861 0 0.0318901
6.64 -0.129252 0 -0.00764469 -0.180553 0 -0.00747533 -0.199598 0 0.00569777 -0.203337 0 0.0210014
6.65 -0.126177 0 -0.00133807 -0.182205 0 -0.00360362 -0.214653 0 0.000343318 -0.231973 0 0.00644462
6.66 -0.121498 0 0.00422256 -0.182642 0 -0.000997928 -0.228127 0 -0.00645319 -0.25945 0 -0.0107296
6.67 -0.115763 0 0.00885832 -0.182279 0 7.21523e-005 -0.240007 0 -0.0144035 -0.284593 0 -0.0290358
6.68 -0.109553 0 0.0124158 -0.181252 0 -0.000389346 -0.250191 0 -0.0232244 -0.306191 0 -0.0469045
6.69 -0.103097 0 0.0146622 -0.179264 0 -0.00227551 -0.258084 0 -0.0325769 -0.322833 0 -0.0630019
6.7 -0.0964162 0 0.0154424 -0.175904 0 -0.0053544 -0.262758 0 -0.041832 -0.333208 0 -0.0762768
6.71 -0.0898714 0 0.014888 -0.17125 0 -0.009137 -0.263582 0 -0.0499287 -0.336722 0 -0.0858462
6.72 -0.0844329 0 0.0132902 -0.16611 0 -0.0129883 -0.260645 0 -0.0556858 -0.333779 0 -0.0910885
6.73 -0.0810678 0 0.0106902 -0.161367 0 -0.0165178 -0.254348 0 -0.0584488 -0.325159 0 -0.0919631
6.74 -0.0798835 0 0.00663286 -0.157094 0 -0.0199159 -0.244694 0 -0.0585506 -0.311145 0 -0.0892173
6.75 -0.0802276 0 0.000352082 -0.152628 0 -0.023965 -0.231428 0 -0.0572506 -0.2916 0 -0.0842496
6.76 -0.0811321 0 -0.00864652 -0.147051 0 -0.0296206 -0.214389 0 -0.0561342 -0.266389 0 -0.0786009
6.77 -0.0813589 0 -0.020035 -0.139298 0 -0.0374173 -0.193404 0 -0.0563809 -0.235406 0 -0.0733913
6.78 -0.0796941 0 -0.032747 -0.128488 0 -0.0472637 -0.168391 0 -0.0585399 -0.198827 0 -0.0692524
6.79 -0.0755359 0 -0.0455657 -0.114468 0 -0.0586482 -0.139815 0 -0.0627771 -0.157611 0 -0.066676
6.8 -0.0691405 0 -0.0576246 -0.0979727 0 -0.0708983 -0.108866 0 -0.0691205 -0.113631 0 -0.0662974
6.81 -0.0611736 0 -0.0685266 -0.0800805 0 -0.0833276 -0.0770225 0 -0.077495 -0.0691248 0 -0.0688897
6.82 -0.0520852 0 -0.0781816 -0.0615244 0 -0.0953203 -0.0454645 0 -0.0876641 -0.0259889 0 -0.0751647
6.83 -0.0421974 0 -0.0866081 -0.0427666 0 -0.106428 -0.0151706 0 -0.0992608 0.0141921 0 -0.0855693
6.84 -0.0321633 0 -0.0937809 -0.0245291 0 -0.116401 0.0126185 0 -0.111879 0.0496959 0 -0.100115
6.85 -0.0227215 0 -0.0995435 -0.0076825 0 -0.125117 0.0366265 0 -0.125131 0.0788841 0 -0.118261
6.86 -0.0138257 0 -0.103596 0.00754045 0 -0.132451 0.0563926 0 -0.138613 0.101074 0 -0.138895
6.87 -0.00456035 0 -0.105561 0.0216974 0 -0.13819 0.072384 0 -0.151814 0.11671 0 -0.160453
6.88 0.005825 0 -0.105169 0.0352728 0 -0.142063 0.0850454 0 -0.16408 0.126458 0 -0.181204
6.89 0.0171137 0 -0.10244 0.0479859 0 -0.14386 0.0940914 0 -0.174654 0.130478 0 -0.199571
6.9 0.0283915 0 -0.0977329 0.0590236 0 -0.143478 0.0988382 0 -0.182732 0.128632 0 -0.214312
6.91 0.0390644 0 -0.0917709 0.0679575 0 -0.141041 0.099247 0 -0.18767 0.121385 0 -0.224665
6.92 0.0492665 0 -0.0857036 0.0751319 0 -0.137128 0.0963405 0 -0.189364 0.110141 0 -0.230549
6.93 0.0588726 0 -0.0809535 0.0807487 0 -0.132832 0.0911805 0 -0.188418 0.0962356 0 -0.232555
6.94 0.0665332 0 -0.0786561 0.0839213 0 -0.129351 0.0837679 0 -0.185805 0.0799273 0 -0.231512
6.95 0.0702181 0 -0.0790486 0.0830766 0 -0.127382 0.0733349 0 -0.182274 0.0607987 0 -0.22792
6.96 0.0687031 0 -0.0814349 0.0772357 0 -0.126893 0.0595628 0 -0.178119 0.0390449 0 -0.221845
6.97 0.0622959 0 -0.084767 0.0666595 0 -0.127443 0.0431627 0 -0.173445 0.0160623 0 -0.213341
6.98 0.0522376 0 -0.0882728 0.0523652 0 -0.128607 0.0253266 0 -0.168504 -0.00618293 0 -0.202914
6.99 0.0397369 0 -0.0916233 0.0353665 0 -0.130122 0.00695943 0 -0.163709 -0.0260986 0 -0.191562
7 0.0258373 0 -0.0946065 0.0166937 0 -0.131671 -0.0112112 0 -0.159314 -0.0425877 0 -0.180361
7.01 0.0121064 0 -0.0968306 -0.00184922 0 -0.132724 -0.0277422 0 -0.155215 -0.0543485 0 -0.170075
7.02 0.000455096 0 -0.0978135 -0.0178431 0 -0.132711 -0.0405369 0 -0.151143 -0.0599973 0 -0.161138
7.03 -0.00823563 0 -0.0971028 -0.0296812 0 -0.13114 -0.0482464 0 -0.146831 -0.0593558 0 -0.153677
7.04 -0.0149936 0 -0.0941395 -0.0376671 0 -0.12742 -0.0513763 0 -0.141824 -0.054296 0 -0.14731
7.05 -0.0223308 0 -0.0881509 -0.0439607 0 -0.120682 -0.0522502 0 -0.135242 -0.0483735 0 -0.141007
7.06 -0.0323596 0 -0.0784128 -0.0510203 0 -0.109982 -0.0535086 0 -0.125914 -0.0450195 0 -0.133342
7.07 -0.0448458 0 -0.0647001 -0.059664 0 -0.094743 -0.0563011 0 -0.112802 -0.0455449 0 -0.122979
7.08 -0.0575215 0 -0.0474681 -0.0689901 0 -0.0750197 -0.0603545 0 -0.09532 -0.0492211 0 -0.108965
7.09 -0.067914 0 -0.0276695 -0.0776491 0 -0.0514448 -0.0652529 0 -0.0734094 -0.0548095 0 -0.090705
7.1 -0.0746716 0 -0.00649186 -0.0848024 0 -0.0250826 -0.0711575 0 -0.0475295 -0.061699 0 -0.0679032
7.11 -0.0776578 0 0.0147422 -0.0902003 0 0.00262019 -0.0784819 0 -0.018699 -0.0699879 0 -0.0406718
7.12 -0.077382 0 0.0346712 -0.0938389 0 0.0299514 -0.0872233 0 0.0116157 -0.0799993 0 -0.0096304
7.13 -0.0748236 0 0.0521686 -0.0960446 0 0.0552981 -0.0970086 0 0.0419069 -0.0921738 0 0.0242206
7.14 -0.0714333 0 0.0665974 -0.0976502 0 0.0775471 -0.107542 0 0.071044 -0.107089 0 0.0597053
7.15 -0.068689 0 0.0777947 -0.0996446 0 0.0962258 -0.11867 0 0.0983685 -0.125029 0 0.0955264
7.16 -0.0675207 0 0.0858995 -0.102642 0 0.11141 -0.130186 0 0.123518 -0.145472 0 0.13025
7.17 -0.068128 0 0.0913537 -0.106719 0 0.123664 -0.141776 0 0.146323 -0.167034 0 0.162496
7.18 -0.0700729 0 0.0949911 -0.111496 0 0.133947 -0.152981 0 0.166785 -0.187744 0 0.191211
7.19 -0.0724322 0 0.0978866 -0.11623 0 0.14326 -0.16305 0 0.184892 -0.205369 0 0.215695
7.2 -0.0741961 0 0.101057 -0.120086 0 0.152231 -0.171027 0 0.200423 -0.217922 0 0.235443
7.21 -0.0745751 0 0.105273 -0.122292 0 0.161004 -0.175859 0 0.212996 -0.223992 0 0.250109
7.22 -0.0727989 0 0.110982 -0.121814 0 0.169388 -0.176172 0 0.22227 -0.222508 0 0.259573
7.23 -0.0681781 0 0.118225 -0.117381 0 0.17708 -0.17046 0 0.228114 -0.212718 0 0.263973
7.24 -0.0606787 0 0.126584 -0.108165 0 0.183817 -0.157878 0 0.230671 -0.194712 0 0.263679
7.25 -0.0511637 0 0.135232 -0.0942992 0 0.189432 -0.138749 0 0.230349 -0.169685 0 0.259247
7.26 -0.0409078 0 0.143076 -0.0767348 0 0.193782 -0.114307 0 0.22772 -0.139526 0 0.251373
7.27 -0.0307352 0 0.148952 -0.0566045 0 0.196597 -0.0859552 0 0.223347 -0.106001 0 0.240811
7.28 -0.0206597 0 0.151757 -0.0348151 0 0.197305 -0.0548668 0 0.217528 -0.0703327 0 0.228256
7.29 -0.0102451 0 0.150559 -0.0121162 0 0.194976 -0.0221398 0 0.210109 -0.0333822 0 0.214237
7.3 0.00115609 0 0.144813 0.0110352 0 0.188607 0.0112618 0 0.200592 0.00431154 0 0.199199
7.31 0.0145988 0 0.134577 0.0349706 0 0.17756 0.0450289 0 0.188458 0.0428921 0 0.183649
7.32 0.0310769 0 0.120464 0.0604801 0 0.161811 0.0793185 0 0.173411 0.0828045 0 0.168094
7.33 0.0499543 0 0.103376 0.0871643 0 0.141934 0.113318 0 0.155479 0.123202 0 0.152811
7.34 0.0682693 0 0.0842452 0.112428 0 0.118925 0.144432 0 0.135033 0.161086 0 0.137653
7.35 0.0824063 0 0.0638941 0.132766 0 0.0939848 0.169614 0 0.112741 0.192735 0 0.122033
7.36 0.0906093 0 0.0430294 0.146113 0 0.0683186 0.187488 0 0.0894187 0.216085 0 0.105083
7.37 0.0938194 0 0.0222931 0.152909 0 0.0429625 0.198983 0 0.0657901 0.231654 0 0.0859099
7.38 0.0941125 0 0.00238888 0.154973 0 0.0187549 0.205825 0 0.0423202 0.241185 0 0.0639172
7.39 0.0926176 0 -0.0158262 0.153652 0 -0.00361279 0.208659 0 0.0191943 0.245695 0 0.0390665
7.4 0.0894188 0 -0.0315153 0.149542 0 -0.0236958 0.207141 0 -0.00370278 0.245267 0 0.0118011
7.41 0.0848604 0 -0.0441637 0.143381 0 -0.0414562 0.201347 0 -0.0267255 0.24015 0 -0.0172433
7.42 0.0801851 0 -0.0536896 0.136443 0 -0.0572056 0.192459 0 -0.0501735 0.231317 0 -0.0474052
7.43 0.07674 0 -0.0604115 0.129846 0 -0.0714054 0.181973 0 -0.073995 0.219802 0 -0.0780453
7.44 0.0743832 0 -0.0650616 0.123247 0 -0.0845528 0.170071 0 -0.0977936 0.205336 0 -0.10863
7.45 0.0712929 0 -0.0687388 0.114818 0 -0.0971195 0.155312 0 -0.121037 0.186271 0 -0.138762
7.46 0.0656046 0 -0.0726321 0.102811 0 -0.109433 0.136135 0 -0.143203 0.161173 0 -0.168022
7.47 0.0570612 0 -0.0776105 0.087073 0 -0.121562 0.112449 0 -0.163794 0.130347 0 -0.195746
7.48 0.0472999 0 -0.083949 0.0693154 0 -0.133344 0.0860086 0 -0.182348 0.0960803 0 -0.220963
7.49 0.0387069 0 -0.0914791 0.0521086 0 -0.144682 0.0594687 0 -0.198637 0.061559 0 -0.242709
7.5 0.0328342 0 -0.100053 0.037426 0 -0.155924 0.0349689 0 -0.212981 0.0293552 0 -0.260571
7.51 0.0297999 0 -0.109753 0.0260105 0 -0.167823 0.013573 0 -0.226187 0.000813493 0 -0.274881
7.52 0.0290756 0 -0.120618 0.0179788 0 -0.180966 -0.00406229 0 -0.239028 -0.0232708 0 -0.286364
7.53 0.0301241 0 -0.132295 0.0132808 0 -0.195217 -0.0172545 0 -0.251713 -0.0421405 0 -0.29567
7.54 0.0322434 0 -0.144088 0.0114807 0 -0.209718 -0.0256598 0 -0.263862 -0.0553234 0 -0.303279
7.55 0.0342275 0 -0.155308 0.0114393 0 -0.223367 -0.0297808 0 -0.274919 -0.0630501 0 -0.30972
7.56 0.0340413 0 -0.165474 0.0109931 0 -0.235274 -0.0314141 0 -0.284488 -0.066699 0 -0.315651
7.57 0.0294073 0 -0.174189 0.00747794 0 -0.244874 -0.0331397 0 -0.292373 -0.0683829 0 -0.321629
7.58 0.0197955 0 -0.180875 -0.000301282 0 -0.251769 -0.0363181 0 -0.298395 -0.069089 0 -0.327733
7.59 0.00757927 0 -0.184716 -0.0107206 0 -0.255585 -0.0397584 0 -0.302287 -0.0674702 0 -0.333394
7.6 -0.00367383 0 -0.184997 -0.0206639 0 -0.256081 -0.0411006 0 -0.303831 -0.0613058 0 -0.337668
7.61 -0.0120083 0 -0.181478 -0.0280699 0 -0.253275 -0.0393061 0 -0.30298 -0.0500476 0 -0.339612
7.62 -0.0181519 0 -0.174438 -0.0331486 0 -0.247344 -0.0356159 0 -0.29968 -0.0358151 0 -0.338435
7.63 -0.0241939 0 -0.164448 -0.0375363 0 -0.238387 -0.032369 0 -0.293565 -0.0221721 0 -0.333419
7.64 -0.031396 0 -0.152094 -0.0425263 0 -0.22628 -0.0310829 0 -0.283821 -0.0120127 0 -0.323826
7.65 -0.0392613 0 -0.137912 -0.0481565 0 -0.210799 -0.0317253 0 -0.269424 -0.00649962 0 -0.308979
7.66 -0.0458929 0 -0.122465 -0.053192 0 -0.191899 -0.0330887 0 -0.249633 -0.00509885 0 -0.288454
7.67 -0.0490566 0 -0.106338 -0.0557171 0 -0.169868 -0.0336669 0 -0.224348 -0.00630128 0 -0.262174
7.68 -0.0478348 0 -0.090004 -0.054599 0 -0.145282 -0.0330384 0 -0.194171 -0.00912939 0 -0.230362
7.69 -0.0432355 0 -0.0736878 -0.0503411 0 -0.118859 -0.0322819 0 -0.160204 -0.0138871 0 -0.193477
7.7 -0.036786 0 -0.0573104 -0.0441428 0 -0.0912819 -0.0325478 0 -0.123704 -0.0210621 0 -0.152182
7.71 -0.0289271 0 -0.0405265 -0.0365527 0 -0.0630369 -0.0335521 0 -0.0857199 -0.0299403 0 -0.107317
7.72 -0.0192689 0 -0.022864 -0.0275455 0 -0.0343205 -0.0339558 0 -0.0468951 -0.0388551 0 -0.0599018
7.73 -0.00804237 0 -0.00395696 -0.0175463 0 -0.00508358 -0.0329235 0 -0.0075389 -0.0465154 0 -0.0111506
7.74 0.00348207 0 0.0162737 -0.00757086 0 0.0248437 -0.0306453 0 0.0321514 -0.052413 0 0.0375728
7.75 0.0139774 0 0.037626 0.00169325 0 0.0556294 -0.0274421 0 0.0719051 -0.0560329 0 0.0849271
7.76 0.0228233 0 0.0597738 0.0103531 0 0.0873288 -0.0230538 0 0.111314 -0.0563967 0 0.129822
7.77 0.0297743 0 0.0823608 0.0186737 0 0.119699 -0.0170051 0 0.149791 -0.0526599 0 0.171499
7.78 0.0342139 0 0.104864 0.0261546 0 0.151916 -0.00943102 0 0.186435 -0.0450009 0 0.209353
7.79 0.0349439 0 0.126481 0.0312874 0 0.182535 -0.00143966 0 0.220039 -0.0348517 0 0.242782
7.8 0.030959 0 0.146317 0.0324125 0 0.209923 0.00549124 0 0.249436 -0.0240542 0 0.271356
7.81 0.0224853 0 0.163578 0.028938 0 0.232766 0.010492 0 0.273829 -0.013681 0 0.294991
7.82 0.0115308 0 0.177529 0.0221476 0 0.250238 0.0140118 0 0.292783 -0.00328461 0 0.31384
7.83 0.00165096 0 0.187485 0.0152415 0 0.261993 0.0179781 0 0.30615 0.00910377 0 0.328137
7.84 -0.00356798 0 0.19295 0.0120032 0 0.268108 0.0247789 0 0.314052 0.0256753 0 0.338128
7.85 -0.00230119 0 0.193808 0.0149604 0 0.269008 0.035846 0 0.316894 0.0471709 0 0.344073
7.86 0.00525971 0 0.190467 0.0248376 0 0.265428 0.051458 0 0.315384 0.0726269 0 0.346289
7.87 0.0178472 0 0.183704 0.0411254 0 0.258239 0.0713967 0 0.310326 0.100271 0 0.345029
7.88 0.0336442 0 0.174324 0.0623639 0 0.248198 0.0949781 0 0.302321 0.128045 0 0.34027
7.89 0.0504298 0 0.163086 0.0862235 0 0.235968 0.120686 0 0.291751 0.153774 0 0.331804
7.9 0.0659339 0 0.150846 0.109898 0 0.222318 0.14618 0 0.278993 0.1755 0 0.319547
7.91 0.0783662 0 0.138589 0.130695 0 0.208159 0.168759 0 0.26452 0.191903 0 0.303719
7.92 0.0871637 0 0.127236 0.1469 0 0.194318 0.186369 0 0.248772 0.20288 0 0.284772
7.93 0.0933401 0 0.117368 0.158352 0 0.181231 0.198448 0 0.231943 0.209781 0 0.263188
7.94 0.0988459 0 0.109055 0.166171 0 0.168762 0.20587 0 0.213877 0.214775 0 0.239317
7.95 0.105098 0 0.101872 0.171632 0 0.156258 0.209913 0 0.194162 0.219479 0 0.213361
7.96 0.111896 0 0.0950541 0.175189 0 0.142811 0.211268 0 0.172354 0.223943 0 0.185445
7.97 0.117723 0 0.0876772 0.176539 0 0.12756 0.210054 0 0.148201 0.226939 0 0.155713
7.98 0.120724 0 0.0788271 0.175126 0 0.109938 0.206225 0 0.121785 0.226827 0 0.124385
7.99 0.1198 0 0.0678516 0.170783 0 0.0898915 0.200066 0 0.0936385 0.222576 0 0.0918993
8 0.115264 0 0.0545826 0.164146 0 0.0679586 0.192439 0 0.0647491 0.214407 0 0.0590098
8.01 0.108164 0 0.0393437 0.156019 0 0.0450795 0.184021 0 0.0363164 0.203201 0 0.0267086
8.02 0.0990165 0 0.0228438 0.146276 0 0.0223131 0.174243 0 0.00944506 0.189291 0 -0.00392924
8.03 0.0877156 0 0.0060143 0.133936 0 0.000585901 0.161561 0 -0.0150871 0.172368 0 -0.0319044
8.04 0.0748065 0 -0.0102632 0.11861 0 -0.0195569 0.145142 0 -0.0370141 0.152713 0 -0.0565267
8.05 0.0621031 0 -0.0253655 0.10139 0 -0.038037 0.125875 0 -0.0565781 0.131869 0 -0.0775708
8.06 0.0513314 0 -0.0389517 0.0838302 0 -0.0550804 0.105301 0 -0.0742886 0.11143 0 -0.0952423
8.07 0.0423931 0 -0.0509447 0.0663527 0 -0.0709978 0.0839416 0 -0.0906683 0.0914169 0 -0.110091
8.08 0.0335944 0 -0.0614733 0.0482623 0 -0.0859765 0.0612974 0 -0.106054 0.0704492 0 -0.122874
8.09 0.0235465 0 -0.0706922 0.0292104 0 -0.0998751 0.0373333 0 -0.12042 0.0474857 0 -0.134307
8.1 0.0123222 0 -0.0786774 0.0100032 0 -0.112241 0.0132344 0 -0.133413 0.0228677 0 -0.144921
8.11 0.000875502 0 -0.0855584 -0.00806569 0 -0.122667 -0.00940763 0 -0.144716 -0.00224628 0 -0.155178
8.12 -0.00975573 0 -0.0916434 -0.0239153 0 -0.131165 -0.029433 0 -0.15441 -0.0265956 0 -0.165615
8.13 -0.0186318 0 -0.09726 -0.0367309 0 -0.138155 -0.0461801 0 -0.162976 -0.0489413 0 -0.176703
8.14 -0.0250456 0 -0.1024 -0.0460215 0 -0.144102 -0.0594097 0 -0.170934 -0.0682017 0 -0.188493
8.15 -0.0287432 0 -0.106471 -0.0518127 0 -0.149062 -0.0693048 0 -0.178414 -0.0837205 0 -0.200331
8.16 -0.0299661 0 -0.108502 -0.0546672 0 -0.152584 -0.0763536 0 -0.185027 -0.0953639 0 -0.211002
8.17 -0.0293081 0 -0.107781 -0.055481 0 -0.154103 -0.0811489 0 -0.190179 -0.103408 0 -0.219323
8.18 -0.0274701 0 -0.104391 -0.0551378 0 -0.153396 -0.0841676 0 -0.193439 -0.108287 0 -0.224695
8.19 -0.0250906 0 -0.0991818 -0.0542456 0 -0.150699 -0.0856718 0 -0.194604 -0.110402 0 -0.227167
8.2 -0.0229573 0 -0.0933042 -0.0533396 0 -0.146481 -0.0860086 0 -0.193555 -0.110341 0 -0.227086
8.21 -0.022141 0 -0.0877233 -0.0531382 0 -0.141207 -0.0858525 0 -0.190185 -0.10907 0 -0.224711
8.22 -0.0237428 0 -0.0829315 -0.0545023 0 -0.135176 -0.086087 0 -0.184432 -0.107776 0 -0.219996
8.23 -0.0286821 0 -0.0788353 -0.0584115 0 -0.128423 -0.0877311 0 -0.17626 -0.107739 0 -0.212516
8.24 -0.0374963 0 -0.0748346 -0.0658318 0 -0.120719 -0.0918429 0 -0.165603 -0.110142 0 -0.20157
8.25 -0.0500089 0 -0.0700819 -0.0772915 0 -0.111665 -0.0991959 0 -0.152328 -0.11568 0 -0.186434
8.26 -0.0652771 0 -0.0638363 -0.0926144 0 -0.100886 -0.110092 0 -0.1363 -0.124391 0 -0.166683
8.27 -0.0821407 0 -0.0557255 -0.111233 0 -0.0881525 -0.124646 0 -0.11747 -0.136082 0 -0.142397
8.28 -0.0996958 0 -0.0457592 -0.132514 0 -0.0733715 -0.142959 0 -0.0959062 -0.150726 0 -0.114116
8.29 -0.117158 0 -0.0341679 -0.155595 0 -0.0565076 -0.16474 0 -0.0717676 -0.168294 0 -0.0826487
8.3 -0.133878 0 -0.0212152 -0.179448 0 -0.037561 -0.189226 0 -0.0453051 -0.188743 0 -0.0488752
8.31 -0.149804 0 -0.00705495 -0.203439 0 -0.0165833 -0.215741 0 -0.0168428 -0.212438 0 -0.0136104
8.32 -0.16548 0 0.00831717 -0.227476 0 0.00630102 -0.243955 0 0.0132516 -0.24012 0 0.0224649
8.33 -0.181297 0 0.024946 -0.251431 0 0.0308271 -0.273466 0 0.0445236 -0.272153 0 0.0587404
8.34 -0.197033 0 0.0426836 -0.274809 0 0.0564827 -0.303594 0 0.0763131 -0.308055 0 0.0945147
8.35 -0.21217 0 0.0610447 -0.297093 0 0.0824759 -0.333772 0 0.107695 -0.346825 0 0.128901
8.36 -0.22634 0 0.0792851 -0.318152 0 0.107847 -0.363884 0 0.137586 -0.3874 0 0.160908
8.37 -0.239526 0 0.0966644 -0.338365 0 0.131692 -0.394244 0 0.164984 -0.428923 0 0.18967
8.38 -0.251903 0 0.112752 -0.358354 0 0.15342 -0.425208 0 0.189254 -0.470653 0 0.214713
8.39 -0.26341 0 0.127551 -0.378398 0 0.172864 -0.456571 0 0.210256 -0.511587 0 0.236066
8.4 -0.273817 0 0.141301 -0.398301 0 0.190125 -0.487545 0 0.228192 -0.550519 0 0.254088
8.41 -0.283338 0 0.154186 -0.417895 0 0.205364 -0.517413 0 0.243376 -0.58666 0 0.26921
8.42 -0.292804 0 0.1662 -0.43729 0 0.218729 -0.545851 0 0.256124 -0.619868 0 0.281818
8.43 -0.30317 0 0.177096 -0.456618 0 0.230289 -0.572682 0 0.266699 -0.650274 0 0.292179
8.44 -0.315105 0 0.186487 -0.475928 0 0.240042 -0.597714 0 0.275325 -0.678009 0 0.30047
8.45 -0.328924 0 0.194036 -0.495301 0 0.247978 -0.620853 0 0.282263 -0.703205 0 0.306893
8.46 -0.344527 0 0.199503 -0.514823 0 0.254037 -0.64212 0 0.287724 -0.725941 0 0.311664
8.47 -0.361263 0 0.202673 -0.534323 0 0.257997 -0.661463 0 0.291697 -0.746025 0 0.314898
8.48 -0.378077 0 0.203317 -0.553311 0 0.259452 -0.67874 0 0.293862 -0.763039 0 0.316551
8.49 -0.394146 0 0.201131 -0.571432 0 0.257804 -0.694126 0 0.293558 -0.776873 0 0.316328
8.5 -0.409238 0 0.195726 -0.58876 0 0.252312 -0.708276 0 0.289861 -0.788049 0 0.313641
8.51 -0.42314 0 0.186857 -0.605247 0 0.242375 -0.721611 0 0.281929 -0.797138 0 0.307803
8.52 -0.434824 0 0.174631 -0.619908 0 0.227824 -0.733427 0 0.269325 -0.803888 0 0.298254
8.53 -0.442599 0 0.159504 -0.630903 0 0.208993 -0.742022 0 0.252092 -0.807263 0 0.284604
8.54 -0.445145 0 0.142217 -0.636461 0 0.186707 -0.745737 0 0.230718 -0.806321 0 0.266671
8.55 -0.44227 0 0.123662 -0.635664 0 0.162139 -0.743784 0 0.205985 -0.800895 0 0.244461
8.56 -0.434975 0 0.10469 -0.628735 0 0.136547 -0.736463 0 0.178741 -0.791732 0 0.218086
8.57 -0.424862 0 0.0860374 -0.616794 0 0.111058 -0.724791 0 0.14978 -0.780066 0 0.187767
8.58 -0.413097 0 0.0682967 -0.601057 0 0.0864932 -0.709654 0 0.119775 -0.766744 0 0.15387
8.59 -0.39988 0 0.0518577 -0.582278 0 0.0632414 -0.691362 0 0.0892051 -0.751724 0 0.116888
8.6 -0.385126 0 0.0369194 -0.561161 0 0.0413083 -0.670269 0 0.0583715 -0.734696 0 0.0774847
8.61 -0.369436 0 0.0235368 -0.539022 0 0.0205026 -0.647592 0 0.0274938 -0.715972 0 0.0365715
8.62 -0.353992 0 0.0115971 -0.51755 0 0.000571883 -0.625133 0 -0.0032347 -0.696417 0 -0.00474656
8.63 -0.339726 0 0.000816015 -0.498 0 -0.0187014 -0.604306 0 -0.0335679 -0.676732 0 -0.0452626
8.64 -0.327117 0 -0.00918047 -0.481047 0 -0.0374159 -0.585828 0 -0.0630818 -0.65733 0 -0.0837401
8.65 -0.316492 0 -0.0188467 -0.467097 0 -0.0556125 -0.569992 0 -0.0911994 -0.638671 0 -0.119083
8.66 -0.308021 0 -0.028766 -0.456251 0 -0.0734201 -0.556711 0 -0.117369 -0.621197 0 -0.150545
8.67 -0.301422 0 -0.0395813 -0.447973 0 -0.0910731 -0.545326 0 -0.141202 -0.604961 0 -0.177789
8.68 -0.295873 0 -0.0518062 -0.440999 0 -0.108787 -0.534629 0 -0.16251 -0.589434 0 -0.200775
8.69 -0.290416 0 -0.0656317 -0.433816 0 -0.126607 -0.523349 0 -0.181277 -0.573855 0 -0.219624
8.7 -0.284599 0 -0.0808929 -0.425451 0 -0.144402 -0.510838 0 -0.197675 -0.557867 0 -0.234594
8.71 -0.278482 0 -0.0972214 -0.415689 0 -0.162029 -0.497133 0 -0.212128 -0.541578 0 -0.246227
8.72 -0.271775 0 -0.114152 -0.404334 0 -0.17942 -0.482108 0 -0.225252 -0.524765 0 -0.25539
8.73 -0.263248 0 -0.131053 -0.390525 0 -0.196455 -0.464823 0 -0.2376 -0.506243 0 -0.263094
8.74 -0.251486 0 -0.147004 -0.373234 0 -0.212705 -0.444148 0 -0.24938 -0.484523 0 -0.270174
8.75 -0.23616 0 -0.160852 -0.352273 0 -0.227339 -0.419866 0 -0.260376 -0.458996 0 -0.277117
8.76 -0.218282 0 -0.171554 -0.328507 0 -0.239364 -0.392857 0 -0.270204 -0.430232 0 -0.284176
8.77 -0.199292 0 -0.178563 -0.303103 0 -0.248045 -0.364235 0 -0.278627 -0.399233 0 -0.291605
8.78 -0.17968 0 -0.182033 -0.276327 0 -0.253261 -0.334067 0 -0.285764 -0.366196 0 -0.299824
8.79 -0.158508 0 -0.182777 -0.247101 0 -0.255649 -0.300993 0 -0.29212 -0.330052 0 -0.309426
8.8 -0.134232 0 -0.181924 -0.21369 0 -0.256371 -0.26307 0 -0.298379 -0.289174 0 -0.320922
8.81 -0.105611 0 -0.180502 -0.174496 0 -0.256637 -0.218677 0 -0.305095 -0.242145 0 -0.334396
8.82 -0.0722796 0 -0.179202 -0.128671 0 -0.257312 -0.167083 0 -0.312519 -0.188274 0 -0.349356
8.83 -0.0351714 0 -0.178393 -0.0767663 0 -0.258757 -0.108931 0 -0.320566 -0.128103 0 -0.364833
8.84 0.00329663 0 -0.178235 -0.0212173 0 -0.260902 -0.0465384 0 -0.328851 -0.06374 0 -0.379632
8.85 0.0397389 0 -0.178831 0.0339575 0 -0.263491 0.0164527 0 -0.336781 0.00147485 0 -0.392649
8.86 0.0710662 0 -0.180334 0.0844264 0 -0.266352 0.0762037 0 -0.343726 0.0641252 0 -0.403116
8.87 0.0957596 0 -0.182935 0.127102 0 -0.269485 0.129951 0 -0.349158 0.122008 0 -0.410633
8.88 0.114478 0 -0.186724 0.161245 0 -0.272967 0.176823 0 -0.352751 0.174886 0 -0.415025
8.89 0.129517 0 -0.191504 0.188422 0 -0.276717 0.217695 0 -0.354358 0.224145 0 -0.416105
8.9 0.143173 0 -0.196649 0.211122 0 -0.280282 0.253967 0 -0.353883 0.2713 0 -0.413501
8.91 0.156547 0 -0.201215 0.231391 0 -0.282868 0.286609 0 -0.351191 0.316787 0 -0.406762
8.92 0.169795 0 -0.204238 0.250617 0 -0.283589 0.316364 0 -0.34609 0.360105 0 -0.395652
8.93 0.183009 0 -0.204943 0.269909 0 -0.281656 0.344314 0 -0.338265 0.400608 0 -0.380334
8.94 0.19658 0 -0.202767 0.290238 0 -0.276363 0.371837 0 -0.327183 0.437947 0 -0.3613
8.95 0.210965 0 -0.197234 0.312238 0 -0.266947 0.400014 0 -0.312082 0.472005 0 -0.339089
8.96 0.226537 0 -0.18789 0.336233 0 -0.252553 0.429296 0 -0.292154 0.502923 0 -0.314036
8.97 0.243689 0 -0.174496 0.362469 0 -0.232554 0.45965 0 -0.267007 0.531267 0 -0.286352
8.98 0.262615 0 -0.157177 0.390918 0 -0.206908 0.490567 0 -0.236967 0.557734 0 -0.256259
8.99 0.282933 0 -0.136278 0.420831 0 -0.176209 0.520984 0 -0.202926 0.582616 0 -0.223929
9 0.303768 0 -0.11223 0.450794 0 -0.141566 0.549617 0 -0.166005 0.605731 0 -0.189448
9.01 0.324122 0 -0.0855471 0.479165 0 -0.104391 0.575431 0 -0.127279 0.626704 0 -0.152859
9.02 0.343176 0 -0.0568523 0.504595 0 -0.0660463 0.597934 0 -0.0875398 0.645312 0 -0.114173
9.03 0.360466 0 -0.0269495 0.52643 0 -0.0275912 0.617238 0 -0.0472363 0.661731 0 -0.0734263
9.04 0.375549 0 0.00313727 0.544518 0 0.0102969 0.633616 0 -0.00657576 0.676255 0 -0.0307657
9.05 0.387581 0 0.0323237 0.558685 0 0.0473064 0.646967 0 0.0344135 0.688814 0 0.0135799
9.06 0.395534 0 0.0597714 0.568639 0 0.0834264 0.656921 0 0.0758721 0.699009 0 0.0594192
9.07 0.398676 0 0.0851323 0.574105 0 0.118822 0.6632 0 0.118062 0.706407 0 0.10669
9.08 0.396814 0 0.108637 0.574876 0 0.153739 0.665765 0 0.161282 0.710684 0 0.155494
9.09 0.390401 0 0.130939 0.570984 0 0.188411 0.664848 0 0.205713 0.71179 0 0.206007
9.1 0.380271 0 0.152763 0.562689 0 0.22295 0.660697 0 0.251223 0.709841 0 0.258253
9.11 0.366988 0 0.174604 0.550084 0 0.257291 0.653006 0 0.297307 0.704629 0 0.311926
9.12 0.350633 0 0.196534 0.53296 0 0.291145 0.640844 0 0.343134 0.695455 0 0.366268
9.13 0.331187 0 0.218222 0.511133 0 0.324021 0.623208 0 0.387704 0.681479 0 0.420101
9.14 0.309017 0 0.239203 0.484797 0 0.355406 0.599663 0 0.43013 0.662138 0 0.472089
9.15 0.285255 0 0.259038 0.454911 0 0.384814 0.570842 0 0.469707 0.637562 0 0.520905
9.16 0.261607 0 0.277261 0.42316 0 0.411675 0.538334 0 0.505727 0.608541 0 0.565211
9.17 0.23915 0 0.293337 0.390919 0 0.435282 0.503474 0 0.537323 0.575518 0 0.603678
9.18 0.217433 0 0.306778 0.358351 0 0.45493 0.466327 0 0.563552 0.537801 0 0.635129
9.19 0.19501 0 0.31736 0.324656 0 0.470172 0.425988 0 0.583665 0.494023 0 0.658788
9.2 0.170752 0 0.325401 0.289012 0 0.481147 0.381651 0 0.597524 0.443294 0 0.674584
9.21 0.144774 0 0.33166 0.251329 0 0.488529 0.333411 0 0.60564 0.386025 0 0.683092
9.22 0.118255 0 0.336741 0.212216 0 0.492971 0.282156 0 0.608668 0.323772 0 0.684978
9.23 0.0925362 0 0.340662 0.172449 0 0.49466 0.228897 0 0.606964 0.258454 0 0.680596
9.24 0.068314 0 0.342889 0.132498 0 0.493278 0.174245 0 0.600494 0.191627 0 0.669999
9.25 0.0453213 0 0.342601 0.0923245 0 0.48817 0.118309 0 0.58895 0.124134 0 0.653134
9.26 0.0226768 0 0.339027 0.0516008 0 0.478624 0.0610813 0 0.57198 0.0563104 0 0.630086
9.27 -0.000181235 0 0.331654 0.0104162 0 0.464078 0.00324916 0 0.549382 -0.0112257 0 0.601191
9.28 -0.0226769 0 0.320209 -0.0300393 0 0.444178 -0.0532187 0 0.521147 -0.076819 0 0.566943
9.29 -0.0434393 0 0.304613 -0.0677937 0 0.418829 -0.105626 0 0.487493 -0.138056 0 0.527886
9.3 -0.0616234 0 0.285075 -0.101355 0 0.388377 -0.152023 0 0.449003 -0.193009 0 0.484684
9.31 -0.077581 0 0.262107 -0.130459 0 0.353669 -0.19197 0 0.406633 -0.240939 0 0.438145
9.32 -0.0921398 0 0.236259 -0.155563 0 0.315717 -0.225865 0 0.361374 -0.281731 0 0.388976
9.33 -0.105768 0 0.207813 -0.177169 0 0.275257 -0.254097 0 0.313844 -0.315229 0 0.337489
9.34 -0.118721 0 0.176826 -0.195942 0 0.232584 -0.27712 0 0.264208 -0.341459 0 0.283619
9.35 -0.131379 0 0.143387 -0.212884 0 0.187672 -0.295721 0 0.212368 -0.360958 0 0.227179
9.36 -0.143996 0 0.107788 -0.228849 0 0.140379 -0.310692 0 0.158153 -0.37444 0 0.16808
9.37 -0.156464 0 0.0704547 -0.244142 0 0.0905713 -0.322556 0 0.101369 -0.382496 0 0.106349
9.38 -0.168562 0 0.031764 -0.258693 0 0.0382024 -0.331754 0 0.0418082 -0.385773 0 0.0420565
9.39 -0.180135 0 -0.00804228 -0.27231 0 -0.0166116 -0.33879 0 -0.0206596 -0.385148 0 -0.02474
9.4 -0.190795 0 -0.0488649 -0.284526 0 -0.0735921 -0.343893 0 -0.0859862 -0.381423 0 -0.094022
9.41 -0.199422 0 -0.0907048 -0.294182 0 -0.132379 -0.34649 0 -0.153908 -0.374781 0 -0.165832
9.42 -0.204459 0 -0.133554 -0.299691 0 -0.192579 -0.345439 0 -0.223964 -0.364937 0 -0.240212
9.43 -0.204925 0 -0.177244 -0.299965 0 -0.253709 -0.340005 0 -0.295523 -0.351988 0 -0.317055
9.44 -0.20086 0 -0.221334 -0.294839 0 -0.315104 -0.330312 0 -0.36783 -0.336734 0 -0.395946
9.45 -0.19302 0 -0.265042 -0.284851 0 -0.3758 -0.317113 0 -0.439961 -0.320352 0 -0.476009
9.46 -0.182277 0 -0.307265 -0.270789 0 -0.434531 -0.301286 0 -0.510774 -0.303833 0 -0.55589
9.47 -0.168941 0 -0.346873 -0.253127 0 -0.490017 -0.283246 0 -0.579057 -0.287382 0 -0.634028
9.48 -0.152669 0 -0.38305 -0.231877 0 -0.541324 -0.262825 0 -0.643749 -0.27033 0 -0.709026
9.49 -0.133046 0 -0.415371 -0.206997 0 -0.58797 -0.239746 0 -0.703993 -0.251695 0 -0.779752
9.5 -0.110443 0 -0.443706 -0.179084 0 -0.629779 -0.214336 0 -0.759087 -0.231035 0 -0.845253
9.51 -0.0866764 0 -0.46814 -0.150041 0 -0.66668 -0.188125 0 -0.808468 -0.20921 0 -0.904663
9.52 -0.0643603 0 -0.488865 -0.122557 0 -0.698556 -0.163277 0 -0.851666 -0.187915 0 -0.957116
9.53 -0.0449949 0 -0.506078 -0.0982853 0 -0.72525 -0.140812 0 -0.888241 -0.167913 0 -1.00174
9.54 -0.0281184 0 -0.519925 -0.0769095 0 -0.746631 -0.119869 0 -0.91776 -0.148201 0 -1.03774
9.55 -0.0122781 0 -0.53045 -0.0569018 0 -0.762615 -0.0986678 0 -0.939771 -0.126884 0 -1.06443
9.56 0.00369953 0 -0.537609 -0.0366628 0 -0.773141 -0.0757117 0 -0.953876 -0.102358 0 -1.08129
9.57 0.0200778 0 -0.541466 -0.0152595 0 -0.778263 -0.0503664 0 -0.95995 -0.0739697 0 -1.08811
9.58 0.0366474 0 -0.542388 0.00772482 0 -0.778288 -0.0224423 0 -0.95836 -0.0417004 0 -1.08526
9.59 0.0536172 0 -0.540907 0.0328317 0 -0.773687 0.00861778 0 -0.949824 -0.00536793 0 -1.07351
9.6 0.0715114 0 -0.537357 0.0605812 0 -0.764853 0.0435447 0 -0.935045 0.035298 0 -1.0538
9.61 0.0901663 0 -0.531684 0.0905889 0 -0.751987 0.0821556 0 -0.914504 0.0797567 0 -1.02699
9.62 0.108167 0 -0.523508 0.121104 0 -0.735101 0.122706 0 -0.888489 0.126154 0 -0.993875
9.63 0.123648 0 -0.512323 0.149794 0 -0.71408 0.162631 0 -0.857249 0.172076 0 -0.955198
9.64 0.135887 0 -0.497693 0.175295 0 -0.688777 0.200159 0 -0.821137 0.21606 0 -0.911662
9.65 0.145954 0 -0.47931 0.197943 0 -0.659048 0.235121 0 -0.780591 0.258234 0 -0.863904
9.66 0.15578 0 -0.456968 0.219086 0 -0.624798 0.268291 0 -0.736035 0.299495 0 -0.812433
9.67 0.166594 0 -0.430559 0.239756 0 -0.586054 0.300099 0 -0.6878 0.340097 0 -0.757638
9.68 0.178007 0 -0.400081 0.259777 0 -0.542959 0.329832 0 -0.636081 0.378802 0 -0.699782
9.69 0.188744 0 -0.36564 0.278247 0 -0.495694 0.356282 0 -0.580909 0.413557 0 -0.638976
9.7 0.198226 0 -0.32751 0.294855 0 -0.444451 0.379108 0 -0.522228 0.443034 0 -0.575213
9.71 0.206877 0 -0.286201 0.310085 0 -0.389498 0.398928 0 -0.460023 0.466985 0 -0.50847
9.72 0.215041 0 -0.242469 0.324227 0 -0.331274 0.416113 0 -0.394448 0.485309 0 -0.438815
9.73 0.222582 0 -0.197217 0.337059 0 -0.270442 0.430345 0 -0.325869 0.497747 0 -0.366435
9.74 0.229699 0 -0.15136 0.348685 0 -0.207867 0.44151 0 -0.254863 0.50471 0 -0.29163
9.75 0.237338 0 -0.105736 0.359929 0 -0.144572 0.450274 0 -0.182229 0.507645 0 -0.214817
9.76 0.246126 0 -0.0610886 0.371317 0 -0.0816744 0.45724 0 -0.108987 0.507948 0 -0.136575
9.77 0.255128 0 -0.0179961 0.381856 0 -0.0202169 0.461823 0 -0.0362343 0.505655 0 -0.0575986
9.78 0.262156 0 0.0232337 0.389304 0 0.03904 0.462496 0 0.0350989 0.499643 0 0.0214015
9.79 0.265288 0 0.0625902 0.391637 0 0.0957489 0.458106 0 0.104438 0.489024 0 0.0997693
9.8 0.263872 0 0.100318 0.388102 0 0.149996 0.448681 0 0.171628 0.474076 0 0.176945
9.81 0.258524 0 0.13679 0.379359 0 0.202164 0.435325 0 0.236801 0.456237 0 0.252434
9.82 0.250747 0 0.17236 0.367246 0 0.252739 0.419901 0 0.300158 0.437739 0 0.325776
9.83 0.242257 0 0.207329 0.354113 0 0.3022 0.404482 0 0.361829 0.420915 0 0.396584
9.84 0.234066 0 0.241924 0.341757 0 0.350919 0.390542 0 0.421809 0.407212 0 0.464588
9.85 0.22631 0 0.276253 0.331005 0 0.399027 0.378779 0 0.479935 0.39692 0 0.529578
9.86 0.218941 0 0.310269 0.322168 0 0.446343 0.369653 0 0.535928 0.389811 0 0.591355
9.87 0.212264 0 0.343831 0.315536 0 0.492463 0.36374 0 0.589521 0.38573 0 0.649761
9.88 0.20687 0 0.37671 0.311432 0 0.536891 0.361516 0 0.64051 0.384678 0 0.704694
9.89 0.203145 0 0.408496 0.309924 0 0.579105 0.362862 0 0.688652 0.386479 0 0.75604
9.9 0.201026 0 0.438535 0.31067 0 0.618554 0.366925 0 0.733562 0.390618 0 0.803594
9.91 0.200499 0 0.466026 0.313386 0 0.654695 0.372804 0 0.774722 0.396694 0 0.847082
9.92 0.202199 0 0.490251 0.318406 0 0.687036 0.380382 0 0.811627 0.404986 0 0.886246
9.93 0.207191 0 0.510759 0.32655 0 0.715155 0.390324 0 0.843901 0.416263 0 0.9209
9.94 0.216181 0 0.527401 0.338489 0 0.738679 0.403415 0 0.871314 0.431095 0 0.9509
9.95 0.229048 0 0.540111 0.354362 0 0.757192 0.420055 0 0.893589 0.449461 0 0.975958
9.96 0.245016 0 0.548575 0.373917 0 0.770101 0.440271 0 0.910144 0.470944 0 0.995399
9.97 0.263085 0 0.552228 0.396754 0 0.776751 0.46391 0 0.920125 0.495092 0 1.0082
9.98 0.282156 0 0.550553 0.422195 0 0.776683 0.490536 0 0.922737 0.521421 0 1.01331
9.99 0.300843 0 0.543383 0.448875 0 0.769788 0.519067 0 0.917519 0.549087 0 1.00988
10 0.317195 0 0.53109 0.474372 0 0.756364 0.547402 0 0.904507 0.576476 0 0.997544
