0.1 -0.395631 -1.36425e-005
0.2 -0.792114 -2.73143e-005
0.3 -1.18945 -4.10157e-005
0.4 -1.58766 -5.47469e-005
0.5 -1.98673 -6.8508e-005
0.6 -2.3851 -8.22448e-005
0.7 -2.77905 -9.58294e-005
0.8 -3.17009 -0.000109313
0.9 -3.55862 -0.000122711
1 -3.94561 -0.000136055
0.01 -3.94561 -0.000136055
0.02 -3.94561 -0.000136055
0.03 -3.94561 -0.000136055
0.04 -3.94561 -0.000136055
0.05 -3.94561 -0.000136055
0.06 -3.94561 -0.000136055
0.07 -3.94561 -0.000136055
0.08 -3.94561 -0.000136055
0.09 -3.94561 -0.000136055
0.1 -3.94561 -0.000136055
0.11 -3.94561 -0.000136055
0.12 -3.94561 -0.000136055
0.13 -3.94561 -0.000136055
0.14 -3.94561 -0.000136055
0.15 -3.94561 -0.000136055
0.16 -3.94561 -0.000136055
0.17 -3.94561 -0.000136055
0.18 -3.94561 -0.000136055
0.19 -3.94561 -0.000136055
0.2 -3.94561 -0.000136055
0.21 -3.94561 -0.000136055
0.22 -3.94561 -0.000136055
0.23 -3.94561 -0.000136055
0.24 -3.94561 -0.000136055
0.25 -3.94561 -0.000136055
0.26 -3.94561 -0.000136055
0.27 -3.94561 -0.000136055
0.28 -3.94561 -0.000136055
0.29 -3.94561 -0.000136055
0.3 -3.94561 -0.000136055
0.31 -3.94561 -0.000136055
0.32 -3.94561 -0.000136055
0.33 -3.94561 -0.000136055
0.34 -3.94561 -0.000136055
0.35 -3.94561 -0.000136055
0.36 -3.94561 -0.000136055
0.37 -3.94561 -0.000136055
0.38 -3.94561 -0.000136055
0.39 -3.94561 -0.000136055
0.4 -3.94561 -0.000136055
0.41 -3.94561 -0.000136055
0.42 -3.94561 -0.000136055
0.43 -3.94561 -0.000136055
0.44 -3.94561 -0.000136055
0.45 -3.94561 -0.000136055
0.46 -3.94561 -0.000136055
0.47 -3.94561 -0.000136055
0.48 -3.94561 -0.000136055
0.49 -3.94561 -0.000136055
0.5 -3.94561 -0.000136055
0.51 -3.94561 -0.000136055
0.52 -3.94561 -0.000136055
0.53 -3.94561 -0.000136055
0.54 -3.94561 -0.000136055
0.55 -3.94561 -0.000136055
0.56 -3.94561 -0.000136055
0.57 -3.94561 -0.000136055
0.58 -3.94561 -0.000136055
0.59 -3.94561 -0.000136055
0.6 -3.94561 -0.000136055
0.61 -3.94561 -0.000136055
0.62 -3.94561 -0.000136055
0.63 -3.94561 -0.000136055
0.64 -3.94561 -0.000136055
0.65 -3.94561 -0.000136055
0.66 -3.94561 -0.000136055
0.67 -3.94561 -0.000136055
0.68 -3.94561 -0.000136055
0.69 -3.94561 -0.000136055
0.7 -3.94561 -0.000136055
0.71 -3.94561 -0.000136055
0.72 -3.94561 -0.000136055
0.73 -3.94561 -0.000136055
0.74 -3.94561 -0.000136055
0.75 -3.94561 -0.000136055
0.76 -3.94561 -0.000136055
0.77 -3.94561 -0.000136055
0.78 -3.94561 -0.000136055
0.79 -3.94561 -0.000136055
0.8 -3.94561 -0.000136055
0.81 -3.94561 -0.000136055
0.82 -3.94561 -0.000136055
0.83 -3.94561 -0.000136055
0.84 -3.94561 -0.000136055
0.85 -3.94561 -0.000136055
0.86 -3.94561 -0.000136055
0.87 -3.94561 -0.000136055
0.88 -3.94561 -0.000136055
0.89 -3.94561 -0.000136055
0.9 -3.94561 -0.000136055
0.91 -3.94561 -0.000136055
0.92 -3.94561 -0.000136055
0.93 -3.94561 -0.000136055
0.94 -3.94561 -0.000136055
0.95 -3.94561 -0.000136055
0.96 -3.94561 -0.000136055
0.97 -3.94561 -0.000136055
0.98 -3.94561 -0.000136055
0.99 -3.94561 -0.000136055
1 -3.94561 -0.000136055
1.01 -3.94561 -0.000136055
1.02 -3.94561 -0.000136055
1.03 -3.94561 -0.000136055
1.04 -3.94561 -0.000136055
1.05 -3.94561 -0.000136055
1.06 -3.94561 -0.000136055
1.07 -3.94561 -0.000136055
1.08 -3.94561 -0.000136055
1.09 -3.94561 -0.000136055
1.1 -3.94561 -0.000136055
1.11 -3.94561 -0.000136055
1.12 -3.94561 -0.000136055
1.13 -3.94561 -0.000136055
1.14 -3.94561 -0.000136055
1.15 -3.94561 -0.000136055
1.16 -3.94561 -0.000136055
1.17 -3.94561 -0.000136055
1.18 -3.94561 -0.000136055
1.19 -3.94561 -0.000136055
1.2 -3.94561 -0.000136055
1.21 -3.94561 -0.000136055
1.22 -3.94561 -0.000136055
1.23 -3.94561 -0.000136055
1.24 -3.94561 -0.000136055
1.25 -3.94561 -0.000136055
1.26 -3.94561 -0.000136055
1.27 -3.94561 -0.000136055
1.28 -3.94561 -0.000136055
1.29 -3.94561 -0.000136055
1.3 -3.94561 -0.000136055
1.31 -3.94561 -0.000136055
1.32 -3.94561 -0.000136055
1.33 -3.94561 -0.000136055
1.34 -3.94561 -0.000136055
1.35 -3.94561 -0.000136055
1.36 -3.94561 -0.000136055
1.37 -3.94561 -0.000136055
1.38 -3.94561 -0.000136055
1.39 -3.94561 -0.000136055
1.4 -3.94561 -0.000136055
1.41 -3.94561 -0.000136055
1.42 -3.94561 -0.000136055
1.43 -3.94561 -0.000136055
1.44 -3.94561 -0.000136055
1.45 -3.94561 -0.000136055
1.46 -3.94561 -0.000136055
1.47 -3.94561 -0.000136055
1.48 -3.94561 -0.000136055
1.49 -3.94561 -0.000136055
1.5 -3.94561 -0.000136055
1.51 -3.94561 -0.000136055
1.52 -3.94561 -0.000136055
1.53 -3.94561 -0.000136055
1.54 -3.94561 -0.000136055
1.55 -3.94561 -0.000136055
1.56 -3.94561 -0.000136055
1.57 -3.94561 -0.000136055
1.58 -3.94561 -0.000136055
1.59 -3.94561 -0.000136055
1.6 -3.94561 -0.000136055
1.61 -3.94561 -0.000136055
1.62 -3.94561 -0.000136055
1.63 -3.94561 -0.000136055
1.64 -3.94561 -0.000136055
1.65 -3.94561 -0.000136055
1.66 -3.94561 -0.000136055
1.67 -3.94561 -0.000136055
1.68 -3.94561 -0.000136055
1.69 -3.94561 -0.000136055
1.7 -3.94561 -0.000136055
1.71 -3.94561 -0.000136055
1.72 -3.94561 -0.000136055
1.73 -3.94561 -0.000136055
1.74 -3.94561 -0.000136055
1.75 -3.94561 -0.000136055
1.76 -3.94561 -0.000136055
1.77 -3.94561 -0.000136055
1.78 -3.94561 -0.000136055
1.79 -3.94561 -0.000136055
1.8 -3.94561 -0.000136055
1.81 -3.94561 -0.000136055
1.82 -3.94561 -0.000136055
1.83 -3.94561 -0.000136055
1.84 -3.94561 -0.000136055
1.85 -3.94561 -0.000136055
1.86 -3.94561 -0.000136055
1.87 -3.94561 -0.000136055
1.88 -3.94561 -0.000136055
1.89 -3.94561 -0.000136055
1.9 -3.94561 -0.000136055
1.91 -3.94561 -0.000136055
1.92 -3.94561 -0.000136055
1.93 -3.94561 -0.000136055
1.94 -3.94561 -0.000136055
1.95 -3.94561 -0.000136055
1.96 -3.94561 -0.000136055
1.97 -3.94561 -0.000136055
1.98 -3.94561 -0.000136055
1.99 -3.94561 -0.000136055
2 -3.94561 -0.000136055
2.01 -3.94561 -0.000136055
2.02 -3.94561 -0.000136055
2.03 -3.94561 -0.000136055
2.04 -3.94561 -0.000136055
2.05 -3.94561 -0.000136055
2.06 -3.94561 -0.000136055
2.07 -3.94561 -0.000136055
2.08 -3.94561 -0.000136055
2.09 -3.94561 -0.000136055
2.1 -3.94561 -0.000136055
2.11 -3.94561 -0.000136055
2.12 -3.94561 -0.000136055
2.13 -3.94561 -0.000136055
2.14 -3.94561 -0.000136055
2.15 -3.94561 -0.000136055
2.16 -3.94561 -0.000136055
2.17 -3.94561 -0.000136055
2.18 -3.94561 -0.000136055
2.19 -3.94561 -0.000136055
2.2 -3.94561 -0.000136055
2.21 -3.94561 -0.000136055
2.22 -3.94561 -0.000136055
2.23 -3.94561 -0.000136055
2.24 -3.94561 -0.000136055
2.25 -3.94561 -0.000136055
2.26 -3.94561 -0.000136055
2.27 -3.94561 -0.000136055
2.28 -3.94561 -0.000136055
2.29 -3.94561 -0.000136055
2.3 -3.94561 -0.000136055
2.31 -3.94561 -0.000136055
2.32 -3.94561 -0.000136055
2.33 -3.94561 -0.000136055
2.34 -3.94561 -0.000136055
2.35 -3.94561 -0.000136055
2.36 -3.94561 -0.000136055
2.37 -3.94561 -0.000136055
2.38 -3.94561 -0.000136055
2.39 -3.94561 -0.000136055
2.4 -3.94561 -0.000136055
2.41 -3.94561 -0.000136055
2.42 -3.94561 -0.000136055
2.43 -3.94561 -0.000136055
2.44 -3.94561 -0.000136055
2.45 -3.94561 -0.000136055
2.46 -3.94561 -0.000136055
2.47 -3.94561 -0.000136055
2.48 -3.94561 -0.000136055
2.49 -3.94561 -0.000136055
2.5 -3.94561 -0.000136055
2.51 -3.94561 -0.000136055
2.52 -3.94561 -0.000136055
2.53 -3.94561 -0.000136055
2.54 -3.94561 -0.000136055
2.55 -3.94561 -0.000136055
2.56 -3.94561 -0.000136055
2.57 -3.94561 -0.000136055
2.58 -3.94561 -0.000136055
2.59 -3.94561 -0.000136055
2.6 -3.94561 -0.000136055
2.61 -3.94561 -0.000136055
2.62 -3.94561 -0.000136055
2.63 -3.94561 -0.000136055
2.64 -3.94561 -0.000136055
2.65 -3.94561 -0.000136055
2.66 -3.94561 -0.000136055
2.67 -3.94561 -0.000136055
2.68 -3.94561 -0.000136055
2.69 -3.94561 -0.000136055
2.7 -3.94561 -0.000136055
2.71 -3.94561 -0.000136055
2.72 -3.94561 -0.000136055
2.73 -3.94561 -0.000136055
2.74 -3.94561 -0.000136055
2.75 -3.94561 -0.000136055
2.76 -3.94561 -0.000136055
2.77 -3.94561 -0.000136055
2.78 -3.94561 -0.000136055
2.79 -3.94561 -0.000136055
2.8 -3.94561 -0.000136055
2.81 -3.94561 -0.000136055
2.82 -3.94561 -0.000136055
2.83 -3.94561 -0.000136055
2.84 -3.94561 -0.000136055
2.85 -3.94561 -0.000136055
2.86 -3.94561 -0.000136055
2.87 -3.94561 -0.000136055
2.88 -3.94561 -0.000136055
2.89 -3.94561 -0.000136055
2.9 -3.94561 -0.000136055
2.91 -3.94561 -0.000136055
2.92 -3.94561 -0.000136055
2.93 -3.94561 -0.000136055
2.94 -3.94561 -0.000136055
2.95 -3.94561 -0.000136055
2.96 -3.94561 -0.000136055
2.97 -3.94561 -0.000136055
2.98 -3.94561 -0.000136055
2.99 -3.94561 -0.000136055
3 -3.94561 -0.000136055
3.01 -3.94561 -0.000136055
3.02 -3.94561 -0.000136055
3.03 -3.94561 -0.000136055
3.04 -3.94561 -0.000136055
3.05 -3.94561 -0.000136055
3.06 -3.94561 -0.000136055
3.07 -3.94561 -0.000136055
3.08 -3.94561 -0.000136055
3.09 -3.94561 -0.000136055
3.1 -3.94561 -0.000136055
3.11 -3.94561 -0.000136055
3.12 -3.94561 -0.000136055
3.13 -3.94561 -0.000136055
3.14 -3.94561 -0.000136055
3.15 -3.94561 -0.000136055
3.16 -3.94561 -0.000136055
3.17 -3.94561 -0.000136055
3.18 -3.94561 -0.000136055
3.19 -3.94561 -0.000136055
3.2 -3.94561 -0.000136055
3.21 -3.94561 -0.000136055
3.22 -3.94561 -0.000136055
3.23 -3.94561 -0.000136055
3.24 -3.94561 -0.000136055
3.25 -3.94561 -0.000136055
3.26 -3.94561 -0.000136055
3.27 -3.94561 -0.000136055
3.28 -3.94561 -0.000136055
3.29 -3.94561 -0.000136055
3.3 -3.94561 -0.000136055
3.31 -3.94561 -0.000136055
3.32 -3.94561 -0.000136055
3.33 -3.94561 -0.000136055
3.34 -3.94561 -0.000136055
3.35 -3.94561 -0.000136055
3.36 -3.94561 -0.000136055
3.37 -3.94561 -0.000136055
3.38 -3.94561 -0.000136055
3.39 -3.94561 -0.000136055
3.4 -3.94561 -0.000136055
3.41 -3.94561 -0.000136055
3.42 -3.94561 -0.000136055
3.43 -3.94561 -0.000136055
3.44 -3.94561 -0.000136055
3.45 -3.94561 -0.000136055
3.46 -3.94561 -0.000136055
3.47 -3.94561 -0.000136055
3.48 -3.94561 -0.000136055
3.49 -3.94561 -0.000136055
3.5 -3.94561 -0.000136055
3.51 -3.94561 -0.000136055
3.52 -3.94561 -0.000136055
3.53 -3.94561 -0.000136055
3.54 -3.94561 -0.000136055
3.55 -3.94561 -0.000136055
3.56 -3.94561 -0.000136055
3.57 -3.94561 -0.000136055
3.58 -3.94561 -0.000136055
3.59 -3.94561 -0.000136055
3.6 -3.94561 -0.000136055
3.61 -3.94561 -0.000136055
3.62 -3.94561 -0.000136055
3.63 -3.94561 -0.000136055
3.64 -3.94561 -0.000136055
3.65 -3.94561 -0.000136055
3.66 -3.94561 -0.000136055
3.67 -3.94561 -0.000136055
3.68 -3.94561 -0.000136055
3.69 -3.94561 -0.000136055
3.7 -3.94561 -0.000136055
3.71 -3.94561 -0.000136055
3.72 -3.94561 -0.000136055
3.73 -3.94561 -0.000136055
3.74 -3.94561 -0.000136055
3.75 -3.94561 -0.000136055
3.76 -3.94561 -0.000136055
3.77 -3.94561 -0.000136055
3.78 -3.94561 -0.000136055
3.79 -3.94561 -0.000136055
3.8 -3.94561 -0.000136055
3.81 -3.94561 -0.000136055
3.82 -3.94561 -0.000136055
3.83 -3.94561 -0.000136055
3.84 -3.94561 -0.000136055
3.85 -3.94561 -0.000136055
3.86 -3.94561 -0.000136055
3.87 -3.94561 -0.000136055
3.88 -3.94561 -0.000136055
3.89 -3.94561 -0.000136055
3.9 -3.94561 -0.000136055
3.91 -3.94561 -0.000136055
3.92 -3.94561 -0.000136055
3.93 -3.94561 -0.000136055
3.94 -3.94561 -0.000136055
3.95 -3.94561 -0.000136055
3.96 -3.94561 -0.000136055
3.97 -3.94561 -0.000136055
3.98 -3.94561 -0.000136055
3.99 -3.94561 -0.000136055
4 -3.94561 -0.000136055
4.01 -3.94561 -0.000136055
4.02 -3.94561 -0.000136055
4.03 -3.94561 -0.000136055
4.04 -3.94561 -0.000136055
4.05 -3.94561 -0.000136055
4.06 -3.94561 -0.000136055
4.07 -3.94561 -0.000136055
4.08 -3.94561 -0.000136055
4.09 -3.94561 -0.000136055
4.1 -3.94561 -0.000136055
4.11 -3.94561 -0.000136055
4.12 -3.94561 -0.000136055
4.13 -3.94561 -0.000136055
4.14 -3.94561 -0.000136055
4.15 -3.94561 -0.000136055
4.16 -3.94561 -0.000136055
4.17 -3.94561 -0.000136055
4.18 -3.94561 -0.000136055
4.19 -3.94561 -0.000136055
4.2 -3.94561 -0.000136055
4.21 -3.94561 -0.000136055
4.22 -3.94561 -0.000136055
4.23 -3.94561 -0.000136055
4.24 -3.94561 -0.000136055
4.25 -3.94561 -0.000136055
4.26 -3.94561 -0.000136055
4.27 -3.94561 -0.000136055
4.28 -3.94561 -0.000136055
4.29 -3.94561 -0.000136055
4.3 -3.94561 -0.000136055
4.31 -3.94561 -0.000136055
4.32 -3.94561 -0.000136055
4.33 -3.94561 -0.000136055
4.34 -3.94561 -0.000136055
4.35 -3.94561 -0.000136055
4.36 -3.94561 -0.000136055
4.37 -3.94561 -0.000136055
4.38 -3.94561 -0.000136055
4.39 -3.94561 -0.000136055
4.4 -3.94561 -0.000136055
4.41 -3.94561 -0.000136055
4.42 -3.94561 -0.000136055
4.43 -3.94561 -0.000136055
4.44 -3.94561 -0.000136055
4.45 -3.94561 -0.000136055
4.46 -3.94561 -0.000136055
4.47 -3.94561 -0.000136055
4.48 -3.94561 -0.000136055
4.49 -3.94561 -0.000136055
4.5 -3.94561 -0.000136055
4.51 -3.94561 -0.000136055
4.52 -3.94561 -0.000136055
4.53 -3.94561 -0.000136055
4.54 -3.94561 -0.000136055
4.55 -3.94561 -0.000136055
4.56 -3.94561 -0.000136055
4.57 -3.94561 -0.000136055
4.58 -3.94561 -0.000136055
4.59 -3.94561 -0.000136055
4.6 -3.94561 -0.000136055
4.61 -3.94561 -0.000136055
4.62 -3.94561 -0.000136055
4.63 -3.94561 -0.000136055
4.64 -3.94561 -0.000136055
4.65 -3.94561 -0.000136055
4.66 -3.94561 -0.000136055
4.67 -3.94561 -0.000136055
4.68 -3.94561 -0.000136055
4.69 -3.94561 -0.000136055
4.7 -3.94561 -0.000136055
4.71 -3.94561 -0.000136055
4.72 -3.94561 -0.000136055
4.73 -3.94561 -0.000136055
4.74 -3.94561 -0.000136055
4.75 -3.94561 -0.000136055
4.76 -3.94561 -0.000136055
4.77 -3.94561 -0.000136055
4.78 -3.94561 -0.000136055
4.79 -3.94561 -0.000136055
4.8 -3.94561 -0.000136055
4.81 -3.94561 -0.000136055
4.82 -3.94561 -0.000136055
4.83 -3.94561 -0.000136055
4.84 -3.94561 -0.000136055
4.85 -3.94561 -0.000136055
4.86 -3.94561 -0.000136055
4.87 -3.94561 -0.000136055
4.88 -3.94561 -0.000136055
4.89 -3.94561 -0.000136055
4.9 -3.94561 -0.000136055
4.91 -3.94561 -0.000136055
4.92 -3.94561 -0.000136055
4.93 -3.94561 -0.000136055
4.94 -3.94561 -0.000136055
4.95 -3.94561 -0.000136055
4.96 -3.94561 -0.000136055
4.97 -3.94561 -0.000136055
4.98 -3.94561 -0.000136055
4.99 -3.94561 -0.000136055
5 -3.94561 -0.000136055
5.01 -3.94561 -0.000136055
5.02 -3.94561 -0.000136055
5.03 -3.94561 -0.000136055
5.04 -3.94561 -0.000136055
5.05 -3.94561 -0.000136055
5.06 -3.94561 -0.000136055
5.07 -3.94561 -0.000136055
5.08 -3.94561 -0.000136055
5.09 -3.94561 -0.000136055
5.1 -3.94561 -0.000136055
5.11 -3.94561 -0.000136055
5.12 -3.94561 -0.000136055
5.13 -3.94561 -0.000136055
5.14 -3.94561 -0.000136055
5.15 -3.94561 -0.000136055
5.16 -3.94561 -0.000136055
5.17 -3.94561 -0.000136055
5.18 -3.94561 -0.000136055
5.19 -3.94561 -0.000136055
5.2 -3.94561 -0.000136055
5.21 -3.94561 -0.000136055
5.22 -3.94561 -0.000136055
5.23 -3.94561 -0.000136055
5.24 -3.94561 -0.000136055
5.25 -3.94561 -0.000136055
5.26 -3.94561 -0.000136055
5.27 -3.94561 -0.000136055
5.28 -3.94561 -0.000136055
5.29 -3.94561 -0.000136055
5.3 -3.94561 -0.000136055
5.31 -3.94561 -0.000136055
5.32 -3.94561 -0.000136055
5.33 -3.94561 -0.000136055
5.34 -3.94561 -0.000136055
5.35 -3.94561 -0.000136055
5.36 -3.94561 -0.000136055
5.37 -3.94561 -0.000136055
5.38 -3.94561 -0.000136055
5.39 -3.94561 -0.000136055
5.4 -3.94561 -0.000136055
5.41 -3.94561 -0.000136055
5.42 -3.94561 -0.000136055
5.43 -3.94561 -0.000136055
5.44 -3.94561 -0.000136055
5.45 -3.94561 -0.000136055
5.46 -3.94561 -0.000136055
5.47 -3.94561 -0.000136055
5.48 -3.94561 -0.000136055
5.49 -3.94561 -0.000136055
5.5 -3.94561 -0.000136055
5.51 -3.94561 -0.000136055
5.52 -3.94561 -0.000136055
5.53 -3.94561 -0.000136055
5.54 -3.94561 -0.000136055
5.55 -3.94561 -0.000136055
5.56 -3.94561 -0.000136055
5.57 -3.94561 -0.000136055
5.58 -3.94561 -0.000136055
5.59 -3.94561 -0.000136055
5.6 -3.94561 -0.000136055
5.61 -3.94561 -0.000136055
5.62 -3.94561 -0.000136055
5.63 -3.94561 -0.000136055
5.64 -3.94561 -0.000136055
5.65 -3.94561 -0.000136055
5.66 -3.94561 -0.000136055
5.67 -3.94561 -0.000136055
5.68 -3.94561 -0.000136055
5.69 -3.94561 -0.000136055
5.7 -3.94561 -0.000136055
5.71 -3.94561 -0.000136055
5.72 -3.94561 -0.000136055
5.73 -3.94561 -0.000136055
5.74 -3.94561 -0.000136055
5.75 -3.94561 -0.000136055
5.76 -3.94561 -0.000136055
5.77 -3.94561 -0.000136055
5.78 -3.94561 -0.000136055
5.79 -3.94561 -0.000136055
5.8 -3.94561 -0.000136055
5.81 -3.94561 -0.000136055
5.82 -3.94561 -0.000136055
5.83 -3.94561 -0.000136055
5.84 -3.94561 -0.000136055
5.85 -3.94561 -0.000136055
5.86 -3.94561 -0.000136055
5.87 -3.94561 -0.000136055
5.88 -3.94561 -0.000136055
5.89 -3.94561 -0.000136055
5.9 -3.94561 -0.000136055
5.91 -3.94561 -0.000136055
5.92 -3.94561 -0.000136055
5.93 -3.94561 -0.000136055
5.94 -3.94561 -0.000136055
5.95 -3.94561 -0.000136055
5.96 -3.94561 -0.000136055
5.97 -3.94561 -0.000136055
5.98 -3.94561 -0.000136055
5.99 -3.94561 -0.000136055
6 -3.94561 -0.000136055
6.01 -3.94561 -0.000136055
6.02 -3.94561 -0.000136055
6.03 -3.94561 -0.000136055
6.04 -3.94561 -0.000136055
6.05 -3.94561 -0.000136055
6.06 -3.94561 -0.000136055
6.07 -3.94561 -0.000136055
6.08 -3.94561 -0.000136055
6.09 -3.94561 -0.000136055
6.1 -3.94561 -0.000136055
6.11 -3.94561 -0.000136055
6.12 -3.94561 -0.000136055
6.13 -3.94561 -0.000136055
6.14 -3.94561 -0.000136055
6.15 -3.94561 -0.000136055
6.16 -3.94561 -0.000136055
6.17 -3.94561 -0.000136055
6.18 -3.94561 -0.000136055
6.19 -3.94561 -0.000136055
6.2 -3.94561 -0.000136055
6.21 -3.94561 -0.000136055
6.22 -3.94561 -0.000136055
6.23 -3.94561 -0.000136055
6.24 -3.94561 -0.000136055
6.25 -3.94561 -0.000136055
6.26 -3.94561 -0.000136055
6.27 -3.94561 -0.000136055
6.28 -3.94561 -0.000136055
6.29 -3.94561 -0.000136055
6.3 -3.94561 -0.000136055
6.31 -3.94561 -0.000136055
6.32 -3.94561 -0.000136055
6.33 -3.94561 -0.000136055
6.34 -3.94561 -0.000136055
6.35 -3.94561 -0.000136055
6.36 -3.94561 -0.000136055
6.37 -3.94561 -0.000136055
6.38 -3.94561 -0.000136055
6.39 -3.94561 -0.000136055
6.4 -3.94561 -0.000136055
6.41 -3.94561 -0.000136055
6.42 -3.94561 -0.000136055
6.43 -3.94561 -0.000136055
6.44 -3.94561 -0.000136055
6.45 -3.94561 -0.000136055
6.46 -3.94561 -0.000136055
6.47 -3.94561 -0.000136055
6.48 -3.94561 -0.000136055
6.49 -3.94561 -0.000136055
6.5 -3.94561 -0.000136055
6.51 -3.94561 -0.000136055
6.52 -3.94561 -0.000136055
6.53 -3.94561 -0.000136055
6.54 -3.94561 -0.000136055
6.55 -3.94561 -0.000136055
6.56 -3.94561 -0.000136055
6.57 -3.94561 -0.000136055
6.58 -3.94561 -0.000136055
6.59 -3.94561 -0.000136055
6.6 -3.94561 -0.000136055
6.61 -3.94561 -0.000136055
6.62 -3.94561 -0.000136055
6.63 -3.94561 -0.000136055
6.64 -3.94561 -0.000136055
6.65 -3.94561 -0.000136055
6.66 -3.94561 -0.000136055
6.67 -3.94561 -0.000136055
6.68 -3.94561 -0.000136055
6.69 -3.94561 -0.000136055
6.7 -3.94561 -0.000136055
6.71 -3.94561 -0.000136055
6.72 -3.94561 -0.000136055
6.73 -3.94561 -0.000136055
6.74 -3.94561 -0.000136055
6.75 -3.94561 -0.000136055
6.76 -3.94561 -0.000136055
6.77 -3.94561 -0.000136055
6.78 -3.94561 -0.000136055
6.79 -3.94561 -0.000136055
6.8 -3.94561 -0.000136055
6.81 -3.94561 -0.000136055
6.82 -3.94561 -0.000136055
6.83 -3.94561 -0.000136055
6.84 -3.94561 -0.000136055
6.85 -3.94561 -0.000136055
6.86 -3.94561 -0.000136055
6.87 -3.94561 -0.000136055
6.88 -3.94561 -0.000136055
6.89 -3.94561 -0.000136055
6.9 -3.94561 -0.000136055
6.91 -3.94561 -0.000136055
6.92 -3.94561 -0.000136055
6.93 -3.94561 -0.000136055
6.94 -3.94561 -0.000136055
6.95 -3.94561 -0.000136055
6.96 -3.94561 -0.000136055
6.97 -3.94561 -0.000136055
6.98 -3.94561 -0.000136055
6.99 -3.94561 -0.000136055
7 -3.94561 -0.000136055
7.01 -3.94561 -0.000136055
7.02 -3.94561 -0.000136055
7.03 -3.94561 -0.000136055
7.04 -3.94561 -0.000136055
7.05 -3.94561 -0.000136055
7.06 -3.94561 -0.000136055
7.07 -3.94561 -0.000136055
7.08 -3.94561 -0.000136055
7.09 -3.94561 -0.000136055
7.1 -3.94561 -0.000136055
7.11 -3.94561 -0.000136055
7.12 -3.94561 -0.000136055
7.13 -3.94561 -0.000136055
7.14 -3.94561 -0.000136055
7.15 -3.94561 -0.000136055
7.16 -3.94561 -0.000136055
7.17 -3.94561 -0.000136055
7.18 -3.94561 -0.000136055
7.19 -3.94561 -0.000136055
7.2 -3.94561 -0.000136055
7.21 -3.94561 -0.000136055
7.22 -3.94561 -0.000136055
7.23 -3.94561 -0.000136055
7.24 -3.94561 -0.000136055
7.25 -3.94561 -0.000136055
7.26 -3.94561 -0.000136055
7.27 -3.94561 -0.000136055
7.28 -3.94561 -0.000136055
7.29 -3.94561 -0.000136055
7.3 -3.94561 -0.000136055
7.31 -3.94561 -0.000136055
7.32 -3.94561 -0.000136055
7.33 -3.94561 -0.000136055
7.34 -3.94561 -0.000136055
7.35 -3.94561 -0.000136055
7.36 -3.94561 -0.000136055
7.37 -3.94561 -0.000136055
7.38 -3.94561 -0.000136055
7.39 -3.94561 -0.000136055
7.4 -3.94561 -0.000136055
7.41 -3.94561 -0.000136055
7.42 -3.94561 -0.000136055
7.43 -3.94561 -0.000136055
7.44 -3.94561 -0.000136055
7.45 -3.94561 -0.000136055
7.46 -3.94561 -0.000136055
7.47 -3.94561 -0.000136055
7.48 -3.94561 -0.000136055
7.49 -3.94561 -0.000136055
7.5 -3.94561 -0.000136055
7.51 -3.94561 -0.000136055
7.52 -3.94561 -0.000136055
7.53 -3.94561 -0.000136055
7.54 -3.94561 -0.000136055
7.55 -3.94561 -0.000136055
7.56 -3.94561 -0.000136055
7.57 -3.94561 -0.000136055
7.58 -3.94561 -0.000136055
7.59 -3.94561 -0.000136055
7.6 -3.94561 -0.000136055
7.61 -3.94561 -0.000136055
7.62 -3.94561 -0.000136055
7.63 -3.94561 -0.000136055
7.64 -3.94561 -0.000136055
7.65 -3.94561 -0.000136055
7.66 -3.94561 -0.000136055
7.67 -3.94561 -0.000136055
7.68 -3.94561 -0.000136055
7.69 -3.94561 -0.000136055
7.7 -3.94561 -0.000136055
7.71 -3.94561 -0.000136055
7.72 -3.94561 -0.000136055
7.73 -3.94561 -0.000136055
7.74 -3.94561 -0.000136055
7.75 -3.94561 -0.000136055
7.76 -3.94561 -0.000136055
7.77 -3.94561 -0.000136055
7.78 -3.94561 -0.000136055
7.79 -3.94561 -0.000136055
7.8 -3.94561 -0.000136055
7.81 -3.94561 -0.000136055
7.82 -3.94561 -0.000136055
7.83 -3.94561 -0.000136055
7.84 -3.94561 -0.000136055
7.85 -3.94561 -0.000136055
7.86 -3.94561 -0.000136055
7.87 -3.94561 -0.000136055
7.88 -3.94561 -0.000136055
7.89 -3.94561 -0.000136055
7.9 -3.94561 -0.000136055
7.91 -3.94561 -0.000136055
7.92 -3.94561 -0.000136055
7.93 -3.94561 -0.000136055
7.94 -3.94561 -0.000136055
7.95 -3.94561 -0.000136055
7.96 -3.94561 -0.000136055
7.97 -3.94561 -0.000136055
7.98 -3.94561 -0.000136055
7.99 -3.94561 -0.000136055
8 -3.94561 -0.000136055
8.01 -3.94561 -0.000136055
8.02 -3.94561 -0.000136055
8.03 -3.94561 -0.000136055
8.04 -3.94561 -0.000136055
8.05 -3.94561 -0.000136055
8.06 -3.94561 -0.000136055
8.07 -3.94561 -0.000136055
8.08 -3.94561 -0.000136055
8.09 -3.94561 -0.000136055
8.1 -3.94561 -0.000136055
8.11 -3.94561 -0.000136055
8.12 -3.94561 -0.000136055
8.13 -3.94561 -0.000136055
8.14 -3.94561 -0.000136055
8.15 -3.94561 -0.000136055
8.16 -3.94561 -0.000136055
8.17 -3.94561 -0.000136055
8.18 -3.94561 -0.000136055
8.19 -3.94561 -0.000136055
8.2 -3.94561 -0.000136055
8.21 -3.94561 -0.000136055
8.22 -3.94561 -0.000136055
8.23 -3.94561 -0.000136055
8.24 -3.94561 -0.000136055
8.25 -3.94561 -0.000136055
8.26 -3.94561 -0.000136055
8.27 -3.94561 -0.000136055
8.28 -3.94561 -0.000136055
8.29 -3.94561 -0.000136055
8.3 -3.94561 -0.000136055
8.31 -3.94561 -0.000136055
8.32 -3.94561 -0.000136055
8.33 -3.94561 -0.000136055
8.34 -3.94561 -0.000136055
8.35 -3.94561 -0.000136055
8.36 -3.94561 -0.000136055
8.37 -3.94561 -0.000136055
8.38 -3.94561 -0.000136055
8.39 -3.94561 -0.000136055
8.4 -3.94561 -0.000136055
8.41 -3.94561 -0.000136055
8.42 -3.94561 -0.000136055
8.43 -3.94561 -0.000136055
8.44 -3.94561 -0.000136055
8.45 -3.94561 -0.000136055
8.46 -3.94561 -0.000136055
8.47 -3.94561 -0.000136055
8.48 -3.94561 -0.000136055
8.49 -3.94561 -0.000136055
8.5 -3.94561 -0.000136055
8.51 -3.94561 -0.000136055
8.52 -3.94561 -0.000136055
8.53 -3.94561 -0.000136055
8.54 -3.94561 -0.000136055
8.55 -3.94561 -0.000136055
8.56 -3.94561 -0.000136055
8.57 -3.94561 -0.000136055
8.58 -3.94561 -0.000136055
8.59 -3.94561 -0.000136055
8.6 -3.94561 -0.000136055
8.61 -3.94561 -0.000136055
8.62 -3.94561 -0.000136055
8.63 -3.94561 -0.000136055
8.64 -3.94561 -0.000136055
8.65 -3.94561 -0.000136055
8.66 -3.94561 -0.000136055
8.67 -3.94561 -0.000136055
8.68 -3.94561 -0.000136055
8.69 -3.94561 -0.000136055
8.7 -3.94561 -0.000136055
8.71 -3.94561 -0.000136055
8.72 -3.94561 -0.000136055
8.73 -3.94561 -0.000136055
8.74 -3.94561 -0.000136055
8.75 -3.94561 -0.000136055
8.76 -3.94561 -0.000136055
8.77 -3.94561 -0.000136055
8.78 -3.94561 -0.000136055
8.79 -3.94561 -0.000136055
8.8 -3.94561 -0.000136055
8.81 -3.94561 -0.000136055
8.82 -3.94561 -0.000136055
8.83 -3.94561 -0.000136055
8.84 -3.94561 -0.000136055
8.85 -3.94561 -0.000136055
8.86 -3.94561 -0.000136055
8.87 -3.94561 -0.000136055
8.88 -3.94561 -0.000136055
8.89 -3.94561 -0.000136055
8.9 -3.94561 -0.000136055
8.91 -3.94561 -0.000136055
8.92 -3.94561 -0.000136055
8.93 -3.94561 -0.000136055
8.94 -3.94561 -0.000136055
8.95 -3.94561 -0.000136055
8.96 -3.94561 -0.000136055
8.97 -3.94561 -0.000136055
8.98 -3.94561 -0.000136055
8.99 -3.94561 -0.000136055
9 -3.94561 -0.000136055
9.01 -3.94561 -0.000136055
9.02 -3.94561 -0.000136055
9.03 -3.94561 -0.000136055
9.04 -3.94561 -0.000136055
9.05 -3.94561 -0.000136055
9.06 -3.94561 -0.000136055
9.07 -3.94561 -0.000136055
9.08 -3.94561 -0.000136055
9.09 -3.94561 -0.000136055
9.1 -3.94561 -0.000136055
9.11 -3.94561 -0.000136055
9.12 -3.94561 -0.000136055
9.13 -3.94561 -0.000136055
9.14 -3.94561 -0.000136055
9.15 -3.94561 -0.000136055
9.16 -3.94561 -0.000136055
9.17 -3.94561 -0.000136055
9.18 -3.94561 -0.000136055
9.19 -3.94561 -0.000136055
9.2 -3.94561 -0.000136055
9.21 -3.94561 -0.000136055
9.22 -3.94561 -0.000136055
9.23 -3.94561 -0.000136055
9.24 -3.94561 -0.000136055
9.25 -3.94561 -0.000136055
9.26 -3.94561 -0.000136055
9.27 -3.94561 -0.000136055
9.28 -3.94561 -0.000136055
9.29 -3.94561 -0.000136055
9.3 -3.94561 -0.000136055
9.31 -3.94561 -0.000136055
9.32 -3.94561 -0.000136055
9.33 -3.94561 -0.000136055
9.34 -3.94561 -0.000136055
9.35 -3.94561 -0.000136055
9.36 -3.94561 -0.000136055
9.37 -3.94561 -0.000136055
9.38 -3.94561 -0.000136055
9.39 -3.94561 -0.000136055
9.4 -3.94561 -0.000136055
9.41 -3.94561 -0.000136055
9.42 -3.94561 -0.000136055
9.43 -3.94561 -0.000136055
9.44 -3.94561 -0.000136055
9.45 -3.94561 -0.000136055
9.46 -3.94561 -0.000136055
9.47 -3.94561 -0.000136055
9.48 -3.94561 -0.000136055
9.49 -3.94561 -0.000136055
9.5 -3.94561 -0.000136055
9.51 -3.94561 -0.000136055
9.52 -3.94561 -0.000136055
9.53 -3.94561 -0.000136055
9.54 -3.94561 -0.000136055
9.55 -3.94561 -0.000136055
9.56 -3.94561 -0.000136055
9.57 -3.94561 -0.000136055
9.58 -3.94561 -0.000136055
9.59 -3.94561 -0.000136055
9.6 -3.94561 -0.000136055
9.61 -3.94561 -0.000136055
9.62 -3.94561 -0.000136055
9.63 -3.94561 -0.000136055
9.64 -3.94561 -0.000136055
9.65 -3.94561 -0.000136055
9.66 -3.94561 -0.000136055
9.67 -3.94561 -0.000136055
9.68 -3.94561 -0.000136055
9.69 -3.94561 -0.000136055
9.7 -3.94561 -0.000136055
9.71 -3.94561 -0.000136055
9.72 -3.94561 -0.000136055
9.73 -3.94561 -0.000136055
9.74 -3.94561 -0.000136055
9.75 -3.94561 -0.000136055
9.76 -3.94561 -0.000136055
9.77 -3.94561 -0.000136055
9.78 -3.94561 -0.000136055
9.79 -3.94561 -0.000136055
9.8 -3.94561 -0.000136055
9.81 -3.94561 -0.000136055
9.82 -3.94561 -0.000136055
9.83 -3.94561 -0.000136055
9.84 -3.94561 -0.000136055
9.85 -3.94561 -0.000136055
9.86 -3.94561 -0.000136055
9.87 -3.94561 -0.000136055
9.88 -3.94561 -0.000136055
9.89 -3.94561 -0.000136055
9.9 -3.94561 -0.000136055
9.91 -3.94561 -0.000136055
9.92 -3.94561 -0.000136055
9.93 -3.94561 -0.000136055
9.94 -3.94561 -0.000136055
9.95 -3.94561 -0.000136055
9.96 -3.94561 -0.000136055
9.97 -3.94561 -0.000136055
9.98 -3.94561 -0.000136055
9.99 -3.94561 -0.000136055
10 -3.94561 -0.000136055
