0.1 -0.417669 -1.44024e-005
0.2 -0.836411 -2.88418e-005
0.3 -1.25623 -4.33184e-005
0.4 -1.67714 -5.78325e-005
0.5 -2.09915 -7.23844e-005
0.6 -2.52177 -8.69575e-005
0.7 -2.94189 -0.000101444
0.8 -3.35715 -0.000115764
0.9 -3.76922 -0.000129973
1 -4.1828 -0.000144234
0.01 -4.1828 -0.000144234
0.02 -4.1828 -0.000144234
0.03 -4.1828 -0.000144234
0.04 -4.1828 -0.000144234
0.05 -4.18279 -0.000144234
0.06 -4.18279 -0.000144234
0.07 -4.1828 -0.000144234
0.08 -4.1828 -0.000144234
0.09 -4.1828 -0.000144234
0.1 -4.1828 -0.000144234
0.11 -4.1828 -0.000144234
0.12 -4.1828 -0.000144234
0.13 -4.1828 -0.000144234
0.14 -4.1828 -0.000144234
0.15 -4.1828 -0.000144234
0.16 -4.1828 -0.000144234
0.17 -4.1828 -0.000144234
0.18 -4.1828 -0.000144234
0.19 -4.1828 -0.000144234
0.2 -4.18279 -0.000144234
0.21 -4.1828 -0.000144234
0.22 -4.1828 -0.000144234
0.23 -4.1828 -0.000144234
0.24 -4.1828 -0.000144234
0.25 -4.1828 -0.000144234
0.26 -4.1828 -0.000144234
0.27 -4.1828 -0.000144234
0.28 -4.1828 -0.000144234
0.29 -4.1828 -0.000144234
0.3 -4.1828 -0.000144234
0.31 -4.1828 -0.000144234
0.32 -4.1828 -0.000144234
0.33 -4.1828 -0.000144234
0.34 -4.1828 -0.000144234
0.35 -4.1828 -0.000144234
0.36 -4.1828 -0.000144234
0.37 -4.1828 -0.000144234
0.38 -4.1828 -0.000144234
0.39 -4.1828 -0.000144234
0.4 -4.1828 -0.000144234
0.41 -4.1828 -0.000144234
0.42 -4.1828 -0.000144234
0.43 -4.1828 -0.000144234
0.44 -4.1828 -0.000144234
0.45 -4.1828 -0.000144234
0.46 -4.1828 -0.000144234
0.47 -4.1828 -0.000144234
0.48 -4.1828 -0.000144234
0.49 -4.1828 -0.000144234
0.5 -4.1828 -0.000144234
0.51 -4.1828 -0.000144234
0.52 -4.1828 -0.000144234
0.53 -4.1828 -0.000144234
0.54 -4.1828 -0.000144234
0.55 -4.1828 -0.000144234
0.56 -4.1828 -0.000144234
0.57 -4.1828 -0.000144234
0.58 -4.1828 -0.000144234
0.59 -4.1828 -0.000144234
0.6 -4.1828 -0.000144234
0.61 -4.1828 -0.000144234
0.62 -4.1828 -0.000144234
0.63 -4.1828 -0.000144234
0.64 -4.1828 -0.000144234
0.65 -4.1828 -0.000144234
0.66 -4.1828 -0.000144234
0.67 -4.1828 -0.000144234
0.68 -4.1828 -0.000144234
0.69 -4.1828 -0.000144234
0.7 -4.1828 -0.000144234
0.71 -4.1828 -0.000144234
0.72 -4.1828 -0.000144234
0.73 -4.1828 -0.000144234
0.74 -4.1828 -0.000144234
0.75 -4.1828 -0.000144234
0.76 -4.1828 -0.000144234
0.77 -4.1828 -0.000144234
0.78 -4.1828 -0.000144234
0.79 -4.1828 -0.000144234
0.8 -4.1828 -0.000144234
0.81 -4.1828 -0.000144234
0.82 -4.1828 -0.000144234
0.83 -4.1828 -0.000144234
0.84 -4.1828 -0.000144234
0.85 -4.1828 -0.000144234
0.86 -4.1828 -0.000144234
0.87 -4.1828 -0.000144234
0.88 -4.1828 -0.000144234
0.89 -4.1828 -0.000144234
0.9 -4.1828 -0.000144234
0.91 -4.1828 -0.000144234
0.92 -4.1828 -0.000144234
0.93 -4.1828 -0.000144234
0.94 -4.1828 -0.000144234
0.95 -4.1828 -0.000144234
0.96 -4.1828 -0.000144234
0.97 -4.1828 -0.000144234
0.98 -4.1828 -0.000144234
0.99 -4.1828 -0.000144234
1 -4.1828 -0.000144234
1.01 -4.1828 -0.000144234
1.02 -4.1828 -0.000144234
1.03 -4.1828 -0.000144234
1.04 -4.1828 -0.000144234
1.05 -4.1828 -0.000144234
1.06 -4.1828 -0.000144234
1.07 -4.1828 -0.000144234
1.08 -4.1828 -0.000144234
1.09 -4.1828 -0.000144234
1.1 -4.1828 -0.000144234
1.11 -4.1828 -0.000144234
1.12 -4.1828 -0.000144234
1.13 -4.1828 -0.000144234
1.14 -4.1828 -0.000144234
1.15 -4.1828 -0.000144234
1.16 -4.1828 -0.000144234
1.17 -4.1828 -0.000144234
1.18 -4.1828 -0.000144234
1.19 -4.1828 -0.000144234
1.2 -4.1828 -0.000144234
1.21 -4.1828 -0.000144234
1.22 -4.1828 -0.000144234
1.23 -4.1828 -0.000144234
1.24 -4.1828 -0.000144234
1.25 -4.1828 -0.000144234
1.26 -4.1828 -0.000144234
1.27 -4.1828 -0.000144234
1.28 -4.1828 -0.000144234
1.29 -4.1828 -0.000144234
1.3 -4.1828 -0.000144234
1.31 -4.1828 -0.000144234
1.32 -4.1828 -0.000144234
1.33 -4.1828 -0.000144234
1.34 -4.1828 -0.000144234
1.35 -4.1828 -0.000144234
1.36 -4.1828 -0.000144234
1.37 -4.1828 -0.000144234
1.38 -4.1828 -0.000144234
1.39 -4.1828 -0.000144234
1.4 -4.1828 -0.000144234
1.41 -4.1828 -0.000144234
1.42 -4.1828 -0.000144234
1.43 -4.1828 -0.000144234
1.44 -4.1828 -0.000144234
1.45 -4.1828 -0.000144234
1.46 -4.1828 -0.000144234
1.47 -4.1828 -0.000144234
1.48 -4.1828 -0.000144234
1.49 -4.1828 -0.000144234
1.5 -4.1828 -0.000144234
1.51 -4.1828 -0.000144234
1.52 -4.1828 -0.000144234
1.53 -4.1828 -0.000144234
1.54 -4.1828 -0.000144234
1.55 -4.1828 -0.000144234
1.56 -4.1828 -0.000144234
1.57 -4.1828 -0.000144234
1.58 -4.1828 -0.000144234
1.59 -4.1828 -0.000144234
1.6 -4.1828 -0.000144234
1.61 -4.1828 -0.000144234
1.62 -4.1828 -0.000144234
1.63 -4.1828 -0.000144234
1.64 -4.1828 -0.000144234
1.65 -4.1828 -0.000144234
1.66 -4.1828 -0.000144234
1.67 -4.1828 -0.000144234
1.68 -4.1828 -0.000144234
1.69 -4.1828 -0.000144234
1.7 -4.1828 -0.000144234
1.71 -4.1828 -0.000144234
1.72 -4.1828 -0.000144234
1.73 -4.1828 -0.000144234
1.74 -4.1828 -0.000144234
1.75 -4.1828 -0.000144234
1.76 -4.1828 -0.000144234
1.77 -4.1828 -0.000144234
1.78 -4.1828 -0.000144234
1.79 -4.1828 -0.000144234
1.8 -4.1828 -0.000144234
1.81 -4.1828 -0.000144234
1.82 -4.1828 -0.000144234
1.83 -4.1828 -0.000144234
1.84 -4.1828 -0.000144234
1.85 -4.1828 -0.000144234
1.86 -4.1828 -0.000144234
1.87 -4.1828 -0.000144234
1.88 -4.1828 -0.000144234
1.89 -4.1828 -0.000144234
1.9 -4.1828 -0.000144234
1.91 -4.1828 -0.000144234
1.92 -4.1828 -0.000144234
1.93 -4.1828 -0.000144234
1.94 -4.1828 -0.000144234
1.95 -4.1828 -0.000144234
1.96 -4.1828 -0.000144234
1.97 -4.1828 -0.000144234
1.98 -4.1828 -0.000144234
1.99 -4.1828 -0.000144234
2 -4.1828 -0.000144234
2.01 -4.1828 -0.000144234
2.02 -4.1828 -0.000144234
2.03 -4.1828 -0.000144234
2.04 -4.1828 -0.000144234
2.05 -4.1828 -0.000144234
2.06 -4.1828 -0.000144234
2.07 -4.1828 -0.000144234
2.08 -4.1828 -0.000144234
2.09 -4.1828 -0.000144234
2.1 -4.1828 -0.000144234
2.11 -4.1828 -0.000144234
2.12 -4.1828 -0.000144234
2.13 -4.1828 -0.000144234
2.14 -4.1828 -0.000144234
2.15 -4.1828 -0.000144234
2.16 -4.1828 -0.000144234
2.17 -4.1828 -0.000144234
2.18 -4.1828 -0.000144234
2.19 -4.1828 -0.000144234
2.2 -4.1828 -0.000144234
2.21 -4.1828 -0.000144234
2.22 -4.1828 -0.000144234
2.23 -4.1828 -0.000144234
2.24 -4.1828 -0.000144234
2.25 -4.1828 -0.000144234
2.26 -4.1828 -0.000144234
2.27 -4.1828 -0.000144234
2.28 -4.1828 -0.000144234
2.29 -4.1828 -0.000144234
2.3 -4.1828 -0.000144234
2.31 -4.1828 -0.000144234
2.32 -4.1828 -0.000144234
2.33 -4.1828 -0.000144234
2.34 -4.1828 -0.000144234
2.35 -4.1828 -0.000144234
2.36 -4.1828 -0.000144234
2.37 -4.1828 -0.000144234
2.38 -4.1828 -0.000144234
2.39 -4.1828 -0.000144234
2.4 -4.1828 -0.000144234
2.41 -4.1828 -0.000144234
2.42 -4.1828 -0.000144234
2.43 -4.1828 -0.000144234
2.44 -4.1828 -0.000144234
2.45 -4.1828 -0.000144234
2.46 -4.1828 -0.000144234
2.47 -4.1828 -0.000144234
2.48 -4.1828 -0.000144234
2.49 -4.1828 -0.000144234
2.5 -4.1828 -0.000144234
2.51 -4.1828 -0.000144234
2.52 -4.1828 -0.000144234
2.53 -4.1828 -0.000144234
2.54 -4.1828 -0.000144234
2.55 -4.1828 -0.000144234
2.56 -4.1828 -0.000144234
2.57 -4.1828 -0.000144234
2.58 -4.1828 -0.000144234
2.59 -4.1828 -0.000144234
2.6 -4.1828 -0.000144234
2.61 -4.1828 -0.000144234
2.62 -4.1828 -0.000144234
2.63 -4.1828 -0.000144234
2.64 -4.1828 -0.000144234
2.65 -4.1828 -0.000144234
2.66 -4.1828 -0.000144234
2.67 -4.1828 -0.000144234
2.68 -4.1828 -0.000144234
2.69 -4.1828 -0.000144234
2.7 -4.1828 -0.000144234
2.71 -4.1828 -0.000144234
2.72 -4.1828 -0.000144234
2.73 -4.1828 -0.000144234
2.74 -4.1828 -0.000144234
2.75 -4.1828 -0.000144234
2.76 -4.1828 -0.000144234
2.77 -4.1828 -0.000144234
2.78 -4.1828 -0.000144234
2.79 -4.1828 -0.000144234
2.8 -4.1828 -0.000144234
2.81 -4.1828 -0.000144234
2.82 -4.1828 -0.000144234
2.83 -4.1828 -0.000144234
2.84 -4.1828 -0.000144234
2.85 -4.1828 -0.000144234
2.86 -4.1828 -0.000144234
2.87 -4.1828 -0.000144234
2.88 -4.1828 -0.000144234
2.89 -4.1828 -0.000144234
2.9 -4.1828 -0.000144234
2.91 -4.1828 -0.000144234
2.92 -4.1828 -0.000144234
2.93 -4.1828 -0.000144234
2.94 -4.1828 -0.000144234
2.95 -4.1828 -0.000144234
2.96 -4.1828 -0.000144234
2.97 -4.1828 -0.000144234
2.98 -4.1828 -0.000144234
2.99 -4.1828 -0.000144234
3 -4.1828 -0.000144234
3.01 -4.1828 -0.000144234
3.02 -4.1828 -0.000144234
3.03 -4.1828 -0.000144234
3.04 -4.1828 -0.000144234
3.05 -4.1828 -0.000144234
3.06 -4.1828 -0.000144234
3.07 -4.1828 -0.000144234
3.08 -4.1828 -0.000144234
3.09 -4.1828 -0.000144234
3.1 -4.1828 -0.000144234
3.11 -4.1828 -0.000144234
3.12 -4.1828 -0.000144234
3.13 -4.1828 -0.000144234
3.14 -4.1828 -0.000144234
3.15 -4.1828 -0.000144234
3.16 -4.1828 -0.000144234
3.17 -4.1828 -0.000144234
3.18 -4.1828 -0.000144234
3.19 -4.1828 -0.000144234
3.2 -4.1828 -0.000144234
3.21 -4.1828 -0.000144234
3.22 -4.1828 -0.000144234
3.23 -4.1828 -0.000144234
3.24 -4.1828 -0.000144234
3.25 -4.1828 -0.000144234
3.26 -4.1828 -0.000144234
3.27 -4.1828 -0.000144234
3.28 -4.1828 -0.000144234
3.29 -4.1828 -0.000144234
3.3 -4.1828 -0.000144234
3.31 -4.1828 -0.000144234
3.32 -4.1828 -0.000144234
3.33 -4.1828 -0.000144234
3.34 -4.1828 -0.000144234
3.35 -4.1828 -0.000144234
3.36 -4.1828 -0.000144234
3.37 -4.1828 -0.000144234
3.38 -4.1828 -0.000144234
3.39 -4.1828 -0.000144234
3.4 -4.1828 -0.000144234
3.41 -4.1828 -0.000144234
3.42 -4.1828 -0.000144234
3.43 -4.1828 -0.000144234
3.44 -4.1828 -0.000144234
3.45 -4.1828 -0.000144234
3.46 -4.1828 -0.000144234
3.47 -4.1828 -0.000144234
3.48 -4.1828 -0.000144234
3.49 -4.1828 -0.000144234
3.5 -4.1828 -0.000144234
3.51 -4.1828 -0.000144234
3.52 -4.1828 -0.000144234
3.53 -4.1828 -0.000144234
3.54 -4.1828 -0.000144234
3.55 -4.1828 -0.000144234
3.56 -4.1828 -0.000144234
3.57 -4.1828 -0.000144234
3.58 -4.1828 -0.000144234
3.59 -4.1828 -0.000144234
3.6 -4.1828 -0.000144234
3.61 -4.1828 -0.000144234
3.62 -4.1828 -0.000144234
3.63 -4.1828 -0.000144234
3.64 -4.1828 -0.000144234
3.65 -4.1828 -0.000144234
3.66 -4.1828 -0.000144234
3.67 -4.1828 -0.000144234
3.68 -4.1828 -0.000144234
3.69 -4.1828 -0.000144234
3.7 -4.1828 -0.000144234
3.71 -4.1828 -0.000144234
3.72 -4.1828 -0.000144234
3.73 -4.1828 -0.000144234
3.74 -4.1828 -0.000144234
3.75 -4.1828 -0.000144234
3.76 -4.1828 -0.000144234
3.77 -4.1828 -0.000144234
3.78 -4.1828 -0.000144234
3.79 -4.1828 -0.000144234
3.8 -4.1828 -0.000144234
3.81 -4.1828 -0.000144234
3.82 -4.1828 -0.000144234
3.83 -4.1828 -0.000144234
3.84 -4.1828 -0.000144234
3.85 -4.1828 -0.000144234
3.86 -4.1828 -0.000144234
3.87 -4.1828 -0.000144234
3.88 -4.1828 -0.000144234
3.89 -4.1828 -0.000144234
3.9 -4.1828 -0.000144234
3.91 -4.1828 -0.000144234
3.92 -4.1828 -0.000144234
3.93 -4.1828 -0.000144234
3.94 -4.1828 -0.000144234
3.95 -4.1828 -0.000144234
3.96 -4.1828 -0.000144234
3.97 -4.1828 -0.000144234
3.98 -4.1828 -0.000144234
3.99 -4.1828 -0.000144234
4 -4.1828 -0.000144234
4.01 -4.1828 -0.000144234
4.02 -4.1828 -0.000144234
4.03 -4.1828 -0.000144234
4.04 -4.1828 -0.000144234
4.05 -4.1828 -0.000144234
4.06 -4.1828 -0.000144234
4.07 -4.1828 -0.000144234
4.08 -4.1828 -0.000144234
4.09 -4.1828 -0.000144234
4.1 -4.1828 -0.000144234
4.11 -4.1828 -0.000144234
4.12 -4.1828 -0.000144234
4.13 -4.1828 -0.000144234
4.14 -4.1828 -0.000144234
4.15 -4.1828 -0.000144234
4.16 -4.1828 -0.000144234
4.17 -4.1828 -0.000144234
4.18 -4.1828 -0.000144234
4.19 -4.1828 -0.000144234
4.2 -4.1828 -0.000144234
4.21 -4.1828 -0.000144234
4.22 -4.1828 -0.000144234
4.23 -4.1828 -0.000144234
4.24 -4.1828 -0.000144234
4.25 -4.1828 -0.000144234
4.26 -4.1828 -0.000144234
4.27 -4.1828 -0.000144234
4.28 -4.1828 -0.000144234
4.29 -4.1828 -0.000144234
4.3 -4.1828 -0.000144234
4.31 -4.1828 -0.000144234
4.32 -4.1828 -0.000144234
4.33 -4.1828 -0.000144234
4.34 -4.1828 -0.000144234
4.35 -4.1828 -0.000144234
4.36 -4.1828 -0.000144234
4.37 -4.1828 -0.000144234
4.38 -4.1828 -0.000144234
4.39 -4.1828 -0.000144234
4.4 -4.1828 -0.000144234
4.41 -4.1828 -0.000144234
4.42 -4.1828 -0.000144234
4.43 -4.1828 -0.000144234
4.44 -4.1828 -0.000144234
4.45 -4.1828 -0.000144234
4.46 -4.1828 -0.000144234
4.47 -4.1828 -0.000144234
4.48 -4.1828 -0.000144234
4.49 -4.1828 -0.000144234
4.5 -4.1828 -0.000144234
4.51 -4.1828 -0.000144234
4.52 -4.1828 -0.000144234
4.53 -4.1828 -0.000144234
4.54 -4.1828 -0.000144234
4.55 -4.1828 -0.000144234
4.56 -4.1828 -0.000144234
4.57 -4.1828 -0.000144234
4.58 -4.1828 -0.000144234
4.59 -4.1828 -0.000144234
4.6 -4.1828 -0.000144234
4.61 -4.1828 -0.000144234
4.62 -4.1828 -0.000144234
4.63 -4.1828 -0.000144234
4.64 -4.1828 -0.000144234
4.65 -4.1828 -0.000144234
4.66 -4.1828 -0.000144234
4.67 -4.1828 -0.000144234
4.68 -4.1828 -0.000144234
4.69 -4.1828 -0.000144234
4.7 -4.1828 -0.000144234
4.71 -4.1828 -0.000144234
4.72 -4.1828 -0.000144234
4.73 -4.1828 -0.000144234
4.74 -4.1828 -0.000144234
4.75 -4.1828 -0.000144234
4.76 -4.1828 -0.000144234
4.77 -4.1828 -0.000144234
4.78 -4.1828 -0.000144234
4.79 -4.1828 -0.000144234
4.8 -4.1828 -0.000144234
4.81 -4.1828 -0.000144234
4.82 -4.1828 -0.000144234
4.83 -4.1828 -0.000144234
4.84 -4.1828 -0.000144234
4.85 -4.1828 -0.000144234
4.86 -4.1828 -0.000144234
4.87 -4.1828 -0.000144234
4.88 -4.1828 -0.000144234
4.89 -4.1828 -0.000144234
4.9 -4.1828 -0.000144234
4.91 -4.1828 -0.000144234
4.92 -4.1828 -0.000144234
4.93 -4.1828 -0.000144234
4.94 -4.1828 -0.000144234
4.95 -4.1828 -0.000144234
4.96 -4.1828 -0.000144234
4.97 -4.1828 -0.000144234
4.98 -4.1828 -0.000144234
4.99 -4.1828 -0.000144234
5 -4.1828 -0.000144234
5.01 -4.1828 -0.000144234
5.02 -4.1828 -0.000144234
5.03 -4.1828 -0.000144234
5.04 -4.1828 -0.000144234
5.05 -4.1828 -0.000144234
5.06 -4.1828 -0.000144234
5.07 -4.1828 -0.000144234
5.08 -4.1828 -0.000144234
5.09 -4.1828 -0.000144234
5.1 -4.1828 -0.000144234
5.11 -4.1828 -0.000144234
5.12 -4.1828 -0.000144234
5.13 -4.1828 -0.000144234
5.14 -4.1828 -0.000144234
5.15 -4.1828 -0.000144234
5.16 -4.1828 -0.000144234
5.17 -4.1828 -0.000144234
5.18 -4.1828 -0.000144234
5.19 -4.1828 -0.000144234
5.2 -4.1828 -0.000144234
5.21 -4.1828 -0.000144234
5.22 -4.1828 -0.000144234
5.23 -4.1828 -0.000144234
5.24 -4.1828 -0.000144234
5.25 -4.1828 -0.000144234
5.26 -4.1828 -0.000144234
5.27 -4.1828 -0.000144234
5.28 -4.1828 -0.000144234
5.29 -4.1828 -0.000144234
5.3 -4.1828 -0.000144234
5.31 -4.1828 -0.000144234
5.32 -4.1828 -0.000144234
5.33 -4.1828 -0.000144234
5.34 -4.1828 -0.000144234
5.35 -4.1828 -0.000144234
5.36 -4.1828 -0.000144234
5.37 -4.1828 -0.000144234
5.38 -4.1828 -0.000144234
5.39 -4.1828 -0.000144234
5.4 -4.1828 -0.000144234
5.41 -4.1828 -0.000144234
5.42 -4.1828 -0.000144234
5.43 -4.1828 -0.000144234
5.44 -4.1828 -0.000144234
5.45 -4.1828 -0.000144234
5.46 -4.1828 -0.000144234
5.47 -4.1828 -0.000144234
5.48 -4.1828 -0.000144234
5.49 -4.1828 -0.000144234
5.5 -4.1828 -0.000144234
5.51 -4.1828 -0.000144234
5.52 -4.1828 -0.000144234
5.53 -4.1828 -0.000144234
5.54 -4.1828 -0.000144234
5.55 -4.1828 -0.000144234
5.56 -4.1828 -0.000144234
5.57 -4.1828 -0.000144234
5.58 -4.1828 -0.000144234
5.59 -4.1828 -0.000144234
5.6 -4.1828 -0.000144234
5.61 -4.1828 -0.000144234
5.62 -4.1828 -0.000144234
5.63 -4.1828 -0.000144234
5.64 -4.1828 -0.000144234
5.65 -4.1828 -0.000144234
5.66 -4.1828 -0.000144234
5.67 -4.1828 -0.000144234
5.68 -4.1828 -0.000144234
5.69 -4.1828 -0.000144234
5.7 -4.1828 -0.000144234
5.71 -4.1828 -0.000144234
5.72 -4.1828 -0.000144234
5.73 -4.1828 -0.000144234
5.74 -4.1828 -0.000144234
5.75 -4.1828 -0.000144234
5.76 -4.1828 -0.000144234
5.77 -4.1828 -0.000144234
5.78 -4.1828 -0.000144234
5.79 -4.1828 -0.000144234
5.8 -4.1828 -0.000144234
5.81 -4.1828 -0.000144234
5.82 -4.1828 -0.000144234
5.83 -4.1828 -0.000144234
5.84 -4.1828 -0.000144234
5.85 -4.1828 -0.000144234
5.86 -4.1828 -0.000144234
5.87 -4.1828 -0.000144234
5.88 -4.1828 -0.000144234
5.89 -4.1828 -0.000144234
5.9 -4.1828 -0.000144234
5.91 -4.1828 -0.000144234
5.92 -4.1828 -0.000144234
5.93 -4.1828 -0.000144234
5.94 -4.1828 -0.000144234
5.95 -4.1828 -0.000144234
5.96 -4.1828 -0.000144234
5.97 -4.1828 -0.000144234
5.98 -4.1828 -0.000144234
5.99 -4.1828 -0.000144234
6 -4.1828 -0.000144234
6.01 -4.1828 -0.000144234
6.02 -4.1828 -0.000144234
6.03 -4.1828 -0.000144234
6.04 -4.1828 -0.000144234
6.05 -4.1828 -0.000144234
6.06 -4.1828 -0.000144234
6.07 -4.1828 -0.000144234
6.08 -4.1828 -0.000144234
6.09 -4.1828 -0.000144234
6.1 -4.1828 -0.000144234
6.11 -4.1828 -0.000144234
6.12 -4.1828 -0.000144234
6.13 -4.1828 -0.000144234
6.14 -4.1828 -0.000144234
6.15 -4.1828 -0.000144234
6.16 -4.1828 -0.000144234
6.17 -4.1828 -0.000144234
6.18 -4.1828 -0.000144234
6.19 -4.1828 -0.000144234
6.2 -4.1828 -0.000144234
6.21 -4.1828 -0.000144234
6.22 -4.1828 -0.000144234
6.23 -4.1828 -0.000144234
6.24 -4.1828 -0.000144234
6.25 -4.1828 -0.000144234
6.26 -4.1828 -0.000144234
6.27 -4.1828 -0.000144234
6.28 -4.1828 -0.000144234
6.29 -4.1828 -0.000144234
6.3 -4.1828 -0.000144234
6.31 -4.1828 -0.000144234
6.32 -4.1828 -0.000144234
6.33 -4.1828 -0.000144234
6.34 -4.1828 -0.000144234
6.35 -4.1828 -0.000144234
6.36 -4.1828 -0.000144234
6.37 -4.1828 -0.000144234
6.38 -4.1828 -0.000144234
6.39 -4.1828 -0.000144234
6.4 -4.1828 -0.000144234
6.41 -4.1828 -0.000144234
6.42 -4.1828 -0.000144234
6.43 -4.1828 -0.000144234
6.44 -4.1828 -0.000144234
6.45 -4.1828 -0.000144234
6.46 -4.1828 -0.000144234
6.47 -4.1828 -0.000144234
6.48 -4.1828 -0.000144234
6.49 -4.1828 -0.000144234
6.5 -4.1828 -0.000144234
6.51 -4.1828 -0.000144234
6.52 -4.1828 -0.000144234
6.53 -4.1828 -0.000144234
6.54 -4.1828 -0.000144234
6.55 -4.1828 -0.000144234
6.56 -4.1828 -0.000144234
6.57 -4.1828 -0.000144234
6.58 -4.1828 -0.000144234
6.59 -4.1828 -0.000144234
6.6 -4.1828 -0.000144234
6.61 -4.1828 -0.000144234
6.62 -4.1828 -0.000144234
6.63 -4.1828 -0.000144234
6.64 -4.1828 -0.000144234
6.65 -4.1828 -0.000144234
6.66 -4.1828 -0.000144234
6.67 -4.1828 -0.000144234
6.68 -4.1828 -0.000144234
6.69 -4.1828 -0.000144234
6.7 -4.1828 -0.000144234
6.71 -4.1828 -0.000144234
6.72 -4.1828 -0.000144234
6.73 -4.1828 -0.000144234
6.74 -4.1828 -0.000144234
6.75 -4.1828 -0.000144234
6.76 -4.1828 -0.000144234
6.77 -4.1828 -0.000144234
6.78 -4.1828 -0.000144234
6.79 -4.1828 -0.000144234
6.8 -4.1828 -0.000144234
6.81 -4.1828 -0.000144234
6.82 -4.1828 -0.000144234
6.83 -4.1828 -0.000144234
6.84 -4.1828 -0.000144234
6.85 -4.1828 -0.000144234
6.86 -4.1828 -0.000144234
6.87 -4.1828 -0.000144234
6.88 -4.1828 -0.000144234
6.89 -4.1828 -0.000144234
6.9 -4.1828 -0.000144234
6.91 -4.1828 -0.000144234
6.92 -4.1828 -0.000144234
6.93 -4.1828 -0.000144234
6.94 -4.1828 -0.000144234
6.95 -4.1828 -0.000144234
6.96 -4.1828 -0.000144234
6.97 -4.1828 -0.000144234
6.98 -4.1828 -0.000144234
6.99 -4.1828 -0.000144234
7 -4.1828 -0.000144234
7.01 -4.1828 -0.000144234
7.02 -4.1828 -0.000144234
7.03 -4.1828 -0.000144234
7.04 -4.1828 -0.000144234
7.05 -4.1828 -0.000144234
7.06 -4.1828 -0.000144234
7.07 -4.1828 -0.000144234
7.08 -4.1828 -0.000144234
7.09 -4.1828 -0.000144234
7.1 -4.1828 -0.000144234
7.11 -4.1828 -0.000144234
7.12 -4.1828 -0.000144234
7.13 -4.1828 -0.000144234
7.14 -4.1828 -0.000144234
7.15 -4.1828 -0.000144234
7.16 -4.1828 -0.000144234
7.17 -4.1828 -0.000144234
7.18 -4.1828 -0.000144234
7.19 -4.1828 -0.000144234
7.2 -4.1828 -0.000144234
7.21 -4.1828 -0.000144234
7.22 -4.1828 -0.000144234
7.23 -4.1828 -0.000144234
7.24 -4.1828 -0.000144234
7.25 -4.1828 -0.000144234
7.26 -4.1828 -0.000144234
7.27 -4.1828 -0.000144234
7.28 -4.1828 -0.000144234
7.29 -4.1828 -0.000144234
7.3 -4.1828 -0.000144234
7.31 -4.1828 -0.000144234
7.32 -4.1828 -0.000144234
7.33 -4.1828 -0.000144234
7.34 -4.1828 -0.000144234
7.35 -4.1828 -0.000144234
7.36 -4.1828 -0.000144234
7.37 -4.1828 -0.000144234
7.38 -4.1828 -0.000144234
7.39 -4.1828 -0.000144234
7.4 -4.1828 -0.000144234
7.41 -4.1828 -0.000144234
7.42 -4.1828 -0.000144234
7.43 -4.1828 -0.000144234
7.44 -4.1828 -0.000144234
7.45 -4.1828 -0.000144234
7.46 -4.1828 -0.000144234
7.47 -4.1828 -0.000144234
7.48 -4.1828 -0.000144234
7.49 -4.1828 -0.000144234
7.5 -4.1828 -0.000144234
7.51 -4.1828 -0.000144234
7.52 -4.1828 -0.000144234
7.53 -4.1828 -0.000144234
7.54 -4.1828 -0.000144234
7.55 -4.1828 -0.000144234
7.56 -4.1828 -0.000144234
7.57 -4.1828 -0.000144234
7.58 -4.1828 -0.000144234
7.59 -4.1828 -0.000144234
7.6 -4.1828 -0.000144234
7.61 -4.1828 -0.000144234
7.62 -4.1828 -0.000144234
7.63 -4.1828 -0.000144234
7.64 -4.1828 -0.000144234
7.65 -4.1828 -0.000144234
7.66 -4.1828 -0.000144234
7.67 -4.1828 -0.000144234
7.68 -4.1828 -0.000144234
7.69 -4.1828 -0.000144234
7.7 -4.1828 -0.000144234
7.71 -4.1828 -0.000144234
7.72 -4.1828 -0.000144234
7.73 -4.1828 -0.000144234
7.74 -4.1828 -0.000144234
7.75 -4.1828 -0.000144234
7.76 -4.1828 -0.000144234
7.77 -4.1828 -0.000144234
7.78 -4.1828 -0.000144234
7.79 -4.1828 -0.000144234
7.8 -4.1828 -0.000144234
7.81 -4.1828 -0.000144234
7.82 -4.1828 -0.000144234
7.83 -4.1828 -0.000144234
7.84 -4.1828 -0.000144234
7.85 -4.1828 -0.000144234
7.86 -4.1828 -0.000144234
7.87 -4.1828 -0.000144234
7.88 -4.1828 -0.000144234
7.89 -4.1828 -0.000144234
7.9 -4.1828 -0.000144234
7.91 -4.1828 -0.000144234
7.92 -4.1828 -0.000144234
7.93 -4.1828 -0.000144234
7.94 -4.1828 -0.000144234
7.95 -4.1828 -0.000144234
7.96 -4.1828 -0.000144234
7.97 -4.1828 -0.000144234
7.98 -4.1828 -0.000144234
7.99 -4.1828 -0.000144234
8 -4.1828 -0.000144234
8.01 -4.1828 -0.000144234
8.02 -4.1828 -0.000144234
8.03 -4.1828 -0.000144234
8.04 -4.1828 -0.000144234
8.05 -4.1828 -0.000144234
8.06 -4.1828 -0.000144234
8.07 -4.1828 -0.000144234
8.08 -4.1828 -0.000144234
8.09 -4.1828 -0.000144234
8.1 -4.1828 -0.000144234
8.11 -4.1828 -0.000144234
8.12 -4.1828 -0.000144234
8.13 -4.1828 -0.000144234
8.14 -4.1828 -0.000144234
8.15 -4.1828 -0.000144234
8.16 -4.1828 -0.000144234
8.17 -4.1828 -0.000144234
8.18 -4.1828 -0.000144234
8.19 -4.1828 -0.000144234
8.2 -4.1828 -0.000144234
8.21 -4.1828 -0.000144234
8.22 -4.1828 -0.000144234
8.23 -4.1828 -0.000144234
8.24 -4.1828 -0.000144234
8.25 -4.1828 -0.000144234
8.26 -4.1828 -0.000144234
8.27 -4.1828 -0.000144234
8.28 -4.1828 -0.000144234
8.29 -4.1828 -0.000144234
8.3 -4.1828 -0.000144234
8.31 -4.1828 -0.000144234
8.32 -4.1828 -0.000144234
8.33 -4.1828 -0.000144234
8.34 -4.1828 -0.000144234
8.35 -4.1828 -0.000144234
8.36 -4.1828 -0.000144234
8.37 -4.1828 -0.000144234
8.38 -4.1828 -0.000144234
8.39 -4.1828 -0.000144234
8.4 -4.1828 -0.000144234
8.41 -4.1828 -0.000144234
8.42 -4.1828 -0.000144234
8.43 -4.1828 -0.000144234
8.44 -4.1828 -0.000144234
8.45 -4.1828 -0.000144234
8.46 -4.1828 -0.000144234
8.47 -4.1828 -0.000144234
8.48 -4.1828 -0.000144234
8.49 -4.1828 -0.000144234
8.5 -4.1828 -0.000144234
8.51 -4.1828 -0.000144234
8.52 -4.1828 -0.000144234
8.53 -4.1828 -0.000144234
8.54 -4.1828 -0.000144234
8.55 -4.1828 -0.000144234
8.56 -4.1828 -0.000144234
8.57 -4.1828 -0.000144234
8.58 -4.1828 -0.000144234
8.59 -4.1828 -0.000144234
8.6 -4.1828 -0.000144234
8.61 -4.1828 -0.000144234
8.62 -4.1828 -0.000144234
8.63 -4.1828 -0.000144234
8.64 -4.1828 -0.000144234
8.65 -4.1828 -0.000144234
8.66 -4.1828 -0.000144234
8.67 -4.1828 -0.000144234
8.68 -4.1828 -0.000144234
8.69 -4.1828 -0.000144234
8.7 -4.1828 -0.000144234
8.71 -4.1828 -0.000144234
8.72 -4.1828 -0.000144234
8.73 -4.1828 -0.000144234
8.74 -4.1828 -0.000144234
8.75 -4.1828 -0.000144234
8.76 -4.1828 -0.000144234
8.77 -4.1828 -0.000144234
8.78 -4.1828 -0.000144234
8.79 -4.1828 -0.000144234
8.8 -4.1828 -0.000144234
8.81 -4.1828 -0.000144234
8.82 -4.1828 -0.000144234
8.83 -4.1828 -0.000144234
8.84 -4.1828 -0.000144234
8.85 -4.1828 -0.000144234
8.86 -4.1828 -0.000144234
8.87 -4.1828 -0.000144234
8.88 -4.1828 -0.000144234
8.89 -4.1828 -0.000144234
8.9 -4.1828 -0.000144234
8.91 -4.1828 -0.000144234
8.92 -4.1828 -0.000144234
8.93 -4.1828 -0.000144234
8.94 -4.1828 -0.000144234
8.95 -4.1828 -0.000144234
8.96 -4.1828 -0.000144234
8.97 -4.1828 -0.000144234
8.98 -4.1828 -0.000144234
8.99 -4.1828 -0.000144234
9 -4.1828 -0.000144234
9.01 -4.1828 -0.000144234
9.02 -4.1828 -0.000144234
9.03 -4.1828 -0.000144234
9.04 -4.1828 -0.000144234
9.05 -4.1828 -0.000144234
9.06 -4.1828 -0.000144234
9.07 -4.1828 -0.000144234
9.08 -4.1828 -0.000144234
9.09 -4.1828 -0.000144234
9.1 -4.1828 -0.000144234
9.11 -4.1828 -0.000144234
9.12 -4.1828 -0.000144234
9.13 -4.1828 -0.000144234
9.14 -4.1828 -0.000144234
9.15 -4.1828 -0.000144234
9.16 -4.1828 -0.000144234
9.17 -4.1828 -0.000144234
9.18 -4.1828 -0.000144234
9.19 -4.1828 -0.000144234
9.2 -4.1828 -0.000144234
9.21 -4.1828 -0.000144234
9.22 -4.1828 -0.000144234
9.23 -4.1828 -0.000144234
9.24 -4.1828 -0.000144234
9.25 -4.1828 -0.000144234
9.26 -4.1828 -0.000144234
9.27 -4.1828 -0.000144234
9.28 -4.1828 -0.000144234
9.29 -4.1828 -0.000144234
9.3 -4.1828 -0.000144234
9.31 -4.1828 -0.000144234
9.32 -4.1828 -0.000144234
9.33 -4.1828 -0.000144234
9.34 -4.1828 -0.000144234
9.35 -4.1828 -0.000144234
9.36 -4.1828 -0.000144234
9.37 -4.1828 -0.000144234
9.38 -4.1828 -0.000144234
9.39 -4.1828 -0.000144234
9.4 -4.1828 -0.000144234
9.41 -4.1828 -0.000144234
9.42 -4.1828 -0.000144234
9.43 -4.1828 -0.000144234
9.44 -4.1828 -0.000144234
9.45 -4.1828 -0.000144234
9.46 -4.1828 -0.000144234
9.47 -4.1828 -0.000144234
9.48 -4.1828 -0.000144234
9.49 -4.1828 -0.000144234
9.5 -4.1828 -0.000144234
9.51 -4.1828 -0.000144234
9.52 -4.1828 -0.000144234
9.53 -4.1828 -0.000144234
9.54 -4.1828 -0.000144234
9.55 -4.1828 -0.000144234
9.56 -4.1828 -0.000144234
9.57 -4.1828 -0.000144234
9.58 -4.1828 -0.000144234
9.59 -4.1828 -0.000144234
9.6 -4.1828 -0.000144234
9.61 -4.1828 -0.000144234
9.62 -4.1828 -0.000144234
9.63 -4.1828 -0.000144234
9.64 -4.1828 -0.000144234
9.65 -4.1828 -0.000144234
9.66 -4.1828 -0.000144234
9.67 -4.1828 -0.000144234
9.68 -4.1828 -0.000144234
9.69 -4.1828 -0.000144234
9.7 -4.1828 -0.000144234
9.71 -4.1828 -0.000144234
9.72 -4.1828 -0.000144234
9.73 -4.1828 -0.000144234
9.74 -4.1828 -0.000144234
9.75 -4.1828 -0.000144234
9.76 -4.1828 -0.000144234
9.77 -4.1828 -0.000144234
9.78 -4.1828 -0.000144234
9.79 -4.1828 -0.000144234
9.8 -4.1828 -0.000144234
9.81 -4.1828 -0.000144234
9.82 -4.1828 -0.000144234
9.83 -4.1828 -0.000144234
9.84 -4.1828 -0.000144234
9.85 -4.1828 -0.000144234
9.86 -4.1828 -0.000144234
9.87 -4.1828 -0.000144234
9.88 -4.1828 -0.000144234
9.89 -4.1828 -0.000144234
9.9 -4.1828 -0.000144234
9.91 -4.1828 -0.000144234
9.92 -4.1828 -0.000144234
9.93 -4.1828 -0.000144234
9.94 -4.1828 -0.000144234
9.95 -4.1828 -0.000144234
9.96 -4.1828 -0.000144234
9.97 -4.1828 -0.000144234
9.98 -4.1828 -0.000144234
9.99 -4.1828 -0.000144234
10 -4.1828 -0.000144234
