0.1 0.329601 1.13656e-005
0.2 0.659368 2.27368e-005
0.3 0.9893 3.41138e-005
0.4 1.3194 4.54965e-005
0.5 1.64967 5.6885e-005
0.6 1.98025 6.82845e-005
0.7 2.31128 7.96994e-005
0.8 2.6424 9.11174e-005
0.9 2.97376 0.000102543
1 3.30513 0.00011397
0.01 3.30513 0.00011397
0.02 3.30513 0.00011397
0.03 3.30513 0.00011397
0.04 3.30513 0.00011397
0.05 3.30513 0.00011397
0.06 3.30513 0.00011397
0.07 3.30513 0.00011397
0.08 3.30513 0.00011397
0.09 3.30513 0.00011397
0.1 3.30513 0.00011397
0.11 3.30513 0.00011397
0.12 3.30513 0.00011397
0.13 3.30513 0.00011397
0.14 3.30513 0.00011397
0.15 3.30513 0.00011397
0.16 3.30513 0.00011397
0.17 3.30513 0.00011397
0.18 3.30513 0.00011397
0.19 3.30513 0.00011397
0.2 3.30513 0.00011397
0.21 3.30513 0.00011397
0.22 3.30513 0.00011397
0.23 3.30513 0.00011397
0.24 3.30513 0.00011397
0.25 3.30513 0.00011397
0.26 3.30513 0.00011397
0.27 3.30513 0.00011397
0.28 3.30513 0.00011397
0.29 3.30513 0.00011397
0.3 3.30513 0.00011397
0.31 3.30513 0.00011397
0.32 3.30513 0.00011397
0.33 3.30513 0.00011397
0.34 3.30513 0.00011397
0.35 3.30513 0.00011397
0.36 3.30513 0.00011397
0.37 3.30513 0.00011397
0.38 3.30513 0.00011397
0.39 3.30513 0.00011397
0.4 3.30513 0.00011397
0.41 3.30513 0.00011397
0.42 3.30513 0.00011397
0.43 3.30513 0.00011397
0.44 3.30513 0.00011397
0.45 3.30513 0.00011397
0.46 3.30513 0.00011397
0.47 3.30513 0.00011397
0.48 3.30513 0.00011397
0.49 3.30513 0.00011397
0.5 3.30513 0.00011397
0.51 3.30513 0.00011397
0.52 3.30513 0.00011397
0.53 3.30513 0.00011397
0.54 3.30513 0.00011397
0.55 3.30513 0.00011397
0.56 3.30513 0.00011397
0.57 3.30513 0.00011397
0.58 3.30513 0.00011397
0.59 3.30513 0.00011397
0.6 3.30513 0.00011397
0.61 3.30513 0.00011397
0.62 3.30513 0.00011397
0.63 3.30513 0.00011397
0.64 3.30513 0.00011397
0.65 3.30513 0.00011397
0.66 3.30513 0.00011397
0.67 3.30513 0.00011397
0.68 3.30513 0.00011397
0.69 3.30513 0.00011397
0.7 3.30513 0.00011397
0.71 3.30513 0.00011397
0.72 3.30513 0.00011397
0.73 3.30513 0.00011397
0.74 3.30513 0.00011397
0.75 3.30513 0.00011397
0.76 3.30513 0.00011397
0.77 3.30513 0.00011397
0.78 3.30513 0.00011397
0.79 3.30513 0.00011397
0.8 3.30513 0.00011397
0.81 3.30513 0.00011397
0.82 3.30513 0.00011397
0.83 3.30513 0.00011397
0.84 3.30513 0.00011397
0.85 3.30513 0.00011397
0.86 3.30513 0.00011397
0.87 3.30513 0.00011397
0.88 3.30513 0.00011397
0.89 3.30513 0.00011397
0.9 3.30513 0.00011397
0.91 3.30513 0.00011397
0.92 3.30513 0.00011397
0.93 3.30513 0.00011397
0.94 3.30513 0.00011397
0.95 3.30513 0.00011397
0.96 3.30513 0.00011397
0.97 3.30513 0.00011397
0.98 3.30513 0.00011397
0.99 3.30513 0.00011397
1 3.30513 0.00011397
1.01 3.30513 0.00011397
1.02 3.30513 0.00011397
1.03 3.30513 0.00011397
1.04 3.30513 0.00011397
1.05 3.30513 0.00011397
1.06 3.30513 0.00011397
1.07 3.30513 0.00011397
1.08 3.30513 0.00011397
1.09 3.30513 0.00011397
1.1 3.30513 0.00011397
1.11 3.30513 0.00011397
1.12 3.30513 0.00011397
1.13 3.30513 0.00011397
1.14 3.30513 0.00011397
1.15 3.30513 0.00011397
1.16 3.30513 0.00011397
1.17 3.30513 0.00011397
1.18 3.30513 0.00011397
1.19 3.30513 0.00011397
1.2 3.30513 0.00011397
1.21 3.30513 0.00011397
1.22 3.30513 0.00011397
1.23 3.30513 0.00011397
1.24 3.30513 0.00011397
1.25 3.30513 0.00011397
1.26 3.30513 0.00011397
1.27 3.30513 0.00011397
1.28 3.30513 0.00011397
1.29 3.30513 0.00011397
1.3 3.30513 0.00011397
1.31 3.30513 0.00011397
1.32 3.30513 0.00011397
1.33 3.30513 0.00011397
1.34 3.30513 0.00011397
1.35 3.30513 0.00011397
1.36 3.30513 0.00011397
1.37 3.30513 0.00011397
1.38 3.30513 0.00011397
1.39 3.30513 0.00011397
1.4 3.30513 0.00011397
1.41 3.30513 0.00011397
1.42 3.30513 0.00011397
1.43 3.30513 0.00011397
1.44 3.30513 0.00011397
1.45 3.30513 0.00011397
1.46 3.30513 0.00011397
1.47 3.30513 0.00011397
1.48 3.30513 0.00011397
1.49 3.30513 0.00011397
1.5 3.30513 0.00011397
1.51 3.30513 0.00011397
1.52 3.30513 0.00011397
1.53 3.30513 0.00011397
1.54 3.30513 0.00011397
1.55 3.30513 0.00011397
1.56 3.30513 0.00011397
1.57 3.30513 0.00011397
1.58 3.30513 0.00011397
1.59 3.30513 0.00011397
1.6 3.30513 0.00011397
1.61 3.30513 0.00011397
1.62 3.30513 0.00011397
1.63 3.30513 0.00011397
1.64 3.30513 0.00011397
1.65 3.30513 0.00011397
1.66 3.30513 0.00011397
1.67 3.30513 0.00011397
1.68 3.30513 0.00011397
1.69 3.30513 0.00011397
1.7 3.30513 0.00011397
1.71 3.30513 0.00011397
1.72 3.30513 0.00011397
1.73 3.30513 0.00011397
1.74 3.30513 0.00011397
1.75 3.30513 0.00011397
1.76 3.30513 0.00011397
1.77 3.30513 0.00011397
1.78 3.30513 0.00011397
1.79 3.30513 0.00011397
1.8 3.30513 0.00011397
1.81 3.30513 0.00011397
1.82 3.30513 0.00011397
1.83 3.30513 0.00011397
1.84 3.30513 0.00011397
1.85 3.30513 0.00011397
1.86 3.30513 0.00011397
1.87 3.30513 0.00011397
1.88 3.30513 0.00011397
1.89 3.30513 0.00011397
1.9 3.30513 0.00011397
1.91 3.30513 0.00011397
1.92 3.30513 0.00011397
1.93 3.30513 0.00011397
1.94 3.30513 0.00011397
1.95 3.30513 0.00011397
1.96 3.30513 0.00011397
1.97 3.30513 0.00011397
1.98 3.30513 0.00011397
1.99 3.30513 0.00011397
2 3.30513 0.00011397
2.01 3.30513 0.00011397
2.02 3.30513 0.00011397
2.03 3.30513 0.00011397
2.04 3.30513 0.00011397
2.05 3.30513 0.00011397
2.06 3.30513 0.00011397
2.07 3.30513 0.00011397
2.08 3.30513 0.00011397
2.09 3.30513 0.00011397
2.1 3.30513 0.00011397
2.11 3.30513 0.00011397
2.12 3.30513 0.00011397
2.13 3.30513 0.00011397
2.14 3.30513 0.00011397
2.15 3.30513 0.00011397
2.16 3.30513 0.00011397
2.17 3.30513 0.00011397
2.18 3.30513 0.00011397
2.19 3.30513 0.00011397
2.2 3.30513 0.00011397
2.21 3.30513 0.00011397
2.22 3.30513 0.00011397
2.23 3.30513 0.00011397
2.24 3.30513 0.00011397
2.25 3.30513 0.00011397
2.26 3.30513 0.00011397
2.27 3.30513 0.00011397
2.28 3.30513 0.00011397
2.29 3.30513 0.00011397
2.3 3.30513 0.00011397
2.31 3.30513 0.00011397
2.32 3.30513 0.00011397
2.33 3.30513 0.00011397
2.34 3.30513 0.00011397
2.35 3.30513 0.00011397
2.36 3.30513 0.00011397
2.37 3.30513 0.00011397
2.38 3.30513 0.00011397
2.39 3.30513 0.00011397
2.4 3.30513 0.00011397
2.41 3.30513 0.00011397
2.42 3.30513 0.00011397
2.43 3.30513 0.00011397
2.44 3.30513 0.00011397
2.45 3.30513 0.00011397
2.46 3.30513 0.00011397
2.47 3.30513 0.00011397
2.48 3.30513 0.00011397
2.49 3.30513 0.00011397
2.5 3.30513 0.00011397
2.51 3.30513 0.00011397
2.52 3.30513 0.00011397
2.53 3.30513 0.00011397
2.54 3.30513 0.00011397
2.55 3.30513 0.00011397
2.56 3.30513 0.00011397
2.57 3.30513 0.00011397
2.58 3.30513 0.00011397
2.59 3.30513 0.00011397
2.6 3.30513 0.00011397
2.61 3.30513 0.00011397
2.62 3.30513 0.00011397
2.63 3.30513 0.00011397
2.64 3.30513 0.00011397
2.65 3.30513 0.00011397
2.66 3.30513 0.00011397
2.67 3.30513 0.00011397
2.68 3.30513 0.00011397
2.69 3.30513 0.00011397
2.7 3.30513 0.00011397
2.71 3.30513 0.00011397
2.72 3.30513 0.00011397
2.73 3.30513 0.00011397
2.74 3.30513 0.00011397
2.75 3.30513 0.00011397
2.76 3.30513 0.00011397
2.77 3.30513 0.00011397
2.78 3.30513 0.00011397
2.79 3.30513 0.00011397
2.8 3.30513 0.00011397
2.81 3.30513 0.00011397
2.82 3.30513 0.00011397
2.83 3.30513 0.00011397
2.84 3.30513 0.00011397
2.85 3.30513 0.00011397
2.86 3.30513 0.00011397
2.87 3.30513 0.00011397
2.88 3.30513 0.00011397
2.89 3.30513 0.00011397
2.9 3.30513 0.00011397
2.91 3.30513 0.00011397
2.92 3.30513 0.00011397
2.93 3.30513 0.00011397
2.94 3.30513 0.00011397
2.95 3.30513 0.00011397
2.96 3.30513 0.00011397
2.97 3.30513 0.00011397
2.98 3.30513 0.00011397
2.99 3.30513 0.00011397
3 3.30513 0.00011397
3.01 3.30513 0.00011397
3.02 3.30513 0.00011397
3.03 3.30513 0.00011397
3.04 3.30513 0.00011397
3.05 3.30513 0.00011397
3.06 3.30513 0.00011397
3.07 3.30513 0.00011397
3.08 3.30513 0.00011397
3.09 3.30513 0.00011397
3.1 3.30513 0.00011397
3.11 3.30513 0.00011397
3.12 3.30513 0.00011397
3.13 3.30513 0.00011397
3.14 3.30513 0.00011397
3.15 3.30513 0.00011397
3.16 3.30513 0.00011397
3.17 3.30513 0.00011397
3.18 3.30513 0.00011397
3.19 3.30513 0.00011397
3.2 3.30513 0.00011397
3.21 3.30513 0.00011397
3.22 3.30513 0.00011397
3.23 3.30513 0.00011397
3.24 3.30513 0.00011397
3.25 3.30513 0.00011397
3.26 3.30513 0.00011397
3.27 3.30513 0.00011397
3.28 3.30513 0.00011397
3.29 3.30513 0.00011397
3.3 3.30513 0.00011397
3.31 3.30513 0.00011397
3.32 3.30513 0.00011397
3.33 3.30513 0.00011397
3.34 3.30513 0.00011397
3.35 3.30513 0.00011397
3.36 3.30513 0.00011397
3.37 3.30513 0.00011397
3.38 3.30513 0.00011397
3.39 3.30513 0.00011397
3.4 3.30513 0.00011397
3.41 3.30513 0.00011397
3.42 3.30513 0.00011397
3.43 3.30513 0.00011397
3.44 3.30513 0.00011397
3.45 3.30513 0.00011397
3.46 3.30513 0.00011397
3.47 3.30513 0.00011397
3.48 3.30513 0.00011397
3.49 3.30513 0.00011397
3.5 3.30513 0.00011397
3.51 3.30513 0.00011397
3.52 3.30513 0.00011397
3.53 3.30513 0.00011397
3.54 3.30513 0.00011397
3.55 3.30513 0.00011397
3.56 3.30513 0.00011397
3.57 3.30513 0.00011397
3.58 3.30513 0.00011397
3.59 3.30513 0.00011397
3.6 3.30513 0.00011397
3.61 3.30513 0.00011397
3.62 3.30513 0.00011397
3.63 3.30513 0.00011397
3.64 3.30513 0.00011397
3.65 3.30513 0.00011397
3.66 3.30513 0.00011397
3.67 3.30513 0.00011397
3.68 3.30513 0.00011397
3.69 3.30513 0.00011397
3.7 3.30513 0.00011397
3.71 3.30513 0.00011397
3.72 3.30513 0.00011397
3.73 3.30513 0.00011397
3.74 3.30513 0.00011397
3.75 3.30513 0.00011397
3.76 3.30513 0.00011397
3.77 3.30513 0.00011397
3.78 3.30513 0.00011397
3.79 3.30513 0.00011397
3.8 3.30513 0.00011397
3.81 3.30513 0.00011397
3.82 3.30513 0.00011397
3.83 3.30513 0.00011397
3.84 3.30513 0.00011397
3.85 3.30513 0.00011397
3.86 3.30513 0.00011397
3.87 3.30513 0.00011397
3.88 3.30513 0.00011397
3.89 3.30513 0.00011397
3.9 3.30513 0.00011397
3.91 3.30513 0.00011397
3.92 3.30513 0.00011397
3.93 3.30513 0.00011397
3.94 3.30513 0.00011397
3.95 3.30513 0.00011397
3.96 3.30513 0.00011397
3.97 3.30513 0.00011397
3.98 3.30513 0.00011397
3.99 3.30513 0.00011397
4 3.30513 0.00011397
4.01 3.30513 0.00011397
4.02 3.30513 0.00011397
4.03 3.30513 0.00011397
4.04 3.30513 0.00011397
4.05 3.30513 0.00011397
4.06 3.30513 0.00011397
4.07 3.30513 0.00011397
4.08 3.30513 0.00011397
4.09 3.30513 0.00011397
4.1 3.30513 0.00011397
4.11 3.30513 0.00011397
4.12 3.30513 0.00011397
4.13 3.30513 0.00011397
4.14 3.30513 0.00011397
4.15 3.30513 0.00011397
4.16 3.30513 0.00011397
4.17 3.30513 0.00011397
4.18 3.30513 0.00011397
4.19 3.30513 0.00011397
4.2 3.30513 0.00011397
4.21 3.30513 0.00011397
4.22 3.30513 0.00011397
4.23 3.30513 0.00011397
4.24 3.30513 0.00011397
4.25 3.30513 0.00011397
4.26 3.30513 0.00011397
4.27 3.30513 0.00011397
4.28 3.30513 0.00011397
4.29 3.30513 0.00011397
4.3 3.30513 0.00011397
4.31 3.30513 0.00011397
4.32 3.30513 0.00011397
4.33 3.30513 0.00011397
4.34 3.30513 0.00011397
4.35 3.30513 0.00011397
4.36 3.30513 0.00011397
4.37 3.30513 0.00011397
4.38 3.30513 0.00011397
4.39 3.30513 0.00011397
4.4 3.30513 0.00011397
4.41 3.30513 0.00011397
4.42 3.30513 0.00011397
4.43 3.30513 0.00011397
4.44 3.30513 0.00011397
4.45 3.30513 0.00011397
4.46 3.30513 0.00011397
4.47 3.30513 0.00011397
4.48 3.30513 0.00011397
4.49 3.30513 0.00011397
4.5 3.30513 0.00011397
4.51 3.30513 0.00011397
4.52 3.30513 0.00011397
4.53 3.30513 0.00011397
4.54 3.30513 0.00011397
4.55 3.30513 0.00011397
4.56 3.30513 0.00011397
4.57 3.30513 0.00011397
4.58 3.30513 0.00011397
4.59 3.30513 0.00011397
4.6 3.30513 0.00011397
4.61 3.30513 0.00011397
4.62 3.30513 0.00011397
4.63 3.30513 0.00011397
4.64 3.30513 0.00011397
4.65 3.30513 0.00011397
4.66 3.30513 0.00011397
4.67 3.30513 0.00011397
4.68 3.30513 0.00011397
4.69 3.30513 0.00011397
4.7 3.30513 0.00011397
4.71 3.30513 0.00011397
4.72 3.30513 0.00011397
4.73 3.30513 0.00011397
4.74 3.30513 0.00011397
4.75 3.30513 0.00011397
4.76 3.30513 0.00011397
4.77 3.30513 0.00011397
4.78 3.30513 0.00011397
4.79 3.30513 0.00011397
4.8 3.30513 0.00011397
4.81 3.30513 0.00011397
4.82 3.30513 0.00011397
4.83 3.30513 0.00011397
4.84 3.30513 0.00011397
4.85 3.30513 0.00011397
4.86 3.30513 0.00011397
4.87 3.30513 0.00011397
4.88 3.30513 0.00011397
4.89 3.30513 0.00011397
4.9 3.30513 0.00011397
4.91 3.30513 0.00011397
4.92 3.30513 0.00011397
4.93 3.30513 0.00011397
4.94 3.30513 0.00011397
4.95 3.30513 0.00011397
4.96 3.30513 0.00011397
4.97 3.30513 0.00011397
4.98 3.30513 0.00011397
4.99 3.30513 0.00011397
5 3.30513 0.00011397
5.01 3.30513 0.00011397
5.02 3.30513 0.00011397
5.03 3.30513 0.00011397
5.04 3.30513 0.00011397
5.05 3.30513 0.00011397
5.06 3.30513 0.00011397
5.07 3.30513 0.00011397
5.08 3.30513 0.00011397
5.09 3.30513 0.00011397
5.1 3.30513 0.00011397
5.11 3.30513 0.00011397
5.12 3.30513 0.00011397
5.13 3.30513 0.00011397
5.14 3.30513 0.00011397
5.15 3.30513 0.00011397
5.16 3.30513 0.00011397
5.17 3.30513 0.00011397
5.18 3.30513 0.00011397
5.19 3.30513 0.00011397
5.2 3.30513 0.00011397
5.21 3.30513 0.00011397
5.22 3.30513 0.00011397
5.23 3.30513 0.00011397
5.24 3.30513 0.00011397
5.25 3.30513 0.00011397
5.26 3.30513 0.00011397
5.27 3.30513 0.00011397
5.28 3.30513 0.00011397
5.29 3.30513 0.00011397
5.3 3.30513 0.00011397
5.31 3.30513 0.00011397
5.32 3.30513 0.00011397
5.33 3.30513 0.00011397
5.34 3.30513 0.00011397
5.35 3.30513 0.00011397
5.36 3.30513 0.00011397
5.37 3.30513 0.00011397
5.38 3.30513 0.00011397
5.39 3.30513 0.00011397
5.4 3.30513 0.00011397
5.41 3.30513 0.00011397
5.42 3.30513 0.00011397
5.43 3.30513 0.00011397
5.44 3.30513 0.00011397
5.45 3.30513 0.00011397
5.46 3.30513 0.00011397
5.47 3.30513 0.00011397
5.48 3.30513 0.00011397
5.49 3.30513 0.00011397
5.5 3.30513 0.00011397
5.51 3.30513 0.00011397
5.52 3.30513 0.00011397
5.53 3.30513 0.00011397
5.54 3.30513 0.00011397
5.55 3.30513 0.00011397
5.56 3.30513 0.00011397
5.57 3.30513 0.00011397
5.58 3.30513 0.00011397
5.59 3.30513 0.00011397
5.6 3.30513 0.00011397
5.61 3.30513 0.00011397
5.62 3.30513 0.00011397
5.63 3.30513 0.00011397
5.64 3.30513 0.00011397
5.65 3.30513 0.00011397
5.66 3.30513 0.00011397
5.67 3.30513 0.00011397
5.68 3.30513 0.00011397
5.69 3.30513 0.00011397
5.7 3.30513 0.00011397
5.71 3.30513 0.00011397
5.72 3.30513 0.00011397
5.73 3.30513 0.00011397
5.74 3.30513 0.00011397
5.75 3.30513 0.00011397
5.76 3.30513 0.00011397
5.77 3.30513 0.00011397
5.78 3.30513 0.00011397
5.79 3.30513 0.00011397
5.8 3.30513 0.00011397
5.81 3.30513 0.00011397
5.82 3.30513 0.00011397
5.83 3.30513 0.00011397
5.84 3.30513 0.00011397
5.85 3.30513 0.00011397
5.86 3.30513 0.00011397
5.87 3.30513 0.00011397
5.88 3.30513 0.00011397
5.89 3.30513 0.00011397
5.9 3.30513 0.00011397
5.91 3.30513 0.00011397
5.92 3.30513 0.00011397
5.93 3.30513 0.00011397
5.94 3.30513 0.00011397
5.95 3.30513 0.00011397
5.96 3.30513 0.00011397
5.97 3.30513 0.00011397
5.98 3.30513 0.00011397
5.99 3.30513 0.00011397
6 3.30513 0.00011397
6.01 3.30513 0.00011397
6.02 3.30513 0.00011397
6.03 3.30513 0.00011397
6.04 3.30513 0.00011397
6.05 3.30513 0.00011397
6.06 3.30513 0.00011397
6.07 3.30513 0.00011397
6.08 3.30513 0.00011397
6.09 3.30513 0.00011397
6.1 3.30513 0.00011397
6.11 3.30513 0.00011397
6.12 3.30513 0.00011397
6.13 3.30513 0.00011397
6.14 3.30513 0.00011397
6.15 3.30513 0.00011397
6.16 3.30513 0.00011397
6.17 3.30513 0.00011397
6.18 3.30513 0.00011397
6.19 3.30513 0.00011397
6.2 3.30513 0.00011397
6.21 3.30513 0.00011397
6.22 3.30513 0.00011397
6.23 3.30513 0.00011397
6.24 3.30513 0.00011397
6.25 3.30513 0.00011397
6.26 3.30513 0.00011397
6.27 3.30513 0.00011397
6.28 3.30513 0.00011397
6.29 3.30513 0.00011397
6.3 3.30513 0.00011397
6.31 3.30513 0.00011397
6.32 3.30513 0.00011397
6.33 3.30513 0.00011397
6.34 3.30513 0.00011397
6.35 3.30513 0.00011397
6.36 3.30513 0.00011397
6.37 3.30513 0.00011397
6.38 3.30513 0.00011397
6.39 3.30513 0.00011397
6.4 3.30513 0.00011397
6.41 3.30513 0.00011397
6.42 3.30513 0.00011397
6.43 3.30513 0.00011397
6.44 3.30513 0.00011397
6.45 3.30513 0.00011397
6.46 3.30513 0.00011397
6.47 3.30513 0.00011397
6.48 3.30513 0.00011397
6.49 3.30513 0.00011397
6.5 3.30513 0.00011397
6.51 3.30513 0.00011397
6.52 3.30513 0.00011397
6.53 3.30513 0.00011397
6.54 3.30513 0.00011397
6.55 3.30513 0.00011397
6.56 3.30513 0.00011397
6.57 3.30513 0.00011397
6.58 3.30513 0.00011397
6.59 3.30513 0.00011397
6.6 3.30513 0.00011397
6.61 3.30513 0.00011397
6.62 3.30513 0.00011397
6.63 3.30513 0.00011397
6.64 3.30513 0.00011397
6.65 3.30513 0.00011397
6.66 3.30513 0.00011397
6.67 3.30513 0.00011397
6.68 3.30513 0.00011397
6.69 3.30513 0.00011397
6.7 3.30513 0.00011397
6.71 3.30513 0.00011397
6.72 3.30513 0.00011397
6.73 3.30513 0.00011397
6.74 3.30513 0.00011397
6.75 3.30513 0.00011397
6.76 3.30513 0.00011397
6.77 3.30513 0.00011397
6.78 3.30513 0.00011397
6.79 3.30513 0.00011397
6.8 3.30513 0.00011397
6.81 3.30513 0.00011397
6.82 3.30513 0.00011397
6.83 3.30513 0.00011397
6.84 3.30513 0.00011397
6.85 3.30513 0.00011397
6.86 3.30513 0.00011397
6.87 3.30513 0.00011397
6.88 3.30513 0.00011397
6.89 3.30513 0.00011397
6.9 3.30513 0.00011397
6.91 3.30513 0.00011397
6.92 3.30513 0.00011397
6.93 3.30513 0.00011397
6.94 3.30513 0.00011397
6.95 3.30513 0.00011397
6.96 3.30513 0.00011397
6.97 3.30513 0.00011397
6.98 3.30513 0.00011397
6.99 3.30513 0.00011397
7 3.30513 0.00011397
7.01 3.30513 0.00011397
7.02 3.30513 0.00011397
7.03 3.30513 0.00011397
7.04 3.30513 0.00011397
7.05 3.30513 0.00011397
7.06 3.30513 0.00011397
7.07 3.30513 0.00011397
7.08 3.30513 0.00011397
7.09 3.30513 0.00011397
7.1 3.30513 0.00011397
7.11 3.30513 0.00011397
7.12 3.30513 0.00011397
7.13 3.30513 0.00011397
7.14 3.30513 0.00011397
7.15 3.30513 0.00011397
7.16 3.30513 0.00011397
7.17 3.30513 0.00011397
7.18 3.30513 0.00011397
7.19 3.30513 0.00011397
7.2 3.30513 0.00011397
7.21 3.30513 0.00011397
7.22 3.30513 0.00011397
7.23 3.30513 0.00011397
7.24 3.30513 0.00011397
7.25 3.30513 0.00011397
7.26 3.30513 0.00011397
7.27 3.30513 0.00011397
7.28 3.30513 0.00011397
7.29 3.30513 0.00011397
7.3 3.30513 0.00011397
7.31 3.30513 0.00011397
7.32 3.30513 0.00011397
7.33 3.30513 0.00011397
7.34 3.30513 0.00011397
7.35 3.30513 0.00011397
7.36 3.30513 0.00011397
7.37 3.30513 0.00011397
7.38 3.30513 0.00011397
7.39 3.30513 0.00011397
7.4 3.30513 0.00011397
7.41 3.30513 0.00011397
7.42 3.30513 0.00011397
7.43 3.30513 0.00011397
7.44 3.30513 0.00011397
7.45 3.30513 0.00011397
7.46 3.30513 0.00011397
7.47 3.30513 0.00011397
7.48 3.30513 0.00011397
7.49 3.30513 0.00011397
7.5 3.30513 0.00011397
7.51 3.30513 0.00011397
7.52 3.30513 0.00011397
7.53 3.30513 0.00011397
7.54 3.30513 0.00011397
7.55 3.30513 0.00011397
7.56 3.30513 0.00011397
7.57 3.30513 0.00011397
7.58 3.30513 0.00011397
7.59 3.30513 0.00011397
7.6 3.30513 0.00011397
7.61 3.30513 0.00011397
7.62 3.30513 0.00011397
7.63 3.30513 0.00011397
7.64 3.30513 0.00011397
7.65 3.30513 0.00011397
7.66 3.30513 0.00011397
7.67 3.30513 0.00011397
7.68 3.30513 0.00011397
7.69 3.30513 0.00011397
7.7 3.30513 0.00011397
7.71 3.30513 0.00011397
7.72 3.30513 0.00011397
7.73 3.30513 0.00011397
7.74 3.30513 0.00011397
7.75 3.30513 0.00011397
7.76 3.30513 0.00011397
7.77 3.30513 0.00011397
7.78 3.30513 0.00011397
7.79 3.30513 0.00011397
7.8 3.30513 0.00011397
7.81 3.30513 0.00011397
7.82 3.30513 0.00011397
7.83 3.30513 0.00011397
7.84 3.30513 0.00011397
7.85 3.30513 0.00011397
7.86 3.30513 0.00011397
7.87 3.30513 0.00011397
7.88 3.30513 0.00011397
7.89 3.30513 0.00011397
7.9 3.30513 0.00011397
7.91 3.30513 0.00011397
7.92 3.30513 0.00011397
7.93 3.30513 0.00011397
7.94 3.30513 0.00011397
7.95 3.30513 0.00011397
7.96 3.30513 0.00011397
7.97 3.30513 0.00011397
7.98 3.30513 0.00011397
7.99 3.30513 0.00011397
8 3.30513 0.00011397
8.01 3.30513 0.00011397
8.02 3.30513 0.00011397
8.03 3.30513 0.00011397
8.04 3.30513 0.00011397
8.05 3.30513 0.00011397
8.06 3.30513 0.00011397
8.07 3.30513 0.00011397
8.08 3.30513 0.00011397
8.09 3.30513 0.00011397
8.1 3.30513 0.00011397
8.11 3.30513 0.00011397
8.12 3.30513 0.00011397
8.13 3.30513 0.00011397
8.14 3.30513 0.00011397
8.15 3.30513 0.00011397
8.16 3.30513 0.00011397
8.17 3.30513 0.00011397
8.18 3.30513 0.00011397
8.19 3.30513 0.00011397
8.2 3.30513 0.00011397
8.21 3.30513 0.00011397
8.22 3.30513 0.00011397
8.23 3.30513 0.00011397
8.24 3.30513 0.00011397
8.25 3.30513 0.00011397
8.26 3.30513 0.00011397
8.27 3.30513 0.00011397
8.28 3.30513 0.00011397
8.29 3.30513 0.00011397
8.3 3.30513 0.00011397
8.31 3.30513 0.00011397
8.32 3.30513 0.00011397
8.33 3.30513 0.00011397
8.34 3.30513 0.00011397
8.35 3.30513 0.00011397
8.36 3.30513 0.00011397
8.37 3.30513 0.00011397
8.38 3.30513 0.00011397
8.39 3.30513 0.00011397
8.4 3.30513 0.00011397
8.41 3.30513 0.00011397
8.42 3.30513 0.00011397
8.43 3.30513 0.00011397
8.44 3.30513 0.00011397
8.45 3.30513 0.00011397
8.46 3.30513 0.00011397
8.47 3.30513 0.00011397
8.48 3.30513 0.00011397
8.49 3.30513 0.00011397
8.5 3.30513 0.00011397
8.51 3.30513 0.00011397
8.52 3.30513 0.00011397
8.53 3.30513 0.00011397
8.54 3.30513 0.00011397
8.55 3.30513 0.00011397
8.56 3.30513 0.00011397
8.57 3.30513 0.00011397
8.58 3.30513 0.00011397
8.59 3.30513 0.00011397
8.6 3.30513 0.00011397
8.61 3.30513 0.00011397
8.62 3.30513 0.00011397
8.63 3.30513 0.00011397
8.64 3.30513 0.00011397
8.65 3.30513 0.00011397
8.66 3.30513 0.00011397
8.67 3.30513 0.00011397
8.68 3.30513 0.00011397
8.69 3.30513 0.00011397
8.7 3.30513 0.00011397
8.71 3.30513 0.00011397
8.72 3.30513 0.00011397
8.73 3.30513 0.00011397
8.74 3.30513 0.00011397
8.75 3.30513 0.00011397
8.76 3.30513 0.00011397
8.77 3.30513 0.00011397
8.78 3.30513 0.00011397
8.79 3.30513 0.00011397
8.8 3.30513 0.00011397
8.81 3.30513 0.00011397
8.82 3.30513 0.00011397
8.83 3.30513 0.00011397
8.84 3.30513 0.00011397
8.85 3.30513 0.00011397
8.86 3.30513 0.00011397
8.87 3.30513 0.00011397
8.88 3.30513 0.00011397
8.89 3.30513 0.00011397
8.9 3.30513 0.00011397
8.91 3.30513 0.00011397
8.92 3.30513 0.00011397
8.93 3.30513 0.00011397
8.94 3.30513 0.00011397
8.95 3.30513 0.00011397
8.96 3.30513 0.00011397
8.97 3.30513 0.00011397
8.98 3.30513 0.00011397
8.99 3.30513 0.00011397
9 3.30513 0.00011397
9.01 3.30513 0.00011397
9.02 3.30513 0.00011397
9.03 3.30513 0.00011397
9.04 3.30513 0.00011397
9.05 3.30513 0.00011397
9.06 3.30513 0.00011397
9.07 3.30513 0.00011397
9.08 3.30513 0.00011397
9.09 3.30513 0.00011397
9.1 3.30513 0.00011397
9.11 3.30513 0.00011397
9.12 3.30513 0.00011397
9.13 3.30513 0.00011397
9.14 3.30513 0.00011397
9.15 3.30513 0.00011397
9.16 3.30513 0.00011397
9.17 3.30513 0.00011397
9.18 3.30513 0.00011397
9.19 3.30513 0.00011397
9.2 3.30513 0.00011397
9.21 3.30513 0.00011397
9.22 3.30513 0.00011397
9.23 3.30513 0.00011397
9.24 3.30513 0.00011397
9.25 3.30513 0.00011397
9.26 3.30513 0.00011397
9.27 3.30513 0.00011397
9.28 3.30513 0.00011397
9.29 3.30513 0.00011397
9.3 3.30513 0.00011397
9.31 3.30513 0.00011397
9.32 3.30513 0.00011397
9.33 3.30513 0.00011397
9.34 3.30513 0.00011397
9.35 3.30513 0.00011397
9.36 3.30513 0.00011397
9.37 3.30513 0.00011397
9.38 3.30513 0.00011397
9.39 3.30513 0.00011397
9.4 3.30513 0.00011397
9.41 3.30513 0.00011397
9.42 3.30513 0.00011397
9.43 3.30513 0.00011397
9.44 3.30513 0.00011397
9.45 3.30513 0.00011397
9.46 3.30513 0.00011397
9.47 3.30513 0.00011397
9.48 3.30513 0.00011397
9.49 3.30513 0.00011397
9.5 3.30513 0.00011397
9.51 3.30513 0.00011397
9.52 3.30513 0.00011397
9.53 3.30513 0.00011397
9.54 3.30513 0.00011397
9.55 3.30513 0.00011397
9.56 3.30513 0.00011397
9.57 3.30513 0.00011397
9.58 3.30513 0.00011397
9.59 3.30513 0.00011397
9.6 3.30513 0.00011397
9.61 3.30513 0.00011397
9.62 3.30513 0.00011397
9.63 3.30513 0.00011397
9.64 3.30513 0.00011397
9.65 3.30513 0.00011397
9.66 3.30513 0.00011397
9.67 3.30513 0.00011397
9.68 3.30513 0.00011397
9.69 3.30513 0.00011397
9.7 3.30513 0.00011397
9.71 3.30513 0.00011397
9.72 3.30513 0.00011397
9.73 3.30513 0.00011397
9.74 3.30513 0.00011397
9.75 3.30513 0.00011397
9.76 3.30513 0.00011397
9.77 3.30513 0.00011397
9.78 3.30513 0.00011397
9.79 3.30513 0.00011397
9.8 3.30513 0.00011397
9.81 3.30513 0.00011397
9.82 3.30513 0.00011397
9.83 3.30513 0.00011397
9.84 3.30513 0.00011397
9.85 3.30513 0.00011397
9.86 3.30513 0.00011397
9.87 3.30513 0.00011397
9.88 3.30513 0.00011397
9.89 3.30513 0.00011397
9.9 3.30513 0.00011397
9.91 3.30513 0.00011397
9.92 3.30513 0.00011397
9.93 3.30513 0.00011397
9.94 3.30513 0.00011397
9.95 3.30513 0.00011397
9.96 3.30513 0.00011397
9.97 3.30513 0.00011397
9.98 3.30513 0.00011397
9.99 3.30513 0.00011397
10 3.30513 0.00011397
