0.1 0.871319 3.00455e-005
0.2 1.74406 6.01401e-005
0.3 2.61825 9.02844e-005
0.4 3.49389 0.000120479
0.5 4.37101 0.000150724
0.6 5.27192 0.00018179
0.7 6.34298 0.000218723
0.8 7.67632 0.000264701
0.9 9.23076 0.000318302
1 10.983 0.000378725
0.01 10.983 0.000378725
0.02 10.983 0.000378725
0.03 10.983 0.000378725
0.04 10.983 0.000378725
0.05 10.983 0.000378725
0.06 10.983 0.000378725
0.07 10.983 0.000378725
0.08 10.983 0.000378725
0.09 10.983 0.000378725
0.1 10.983 0.000378725
0.11 10.983 0.000378725
0.12 10.983 0.000378725
0.13 10.983 0.000378725
0.14 10.983 0.000378725
0.15 10.983 0.000378725
0.16 10.983 0.000378725
0.17 10.983 0.000378725
0.18 10.983 0.000378725
0.19 10.983 0.000378725
0.2 10.983 0.000378725
0.21 10.983 0.000378725
0.22 10.983 0.000378725
0.23 10.983 0.000378725
0.24 10.983 0.000378725
0.25 10.983 0.000378725
0.26 10.983 0.000378725
0.27 10.983 0.000378725
0.28 10.983 0.000378725
0.29 10.983 0.000378725
0.3 10.983 0.000378725
0.31 10.983 0.000378725
0.32 10.983 0.000378725
0.33 10.983 0.000378725
0.34 10.983 0.000378725
0.35 10.983 0.000378725
0.36 10.983 0.000378725
0.37 10.983 0.000378725
0.38 10.983 0.000378725
0.39 10.983 0.000378725
0.4 10.983 0.000378725
0.41 10.983 0.000378725
0.42 10.983 0.000378725
0.43 10.983 0.000378725
0.44 10.983 0.000378725
0.45 10.983 0.000378725
0.46 10.983 0.000378725
0.47 10.983 0.000378725
0.48 10.983 0.000378725
0.49 10.983 0.000378725
0.5 10.983 0.000378725
0.51 10.983 0.000378725
0.52 10.983 0.000378725
0.53 10.983 0.000378725
0.54 10.983 0.000378725
0.55 10.983 0.000378725
0.56 10.983 0.000378725
0.57 10.983 0.000378725
0.58 10.983 0.000378725
0.59 10.983 0.000378725
0.6 10.983 0.000378725
0.61 10.983 0.000378725
0.62 10.983 0.000378725
0.63 10.983 0.000378725
0.64 10.983 0.000378725
0.65 10.983 0.000378725
0.66 10.983 0.000378725
0.67 10.983 0.000378725
0.68 10.983 0.000378725
0.69 10.983 0.000378725
0.7 10.983 0.000378725
0.71 10.983 0.000378725
0.72 10.983 0.000378725
0.73 10.983 0.000378725
0.74 10.983 0.000378725
0.75 10.983 0.000378725
0.76 10.983 0.000378725
0.77 10.983 0.000378725
0.78 10.983 0.000378725
0.79 10.983 0.000378725
0.8 10.983 0.000378725
0.81 10.983 0.000378725
0.82 10.983 0.000378725
0.83 10.983 0.000378725
0.84 10.983 0.000378725
0.85 10.983 0.000378725
0.86 10.983 0.000378725
0.87 10.983 0.000378725
0.88 10.983 0.000378725
0.89 10.983 0.000378725
0.9 10.983 0.000378725
0.91 10.983 0.000378725
0.92 10.983 0.000378725
0.93 10.983 0.000378725
0.94 10.983 0.000378725
0.95 10.983 0.000378725
0.96 10.983 0.000378725
0.97 10.983 0.000378725
0.98 10.983 0.000378725
0.99 10.983 0.000378725
1 10.983 0.000378725
1.01 10.983 0.000378725
1.02 10.983 0.000378725
1.03 10.983 0.000378725
1.04 10.983 0.000378725
1.05 10.983 0.000378725
1.06 10.983 0.000378725
1.07 10.983 0.000378725
1.08 10.983 0.000378725
1.09 10.983 0.000378725
1.1 10.983 0.000378725
1.11 10.983 0.000378725
1.12 10.983 0.000378725
1.13 10.983 0.000378725
1.14 10.983 0.000378725
1.15 10.983 0.000378725
1.16 10.983 0.000378725
1.17 10.983 0.000378725
1.18 10.983 0.000378725
1.19 10.983 0.000378725
1.2 10.983 0.000378725
1.21 10.983 0.000378725
1.22 10.983 0.000378725
1.23 10.983 0.000378725
1.24 10.983 0.000378725
1.25 10.983 0.000378725
1.26 10.983 0.000378725
1.27 10.983 0.000378725
1.28 10.983 0.000378725
1.29 10.983 0.000378725
1.3 10.983 0.000378725
1.31 10.983 0.000378725
1.32 10.983 0.000378725
1.33 10.983 0.000378725
1.34 10.983 0.000378725
1.35 10.983 0.000378725
1.36 10.983 0.000378725
1.37 10.983 0.000378725
1.38 10.983 0.000378725
1.39 10.983 0.000378725
1.4 10.983 0.000378725
1.41 10.983 0.000378725
1.42 10.983 0.000378725
1.43 10.983 0.000378725
1.44 10.983 0.000378725
1.45 10.983 0.000378725
1.46 10.983 0.000378725
1.47 10.983 0.000378725
1.48 10.983 0.000378725
1.49 10.983 0.000378725
1.5 10.983 0.000378725
1.51 10.983 0.000378725
1.52 10.983 0.000378725
1.53 10.983 0.000378725
1.54 10.983 0.000378725
1.55 10.983 0.000378725
1.56 10.983 0.000378725
1.57 10.983 0.000378725
1.58 10.983 0.000378725
1.59 10.983 0.000378725
1.6 10.983 0.000378725
1.61 10.983 0.000378725
1.62 10.983 0.000378725
1.63 10.983 0.000378725
1.64 10.983 0.000378725
1.65 10.983 0.000378725
1.66 10.983 0.000378725
1.67 10.983 0.000378725
1.68 10.983 0.000378725
1.69 10.983 0.000378725
1.7 10.983 0.000378725
1.71 10.983 0.000378725
1.72 10.983 0.000378725
1.73 10.983 0.000378725
1.74 10.983 0.000378725
1.75 10.983 0.000378725
1.76 10.983 0.000378725
1.77 10.983 0.000378725
1.78 10.983 0.000378725
1.79 10.983 0.000378725
1.8 10.983 0.000378725
1.81 10.983 0.000378725
1.82 10.983 0.000378725
1.83 10.983 0.000378725
1.84 10.983 0.000378725
1.85 10.983 0.000378725
1.86 10.983 0.000378725
1.87 10.983 0.000378725
1.88 10.983 0.000378725
1.89 10.983 0.000378725
1.9 10.983 0.000378725
1.91 10.983 0.000378725
1.92 10.983 0.000378725
1.93 10.983 0.000378725
1.94 10.983 0.000378725
1.95 10.983 0.000378725
1.96 10.983 0.000378725
1.97 10.983 0.000378725
1.98 10.983 0.000378725
1.99 10.983 0.000378725
2 10.983 0.000378725
2.01 10.983 0.000378725
2.02 10.983 0.000378725
2.03 10.983 0.000378725
2.04 10.983 0.000378725
2.05 10.983 0.000378725
2.06 10.983 0.000378725
2.07 10.983 0.000378725
2.08 10.983 0.000378725
2.09 10.983 0.000378725
2.1 10.983 0.000378725
2.11 10.983 0.000378725
2.12 10.983 0.000378725
2.13 10.983 0.000378725
2.14 10.983 0.000378725
2.15 10.983 0.000378725
2.16 10.983 0.000378725
2.17 10.983 0.000378725
2.18 10.983 0.000378725
2.19 10.983 0.000378725
2.2 10.983 0.000378725
2.21 10.983 0.000378725
2.22 10.983 0.000378725
2.23 10.983 0.000378725
2.24 10.983 0.000378725
2.25 10.983 0.000378725
2.26 10.983 0.000378725
2.27 10.983 0.000378725
2.28 10.983 0.000378725
2.29 10.983 0.000378725
2.3 10.983 0.000378725
2.31 10.983 0.000378725
2.32 10.983 0.000378725
2.33 10.983 0.000378725
2.34 10.983 0.000378725
2.35 10.983 0.000378725
2.36 10.983 0.000378725
2.37 10.983 0.000378725
2.38 10.983 0.000378725
2.39 10.983 0.000378725
2.4 10.983 0.000378725
2.41 10.983 0.000378725
2.42 10.983 0.000378725
2.43 10.983 0.000378725
2.44 10.983 0.000378725
2.45 10.983 0.000378725
2.46 10.983 0.000378725
2.47 10.983 0.000378725
2.48 10.983 0.000378725
2.49 10.983 0.000378725
2.5 10.983 0.000378725
2.51 10.983 0.000378725
2.52 10.983 0.000378725
2.53 10.983 0.000378725
2.54 10.983 0.000378725
2.55 10.983 0.000378725
2.56 10.983 0.000378725
2.57 10.983 0.000378725
2.58 10.983 0.000378725
2.59 10.983 0.000378725
2.6 10.983 0.000378725
2.61 10.983 0.000378725
2.62 10.983 0.000378725
2.63 10.983 0.000378725
2.64 10.983 0.000378725
2.65 10.983 0.000378725
2.66 10.983 0.000378725
2.67 10.983 0.000378725
2.68 10.983 0.000378725
2.69 10.983 0.000378725
2.7 10.983 0.000378725
2.71 10.983 0.000378725
2.72 10.983 0.000378725
2.73 10.983 0.000378725
2.74 10.983 0.000378725
2.75 10.983 0.000378725
2.76 10.983 0.000378725
2.77 10.983 0.000378725
2.78 10.983 0.000378725
2.79 10.983 0.000378725
2.8 10.983 0.000378725
2.81 10.983 0.000378725
2.82 10.983 0.000378725
2.83 10.983 0.000378725
2.84 10.983 0.000378725
2.85 10.983 0.000378725
2.86 10.983 0.000378725
2.87 10.983 0.000378725
2.88 10.983 0.000378725
2.89 10.983 0.000378725
2.9 10.983 0.000378725
2.91 10.983 0.000378725
2.92 10.983 0.000378725
2.93 10.983 0.000378725
2.94 10.983 0.000378725
2.95 10.983 0.000378725
2.96 10.983 0.000378725
2.97 10.983 0.000378725
2.98 10.983 0.000378725
2.99 10.983 0.000378725
3 10.983 0.000378725
3.01 10.983 0.000378725
3.02 10.983 0.000378725
3.03 10.983 0.000378725
3.04 10.983 0.000378725
3.05 10.983 0.000378725
3.06 10.983 0.000378725
3.07 10.983 0.000378725
3.08 10.983 0.000378725
3.09 10.983 0.000378725
3.1 10.983 0.000378725
3.11 10.983 0.000378725
3.12 10.983 0.000378725
3.13 10.983 0.000378725
3.14 10.983 0.000378725
3.15 10.983 0.000378725
3.16 10.983 0.000378725
3.17 10.983 0.000378725
3.18 10.983 0.000378725
3.19 10.983 0.000378725
3.2 10.983 0.000378725
3.21 10.983 0.000378725
3.22 10.983 0.000378725
3.23 10.983 0.000378725
3.24 10.983 0.000378725
3.25 10.983 0.000378725
3.26 10.983 0.000378725
3.27 10.983 0.000378725
3.28 10.983 0.000378725
3.29 10.983 0.000378725
3.3 10.983 0.000378725
3.31 10.983 0.000378725
3.32 10.983 0.000378725
3.33 10.983 0.000378725
3.34 10.983 0.000378725
3.35 10.983 0.000378725
3.36 10.983 0.000378725
3.37 10.983 0.000378725
3.38 10.983 0.000378725
3.39 10.983 0.000378725
3.4 10.983 0.000378725
3.41 10.983 0.000378725
3.42 10.983 0.000378725
3.43 10.983 0.000378725
3.44 10.983 0.000378725
3.45 10.983 0.000378725
3.46 10.983 0.000378725
3.47 10.983 0.000378725
3.48 10.983 0.000378725
3.49 10.983 0.000378725
3.5 10.983 0.000378725
3.51 10.983 0.000378725
3.52 10.983 0.000378725
3.53 10.983 0.000378725
3.54 10.983 0.000378725
3.55 10.983 0.000378725
3.56 10.983 0.000378725
3.57 10.983 0.000378725
3.58 10.983 0.000378725
3.59 10.983 0.000378725
3.6 10.983 0.000378725
3.61 10.983 0.000378725
3.62 10.983 0.000378725
3.63 10.983 0.000378725
3.64 10.983 0.000378725
3.65 10.983 0.000378725
3.66 10.983 0.000378725
3.67 10.983 0.000378725
3.68 10.983 0.000378725
3.69 10.983 0.000378725
3.7 10.983 0.000378725
3.71 10.983 0.000378725
3.72 10.983 0.000378725
3.73 10.983 0.000378725
3.74 10.983 0.000378725
3.75 10.983 0.000378725
3.76 10.983 0.000378725
3.77 10.983 0.000378725
3.78 10.983 0.000378725
3.79 10.983 0.000378725
3.8 10.983 0.000378725
3.81 10.983 0.000378725
3.82 10.983 0.000378725
3.83 10.983 0.000378725
3.84 10.983 0.000378725
3.85 10.983 0.000378725
3.86 10.983 0.000378725
3.87 10.983 0.000378725
3.88 10.983 0.000378725
3.89 10.983 0.000378725
3.9 10.983 0.000378725
3.91 10.983 0.000378725
3.92 10.983 0.000378725
3.93 10.983 0.000378725
3.94 10.983 0.000378725
3.95 10.983 0.000378725
3.96 10.983 0.000378725
3.97 10.983 0.000378725
3.98 10.983 0.000378725
3.99 10.983 0.000378725
4 10.983 0.000378725
4.01 10.983 0.000378725
4.02 10.983 0.000378725
4.03 10.983 0.000378725
4.04 10.983 0.000378725
4.05 10.983 0.000378725
4.06 10.983 0.000378725
4.07 10.983 0.000378725
4.08 10.983 0.000378725
4.09 10.983 0.000378725
4.1 10.983 0.000378725
4.11 10.983 0.000378725
4.12 10.983 0.000378725
4.13 10.983 0.000378725
4.14 10.983 0.000378725
4.15 10.983 0.000378725
4.16 10.983 0.000378725
4.17 10.983 0.000378725
4.18 10.983 0.000378725
4.19 10.983 0.000378725
4.2 10.983 0.000378725
4.21 10.983 0.000378725
4.22 10.983 0.000378725
4.23 10.983 0.000378725
4.24 10.983 0.000378725
4.25 10.983 0.000378725
4.26 10.983 0.000378725
4.27 10.983 0.000378725
4.28 10.983 0.000378725
4.29 10.983 0.000378725
4.3 10.983 0.000378725
4.31 10.983 0.000378725
4.32 10.983 0.000378725
4.33 10.983 0.000378725
4.34 10.983 0.000378725
4.35 10.983 0.000378725
4.36 10.983 0.000378725
4.37 10.983 0.000378725
4.38 10.983 0.000378725
4.39 10.983 0.000378725
4.4 10.983 0.000378725
4.41 10.983 0.000378725
4.42 10.983 0.000378725
4.43 10.983 0.000378725
4.44 10.983 0.000378725
4.45 10.983 0.000378725
4.46 10.983 0.000378725
4.47 10.983 0.000378725
4.48 10.983 0.000378725
4.49 10.983 0.000378725
4.5 10.983 0.000378725
4.51 10.983 0.000378725
4.52 10.983 0.000378725
4.53 10.983 0.000378725
4.54 10.983 0.000378725
4.55 10.983 0.000378725
4.56 10.983 0.000378725
4.57 10.983 0.000378725
4.58 10.983 0.000378725
4.59 10.983 0.000378725
4.6 10.983 0.000378725
4.61 10.983 0.000378725
4.62 10.983 0.000378725
4.63 10.983 0.000378725
4.64 10.983 0.000378725
4.65 10.983 0.000378725
4.66 10.983 0.000378725
4.67 10.983 0.000378725
4.68 10.983 0.000378725
4.69 10.983 0.000378725
4.7 10.983 0.000378725
4.71 10.983 0.000378725
4.72 10.983 0.000378725
4.73 10.983 0.000378725
4.74 10.983 0.000378725
4.75 10.983 0.000378725
4.76 10.983 0.000378725
4.77 10.983 0.000378725
4.78 10.983 0.000378725
4.79 10.983 0.000378725
4.8 10.983 0.000378725
4.81 10.983 0.000378725
4.82 10.983 0.000378725
4.83 10.983 0.000378725
4.84 10.983 0.000378725
4.85 10.983 0.000378725
4.86 10.983 0.000378725
4.87 10.983 0.000378725
4.88 10.983 0.000378725
4.89 10.983 0.000378725
4.9 10.983 0.000378725
4.91 10.983 0.000378725
4.92 10.983 0.000378725
4.93 10.983 0.000378725
4.94 10.983 0.000378725
4.95 10.983 0.000378725
4.96 10.983 0.000378725
4.97 10.983 0.000378725
4.98 10.983 0.000378725
4.99 10.983 0.000378725
5 10.983 0.000378725
5.01 10.983 0.000378725
5.02 10.983 0.000378725
5.03 10.983 0.000378725
5.04 10.983 0.000378725
5.05 10.983 0.000378725
5.06 10.983 0.000378725
5.07 10.983 0.000378725
5.08 10.983 0.000378725
5.09 10.983 0.000378725
5.1 10.983 0.000378725
5.11 10.983 0.000378725
5.12 10.983 0.000378725
5.13 10.983 0.000378725
5.14 10.983 0.000378725
5.15 10.983 0.000378725
5.16 10.983 0.000378725
5.17 10.983 0.000378725
5.18 10.983 0.000378725
5.19 10.983 0.000378725
5.2 10.983 0.000378725
5.21 10.983 0.000378725
5.22 10.983 0.000378725
5.23 10.983 0.000378725
5.24 10.983 0.000378725
5.25 10.983 0.000378725
5.26 10.983 0.000378725
5.27 10.983 0.000378725
5.28 10.983 0.000378725
5.29 10.983 0.000378725
5.3 10.983 0.000378725
5.31 10.983 0.000378725
5.32 10.983 0.000378725
5.33 10.983 0.000378725
5.34 10.983 0.000378725
5.35 10.983 0.000378725
5.36 10.983 0.000378725
5.37 10.983 0.000378725
5.38 10.983 0.000378725
5.39 10.983 0.000378725
5.4 10.983 0.000378725
5.41 10.983 0.000378725
5.42 10.983 0.000378725
5.43 10.983 0.000378725
5.44 10.983 0.000378725
5.45 10.983 0.000378725
5.46 10.983 0.000378725
5.47 10.983 0.000378725
5.48 10.983 0.000378725
5.49 10.983 0.000378725
5.5 10.983 0.000378725
5.51 10.983 0.000378725
5.52 10.983 0.000378725
5.53 10.983 0.000378725
5.54 10.983 0.000378725
5.55 10.983 0.000378725
5.56 10.983 0.000378725
5.57 10.983 0.000378725
5.58 10.983 0.000378725
5.59 10.983 0.000378725
5.6 10.983 0.000378725
5.61 10.983 0.000378725
5.62 10.983 0.000378725
5.63 10.983 0.000378725
5.64 10.983 0.000378725
5.65 10.983 0.000378725
5.66 10.983 0.000378725
5.67 10.983 0.000378725
5.68 10.983 0.000378725
5.69 10.983 0.000378725
5.7 10.983 0.000378725
5.71 10.983 0.000378725
5.72 10.983 0.000378725
5.73 10.983 0.000378725
5.74 10.983 0.000378725
5.75 10.983 0.000378725
5.76 10.983 0.000378725
5.77 10.983 0.000378725
5.78 10.983 0.000378725
5.79 10.983 0.000378725
5.8 10.983 0.000378725
5.81 10.983 0.000378725
5.82 10.983 0.000378725
5.83 10.983 0.000378725
5.84 10.983 0.000378725
5.85 10.983 0.000378725
5.86 10.983 0.000378725
5.87 10.983 0.000378725
5.88 10.983 0.000378725
5.89 10.983 0.000378725
5.9 10.983 0.000378725
5.91 10.983 0.000378725
5.92 10.983 0.000378725
5.93 10.983 0.000378725
5.94 10.983 0.000378725
5.95 10.983 0.000378725
5.96 10.983 0.000378725
5.97 10.983 0.000378725
5.98 10.983 0.000378725
5.99 10.983 0.000378725
6 10.983 0.000378725
6.01 10.983 0.000378725
6.02 10.983 0.000378725
6.03 10.983 0.000378725
6.04 10.983 0.000378725
6.05 10.983 0.000378725
6.06 10.983 0.000378725
6.07 10.983 0.000378725
6.08 10.983 0.000378725
6.09 10.983 0.000378725
6.1 10.983 0.000378725
6.11 10.983 0.000378725
6.12 10.983 0.000378725
6.13 10.983 0.000378725
6.14 10.983 0.000378725
6.15 10.983 0.000378725
6.16 10.983 0.000378725
6.17 10.983 0.000378725
6.18 10.983 0.000378725
6.19 10.983 0.000378725
6.2 10.983 0.000378725
6.21 10.983 0.000378725
6.22 10.983 0.000378725
6.23 10.983 0.000378725
6.24 10.983 0.000378725
6.25 10.983 0.000378725
6.26 10.983 0.000378725
6.27 10.983 0.000378725
6.28 10.983 0.000378725
6.29 10.983 0.000378725
6.3 10.983 0.000378725
6.31 10.983 0.000378725
6.32 10.983 0.000378725
6.33 10.983 0.000378725
6.34 10.983 0.000378725
6.35 10.983 0.000378725
6.36 10.983 0.000378725
6.37 10.983 0.000378725
6.38 10.983 0.000378725
6.39 10.983 0.000378725
6.4 10.983 0.000378725
6.41 10.983 0.000378725
6.42 10.983 0.000378725
6.43 10.983 0.000378725
6.44 10.983 0.000378725
6.45 10.983 0.000378725
6.46 10.983 0.000378725
6.47 10.983 0.000378725
6.48 10.983 0.000378725
6.49 10.983 0.000378725
6.5 10.983 0.000378725
6.51 10.983 0.000378725
6.52 10.983 0.000378725
6.53 10.983 0.000378725
6.54 10.983 0.000378725
6.55 10.983 0.000378725
6.56 10.983 0.000378725
6.57 10.983 0.000378725
6.58 10.983 0.000378725
6.59 10.983 0.000378725
6.6 10.983 0.000378725
6.61 10.983 0.000378725
6.62 10.983 0.000378725
6.63 10.983 0.000378725
6.64 10.983 0.000378725
6.65 10.983 0.000378725
6.66 10.983 0.000378725
6.67 10.983 0.000378725
6.68 10.983 0.000378725
6.69 10.983 0.000378725
6.7 10.983 0.000378725
6.71 10.983 0.000378725
6.72 10.983 0.000378725
6.73 10.983 0.000378725
6.74 10.983 0.000378725
6.75 10.983 0.000378725
6.76 10.983 0.000378725
6.77 10.983 0.000378725
6.78 10.983 0.000378725
6.79 10.983 0.000378725
6.8 10.983 0.000378725
6.81 10.983 0.000378725
6.82 10.983 0.000378725
6.83 10.983 0.000378725
6.84 10.983 0.000378725
6.85 10.983 0.000378725
6.86 10.983 0.000378725
6.87 10.983 0.000378725
6.88 10.983 0.000378725
6.89 10.983 0.000378725
6.9 10.983 0.000378725
6.91 10.983 0.000378725
6.92 10.983 0.000378725
6.93 10.983 0.000378725
6.94 10.983 0.000378725
6.95 10.983 0.000378725
6.96 10.983 0.000378725
6.97 10.983 0.000378725
6.98 10.983 0.000378725
6.99 10.983 0.000378725
7 10.983 0.000378725
7.01 10.983 0.000378725
7.02 10.983 0.000378725
7.03 10.983 0.000378725
7.04 10.983 0.000378725
7.05 10.983 0.000378725
7.06 10.983 0.000378725
7.07 10.983 0.000378725
7.08 10.983 0.000378725
7.09 10.983 0.000378725
7.1 10.983 0.000378725
7.11 10.983 0.000378725
7.12 10.983 0.000378725
7.13 10.983 0.000378725
7.14 10.983 0.000378725
7.15 10.983 0.000378725
7.16 10.983 0.000378725
7.17 10.983 0.000378725
7.18 10.983 0.000378725
7.19 10.983 0.000378725
7.2 10.983 0.000378725
7.21 10.983 0.000378725
7.22 10.983 0.000378725
7.23 10.983 0.000378725
7.24 10.983 0.000378725
7.25 10.983 0.000378725
7.26 10.983 0.000378725
7.27 10.983 0.000378725
7.28 10.983 0.000378725
7.29 10.983 0.000378725
7.3 10.983 0.000378725
7.31 10.983 0.000378725
7.32 10.983 0.000378725
7.33 10.983 0.000378725
7.34 10.983 0.000378725
7.35 10.983 0.000378725
7.36 10.983 0.000378725
7.37 10.983 0.000378725
7.38 10.983 0.000378725
7.39 10.983 0.000378725
7.4 10.983 0.000378725
7.41 10.983 0.000378725
7.42 10.983 0.000378725
7.43 10.983 0.000378725
7.44 10.983 0.000378725
7.45 10.983 0.000378725
7.46 10.983 0.000378725
7.47 10.983 0.000378725
7.48 10.983 0.000378725
7.49 10.983 0.000378725
7.5 10.983 0.000378725
7.51 10.983 0.000378725
7.52 10.983 0.000378725
7.53 10.983 0.000378725
7.54 10.983 0.000378725
7.55 10.983 0.000378725
7.56 10.983 0.000378725
7.57 10.983 0.000378725
7.58 10.983 0.000378725
7.59 10.983 0.000378725
7.6 10.983 0.000378725
7.61 10.983 0.000378725
7.62 10.983 0.000378725
7.63 10.983 0.000378725
7.64 10.983 0.000378725
7.65 10.983 0.000378725
7.66 10.983 0.000378725
7.67 10.983 0.000378725
7.68 10.983 0.000378725
7.69 10.983 0.000378725
7.7 10.983 0.000378725
7.71 10.983 0.000378725
7.72 10.983 0.000378725
7.73 10.983 0.000378725
7.74 10.983 0.000378725
7.75 10.983 0.000378725
7.76 10.983 0.000378725
7.77 10.983 0.000378725
7.78 10.983 0.000378725
7.79 10.983 0.000378725
7.8 10.983 0.000378725
7.81 10.983 0.000378725
7.82 10.983 0.000378725
7.83 10.983 0.000378725
7.84 10.983 0.000378725
7.85 10.983 0.000378725
7.86 10.983 0.000378725
7.87 10.983 0.000378725
7.88 10.983 0.000378725
7.89 10.983 0.000378725
7.9 10.983 0.000378725
7.91 10.983 0.000378725
7.92 10.983 0.000378725
7.93 10.983 0.000378725
7.94 10.983 0.000378725
7.95 10.983 0.000378725
7.96 10.983 0.000378725
7.97 10.983 0.000378725
7.98 10.983 0.000378725
7.99 10.983 0.000378725
8 10.983 0.000378725
8.01 10.983 0.000378725
8.02 10.983 0.000378725
8.03 10.983 0.000378725
8.04 10.983 0.000378725
8.05 10.983 0.000378725
8.06 10.983 0.000378725
8.07 10.983 0.000378725
8.08 10.983 0.000378725
8.09 10.983 0.000378725
8.1 10.983 0.000378725
8.11 10.983 0.000378725
8.12 10.983 0.000378725
8.13 10.983 0.000378725
8.14 10.983 0.000378725
8.15 10.983 0.000378725
8.16 10.983 0.000378725
8.17 10.983 0.000378725
8.18 10.983 0.000378725
8.19 10.983 0.000378725
8.2 10.983 0.000378725
8.21 10.983 0.000378725
8.22 10.983 0.000378725
8.23 10.983 0.000378725
8.24 10.983 0.000378725
8.25 10.983 0.000378725
8.26 10.983 0.000378725
8.27 10.983 0.000378725
8.28 10.983 0.000378725
8.29 10.983 0.000378725
8.3 10.983 0.000378725
8.31 10.983 0.000378725
8.32 10.983 0.000378725
8.33 10.983 0.000378725
8.34 10.983 0.000378725
8.35 10.983 0.000378725
8.36 10.983 0.000378725
8.37 10.983 0.000378725
8.38 10.983 0.000378725
8.39 10.983 0.000378725
8.4 10.983 0.000378725
8.41 10.983 0.000378725
8.42 10.983 0.000378725
8.43 10.983 0.000378725
8.44 10.983 0.000378725
8.45 10.983 0.000378725
8.46 10.983 0.000378725
8.47 10.983 0.000378725
8.48 10.983 0.000378725
8.49 10.983 0.000378725
8.5 10.983 0.000378725
8.51 10.983 0.000378725
8.52 10.983 0.000378725
8.53 10.983 0.000378725
8.54 10.983 0.000378725
8.55 10.983 0.000378725
8.56 10.983 0.000378725
8.57 10.983 0.000378725
8.58 10.983 0.000378725
8.59 10.983 0.000378725
8.6 10.983 0.000378725
8.61 10.983 0.000378725
8.62 10.983 0.000378725
8.63 10.983 0.000378725
8.64 10.983 0.000378725
8.65 10.983 0.000378725
8.66 10.983 0.000378725
8.67 10.983 0.000378725
8.68 10.983 0.000378725
8.69 10.983 0.000378725
8.7 10.983 0.000378725
8.71 10.983 0.000378725
8.72 10.983 0.000378725
8.73 10.983 0.000378725
8.74 10.983 0.000378725
8.75 10.983 0.000378725
8.76 10.983 0.000378725
8.77 10.983 0.000378725
8.78 10.983 0.000378725
8.79 10.983 0.000378725
8.8 10.983 0.000378725
8.81 10.983 0.000378725
8.82 10.983 0.000378725
8.83 10.983 0.000378725
8.84 10.983 0.000378725
8.85 10.983 0.000378725
8.86 10.983 0.000378725
8.87 10.983 0.000378725
8.88 10.983 0.000378725
8.89 10.983 0.000378725
8.9 10.983 0.000378725
8.91 10.983 0.000378725
8.92 10.983 0.000378725
8.93 10.983 0.000378725
8.94 10.983 0.000378725
8.95 10.983 0.000378725
8.96 10.983 0.000378725
8.97 10.983 0.000378725
8.98 10.983 0.000378725
8.99 10.983 0.000378725
9 10.983 0.000378725
9.01 10.983 0.000378725
9.02 10.983 0.000378725
9.03 10.983 0.000378725
9.04 10.983 0.000378725
9.05 10.983 0.000378725
9.06 10.983 0.000378725
9.07 10.983 0.000378725
9.08 10.983 0.000378725
9.09 10.983 0.000378725
9.1 10.983 0.000378725
9.11 10.983 0.000378725
9.12 10.983 0.000378725
9.13 10.983 0.000378725
9.14 10.983 0.000378725
9.15 10.983 0.000378725
9.16 10.983 0.000378725
9.17 10.983 0.000378725
9.18 10.983 0.000378725
9.19 10.983 0.000378725
9.2 10.983 0.000378725
9.21 10.983 0.000378725
9.22 10.983 0.000378725
9.23 10.983 0.000378725
9.24 10.983 0.000378725
9.25 10.983 0.000378725
9.26 10.983 0.000378725
9.27 10.983 0.000378725
9.28 10.983 0.000378725
9.29 10.983 0.000378725
9.3 10.983 0.000378725
9.31 10.983 0.000378725
9.32 10.983 0.000378725
9.33 10.983 0.000378725
9.34 10.983 0.000378725
9.35 10.983 0.000378725
9.36 10.983 0.000378725
9.37 10.983 0.000378725
9.38 10.983 0.000378725
9.39 10.983 0.000378725
9.4 10.983 0.000378725
9.41 10.983 0.000378725
9.42 10.983 0.000378725
9.43 10.983 0.000378725
9.44 10.983 0.000378725
9.45 10.983 0.000378725
9.46 10.983 0.000378725
9.47 10.983 0.000378725
9.48 10.983 0.000378725
9.49 10.983 0.000378725
9.5 10.983 0.000378725
9.51 10.983 0.000378725
9.52 10.983 0.000378725
9.53 10.983 0.000378725
9.54 10.983 0.000378725
9.55 10.983 0.000378725
9.56 10.983 0.000378725
9.57 10.983 0.000378725
9.58 10.983 0.000378725
9.59 10.983 0.000378725
9.6 10.983 0.000378725
9.61 10.983 0.000378725
9.62 10.983 0.000378725
9.63 10.983 0.000378725
9.64 10.983 0.000378725
9.65 10.983 0.000378725
9.66 10.983 0.000378725
9.67 10.983 0.000378725
9.68 10.983 0.000378725
9.69 10.983 0.000378725
9.7 10.983 0.000378725
9.71 10.983 0.000378725
9.72 10.983 0.000378725
9.73 10.983 0.000378725
9.74 10.983 0.000378725
9.75 10.983 0.000378725
9.76 10.983 0.000378725
9.77 10.983 0.000378725
9.78 10.983 0.000378725
9.79 10.983 0.000378725
9.8 10.983 0.000378725
9.81 10.983 0.000378725
9.82 10.983 0.000378725
9.83 10.983 0.000378725
9.84 10.983 0.000378725
9.85 10.983 0.000378725
9.86 10.983 0.000378725
9.87 10.983 0.000378725
9.88 10.983 0.000378725
9.89 10.983 0.000378725
9.9 10.983 0.000378725
9.91 10.983 0.000378725
9.92 10.983 0.000378725
9.93 10.983 0.000378725
9.94 10.983 0.000378725
9.95 10.983 0.000378725
9.96 10.983 0.000378725
9.97 10.983 0.000378725
9.98 10.983 0.000378725
9.99 10.983 0.000378725
10 10.983 0.000378725
