0.1 -0.38422 -1.3249e-005
0.2 -0.769183 -2.65236e-005
0.3 -1.15489 -3.98239e-005
0.4 -1.54135 -5.31501e-005
0.5 -1.92857 -6.65025e-005
0.6 -2.31613 -7.98664e-005
0.7 -2.70248 -9.31891e-005
0.8 -3.08702 -0.000106449
0.9 -3.47017 -0.000119661
1 -3.85338 -0.000132875
0.01 -3.85338 -0.000132875
0.02 -3.85338 -0.000132875
0.03 -3.85338 -0.000132875
0.04 -3.85338 -0.000132875
0.05 -3.85338 -0.000132875
0.06 -3.85338 -0.000132875
0.07 -3.85338 -0.000132875
0.08 -3.85338 -0.000132875
0.09 -3.85338 -0.000132875
0.1 -3.85338 -0.000132875
0.11 -3.85338 -0.000132875
0.12 -3.85338 -0.000132875
0.13 -3.85338 -0.000132875
0.14 -3.85338 -0.000132875
0.15 -3.85338 -0.000132875
0.16 -3.85338 -0.000132875
0.17 -3.85338 -0.000132875
0.18 -3.85338 -0.000132875
0.19 -3.85338 -0.000132875
0.2 -3.85338 -0.000132875
0.21 -3.85338 -0.000132875
0.22 -3.85338 -0.000132875
0.23 -3.85338 -0.000132875
0.24 -3.85338 -0.000132875
0.25 -3.85338 -0.000132875
0.26 -3.85338 -0.000132875
0.27 -3.85338 -0.000132875
0.28 -3.85338 -0.000132875
0.29 -3.85338 -0.000132875
0.3 -3.85338 -0.000132875
0.31 -3.85338 -0.000132875
0.32 -3.85338 -0.000132875
0.33 -3.85338 -0.000132875
0.34 -3.85338 -0.000132875
0.35 -3.85338 -0.000132875
0.36 -3.85338 -0.000132875
0.37 -3.85338 -0.000132875
0.38 -3.85338 -0.000132875
0.39 -3.85338 -0.000132875
0.4 -3.85338 -0.000132875
0.41 -3.85338 -0.000132875
0.42 -3.85338 -0.000132875
0.43 -3.85338 -0.000132875
0.44 -3.85338 -0.000132875
0.45 -3.85338 -0.000132875
0.46 -3.85338 -0.000132875
0.47 -3.85338 -0.000132875
0.48 -3.85338 -0.000132875
0.49 -3.85338 -0.000132875
0.5 -3.85338 -0.000132875
0.51 -3.85338 -0.000132875
0.52 -3.85338 -0.000132875
0.53 -3.85338 -0.000132875
0.54 -3.85338 -0.000132875
0.55 -3.85338 -0.000132875
0.56 -3.85338 -0.000132875
0.57 -3.85338 -0.000132875
0.58 -3.85338 -0.000132875
0.59 -3.85338 -0.000132875
0.6 -3.85338 -0.000132875
0.61 -3.85338 -0.000132875
0.62 -3.85338 -0.000132875
0.63 -3.85338 -0.000132875
0.64 -3.85338 -0.000132875
0.65 -3.85338 -0.000132875
0.66 -3.85338 -0.000132875
0.67 -3.85338 -0.000132875
0.68 -3.85338 -0.000132875
0.69 -3.85338 -0.000132875
0.7 -3.85338 -0.000132875
0.71 -3.85338 -0.000132875
0.72 -3.85338 -0.000132875
0.73 -3.85338 -0.000132875
0.74 -3.85338 -0.000132875
0.75 -3.85338 -0.000132875
0.76 -3.85338 -0.000132875
0.77 -3.85338 -0.000132875
0.78 -3.85338 -0.000132875
0.79 -3.85338 -0.000132875
0.8 -3.85338 -0.000132875
0.81 -3.85338 -0.000132875
0.82 -3.85338 -0.000132875
0.83 -3.85338 -0.000132875
0.84 -3.85338 -0.000132875
0.85 -3.85338 -0.000132875
0.86 -3.85338 -0.000132875
0.87 -3.85338 -0.000132875
0.88 -3.85338 -0.000132875
0.89 -3.85338 -0.000132875
0.9 -3.85338 -0.000132875
0.91 -3.85338 -0.000132875
0.92 -3.85338 -0.000132875
0.93 -3.85338 -0.000132875
0.94 -3.85338 -0.000132875
0.95 -3.85338 -0.000132875
0.96 -3.85338 -0.000132875
0.97 -3.85338 -0.000132875
0.98 -3.85338 -0.000132875
0.99 -3.85338 -0.000132875
1 -3.85338 -0.000132875
1.01 -3.85338 -0.000132875
1.02 -3.85338 -0.000132875
1.03 -3.85338 -0.000132875
1.04 -3.85338 -0.000132875
1.05 -3.85338 -0.000132875
1.06 -3.85338 -0.000132875
1.07 -3.85338 -0.000132875
1.08 -3.85338 -0.000132875
1.09 -3.85338 -0.000132875
1.1 -3.85338 -0.000132875
1.11 -3.85338 -0.000132875
1.12 -3.85338 -0.000132875
1.13 -3.85338 -0.000132875
1.14 -3.85338 -0.000132875
1.15 -3.85338 -0.000132875
1.16 -3.85338 -0.000132875
1.17 -3.85338 -0.000132875
1.18 -3.85338 -0.000132875
1.19 -3.85338 -0.000132875
1.2 -3.85338 -0.000132875
1.21 -3.85338 -0.000132875
1.22 -3.85338 -0.000132875
1.23 -3.85338 -0.000132875
1.24 -3.85338 -0.000132875
1.25 -3.85338 -0.000132875
1.26 -3.85338 -0.000132875
1.27 -3.85338 -0.000132875
1.28 -3.85338 -0.000132875
1.29 -3.85338 -0.000132875
1.3 -3.85338 -0.000132875
1.31 -3.85338 -0.000132875
1.32 -3.85338 -0.000132875
1.33 -3.85338 -0.000132875
1.34 -3.85338 -0.000132875
1.35 -3.85338 -0.000132875
1.36 -3.85338 -0.000132875
1.37 -3.85338 -0.000132875
1.38 -3.85338 -0.000132875
1.39 -3.85338 -0.000132875
1.4 -3.85338 -0.000132875
1.41 -3.85338 -0.000132875
1.42 -3.85338 -0.000132875
1.43 -3.85338 -0.000132875
1.44 -3.85338 -0.000132875
1.45 -3.85338 -0.000132875
1.46 -3.85338 -0.000132875
1.47 -3.85338 -0.000132875
1.48 -3.85338 -0.000132875
1.49 -3.85338 -0.000132875
1.5 -3.85338 -0.000132875
1.51 -3.85338 -0.000132875
1.52 -3.85338 -0.000132875
1.53 -3.85338 -0.000132875
1.54 -3.85338 -0.000132875
1.55 -3.85338 -0.000132875
1.56 -3.85338 -0.000132875
1.57 -3.85338 -0.000132875
1.58 -3.85338 -0.000132875
1.59 -3.85338 -0.000132875
1.6 -3.85338 -0.000132875
1.61 -3.85338 -0.000132875
1.62 -3.85338 -0.000132875
1.63 -3.85338 -0.000132875
1.64 -3.85338 -0.000132875
1.65 -3.85338 -0.000132875
1.66 -3.85338 -0.000132875
1.67 -3.85338 -0.000132875
1.68 -3.85338 -0.000132875
1.69 -3.85338 -0.000132875
1.7 -3.85338 -0.000132875
1.71 -3.85338 -0.000132875
1.72 -3.85338 -0.000132875
1.73 -3.85338 -0.000132875
1.74 -3.85338 -0.000132875
1.75 -3.85338 -0.000132875
1.76 -3.85338 -0.000132875
1.77 -3.85338 -0.000132875
1.78 -3.85338 -0.000132875
1.79 -3.85338 -0.000132875
1.8 -3.85338 -0.000132875
1.81 -3.85338 -0.000132875
1.82 -3.85338 -0.000132875
1.83 -3.85338 -0.000132875
1.84 -3.85338 -0.000132875
1.85 -3.85338 -0.000132875
1.86 -3.85338 -0.000132875
1.87 -3.85338 -0.000132875
1.88 -3.85338 -0.000132875
1.89 -3.85338 -0.000132875
1.9 -3.85338 -0.000132875
1.91 -3.85338 -0.000132875
1.92 -3.85338 -0.000132875
1.93 -3.85338 -0.000132875
1.94 -3.85338 -0.000132875
1.95 -3.85338 -0.000132875
1.96 -3.85338 -0.000132875
1.97 -3.85338 -0.000132875
1.98 -3.85338 -0.000132875
1.99 -3.85338 -0.000132875
2 -3.85338 -0.000132875
2.01 -3.85338 -0.000132875
2.02 -3.85338 -0.000132875
2.03 -3.85338 -0.000132875
2.04 -3.85338 -0.000132875
2.05 -3.85338 -0.000132875
2.06 -3.85338 -0.000132875
2.07 -3.85338 -0.000132875
2.08 -3.85338 -0.000132875
2.09 -3.85338 -0.000132875
2.1 -3.85338 -0.000132875
2.11 -3.85338 -0.000132875
2.12 -3.85338 -0.000132875
2.13 -3.85338 -0.000132875
2.14 -3.85338 -0.000132875
2.15 -3.85338 -0.000132875
2.16 -3.85338 -0.000132875
2.17 -3.85338 -0.000132875
2.18 -3.85338 -0.000132875
2.19 -3.85338 -0.000132875
2.2 -3.85338 -0.000132875
2.21 -3.85338 -0.000132875
2.22 -3.85338 -0.000132875
2.23 -3.85338 -0.000132875
2.24 -3.85338 -0.000132875
2.25 -3.85338 -0.000132875
2.26 -3.85338 -0.000132875
2.27 -3.85338 -0.000132875
2.28 -3.85338 -0.000132875
2.29 -3.85338 -0.000132875
2.3 -3.85338 -0.000132875
2.31 -3.85338 -0.000132875
2.32 -3.85338 -0.000132875
2.33 -3.85338 -0.000132875
2.34 -3.85338 -0.000132875
2.35 -3.85338 -0.000132875
2.36 -3.85338 -0.000132875
2.37 -3.85338 -0.000132875
2.38 -3.85338 -0.000132875
2.39 -3.85338 -0.000132875
2.4 -3.85338 -0.000132875
2.41 -3.85338 -0.000132875
2.42 -3.85338 -0.000132875
2.43 -3.85338 -0.000132875
2.44 -3.85338 -0.000132875
2.45 -3.85338 -0.000132875
2.46 -3.85338 -0.000132875
2.47 -3.85338 -0.000132875
2.48 -3.85338 -0.000132875
2.49 -3.85338 -0.000132875
2.5 -3.85338 -0.000132875
2.51 -3.85338 -0.000132875
2.52 -3.85338 -0.000132875
2.53 -3.85338 -0.000132875
2.54 -3.85338 -0.000132875
2.55 -3.85338 -0.000132875
2.56 -3.85338 -0.000132875
2.57 -3.85338 -0.000132875
2.58 -3.85338 -0.000132875
2.59 -3.85338 -0.000132875
2.6 -3.85338 -0.000132875
2.61 -3.85338 -0.000132875
2.62 -3.85338 -0.000132875
2.63 -3.85338 -0.000132875
2.64 -3.85338 -0.000132875
2.65 -3.85338 -0.000132875
2.66 -3.85338 -0.000132875
2.67 -3.85338 -0.000132875
2.68 -3.85338 -0.000132875
2.69 -3.85338 -0.000132875
2.7 -3.85338 -0.000132875
2.71 -3.85338 -0.000132875
2.72 -3.85338 -0.000132875
2.73 -3.85338 -0.000132875
2.74 -3.85338 -0.000132875
2.75 -3.85338 -0.000132875
2.76 -3.85338 -0.000132875
2.77 -3.85338 -0.000132875
2.78 -3.85338 -0.000132875
2.79 -3.85338 -0.000132875
2.8 -3.85338 -0.000132875
2.81 -3.85338 -0.000132875
2.82 -3.85338 -0.000132875
2.83 -3.85338 -0.000132875
2.84 -3.85338 -0.000132875
2.85 -3.85338 -0.000132875
2.86 -3.85338 -0.000132875
2.87 -3.85338 -0.000132875
2.88 -3.85338 -0.000132875
2.89 -3.85338 -0.000132875
2.9 -3.85338 -0.000132875
2.91 -3.85338 -0.000132875
2.92 -3.85338 -0.000132875
2.93 -3.85338 -0.000132875
2.94 -3.85338 -0.000132875
2.95 -3.85338 -0.000132875
2.96 -3.85338 -0.000132875
2.97 -3.85338 -0.000132875
2.98 -3.85338 -0.000132875
2.99 -3.85338 -0.000132875
3 -3.85338 -0.000132875
3.01 -3.85338 -0.000132875
3.02 -3.85338 -0.000132875
3.03 -3.85338 -0.000132875
3.04 -3.85338 -0.000132875
3.05 -3.85338 -0.000132875
3.06 -3.85338 -0.000132875
3.07 -3.85338 -0.000132875
3.08 -3.85338 -0.000132875
3.09 -3.85338 -0.000132875
3.1 -3.85338 -0.000132875
3.11 -3.85338 -0.000132875
3.12 -3.85338 -0.000132875
3.13 -3.85338 -0.000132875
3.14 -3.85338 -0.000132875
3.15 -3.85338 -0.000132875
3.16 -3.85338 -0.000132875
3.17 -3.85338 -0.000132875
3.18 -3.85338 -0.000132875
3.19 -3.85338 -0.000132875
3.2 -3.85338 -0.000132875
3.21 -3.85338 -0.000132875
3.22 -3.85338 -0.000132875
3.23 -3.85338 -0.000132875
3.24 -3.85338 -0.000132875
3.25 -3.85338 -0.000132875
3.26 -3.85338 -0.000132875
3.27 -3.85338 -0.000132875
3.28 -3.85338 -0.000132875
3.29 -3.85338 -0.000132875
3.3 -3.85338 -0.000132875
3.31 -3.85338 -0.000132875
3.32 -3.85338 -0.000132875
3.33 -3.85338 -0.000132875
3.34 -3.85338 -0.000132875
3.35 -3.85338 -0.000132875
3.36 -3.85338 -0.000132875
3.37 -3.85338 -0.000132875
3.38 -3.85338 -0.000132875
3.39 -3.85338 -0.000132875
3.4 -3.85338 -0.000132875
3.41 -3.85338 -0.000132875
3.42 -3.85338 -0.000132875
3.43 -3.85338 -0.000132875
3.44 -3.85338 -0.000132875
3.45 -3.85338 -0.000132875
3.46 -3.85338 -0.000132875
3.47 -3.85338 -0.000132875
3.48 -3.85338 -0.000132875
3.49 -3.85338 -0.000132875
3.5 -3.85338 -0.000132875
3.51 -3.85338 -0.000132875
3.52 -3.85338 -0.000132875
3.53 -3.85338 -0.000132875
3.54 -3.85338 -0.000132875
3.55 -3.85338 -0.000132875
3.56 -3.85338 -0.000132875
3.57 -3.85338 -0.000132875
3.58 -3.85338 -0.000132875
3.59 -3.85338 -0.000132875
3.6 -3.85338 -0.000132875
3.61 -3.85338 -0.000132875
3.62 -3.85338 -0.000132875
3.63 -3.85338 -0.000132875
3.64 -3.85338 -0.000132875
3.65 -3.85338 -0.000132875
3.66 -3.85338 -0.000132875
3.67 -3.85338 -0.000132875
3.68 -3.85338 -0.000132875
3.69 -3.85338 -0.000132875
3.7 -3.85338 -0.000132875
3.71 -3.85338 -0.000132875
3.72 -3.85338 -0.000132875
3.73 -3.85338 -0.000132875
3.74 -3.85338 -0.000132875
3.75 -3.85338 -0.000132875
3.76 -3.85338 -0.000132875
3.77 -3.85338 -0.000132875
3.78 -3.85338 -0.000132875
3.79 -3.85338 -0.000132875
3.8 -3.85338 -0.000132875
3.81 -3.85338 -0.000132875
3.82 -3.85338 -0.000132875
3.83 -3.85338 -0.000132875
3.84 -3.85338 -0.000132875
3.85 -3.85338 -0.000132875
3.86 -3.85338 -0.000132875
3.87 -3.85338 -0.000132875
3.88 -3.85338 -0.000132875
3.89 -3.85338 -0.000132875
3.9 -3.85338 -0.000132875
3.91 -3.85338 -0.000132875
3.92 -3.85338 -0.000132875
3.93 -3.85338 -0.000132875
3.94 -3.85338 -0.000132875
3.95 -3.85338 -0.000132875
3.96 -3.85338 -0.000132875
3.97 -3.85338 -0.000132875
3.98 -3.85338 -0.000132875
3.99 -3.85338 -0.000132875
4 -3.85338 -0.000132875
4.01 -3.85338 -0.000132875
4.02 -3.85338 -0.000132875
4.03 -3.85338 -0.000132875
4.04 -3.85338 -0.000132875
4.05 -3.85338 -0.000132875
4.06 -3.85338 -0.000132875
4.07 -3.85338 -0.000132875
4.08 -3.85338 -0.000132875
4.09 -3.85338 -0.000132875
4.1 -3.85338 -0.000132875
4.11 -3.85338 -0.000132875
4.12 -3.85338 -0.000132875
4.13 -3.85338 -0.000132875
4.14 -3.85338 -0.000132875
4.15 -3.85338 -0.000132875
4.16 -3.85338 -0.000132875
4.17 -3.85338 -0.000132875
4.18 -3.85338 -0.000132875
4.19 -3.85338 -0.000132875
4.2 -3.85338 -0.000132875
4.21 -3.85338 -0.000132875
4.22 -3.85338 -0.000132875
4.23 -3.85338 -0.000132875
4.24 -3.85338 -0.000132875
4.25 -3.85338 -0.000132875
4.26 -3.85338 -0.000132875
4.27 -3.85338 -0.000132875
4.28 -3.85338 -0.000132875
4.29 -3.85338 -0.000132875
4.3 -3.85338 -0.000132875
4.31 -3.85338 -0.000132875
4.32 -3.85338 -0.000132875
4.33 -3.85338 -0.000132875
4.34 -3.85338 -0.000132875
4.35 -3.85338 -0.000132875
4.36 -3.85338 -0.000132875
4.37 -3.85338 -0.000132875
4.38 -3.85338 -0.000132875
4.39 -3.85338 -0.000132875
4.4 -3.85338 -0.000132875
4.41 -3.85338 -0.000132875
4.42 -3.85338 -0.000132875
4.43 -3.85338 -0.000132875
4.44 -3.85338 -0.000132875
4.45 -3.85338 -0.000132875
4.46 -3.85338 -0.000132875
4.47 -3.85338 -0.000132875
4.48 -3.85338 -0.000132875
4.49 -3.85338 -0.000132875
4.5 -3.85338 -0.000132875
4.51 -3.85338 -0.000132875
4.52 -3.85338 -0.000132875
4.53 -3.85338 -0.000132875
4.54 -3.85338 -0.000132875
4.55 -3.85338 -0.000132875
4.56 -3.85338 -0.000132875
4.57 -3.85338 -0.000132875
4.58 -3.85338 -0.000132875
4.59 -3.85338 -0.000132875
4.6 -3.85338 -0.000132875
4.61 -3.85338 -0.000132875
4.62 -3.85338 -0.000132875
4.63 -3.85338 -0.000132875
4.64 -3.85338 -0.000132875
4.65 -3.85338 -0.000132875
4.66 -3.85338 -0.000132875
4.67 -3.85338 -0.000132875
4.68 -3.85338 -0.000132875
4.69 -3.85338 -0.000132875
4.7 -3.85338 -0.000132875
4.71 -3.85338 -0.000132875
4.72 -3.85338 -0.000132875
4.73 -3.85338 -0.000132875
4.74 -3.85338 -0.000132875
4.75 -3.85338 -0.000132875
4.76 -3.85338 -0.000132875
4.77 -3.85338 -0.000132875
4.78 -3.85338 -0.000132875
4.79 -3.85338 -0.000132875
4.8 -3.85338 -0.000132875
4.81 -3.85338 -0.000132875
4.82 -3.85338 -0.000132875
4.83 -3.85338 -0.000132875
4.84 -3.85338 -0.000132875
4.85 -3.85338 -0.000132875
4.86 -3.85338 -0.000132875
4.87 -3.85338 -0.000132875
4.88 -3.85338 -0.000132875
4.89 -3.85338 -0.000132875
4.9 -3.85338 -0.000132875
4.91 -3.85338 -0.000132875
4.92 -3.85338 -0.000132875
4.93 -3.85338 -0.000132875
4.94 -3.85338 -0.000132875
4.95 -3.85338 -0.000132875
4.96 -3.85338 -0.000132875
4.97 -3.85338 -0.000132875
4.98 -3.85338 -0.000132875
4.99 -3.85338 -0.000132875
5 -3.85338 -0.000132875
5.01 -3.85338 -0.000132875
5.02 -3.85338 -0.000132875
5.03 -3.85338 -0.000132875
5.04 -3.85338 -0.000132875
5.05 -3.85338 -0.000132875
5.06 -3.85338 -0.000132875
5.07 -3.85338 -0.000132875
5.08 -3.85338 -0.000132875
5.09 -3.85338 -0.000132875
5.1 -3.85338 -0.000132875
5.11 -3.85338 -0.000132875
5.12 -3.85338 -0.000132875
5.13 -3.85338 -0.000132875
5.14 -3.85338 -0.000132875
5.15 -3.85338 -0.000132875
5.16 -3.85338 -0.000132875
5.17 -3.85338 -0.000132875
5.18 -3.85338 -0.000132875
5.19 -3.85338 -0.000132875
5.2 -3.85338 -0.000132875
5.21 -3.85338 -0.000132875
5.22 -3.85338 -0.000132875
5.23 -3.85338 -0.000132875
5.24 -3.85338 -0.000132875
5.25 -3.85338 -0.000132875
5.26 -3.85338 -0.000132875
5.27 -3.85338 -0.000132875
5.28 -3.85338 -0.000132875
5.29 -3.85338 -0.000132875
5.3 -3.85338 -0.000132875
5.31 -3.85338 -0.000132875
5.32 -3.85338 -0.000132875
5.33 -3.85338 -0.000132875
5.34 -3.85338 -0.000132875
5.35 -3.85338 -0.000132875
5.36 -3.85338 -0.000132875
5.37 -3.85338 -0.000132875
5.38 -3.85338 -0.000132875
5.39 -3.85338 -0.000132875
5.4 -3.85338 -0.000132875
5.41 -3.85338 -0.000132875
5.42 -3.85338 -0.000132875
5.43 -3.85338 -0.000132875
5.44 -3.85338 -0.000132875
5.45 -3.85338 -0.000132875
5.46 -3.85338 -0.000132875
5.47 -3.85338 -0.000132875
5.48 -3.85338 -0.000132875
5.49 -3.85338 -0.000132875
5.5 -3.85338 -0.000132875
5.51 -3.85338 -0.000132875
5.52 -3.85338 -0.000132875
5.53 -3.85338 -0.000132875
5.54 -3.85338 -0.000132875
5.55 -3.85338 -0.000132875
5.56 -3.85338 -0.000132875
5.57 -3.85338 -0.000132875
5.58 -3.85338 -0.000132875
5.59 -3.85338 -0.000132875
5.6 -3.85338 -0.000132875
5.61 -3.85338 -0.000132875
5.62 -3.85338 -0.000132875
5.63 -3.85338 -0.000132875
5.64 -3.85338 -0.000132875
5.65 -3.85338 -0.000132875
5.66 -3.85338 -0.000132875
5.67 -3.85338 -0.000132875
5.68 -3.85338 -0.000132875
5.69 -3.85338 -0.000132875
5.7 -3.85338 -0.000132875
5.71 -3.85338 -0.000132875
5.72 -3.85338 -0.000132875
5.73 -3.85338 -0.000132875
5.74 -3.85338 -0.000132875
5.75 -3.85338 -0.000132875
5.76 -3.85338 -0.000132875
5.77 -3.85338 -0.000132875
5.78 -3.85338 -0.000132875
5.79 -3.85338 -0.000132875
5.8 -3.85338 -0.000132875
5.81 -3.85338 -0.000132875
5.82 -3.85338 -0.000132875
5.83 -3.85338 -0.000132875
5.84 -3.85338 -0.000132875
5.85 -3.85338 -0.000132875
5.86 -3.85338 -0.000132875
5.87 -3.85338 -0.000132875
5.88 -3.85338 -0.000132875
5.89 -3.85338 -0.000132875
5.9 -3.85338 -0.000132875
5.91 -3.85338 -0.000132875
5.92 -3.85338 -0.000132875
5.93 -3.85338 -0.000132875
5.94 -3.85338 -0.000132875
5.95 -3.85338 -0.000132875
5.96 -3.85338 -0.000132875
5.97 -3.85338 -0.000132875
5.98 -3.85338 -0.000132875
5.99 -3.85338 -0.000132875
6 -3.85338 -0.000132875
6.01 -3.85338 -0.000132875
6.02 -3.85338 -0.000132875
6.03 -3.85338 -0.000132875
6.04 -3.85338 -0.000132875
6.05 -3.85338 -0.000132875
6.06 -3.85338 -0.000132875
6.07 -3.85338 -0.000132875
6.08 -3.85338 -0.000132875
6.09 -3.85338 -0.000132875
6.1 -3.85338 -0.000132875
6.11 -3.85338 -0.000132875
6.12 -3.85338 -0.000132875
6.13 -3.85338 -0.000132875
6.14 -3.85338 -0.000132875
6.15 -3.85338 -0.000132875
6.16 -3.85338 -0.000132875
6.17 -3.85338 -0.000132875
6.18 -3.85338 -0.000132875
6.19 -3.85338 -0.000132875
6.2 -3.85338 -0.000132875
6.21 -3.85338 -0.000132875
6.22 -3.85338 -0.000132875
6.23 -3.85338 -0.000132875
6.24 -3.85338 -0.000132875
6.25 -3.85338 -0.000132875
6.26 -3.85338 -0.000132875
6.27 -3.85338 -0.000132875
6.28 -3.85338 -0.000132875
6.29 -3.85338 -0.000132875
6.3 -3.85338 -0.000132875
6.31 -3.85338 -0.000132875
6.32 -3.85338 -0.000132875
6.33 -3.85338 -0.000132875
6.34 -3.85338 -0.000132875
6.35 -3.85338 -0.000132875
6.36 -3.85338 -0.000132875
6.37 -3.85338 -0.000132875
6.38 -3.85338 -0.000132875
6.39 -3.85338 -0.000132875
6.4 -3.85338 -0.000132875
6.41 -3.85338 -0.000132875
6.42 -3.85338 -0.000132875
6.43 -3.85338 -0.000132875
6.44 -3.85338 -0.000132875
6.45 -3.85338 -0.000132875
6.46 -3.85338 -0.000132875
6.47 -3.85338 -0.000132875
6.48 -3.85338 -0.000132875
6.49 -3.85338 -0.000132875
6.5 -3.85338 -0.000132875
6.51 -3.85338 -0.000132875
6.52 -3.85338 -0.000132875
6.53 -3.85338 -0.000132875
6.54 -3.85338 -0.000132875
6.55 -3.85338 -0.000132875
6.56 -3.85338 -0.000132875
6.57 -3.85338 -0.000132875
6.58 -3.85338 -0.000132875
6.59 -3.85338 -0.000132875
6.6 -3.85338 -0.000132875
6.61 -3.85338 -0.000132875
6.62 -3.85338 -0.000132875
6.63 -3.85338 -0.000132875
6.64 -3.85338 -0.000132875
6.65 -3.85338 -0.000132875
6.66 -3.85338 -0.000132875
6.67 -3.85338 -0.000132875
6.68 -3.85338 -0.000132875
6.69 -3.85338 -0.000132875
6.7 -3.85338 -0.000132875
6.71 -3.85338 -0.000132875
6.72 -3.85338 -0.000132875
6.73 -3.85338 -0.000132875
6.74 -3.85338 -0.000132875
6.75 -3.85338 -0.000132875
6.76 -3.85338 -0.000132875
6.77 -3.85338 -0.000132875
6.78 -3.85338 -0.000132875
6.79 -3.85338 -0.000132875
6.8 -3.85338 -0.000132875
6.81 -3.85338 -0.000132875
6.82 -3.85338 -0.000132875
6.83 -3.85338 -0.000132875
6.84 -3.85338 -0.000132875
6.85 -3.85338 -0.000132875
6.86 -3.85338 -0.000132875
6.87 -3.85338 -0.000132875
6.88 -3.85338 -0.000132875
6.89 -3.85338 -0.000132875
6.9 -3.85338 -0.000132875
6.91 -3.85338 -0.000132875
6.92 -3.85338 -0.000132875
6.93 -3.85338 -0.000132875
6.94 -3.85338 -0.000132875
6.95 -3.85338 -0.000132875
6.96 -3.85338 -0.000132875
6.97 -3.85338 -0.000132875
6.98 -3.85338 -0.000132875
6.99 -3.85338 -0.000132875
7 -3.85338 -0.000132875
7.01 -3.85338 -0.000132875
7.02 -3.85338 -0.000132875
7.03 -3.85338 -0.000132875
7.04 -3.85338 -0.000132875
7.05 -3.85338 -0.000132875
7.06 -3.85338 -0.000132875
7.07 -3.85338 -0.000132875
7.08 -3.85338 -0.000132875
7.09 -3.85338 -0.000132875
7.1 -3.85338 -0.000132875
7.11 -3.85338 -0.000132875
7.12 -3.85338 -0.000132875
7.13 -3.85338 -0.000132875
7.14 -3.85338 -0.000132875
7.15 -3.85338 -0.000132875
7.16 -3.85338 -0.000132875
7.17 -3.85338 -0.000132875
7.18 -3.85338 -0.000132875
7.19 -3.85338 -0.000132875
7.2 -3.85338 -0.000132875
7.21 -3.85338 -0.000132875
7.22 -3.85338 -0.000132875
7.23 -3.85338 -0.000132875
7.24 -3.85338 -0.000132875
7.25 -3.85338 -0.000132875
7.26 -3.85338 -0.000132875
7.27 -3.85338 -0.000132875
7.28 -3.85338 -0.000132875
7.29 -3.85338 -0.000132875
7.3 -3.85338 -0.000132875
7.31 -3.85338 -0.000132875
7.32 -3.85338 -0.000132875
7.33 -3.85338 -0.000132875
7.34 -3.85338 -0.000132875
7.35 -3.85338 -0.000132875
7.36 -3.85338 -0.000132875
7.37 -3.85338 -0.000132875
7.38 -3.85338 -0.000132875
7.39 -3.85338 -0.000132875
7.4 -3.85338 -0.000132875
7.41 -3.85338 -0.000132875
7.42 -3.85338 -0.000132875
7.43 -3.85338 -0.000132875
7.44 -3.85338 -0.000132875
7.45 -3.85338 -0.000132875
7.46 -3.85338 -0.000132875
7.47 -3.85338 -0.000132875
7.48 -3.85338 -0.000132875
7.49 -3.85338 -0.000132875
7.5 -3.85338 -0.000132875
7.51 -3.85338 -0.000132875
7.52 -3.85338 -0.000132875
7.53 -3.85338 -0.000132875
7.54 -3.85338 -0.000132875
7.55 -3.85338 -0.000132875
7.56 -3.85338 -0.000132875
7.57 -3.85338 -0.000132875
7.58 -3.85338 -0.000132875
7.59 -3.85338 -0.000132875
7.6 -3.85338 -0.000132875
7.61 -3.85338 -0.000132875
7.62 -3.85338 -0.000132875
7.63 -3.85338 -0.000132875
7.64 -3.85338 -0.000132875
7.65 -3.85338 -0.000132875
7.66 -3.85338 -0.000132875
7.67 -3.85338 -0.000132875
7.68 -3.85338 -0.000132875
7.69 -3.85338 -0.000132875
7.7 -3.85338 -0.000132875
7.71 -3.85338 -0.000132875
7.72 -3.85338 -0.000132875
7.73 -3.85338 -0.000132875
7.74 -3.85338 -0.000132875
7.75 -3.85338 -0.000132875
7.76 -3.85338 -0.000132875
7.77 -3.85338 -0.000132875
7.78 -3.85338 -0.000132875
7.79 -3.85338 -0.000132875
7.8 -3.85338 -0.000132875
7.81 -3.85338 -0.000132875
7.82 -3.85338 -0.000132875
7.83 -3.85338 -0.000132875
7.84 -3.85338 -0.000132875
7.85 -3.85338 -0.000132875
7.86 -3.85338 -0.000132875
7.87 -3.85338 -0.000132875
7.88 -3.85338 -0.000132875
7.89 -3.85338 -0.000132875
7.9 -3.85338 -0.000132875
7.91 -3.85338 -0.000132875
7.92 -3.85338 -0.000132875
7.93 -3.85338 -0.000132875
7.94 -3.85338 -0.000132875
7.95 -3.85338 -0.000132875
7.96 -3.85338 -0.000132875
7.97 -3.85338 -0.000132875
7.98 -3.85338 -0.000132875
7.99 -3.85338 -0.000132875
8 -3.85338 -0.000132875
8.01 -3.85338 -0.000132875
8.02 -3.85338 -0.000132875
8.03 -3.85338 -0.000132875
8.04 -3.85338 -0.000132875
8.05 -3.85338 -0.000132875
8.06 -3.85338 -0.000132875
8.07 -3.85338 -0.000132875
8.08 -3.85338 -0.000132875
8.09 -3.85338 -0.000132875
8.1 -3.85338 -0.000132875
8.11 -3.85338 -0.000132875
8.12 -3.85338 -0.000132875
8.13 -3.85338 -0.000132875
8.14 -3.85338 -0.000132875
8.15 -3.85338 -0.000132875
8.16 -3.85338 -0.000132875
8.17 -3.85338 -0.000132875
8.18 -3.85338 -0.000132875
8.19 -3.85338 -0.000132875
8.2 -3.85338 -0.000132875
8.21 -3.85338 -0.000132875
8.22 -3.85338 -0.000132875
8.23 -3.85338 -0.000132875
8.24 -3.85338 -0.000132875
8.25 -3.85338 -0.000132875
8.26 -3.85338 -0.000132875
8.27 -3.85338 -0.000132875
8.28 -3.85338 -0.000132875
8.29 -3.85338 -0.000132875
8.3 -3.85338 -0.000132875
8.31 -3.85338 -0.000132875
8.32 -3.85338 -0.000132875
8.33 -3.85338 -0.000132875
8.34 -3.85338 -0.000132875
8.35 -3.85338 -0.000132875
8.36 -3.85338 -0.000132875
8.37 -3.85338 -0.000132875
8.38 -3.85338 -0.000132875
8.39 -3.85338 -0.000132875
8.4 -3.85338 -0.000132875
8.41 -3.85338 -0.000132875
8.42 -3.85338 -0.000132875
8.43 -3.85338 -0.000132875
8.44 -3.85338 -0.000132875
8.45 -3.85338 -0.000132875
8.46 -3.85338 -0.000132875
8.47 -3.85338 -0.000132875
8.48 -3.85338 -0.000132875
8.49 -3.85338 -0.000132875
8.5 -3.85338 -0.000132875
8.51 -3.85338 -0.000132875
8.52 -3.85338 -0.000132875
8.53 -3.85338 -0.000132875
8.54 -3.85338 -0.000132875
8.55 -3.85338 -0.000132875
8.56 -3.85338 -0.000132875
8.57 -3.85338 -0.000132875
8.58 -3.85338 -0.000132875
8.59 -3.85338 -0.000132875
8.6 -3.85338 -0.000132875
8.61 -3.85338 -0.000132875
8.62 -3.85338 -0.000132875
8.63 -3.85338 -0.000132875
8.64 -3.85338 -0.000132875
8.65 -3.85338 -0.000132875
8.66 -3.85338 -0.000132875
8.67 -3.85338 -0.000132875
8.68 -3.85338 -0.000132875
8.69 -3.85338 -0.000132875
8.7 -3.85338 -0.000132875
8.71 -3.85338 -0.000132875
8.72 -3.85338 -0.000132875
8.73 -3.85338 -0.000132875
8.74 -3.85338 -0.000132875
8.75 -3.85338 -0.000132875
8.76 -3.85338 -0.000132875
8.77 -3.85338 -0.000132875
8.78 -3.85338 -0.000132875
8.79 -3.85338 -0.000132875
8.8 -3.85338 -0.000132875
8.81 -3.85338 -0.000132875
8.82 -3.85338 -0.000132875
8.83 -3.85338 -0.000132875
8.84 -3.85338 -0.000132875
8.85 -3.85338 -0.000132875
8.86 -3.85338 -0.000132875
8.87 -3.85338 -0.000132875
8.88 -3.85338 -0.000132875
8.89 -3.85338 -0.000132875
8.9 -3.85338 -0.000132875
8.91 -3.85338 -0.000132875
8.92 -3.85338 -0.000132875
8.93 -3.85338 -0.000132875
8.94 -3.85338 -0.000132875
8.95 -3.85338 -0.000132875
8.96 -3.85338 -0.000132875
8.97 -3.85338 -0.000132875
8.98 -3.85338 -0.000132875
8.99 -3.85338 -0.000132875
9 -3.85338 -0.000132875
9.01 -3.85338 -0.000132875
9.02 -3.85338 -0.000132875
9.03 -3.85338 -0.000132875
9.04 -3.85338 -0.000132875
9.05 -3.85338 -0.000132875
9.06 -3.85338 -0.000132875
9.07 -3.85338 -0.000132875
9.08 -3.85338 -0.000132875
9.09 -3.85338 -0.000132875
9.1 -3.85338 -0.000132875
9.11 -3.85338 -0.000132875
9.12 -3.85338 -0.000132875
9.13 -3.85338 -0.000132875
9.14 -3.85338 -0.000132875
9.15 -3.85338 -0.000132875
9.16 -3.85338 -0.000132875
9.17 -3.85338 -0.000132875
9.18 -3.85338 -0.000132875
9.19 -3.85338 -0.000132875
9.2 -3.85338 -0.000132875
9.21 -3.85338 -0.000132875
9.22 -3.85338 -0.000132875
9.23 -3.85338 -0.000132875
9.24 -3.85338 -0.000132875
9.25 -3.85338 -0.000132875
9.26 -3.85338 -0.000132875
9.27 -3.85338 -0.000132875
9.28 -3.85338 -0.000132875
9.29 -3.85338 -0.000132875
9.3 -3.85338 -0.000132875
9.31 -3.85338 -0.000132875
9.32 -3.85338 -0.000132875
9.33 -3.85338 -0.000132875
9.34 -3.85338 -0.000132875
9.35 -3.85338 -0.000132875
9.36 -3.85338 -0.000132875
9.37 -3.85338 -0.000132875
9.38 -3.85338 -0.000132875
9.39 -3.85338 -0.000132875
9.4 -3.85338 -0.000132875
9.41 -3.85338 -0.000132875
9.42 -3.85338 -0.000132875
9.43 -3.85338 -0.000132875
9.44 -3.85338 -0.000132875
9.45 -3.85338 -0.000132875
9.46 -3.85338 -0.000132875
9.47 -3.85338 -0.000132875
9.48 -3.85338 -0.000132875
9.49 -3.85338 -0.000132875
9.5 -3.85338 -0.000132875
9.51 -3.85338 -0.000132875
9.52 -3.85338 -0.000132875
9.53 -3.85338 -0.000132875
9.54 -3.85338 -0.000132875
9.55 -3.85338 -0.000132875
9.56 -3.85338 -0.000132875
9.57 -3.85338 -0.000132875
9.58 -3.85338 -0.000132875
9.59 -3.85338 -0.000132875
9.6 -3.85338 -0.000132875
9.61 -3.85338 -0.000132875
9.62 -3.85338 -0.000132875
9.63 -3.85338 -0.000132875
9.64 -3.85338 -0.000132875
9.65 -3.85338 -0.000132875
9.66 -3.85338 -0.000132875
9.67 -3.85338 -0.000132875
9.68 -3.85338 -0.000132875
9.69 -3.85338 -0.000132875
9.7 -3.85338 -0.000132875
9.71 -3.85338 -0.000132875
9.72 -3.85338 -0.000132875
9.73 -3.85338 -0.000132875
9.74 -3.85338 -0.000132875
9.75 -3.85338 -0.000132875
9.76 -3.85338 -0.000132875
9.77 -3.85338 -0.000132875
9.78 -3.85338 -0.000132875
9.79 -3.85338 -0.000132875
9.8 -3.85338 -0.000132875
9.81 -3.85338 -0.000132875
9.82 -3.85338 -0.000132875
9.83 -3.85338 -0.000132875
9.84 -3.85338 -0.000132875
9.85 -3.85338 -0.000132875
9.86 -3.85338 -0.000132875
9.87 -3.85338 -0.000132875
9.88 -3.85338 -0.000132875
9.89 -3.85338 -0.000132875
9.9 -3.85338 -0.000132875
9.91 -3.85338 -0.000132875
9.92 -3.85338 -0.000132875
9.93 -3.85338 -0.000132875
9.94 -3.85338 -0.000132875
9.95 -3.85338 -0.000132875
9.96 -3.85338 -0.000132875
9.97 -3.85338 -0.000132875
9.98 -3.85338 -0.000132875
9.99 -3.85338 -0.000132875
10 -3.85338 -0.000132875
