0.1 -2.08016e-008 -3.06905e-006 -6.62382e-019 1.89076e-009 1.89076e-009
0.2 -8.36475e-008 -6.14743e-006 -5.55957e-018 3.78367e-009 3.78367e-009
0.3 -1.89212e-007 -9.23527e-006 -4.91744e-018 5.67874e-009 5.67874e-009
0.4 -3.38187e-007 -1.23327e-005 -4.23906e-018 7.57597e-009 7.57597e-009
0.5 -5.3128e-007 -1.54398e-005 -4.60364e-018 9.47538e-009 9.47538e-009
0.6 -7.61002e-007 -1.85635e-005 -3.4852e-018 1.13844e-008 1.13844e-008
0.7 7.01769e-007 -2.20758e-005 -3.39252e-018 1.32939e-008 1.32939e-008
0.8 5.04165e-006 -2.61555e-005 -3.7678e-018 1.51568e-008 1.51568e-008
0.9 1.19677e-005 -3.06834e-005 -2.8754e-018 1.69868e-008 1.69868e-008
1 2.14021e-005 -3.56744e-005 -2.48433e-018 1.87765e-008 1.87765e-008
0.01 2.14021e-005 -3.56744e-005 1.37708e-021 1.87765e-008 1.87765e-008
0.02 2.14021e-005 -3.56744e-005 -3.96258e-019 1.87765e-008 1.87765e-008
0.03 2.14021e-005 -3.56744e-005 -3.9166e-019 1.87765e-008 1.87765e-008
0.04 2.14021e-005 -3.56744e-005 -3.95143e-019 1.87765e-008 1.87765e-008
0.05 2.14021e-005 -3.56744e-005 -3.94118e-019 1.87765e-008 1.87765e-008
0.06 2.14021e-005 -3.56744e-005 -3.95666e-019 1.87765e-008 1.87765e-008
0.07 2.14021e-005 -3.56744e-005 -3.95363e-019 1.87765e-008 1.87765e-008
0.08 2.14021e-005 -3.56744e-005 -3.95064e-019 1.87765e-008 1.87765e-008
0.09 2.14021e-005 -3.56744e-005 -3.95196e-019 1.87765e-008 1.87765e-008
0.1 2.14021e-005 -3.56744e-005 -3.95194e-019 1.87765e-008 1.87765e-008
0.11 2.14021e-005 -3.56744e-005 -3.96982e-019 1.87765e-008 1.87765e-008
0.12 2.14021e-005 -3.56744e-005 -3.94806e-019 1.87765e-008 1.87765e-008
0.13 2.14021e-005 -3.56744e-005 -3.94818e-019 1.87765e-008 1.87765e-008
0.14 2.14021e-005 -3.56744e-005 -3.94329e-019 1.87765e-008 1.87765e-008
0.15 2.14021e-005 -3.56744e-005 -3.94371e-019 1.87765e-008 1.87765e-008
0.16 2.14021e-005 -3.56744e-005 -3.97337e-019 1.87765e-008 1.87765e-008
0.17 2.14021e-005 -3.56744e-005 -3.90735e-019 1.87765e-008 1.87765e-008
0.18 2.14021e-005 -3.56744e-005 -4.27539e-019 1.87765e-008 1.87765e-008
0.19 2.14021e-005 -3.56744e-005 -3.50406e-019 1.87765e-008 1.87765e-008
0.2 2.14021e-005 -3.56744e-005 -4.55212e-019 1.87765e-008 1.87765e-008
0.21 2.14021e-005 -3.56744e-005 -2.68586e-019 1.87765e-008 1.87765e-008
0.22 2.14021e-005 -3.56744e-005 -5.4212e-019 1.87765e-008 1.87765e-008
0.23 2.14021e-005 -3.56744e-005 -1.3044e-018 1.87765e-008 1.87765e-008
0.24 2.14021e-005 -3.56744e-005 -2.05548e-018 1.87765e-008 1.87765e-008
0.25 2.14021e-005 -3.56744e-005 1.0296e-019 1.87765e-008 1.87765e-008
0.26 2.14021e-005 -3.56744e-005 4.33934e-018 1.87765e-008 1.87765e-008
0.27 2.14021e-005 -3.56744e-005 6.01561e-018 1.87765e-008 1.87765e-008
0.28 2.14021e-005 -3.56744e-005 -2.14795e-018 1.87765e-008 1.87765e-008
0.29 2.14021e-005 -3.56744e-005 2.23448e-018 1.87765e-008 1.87765e-008
0.3 2.14021e-005 -3.56744e-005 -2.47483e-018 1.87765e-008 1.87765e-008
0.31 2.14021e-005 -3.56744e-005 1.09512e-017 1.87765e-008 1.87765e-008
0.32 2.14021e-005 -3.56744e-005 -6.31712e-018 1.87765e-008 1.87765e-008
0.33 2.14021e-005 -3.56744e-005 1.27549e-017 1.87765e-008 1.87765e-008
0.34 2.14021e-005 -3.56744e-005 2.22876e-018 1.87765e-008 1.87765e-008
0.35 2.14021e-005 -3.56744e-005 -3.14629e-018 1.87765e-008 1.87765e-008
0.36 2.14021e-005 -3.56744e-005 8.86043e-019 1.87765e-008 1.87765e-008
0.37 2.14021e-005 -3.56744e-005 1.89566e-018 1.87765e-008 1.87765e-008
0.38 2.14021e-005 -3.56744e-005 -1.25753e-018 1.87765e-008 1.87765e-008
0.39 2.14021e-005 -3.56744e-005 4.55667e-018 1.87765e-008 1.87765e-008
0.4 2.14021e-005 -3.56744e-005 -3.00058e-018 1.87765e-008 1.87765e-008
0.41 2.14021e-005 -3.56744e-005 5.62477e-018 1.87765e-008 1.87765e-008
0.42 2.14021e-005 -3.56744e-005 -2.54634e-018 1.87765e-008 1.87765e-008
0.43 2.14021e-005 -3.56744e-005 4.44189e-018 1.87765e-008 1.87765e-008
0.44 2.14021e-005 -3.56744e-005 -1.88677e-019 1.87765e-008 1.87765e-008
0.45 2.14021e-005 -3.56744e-005 1.11823e-017 1.87765e-008 1.87765e-008
0.46 2.14021e-005 -3.56744e-005 1.01374e-017 1.87765e-008 1.87765e-008
0.47 2.14021e-005 -3.56744e-005 1.2189e-017 1.87765e-008 1.87765e-008
0.48 2.14021e-005 -3.56744e-005 -2.62738e-018 1.87765e-008 1.87765e-008
0.49 2.14021e-005 -3.56744e-005 -3.34454e-018 1.87765e-008 1.87765e-008
0.5 2.14021e-005 -3.56744e-005 -2.43016e-019 1.87765e-008 1.87765e-008
0.51 2.14021e-005 -3.56744e-005 5.85957e-018 1.87765e-008 1.87765e-008
0.52 2.14021e-005 -3.56744e-005 -7.99675e-018 1.87765e-008 1.87765e-008
0.53 2.14021e-005 -3.56744e-005 1.03694e-018 1.87765e-008 1.87765e-008
0.54 2.14021e-005 -3.56744e-005 -4.99249e-020 1.87765e-008 1.87765e-008
0.55 2.14021e-005 -3.56744e-005 4.33702e-018 1.87765e-008 1.87765e-008
0.56 2.14021e-005 -3.56744e-005 -4.62133e-018 1.87765e-008 1.87765e-008
0.57 2.14021e-005 -3.56744e-005 6.32302e-018 1.87765e-008 1.87765e-008
0.58 2.14021e-005 -3.56744e-005 -1.81591e-018 1.87765e-008 1.87765e-008
0.59 2.14021e-005 -3.56744e-005 -5.22852e-018 1.87765e-008 1.87765e-008
0.6 2.14021e-005 -3.56744e-005 -1.36047e-017 1.87765e-008 1.87765e-008
0.61 2.14021e-005 -3.56744e-005 -1.09146e-017 1.87765e-008 1.87765e-008
0.62 2.14021e-005 -3.56744e-005 -3.29991e-018 1.87765e-008 1.87765e-008
0.63 2.14021e-005 -3.56744e-005 4.05864e-018 1.87765e-008 1.87765e-008
0.64 2.14021e-005 -3.56744e-005 3.42242e-018 1.87765e-008 1.87765e-008
0.65 2.14021e-005 -3.56744e-005 -1.43718e-017 1.87765e-008 1.87765e-008
0.66 2.14021e-005 -3.56744e-005 -5.95033e-018 1.87765e-008 1.87765e-008
0.67 2.14021e-005 -3.56744e-005 -1.29064e-018 1.87765e-008 1.87765e-008
0.68 2.14021e-005 -3.56744e-005 -1.36871e-017 1.87765e-008 1.87765e-008
0.69 2.14021e-005 -3.56744e-005 -9.33403e-018 1.87765e-008 1.87765e-008
0.7 2.14021e-005 -3.56744e-005 -4.2522e-018 1.87765e-008 1.87765e-008
0.71 2.14021e-005 -3.56744e-005 -1.14432e-018 1.87765e-008 1.87765e-008
0.72 2.14021e-005 -3.56744e-005 -1.42768e-018 1.87765e-008 1.87765e-008
0.73 2.14021e-005 -3.56744e-005 -4.4962e-018 1.87765e-008 1.87765e-008
0.74 2.14021e-005 -3.56744e-005 -5.07178e-018 1.87765e-008 1.87765e-008
0.75 2.14021e-005 -3.56744e-005 -8.29277e-018 1.87765e-008 1.87765e-008
0.76 2.14021e-005 -3.56744e-005 1.34488e-017 1.87765e-008 1.87765e-008
0.77 2.14021e-005 -3.56744e-005 5.76289e-018 1.87765e-008 1.87765e-008
0.78 2.14021e-005 -3.56744e-005 -9.91201e-018 1.87765e-008 1.87765e-008
0.79 2.14021e-005 -3.56744e-005 2.06333e-018 1.87765e-008 1.87765e-008
0.8 2.14021e-005 -3.56744e-005 -2.17621e-019 1.87765e-008 1.87765e-008
0.81 2.14021e-005 -3.56744e-005 3.41232e-018 1.87765e-008 1.87765e-008
0.82 2.14021e-005 -3.56744e-005 6.23038e-018 1.87765e-008 1.87765e-008
0.83 2.14021e-005 -3.56744e-005 -6.47828e-018 1.87765e-008 1.87765e-008
0.84 2.14021e-005 -3.56744e-005 7.40831e-018 1.87765e-008 1.87765e-008
0.85 2.14021e-005 -3.56744e-005 -9.982e-018 1.87765e-008 1.87765e-008
0.86 2.14021e-005 -3.56744e-005 8.88929e-018 1.87765e-008 1.87765e-008
0.87 2.14021e-005 -3.56744e-005 -8.48959e-018 1.87765e-008 1.87765e-008
0.88 2.14021e-005 -3.56744e-005 -1.32684e-018 1.87765e-008 1.87765e-008
0.89 2.14021e-005 -3.56744e-005 6.50005e-019 1.87765e-008 1.87765e-008
0.9 2.14021e-005 -3.56744e-005 -2.40174e-018 1.87765e-008 1.87765e-008
0.91 2.14021e-005 -3.56744e-005 -3.92325e-018 1.87765e-008 1.87765e-008
0.92 2.14021e-005 -3.56744e-005 7.40935e-018 1.87765e-008 1.87765e-008
0.93 2.14021e-005 -3.56744e-005 -1.16992e-017 1.87765e-008 1.87765e-008
0.94 2.14021e-005 -3.56744e-005 1.76135e-017 1.87765e-008 1.87765e-008
0.95 2.14021e-005 -3.56744e-005 2.96498e-019 1.87765e-008 1.87765e-008
0.96 2.14021e-005 -3.56744e-005 -2.22441e-018 1.87765e-008 1.87765e-008
0.97 2.14021e-005 -3.56744e-005 1.24044e-017 1.87765e-008 1.87765e-008
0.98 2.14021e-005 -3.56744e-005 7.87472e-019 1.87765e-008 1.87765e-008
0.99 2.14021e-005 -3.56744e-005 -2.80847e-018 1.87765e-008 1.87765e-008
1 2.14021e-005 -3.56744e-005 -5.56431e-018 1.87765e-008 1.87765e-008
1.01 2.14021e-005 -3.56744e-005 5.56294e-018 1.87765e-008 1.87765e-008
1.02 2.14021e-005 -3.56744e-005 1.38944e-018 1.87765e-008 1.87765e-008
1.03 2.14021e-005 -3.56744e-005 1.67093e-018 1.87765e-008 1.87765e-008
1.04 2.14021e-005 -3.56744e-005 1.03417e-018 1.87765e-008 1.87765e-008
1.05 2.14021e-005 -3.56744e-005 -1.73634e-018 1.87765e-008 1.87765e-008
1.06 2.14021e-005 -3.56744e-005 8.08733e-019 1.87765e-008 1.87765e-008
1.07 2.14021e-005 -3.56744e-005 -1.56849e-018 1.87765e-008 1.87765e-008
1.08 2.14021e-005 -3.56744e-005 4.5866e-019 1.87765e-008 1.87765e-008
1.09 2.14021e-005 -3.56744e-005 1.24969e-018 1.87765e-008 1.87765e-008
1.1 2.14021e-005 -3.56744e-005 -1.6407e-018 1.87765e-008 1.87765e-008
1.11 2.14021e-005 -3.56744e-005 -2.28222e-018 1.87765e-008 1.87765e-008
1.12 2.14021e-005 -3.56744e-005 1.85164e-018 1.87765e-008 1.87765e-008
1.13 2.14021e-005 -3.56744e-005 1.59157e-018 1.87765e-008 1.87765e-008
1.14 2.14021e-005 -3.56744e-005 -2.51635e-018 1.87765e-008 1.87765e-008
1.15 2.14021e-005 -3.56744e-005 -8.04588e-018 1.87765e-008 1.87765e-008
1.16 2.14021e-005 -3.56744e-005 8.37762e-018 1.87765e-008 1.87765e-008
1.17 2.14021e-005 -3.56744e-005 -1.19107e-017 1.87765e-008 1.87765e-008
1.18 2.14021e-005 -3.56744e-005 1.19888e-017 1.87765e-008 1.87765e-008
1.19 2.14021e-005 -3.56744e-005 -7.57222e-018 1.87765e-008 1.87765e-008
1.2 2.14021e-005 -3.56744e-005 -1.08875e-018 1.87765e-008 1.87765e-008
1.21 2.14021e-005 -3.56744e-005 2.81494e-018 1.87765e-008 1.87765e-008
1.22 2.14021e-005 -3.56744e-005 -3.08074e-018 1.87765e-008 1.87765e-008
1.23 2.14021e-005 -3.56744e-005 7.38861e-018 1.87765e-008 1.87765e-008
1.24 2.14021e-005 -3.56744e-005 -6.72625e-018 1.87765e-008 1.87765e-008
1.25 2.14021e-005 -3.56744e-005 -7.10755e-018 1.87765e-008 1.87765e-008
1.26 2.14021e-005 -3.56744e-005 4.68801e-018 1.87765e-008 1.87765e-008
1.27 2.14021e-005 -3.56744e-005 -1.00211e-017 1.87765e-008 1.87765e-008
1.28 2.14021e-005 -3.56744e-005 2.14555e-018 1.87765e-008 1.87765e-008
1.29 2.14021e-005 -3.56744e-005 -1.95536e-018 1.87765e-008 1.87765e-008
1.3 2.14021e-005 -3.56744e-005 1.76212e-018 1.87765e-008 1.87765e-008
1.31 2.14021e-005 -3.56744e-005 -1.22937e-018 1.87765e-008 1.87765e-008
1.32 2.14021e-005 -3.56744e-005 -6.3642e-019 1.87765e-008 1.87765e-008
1.33 2.14021e-005 -3.56744e-005 -1.25139e-018 1.87765e-008 1.87765e-008
1.34 2.14021e-005 -3.56744e-005 -2.18494e-018 1.87765e-008 1.87765e-008
1.35 2.14021e-005 -3.56744e-005 2.85158e-018 1.87765e-008 1.87765e-008
1.36 2.14021e-005 -3.56744e-005 -4.57415e-018 1.87765e-008 1.87765e-008
1.37 2.14021e-005 -3.56744e-005 -1.22518e-017 1.87765e-008 1.87765e-008
1.38 2.14021e-005 -3.56744e-005 2.5809e-018 1.87765e-008 1.87765e-008
1.39 2.14021e-005 -3.56744e-005 -1.80052e-018 1.87765e-008 1.87765e-008
1.4 2.14021e-005 -3.56744e-005 3.35541e-018 1.87765e-008 1.87765e-008
1.41 2.14021e-005 -3.56744e-005 8.00005e-018 1.87765e-008 1.87765e-008
1.42 2.14021e-005 -3.56744e-005 -1.44833e-018 1.87765e-008 1.87765e-008
1.43 2.14021e-005 -3.56744e-005 -1.69865e-018 1.87765e-008 1.87765e-008
1.44 2.14021e-005 -3.56744e-005 3.97811e-018 1.87765e-008 1.87765e-008
1.45 2.14021e-005 -3.56744e-005 -2.07884e-018 1.87765e-008 1.87765e-008
1.46 2.14021e-005 -3.56744e-005 -6.69168e-018 1.87765e-008 1.87765e-008
1.47 2.14021e-005 -3.56744e-005 -4.55201e-018 1.87765e-008 1.87765e-008
1.48 2.14021e-005 -3.56744e-005 -2.84071e-018 1.87765e-008 1.87765e-008
1.49 2.14021e-005 -3.56744e-005 -1.8053e-018 1.87765e-008 1.87765e-008
1.5 2.14021e-005 -3.56744e-005 -2.53662e-018 1.87765e-008 1.87765e-008
1.51 2.14021e-005 -3.56744e-005 -2.00092e-018 1.87765e-008 1.87765e-008
1.52 2.14021e-005 -3.56744e-005 -6.47975e-019 1.87765e-008 1.87765e-008
1.53 2.14021e-005 -3.56744e-005 -1.68736e-018 1.87765e-008 1.87765e-008
1.54 2.14021e-005 -3.56744e-005 -1.60048e-018 1.87765e-008 1.87765e-008
1.55 2.14021e-005 -3.56744e-005 -1.08865e-018 1.87765e-008 1.87765e-008
1.56 2.14021e-005 -3.56744e-005 -1.45772e-018 1.87765e-008 1.87765e-008
1.57 2.14021e-005 -3.56744e-005 -2.43559e-018 1.87765e-008 1.87765e-008
1.58 2.14021e-005 -3.56744e-005 9.49895e-019 1.87765e-008 1.87765e-008
1.59 2.14021e-005 -3.56744e-005 -5.90594e-018 1.87765e-008 1.87765e-008
1.6 2.14021e-005 -3.56744e-005 -1.1852e-017 1.87765e-008 1.87765e-008
1.61 2.14021e-005 -3.56744e-005 -2.28325e-018 1.87765e-008 1.87765e-008
1.62 2.14021e-005 -3.56744e-005 -3.18253e-018 1.87765e-008 1.87765e-008
1.63 2.14021e-005 -3.56744e-005 -3.42422e-018 1.87765e-008 1.87765e-008
1.64 2.14021e-005 -3.56744e-005 -3.88557e-018 1.87765e-008 1.87765e-008
1.65 2.14021e-005 -3.56744e-005 -3.21543e-018 1.87765e-008 1.87765e-008
1.66 2.14021e-005 -3.56744e-005 -3.09381e-018 1.87765e-008 1.87765e-008
1.67 2.14021e-005 -3.56744e-005 -4.80393e-018 1.87765e-008 1.87765e-008
1.68 2.14021e-005 -3.56744e-005 -1.07492e-018 1.87765e-008 1.87765e-008
1.69 2.14021e-005 -3.56744e-005 -3.58043e-018 1.87765e-008 1.87765e-008
1.7 2.14021e-005 -3.56744e-005 -2.10423e-018 1.87765e-008 1.87765e-008
1.71 2.14021e-005 -3.56744e-005 -4.02271e-018 1.87765e-008 1.87765e-008
1.72 2.14021e-005 -3.56744e-005 -2.8706e-018 1.87765e-008 1.87765e-008
1.73 2.14021e-005 -3.56744e-005 -2.84454e-018 1.87765e-008 1.87765e-008
1.74 2.14021e-005 -3.56744e-005 -4.03781e-018 1.87765e-008 1.87765e-008
1.75 2.14021e-005 -3.56744e-005 -2.48088e-018 1.87765e-008 1.87765e-008
1.76 2.14021e-005 -3.56744e-005 -3.00267e-018 1.87765e-008 1.87765e-008
1.77 2.14021e-005 -3.56744e-005 6.72855e-018 1.87765e-008 1.87765e-008
1.78 2.14021e-005 -3.56744e-005 -1.1227e-017 1.87765e-008 1.87765e-008
1.79 2.14021e-005 -3.56744e-005 1.09385e-019 1.87765e-008 1.87765e-008
1.8 2.14021e-005 -3.56744e-005 -2.29338e-018 1.87765e-008 1.87765e-008
1.81 2.14021e-005 -3.56744e-005 -2.10169e-018 1.87765e-008 1.87765e-008
1.82 2.14021e-005 -3.56744e-005 -2.64942e-018 1.87765e-008 1.87765e-008
1.83 2.14021e-005 -3.56744e-005 -1.36869e-018 1.87765e-008 1.87765e-008
1.84 2.14021e-005 -3.56744e-005 -3.36802e-018 1.87765e-008 1.87765e-008
1.85 2.14021e-005 -3.56744e-005 -1.4123e-018 1.87765e-008 1.87765e-008
1.86 2.14021e-005 -3.56744e-005 -4.9272e-018 1.87765e-008 1.87765e-008
1.87 2.14021e-005 -3.56744e-005 -2.27957e-019 1.87765e-008 1.87765e-008
1.88 2.14021e-005 -3.56744e-005 -2.24309e-018 1.87765e-008 1.87765e-008
1.89 2.14021e-005 -3.56744e-005 -2.65724e-018 1.87765e-008 1.87765e-008
1.9 2.14021e-005 -3.56744e-005 -2.38056e-018 1.87765e-008 1.87765e-008
1.91 2.14021e-005 -3.56744e-005 -2.0928e-018 1.87765e-008 1.87765e-008
1.92 2.14021e-005 -3.56744e-005 -2.76367e-018 1.87765e-008 1.87765e-008
1.93 2.14021e-005 -3.56744e-005 -3.38909e-018 1.87765e-008 1.87765e-008
1.94 2.14021e-005 -3.56744e-005 -2.089e-018 1.87765e-008 1.87765e-008
1.95 2.14021e-005 -3.56744e-005 -5.47901e-018 1.87765e-008 1.87765e-008
1.96 2.14021e-005 -3.56744e-005 -7.92487e-018 1.87765e-008 1.87765e-008
1.97 2.14021e-005 -3.56744e-005 5.52441e-018 1.87765e-008 1.87765e-008
1.98 2.14021e-005 -3.56744e-005 -1.02041e-017 1.87765e-008 1.87765e-008
1.99 2.14021e-005 -3.56744e-005 1.48894e-018 1.87765e-008 1.87765e-008
2 2.14021e-005 -3.56744e-005 -4.91391e-018 1.87765e-008 1.87765e-008
2.01 2.14021e-005 -3.56744e-005 2.69675e-018 1.87765e-008 1.87765e-008
2.02 2.14021e-005 -3.56744e-005 -3.52404e-018 1.87765e-008 1.87765e-008
2.03 2.14021e-005 -3.56744e-005 8.64295e-019 1.87765e-008 1.87765e-008
2.04 2.14021e-005 -3.56744e-005 -3.58921e-018 1.87765e-008 1.87765e-008
2.05 2.14021e-005 -3.56744e-005 -7.56275e-018 1.87765e-008 1.87765e-008
2.06 2.14021e-005 -3.56744e-005 2.29364e-018 1.87765e-008 1.87765e-008
2.07 2.14021e-005 -3.56744e-005 -1.32362e-017 1.87765e-008 1.87765e-008
2.08 2.14021e-005 -3.56744e-005 7.06962e-018 1.87765e-008 1.87765e-008
2.09 2.14021e-005 -3.56744e-005 -1.12678e-017 1.87765e-008 1.87765e-008
2.1 2.14021e-005 -3.56744e-005 5.1189e-019 1.87765e-008 1.87765e-008
2.11 2.14021e-005 -3.56744e-005 -3.21255e-018 1.87765e-008 1.87765e-008
2.12 2.14021e-005 -3.56744e-005 -1.94637e-018 1.87765e-008 1.87765e-008
2.13 2.14021e-005 -3.56744e-005 -2.6024e-018 1.87765e-008 1.87765e-008
2.14 2.14021e-005 -3.56744e-005 1.01934e-018 1.87765e-008 1.87765e-008
2.15 2.14021e-005 -3.56744e-005 -3.16006e-018 1.87765e-008 1.87765e-008
2.16 2.14021e-005 -3.56744e-005 3.17502e-018 1.87765e-008 1.87765e-008
2.17 2.14021e-005 -3.56744e-005 -7.75843e-018 1.87765e-008 1.87765e-008
2.18 2.14021e-005 -3.56744e-005 -9.15257e-019 1.87765e-008 1.87765e-008
2.19 2.14021e-005 -3.56744e-005 -5.54914e-018 1.87765e-008 1.87765e-008
2.2 2.14021e-005 -3.56744e-005 -1.15259e-018 1.87765e-008 1.87765e-008
2.21 2.14021e-005 -3.56744e-005 -2.86115e-018 1.87765e-008 1.87765e-008
2.22 2.14021e-005 -3.56744e-005 -1.22658e-018 1.87765e-008 1.87765e-008
2.23 2.14021e-005 -3.56744e-005 -2.99737e-018 1.87765e-008 1.87765e-008
2.24 2.14021e-005 -3.56744e-005 -9.85123e-019 1.87765e-008 1.87765e-008
2.25 2.14021e-005 -3.56744e-005 -4.49549e-018 1.87765e-008 1.87765e-008
2.26 2.14021e-005 -3.56744e-005 -3.33269e-018 1.87765e-008 1.87765e-008
2.27 2.14021e-005 -3.56744e-005 -1.2094e-018 1.87765e-008 1.87765e-008
2.28 2.14021e-005 -3.56744e-005 1.49955e-019 1.87765e-008 1.87765e-008
2.29 2.14021e-005 -3.56744e-005 -3.44141e-018 1.87765e-008 1.87765e-008
2.3 2.14021e-005 -3.56744e-005 6.03213e-019 1.87765e-008 1.87765e-008
2.31 2.14021e-005 -3.56744e-005 -4.35055e-018 1.87765e-008 1.87765e-008
2.32 2.14021e-005 -3.56744e-005 7.96874e-019 1.87765e-008 1.87765e-008
2.33 2.14021e-005 -3.56744e-005 -5.26947e-018 1.87765e-008 1.87765e-008
2.34 2.14021e-005 -3.56744e-005 -4.20763e-019 1.87765e-008 1.87765e-008
2.35 2.14021e-005 -3.56744e-005 -4.47857e-018 1.87765e-008 1.87765e-008
2.36 2.14021e-005 -3.56744e-005 -1.09398e-018 1.87765e-008 1.87765e-008
2.37 2.14021e-005 -3.56744e-005 -3.1086e-018 1.87765e-008 1.87765e-008
2.38 2.14021e-005 -3.56744e-005 -2.47819e-018 1.87765e-008 1.87765e-008
2.39 2.14021e-005 -3.56744e-005 -2.25971e-018 1.87765e-008 1.87765e-008
2.4 2.14021e-005 -3.56744e-005 -1.88704e-018 1.87765e-008 1.87765e-008
2.41 2.14021e-005 -3.56744e-005 -3.13393e-018 1.87765e-008 1.87765e-008
2.42 2.14021e-005 -3.56744e-005 -1.70952e-018 1.87765e-008 1.87765e-008
2.43 2.14021e-005 -3.56744e-005 -3.00767e-018 1.87765e-008 1.87765e-008
2.44 2.14021e-005 -3.56744e-005 -5.22863e-018 1.87765e-008 1.87765e-008
2.45 2.14021e-005 -3.56744e-005 -1.91757e-018 1.87765e-008 1.87765e-008
2.46 2.14021e-005 -3.56744e-005 -2.64666e-018 1.87765e-008 1.87765e-008
2.47 2.14021e-005 -3.56744e-005 -1.83395e-018 1.87765e-008 1.87765e-008
2.48 2.14021e-005 -3.56744e-005 -2.89716e-018 1.87765e-008 1.87765e-008
2.49 2.14021e-005 -3.56744e-005 -1.01411e-018 1.87765e-008 1.87765e-008
2.5 2.14021e-005 -3.56744e-005 -3.79598e-018 1.87765e-008 1.87765e-008
2.51 2.14021e-005 -3.56744e-005 1.3046e-019 1.87765e-008 1.87765e-008
2.52 2.14021e-005 -3.56744e-005 -4.94354e-018 1.87765e-008 1.87765e-008
2.53 2.14021e-005 -3.56744e-005 -2.10053e-018 1.87765e-008 1.87765e-008
2.54 2.14021e-005 -3.56744e-005 -6.97493e-018 1.87765e-008 1.87765e-008
2.55 2.14021e-005 -3.56744e-005 -1.63524e-018 1.87765e-008 1.87765e-008
2.56 2.14021e-005 -3.56744e-005 -8.18853e-018 1.87765e-008 1.87765e-008
2.57 2.14021e-005 -3.56744e-005 2.38547e-019 1.87765e-008 1.87765e-008
2.58 2.14021e-005 -3.56744e-005 -1.06906e-017 1.87765e-008 1.87765e-008
2.59 2.14021e-005 -3.56744e-005 2.65473e-018 1.87765e-008 1.87765e-008
2.6 2.14021e-005 -3.56744e-005 -1.38612e-017 1.87765e-008 1.87765e-008
2.61 2.14021e-005 -3.56744e-005 4.82464e-018 1.87765e-008 1.87765e-008
2.62 2.14021e-005 -3.56744e-005 -1.68502e-017 1.87765e-008 1.87765e-008
2.63 2.14021e-005 -3.56744e-005 5.26167e-018 1.87765e-008 1.87765e-008
2.64 2.14021e-005 -3.56744e-005 -1.81116e-017 1.87765e-008 1.87765e-008
2.65 2.14021e-005 -3.56744e-005 4.27055e-018 1.87765e-008 1.87765e-008
2.66 2.14021e-005 -3.56744e-005 -1.76849e-017 1.87765e-008 1.87765e-008
2.67 2.14021e-005 -3.56744e-005 4.681e-018 1.87765e-008 1.87765e-008
2.68 2.14021e-005 -3.56744e-005 -1.63965e-017 1.87765e-008 1.87765e-008
2.69 2.14021e-005 -3.56744e-005 5.98951e-018 1.87765e-008 1.87765e-008
2.7 2.14021e-005 -3.56744e-005 -1.43991e-017 1.87765e-008 1.87765e-008
2.71 2.14021e-005 -3.56744e-005 5.7181e-018 1.87765e-008 1.87765e-008
2.72 2.14021e-005 -3.56744e-005 -1.15269e-017 1.87765e-008 1.87765e-008
2.73 2.14021e-005 -3.56744e-005 7.57783e-018 1.87765e-008 1.87765e-008
2.74 2.14021e-005 -3.56744e-005 -9.1515e-018 1.87765e-008 1.87765e-008
2.75 2.14021e-005 -3.56744e-005 5.0377e-018 1.87765e-008 1.87765e-008
2.76 2.14021e-005 -3.56744e-005 -1.06505e-017 1.87765e-008 1.87765e-008
2.77 2.14021e-005 -3.56744e-005 3.26275e-018 1.87765e-008 1.87765e-008
2.78 2.14021e-005 -3.56744e-005 -8.73473e-018 1.87765e-008 1.87765e-008
2.79 2.14021e-005 -3.56744e-005 1.35262e-018 1.87765e-008 1.87765e-008
2.8 2.14021e-005 -3.56744e-005 -5.43981e-018 1.87765e-008 1.87765e-008
2.81 2.14021e-005 -3.56744e-005 -2.31516e-018 1.87765e-008 1.87765e-008
2.82 2.14021e-005 -3.56744e-005 -6.10838e-018 1.87765e-008 1.87765e-008
2.83 2.14021e-005 -3.56744e-005 -5.07546e-018 1.87765e-008 1.87765e-008
2.84 2.14021e-005 -3.56744e-005 -1.49529e-018 1.87765e-008 1.87765e-008
2.85 2.14021e-005 -3.56744e-005 -6.33068e-018 1.87765e-008 1.87765e-008
2.86 2.14021e-005 -3.56744e-005 -1.15866e-018 1.87765e-008 1.87765e-008
2.87 2.14021e-005 -3.56744e-005 -7.67862e-018 1.87765e-008 1.87765e-008
2.88 2.14021e-005 -3.56744e-005 -5.07693e-018 1.87765e-008 1.87765e-008
2.89 2.14021e-005 -3.56744e-005 -6.5628e-019 1.87765e-008 1.87765e-008
2.9 2.14021e-005 -3.56744e-005 -3.37154e-018 1.87765e-008 1.87765e-008
2.91 2.14021e-005 -3.56744e-005 -3.65337e-018 1.87765e-008 1.87765e-008
2.92 2.14021e-005 -3.56744e-005 -1.84783e-018 1.87765e-008 1.87765e-008
2.93 2.14021e-005 -3.56744e-005 -4.82613e-018 1.87765e-008 1.87765e-008
2.94 2.14021e-005 -3.56744e-005 -8.43131e-019 1.87765e-008 1.87765e-008
2.95 2.14021e-005 -3.56744e-005 -6.04529e-018 1.87765e-008 1.87765e-008
2.96 2.14021e-005 -3.56744e-005 2.26672e-018 1.87765e-008 1.87765e-008
2.97 2.14021e-005 -3.56744e-005 -7.52146e-018 1.87765e-008 1.87765e-008
2.98 2.14021e-005 -3.56744e-005 1.08912e-017 1.87765e-008 1.87765e-008
2.99 2.14021e-005 -3.56744e-005 -1.46306e-021 1.87765e-008 1.87765e-008
3 2.14021e-005 -3.56744e-005 9.81413e-018 1.87765e-008 1.87765e-008
3.01 2.14021e-005 -3.56744e-005 3.62063e-018 1.87765e-008 1.87765e-008
3.02 2.14021e-005 -3.56744e-005 8.98802e-018 1.87765e-008 1.87765e-008
3.03 2.14021e-005 -3.56744e-005 1.78808e-018 1.87765e-008 1.87765e-008
3.04 2.14021e-005 -3.56744e-005 6.33845e-018 1.87765e-008 1.87765e-008
3.05 2.14021e-005 -3.56744e-005 2.09293e-018 1.87765e-008 1.87765e-008
3.06 2.14021e-005 -3.56744e-005 5.89915e-018 1.87765e-008 1.87765e-008
3.07 2.14021e-005 -3.56744e-005 6.06733e-018 1.87765e-008 1.87765e-008
3.08 2.14021e-005 -3.56744e-005 -2.3686e-019 1.87765e-008 1.87765e-008
3.09 2.14021e-005 -3.56744e-005 2.78173e-018 1.87765e-008 1.87765e-008
3.1 2.14021e-005 -3.56744e-005 3.25711e-018 1.87765e-008 1.87765e-008
3.11 2.14021e-005 -3.56744e-005 1.7996e-018 1.87765e-008 1.87765e-008
3.12 2.14021e-005 -3.56744e-005 1.57301e-018 1.87765e-008 1.87765e-008
3.13 2.14021e-005 -3.56744e-005 -9.14692e-019 1.87765e-008 1.87765e-008
3.14 2.14021e-005 -3.56744e-005 -8.6009e-018 1.87765e-008 1.87765e-008
3.15 2.14021e-005 -3.56744e-005 2.26268e-018 1.87765e-008 1.87765e-008
3.16 2.14021e-005 -3.56744e-005 -1.10114e-017 1.87765e-008 1.87765e-008
3.17 2.14021e-005 -3.56744e-005 -4.30019e-018 1.87765e-008 1.87765e-008
3.18 2.14021e-005 -3.56744e-005 -4.63497e-018 1.87765e-008 1.87765e-008
3.19 2.14021e-005 -3.56744e-005 -4.58687e-018 1.87765e-008 1.87765e-008
3.2 2.14021e-005 -3.56744e-005 -5.60056e-018 1.87765e-008 1.87765e-008
3.21 2.14021e-005 -3.56744e-005 -5.60346e-018 1.87765e-008 1.87765e-008
3.22 2.14021e-005 -3.56744e-005 -5.54446e-018 1.87765e-008 1.87765e-008
3.23 2.14021e-005 -3.56744e-005 -5.59227e-018 1.87765e-008 1.87765e-008
3.24 2.14021e-005 -3.56744e-005 -5.73761e-018 1.87765e-008 1.87765e-008
3.25 2.14021e-005 -3.56744e-005 -5.35155e-018 1.87765e-008 1.87765e-008
3.26 2.14021e-005 -3.56744e-005 -5.8485e-018 1.87765e-008 1.87765e-008
3.27 2.14021e-005 -3.56744e-005 -5.19397e-018 1.87765e-008 1.87765e-008
3.28 2.14021e-005 -3.56744e-005 -5.89479e-018 1.87765e-008 1.87765e-008
3.29 2.14021e-005 -3.56744e-005 -3.25001e-018 1.87765e-008 1.87765e-008
3.3 2.14021e-005 -3.56744e-005 -7.0712e-018 1.87765e-008 1.87765e-008
3.31 2.14021e-005 -3.56744e-005 -8.90359e-019 1.87765e-008 1.87765e-008
3.32 2.14021e-005 -3.56744e-005 -7.97431e-018 1.87765e-008 1.87765e-008
3.33 2.14021e-005 -3.56744e-005 -3.74203e-019 1.87765e-008 1.87765e-008
3.34 2.14021e-005 -3.56744e-005 -3.57772e-018 1.87765e-008 1.87765e-008
3.35 2.14021e-005 -3.56744e-005 -3.71385e-018 1.87765e-008 1.87765e-008
3.36 2.14021e-005 -3.56744e-005 -5.07754e-018 1.87765e-008 1.87765e-008
3.37 2.14021e-005 -3.56744e-005 -4.7694e-018 1.87765e-008 1.87765e-008
3.38 2.14021e-005 -3.56744e-005 -5.59928e-018 1.87765e-008 1.87765e-008
3.39 2.14021e-005 -3.56744e-005 -5.40308e-018 1.87765e-008 1.87765e-008
3.4 2.14021e-005 -3.56744e-005 -5.45611e-018 1.87765e-008 1.87765e-008
3.41 2.14021e-005 -3.56744e-005 -4.92152e-018 1.87765e-008 1.87765e-008
3.42 2.14021e-005 -3.56744e-005 -5.29306e-018 1.87765e-008 1.87765e-008
3.43 2.14021e-005 -3.56744e-005 -5.43073e-018 1.87765e-008 1.87765e-008
3.44 2.14021e-005 -3.56744e-005 -4.44262e-018 1.87765e-008 1.87765e-008
3.45 2.14021e-005 -3.56744e-005 -5.15953e-018 1.87765e-008 1.87765e-008
3.46 2.14021e-005 -3.56744e-005 -2.74776e-019 1.87765e-008 1.87765e-008
3.47 2.14021e-005 -3.56744e-005 -2.9206e-019 1.87765e-008 1.87765e-008
3.48 2.14021e-005 -3.56744e-005 -2.3132e-018 1.87765e-008 1.87765e-008
3.49 2.14021e-005 -3.56744e-005 -6.39816e-018 1.87765e-008 1.87765e-008
3.5 2.14021e-005 -3.56744e-005 -1.02118e-017 1.87765e-008 1.87765e-008
3.51 2.14021e-005 -3.56744e-005 1.28452e-018 1.87765e-008 1.87765e-008
3.52 2.14021e-005 -3.56744e-005 -1.00979e-017 1.87765e-008 1.87765e-008
3.53 2.14021e-005 -3.56744e-005 -1.01222e-018 1.87765e-008 1.87765e-008
3.54 2.14021e-005 -3.56744e-005 -2.35401e-018 1.87765e-008 1.87765e-008
3.55 2.14021e-005 -3.56744e-005 -5.13275e-018 1.87765e-008 1.87765e-008
3.56 2.14021e-005 -3.56744e-005 -5.75525e-018 1.87765e-008 1.87765e-008
3.57 2.14021e-005 -3.56744e-005 -4.87333e-018 1.87765e-008 1.87765e-008
3.58 2.14021e-005 -3.56744e-005 -2.63546e-018 1.87765e-008 1.87765e-008
3.59 2.14021e-005 -3.56744e-005 -5.67836e-019 1.87765e-008 1.87765e-008
3.6 2.14021e-005 -3.56744e-005 -7.31433e-018 1.87765e-008 1.87765e-008
3.61 2.14021e-005 -3.56744e-005 8.46766e-020 1.87765e-008 1.87765e-008
3.62 2.14021e-005 -3.56744e-005 -3.57295e-018 1.87765e-008 1.87765e-008
3.63 2.14021e-005 -3.56744e-005 -4.39608e-018 1.87765e-008 1.87765e-008
3.64 2.14021e-005 -3.56744e-005 -3.82668e-018 1.87765e-008 1.87765e-008
3.65 2.14021e-005 -3.56744e-005 -3.82489e-018 1.87765e-008 1.87765e-008
3.66 2.14021e-005 -3.56744e-005 -3.94585e-018 1.87765e-008 1.87765e-008
3.67 2.14021e-005 -3.56744e-005 -4.71966e-018 1.87765e-008 1.87765e-008
3.68 2.14021e-005 -3.56744e-005 -4.78424e-018 1.87765e-008 1.87765e-008
3.69 2.14021e-005 -3.56744e-005 -3.13801e-018 1.87765e-008 1.87765e-008
3.7 2.14021e-005 -3.56744e-005 -5.54577e-018 1.87765e-008 1.87765e-008
3.71 2.14021e-005 -3.56744e-005 -4.13512e-018 1.87765e-008 1.87765e-008
3.72 2.14021e-005 -3.56744e-005 -3.44496e-018 1.87765e-008 1.87765e-008
3.73 2.14021e-005 -3.56744e-005 -3.88202e-018 1.87765e-008 1.87765e-008
3.74 2.14021e-005 -3.56744e-005 -2.23375e-018 1.87765e-008 1.87765e-008
3.75 2.14021e-005 -3.56744e-005 -3.0638e-018 1.87765e-008 1.87765e-008
3.76 2.14021e-005 -3.56744e-005 -5.92926e-018 1.87765e-008 1.87765e-008
3.77 2.14021e-005 -3.56744e-005 -2.07878e-018 1.87765e-008 1.87765e-008
3.78 2.14021e-005 -3.56744e-005 -4.97336e-018 1.87765e-008 1.87765e-008
3.79 2.14021e-005 -3.56744e-005 -5.53169e-018 1.87765e-008 1.87765e-008
3.8 2.14021e-005 -3.56744e-005 -5.07476e-018 1.87765e-008 1.87765e-008
3.81 2.14021e-005 -3.56744e-005 -3.02689e-018 1.87765e-008 1.87765e-008
3.82 2.14021e-005 -3.56744e-005 -3.57801e-018 1.87765e-008 1.87765e-008
3.83 2.14021e-005 -3.56744e-005 -3.22058e-018 1.87765e-008 1.87765e-008
3.84 2.14021e-005 -3.56744e-005 -3.64756e-018 1.87765e-008 1.87765e-008
3.85 2.14021e-005 -3.56744e-005 -3.72179e-018 1.87765e-008 1.87765e-008
3.86 2.14021e-005 -3.56744e-005 -3.2124e-018 1.87765e-008 1.87765e-008
3.87 2.14021e-005 -3.56744e-005 -3.72216e-018 1.87765e-008 1.87765e-008
3.88 2.14021e-005 -3.56744e-005 -3.09845e-018 1.87765e-008 1.87765e-008
3.89 2.14021e-005 -3.56744e-005 -3.63048e-018 1.87765e-008 1.87765e-008
3.9 2.14021e-005 -3.56744e-005 -3.09333e-018 1.87765e-008 1.87765e-008
3.91 2.14021e-005 -3.56744e-005 -3.1167e-018 1.87765e-008 1.87765e-008
3.92 2.14021e-005 -3.56744e-005 -2.78547e-018 1.87765e-008 1.87765e-008
3.93 2.14021e-005 -3.56744e-005 -3.05592e-018 1.87765e-008 1.87765e-008
3.94 2.14021e-005 -3.56744e-005 -2.75731e-018 1.87765e-008 1.87765e-008
3.95 2.14021e-005 -3.56744e-005 -2.02659e-018 1.87765e-008 1.87765e-008
3.96 2.14021e-005 -3.56744e-005 -2.55077e-018 1.87765e-008 1.87765e-008
3.97 2.14021e-005 -3.56744e-005 -3.29202e-018 1.87765e-008 1.87765e-008
3.98 2.14021e-005 -3.56744e-005 -3.32098e-018 1.87765e-008 1.87765e-008
3.99 2.14021e-005 -3.56744e-005 -2.57614e-018 1.87765e-008 1.87765e-008
4 2.14021e-005 -3.56744e-005 -3.42483e-018 1.87765e-008 1.87765e-008
4.01 2.14021e-005 -3.56744e-005 -2.55657e-018 1.87765e-008 1.87765e-008
4.02 2.14021e-005 -3.56744e-005 -3.60545e-018 1.87765e-008 1.87765e-008
4.03 2.14021e-005 -3.56744e-005 -2.11751e-018 1.87765e-008 1.87765e-008
4.04 2.14021e-005 -3.56744e-005 -3.84904e-018 1.87765e-008 1.87765e-008
4.05 2.14021e-005 -3.56744e-005 -1.83178e-018 1.87765e-008 1.87765e-008
4.06 2.14021e-005 -3.56744e-005 -3.29714e-018 1.87765e-008 1.87765e-008
4.07 2.14021e-005 -3.56744e-005 -1.2219e-018 1.87765e-008 1.87765e-008
4.08 2.14021e-005 -3.56744e-005 -2.21278e-018 1.87765e-008 1.87765e-008
4.09 2.14021e-005 -3.56744e-005 -3.19999e-018 1.87765e-008 1.87765e-008
4.1 2.14021e-005 -3.56744e-005 -3.73077e-018 1.87765e-008 1.87765e-008
4.11 2.14021e-005 -3.56744e-005 -1.46283e-018 1.87765e-008 1.87765e-008
4.12 2.14021e-005 -3.56744e-005 -3.23168e-018 1.87765e-008 1.87765e-008
4.13 2.14021e-005 -3.56744e-005 -2.63712e-018 1.87765e-008 1.87765e-008
4.14 2.14021e-005 -3.56744e-005 -2.23713e-018 1.87765e-008 1.87765e-008
4.15 2.14021e-005 -3.56744e-005 -2.58797e-018 1.87765e-008 1.87765e-008
4.16 2.14021e-005 -3.56744e-005 -2.60609e-018 1.87765e-008 1.87765e-008
4.17 2.14021e-005 -3.56744e-005 5.60902e-019 1.87765e-008 1.87765e-008
4.18 2.14021e-005 -3.56744e-005 -5.20741e-018 1.87765e-008 1.87765e-008
4.19 2.14021e-005 -3.56744e-005 1.49803e-018 1.87765e-008 1.87765e-008
4.2 2.14021e-005 -3.56744e-005 -7.21246e-018 1.87765e-008 1.87765e-008
4.21 2.14021e-005 -3.56744e-005 1.80046e-018 1.87765e-008 1.87765e-008
4.22 2.14021e-005 -3.56744e-005 -8.02223e-018 1.87765e-008 1.87765e-008
4.23 2.14021e-005 -3.56744e-005 5.39987e-018 1.87765e-008 1.87765e-008
4.24 2.14021e-005 -3.56744e-005 -1.23654e-017 1.87765e-008 1.87765e-008
4.25 2.14021e-005 -3.56744e-005 1.10527e-017 1.87765e-008 1.87765e-008
4.26 2.14021e-005 -3.56744e-005 -5.10116e-018 1.87765e-008 1.87765e-008
4.27 2.14021e-005 -3.56744e-005 8.89382e-019 1.87765e-008 1.87765e-008
4.28 2.14021e-005 -3.56744e-005 -5.81362e-018 1.87765e-008 1.87765e-008
4.29 2.14021e-005 -3.56744e-005 2.38074e-018 1.87765e-008 1.87765e-008
4.3 2.14021e-005 -3.56744e-005 -6.52233e-018 1.87765e-008 1.87765e-008
4.31 2.14021e-005 -3.56744e-005 2.87965e-018 1.87765e-008 1.87765e-008
4.32 2.14021e-005 -3.56744e-005 -8.17723e-018 1.87765e-008 1.87765e-008
4.33 2.14021e-005 -3.56744e-005 5.01248e-018 1.87765e-008 1.87765e-008
4.34 2.14021e-005 -3.56744e-005 -8.17054e-018 1.87765e-008 1.87765e-008
4.35 2.14021e-005 -3.56744e-005 4.80564e-018 1.87765e-008 1.87765e-008
4.36 2.14021e-005 -3.56744e-005 -1.05093e-017 1.87765e-008 1.87765e-008
4.37 2.14021e-005 -3.56744e-005 6.56669e-018 1.87765e-008 1.87765e-008
4.38 2.14021e-005 -3.56744e-005 -1.1233e-017 1.87765e-008 1.87765e-008
4.39 2.14021e-005 -3.56744e-005 7.093e-018 1.87765e-008 1.87765e-008
4.4 2.14021e-005 -3.56744e-005 -5.46351e-018 1.87765e-008 1.87765e-008
4.41 2.14021e-005 -3.56744e-005 -1.49001e-018 1.87765e-008 1.87765e-008
4.42 2.14021e-005 -3.56744e-005 -1.58612e-017 1.87765e-008 1.87765e-008
4.43 2.14021e-005 -3.56744e-005 4.67172e-018 1.87765e-008 1.87765e-008
4.44 2.14021e-005 -3.56744e-005 -1.70503e-017 1.87765e-008 1.87765e-008
4.45 2.14021e-005 -3.56744e-005 5.76308e-018 1.87765e-008 1.87765e-008
4.46 2.14021e-005 -3.56744e-005 -1.76241e-017 1.87765e-008 1.87765e-008
4.47 2.14021e-005 -3.56744e-005 4.35572e-018 1.87765e-008 1.87765e-008
4.48 2.14021e-005 -3.56744e-005 -1.05257e-017 1.87765e-008 1.87765e-008
4.49 2.14021e-005 -3.56744e-005 -5.83222e-018 1.87765e-008 1.87765e-008
4.5 2.14021e-005 -3.56744e-005 -7.27134e-018 1.87765e-008 1.87765e-008
4.51 2.14021e-005 -3.56744e-005 -5.7194e-018 1.87765e-008 1.87765e-008
4.52 2.14021e-005 -3.56744e-005 -1.0981e-017 1.87765e-008 1.87765e-008
4.53 2.14021e-005 -3.56744e-005 -1.1879e-017 1.87765e-008 1.87765e-008
4.54 2.14021e-005 -3.56744e-005 -6.87536e-018 1.87765e-008 1.87765e-008
4.55 2.14021e-005 -3.56744e-005 -8.06524e-018 1.87765e-008 1.87765e-008
4.56 2.14021e-005 -3.56744e-005 -8.67427e-018 1.87765e-008 1.87765e-008
4.57 2.14021e-005 -3.56744e-005 -1.15325e-017 1.87765e-008 1.87765e-008
4.58 2.14021e-005 -3.56744e-005 -9.20586e-018 1.87765e-008 1.87765e-008
4.59 2.14021e-005 -3.56744e-005 -8.3971e-018 1.87765e-008 1.87765e-008
4.6 2.14021e-005 -3.56744e-005 -9.17203e-018 1.87765e-008 1.87765e-008
4.61 2.14021e-005 -3.56744e-005 -8.19855e-018 1.87765e-008 1.87765e-008
4.62 2.14021e-005 -3.56744e-005 -4.92982e-018 1.87765e-008 1.87765e-008
4.63 2.14021e-005 -3.56744e-005 -1.05945e-017 1.87765e-008 1.87765e-008
4.64 2.14021e-005 -3.56744e-005 -6.00157e-018 1.87765e-008 1.87765e-008
4.65 2.14021e-005 -3.56744e-005 -7.86034e-018 1.87765e-008 1.87765e-008
4.66 2.14021e-005 -3.56744e-005 -7.02795e-018 1.87765e-008 1.87765e-008
4.67 2.14021e-005 -3.56744e-005 -7.85884e-018 1.87765e-008 1.87765e-008
4.68 2.14021e-005 -3.56744e-005 -1.44099e-017 1.87765e-008 1.87765e-008
4.69 2.14021e-005 -3.56744e-005 -1.16352e-017 1.87765e-008 1.87765e-008
4.7 2.14021e-005 -3.56744e-005 -4.09399e-018 1.87765e-008 1.87765e-008
4.71 2.14021e-005 -3.56744e-005 -1.36801e-017 1.87765e-008 1.87765e-008
4.72 2.14021e-005 -3.56744e-005 -4.56121e-019 1.87765e-008 1.87765e-008
4.73 2.14021e-005 -3.56744e-005 -4.47418e-018 1.87765e-008 1.87765e-008
4.74 2.14021e-005 -3.56744e-005 -1.36338e-017 1.87765e-008 1.87765e-008
4.75 2.14021e-005 -3.56744e-005 -4.86306e-018 1.87765e-008 1.87765e-008
4.76 2.14021e-005 -3.56744e-005 -1.10074e-017 1.87765e-008 1.87765e-008
4.77 2.14021e-005 -3.56744e-005 -5.987e-018 1.87765e-008 1.87765e-008
4.78 2.14021e-005 -3.56744e-005 -1.60373e-018 1.87765e-008 1.87765e-008
4.79 2.14021e-005 -3.56744e-005 -7.80491e-018 1.87765e-008 1.87765e-008
4.8 2.14021e-005 -3.56744e-005 -8.8296e-018 1.87765e-008 1.87765e-008
4.81 2.14021e-005 -3.56744e-005 -8.39047e-018 1.87765e-008 1.87765e-008
4.82 2.14021e-005 -3.56744e-005 -8.68666e-018 1.87765e-008 1.87765e-008
4.83 2.14021e-005 -3.56744e-005 -7.90623e-018 1.87765e-008 1.87765e-008
4.84 2.14021e-005 -3.56744e-005 -8.33148e-018 1.87765e-008 1.87765e-008
4.85 2.14021e-005 -3.56744e-005 -8.30219e-018 1.87765e-008 1.87765e-008
4.86 2.14021e-005 -3.56744e-005 -8.43084e-018 1.87765e-008 1.87765e-008
4.87 2.14021e-005 -3.56744e-005 -7.72196e-018 1.87765e-008 1.87765e-008
4.88 2.14021e-005 -3.56744e-005 -8.59296e-018 1.87765e-008 1.87765e-008
4.89 2.14021e-005 -3.56744e-005 -8.39906e-018 1.87765e-008 1.87765e-008
4.9 2.14021e-005 -3.56744e-005 -8.10233e-018 1.87765e-008 1.87765e-008
4.91 2.14021e-005 -3.56744e-005 -8.28508e-018 1.87765e-008 1.87765e-008
4.92 2.14021e-005 -3.56744e-005 -8.25013e-018 1.87765e-008 1.87765e-008
4.93 2.14021e-005 -3.56744e-005 -8.19863e-018 1.87765e-008 1.87765e-008
4.94 2.14021e-005 -3.56744e-005 -8.25574e-018 1.87765e-008 1.87765e-008
4.95 2.14021e-005 -3.56744e-005 -8.18586e-018 1.87765e-008 1.87765e-008
4.96 2.14021e-005 -3.56744e-005 -8.48286e-018 1.87765e-008 1.87765e-008
4.97 2.14021e-005 -3.56744e-005 -8.01661e-018 1.87765e-008 1.87765e-008
4.98 2.14021e-005 -3.56744e-005 -8.26672e-018 1.87765e-008 1.87765e-008
4.99 2.14021e-005 -3.56744e-005 -8.0471e-018 1.87765e-008 1.87765e-008
5 2.14021e-005 -3.56744e-005 -8.46425e-018 1.87765e-008 1.87765e-008
5.01 2.14021e-005 -3.56744e-005 -7.91172e-018 1.87765e-008 1.87765e-008
5.02 2.14021e-005 -3.56744e-005 -8.29753e-018 1.87765e-008 1.87765e-008
5.03 2.14021e-005 -3.56744e-005 -7.59382e-018 1.87765e-008 1.87765e-008
5.04 2.14021e-005 -3.56744e-005 -7.56031e-018 1.87765e-008 1.87765e-008
5.05 2.14021e-005 -3.56744e-005 -6.71946e-018 1.87765e-008 1.87765e-008
5.06 2.14021e-005 -3.56744e-005 -5.82606e-018 1.87765e-008 1.87765e-008
5.07 2.14021e-005 -3.56744e-005 -6.64022e-018 1.87765e-008 1.87765e-008
5.08 2.14021e-005 -3.56744e-005 -5.54362e-018 1.87765e-008 1.87765e-008
5.09 2.14021e-005 -3.56744e-005 -6.52361e-018 1.87765e-008 1.87765e-008
5.1 2.14021e-005 -3.56744e-005 -5.441e-018 1.87765e-008 1.87765e-008
5.11 2.14021e-005 -3.56744e-005 -6.98777e-018 1.87765e-008 1.87765e-008
5.12 2.14021e-005 -3.56744e-005 -7.47139e-018 1.87765e-008 1.87765e-008
5.13 2.14021e-005 -3.56744e-005 -1.47194e-017 1.87765e-008 1.87765e-008
5.14 2.14021e-005 -3.56744e-005 2.12531e-018 1.87765e-008 1.87765e-008
5.15 2.14021e-005 -3.56744e-005 1.28183e-018 1.87765e-008 1.87765e-008
5.16 2.14021e-005 -3.56744e-005 2.71745e-017 1.87765e-008 1.87765e-008
5.17 2.14021e-005 -3.56744e-005 -8.90143e-018 1.87765e-008 1.87765e-008
5.18 2.14021e-005 -3.56744e-005 2.18581e-017 1.87765e-008 1.87765e-008
5.19 2.14021e-005 -3.56744e-005 6.71894e-019 1.87765e-008 1.87765e-008
5.2 2.14021e-005 -3.56744e-005 5.80838e-018 1.87765e-008 1.87765e-008
5.21 2.14021e-005 -3.56744e-005 3.52144e-018 1.87765e-008 1.87765e-008
5.22 2.14021e-005 -3.56744e-005 5.66584e-018 1.87765e-008 1.87765e-008
5.23 2.14021e-005 -3.56744e-005 1.24414e-018 1.87765e-008 1.87765e-008
5.24 2.14021e-005 -3.56744e-005 6.73162e-018 1.87765e-008 1.87765e-008
5.25 2.14021e-005 -3.56744e-005 9.70241e-019 1.87765e-008 1.87765e-008
5.26 2.14021e-005 -3.56744e-005 6.7477e-018 1.87765e-008 1.87765e-008
5.27 2.14021e-005 -3.56744e-005 3.24453e-018 1.87765e-008 1.87765e-008
5.28 2.14021e-005 -3.56744e-005 4.89991e-018 1.87765e-008 1.87765e-008
5.29 2.14021e-005 -3.56744e-005 1.40338e-017 1.87765e-008 1.87765e-008
5.3 2.14021e-005 -3.56744e-005 4.34685e-018 1.87765e-008 1.87765e-008
5.31 2.14021e-005 -3.56744e-005 3.53664e-018 1.87765e-008 1.87765e-008
5.32 2.14021e-005 -3.56744e-005 2.55007e-018 1.87765e-008 1.87765e-008
5.33 2.14021e-005 -3.56744e-005 2.84015e-018 1.87765e-008 1.87765e-008
5.34 2.14021e-005 -3.56744e-005 3.35584e-018 1.87765e-008 1.87765e-008
5.35 2.14021e-005 -3.56744e-005 3.68635e-018 1.87765e-008 1.87765e-008
5.36 2.14021e-005 -3.56744e-005 4.30845e-018 1.87765e-008 1.87765e-008
5.37 2.14021e-005 -3.56744e-005 4.35558e-018 1.87765e-008 1.87765e-008
5.38 2.14021e-005 -3.56744e-005 2.42139e-018 1.87765e-008 1.87765e-008
5.39 2.14021e-005 -3.56744e-005 4.17246e-018 1.87765e-008 1.87765e-008
5.4 2.14021e-005 -3.56744e-005 6.22312e-018 1.87765e-008 1.87765e-008
5.41 2.14021e-005 -3.56744e-005 3.82149e-018 1.87765e-008 1.87765e-008
5.42 2.14021e-005 -3.56744e-005 3.56566e-018 1.87765e-008 1.87765e-008
5.43 2.14021e-005 -3.56744e-005 3.42317e-018 1.87765e-008 1.87765e-008
5.44 2.14021e-005 -3.56744e-005 3.64913e-018 1.87765e-008 1.87765e-008
5.45 2.14021e-005 -3.56744e-005 3.34485e-018 1.87765e-008 1.87765e-008
5.46 2.14021e-005 -3.56744e-005 3.83436e-018 1.87765e-008 1.87765e-008
5.47 2.14021e-005 -3.56744e-005 3.54642e-018 1.87765e-008 1.87765e-008
5.48 2.14021e-005 -3.56744e-005 3.46957e-018 1.87765e-008 1.87765e-008
5.49 2.14021e-005 -3.56744e-005 3.8351e-018 1.87765e-008 1.87765e-008
5.5 2.14021e-005 -3.56744e-005 2.95518e-018 1.87765e-008 1.87765e-008
5.51 2.14021e-005 -3.56744e-005 4.38652e-018 1.87765e-008 1.87765e-008
5.52 2.14021e-005 -3.56744e-005 3.64283e-018 1.87765e-008 1.87765e-008
5.53 2.14021e-005 -3.56744e-005 5.16832e-018 1.87765e-008 1.87765e-008
5.54 2.14021e-005 -3.56744e-005 3.76034e-018 1.87765e-008 1.87765e-008
5.55 2.14021e-005 -3.56744e-005 3.00319e-018 1.87765e-008 1.87765e-008
5.56 2.14021e-005 -3.56744e-005 3.53616e-018 1.87765e-008 1.87765e-008
5.57 2.14021e-005 -3.56744e-005 3.07275e-018 1.87765e-008 1.87765e-008
5.58 2.14021e-005 -3.56744e-005 4.89504e-018 1.87765e-008 1.87765e-008
5.59 2.14021e-005 -3.56744e-005 2.60662e-018 1.87765e-008 1.87765e-008
5.6 2.14021e-005 -3.56744e-005 4.31434e-018 1.87765e-008 1.87765e-008
5.61 2.14021e-005 -3.56744e-005 1.6354e-018 1.87765e-008 1.87765e-008
5.62 2.14021e-005 -3.56744e-005 6.51297e-018 1.87765e-008 1.87765e-008
5.63 2.14021e-005 -3.56744e-005 1.98564e-019 1.87765e-008 1.87765e-008
5.64 2.14021e-005 -3.56744e-005 6.80689e-018 1.87765e-008 1.87765e-008
5.65 2.14021e-005 -3.56744e-005 3.46532e-018 1.87765e-008 1.87765e-008
5.66 2.14021e-005 -3.56744e-005 9.42573e-018 1.87765e-008 1.87765e-008
5.67 2.14021e-005 -3.56744e-005 6.80912e-018 1.87765e-008 1.87765e-008
5.68 2.14021e-005 -3.56744e-005 2.45102e-020 1.87765e-008 1.87765e-008
5.69 2.14021e-005 -3.56744e-005 2.58048e-018 1.87765e-008 1.87765e-008
5.7 2.14021e-005 -3.56744e-005 3.6621e-018 1.87765e-008 1.87765e-008
5.71 2.14021e-005 -3.56744e-005 3.8313e-018 1.87765e-008 1.87765e-008
5.72 2.14021e-005 -3.56744e-005 3.17333e-018 1.87765e-008 1.87765e-008
5.73 2.14021e-005 -3.56744e-005 4.08463e-018 1.87765e-008 1.87765e-008
5.74 2.14021e-005 -3.56744e-005 2.57701e-018 1.87765e-008 1.87765e-008
5.75 2.14021e-005 -3.56744e-005 -1.14675e-020 1.87765e-008 1.87765e-008
5.76 2.14021e-005 -3.56744e-005 6.8989e-018 1.87765e-008 1.87765e-008
5.77 2.14021e-005 -3.56744e-005 8.11756e-019 1.87765e-008 1.87765e-008
5.78 2.14021e-005 -3.56744e-005 8.62139e-018 1.87765e-008 1.87765e-008
5.79 2.14021e-005 -3.56744e-005 -4.14942e-018 1.87765e-008 1.87765e-008
5.8 2.14021e-005 -3.56744e-005 3.1794e-018 1.87765e-008 1.87765e-008
5.81 2.14021e-005 -3.56744e-005 2.22498e-018 1.87765e-008 1.87765e-008
5.82 2.14021e-005 -3.56744e-005 4.9667e-018 1.87765e-008 1.87765e-008
5.83 2.14021e-005 -3.56744e-005 8.06851e-019 1.87765e-008 1.87765e-008
5.84 2.14021e-005 -3.56744e-005 5.71936e-018 1.87765e-008 1.87765e-008
5.85 2.14021e-005 -3.56744e-005 -1.34806e-019 1.87765e-008 1.87765e-008
5.86 2.14021e-005 -3.56744e-005 7.92318e-018 1.87765e-008 1.87765e-008
5.87 2.14021e-005 -3.56744e-005 8.39646e-018 1.87765e-008 1.87765e-008
5.88 2.14021e-005 -3.56744e-005 5.04677e-018 1.87765e-008 1.87765e-008
5.89 2.14021e-005 -3.56744e-005 4.46441e-018 1.87765e-008 1.87765e-008
5.9 2.14021e-005 -3.56744e-005 3.51925e-018 1.87765e-008 1.87765e-008
5.91 2.14021e-005 -3.56744e-005 5.18367e-018 1.87765e-008 1.87765e-008
5.92 2.14021e-005 -3.56744e-005 4.73896e-018 1.87765e-008 1.87765e-008
5.93 2.14021e-005 -3.56744e-005 4.35311e-018 1.87765e-008 1.87765e-008
5.94 2.14021e-005 -3.56744e-005 4.82482e-018 1.87765e-008 1.87765e-008
5.95 2.14021e-005 -3.56744e-005 4.11524e-018 1.87765e-008 1.87765e-008
5.96 2.14021e-005 -3.56744e-005 4.4691e-018 1.87765e-008 1.87765e-008
5.97 2.14021e-005 -3.56744e-005 5.22851e-018 1.87765e-008 1.87765e-008
5.98 2.14021e-005 -3.56744e-005 3.37036e-018 1.87765e-008 1.87765e-008
5.99 2.14021e-005 -3.56744e-005 6.01045e-018 1.87765e-008 1.87765e-008
6 2.14021e-005 -3.56744e-005 1.87571e-018 1.87765e-008 1.87765e-008
6.01 2.14021e-005 -3.56744e-005 7.64122e-018 1.87765e-008 1.87765e-008
6.02 2.14021e-005 -3.56744e-005 -3.88796e-019 1.87765e-008 1.87765e-008
6.03 2.14021e-005 -3.56744e-005 8.12527e-018 1.87765e-008 1.87765e-008
6.04 2.14021e-005 -3.56744e-005 -1.04187e-018 1.87765e-008 1.87765e-008
6.05 2.14021e-005 -3.56744e-005 6.66606e-018 1.87765e-008 1.87765e-008
6.06 2.14021e-005 -3.56744e-005 6.96112e-018 1.87765e-008 1.87765e-008
6.07 2.14021e-005 -3.56744e-005 -6.52512e-019 1.87765e-008 1.87765e-008
6.08 2.14021e-005 -3.56744e-005 7.51315e-018 1.87765e-008 1.87765e-008
6.09 2.14021e-005 -3.56744e-005 2.06505e-018 1.87765e-008 1.87765e-008
6.1 2.14021e-005 -3.56744e-005 5.09348e-018 1.87765e-008 1.87765e-008
6.11 2.14021e-005 -3.56744e-005 6.99371e-018 1.87765e-008 1.87765e-008
6.12 2.14021e-005 -3.56744e-005 1.20634e-018 1.87765e-008 1.87765e-008
6.13 2.14021e-005 -3.56744e-005 4.51883e-018 1.87765e-008 1.87765e-008
6.14 2.14021e-005 -3.56744e-005 4.41329e-018 1.87765e-008 1.87765e-008
6.15 2.14021e-005 -3.56744e-005 2.04382e-018 1.87765e-008 1.87765e-008
6.16 2.14021e-005 -3.56744e-005 3.70647e-018 1.87765e-008 1.87765e-008
6.17 2.14021e-005 -3.56744e-005 2.33541e-018 1.87765e-008 1.87765e-008
6.18 2.14021e-005 -3.56744e-005 3.77033e-018 1.87765e-008 1.87765e-008
6.19 2.14021e-005 -3.56744e-005 3.67332e-018 1.87765e-008 1.87765e-008
6.2 2.14021e-005 -3.56744e-005 3.51808e-018 1.87765e-008 1.87765e-008
6.21 2.14021e-005 -3.56744e-005 3.28905e-018 1.87765e-008 1.87765e-008
6.22 2.14021e-005 -3.56744e-005 3.53527e-018 1.87765e-008 1.87765e-008
6.23 2.14021e-005 -3.56744e-005 3.15681e-018 1.87765e-008 1.87765e-008
6.24 2.14021e-005 -3.56744e-005 3.51081e-018 1.87765e-008 1.87765e-008
6.25 2.14021e-005 -3.56744e-005 3.6126e-018 1.87765e-008 1.87765e-008
6.26 2.14021e-005 -3.56744e-005 4.53574e-018 1.87765e-008 1.87765e-008
6.27 2.14021e-005 -3.56744e-005 1.68852e-018 1.87765e-008 1.87765e-008
6.28 2.14021e-005 -3.56744e-005 3.32047e-018 1.87765e-008 1.87765e-008
6.29 2.14021e-005 -3.56744e-005 1.93605e-018 1.87765e-008 1.87765e-008
6.3 2.14021e-005 -3.56744e-005 4.80553e-018 1.87765e-008 1.87765e-008
6.31 2.14021e-005 -3.56744e-005 2.66918e-018 1.87765e-008 1.87765e-008
6.32 2.14021e-005 -3.56744e-005 3.94607e-018 1.87765e-008 1.87765e-008
6.33 2.14021e-005 -3.56744e-005 2.62454e-018 1.87765e-008 1.87765e-008
6.34 2.14021e-005 -3.56744e-005 4.08816e-018 1.87765e-008 1.87765e-008
6.35 2.14021e-005 -3.56744e-005 5.10219e-018 1.87765e-008 1.87765e-008
6.36 2.14021e-005 -3.56744e-005 2.87753e-018 1.87765e-008 1.87765e-008
6.37 2.14021e-005 -3.56744e-005 5.12208e-018 1.87765e-008 1.87765e-008
6.38 2.14021e-005 -3.56744e-005 1.84746e-018 1.87765e-008 1.87765e-008
6.39 2.14021e-005 -3.56744e-005 4.14407e-018 1.87765e-008 1.87765e-008
6.4 2.14021e-005 -3.56744e-005 9.83215e-019 1.87765e-008 1.87765e-008
6.41 2.14021e-005 -3.56744e-005 3.94193e-018 1.87765e-008 1.87765e-008
6.42 2.14021e-005 -3.56744e-005 2.84927e-018 1.87765e-008 1.87765e-008
6.43 2.14021e-005 -3.56744e-005 4.58381e-018 1.87765e-008 1.87765e-008
6.44 2.14021e-005 -3.56744e-005 4.22093e-018 1.87765e-008 1.87765e-008
6.45 2.14021e-005 -3.56744e-005 3.37382e-019 1.87765e-008 1.87765e-008
6.46 2.14021e-005 -3.56744e-005 3.28739e-018 1.87765e-008 1.87765e-008
6.47 2.14021e-005 -3.56744e-005 -6.60612e-019 1.87765e-008 1.87765e-008
6.48 2.14021e-005 -3.56744e-005 3.81005e-018 1.87765e-008 1.87765e-008
6.49 2.14021e-005 -3.56744e-005 -2.59889e-018 1.87765e-008 1.87765e-008
6.5 2.14021e-005 -3.56744e-005 4.78315e-018 1.87765e-008 1.87765e-008
6.51 2.14021e-005 -3.56744e-005 -4.52373e-018 1.87765e-008 1.87765e-008
6.52 2.14021e-005 -3.56744e-005 -4.48591e-018 1.87765e-008 1.87765e-008
6.53 2.14021e-005 -3.56744e-005 -9.43476e-018 1.87765e-008 1.87765e-008
6.54 2.14021e-005 -3.56744e-005 -5.19592e-018 1.87765e-008 1.87765e-008
6.55 2.14021e-005 -3.56744e-005 -4.47576e-018 1.87765e-008 1.87765e-008
6.56 2.14021e-005 -3.56744e-005 -3.42939e-018 1.87765e-008 1.87765e-008
6.57 2.14021e-005 -3.56744e-005 -2.62003e-018 1.87765e-008 1.87765e-008
6.58 2.14021e-005 -3.56744e-005 -3.62628e-018 1.87765e-008 1.87765e-008
6.59 2.14021e-005 -3.56744e-005 -3.72656e-019 1.87765e-008 1.87765e-008
6.6 2.14021e-005 -3.56744e-005 -3.62037e-018 1.87765e-008 1.87765e-008
6.61 2.14021e-005 -3.56744e-005 -6.08524e-018 1.87765e-008 1.87765e-008
6.62 2.14021e-005 -3.56744e-005 -7.91394e-019 1.87765e-008 1.87765e-008
6.63 2.14021e-005 -3.56744e-005 -5.93668e-018 1.87765e-008 1.87765e-008
6.64 2.14021e-005 -3.56744e-005 -1.54265e-017 1.87765e-008 1.87765e-008
6.65 2.14021e-005 -3.56744e-005 -4.09259e-018 1.87765e-008 1.87765e-008
6.66 2.14021e-005 -3.56744e-005 -6.04839e-018 1.87765e-008 1.87765e-008
6.67 2.14021e-005 -3.56744e-005 -4.65775e-018 1.87765e-008 1.87765e-008
6.68 2.14021e-005 -3.56744e-005 -7.33839e-018 1.87765e-008 1.87765e-008
6.69 2.14021e-005 -3.56744e-005 -5.10598e-018 1.87765e-008 1.87765e-008
6.7 2.14021e-005 -3.56744e-005 -6.75944e-018 1.87765e-008 1.87765e-008
6.71 2.14021e-005 -3.56744e-005 -4.50231e-018 1.87765e-008 1.87765e-008
6.72 2.14021e-005 -3.56744e-005 -6.89241e-018 1.87765e-008 1.87765e-008
6.73 2.14021e-005 -3.56744e-005 -3.30938e-018 1.87765e-008 1.87765e-008
6.74 2.14021e-005 -3.56744e-005 -7.1495e-018 1.87765e-008 1.87765e-008
6.75 2.14021e-005 -3.56744e-005 -1.22538e-018 1.87765e-008 1.87765e-008
6.76 2.14021e-005 -3.56744e-005 -7.17634e-018 1.87765e-008 1.87765e-008
6.77 2.14021e-005 -3.56744e-005 -2.7947e-018 1.87765e-008 1.87765e-008
6.78 2.14021e-005 -3.56744e-005 -8.85854e-018 1.87765e-008 1.87765e-008
6.79 2.14021e-005 -3.56744e-005 -6.24003e-018 1.87765e-008 1.87765e-008
6.8 2.14021e-005 -3.56744e-005 -7.95905e-018 1.87765e-008 1.87765e-008
6.81 2.14021e-005 -3.56744e-005 -7.17485e-018 1.87765e-008 1.87765e-008
6.82 2.14021e-005 -3.56744e-005 -6.88134e-018 1.87765e-008 1.87765e-008
6.83 2.14021e-005 -3.56744e-005 -9.12273e-018 1.87765e-008 1.87765e-008
6.84 2.14021e-005 -3.56744e-005 -3.82325e-018 1.87765e-008 1.87765e-008
6.85 2.14021e-005 -3.56744e-005 -1.28652e-017 1.87765e-008 1.87765e-008
6.86 2.14021e-005 -3.56744e-005 1.33451e-018 1.87765e-008 1.87765e-008
6.87 2.14021e-005 -3.56744e-005 -1.39363e-017 1.87765e-008 1.87765e-008
6.88 2.14021e-005 -3.56744e-005 -1.13666e-017 1.87765e-008 1.87765e-008
6.89 2.14021e-005 -3.56744e-005 -6.53029e-018 1.87765e-008 1.87765e-008
6.9 2.14021e-005 -3.56744e-005 -8.91534e-018 1.87765e-008 1.87765e-008
6.91 2.14021e-005 -3.56744e-005 -1.01524e-017 1.87765e-008 1.87765e-008
6.92 2.14021e-005 -3.56744e-005 -4.522e-018 1.87765e-008 1.87765e-008
6.93 2.14021e-005 -3.56744e-005 -9.69858e-018 1.87765e-008 1.87765e-008
6.94 2.14021e-005 -3.56744e-005 -8.01014e-018 1.87765e-008 1.87765e-008
6.95 2.14021e-005 -3.56744e-005 -6.82746e-018 1.87765e-008 1.87765e-008
6.96 2.14021e-005 -3.56744e-005 -8.17519e-018 1.87765e-008 1.87765e-008
6.97 2.14021e-005 -3.56744e-005 -7.67314e-018 1.87765e-008 1.87765e-008
6.98 2.14021e-005 -3.56744e-005 -8.33053e-018 1.87765e-008 1.87765e-008
6.99 2.14021e-005 -3.56744e-005 -6.92025e-018 1.87765e-008 1.87765e-008
7 2.14021e-005 -3.56744e-005 -8.58021e-018 1.87765e-008 1.87765e-008
7.01 2.14021e-005 -3.56744e-005 -5.41273e-018 1.87765e-008 1.87765e-008
7.02 2.14021e-005 -3.56744e-005 -6.63069e-018 1.87765e-008 1.87765e-008
7.03 2.14021e-005 -3.56744e-005 -3.1218e-018 1.87765e-008 1.87765e-008
7.04 2.14021e-005 -3.56744e-005 -1.31e-017 1.87765e-008 1.87765e-008
7.05 2.14021e-005 -3.56744e-005 -5.18062e-018 1.87765e-008 1.87765e-008
7.06 2.14021e-005 -3.56744e-005 -1.76537e-017 1.87765e-008 1.87765e-008
7.07 2.14021e-005 -3.56744e-005 -7.99237e-019 1.87765e-008 1.87765e-008
7.08 2.14021e-005 -3.56744e-005 -2.20095e-017 1.87765e-008 1.87765e-008
7.09 2.14021e-005 -3.56744e-005 1.68595e-018 1.87765e-008 1.87765e-008
7.1 2.14021e-005 -3.56744e-005 -1.97448e-017 1.87765e-008 1.87765e-008
7.11 2.14021e-005 -3.56744e-005 1.45747e-018 1.87765e-008 1.87765e-008
7.12 2.14021e-005 -3.56744e-005 -2.46772e-017 1.87765e-008 1.87765e-008
7.13 2.14021e-005 -3.56744e-005 4.73999e-018 1.87765e-008 1.87765e-008
7.14 2.14021e-005 -3.56744e-005 -2.55611e-017 1.87765e-008 1.87765e-008
7.15 2.14021e-005 -3.56744e-005 6.38669e-018 1.87765e-008 1.87765e-008
7.16 2.14021e-005 -3.56744e-005 -2.13169e-017 1.87765e-008 1.87765e-008
7.17 2.14021e-005 -3.56744e-005 5.38746e-018 1.87765e-008 1.87765e-008
7.18 2.14021e-005 -3.56744e-005 -1.70487e-017 1.87765e-008 1.87765e-008
7.19 2.14021e-005 -3.56744e-005 -1.03023e-018 1.87765e-008 1.87765e-008
7.2 2.14021e-005 -3.56744e-005 -1.42885e-017 1.87765e-008 1.87765e-008
7.21 2.14021e-005 -3.56744e-005 -3.01296e-019 1.87765e-008 1.87765e-008
7.22 2.14021e-005 -3.56744e-005 -1.43338e-017 1.87765e-008 1.87765e-008
7.23 2.14021e-005 -3.56744e-005 -9.94752e-019 1.87765e-008 1.87765e-008
7.24 2.14021e-005 -3.56744e-005 -1.29626e-017 1.87765e-008 1.87765e-008
7.25 2.14021e-005 -3.56744e-005 -1.175e-017 1.87765e-008 1.87765e-008
7.26 2.14021e-005 -3.56744e-005 -7.75216e-018 1.87765e-008 1.87765e-008
7.27 2.14021e-005 -3.56744e-005 -7.99116e-018 1.87765e-008 1.87765e-008
7.28 2.14021e-005 -3.56744e-005 -8.03982e-018 1.87765e-008 1.87765e-008
7.29 2.14021e-005 -3.56744e-005 -8.1829e-018 1.87765e-008 1.87765e-008
7.3 2.14021e-005 -3.56744e-005 -7.56635e-018 1.87765e-008 1.87765e-008
7.31 2.14021e-005 -3.56744e-005 -7.75826e-018 1.87765e-008 1.87765e-008
7.32 2.14021e-005 -3.56744e-005 -7.6647e-018 1.87765e-008 1.87765e-008
7.33 2.14021e-005 -3.56744e-005 -8.36085e-018 1.87765e-008 1.87765e-008
7.34 2.14021e-005 -3.56744e-005 -7.11149e-018 1.87765e-008 1.87765e-008
7.35 2.14021e-005 -3.56744e-005 -8.02159e-018 1.87765e-008 1.87765e-008
7.36 2.14021e-005 -3.56744e-005 -6.85691e-018 1.87765e-008 1.87765e-008
7.37 2.14021e-005 -3.56744e-005 -7.2123e-018 1.87765e-008 1.87765e-008
7.38 2.14021e-005 -3.56744e-005 -6.73713e-018 1.87765e-008 1.87765e-008
7.39 2.14021e-005 -3.56744e-005 -6.08067e-018 1.87765e-008 1.87765e-008
7.4 2.14021e-005 -3.56744e-005 -8.68279e-018 1.87765e-008 1.87765e-008
7.41 2.14021e-005 -3.56744e-005 -1.16985e-017 1.87765e-008 1.87765e-008
7.42 2.14021e-005 -3.56744e-005 -7.47978e-018 1.87765e-008 1.87765e-008
7.43 2.14021e-005 -3.56744e-005 -8.66217e-018 1.87765e-008 1.87765e-008
7.44 2.14021e-005 -3.56744e-005 -2.03766e-018 1.87765e-008 1.87765e-008
7.45 2.14021e-005 -3.56744e-005 -6.78461e-018 1.87765e-008 1.87765e-008
7.46 2.14021e-005 -3.56744e-005 -2.2331e-018 1.87765e-008 1.87765e-008
7.47 2.14021e-005 -3.56744e-005 -3.20477e-018 1.87765e-008 1.87765e-008
7.48 2.14021e-005 -3.56744e-005 -1.75779e-018 1.87765e-008 1.87765e-008
7.49 2.14021e-005 -3.56744e-005 3.51164e-018 1.87765e-008 1.87765e-008
7.5 2.14021e-005 -3.56744e-005 -8.28774e-019 1.87765e-008 1.87765e-008
7.51 2.14021e-005 -3.56744e-005 -3.7969e-018 1.87765e-008 1.87765e-008
7.52 2.14021e-005 -3.56744e-005 -7.26257e-018 1.87765e-008 1.87765e-008
7.53 2.14021e-005 -3.56744e-005 -1.17845e-018 1.87765e-008 1.87765e-008
7.54 2.14021e-005 -3.56744e-005 -2.80246e-018 1.87765e-008 1.87765e-008
7.55 2.14021e-005 -3.56744e-005 -1.3243e-018 1.87765e-008 1.87765e-008
7.56 2.14021e-005 -3.56744e-005 -2.25862e-018 1.87765e-008 1.87765e-008
7.57 2.14021e-005 -3.56744e-005 -7.6643e-019 1.87765e-008 1.87765e-008
7.58 2.14021e-005 -3.56744e-005 -1.62172e-018 1.87765e-008 1.87765e-008
7.59 2.14021e-005 -3.56744e-005 -2.22287e-018 1.87765e-008 1.87765e-008
7.6 2.14021e-005 -3.56744e-005 -4.42551e-019 1.87765e-008 1.87765e-008
7.61 2.14021e-005 -3.56744e-005 -2.39549e-018 1.87765e-008 1.87765e-008
7.62 2.14021e-005 -3.56744e-005 -1.41233e-018 1.87765e-008 1.87765e-008
7.63 2.14021e-005 -3.56744e-005 -2.15707e-018 1.87765e-008 1.87765e-008
7.64 2.14021e-005 -3.56744e-005 -2.34614e-018 1.87765e-008 1.87765e-008
7.65 2.14021e-005 -3.56744e-005 -1.99694e-018 1.87765e-008 1.87765e-008
7.66 2.14021e-005 -3.56744e-005 -2.46276e-018 1.87765e-008 1.87765e-008
7.67 2.14021e-005 -3.56744e-005 -2.40958e-018 1.87765e-008 1.87765e-008
7.68 2.14021e-005 -3.56744e-005 -2.35487e-018 1.87765e-008 1.87765e-008
7.69 2.14021e-005 -3.56744e-005 -2.09194e-018 1.87765e-008 1.87765e-008
7.7 2.14021e-005 -3.56744e-005 -2.34153e-018 1.87765e-008 1.87765e-008
7.71 2.14021e-005 -3.56744e-005 -3.23568e-018 1.87765e-008 1.87765e-008
7.72 2.14021e-005 -3.56744e-005 -2.31817e-018 1.87765e-008 1.87765e-008
7.73 2.14021e-005 -3.56744e-005 -2.80609e-018 1.87765e-008 1.87765e-008
7.74 2.14021e-005 -3.56744e-005 -2.28647e-018 1.87765e-008 1.87765e-008
7.75 2.14021e-005 -3.56744e-005 -2.57528e-018 1.87765e-008 1.87765e-008
7.76 2.14021e-005 -3.56744e-005 -2.22168e-018 1.87765e-008 1.87765e-008
7.77 2.14021e-005 -3.56744e-005 -2.58402e-018 1.87765e-008 1.87765e-008
7.78 2.14021e-005 -3.56744e-005 -2.33799e-018 1.87765e-008 1.87765e-008
7.79 2.14021e-005 -3.56744e-005 -1.75921e-018 1.87765e-008 1.87765e-008
7.8 2.14021e-005 -3.56744e-005 1.06528e-019 1.87765e-008 1.87765e-008
7.81 2.14021e-005 -3.56744e-005 -7.57071e-019 1.87765e-008 1.87765e-008
7.82 2.14021e-005 -3.56744e-005 -2.07488e-018 1.87765e-008 1.87765e-008
7.83 2.14021e-005 -3.56744e-005 -1.81456e-018 1.87765e-008 1.87765e-008
7.84 2.14021e-005 -3.56744e-005 -2.99602e-018 1.87765e-008 1.87765e-008
7.85 2.14021e-005 -3.56744e-005 -5.94119e-018 1.87765e-008 1.87765e-008
7.86 2.14021e-005 -3.56744e-005 -6.51137e-019 1.87765e-008 1.87765e-008
7.87 2.14021e-005 -3.56744e-005 -1.05745e-017 1.87765e-008 1.87765e-008
7.88 2.14021e-005 -3.56744e-005 -5.90487e-019 1.87765e-008 1.87765e-008
7.89 2.14021e-005 -3.56744e-005 -1.18778e-017 1.87765e-008 1.87765e-008
7.9 2.14021e-005 -3.56744e-005 -1.08236e-017 1.87765e-008 1.87765e-008
7.91 2.14021e-005 -3.56744e-005 -5.8436e-018 1.87765e-008 1.87765e-008
7.92 2.14021e-005 -3.56744e-005 -5.76589e-018 1.87765e-008 1.87765e-008
7.93 2.14021e-005 -3.56744e-005 -6.4702e-018 1.87765e-008 1.87765e-008
7.94 2.14021e-005 -3.56744e-005 -1.0278e-017 1.87765e-008 1.87765e-008
7.95 2.14021e-005 -3.56744e-005 -8.65845e-018 1.87765e-008 1.87765e-008
7.96 2.14021e-005 -3.56744e-005 -1.24816e-017 1.87765e-008 1.87765e-008
7.97 2.14021e-005 -3.56744e-005 -1.11209e-017 1.87765e-008 1.87765e-008
7.98 2.14021e-005 -3.56744e-005 -1.35555e-017 1.87765e-008 1.87765e-008
7.99 2.14021e-005 -3.56744e-005 -9.43039e-018 1.87765e-008 1.87765e-008
8 2.14021e-005 -3.56744e-005 -1.37567e-017 1.87765e-008 1.87765e-008
8.01 2.14021e-005 -3.56744e-005 -1.15912e-017 1.87765e-008 1.87765e-008
8.02 2.14021e-005 -3.56744e-005 -9.9132e-018 1.87765e-008 1.87765e-008
8.03 2.14021e-005 -3.56744e-005 -5.2045e-018 1.87765e-008 1.87765e-008
8.04 2.14021e-005 -3.56744e-005 -7.32805e-018 1.87765e-008 1.87765e-008
8.05 2.14021e-005 -3.56744e-005 -9.40512e-018 1.87765e-008 1.87765e-008
8.06 2.14021e-005 -3.56744e-005 -9.40965e-018 1.87765e-008 1.87765e-008
8.07 2.14021e-005 -3.56744e-005 -1.04876e-017 1.87765e-008 1.87765e-008
8.08 2.14021e-005 -3.56744e-005 -1.18131e-018 1.87765e-008 1.87765e-008
8.09 2.14021e-005 -3.56744e-005 -1.09984e-017 1.87765e-008 1.87765e-008
8.1 2.14021e-005 -3.56744e-005 -3.99948e-018 1.87765e-008 1.87765e-008
8.11 2.14021e-005 -3.56744e-005 -1.09836e-017 1.87765e-008 1.87765e-008
8.12 2.14021e-005 -3.56744e-005 -3.33416e-018 1.87765e-008 1.87765e-008
8.13 2.14021e-005 -3.56744e-005 -4.4068e-018 1.87765e-008 1.87765e-008
8.14 2.14021e-005 -3.56744e-005 -2.63666e-018 1.87765e-008 1.87765e-008
8.15 2.14021e-005 -3.56744e-005 -4.10042e-018 1.87765e-008 1.87765e-008
8.16 2.14021e-005 -3.56744e-005 -2.44689e-018 1.87765e-008 1.87765e-008
8.17 2.14021e-005 -3.56744e-005 -4.08675e-018 1.87765e-008 1.87765e-008
8.18 2.14021e-005 -3.56744e-005 -4.23586e-019 1.87765e-008 1.87765e-008
8.19 2.14021e-005 -3.56744e-005 -2.27564e-018 1.87765e-008 1.87765e-008
8.2 2.14021e-005 -3.56744e-005 -5.17965e-018 1.87765e-008 1.87765e-008
8.21 2.14021e-005 -3.56744e-005 -2.0957e-019 1.87765e-008 1.87765e-008
8.22 2.14021e-005 -3.56744e-005 -5.6223e-018 1.87765e-008 1.87765e-008
8.23 2.14021e-005 -3.56744e-005 -4.14292e-018 1.87765e-008 1.87765e-008
8.24 2.14021e-005 -3.56744e-005 -3.98527e-018 1.87765e-008 1.87765e-008
8.25 2.14021e-005 -3.56744e-005 -6.35727e-018 1.87765e-008 1.87765e-008
8.26 2.14021e-005 -3.56744e-005 -5.05733e-018 1.87765e-008 1.87765e-008
8.27 2.14021e-005 -3.56744e-005 -7.11734e-018 1.87765e-008 1.87765e-008
8.28 2.14021e-005 -3.56744e-005 -6.2766e-018 1.87765e-008 1.87765e-008
8.29 2.14021e-005 -3.56744e-005 -6.25523e-018 1.87765e-008 1.87765e-008
8.3 2.14021e-005 -3.56744e-005 -6.03799e-018 1.87765e-008 1.87765e-008
8.31 2.14021e-005 -3.56744e-005 -6.36104e-018 1.87765e-008 1.87765e-008
8.32 2.14021e-005 -3.56744e-005 -4.99024e-018 1.87765e-008 1.87765e-008
8.33 2.14021e-005 -3.56744e-005 -6.56334e-018 1.87765e-008 1.87765e-008
8.34 2.14021e-005 -3.56744e-005 -6.16359e-018 1.87765e-008 1.87765e-008
8.35 2.14021e-005 -3.56744e-005 -5.63233e-018 1.87765e-008 1.87765e-008
8.36 2.14021e-005 -3.56744e-005 -7.46294e-018 1.87765e-008 1.87765e-008
8.37 2.14021e-005 -3.56744e-005 -2.53042e-018 1.87765e-008 1.87765e-008
8.38 2.14021e-005 -3.56744e-005 -7.66873e-018 1.87765e-008 1.87765e-008
8.39 2.14021e-005 -3.56744e-005 -7.40011e-018 1.87765e-008 1.87765e-008
8.4 2.14021e-005 -3.56744e-005 -6.36912e-018 1.87765e-008 1.87765e-008
8.41 2.14021e-005 -3.56744e-005 -1.14165e-017 1.87765e-008 1.87765e-008
8.42 2.14021e-005 -3.56744e-005 -1.16479e-017 1.87765e-008 1.87765e-008
8.43 2.14021e-005 -3.56744e-005 -9.74803e-018 1.87765e-008 1.87765e-008
8.44 2.14021e-005 -3.56744e-005 -1.30087e-017 1.87765e-008 1.87765e-008
8.45 2.14021e-005 -3.56744e-005 -1.01169e-017 1.87765e-008 1.87765e-008
8.46 2.14021e-005 -3.56744e-005 -7.50537e-018 1.87765e-008 1.87765e-008
8.47 2.14021e-005 -3.56744e-005 -9.19624e-018 1.87765e-008 1.87765e-008
8.48 2.14021e-005 -3.56744e-005 -8.61282e-018 1.87765e-008 1.87765e-008
8.49 2.14021e-005 -3.56744e-005 -1.00649e-017 1.87765e-008 1.87765e-008
8.5 2.14021e-005 -3.56744e-005 -9.65115e-018 1.87765e-008 1.87765e-008
8.51 2.14021e-005 -3.56744e-005 -7.6032e-018 1.87765e-008 1.87765e-008
8.52 2.14021e-005 -3.56744e-005 -8.34194e-018 1.87765e-008 1.87765e-008
8.53 2.14021e-005 -3.56744e-005 -9.91454e-018 1.87765e-008 1.87765e-008
8.54 2.14021e-005 -3.56744e-005 -7.56191e-018 1.87765e-008 1.87765e-008
8.55 2.14021e-005 -3.56744e-005 -5.72821e-018 1.87765e-008 1.87765e-008
8.56 2.14021e-005 -3.56744e-005 -5.87466e-018 1.87765e-008 1.87765e-008
8.57 2.14021e-005 -3.56744e-005 -6.58129e-018 1.87765e-008 1.87765e-008
8.58 2.14021e-005 -3.56744e-005 -6.80823e-018 1.87765e-008 1.87765e-008
8.59 2.14021e-005 -3.56744e-005 -5.06713e-018 1.87765e-008 1.87765e-008
8.6 2.14021e-005 -3.56744e-005 -6.35933e-018 1.87765e-008 1.87765e-008
8.61 2.14021e-005 -3.56744e-005 -5.34892e-018 1.87765e-008 1.87765e-008
8.62 2.14021e-005 -3.56744e-005 -6.46666e-018 1.87765e-008 1.87765e-008
8.63 2.14021e-005 -3.56744e-005 -7.32325e-018 1.87765e-008 1.87765e-008
8.64 2.14021e-005 -3.56744e-005 -6.43106e-018 1.87765e-008 1.87765e-008
8.65 2.14021e-005 -3.56744e-005 -6.35287e-018 1.87765e-008 1.87765e-008
8.66 2.14021e-005 -3.56744e-005 -8.44629e-018 1.87765e-008 1.87765e-008
8.67 2.14021e-005 -3.56744e-005 -8.10396e-018 1.87765e-008 1.87765e-008
8.68 2.14021e-005 -3.56744e-005 -8.08023e-018 1.87765e-008 1.87765e-008
8.69 2.14021e-005 -3.56744e-005 -8.59368e-018 1.87765e-008 1.87765e-008
8.7 2.14021e-005 -3.56744e-005 -4.94921e-018 1.87765e-008 1.87765e-008
8.71 2.14021e-005 -3.56744e-005 -6.36342e-018 1.87765e-008 1.87765e-008
8.72 2.14021e-005 -3.56744e-005 -7.6058e-018 1.87765e-008 1.87765e-008
8.73 2.14021e-005 -3.56744e-005 -8.29604e-018 1.87765e-008 1.87765e-008
8.74 2.14021e-005 -3.56744e-005 -2.39371e-018 1.87765e-008 1.87765e-008
8.75 2.14021e-005 -3.56744e-005 -4.76035e-018 1.87765e-008 1.87765e-008
8.76 2.14021e-005 -3.56744e-005 -2.26753e-018 1.87765e-008 1.87765e-008
8.77 2.14021e-005 -3.56744e-005 -3.50019e-018 1.87765e-008 1.87765e-008
8.78 2.14021e-005 -3.56744e-005 -4.22857e-018 1.87765e-008 1.87765e-008
8.79 2.14021e-005 -3.56744e-005 -4.40249e-018 1.87765e-008 1.87765e-008
8.8 2.14021e-005 -3.56744e-005 -3.19663e-018 1.87765e-008 1.87765e-008
8.81 2.14021e-005 -3.56744e-005 -3.6727e-018 1.87765e-008 1.87765e-008
8.82 2.14021e-005 -3.56744e-005 -2.82866e-018 1.87765e-008 1.87765e-008
8.83 2.14021e-005 -3.56744e-005 -5.21204e-018 1.87765e-008 1.87765e-008
8.84 2.14021e-005 -3.56744e-005 -1.62863e-018 1.87765e-008 1.87765e-008
8.85 2.14021e-005 -3.56744e-005 -3.89042e-018 1.87765e-008 1.87765e-008
8.86 2.14021e-005 -3.56744e-005 -5.93595e-018 1.87765e-008 1.87765e-008
8.87 2.14021e-005 -3.56744e-005 -3.55305e-018 1.87765e-008 1.87765e-008
8.88 2.14021e-005 -3.56744e-005 -3.38073e-018 1.87765e-008 1.87765e-008
8.89 2.14021e-005 -3.56744e-005 -1.47597e-018 1.87765e-008 1.87765e-008
8.9 2.14021e-005 -3.56744e-005 -3.08968e-018 1.87765e-008 1.87765e-008
8.91 2.14021e-005 -3.56744e-005 -3.21953e-018 1.87765e-008 1.87765e-008
8.92 2.14021e-005 -3.56744e-005 -3.6551e-018 1.87765e-008 1.87765e-008
8.93 2.14021e-005 -3.56744e-005 -2.88228e-018 1.87765e-008 1.87765e-008
8.94 2.14021e-005 -3.56744e-005 -2.49272e-018 1.87765e-008 1.87765e-008
8.95 2.14021e-005 -3.56744e-005 -3.29681e-018 1.87765e-008 1.87765e-008
8.96 2.14021e-005 -3.56744e-005 -1.16995e-018 1.87765e-008 1.87765e-008
8.97 2.14021e-005 -3.56744e-005 -7.17997e-019 1.87765e-008 1.87765e-008
8.98 2.14021e-005 -3.56744e-005 -1.08087e-018 1.87765e-008 1.87765e-008
8.99 2.14021e-005 -3.56744e-005 2.49475e-019 1.87765e-008 1.87765e-008
9 2.14021e-005 -3.56744e-005 -2.38484e-019 1.87765e-008 1.87765e-008
9.01 2.14021e-005 -3.56744e-005 -1.73387e-019 1.87765e-008 1.87765e-008
9.02 2.14021e-005 -3.56744e-005 -1.86007e-019 1.87765e-008 1.87765e-008
9.03 2.14021e-005 -3.56744e-005 -1.88288e-019 1.87765e-008 1.87765e-008
9.04 2.14021e-005 -3.56744e-005 -1.89249e-019 1.87765e-008 1.87765e-008
9.05 2.14021e-005 -3.56744e-005 -2.02497e-019 1.87765e-008 1.87765e-008
9.06 2.14021e-005 -3.56744e-005 -6.27023e-019 1.87765e-008 1.87765e-008
9.07 2.14021e-005 -3.56744e-005 -6.24063e-019 1.87765e-008 1.87765e-008
9.08 2.14021e-005 -3.56744e-005 5.32949e-019 1.87765e-008 1.87765e-008
9.09 2.14021e-005 -3.56744e-005 -1.09992e-018 1.87765e-008 1.87765e-008
9.1 2.14021e-005 -3.56744e-005 4.54933e-018 1.87765e-008 1.87765e-008
9.11 2.14021e-005 -3.56744e-005 6.31574e-018 1.87765e-008 1.87765e-008
9.12 2.14021e-005 -3.56744e-005 5.23546e-018 1.87765e-008 1.87765e-008
9.13 2.14021e-005 -3.56744e-005 1.61369e-018 1.87765e-008 1.87765e-008
9.14 2.14021e-005 -3.56744e-005 5.62997e-019 1.87765e-008 1.87765e-008
9.15 2.14021e-005 -3.56744e-005 3.27204e-018 1.87765e-008 1.87765e-008
9.16 2.14021e-005 -3.56744e-005 2.00595e-018 1.87765e-008 1.87765e-008
9.17 2.14021e-005 -3.56744e-005 1.89487e-018 1.87765e-008 1.87765e-008
9.18 2.14021e-005 -3.56744e-005 3.01976e-019 1.87765e-008 1.87765e-008
9.19 2.14021e-005 -3.56744e-005 1.38537e-018 1.87765e-008 1.87765e-008
9.2 2.14021e-005 -3.56744e-005 -5.58447e-019 1.87765e-008 1.87765e-008
9.21 2.14021e-005 -3.56744e-005 3.95594e-018 1.87765e-008 1.87765e-008
9.22 2.14021e-005 -3.56744e-005 -4.30348e-018 1.87765e-008 1.87765e-008
9.23 2.14021e-005 -3.56744e-005 1.12551e-018 1.87765e-008 1.87765e-008
9.24 2.14021e-005 -3.56744e-005 2.41693e-018 1.87765e-008 1.87765e-008
9.25 2.14021e-005 -3.56744e-005 2.01055e-018 1.87765e-008 1.87765e-008
9.26 2.14021e-005 -3.56744e-005 3.20477e-018 1.87765e-008 1.87765e-008
9.27 2.14021e-005 -3.56744e-005 6.57725e-019 1.87765e-008 1.87765e-008
9.28 2.14021e-005 -3.56744e-005 4.26767e-018 1.87765e-008 1.87765e-008
9.29 2.14021e-005 -3.56744e-005 5.11329e-018 1.87765e-008 1.87765e-008
9.3 2.14021e-005 -3.56744e-005 6.44003e-018 1.87765e-008 1.87765e-008
9.31 2.14021e-005 -3.56744e-005 4.28892e-018 1.87765e-008 1.87765e-008
9.32 2.14021e-005 -3.56744e-005 3.17165e-018 1.87765e-008 1.87765e-008
9.33 2.14021e-005 -3.56744e-005 3.96024e-018 1.87765e-008 1.87765e-008
9.34 2.14021e-005 -3.56744e-005 4.30186e-018 1.87765e-008 1.87765e-008
9.35 2.14021e-005 -3.56744e-005 2.317e-018 1.87765e-008 1.87765e-008
9.36 2.14021e-005 -3.56744e-005 1.63016e-018 1.87765e-008 1.87765e-008
9.37 2.14021e-005 -3.56744e-005 3.17383e-018 1.87765e-008 1.87765e-008
9.38 2.14021e-005 -3.56744e-005 -4.07509e-019 1.87765e-008 1.87765e-008
9.39 2.14021e-005 -3.56744e-005 1.97999e-018 1.87765e-008 1.87765e-008
9.4 2.14021e-005 -3.56744e-005 3.18446e-018 1.87765e-008 1.87765e-008
9.41 2.14021e-005 -3.56744e-005 3.73674e-018 1.87765e-008 1.87765e-008
9.42 2.14021e-005 -3.56744e-005 3.4135e-018 1.87765e-008 1.87765e-008
9.43 2.14021e-005 -3.56744e-005 4.09776e-018 1.87765e-008 1.87765e-008
9.44 2.14021e-005 -3.56744e-005 3.9203e-018 1.87765e-008 1.87765e-008
9.45 2.14021e-005 -3.56744e-005 3.77815e-018 1.87765e-008 1.87765e-008
9.46 2.14021e-005 -3.56744e-005 3.01186e-018 1.87765e-008 1.87765e-008
9.47 2.14021e-005 -3.56744e-005 5.27844e-018 1.87765e-008 1.87765e-008
9.48 2.14021e-005 -3.56744e-005 3.37712e-018 1.87765e-008 1.87765e-008
9.49 2.14021e-005 -3.56744e-005 4.31057e-018 1.87765e-008 1.87765e-008
9.5 2.14021e-005 -3.56744e-005 6.44935e-018 1.87765e-008 1.87765e-008
9.51 2.14021e-005 -3.56744e-005 2.12038e-018 1.87765e-008 1.87765e-008
9.52 2.14021e-005 -3.56744e-005 3.54286e-019 1.87765e-008 1.87765e-008
9.53 2.14021e-005 -3.56744e-005 -2.12589e-018 1.87765e-008 1.87765e-008
9.54 2.14021e-005 -3.56744e-005 4.87302e-018 1.87765e-008 1.87765e-008
9.55 2.14021e-005 -3.56744e-005 2.7091e-018 1.87765e-008 1.87765e-008
9.56 2.14021e-005 -3.56744e-005 4.53627e-018 1.87765e-008 1.87765e-008
9.57 2.14021e-005 -3.56744e-005 7.13053e-018 1.87765e-008 1.87765e-008
9.58 2.14021e-005 -3.56744e-005 7.83449e-018 1.87765e-008 1.87765e-008
9.59 2.14021e-005 -3.56744e-005 7.59385e-018 1.87765e-008 1.87765e-008
9.6 2.14021e-005 -3.56744e-005 9.89852e-018 1.87765e-008 1.87765e-008
9.61 2.14021e-005 -3.56744e-005 6.59742e-018 1.87765e-008 1.87765e-008
9.62 2.14021e-005 -3.56744e-005 7.48124e-018 1.87765e-008 1.87765e-008
9.63 2.14021e-005 -3.56744e-005 7.21853e-018 1.87765e-008 1.87765e-008
9.64 2.14021e-005 -3.56744e-005 9.55105e-018 1.87765e-008 1.87765e-008
9.65 2.14021e-005 -3.56744e-005 7.18105e-018 1.87765e-008 1.87765e-008
9.66 2.14021e-005 -3.56744e-005 6.02844e-018 1.87765e-008 1.87765e-008
9.67 2.14021e-005 -3.56744e-005 2.93902e-018 1.87765e-008 1.87765e-008
9.68 2.14021e-005 -3.56744e-005 3.88055e-018 1.87765e-008 1.87765e-008
9.69 2.14021e-005 -3.56744e-005 3.37764e-018 1.87765e-008 1.87765e-008
9.7 2.14021e-005 -3.56744e-005 3.14882e-018 1.87765e-008 1.87765e-008
9.71 2.14021e-005 -3.56744e-005 3.04608e-018 1.87765e-008 1.87765e-008
9.72 2.14021e-005 -3.56744e-005 3.13731e-018 1.87765e-008 1.87765e-008
9.73 2.14021e-005 -3.56744e-005 3.6268e-018 1.87765e-008 1.87765e-008
9.74 2.14021e-005 -3.56744e-005 2.58333e-018 1.87765e-008 1.87765e-008
9.75 2.14021e-005 -3.56744e-005 2.18143e-018 1.87765e-008 1.87765e-008
9.76 2.14021e-005 -3.56744e-005 3.92582e-018 1.87765e-008 1.87765e-008
9.77 2.14021e-005 -3.56744e-005 4.47801e-018 1.87765e-008 1.87765e-008
9.78 2.14021e-005 -3.56744e-005 4.73211e-018 1.87765e-008 1.87765e-008
9.79 2.14021e-005 -3.56744e-005 4.85008e-018 1.87765e-008 1.87765e-008
9.8 2.14021e-005 -3.56744e-005 4.90495e-018 1.87765e-008 1.87765e-008
9.81 2.14021e-005 -3.56744e-005 4.79731e-018 1.87765e-008 1.87765e-008
9.82 2.14021e-005 -3.56744e-005 5.1327e-018 1.87765e-008 1.87765e-008
9.83 2.14021e-005 -3.56744e-005 6.561e-018 1.87765e-008 1.87765e-008
9.84 2.14021e-005 -3.56744e-005 5.87677e-018 1.87765e-008 1.87765e-008
9.85 2.14021e-005 -3.56744e-005 5.7058e-018 1.87765e-008 1.87765e-008
9.86 2.14021e-005 -3.56744e-005 5.86199e-018 1.87765e-008 1.87765e-008
9.87 2.14021e-005 -3.56744e-005 7.85042e-018 1.87765e-008 1.87765e-008
9.88 2.14021e-005 -3.56744e-005 5.49262e-018 1.87765e-008 1.87765e-008
9.89 2.14021e-005 -3.56744e-005 7.55674e-018 1.87765e-008 1.87765e-008
9.9 2.14021e-005 -3.56744e-005 7.60433e-018 1.87765e-008 1.87765e-008
9.91 2.14021e-005 -3.56744e-005 6.10602e-018 1.87765e-008 1.87765e-008
9.92 2.14021e-005 -3.56744e-005 7.2097e-018 1.87765e-008 1.87765e-008
9.93 2.14021e-005 -3.56744e-005 6.82845e-018 1.87765e-008 1.87765e-008
9.94 2.14021e-005 -3.56744e-005 6.86448e-018 1.87765e-008 1.87765e-008
9.95 2.14021e-005 -3.56744e-005 6.73559e-018 1.87765e-008 1.87765e-008
9.96 2.14021e-005 -3.56744e-005 7.26158e-018 1.87765e-008 1.87765e-008
9.97 2.14021e-005 -3.56744e-005 7.43127e-018 1.87765e-008 1.87765e-008
9.98 2.14021e-005 -3.56744e-005 7.5082e-018 1.87765e-008 1.87765e-008
9.99 2.14021e-005 -3.56744e-005 7.54409e-018 1.87765e-008 1.87765e-008
10 2.14021e-005 -3.56744e-005 7.53795e-018 1.87765e-008 1.87765e-008
