0.1 -2.29464e-008 -3.17962e-006 -2.19599e-019 1.09109e-009 1.09109e-009
0.2 -9.22889e-008 -6.36913e-006 1.28565e-019 2.18308e-009 2.18308e-009
0.3 -2.08797e-007 -9.56865e-006 4.54807e-018 3.27596e-009 3.27596e-009
0.4 -3.73262e-007 -1.27783e-005 4.44005e-018 4.36972e-009 4.36972e-009
0.5 -5.86494e-007 -1.59983e-005 4.82403e-018 5.46437e-009 5.46437e-009
0.6 -5.74312e-007 -1.92953e-005 4.18983e-018 6.56243e-009 6.56243e-009
0.7 1.31201e-006 -2.30234e-005 4.35031e-018 7.65415e-009 7.65415e-009
0.8 6.47478e-006 -2.73746e-005 4.53195e-018 8.72525e-009 8.72525e-009
0.9 1.46944e-005 -3.22239e-005 4.98205e-018 9.78152e-009 9.78152e-009
1 2.55276e-005 -3.74875e-005 5.4086e-018 1.0828e-008 1.0828e-008
0.01 2.55276e-005 -3.74875e-005 7.80493e-021 1.0828e-008 1.0828e-008
0.02 2.55276e-005 -3.74875e-005 -7.41637e-020 1.0828e-008 1.0828e-008
0.03 2.55276e-005 -3.74875e-005 -1.68405e-019 1.0828e-008 1.0828e-008
0.04 2.55276e-005 -3.74875e-005 -1.09142e-019 1.0828e-008 1.0828e-008
0.05 2.55276e-005 -3.74875e-005 -1.10411e-019 1.0828e-008 1.0828e-008
0.06 2.55276e-005 -3.74875e-005 -1.11553e-019 1.0828e-008 1.0828e-008
0.07 2.55276e-005 -3.74875e-005 -1.16975e-019 1.0828e-008 1.0828e-008
0.08 2.55276e-005 -3.74875e-005 -1.18743e-019 1.0828e-008 1.0828e-008
0.09 2.55276e-005 -3.74875e-005 -1.17697e-019 1.0828e-008 1.0828e-008
0.1 2.55276e-005 -3.74875e-005 -1.1906e-019 1.0828e-008 1.0828e-008
0.11 2.55276e-005 -3.74875e-005 -1.18072e-019 1.0828e-008 1.0828e-008
0.12 2.55276e-005 -3.74875e-005 -1.16849e-019 1.0828e-008 1.0828e-008
0.13 2.55276e-005 -3.74875e-005 -1.18706e-019 1.0828e-008 1.0828e-008
0.14 2.55276e-005 -3.74875e-005 -1.16354e-019 1.0828e-008 1.0828e-008
0.15 2.55276e-005 -3.74875e-005 -1.20388e-019 1.0828e-008 1.0828e-008
0.16 2.55276e-005 -3.74875e-005 -1.14448e-019 1.0828e-008 1.0828e-008
0.17 2.55276e-005 -3.74875e-005 -1.23263e-019 1.0828e-008 1.0828e-008
0.18 2.55276e-005 -3.74875e-005 -1.12719e-019 1.0828e-008 1.0828e-008
0.19 2.55276e-005 -3.74875e-005 -1.2444e-019 1.0828e-008 1.0828e-008
0.2 2.55276e-005 -3.74875e-005 -1.07975e-019 1.0828e-008 1.0828e-008
0.21 2.55276e-005 -3.74875e-005 -1.39769e-019 1.0828e-008 1.0828e-008
0.22 2.55276e-005 -3.74875e-005 -8.76514e-020 1.0828e-008 1.0828e-008
0.23 2.55276e-005 -3.74875e-005 -1.65064e-019 1.0828e-008 1.0828e-008
0.24 2.55276e-005 -3.74875e-005 -6.71032e-020 1.0828e-008 1.0828e-008
0.25 2.55276e-005 -3.74875e-005 -1.92804e-019 1.0828e-008 1.0828e-008
0.26 2.55276e-005 -3.74875e-005 2.79619e-020 1.0828e-008 1.0828e-008
0.27 2.55276e-005 -3.74875e-005 -1.01778e-017 1.0828e-008 1.0828e-008
0.28 2.55276e-005 -3.74875e-005 3.71032e-018 1.0828e-008 1.0828e-008
0.29 2.55276e-005 -3.74875e-005 8.82106e-018 1.0828e-008 1.0828e-008
0.3 2.55276e-005 -3.74875e-005 -2.33241e-018 1.0828e-008 1.0828e-008
0.31 2.55276e-005 -3.74875e-005 5.81669e-018 1.0828e-008 1.0828e-008
0.32 2.55276e-005 -3.74875e-005 -4.86032e-018 1.0828e-008 1.0828e-008
0.33 2.55276e-005 -3.74875e-005 9.09533e-018 1.0828e-008 1.0828e-008
0.34 2.55276e-005 -3.74875e-005 -6.04217e-018 1.0828e-008 1.0828e-008
0.35 2.55276e-005 -3.74875e-005 6.93696e-018 1.0828e-008 1.0828e-008
0.36 2.55276e-005 -3.74875e-005 -2.27993e-018 1.0828e-008 1.0828e-008
0.37 2.55276e-005 -3.74875e-005 2.81082e-018 1.0828e-008 1.0828e-008
0.38 2.55276e-005 -3.74875e-005 -5.43848e-019 1.0828e-008 1.0828e-008
0.39 2.55276e-005 -3.74875e-005 -2.41681e-018 1.0828e-008 1.0828e-008
0.4 2.55276e-005 -3.74875e-005 5.80381e-018 1.0828e-008 1.0828e-008
0.41 2.55276e-005 -3.74875e-005 -6.15555e-018 1.0828e-008 1.0828e-008
0.42 2.55276e-005 -3.74875e-005 5.62457e-018 1.0828e-008 1.0828e-008
0.43 2.55276e-005 -3.74875e-005 -4.80968e-018 1.0828e-008 1.0828e-008
0.44 2.55276e-005 -3.74875e-005 1.8226e-018 1.0828e-008 1.0828e-008
0.45 2.55276e-005 -3.74875e-005 -4.13072e-018 1.0828e-008 1.0828e-008
0.46 2.55276e-005 -3.74875e-005 2.59476e-018 1.0828e-008 1.0828e-008
0.47 2.55276e-005 -3.74875e-005 -1.17074e-017 1.0828e-008 1.0828e-008
0.48 2.55276e-005 -3.74875e-005 1.37775e-017 1.0828e-008 1.0828e-008
0.49 2.55276e-005 -3.74875e-005 -1.52443e-017 1.0828e-008 1.0828e-008
0.5 2.55276e-005 -3.74875e-005 1.37638e-017 1.0828e-008 1.0828e-008
0.51 2.55276e-005 -3.74875e-005 -2.12665e-018 1.0828e-008 1.0828e-008
0.52 2.55276e-005 -3.74875e-005 1.63867e-018 1.0828e-008 1.0828e-008
0.53 2.55276e-005 -3.74875e-005 -2.77994e-019 1.0828e-008 1.0828e-008
0.54 2.55276e-005 -3.74875e-005 -6.76892e-019 1.0828e-008 1.0828e-008
0.55 2.55276e-005 -3.74875e-005 -1.27037e-019 1.0828e-008 1.0828e-008
0.56 2.55276e-005 -3.74875e-005 -8.74286e-019 1.0828e-008 1.0828e-008
0.57 2.55276e-005 -3.74875e-005 -8.97826e-019 1.0828e-008 1.0828e-008
0.58 2.55276e-005 -3.74875e-005 -1.0577e-018 1.0828e-008 1.0828e-008
0.59 2.55276e-005 -3.74875e-005 -2.36919e-019 1.0828e-008 1.0828e-008
0.6 2.55276e-005 -3.74875e-005 -7.44376e-019 1.0828e-008 1.0828e-008
0.61 2.55276e-005 -3.74875e-005 4.03827e-018 1.0828e-008 1.0828e-008
0.62 2.55276e-005 -3.74875e-005 3.8094e-018 1.0828e-008 1.0828e-008
0.63 2.55276e-005 -3.74875e-005 -2.2377e-018 1.0828e-008 1.0828e-008
0.64 2.55276e-005 -3.74875e-005 1.73672e-018 1.0828e-008 1.0828e-008
0.65 2.55276e-005 -3.74875e-005 -2.41966e-018 1.0828e-008 1.0828e-008
0.66 2.55276e-005 -3.74875e-005 5.97821e-019 1.0828e-008 1.0828e-008
0.67 2.55276e-005 -3.74875e-005 -6.35319e-018 1.0828e-008 1.0828e-008
0.68 2.55276e-005 -3.74875e-005 -6.01138e-018 1.0828e-008 1.0828e-008
0.69 2.55276e-005 -3.74875e-005 2.00215e-018 1.0828e-008 1.0828e-008
0.7 2.55276e-005 -3.74875e-005 5.21433e-018 1.0828e-008 1.0828e-008
0.71 2.55276e-005 -3.74875e-005 1.40079e-017 1.0828e-008 1.0828e-008
0.72 2.55276e-005 -3.74875e-005 -4.07866e-018 1.0828e-008 1.0828e-008
0.73 2.55276e-005 -3.74875e-005 -2.97685e-018 1.0828e-008 1.0828e-008
0.74 2.55276e-005 -3.74875e-005 -4.59197e-018 1.0828e-008 1.0828e-008
0.75 2.55276e-005 -3.74875e-005 3.3628e-018 1.0828e-008 1.0828e-008
0.76 2.55276e-005 -3.74875e-005 1.35938e-017 1.0828e-008 1.0828e-008
0.77 2.55276e-005 -3.74875e-005 4.2074e-018 1.0828e-008 1.0828e-008
0.78 2.55276e-005 -3.74875e-005 8.2334e-019 1.0828e-008 1.0828e-008
0.79 2.55276e-005 -3.74875e-005 4.13271e-018 1.0828e-008 1.0828e-008
0.8 2.55276e-005 -3.74875e-005 3.73555e-018 1.0828e-008 1.0828e-008
0.81 2.55276e-005 -3.74875e-005 8.36902e-018 1.0828e-008 1.0828e-008
0.82 2.55276e-005 -3.74875e-005 -4.86244e-018 1.0828e-008 1.0828e-008
0.83 2.55276e-005 -3.74875e-005 5.23778e-018 1.0828e-008 1.0828e-008
0.84 2.55276e-005 -3.74875e-005 -1.69646e-018 1.0828e-008 1.0828e-008
0.85 2.55276e-005 -3.74875e-005 1.99412e-018 1.0828e-008 1.0828e-008
0.86 2.55276e-005 -3.74875e-005 5.88317e-018 1.0828e-008 1.0828e-008
0.87 2.55276e-005 -3.74875e-005 7.11509e-018 1.0828e-008 1.0828e-008
0.88 2.55276e-005 -3.74875e-005 4.35785e-018 1.0828e-008 1.0828e-008
0.89 2.55276e-005 -3.74875e-005 -3.34632e-019 1.0828e-008 1.0828e-008
0.9 2.55276e-005 -3.74875e-005 -1.38154e-018 1.0828e-008 1.0828e-008
0.91 2.55276e-005 -3.74875e-005 2.72672e-018 1.0828e-008 1.0828e-008
0.92 2.55276e-005 -3.74875e-005 -1.64474e-018 1.0828e-008 1.0828e-008
0.93 2.55276e-005 -3.74875e-005 -3.57176e-018 1.0828e-008 1.0828e-008
0.94 2.55276e-005 -3.74875e-005 7.59679e-018 1.0828e-008 1.0828e-008
0.95 2.55276e-005 -3.74875e-005 5.51886e-018 1.0828e-008 1.0828e-008
0.96 2.55276e-005 -3.74875e-005 -2.6337e-018 1.0828e-008 1.0828e-008
0.97 2.55276e-005 -3.74875e-005 3.90272e-019 1.0828e-008 1.0828e-008
0.98 2.55276e-005 -3.74875e-005 2.27688e-018 1.0828e-008 1.0828e-008
0.99 2.55276e-005 -3.74875e-005 1.60889e-018 1.0828e-008 1.0828e-008
1 2.55276e-005 -3.74875e-005 4.39981e-018 1.0828e-008 1.0828e-008
1.01 2.55276e-005 -3.74875e-005 5.31464e-018 1.0828e-008 1.0828e-008
1.02 2.55276e-005 -3.74875e-005 -1.09091e-017 1.0828e-008 1.0828e-008
1.03 2.55276e-005 -3.74875e-005 3.06549e-018 1.0828e-008 1.0828e-008
1.04 2.55276e-005 -3.74875e-005 -3.49793e-018 1.0828e-008 1.0828e-008
1.05 2.55276e-005 -3.74875e-005 -1.19909e-018 1.0828e-008 1.0828e-008
1.06 2.55276e-005 -3.74875e-005 8.48833e-019 1.0828e-008 1.0828e-008
1.07 2.55276e-005 -3.74875e-005 -7.2295e-018 1.0828e-008 1.0828e-008
1.08 2.55276e-005 -3.74875e-005 -4.68859e-018 1.0828e-008 1.0828e-008
1.09 2.55276e-005 -3.74875e-005 6.4653e-018 1.0828e-008 1.0828e-008
1.1 2.55276e-005 -3.74875e-005 -1.47511e-017 1.0828e-008 1.0828e-008
1.11 2.55276e-005 -3.74875e-005 4.56779e-018 1.0828e-008 1.0828e-008
1.12 2.55276e-005 -3.74875e-005 -9.49758e-018 1.0828e-008 1.0828e-008
1.13 2.55276e-005 -3.74875e-005 8.8193e-018 1.0828e-008 1.0828e-008
1.14 2.55276e-005 -3.74875e-005 -9.83172e-018 1.0828e-008 1.0828e-008
1.15 2.55276e-005 -3.74875e-005 7.97467e-018 1.0828e-008 1.0828e-008
1.16 2.55276e-005 -3.74875e-005 -1.50046e-017 1.0828e-008 1.0828e-008
1.17 2.55276e-005 -3.74875e-005 1.36988e-017 1.0828e-008 1.0828e-008
1.18 2.55276e-005 -3.74875e-005 -1.8817e-017 1.0828e-008 1.0828e-008
1.19 2.55276e-005 -3.74875e-005 1.45097e-017 1.0828e-008 1.0828e-008
1.2 2.55276e-005 -3.74875e-005 -1.9189e-017 1.0828e-008 1.0828e-008
1.21 2.55276e-005 -3.74875e-005 1.26565e-017 1.0828e-008 1.0828e-008
1.22 2.55276e-005 -3.74875e-005 -1.86232e-017 1.0828e-008 1.0828e-008
1.23 2.55276e-005 -3.74875e-005 1.41451e-017 1.0828e-008 1.0828e-008
1.24 2.55276e-005 -3.74875e-005 -1.99888e-017 1.0828e-008 1.0828e-008
1.25 2.55276e-005 -3.74875e-005 1.15647e-017 1.0828e-008 1.0828e-008
1.26 2.55276e-005 -3.74875e-005 -1.28328e-017 1.0828e-008 1.0828e-008
1.27 2.55276e-005 -3.74875e-005 1.29917e-017 1.0828e-008 1.0828e-008
1.28 2.55276e-005 -3.74875e-005 -6.75803e-018 1.0828e-008 1.0828e-008
1.29 2.55276e-005 -3.74875e-005 1.06012e-017 1.0828e-008 1.0828e-008
1.3 2.55276e-005 -3.74875e-005 -4.72274e-018 1.0828e-008 1.0828e-008
1.31 2.55276e-005 -3.74875e-005 1.7073e-017 1.0828e-008 1.0828e-008
1.32 2.55276e-005 -3.74875e-005 -1.33389e-017 1.0828e-008 1.0828e-008
1.33 2.55276e-005 -3.74875e-005 1.93054e-017 1.0828e-008 1.0828e-008
1.34 2.55276e-005 -3.74875e-005 -1.56999e-017 1.0828e-008 1.0828e-008
1.35 2.55276e-005 -3.74875e-005 1.64469e-017 1.0828e-008 1.0828e-008
1.36 2.55276e-005 -3.74875e-005 -2.31884e-017 1.0828e-008 1.0828e-008
1.37 2.55276e-005 -3.74875e-005 1.35441e-017 1.0828e-008 1.0828e-008
1.38 2.55276e-005 -3.74875e-005 -2.49563e-017 1.0828e-008 1.0828e-008
1.39 2.55276e-005 -3.74875e-005 1.30956e-017 1.0828e-008 1.0828e-008
1.4 2.55276e-005 -3.74875e-005 -1.59461e-017 1.0828e-008 1.0828e-008
1.41 2.55276e-005 -3.74875e-005 1.57767e-017 1.0828e-008 1.0828e-008
1.42 2.55276e-005 -3.74875e-005 -2.49501e-017 1.0828e-008 1.0828e-008
1.43 2.55276e-005 -3.74875e-005 1.33508e-017 1.0828e-008 1.0828e-008
1.44 2.55276e-005 -3.74875e-005 -1.70371e-017 1.0828e-008 1.0828e-008
1.45 2.55276e-005 -3.74875e-005 8.99298e-018 1.0828e-008 1.0828e-008
1.46 2.55276e-005 -3.74875e-005 -8.80904e-018 1.0828e-008 1.0828e-008
1.47 2.55276e-005 -3.74875e-005 1.46636e-017 1.0828e-008 1.0828e-008
1.48 2.55276e-005 -3.74875e-005 -1.63408e-017 1.0828e-008 1.0828e-008
1.49 2.55276e-005 -3.74875e-005 1.63996e-017 1.0828e-008 1.0828e-008
1.5 2.55276e-005 -3.74875e-005 -1.86864e-017 1.0828e-008 1.0828e-008
1.51 2.55276e-005 -3.74875e-005 1.41631e-017 1.0828e-008 1.0828e-008
1.52 2.55276e-005 -3.74875e-005 -1.68346e-017 1.0828e-008 1.0828e-008
1.53 2.55276e-005 -3.74875e-005 1.72899e-017 1.0828e-008 1.0828e-008
1.54 2.55276e-005 -3.74875e-005 -2.54658e-017 1.0828e-008 1.0828e-008
1.55 2.55276e-005 -3.74875e-005 1.38081e-017 1.0828e-008 1.0828e-008
1.56 2.55276e-005 -3.74875e-005 -2.52708e-017 1.0828e-008 1.0828e-008
1.57 2.55276e-005 -3.74875e-005 2.49526e-017 1.0828e-008 1.0828e-008
1.58 2.55276e-005 -3.74875e-005 -1.43544e-017 1.0828e-008 1.0828e-008
1.59 2.55276e-005 -3.74875e-005 3.24374e-017 1.0828e-008 1.0828e-008
1.6 2.55276e-005 -3.74875e-005 -1.36748e-017 1.0828e-008 1.0828e-008
1.61 2.55276e-005 -3.74875e-005 3.15817e-017 1.0828e-008 1.0828e-008
1.62 2.55276e-005 -3.74875e-005 -1.08535e-017 1.0828e-008 1.0828e-008
1.63 2.55276e-005 -3.74875e-005 2.34897e-017 1.0828e-008 1.0828e-008
1.64 2.55276e-005 -3.74875e-005 -1.27745e-017 1.0828e-008 1.0828e-008
1.65 2.55276e-005 -3.74875e-005 1.11209e-017 1.0828e-008 1.0828e-008
1.66 2.55276e-005 -3.74875e-005 -5.59089e-018 1.0828e-008 1.0828e-008
1.67 2.55276e-005 -3.74875e-005 1.51308e-018 1.0828e-008 1.0828e-008
1.68 2.55276e-005 -3.74875e-005 6.69667e-019 1.0828e-008 1.0828e-008
1.69 2.55276e-005 -3.74875e-005 1.74781e-018 1.0828e-008 1.0828e-008
1.7 2.55276e-005 -3.74875e-005 4.37349e-019 1.0828e-008 1.0828e-008
1.71 2.55276e-005 -3.74875e-005 6.53143e-019 1.0828e-008 1.0828e-008
1.72 2.55276e-005 -3.74875e-005 3.91031e-019 1.0828e-008 1.0828e-008
1.73 2.55276e-005 -3.74875e-005 5.91983e-019 1.0828e-008 1.0828e-008
1.74 2.55276e-005 -3.74875e-005 5.00589e-019 1.0828e-008 1.0828e-008
1.75 2.55276e-005 -3.74875e-005 4.399e-019 1.0828e-008 1.0828e-008
1.76 2.55276e-005 -3.74875e-005 3.59321e-018 1.0828e-008 1.0828e-008
1.77 2.55276e-005 -3.74875e-005 -2.84144e-018 1.0828e-008 1.0828e-008
1.78 2.55276e-005 -3.74875e-005 2.44095e-019 1.0828e-008 1.0828e-008
1.79 2.55276e-005 -3.74875e-005 -4.76744e-018 1.0828e-008 1.0828e-008
1.8 2.55276e-005 -3.74875e-005 3.53859e-018 1.0828e-008 1.0828e-008
1.81 2.55276e-005 -3.74875e-005 -4.88008e-019 1.0828e-008 1.0828e-008
1.82 2.55276e-005 -3.74875e-005 -1.17175e-018 1.0828e-008 1.0828e-008
1.83 2.55276e-005 -3.74875e-005 -1.08784e-018 1.0828e-008 1.0828e-008
1.84 2.55276e-005 -3.74875e-005 -9.99785e-019 1.0828e-008 1.0828e-008
1.85 2.55276e-005 -3.74875e-005 9.39318e-019 1.0828e-008 1.0828e-008
1.86 2.55276e-005 -3.74875e-005 -6.27414e-019 1.0828e-008 1.0828e-008
1.87 2.55276e-005 -3.74875e-005 -1.26503e-018 1.0828e-008 1.0828e-008
1.88 2.55276e-005 -3.74875e-005 -3.50269e-018 1.0828e-008 1.0828e-008
1.89 2.55276e-005 -3.74875e-005 7.83351e-019 1.0828e-008 1.0828e-008
1.9 2.55276e-005 -3.74875e-005 -1.19551e-017 1.0828e-008 1.0828e-008
1.91 2.55276e-005 -3.74875e-005 -5.83029e-019 1.0828e-008 1.0828e-008
1.92 2.55276e-005 -3.74875e-005 -5.59518e-018 1.0828e-008 1.0828e-008
1.93 2.55276e-005 -3.74875e-005 -9.19384e-018 1.0828e-008 1.0828e-008
1.94 2.55276e-005 -3.74875e-005 -1.61149e-018 1.0828e-008 1.0828e-008
1.95 2.55276e-005 -3.74875e-005 -1.13357e-018 1.0828e-008 1.0828e-008
1.96 2.55276e-005 -3.74875e-005 8.70729e-019 1.0828e-008 1.0828e-008
1.97 2.55276e-005 -3.74875e-005 -7.56807e-018 1.0828e-008 1.0828e-008
1.98 2.55276e-005 -3.74875e-005 2.73313e-018 1.0828e-008 1.0828e-008
1.99 2.55276e-005 -3.74875e-005 -1.13335e-017 1.0828e-008 1.0828e-008
2 2.55276e-005 -3.74875e-005 7.2454e-018 1.0828e-008 1.0828e-008
2.01 2.55276e-005 -3.74875e-005 -1.14055e-017 1.0828e-008 1.0828e-008
2.02 2.55276e-005 -3.74875e-005 7.9068e-018 1.0828e-008 1.0828e-008
2.03 2.55276e-005 -3.74875e-005 -1.55341e-017 1.0828e-008 1.0828e-008
2.04 2.55276e-005 -3.74875e-005 -2.37141e-019 1.0828e-008 1.0828e-008
2.05 2.55276e-005 -3.74875e-005 -5.89022e-018 1.0828e-008 1.0828e-008
2.06 2.55276e-005 -3.74875e-005 1.01975e-017 1.0828e-008 1.0828e-008
2.07 2.55276e-005 -3.74875e-005 -1.85873e-018 1.0828e-008 1.0828e-008
2.08 2.55276e-005 -3.74875e-005 -5.89646e-018 1.0828e-008 1.0828e-008
2.09 2.55276e-005 -3.74875e-005 -2.14041e-018 1.0828e-008 1.0828e-008
2.1 2.55276e-005 -3.74875e-005 -1.56338e-019 1.0828e-008 1.0828e-008
2.11 2.55276e-005 -3.74875e-005 7.18885e-018 1.0828e-008 1.0828e-008
2.12 2.55276e-005 -3.74875e-005 -1.34801e-017 1.0828e-008 1.0828e-008
2.13 2.55276e-005 -3.74875e-005 1.30527e-017 1.0828e-008 1.0828e-008
2.14 2.55276e-005 -3.74875e-005 -1.56441e-017 1.0828e-008 1.0828e-008
2.15 2.55276e-005 -3.74875e-005 2.32678e-017 1.0828e-008 1.0828e-008
2.16 2.55276e-005 -3.74875e-005 -1.1292e-017 1.0828e-008 1.0828e-008
2.17 2.55276e-005 -3.74875e-005 1.4162e-017 1.0828e-008 1.0828e-008
2.18 2.55276e-005 -3.74875e-005 -1.39671e-017 1.0828e-008 1.0828e-008
2.19 2.55276e-005 -3.74875e-005 9.307e-018 1.0828e-008 1.0828e-008
2.2 2.55276e-005 -3.74875e-005 -9.48048e-018 1.0828e-008 1.0828e-008
2.21 2.55276e-005 -3.74875e-005 4.02087e-018 1.0828e-008 1.0828e-008
2.22 2.55276e-005 -3.74875e-005 1.33126e-019 1.0828e-008 1.0828e-008
2.23 2.55276e-005 -3.74875e-005 -9.28487e-019 1.0828e-008 1.0828e-008
2.24 2.55276e-005 -3.74875e-005 1.32539e-018 1.0828e-008 1.0828e-008
2.25 2.55276e-005 -3.74875e-005 1.58859e-018 1.0828e-008 1.0828e-008
2.26 2.55276e-005 -3.74875e-005 1.37941e-018 1.0828e-008 1.0828e-008
2.27 2.55276e-005 -3.74875e-005 1.58477e-018 1.0828e-008 1.0828e-008
2.28 2.55276e-005 -3.74875e-005 1.73028e-018 1.0828e-008 1.0828e-008
2.29 2.55276e-005 -3.74875e-005 1.458e-018 1.0828e-008 1.0828e-008
2.3 2.55276e-005 -3.74875e-005 1.50288e-018 1.0828e-008 1.0828e-008
2.31 2.55276e-005 -3.74875e-005 1.73428e-018 1.0828e-008 1.0828e-008
2.32 2.55276e-005 -3.74875e-005 1.42507e-018 1.0828e-008 1.0828e-008
2.33 2.55276e-005 -3.74875e-005 1.8621e-018 1.0828e-008 1.0828e-008
2.34 2.55276e-005 -3.74875e-005 1.26531e-018 1.0828e-008 1.0828e-008
2.35 2.55276e-005 -3.74875e-005 2.05841e-018 1.0828e-008 1.0828e-008
2.36 2.55276e-005 -3.74875e-005 1.00024e-018 1.0828e-008 1.0828e-008
2.37 2.55276e-005 -3.74875e-005 2.41405e-018 1.0828e-008 1.0828e-008
2.38 2.55276e-005 -3.74875e-005 5.37749e-019 1.0828e-008 1.0828e-008
2.39 2.55276e-005 -3.74875e-005 1.5439e-018 1.0828e-008 1.0828e-008
2.4 2.55276e-005 -3.74875e-005 2.15217e-018 1.0828e-008 1.0828e-008
2.41 2.55276e-005 -3.74875e-005 -2.9288e-019 1.0828e-008 1.0828e-008
2.42 2.55276e-005 -3.74875e-005 -1.94535e-018 1.0828e-008 1.0828e-008
2.43 2.55276e-005 -3.74875e-005 -2.50274e-018 1.0828e-008 1.0828e-008
2.44 2.55276e-005 -3.74875e-005 2.33467e-018 1.0828e-008 1.0828e-008
2.45 2.55276e-005 -3.74875e-005 -5.52606e-019 1.0828e-008 1.0828e-008
2.46 2.55276e-005 -3.74875e-005 1.66557e-018 1.0828e-008 1.0828e-008
2.47 2.55276e-005 -3.74875e-005 3.20603e-020 1.0828e-008 1.0828e-008
2.48 2.55276e-005 -3.74875e-005 2.42323e-018 1.0828e-008 1.0828e-008
2.49 2.55276e-005 -3.74875e-005 -6.10305e-018 1.0828e-008 1.0828e-008
2.5 2.55276e-005 -3.74875e-005 4.68033e-018 1.0828e-008 1.0828e-008
2.51 2.55276e-005 -3.74875e-005 -8.96729e-018 1.0828e-008 1.0828e-008
2.52 2.55276e-005 -3.74875e-005 1.1087e-018 1.0828e-008 1.0828e-008
2.53 2.55276e-005 -3.74875e-005 -4.62365e-018 1.0828e-008 1.0828e-008
2.54 2.55276e-005 -3.74875e-005 -9.98313e-018 1.0828e-008 1.0828e-008
2.55 2.55276e-005 -3.74875e-005 4.16001e-019 1.0828e-008 1.0828e-008
2.56 2.55276e-005 -3.74875e-005 -4.02889e-018 1.0828e-008 1.0828e-008
2.57 2.55276e-005 -3.74875e-005 2.16519e-019 1.0828e-008 1.0828e-008
2.58 2.55276e-005 -3.74875e-005 -3.63523e-018 1.0828e-008 1.0828e-008
2.59 2.55276e-005 -3.74875e-005 -7.08594e-020 1.0828e-008 1.0828e-008
2.6 2.55276e-005 -3.74875e-005 -5.39914e-018 1.0828e-008 1.0828e-008
2.61 2.55276e-005 -3.74875e-005 -6.71758e-018 1.0828e-008 1.0828e-008
2.62 2.55276e-005 -3.74875e-005 8.86029e-019 1.0828e-008 1.0828e-008
2.63 2.55276e-005 -3.74875e-005 -4.10464e-018 1.0828e-008 1.0828e-008
2.64 2.55276e-005 -3.74875e-005 -4.42798e-018 1.0828e-008 1.0828e-008
2.65 2.55276e-005 -3.74875e-005 -2.28034e-018 1.0828e-008 1.0828e-008
2.66 2.55276e-005 -3.74875e-005 -2.57154e-019 1.0828e-008 1.0828e-008
2.67 2.55276e-005 -3.74875e-005 -2.97476e-018 1.0828e-008 1.0828e-008
2.68 2.55276e-005 -3.74875e-005 -1.107e-018 1.0828e-008 1.0828e-008
2.69 2.55276e-005 -3.74875e-005 -1.48399e-018 1.0828e-008 1.0828e-008
2.7 2.55276e-005 -3.74875e-005 -9.09097e-019 1.0828e-008 1.0828e-008
2.71 2.55276e-005 -3.74875e-005 -1.35664e-018 1.0828e-008 1.0828e-008
2.72 2.55276e-005 -3.74875e-005 -1.31918e-018 1.0828e-008 1.0828e-008
2.73 2.55276e-005 -3.74875e-005 -8.44532e-019 1.0828e-008 1.0828e-008
2.74 2.55276e-005 -3.74875e-005 -1.30034e-018 1.0828e-008 1.0828e-008
2.75 2.55276e-005 -3.74875e-005 -9.12779e-019 1.0828e-008 1.0828e-008
2.76 2.55276e-005 -3.74875e-005 -1.11561e-018 1.0828e-008 1.0828e-008
2.77 2.55276e-005 -3.74875e-005 -6.25676e-019 1.0828e-008 1.0828e-008
2.78 2.55276e-005 -3.74875e-005 -6.5114e-019 1.0828e-008 1.0828e-008
2.79 2.55276e-005 -3.74875e-005 -5.55608e-019 1.0828e-008 1.0828e-008
2.8 2.55276e-005 -3.74875e-005 -1.00734e-018 1.0828e-008 1.0828e-008
2.81 2.55276e-005 -3.74875e-005 -6.51209e-019 1.0828e-008 1.0828e-008
2.82 2.55276e-005 -3.74875e-005 -1.15269e-018 1.0828e-008 1.0828e-008
2.83 2.55276e-005 -3.74875e-005 2.40559e-019 1.0828e-008 1.0828e-008
2.84 2.55276e-005 -3.74875e-005 -2.39775e-018 1.0828e-008 1.0828e-008
2.85 2.55276e-005 -3.74875e-005 1.02455e-017 1.0828e-008 1.0828e-008
2.86 2.55276e-005 -3.74875e-005 -1.41358e-017 1.0828e-008 1.0828e-008
2.87 2.55276e-005 -3.74875e-005 -7.06654e-019 1.0828e-008 1.0828e-008
2.88 2.55276e-005 -3.74875e-005 -1.239e-017 1.0828e-008 1.0828e-008
2.89 2.55276e-005 -3.74875e-005 -4.26573e-018 1.0828e-008 1.0828e-008
2.9 2.55276e-005 -3.74875e-005 -2.46459e-018 1.0828e-008 1.0828e-008
2.91 2.55276e-005 -3.74875e-005 9.85782e-018 1.0828e-008 1.0828e-008
2.92 2.55276e-005 -3.74875e-005 -1.15577e-017 1.0828e-008 1.0828e-008
2.93 2.55276e-005 -3.74875e-005 2.93794e-018 1.0828e-008 1.0828e-008
2.94 2.55276e-005 -3.74875e-005 -1.37474e-017 1.0828e-008 1.0828e-008
2.95 2.55276e-005 -3.74875e-005 2.49565e-018 1.0828e-008 1.0828e-008
2.96 2.55276e-005 -3.74875e-005 4.96035e-019 1.0828e-008 1.0828e-008
2.97 2.55276e-005 -3.74875e-005 -3.12004e-018 1.0828e-008 1.0828e-008
2.98 2.55276e-005 -3.74875e-005 -5.50575e-018 1.0828e-008 1.0828e-008
2.99 2.55276e-005 -3.74875e-005 -1.86048e-018 1.0828e-008 1.0828e-008
3 2.55276e-005 -3.74875e-005 -3.70373e-018 1.0828e-008 1.0828e-008
3.01 2.55276e-005 -3.74875e-005 -3.31141e-018 1.0828e-008 1.0828e-008
3.02 2.55276e-005 -3.74875e-005 -2.1339e-018 1.0828e-008 1.0828e-008
3.03 2.55276e-005 -3.74875e-005 -3.53598e-018 1.0828e-008 1.0828e-008
3.04 2.55276e-005 -3.74875e-005 -2.09527e-018 1.0828e-008 1.0828e-008
3.05 2.55276e-005 -3.74875e-005 -4.46861e-018 1.0828e-008 1.0828e-008
3.06 2.55276e-005 -3.74875e-005 -1.68089e-018 1.0828e-008 1.0828e-008
3.07 2.55276e-005 -3.74875e-005 -5.71975e-018 1.0828e-008 1.0828e-008
3.08 2.55276e-005 -3.74875e-005 -1.778e-018 1.0828e-008 1.0828e-008
3.09 2.55276e-005 -3.74875e-005 -3.04763e-018 1.0828e-008 1.0828e-008
3.1 2.55276e-005 -3.74875e-005 -2.27825e-018 1.0828e-008 1.0828e-008
3.11 2.55276e-005 -3.74875e-005 -1.29493e-018 1.0828e-008 1.0828e-008
3.12 2.55276e-005 -3.74875e-005 1.42002e-018 1.0828e-008 1.0828e-008
3.13 2.55276e-005 -3.74875e-005 -1.73764e-018 1.0828e-008 1.0828e-008
3.14 2.55276e-005 -3.74875e-005 -7.07335e-020 1.0828e-008 1.0828e-008
3.15 2.55276e-005 -3.74875e-005 -9.78132e-019 1.0828e-008 1.0828e-008
3.16 2.55276e-005 -3.74875e-005 -1.10015e-018 1.0828e-008 1.0828e-008
3.17 2.55276e-005 -3.74875e-005 -1.73385e-018 1.0828e-008 1.0828e-008
3.18 2.55276e-005 -3.74875e-005 -1.73558e-018 1.0828e-008 1.0828e-008
3.19 2.55276e-005 -3.74875e-005 -5.17639e-019 1.0828e-008 1.0828e-008
3.2 2.55276e-005 -3.74875e-005 -4.82574e-018 1.0828e-008 1.0828e-008
3.21 2.55276e-005 -3.74875e-005 -9.18924e-018 1.0828e-008 1.0828e-008
3.22 2.55276e-005 -3.74875e-005 -2.89373e-018 1.0828e-008 1.0828e-008
3.23 2.55276e-005 -3.74875e-005 -4.07046e-018 1.0828e-008 1.0828e-008
3.24 2.55276e-005 -3.74875e-005 -2.13733e-018 1.0828e-008 1.0828e-008
3.25 2.55276e-005 -3.74875e-005 -3.39812e-018 1.0828e-008 1.0828e-008
3.26 2.55276e-005 -3.74875e-005 -3.88268e-018 1.0828e-008 1.0828e-008
3.27 2.55276e-005 -3.74875e-005 -3.27419e-018 1.0828e-008 1.0828e-008
3.28 2.55276e-005 -3.74875e-005 -3.48962e-018 1.0828e-008 1.0828e-008
3.29 2.55276e-005 -3.74875e-005 -3.2209e-018 1.0828e-008 1.0828e-008
3.3 2.55276e-005 -3.74875e-005 -3.41381e-018 1.0828e-008 1.0828e-008
3.31 2.55276e-005 -3.74875e-005 -3.83294e-018 1.0828e-008 1.0828e-008
3.32 2.55276e-005 -3.74875e-005 -3.00499e-018 1.0828e-008 1.0828e-008
3.33 2.55276e-005 -3.74875e-005 1.44456e-018 1.0828e-008 1.0828e-008
3.34 2.55276e-005 -3.74875e-005 -9.66659e-018 1.0828e-008 1.0828e-008
3.35 2.55276e-005 -3.74875e-005 -2.45542e-018 1.0828e-008 1.0828e-008
3.36 2.55276e-005 -3.74875e-005 -5.18303e-018 1.0828e-008 1.0828e-008
3.37 2.55276e-005 -3.74875e-005 -3.2082e-018 1.0828e-008 1.0828e-008
3.38 2.55276e-005 -3.74875e-005 -4.86883e-018 1.0828e-008 1.0828e-008
3.39 2.55276e-005 -3.74875e-005 -2.82812e-018 1.0828e-008 1.0828e-008
3.4 2.55276e-005 -3.74875e-005 -4.0731e-018 1.0828e-008 1.0828e-008
3.41 2.55276e-005 -3.74875e-005 -4.62512e-018 1.0828e-008 1.0828e-008
3.42 2.55276e-005 -3.74875e-005 -4.89794e-018 1.0828e-008 1.0828e-008
3.43 2.55276e-005 -3.74875e-005 -4.40081e-018 1.0828e-008 1.0828e-008
3.44 2.55276e-005 -3.74875e-005 -4.43291e-018 1.0828e-008 1.0828e-008
3.45 2.55276e-005 -3.74875e-005 -4.36198e-018 1.0828e-008 1.0828e-008
3.46 2.55276e-005 -3.74875e-005 -4.40742e-018 1.0828e-008 1.0828e-008
3.47 2.55276e-005 -3.74875e-005 -4.34495e-018 1.0828e-008 1.0828e-008
3.48 2.55276e-005 -3.74875e-005 -4.35901e-018 1.0828e-008 1.0828e-008
3.49 2.55276e-005 -3.74875e-005 -4.3458e-018 1.0828e-008 1.0828e-008
3.5 2.55276e-005 -3.74875e-005 -4.19409e-018 1.0828e-008 1.0828e-008
3.51 2.55276e-005 -3.74875e-005 -4.95564e-018 1.0828e-008 1.0828e-008
3.52 2.55276e-005 -3.74875e-005 -4.90166e-018 1.0828e-008 1.0828e-008
3.53 2.55276e-005 -3.74875e-005 -4.36939e-018 1.0828e-008 1.0828e-008
3.54 2.55276e-005 -3.74875e-005 -4.73516e-018 1.0828e-008 1.0828e-008
3.55 2.55276e-005 -3.74875e-005 -4.8826e-018 1.0828e-008 1.0828e-008
3.56 2.55276e-005 -3.74875e-005 -4.97483e-018 1.0828e-008 1.0828e-008
3.57 2.55276e-005 -3.74875e-005 -4.93547e-018 1.0828e-008 1.0828e-008
3.58 2.55276e-005 -3.74875e-005 -5.4293e-018 1.0828e-008 1.0828e-008
3.59 2.55276e-005 -3.74875e-005 -4.91989e-018 1.0828e-008 1.0828e-008
3.6 2.55276e-005 -3.74875e-005 -5.83253e-018 1.0828e-008 1.0828e-008
3.61 2.55276e-005 -3.74875e-005 -4.54562e-018 1.0828e-008 1.0828e-008
3.62 2.55276e-005 -3.74875e-005 -4.48759e-018 1.0828e-008 1.0828e-008
3.63 2.55276e-005 -3.74875e-005 -3.51205e-018 1.0828e-008 1.0828e-008
3.64 2.55276e-005 -3.74875e-005 -2.71433e-018 1.0828e-008 1.0828e-008
3.65 2.55276e-005 -3.74875e-005 -2.27971e-018 1.0828e-008 1.0828e-008
3.66 2.55276e-005 -3.74875e-005 -1.46175e-018 1.0828e-008 1.0828e-008
3.67 2.55276e-005 -3.74875e-005 -2.41649e-018 1.0828e-008 1.0828e-008
3.68 2.55276e-005 -3.74875e-005 -2.35144e-018 1.0828e-008 1.0828e-008
3.69 2.55276e-005 -3.74875e-005 -8.79612e-019 1.0828e-008 1.0828e-008
3.7 2.55276e-005 -3.74875e-005 -4.26221e-018 1.0828e-008 1.0828e-008
3.71 2.55276e-005 -3.74875e-005 -1.74481e-018 1.0828e-008 1.0828e-008
3.72 2.55276e-005 -3.74875e-005 -2.21023e-018 1.0828e-008 1.0828e-008
3.73 2.55276e-005 -3.74875e-005 -3.88725e-018 1.0828e-008 1.0828e-008
3.74 2.55276e-005 -3.74875e-005 -1.04034e-017 1.0828e-008 1.0828e-008
3.75 2.55276e-005 -3.74875e-005 -7.6178e-018 1.0828e-008 1.0828e-008
3.76 2.55276e-005 -3.74875e-005 2.17447e-019 1.0828e-008 1.0828e-008
3.77 2.55276e-005 -3.74875e-005 -6.79215e-018 1.0828e-008 1.0828e-008
3.78 2.55276e-005 -3.74875e-005 -3.74161e-018 1.0828e-008 1.0828e-008
3.79 2.55276e-005 -3.74875e-005 -3.80789e-018 1.0828e-008 1.0828e-008
3.8 2.55276e-005 -3.74875e-005 -4.6357e-018 1.0828e-008 1.0828e-008
3.81 2.55276e-005 -3.74875e-005 -3.14926e-018 1.0828e-008 1.0828e-008
3.82 2.55276e-005 -3.74875e-005 -3.40454e-018 1.0828e-008 1.0828e-008
3.83 2.55276e-005 -3.74875e-005 -6.75742e-018 1.0828e-008 1.0828e-008
3.84 2.55276e-005 -3.74875e-005 5.45405e-018 1.0828e-008 1.0828e-008
3.85 2.55276e-005 -3.74875e-005 8.79425e-019 1.0828e-008 1.0828e-008
3.86 2.55276e-005 -3.74875e-005 -5.64225e-018 1.0828e-008 1.0828e-008
3.87 2.55276e-005 -3.74875e-005 -6.48098e-018 1.0828e-008 1.0828e-008
3.88 2.55276e-005 -3.74875e-005 5.13498e-018 1.0828e-008 1.0828e-008
3.89 2.55276e-005 -3.74875e-005 -9.57176e-019 1.0828e-008 1.0828e-008
3.9 2.55276e-005 -3.74875e-005 -6.87053e-019 1.0828e-008 1.0828e-008
3.91 2.55276e-005 -3.74875e-005 -3.24441e-019 1.0828e-008 1.0828e-008
3.92 2.55276e-005 -3.74875e-005 -1.01823e-018 1.0828e-008 1.0828e-008
3.93 2.55276e-005 -3.74875e-005 2.73694e-018 1.0828e-008 1.0828e-008
3.94 2.55276e-005 -3.74875e-005 -4.92087e-019 1.0828e-008 1.0828e-008
3.95 2.55276e-005 -3.74875e-005 6.15174e-018 1.0828e-008 1.0828e-008
3.96 2.55276e-005 -3.74875e-005 1.64029e-018 1.0828e-008 1.0828e-008
3.97 2.55276e-005 -3.74875e-005 2.58655e-018 1.0828e-008 1.0828e-008
3.98 2.55276e-005 -3.74875e-005 -2.97137e-019 1.0828e-008 1.0828e-008
3.99 2.55276e-005 -3.74875e-005 3.76378e-018 1.0828e-008 1.0828e-008
4 2.55276e-005 -3.74875e-005 1.90773e-018 1.0828e-008 1.0828e-008
4.01 2.55276e-005 -3.74875e-005 6.26894e-019 1.0828e-008 1.0828e-008
4.02 2.55276e-005 -3.74875e-005 2.63357e-019 1.0828e-008 1.0828e-008
4.03 2.55276e-005 -3.74875e-005 -5.475e-019 1.0828e-008 1.0828e-008
4.04 2.55276e-005 -3.74875e-005 -2.01794e-019 1.0828e-008 1.0828e-008
4.05 2.55276e-005 -3.74875e-005 3.63194e-018 1.0828e-008 1.0828e-008
4.06 2.55276e-005 -3.74875e-005 -2.26713e-018 1.0828e-008 1.0828e-008
4.07 2.55276e-005 -3.74875e-005 2.1018e-018 1.0828e-008 1.0828e-008
4.08 2.55276e-005 -3.74875e-005 -3.12952e-019 1.0828e-008 1.0828e-008
4.09 2.55276e-005 -3.74875e-005 3.29783e-018 1.0828e-008 1.0828e-008
4.1 2.55276e-005 -3.74875e-005 3.59883e-018 1.0828e-008 1.0828e-008
4.11 2.55276e-005 -3.74875e-005 1.88847e-018 1.0828e-008 1.0828e-008
4.12 2.55276e-005 -3.74875e-005 2.13627e-018 1.0828e-008 1.0828e-008
4.13 2.55276e-005 -3.74875e-005 4.75004e-019 1.0828e-008 1.0828e-008
4.14 2.55276e-005 -3.74875e-005 5.29364e-019 1.0828e-008 1.0828e-008
4.15 2.55276e-005 -3.74875e-005 1.67916e-018 1.0828e-008 1.0828e-008
4.16 2.55276e-005 -3.74875e-005 4.77729e-019 1.0828e-008 1.0828e-008
4.17 2.55276e-005 -3.74875e-005 1.02521e-018 1.0828e-008 1.0828e-008
4.18 2.55276e-005 -3.74875e-005 1.36745e-018 1.0828e-008 1.0828e-008
4.19 2.55276e-005 -3.74875e-005 8.05508e-019 1.0828e-008 1.0828e-008
4.2 2.55276e-005 -3.74875e-005 2.91858e-018 1.0828e-008 1.0828e-008
4.21 2.55276e-005 -3.74875e-005 2.46169e-018 1.0828e-008 1.0828e-008
4.22 2.55276e-005 -3.74875e-005 1.53869e-018 1.0828e-008 1.0828e-008
4.23 2.55276e-005 -3.74875e-005 -4.46358e-019 1.0828e-008 1.0828e-008
4.24 2.55276e-005 -3.74875e-005 1.20838e-018 1.0828e-008 1.0828e-008
4.25 2.55276e-005 -3.74875e-005 8.98625e-019 1.0828e-008 1.0828e-008
4.26 2.55276e-005 -3.74875e-005 1.0391e-018 1.0828e-008 1.0828e-008
4.27 2.55276e-005 -3.74875e-005 8.88392e-019 1.0828e-008 1.0828e-008
4.28 2.55276e-005 -3.74875e-005 1.36655e-018 1.0828e-008 1.0828e-008
4.29 2.55276e-005 -3.74875e-005 1.76675e-018 1.0828e-008 1.0828e-008
4.3 2.55276e-005 -3.74875e-005 8.90625e-019 1.0828e-008 1.0828e-008
4.31 2.55276e-005 -3.74875e-005 6.80045e-019 1.0828e-008 1.0828e-008
4.32 2.55276e-005 -3.74875e-005 3.22086e-018 1.0828e-008 1.0828e-008
4.33 2.55276e-005 -3.74875e-005 -1.11549e-019 1.0828e-008 1.0828e-008
4.34 2.55276e-005 -3.74875e-005 4.3193e-018 1.0828e-008 1.0828e-008
4.35 2.55276e-005 -3.74875e-005 1.767e-018 1.0828e-008 1.0828e-008
4.36 2.55276e-005 -3.74875e-005 3.72985e-018 1.0828e-008 1.0828e-008
4.37 2.55276e-005 -3.74875e-005 3.14509e-018 1.0828e-008 1.0828e-008
4.38 2.55276e-005 -3.74875e-005 2.83158e-018 1.0828e-008 1.0828e-008
4.39 2.55276e-005 -3.74875e-005 3.31085e-018 1.0828e-008 1.0828e-008
4.4 2.55276e-005 -3.74875e-005 2.87486e-018 1.0828e-008 1.0828e-008
4.41 2.55276e-005 -3.74875e-005 3.2433e-018 1.0828e-008 1.0828e-008
4.42 2.55276e-005 -3.74875e-005 2.89975e-018 1.0828e-008 1.0828e-008
4.43 2.55276e-005 -3.74875e-005 3.08149e-018 1.0828e-008 1.0828e-008
4.44 2.55276e-005 -3.74875e-005 1.82032e-018 1.0828e-008 1.0828e-008
4.45 2.55276e-005 -3.74875e-005 2.51001e-018 1.0828e-008 1.0828e-008
4.46 2.55276e-005 -3.74875e-005 2.26413e-018 1.0828e-008 1.0828e-008
4.47 2.55276e-005 -3.74875e-005 2.61055e-018 1.0828e-008 1.0828e-008
4.48 2.55276e-005 -3.74875e-005 2.22213e-018 1.0828e-008 1.0828e-008
4.49 2.55276e-005 -3.74875e-005 2.59397e-018 1.0828e-008 1.0828e-008
4.5 2.55276e-005 -3.74875e-005 2.11695e-018 1.0828e-008 1.0828e-008
4.51 2.55276e-005 -3.74875e-005 2.94011e-018 1.0828e-008 1.0828e-008
4.52 2.55276e-005 -3.74875e-005 2.09481e-018 1.0828e-008 1.0828e-008
4.53 2.55276e-005 -3.74875e-005 2.75509e-018 1.0828e-008 1.0828e-008
4.54 2.55276e-005 -3.74875e-005 1.36629e-018 1.0828e-008 1.0828e-008
4.55 2.55276e-005 -3.74875e-005 3.85961e-018 1.0828e-008 1.0828e-008
4.56 2.55276e-005 -3.74875e-005 1.45669e-018 1.0828e-008 1.0828e-008
4.57 2.55276e-005 -3.74875e-005 2.55813e-018 1.0828e-008 1.0828e-008
4.58 2.55276e-005 -3.74875e-005 1.75523e-018 1.0828e-008 1.0828e-008
4.59 2.55276e-005 -3.74875e-005 1.63701e-018 1.0828e-008 1.0828e-008
4.6 2.55276e-005 -3.74875e-005 1.07125e-018 1.0828e-008 1.0828e-008
4.61 2.55276e-005 -3.74875e-005 3.05846e-019 1.0828e-008 1.0828e-008
4.62 2.55276e-005 -3.74875e-005 8.60229e-019 1.0828e-008 1.0828e-008
4.63 2.55276e-005 -3.74875e-005 1.52846e-018 1.0828e-008 1.0828e-008
4.64 2.55276e-005 -3.74875e-005 1.30242e-018 1.0828e-008 1.0828e-008
4.65 2.55276e-005 -3.74875e-005 2.41425e-018 1.0828e-008 1.0828e-008
4.66 2.55276e-005 -3.74875e-005 7.14517e-019 1.0828e-008 1.0828e-008
4.67 2.55276e-005 -3.74875e-005 3.2885e-018 1.0828e-008 1.0828e-008
4.68 2.55276e-005 -3.74875e-005 6.05256e-019 1.0828e-008 1.0828e-008
4.69 2.55276e-005 -3.74875e-005 3.92159e-018 1.0828e-008 1.0828e-008
4.7 2.55276e-005 -3.74875e-005 9.7255e-019 1.0828e-008 1.0828e-008
4.71 2.55276e-005 -3.74875e-005 4.37574e-018 1.0828e-008 1.0828e-008
4.72 2.55276e-005 -3.74875e-005 7.20425e-020 1.0828e-008 1.0828e-008
4.73 2.55276e-005 -3.74875e-005 5.05015e-018 1.0828e-008 1.0828e-008
4.74 2.55276e-005 -3.74875e-005 -4.07e-019 1.0828e-008 1.0828e-008
4.75 2.55276e-005 -3.74875e-005 7.00268e-018 1.0828e-008 1.0828e-008
4.76 2.55276e-005 -3.74875e-005 5.23012e-018 1.0828e-008 1.0828e-008
4.77 2.55276e-005 -3.74875e-005 2.32872e-018 1.0828e-008 1.0828e-008
4.78 2.55276e-005 -3.74875e-005 2.76168e-018 1.0828e-008 1.0828e-008
4.79 2.55276e-005 -3.74875e-005 2.82359e-018 1.0828e-008 1.0828e-008
4.8 2.55276e-005 -3.74875e-005 3.81876e-018 1.0828e-008 1.0828e-008
4.81 2.55276e-005 -3.74875e-005 1.98705e-018 1.0828e-008 1.0828e-008
4.82 2.55276e-005 -3.74875e-005 1.9332e-018 1.0828e-008 1.0828e-008
4.83 2.55276e-005 -3.74875e-005 5.75654e-018 1.0828e-008 1.0828e-008
4.84 2.55276e-005 -3.74875e-005 1.71386e-019 1.0828e-008 1.0828e-008
4.85 2.55276e-005 -3.74875e-005 8.91351e-018 1.0828e-008 1.0828e-008
4.86 2.55276e-005 -3.74875e-005 -5.23871e-019 1.0828e-008 1.0828e-008
4.87 2.55276e-005 -3.74875e-005 6.54691e-018 1.0828e-008 1.0828e-008
4.88 2.55276e-005 -3.74875e-005 -2.92295e-019 1.0828e-008 1.0828e-008
4.89 2.55276e-005 -3.74875e-005 5.11646e-018 1.0828e-008 1.0828e-008
4.9 2.55276e-005 -3.74875e-005 5.50238e-018 1.0828e-008 1.0828e-008
4.91 2.55276e-005 -3.74875e-005 1.45494e-019 1.0828e-008 1.0828e-008
4.92 2.55276e-005 -3.74875e-005 7.13737e-018 1.0828e-008 1.0828e-008
4.93 2.55276e-005 -3.74875e-005 3.94965e-018 1.0828e-008 1.0828e-008
4.94 2.55276e-005 -3.74875e-005 6.7123e-018 1.0828e-008 1.0828e-008
4.95 2.55276e-005 -3.74875e-005 5.3788e-018 1.0828e-008 1.0828e-008
4.96 2.55276e-005 -3.74875e-005 2.82796e-018 1.0828e-008 1.0828e-008
4.97 2.55276e-005 -3.74875e-005 4.39974e-018 1.0828e-008 1.0828e-008
4.98 2.55276e-005 -3.74875e-005 3.96753e-018 1.0828e-008 1.0828e-008
4.99 2.55276e-005 -3.74875e-005 6.58729e-018 1.0828e-008 1.0828e-008
5 2.55276e-005 -3.74875e-005 7.70809e-018 1.0828e-008 1.0828e-008
5.01 2.55276e-005 -3.74875e-005 7.53977e-018 1.0828e-008 1.0828e-008
5.02 2.55276e-005 -3.74875e-005 7.60311e-018 1.0828e-008 1.0828e-008
5.03 2.55276e-005 -3.74875e-005 7.20214e-018 1.0828e-008 1.0828e-008
5.04 2.55276e-005 -3.74875e-005 6.55816e-018 1.0828e-008 1.0828e-008
5.05 2.55276e-005 -3.74875e-005 6.22365e-018 1.0828e-008 1.0828e-008
5.06 2.55276e-005 -3.74875e-005 8.04853e-018 1.0828e-008 1.0828e-008
5.07 2.55276e-005 -3.74875e-005 2.53969e-019 1.0828e-008 1.0828e-008
5.08 2.55276e-005 -3.74875e-005 3.24084e-018 1.0828e-008 1.0828e-008
5.09 2.55276e-005 -3.74875e-005 5.85815e-018 1.0828e-008 1.0828e-008
5.1 2.55276e-005 -3.74875e-005 5.34725e-018 1.0828e-008 1.0828e-008
5.11 2.55276e-005 -3.74875e-005 6.70274e-018 1.0828e-008 1.0828e-008
5.12 2.55276e-005 -3.74875e-005 7.05851e-019 1.0828e-008 1.0828e-008
5.13 2.55276e-005 -3.74875e-005 4.99634e-018 1.0828e-008 1.0828e-008
5.14 2.55276e-005 -3.74875e-005 1.54038e-018 1.0828e-008 1.0828e-008
5.15 2.55276e-005 -3.74875e-005 4.48093e-018 1.0828e-008 1.0828e-008
5.16 2.55276e-005 -3.74875e-005 4.89753e-018 1.0828e-008 1.0828e-008
5.17 2.55276e-005 -3.74875e-005 4.38634e-018 1.0828e-008 1.0828e-008
5.18 2.55276e-005 -3.74875e-005 4.34896e-018 1.0828e-008 1.0828e-008
5.19 2.55276e-005 -3.74875e-005 5.20111e-018 1.0828e-008 1.0828e-008
5.2 2.55276e-005 -3.74875e-005 4.10935e-018 1.0828e-008 1.0828e-008
5.21 2.55276e-005 -3.74875e-005 5.17584e-018 1.0828e-008 1.0828e-008
5.22 2.55276e-005 -3.74875e-005 4.19233e-018 1.0828e-008 1.0828e-008
5.23 2.55276e-005 -3.74875e-005 4.65721e-018 1.0828e-008 1.0828e-008
5.24 2.55276e-005 -3.74875e-005 4.87871e-018 1.0828e-008 1.0828e-008
5.25 2.55276e-005 -3.74875e-005 4.58118e-018 1.0828e-008 1.0828e-008
5.26 2.55276e-005 -3.74875e-005 4.52873e-018 1.0828e-008 1.0828e-008
5.27 2.55276e-005 -3.74875e-005 4.99848e-018 1.0828e-008 1.0828e-008
5.28 2.55276e-005 -3.74875e-005 4.93264e-018 1.0828e-008 1.0828e-008
5.29 2.55276e-005 -3.74875e-005 5.43029e-018 1.0828e-008 1.0828e-008
5.3 2.55276e-005 -3.74875e-005 5.52483e-018 1.0828e-008 1.0828e-008
5.31 2.55276e-005 -3.74875e-005 5.41752e-018 1.0828e-008 1.0828e-008
5.32 2.55276e-005 -3.74875e-005 5.51434e-018 1.0828e-008 1.0828e-008
5.33 2.55276e-005 -3.74875e-005 5.66014e-018 1.0828e-008 1.0828e-008
5.34 2.55276e-005 -3.74875e-005 5.02212e-018 1.0828e-008 1.0828e-008
5.35 2.55276e-005 -3.74875e-005 5.41288e-018 1.0828e-008 1.0828e-008
5.36 2.55276e-005 -3.74875e-005 5.27574e-018 1.0828e-008 1.0828e-008
5.37 2.55276e-005 -3.74875e-005 5.35289e-018 1.0828e-008 1.0828e-008
5.38 2.55276e-005 -3.74875e-005 5.35854e-018 1.0828e-008 1.0828e-008
5.39 2.55276e-005 -3.74875e-005 5.83627e-018 1.0828e-008 1.0828e-008
5.4 2.55276e-005 -3.74875e-005 4.64923e-018 1.0828e-008 1.0828e-008
5.41 2.55276e-005 -3.74875e-005 4.91079e-018 1.0828e-008 1.0828e-008
5.42 2.55276e-005 -3.74875e-005 5.55666e-018 1.0828e-008 1.0828e-008
5.43 2.55276e-005 -3.74875e-005 5.21135e-018 1.0828e-008 1.0828e-008
5.44 2.55276e-005 -3.74875e-005 5.11674e-018 1.0828e-008 1.0828e-008
5.45 2.55276e-005 -3.74875e-005 5.52103e-018 1.0828e-008 1.0828e-008
5.46 2.55276e-005 -3.74875e-005 5.25749e-018 1.0828e-008 1.0828e-008
5.47 2.55276e-005 -3.74875e-005 5.29326e-018 1.0828e-008 1.0828e-008
5.48 2.55276e-005 -3.74875e-005 6.42292e-018 1.0828e-008 1.0828e-008
5.49 2.55276e-005 -3.74875e-005 7.72785e-018 1.0828e-008 1.0828e-008
5.5 2.55276e-005 -3.74875e-005 4.64709e-018 1.0828e-008 1.0828e-008
5.51 2.55276e-005 -3.74875e-005 8.45448e-018 1.0828e-008 1.0828e-008
5.52 2.55276e-005 -3.74875e-005 4.16923e-018 1.0828e-008 1.0828e-008
5.53 2.55276e-005 -3.74875e-005 9.77564e-018 1.0828e-008 1.0828e-008
5.54 2.55276e-005 -3.74875e-005 3.0799e-018 1.0828e-008 1.0828e-008
5.55 2.55276e-005 -3.74875e-005 1.11029e-017 1.0828e-008 1.0828e-008
5.56 2.55276e-005 -3.74875e-005 4.7989e-018 1.0828e-008 1.0828e-008
5.57 2.55276e-005 -3.74875e-005 9.291e-018 1.0828e-008 1.0828e-008
5.58 2.55276e-005 -3.74875e-005 3.68549e-018 1.0828e-008 1.0828e-008
5.59 2.55276e-005 -3.74875e-005 9.11232e-018 1.0828e-008 1.0828e-008
5.6 2.55276e-005 -3.74875e-005 3.41851e-018 1.0828e-008 1.0828e-008
5.61 2.55276e-005 -3.74875e-005 1.06339e-017 1.0828e-008 1.0828e-008
5.62 2.55276e-005 -3.74875e-005 3.37806e-018 1.0828e-008 1.0828e-008
5.63 2.55276e-005 -3.74875e-005 1.21909e-017 1.0828e-008 1.0828e-008
5.64 2.55276e-005 -3.74875e-005 -3.1307e-018 1.0828e-008 1.0828e-008
5.65 2.55276e-005 -3.74875e-005 1.71557e-017 1.0828e-008 1.0828e-008
5.66 2.55276e-005 -3.74875e-005 -1.10411e-017 1.0828e-008 1.0828e-008
5.67 2.55276e-005 -3.74875e-005 2.17306e-017 1.0828e-008 1.0828e-008
5.68 2.55276e-005 -3.74875e-005 -1.12239e-017 1.0828e-008 1.0828e-008
5.69 2.55276e-005 -3.74875e-005 1.37415e-017 1.0828e-008 1.0828e-008
5.7 2.55276e-005 -3.74875e-005 -3.29951e-018 1.0828e-008 1.0828e-008
5.71 2.55276e-005 -3.74875e-005 1.32537e-017 1.0828e-008 1.0828e-008
5.72 2.55276e-005 -3.74875e-005 -2.13628e-018 1.0828e-008 1.0828e-008
5.73 2.55276e-005 -3.74875e-005 1.25721e-017 1.0828e-008 1.0828e-008
5.74 2.55276e-005 -3.74875e-005 -4.51098e-019 1.0828e-008 1.0828e-008
5.75 2.55276e-005 -3.74875e-005 1.33326e-017 1.0828e-008 1.0828e-008
5.76 2.55276e-005 -3.74875e-005 -4.68828e-019 1.0828e-008 1.0828e-008
5.77 2.55276e-005 -3.74875e-005 1.47281e-017 1.0828e-008 1.0828e-008
5.78 2.55276e-005 -3.74875e-005 7.6678e-018 1.0828e-008 1.0828e-008
5.79 2.55276e-005 -3.74875e-005 1.22513e-017 1.0828e-008 1.0828e-008
5.8 2.55276e-005 -3.74875e-005 5.88124e-018 1.0828e-008 1.0828e-008
5.81 2.55276e-005 -3.74875e-005 1.28029e-017 1.0828e-008 1.0828e-008
5.82 2.55276e-005 -3.74875e-005 7.63045e-018 1.0828e-008 1.0828e-008
5.83 2.55276e-005 -3.74875e-005 9.63939e-018 1.0828e-008 1.0828e-008
5.84 2.55276e-005 -3.74875e-005 3.02432e-018 1.0828e-008 1.0828e-008
5.85 2.55276e-005 -3.74875e-005 1.3511e-017 1.0828e-008 1.0828e-008
5.86 2.55276e-005 -3.74875e-005 -3.72846e-018 1.0828e-008 1.0828e-008
5.87 2.55276e-005 -3.74875e-005 1.62466e-017 1.0828e-008 1.0828e-008
5.88 2.55276e-005 -3.74875e-005 -8.17372e-020 1.0828e-008 1.0828e-008
5.89 2.55276e-005 -3.74875e-005 1.23495e-017 1.0828e-008 1.0828e-008
5.9 2.55276e-005 -3.74875e-005 3.23987e-018 1.0828e-008 1.0828e-008
5.91 2.55276e-005 -3.74875e-005 1.02319e-017 1.0828e-008 1.0828e-008
5.92 2.55276e-005 -3.74875e-005 5.52362e-018 1.0828e-008 1.0828e-008
5.93 2.55276e-005 -3.74875e-005 8.24665e-018 1.0828e-008 1.0828e-008
5.94 2.55276e-005 -3.74875e-005 6.33741e-018 1.0828e-008 1.0828e-008
5.95 2.55276e-005 -3.74875e-005 6.74178e-018 1.0828e-008 1.0828e-008
5.96 2.55276e-005 -3.74875e-005 6.21899e-018 1.0828e-008 1.0828e-008
5.97 2.55276e-005 -3.74875e-005 6.12326e-018 1.0828e-008 1.0828e-008
5.98 2.55276e-005 -3.74875e-005 1.19278e-017 1.0828e-008 1.0828e-008
5.99 2.55276e-005 -3.74875e-005 1.72194e-017 1.0828e-008 1.0828e-008
6 2.55276e-005 -3.74875e-005 1.45818e-019 1.0828e-008 1.0828e-008
6.01 2.55276e-005 -3.74875e-005 3.00933e-017 1.0828e-008 1.0828e-008
6.02 2.55276e-005 -3.74875e-005 -2.63683e-018 1.0828e-008 1.0828e-008
6.03 2.55276e-005 -3.74875e-005 2.37976e-017 1.0828e-008 1.0828e-008
6.04 2.55276e-005 -3.74875e-005 -8.69436e-019 1.0828e-008 1.0828e-008
6.05 2.55276e-005 -3.74875e-005 2.51322e-017 1.0828e-008 1.0828e-008
6.06 2.55276e-005 -3.74875e-005 -5.04572e-018 1.0828e-008 1.0828e-008
6.07 2.55276e-005 -3.74875e-005 2.63582e-017 1.0828e-008 1.0828e-008
6.08 2.55276e-005 -3.74875e-005 -8.49183e-018 1.0828e-008 1.0828e-008
6.09 2.55276e-005 -3.74875e-005 2.8647e-017 1.0828e-008 1.0828e-008
6.1 2.55276e-005 -3.74875e-005 -9.67043e-018 1.0828e-008 1.0828e-008
6.11 2.55276e-005 -3.74875e-005 2.98368e-017 1.0828e-008 1.0828e-008
6.12 2.55276e-005 -3.74875e-005 -6.66748e-018 1.0828e-008 1.0828e-008
6.13 2.55276e-005 -3.74875e-005 2.68187e-017 1.0828e-008 1.0828e-008
6.14 2.55276e-005 -3.74875e-005 -4.13617e-018 1.0828e-008 1.0828e-008
6.15 2.55276e-005 -3.74875e-005 1.15624e-017 1.0828e-008 1.0828e-008
6.16 2.55276e-005 -3.74875e-005 -1.08362e-017 1.0828e-008 1.0828e-008
6.17 2.55276e-005 -3.74875e-005 1.00355e-017 1.0828e-008 1.0828e-008
6.18 2.55276e-005 -3.74875e-005 -3.96714e-018 1.0828e-008 1.0828e-008
6.19 2.55276e-005 -3.74875e-005 1.02651e-017 1.0828e-008 1.0828e-008
6.2 2.55276e-005 -3.74875e-005 3.20154e-018 1.0828e-008 1.0828e-008
6.21 2.55276e-005 -3.74875e-005 1.30677e-017 1.0828e-008 1.0828e-008
6.22 2.55276e-005 -3.74875e-005 2.38846e-018 1.0828e-008 1.0828e-008
6.23 2.55276e-005 -3.74875e-005 2.34275e-017 1.0828e-008 1.0828e-008
6.24 2.55276e-005 -3.74875e-005 5.20523e-018 1.0828e-008 1.0828e-008
6.25 2.55276e-005 -3.74875e-005 2.98716e-017 1.0828e-008 1.0828e-008
6.26 2.55276e-005 -3.74875e-005 7.52472e-018 1.0828e-008 1.0828e-008
6.27 2.55276e-005 -3.74875e-005 2.33656e-017 1.0828e-008 1.0828e-008
6.28 2.55276e-005 -3.74875e-005 1.54191e-017 1.0828e-008 1.0828e-008
6.29 2.55276e-005 -3.74875e-005 1.75252e-017 1.0828e-008 1.0828e-008
6.3 2.55276e-005 -3.74875e-005 1.46043e-017 1.0828e-008 1.0828e-008
6.31 2.55276e-005 -3.74875e-005 1.53402e-017 1.0828e-008 1.0828e-008
6.32 2.55276e-005 -3.74875e-005 1.49433e-017 1.0828e-008 1.0828e-008
6.33 2.55276e-005 -3.74875e-005 1.64992e-017 1.0828e-008 1.0828e-008
6.34 2.55276e-005 -3.74875e-005 1.65231e-017 1.0828e-008 1.0828e-008
6.35 2.55276e-005 -3.74875e-005 1.65716e-017 1.0828e-008 1.0828e-008
6.36 2.55276e-005 -3.74875e-005 1.67123e-017 1.0828e-008 1.0828e-008
6.37 2.55276e-005 -3.74875e-005 1.57738e-017 1.0828e-008 1.0828e-008
6.38 2.55276e-005 -3.74875e-005 1.56499e-017 1.0828e-008 1.0828e-008
6.39 2.55276e-005 -3.74875e-005 1.70971e-017 1.0828e-008 1.0828e-008
6.4 2.55276e-005 -3.74875e-005 1.50884e-017 1.0828e-008 1.0828e-008
6.41 2.55276e-005 -3.74875e-005 1.63158e-017 1.0828e-008 1.0828e-008
6.42 2.55276e-005 -3.74875e-005 1.5099e-017 1.0828e-008 1.0828e-008
6.43 2.55276e-005 -3.74875e-005 1.61004e-017 1.0828e-008 1.0828e-008
6.44 2.55276e-005 -3.74875e-005 1.50809e-017 1.0828e-008 1.0828e-008
6.45 2.55276e-005 -3.74875e-005 1.60954e-017 1.0828e-008 1.0828e-008
6.46 2.55276e-005 -3.74875e-005 1.48494e-017 1.0828e-008 1.0828e-008
6.47 2.55276e-005 -3.74875e-005 1.29538e-017 1.0828e-008 1.0828e-008
6.48 2.55276e-005 -3.74875e-005 1.43573e-017 1.0828e-008 1.0828e-008
6.49 2.55276e-005 -3.74875e-005 1.42674e-017 1.0828e-008 1.0828e-008
6.5 2.55276e-005 -3.74875e-005 1.50271e-017 1.0828e-008 1.0828e-008
6.51 2.55276e-005 -3.74875e-005 1.38797e-017 1.0828e-008 1.0828e-008
6.52 2.55276e-005 -3.74875e-005 1.25673e-017 1.0828e-008 1.0828e-008
6.53 2.55276e-005 -3.74875e-005 1.46582e-017 1.0828e-008 1.0828e-008
6.54 2.55276e-005 -3.74875e-005 1.21088e-017 1.0828e-008 1.0828e-008
6.55 2.55276e-005 -3.74875e-005 1.75049e-017 1.0828e-008 1.0828e-008
6.56 2.55276e-005 -3.74875e-005 1.46398e-017 1.0828e-008 1.0828e-008
6.57 2.55276e-005 -3.74875e-005 1.95872e-017 1.0828e-008 1.0828e-008
6.58 2.55276e-005 -3.74875e-005 1.32901e-017 1.0828e-008 1.0828e-008
6.59 2.55276e-005 -3.74875e-005 1.94398e-017 1.0828e-008 1.0828e-008
6.6 2.55276e-005 -3.74875e-005 1.29506e-017 1.0828e-008 1.0828e-008
6.61 2.55276e-005 -3.74875e-005 1.90979e-017 1.0828e-008 1.0828e-008
6.62 2.55276e-005 -3.74875e-005 1.32616e-017 1.0828e-008 1.0828e-008
6.63 2.55276e-005 -3.74875e-005 1.94439e-017 1.0828e-008 1.0828e-008
6.64 2.55276e-005 -3.74875e-005 1.53496e-017 1.0828e-008 1.0828e-008
6.65 2.55276e-005 -3.74875e-005 1.6442e-017 1.0828e-008 1.0828e-008
6.66 2.55276e-005 -3.74875e-005 1.1943e-017 1.0828e-008 1.0828e-008
6.67 2.55276e-005 -3.74875e-005 1.75265e-017 1.0828e-008 1.0828e-008
6.68 2.55276e-005 -3.74875e-005 1.11601e-017 1.0828e-008 1.0828e-008
6.69 2.55276e-005 -3.74875e-005 9.85556e-018 1.0828e-008 1.0828e-008
6.7 2.55276e-005 -3.74875e-005 1.18863e-017 1.0828e-008 1.0828e-008
6.71 2.55276e-005 -3.74875e-005 1.02549e-017 1.0828e-008 1.0828e-008
6.72 2.55276e-005 -3.74875e-005 1.2267e-017 1.0828e-008 1.0828e-008
6.73 2.55276e-005 -3.74875e-005 1.31747e-017 1.0828e-008 1.0828e-008
6.74 2.55276e-005 -3.74875e-005 1.10611e-017 1.0828e-008 1.0828e-008
6.75 2.55276e-005 -3.74875e-005 1.37065e-017 1.0828e-008 1.0828e-008
6.76 2.55276e-005 -3.74875e-005 1.07984e-017 1.0828e-008 1.0828e-008
6.77 2.55276e-005 -3.74875e-005 1.27728e-017 1.0828e-008 1.0828e-008
6.78 2.55276e-005 -3.74875e-005 1.04942e-017 1.0828e-008 1.0828e-008
6.79 2.55276e-005 -3.74875e-005 1.15641e-017 1.0828e-008 1.0828e-008
6.8 2.55276e-005 -3.74875e-005 1.09541e-017 1.0828e-008 1.0828e-008
6.81 2.55276e-005 -3.74875e-005 1.09041e-017 1.0828e-008 1.0828e-008
6.82 2.55276e-005 -3.74875e-005 1.33798e-017 1.0828e-008 1.0828e-008
6.83 2.55276e-005 -3.74875e-005 1.7295e-017 1.0828e-008 1.0828e-008
6.84 2.55276e-005 -3.74875e-005 1.15499e-017 1.0828e-008 1.0828e-008
6.85 2.55276e-005 -3.74875e-005 1.24065e-017 1.0828e-008 1.0828e-008
6.86 2.55276e-005 -3.74875e-005 1.11082e-017 1.0828e-008 1.0828e-008
6.87 2.55276e-005 -3.74875e-005 1.38237e-017 1.0828e-008 1.0828e-008
6.88 2.55276e-005 -3.74875e-005 1.22685e-017 1.0828e-008 1.0828e-008
6.89 2.55276e-005 -3.74875e-005 1.17295e-017 1.0828e-008 1.0828e-008
6.9 2.55276e-005 -3.74875e-005 1.15562e-017 1.0828e-008 1.0828e-008
6.91 2.55276e-005 -3.74875e-005 1.2122e-017 1.0828e-008 1.0828e-008
6.92 2.55276e-005 -3.74875e-005 1.04154e-017 1.0828e-008 1.0828e-008
6.93 2.55276e-005 -3.74875e-005 1.2972e-017 1.0828e-008 1.0828e-008
6.94 2.55276e-005 -3.74875e-005 1.20222e-017 1.0828e-008 1.0828e-008
6.95 2.55276e-005 -3.74875e-005 1.26152e-017 1.0828e-008 1.0828e-008
6.96 2.55276e-005 -3.74875e-005 9.22112e-018 1.0828e-008 1.0828e-008
6.97 2.55276e-005 -3.74875e-005 1.51926e-017 1.0828e-008 1.0828e-008
6.98 2.55276e-005 -3.74875e-005 1.92296e-017 1.0828e-008 1.0828e-008
6.99 2.55276e-005 -3.74875e-005 1.84296e-017 1.0828e-008 1.0828e-008
7 2.55276e-005 -3.74875e-005 2.32092e-017 1.0828e-008 1.0828e-008
7.01 2.55276e-005 -3.74875e-005 1.91897e-017 1.0828e-008 1.0828e-008
7.02 2.55276e-005 -3.74875e-005 1.61908e-017 1.0828e-008 1.0828e-008
7.03 2.55276e-005 -3.74875e-005 1.43867e-017 1.0828e-008 1.0828e-008
7.04 2.55276e-005 -3.74875e-005 1.73031e-017 1.0828e-008 1.0828e-008
7.05 2.55276e-005 -3.74875e-005 1.42257e-017 1.0828e-008 1.0828e-008
7.06 2.55276e-005 -3.74875e-005 1.35299e-017 1.0828e-008 1.0828e-008
7.07 2.55276e-005 -3.74875e-005 1.3438e-017 1.0828e-008 1.0828e-008
7.08 2.55276e-005 -3.74875e-005 1.31525e-017 1.0828e-008 1.0828e-008
7.09 2.55276e-005 -3.74875e-005 1.34666e-017 1.0828e-008 1.0828e-008
7.1 2.55276e-005 -3.74875e-005 1.3289e-017 1.0828e-008 1.0828e-008
7.11 2.55276e-005 -3.74875e-005 1.3171e-017 1.0828e-008 1.0828e-008
7.12 2.55276e-005 -3.74875e-005 1.32396e-017 1.0828e-008 1.0828e-008
7.13 2.55276e-005 -3.74875e-005 1.23506e-017 1.0828e-008 1.0828e-008
7.14 2.55276e-005 -3.74875e-005 1.6316e-017 1.0828e-008 1.0828e-008
7.15 2.55276e-005 -3.74875e-005 9.186e-018 1.0828e-008 1.0828e-008
7.16 2.55276e-005 -3.74875e-005 1.88974e-017 1.0828e-008 1.0828e-008
7.17 2.55276e-005 -3.74875e-005 7.60768e-018 1.0828e-008 1.0828e-008
7.18 2.55276e-005 -3.74875e-005 1.64498e-017 1.0828e-008 1.0828e-008
7.19 2.55276e-005 -3.74875e-005 4.44294e-018 1.0828e-008 1.0828e-008
7.2 2.55276e-005 -3.74875e-005 1.25584e-017 1.0828e-008 1.0828e-008
7.21 2.55276e-005 -3.74875e-005 9.00395e-018 1.0828e-008 1.0828e-008
7.22 2.55276e-005 -3.74875e-005 1.22206e-017 1.0828e-008 1.0828e-008
7.23 2.55276e-005 -3.74875e-005 9.2786e-018 1.0828e-008 1.0828e-008
7.24 2.55276e-005 -3.74875e-005 1.16234e-017 1.0828e-008 1.0828e-008
7.25 2.55276e-005 -3.74875e-005 9.07178e-018 1.0828e-008 1.0828e-008
7.26 2.55276e-005 -3.74875e-005 1.12999e-017 1.0828e-008 1.0828e-008
7.27 2.55276e-005 -3.74875e-005 9.59385e-018 1.0828e-008 1.0828e-008
7.28 2.55276e-005 -3.74875e-005 1.00421e-017 1.0828e-008 1.0828e-008
7.29 2.55276e-005 -3.74875e-005 9.77268e-018 1.0828e-008 1.0828e-008
7.3 2.55276e-005 -3.74875e-005 1.4893e-017 1.0828e-008 1.0828e-008
7.31 2.55276e-005 -3.74875e-005 8.80843e-018 1.0828e-008 1.0828e-008
7.32 2.55276e-005 -3.74875e-005 1.08689e-017 1.0828e-008 1.0828e-008
7.33 2.55276e-005 -3.74875e-005 1.01682e-017 1.0828e-008 1.0828e-008
7.34 2.55276e-005 -3.74875e-005 7.52544e-018 1.0828e-008 1.0828e-008
7.35 2.55276e-005 -3.74875e-005 9.7156e-018 1.0828e-008 1.0828e-008
7.36 2.55276e-005 -3.74875e-005 8.09365e-018 1.0828e-008 1.0828e-008
7.37 2.55276e-005 -3.74875e-005 9.19196e-018 1.0828e-008 1.0828e-008
7.38 2.55276e-005 -3.74875e-005 9.11579e-018 1.0828e-008 1.0828e-008
7.39 2.55276e-005 -3.74875e-005 7.89096e-018 1.0828e-008 1.0828e-008
7.4 2.55276e-005 -3.74875e-005 7.67834e-018 1.0828e-008 1.0828e-008
7.41 2.55276e-005 -3.74875e-005 7.53029e-018 1.0828e-008 1.0828e-008
7.42 2.55276e-005 -3.74875e-005 1.11121e-017 1.0828e-008 1.0828e-008
7.43 2.55276e-005 -3.74875e-005 1.06366e-017 1.0828e-008 1.0828e-008
7.44 2.55276e-005 -3.74875e-005 1.03963e-017 1.0828e-008 1.0828e-008
7.45 2.55276e-005 -3.74875e-005 8.87256e-018 1.0828e-008 1.0828e-008
7.46 2.55276e-005 -3.74875e-005 8.21719e-018 1.0828e-008 1.0828e-008
7.47 2.55276e-005 -3.74875e-005 9.67858e-018 1.0828e-008 1.0828e-008
7.48 2.55276e-005 -3.74875e-005 9.5038e-018 1.0828e-008 1.0828e-008
7.49 2.55276e-005 -3.74875e-005 1.03343e-017 1.0828e-008 1.0828e-008
7.5 2.55276e-005 -3.74875e-005 9.5417e-018 1.0828e-008 1.0828e-008
7.51 2.55276e-005 -3.74875e-005 1.00399e-017 1.0828e-008 1.0828e-008
7.52 2.55276e-005 -3.74875e-005 1.00988e-017 1.0828e-008 1.0828e-008
7.53 2.55276e-005 -3.74875e-005 1.12302e-017 1.0828e-008 1.0828e-008
7.54 2.55276e-005 -3.74875e-005 9.99943e-018 1.0828e-008 1.0828e-008
7.55 2.55276e-005 -3.74875e-005 1.24963e-017 1.0828e-008 1.0828e-008
7.56 2.55276e-005 -3.74875e-005 1.13466e-017 1.0828e-008 1.0828e-008
7.57 2.55276e-005 -3.74875e-005 1.12638e-017 1.0828e-008 1.0828e-008
7.58 2.55276e-005 -3.74875e-005 1.09956e-017 1.0828e-008 1.0828e-008
7.59 2.55276e-005 -3.74875e-005 1.08447e-017 1.0828e-008 1.0828e-008
7.6 2.55276e-005 -3.74875e-005 1.04542e-017 1.0828e-008 1.0828e-008
7.61 2.55276e-005 -3.74875e-005 1.00024e-017 1.0828e-008 1.0828e-008
7.62 2.55276e-005 -3.74875e-005 1.1157e-017 1.0828e-008 1.0828e-008
7.63 2.55276e-005 -3.74875e-005 8.86431e-018 1.0828e-008 1.0828e-008
7.64 2.55276e-005 -3.74875e-005 1.10345e-017 1.0828e-008 1.0828e-008
7.65 2.55276e-005 -3.74875e-005 8.40656e-018 1.0828e-008 1.0828e-008
7.66 2.55276e-005 -3.74875e-005 3.29347e-018 1.0828e-008 1.0828e-008
7.67 2.55276e-005 -3.74875e-005 1.4549e-017 1.0828e-008 1.0828e-008
7.68 2.55276e-005 -3.74875e-005 1.24226e-017 1.0828e-008 1.0828e-008
7.69 2.55276e-005 -3.74875e-005 1.07559e-017 1.0828e-008 1.0828e-008
7.7 2.55276e-005 -3.74875e-005 9.41032e-018 1.0828e-008 1.0828e-008
7.71 2.55276e-005 -3.74875e-005 8.37095e-018 1.0828e-008 1.0828e-008
7.72 2.55276e-005 -3.74875e-005 9.06928e-018 1.0828e-008 1.0828e-008
7.73 2.55276e-005 -3.74875e-005 1.00773e-017 1.0828e-008 1.0828e-008
7.74 2.55276e-005 -3.74875e-005 8.62647e-018 1.0828e-008 1.0828e-008
7.75 2.55276e-005 -3.74875e-005 9.1819e-018 1.0828e-008 1.0828e-008
7.76 2.55276e-005 -3.74875e-005 9.249e-018 1.0828e-008 1.0828e-008
7.77 2.55276e-005 -3.74875e-005 9.24153e-018 1.0828e-008 1.0828e-008
7.78 2.55276e-005 -3.74875e-005 9.04679e-018 1.0828e-008 1.0828e-008
7.79 2.55276e-005 -3.74875e-005 9.17972e-018 1.0828e-008 1.0828e-008
7.8 2.55276e-005 -3.74875e-005 9.05747e-018 1.0828e-008 1.0828e-008
7.81 2.55276e-005 -3.74875e-005 9.03183e-018 1.0828e-008 1.0828e-008
7.82 2.55276e-005 -3.74875e-005 9.0843e-018 1.0828e-008 1.0828e-008
7.83 2.55276e-005 -3.74875e-005 8.8955e-018 1.0828e-008 1.0828e-008
7.84 2.55276e-005 -3.74875e-005 9.46989e-018 1.0828e-008 1.0828e-008
7.85 2.55276e-005 -3.74875e-005 8.85389e-018 1.0828e-008 1.0828e-008
7.86 2.55276e-005 -3.74875e-005 8.68083e-018 1.0828e-008 1.0828e-008
7.87 2.55276e-005 -3.74875e-005 9.72678e-018 1.0828e-008 1.0828e-008
7.88 2.55276e-005 -3.74875e-005 8.75973e-018 1.0828e-008 1.0828e-008
7.89 2.55276e-005 -3.74875e-005 9.32096e-018 1.0828e-008 1.0828e-008
7.9 2.55276e-005 -3.74875e-005 8.62824e-018 1.0828e-008 1.0828e-008
7.91 2.55276e-005 -3.74875e-005 8.73189e-018 1.0828e-008 1.0828e-008
7.92 2.55276e-005 -3.74875e-005 8.45969e-018 1.0828e-008 1.0828e-008
7.93 2.55276e-005 -3.74875e-005 8.77152e-018 1.0828e-008 1.0828e-008
7.94 2.55276e-005 -3.74875e-005 8.89231e-018 1.0828e-008 1.0828e-008
7.95 2.55276e-005 -3.74875e-005 8.79935e-018 1.0828e-008 1.0828e-008
7.96 2.55276e-005 -3.74875e-005 8.88917e-018 1.0828e-008 1.0828e-008
7.97 2.55276e-005 -3.74875e-005 8.80374e-018 1.0828e-008 1.0828e-008
7.98 2.55276e-005 -3.74875e-005 8.70031e-018 1.0828e-008 1.0828e-008
7.99 2.55276e-005 -3.74875e-005 9.29449e-018 1.0828e-008 1.0828e-008
8 2.55276e-005 -3.74875e-005 9.34606e-018 1.0828e-008 1.0828e-008
8.01 2.55276e-005 -3.74875e-005 9.60246e-018 1.0828e-008 1.0828e-008
8.02 2.55276e-005 -3.74875e-005 9.68089e-018 1.0828e-008 1.0828e-008
8.03 2.55276e-005 -3.74875e-005 9.52417e-018 1.0828e-008 1.0828e-008
8.04 2.55276e-005 -3.74875e-005 9.32171e-018 1.0828e-008 1.0828e-008
8.05 2.55276e-005 -3.74875e-005 9.59514e-018 1.0828e-008 1.0828e-008
8.06 2.55276e-005 -3.74875e-005 9.38509e-018 1.0828e-008 1.0828e-008
8.07 2.55276e-005 -3.74875e-005 9.68946e-018 1.0828e-008 1.0828e-008
8.08 2.55276e-005 -3.74875e-005 9.51708e-018 1.0828e-008 1.0828e-008
8.09 2.55276e-005 -3.74875e-005 9.86636e-018 1.0828e-008 1.0828e-008
8.1 2.55276e-005 -3.74875e-005 9.584e-018 1.0828e-008 1.0828e-008
8.11 2.55276e-005 -3.74875e-005 9.93543e-018 1.0828e-008 1.0828e-008
8.12 2.55276e-005 -3.74875e-005 9.62169e-018 1.0828e-008 1.0828e-008
8.13 2.55276e-005 -3.74875e-005 9.98545e-018 1.0828e-008 1.0828e-008
8.14 2.55276e-005 -3.74875e-005 9.24857e-018 1.0828e-008 1.0828e-008
8.15 2.55276e-005 -3.74875e-005 1.0257e-017 1.0828e-008 1.0828e-008
8.16 2.55276e-005 -3.74875e-005 8.54648e-018 1.0828e-008 1.0828e-008
8.17 2.55276e-005 -3.74875e-005 9.75312e-018 1.0828e-008 1.0828e-008
8.18 2.55276e-005 -3.74875e-005 1.23615e-017 1.0828e-008 1.0828e-008
8.19 2.55276e-005 -3.74875e-005 9.33742e-018 1.0828e-008 1.0828e-008
8.2 2.55276e-005 -3.74875e-005 1.07798e-017 1.0828e-008 1.0828e-008
8.21 2.55276e-005 -3.74875e-005 1.06682e-017 1.0828e-008 1.0828e-008
8.22 2.55276e-005 -3.74875e-005 1.13256e-017 1.0828e-008 1.0828e-008
8.23 2.55276e-005 -3.74875e-005 9.68041e-018 1.0828e-008 1.0828e-008
8.24 2.55276e-005 -3.74875e-005 9.51357e-018 1.0828e-008 1.0828e-008
8.25 2.55276e-005 -3.74875e-005 9.40876e-018 1.0828e-008 1.0828e-008
8.26 2.55276e-005 -3.74875e-005 9.69593e-018 1.0828e-008 1.0828e-008
8.27 2.55276e-005 -3.74875e-005 1.16e-017 1.0828e-008 1.0828e-008
8.28 2.55276e-005 -3.74875e-005 1.11048e-017 1.0828e-008 1.0828e-008
8.29 2.55276e-005 -3.74875e-005 1.19771e-017 1.0828e-008 1.0828e-008
8.3 2.55276e-005 -3.74875e-005 9.32541e-018 1.0828e-008 1.0828e-008
8.31 2.55276e-005 -3.74875e-005 1.18422e-017 1.0828e-008 1.0828e-008
8.32 2.55276e-005 -3.74875e-005 1.10395e-017 1.0828e-008 1.0828e-008
8.33 2.55276e-005 -3.74875e-005 1.4295e-017 1.0828e-008 1.0828e-008
8.34 2.55276e-005 -3.74875e-005 1.31339e-017 1.0828e-008 1.0828e-008
8.35 2.55276e-005 -3.74875e-005 1.0536e-017 1.0828e-008 1.0828e-008
8.36 2.55276e-005 -3.74875e-005 1.13248e-017 1.0828e-008 1.0828e-008
8.37 2.55276e-005 -3.74875e-005 1.03154e-017 1.0828e-008 1.0828e-008
8.38 2.55276e-005 -3.74875e-005 1.22063e-017 1.0828e-008 1.0828e-008
8.39 2.55276e-005 -3.74875e-005 9.97362e-018 1.0828e-008 1.0828e-008
8.4 2.55276e-005 -3.74875e-005 1.15723e-017 1.0828e-008 1.0828e-008
8.41 2.55276e-005 -3.74875e-005 1.14006e-017 1.0828e-008 1.0828e-008
8.42 2.55276e-005 -3.74875e-005 1.11149e-017 1.0828e-008 1.0828e-008
8.43 2.55276e-005 -3.74875e-005 1.1719e-017 1.0828e-008 1.0828e-008
8.44 2.55276e-005 -3.74875e-005 1.16601e-017 1.0828e-008 1.0828e-008
8.45 2.55276e-005 -3.74875e-005 1.10053e-017 1.0828e-008 1.0828e-008
8.46 2.55276e-005 -3.74875e-005 1.11542e-017 1.0828e-008 1.0828e-008
8.47 2.55276e-005 -3.74875e-005 1.08893e-017 1.0828e-008 1.0828e-008
8.48 2.55276e-005 -3.74875e-005 1.12277e-017 1.0828e-008 1.0828e-008
8.49 2.55276e-005 -3.74875e-005 1.05636e-017 1.0828e-008 1.0828e-008
8.5 2.55276e-005 -3.74875e-005 1.00566e-017 1.0828e-008 1.0828e-008
8.51 2.55276e-005 -3.74875e-005 1.10656e-017 1.0828e-008 1.0828e-008
8.52 2.55276e-005 -3.74875e-005 1.04023e-017 1.0828e-008 1.0828e-008
8.53 2.55276e-005 -3.74875e-005 1.2532e-017 1.0828e-008 1.0828e-008
8.54 2.55276e-005 -3.74875e-005 1.00443e-017 1.0828e-008 1.0828e-008
8.55 2.55276e-005 -3.74875e-005 1.13605e-017 1.0828e-008 1.0828e-008
8.56 2.55276e-005 -3.74875e-005 1.01804e-017 1.0828e-008 1.0828e-008
8.57 2.55276e-005 -3.74875e-005 1.04631e-017 1.0828e-008 1.0828e-008
8.58 2.55276e-005 -3.74875e-005 8.86837e-018 1.0828e-008 1.0828e-008
8.59 2.55276e-005 -3.74875e-005 2.90037e-018 1.0828e-008 1.0828e-008
8.6 2.55276e-005 -3.74875e-005 2.016e-017 1.0828e-008 1.0828e-008
8.61 2.55276e-005 -3.74875e-005 9.80275e-018 1.0828e-008 1.0828e-008
8.62 2.55276e-005 -3.74875e-005 1.13523e-017 1.0828e-008 1.0828e-008
8.63 2.55276e-005 -3.74875e-005 1.11622e-017 1.0828e-008 1.0828e-008
8.64 2.55276e-005 -3.74875e-005 1.17966e-017 1.0828e-008 1.0828e-008
8.65 2.55276e-005 -3.74875e-005 1.27745e-017 1.0828e-008 1.0828e-008
8.66 2.55276e-005 -3.74875e-005 2.42158e-017 1.0828e-008 1.0828e-008
8.67 2.55276e-005 -3.74875e-005 1.31253e-017 1.0828e-008 1.0828e-008
8.68 2.55276e-005 -3.74875e-005 1.75552e-017 1.0828e-008 1.0828e-008
8.69 2.55276e-005 -3.74875e-005 1.24909e-017 1.0828e-008 1.0828e-008
8.7 2.55276e-005 -3.74875e-005 8.59662e-018 1.0828e-008 1.0828e-008
8.71 2.55276e-005 -3.74875e-005 9.55926e-018 1.0828e-008 1.0828e-008
8.72 2.55276e-005 -3.74875e-005 9.24813e-018 1.0828e-008 1.0828e-008
8.73 2.55276e-005 -3.74875e-005 1.38927e-017 1.0828e-008 1.0828e-008
8.74 2.55276e-005 -3.74875e-005 1.12314e-017 1.0828e-008 1.0828e-008
8.75 2.55276e-005 -3.74875e-005 9.37193e-018 1.0828e-008 1.0828e-008
8.76 2.55276e-005 -3.74875e-005 8.53347e-018 1.0828e-008 1.0828e-008
8.77 2.55276e-005 -3.74875e-005 8.90425e-018 1.0828e-008 1.0828e-008
8.78 2.55276e-005 -3.74875e-005 8.31063e-018 1.0828e-008 1.0828e-008
8.79 2.55276e-005 -3.74875e-005 8.04199e-018 1.0828e-008 1.0828e-008
8.8 2.55276e-005 -3.74875e-005 7.95728e-018 1.0828e-008 1.0828e-008
8.81 2.55276e-005 -3.74875e-005 7.93854e-018 1.0828e-008 1.0828e-008
8.82 2.55276e-005 -3.74875e-005 8.03536e-018 1.0828e-008 1.0828e-008
8.83 2.55276e-005 -3.74875e-005 1.03668e-017 1.0828e-008 1.0828e-008
8.84 2.55276e-005 -3.74875e-005 7.31243e-018 1.0828e-008 1.0828e-008
8.85 2.55276e-005 -3.74875e-005 8.34955e-018 1.0828e-008 1.0828e-008
8.86 2.55276e-005 -3.74875e-005 1.1928e-017 1.0828e-008 1.0828e-008
8.87 2.55276e-005 -3.74875e-005 1.04037e-017 1.0828e-008 1.0828e-008
8.88 2.55276e-005 -3.74875e-005 8.91744e-018 1.0828e-008 1.0828e-008
8.89 2.55276e-005 -3.74875e-005 1.06781e-017 1.0828e-008 1.0828e-008
8.9 2.55276e-005 -3.74875e-005 1.09983e-017 1.0828e-008 1.0828e-008
8.91 2.55276e-005 -3.74875e-005 1.061e-017 1.0828e-008 1.0828e-008
8.92 2.55276e-005 -3.74875e-005 1.11251e-017 1.0828e-008 1.0828e-008
8.93 2.55276e-005 -3.74875e-005 1.09625e-017 1.0828e-008 1.0828e-008
8.94 2.55276e-005 -3.74875e-005 1.07157e-017 1.0828e-008 1.0828e-008
8.95 2.55276e-005 -3.74875e-005 1.05557e-017 1.0828e-008 1.0828e-008
8.96 2.55276e-005 -3.74875e-005 1.02593e-017 1.0828e-008 1.0828e-008
8.97 2.55276e-005 -3.74875e-005 1.01285e-017 1.0828e-008 1.0828e-008
8.98 2.55276e-005 -3.74875e-005 9.89531e-018 1.0828e-008 1.0828e-008
8.99 2.55276e-005 -3.74875e-005 1.04528e-017 1.0828e-008 1.0828e-008
9 2.55276e-005 -3.74875e-005 9.93329e-018 1.0828e-008 1.0828e-008
9.01 2.55276e-005 -3.74875e-005 1.06951e-017 1.0828e-008 1.0828e-008
9.02 2.55276e-005 -3.74875e-005 9.26435e-018 1.0828e-008 1.0828e-008
9.03 2.55276e-005 -3.74875e-005 1.17132e-017 1.0828e-008 1.0828e-008
9.04 2.55276e-005 -3.74875e-005 9.2449e-018 1.0828e-008 1.0828e-008
9.05 2.55276e-005 -3.74875e-005 9.51648e-018 1.0828e-008 1.0828e-008
9.06 2.55276e-005 -3.74875e-005 1.11049e-017 1.0828e-008 1.0828e-008
9.07 2.55276e-005 -3.74875e-005 9.84064e-018 1.0828e-008 1.0828e-008
9.08 2.55276e-005 -3.74875e-005 1.05326e-017 1.0828e-008 1.0828e-008
9.09 2.55276e-005 -3.74875e-005 1.11781e-017 1.0828e-008 1.0828e-008
9.1 2.55276e-005 -3.74875e-005 9.91308e-018 1.0828e-008 1.0828e-008
9.11 2.55276e-005 -3.74875e-005 1.2234e-017 1.0828e-008 1.0828e-008
9.12 2.55276e-005 -3.74875e-005 7.23931e-018 1.0828e-008 1.0828e-008
9.13 2.55276e-005 -3.74875e-005 1.12379e-017 1.0828e-008 1.0828e-008
9.14 2.55276e-005 -3.74875e-005 3.41701e-018 1.0828e-008 1.0828e-008
9.15 2.55276e-005 -3.74875e-005 9.91832e-018 1.0828e-008 1.0828e-008
9.16 2.55276e-005 -3.74875e-005 8.19287e-018 1.0828e-008 1.0828e-008
9.17 2.55276e-005 -3.74875e-005 1.14978e-017 1.0828e-008 1.0828e-008
9.18 2.55276e-005 -3.74875e-005 1.19219e-017 1.0828e-008 1.0828e-008
9.19 2.55276e-005 -3.74875e-005 1.51971e-017 1.0828e-008 1.0828e-008
9.2 2.55276e-005 -3.74875e-005 1.94606e-017 1.0828e-008 1.0828e-008
9.21 2.55276e-005 -3.74875e-005 1.98778e-017 1.0828e-008 1.0828e-008
9.22 2.55276e-005 -3.74875e-005 1.50034e-017 1.0828e-008 1.0828e-008
9.23 2.55276e-005 -3.74875e-005 2.23537e-017 1.0828e-008 1.0828e-008
9.24 2.55276e-005 -3.74875e-005 2.57529e-017 1.0828e-008 1.0828e-008
9.25 2.55276e-005 -3.74875e-005 8.27523e-018 1.0828e-008 1.0828e-008
9.26 2.55276e-005 -3.74875e-005 3.84346e-018 1.0828e-008 1.0828e-008
9.27 2.55276e-005 -3.74875e-005 1.28677e-017 1.0828e-008 1.0828e-008
9.28 2.55276e-005 -3.74875e-005 8.38746e-018 1.0828e-008 1.0828e-008
9.29 2.55276e-005 -3.74875e-005 2.24502e-017 1.0828e-008 1.0828e-008
9.3 2.55276e-005 -3.74875e-005 8.92479e-018 1.0828e-008 1.0828e-008
9.31 2.55276e-005 -3.74875e-005 2.39762e-017 1.0828e-008 1.0828e-008
9.32 2.55276e-005 -3.74875e-005 1.14721e-017 1.0828e-008 1.0828e-008
9.33 2.55276e-005 -3.74875e-005 2.56008e-017 1.0828e-008 1.0828e-008
9.34 2.55276e-005 -3.74875e-005 8.32592e-018 1.0828e-008 1.0828e-008
9.35 2.55276e-005 -3.74875e-005 2.73581e-017 1.0828e-008 1.0828e-008
9.36 2.55276e-005 -3.74875e-005 5.5611e-018 1.0828e-008 1.0828e-008
9.37 2.55276e-005 -3.74875e-005 2.62002e-017 1.0828e-008 1.0828e-008
9.38 2.55276e-005 -3.74875e-005 1.53681e-017 1.0828e-008 1.0828e-008
9.39 2.55276e-005 -3.74875e-005 2.34627e-017 1.0828e-008 1.0828e-008
9.4 2.55276e-005 -3.74875e-005 1.18323e-017 1.0828e-008 1.0828e-008
9.41 2.55276e-005 -3.74875e-005 2.09584e-017 1.0828e-008 1.0828e-008
9.42 2.55276e-005 -3.74875e-005 1.32593e-017 1.0828e-008 1.0828e-008
9.43 2.55276e-005 -3.74875e-005 1.92166e-017 1.0828e-008 1.0828e-008
9.44 2.55276e-005 -3.74875e-005 1.92035e-017 1.0828e-008 1.0828e-008
9.45 2.55276e-005 -3.74875e-005 1.69976e-017 1.0828e-008 1.0828e-008
9.46 2.55276e-005 -3.74875e-005 1.98713e-017 1.0828e-008 1.0828e-008
9.47 2.55276e-005 -3.74875e-005 2.46237e-017 1.0828e-008 1.0828e-008
9.48 2.55276e-005 -3.74875e-005 2.1457e-017 1.0828e-008 1.0828e-008
9.49 2.55276e-005 -3.74875e-005 1.86802e-017 1.0828e-008 1.0828e-008
9.5 2.55276e-005 -3.74875e-005 8.32091e-018 1.0828e-008 1.0828e-008
9.51 2.55276e-005 -3.74875e-005 1.98482e-017 1.0828e-008 1.0828e-008
9.52 2.55276e-005 -3.74875e-005 1.16127e-017 1.0828e-008 1.0828e-008
9.53 2.55276e-005 -3.74875e-005 1.39349e-017 1.0828e-008 1.0828e-008
9.54 2.55276e-005 -3.74875e-005 1.47648e-017 1.0828e-008 1.0828e-008
9.55 2.55276e-005 -3.74875e-005 1.45915e-017 1.0828e-008 1.0828e-008
9.56 2.55276e-005 -3.74875e-005 1.04417e-017 1.0828e-008 1.0828e-008
9.57 2.55276e-005 -3.74875e-005 1.1528e-017 1.0828e-008 1.0828e-008
9.58 2.55276e-005 -3.74875e-005 1.07539e-017 1.0828e-008 1.0828e-008
9.59 2.55276e-005 -3.74875e-005 1.1546e-017 1.0828e-008 1.0828e-008
9.6 2.55276e-005 -3.74875e-005 8.72203e-018 1.0828e-008 1.0828e-008
9.61 2.55276e-005 -3.74875e-005 1.21974e-017 1.0828e-008 1.0828e-008
9.62 2.55276e-005 -3.74875e-005 1.3254e-017 1.0828e-008 1.0828e-008
9.63 2.55276e-005 -3.74875e-005 1.19391e-017 1.0828e-008 1.0828e-008
9.64 2.55276e-005 -3.74875e-005 1.41237e-017 1.0828e-008 1.0828e-008
9.65 2.55276e-005 -3.74875e-005 1.33785e-017 1.0828e-008 1.0828e-008
9.66 2.55276e-005 -3.74875e-005 1.50974e-017 1.0828e-008 1.0828e-008
9.67 2.55276e-005 -3.74875e-005 1.58811e-017 1.0828e-008 1.0828e-008
9.68 2.55276e-005 -3.74875e-005 1.57045e-017 1.0828e-008 1.0828e-008
9.69 2.55276e-005 -3.74875e-005 1.55814e-017 1.0828e-008 1.0828e-008
9.7 2.55276e-005 -3.74875e-005 1.38183e-017 1.0828e-008 1.0828e-008
9.71 2.55276e-005 -3.74875e-005 1.53227e-017 1.0828e-008 1.0828e-008
9.72 2.55276e-005 -3.74875e-005 1.13338e-017 1.0828e-008 1.0828e-008
9.73 2.55276e-005 -3.74875e-005 1.63986e-017 1.0828e-008 1.0828e-008
9.74 2.55276e-005 -3.74875e-005 5.35656e-018 1.0828e-008 1.0828e-008
9.75 2.55276e-005 -3.74875e-005 1.5491e-017 1.0828e-008 1.0828e-008
9.76 2.55276e-005 -3.74875e-005 1.37072e-017 1.0828e-008 1.0828e-008
9.77 2.55276e-005 -3.74875e-005 1.42137e-017 1.0828e-008 1.0828e-008
9.78 2.55276e-005 -3.74875e-005 1.43304e-017 1.0828e-008 1.0828e-008
9.79 2.55276e-005 -3.74875e-005 1.42115e-017 1.0828e-008 1.0828e-008
9.8 2.55276e-005 -3.74875e-005 1.37696e-017 1.0828e-008 1.0828e-008
9.81 2.55276e-005 -3.74875e-005 1.41967e-017 1.0828e-008 1.0828e-008
9.82 2.55276e-005 -3.74875e-005 1.39489e-017 1.0828e-008 1.0828e-008
9.83 2.55276e-005 -3.74875e-005 1.413e-017 1.0828e-008 1.0828e-008
9.84 2.55276e-005 -3.74875e-005 1.3995e-017 1.0828e-008 1.0828e-008
9.85 2.55276e-005 -3.74875e-005 1.45189e-017 1.0828e-008 1.0828e-008
9.86 2.55276e-005 -3.74875e-005 1.41676e-017 1.0828e-008 1.0828e-008
9.87 2.55276e-005 -3.74875e-005 1.46457e-017 1.0828e-008 1.0828e-008
9.88 2.55276e-005 -3.74875e-005 1.41929e-017 1.0828e-008 1.0828e-008
9.89 2.55276e-005 -3.74875e-005 1.45999e-017 1.0828e-008 1.0828e-008
9.9 2.55276e-005 -3.74875e-005 1.39846e-017 1.0828e-008 1.0828e-008
9.91 2.55276e-005 -3.74875e-005 1.77545e-017 1.0828e-008 1.0828e-008
9.92 2.55276e-005 -3.74875e-005 1.64699e-017 1.0828e-008 1.0828e-008
9.93 2.55276e-005 -3.74875e-005 1.71791e-017 1.0828e-008 1.0828e-008
9.94 2.55276e-005 -3.74875e-005 1.54487e-017 1.0828e-008 1.0828e-008
9.95 2.55276e-005 -3.74875e-005 1.43212e-017 1.0828e-008 1.0828e-008
9.96 2.55276e-005 -3.74875e-005 1.40203e-017 1.0828e-008 1.0828e-008
9.97 2.55276e-005 -3.74875e-005 1.43163e-017 1.0828e-008 1.0828e-008
9.98 2.55276e-005 -3.74875e-005 1.48041e-017 1.0828e-008 1.0828e-008
9.99 2.55276e-005 -3.74875e-005 1.4988e-017 1.0828e-008 1.0828e-008
10 2.55276e-005 -3.74875e-005 1.65366e-017 1.0828e-008 1.0828e-008
