0.1 5.20854e-010 2.33673e-008 1.36164e-018 1.57533e-008 1.57533e-008
0.2 2.08868e-009 4.74092e-008 8.94611e-018 3.15164e-008 3.15164e-008
0.3 4.71143e-009 7.213e-008 8.94379e-018 4.72893e-008 4.72893e-008
0.4 8.39715e-009 9.75339e-008 8.32202e-018 6.30719e-008 6.30719e-008
0.5 1.3154e-008 1.23625e-007 -1.16967e-017 7.88644e-008 7.88644e-008
0.6 1.8945e-008 1.50719e-007 -1.12743e-017 9.4611e-008 9.4611e-008
0.7 2.56122e-008 1.7647e-007 -1.12449e-017 1.10123e-007 1.10123e-007
0.8 3.30919e-008 1.98737e-007 -1.14605e-017 1.25377e-007 1.25377e-007
0.9 4.13658e-008 2.18535e-007 -1.18564e-017 1.40431e-007 1.40431e-007
1 5.04456e-008 2.37438e-007 -1.19777e-017 1.55354e-007 1.55354e-007
0.01 5.04456e-008 2.37439e-007 1.07816e-021 1.55354e-007 1.55354e-007
0.02 5.04456e-008 2.37439e-007 -3.35505e-019 1.55354e-007 1.55354e-007
0.03 5.04456e-008 2.37439e-007 5.25796e-019 1.55354e-007 1.55354e-007
0.04 5.04456e-008 2.37439e-007 -4.79904e-019 1.55354e-007 1.55354e-007
0.05 5.04456e-008 2.37439e-007 7.33363e-019 1.55354e-007 1.55354e-007
0.06 5.04456e-008 2.37438e-007 -9.59716e-019 1.55354e-007 1.55354e-007
0.07 5.04456e-008 2.37438e-007 1.96512e-018 1.55354e-007 1.55354e-007
0.08 5.04456e-008 2.37438e-007 3.3364e-019 1.55354e-007 1.55354e-007
0.09 5.04456e-008 2.37438e-007 -4.63747e-019 1.55354e-007 1.55354e-007
0.1 5.04456e-008 2.37438e-007 6.55518e-019 1.55354e-007 1.55354e-007
0.11 5.04456e-008 2.37438e-007 -3.20398e-019 1.55354e-007 1.55354e-007
0.12 5.04456e-008 2.37438e-007 4.55017e-019 1.55354e-007 1.55354e-007
0.13 5.04456e-008 2.37439e-007 -6.3373e-019 1.55354e-007 1.55354e-007
0.14 5.04456e-008 2.37438e-007 9.34158e-019 1.55354e-007 1.55354e-007
0.15 5.04456e-008 2.37438e-007 -9.44037e-019 1.55354e-007 1.55354e-007
0.16 5.04456e-008 2.37438e-007 1.32369e-019 1.55354e-007 1.55354e-007
0.17 5.04456e-008 2.37438e-007 3.0478e-018 1.55354e-007 1.55354e-007
0.18 5.04456e-008 2.37438e-007 2.86295e-018 1.55354e-007 1.55354e-007
0.19 5.04456e-008 2.37438e-007 -2.97848e-019 1.55354e-007 1.55354e-007
0.2 5.04456e-008 2.37439e-007 -2.13208e-018 1.55354e-007 1.55354e-007
0.21 5.04456e-008 2.37439e-007 -1.46556e-018 1.55354e-007 1.55354e-007
0.22 5.04456e-008 2.37439e-007 4.7645e-019 1.55354e-007 1.55354e-007
0.23 5.04456e-008 2.37439e-007 -3.96839e-019 1.55354e-007 1.55354e-007
0.24 5.04456e-008 2.37439e-007 -2.5847e-018 1.55354e-007 1.55354e-007
0.25 5.04456e-008 2.37439e-007 1.65482e-018 1.55354e-007 1.55354e-007
0.26 5.04456e-008 2.37439e-007 -4.78453e-018 1.55354e-007 1.55354e-007
0.27 5.04456e-008 2.37439e-007 4.26345e-018 1.55354e-007 1.55354e-007
0.28 5.04456e-008 2.37439e-007 3.29761e-018 1.55354e-007 1.55354e-007
0.29 5.04456e-008 2.37439e-007 -6.77578e-018 1.55354e-007 1.55354e-007
0.3 5.04456e-008 2.37439e-007 6.09315e-018 1.55354e-007 1.55354e-007
0.31 5.04456e-008 2.37438e-007 -7.86615e-018 1.55354e-007 1.55354e-007
0.32 5.04456e-008 2.37438e-007 6.31821e-018 1.55354e-007 1.55354e-007
0.33 5.04456e-008 2.37438e-007 -5.53417e-018 1.55354e-007 1.55354e-007
0.34 5.04456e-008 2.37438e-007 5.40512e-018 1.55354e-007 1.55354e-007
0.35 5.04456e-008 2.37438e-007 3.04924e-018 1.55354e-007 1.55354e-007
0.36 5.04456e-008 2.37438e-007 2.82701e-018 1.55354e-007 1.55354e-007
0.37 5.04456e-008 2.37438e-007 -2.78808e-018 1.55354e-007 1.55354e-007
0.38 5.04456e-008 2.37438e-007 1.11433e-017 1.55354e-007 1.55354e-007
0.39 5.04456e-008 2.37438e-007 -7.60005e-018 1.55354e-007 1.55354e-007
0.4 5.04456e-008 2.37438e-007 9.62476e-018 1.55354e-007 1.55354e-007
0.41 5.04456e-008 2.37438e-007 -1.13924e-017 1.55354e-007 1.55354e-007
0.42 5.04456e-008 2.37438e-007 2.13346e-019 1.55354e-007 1.55354e-007
0.43 5.04456e-008 2.37438e-007 -4.12969e-018 1.55354e-007 1.55354e-007
0.44 5.04456e-008 2.37438e-007 3.06162e-018 1.55354e-007 1.55354e-007
0.45 5.04456e-008 2.37439e-007 1.20188e-017 1.55354e-007 1.55354e-007
0.46 5.04456e-008 2.37439e-007 -1.77558e-018 1.55354e-007 1.55354e-007
0.47 5.04456e-008 2.37439e-007 8.47522e-019 1.55354e-007 1.55354e-007
0.48 5.04456e-008 2.37439e-007 -2.35432e-018 1.55354e-007 1.55354e-007
0.49 5.04456e-008 2.37439e-007 4.23322e-018 1.55354e-007 1.55354e-007
0.5 5.04456e-008 2.37439e-007 3.64733e-018 1.55354e-007 1.55354e-007
0.51 5.04456e-008 2.37439e-007 -1.40936e-017 1.55354e-007 1.55354e-007
0.52 5.04456e-008 2.37439e-007 -2.34604e-019 1.55354e-007 1.55354e-007
0.53 5.04456e-008 2.37439e-007 -6.70334e-018 1.55354e-007 1.55354e-007
0.54 5.04456e-008 2.37439e-007 -2.07242e-018 1.55354e-007 1.55354e-007
0.55 5.04456e-008 2.37439e-007 -7.51275e-018 1.55354e-007 1.55354e-007
0.56 5.04456e-008 2.37438e-007 -8.03058e-018 1.55354e-007 1.55354e-007
0.57 5.04456e-008 2.37438e-007 2.8632e-018 1.55354e-007 1.55354e-007
0.58 5.04456e-008 2.37438e-007 4.65453e-018 1.55354e-007 1.55354e-007
0.59 5.04456e-008 2.37438e-007 -4.48683e-018 1.55354e-007 1.55354e-007
0.6 5.04456e-008 2.37438e-007 1.05109e-018 1.55354e-007 1.55354e-007
0.61 5.04456e-008 2.37438e-007 3.84141e-018 1.55354e-007 1.55354e-007
0.62 5.04456e-008 2.37438e-007 -3.9695e-018 1.55354e-007 1.55354e-007
0.63 5.04456e-008 2.37438e-007 -7.78342e-019 1.55354e-007 1.55354e-007
0.64 5.04456e-008 2.37438e-007 6.66805e-018 1.55354e-007 1.55354e-007
0.65 5.04456e-008 2.37438e-007 -8.76435e-018 1.55354e-007 1.55354e-007
0.66 5.04456e-008 2.37438e-007 1.34231e-017 1.55354e-007 1.55354e-007
0.67 5.04456e-008 2.37438e-007 2.35276e-018 1.55354e-007 1.55354e-007
0.68 5.04456e-008 2.37438e-007 -1.04332e-017 1.55354e-007 1.55354e-007
0.69 5.04456e-008 2.37438e-007 -7.14167e-018 1.55354e-007 1.55354e-007
0.7 5.04456e-008 2.37438e-007 -1.3192e-018 1.55354e-007 1.55354e-007
0.71 5.04456e-008 2.37439e-007 -1.33097e-018 1.55354e-007 1.55354e-007
0.72 5.04456e-008 2.37439e-007 -1.17647e-017 1.55354e-007 1.55354e-007
0.73 5.04456e-008 2.37439e-007 4.09634e-018 1.55354e-007 1.55354e-007
0.74 5.04456e-008 2.37439e-007 -5.25391e-018 1.55354e-007 1.55354e-007
0.75 5.04456e-008 2.37439e-007 -3.76743e-019 1.55354e-007 1.55354e-007
0.76 5.04456e-008 2.37439e-007 -4.41443e-018 1.55354e-007 1.55354e-007
0.77 5.04456e-008 2.37439e-007 -1.38414e-017 1.55354e-007 1.55354e-007
0.78 5.04456e-008 2.37439e-007 1.54175e-017 1.55354e-007 1.55354e-007
0.79 5.04456e-008 2.37439e-007 -1.96102e-017 1.55354e-007 1.55354e-007
0.8 5.04456e-008 2.37438e-007 7.09465e-018 1.55354e-007 1.55354e-007
0.81 5.04456e-008 2.37438e-007 -1.50757e-017 1.55354e-007 1.55354e-007
0.82 5.04456e-008 2.37438e-007 6.85146e-018 1.55354e-007 1.55354e-007
0.83 5.04456e-008 2.37438e-007 -1.08273e-017 1.55354e-007 1.55354e-007
0.84 5.04456e-008 2.37438e-007 2.12731e-018 1.55354e-007 1.55354e-007
0.85 5.04456e-008 2.37438e-007 -1.78465e-017 1.55354e-007 1.55354e-007
0.86 5.04456e-008 2.37438e-007 -6.32433e-018 1.55354e-007 1.55354e-007
0.87 5.04456e-008 2.37438e-007 -2.29988e-018 1.55354e-007 1.55354e-007
0.88 5.04456e-008 2.37438e-007 -1.76332e-017 1.55354e-007 1.55354e-007
0.89 5.04456e-008 2.37438e-007 -4.55301e-018 1.55354e-007 1.55354e-007
0.9 5.04456e-008 2.37438e-007 -1.00892e-017 1.55354e-007 1.55354e-007
0.91 5.04456e-008 2.37438e-007 -7.0986e-018 1.55354e-007 1.55354e-007
0.92 5.04456e-008 2.37438e-007 -2.0875e-018 1.55354e-007 1.55354e-007
0.93 5.04456e-008 2.37438e-007 -5.63418e-018 1.55354e-007 1.55354e-007
0.94 5.04456e-008 2.37438e-007 -4.09065e-018 1.55354e-007 1.55354e-007
0.95 5.04456e-008 2.37438e-007 -6.25791e-018 1.55354e-007 1.55354e-007
0.96 5.04456e-008 2.37438e-007 -5.8336e-018 1.55354e-007 1.55354e-007
0.97 5.04456e-008 2.37439e-007 -4.22803e-018 1.55354e-007 1.55354e-007
0.98 5.04456e-008 2.37439e-007 -7.37119e-018 1.55354e-007 1.55354e-007
0.99 5.04456e-008 2.37439e-007 -3.28842e-018 1.55354e-007 1.55354e-007
1 5.04456e-008 2.37439e-007 -1.70955e-019 1.55354e-007 1.55354e-007
1.01 5.04456e-008 2.37439e-007 -3.56678e-018 1.55354e-007 1.55354e-007
1.02 5.04456e-008 2.37439e-007 -4.1399e-018 1.55354e-007 1.55354e-007
1.03 5.04456e-008 2.37439e-007 -4.47751e-018 1.55354e-007 1.55354e-007
1.04 5.04456e-008 2.37439e-007 -3.7309e-018 1.55354e-007 1.55354e-007
1.05 5.04456e-008 2.37438e-007 -4.80848e-018 1.55354e-007 1.55354e-007
1.06 5.04456e-008 2.37438e-007 -3.24126e-018 1.55354e-007 1.55354e-007
1.07 5.04456e-008 2.37438e-007 -5.43555e-018 1.55354e-007 1.55354e-007
1.08 5.04456e-008 2.37438e-007 -2.69172e-018 1.55354e-007 1.55354e-007
1.09 5.04456e-008 2.37438e-007 -6.57392e-018 1.55354e-007 1.55354e-007
1.1 5.04456e-008 2.37438e-007 -4.59595e-018 1.55354e-007 1.55354e-007
1.11 5.04456e-008 2.37438e-007 -3.97907e-018 1.55354e-007 1.55354e-007
1.12 5.04456e-008 2.37438e-007 -4.11657e-018 1.55354e-007 1.55354e-007
1.13 5.04456e-008 2.37438e-007 -1.12703e-017 1.55354e-007 1.55354e-007
1.14 5.04456e-008 2.37438e-007 -3.23272e-018 1.55354e-007 1.55354e-007
1.15 5.04456e-008 2.37438e-007 -7.99826e-018 1.55354e-007 1.55354e-007
1.16 5.04456e-008 2.37438e-007 8.75541e-018 1.55354e-007 1.55354e-007
1.17 5.04456e-008 2.37438e-007 -1.33164e-017 1.55354e-007 1.55354e-007
1.18 5.04456e-008 2.37438e-007 -4.6968e-018 1.55354e-007 1.55354e-007
1.19 5.04456e-008 2.37438e-007 -9.19902e-018 1.55354e-007 1.55354e-007
1.2 5.04456e-008 2.37439e-007 4.83124e-018 1.55354e-007 1.55354e-007
1.21 5.04456e-008 2.37439e-007 -2.95606e-018 1.55354e-007 1.55354e-007
1.22 5.04456e-008 2.37439e-007 1.9743e-018 1.55354e-007 1.55354e-007
1.23 5.04456e-008 2.37439e-007 -4.02903e-018 1.55354e-007 1.55354e-007
1.24 5.04456e-008 2.37439e-007 -4.46319e-018 1.55354e-007 1.55354e-007
1.25 5.04456e-008 2.37439e-007 -6.04585e-018 1.55354e-007 1.55354e-007
1.26 5.04456e-008 2.37439e-007 -2.99448e-018 1.55354e-007 1.55354e-007
1.27 5.04456e-008 2.37439e-007 -4.78098e-018 1.55354e-007 1.55354e-007
1.28 5.04456e-008 2.37439e-007 -2.80893e-018 1.55354e-007 1.55354e-007
1.29 5.04456e-008 2.37439e-007 -4.55461e-018 1.55354e-007 1.55354e-007
1.3 5.04456e-008 2.37439e-007 -2.19085e-018 1.55354e-007 1.55354e-007
1.31 5.04456e-008 2.37438e-007 -2.26963e-018 1.55354e-007 1.55354e-007
1.32 5.04456e-008 2.37438e-007 1.12079e-018 1.55354e-007 1.55354e-007
1.33 5.04456e-008 2.37438e-007 -7.77119e-018 1.55354e-007 1.55354e-007
1.34 5.04456e-008 2.37438e-007 6.70483e-019 1.55354e-007 1.55354e-007
1.35 5.04456e-008 2.37438e-007 -8.81935e-018 1.55354e-007 1.55354e-007
1.36 5.04456e-008 2.37438e-007 1.04616e-017 1.55354e-007 1.55354e-007
1.37 5.04456e-008 2.37438e-007 -6.74945e-018 1.55354e-007 1.55354e-007
1.38 5.04456e-008 2.37438e-007 3.03083e-018 1.55354e-007 1.55354e-007
1.39 5.04456e-008 2.37438e-007 -7.82184e-019 1.55354e-007 1.55354e-007
1.4 5.04456e-008 2.37438e-007 -1.20345e-019 1.55354e-007 1.55354e-007
1.41 5.04456e-008 2.37438e-007 -4.76163e-019 1.55354e-007 1.55354e-007
1.42 5.04456e-008 2.37438e-007 3.43405e-018 1.55354e-007 1.55354e-007
1.43 5.04456e-008 2.37438e-007 -5.42113e-018 1.55354e-007 1.55354e-007
1.44 5.04456e-008 2.37438e-007 -3.83968e-018 1.55354e-007 1.55354e-007
1.45 5.04456e-008 2.37439e-007 6.77142e-019 1.55354e-007 1.55354e-007
1.46 5.04456e-008 2.37439e-007 9.04598e-019 1.55354e-007 1.55354e-007
1.47 5.04456e-008 2.37439e-007 -1.11777e-017 1.55354e-007 1.55354e-007
1.48 5.04456e-008 2.37439e-007 -1.21411e-017 1.55354e-007 1.55354e-007
1.49 5.04456e-008 2.37439e-007 -2.94563e-018 1.55354e-007 1.55354e-007
1.5 5.04456e-008 2.37439e-007 -8.10661e-018 1.55354e-007 1.55354e-007
1.51 5.04456e-008 2.37439e-007 -4.21447e-018 1.55354e-007 1.55354e-007
1.52 5.04456e-008 2.37439e-007 -7.90806e-018 1.55354e-007 1.55354e-007
1.53 5.04456e-008 2.37439e-007 -5.66498e-018 1.55354e-007 1.55354e-007
1.54 5.04456e-008 2.37438e-007 -6.73678e-018 1.55354e-007 1.55354e-007
1.55 5.04456e-008 2.37438e-007 -7.00227e-018 1.55354e-007 1.55354e-007
1.56 5.04456e-008 2.37438e-007 -6.77281e-018 1.55354e-007 1.55354e-007
1.57 5.04456e-008 2.37438e-007 -5.55427e-018 1.55354e-007 1.55354e-007
1.58 5.04456e-008 2.37438e-007 2.24758e-018 1.55354e-007 1.55354e-007
1.59 5.04456e-008 2.37438e-007 9.55517e-019 1.55354e-007 1.55354e-007
1.6 5.04456e-008 2.37438e-007 -1.27206e-017 1.55354e-007 1.55354e-007
1.61 5.04456e-008 2.37438e-007 -8.7865e-018 1.55354e-007 1.55354e-007
1.62 5.04456e-008 2.37438e-007 -8.98367e-018 1.55354e-007 1.55354e-007
1.63 5.04456e-008 2.37438e-007 -1.06035e-017 1.55354e-007 1.55354e-007
1.64 5.04456e-008 2.37438e-007 -6.24264e-018 1.55354e-007 1.55354e-007
1.65 5.04456e-008 2.37438e-007 -5.55139e-018 1.55354e-007 1.55354e-007
1.66 5.04456e-008 2.37438e-007 -3.98233e-018 1.55354e-007 1.55354e-007
1.67 5.04456e-008 2.37438e-007 -2.0132e-018 1.55354e-007 1.55354e-007
1.68 5.04456e-008 2.37438e-007 5.79567e-020 1.55354e-007 1.55354e-007
1.69 5.04456e-008 2.37438e-007 2.78245e-019 1.55354e-007 1.55354e-007
1.7 5.04456e-008 2.37438e-007 1.70376e-017 1.55354e-007 1.55354e-007
1.71 5.04456e-008 2.37438e-007 -1.11132e-017 1.55354e-007 1.55354e-007
1.72 5.04456e-008 2.37438e-007 3.48336e-018 1.55354e-007 1.55354e-007
1.73 5.04456e-008 2.37439e-007 -6.48619e-018 1.55354e-007 1.55354e-007
1.74 5.04456e-008 2.37439e-007 -4.66998e-018 1.55354e-007 1.55354e-007
1.75 5.04456e-008 2.37439e-007 -4.71332e-018 1.55354e-007 1.55354e-007
1.76 5.04456e-008 2.37439e-007 -1.01753e-017 1.55354e-007 1.55354e-007
1.77 5.04456e-008 2.37439e-007 8.6084e-019 1.55354e-007 1.55354e-007
1.78 5.04456e-008 2.37438e-007 -2.25656e-018 1.55354e-007 1.55354e-007
1.79 5.04456e-008 2.37438e-007 -4.1003e-018 1.55354e-007 1.55354e-007
1.8 5.04456e-008 2.37438e-007 -1.14567e-019 1.55354e-007 1.55354e-007
1.81 5.04456e-008 2.37438e-007 -3.21366e-018 1.55354e-007 1.55354e-007
1.82 5.04456e-008 2.37438e-007 8.09455e-019 1.55354e-007 1.55354e-007
1.83 5.04456e-008 2.37438e-007 -3.08195e-018 1.55354e-007 1.55354e-007
1.84 5.04456e-008 2.37438e-007 9.12304e-019 1.55354e-007 1.55354e-007
1.85 5.04456e-008 2.37438e-007 7.73598e-018 1.55354e-007 1.55354e-007
1.86 5.04456e-008 2.37438e-007 -1.49124e-017 1.55354e-007 1.55354e-007
1.87 5.04456e-008 2.37438e-007 1.59856e-017 1.55354e-007 1.55354e-007
1.88 5.04456e-008 2.37438e-007 -1.2203e-017 1.55354e-007 1.55354e-007
1.89 5.04456e-008 2.37438e-007 7.94326e-018 1.55354e-007 1.55354e-007
1.9 5.04456e-008 2.37438e-007 -9.60953e-018 1.55354e-007 1.55354e-007
1.91 5.04456e-008 2.37438e-007 3.85482e-018 1.55354e-007 1.55354e-007
1.92 5.04456e-008 2.37438e-007 -1.78341e-019 1.55354e-007 1.55354e-007
1.93 5.04456e-008 2.37438e-007 -1.49969e-018 1.55354e-007 1.55354e-007
1.94 5.04456e-008 2.37438e-007 1.67424e-018 1.55354e-007 1.55354e-007
1.95 5.04456e-008 2.37438e-007 -2.12547e-018 1.55354e-007 1.55354e-007
1.96 5.04456e-008 2.37438e-007 1.21242e-018 1.55354e-007 1.55354e-007
1.97 5.04456e-008 2.37439e-007 -3.44064e-018 1.55354e-007 1.55354e-007
1.98 5.04456e-008 2.37439e-007 4.5723e-018 1.55354e-007 1.55354e-007
1.99 5.04456e-008 2.37439e-007 8.19644e-018 1.55354e-007 1.55354e-007
2 5.04456e-008 2.37439e-007 -7.64633e-018 1.55354e-007 1.55354e-007
2.01 5.04456e-008 2.37439e-007 4.04594e-018 1.55354e-007 1.55354e-007
2.02 5.04456e-008 2.37439e-007 2.72181e-019 1.55354e-007 1.55354e-007
2.03 5.04456e-008 2.37439e-007 -2.05909e-018 1.55354e-007 1.55354e-007
2.04 5.04456e-008 2.37439e-007 -3.78206e-018 1.55354e-007 1.55354e-007
2.05 5.04456e-008 2.37439e-007 -3.08823e-018 1.55354e-007 1.55354e-007
2.06 5.04456e-008 2.37438e-007 -2.41415e-018 1.55354e-007 1.55354e-007
2.07 5.04456e-008 2.37438e-007 -2.85071e-018 1.55354e-007 1.55354e-007
2.08 5.04456e-008 2.37438e-007 -4.42931e-018 1.55354e-007 1.55354e-007
2.09 5.04456e-008 2.37438e-007 -7.70307e-018 1.55354e-007 1.55354e-007
2.1 5.04456e-008 2.37438e-007 6.21334e-018 1.55354e-007 1.55354e-007
2.11 5.04456e-008 2.37438e-007 -7.13521e-018 1.55354e-007 1.55354e-007
2.12 5.04456e-008 2.37438e-007 4.43653e-018 1.55354e-007 1.55354e-007
2.13 5.04456e-008 2.37438e-007 -2.86948e-018 1.55354e-007 1.55354e-007
2.14 5.04456e-008 2.37438e-007 1.27956e-018 1.55354e-007 1.55354e-007
2.15 5.04456e-008 2.37438e-007 8.0701e-019 1.55354e-007 1.55354e-007
2.16 5.04456e-008 2.37438e-007 -3.94036e-018 1.55354e-007 1.55354e-007
2.17 5.04456e-008 2.37438e-007 3.51159e-018 1.55354e-007 1.55354e-007
2.18 5.04456e-008 2.37438e-007 6.89274e-018 1.55354e-007 1.55354e-007
2.19 5.04456e-008 2.37438e-007 -3.41613e-018 1.55354e-007 1.55354e-007
2.2 5.04456e-008 2.37439e-007 3.34053e-018 1.55354e-007 1.55354e-007
2.21 5.04456e-008 2.37439e-007 7.28771e-018 1.55354e-007 1.55354e-007
2.22 5.04456e-008 2.37439e-007 8.73288e-018 1.55354e-007 1.55354e-007
2.23 5.04456e-008 2.37439e-007 1.58035e-018 1.55354e-007 1.55354e-007
2.24 5.04456e-008 2.37439e-007 -3.63658e-018 1.55354e-007 1.55354e-007
2.25 5.04456e-008 2.37439e-007 -3.8157e-018 1.55354e-007 1.55354e-007
2.26 5.04456e-008 2.37439e-007 -1.77778e-018 1.55354e-007 1.55354e-007
2.27 5.04456e-008 2.37439e-007 3.41816e-018 1.55354e-007 1.55354e-007
2.28 5.04456e-008 2.37439e-007 6.79742e-019 1.55354e-007 1.55354e-007
2.29 5.04456e-008 2.37439e-007 -4.32428e-018 1.55354e-007 1.55354e-007
2.3 5.04456e-008 2.37438e-007 -3.20282e-018 1.55354e-007 1.55354e-007
2.31 5.04456e-008 2.37438e-007 -2.22087e-018 1.55354e-007 1.55354e-007
2.32 5.04456e-008 2.37438e-007 -2.87199e-018 1.55354e-007 1.55354e-007
2.33 5.04456e-008 2.37438e-007 -1.50853e-018 1.55354e-007 1.55354e-007
2.34 5.04456e-008 2.37438e-007 -9.28545e-019 1.55354e-007 1.55354e-007
2.35 5.04456e-008 2.37438e-007 -3.70218e-018 1.55354e-007 1.55354e-007
2.36 5.04456e-008 2.37438e-007 -2.4976e-018 1.55354e-007 1.55354e-007
2.37 5.04456e-008 2.37438e-007 -2.54246e-018 1.55354e-007 1.55354e-007
2.38 5.04456e-008 2.37438e-007 -1.7855e-018 1.55354e-007 1.55354e-007
2.39 5.04456e-008 2.37438e-007 -1.96826e-018 1.55354e-007 1.55354e-007
2.4 5.04456e-008 2.37438e-007 -2.32859e-018 1.55354e-007 1.55354e-007
2.41 5.04456e-008 2.37438e-007 -1.77377e-018 1.55354e-007 1.55354e-007
2.42 5.04456e-008 2.37438e-007 -2.63206e-018 1.55354e-007 1.55354e-007
2.43 5.04456e-008 2.37438e-007 -1.41096e-018 1.55354e-007 1.55354e-007
2.44 5.04456e-008 2.37438e-007 3.86012e-019 1.55354e-007 1.55354e-007
2.45 5.04456e-008 2.37438e-007 1.95688e-018 1.55354e-007 1.55354e-007
2.46 5.04456e-008 2.37438e-007 -7.49224e-018 1.55354e-007 1.55354e-007
2.47 5.04456e-008 2.37438e-007 5.55288e-018 1.55354e-007 1.55354e-007
2.48 5.04456e-008 2.37438e-007 -1.28883e-017 1.55354e-007 1.55354e-007
2.49 5.04456e-008 2.37438e-007 1.07628e-017 1.55354e-007 1.55354e-007
2.5 5.04456e-008 2.37438e-007 -1.02626e-017 1.55354e-007 1.55354e-007
2.51 5.04456e-008 2.37438e-007 1.11723e-017 1.55354e-007 1.55354e-007
2.52 5.04456e-008 2.37438e-007 -1.61948e-017 1.55354e-007 1.55354e-007
2.53 5.04456e-008 2.37438e-007 1.3748e-017 1.55354e-007 1.55354e-007
2.54 5.04456e-008 2.37438e-007 -1.98243e-017 1.55354e-007 1.55354e-007
2.55 5.04456e-008 2.37438e-007 1.1656e-017 1.55354e-007 1.55354e-007
2.56 5.04456e-008 2.37438e-007 -2.10674e-017 1.55354e-007 1.55354e-007
2.57 5.04456e-008 2.37438e-007 1.34105e-017 1.55354e-007 1.55354e-007
2.58 5.04456e-008 2.37438e-007 -1.90997e-017 1.55354e-007 1.55354e-007
2.59 5.04456e-008 2.37438e-007 1.25667e-017 1.55354e-007 1.55354e-007
2.6 5.04456e-008 2.37438e-007 -1.60151e-017 1.55354e-007 1.55354e-007
2.61 5.04456e-008 2.37438e-007 1.00806e-017 1.55354e-007 1.55354e-007
2.62 5.04456e-008 2.37438e-007 -9.79125e-018 1.55354e-007 1.55354e-007
2.63 5.04456e-008 2.37438e-007 7.07093e-018 1.55354e-007 1.55354e-007
2.64 5.04456e-008 2.37438e-007 -7.50113e-018 1.55354e-007 1.55354e-007
2.65 5.04456e-008 2.37438e-007 -1.05584e-018 1.55354e-007 1.55354e-007
2.66 5.04456e-008 2.37438e-007 -2.70831e-018 1.55354e-007 1.55354e-007
2.67 5.04456e-008 2.37438e-007 -2.01451e-018 1.55354e-007 1.55354e-007
2.68 5.04456e-008 2.37438e-007 -3.13295e-018 1.55354e-007 1.55354e-007
2.69 5.04456e-008 2.37438e-007 -2.50465e-018 1.55354e-007 1.55354e-007
2.7 5.04456e-008 2.37438e-007 -2.32339e-018 1.55354e-007 1.55354e-007
2.71 5.04456e-008 2.37438e-007 -2.7862e-018 1.55354e-007 1.55354e-007
2.72 5.04456e-008 2.37438e-007 -2.21879e-018 1.55354e-007 1.55354e-007
2.73 5.04456e-008 2.37438e-007 -2.39643e-018 1.55354e-007 1.55354e-007
2.74 5.04456e-008 2.37438e-007 -2.80465e-018 1.55354e-007 1.55354e-007
2.75 5.04456e-008 2.37438e-007 -2.73149e-018 1.55354e-007 1.55354e-007
2.76 5.04456e-008 2.37438e-007 -4.03624e-018 1.55354e-007 1.55354e-007
2.77 5.04456e-008 2.37438e-007 -4.43384e-018 1.55354e-007 1.55354e-007
2.78 5.04456e-008 2.37438e-007 3.34103e-018 1.55354e-007 1.55354e-007
2.79 5.04456e-008 2.37438e-007 -5.32348e-018 1.55354e-007 1.55354e-007
2.8 5.04456e-008 2.37438e-007 -5.42177e-018 1.55354e-007 1.55354e-007
2.81 5.04456e-008 2.37438e-007 -4.83878e-018 1.55354e-007 1.55354e-007
2.82 5.04456e-008 2.37438e-007 -7.35333e-018 1.55354e-007 1.55354e-007
2.83 5.04456e-008 2.37438e-007 -7.30331e-018 1.55354e-007 1.55354e-007
2.84 5.04456e-008 2.37438e-007 -1.73979e-018 1.55354e-007 1.55354e-007
2.85 5.04456e-008 2.37438e-007 -3.28428e-018 1.55354e-007 1.55354e-007
2.86 5.04456e-008 2.37438e-007 -1.21344e-017 1.55354e-007 1.55354e-007
2.87 5.04456e-008 2.37438e-007 -3.47305e-018 1.55354e-007 1.55354e-007
2.88 5.04456e-008 2.37438e-007 -8.85318e-018 1.55354e-007 1.55354e-007
2.89 5.04456e-008 2.37438e-007 -1.73643e-017 1.55354e-007 1.55354e-007
2.9 5.04456e-008 2.37438e-007 4.08765e-018 1.55354e-007 1.55354e-007
2.91 5.04456e-008 2.37438e-007 -2.59449e-018 1.55354e-007 1.55354e-007
2.92 5.04456e-008 2.37438e-007 -1.21512e-017 1.55354e-007 1.55354e-007
2.93 5.04456e-008 2.37438e-007 -5.71542e-018 1.55354e-007 1.55354e-007
2.94 5.04456e-008 2.37438e-007 -2.4276e-018 1.55354e-007 1.55354e-007
2.95 5.04456e-008 2.37438e-007 -4.37348e-018 1.55354e-007 1.55354e-007
2.96 5.04456e-008 2.37439e-007 -5.82267e-018 1.55354e-007 1.55354e-007
2.97 5.04456e-008 2.37439e-007 -6.66549e-018 1.55354e-007 1.55354e-007
2.98 5.04456e-008 2.37439e-007 -1.14696e-018 1.55354e-007 1.55354e-007
2.99 5.04456e-008 2.37439e-007 -1.14087e-017 1.55354e-007 1.55354e-007
3 5.04456e-008 2.37439e-007 1.20983e-018 1.55354e-007 1.55354e-007
3.01 5.04456e-008 2.37439e-007 -1.06467e-017 1.55354e-007 1.55354e-007
3.02 5.04456e-008 2.37439e-007 -2.00106e-017 1.55354e-007 1.55354e-007
3.03 5.04456e-008 2.37439e-007 -1.43099e-017 1.55354e-007 1.55354e-007
3.04 5.04456e-008 2.37439e-007 4.24199e-019 1.55354e-007 1.55354e-007
3.05 5.04456e-008 2.37438e-007 -6.01496e-018 1.55354e-007 1.55354e-007
3.06 5.04456e-008 2.37438e-007 -1.35191e-017 1.55354e-007 1.55354e-007
3.07 5.04456e-008 2.37438e-007 -5.37499e-018 1.55354e-007 1.55354e-007
3.08 5.04456e-008 2.37438e-007 -8.32445e-018 1.55354e-007 1.55354e-007
3.09 5.04456e-008 2.37438e-007 -8.20763e-018 1.55354e-007 1.55354e-007
3.1 5.04456e-008 2.37438e-007 -1.27603e-017 1.55354e-007 1.55354e-007
3.11 5.04456e-008 2.37438e-007 -1.59134e-017 1.55354e-007 1.55354e-007
3.12 5.04456e-008 2.37438e-007 -5.23984e-018 1.55354e-007 1.55354e-007
3.13 5.04456e-008 2.37438e-007 -7.19057e-018 1.55354e-007 1.55354e-007
3.14 5.04456e-008 2.37438e-007 -7.26896e-018 1.55354e-007 1.55354e-007
3.15 5.04456e-008 2.37438e-007 -2.30664e-018 1.55354e-007 1.55354e-007
3.16 5.04456e-008 2.37438e-007 -1.2398e-017 1.55354e-007 1.55354e-007
3.17 5.04456e-008 2.37438e-007 -9.83721e-019 1.55354e-007 1.55354e-007
3.18 5.04456e-008 2.37438e-007 -9.52775e-018 1.55354e-007 1.55354e-007
3.19 5.04456e-008 2.37438e-007 -6.22045e-018 1.55354e-007 1.55354e-007
3.2 5.04456e-008 2.37438e-007 -8.43266e-018 1.55354e-007 1.55354e-007
3.21 5.04456e-008 2.37438e-007 -9.71309e-018 1.55354e-007 1.55354e-007
3.22 5.04456e-008 2.37438e-007 -2.52366e-018 1.55354e-007 1.55354e-007
3.23 5.04456e-008 2.37438e-007 -6.63692e-018 1.55354e-007 1.55354e-007
3.24 5.04456e-008 2.37438e-007 -7.02749e-018 1.55354e-007 1.55354e-007
3.25 5.04456e-008 2.37438e-007 -1.24524e-017 1.55354e-007 1.55354e-007
3.26 5.04456e-008 2.37438e-007 -1.33616e-017 1.55354e-007 1.55354e-007
3.27 5.04456e-008 2.37438e-007 2.36868e-018 1.55354e-007 1.55354e-007
3.28 5.04456e-008 2.37438e-007 -1.1628e-017 1.55354e-007 1.55354e-007
3.29 5.04456e-008 2.37438e-007 8.98347e-018 1.55354e-007 1.55354e-007
3.3 5.04456e-008 2.37438e-007 -7.21105e-018 1.55354e-007 1.55354e-007
3.31 5.04456e-008 2.37438e-007 6.07997e-018 1.55354e-007 1.55354e-007
3.32 5.04456e-008 2.37438e-007 -5.69128e-018 1.55354e-007 1.55354e-007
3.33 5.04456e-008 2.37438e-007 2.68369e-018 1.55354e-007 1.55354e-007
3.34 5.04456e-008 2.37438e-007 -8.85129e-019 1.55354e-007 1.55354e-007
3.35 5.04456e-008 2.37438e-007 -7.43857e-019 1.55354e-007 1.55354e-007
3.36 5.04456e-008 2.37438e-007 -2.84527e-018 1.55354e-007 1.55354e-007
3.37 5.04456e-008 2.37438e-007 -2.31517e-018 1.55354e-007 1.55354e-007
3.38 5.04456e-008 2.37438e-007 -7.93642e-019 1.55354e-007 1.55354e-007
3.39 5.04456e-008 2.37438e-007 -4.71955e-018 1.55354e-007 1.55354e-007
3.4 5.04456e-008 2.37438e-007 -1.37744e-017 1.55354e-007 1.55354e-007
3.41 5.04456e-008 2.37438e-007 -7.34367e-018 1.55354e-007 1.55354e-007
3.42 5.04456e-008 2.37438e-007 -6.8945e-018 1.55354e-007 1.55354e-007
3.43 5.04456e-008 2.37438e-007 -5.21171e-018 1.55354e-007 1.55354e-007
3.44 5.04456e-008 2.37438e-007 1.19478e-018 1.55354e-007 1.55354e-007
3.45 5.04456e-008 2.37438e-007 -6.5982e-018 1.55354e-007 1.55354e-007
3.46 5.04456e-008 2.37438e-007 -6.4731e-018 1.55354e-007 1.55354e-007
3.47 5.04456e-008 2.37438e-007 -6.87465e-018 1.55354e-007 1.55354e-007
3.48 5.04456e-008 2.37438e-007 -6.5202e-018 1.55354e-007 1.55354e-007
3.49 5.04456e-008 2.37438e-007 -6.52356e-018 1.55354e-007 1.55354e-007
3.5 5.04456e-008 2.37438e-007 -9.65168e-018 1.55354e-007 1.55354e-007
3.51 5.04456e-008 2.37438e-007 -1.53763e-017 1.55354e-007 1.55354e-007
3.52 5.04456e-008 2.37438e-007 -7.29532e-018 1.55354e-007 1.55354e-007
3.53 5.04456e-008 2.37438e-007 -5.83496e-018 1.55354e-007 1.55354e-007
3.54 5.04456e-008 2.37438e-007 -7.08054e-018 1.55354e-007 1.55354e-007
3.55 5.04456e-008 2.37438e-007 -5.96372e-018 1.55354e-007 1.55354e-007
3.56 5.04456e-008 2.37438e-007 -2.65063e-018 1.55354e-007 1.55354e-007
3.57 5.04456e-008 2.37438e-007 -6.51707e-018 1.55354e-007 1.55354e-007
3.58 5.04456e-008 2.37438e-007 -6.32863e-019 1.55354e-007 1.55354e-007
3.59 5.04456e-008 2.37438e-007 -1.35271e-018 1.55354e-007 1.55354e-007
3.6 5.04456e-008 2.37438e-007 7.25293e-020 1.55354e-007 1.55354e-007
3.61 5.04456e-008 2.37438e-007 -3.48349e-018 1.55354e-007 1.55354e-007
3.62 5.04456e-008 2.37438e-007 -5.00315e-018 1.55354e-007 1.55354e-007
3.63 5.04456e-008 2.37438e-007 -4.85919e-018 1.55354e-007 1.55354e-007
3.64 5.04456e-008 2.37438e-007 -6.09478e-018 1.55354e-007 1.55354e-007
3.65 5.04456e-008 2.37438e-007 -3.55158e-018 1.55354e-007 1.55354e-007
3.66 5.04456e-008 2.37438e-007 -6.70876e-018 1.55354e-007 1.55354e-007
3.67 5.04456e-008 2.37438e-007 -4.38122e-018 1.55354e-007 1.55354e-007
3.68 5.04456e-008 2.37438e-007 -7.4086e-018 1.55354e-007 1.55354e-007
3.69 5.04456e-008 2.37438e-007 -6.76907e-018 1.55354e-007 1.55354e-007
3.7 5.04456e-008 2.37438e-007 -4.46486e-018 1.55354e-007 1.55354e-007
3.71 5.04456e-008 2.37438e-007 -4.62553e-018 1.55354e-007 1.55354e-007
3.72 5.04456e-008 2.37438e-007 -5.42597e-018 1.55354e-007 1.55354e-007
3.73 5.04456e-008 2.37438e-007 -1.03681e-018 1.55354e-007 1.55354e-007
3.74 5.04456e-008 2.37438e-007 -9.32719e-019 1.55354e-007 1.55354e-007
3.75 5.04456e-008 2.37438e-007 -6.38356e-018 1.55354e-007 1.55354e-007
3.76 5.04456e-008 2.37438e-007 -1.29091e-019 1.55354e-007 1.55354e-007
3.77 5.04456e-008 2.37438e-007 -2.1733e-018 1.55354e-007 1.55354e-007
3.78 5.04456e-008 2.37438e-007 -2.91286e-018 1.55354e-007 1.55354e-007
3.79 5.04456e-008 2.37438e-007 -3.9447e-018 1.55354e-007 1.55354e-007
3.8 5.04456e-008 2.37438e-007 -3.06678e-018 1.55354e-007 1.55354e-007
3.81 5.04456e-008 2.37438e-007 -3.30952e-018 1.55354e-007 1.55354e-007
3.82 5.04456e-008 2.37438e-007 -3.0634e-018 1.55354e-007 1.55354e-007
3.83 5.04456e-008 2.37438e-007 -2.79383e-018 1.55354e-007 1.55354e-007
3.84 5.04456e-008 2.37438e-007 -3.63085e-018 1.55354e-007 1.55354e-007
3.85 5.04456e-008 2.37438e-007 -1.96427e-018 1.55354e-007 1.55354e-007
3.86 5.04456e-008 2.37438e-007 -7.39646e-018 1.55354e-007 1.55354e-007
3.87 5.04456e-008 2.37438e-007 -4.38596e-019 1.55354e-007 1.55354e-007
3.88 5.04456e-008 2.37438e-007 -5.3644e-018 1.55354e-007 1.55354e-007
3.89 5.04456e-008 2.37438e-007 -4.09411e-018 1.55354e-007 1.55354e-007
3.9 5.04456e-008 2.37438e-007 -4.0736e-018 1.55354e-007 1.55354e-007
3.91 5.04456e-008 2.37438e-007 -4.23293e-018 1.55354e-007 1.55354e-007
3.92 5.04456e-008 2.37438e-007 -4.87951e-018 1.55354e-007 1.55354e-007
3.93 5.04456e-008 2.37438e-007 -5.91126e-018 1.55354e-007 1.55354e-007
3.94 5.04456e-008 2.37438e-007 -1.51201e-018 1.55354e-007 1.55354e-007
3.95 5.04456e-008 2.37438e-007 -8.6648e-018 1.55354e-007 1.55354e-007
3.96 5.04456e-008 2.37438e-007 1.74445e-018 1.55354e-007 1.55354e-007
3.97 5.04456e-008 2.37438e-007 -1.27884e-017 1.55354e-007 1.55354e-007
3.98 5.04456e-008 2.37438e-007 1.08697e-018 1.55354e-007 1.55354e-007
3.99 5.04456e-008 2.37438e-007 -7.96902e-018 1.55354e-007 1.55354e-007
4 5.04456e-008 2.37438e-007 4.3272e-018 1.55354e-007 1.55354e-007
4.01 5.04456e-008 2.37438e-007 -5.36618e-019 1.55354e-007 1.55354e-007
4.02 5.04456e-008 2.37438e-007 -1.06822e-018 1.55354e-007 1.55354e-007
4.03 5.04456e-008 2.37438e-007 -1.94211e-018 1.55354e-007 1.55354e-007
4.04 5.04456e-008 2.37438e-007 -1.61213e-018 1.55354e-007 1.55354e-007
4.05 5.04456e-008 2.37438e-007 -1.61825e-018 1.55354e-007 1.55354e-007
4.06 5.04456e-008 2.37438e-007 -2.50047e-018 1.55354e-007 1.55354e-007
4.07 5.04456e-008 2.37438e-007 -3.39846e-018 1.55354e-007 1.55354e-007
4.08 5.04456e-008 2.37438e-007 1.22906e-019 1.55354e-007 1.55354e-007
4.09 5.04456e-008 2.37438e-007 -7.43948e-019 1.55354e-007 1.55354e-007
4.1 5.04456e-008 2.37438e-007 -1.02649e-018 1.55354e-007 1.55354e-007
4.11 5.04456e-008 2.37438e-007 -1.55606e-018 1.55354e-007 1.55354e-007
4.12 5.04456e-008 2.37438e-007 -4.67349e-019 1.55354e-007 1.55354e-007
4.13 5.04456e-008 2.37438e-007 -1.37912e-018 1.55354e-007 1.55354e-007
4.14 5.04456e-008 2.37438e-007 1.86595e-018 1.55354e-007 1.55354e-007
4.15 5.04456e-008 2.37438e-007 1.53608e-018 1.55354e-007 1.55354e-007
4.16 5.04456e-008 2.37438e-007 3.24398e-019 1.55354e-007 1.55354e-007
4.17 5.04456e-008 2.37438e-007 1.10137e-018 1.55354e-007 1.55354e-007
4.18 5.04456e-008 2.37438e-007 -1.70657e-018 1.55354e-007 1.55354e-007
4.19 5.04456e-008 2.37438e-007 -1.36384e-018 1.55354e-007 1.55354e-007
4.2 5.04456e-008 2.37438e-007 -1.59787e-018 1.55354e-007 1.55354e-007
4.21 5.04456e-008 2.37438e-007 -1.19141e-017 1.55354e-007 1.55354e-007
4.22 5.04456e-008 2.37438e-007 -2.25599e-018 1.55354e-007 1.55354e-007
4.23 5.04456e-008 2.37438e-007 1.93462e-018 1.55354e-007 1.55354e-007
4.24 5.04456e-008 2.37438e-007 2.4409e-018 1.55354e-007 1.55354e-007
4.25 5.04456e-008 2.37438e-007 -6.04191e-018 1.55354e-007 1.55354e-007
4.26 5.04456e-008 2.37438e-007 -1.10712e-018 1.55354e-007 1.55354e-007
4.27 5.04456e-008 2.37438e-007 -6.50783e-018 1.55354e-007 1.55354e-007
4.28 5.04456e-008 2.37438e-007 -2.78546e-018 1.55354e-007 1.55354e-007
4.29 5.04456e-008 2.37438e-007 -4.64939e-018 1.55354e-007 1.55354e-007
4.3 5.04456e-008 2.37438e-007 -7.85268e-018 1.55354e-007 1.55354e-007
4.31 5.04456e-008 2.37438e-007 -6.74677e-018 1.55354e-007 1.55354e-007
4.32 5.04456e-008 2.37438e-007 -8.61732e-018 1.55354e-007 1.55354e-007
4.33 5.04456e-008 2.37438e-007 -8.03647e-018 1.55354e-007 1.55354e-007
4.34 5.04456e-008 2.37438e-007 -3.58372e-018 1.55354e-007 1.55354e-007
4.35 5.04456e-008 2.37438e-007 -5.46718e-018 1.55354e-007 1.55354e-007
4.36 5.04456e-008 2.37438e-007 -6.14339e-018 1.55354e-007 1.55354e-007
4.37 5.04456e-008 2.37438e-007 -6.66064e-018 1.55354e-007 1.55354e-007
4.38 5.04456e-008 2.37438e-007 -7.143e-018 1.55354e-007 1.55354e-007
4.39 5.04456e-008 2.37438e-007 -6.33136e-018 1.55354e-007 1.55354e-007
4.4 5.04456e-008 2.37438e-007 -5.79364e-018 1.55354e-007 1.55354e-007
4.41 5.04456e-008 2.37438e-007 -4.35067e-018 1.55354e-007 1.55354e-007
4.42 5.04456e-008 2.37438e-007 -6.06555e-018 1.55354e-007 1.55354e-007
4.43 5.04456e-008 2.37438e-007 -3.00314e-018 1.55354e-007 1.55354e-007
4.44 5.04456e-008 2.37438e-007 -7.10753e-018 1.55354e-007 1.55354e-007
4.45 5.04456e-008 2.37438e-007 -1.54712e-018 1.55354e-007 1.55354e-007
4.46 5.04456e-008 2.37438e-007 -3.344e-018 1.55354e-007 1.55354e-007
4.47 5.04456e-008 2.37438e-007 -3.8521e-018 1.55354e-007 1.55354e-007
4.48 5.04456e-008 2.37438e-007 -4.90003e-018 1.55354e-007 1.55354e-007
4.49 5.04456e-008 2.37438e-007 -6.77747e-018 1.55354e-007 1.55354e-007
4.5 5.04456e-008 2.37438e-007 -4.43571e-018 1.55354e-007 1.55354e-007
4.51 5.04456e-008 2.37438e-007 -5.80632e-018 1.55354e-007 1.55354e-007
4.52 5.04456e-008 2.37438e-007 -3.72219e-018 1.55354e-007 1.55354e-007
4.53 5.04456e-008 2.37438e-007 -5.04918e-018 1.55354e-007 1.55354e-007
4.54 5.04456e-008 2.37438e-007 -4.9091e-018 1.55354e-007 1.55354e-007
4.55 5.04456e-008 2.37438e-007 -4.64084e-018 1.55354e-007 1.55354e-007
4.56 5.04456e-008 2.37438e-007 -4.99584e-018 1.55354e-007 1.55354e-007
4.57 5.04456e-008 2.37438e-007 -4.72056e-018 1.55354e-007 1.55354e-007
4.58 5.04456e-008 2.37438e-007 -4.37442e-018 1.55354e-007 1.55354e-007
4.59 5.04456e-008 2.37438e-007 -4.64057e-018 1.55354e-007 1.55354e-007
4.6 5.04456e-008 2.37438e-007 -3.8062e-018 1.55354e-007 1.55354e-007
4.61 5.04456e-008 2.37438e-007 -4.56027e-018 1.55354e-007 1.55354e-007
4.62 5.04456e-008 2.37438e-007 -4.07587e-018 1.55354e-007 1.55354e-007
4.63 5.04456e-008 2.37438e-007 -5.53585e-018 1.55354e-007 1.55354e-007
4.64 5.04456e-008 2.37438e-007 -1.86944e-018 1.55354e-007 1.55354e-007
4.65 5.04456e-008 2.37438e-007 -5.5144e-018 1.55354e-007 1.55354e-007
4.66 5.04456e-008 2.37438e-007 -6.63914e-018 1.55354e-007 1.55354e-007
4.67 5.04456e-008 2.37438e-007 -2.66e-018 1.55354e-007 1.55354e-007
4.68 5.04456e-008 2.37438e-007 -4.7783e-018 1.55354e-007 1.55354e-007
4.69 5.04456e-008 2.37438e-007 -2.72801e-018 1.55354e-007 1.55354e-007
4.7 5.04456e-008 2.37438e-007 -6.54514e-018 1.55354e-007 1.55354e-007
4.71 5.04456e-008 2.37438e-007 -4.81634e-018 1.55354e-007 1.55354e-007
4.72 5.04456e-008 2.37438e-007 -1.51955e-018 1.55354e-007 1.55354e-007
4.73 5.04456e-008 2.37438e-007 -5.40673e-018 1.55354e-007 1.55354e-007
4.74 5.04456e-008 2.37438e-007 -1.24147e-017 1.55354e-007 1.55354e-007
4.75 5.04456e-008 2.37438e-007 -1.60246e-019 1.55354e-007 1.55354e-007
4.76 5.04456e-008 2.37438e-007 -8.1805e-019 1.55354e-007 1.55354e-007
4.77 5.04456e-008 2.37438e-007 -2.00332e-018 1.55354e-007 1.55354e-007
4.78 5.04456e-008 2.37438e-007 -7.75887e-018 1.55354e-007 1.55354e-007
4.79 5.04456e-008 2.37438e-007 -8.49774e-018 1.55354e-007 1.55354e-007
4.8 5.04456e-008 2.37438e-007 -4.3907e-018 1.55354e-007 1.55354e-007
4.81 5.04456e-008 2.37438e-007 -6.36732e-018 1.55354e-007 1.55354e-007
4.82 5.04456e-008 2.37438e-007 -7.77776e-019 1.55354e-007 1.55354e-007
4.83 5.04456e-008 2.37438e-007 -6.27969e-018 1.55354e-007 1.55354e-007
4.84 5.04456e-008 2.37438e-007 -6.44629e-019 1.55354e-007 1.55354e-007
4.85 5.04456e-008 2.37438e-007 -1.01504e-017 1.55354e-007 1.55354e-007
4.86 5.04456e-008 2.37438e-007 -8.97949e-019 1.55354e-007 1.55354e-007
4.87 5.04456e-008 2.37438e-007 -1.0413e-017 1.55354e-007 1.55354e-007
4.88 5.04456e-008 2.37438e-007 5.3054e-020 1.55354e-007 1.55354e-007
4.89 5.04456e-008 2.37438e-007 -9.2997e-018 1.55354e-007 1.55354e-007
4.9 5.04456e-008 2.37438e-007 8.41141e-018 1.55354e-007 1.55354e-007
4.91 5.04456e-008 2.37438e-007 -2.04638e-017 1.55354e-007 1.55354e-007
4.92 5.04456e-008 2.37438e-007 8.92862e-018 1.55354e-007 1.55354e-007
4.93 5.04456e-008 2.37438e-007 -1.64368e-017 1.55354e-007 1.55354e-007
4.94 5.04456e-008 2.37438e-007 -1.03327e-017 1.55354e-007 1.55354e-007
4.95 5.04456e-008 2.37438e-007 -9.74242e-018 1.55354e-007 1.55354e-007
4.96 5.04456e-008 2.37438e-007 -7.25897e-018 1.55354e-007 1.55354e-007
4.97 5.04456e-008 2.37438e-007 -8.74852e-018 1.55354e-007 1.55354e-007
4.98 5.04456e-008 2.37438e-007 -7.77103e-018 1.55354e-007 1.55354e-007
4.99 5.04456e-008 2.37438e-007 -6.7671e-018 1.55354e-007 1.55354e-007
5 5.04456e-008 2.37438e-007 -8.33257e-018 1.55354e-007 1.55354e-007
5.01 5.04456e-008 2.37438e-007 -5.0541e-018 1.55354e-007 1.55354e-007
5.02 5.04456e-008 2.37438e-007 -9.76365e-018 1.55354e-007 1.55354e-007
5.03 5.04456e-008 2.37438e-007 -3.51762e-018 1.55354e-007 1.55354e-007
5.04 5.04456e-008 2.37438e-007 -1.19396e-017 1.55354e-007 1.55354e-007
5.05 5.04456e-008 2.37438e-007 -8.79565e-019 1.55354e-007 1.55354e-007
5.06 5.04456e-008 2.37438e-007 -1.49898e-017 1.55354e-007 1.55354e-007
5.07 5.04456e-008 2.37438e-007 -2.82781e-018 1.55354e-007 1.55354e-007
5.08 5.04456e-008 2.37438e-007 -1.33007e-017 1.55354e-007 1.55354e-007
5.09 5.04456e-008 2.37438e-007 -5.60203e-018 1.55354e-007 1.55354e-007
5.1 5.04456e-008 2.37438e-007 -7.73701e-018 1.55354e-007 1.55354e-007
5.11 5.04456e-008 2.37438e-007 -6.74509e-018 1.55354e-007 1.55354e-007
5.12 5.04456e-008 2.37438e-007 -6.71539e-018 1.55354e-007 1.55354e-007
5.13 5.04456e-008 2.37438e-007 -8.63194e-018 1.55354e-007 1.55354e-007
5.14 5.04456e-008 2.37438e-007 -5.80018e-018 1.55354e-007 1.55354e-007
5.15 5.04456e-008 2.37438e-007 -1.00939e-017 1.55354e-007 1.55354e-007
5.16 5.04456e-008 2.37438e-007 -3.96487e-018 1.55354e-007 1.55354e-007
5.17 5.04456e-008 2.37438e-007 2.48737e-018 1.55354e-007 1.55354e-007
5.18 5.04456e-008 2.37438e-007 -7.81398e-018 1.55354e-007 1.55354e-007
5.19 5.04456e-008 2.37438e-007 -1.84112e-018 1.55354e-007 1.55354e-007
5.2 5.04456e-008 2.37438e-007 -5.52005e-018 1.55354e-007 1.55354e-007
5.21 5.04456e-008 2.37438e-007 -6.38943e-018 1.55354e-007 1.55354e-007
5.22 5.04456e-008 2.37438e-007 -5.7727e-018 1.55354e-007 1.55354e-007
5.23 5.04456e-008 2.37438e-007 -3.58034e-018 1.55354e-007 1.55354e-007
5.24 5.04456e-008 2.37438e-007 -4.4997e-018 1.55354e-007 1.55354e-007
5.25 5.04456e-008 2.37438e-007 -4.81403e-018 1.55354e-007 1.55354e-007
5.26 5.04456e-008 2.37438e-007 -4.50156e-018 1.55354e-007 1.55354e-007
5.27 5.04456e-008 2.37438e-007 -5.22698e-018 1.55354e-007 1.55354e-007
5.28 5.04456e-008 2.37438e-007 -4.1166e-018 1.55354e-007 1.55354e-007
5.29 5.04456e-008 2.37438e-007 -6.10027e-018 1.55354e-007 1.55354e-007
5.3 5.04456e-008 2.37438e-007 -5.15079e-018 1.55354e-007 1.55354e-007
5.31 5.04456e-008 2.37438e-007 -5.60529e-018 1.55354e-007 1.55354e-007
5.32 5.04456e-008 2.37438e-007 -5.2953e-018 1.55354e-007 1.55354e-007
5.33 5.04456e-008 2.37438e-007 -5.1429e-018 1.55354e-007 1.55354e-007
5.34 5.04456e-008 2.37438e-007 -5.90601e-018 1.55354e-007 1.55354e-007
5.35 5.04456e-008 2.37438e-007 -4.50419e-018 1.55354e-007 1.55354e-007
5.36 5.04456e-008 2.37438e-007 -4.59275e-018 1.55354e-007 1.55354e-007
5.37 5.04456e-008 2.37438e-007 -4.40042e-018 1.55354e-007 1.55354e-007
5.38 5.04456e-008 2.37438e-007 -4.42803e-018 1.55354e-007 1.55354e-007
5.39 5.04456e-008 2.37438e-007 -4.88711e-018 1.55354e-007 1.55354e-007
5.4 5.04456e-008 2.37438e-007 -4.57879e-018 1.55354e-007 1.55354e-007
5.41 5.04456e-008 2.37438e-007 -4.38781e-018 1.55354e-007 1.55354e-007
5.42 5.04456e-008 2.37438e-007 -4.20252e-018 1.55354e-007 1.55354e-007
5.43 5.04456e-008 2.37438e-007 -5.63871e-018 1.55354e-007 1.55354e-007
5.44 5.04456e-008 2.37438e-007 -3.68598e-018 1.55354e-007 1.55354e-007
5.45 5.04456e-008 2.37438e-007 -6.16674e-018 1.55354e-007 1.55354e-007
5.46 5.04456e-008 2.37438e-007 -3.19623e-018 1.55354e-007 1.55354e-007
5.47 5.04456e-008 2.37438e-007 -7.10846e-018 1.55354e-007 1.55354e-007
5.48 5.04456e-008 2.37438e-007 -3.66572e-018 1.55354e-007 1.55354e-007
5.49 5.04456e-008 2.37438e-007 -5.07181e-018 1.55354e-007 1.55354e-007
5.5 5.04456e-008 2.37438e-007 -4.75041e-018 1.55354e-007 1.55354e-007
5.51 5.04456e-008 2.37438e-007 -5.34402e-018 1.55354e-007 1.55354e-007
5.52 5.04456e-008 2.37438e-007 -4.89879e-018 1.55354e-007 1.55354e-007
5.53 5.04456e-008 2.37438e-007 -4.95026e-018 1.55354e-007 1.55354e-007
5.54 5.04456e-008 2.37438e-007 -4.99916e-018 1.55354e-007 1.55354e-007
5.55 5.04456e-008 2.37438e-007 -5.56442e-018 1.55354e-007 1.55354e-007
5.56 5.04456e-008 2.37438e-007 -5.59691e-018 1.55354e-007 1.55354e-007
5.57 5.04456e-008 2.37438e-007 -5.22389e-018 1.55354e-007 1.55354e-007
5.58 5.04456e-008 2.37438e-007 -4.57198e-018 1.55354e-007 1.55354e-007
5.59 5.04456e-008 2.37438e-007 -5.55875e-018 1.55354e-007 1.55354e-007
5.6 5.04456e-008 2.37438e-007 -4.74589e-018 1.55354e-007 1.55354e-007
5.61 5.04456e-008 2.37438e-007 -4.28043e-018 1.55354e-007 1.55354e-007
5.62 5.04456e-008 2.37438e-007 -5.78984e-018 1.55354e-007 1.55354e-007
5.63 5.04456e-008 2.37438e-007 -4.33617e-018 1.55354e-007 1.55354e-007
5.64 5.04456e-008 2.37438e-007 -1.44029e-018 1.55354e-007 1.55354e-007
5.65 5.04456e-008 2.37438e-007 -5.38902e-018 1.55354e-007 1.55354e-007
5.66 5.04456e-008 2.37438e-007 -9.88233e-018 1.55354e-007 1.55354e-007
5.67 5.04456e-008 2.37438e-007 3.77688e-018 1.55354e-007 1.55354e-007
5.68 5.04456e-008 2.37438e-007 -1.24714e-017 1.55354e-007 1.55354e-007
5.69 5.04456e-008 2.37438e-007 4.86936e-018 1.55354e-007 1.55354e-007
5.7 5.04456e-008 2.37438e-007 -1.92862e-017 1.55354e-007 1.55354e-007
5.71 5.04456e-008 2.37438e-007 -4.53606e-018 1.55354e-007 1.55354e-007
5.72 5.04456e-008 2.37438e-007 -1.17663e-017 1.55354e-007 1.55354e-007
5.73 5.04456e-008 2.37438e-007 -4.43778e-018 1.55354e-007 1.55354e-007
5.74 5.04456e-008 2.37438e-007 -7.07049e-018 1.55354e-007 1.55354e-007
5.75 5.04456e-008 2.37438e-007 -5.82663e-018 1.55354e-007 1.55354e-007
5.76 5.04456e-008 2.37438e-007 -7.20181e-018 1.55354e-007 1.55354e-007
5.77 5.04456e-008 2.37438e-007 -6.6377e-018 1.55354e-007 1.55354e-007
5.78 5.04456e-008 2.37438e-007 -4.99064e-018 1.55354e-007 1.55354e-007
5.79 5.04456e-008 2.37438e-007 -6.73325e-018 1.55354e-007 1.55354e-007
5.8 5.04456e-008 2.37438e-007 -5.15901e-018 1.55354e-007 1.55354e-007
5.81 5.04456e-008 2.37438e-007 -8.40305e-018 1.55354e-007 1.55354e-007
5.82 5.04456e-008 2.37438e-007 -4.73216e-018 1.55354e-007 1.55354e-007
5.83 5.04456e-008 2.37438e-007 -7.92905e-018 1.55354e-007 1.55354e-007
5.84 5.04456e-008 2.37438e-007 -7.76704e-018 1.55354e-007 1.55354e-007
5.85 5.04456e-008 2.37438e-007 -6.42592e-018 1.55354e-007 1.55354e-007
5.86 5.04456e-008 2.37438e-007 -5.11909e-018 1.55354e-007 1.55354e-007
5.87 5.04456e-008 2.37438e-007 -7.1114e-018 1.55354e-007 1.55354e-007
5.88 5.04456e-008 2.37438e-007 -4.63327e-018 1.55354e-007 1.55354e-007
5.89 5.04456e-008 2.37438e-007 3.4099e-018 1.55354e-007 1.55354e-007
5.9 5.04456e-008 2.37438e-007 -1.41202e-017 1.55354e-007 1.55354e-007
5.91 5.04456e-008 2.37438e-007 2.54157e-018 1.55354e-007 1.55354e-007
5.92 5.04456e-008 2.37438e-007 -1.18878e-017 1.55354e-007 1.55354e-007
5.93 5.04456e-008 2.37438e-007 9.25288e-019 1.55354e-007 1.55354e-007
5.94 5.04456e-008 2.37438e-007 -9.3378e-018 1.55354e-007 1.55354e-007
5.95 5.04456e-008 2.37438e-007 -3.77168e-018 1.55354e-007 1.55354e-007
5.96 5.04456e-008 2.37438e-007 -8.00571e-018 1.55354e-007 1.55354e-007
5.97 5.04456e-008 2.37438e-007 -5.31143e-018 1.55354e-007 1.55354e-007
5.98 5.04456e-008 2.37438e-007 -6.98539e-018 1.55354e-007 1.55354e-007
5.99 5.04456e-008 2.37438e-007 -5.18739e-018 1.55354e-007 1.55354e-007
6 5.04456e-008 2.37438e-007 -6.83762e-018 1.55354e-007 1.55354e-007
6.01 5.04456e-008 2.37438e-007 -4.17887e-018 1.55354e-007 1.55354e-007
6.02 5.04456e-008 2.37438e-007 -1.62685e-018 1.55354e-007 1.55354e-007
6.03 5.04456e-008 2.37438e-007 -3.43308e-018 1.55354e-007 1.55354e-007
6.04 5.04456e-008 2.37438e-007 2.0498e-019 1.55354e-007 1.55354e-007
6.05 5.04456e-008 2.37438e-007 3.57189e-018 1.55354e-007 1.55354e-007
6.06 5.04456e-008 2.37438e-007 -3.10299e-018 1.55354e-007 1.55354e-007
6.07 5.04456e-008 2.37438e-007 -3.2184e-019 1.55354e-007 1.55354e-007
6.08 5.04456e-008 2.37438e-007 -4.58088e-019 1.55354e-007 1.55354e-007
6.09 5.04456e-008 2.37438e-007 -4.45794e-019 1.55354e-007 1.55354e-007
6.1 5.04456e-008 2.37438e-007 -1.26574e-018 1.55354e-007 1.55354e-007
6.11 5.04456e-008 2.37438e-007 3.45724e-019 1.55354e-007 1.55354e-007
6.12 5.04456e-008 2.37438e-007 -1.65805e-018 1.55354e-007 1.55354e-007
6.13 5.04456e-008 2.37438e-007 1.36259e-018 1.55354e-007 1.55354e-007
6.14 5.04456e-008 2.37438e-007 1.47274e-018 1.55354e-007 1.55354e-007
6.15 5.04456e-008 2.37438e-007 5.13012e-018 1.55354e-007 1.55354e-007
6.16 5.04456e-008 2.37438e-007 5.62635e-018 1.55354e-007 1.55354e-007
6.17 5.04456e-008 2.37438e-007 6.73499e-018 1.55354e-007 1.55354e-007
6.18 5.04456e-008 2.37438e-007 9.59262e-018 1.55354e-007 1.55354e-007
6.19 5.04456e-008 2.37438e-007 -1.86978e-018 1.55354e-007 1.55354e-007
6.2 5.04456e-008 2.37438e-007 8.76363e-019 1.55354e-007 1.55354e-007
6.21 5.04456e-008 2.37438e-007 1.35555e-019 1.55354e-007 1.55354e-007
6.22 5.04456e-008 2.37438e-007 4.92967e-019 1.55354e-007 1.55354e-007
6.23 5.04456e-008 2.37438e-007 -3.01125e-018 1.55354e-007 1.55354e-007
6.24 5.04456e-008 2.37438e-007 -7.04616e-018 1.55354e-007 1.55354e-007
6.25 5.04456e-008 2.37438e-007 -6.31132e-018 1.55354e-007 1.55354e-007
6.26 5.04456e-008 2.37438e-007 -2.27018e-018 1.55354e-007 1.55354e-007
6.27 5.04456e-008 2.37438e-007 -2.27613e-018 1.55354e-007 1.55354e-007
6.28 5.04456e-008 2.37438e-007 -4.16267e-018 1.55354e-007 1.55354e-007
6.29 5.04456e-008 2.37438e-007 -7.47918e-019 1.55354e-007 1.55354e-007
6.3 5.04456e-008 2.37438e-007 -2.10983e-018 1.55354e-007 1.55354e-007
6.31 5.04456e-008 2.37438e-007 -8.96383e-019 1.55354e-007 1.55354e-007
6.32 5.04456e-008 2.37438e-007 -1.98206e-019 1.55354e-007 1.55354e-007
6.33 5.04456e-008 2.37438e-007 -1.63172e-018 1.55354e-007 1.55354e-007
6.34 5.04456e-008 2.37438e-007 1.16171e-018 1.55354e-007 1.55354e-007
6.35 5.04456e-008 2.37438e-007 -3.78761e-019 1.55354e-007 1.55354e-007
6.36 5.04456e-008 2.37438e-007 4.935e-019 1.55354e-007 1.55354e-007
6.37 5.04456e-008 2.37438e-007 -3.76599e-019 1.55354e-007 1.55354e-007
6.38 5.04456e-008 2.37438e-007 1.03247e-018 1.55354e-007 1.55354e-007
6.39 5.04456e-008 2.37438e-007 5.45408e-019 1.55354e-007 1.55354e-007
6.4 5.04456e-008 2.37438e-007 6.53072e-019 1.55354e-007 1.55354e-007
6.41 5.04456e-008 2.37438e-007 2.89287e-019 1.55354e-007 1.55354e-007
6.42 5.04456e-008 2.37438e-007 5.22081e-019 1.55354e-007 1.55354e-007
6.43 5.04456e-008 2.37438e-007 4.22626e-018 1.55354e-007 1.55354e-007
6.44 5.04456e-008 2.37438e-007 5.37272e-018 1.55354e-007 1.55354e-007
6.45 5.04456e-008 2.37438e-007 3.13704e-018 1.55354e-007 1.55354e-007
6.46 5.04456e-008 2.37438e-007 1.43598e-018 1.55354e-007 1.55354e-007
6.47 5.04456e-008 2.37438e-007 1.12365e-018 1.55354e-007 1.55354e-007
6.48 5.04456e-008 2.37438e-007 -1.68826e-018 1.55354e-007 1.55354e-007
6.49 5.04456e-008 2.37438e-007 -9.57497e-019 1.55354e-007 1.55354e-007
6.5 5.04456e-008 2.37438e-007 1.99452e-019 1.55354e-007 1.55354e-007
6.51 5.04456e-008 2.37438e-007 4.3044e-018 1.55354e-007 1.55354e-007
6.52 5.04456e-008 2.37438e-007 2.50928e-018 1.55354e-007 1.55354e-007
6.53 5.04456e-008 2.37438e-007 -1.5343e-018 1.55354e-007 1.55354e-007
6.54 5.04456e-008 2.37438e-007 -5.41148e-018 1.55354e-007 1.55354e-007
6.55 5.04456e-008 2.37438e-007 3.38349e-018 1.55354e-007 1.55354e-007
6.56 5.04456e-008 2.37438e-007 -2.82037e-018 1.55354e-007 1.55354e-007
6.57 5.04456e-008 2.37438e-007 -1.2718e-017 1.55354e-007 1.55354e-007
6.58 5.04456e-008 2.37438e-007 2.50017e-018 1.55354e-007 1.55354e-007
6.59 5.04456e-008 2.37438e-007 5.61081e-018 1.55354e-007 1.55354e-007
6.6 5.04456e-008 2.37438e-007 -1.70957e-018 1.55354e-007 1.55354e-007
6.61 5.04456e-008 2.37438e-007 -2.65881e-020 1.55354e-007 1.55354e-007
6.62 5.04456e-008 2.37438e-007 5.13687e-018 1.55354e-007 1.55354e-007
6.63 5.04456e-008 2.37438e-007 1.16343e-017 1.55354e-007 1.55354e-007
6.64 5.04456e-008 2.37438e-007 -2.65517e-018 1.55354e-007 1.55354e-007
6.65 5.04456e-008 2.37438e-007 6.33509e-018 1.55354e-007 1.55354e-007
6.66 5.04456e-008 2.37438e-007 -3.05509e-018 1.55354e-007 1.55354e-007
6.67 5.04456e-008 2.37438e-007 1.9591e-018 1.55354e-007 1.55354e-007
6.68 5.04456e-008 2.37438e-007 8.74355e-019 1.55354e-007 1.55354e-007
6.69 5.04456e-008 2.37438e-007 4.88826e-019 1.55354e-007 1.55354e-007
6.7 5.04456e-008 2.37438e-007 2.24006e-018 1.55354e-007 1.55354e-007
6.71 5.04456e-008 2.37438e-007 1.13679e-018 1.55354e-007 1.55354e-007
6.72 5.04456e-008 2.37438e-007 6.18964e-019 1.55354e-007 1.55354e-007
6.73 5.04456e-008 2.37438e-007 1.11057e-018 1.55354e-007 1.55354e-007
6.74 5.04456e-008 2.37438e-007 5.25724e-019 1.55354e-007 1.55354e-007
6.75 5.04456e-008 2.37438e-007 7.31404e-019 1.55354e-007 1.55354e-007
6.76 5.04456e-008 2.37438e-007 1.21479e-018 1.55354e-007 1.55354e-007
6.77 5.04456e-008 2.37438e-007 9.09445e-019 1.55354e-007 1.55354e-007
6.78 5.04456e-008 2.37438e-007 9.87481e-019 1.55354e-007 1.55354e-007
6.79 5.04456e-008 2.37438e-007 1.13601e-018 1.55354e-007 1.55354e-007
6.8 5.04456e-008 2.37438e-007 1.14503e-018 1.55354e-007 1.55354e-007
6.81 5.04456e-008 2.37438e-007 9.2925e-019 1.55354e-007 1.55354e-007
6.82 5.04456e-008 2.37438e-007 1.1959e-018 1.55354e-007 1.55354e-007
6.83 5.04456e-008 2.37438e-007 -2.14573e-019 1.55354e-007 1.55354e-007
6.84 5.04456e-008 2.37438e-007 1.58111e-018 1.55354e-007 1.55354e-007
6.85 5.04456e-008 2.37438e-007 1.03591e-018 1.55354e-007 1.55354e-007
6.86 5.04456e-008 2.37438e-007 1.27703e-019 1.55354e-007 1.55354e-007
6.87 5.04456e-008 2.37438e-007 1.14619e-018 1.55354e-007 1.55354e-007
6.88 5.04456e-008 2.37438e-007 8.9724e-019 1.55354e-007 1.55354e-007
6.89 5.04456e-008 2.37438e-007 1.17947e-019 1.55354e-007 1.55354e-007
6.9 5.04456e-008 2.37438e-007 -1.07003e-017 1.55354e-007 1.55354e-007
6.91 5.04456e-008 2.37438e-007 1.42753e-018 1.55354e-007 1.55354e-007
6.92 5.04456e-008 2.37438e-007 -4.18421e-018 1.55354e-007 1.55354e-007
6.93 5.04456e-008 2.37438e-007 -4.1542e-018 1.55354e-007 1.55354e-007
6.94 5.04456e-008 2.37438e-007 -3.64896e-018 1.55354e-007 1.55354e-007
6.95 5.04456e-008 2.37438e-007 -4.38048e-018 1.55354e-007 1.55354e-007
6.96 5.04456e-008 2.37438e-007 -9.32271e-018 1.55354e-007 1.55354e-007
6.97 5.04456e-008 2.37438e-007 1.51949e-018 1.55354e-007 1.55354e-007
6.98 5.04456e-008 2.37438e-007 -5.38404e-018 1.55354e-007 1.55354e-007
6.99 5.04456e-008 2.37438e-007 -1.37552e-017 1.55354e-007 1.55354e-007
7 5.04456e-008 2.37438e-007 3.78259e-018 1.55354e-007 1.55354e-007
7.01 5.04456e-008 2.37438e-007 -6.03023e-018 1.55354e-007 1.55354e-007
7.02 5.04456e-008 2.37438e-007 -2.89067e-019 1.55354e-007 1.55354e-007
7.03 5.04456e-008 2.37438e-007 -2.31606e-018 1.55354e-007 1.55354e-007
7.04 5.04456e-008 2.37438e-007 -1.76341e-018 1.55354e-007 1.55354e-007
7.05 5.04456e-008 2.37438e-007 -8.99187e-019 1.55354e-007 1.55354e-007
7.06 5.04456e-008 2.37438e-007 -5.38619e-019 1.55354e-007 1.55354e-007
7.07 5.04456e-008 2.37438e-007 1.42759e-018 1.55354e-007 1.55354e-007
7.08 5.04456e-008 2.37438e-007 1.45049e-018 1.55354e-007 1.55354e-007
7.09 5.04456e-008 2.37438e-007 4.32848e-018 1.55354e-007 1.55354e-007
7.1 5.04456e-008 2.37438e-007 1.2874e-019 1.55354e-007 1.55354e-007
7.11 5.04456e-008 2.37438e-007 -1.63975e-018 1.55354e-007 1.55354e-007
7.12 5.04456e-008 2.37438e-007 -5.66789e-018 1.55354e-007 1.55354e-007
7.13 5.04456e-008 2.37438e-007 -3.89688e-018 1.55354e-007 1.55354e-007
7.14 5.04456e-008 2.37438e-007 -2.10667e-018 1.55354e-007 1.55354e-007
7.15 5.04456e-008 2.37438e-007 -8.85649e-018 1.55354e-007 1.55354e-007
7.16 5.04456e-008 2.37438e-007 -1.02008e-017 1.55354e-007 1.55354e-007
7.17 5.04456e-008 2.37438e-007 -1.31258e-017 1.55354e-007 1.55354e-007
7.18 5.04456e-008 2.37438e-007 3.60937e-018 1.55354e-007 1.55354e-007
7.19 5.04456e-008 2.37438e-007 2.09418e-018 1.55354e-007 1.55354e-007
7.2 5.04456e-008 2.37438e-007 -1.30708e-017 1.55354e-007 1.55354e-007
7.21 5.04456e-008 2.37438e-007 -4.57004e-018 1.55354e-007 1.55354e-007
7.22 5.04456e-008 2.37438e-007 -2.94828e-018 1.55354e-007 1.55354e-007
7.23 5.04456e-008 2.37438e-007 -1.46218e-018 1.55354e-007 1.55354e-007
7.24 5.04456e-008 2.37438e-007 -1.37391e-017 1.55354e-007 1.55354e-007
7.25 5.04456e-008 2.37438e-007 -1.92983e-018 1.55354e-007 1.55354e-007
7.26 5.04456e-008 2.37438e-007 -3.4931e-018 1.55354e-007 1.55354e-007
7.27 5.04456e-008 2.37438e-007 -5.51746e-018 1.55354e-007 1.55354e-007
7.28 5.04456e-008 2.37438e-007 -1.46899e-018 1.55354e-007 1.55354e-007
7.29 5.04456e-008 2.37438e-007 1.06184e-018 1.55354e-007 1.55354e-007
7.3 5.04456e-008 2.37438e-007 -2.70126e-018 1.55354e-007 1.55354e-007
7.31 5.04456e-008 2.37438e-007 -3.6098e-018 1.55354e-007 1.55354e-007
7.32 5.04456e-008 2.37438e-007 -1.29872e-019 1.55354e-007 1.55354e-007
7.33 5.04456e-008 2.37438e-007 -2.94924e-018 1.55354e-007 1.55354e-007
7.34 5.04456e-008 2.37438e-007 -3.21104e-018 1.55354e-007 1.55354e-007
7.35 5.04456e-008 2.37438e-007 -4.34299e-018 1.55354e-007 1.55354e-007
7.36 5.04456e-008 2.37438e-007 -5.86578e-018 1.55354e-007 1.55354e-007
7.37 5.04456e-008 2.37438e-007 -5.91264e-018 1.55354e-007 1.55354e-007
7.38 5.04456e-008 2.37438e-007 -5.07198e-018 1.55354e-007 1.55354e-007
7.39 5.04456e-008 2.37438e-007 -4.18055e-018 1.55354e-007 1.55354e-007
7.4 5.04456e-008 2.37438e-007 -4.00744e-018 1.55354e-007 1.55354e-007
7.41 5.04456e-008 2.37438e-007 -3.94748e-018 1.55354e-007 1.55354e-007
7.42 5.04456e-008 2.37438e-007 -2.90068e-018 1.55354e-007 1.55354e-007
7.43 5.04456e-008 2.37438e-007 -3.1758e-018 1.55354e-007 1.55354e-007
7.44 5.04456e-008 2.37438e-007 -3.35933e-018 1.55354e-007 1.55354e-007
7.45 5.04456e-008 2.37438e-007 -3.27278e-018 1.55354e-007 1.55354e-007
7.46 5.04456e-008 2.37438e-007 -4.06434e-018 1.55354e-007 1.55354e-007
7.47 5.04456e-008 2.37438e-007 -3.73479e-018 1.55354e-007 1.55354e-007
7.48 5.04456e-008 2.37438e-007 -3.10912e-018 1.55354e-007 1.55354e-007
7.49 5.04456e-008 2.37438e-007 -2.48526e-018 1.55354e-007 1.55354e-007
7.5 5.04456e-008 2.37438e-007 -2.5235e-018 1.55354e-007 1.55354e-007
7.51 5.04456e-008 2.37438e-007 -4.63033e-019 1.55354e-007 1.55354e-007
7.52 5.04456e-008 2.37438e-007 -3.96202e-018 1.55354e-007 1.55354e-007
7.53 5.04456e-008 2.37438e-007 1.3838e-018 1.55354e-007 1.55354e-007
7.54 5.04456e-008 2.37438e-007 -7.32124e-018 1.55354e-007 1.55354e-007
7.55 5.04456e-008 2.37438e-007 2.92146e-018 1.55354e-007 1.55354e-007
7.56 5.04456e-008 2.37438e-007 -1.00664e-017 1.55354e-007 1.55354e-007
7.57 5.04456e-008 2.37438e-007 7.74132e-018 1.55354e-007 1.55354e-007
7.58 5.04456e-008 2.37438e-007 -7.24586e-018 1.55354e-007 1.55354e-007
7.59 5.04456e-008 2.37438e-007 6.475e-018 1.55354e-007 1.55354e-007
7.6 5.04456e-008 2.37438e-007 -9.01303e-019 1.55354e-007 1.55354e-007
7.61 5.04456e-008 2.37438e-007 -4.29686e-018 1.55354e-007 1.55354e-007
7.62 5.04456e-008 2.37438e-007 -5.43212e-019 1.55354e-007 1.55354e-007
7.63 5.04456e-008 2.37438e-007 -4.62697e-018 1.55354e-007 1.55354e-007
7.64 5.04456e-008 2.37438e-007 1.39458e-018 1.55354e-007 1.55354e-007
7.65 5.04456e-008 2.37438e-007 -7.21812e-018 1.55354e-007 1.55354e-007
7.66 5.04456e-008 2.37438e-007 3.46971e-018 1.55354e-007 1.55354e-007
7.67 5.04456e-008 2.37438e-007 -1.2568e-017 1.55354e-007 1.55354e-007
7.68 5.04456e-008 2.37438e-007 4.30273e-018 1.55354e-007 1.55354e-007
7.69 5.04456e-008 2.37438e-007 -1.04316e-017 1.55354e-007 1.55354e-007
7.7 5.04456e-008 2.37438e-007 1.66714e-018 1.55354e-007 1.55354e-007
7.71 5.04456e-008 2.37438e-007 -1.18701e-017 1.55354e-007 1.55354e-007
7.72 5.04456e-008 2.37438e-007 -7.15012e-019 1.55354e-007 1.55354e-007
7.73 5.04456e-008 2.37438e-007 -1.80893e-017 1.55354e-007 1.55354e-007
7.74 5.04456e-008 2.37438e-007 -1.40082e-018 1.55354e-007 1.55354e-007
7.75 5.04456e-008 2.37438e-007 -2.02991e-017 1.55354e-007 1.55354e-007
7.76 5.04456e-008 2.37438e-007 -1.27431e-017 1.55354e-007 1.55354e-007
7.77 5.04456e-008 2.37438e-007 -1.18785e-017 1.55354e-007 1.55354e-007
7.78 5.04456e-008 2.37438e-007 -1.02549e-017 1.55354e-007 1.55354e-007
7.79 5.04456e-008 2.37438e-007 -7.54474e-018 1.55354e-007 1.55354e-007
7.8 5.04456e-008 2.37438e-007 2.34877e-018 1.55354e-007 1.55354e-007
7.81 5.04456e-008 2.37438e-007 -1.70995e-017 1.55354e-007 1.55354e-007
7.82 5.04456e-008 2.37438e-007 1.05715e-018 1.55354e-007 1.55354e-007
7.83 5.04456e-008 2.37438e-007 -1.95746e-017 1.55354e-007 1.55354e-007
7.84 5.04456e-008 2.37438e-007 4.10492e-018 1.55354e-007 1.55354e-007
7.85 5.04456e-008 2.37438e-007 -2.59901e-017 1.55354e-007 1.55354e-007
7.86 5.04456e-008 2.37438e-007 -4.33551e-018 1.55354e-007 1.55354e-007
7.87 5.04456e-008 2.37438e-007 -1.31259e-017 1.55354e-007 1.55354e-007
7.88 5.04456e-008 2.37438e-007 3.39123e-019 1.55354e-007 1.55354e-007
7.89 5.04456e-008 2.37438e-007 -1.94196e-017 1.55354e-007 1.55354e-007
7.9 5.04456e-008 2.37438e-007 4.8425e-018 1.55354e-007 1.55354e-007
7.91 5.04456e-008 2.37438e-007 -2.06385e-017 1.55354e-007 1.55354e-007
7.92 5.04456e-008 2.37438e-007 -1.5235e-017 1.55354e-007 1.55354e-007
7.93 5.04456e-008 2.37438e-007 -1.11564e-017 1.55354e-007 1.55354e-007
7.94 5.04456e-008 2.37438e-007 -1.97022e-017 1.55354e-007 1.55354e-007
7.95 5.04456e-008 2.37438e-007 -2.66402e-018 1.55354e-007 1.55354e-007
7.96 5.04456e-008 2.37438e-007 -2.32347e-017 1.55354e-007 1.55354e-007
7.97 5.04456e-008 2.37438e-007 -1.76509e-018 1.55354e-007 1.55354e-007
7.98 5.04456e-008 2.37438e-007 -2.13587e-017 1.55354e-007 1.55354e-007
7.99 5.04456e-008 2.37438e-007 -5.9249e-018 1.55354e-007 1.55354e-007
8 5.04456e-008 2.37438e-007 -2.55626e-017 1.55354e-007 1.55354e-007
8.01 5.04456e-008 2.37438e-007 1.03429e-018 1.55354e-007 1.55354e-007
8.02 5.04456e-008 2.37438e-007 -2.21629e-017 1.55354e-007 1.55354e-007
8.03 5.04456e-008 2.37438e-007 -7.33389e-018 1.55354e-007 1.55354e-007
8.04 5.04456e-008 2.37438e-007 -2.09928e-017 1.55354e-007 1.55354e-007
8.05 5.04456e-008 2.37438e-007 -8.08323e-018 1.55354e-007 1.55354e-007
8.06 5.04456e-008 2.37438e-007 -2.33602e-017 1.55354e-007 1.55354e-007
8.07 5.04456e-008 2.37438e-007 -8.93455e-018 1.55354e-007 1.55354e-007
8.08 5.04456e-008 2.37438e-007 -1.8749e-017 1.55354e-007 1.55354e-007
8.09 5.04456e-008 2.37438e-007 -1.49077e-017 1.55354e-007 1.55354e-007
8.1 5.04456e-008 2.37438e-007 -1.52542e-017 1.55354e-007 1.55354e-007
8.11 5.04456e-008 2.37438e-007 -9.31078e-018 1.55354e-007 1.55354e-007
8.12 5.04456e-008 2.37438e-007 -1.61284e-017 1.55354e-007 1.55354e-007
8.13 5.04456e-008 2.37438e-007 -1.88025e-017 1.55354e-007 1.55354e-007
8.14 5.04456e-008 2.37438e-007 -1.91705e-017 1.55354e-007 1.55354e-007
8.15 5.04456e-008 2.37438e-007 -1.4597e-017 1.55354e-007 1.55354e-007
8.16 5.04456e-008 2.37438e-007 -1.44954e-017 1.55354e-007 1.55354e-007
8.17 5.04456e-008 2.37438e-007 -9.53292e-018 1.55354e-007 1.55354e-007
8.18 5.04456e-008 2.37438e-007 -1.26717e-017 1.55354e-007 1.55354e-007
8.19 5.04456e-008 2.37438e-007 -1.63857e-017 1.55354e-007 1.55354e-007
8.2 5.04456e-008 2.37438e-007 -6.65141e-018 1.55354e-007 1.55354e-007
8.21 5.04456e-008 2.37438e-007 -1.96452e-017 1.55354e-007 1.55354e-007
8.22 5.04456e-008 2.37438e-007 -6.42343e-018 1.55354e-007 1.55354e-007
8.23 5.04456e-008 2.37438e-007 -1.64853e-017 1.55354e-007 1.55354e-007
8.24 5.04456e-008 2.37438e-007 -6.00997e-018 1.55354e-007 1.55354e-007
8.25 5.04456e-008 2.37438e-007 -2.04668e-017 1.55354e-007 1.55354e-007
8.26 5.04456e-008 2.37438e-007 -1.61022e-017 1.55354e-007 1.55354e-007
8.27 5.04456e-008 2.37438e-007 -1.88644e-017 1.55354e-007 1.55354e-007
8.28 5.04456e-008 2.37438e-007 -1.7953e-017 1.55354e-007 1.55354e-007
8.29 5.04456e-008 2.37438e-007 -1.09776e-017 1.55354e-007 1.55354e-007
8.3 5.04456e-008 2.37438e-007 -1.26404e-017 1.55354e-007 1.55354e-007
8.31 5.04456e-008 2.37438e-007 -1.68088e-017 1.55354e-007 1.55354e-007
8.32 5.04456e-008 2.37438e-007 -1.60539e-017 1.55354e-007 1.55354e-007
8.33 5.04456e-008 2.37438e-007 -1.51536e-017 1.55354e-007 1.55354e-007
8.34 5.04456e-008 2.37438e-007 -1.55583e-017 1.55354e-007 1.55354e-007
8.35 5.04456e-008 2.37438e-007 -1.64671e-017 1.55354e-007 1.55354e-007
8.36 5.04456e-008 2.37438e-007 -1.36514e-017 1.55354e-007 1.55354e-007
8.37 5.04456e-008 2.37438e-007 -1.59429e-017 1.55354e-007 1.55354e-007
8.38 5.04456e-008 2.37438e-007 -1.63675e-017 1.55354e-007 1.55354e-007
8.39 5.04456e-008 2.37438e-007 -1.60963e-017 1.55354e-007 1.55354e-007
8.4 5.04456e-008 2.37438e-007 -1.57011e-017 1.55354e-007 1.55354e-007
8.41 5.04456e-008 2.37438e-007 -1.65662e-017 1.55354e-007 1.55354e-007
8.42 5.04456e-008 2.37438e-007 -1.58562e-017 1.55354e-007 1.55354e-007
8.43 5.04456e-008 2.37438e-007 -1.58533e-017 1.55354e-007 1.55354e-007
8.44 5.04456e-008 2.37438e-007 -1.39873e-017 1.55354e-007 1.55354e-007
8.45 5.04456e-008 2.37438e-007 -1.45082e-017 1.55354e-007 1.55354e-007
8.46 5.04456e-008 2.37438e-007 -1.34765e-017 1.55354e-007 1.55354e-007
8.47 5.04456e-008 2.37438e-007 -1.6104e-017 1.55354e-007 1.55354e-007
8.48 5.04456e-008 2.37438e-007 -1.37546e-017 1.55354e-007 1.55354e-007
8.49 5.04456e-008 2.37438e-007 -1.44329e-017 1.55354e-007 1.55354e-007
8.5 5.04456e-008 2.37438e-007 -1.1622e-017 1.55354e-007 1.55354e-007
8.51 5.04456e-008 2.37438e-007 -1.3616e-017 1.55354e-007 1.55354e-007
8.52 5.04456e-008 2.37438e-007 -1.34129e-017 1.55354e-007 1.55354e-007
8.53 5.04456e-008 2.37438e-007 -3.67216e-018 1.55354e-007 1.55354e-007
8.54 5.04456e-008 2.37438e-007 5.18051e-019 1.55354e-007 1.55354e-007
8.55 5.04456e-008 2.37438e-007 -3.19864e-018 1.55354e-007 1.55354e-007
8.56 5.04456e-008 2.37438e-007 -6.25781e-018 1.55354e-007 1.55354e-007
8.57 5.04456e-008 2.37438e-007 -6.69391e-018 1.55354e-007 1.55354e-007
8.58 5.04456e-008 2.37438e-007 -3.71943e-018 1.55354e-007 1.55354e-007
8.59 5.04456e-008 2.37438e-007 -7.67468e-018 1.55354e-007 1.55354e-007
8.6 5.04456e-008 2.37438e-007 -4.30501e-018 1.55354e-007 1.55354e-007
8.61 5.04456e-008 2.37438e-007 -7.02807e-018 1.55354e-007 1.55354e-007
8.62 5.04456e-008 2.37438e-007 -1.1052e-018 1.55354e-007 1.55354e-007
8.63 5.04456e-008 2.37438e-007 -8.55307e-018 1.55354e-007 1.55354e-007
8.64 5.04456e-008 2.37438e-007 -7.94078e-019 1.55354e-007 1.55354e-007
8.65 5.04456e-008 2.37438e-007 -7.07687e-018 1.55354e-007 1.55354e-007
8.66 5.04456e-008 2.37438e-007 -8.91178e-018 1.55354e-007 1.55354e-007
8.67 5.04456e-008 2.37438e-007 -1.25122e-017 1.55354e-007 1.55354e-007
8.68 5.04456e-008 2.37438e-007 -6.97631e-018 1.55354e-007 1.55354e-007
8.69 5.04456e-008 2.37438e-007 -5.99643e-018 1.55354e-007 1.55354e-007
8.7 5.04456e-008 2.37438e-007 -6.99786e-018 1.55354e-007 1.55354e-007
8.71 5.04456e-008 2.37438e-007 -8.92412e-018 1.55354e-007 1.55354e-007
8.72 5.04456e-008 2.37438e-007 -1.04216e-017 1.55354e-007 1.55354e-007
8.73 5.04456e-008 2.37438e-007 -7.98474e-018 1.55354e-007 1.55354e-007
8.74 5.04456e-008 2.37438e-007 -1.05252e-017 1.55354e-007 1.55354e-007
8.75 5.04456e-008 2.37438e-007 -8.72982e-018 1.55354e-007 1.55354e-007
8.76 5.04456e-008 2.37438e-007 -9.12242e-018 1.55354e-007 1.55354e-007
8.77 5.04456e-008 2.37438e-007 -7.08756e-018 1.55354e-007 1.55354e-007
8.78 5.04456e-008 2.37438e-007 -1.27698e-017 1.55354e-007 1.55354e-007
8.79 5.04456e-008 2.37438e-007 -1.02954e-017 1.55354e-007 1.55354e-007
8.8 5.04456e-008 2.37438e-007 -1.12627e-017 1.55354e-007 1.55354e-007
8.81 5.04456e-008 2.37438e-007 -1.31189e-017 1.55354e-007 1.55354e-007
8.82 5.04456e-008 2.37438e-007 -1.21298e-017 1.55354e-007 1.55354e-007
8.83 5.04456e-008 2.37438e-007 -8.97568e-018 1.55354e-007 1.55354e-007
8.84 5.04456e-008 2.37438e-007 -9.24767e-018 1.55354e-007 1.55354e-007
8.85 5.04456e-008 2.37438e-007 -9.34876e-018 1.55354e-007 1.55354e-007
8.86 5.04456e-008 2.37438e-007 -3.18025e-018 1.55354e-007 1.55354e-007
8.87 5.04456e-008 2.37438e-007 -6.04148e-018 1.55354e-007 1.55354e-007
8.88 5.04456e-008 2.37438e-007 -5.92172e-018 1.55354e-007 1.55354e-007
8.89 5.04456e-008 2.37438e-007 -5.10082e-018 1.55354e-007 1.55354e-007
8.9 5.04456e-008 2.37438e-007 -5.67196e-018 1.55354e-007 1.55354e-007
8.91 5.04456e-008 2.37438e-007 -7.65591e-018 1.55354e-007 1.55354e-007
8.92 5.04456e-008 2.37438e-007 -7.52793e-018 1.55354e-007 1.55354e-007
8.93 5.04456e-008 2.37438e-007 -3.74665e-018 1.55354e-007 1.55354e-007
8.94 5.04456e-008 2.37438e-007 -3.10426e-018 1.55354e-007 1.55354e-007
8.95 5.04456e-008 2.37438e-007 -7.27993e-018 1.55354e-007 1.55354e-007
8.96 5.04456e-008 2.37438e-007 -7.5492e-018 1.55354e-007 1.55354e-007
8.97 5.04456e-008 2.37438e-007 -7.32847e-018 1.55354e-007 1.55354e-007
8.98 5.04456e-008 2.37438e-007 -7.67688e-018 1.55354e-007 1.55354e-007
8.99 5.04456e-008 2.37438e-007 -7.34245e-018 1.55354e-007 1.55354e-007
9 5.04456e-008 2.37438e-007 -7.82089e-018 1.55354e-007 1.55354e-007
9.01 5.04456e-008 2.37438e-007 -7.49877e-018 1.55354e-007 1.55354e-007
9.02 5.04456e-008 2.37438e-007 -7.64326e-018 1.55354e-007 1.55354e-007
9.03 5.04456e-008 2.37438e-007 -7.77947e-018 1.55354e-007 1.55354e-007
9.04 5.04456e-008 2.37438e-007 -7.70828e-018 1.55354e-007 1.55354e-007
9.05 5.04456e-008 2.37438e-007 -7.76707e-018 1.55354e-007 1.55354e-007
9.06 5.04456e-008 2.37438e-007 -7.86924e-018 1.55354e-007 1.55354e-007
9.07 5.04456e-008 2.37438e-007 -8.28682e-018 1.55354e-007 1.55354e-007
9.08 5.04456e-008 2.37438e-007 -7.88583e-018 1.55354e-007 1.55354e-007
9.09 5.04456e-008 2.37438e-007 -8.0114e-018 1.55354e-007 1.55354e-007
9.1 5.04456e-008 2.37438e-007 -7.89099e-018 1.55354e-007 1.55354e-007
9.11 5.04456e-008 2.37438e-007 -1.03925e-017 1.55354e-007 1.55354e-007
9.12 5.04456e-008 2.37438e-007 -1.63015e-017 1.55354e-007 1.55354e-007
9.13 5.04456e-008 2.37438e-007 -1.2047e-017 1.55354e-007 1.55354e-007
9.14 5.04456e-008 2.37438e-007 -8.78797e-018 1.55354e-007 1.55354e-007
9.15 5.04456e-008 2.37438e-007 -9.41651e-018 1.55354e-007 1.55354e-007
9.16 5.04456e-008 2.37438e-007 -9.81635e-018 1.55354e-007 1.55354e-007
9.17 5.04456e-008 2.37438e-007 -9.56255e-018 1.55354e-007 1.55354e-007
9.18 5.04456e-008 2.37438e-007 -8.35173e-018 1.55354e-007 1.55354e-007
9.19 5.04456e-008 2.37438e-007 -1.6168e-017 1.55354e-007 1.55354e-007
9.2 5.04456e-008 2.37438e-007 6.74091e-018 1.55354e-007 1.55354e-007
9.21 5.04456e-008 2.37438e-007 -2.43088e-017 1.55354e-007 1.55354e-007
9.22 5.04456e-008 2.37438e-007 8.97163e-018 1.55354e-007 1.55354e-007
9.23 5.04456e-008 2.37438e-007 -2.35571e-017 1.55354e-007 1.55354e-007
9.24 5.04456e-008 2.37438e-007 9.47555e-018 1.55354e-007 1.55354e-007
9.25 5.04456e-008 2.37438e-007 -7.86077e-018 1.55354e-007 1.55354e-007
9.26 5.04456e-008 2.37438e-007 2.54791e-018 1.55354e-007 1.55354e-007
9.27 5.04456e-008 2.37438e-007 -1.78925e-017 1.55354e-007 1.55354e-007
9.28 5.04456e-008 2.37438e-007 8.51961e-018 1.55354e-007 1.55354e-007
9.29 5.04456e-008 2.37438e-007 -1.42681e-017 1.55354e-007 1.55354e-007
9.3 5.04456e-008 2.37438e-007 -1.1418e-017 1.55354e-007 1.55354e-007
9.31 5.04456e-008 2.37438e-007 -1.39231e-017 1.55354e-007 1.55354e-007
9.32 5.04456e-008 2.37438e-007 -7.31337e-018 1.55354e-007 1.55354e-007
9.33 5.04456e-008 2.37438e-007 -1.5139e-017 1.55354e-007 1.55354e-007
9.34 5.04456e-008 2.37438e-007 -7.53276e-018 1.55354e-007 1.55354e-007
9.35 5.04456e-008 2.37438e-007 -8.05206e-018 1.55354e-007 1.55354e-007
9.36 5.04456e-008 2.37438e-007 -4.82619e-018 1.55354e-007 1.55354e-007
9.37 5.04456e-008 2.37438e-007 -4.16494e-018 1.55354e-007 1.55354e-007
9.38 5.04456e-008 2.37438e-007 3.70434e-018 1.55354e-007 1.55354e-007
9.39 5.04456e-008 2.37438e-007 -1.1604e-017 1.55354e-007 1.55354e-007
9.4 5.04456e-008 2.37438e-007 -6.41859e-018 1.55354e-007 1.55354e-007
9.41 5.04456e-008 2.37438e-007 -1.1512e-017 1.55354e-007 1.55354e-007
9.42 5.04456e-008 2.37438e-007 -1.85815e-017 1.55354e-007 1.55354e-007
9.43 5.04456e-008 2.37438e-007 -7.77279e-018 1.55354e-007 1.55354e-007
9.44 5.04456e-008 2.37438e-007 -1.17287e-017 1.55354e-007 1.55354e-007
9.45 5.04456e-008 2.37438e-007 -1.76449e-017 1.55354e-007 1.55354e-007
9.46 5.04456e-008 2.37438e-007 -3.67505e-018 1.55354e-007 1.55354e-007
9.47 5.04456e-008 2.37438e-007 -8.42369e-018 1.55354e-007 1.55354e-007
9.48 5.04456e-008 2.37438e-007 -8.60199e-018 1.55354e-007 1.55354e-007
9.49 5.04456e-008 2.37438e-007 -7.75326e-018 1.55354e-007 1.55354e-007
9.5 5.04456e-008 2.37438e-007 -8.42457e-018 1.55354e-007 1.55354e-007
9.51 5.04456e-008 2.37438e-007 -5.56617e-018 1.55354e-007 1.55354e-007
9.52 5.04456e-008 2.37438e-007 -7.71062e-018 1.55354e-007 1.55354e-007
9.53 5.04456e-008 2.37438e-007 -8.7513e-018 1.55354e-007 1.55354e-007
9.54 5.04456e-008 2.37438e-007 -9.25626e-018 1.55354e-007 1.55354e-007
9.55 5.04456e-008 2.37438e-007 -9.4773e-018 1.55354e-007 1.55354e-007
9.56 5.04456e-008 2.37438e-007 -6.37567e-018 1.55354e-007 1.55354e-007
9.57 5.04456e-008 2.37438e-007 -7.28006e-018 1.55354e-007 1.55354e-007
9.58 5.04456e-008 2.37438e-007 -6.31317e-018 1.55354e-007 1.55354e-007
9.59 5.04456e-008 2.37438e-007 -7.23337e-018 1.55354e-007 1.55354e-007
9.6 5.04456e-008 2.37438e-007 -5.91333e-018 1.55354e-007 1.55354e-007
9.61 5.04456e-008 2.37438e-007 -6.21309e-018 1.55354e-007 1.55354e-007
9.62 5.04456e-008 2.37438e-007 -7.05256e-018 1.55354e-007 1.55354e-007
9.63 5.04456e-008 2.37438e-007 -6.64038e-018 1.55354e-007 1.55354e-007
9.64 5.04456e-008 2.37438e-007 -7.6203e-018 1.55354e-007 1.55354e-007
9.65 5.04456e-008 2.37438e-007 -6.94554e-018 1.55354e-007 1.55354e-007
9.66 5.04456e-008 2.37438e-007 -9.3216e-018 1.55354e-007 1.55354e-007
9.67 5.04456e-008 2.37438e-007 -4.23974e-018 1.55354e-007 1.55354e-007
9.68 5.04456e-008 2.37438e-007 -4.87643e-018 1.55354e-007 1.55354e-007
9.69 5.04456e-008 2.37438e-007 -4.29525e-018 1.55354e-007 1.55354e-007
9.7 5.04456e-008 2.37438e-007 -3.11706e-018 1.55354e-007 1.55354e-007
9.71 5.04456e-008 2.37438e-007 -4.53986e-018 1.55354e-007 1.55354e-007
9.72 5.04456e-008 2.37438e-007 -4.20441e-018 1.55354e-007 1.55354e-007
9.73 5.04456e-008 2.37438e-007 -4.8917e-018 1.55354e-007 1.55354e-007
9.74 5.04456e-008 2.37438e-007 -4.53532e-018 1.55354e-007 1.55354e-007
9.75 5.04456e-008 2.37438e-007 -4.32836e-018 1.55354e-007 1.55354e-007
9.76 5.04456e-008 2.37438e-007 -4.22307e-018 1.55354e-007 1.55354e-007
9.77 5.04456e-008 2.37438e-007 -4.35596e-018 1.55354e-007 1.55354e-007
9.78 5.04456e-008 2.37438e-007 -3.82593e-018 1.55354e-007 1.55354e-007
9.79 5.04456e-008 2.37438e-007 -4.16374e-018 1.55354e-007 1.55354e-007
9.8 5.04456e-008 2.37438e-007 -3.92662e-018 1.55354e-007 1.55354e-007
9.81 5.04456e-008 2.37438e-007 -5.89163e-018 1.55354e-007 1.55354e-007
9.82 5.04456e-008 2.37438e-007 -6.16019e-018 1.55354e-007 1.55354e-007
9.83 5.04456e-008 2.37438e-007 -3.0485e-018 1.55354e-007 1.55354e-007
9.84 5.04456e-008 2.37438e-007 -7.53266e-018 1.55354e-007 1.55354e-007
9.85 5.04456e-008 2.37438e-007 -2.44682e-018 1.55354e-007 1.55354e-007
9.86 5.04456e-008 2.37438e-007 -6.45429e-018 1.55354e-007 1.55354e-007
9.87 5.04456e-008 2.37438e-007 -1.34068e-018 1.55354e-007 1.55354e-007
9.88 5.04456e-008 2.37438e-007 -4.79708e-018 1.55354e-007 1.55354e-007
9.89 5.04456e-008 2.37438e-007 -2.3677e-018 1.55354e-007 1.55354e-007
9.9 5.04456e-008 2.37438e-007 -3.04027e-018 1.55354e-007 1.55354e-007
9.91 5.04456e-008 2.37438e-007 -3.94834e-018 1.55354e-007 1.55354e-007
9.92 5.04456e-008 2.37438e-007 -1.03322e-018 1.55354e-007 1.55354e-007
9.93 5.04456e-008 2.37438e-007 -2.54834e-018 1.55354e-007 1.55354e-007
9.94 5.04456e-008 2.37438e-007 -2.037e-018 1.55354e-007 1.55354e-007
9.95 5.04456e-008 2.37438e-007 -3.45787e-018 1.55354e-007 1.55354e-007
9.96 5.04456e-008 2.37438e-007 -3.26234e-018 1.55354e-007 1.55354e-007
9.97 5.04456e-008 2.37438e-007 -3.18296e-018 1.55354e-007 1.55354e-007
9.98 5.04456e-008 2.37438e-007 -3.29026e-018 1.55354e-007 1.55354e-007
9.99 5.04456e-008 2.37438e-007 -3.1376e-018 1.55354e-007 1.55354e-007
10 5.04456e-008 2.37438e-007 -3.51296e-018 1.55354e-007 1.55354e-007
