0.1 -2.18297e-008 -3.11895e-006 1.2827e-021 3.15346e-009 3.15346e-009
0.2 -8.77878e-008 -6.24744e-006 -2.40837e-019 6.30932e-009 6.30932e-009
0.3 -1.98591e-007 -9.38562e-006 -1.82078e-019 9.46757e-009 9.46757e-009
0.4 -3.54976e-007 -1.25336e-005 -3.07538e-019 1.26282e-008 1.26282e-008
0.5 -5.57695e-007 -1.56916e-005 -2.4346e-019 1.57913e-008 1.57913e-008
0.6 -6.9703e-007 -1.88992e-005 -2.42902e-020 1.89603e-008 1.89603e-008
0.7 8.92436e-007 -2.2529e-005 -2.20106e-019 2.2113e-008 2.2113e-008
0.8 5.55401e-006 -2.67484e-005 -1.322e-019 2.52319e-008 2.52319e-008
0.9 1.29821e-005 -3.14351e-005 -3.65628e-019 2.83291e-008 2.83291e-008
1 2.31096e-005 -3.65357e-005 -2.69912e-019 3.14105e-008 3.14105e-008
0.01 2.31096e-005 -3.65357e-005 1.95691e-021 3.14105e-008 3.14105e-008
0.02 2.31096e-005 -3.65357e-005 -4.16596e-020 3.14106e-008 3.14106e-008
0.03 2.31096e-005 -3.65357e-005 -4.01024e-020 3.14105e-008 3.14105e-008
0.04 2.31096e-005 -3.65357e-005 -4.15295e-020 3.14105e-008 3.14105e-008
0.05 2.31096e-005 -3.65357e-005 -3.96815e-020 3.14105e-008 3.14105e-008
0.06 2.31096e-005 -3.65357e-005 -4.03347e-020 3.14105e-008 3.14105e-008
0.07 2.31096e-005 -3.65357e-005 -4.09043e-020 3.14105e-008 3.14105e-008
0.08 2.31096e-005 -3.65357e-005 -4.10012e-020 3.14105e-008 3.14105e-008
0.09 2.31096e-005 -3.65357e-005 -3.53675e-020 3.14106e-008 3.14106e-008
0.1 2.31096e-005 -3.65357e-005 2.93921e-021 3.14106e-008 3.14106e-008
0.11 2.31096e-005 -3.65357e-005 2.89706e-021 3.14106e-008 3.14106e-008
0.12 2.31096e-005 -3.65357e-005 2.9993e-021 3.14105e-008 3.14105e-008
0.13 2.31096e-005 -3.65357e-005 4.54973e-021 3.14105e-008 3.14105e-008
0.14 2.31096e-005 -3.65357e-005 -1.19533e-021 3.14105e-008 3.14105e-008
0.15 2.31096e-005 -3.65357e-005 3.27578e-021 3.14105e-008 3.14105e-008
0.16 2.31096e-005 -3.65357e-005 3.07231e-021 3.14105e-008 3.14105e-008
0.17 2.31096e-005 -3.65357e-005 3.54493e-021 3.14105e-008 3.14105e-008
0.18 2.31096e-005 -3.65357e-005 2.59847e-021 3.14105e-008 3.14105e-008
0.19 2.31096e-005 -3.65357e-005 4.83697e-021 3.14105e-008 3.14105e-008
0.2 2.31096e-005 -3.65357e-005 -2.16244e-021 3.14105e-008 3.14105e-008
0.21 2.31096e-005 -3.65357e-005 7.81087e-021 3.14105e-008 3.14105e-008
0.22 2.31096e-005 -3.65357e-005 -7.65548e-021 3.14105e-008 3.14105e-008
0.23 2.31096e-005 -3.65357e-005 1.20151e-020 3.14105e-008 3.14105e-008
0.24 2.31096e-005 -3.65357e-005 -1.37302e-020 3.14105e-008 3.14105e-008
0.25 2.31096e-005 -3.65357e-005 2.35937e-020 3.14105e-008 3.14105e-008
0.26 2.31096e-005 -3.65357e-005 -5.09494e-021 3.14105e-008 3.14105e-008
0.27 2.31096e-005 -3.65357e-005 1.4935e-020 3.14105e-008 3.14105e-008
0.28 2.31096e-005 -3.65357e-005 -1.3775e-020 3.14105e-008 3.14105e-008
0.29 2.31096e-005 -3.65357e-005 2.1448e-020 3.14105e-008 3.14105e-008
0.3 2.31096e-005 -3.65357e-005 -2.29056e-020 3.14105e-008 3.14105e-008
0.31 2.31096e-005 -3.65357e-005 2.08869e-020 3.14105e-008 3.14105e-008
0.32 2.31096e-005 -3.65357e-005 -3.24633e-020 3.14105e-008 3.14105e-008
0.33 2.31096e-005 -3.65357e-005 5.09218e-020 3.14105e-008 3.14105e-008
0.34 2.31096e-005 -3.65357e-005 2.99935e-019 3.14105e-008 3.14105e-008
0.35 2.31096e-005 -3.65357e-005 8.66961e-021 3.14105e-008 3.14105e-008
0.36 2.31096e-005 -3.65357e-005 5.62094e-020 3.14105e-008 3.14105e-008
0.37 2.31096e-005 -3.65357e-005 -4.35212e-020 3.14105e-008 3.14105e-008
0.38 2.31096e-005 -3.65357e-005 -4.81459e-019 3.14105e-008 3.14105e-008
0.39 2.31096e-005 -3.65357e-005 -1.38007e-018 3.14105e-008 3.14105e-008
0.4 2.31096e-005 -3.65357e-005 1.87839e-018 3.14105e-008 3.14105e-008
0.41 2.31096e-005 -3.65357e-005 -3.40735e-018 3.14105e-008 3.14105e-008
0.42 2.31096e-005 -3.65357e-005 3.60522e-018 3.14105e-008 3.14105e-008
0.43 2.31096e-005 -3.65357e-005 -5.9251e-018 3.14105e-008 3.14105e-008
0.44 2.31096e-005 -3.65357e-005 5.54797e-018 3.14105e-008 3.14105e-008
0.45 2.31096e-005 -3.65357e-005 -1.69314e-018 3.14105e-008 3.14105e-008
0.46 2.31096e-005 -3.65357e-005 1.15793e-018 3.14105e-008 3.14105e-008
0.47 2.31096e-005 -3.65357e-005 4.13515e-018 3.14105e-008 3.14105e-008
0.48 2.31096e-005 -3.65357e-005 8.74806e-019 3.14105e-008 3.14105e-008
0.49 2.31096e-005 -3.65357e-005 -2.68445e-018 3.14105e-008 3.14105e-008
0.5 2.31096e-005 -3.65357e-005 -4.01113e-018 3.14105e-008 3.14105e-008
0.51 2.31096e-005 -3.65357e-005 -1.80392e-018 3.14105e-008 3.14105e-008
0.52 2.31096e-005 -3.65357e-005 -2.6081e-018 3.14105e-008 3.14105e-008
0.53 2.31096e-005 -3.65357e-005 -5.50629e-018 3.14105e-008 3.14105e-008
0.54 2.31096e-005 -3.65357e-005 6.20201e-018 3.14105e-008 3.14105e-008
0.55 2.31096e-005 -3.65357e-005 3.39759e-018 3.14105e-008 3.14105e-008
0.56 2.31096e-005 -3.65357e-005 3.07909e-018 3.14105e-008 3.14105e-008
0.57 2.31096e-005 -3.65357e-005 3.17401e-018 3.14105e-008 3.14105e-008
0.58 2.31096e-005 -3.65357e-005 -1.1293e-017 3.14105e-008 3.14105e-008
0.59 2.31096e-005 -3.65357e-005 -1.44555e-018 3.14105e-008 3.14105e-008
0.6 2.31096e-005 -3.65357e-005 5.36326e-018 3.14105e-008 3.14105e-008
0.61 2.31096e-005 -3.65357e-005 -7.11114e-018 3.14105e-008 3.14105e-008
0.62 2.31096e-005 -3.65357e-005 2.21115e-018 3.14105e-008 3.14105e-008
0.63 2.31096e-005 -3.65357e-005 -5.02075e-018 3.14105e-008 3.14105e-008
0.64 2.31096e-005 -3.65357e-005 3.04232e-018 3.14105e-008 3.14105e-008
0.65 2.31096e-005 -3.65357e-005 -7.51898e-018 3.14105e-008 3.14105e-008
0.66 2.31096e-005 -3.65357e-005 1.8895e-018 3.14105e-008 3.14105e-008
0.67 2.31096e-005 -3.65357e-005 -3.47796e-018 3.14105e-008 3.14105e-008
0.68 2.31096e-005 -3.65357e-005 -1.75363e-018 3.14105e-008 3.14105e-008
0.69 2.31096e-005 -3.65357e-005 -5.33963e-018 3.14105e-008 3.14105e-008
0.7 2.31096e-005 -3.65357e-005 -2.51172e-018 3.14105e-008 3.14105e-008
0.71 2.31096e-005 -3.65357e-005 -5.67727e-018 3.14105e-008 3.14105e-008
0.72 2.31096e-005 -3.65357e-005 -4.50927e-018 3.14105e-008 3.14105e-008
0.73 2.31096e-005 -3.65357e-005 4.58101e-018 3.14105e-008 3.14105e-008
0.74 2.31096e-005 -3.65357e-005 -2.1142e-017 3.14105e-008 3.14105e-008
0.75 2.31096e-005 -3.65357e-005 7.07565e-018 3.14105e-008 3.14105e-008
0.76 2.31096e-005 -3.65357e-005 -1.54231e-017 3.14105e-008 3.14105e-008
0.77 2.31096e-005 -3.65357e-005 1.73516e-018 3.14105e-008 3.14105e-008
0.78 2.31096e-005 -3.65357e-005 -1.95333e-017 3.14105e-008 3.14105e-008
0.79 2.31096e-005 -3.65357e-005 -8.26722e-018 3.14105e-008 3.14105e-008
0.8 2.31096e-005 -3.65357e-005 -3.80289e-018 3.14105e-008 3.14105e-008
0.81 2.31096e-005 -3.65357e-005 -7.93036e-018 3.14105e-008 3.14105e-008
0.82 2.31096e-005 -3.65357e-005 -9.07747e-018 3.14105e-008 3.14105e-008
0.83 2.31096e-005 -3.65357e-005 -6.51046e-018 3.14105e-008 3.14105e-008
0.84 2.31096e-005 -3.65357e-005 -4.29827e-018 3.14105e-008 3.14105e-008
0.85 2.31096e-005 -3.65357e-005 -1.52472e-017 3.14105e-008 3.14105e-008
0.86 2.31096e-005 -3.65357e-005 -1.01015e-017 3.14105e-008 3.14105e-008
0.87 2.31096e-005 -3.65357e-005 -2.04216e-019 3.14105e-008 3.14105e-008
0.88 2.31096e-005 -3.65357e-005 -1.16232e-017 3.14105e-008 3.14105e-008
0.89 2.31096e-005 -3.65357e-005 -1.64202e-017 3.14105e-008 3.14105e-008
0.9 2.31096e-005 -3.65357e-005 -3.53103e-018 3.14105e-008 3.14105e-008
0.91 2.31096e-005 -3.65357e-005 -1.98889e-017 3.14105e-008 3.14105e-008
0.92 2.31096e-005 -3.65357e-005 4.81748e-019 3.14105e-008 3.14105e-008
0.93 2.31096e-005 -3.65357e-005 -2.33897e-017 3.14105e-008 3.14105e-008
0.94 2.31096e-005 -3.65357e-005 9.57226e-019 3.14105e-008 3.14105e-008
0.95 2.31096e-005 -3.65357e-005 -2.78229e-017 3.14105e-008 3.14105e-008
0.96 2.31096e-005 -3.65357e-005 7.91935e-018 3.14105e-008 3.14105e-008
0.97 2.31096e-005 -3.65357e-005 -2.38242e-017 3.14105e-008 3.14105e-008
0.98 2.31096e-005 -3.65357e-005 5.41899e-018 3.14105e-008 3.14105e-008
0.99 2.31096e-005 -3.65357e-005 -3.14112e-017 3.14105e-008 3.14105e-008
1 2.31096e-005 -3.65357e-005 2.04e-018 3.14105e-008 3.14105e-008
1.01 2.31096e-005 -3.65357e-005 -2.61279e-017 3.14105e-008 3.14105e-008
1.02 2.31096e-005 -3.65357e-005 -1.56439e-018 3.14105e-008 3.14105e-008
1.03 2.31096e-005 -3.65357e-005 -2.04417e-017 3.14105e-008 3.14105e-008
1.04 2.31096e-005 -3.65357e-005 -1.2107e-018 3.14105e-008 3.14105e-008
1.05 2.31096e-005 -3.65357e-005 -2.49995e-017 3.14105e-008 3.14105e-008
1.06 2.31096e-005 -3.65357e-005 -1.70222e-018 3.14105e-008 3.14105e-008
1.07 2.31096e-005 -3.65357e-005 -1.33359e-017 3.14105e-008 3.14105e-008
1.08 2.31096e-005 -3.65357e-005 4.53918e-018 3.14105e-008 3.14105e-008
1.09 2.31096e-005 -3.65357e-005 -4.38216e-019 3.14105e-008 3.14105e-008
1.1 2.31096e-005 -3.65357e-005 -8.05756e-018 3.14105e-008 3.14105e-008
1.11 2.31096e-005 -3.65357e-005 -1.5782e-017 3.14105e-008 3.14105e-008
1.12 2.31096e-005 -3.65357e-005 -9.39931e-018 3.14105e-008 3.14105e-008
1.13 2.31096e-005 -3.65357e-005 -1.2489e-017 3.14105e-008 3.14105e-008
1.14 2.31096e-005 -3.65357e-005 -7.71538e-018 3.14105e-008 3.14105e-008
1.15 2.31096e-005 -3.65357e-005 -1.48835e-017 3.14105e-008 3.14105e-008
1.16 2.31096e-005 -3.65357e-005 -9.93691e-018 3.14105e-008 3.14105e-008
1.17 2.31096e-005 -3.65357e-005 -9.00008e-018 3.14105e-008 3.14105e-008
1.18 2.31096e-005 -3.65357e-005 -1.23197e-017 3.14105e-008 3.14105e-008
1.19 2.31096e-005 -3.65357e-005 -9.95106e-018 3.14105e-008 3.14105e-008
1.2 2.31096e-005 -3.65357e-005 -1.14327e-017 3.14105e-008 3.14105e-008
1.21 2.31096e-005 -3.65357e-005 -4.99353e-019 3.14105e-008 3.14105e-008
1.22 2.31096e-005 -3.65357e-005 -1.50366e-017 3.14105e-008 3.14105e-008
1.23 2.31096e-005 -3.65357e-005 1.41422e-018 3.14105e-008 3.14105e-008
1.24 2.31096e-005 -3.65357e-005 -1.98714e-017 3.14105e-008 3.14105e-008
1.25 2.31096e-005 -3.65357e-005 1.2455e-018 3.14105e-008 3.14105e-008
1.26 2.31096e-005 -3.65357e-005 -1.49167e-017 3.14105e-008 3.14105e-008
1.27 2.31096e-005 -3.65357e-005 3.0604e-018 3.14105e-008 3.14105e-008
1.28 2.31096e-005 -3.65357e-005 -2.08579e-019 3.14105e-008 3.14105e-008
1.29 2.31096e-005 -3.65357e-005 -1.03159e-017 3.14105e-008 3.14105e-008
1.3 2.31096e-005 -3.65357e-005 -5.24825e-018 3.14105e-008 3.14105e-008
1.31 2.31096e-005 -3.65357e-005 -9.67385e-018 3.14105e-008 3.14105e-008
1.32 2.31096e-005 -3.65357e-005 -1.54136e-017 3.14105e-008 3.14105e-008
1.33 2.31096e-005 -3.65357e-005 -1.24117e-017 3.14105e-008 3.14105e-008
1.34 2.31096e-005 -3.65357e-005 -1.30311e-017 3.14105e-008 3.14105e-008
1.35 2.31096e-005 -3.65357e-005 -1.53304e-019 3.14105e-008 3.14105e-008
1.36 2.31096e-005 -3.65357e-005 -1.08718e-017 3.14105e-008 3.14105e-008
1.37 2.31096e-005 -3.65357e-005 -8.90303e-018 3.14105e-008 3.14105e-008
1.38 2.31096e-005 -3.65357e-005 1.30766e-019 3.14105e-008 3.14105e-008
1.39 2.31096e-005 -3.65357e-005 -1.77421e-018 3.14105e-008 3.14105e-008
1.4 2.31096e-005 -3.65357e-005 -8.22934e-019 3.14105e-008 3.14105e-008
1.41 2.31096e-005 -3.65357e-005 -2.27654e-018 3.14105e-008 3.14105e-008
1.42 2.31096e-005 -3.65357e-005 2.99977e-018 3.14105e-008 3.14105e-008
1.43 2.31096e-005 -3.65357e-005 -5.19447e-018 3.14105e-008 3.14105e-008
1.44 2.31096e-005 -3.65357e-005 3.52611e-018 3.14105e-008 3.14105e-008
1.45 2.31096e-005 -3.65357e-005 -8.12242e-018 3.14105e-008 3.14105e-008
1.46 2.31096e-005 -3.65357e-005 4.63271e-018 3.14105e-008 3.14105e-008
1.47 2.31096e-005 -3.65357e-005 -9.94296e-018 3.14105e-008 3.14105e-008
1.48 2.31096e-005 -3.65357e-005 1.38159e-017 3.14105e-008 3.14105e-008
1.49 2.31096e-005 -3.65357e-005 -1.26231e-017 3.14105e-008 3.14105e-008
1.5 2.31096e-005 -3.65357e-005 1.45762e-017 3.14105e-008 3.14105e-008
1.51 2.31096e-005 -3.65357e-005 -8.56891e-018 3.14105e-008 3.14105e-008
1.52 2.31096e-005 -3.65357e-005 5.93089e-018 3.14105e-008 3.14105e-008
1.53 2.31096e-005 -3.65357e-005 -1.789e-018 3.14105e-008 3.14105e-008
1.54 2.31096e-005 -3.65357e-005 5.61911e-018 3.14105e-008 3.14105e-008
1.55 2.31096e-005 -3.65357e-005 9.01966e-018 3.14105e-008 3.14105e-008
1.56 2.31096e-005 -3.65357e-005 -6.62693e-018 3.14105e-008 3.14105e-008
1.57 2.31096e-005 -3.65357e-005 5.97866e-018 3.14105e-008 3.14105e-008
1.58 2.31096e-005 -3.65357e-005 -6.75443e-018 3.14105e-008 3.14105e-008
1.59 2.31096e-005 -3.65357e-005 1.3724e-017 3.14105e-008 3.14105e-008
1.6 2.31096e-005 -3.65357e-005 -5.62289e-019 3.14105e-008 3.14105e-008
1.61 2.31096e-005 -3.65357e-005 1.21724e-017 3.14105e-008 3.14105e-008
1.62 2.31096e-005 -3.65357e-005 2.36887e-019 3.14105e-008 3.14105e-008
1.63 2.31096e-005 -3.65357e-005 2.35222e-018 3.14105e-008 3.14105e-008
1.64 2.31096e-005 -3.65357e-005 1.38736e-018 3.14105e-008 3.14105e-008
1.65 2.31096e-005 -3.65357e-005 8.17367e-018 3.14105e-008 3.14105e-008
1.66 2.31096e-005 -3.65357e-005 6.43123e-018 3.14105e-008 3.14105e-008
1.67 2.31096e-005 -3.65357e-005 2.38351e-018 3.14105e-008 3.14105e-008
1.68 2.31096e-005 -3.65357e-005 3.07804e-018 3.14105e-008 3.14105e-008
1.69 2.31096e-005 -3.65357e-005 7.3153e-018 3.14105e-008 3.14105e-008
1.7 2.31096e-005 -3.65357e-005 8.82269e-018 3.14105e-008 3.14105e-008
1.71 2.31096e-005 -3.65357e-005 2.84006e-019 3.14105e-008 3.14105e-008
1.72 2.31096e-005 -3.65357e-005 9.73346e-018 3.14105e-008 3.14105e-008
1.73 2.31096e-005 -3.65357e-005 1.18339e-017 3.14105e-008 3.14105e-008
1.74 2.31096e-005 -3.65357e-005 1.60953e-017 3.14105e-008 3.14105e-008
1.75 2.31096e-005 -3.65357e-005 8.53014e-018 3.14105e-008 3.14105e-008
1.76 2.31096e-005 -3.65357e-005 3.34123e-019 3.14105e-008 3.14105e-008
1.77 2.31096e-005 -3.65357e-005 4.7323e-018 3.14105e-008 3.14105e-008
1.78 2.31096e-005 -3.65357e-005 6.13575e-018 3.14105e-008 3.14105e-008
1.79 2.31096e-005 -3.65357e-005 8.35615e-018 3.14105e-008 3.14105e-008
1.8 2.31096e-005 -3.65357e-005 -2.27934e-018 3.14105e-008 3.14105e-008
1.81 2.31096e-005 -3.65357e-005 3.84802e-018 3.14105e-008 3.14105e-008
1.82 2.31096e-005 -3.65357e-005 5.01238e-019 3.14105e-008 3.14105e-008
1.83 2.31096e-005 -3.65357e-005 4.25469e-019 3.14105e-008 3.14105e-008
1.84 2.31096e-005 -3.65357e-005 3.14192e-018 3.14105e-008 3.14105e-008
1.85 2.31096e-005 -3.65357e-005 2.46425e-018 3.14105e-008 3.14105e-008
1.86 2.31096e-005 -3.65357e-005 2.51422e-018 3.14105e-008 3.14105e-008
1.87 2.31096e-005 -3.65357e-005 2.11595e-018 3.14105e-008 3.14105e-008
1.88 2.31096e-005 -3.65357e-005 2.85988e-018 3.14105e-008 3.14105e-008
1.89 2.31096e-005 -3.65357e-005 2.19847e-018 3.14105e-008 3.14105e-008
1.9 2.31096e-005 -3.65357e-005 2.0457e-018 3.14105e-008 3.14105e-008
1.91 2.31096e-005 -3.65357e-005 3.02115e-019 3.14105e-008 3.14105e-008
1.92 2.31096e-005 -3.65357e-005 -5.86144e-019 3.14105e-008 3.14105e-008
1.93 2.31096e-005 -3.65357e-005 -7.05385e-019 3.14105e-008 3.14105e-008
1.94 2.31096e-005 -3.65357e-005 -2.32828e-018 3.14105e-008 3.14105e-008
1.95 2.31096e-005 -3.65357e-005 1.24714e-017 3.14105e-008 3.14105e-008
1.96 2.31096e-005 -3.65357e-005 -8.0431e-018 3.14105e-008 3.14105e-008
1.97 2.31096e-005 -3.65357e-005 1.10413e-017 3.14105e-008 3.14105e-008
1.98 2.31096e-005 -3.65357e-005 -4.85036e-018 3.14105e-008 3.14105e-008
1.99 2.31096e-005 -3.65357e-005 1.67991e-018 3.14105e-008 3.14105e-008
2 2.31096e-005 -3.65357e-005 3.90751e-019 3.14105e-008 3.14105e-008
2.01 2.31096e-005 -3.65357e-005 3.08621e-018 3.14105e-008 3.14105e-008
2.02 2.31096e-005 -3.65357e-005 9.20711e-019 3.14105e-008 3.14105e-008
2.03 2.31096e-005 -3.65357e-005 4.27369e-018 3.14105e-008 3.14105e-008
2.04 2.31096e-005 -3.65357e-005 -1.09791e-018 3.14105e-008 3.14105e-008
2.05 2.31096e-005 -3.65357e-005 6.33395e-018 3.14105e-008 3.14105e-008
2.06 2.31096e-005 -3.65357e-005 6.79085e-018 3.14105e-008 3.14105e-008
2.07 2.31096e-005 -3.65357e-005 1.58809e-018 3.14105e-008 3.14105e-008
2.08 2.31096e-005 -3.65357e-005 3.74619e-018 3.14105e-008 3.14105e-008
2.09 2.31096e-005 -3.65357e-005 5.6038e-018 3.14105e-008 3.14105e-008
2.1 2.31096e-005 -3.65357e-005 4.65115e-018 3.14105e-008 3.14105e-008
2.11 2.31096e-005 -3.65357e-005 8.90442e-019 3.14105e-008 3.14105e-008
2.12 2.31096e-005 -3.65357e-005 5.31583e-018 3.14105e-008 3.14105e-008
2.13 2.31096e-005 -3.65357e-005 -5.77596e-018 3.14105e-008 3.14105e-008
2.14 2.31096e-005 -3.65357e-005 1.09839e-017 3.14105e-008 3.14105e-008
2.15 2.31096e-005 -3.65357e-005 2.78205e-018 3.14105e-008 3.14105e-008
2.16 2.31096e-005 -3.65357e-005 6.23997e-019 3.14105e-008 3.14105e-008
2.17 2.31096e-005 -3.65357e-005 1.67345e-017 3.14105e-008 3.14105e-008
2.18 2.31096e-005 -3.65357e-005 -2.7326e-018 3.14105e-008 3.14105e-008
2.19 2.31096e-005 -3.65357e-005 3.60441e-018 3.14105e-008 3.14105e-008
2.2 2.31096e-005 -3.65357e-005 2.7828e-018 3.14105e-008 3.14105e-008
2.21 2.31096e-005 -3.65357e-005 -1.04655e-018 3.14105e-008 3.14105e-008
2.22 2.31096e-005 -3.65357e-005 8.01121e-018 3.14105e-008 3.14105e-008
2.23 2.31096e-005 -3.65357e-005 1.06525e-017 3.14105e-008 3.14105e-008
2.24 2.31096e-005 -3.65357e-005 9.78505e-018 3.14105e-008 3.14105e-008
2.25 2.31096e-005 -3.65357e-005 9.08968e-018 3.14105e-008 3.14105e-008
2.26 2.31096e-005 -3.65357e-005 8.71415e-018 3.14105e-008 3.14105e-008
2.27 2.31096e-005 -3.65357e-005 9.08195e-018 3.14105e-008 3.14105e-008
2.28 2.31096e-005 -3.65357e-005 5.39731e-018 3.14105e-008 3.14105e-008
2.29 2.31096e-005 -3.65357e-005 1.94094e-018 3.14105e-008 3.14105e-008
2.3 2.31096e-005 -3.65357e-005 -1.70647e-018 3.14105e-008 3.14105e-008
2.31 2.31096e-005 -3.65357e-005 7.58912e-018 3.14105e-008 3.14105e-008
2.32 2.31096e-005 -3.65357e-005 3.9571e-018 3.14105e-008 3.14105e-008
2.33 2.31096e-005 -3.65357e-005 2.72713e-018 3.14105e-008 3.14105e-008
2.34 2.31096e-005 -3.65357e-005 -2.16939e-018 3.14105e-008 3.14105e-008
2.35 2.31096e-005 -3.65357e-005 1.36798e-017 3.14105e-008 3.14105e-008
2.36 2.31096e-005 -3.65357e-005 2.91718e-018 3.14105e-008 3.14105e-008
2.37 2.31096e-005 -3.65357e-005 1.77196e-018 3.14105e-008 3.14105e-008
2.38 2.31096e-005 -3.65357e-005 8.05726e-018 3.14105e-008 3.14105e-008
2.39 2.31096e-005 -3.65357e-005 1.57922e-018 3.14105e-008 3.14105e-008
2.4 2.31096e-005 -3.65357e-005 1.3254e-018 3.14105e-008 3.14105e-008
2.41 2.31096e-005 -3.65357e-005 9.0582e-018 3.14105e-008 3.14105e-008
2.42 2.31096e-005 -3.65357e-005 4.68431e-018 3.14105e-008 3.14105e-008
2.43 2.31096e-005 -3.65357e-005 7.61754e-018 3.14105e-008 3.14105e-008
2.44 2.31096e-005 -3.65357e-005 2.33168e-018 3.14105e-008 3.14105e-008
2.45 2.31096e-005 -3.65357e-005 3.17041e-018 3.14105e-008 3.14105e-008
2.46 2.31096e-005 -3.65357e-005 3.27141e-018 3.14105e-008 3.14105e-008
2.47 2.31096e-005 -3.65357e-005 6.77541e-018 3.14105e-008 3.14105e-008
2.48 2.31096e-005 -3.65357e-005 5.55851e-018 3.14105e-008 3.14105e-008
2.49 2.31096e-005 -3.65357e-005 4.17866e-018 3.14105e-008 3.14105e-008
2.5 2.31096e-005 -3.65357e-005 1.39033e-017 3.14105e-008 3.14105e-008
2.51 2.31096e-005 -3.65357e-005 1.28001e-017 3.14105e-008 3.14105e-008
2.52 2.31096e-005 -3.65357e-005 8.34635e-018 3.14105e-008 3.14105e-008
2.53 2.31096e-005 -3.65357e-005 4.45792e-018 3.14105e-008 3.14105e-008
2.54 2.31096e-005 -3.65357e-005 1.25275e-017 3.14105e-008 3.14105e-008
2.55 2.31096e-005 -3.65357e-005 1.2273e-017 3.14105e-008 3.14105e-008
2.56 2.31096e-005 -3.65357e-005 5.29441e-018 3.14105e-008 3.14105e-008
2.57 2.31096e-005 -3.65357e-005 6.95713e-018 3.14105e-008 3.14105e-008
2.58 2.31096e-005 -3.65357e-005 9.45415e-018 3.14105e-008 3.14105e-008
2.59 2.31096e-005 -3.65357e-005 6.73622e-018 3.14105e-008 3.14105e-008
2.6 2.31096e-005 -3.65357e-005 1.32889e-017 3.14105e-008 3.14105e-008
2.61 2.31096e-005 -3.65357e-005 3.85776e-018 3.14105e-008 3.14105e-008
2.62 2.31096e-005 -3.65357e-005 1.15947e-017 3.14105e-008 3.14105e-008
2.63 2.31096e-005 -3.65357e-005 1.19224e-017 3.14105e-008 3.14105e-008
2.64 2.31096e-005 -3.65357e-005 8.90885e-018 3.14105e-008 3.14105e-008
2.65 2.31096e-005 -3.65357e-005 8.93084e-018 3.14105e-008 3.14105e-008
2.66 2.31096e-005 -3.65357e-005 5.68337e-018 3.14105e-008 3.14105e-008
2.67 2.31096e-005 -3.65357e-005 1.47966e-017 3.14105e-008 3.14105e-008
2.68 2.31096e-005 -3.65357e-005 8.49399e-018 3.14105e-008 3.14105e-008
2.69 2.31096e-005 -3.65357e-005 1.23884e-017 3.14105e-008 3.14105e-008
2.7 2.31096e-005 -3.65357e-005 6.70527e-018 3.14105e-008 3.14105e-008
2.71 2.31096e-005 -3.65357e-005 8.29829e-018 3.14105e-008 3.14105e-008
2.72 2.31096e-005 -3.65357e-005 7.41147e-018 3.14105e-008 3.14105e-008
2.73 2.31096e-005 -3.65357e-005 8.47834e-018 3.14105e-008 3.14105e-008
2.74 2.31096e-005 -3.65357e-005 6.39938e-018 3.14105e-008 3.14105e-008
2.75 2.31096e-005 -3.65357e-005 9.40641e-018 3.14105e-008 3.14105e-008
2.76 2.31096e-005 -3.65357e-005 6.6337e-019 3.14105e-008 3.14105e-008
2.77 2.31096e-005 -3.65357e-005 7.55963e-018 3.14105e-008 3.14105e-008
2.78 2.31096e-005 -3.65357e-005 4.37772e-018 3.14105e-008 3.14105e-008
2.79 2.31096e-005 -3.65357e-005 1.463e-018 3.14105e-008 3.14105e-008
2.8 2.31096e-005 -3.65357e-005 1.31244e-017 3.14105e-008 3.14105e-008
2.81 2.31096e-005 -3.65357e-005 -3.81503e-018 3.14105e-008 3.14105e-008
2.82 2.31096e-005 -3.65357e-005 5.69436e-018 3.14105e-008 3.14105e-008
2.83 2.31096e-005 -3.65357e-005 5.83258e-018 3.14105e-008 3.14105e-008
2.84 2.31096e-005 -3.65357e-005 -7.50901e-018 3.14105e-008 3.14105e-008
2.85 2.31096e-005 -3.65357e-005 3.09911e-018 3.14105e-008 3.14105e-008
2.86 2.31096e-005 -3.65357e-005 -3.66705e-019 3.14105e-008 3.14105e-008
2.87 2.31096e-005 -3.65357e-005 -2.56208e-018 3.14105e-008 3.14105e-008
2.88 2.31096e-005 -3.65357e-005 -1.76382e-018 3.14105e-008 3.14105e-008
2.89 2.31096e-005 -3.65357e-005 -5.72528e-018 3.14105e-008 3.14105e-008
2.9 2.31096e-005 -3.65357e-005 2.26344e-018 3.14105e-008 3.14105e-008
2.91 2.31096e-005 -3.65357e-005 -2.81035e-018 3.14105e-008 3.14105e-008
2.92 2.31096e-005 -3.65357e-005 -5.46384e-018 3.14105e-008 3.14105e-008
2.93 2.31096e-005 -3.65357e-005 2.63912e-018 3.14105e-008 3.14105e-008
2.94 2.31096e-005 -3.65357e-005 -8.57273e-019 3.14105e-008 3.14105e-008
2.95 2.31096e-005 -3.65357e-005 -1.20561e-018 3.14105e-008 3.14105e-008
2.96 2.31096e-005 -3.65357e-005 -1.26492e-018 3.14105e-008 3.14105e-008
2.97 2.31096e-005 -3.65357e-005 -4.04203e-019 3.14105e-008 3.14105e-008
2.98 2.31096e-005 -3.65357e-005 -1.01447e-018 3.14105e-008 3.14105e-008
2.99 2.31096e-005 -3.65357e-005 -9.17735e-019 3.14105e-008 3.14105e-008
3 2.31096e-005 -3.65357e-005 -1.20797e-018 3.14105e-008 3.14105e-008
3.01 2.31096e-005 -3.65357e-005 -7.99612e-019 3.14105e-008 3.14105e-008
3.02 2.31096e-005 -3.65357e-005 -1.10787e-018 3.14105e-008 3.14105e-008
3.03 2.31096e-005 -3.65357e-005 -1.06908e-018 3.14105e-008 3.14105e-008
3.04 2.31096e-005 -3.65357e-005 -2.50691e-018 3.14105e-008 3.14105e-008
3.05 2.31096e-005 -3.65357e-005 -1.02849e-018 3.14105e-008 3.14105e-008
3.06 2.31096e-005 -3.65357e-005 -4.5493e-018 3.14105e-008 3.14105e-008
3.07 2.31096e-005 -3.65357e-005 -3.02349e-018 3.14105e-008 3.14105e-008
3.08 2.31096e-005 -3.65357e-005 -1.86527e-018 3.14105e-008 3.14105e-008
3.09 2.31096e-005 -3.65357e-005 -2.64194e-018 3.14105e-008 3.14105e-008
3.1 2.31096e-005 -3.65357e-005 -1.77609e-018 3.14105e-008 3.14105e-008
3.11 2.31096e-005 -3.65357e-005 -3.64704e-018 3.14105e-008 3.14105e-008
3.12 2.31096e-005 -3.65357e-005 -3.10296e-018 3.14105e-008 3.14105e-008
3.13 2.31096e-005 -3.65357e-005 -3.38948e-018 3.14105e-008 3.14105e-008
3.14 2.31096e-005 -3.65357e-005 -3.7672e-018 3.14105e-008 3.14105e-008
3.15 2.31096e-005 -3.65357e-005 -2.68957e-019 3.14105e-008 3.14105e-008
3.16 2.31096e-005 -3.65357e-005 -1.98587e-018 3.14105e-008 3.14105e-008
3.17 2.31096e-005 -3.65357e-005 -2.81313e-018 3.14105e-008 3.14105e-008
3.18 2.31096e-005 -3.65357e-005 -2.35539e-018 3.14105e-008 3.14105e-008
3.19 2.31096e-005 -3.65357e-005 -5.89056e-018 3.14105e-008 3.14105e-008
3.2 2.31096e-005 -3.65357e-005 2.42512e-018 3.14105e-008 3.14105e-008
3.21 2.31096e-005 -3.65357e-005 -5.82753e-018 3.14105e-008 3.14105e-008
3.22 2.31096e-005 -3.65357e-005 1.52427e-018 3.14105e-008 3.14105e-008
3.23 2.31096e-005 -3.65357e-005 -9.31924e-018 3.14105e-008 3.14105e-008
3.24 2.31096e-005 -3.65357e-005 -1.42174e-017 3.14105e-008 3.14105e-008
3.25 2.31096e-005 -3.65357e-005 -6.2342e-018 3.14105e-008 3.14105e-008
3.26 2.31096e-005 -3.65357e-005 -5.99991e-018 3.14105e-008 3.14105e-008
3.27 2.31096e-005 -3.65357e-005 -7.08221e-018 3.14105e-008 3.14105e-008
3.28 2.31096e-005 -3.65357e-005 -4.75377e-018 3.14105e-008 3.14105e-008
3.29 2.31096e-005 -3.65357e-005 -5.54104e-018 3.14105e-008 3.14105e-008
3.3 2.31096e-005 -3.65357e-005 -4.26001e-018 3.14105e-008 3.14105e-008
3.31 2.31096e-005 -3.65357e-005 -6.42042e-018 3.14105e-008 3.14105e-008
3.32 2.31096e-005 -3.65357e-005 -4.20943e-018 3.14105e-008 3.14105e-008
3.33 2.31096e-005 -3.65357e-005 -3.78904e-018 3.14105e-008 3.14105e-008
3.34 2.31096e-005 -3.65357e-005 -4.46127e-018 3.14105e-008 3.14105e-008
3.35 2.31096e-005 -3.65357e-005 -2.19607e-018 3.14105e-008 3.14105e-008
3.36 2.31096e-005 -3.65357e-005 -4.97965e-018 3.14105e-008 3.14105e-008
3.37 2.31096e-005 -3.65357e-005 -4.53033e-018 3.14105e-008 3.14105e-008
3.38 2.31096e-005 -3.65357e-005 -3.94143e-018 3.14105e-008 3.14105e-008
3.39 2.31096e-005 -3.65357e-005 -4.70192e-018 3.14105e-008 3.14105e-008
3.4 2.31096e-005 -3.65357e-005 -3.97197e-018 3.14105e-008 3.14105e-008
3.41 2.31096e-005 -3.65357e-005 -4.91702e-018 3.14105e-008 3.14105e-008
3.42 2.31096e-005 -3.65357e-005 -4.5271e-018 3.14105e-008 3.14105e-008
3.43 2.31096e-005 -3.65357e-005 -4.0245e-018 3.14105e-008 3.14105e-008
3.44 2.31096e-005 -3.65357e-005 -5.29643e-018 3.14105e-008 3.14105e-008
3.45 2.31096e-005 -3.65357e-005 -7.27352e-018 3.14105e-008 3.14105e-008
3.46 2.31096e-005 -3.65357e-005 -3.33846e-018 3.14105e-008 3.14105e-008
3.47 2.31096e-005 -3.65357e-005 -4.00416e-018 3.14105e-008 3.14105e-008
3.48 2.31096e-005 -3.65357e-005 -3.53785e-018 3.14105e-008 3.14105e-008
3.49 2.31096e-005 -3.65357e-005 -3.64049e-018 3.14105e-008 3.14105e-008
3.5 2.31096e-005 -3.65357e-005 -2.919e-018 3.14105e-008 3.14105e-008
3.51 2.31096e-005 -3.65357e-005 -3.68882e-018 3.14105e-008 3.14105e-008
3.52 2.31096e-005 -3.65357e-005 -3.05623e-018 3.14105e-008 3.14105e-008
3.53 2.31096e-005 -3.65357e-005 -4.0456e-018 3.14105e-008 3.14105e-008
3.54 2.31096e-005 -3.65357e-005 -3.62463e-018 3.14105e-008 3.14105e-008
3.55 2.31096e-005 -3.65357e-005 -5.13132e-018 3.14105e-008 3.14105e-008
3.56 2.31096e-005 -3.65357e-005 -3.17825e-018 3.14105e-008 3.14105e-008
3.57 2.31096e-005 -3.65357e-005 -7.00339e-018 3.14105e-008 3.14105e-008
3.58 2.31096e-005 -3.65357e-005 -3.70215e-018 3.14105e-008 3.14105e-008
3.59 2.31096e-005 -3.65357e-005 -4.56091e-018 3.14105e-008 3.14105e-008
3.6 2.31096e-005 -3.65357e-005 -4.94918e-018 3.14105e-008 3.14105e-008
3.61 2.31096e-005 -3.65357e-005 -4.8298e-018 3.14105e-008 3.14105e-008
3.62 2.31096e-005 -3.65357e-005 -4.66193e-018 3.14105e-008 3.14105e-008
3.63 2.31096e-005 -3.65357e-005 -4.44979e-018 3.14105e-008 3.14105e-008
3.64 2.31096e-005 -3.65357e-005 -4.79988e-018 3.14105e-008 3.14105e-008
3.65 2.31096e-005 -3.65357e-005 -4.64783e-018 3.14105e-008 3.14105e-008
3.66 2.31096e-005 -3.65357e-005 -4.42629e-018 3.14105e-008 3.14105e-008
3.67 2.31096e-005 -3.65357e-005 -4.31245e-018 3.14105e-008 3.14105e-008
3.68 2.31096e-005 -3.65357e-005 -2.12407e-018 3.14105e-008 3.14105e-008
3.69 2.31096e-005 -3.65357e-005 -3.92572e-018 3.14105e-008 3.14105e-008
3.7 2.31096e-005 -3.65357e-005 -2.9837e-018 3.14105e-008 3.14105e-008
3.71 2.31096e-005 -3.65357e-005 -3.62407e-018 3.14105e-008 3.14105e-008
3.72 2.31096e-005 -3.65357e-005 -3.76629e-018 3.14105e-008 3.14105e-008
3.73 2.31096e-005 -3.65357e-005 -3.82355e-018 3.14105e-008 3.14105e-008
3.74 2.31096e-005 -3.65357e-005 -3.94884e-018 3.14105e-008 3.14105e-008
3.75 2.31096e-005 -3.65357e-005 -3.94613e-018 3.14105e-008 3.14105e-008
3.76 2.31096e-005 -3.65357e-005 -3.60717e-018 3.14105e-008 3.14105e-008
3.77 2.31096e-005 -3.65357e-005 -3.42658e-018 3.14105e-008 3.14105e-008
3.78 2.31096e-005 -3.65357e-005 -3.07846e-018 3.14105e-008 3.14105e-008
3.79 2.31096e-005 -3.65357e-005 -2.92916e-018 3.14105e-008 3.14105e-008
3.8 2.31096e-005 -3.65357e-005 -3.13393e-018 3.14105e-008 3.14105e-008
3.81 2.31096e-005 -3.65357e-005 -2.83726e-018 3.14105e-008 3.14105e-008
3.82 2.31096e-005 -3.65357e-005 -3.13458e-018 3.14105e-008 3.14105e-008
3.83 2.31096e-005 -3.65357e-005 -2.74011e-018 3.14105e-008 3.14105e-008
3.84 2.31096e-005 -3.65357e-005 -2.19712e-018 3.14105e-008 3.14105e-008
3.85 2.31096e-005 -3.65357e-005 -3.32971e-018 3.14105e-008 3.14105e-008
3.86 2.31096e-005 -3.65357e-005 -2.47393e-018 3.14105e-008 3.14105e-008
3.87 2.31096e-005 -3.65357e-005 -3.98737e-018 3.14105e-008 3.14105e-008
3.88 2.31096e-005 -3.65357e-005 -3.95853e-018 3.14105e-008 3.14105e-008
3.89 2.31096e-005 -3.65357e-005 -3.85789e-018 3.14105e-008 3.14105e-008
3.9 2.31096e-005 -3.65357e-005 -2.37985e-018 3.14105e-008 3.14105e-008
3.91 2.31096e-005 -3.65357e-005 -2.96544e-018 3.14105e-008 3.14105e-008
3.92 2.31096e-005 -3.65357e-005 -3.21107e-018 3.14105e-008 3.14105e-008
3.93 2.31096e-005 -3.65357e-005 -3.00204e-018 3.14105e-008 3.14105e-008
3.94 2.31096e-005 -3.65357e-005 -3.47859e-018 3.14105e-008 3.14105e-008
3.95 2.31096e-005 -3.65357e-005 -3.30007e-018 3.14105e-008 3.14105e-008
3.96 2.31096e-005 -3.65357e-005 -3.47509e-018 3.14105e-008 3.14105e-008
3.97 2.31096e-005 -3.65357e-005 -3.04745e-018 3.14105e-008 3.14105e-008
3.98 2.31096e-005 -3.65357e-005 -3.61905e-018 3.14105e-008 3.14105e-008
3.99 2.31096e-005 -3.65357e-005 -1.21856e-017 3.14105e-008 3.14105e-008
4 2.31096e-005 -3.65357e-005 -1.5046e-019 3.14105e-008 3.14105e-008
4.01 2.31096e-005 -3.65357e-005 -7.40714e-018 3.14105e-008 3.14105e-008
4.02 2.31096e-005 -3.65357e-005 -1.88017e-018 3.14105e-008 3.14105e-008
4.03 2.31096e-005 -3.65357e-005 -4.71022e-018 3.14105e-008 3.14105e-008
4.04 2.31096e-005 -3.65357e-005 -3.80526e-018 3.14105e-008 3.14105e-008
4.05 2.31096e-005 -3.65357e-005 -2.87619e-018 3.14105e-008 3.14105e-008
4.06 2.31096e-005 -3.65357e-005 -3.62829e-018 3.14105e-008 3.14105e-008
4.07 2.31096e-005 -3.65357e-005 -3.08819e-018 3.14105e-008 3.14105e-008
4.08 2.31096e-005 -3.65357e-005 -3.67828e-018 3.14105e-008 3.14105e-008
4.09 2.31096e-005 -3.65357e-005 -3.06189e-018 3.14105e-008 3.14105e-008
4.1 2.31096e-005 -3.65357e-005 -3.15289e-018 3.14105e-008 3.14105e-008
4.11 2.31096e-005 -3.65357e-005 -3.3116e-018 3.14105e-008 3.14105e-008
4.12 2.31096e-005 -3.65357e-005 -3.4349e-018 3.14105e-008 3.14105e-008
4.13 2.31096e-005 -3.65357e-005 -3.191e-018 3.14105e-008 3.14105e-008
4.14 2.31096e-005 -3.65357e-005 -3.52393e-018 3.14105e-008 3.14105e-008
4.15 2.31096e-005 -3.65357e-005 -3.17939e-018 3.14105e-008 3.14105e-008
4.16 2.31096e-005 -3.65357e-005 -3.51454e-018 3.14105e-008 3.14105e-008
4.17 2.31096e-005 -3.65357e-005 -4.08494e-018 3.14105e-008 3.14105e-008
4.18 2.31096e-005 -3.65357e-005 -3.00729e-018 3.14105e-008 3.14105e-008
4.19 2.31096e-005 -3.65357e-005 -3.65917e-018 3.14105e-008 3.14105e-008
4.2 2.31096e-005 -3.65357e-005 -5.04129e-018 3.14105e-008 3.14105e-008
4.21 2.31096e-005 -3.65357e-005 -8.05164e-018 3.14105e-008 3.14105e-008
4.22 2.31096e-005 -3.65357e-005 3.41958e-018 3.14105e-008 3.14105e-008
4.23 2.31096e-005 -3.65357e-005 -1.19637e-017 3.14105e-008 3.14105e-008
4.24 2.31096e-005 -3.65357e-005 2.22931e-018 3.14105e-008 3.14105e-008
4.25 2.31096e-005 -3.65357e-005 -1.02637e-017 3.14105e-008 3.14105e-008
4.26 2.31096e-005 -3.65357e-005 2.81942e-018 3.14105e-008 3.14105e-008
4.27 2.31096e-005 -3.65357e-005 -4.90185e-018 3.14105e-008 3.14105e-008
4.28 2.31096e-005 -3.65357e-005 3.33448e-018 3.14105e-008 3.14105e-008
4.29 2.31096e-005 -3.65357e-005 -4.59286e-018 3.14105e-008 3.14105e-008
4.3 2.31096e-005 -3.65357e-005 7.72114e-019 3.14105e-008 3.14105e-008
4.31 2.31096e-005 -3.65357e-005 -5.48073e-018 3.14105e-008 3.14105e-008
4.32 2.31096e-005 -3.65357e-005 1.55565e-018 3.14105e-008 3.14105e-008
4.33 2.31096e-005 -3.65357e-005 -7.1939e-018 3.14105e-008 3.14105e-008
4.34 2.31096e-005 -3.65357e-005 2.86332e-018 3.14105e-008 3.14105e-008
4.35 2.31096e-005 -3.65357e-005 -7.80842e-018 3.14105e-008 3.14105e-008
4.36 2.31096e-005 -3.65357e-005 -3.71246e-019 3.14105e-008 3.14105e-008
4.37 2.31096e-005 -3.65357e-005 -3.24941e-018 3.14105e-008 3.14105e-008
4.38 2.31096e-005 -3.65357e-005 -3.17519e-018 3.14105e-008 3.14105e-008
4.39 2.31096e-005 -3.65357e-005 -2.6277e-018 3.14105e-008 3.14105e-008
4.4 2.31096e-005 -3.65357e-005 -4.72254e-018 3.14105e-008 3.14105e-008
4.41 2.31096e-005 -3.65357e-005 -5.86177e-018 3.14105e-008 3.14105e-008
4.42 2.31096e-005 -3.65357e-005 -5.22884e-018 3.14105e-008 3.14105e-008
4.43 2.31096e-005 -3.65357e-005 -3.94225e-018 3.14105e-008 3.14105e-008
4.44 2.31096e-005 -3.65357e-005 -6.39274e-018 3.14105e-008 3.14105e-008
4.45 2.31096e-005 -3.65357e-005 -3.65305e-018 3.14105e-008 3.14105e-008
4.46 2.31096e-005 -3.65357e-005 -7.28076e-018 3.14105e-008 3.14105e-008
4.47 2.31096e-005 -3.65357e-005 -4.43604e-018 3.14105e-008 3.14105e-008
4.48 2.31096e-005 -3.65357e-005 -8.72656e-018 3.14105e-008 3.14105e-008
4.49 2.31096e-005 -3.65357e-005 -6.43259e-018 3.14105e-008 3.14105e-008
4.5 2.31096e-005 -3.65357e-005 -5.73561e-018 3.14105e-008 3.14105e-008
4.51 2.31096e-005 -3.65357e-005 -5.3438e-018 3.14105e-008 3.14105e-008
4.52 2.31096e-005 -3.65357e-005 -6.62946e-018 3.14105e-008 3.14105e-008
4.53 2.31096e-005 -3.65357e-005 -1.50502e-018 3.14105e-008 3.14105e-008
4.54 2.31096e-005 -3.65357e-005 -7.69322e-018 3.14105e-008 3.14105e-008
4.55 2.31096e-005 -3.65357e-005 -1.36498e-018 3.14105e-008 3.14105e-008
4.56 2.31096e-005 -3.65357e-005 -6.46932e-018 3.14105e-008 3.14105e-008
4.57 2.31096e-005 -3.65357e-005 -2.26809e-018 3.14105e-008 3.14105e-008
4.58 2.31096e-005 -3.65357e-005 -5.42376e-018 3.14105e-008 3.14105e-008
4.59 2.31096e-005 -3.65357e-005 -4.82301e-019 3.14105e-008 3.14105e-008
4.6 2.31096e-005 -3.65357e-005 -2.66536e-018 3.14105e-008 3.14105e-008
4.61 2.31096e-005 -3.65357e-005 -5.35256e-018 3.14105e-008 3.14105e-008
4.62 2.31096e-005 -3.65357e-005 -5.03603e-018 3.14105e-008 3.14105e-008
4.63 2.31096e-005 -3.65357e-005 -4.36972e-018 3.14105e-008 3.14105e-008
4.64 2.31096e-005 -3.65357e-005 -5.52826e-018 3.14105e-008 3.14105e-008
4.65 2.31096e-005 -3.65357e-005 -4.00048e-018 3.14105e-008 3.14105e-008
4.66 2.31096e-005 -3.65357e-005 -6.30611e-018 3.14105e-008 3.14105e-008
4.67 2.31096e-005 -3.65357e-005 -2.46657e-018 3.14105e-008 3.14105e-008
4.68 2.31096e-005 -3.65357e-005 -6.27773e-018 3.14105e-008 3.14105e-008
4.69 2.31096e-005 -3.65357e-005 -4.28364e-018 3.14105e-008 3.14105e-008
4.7 2.31096e-005 -3.65357e-005 -5.22568e-018 3.14105e-008 3.14105e-008
4.71 2.31096e-005 -3.65357e-005 -4.22657e-018 3.14105e-008 3.14105e-008
4.72 2.31096e-005 -3.65357e-005 -5.44495e-018 3.14105e-008 3.14105e-008
4.73 2.31096e-005 -3.65357e-005 -5.30176e-018 3.14105e-008 3.14105e-008
4.74 2.31096e-005 -3.65357e-005 -3.95993e-018 3.14105e-008 3.14105e-008
4.75 2.31096e-005 -3.65357e-005 -4.92796e-018 3.14105e-008 3.14105e-008
4.76 2.31096e-005 -3.65357e-005 -3.50852e-018 3.14105e-008 3.14105e-008
4.77 2.31096e-005 -3.65357e-005 -5.51113e-018 3.14105e-008 3.14105e-008
4.78 2.31096e-005 -3.65357e-005 -2.86315e-018 3.14105e-008 3.14105e-008
4.79 2.31096e-005 -3.65357e-005 -6.4954e-018 3.14105e-008 3.14105e-008
4.8 2.31096e-005 -3.65357e-005 -5.48659e-018 3.14105e-008 3.14105e-008
4.81 2.31096e-005 -3.65357e-005 -3.86253e-018 3.14105e-008 3.14105e-008
4.82 2.31096e-005 -3.65357e-005 -5.93013e-018 3.14105e-008 3.14105e-008
4.83 2.31096e-005 -3.65357e-005 -2.81235e-018 3.14105e-008 3.14105e-008
4.84 2.31096e-005 -3.65357e-005 -4.10986e-018 3.14105e-008 3.14105e-008
4.85 2.31096e-005 -3.65357e-005 -5.24326e-018 3.14105e-008 3.14105e-008
4.86 2.31096e-005 -3.65357e-005 -4.56548e-018 3.14105e-008 3.14105e-008
4.87 2.31096e-005 -3.65357e-005 -4.86434e-018 3.14105e-008 3.14105e-008
4.88 2.31096e-005 -3.65357e-005 -4.93862e-018 3.14105e-008 3.14105e-008
4.89 2.31096e-005 -3.65357e-005 -4.79803e-018 3.14105e-008 3.14105e-008
4.9 2.31096e-005 -3.65357e-005 -5.25597e-018 3.14105e-008 3.14105e-008
4.91 2.31096e-005 -3.65357e-005 -5.26482e-018 3.14105e-008 3.14105e-008
4.92 2.31096e-005 -3.65357e-005 -4.34349e-018 3.14105e-008 3.14105e-008
4.93 2.31096e-005 -3.65357e-005 -5.29052e-018 3.14105e-008 3.14105e-008
4.94 2.31096e-005 -3.65357e-005 -4.07786e-018 3.14105e-008 3.14105e-008
4.95 2.31096e-005 -3.65357e-005 -5.68287e-018 3.14105e-008 3.14105e-008
4.96 2.31096e-005 -3.65357e-005 -3.68791e-018 3.14105e-008 3.14105e-008
4.97 2.31096e-005 -3.65357e-005 -5.80089e-018 3.14105e-008 3.14105e-008
4.98 2.31096e-005 -3.65357e-005 -3.93826e-018 3.14105e-008 3.14105e-008
4.99 2.31096e-005 -3.65357e-005 -5.55718e-018 3.14105e-008 3.14105e-008
5 2.31096e-005 -3.65357e-005 -4.18436e-018 3.14105e-008 3.14105e-008
5.01 2.31096e-005 -3.65357e-005 -5.38457e-018 3.14105e-008 3.14105e-008
5.02 2.31096e-005 -3.65357e-005 -3.97496e-018 3.14105e-008 3.14105e-008
5.03 2.31096e-005 -3.65357e-005 -5.66282e-018 3.14105e-008 3.14105e-008
5.04 2.31096e-005 -3.65357e-005 -5.16571e-018 3.14105e-008 3.14105e-008
5.05 2.31096e-005 -3.65357e-005 -4.95191e-018 3.14105e-008 3.14105e-008
5.06 2.31096e-005 -3.65357e-005 -4.78804e-018 3.14105e-008 3.14105e-008
5.07 2.31096e-005 -3.65357e-005 -6.44156e-018 3.14105e-008 3.14105e-008
5.08 2.31096e-005 -3.65357e-005 -4.62251e-018 3.14105e-008 3.14105e-008
5.09 2.31096e-005 -3.65357e-005 -5.15889e-018 3.14105e-008 3.14105e-008
5.1 2.31096e-005 -3.65357e-005 -4.23935e-018 3.14105e-008 3.14105e-008
5.11 2.31096e-005 -3.65357e-005 -4.56128e-018 3.14105e-008 3.14105e-008
5.12 2.31096e-005 -3.65357e-005 -6.33303e-018 3.14105e-008 3.14105e-008
5.13 2.31096e-005 -3.65357e-005 -4.47568e-018 3.14105e-008 3.14105e-008
5.14 2.31096e-005 -3.65357e-005 -9.00376e-018 3.14105e-008 3.14105e-008
5.15 2.31096e-005 -3.65357e-005 -5.85168e-018 3.14105e-008 3.14105e-008
5.16 2.31096e-005 -3.65357e-005 -6.08142e-018 3.14105e-008 3.14105e-008
5.17 2.31096e-005 -3.65357e-005 -6.34874e-018 3.14105e-008 3.14105e-008
5.18 2.31096e-005 -3.65357e-005 -5.78803e-018 3.14105e-008 3.14105e-008
5.19 2.31096e-005 -3.65357e-005 -5.48999e-018 3.14105e-008 3.14105e-008
5.2 2.31096e-005 -3.65357e-005 -6.06868e-018 3.14105e-008 3.14105e-008
5.21 2.31096e-005 -3.65357e-005 -5.80135e-018 3.14105e-008 3.14105e-008
5.22 2.31096e-005 -3.65357e-005 -6.16549e-018 3.14105e-008 3.14105e-008
5.23 2.31096e-005 -3.65357e-005 -5.63058e-018 3.14105e-008 3.14105e-008
5.24 2.31096e-005 -3.65357e-005 -6.01249e-018 3.14105e-008 3.14105e-008
5.25 2.31096e-005 -3.65357e-005 -5.38337e-018 3.14105e-008 3.14105e-008
5.26 2.31096e-005 -3.65357e-005 -4.83031e-018 3.14105e-008 3.14105e-008
5.27 2.31096e-005 -3.65357e-005 -6.90482e-018 3.14105e-008 3.14105e-008
5.28 2.31096e-005 -3.65357e-005 -3.54128e-018 3.14105e-008 3.14105e-008
5.29 2.31096e-005 -3.65357e-005 -4.46821e-018 3.14105e-008 3.14105e-008
5.3 2.31096e-005 -3.65357e-005 -5.73553e-018 3.14105e-008 3.14105e-008
5.31 2.31096e-005 -3.65357e-005 -3.06654e-018 3.14105e-008 3.14105e-008
5.32 2.31096e-005 -3.65357e-005 -5.38777e-018 3.14105e-008 3.14105e-008
5.33 2.31096e-005 -3.65357e-005 -4.10913e-018 3.14105e-008 3.14105e-008
5.34 2.31096e-005 -3.65357e-005 -5.10054e-018 3.14105e-008 3.14105e-008
5.35 2.31096e-005 -3.65357e-005 -2.60685e-018 3.14105e-008 3.14105e-008
5.36 2.31096e-005 -3.65357e-005 -2.52128e-018 3.14105e-008 3.14105e-008
5.37 2.31096e-005 -3.65357e-005 -5.57824e-018 3.14105e-008 3.14105e-008
5.38 2.31096e-005 -3.65357e-005 -4.05532e-018 3.14105e-008 3.14105e-008
5.39 2.31096e-005 -3.65357e-005 -3.76278e-018 3.14105e-008 3.14105e-008
5.4 2.31096e-005 -3.65357e-005 -4.63579e-018 3.14105e-008 3.14105e-008
5.41 2.31096e-005 -3.65357e-005 -2.51115e-018 3.14105e-008 3.14105e-008
5.42 2.31096e-005 -3.65357e-005 -2.35382e-018 3.14105e-008 3.14105e-008
5.43 2.31096e-005 -3.65357e-005 -4.83006e-018 3.14105e-008 3.14105e-008
5.44 2.31096e-005 -3.65357e-005 -3.62346e-018 3.14105e-008 3.14105e-008
5.45 2.31096e-005 -3.65357e-005 -5.07203e-018 3.14105e-008 3.14105e-008
5.46 2.31096e-005 -3.65357e-005 -3.45949e-018 3.14105e-008 3.14105e-008
5.47 2.31096e-005 -3.65357e-005 -6.25058e-018 3.14105e-008 3.14105e-008
5.48 2.31096e-005 -3.65357e-005 -9.37029e-018 3.14105e-008 3.14105e-008
5.49 2.31096e-005 -3.65357e-005 -3.54402e-018 3.14105e-008 3.14105e-008
5.5 2.31096e-005 -3.65357e-005 -8.67722e-018 3.14105e-008 3.14105e-008
5.51 2.31096e-005 -3.65357e-005 -1.0249e-017 3.14105e-008 3.14105e-008
5.52 2.31096e-005 -3.65357e-005 -6.62323e-018 3.14105e-008 3.14105e-008
5.53 2.31096e-005 -3.65357e-005 -1.17441e-017 3.14105e-008 3.14105e-008
5.54 2.31096e-005 -3.65357e-005 -9.76896e-018 3.14105e-008 3.14105e-008
5.55 2.31096e-005 -3.65357e-005 -1.15644e-017 3.14105e-008 3.14105e-008
5.56 2.31096e-005 -3.65357e-005 -1.03639e-017 3.14105e-008 3.14105e-008
5.57 2.31096e-005 -3.65357e-005 -9.87034e-018 3.14105e-008 3.14105e-008
5.58 2.31096e-005 -3.65357e-005 -1.0085e-017 3.14105e-008 3.14105e-008
5.59 2.31096e-005 -3.65357e-005 -9.77609e-018 3.14105e-008 3.14105e-008
5.6 2.31096e-005 -3.65357e-005 -1.03584e-017 3.14105e-008 3.14105e-008
5.61 2.31096e-005 -3.65357e-005 -9.51824e-018 3.14105e-008 3.14105e-008
5.62 2.31096e-005 -3.65357e-005 -9.19484e-018 3.14105e-008 3.14105e-008
5.63 2.31096e-005 -3.65357e-005 -9.71185e-018 3.14105e-008 3.14105e-008
5.64 2.31096e-005 -3.65357e-005 -9.40086e-018 3.14105e-008 3.14105e-008
5.65 2.31096e-005 -3.65357e-005 -9.94073e-018 3.14105e-008 3.14105e-008
5.66 2.31096e-005 -3.65357e-005 -9.98487e-018 3.14105e-008 3.14105e-008
5.67 2.31096e-005 -3.65357e-005 -9.23222e-018 3.14105e-008 3.14105e-008
5.68 2.31096e-005 -3.65357e-005 -1.01317e-017 3.14105e-008 3.14105e-008
5.69 2.31096e-005 -3.65357e-005 -9.21148e-018 3.14105e-008 3.14105e-008
5.7 2.31096e-005 -3.65357e-005 -7.93309e-018 3.14105e-008 3.14105e-008
5.71 2.31096e-005 -3.65357e-005 -9.55702e-018 3.14105e-008 3.14105e-008
5.72 2.31096e-005 -3.65357e-005 -9.28521e-018 3.14105e-008 3.14105e-008
5.73 2.31096e-005 -3.65357e-005 -9.62145e-018 3.14105e-008 3.14105e-008
5.74 2.31096e-005 -3.65357e-005 -9.23216e-018 3.14105e-008 3.14105e-008
5.75 2.31096e-005 -3.65357e-005 -9.77923e-018 3.14105e-008 3.14105e-008
5.76 2.31096e-005 -3.65357e-005 -9.02775e-018 3.14105e-008 3.14105e-008
5.77 2.31096e-005 -3.65357e-005 -9.4053e-018 3.14105e-008 3.14105e-008
5.78 2.31096e-005 -3.65357e-005 -8.84192e-018 3.14105e-008 3.14105e-008
5.79 2.31096e-005 -3.65357e-005 -1.00626e-017 3.14105e-008 3.14105e-008
5.8 2.31096e-005 -3.65357e-005 -9.47666e-018 3.14105e-008 3.14105e-008
5.81 2.31096e-005 -3.65357e-005 -1.01507e-017 3.14105e-008 3.14105e-008
5.82 2.31096e-005 -3.65357e-005 -9.86994e-018 3.14105e-008 3.14105e-008
5.83 2.31096e-005 -3.65357e-005 -9.39703e-018 3.14105e-008 3.14105e-008
5.84 2.31096e-005 -3.65357e-005 -9.84909e-018 3.14105e-008 3.14105e-008
5.85 2.31096e-005 -3.65357e-005 -7.7137e-018 3.14105e-008 3.14105e-008
5.86 2.31096e-005 -3.65357e-005 -9.87658e-018 3.14105e-008 3.14105e-008
5.87 2.31096e-005 -3.65357e-005 -6.51137e-018 3.14105e-008 3.14105e-008
5.88 2.31096e-005 -3.65357e-005 -9.39639e-018 3.14105e-008 3.14105e-008
5.89 2.31096e-005 -3.65357e-005 -6.21071e-018 3.14105e-008 3.14105e-008
5.9 2.31096e-005 -3.65357e-005 -9.02192e-018 3.14105e-008 3.14105e-008
5.91 2.31096e-005 -3.65357e-005 -6.52177e-018 3.14105e-008 3.14105e-008
5.92 2.31096e-005 -3.65357e-005 -9.97612e-018 3.14105e-008 3.14105e-008
5.93 2.31096e-005 -3.65357e-005 -4.96122e-018 3.14105e-008 3.14105e-008
5.94 2.31096e-005 -3.65357e-005 -1.07291e-017 3.14105e-008 3.14105e-008
5.95 2.31096e-005 -3.65357e-005 -3.44691e-018 3.14105e-008 3.14105e-008
5.96 2.31096e-005 -3.65357e-005 -1.10348e-017 3.14105e-008 3.14105e-008
5.97 2.31096e-005 -3.65357e-005 -4.63014e-018 3.14105e-008 3.14105e-008
5.98 2.31096e-005 -3.65357e-005 -1.01234e-017 3.14105e-008 3.14105e-008
5.99 2.31096e-005 -3.65357e-005 -4.63575e-018 3.14105e-008 3.14105e-008
6 2.31096e-005 -3.65357e-005 -7.64584e-018 3.14105e-008 3.14105e-008
6.01 2.31096e-005 -3.65357e-005 -8.33101e-018 3.14105e-008 3.14105e-008
6.02 2.31096e-005 -3.65357e-005 -6.623e-018 3.14105e-008 3.14105e-008
6.03 2.31096e-005 -3.65357e-005 -6.68584e-018 3.14105e-008 3.14105e-008
6.04 2.31096e-005 -3.65357e-005 -6.42485e-018 3.14105e-008 3.14105e-008
6.05 2.31096e-005 -3.65357e-005 -6.5201e-018 3.14105e-008 3.14105e-008
6.06 2.31096e-005 -3.65357e-005 -6.75168e-018 3.14105e-008 3.14105e-008
6.07 2.31096e-005 -3.65357e-005 -7.13737e-018 3.14105e-008 3.14105e-008
6.08 2.31096e-005 -3.65357e-005 -8.23417e-018 3.14105e-008 3.14105e-008
6.09 2.31096e-005 -3.65357e-005 -6.28973e-018 3.14105e-008 3.14105e-008
6.1 2.31096e-005 -3.65357e-005 -7.407e-018 3.14105e-008 3.14105e-008
6.11 2.31096e-005 -3.65357e-005 -7.5277e-018 3.14105e-008 3.14105e-008
6.12 2.31096e-005 -3.65357e-005 -8.40451e-018 3.14105e-008 3.14105e-008
6.13 2.31096e-005 -3.65357e-005 -8.57089e-018 3.14105e-008 3.14105e-008
6.14 2.31096e-005 -3.65357e-005 -8.09572e-018 3.14105e-008 3.14105e-008
6.15 2.31096e-005 -3.65357e-005 -7.08376e-018 3.14105e-008 3.14105e-008
6.16 2.31096e-005 -3.65357e-005 -4.15706e-018 3.14105e-008 3.14105e-008
6.17 2.31096e-005 -3.65357e-005 -4.05477e-018 3.14105e-008 3.14105e-008
6.18 2.31096e-005 -3.65357e-005 -6.23697e-018 3.14105e-008 3.14105e-008
6.19 2.31096e-005 -3.65357e-005 -4.8757e-018 3.14105e-008 3.14105e-008
6.2 2.31096e-005 -3.65357e-005 -6.49857e-018 3.14105e-008 3.14105e-008
6.21 2.31096e-005 -3.65357e-005 -4.20186e-018 3.14105e-008 3.14105e-008
6.22 2.31096e-005 -3.65357e-005 -5.7371e-018 3.14105e-008 3.14105e-008
6.23 2.31096e-005 -3.65357e-005 -2.3957e-018 3.14105e-008 3.14105e-008
6.24 2.31096e-005 -3.65357e-005 -6.55927e-018 3.14105e-008 3.14105e-008
6.25 2.31096e-005 -3.65357e-005 -6.61923e-018 3.14105e-008 3.14105e-008
6.26 2.31096e-005 -3.65357e-005 -7.84031e-018 3.14105e-008 3.14105e-008
6.27 2.31096e-005 -3.65357e-005 -5.1842e-018 3.14105e-008 3.14105e-008
6.28 2.31096e-005 -3.65357e-005 -1.43126e-017 3.14105e-008 3.14105e-008
6.29 2.31096e-005 -3.65357e-005 -8.97372e-018 3.14105e-008 3.14105e-008
6.3 2.31096e-005 -3.65357e-005 -9.23751e-018 3.14105e-008 3.14105e-008
6.31 2.31096e-005 -3.65357e-005 -5.85737e-018 3.14105e-008 3.14105e-008
6.32 2.31096e-005 -3.65357e-005 -7.77888e-018 3.14105e-008 3.14105e-008
6.33 2.31096e-005 -3.65357e-005 -6.05723e-018 3.14105e-008 3.14105e-008
6.34 2.31096e-005 -3.65357e-005 -8.37729e-018 3.14105e-008 3.14105e-008
6.35 2.31096e-005 -3.65357e-005 -5.94322e-018 3.14105e-008 3.14105e-008
6.36 2.31096e-005 -3.65357e-005 -7.268e-018 3.14105e-008 3.14105e-008
6.37 2.31096e-005 -3.65357e-005 -6.69808e-018 3.14105e-008 3.14105e-008
6.38 2.31096e-005 -3.65357e-005 -7.06926e-018 3.14105e-008 3.14105e-008
6.39 2.31096e-005 -3.65357e-005 -6.6948e-018 3.14105e-008 3.14105e-008
6.4 2.31096e-005 -3.65357e-005 -7.25326e-018 3.14105e-008 3.14105e-008
6.41 2.31096e-005 -3.65357e-005 -6.84239e-018 3.14105e-008 3.14105e-008
6.42 2.31096e-005 -3.65357e-005 -7.08745e-018 3.14105e-008 3.14105e-008
6.43 2.31096e-005 -3.65357e-005 -6.84421e-018 3.14105e-008 3.14105e-008
6.44 2.31096e-005 -3.65357e-005 -6.6961e-018 3.14105e-008 3.14105e-008
6.45 2.31096e-005 -3.65357e-005 -7.18351e-018 3.14105e-008 3.14105e-008
6.46 2.31096e-005 -3.65357e-005 -6.49946e-018 3.14105e-008 3.14105e-008
6.47 2.31096e-005 -3.65357e-005 -6.21853e-018 3.14105e-008 3.14105e-008
6.48 2.31096e-005 -3.65357e-005 -7.7291e-018 3.14105e-008 3.14105e-008
6.49 2.31096e-005 -3.65357e-005 -6.34881e-018 3.14105e-008 3.14105e-008
6.5 2.31096e-005 -3.65357e-005 -7.88961e-018 3.14105e-008 3.14105e-008
6.51 2.31096e-005 -3.65357e-005 -9.12234e-018 3.14105e-008 3.14105e-008
6.52 2.31096e-005 -3.65357e-005 -9.0326e-018 3.14105e-008 3.14105e-008
6.53 2.31096e-005 -3.65357e-005 -9.25791e-018 3.14105e-008 3.14105e-008
6.54 2.31096e-005 -3.65357e-005 -1.02741e-017 3.14105e-008 3.14105e-008
6.55 2.31096e-005 -3.65357e-005 -8.50986e-018 3.14105e-008 3.14105e-008
6.56 2.31096e-005 -3.65357e-005 -9.93797e-018 3.14105e-008 3.14105e-008
6.57 2.31096e-005 -3.65357e-005 -8.32387e-018 3.14105e-008 3.14105e-008
6.58 2.31096e-005 -3.65357e-005 -8.92651e-018 3.14105e-008 3.14105e-008
6.59 2.31096e-005 -3.65357e-005 -9.23083e-018 3.14105e-008 3.14105e-008
6.6 2.31096e-005 -3.65357e-005 -8.82765e-018 3.14105e-008 3.14105e-008
6.61 2.31096e-005 -3.65357e-005 -9.38445e-018 3.14105e-008 3.14105e-008
6.62 2.31096e-005 -3.65357e-005 -8.78164e-018 3.14105e-008 3.14105e-008
6.63 2.31096e-005 -3.65357e-005 -8.38615e-018 3.14105e-008 3.14105e-008
6.64 2.31096e-005 -3.65357e-005 -9.408e-018 3.14105e-008 3.14105e-008
6.65 2.31096e-005 -3.65357e-005 -1.02428e-017 3.14105e-008 3.14105e-008
6.66 2.31096e-005 -3.65357e-005 -7.86872e-018 3.14105e-008 3.14105e-008
6.67 2.31096e-005 -3.65357e-005 -8.3776e-018 3.14105e-008 3.14105e-008
6.68 2.31096e-005 -3.65357e-005 -1.03313e-017 3.14105e-008 3.14105e-008
6.69 2.31096e-005 -3.65357e-005 -7.06106e-018 3.14105e-008 3.14105e-008
6.7 2.31096e-005 -3.65357e-005 -3.75609e-018 3.14105e-008 3.14105e-008
6.71 2.31096e-005 -3.65357e-005 -9.76216e-018 3.14105e-008 3.14105e-008
6.72 2.31096e-005 -3.65357e-005 -8.9446e-018 3.14105e-008 3.14105e-008
6.73 2.31096e-005 -3.65357e-005 -6.52139e-018 3.14105e-008 3.14105e-008
6.74 2.31096e-005 -3.65357e-005 -9.79906e-018 3.14105e-008 3.14105e-008
6.75 2.31096e-005 -3.65357e-005 -7.69067e-018 3.14105e-008 3.14105e-008
6.76 2.31096e-005 -3.65357e-005 -9.238e-018 3.14105e-008 3.14105e-008
6.77 2.31096e-005 -3.65357e-005 -7.15738e-018 3.14105e-008 3.14105e-008
6.78 2.31096e-005 -3.65357e-005 -8.25243e-018 3.14105e-008 3.14105e-008
6.79 2.31096e-005 -3.65357e-005 -8.39105e-018 3.14105e-008 3.14105e-008
6.8 2.31096e-005 -3.65357e-005 -6.64071e-018 3.14105e-008 3.14105e-008
6.81 2.31096e-005 -3.65357e-005 -8.26848e-018 3.14105e-008 3.14105e-008
6.82 2.31096e-005 -3.65357e-005 -1.01966e-017 3.14105e-008 3.14105e-008
6.83 2.31096e-005 -3.65357e-005 -6.19488e-018 3.14105e-008 3.14105e-008
6.84 2.31096e-005 -3.65357e-005 -9.93e-018 3.14105e-008 3.14105e-008
6.85 2.31096e-005 -3.65357e-005 -8.23698e-018 3.14105e-008 3.14105e-008
6.86 2.31096e-005 -3.65357e-005 -9.04138e-018 3.14105e-008 3.14105e-008
6.87 2.31096e-005 -3.65357e-005 -6.26468e-018 3.14105e-008 3.14105e-008
6.88 2.31096e-005 -3.65357e-005 -2.04071e-018 3.14105e-008 3.14105e-008
6.89 2.31096e-005 -3.65357e-005 1.52171e-018 3.14105e-008 3.14105e-008
6.9 2.31096e-005 -3.65357e-005 -1.97553e-018 3.14105e-008 3.14105e-008
6.91 2.31096e-005 -3.65357e-005 -1.38085e-018 3.14105e-008 3.14105e-008
6.92 2.31096e-005 -3.65357e-005 -5.39146e-018 3.14105e-008 3.14105e-008
6.93 2.31096e-005 -3.65357e-005 -5.59765e-018 3.14105e-008 3.14105e-008
6.94 2.31096e-005 -3.65357e-005 -5.96143e-018 3.14105e-008 3.14105e-008
6.95 2.31096e-005 -3.65357e-005 -2.41816e-018 3.14105e-008 3.14105e-008
6.96 2.31096e-005 -3.65357e-005 -5.93026e-018 3.14105e-008 3.14105e-008
6.97 2.31096e-005 -3.65357e-005 -2.33067e-018 3.14105e-008 3.14105e-008
6.98 2.31096e-005 -3.65357e-005 -5.99472e-018 3.14105e-008 3.14105e-008
6.99 2.31096e-005 -3.65357e-005 -6.07649e-018 3.14105e-008 3.14105e-008
7 2.31096e-005 -3.65357e-005 -3.39308e-018 3.14105e-008 3.14105e-008
7.01 2.31096e-005 -3.65357e-005 -6.00061e-018 3.14105e-008 3.14105e-008
7.02 2.31096e-005 -3.65357e-005 -4.8642e-018 3.14105e-008 3.14105e-008
7.03 2.31096e-005 -3.65357e-005 -5.01909e-018 3.14105e-008 3.14105e-008
7.04 2.31096e-005 -3.65357e-005 -5.12856e-018 3.14105e-008 3.14105e-008
7.05 2.31096e-005 -3.65357e-005 -4.94302e-018 3.14105e-008 3.14105e-008
7.06 2.31096e-005 -3.65357e-005 -5.13505e-018 3.14105e-008 3.14105e-008
7.07 2.31096e-005 -3.65357e-005 -5.30676e-018 3.14105e-008 3.14105e-008
7.08 2.31096e-005 -3.65357e-005 -5.38202e-018 3.14105e-008 3.14105e-008
7.09 2.31096e-005 -3.65357e-005 -5.33001e-018 3.14105e-008 3.14105e-008
7.1 2.31096e-005 -3.65357e-005 -5.35473e-018 3.14105e-008 3.14105e-008
7.11 2.31096e-005 -3.65357e-005 -5.52622e-018 3.14105e-008 3.14105e-008
7.12 2.31096e-005 -3.65357e-005 -4.47809e-018 3.14105e-008 3.14105e-008
7.13 2.31096e-005 -3.65357e-005 -6.16796e-018 3.14105e-008 3.14105e-008
7.14 2.31096e-005 -3.65357e-005 -5.03201e-018 3.14105e-008 3.14105e-008
7.15 2.31096e-005 -3.65357e-005 -6.71804e-018 3.14105e-008 3.14105e-008
7.16 2.31096e-005 -3.65357e-005 -4.88455e-018 3.14105e-008 3.14105e-008
7.17 2.31096e-005 -3.65357e-005 -5.63792e-018 3.14105e-008 3.14105e-008
7.18 2.31096e-005 -3.65357e-005 -5.86218e-018 3.14105e-008 3.14105e-008
7.19 2.31096e-005 -3.65357e-005 -6.79127e-018 3.14105e-008 3.14105e-008
7.2 2.31096e-005 -3.65357e-005 -6.9252e-018 3.14105e-008 3.14105e-008
7.21 2.31096e-005 -3.65357e-005 -6.63618e-018 3.14105e-008 3.14105e-008
7.22 2.31096e-005 -3.65357e-005 -6.95214e-018 3.14105e-008 3.14105e-008
7.23 2.31096e-005 -3.65357e-005 -5.35426e-018 3.14105e-008 3.14105e-008
7.24 2.31096e-005 -3.65357e-005 -8.2187e-018 3.14105e-008 3.14105e-008
7.25 2.31096e-005 -3.65357e-005 -6.26869e-018 3.14105e-008 3.14105e-008
7.26 2.31096e-005 -3.65357e-005 -1.29987e-017 3.14105e-008 3.14105e-008
7.27 2.31096e-005 -3.65357e-005 -4.8312e-018 3.14105e-008 3.14105e-008
7.28 2.31096e-005 -3.65357e-005 -1.18122e-017 3.14105e-008 3.14105e-008
7.29 2.31096e-005 -3.65357e-005 -4.06494e-018 3.14105e-008 3.14105e-008
7.3 2.31096e-005 -3.65357e-005 -5.74945e-018 3.14105e-008 3.14105e-008
7.31 2.31096e-005 -3.65357e-005 -8.35093e-018 3.14105e-008 3.14105e-008
7.32 2.31096e-005 -3.65357e-005 -1.05764e-017 3.14105e-008 3.14105e-008
7.33 2.31096e-005 -3.65357e-005 -8.03543e-018 3.14105e-008 3.14105e-008
7.34 2.31096e-005 -3.65357e-005 -7.83289e-018 3.14105e-008 3.14105e-008
7.35 2.31096e-005 -3.65357e-005 -8.47423e-018 3.14105e-008 3.14105e-008
7.36 2.31096e-005 -3.65357e-005 -8.58989e-018 3.14105e-008 3.14105e-008
7.37 2.31096e-005 -3.65357e-005 -8.63165e-018 3.14105e-008 3.14105e-008
7.38 2.31096e-005 -3.65357e-005 -8.89559e-018 3.14105e-008 3.14105e-008
7.39 2.31096e-005 -3.65357e-005 -9.57455e-018 3.14105e-008 3.14105e-008
7.4 2.31096e-005 -3.65357e-005 -8.43924e-018 3.14105e-008 3.14105e-008
7.41 2.31096e-005 -3.65357e-005 -9.01993e-018 3.14105e-008 3.14105e-008
7.42 2.31096e-005 -3.65357e-005 -8.26841e-018 3.14105e-008 3.14105e-008
7.43 2.31096e-005 -3.65357e-005 -8.26674e-018 3.14105e-008 3.14105e-008
7.44 2.31096e-005 -3.65357e-005 -8.09505e-018 3.14105e-008 3.14105e-008
7.45 2.31096e-005 -3.65357e-005 -8.6991e-018 3.14105e-008 3.14105e-008
7.46 2.31096e-005 -3.65357e-005 -7.70282e-018 3.14105e-008 3.14105e-008
7.47 2.31096e-005 -3.65357e-005 -7.97881e-018 3.14105e-008 3.14105e-008
7.48 2.31096e-005 -3.65357e-005 -7.60847e-018 3.14105e-008 3.14105e-008
7.49 2.31096e-005 -3.65357e-005 -7.84717e-018 3.14105e-008 3.14105e-008
7.5 2.31096e-005 -3.65357e-005 -7.10772e-018 3.14105e-008 3.14105e-008
7.51 2.31096e-005 -3.65357e-005 -1.23552e-017 3.14105e-008 3.14105e-008
7.52 2.31096e-005 -3.65357e-005 -5.98626e-018 3.14105e-008 3.14105e-008
7.53 2.31096e-005 -3.65357e-005 -9.33023e-018 3.14105e-008 3.14105e-008
7.54 2.31096e-005 -3.65357e-005 -6.96587e-018 3.14105e-008 3.14105e-008
7.55 2.31096e-005 -3.65357e-005 -7.86234e-018 3.14105e-008 3.14105e-008
7.56 2.31096e-005 -3.65357e-005 -7.98289e-018 3.14105e-008 3.14105e-008
7.57 2.31096e-005 -3.65357e-005 -1.04172e-017 3.14105e-008 3.14105e-008
7.58 2.31096e-005 -3.65357e-005 -1.03792e-017 3.14105e-008 3.14105e-008
7.59 2.31096e-005 -3.65357e-005 -1.10875e-017 3.14105e-008 3.14105e-008
7.6 2.31096e-005 -3.65357e-005 -4.20725e-018 3.14105e-008 3.14105e-008
7.61 2.31096e-005 -3.65357e-005 -3.57317e-018 3.14105e-008 3.14105e-008
7.62 2.31096e-005 -3.65357e-005 -7.76053e-018 3.14105e-008 3.14105e-008
7.63 2.31096e-005 -3.65357e-005 -5.38504e-019 3.14105e-008 3.14105e-008
7.64 2.31096e-005 -3.65357e-005 -7.82608e-018 3.14105e-008 3.14105e-008
7.65 2.31096e-005 -3.65357e-005 -6.81996e-019 3.14105e-008 3.14105e-008
7.66 2.31096e-005 -3.65357e-005 -2.02705e-017 3.14105e-008 3.14105e-008
7.67 2.31096e-005 -3.65357e-005 5.90342e-019 3.14105e-008 3.14105e-008
7.68 2.31096e-005 -3.65357e-005 -1.23063e-017 3.14105e-008 3.14105e-008
7.69 2.31096e-005 -3.65357e-005 -7.20674e-018 3.14105e-008 3.14105e-008
7.7 2.31096e-005 -3.65357e-005 -1.2141e-017 3.14105e-008 3.14105e-008
7.71 2.31096e-005 -3.65357e-005 -4.24993e-018 3.14105e-008 3.14105e-008
7.72 2.31096e-005 -3.65357e-005 -1.01643e-017 3.14105e-008 3.14105e-008
7.73 2.31096e-005 -3.65357e-005 -9.11581e-018 3.14105e-008 3.14105e-008
7.74 2.31096e-005 -3.65357e-005 -9.85652e-018 3.14105e-008 3.14105e-008
7.75 2.31096e-005 -3.65357e-005 -1.18093e-017 3.14105e-008 3.14105e-008
7.76 2.31096e-005 -3.65357e-005 -6.28458e-018 3.14105e-008 3.14105e-008
7.77 2.31096e-005 -3.65357e-005 -8.65186e-018 3.14105e-008 3.14105e-008
7.78 2.31096e-005 -3.65357e-005 -8.62864e-018 3.14105e-008 3.14105e-008
7.79 2.31096e-005 -3.65357e-005 -8.81115e-018 3.14105e-008 3.14105e-008
7.8 2.31096e-005 -3.65357e-005 -8.45856e-018 3.14105e-008 3.14105e-008
7.81 2.31096e-005 -3.65357e-005 -8.19427e-018 3.14105e-008 3.14105e-008
7.82 2.31096e-005 -3.65357e-005 -7.80358e-018 3.14105e-008 3.14105e-008
7.83 2.31096e-005 -3.65357e-005 -8.99888e-018 3.14105e-008 3.14105e-008
7.84 2.31096e-005 -3.65357e-005 -9.11259e-018 3.14105e-008 3.14105e-008
7.85 2.31096e-005 -3.65357e-005 -8.12899e-018 3.14105e-008 3.14105e-008
7.86 2.31096e-005 -3.65357e-005 -1.07642e-017 3.14105e-008 3.14105e-008
7.87 2.31096e-005 -3.65357e-005 -9.45568e-018 3.14105e-008 3.14105e-008
7.88 2.31096e-005 -3.65357e-005 -9.1036e-018 3.14105e-008 3.14105e-008
7.89 2.31096e-005 -3.65357e-005 -9.09442e-018 3.14105e-008 3.14105e-008
7.9 2.31096e-005 -3.65357e-005 -8.98478e-018 3.14105e-008 3.14105e-008
7.91 2.31096e-005 -3.65357e-005 -9.02165e-018 3.14105e-008 3.14105e-008
7.92 2.31096e-005 -3.65357e-005 -9.02646e-018 3.14105e-008 3.14105e-008
7.93 2.31096e-005 -3.65357e-005 -9.0274e-018 3.14105e-008 3.14105e-008
7.94 2.31096e-005 -3.65357e-005 -9.01979e-018 3.14105e-008 3.14105e-008
7.95 2.31096e-005 -3.65357e-005 -9.02069e-018 3.14105e-008 3.14105e-008
7.96 2.31096e-005 -3.65357e-005 -9.01441e-018 3.14105e-008 3.14105e-008
7.97 2.31096e-005 -3.65357e-005 -9.02223e-018 3.14105e-008 3.14105e-008
7.98 2.31096e-005 -3.65357e-005 -9.01392e-018 3.14105e-008 3.14105e-008
7.99 2.31096e-005 -3.65357e-005 -9.02101e-018 3.14105e-008 3.14105e-008
8 2.31096e-005 -3.65357e-005 -9.01175e-018 3.14105e-008 3.14105e-008
8.01 2.31096e-005 -3.65357e-005 -9.01774e-018 3.14105e-008 3.14105e-008
8.02 2.31096e-005 -3.65357e-005 -9.01975e-018 3.14105e-008 3.14105e-008
8.03 2.31096e-005 -3.65357e-005 -9.01881e-018 3.14105e-008 3.14105e-008
8.04 2.31096e-005 -3.65357e-005 -9.01691e-018 3.14105e-008 3.14105e-008
8.05 2.31096e-005 -3.65357e-005 -6.07439e-018 3.14105e-008 3.14105e-008
8.06 2.31096e-005 -3.65357e-005 -9.71199e-018 3.14105e-008 3.14105e-008
8.07 2.31096e-005 -3.65357e-005 -5.86657e-018 3.14105e-008 3.14105e-008
8.08 2.31096e-005 -3.65357e-005 -5.79926e-018 3.14105e-008 3.14105e-008
8.09 2.31096e-005 -3.65357e-005 -4.61482e-018 3.14105e-008 3.14105e-008
8.1 2.31096e-005 -3.65357e-005 -1.26523e-017 3.14105e-008 3.14105e-008
8.11 2.31096e-005 -3.65357e-005 1.40956e-019 3.14105e-008 3.14105e-008
8.12 2.31096e-005 -3.65357e-005 -1.28652e-017 3.14105e-008 3.14105e-008
8.13 2.31096e-005 -3.65357e-005 2.34937e-018 3.14105e-008 3.14105e-008
8.14 2.31096e-005 -3.65357e-005 -8.262e-018 3.14105e-008 3.14105e-008
8.15 2.31096e-005 -3.65357e-005 -5.89722e-018 3.14105e-008 3.14105e-008
8.16 2.31096e-005 -3.65357e-005 -5.37148e-018 3.14105e-008 3.14105e-008
8.17 2.31096e-005 -3.65357e-005 -8.20025e-018 3.14105e-008 3.14105e-008
8.18 2.31096e-005 -3.65357e-005 -8.67454e-018 3.14105e-008 3.14105e-008
8.19 2.31096e-005 -3.65357e-005 -5.13534e-018 3.14105e-008 3.14105e-008
8.2 2.31096e-005 -3.65357e-005 -9.07381e-018 3.14105e-008 3.14105e-008
8.21 2.31096e-005 -3.65357e-005 -7.01642e-018 3.14105e-008 3.14105e-008
8.22 2.31096e-005 -3.65357e-005 -8.19653e-018 3.14105e-008 3.14105e-008
8.23 2.31096e-005 -3.65357e-005 -8.94343e-018 3.14105e-008 3.14105e-008
8.24 2.31096e-005 -3.65357e-005 -8.75123e-018 3.14105e-008 3.14105e-008
8.25 2.31096e-005 -3.65357e-005 -1.10875e-017 3.14105e-008 3.14105e-008
8.26 2.31096e-005 -3.65357e-005 -9.94747e-018 3.14105e-008 3.14105e-008
8.27 2.31096e-005 -3.65357e-005 -5.95631e-018 3.14105e-008 3.14105e-008
8.28 2.31096e-005 -3.65357e-005 -5.47463e-018 3.14105e-008 3.14105e-008
8.29 2.31096e-005 -3.65357e-005 -5.17696e-018 3.14105e-008 3.14105e-008
8.3 2.31096e-005 -3.65357e-005 -1.0674e-017 3.14105e-008 3.14105e-008
8.31 2.31096e-005 -3.65357e-005 -8.16417e-018 3.14105e-008 3.14105e-008
8.32 2.31096e-005 -3.65357e-005 -5.65425e-018 3.14105e-008 3.14105e-008
8.33 2.31096e-005 -3.65357e-005 -8.59498e-018 3.14105e-008 3.14105e-008
8.34 2.31096e-005 -3.65357e-005 -7.88791e-018 3.14105e-008 3.14105e-008
8.35 2.31096e-005 -3.65357e-005 -7.19661e-018 3.14105e-008 3.14105e-008
8.36 2.31096e-005 -3.65357e-005 -6.35679e-018 3.14105e-008 3.14105e-008
8.37 2.31096e-005 -3.65357e-005 -6.00889e-018 3.14105e-008 3.14105e-008
8.38 2.31096e-005 -3.65357e-005 -6.06079e-018 3.14105e-008 3.14105e-008
8.39 2.31096e-005 -3.65357e-005 -6.01005e-018 3.14105e-008 3.14105e-008
8.4 2.31096e-005 -3.65357e-005 -6.01026e-018 3.14105e-008 3.14105e-008
8.41 2.31096e-005 -3.65357e-005 -6.30155e-018 3.14105e-008 3.14105e-008
8.42 2.31096e-005 -3.65357e-005 -6.36224e-018 3.14105e-008 3.14105e-008
8.43 2.31096e-005 -3.65357e-005 -6.30595e-018 3.14105e-008 3.14105e-008
8.44 2.31096e-005 -3.65357e-005 -5.94648e-018 3.14105e-008 3.14105e-008
8.45 2.31096e-005 -3.65357e-005 -6.77071e-018 3.14105e-008 3.14105e-008
8.46 2.31096e-005 -3.65357e-005 -6.09996e-018 3.14105e-008 3.14105e-008
8.47 2.31096e-005 -3.65357e-005 -6.73868e-018 3.14105e-008 3.14105e-008
8.48 2.31096e-005 -3.65357e-005 -6.44975e-018 3.14105e-008 3.14105e-008
8.49 2.31096e-005 -3.65357e-005 -6.43331e-018 3.14105e-008 3.14105e-008
8.5 2.31096e-005 -3.65357e-005 -7.29125e-018 3.14105e-008 3.14105e-008
8.51 2.31096e-005 -3.65357e-005 -5.60873e-018 3.14105e-008 3.14105e-008
8.52 2.31096e-005 -3.65357e-005 -9.6858e-018 3.14105e-008 3.14105e-008
8.53 2.31096e-005 -3.65357e-005 -1.75002e-017 3.14105e-008 3.14105e-008
8.54 2.31096e-005 -3.65357e-005 -1.65592e-017 3.14105e-008 3.14105e-008
8.55 2.31096e-005 -3.65357e-005 -1.58256e-017 3.14105e-008 3.14105e-008
8.56 2.31096e-005 -3.65357e-005 -1.25378e-017 3.14105e-008 3.14105e-008
8.57 2.31096e-005 -3.65357e-005 -1.70123e-017 3.14105e-008 3.14105e-008
8.58 2.31096e-005 -3.65357e-005 -1.48484e-017 3.14105e-008 3.14105e-008
8.59 2.31096e-005 -3.65357e-005 -2.53464e-017 3.14105e-008 3.14105e-008
8.6 2.31096e-005 -3.65357e-005 -3.77222e-018 3.14105e-008 3.14105e-008
8.61 2.31096e-005 -3.65357e-005 -2.55244e-017 3.14105e-008 3.14105e-008
8.62 2.31096e-005 -3.65357e-005 2.01139e-019 3.14105e-008 3.14105e-008
8.63 2.31096e-005 -3.65357e-005 -1.3259e-017 3.14105e-008 3.14105e-008
8.64 2.31096e-005 -3.65357e-005 3.29722e-018 3.14105e-008 3.14105e-008
8.65 2.31096e-005 -3.65357e-005 -1.73884e-017 3.14105e-008 3.14105e-008
8.66 2.31096e-005 -3.65357e-005 -1.25752e-017 3.14105e-008 3.14105e-008
8.67 2.31096e-005 -3.65357e-005 -1.51332e-017 3.14105e-008 3.14105e-008
8.68 2.31096e-005 -3.65357e-005 -7.95976e-018 3.14105e-008 3.14105e-008
8.69 2.31096e-005 -3.65357e-005 -2.38602e-017 3.14105e-008 3.14105e-008
8.7 2.31096e-005 -3.65357e-005 -9.13705e-018 3.14105e-008 3.14105e-008
8.71 2.31096e-005 -3.65357e-005 -1.81545e-017 3.14105e-008 3.14105e-008
8.72 2.31096e-005 -3.65357e-005 -2.51982e-017 3.14105e-008 3.14105e-008
8.73 2.31096e-005 -3.65357e-005 -7.39946e-018 3.14105e-008 3.14105e-008
8.74 2.31096e-005 -3.65357e-005 -2.12266e-017 3.14105e-008 3.14105e-008
8.75 2.31096e-005 -3.65357e-005 -9.88661e-018 3.14105e-008 3.14105e-008
8.76 2.31096e-005 -3.65357e-005 -1.02846e-017 3.14105e-008 3.14105e-008
8.77 2.31096e-005 -3.65357e-005 -1.18048e-017 3.14105e-008 3.14105e-008
8.78 2.31096e-005 -3.65357e-005 -8.30296e-018 3.14105e-008 3.14105e-008
8.79 2.31096e-005 -3.65357e-005 -1.00699e-017 3.14105e-008 3.14105e-008
8.8 2.31096e-005 -3.65357e-005 -4.96091e-018 3.14105e-008 3.14105e-008
8.81 2.31096e-005 -3.65357e-005 -8.31178e-018 3.14105e-008 3.14105e-008
8.82 2.31096e-005 -3.65357e-005 -6.64577e-018 3.14105e-008 3.14105e-008
8.83 2.31096e-005 -3.65357e-005 -6.81969e-018 3.14105e-008 3.14105e-008
8.84 2.31096e-005 -3.65357e-005 -6.83917e-018 3.14105e-008 3.14105e-008
8.85 2.31096e-005 -3.65357e-005 -6.41763e-018 3.14105e-008 3.14105e-008
8.86 2.31096e-005 -3.65357e-005 -6.19592e-018 3.14105e-008 3.14105e-008
8.87 2.31096e-005 -3.65357e-005 -6.34165e-018 3.14105e-008 3.14105e-008
8.88 2.31096e-005 -3.65357e-005 -6.54386e-018 3.14105e-008 3.14105e-008
8.89 2.31096e-005 -3.65357e-005 -6.58834e-018 3.14105e-008 3.14105e-008
8.9 2.31096e-005 -3.65357e-005 -6.70731e-018 3.14105e-008 3.14105e-008
8.91 2.31096e-005 -3.65357e-005 -7.48984e-018 3.14105e-008 3.14105e-008
8.92 2.31096e-005 -3.65357e-005 -5.86086e-018 3.14105e-008 3.14105e-008
8.93 2.31096e-005 -3.65357e-005 -7.21687e-018 3.14105e-008 3.14105e-008
8.94 2.31096e-005 -3.65357e-005 -6.57474e-018 3.14105e-008 3.14105e-008
8.95 2.31096e-005 -3.65357e-005 -5.63885e-018 3.14105e-008 3.14105e-008
8.96 2.31096e-005 -3.65357e-005 -5.72792e-018 3.14105e-008 3.14105e-008
8.97 2.31096e-005 -3.65357e-005 -5.52648e-018 3.14105e-008 3.14105e-008
8.98 2.31096e-005 -3.65357e-005 -6.02271e-018 3.14105e-008 3.14105e-008
8.99 2.31096e-005 -3.65357e-005 -6.18099e-018 3.14105e-008 3.14105e-008
9 2.31096e-005 -3.65357e-005 -6.24826e-018 3.14105e-008 3.14105e-008
9.01 2.31096e-005 -3.65357e-005 -6.27626e-018 3.14105e-008 3.14105e-008
9.02 2.31096e-005 -3.65357e-005 -5.88778e-018 3.14105e-008 3.14105e-008
9.03 2.31096e-005 -3.65357e-005 -5.35576e-018 3.14105e-008 3.14105e-008
9.04 2.31096e-005 -3.65357e-005 -4.36e-018 3.14105e-008 3.14105e-008
9.05 2.31096e-005 -3.65357e-005 -1.4187e-017 3.14105e-008 3.14105e-008
9.06 2.31096e-005 -3.65357e-005 6.51552e-019 3.14105e-008 3.14105e-008
9.07 2.31096e-005 -3.65357e-005 -1.30181e-017 3.14105e-008 3.14105e-008
9.08 2.31096e-005 -3.65357e-005 -4.41382e-020 3.14105e-008 3.14105e-008
9.09 2.31096e-005 -3.65357e-005 -9.99322e-018 3.14105e-008 3.14105e-008
9.1 2.31096e-005 -3.65357e-005 -6.70085e-018 3.14105e-008 3.14105e-008
9.11 2.31096e-005 -3.65357e-005 -9.78476e-018 3.14105e-008 3.14105e-008
9.12 2.31096e-005 -3.65357e-005 -8.9672e-018 3.14105e-008 3.14105e-008
9.13 2.31096e-005 -3.65357e-005 -1.00215e-017 3.14105e-008 3.14105e-008
9.14 2.31096e-005 -3.65357e-005 -7.92856e-018 3.14105e-008 3.14105e-008
9.15 2.31096e-005 -3.65357e-005 -1.02807e-017 3.14105e-008 3.14105e-008
9.16 2.31096e-005 -3.65357e-005 -9.07417e-018 3.14105e-008 3.14105e-008
9.17 2.31096e-005 -3.65357e-005 -1.11916e-017 3.14105e-008 3.14105e-008
9.18 2.31096e-005 -3.65357e-005 -1.08182e-017 3.14105e-008 3.14105e-008
9.19 2.31096e-005 -3.65357e-005 -1.1409e-017 3.14105e-008 3.14105e-008
9.2 2.31096e-005 -3.65357e-005 -1.06688e-017 3.14105e-008 3.14105e-008
9.21 2.31096e-005 -3.65357e-005 -1.12531e-017 3.14105e-008 3.14105e-008
9.22 2.31096e-005 -3.65357e-005 -1.08246e-017 3.14105e-008 3.14105e-008
9.23 2.31096e-005 -3.65357e-005 -1.10597e-017 3.14105e-008 3.14105e-008
9.24 2.31096e-005 -3.65357e-005 -1.10951e-017 3.14105e-008 3.14105e-008
9.25 2.31096e-005 -3.65357e-005 -1.09823e-017 3.14105e-008 3.14105e-008
9.26 2.31096e-005 -3.65357e-005 -1.26796e-017 3.14105e-008 3.14105e-008
9.27 2.31096e-005 -3.65357e-005 -1.07145e-017 3.14105e-008 3.14105e-008
9.28 2.31096e-005 -3.65357e-005 -1.49787e-017 3.14105e-008 3.14105e-008
9.29 2.31096e-005 -3.65357e-005 -1.22778e-017 3.14105e-008 3.14105e-008
9.3 2.31096e-005 -3.65357e-005 -1.29737e-017 3.14105e-008 3.14105e-008
9.31 2.31096e-005 -3.65357e-005 -1.24845e-017 3.14105e-008 3.14105e-008
9.32 2.31096e-005 -3.65357e-005 -1.35163e-017 3.14105e-008 3.14105e-008
9.33 2.31096e-005 -3.65357e-005 -1.2186e-017 3.14105e-008 3.14105e-008
9.34 2.31096e-005 -3.65357e-005 -1.15832e-017 3.14105e-008 3.14105e-008
9.35 2.31096e-005 -3.65357e-005 -1.13112e-017 3.14105e-008 3.14105e-008
9.36 2.31096e-005 -3.65357e-005 -1.11869e-017 3.14105e-008 3.14105e-008
9.37 2.31096e-005 -3.65357e-005 -1.11308e-017 3.14105e-008 3.14105e-008
9.38 2.31096e-005 -3.65357e-005 -1.11048e-017 3.14105e-008 3.14105e-008
9.39 2.31096e-005 -3.65357e-005 -1.10372e-017 3.14105e-008 3.14105e-008
9.4 2.31096e-005 -3.65357e-005 -1.11894e-017 3.14105e-008 3.14105e-008
9.41 2.31096e-005 -3.65357e-005 -1.21314e-017 3.14105e-008 3.14105e-008
9.42 2.31096e-005 -3.65357e-005 -8.99187e-018 3.14105e-008 3.14105e-008
9.43 2.31096e-005 -3.65357e-005 -1.11594e-017 3.14105e-008 3.14105e-008
9.44 2.31096e-005 -3.65357e-005 -9.66168e-018 3.14105e-008 3.14105e-008
9.45 2.31096e-005 -3.65357e-005 -9.97043e-018 3.14105e-008 3.14105e-008
9.46 2.31096e-005 -3.65357e-005 -1.0336e-017 3.14105e-008 3.14105e-008
9.47 2.31096e-005 -3.65357e-005 -1.01358e-017 3.14105e-008 3.14105e-008
9.48 2.31096e-005 -3.65357e-005 -1.01116e-017 3.14105e-008 3.14105e-008
9.49 2.31096e-005 -3.65357e-005 -1.00714e-017 3.14105e-008 3.14105e-008
9.5 2.31096e-005 -3.65357e-005 -1.03056e-017 3.14105e-008 3.14105e-008
9.51 2.31096e-005 -3.65357e-005 -1.00947e-017 3.14105e-008 3.14105e-008
9.52 2.31096e-005 -3.65357e-005 -1.02658e-017 3.14105e-008 3.14105e-008
9.53 2.31096e-005 -3.65357e-005 -8.75044e-018 3.14105e-008 3.14105e-008
9.54 2.31096e-005 -3.65357e-005 -1.07289e-017 3.14105e-008 3.14105e-008
9.55 2.31096e-005 -3.65357e-005 -9.85307e-018 3.14105e-008 3.14105e-008
9.56 2.31096e-005 -3.65357e-005 -1.06934e-017 3.14105e-008 3.14105e-008
9.57 2.31096e-005 -3.65357e-005 -9.09249e-018 3.14105e-008 3.14105e-008
9.58 2.31096e-005 -3.65357e-005 -1.07445e-017 3.14105e-008 3.14105e-008
9.59 2.31096e-005 -3.65357e-005 -1.04566e-017 3.14105e-008 3.14105e-008
9.6 2.31096e-005 -3.65357e-005 -9.59618e-018 3.14105e-008 3.14105e-008
9.61 2.31096e-005 -3.65357e-005 -9.90285e-018 3.14105e-008 3.14105e-008
9.62 2.31096e-005 -3.65357e-005 -9.72425e-018 3.14105e-008 3.14105e-008
9.63 2.31096e-005 -3.65357e-005 -8.79223e-018 3.14105e-008 3.14105e-008
9.64 2.31096e-005 -3.65357e-005 -9.11751e-018 3.14105e-008 3.14105e-008
9.65 2.31096e-005 -3.65357e-005 -9.74824e-018 3.14105e-008 3.14105e-008
9.66 2.31096e-005 -3.65357e-005 -9.60818e-018 3.14105e-008 3.14105e-008
9.67 2.31096e-005 -3.65357e-005 -9.00183e-018 3.14105e-008 3.14105e-008
9.68 2.31096e-005 -3.65357e-005 -9.11405e-018 3.14105e-008 3.14105e-008
9.69 2.31096e-005 -3.65357e-005 -9.16622e-018 3.14105e-008 3.14105e-008
9.7 2.31096e-005 -3.65357e-005 -9.19081e-018 3.14105e-008 3.14105e-008
9.71 2.31096e-005 -3.65357e-005 -9.19982e-018 3.14105e-008 3.14105e-008
9.72 2.31096e-005 -3.65357e-005 -9.20535e-018 3.14105e-008 3.14105e-008
9.73 2.31096e-005 -3.65357e-005 -9.20884e-018 3.14105e-008 3.14105e-008
9.74 2.31096e-005 -3.65357e-005 -9.20994e-018 3.14105e-008 3.14105e-008
9.75 2.31096e-005 -3.65357e-005 -9.20983e-018 3.14105e-008 3.14105e-008
9.76 2.31096e-005 -3.65357e-005 -9.21019e-018 3.14105e-008 3.14105e-008
9.77 2.31096e-005 -3.65357e-005 -9.20985e-018 3.14105e-008 3.14105e-008
9.78 2.31096e-005 -3.65357e-005 -9.21031e-018 3.14105e-008 3.14105e-008
9.79 2.31096e-005 -3.65357e-005 -9.18733e-018 3.14105e-008 3.14105e-008
9.8 2.31096e-005 -3.65357e-005 -8.71692e-018 3.14105e-008 3.14105e-008
9.81 2.31096e-005 -3.65357e-005 5.51202e-018 3.14105e-008 3.14105e-008
9.82 2.31096e-005 -3.65357e-005 -3.45197e-018 3.14105e-008 3.14105e-008
9.83 2.31096e-005 -3.65357e-005 -3.90453e-018 3.14105e-008 3.14105e-008
9.84 2.31096e-005 -3.65357e-005 -5.876e-018 3.14105e-008 3.14105e-008
9.85 2.31096e-005 -3.65357e-005 -7.55362e-018 3.14105e-008 3.14105e-008
9.86 2.31096e-005 -3.65357e-005 -6.45436e-018 3.14105e-008 3.14105e-008
9.87 2.31096e-005 -3.65357e-005 -3.9324e-018 3.14105e-008 3.14105e-008
9.88 2.31096e-005 -3.65357e-005 -4.15384e-018 3.14105e-008 3.14105e-008
9.89 2.31096e-005 -3.65357e-005 -2.30803e-018 3.14105e-008 3.14105e-008
9.9 2.31096e-005 -3.65357e-005 -8.14921e-020 3.14105e-008 3.14105e-008
9.91 2.31096e-005 -3.65357e-005 -8.07847e-018 3.14105e-008 3.14105e-008
9.92 2.31096e-005 -3.65357e-005 -2.33941e-018 3.14105e-008 3.14105e-008
9.93 2.31096e-005 -3.65357e-005 -7.01047e-018 3.14105e-008 3.14105e-008
9.94 2.31096e-005 -3.65357e-005 -1.28121e-017 3.14105e-008 3.14105e-008
9.95 2.31096e-005 -3.65357e-005 -9.08673e-018 3.14105e-008 3.14105e-008
9.96 2.31096e-005 -3.65357e-005 -8.44678e-018 3.14105e-008 3.14105e-008
9.97 2.31096e-005 -3.65357e-005 -8.15815e-018 3.14105e-008 3.14105e-008
9.98 2.31096e-005 -3.65357e-005 -8.82151e-018 3.14105e-008 3.14105e-008
9.99 2.31096e-005 -3.65357e-005 -9.74714e-018 3.14105e-008 3.14105e-008
10 2.31096e-005 -3.65357e-005 -1.05621e-017 3.14105e-008 3.14105e-008
