0.1 -2.40862e-008 -3.24002e-006 3.63994e-019 1.09109e-009 1.09109e-009
0.2 -9.68848e-008 -6.49027e-006 1.67258e-018 2.18308e-009 2.18308e-009
0.3 -2.19222e-007 -9.75092e-006 -5.33749e-019 3.27596e-009 3.27596e-009
0.4 -3.91945e-007 -1.30221e-005 -4.96628e-019 4.36972e-009 4.36972e-009
0.5 -6.15926e-007 -1.6304e-005 -4.49258e-018 5.46437e-009 5.46437e-009
0.6 -4.59389e-007 -1.96883e-005 -4.03541e-018 6.56243e-009 6.56243e-009
0.7 1.96853e-006 -2.35539e-005 -4.39547e-018 7.65415e-009 7.65415e-009
0.8 7.62885e-006 -2.80282e-005 -4.4773e-018 8.72525e-009 8.72525e-009
0.9 1.62337e-005 -3.29853e-005 -4.73233e-018 9.78152e-009 9.78152e-009
1 2.77274e-005 -3.83821e-005 -5.03403e-018 1.0828e-008 1.0828e-008
0.01 2.77274e-005 -3.83821e-005 1.54581e-021 1.0828e-008 1.0828e-008
0.02 2.77274e-005 -3.83821e-005 -4.92898e-019 1.0828e-008 1.0828e-008
0.03 2.77274e-005 -3.83821e-005 -1.11057e-018 1.0828e-008 1.0828e-008
0.04 2.77274e-005 -3.83821e-005 -7.29023e-019 1.0828e-008 1.0828e-008
0.05 2.77274e-005 -3.83821e-005 -7.83529e-019 1.0828e-008 1.0828e-008
0.06 2.77274e-005 -3.83821e-005 -7.23111e-019 1.0828e-008 1.0828e-008
0.07 2.77274e-005 -3.83821e-005 -7.6132e-019 1.0828e-008 1.0828e-008
0.08 2.77274e-005 -3.83821e-005 -7.53306e-019 1.0828e-008 1.0828e-008
0.09 2.77274e-005 -3.83821e-005 -7.57228e-019 1.0828e-008 1.0828e-008
0.1 2.77274e-005 -3.83821e-005 -7.61096e-019 1.0828e-008 1.0828e-008
0.11 2.77274e-005 -3.83821e-005 -7.5417e-019 1.0828e-008 1.0828e-008
0.12 2.77274e-005 -3.83821e-005 -7.63377e-019 1.0828e-008 1.0828e-008
0.13 2.77274e-005 -3.83821e-005 -7.47189e-019 1.0828e-008 1.0828e-008
0.14 2.77274e-005 -3.83821e-005 -7.71039e-019 1.0828e-008 1.0828e-008
0.15 2.77274e-005 -3.83821e-005 -7.41213e-019 1.0828e-008 1.0828e-008
0.16 2.77274e-005 -3.83821e-005 -7.79859e-019 1.0828e-008 1.0828e-008
0.17 2.77274e-005 -3.83821e-005 -7.29468e-019 1.0828e-008 1.0828e-008
0.18 2.77274e-005 -3.83821e-005 -7.86786e-019 1.0828e-008 1.0828e-008
0.19 2.77274e-005 -3.83821e-005 -7.19079e-019 1.0828e-008 1.0828e-008
0.2 2.77274e-005 -3.83821e-005 -8.12878e-019 1.0828e-008 1.0828e-008
0.21 2.77274e-005 -3.83821e-005 -7.43203e-019 1.0828e-008 1.0828e-008
0.22 2.77274e-005 -3.83821e-005 -7.71739e-019 1.0828e-008 1.0828e-008
0.23 2.77274e-005 -3.83821e-005 -7.63025e-019 1.0828e-008 1.0828e-008
0.24 2.77274e-005 -3.83821e-005 -7.69002e-019 1.0828e-008 1.0828e-008
0.25 2.77274e-005 -3.83821e-005 -7.30629e-019 1.0828e-008 1.0828e-008
0.26 2.77274e-005 -3.83821e-005 9.00044e-020 1.0828e-008 1.0828e-008
0.27 2.77274e-005 -3.83821e-005 -7.48938e-017 1.0828e-008 1.0828e-008
0.28 2.77274e-005 -3.83821e-005 6.36153e-018 1.0828e-008 1.0828e-008
0.29 2.77274e-005 -3.83821e-005 3.43754e-017 1.0828e-008 1.0828e-008
0.3 2.77274e-005 -3.83821e-005 -1.07766e-017 1.0828e-008 1.0828e-008
0.31 2.77274e-005 -3.83821e-005 5.76299e-018 1.0828e-008 1.0828e-008
0.32 2.77274e-005 -3.83821e-005 -1.43778e-017 1.0828e-008 1.0828e-008
0.33 2.77274e-005 -3.83821e-005 9.41035e-018 1.0828e-008 1.0828e-008
0.34 2.77274e-005 -3.83821e-005 -1.77595e-017 1.0828e-008 1.0828e-008
0.35 2.77274e-005 -3.83821e-005 1.29562e-017 1.0828e-008 1.0828e-008
0.36 2.77274e-005 -3.83821e-005 -2.05421e-017 1.0828e-008 1.0828e-008
0.37 2.77274e-005 -3.83821e-005 1.414e-017 1.0828e-008 1.0828e-008
0.38 2.77274e-005 -3.83821e-005 -1.95155e-017 1.0828e-008 1.0828e-008
0.39 2.77274e-005 -3.83821e-005 1.39392e-017 1.0828e-008 1.0828e-008
0.4 2.77274e-005 -3.83821e-005 -1.98482e-017 1.0828e-008 1.0828e-008
0.41 2.77274e-005 -3.83821e-005 1.38842e-017 1.0828e-008 1.0828e-008
0.42 2.77274e-005 -3.83821e-005 -1.92182e-017 1.0828e-008 1.0828e-008
0.43 2.77274e-005 -3.83821e-005 1.338e-017 1.0828e-008 1.0828e-008
0.44 2.77274e-005 -3.83821e-005 -1.98923e-017 1.0828e-008 1.0828e-008
0.45 2.77274e-005 -3.83821e-005 1.26024e-017 1.0828e-008 1.0828e-008
0.46 2.77274e-005 -3.83821e-005 -1.91651e-017 1.0828e-008 1.0828e-008
0.47 2.77274e-005 -3.83821e-005 1.55576e-017 1.0828e-008 1.0828e-008
0.48 2.77274e-005 -3.83821e-005 -1.68132e-017 1.0828e-008 1.0828e-008
0.49 2.77274e-005 -3.83821e-005 1.63232e-017 1.0828e-008 1.0828e-008
0.5 2.77274e-005 -3.83821e-005 -1.85862e-017 1.0828e-008 1.0828e-008
0.51 2.77274e-005 -3.83821e-005 9.42605e-019 1.0828e-008 1.0828e-008
0.52 2.77274e-005 -3.83821e-005 8.02118e-019 1.0828e-008 1.0828e-008
0.53 2.77274e-005 -3.83821e-005 1.11546e-018 1.0828e-008 1.0828e-008
0.54 2.77274e-005 -3.83821e-005 6.30309e-019 1.0828e-008 1.0828e-008
0.55 2.77274e-005 -3.83821e-005 1.29758e-018 1.0828e-008 1.0828e-008
0.56 2.77274e-005 -3.83821e-005 3.92629e-019 1.0828e-008 1.0828e-008
0.57 2.77274e-005 -3.83821e-005 1.48085e-018 1.0828e-008 1.0828e-008
0.58 2.77274e-005 -3.83821e-005 8.67605e-019 1.0828e-008 1.0828e-008
0.59 2.77274e-005 -3.83821e-005 1.13781e-018 1.0828e-008 1.0828e-008
0.6 2.77274e-005 -3.83821e-005 7.00471e-019 1.0828e-008 1.0828e-008
0.61 2.77274e-005 -3.83821e-005 -8.38218e-018 1.0828e-008 1.0828e-008
0.62 2.77274e-005 -3.83821e-005 -5.09166e-018 1.0828e-008 1.0828e-008
0.63 2.77274e-005 -3.83821e-005 7.42514e-018 1.0828e-008 1.0828e-008
0.64 2.77274e-005 -3.83821e-005 1.37741e-017 1.0828e-008 1.0828e-008
0.65 2.77274e-005 -3.83821e-005 -1.41032e-018 1.0828e-008 1.0828e-008
0.66 2.77274e-005 -3.83821e-005 9.29354e-018 1.0828e-008 1.0828e-008
0.67 2.77274e-005 -3.83821e-005 1.30589e-017 1.0828e-008 1.0828e-008
0.68 2.77274e-005 -3.83821e-005 3.51919e-018 1.0828e-008 1.0828e-008
0.69 2.77274e-005 -3.83821e-005 -2.36241e-018 1.0828e-008 1.0828e-008
0.7 2.77274e-005 -3.83821e-005 9.12095e-018 1.0828e-008 1.0828e-008
0.71 2.77274e-005 -3.83821e-005 -7.19229e-018 1.0828e-008 1.0828e-008
0.72 2.77274e-005 -3.83821e-005 8.35837e-018 1.0828e-008 1.0828e-008
0.73 2.77274e-005 -3.83821e-005 2.42257e-018 1.0828e-008 1.0828e-008
0.74 2.77274e-005 -3.83821e-005 -1.25119e-018 1.0828e-008 1.0828e-008
0.75 2.77274e-005 -3.83821e-005 3.59658e-018 1.0828e-008 1.0828e-008
0.76 2.77274e-005 -3.83821e-005 8.91115e-020 1.0828e-008 1.0828e-008
0.77 2.77274e-005 -3.83821e-005 1.25375e-017 1.0828e-008 1.0828e-008
0.78 2.77274e-005 -3.83821e-005 9.38508e-018 1.0828e-008 1.0828e-008
0.79 2.77274e-005 -3.83821e-005 -8.3892e-019 1.0828e-008 1.0828e-008
0.8 2.77274e-005 -3.83821e-005 8.77857e-018 1.0828e-008 1.0828e-008
0.81 2.77274e-005 -3.83821e-005 8.33953e-018 1.0828e-008 1.0828e-008
0.82 2.77274e-005 -3.83821e-005 -2.70438e-018 1.0828e-008 1.0828e-008
0.83 2.77274e-005 -3.83821e-005 8.89784e-018 1.0828e-008 1.0828e-008
0.84 2.77274e-005 -3.83821e-005 -1.24845e-018 1.0828e-008 1.0828e-008
0.85 2.77274e-005 -3.83821e-005 1.05959e-017 1.0828e-008 1.0828e-008
0.86 2.77274e-005 -3.83821e-005 8.90932e-018 1.0828e-008 1.0828e-008
0.87 2.77274e-005 -3.83821e-005 -4.66416e-018 1.0828e-008 1.0828e-008
0.88 2.77274e-005 -3.83821e-005 6.29908e-018 1.0828e-008 1.0828e-008
0.89 2.77274e-005 -3.83821e-005 -1.99145e-019 1.0828e-008 1.0828e-008
0.9 2.77274e-005 -3.83821e-005 2.81128e-018 1.0828e-008 1.0828e-008
0.91 2.77274e-005 -3.83821e-005 9.25933e-018 1.0828e-008 1.0828e-008
0.92 2.77274e-005 -3.83821e-005 4.71049e-018 1.0828e-008 1.0828e-008
0.93 2.77274e-005 -3.83821e-005 1.11784e-017 1.0828e-008 1.0828e-008
0.94 2.77274e-005 -3.83821e-005 -1.05645e-018 1.0828e-008 1.0828e-008
0.95 2.77274e-005 -3.83821e-005 1.10059e-017 1.0828e-008 1.0828e-008
0.96 2.77274e-005 -3.83821e-005 4.19387e-018 1.0828e-008 1.0828e-008
0.97 2.77274e-005 -3.83821e-005 -5.94922e-018 1.0828e-008 1.0828e-008
0.98 2.77274e-005 -3.83821e-005 7.98998e-018 1.0828e-008 1.0828e-008
0.99 2.77274e-005 -3.83821e-005 -2.77545e-018 1.0828e-008 1.0828e-008
1 2.77274e-005 -3.83821e-005 6.49399e-018 1.0828e-008 1.0828e-008
1.01 2.77274e-005 -3.83821e-005 -2.20039e-018 1.0828e-008 1.0828e-008
1.02 2.77274e-005 -3.83821e-005 2.84546e-020 1.0828e-008 1.0828e-008
1.03 2.77274e-005 -3.83821e-005 1.33855e-017 1.0828e-008 1.0828e-008
1.04 2.77274e-005 -3.83821e-005 1.5097e-018 1.0828e-008 1.0828e-008
1.05 2.77274e-005 -3.83821e-005 1.82141e-017 1.0828e-008 1.0828e-008
1.06 2.77274e-005 -3.83821e-005 1.32117e-018 1.0828e-008 1.0828e-008
1.07 2.77274e-005 -3.83821e-005 1.21272e-018 1.0828e-008 1.0828e-008
1.08 2.77274e-005 -3.83821e-005 -9.1038e-018 1.0828e-008 1.0828e-008
1.09 2.77274e-005 -3.83821e-005 3.74094e-018 1.0828e-008 1.0828e-008
1.1 2.77274e-005 -3.83821e-005 -2.03566e-018 1.0828e-008 1.0828e-008
1.11 2.77274e-005 -3.83821e-005 6.19245e-018 1.0828e-008 1.0828e-008
1.12 2.77274e-005 -3.83821e-005 6.5104e-018 1.0828e-008 1.0828e-008
1.13 2.77274e-005 -3.83821e-005 4.18366e-018 1.0828e-008 1.0828e-008
1.14 2.77274e-005 -3.83821e-005 1.90959e-018 1.0828e-008 1.0828e-008
1.15 2.77274e-005 -3.83821e-005 1.25879e-018 1.0828e-008 1.0828e-008
1.16 2.77274e-005 -3.83821e-005 2.98179e-018 1.0828e-008 1.0828e-008
1.17 2.77274e-005 -3.83821e-005 2.36674e-018 1.0828e-008 1.0828e-008
1.18 2.77274e-005 -3.83821e-005 2.13005e-018 1.0828e-008 1.0828e-008
1.19 2.77274e-005 -3.83821e-005 2.18253e-018 1.0828e-008 1.0828e-008
1.2 2.77274e-005 -3.83821e-005 2.49448e-018 1.0828e-008 1.0828e-008
1.21 2.77274e-005 -3.83821e-005 5.38987e-019 1.0828e-008 1.0828e-008
1.22 2.77274e-005 -3.83821e-005 4.24013e-018 1.0828e-008 1.0828e-008
1.23 2.77274e-005 -3.83821e-005 7.12199e-018 1.0828e-008 1.0828e-008
1.24 2.77274e-005 -3.83821e-005 2.39837e-018 1.0828e-008 1.0828e-008
1.25 2.77274e-005 -3.83821e-005 4.99323e-018 1.0828e-008 1.0828e-008
1.26 2.77274e-005 -3.83821e-005 5.32085e-018 1.0828e-008 1.0828e-008
1.27 2.77274e-005 -3.83821e-005 6.0928e-018 1.0828e-008 1.0828e-008
1.28 2.77274e-005 -3.83821e-005 -6.8987e-018 1.0828e-008 1.0828e-008
1.29 2.77274e-005 -3.83821e-005 1.79725e-017 1.0828e-008 1.0828e-008
1.3 2.77274e-005 -3.83821e-005 -1.7725e-017 1.0828e-008 1.0828e-008
1.31 2.77274e-005 -3.83821e-005 1.58539e-017 1.0828e-008 1.0828e-008
1.32 2.77274e-005 -3.83821e-005 -6.00125e-018 1.0828e-008 1.0828e-008
1.33 2.77274e-005 -3.83821e-005 1.55395e-017 1.0828e-008 1.0828e-008
1.34 2.77274e-005 -3.83821e-005 -1.17567e-017 1.0828e-008 1.0828e-008
1.35 2.77274e-005 -3.83821e-005 1.58044e-017 1.0828e-008 1.0828e-008
1.36 2.77274e-005 -3.83821e-005 -1.86493e-017 1.0828e-008 1.0828e-008
1.37 2.77274e-005 -3.83821e-005 1.39323e-017 1.0828e-008 1.0828e-008
1.38 2.77274e-005 -3.83821e-005 -2.37147e-017 1.0828e-008 1.0828e-008
1.39 2.77274e-005 -3.83821e-005 1.34101e-017 1.0828e-008 1.0828e-008
1.4 2.77274e-005 -3.83821e-005 -1.57983e-017 1.0828e-008 1.0828e-008
1.41 2.77274e-005 -3.83821e-005 1.18521e-017 1.0828e-008 1.0828e-008
1.42 2.77274e-005 -3.83821e-005 -1.73417e-017 1.0828e-008 1.0828e-008
1.43 2.77274e-005 -3.83821e-005 1.32859e-017 1.0828e-008 1.0828e-008
1.44 2.77274e-005 -3.83821e-005 -1.87607e-017 1.0828e-008 1.0828e-008
1.45 2.77274e-005 -3.83821e-005 9.14144e-018 1.0828e-008 1.0828e-008
1.46 2.77274e-005 -3.83821e-005 -1.08333e-017 1.0828e-008 1.0828e-008
1.47 2.77274e-005 -3.83821e-005 1.54895e-017 1.0828e-008 1.0828e-008
1.48 2.77274e-005 -3.83821e-005 -1.62255e-017 1.0828e-008 1.0828e-008
1.49 2.77274e-005 -3.83821e-005 1.65927e-017 1.0828e-008 1.0828e-008
1.5 2.77274e-005 -3.83821e-005 -1.97955e-017 1.0828e-008 1.0828e-008
1.51 2.77274e-005 -3.83821e-005 1.34744e-017 1.0828e-008 1.0828e-008
1.52 2.77274e-005 -3.83821e-005 6.95164e-018 1.0828e-008 1.0828e-008
1.53 2.77274e-005 -3.83821e-005 5.38271e-019 1.0828e-008 1.0828e-008
1.54 2.77274e-005 -3.83821e-005 6.60921e-018 1.0828e-008 1.0828e-008
1.55 2.77274e-005 -3.83821e-005 -1.17545e-018 1.0828e-008 1.0828e-008
1.56 2.77274e-005 -3.83821e-005 7.9232e-018 1.0828e-008 1.0828e-008
1.57 2.77274e-005 -3.83821e-005 -1.17762e-018 1.0828e-008 1.0828e-008
1.58 2.77274e-005 -3.83821e-005 1.02769e-017 1.0828e-008 1.0828e-008
1.59 2.77274e-005 -3.83821e-005 1.43094e-018 1.0828e-008 1.0828e-008
1.6 2.77274e-005 -3.83821e-005 1.29424e-017 1.0828e-008 1.0828e-008
1.61 2.77274e-005 -3.83821e-005 5.78912e-018 1.0828e-008 1.0828e-008
1.62 2.77274e-005 -3.83821e-005 8.47622e-018 1.0828e-008 1.0828e-008
1.63 2.77274e-005 -3.83821e-005 5.04069e-018 1.0828e-008 1.0828e-008
1.64 2.77274e-005 -3.83821e-005 6.30126e-018 1.0828e-008 1.0828e-008
1.65 2.77274e-005 -3.83821e-005 4.64988e-018 1.0828e-008 1.0828e-008
1.66 2.77274e-005 -3.83821e-005 1.0871e-017 1.0828e-008 1.0828e-008
1.67 2.77274e-005 -3.83821e-005 7.15739e-018 1.0828e-008 1.0828e-008
1.68 2.77274e-005 -3.83821e-005 2.94215e-018 1.0828e-008 1.0828e-008
1.69 2.77274e-005 -3.83821e-005 5.38983e-018 1.0828e-008 1.0828e-008
1.7 2.77274e-005 -3.83821e-005 4.88987e-018 1.0828e-008 1.0828e-008
1.71 2.77274e-005 -3.83821e-005 4.33825e-018 1.0828e-008 1.0828e-008
1.72 2.77274e-005 -3.83821e-005 4.67723e-018 1.0828e-008 1.0828e-008
1.73 2.77274e-005 -3.83821e-005 5.02508e-018 1.0828e-008 1.0828e-008
1.74 2.77274e-005 -3.83821e-005 4.23274e-018 1.0828e-008 1.0828e-008
1.75 2.77274e-005 -3.83821e-005 5.09913e-018 1.0828e-008 1.0828e-008
1.76 2.77274e-005 -3.83821e-005 3.18092e-018 1.0828e-008 1.0828e-008
1.77 2.77274e-005 -3.83821e-005 6.37548e-018 1.0828e-008 1.0828e-008
1.78 2.77274e-005 -3.83821e-005 3.11782e-018 1.0828e-008 1.0828e-008
1.79 2.77274e-005 -3.83821e-005 8.40007e-018 1.0828e-008 1.0828e-008
1.8 2.77274e-005 -3.83821e-005 -2.6959e-018 1.0828e-008 1.0828e-008
1.81 2.77274e-005 -3.83821e-005 8.31005e-018 1.0828e-008 1.0828e-008
1.82 2.77274e-005 -3.83821e-005 -5.53501e-018 1.0828e-008 1.0828e-008
1.83 2.77274e-005 -3.83821e-005 3.15534e-018 1.0828e-008 1.0828e-008
1.84 2.77274e-005 -3.83821e-005 4.48665e-018 1.0828e-008 1.0828e-008
1.85 2.77274e-005 -3.83821e-005 7.8305e-018 1.0828e-008 1.0828e-008
1.86 2.77274e-005 -3.83821e-005 4.45642e-018 1.0828e-008 1.0828e-008
1.87 2.77274e-005 -3.83821e-005 1.60338e-018 1.0828e-008 1.0828e-008
1.88 2.77274e-005 -3.83821e-005 3.88554e-018 1.0828e-008 1.0828e-008
1.89 2.77274e-005 -3.83821e-005 1.22462e-017 1.0828e-008 1.0828e-008
1.9 2.77274e-005 -3.83821e-005 5.17662e-019 1.0828e-008 1.0828e-008
1.91 2.77274e-005 -3.83821e-005 8.10587e-018 1.0828e-008 1.0828e-008
1.92 2.77274e-005 -3.83821e-005 -2.10786e-019 1.0828e-008 1.0828e-008
1.93 2.77274e-005 -3.83821e-005 1.75403e-017 1.0828e-008 1.0828e-008
1.94 2.77274e-005 -3.83821e-005 -3.5877e-019 1.0828e-008 1.0828e-008
1.95 2.77274e-005 -3.83821e-005 1.14771e-018 1.0828e-008 1.0828e-008
1.96 2.77274e-005 -3.83821e-005 1.10466e-017 1.0828e-008 1.0828e-008
1.97 2.77274e-005 -3.83821e-005 4.73177e-018 1.0828e-008 1.0828e-008
1.98 2.77274e-005 -3.83821e-005 5.29366e-018 1.0828e-008 1.0828e-008
1.99 2.77274e-005 -3.83821e-005 5.72468e-018 1.0828e-008 1.0828e-008
2 2.77274e-005 -3.83821e-005 5.89814e-018 1.0828e-008 1.0828e-008
2.01 2.77274e-005 -3.83821e-005 5.92145e-018 1.0828e-008 1.0828e-008
2.02 2.77274e-005 -3.83821e-005 5.66168e-018 1.0828e-008 1.0828e-008
2.03 2.77274e-005 -3.83821e-005 5.80132e-018 1.0828e-008 1.0828e-008
2.04 2.77274e-005 -3.83821e-005 6.33403e-018 1.0828e-008 1.0828e-008
2.05 2.77274e-005 -3.83821e-005 3.67673e-018 1.0828e-008 1.0828e-008
2.06 2.77274e-005 -3.83821e-005 -3.9399e-018 1.0828e-008 1.0828e-008
2.07 2.77274e-005 -3.83821e-005 -6.01192e-019 1.0828e-008 1.0828e-008
2.08 2.77274e-005 -3.83821e-005 1.01905e-017 1.0828e-008 1.0828e-008
2.09 2.77274e-005 -3.83821e-005 2.70114e-018 1.0828e-008 1.0828e-008
2.1 2.77274e-005 -3.83821e-005 7.4441e-018 1.0828e-008 1.0828e-008
2.11 2.77274e-005 -3.83821e-005 1.6959e-017 1.0828e-008 1.0828e-008
2.12 2.77274e-005 -3.83821e-005 -4.0975e-018 1.0828e-008 1.0828e-008
2.13 2.77274e-005 -3.83821e-005 1.96195e-017 1.0828e-008 1.0828e-008
2.14 2.77274e-005 -3.83821e-005 -9.55611e-018 1.0828e-008 1.0828e-008
2.15 2.77274e-005 -3.83821e-005 1.34917e-017 1.0828e-008 1.0828e-008
2.16 2.77274e-005 -3.83821e-005 7.49814e-018 1.0828e-008 1.0828e-008
2.17 2.77274e-005 -3.83821e-005 2.94466e-018 1.0828e-008 1.0828e-008
2.18 2.77274e-005 -3.83821e-005 7.05142e-018 1.0828e-008 1.0828e-008
2.19 2.77274e-005 -3.83821e-005 4.03507e-018 1.0828e-008 1.0828e-008
2.2 2.77274e-005 -3.83821e-005 7.5614e-018 1.0828e-008 1.0828e-008
2.21 2.77274e-005 -3.83821e-005 4.01124e-018 1.0828e-008 1.0828e-008
2.22 2.77274e-005 -3.83821e-005 4.02239e-018 1.0828e-008 1.0828e-008
2.23 2.77274e-005 -3.83821e-005 4.43288e-018 1.0828e-008 1.0828e-008
2.24 2.77274e-005 -3.83821e-005 4.96027e-018 1.0828e-008 1.0828e-008
2.25 2.77274e-005 -3.83821e-005 5.24695e-018 1.0828e-008 1.0828e-008
2.26 2.77274e-005 -3.83821e-005 5.80329e-018 1.0828e-008 1.0828e-008
2.27 2.77274e-005 -3.83821e-005 5.73237e-018 1.0828e-008 1.0828e-008
2.28 2.77274e-005 -3.83821e-005 5.83417e-018 1.0828e-008 1.0828e-008
2.29 2.77274e-005 -3.83821e-005 5.76568e-018 1.0828e-008 1.0828e-008
2.3 2.77274e-005 -3.83821e-005 5.75725e-018 1.0828e-008 1.0828e-008
2.31 2.77274e-005 -3.83821e-005 5.77197e-018 1.0828e-008 1.0828e-008
2.32 2.77274e-005 -3.83821e-005 5.75111e-018 1.0828e-008 1.0828e-008
2.33 2.77274e-005 -3.83821e-005 5.78792e-018 1.0828e-008 1.0828e-008
2.34 2.77274e-005 -3.83821e-005 5.7431e-018 1.0828e-008 1.0828e-008
2.35 2.77274e-005 -3.83821e-005 5.80586e-018 1.0828e-008 1.0828e-008
2.36 2.77274e-005 -3.83821e-005 5.71779e-018 1.0828e-008 1.0828e-008
2.37 2.77274e-005 -3.83821e-005 5.80147e-018 1.0828e-008 1.0828e-008
2.38 2.77274e-005 -3.83821e-005 5.73024e-018 1.0828e-008 1.0828e-008
2.39 2.77274e-005 -3.83821e-005 6.04024e-018 1.0828e-008 1.0828e-008
2.4 2.77274e-005 -3.83821e-005 6.03457e-018 1.0828e-008 1.0828e-008
2.41 2.77274e-005 -3.83821e-005 1.05106e-017 1.0828e-008 1.0828e-008
2.42 2.77274e-005 -3.83821e-005 6.48778e-018 1.0828e-008 1.0828e-008
2.43 2.77274e-005 -3.83821e-005 1.15043e-017 1.0828e-008 1.0828e-008
2.44 2.77274e-005 -3.83821e-005 6.29231e-018 1.0828e-008 1.0828e-008
2.45 2.77274e-005 -3.83821e-005 1.13153e-017 1.0828e-008 1.0828e-008
2.46 2.77274e-005 -3.83821e-005 2.86032e-018 1.0828e-008 1.0828e-008
2.47 2.77274e-005 -3.83821e-005 1.46808e-017 1.0828e-008 1.0828e-008
2.48 2.77274e-005 -3.83821e-005 2.26494e-018 1.0828e-008 1.0828e-008
2.49 2.77274e-005 -3.83821e-005 1.23537e-017 1.0828e-008 1.0828e-008
2.5 2.77274e-005 -3.83821e-005 2.70361e-018 1.0828e-008 1.0828e-008
2.51 2.77274e-005 -3.83821e-005 1.3841e-017 1.0828e-008 1.0828e-008
2.52 2.77274e-005 -3.83821e-005 -1.69573e-018 1.0828e-008 1.0828e-008
2.53 2.77274e-005 -3.83821e-005 1.89409e-017 1.0828e-008 1.0828e-008
2.54 2.77274e-005 -3.83821e-005 -7.91496e-018 1.0828e-008 1.0828e-008
2.55 2.77274e-005 -3.83821e-005 1.97631e-017 1.0828e-008 1.0828e-008
2.56 2.77274e-005 -3.83821e-005 -8.04943e-018 1.0828e-008 1.0828e-008
2.57 2.77274e-005 -3.83821e-005 2.22377e-017 1.0828e-008 1.0828e-008
2.58 2.77274e-005 -3.83821e-005 -6.23237e-018 1.0828e-008 1.0828e-008
2.59 2.77274e-005 -3.83821e-005 2.0462e-017 1.0828e-008 1.0828e-008
2.6 2.77274e-005 -3.83821e-005 -6.6097e-019 1.0828e-008 1.0828e-008
2.61 2.77274e-005 -3.83821e-005 1.38607e-017 1.0828e-008 1.0828e-008
2.62 2.77274e-005 -3.83821e-005 -3.57769e-018 1.0828e-008 1.0828e-008
2.63 2.77274e-005 -3.83821e-005 9.03134e-018 1.0828e-008 1.0828e-008
2.64 2.77274e-005 -3.83821e-005 8.5878e-018 1.0828e-008 1.0828e-008
2.65 2.77274e-005 -3.83821e-005 8.34155e-018 1.0828e-008 1.0828e-008
2.66 2.77274e-005 -3.83821e-005 8.75644e-018 1.0828e-008 1.0828e-008
2.67 2.77274e-005 -3.83821e-005 8.90411e-018 1.0828e-008 1.0828e-008
2.68 2.77274e-005 -3.83821e-005 9.02454e-018 1.0828e-008 1.0828e-008
2.69 2.77274e-005 -3.83821e-005 8.26109e-018 1.0828e-008 1.0828e-008
2.7 2.77274e-005 -3.83821e-005 1.00826e-017 1.0828e-008 1.0828e-008
2.71 2.77274e-005 -3.83821e-005 8.92869e-018 1.0828e-008 1.0828e-008
2.72 2.77274e-005 -3.83821e-005 9.90808e-018 1.0828e-008 1.0828e-008
2.73 2.77274e-005 -3.83821e-005 9.67173e-018 1.0828e-008 1.0828e-008
2.74 2.77274e-005 -3.83821e-005 8.46337e-018 1.0828e-008 1.0828e-008
2.75 2.77274e-005 -3.83821e-005 1.01192e-017 1.0828e-008 1.0828e-008
2.76 2.77274e-005 -3.83821e-005 9.94657e-018 1.0828e-008 1.0828e-008
2.77 2.77274e-005 -3.83821e-005 9.05764e-018 1.0828e-008 1.0828e-008
2.78 2.77274e-005 -3.83821e-005 9.03137e-018 1.0828e-008 1.0828e-008
2.79 2.77274e-005 -3.83821e-005 9.15577e-018 1.0828e-008 1.0828e-008
2.8 2.77274e-005 -3.83821e-005 1.00225e-017 1.0828e-008 1.0828e-008
2.81 2.77274e-005 -3.83821e-005 9.79179e-018 1.0828e-008 1.0828e-008
2.82 2.77274e-005 -3.83821e-005 8.93273e-018 1.0828e-008 1.0828e-008
2.83 2.77274e-005 -3.83821e-005 1.08324e-017 1.0828e-008 1.0828e-008
2.84 2.77274e-005 -3.83821e-005 1.24023e-017 1.0828e-008 1.0828e-008
2.85 2.77274e-005 -3.83821e-005 -3.48679e-018 1.0828e-008 1.0828e-008
2.86 2.77274e-005 -3.83821e-005 7.7268e-018 1.0828e-008 1.0828e-008
2.87 2.77274e-005 -3.83821e-005 -1.49199e-018 1.0828e-008 1.0828e-008
2.88 2.77274e-005 -3.83821e-005 7.0072e-018 1.0828e-008 1.0828e-008
2.89 2.77274e-005 -3.83821e-005 5.20428e-019 1.0828e-008 1.0828e-008
2.9 2.77274e-005 -3.83821e-005 8.37959e-019 1.0828e-008 1.0828e-008
2.91 2.77274e-005 -3.83821e-005 -1.25882e-019 1.0828e-008 1.0828e-008
2.92 2.77274e-005 -3.83821e-005 3.86707e-018 1.0828e-008 1.0828e-008
2.93 2.77274e-005 -3.83821e-005 -1.91238e-020 1.0828e-008 1.0828e-008
2.94 2.77274e-005 -3.83821e-005 4.46642e-018 1.0828e-008 1.0828e-008
2.95 2.77274e-005 -3.83821e-005 -5.6103e-019 1.0828e-008 1.0828e-008
2.96 2.77274e-005 -3.83821e-005 3.4712e-019 1.0828e-008 1.0828e-008
2.97 2.77274e-005 -3.83821e-005 3.65463e-018 1.0828e-008 1.0828e-008
2.98 2.77274e-005 -3.83821e-005 3.64375e-018 1.0828e-008 1.0828e-008
2.99 2.77274e-005 -3.83821e-005 1.68707e-018 1.0828e-008 1.0828e-008
3 2.77274e-005 -3.83821e-005 -4.15244e-019 1.0828e-008 1.0828e-008
3.01 2.77274e-005 -3.83821e-005 5.70693e-018 1.0828e-008 1.0828e-008
3.02 2.77274e-005 -3.83821e-005 5.1429e-018 1.0828e-008 1.0828e-008
3.03 2.77274e-005 -3.83821e-005 3.75434e-018 1.0828e-008 1.0828e-008
3.04 2.77274e-005 -3.83821e-005 4.82908e-018 1.0828e-008 1.0828e-008
3.05 2.77274e-005 -3.83821e-005 6.87044e-018 1.0828e-008 1.0828e-008
3.06 2.77274e-005 -3.83821e-005 7.23923e-019 1.0828e-008 1.0828e-008
3.07 2.77274e-005 -3.83821e-005 6.05322e-018 1.0828e-008 1.0828e-008
3.08 2.77274e-005 -3.83821e-005 8.1522e-019 1.0828e-008 1.0828e-008
3.09 2.77274e-005 -3.83821e-005 5.90987e-019 1.0828e-008 1.0828e-008
3.1 2.77274e-005 -3.83821e-005 2.25712e-018 1.0828e-008 1.0828e-008
3.11 2.77274e-005 -3.83821e-005 6.2647e-018 1.0828e-008 1.0828e-008
3.12 2.77274e-005 -3.83821e-005 7.83281e-018 1.0828e-008 1.0828e-008
3.13 2.77274e-005 -3.83821e-005 1.32248e-017 1.0828e-008 1.0828e-008
3.14 2.77274e-005 -3.83821e-005 4.83093e-018 1.0828e-008 1.0828e-008
3.15 2.77274e-005 -3.83821e-005 7.66642e-018 1.0828e-008 1.0828e-008
3.16 2.77274e-005 -3.83821e-005 6.21715e-018 1.0828e-008 1.0828e-008
3.17 2.77274e-005 -3.83821e-005 8.4095e-018 1.0828e-008 1.0828e-008
3.18 2.77274e-005 -3.83821e-005 6.66879e-018 1.0828e-008 1.0828e-008
3.19 2.77274e-005 -3.83821e-005 5.80732e-018 1.0828e-008 1.0828e-008
3.2 2.77274e-005 -3.83821e-005 6.90833e-018 1.0828e-008 1.0828e-008
3.21 2.77274e-005 -3.83821e-005 4.8508e-018 1.0828e-008 1.0828e-008
3.22 2.77274e-005 -3.83821e-005 6.80225e-018 1.0828e-008 1.0828e-008
3.23 2.77274e-005 -3.83821e-005 5.87915e-018 1.0828e-008 1.0828e-008
3.24 2.77274e-005 -3.83821e-005 7.34995e-018 1.0828e-008 1.0828e-008
3.25 2.77274e-005 -3.83821e-005 7.12747e-018 1.0828e-008 1.0828e-008
3.26 2.77274e-005 -3.83821e-005 7.21845e-018 1.0828e-008 1.0828e-008
3.27 2.77274e-005 -3.83821e-005 7.4248e-018 1.0828e-008 1.0828e-008
3.28 2.77274e-005 -3.83821e-005 7.97931e-018 1.0828e-008 1.0828e-008
3.29 2.77274e-005 -3.83821e-005 7.50526e-018 1.0828e-008 1.0828e-008
3.3 2.77274e-005 -3.83821e-005 7.59666e-018 1.0828e-008 1.0828e-008
3.31 2.77274e-005 -3.83821e-005 7.04775e-018 1.0828e-008 1.0828e-008
3.32 2.77274e-005 -3.83821e-005 6.83459e-018 1.0828e-008 1.0828e-008
3.33 2.77274e-005 -3.83821e-005 7.30071e-018 1.0828e-008 1.0828e-008
3.34 2.77274e-005 -3.83821e-005 5.99373e-018 1.0828e-008 1.0828e-008
3.35 2.77274e-005 -3.83821e-005 7.94662e-018 1.0828e-008 1.0828e-008
3.36 2.77274e-005 -3.83821e-005 9.64131e-018 1.0828e-008 1.0828e-008
3.37 2.77274e-005 -3.83821e-005 6.58232e-018 1.0828e-008 1.0828e-008
3.38 2.77274e-005 -3.83821e-005 8.19317e-018 1.0828e-008 1.0828e-008
3.39 2.77274e-005 -3.83821e-005 8.10282e-018 1.0828e-008 1.0828e-008
3.4 2.77274e-005 -3.83821e-005 8.45067e-018 1.0828e-008 1.0828e-008
3.41 2.77274e-005 -3.83821e-005 7.77584e-018 1.0828e-008 1.0828e-008
3.42 2.77274e-005 -3.83821e-005 7.82339e-018 1.0828e-008 1.0828e-008
3.43 2.77274e-005 -3.83821e-005 7.97704e-018 1.0828e-008 1.0828e-008
3.44 2.77274e-005 -3.83821e-005 7.96197e-018 1.0828e-008 1.0828e-008
3.45 2.77274e-005 -3.83821e-005 8.02921e-018 1.0828e-008 1.0828e-008
3.46 2.77274e-005 -3.83821e-005 7.96972e-018 1.0828e-008 1.0828e-008
3.47 2.77274e-005 -3.83821e-005 8.07944e-018 1.0828e-008 1.0828e-008
3.48 2.77274e-005 -3.83821e-005 7.9689e-018 1.0828e-008 1.0828e-008
3.49 2.77274e-005 -3.83821e-005 8.12726e-018 1.0828e-008 1.0828e-008
3.5 2.77274e-005 -3.83821e-005 8.08927e-018 1.0828e-008 1.0828e-008
3.51 2.77274e-005 -3.83821e-005 8.36686e-018 1.0828e-008 1.0828e-008
3.52 2.77274e-005 -3.83821e-005 7.03555e-018 1.0828e-008 1.0828e-008
3.53 2.77274e-005 -3.83821e-005 8.20818e-018 1.0828e-008 1.0828e-008
3.54 2.77274e-005 -3.83821e-005 7.50536e-018 1.0828e-008 1.0828e-008
3.55 2.77274e-005 -3.83821e-005 7.34057e-018 1.0828e-008 1.0828e-008
3.56 2.77274e-005 -3.83821e-005 7.24546e-018 1.0828e-008 1.0828e-008
3.57 2.77274e-005 -3.83821e-005 7.38254e-018 1.0828e-008 1.0828e-008
3.58 2.77274e-005 -3.83821e-005 6.78069e-018 1.0828e-008 1.0828e-008
3.59 2.77274e-005 -3.83821e-005 6.8971e-018 1.0828e-008 1.0828e-008
3.6 2.77274e-005 -3.83821e-005 7.02453e-018 1.0828e-008 1.0828e-008
3.61 2.77274e-005 -3.83821e-005 6.97135e-018 1.0828e-008 1.0828e-008
3.62 2.77274e-005 -3.83821e-005 7.71391e-018 1.0828e-008 1.0828e-008
3.63 2.77274e-005 -3.83821e-005 7.88106e-018 1.0828e-008 1.0828e-008
3.64 2.77274e-005 -3.83821e-005 1.07222e-017 1.0828e-008 1.0828e-008
3.65 2.77274e-005 -3.83821e-005 3.59592e-018 1.0828e-008 1.0828e-008
3.66 2.77274e-005 -3.83821e-005 9.47769e-018 1.0828e-008 1.0828e-008
3.67 2.77274e-005 -3.83821e-005 1.70289e-018 1.0828e-008 1.0828e-008
3.68 2.77274e-005 -3.83821e-005 8.77743e-018 1.0828e-008 1.0828e-008
3.69 2.77274e-005 -3.83821e-005 5.276e-019 1.0828e-008 1.0828e-008
3.7 2.77274e-005 -3.83821e-005 2.18603e-018 1.0828e-008 1.0828e-008
3.71 2.77274e-005 -3.83821e-005 8.84252e-018 1.0828e-008 1.0828e-008
3.72 2.77274e-005 -3.83821e-005 2.71271e-018 1.0828e-008 1.0828e-008
3.73 2.77274e-005 -3.83821e-005 4.77897e-018 1.0828e-008 1.0828e-008
3.74 2.77274e-005 -3.83821e-005 3.01829e-018 1.0828e-008 1.0828e-008
3.75 2.77274e-005 -3.83821e-005 3.41711e-018 1.0828e-008 1.0828e-008
3.76 2.77274e-005 -3.83821e-005 5.65408e-018 1.0828e-008 1.0828e-008
3.77 2.77274e-005 -3.83821e-005 6.30039e-018 1.0828e-008 1.0828e-008
3.78 2.77274e-005 -3.83821e-005 4.69467e-018 1.0828e-008 1.0828e-008
3.79 2.77274e-005 -3.83821e-005 3.56933e-018 1.0828e-008 1.0828e-008
3.8 2.77274e-005 -3.83821e-005 4.95626e-018 1.0828e-008 1.0828e-008
3.81 2.77274e-005 -3.83821e-005 5.25605e-018 1.0828e-008 1.0828e-008
3.82 2.77274e-005 -3.83821e-005 3.94093e-018 1.0828e-008 1.0828e-008
3.83 2.77274e-005 -3.83821e-005 9.33734e-018 1.0828e-008 1.0828e-008
3.84 2.77274e-005 -3.83821e-005 1.36216e-017 1.0828e-008 1.0828e-008
3.85 2.77274e-005 -3.83821e-005 1.30756e-017 1.0828e-008 1.0828e-008
3.86 2.77274e-005 -3.83821e-005 3.10206e-018 1.0828e-008 1.0828e-008
3.87 2.77274e-005 -3.83821e-005 5.21546e-018 1.0828e-008 1.0828e-008
3.88 2.77274e-005 -3.83821e-005 8.88941e-018 1.0828e-008 1.0828e-008
3.89 2.77274e-005 -3.83821e-005 4.78211e-018 1.0828e-008 1.0828e-008
3.9 2.77274e-005 -3.83821e-005 6.85402e-018 1.0828e-008 1.0828e-008
3.91 2.77274e-005 -3.83821e-005 4.35251e-018 1.0828e-008 1.0828e-008
3.92 2.77274e-005 -3.83821e-005 8.68899e-018 1.0828e-008 1.0828e-008
3.93 2.77274e-005 -3.83821e-005 2.0379e-018 1.0828e-008 1.0828e-008
3.94 2.77274e-005 -3.83821e-005 1.04734e-017 1.0828e-008 1.0828e-008
3.95 2.77274e-005 -3.83821e-005 5.03808e-018 1.0828e-008 1.0828e-008
3.96 2.77274e-005 -3.83821e-005 1.11509e-017 1.0828e-008 1.0828e-008
3.97 2.77274e-005 -3.83821e-005 6.05038e-018 1.0828e-008 1.0828e-008
3.98 2.77274e-005 -3.83821e-005 7.68018e-018 1.0828e-008 1.0828e-008
3.99 2.77274e-005 -3.83821e-005 7.43864e-018 1.0828e-008 1.0828e-008
4 2.77274e-005 -3.83821e-005 8.11519e-018 1.0828e-008 1.0828e-008
4.01 2.77274e-005 -3.83821e-005 7.68716e-018 1.0828e-008 1.0828e-008
4.02 2.77274e-005 -3.83821e-005 8.01154e-018 1.0828e-008 1.0828e-008
4.03 2.77274e-005 -3.83821e-005 5.4581e-018 1.0828e-008 1.0828e-008
4.04 2.77274e-005 -3.83821e-005 7.78752e-018 1.0828e-008 1.0828e-008
4.05 2.77274e-005 -3.83821e-005 7.91123e-018 1.0828e-008 1.0828e-008
4.06 2.77274e-005 -3.83821e-005 8.11192e-018 1.0828e-008 1.0828e-008
4.07 2.77274e-005 -3.83821e-005 6.97989e-018 1.0828e-008 1.0828e-008
4.08 2.77274e-005 -3.83821e-005 8.04359e-018 1.0828e-008 1.0828e-008
4.09 2.77274e-005 -3.83821e-005 7.00552e-018 1.0828e-008 1.0828e-008
4.1 2.77274e-005 -3.83821e-005 8.22592e-018 1.0828e-008 1.0828e-008
4.11 2.77274e-005 -3.83821e-005 7.77351e-018 1.0828e-008 1.0828e-008
4.12 2.77274e-005 -3.83821e-005 8.91764e-018 1.0828e-008 1.0828e-008
4.13 2.77274e-005 -3.83821e-005 6.8646e-018 1.0828e-008 1.0828e-008
4.14 2.77274e-005 -3.83821e-005 7.64651e-018 1.0828e-008 1.0828e-008
4.15 2.77274e-005 -3.83821e-005 7.09661e-018 1.0828e-008 1.0828e-008
4.16 2.77274e-005 -3.83821e-005 7.67733e-018 1.0828e-008 1.0828e-008
4.17 2.77274e-005 -3.83821e-005 7.595e-018 1.0828e-008 1.0828e-008
4.18 2.77274e-005 -3.83821e-005 7.92584e-018 1.0828e-008 1.0828e-008
4.19 2.77274e-005 -3.83821e-005 8.31799e-018 1.0828e-008 1.0828e-008
4.2 2.77274e-005 -3.83821e-005 8.13053e-018 1.0828e-008 1.0828e-008
4.21 2.77274e-005 -3.83821e-005 8.49859e-018 1.0828e-008 1.0828e-008
4.22 2.77274e-005 -3.83821e-005 7.43136e-018 1.0828e-008 1.0828e-008
4.23 2.77274e-005 -3.83821e-005 8.21668e-018 1.0828e-008 1.0828e-008
4.24 2.77274e-005 -3.83821e-005 6.64634e-018 1.0828e-008 1.0828e-008
4.25 2.77274e-005 -3.83821e-005 7.60847e-018 1.0828e-008 1.0828e-008
4.26 2.77274e-005 -3.83821e-005 7.82158e-018 1.0828e-008 1.0828e-008
4.27 2.77274e-005 -3.83821e-005 7.92566e-018 1.0828e-008 1.0828e-008
4.28 2.77274e-005 -3.83821e-005 6.88576e-018 1.0828e-008 1.0828e-008
4.29 2.77274e-005 -3.83821e-005 8.38298e-018 1.0828e-008 1.0828e-008
4.3 2.77274e-005 -3.83821e-005 7.41013e-018 1.0828e-008 1.0828e-008
4.31 2.77274e-005 -3.83821e-005 6.58761e-018 1.0828e-008 1.0828e-008
4.32 2.77274e-005 -3.83821e-005 8.46069e-018 1.0828e-008 1.0828e-008
4.33 2.77274e-005 -3.83821e-005 5.09292e-018 1.0828e-008 1.0828e-008
4.34 2.77274e-005 -3.83821e-005 8.73051e-018 1.0828e-008 1.0828e-008
4.35 2.77274e-005 -3.83821e-005 6.80315e-018 1.0828e-008 1.0828e-008
4.36 2.77274e-005 -3.83821e-005 7.13424e-018 1.0828e-008 1.0828e-008
4.37 2.77274e-005 -3.83821e-005 7.17792e-018 1.0828e-008 1.0828e-008
4.38 2.77274e-005 -3.83821e-005 7.78491e-018 1.0828e-008 1.0828e-008
4.39 2.77274e-005 -3.83821e-005 8.18861e-018 1.0828e-008 1.0828e-008
4.4 2.77274e-005 -3.83821e-005 7.78833e-018 1.0828e-008 1.0828e-008
4.41 2.77274e-005 -3.83821e-005 7.8322e-018 1.0828e-008 1.0828e-008
4.42 2.77274e-005 -3.83821e-005 7.71632e-018 1.0828e-008 1.0828e-008
4.43 2.77274e-005 -3.83821e-005 7.75238e-018 1.0828e-008 1.0828e-008
4.44 2.77274e-005 -3.83821e-005 7.72793e-018 1.0828e-008 1.0828e-008
4.45 2.77274e-005 -3.83821e-005 6.79289e-018 1.0828e-008 1.0828e-008
4.46 2.77274e-005 -3.83821e-005 7.3085e-018 1.0828e-008 1.0828e-008
4.47 2.77274e-005 -3.83821e-005 7.97612e-018 1.0828e-008 1.0828e-008
4.48 2.77274e-005 -3.83821e-005 7.33965e-018 1.0828e-008 1.0828e-008
4.49 2.77274e-005 -3.83821e-005 7.67427e-018 1.0828e-008 1.0828e-008
4.5 2.77274e-005 -3.83821e-005 7.46378e-018 1.0828e-008 1.0828e-008
4.51 2.77274e-005 -3.83821e-005 7.96569e-018 1.0828e-008 1.0828e-008
4.52 2.77274e-005 -3.83821e-005 8.6722e-018 1.0828e-008 1.0828e-008
4.53 2.77274e-005 -3.83821e-005 6.66816e-018 1.0828e-008 1.0828e-008
4.54 2.77274e-005 -3.83821e-005 9.13684e-018 1.0828e-008 1.0828e-008
4.55 2.77274e-005 -3.83821e-005 7.12341e-018 1.0828e-008 1.0828e-008
4.56 2.77274e-005 -3.83821e-005 7.58351e-018 1.0828e-008 1.0828e-008
4.57 2.77274e-005 -3.83821e-005 1.09393e-017 1.0828e-008 1.0828e-008
4.58 2.77274e-005 -3.83821e-005 2.50264e-018 1.0828e-008 1.0828e-008
4.59 2.77274e-005 -3.83821e-005 9.5e-018 1.0828e-008 1.0828e-008
4.6 2.77274e-005 -3.83821e-005 4.33243e-018 1.0828e-008 1.0828e-008
4.61 2.77274e-005 -3.83821e-005 7.92609e-018 1.0828e-008 1.0828e-008
4.62 2.77274e-005 -3.83821e-005 6.74167e-018 1.0828e-008 1.0828e-008
4.63 2.77274e-005 -3.83821e-005 8.53585e-018 1.0828e-008 1.0828e-008
4.64 2.77274e-005 -3.83821e-005 6.85334e-018 1.0828e-008 1.0828e-008
4.65 2.77274e-005 -3.83821e-005 7.493e-018 1.0828e-008 1.0828e-008
4.66 2.77274e-005 -3.83821e-005 7.25606e-018 1.0828e-008 1.0828e-008
4.67 2.77274e-005 -3.83821e-005 7.47605e-018 1.0828e-008 1.0828e-008
4.68 2.77274e-005 -3.83821e-005 6.69513e-018 1.0828e-008 1.0828e-008
4.69 2.77274e-005 -3.83821e-005 7.94665e-018 1.0828e-008 1.0828e-008
4.7 2.77274e-005 -3.83821e-005 6.27123e-018 1.0828e-008 1.0828e-008
4.71 2.77274e-005 -3.83821e-005 8.95115e-018 1.0828e-008 1.0828e-008
4.72 2.77274e-005 -3.83821e-005 6.81894e-018 1.0828e-008 1.0828e-008
4.73 2.77274e-005 -3.83821e-005 7.28492e-018 1.0828e-008 1.0828e-008
4.74 2.77274e-005 -3.83821e-005 5.70851e-018 1.0828e-008 1.0828e-008
4.75 2.77274e-005 -3.83821e-005 -2.6277e-018 1.0828e-008 1.0828e-008
4.76 2.77274e-005 -3.83821e-005 5.49335e-018 1.0828e-008 1.0828e-008
4.77 2.77274e-005 -3.83821e-005 3.91901e-018 1.0828e-008 1.0828e-008
4.78 2.77274e-005 -3.83821e-005 4.85514e-018 1.0828e-008 1.0828e-008
4.79 2.77274e-005 -3.83821e-005 3.44877e-018 1.0828e-008 1.0828e-008
4.8 2.77274e-005 -3.83821e-005 4.36112e-018 1.0828e-008 1.0828e-008
4.81 2.77274e-005 -3.83821e-005 4.47258e-018 1.0828e-008 1.0828e-008
4.82 2.77274e-005 -3.83821e-005 9.34898e-018 1.0828e-008 1.0828e-008
4.83 2.77274e-005 -3.83821e-005 5.38091e-018 1.0828e-008 1.0828e-008
4.84 2.77274e-005 -3.83821e-005 6.10145e-018 1.0828e-008 1.0828e-008
4.85 2.77274e-005 -3.83821e-005 8.49776e-018 1.0828e-008 1.0828e-008
4.86 2.77274e-005 -3.83821e-005 7.5679e-018 1.0828e-008 1.0828e-008
4.87 2.77274e-005 -3.83821e-005 1.39816e-018 1.0828e-008 1.0828e-008
4.88 2.77274e-005 -3.83821e-005 3.80305e-018 1.0828e-008 1.0828e-008
4.89 2.77274e-005 -3.83821e-005 4.96247e-018 1.0828e-008 1.0828e-008
4.9 2.77274e-005 -3.83821e-005 8.93592e-018 1.0828e-008 1.0828e-008
4.91 2.77274e-005 -3.83821e-005 6.67769e-018 1.0828e-008 1.0828e-008
4.92 2.77274e-005 -3.83821e-005 1.05895e-019 1.0828e-008 1.0828e-008
4.93 2.77274e-005 -3.83821e-005 7.52126e-021 1.0828e-008 1.0828e-008
4.94 2.77274e-005 -3.83821e-005 4.95689e-018 1.0828e-008 1.0828e-008
4.95 2.77274e-005 -3.83821e-005 1.28127e-018 1.0828e-008 1.0828e-008
4.96 2.77274e-005 -3.83821e-005 4.29013e-018 1.0828e-008 1.0828e-008
4.97 2.77274e-005 -3.83821e-005 4.59322e-018 1.0828e-008 1.0828e-008
4.98 2.77274e-005 -3.83821e-005 3.75585e-018 1.0828e-008 1.0828e-008
4.99 2.77274e-005 -3.83821e-005 6.62449e-018 1.0828e-008 1.0828e-008
5 2.77274e-005 -3.83821e-005 4.77891e-018 1.0828e-008 1.0828e-008
5.01 2.77274e-005 -3.83821e-005 5.46382e-018 1.0828e-008 1.0828e-008
5.02 2.77274e-005 -3.83821e-005 4.37515e-018 1.0828e-008 1.0828e-008
5.03 2.77274e-005 -3.83821e-005 4.46818e-018 1.0828e-008 1.0828e-008
5.04 2.77274e-005 -3.83821e-005 5.10749e-018 1.0828e-008 1.0828e-008
5.05 2.77274e-005 -3.83821e-005 3.68314e-018 1.0828e-008 1.0828e-008
5.06 2.77274e-005 -3.83821e-005 3.06376e-018 1.0828e-008 1.0828e-008
5.07 2.77274e-005 -3.83821e-005 -2.66586e-018 1.0828e-008 1.0828e-008
5.08 2.77274e-005 -3.83821e-005 -2.33102e-018 1.0828e-008 1.0828e-008
5.09 2.77274e-005 -3.83821e-005 5.50301e-018 1.0828e-008 1.0828e-008
5.1 2.77274e-005 -3.83821e-005 1.35054e-017 1.0828e-008 1.0828e-008
5.11 2.77274e-005 -3.83821e-005 4.52614e-018 1.0828e-008 1.0828e-008
5.12 2.77274e-005 -3.83821e-005 4.87889e-018 1.0828e-008 1.0828e-008
5.13 2.77274e-005 -3.83821e-005 9.64886e-018 1.0828e-008 1.0828e-008
5.14 2.77274e-005 -3.83821e-005 6.33296e-018 1.0828e-008 1.0828e-008
5.15 2.77274e-005 -3.83821e-005 3.87097e-018 1.0828e-008 1.0828e-008
5.16 2.77274e-005 -3.83821e-005 5.45072e-018 1.0828e-008 1.0828e-008
5.17 2.77274e-005 -3.83821e-005 4.71547e-018 1.0828e-008 1.0828e-008
5.18 2.77274e-005 -3.83821e-005 5.33132e-018 1.0828e-008 1.0828e-008
5.19 2.77274e-005 -3.83821e-005 3.83983e-018 1.0828e-008 1.0828e-008
5.2 2.77274e-005 -3.83821e-005 4.33722e-018 1.0828e-008 1.0828e-008
5.21 2.77274e-005 -3.83821e-005 4.42771e-018 1.0828e-008 1.0828e-008
5.22 2.77274e-005 -3.83821e-005 3.9041e-018 1.0828e-008 1.0828e-008
5.23 2.77274e-005 -3.83821e-005 3.84485e-018 1.0828e-008 1.0828e-008
5.24 2.77274e-005 -3.83821e-005 3.28421e-018 1.0828e-008 1.0828e-008
5.25 2.77274e-005 -3.83821e-005 4.73941e-018 1.0828e-008 1.0828e-008
5.26 2.77274e-005 -3.83821e-005 4.76821e-018 1.0828e-008 1.0828e-008
5.27 2.77274e-005 -3.83821e-005 3.59121e-018 1.0828e-008 1.0828e-008
5.28 2.77274e-005 -3.83821e-005 3.8321e-018 1.0828e-008 1.0828e-008
5.29 2.77274e-005 -3.83821e-005 4.30045e-018 1.0828e-008 1.0828e-008
5.3 2.77274e-005 -3.83821e-005 4.69043e-018 1.0828e-008 1.0828e-008
5.31 2.77274e-005 -3.83821e-005 4.17785e-018 1.0828e-008 1.0828e-008
5.32 2.77274e-005 -3.83821e-005 4.76712e-018 1.0828e-008 1.0828e-008
5.33 2.77274e-005 -3.83821e-005 4.43622e-018 1.0828e-008 1.0828e-008
5.34 2.77274e-005 -3.83821e-005 4.97908e-018 1.0828e-008 1.0828e-008
5.35 2.77274e-005 -3.83821e-005 4.33443e-018 1.0828e-008 1.0828e-008
5.36 2.77274e-005 -3.83821e-005 5.00403e-018 1.0828e-008 1.0828e-008
5.37 2.77274e-005 -3.83821e-005 4.18623e-018 1.0828e-008 1.0828e-008
5.38 2.77274e-005 -3.83821e-005 4.68776e-018 1.0828e-008 1.0828e-008
5.39 2.77274e-005 -3.83821e-005 4.56864e-018 1.0828e-008 1.0828e-008
5.4 2.77274e-005 -3.83821e-005 4.56685e-018 1.0828e-008 1.0828e-008
5.41 2.77274e-005 -3.83821e-005 4.94407e-018 1.0828e-008 1.0828e-008
5.42 2.77274e-005 -3.83821e-005 4.43499e-018 1.0828e-008 1.0828e-008
5.43 2.77274e-005 -3.83821e-005 5.75601e-018 1.0828e-008 1.0828e-008
5.44 2.77274e-005 -3.83821e-005 3.89907e-018 1.0828e-008 1.0828e-008
5.45 2.77274e-005 -3.83821e-005 4.73634e-018 1.0828e-008 1.0828e-008
5.46 2.77274e-005 -3.83821e-005 5.09873e-018 1.0828e-008 1.0828e-008
5.47 2.77274e-005 -3.83821e-005 4.79176e-018 1.0828e-008 1.0828e-008
5.48 2.77274e-005 -3.83821e-005 6.96644e-018 1.0828e-008 1.0828e-008
5.49 2.77274e-005 -3.83821e-005 6.44548e-018 1.0828e-008 1.0828e-008
5.5 2.77274e-005 -3.83821e-005 5.71942e-018 1.0828e-008 1.0828e-008
5.51 2.77274e-005 -3.83821e-005 6.54076e-018 1.0828e-008 1.0828e-008
5.52 2.77274e-005 -3.83821e-005 6.46985e-018 1.0828e-008 1.0828e-008
5.53 2.77274e-005 -3.83821e-005 6.3565e-018 1.0828e-008 1.0828e-008
5.54 2.77274e-005 -3.83821e-005 5.97749e-018 1.0828e-008 1.0828e-008
5.55 2.77274e-005 -3.83821e-005 9.47342e-018 1.0828e-008 1.0828e-008
5.56 2.77274e-005 -3.83821e-005 2.52108e-018 1.0828e-008 1.0828e-008
5.57 2.77274e-005 -3.83821e-005 4.59783e-018 1.0828e-008 1.0828e-008
5.58 2.77274e-005 -3.83821e-005 6.26854e-018 1.0828e-008 1.0828e-008
5.59 2.77274e-005 -3.83821e-005 9.20299e-018 1.0828e-008 1.0828e-008
5.6 2.77274e-005 -3.83821e-005 3.63946e-018 1.0828e-008 1.0828e-008
5.61 2.77274e-005 -3.83821e-005 1.03596e-017 1.0828e-008 1.0828e-008
5.62 2.77274e-005 -3.83821e-005 4.11771e-018 1.0828e-008 1.0828e-008
5.63 2.77274e-005 -3.83821e-005 1.01862e-017 1.0828e-008 1.0828e-008
5.64 2.77274e-005 -3.83821e-005 5.60466e-018 1.0828e-008 1.0828e-008
5.65 2.77274e-005 -3.83821e-005 2.57424e-018 1.0828e-008 1.0828e-008
5.66 2.77274e-005 -3.83821e-005 3.72734e-018 1.0828e-008 1.0828e-008
5.67 2.77274e-005 -3.83821e-005 8.41355e-018 1.0828e-008 1.0828e-008
5.68 2.77274e-005 -3.83821e-005 4.12046e-018 1.0828e-008 1.0828e-008
5.69 2.77274e-005 -3.83821e-005 9.53634e-018 1.0828e-008 1.0828e-008
5.7 2.77274e-005 -3.83821e-005 -2.35006e-018 1.0828e-008 1.0828e-008
5.71 2.77274e-005 -3.83821e-005 1.30534e-017 1.0828e-008 1.0828e-008
5.72 2.77274e-005 -3.83821e-005 -1.29629e-018 1.0828e-008 1.0828e-008
5.73 2.77274e-005 -3.83821e-005 9.65528e-018 1.0828e-008 1.0828e-008
5.74 2.77274e-005 -3.83821e-005 -3.5128e-018 1.0828e-008 1.0828e-008
5.75 2.77274e-005 -3.83821e-005 6.60201e-018 1.0828e-008 1.0828e-008
5.76 2.77274e-005 -3.83821e-005 -1.26604e-018 1.0828e-008 1.0828e-008
5.77 2.77274e-005 -3.83821e-005 3.21527e-018 1.0828e-008 1.0828e-008
5.78 2.77274e-005 -3.83821e-005 -8.57723e-018 1.0828e-008 1.0828e-008
5.79 2.77274e-005 -3.83821e-005 -5.92235e-018 1.0828e-008 1.0828e-008
5.8 2.77274e-005 -3.83821e-005 -5.6725e-019 1.0828e-008 1.0828e-008
5.81 2.77274e-005 -3.83821e-005 -5.7199e-018 1.0828e-008 1.0828e-008
5.82 2.77274e-005 -3.83821e-005 -1.06296e-017 1.0828e-008 1.0828e-008
5.83 2.77274e-005 -3.83821e-005 1.8212e-019 1.0828e-008 1.0828e-008
5.84 2.77274e-005 -3.83821e-005 6.41876e-019 1.0828e-008 1.0828e-008
5.85 2.77274e-005 -3.83821e-005 -1.22032e-017 1.0828e-008 1.0828e-008
5.86 2.77274e-005 -3.83821e-005 -1.02381e-017 1.0828e-008 1.0828e-008
5.87 2.77274e-005 -3.83821e-005 -7.39686e-018 1.0828e-008 1.0828e-008
5.88 2.77274e-005 -3.83821e-005 -1.04893e-017 1.0828e-008 1.0828e-008
5.89 2.77274e-005 -3.83821e-005 -9.20846e-020 1.0828e-008 1.0828e-008
5.9 2.77274e-005 -3.83821e-005 -6.3787e-018 1.0828e-008 1.0828e-008
5.91 2.77274e-005 -3.83821e-005 -7.49298e-019 1.0828e-008 1.0828e-008
5.92 2.77274e-005 -3.83821e-005 -4.14089e-018 1.0828e-008 1.0828e-008
5.93 2.77274e-005 -3.83821e-005 -1.61032e-018 1.0828e-008 1.0828e-008
5.94 2.77274e-005 -3.83821e-005 -3.50383e-018 1.0828e-008 1.0828e-008
5.95 2.77274e-005 -3.83821e-005 -1.57289e-018 1.0828e-008 1.0828e-008
5.96 2.77274e-005 -3.83821e-005 -4.21348e-018 1.0828e-008 1.0828e-008
5.97 2.77274e-005 -3.83821e-005 2.46427e-018 1.0828e-008 1.0828e-008
5.98 2.77274e-005 -3.83821e-005 -1.57049e-017 1.0828e-008 1.0828e-008
5.99 2.77274e-005 -3.83821e-005 -1.76956e-018 1.0828e-008 1.0828e-008
6 2.77274e-005 -3.83821e-005 -1.35444e-018 1.0828e-008 1.0828e-008
6.01 2.77274e-005 -3.83821e-005 -4.52532e-019 1.0828e-008 1.0828e-008
6.02 2.77274e-005 -3.83821e-005 3.30958e-018 1.0828e-008 1.0828e-008
6.03 2.77274e-005 -3.83821e-005 8.95923e-019 1.0828e-008 1.0828e-008
6.04 2.77274e-005 -3.83821e-005 5.93275e-018 1.0828e-008 1.0828e-008
6.05 2.77274e-005 -3.83821e-005 -1.67698e-018 1.0828e-008 1.0828e-008
6.06 2.77274e-005 -3.83821e-005 5.62402e-018 1.0828e-008 1.0828e-008
6.07 2.77274e-005 -3.83821e-005 -4.83323e-018 1.0828e-008 1.0828e-008
6.08 2.77274e-005 -3.83821e-005 7.49906e-018 1.0828e-008 1.0828e-008
6.09 2.77274e-005 -3.83821e-005 -8.24965e-018 1.0828e-008 1.0828e-008
6.1 2.77274e-005 -3.83821e-005 8.54206e-018 1.0828e-008 1.0828e-008
6.11 2.77274e-005 -3.83821e-005 -1.40571e-017 1.0828e-008 1.0828e-008
6.12 2.77274e-005 -3.83821e-005 8.53789e-018 1.0828e-008 1.0828e-008
6.13 2.77274e-005 -3.83821e-005 -2.20944e-017 1.0828e-008 1.0828e-008
6.14 2.77274e-005 -3.83821e-005 -1.39018e-018 1.0828e-008 1.0828e-008
6.15 2.77274e-005 -3.83821e-005 -9.9191e-018 1.0828e-008 1.0828e-008
6.16 2.77274e-005 -3.83821e-005 -2.80379e-018 1.0828e-008 1.0828e-008
6.17 2.77274e-005 -3.83821e-005 -2.03087e-018 1.0828e-008 1.0828e-008
6.18 2.77274e-005 -3.83821e-005 -8.11386e-019 1.0828e-008 1.0828e-008
6.19 2.77274e-005 -3.83821e-005 -7.93985e-019 1.0828e-008 1.0828e-008
6.2 2.77274e-005 -3.83821e-005 2.27789e-018 1.0828e-008 1.0828e-008
6.21 2.77274e-005 -3.83821e-005 1.03692e-017 1.0828e-008 1.0828e-008
6.22 2.77274e-005 -3.83821e-005 -4.71195e-018 1.0828e-008 1.0828e-008
6.23 2.77274e-005 -3.83821e-005 1.37364e-017 1.0828e-008 1.0828e-008
6.24 2.77274e-005 -3.83821e-005 -5.2462e-018 1.0828e-008 1.0828e-008
6.25 2.77274e-005 -3.83821e-005 1.43173e-017 1.0828e-008 1.0828e-008
6.26 2.77274e-005 -3.83821e-005 8.5052e-019 1.0828e-008 1.0828e-008
6.27 2.77274e-005 -3.83821e-005 1.02974e-017 1.0828e-008 1.0828e-008
6.28 2.77274e-005 -3.83821e-005 7.34737e-018 1.0828e-008 1.0828e-008
6.29 2.77274e-005 -3.83821e-005 9.51853e-018 1.0828e-008 1.0828e-008
6.3 2.77274e-005 -3.83821e-005 8.94465e-018 1.0828e-008 1.0828e-008
6.31 2.77274e-005 -3.83821e-005 1.14477e-017 1.0828e-008 1.0828e-008
6.32 2.77274e-005 -3.83821e-005 1.01193e-017 1.0828e-008 1.0828e-008
6.33 2.77274e-005 -3.83821e-005 8.72543e-018 1.0828e-008 1.0828e-008
6.34 2.77274e-005 -3.83821e-005 1.10531e-017 1.0828e-008 1.0828e-008
6.35 2.77274e-005 -3.83821e-005 1.11309e-017 1.0828e-008 1.0828e-008
6.36 2.77274e-005 -3.83821e-005 1.25562e-017 1.0828e-008 1.0828e-008
6.37 2.77274e-005 -3.83821e-005 7.15116e-018 1.0828e-008 1.0828e-008
6.38 2.77274e-005 -3.83821e-005 1.12031e-017 1.0828e-008 1.0828e-008
6.39 2.77274e-005 -3.83821e-005 1.3965e-017 1.0828e-008 1.0828e-008
6.4 2.77274e-005 -3.83821e-005 1.11265e-017 1.0828e-008 1.0828e-008
6.41 2.77274e-005 -3.83821e-005 1.53286e-017 1.0828e-008 1.0828e-008
6.42 2.77274e-005 -3.83821e-005 1.20906e-017 1.0828e-008 1.0828e-008
6.43 2.77274e-005 -3.83821e-005 1.36849e-017 1.0828e-008 1.0828e-008
6.44 2.77274e-005 -3.83821e-005 1.28231e-017 1.0828e-008 1.0828e-008
6.45 2.77274e-005 -3.83821e-005 1.35893e-017 1.0828e-008 1.0828e-008
6.46 2.77274e-005 -3.83821e-005 1.27126e-017 1.0828e-008 1.0828e-008
6.47 2.77274e-005 -3.83821e-005 1.25255e-017 1.0828e-008 1.0828e-008
6.48 2.77274e-005 -3.83821e-005 1.26276e-017 1.0828e-008 1.0828e-008
6.49 2.77274e-005 -3.83821e-005 1.32516e-017 1.0828e-008 1.0828e-008
6.5 2.77274e-005 -3.83821e-005 1.3926e-017 1.0828e-008 1.0828e-008
6.51 2.77274e-005 -3.83821e-005 1.37769e-017 1.0828e-008 1.0828e-008
6.52 2.77274e-005 -3.83821e-005 1.05995e-017 1.0828e-008 1.0828e-008
6.53 2.77274e-005 -3.83821e-005 1.12039e-017 1.0828e-008 1.0828e-008
6.54 2.77274e-005 -3.83821e-005 9.12467e-018 1.0828e-008 1.0828e-008
6.55 2.77274e-005 -3.83821e-005 7.68285e-018 1.0828e-008 1.0828e-008
6.56 2.77274e-005 -3.83821e-005 7.40489e-018 1.0828e-008 1.0828e-008
6.57 2.77274e-005 -3.83821e-005 7.65557e-018 1.0828e-008 1.0828e-008
6.58 2.77274e-005 -3.83821e-005 6.13977e-018 1.0828e-008 1.0828e-008
6.59 2.77274e-005 -3.83821e-005 9.00768e-018 1.0828e-008 1.0828e-008
6.6 2.77274e-005 -3.83821e-005 5.54598e-018 1.0828e-008 1.0828e-008
6.61 2.77274e-005 -3.83821e-005 6.62959e-018 1.0828e-008 1.0828e-008
6.62 2.77274e-005 -3.83821e-005 7.07678e-018 1.0828e-008 1.0828e-008
6.63 2.77274e-005 -3.83821e-005 6.06139e-018 1.0828e-008 1.0828e-008
6.64 2.77274e-005 -3.83821e-005 2.78429e-018 1.0828e-008 1.0828e-008
6.65 2.77274e-005 -3.83821e-005 2.08604e-019 1.0828e-008 1.0828e-008
6.66 2.77274e-005 -3.83821e-005 -2.72487e-018 1.0828e-008 1.0828e-008
6.67 2.77274e-005 -3.83821e-005 -8.15409e-019 1.0828e-008 1.0828e-008
6.68 2.77274e-005 -3.83821e-005 4.34151e-018 1.0828e-008 1.0828e-008
6.69 2.77274e-005 -3.83821e-005 3.1122e-018 1.0828e-008 1.0828e-008
6.7 2.77274e-005 -3.83821e-005 -1.38499e-018 1.0828e-008 1.0828e-008
6.71 2.77274e-005 -3.83821e-005 2.94062e-018 1.0828e-008 1.0828e-008
6.72 2.77274e-005 -3.83821e-005 5.27812e-018 1.0828e-008 1.0828e-008
6.73 2.77274e-005 -3.83821e-005 6.33205e-018 1.0828e-008 1.0828e-008
6.74 2.77274e-005 -3.83821e-005 2.71887e-018 1.0828e-008 1.0828e-008
6.75 2.77274e-005 -3.83821e-005 3.80223e-018 1.0828e-008 1.0828e-008
6.76 2.77274e-005 -3.83821e-005 4.99369e-018 1.0828e-008 1.0828e-008
6.77 2.77274e-005 -3.83821e-005 6.58119e-018 1.0828e-008 1.0828e-008
6.78 2.77274e-005 -3.83821e-005 7.13989e-018 1.0828e-008 1.0828e-008
6.79 2.77274e-005 -3.83821e-005 6.34591e-018 1.0828e-008 1.0828e-008
6.8 2.77274e-005 -3.83821e-005 7.01551e-018 1.0828e-008 1.0828e-008
6.81 2.77274e-005 -3.83821e-005 6.32473e-018 1.0828e-008 1.0828e-008
6.82 2.77274e-005 -3.83821e-005 9.69929e-018 1.0828e-008 1.0828e-008
6.83 2.77274e-005 -3.83821e-005 9.45806e-018 1.0828e-008 1.0828e-008
6.84 2.77274e-005 -3.83821e-005 -1.48625e-018 1.0828e-008 1.0828e-008
6.85 2.77274e-005 -3.83821e-005 7.86462e-018 1.0828e-008 1.0828e-008
6.86 2.77274e-005 -3.83821e-005 1.10573e-017 1.0828e-008 1.0828e-008
6.87 2.77274e-005 -3.83821e-005 8.61034e-018 1.0828e-008 1.0828e-008
6.88 2.77274e-005 -3.83821e-005 8.60254e-018 1.0828e-008 1.0828e-008
6.89 2.77274e-005 -3.83821e-005 1.00482e-017 1.0828e-008 1.0828e-008
6.9 2.77274e-005 -3.83821e-005 8.20623e-018 1.0828e-008 1.0828e-008
6.91 2.77274e-005 -3.83821e-005 1.12608e-017 1.0828e-008 1.0828e-008
6.92 2.77274e-005 -3.83821e-005 8.42895e-018 1.0828e-008 1.0828e-008
6.93 2.77274e-005 -3.83821e-005 1.23795e-017 1.0828e-008 1.0828e-008
6.94 2.77274e-005 -3.83821e-005 1.26946e-017 1.0828e-008 1.0828e-008
6.95 2.77274e-005 -3.83821e-005 7.17132e-018 1.0828e-008 1.0828e-008
6.96 2.77274e-005 -3.83821e-005 1.03818e-017 1.0828e-008 1.0828e-008
6.97 2.77274e-005 -3.83821e-005 -8.66139e-018 1.0828e-008 1.0828e-008
6.98 2.77274e-005 -3.83821e-005 1.03074e-017 1.0828e-008 1.0828e-008
6.99 2.77274e-005 -3.83821e-005 -1.08165e-019 1.0828e-008 1.0828e-008
7 2.77274e-005 -3.83821e-005 1.16078e-017 1.0828e-008 1.0828e-008
7.01 2.77274e-005 -3.83821e-005 2.61154e-018 1.0828e-008 1.0828e-008
7.02 2.77274e-005 -3.83821e-005 9.93254e-018 1.0828e-008 1.0828e-008
7.03 2.77274e-005 -3.83821e-005 9.93348e-019 1.0828e-008 1.0828e-008
7.04 2.77274e-005 -3.83821e-005 7.79757e-018 1.0828e-008 1.0828e-008
7.05 2.77274e-005 -3.83821e-005 2.51453e-018 1.0828e-008 1.0828e-008
7.06 2.77274e-005 -3.83821e-005 5.30473e-018 1.0828e-008 1.0828e-008
7.07 2.77274e-005 -3.83821e-005 6.60617e-018 1.0828e-008 1.0828e-008
7.08 2.77274e-005 -3.83821e-005 5.49755e-018 1.0828e-008 1.0828e-008
7.09 2.77274e-005 -3.83821e-005 6.07028e-018 1.0828e-008 1.0828e-008
7.1 2.77274e-005 -3.83821e-005 6.25221e-018 1.0828e-008 1.0828e-008
7.11 2.77274e-005 -3.83821e-005 6.32968e-018 1.0828e-008 1.0828e-008
7.12 2.77274e-005 -3.83821e-005 7.28938e-018 1.0828e-008 1.0828e-008
7.13 2.77274e-005 -3.83821e-005 7.69832e-018 1.0828e-008 1.0828e-008
7.14 2.77274e-005 -3.83821e-005 7.01279e-018 1.0828e-008 1.0828e-008
7.15 2.77274e-005 -3.83821e-005 8.49937e-018 1.0828e-008 1.0828e-008
7.16 2.77274e-005 -3.83821e-005 6.21805e-018 1.0828e-008 1.0828e-008
7.17 2.77274e-005 -3.83821e-005 5.0011e-018 1.0828e-008 1.0828e-008
7.18 2.77274e-005 -3.83821e-005 1.18347e-017 1.0828e-008 1.0828e-008
7.19 2.77274e-005 -3.83821e-005 6.3511e-018 1.0828e-008 1.0828e-008
7.2 2.77274e-005 -3.83821e-005 1.16624e-017 1.0828e-008 1.0828e-008
7.21 2.77274e-005 -3.83821e-005 5.08237e-018 1.0828e-008 1.0828e-008
7.22 2.77274e-005 -3.83821e-005 7.77546e-018 1.0828e-008 1.0828e-008
7.23 2.77274e-005 -3.83821e-005 8.7419e-018 1.0828e-008 1.0828e-008
7.24 2.77274e-005 -3.83821e-005 8.71425e-018 1.0828e-008 1.0828e-008
7.25 2.77274e-005 -3.83821e-005 8.88804e-018 1.0828e-008 1.0828e-008
7.26 2.77274e-005 -3.83821e-005 9.1871e-018 1.0828e-008 1.0828e-008
7.27 2.77274e-005 -3.83821e-005 4.60633e-018 1.0828e-008 1.0828e-008
7.28 2.77274e-005 -3.83821e-005 1.00824e-017 1.0828e-008 1.0828e-008
7.29 2.77274e-005 -3.83821e-005 3.0707e-018 1.0828e-008 1.0828e-008
7.3 2.77274e-005 -3.83821e-005 1.16405e-017 1.0828e-008 1.0828e-008
7.31 2.77274e-005 -3.83821e-005 8.21473e-018 1.0828e-008 1.0828e-008
7.32 2.77274e-005 -3.83821e-005 1.17676e-017 1.0828e-008 1.0828e-008
7.33 2.77274e-005 -3.83821e-005 7.83513e-018 1.0828e-008 1.0828e-008
7.34 2.77274e-005 -3.83821e-005 1.1184e-017 1.0828e-008 1.0828e-008
7.35 2.77274e-005 -3.83821e-005 1.38501e-017 1.0828e-008 1.0828e-008
7.36 2.77274e-005 -3.83821e-005 1.20986e-017 1.0828e-008 1.0828e-008
7.37 2.77274e-005 -3.83821e-005 1.3557e-017 1.0828e-008 1.0828e-008
7.38 2.77274e-005 -3.83821e-005 7.24385e-018 1.0828e-008 1.0828e-008
7.39 2.77274e-005 -3.83821e-005 5.81228e-018 1.0828e-008 1.0828e-008
7.4 2.77274e-005 -3.83821e-005 1.01069e-017 1.0828e-008 1.0828e-008
7.41 2.77274e-005 -3.83821e-005 4.10553e-018 1.0828e-008 1.0828e-008
7.42 2.77274e-005 -3.83821e-005 1.13066e-017 1.0828e-008 1.0828e-008
7.43 2.77274e-005 -3.83821e-005 5.3138e-018 1.0828e-008 1.0828e-008
7.44 2.77274e-005 -3.83821e-005 9.77606e-018 1.0828e-008 1.0828e-008
7.45 2.77274e-005 -3.83821e-005 9.36355e-018 1.0828e-008 1.0828e-008
7.46 2.77274e-005 -3.83821e-005 9.19473e-018 1.0828e-008 1.0828e-008
7.47 2.77274e-005 -3.83821e-005 9.64742e-018 1.0828e-008 1.0828e-008
7.48 2.77274e-005 -3.83821e-005 9.78889e-018 1.0828e-008 1.0828e-008
7.49 2.77274e-005 -3.83821e-005 9.93091e-018 1.0828e-008 1.0828e-008
7.5 2.77274e-005 -3.83821e-005 9.49252e-018 1.0828e-008 1.0828e-008
7.51 2.77274e-005 -3.83821e-005 9.22691e-018 1.0828e-008 1.0828e-008
7.52 2.77274e-005 -3.83821e-005 8.97418e-018 1.0828e-008 1.0828e-008
7.53 2.77274e-005 -3.83821e-005 1.05688e-017 1.0828e-008 1.0828e-008
7.54 2.77274e-005 -3.83821e-005 1.10145e-017 1.0828e-008 1.0828e-008
7.55 2.77274e-005 -3.83821e-005 1.01762e-017 1.0828e-008 1.0828e-008
7.56 2.77274e-005 -3.83821e-005 1.11456e-017 1.0828e-008 1.0828e-008
7.57 2.77274e-005 -3.83821e-005 1.02599e-017 1.0828e-008 1.0828e-008
7.58 2.77274e-005 -3.83821e-005 1.08804e-017 1.0828e-008 1.0828e-008
7.59 2.77274e-005 -3.83821e-005 1.1442e-017 1.0828e-008 1.0828e-008
7.6 2.77274e-005 -3.83821e-005 1.11052e-017 1.0828e-008 1.0828e-008
7.61 2.77274e-005 -3.83821e-005 1.07377e-017 1.0828e-008 1.0828e-008
7.62 2.77274e-005 -3.83821e-005 1.16914e-017 1.0828e-008 1.0828e-008
7.63 2.77274e-005 -3.83821e-005 1.04785e-017 1.0828e-008 1.0828e-008
7.64 2.77274e-005 -3.83821e-005 1.1626e-017 1.0828e-008 1.0828e-008
7.65 2.77274e-005 -3.83821e-005 1.08082e-017 1.0828e-008 1.0828e-008
7.66 2.77274e-005 -3.83821e-005 1.21769e-017 1.0828e-008 1.0828e-008
7.67 2.77274e-005 -3.83821e-005 8.89584e-018 1.0828e-008 1.0828e-008
7.68 2.77274e-005 -3.83821e-005 7.38898e-018 1.0828e-008 1.0828e-008
7.69 2.77274e-005 -3.83821e-005 1.05694e-017 1.0828e-008 1.0828e-008
7.7 2.77274e-005 -3.83821e-005 9.21303e-018 1.0828e-008 1.0828e-008
7.71 2.77274e-005 -3.83821e-005 8.95861e-018 1.0828e-008 1.0828e-008
7.72 2.77274e-005 -3.83821e-005 8.46047e-018 1.0828e-008 1.0828e-008
7.73 2.77274e-005 -3.83821e-005 8.65508e-018 1.0828e-008 1.0828e-008
7.74 2.77274e-005 -3.83821e-005 9.47055e-018 1.0828e-008 1.0828e-008
7.75 2.77274e-005 -3.83821e-005 9.30921e-018 1.0828e-008 1.0828e-008
7.76 2.77274e-005 -3.83821e-005 9.38017e-018 1.0828e-008 1.0828e-008
7.77 2.77274e-005 -3.83821e-005 9.94052e-018 1.0828e-008 1.0828e-008
7.78 2.77274e-005 -3.83821e-005 9.31821e-018 1.0828e-008 1.0828e-008
7.79 2.77274e-005 -3.83821e-005 9.76836e-018 1.0828e-008 1.0828e-008
7.8 2.77274e-005 -3.83821e-005 9.31882e-018 1.0828e-008 1.0828e-008
7.81 2.77274e-005 -3.83821e-005 1.02567e-017 1.0828e-008 1.0828e-008
7.82 2.77274e-005 -3.83821e-005 9.84063e-018 1.0828e-008 1.0828e-008
7.83 2.77274e-005 -3.83821e-005 9.36109e-018 1.0828e-008 1.0828e-008
7.84 2.77274e-005 -3.83821e-005 1.06452e-017 1.0828e-008 1.0828e-008
7.85 2.77274e-005 -3.83821e-005 9.9407e-018 1.0828e-008 1.0828e-008
7.86 2.77274e-005 -3.83821e-005 1.00667e-017 1.0828e-008 1.0828e-008
7.87 2.77274e-005 -3.83821e-005 1.01525e-017 1.0828e-008 1.0828e-008
7.88 2.77274e-005 -3.83821e-005 1.01122e-017 1.0828e-008 1.0828e-008
7.89 2.77274e-005 -3.83821e-005 1.04417e-017 1.0828e-008 1.0828e-008
7.9 2.77274e-005 -3.83821e-005 1.0935e-017 1.0828e-008 1.0828e-008
7.91 2.77274e-005 -3.83821e-005 9.59821e-018 1.0828e-008 1.0828e-008
7.92 2.77274e-005 -3.83821e-005 1.08744e-017 1.0828e-008 1.0828e-008
7.93 2.77274e-005 -3.83821e-005 1.02801e-017 1.0828e-008 1.0828e-008
7.94 2.77274e-005 -3.83821e-005 1.02836e-017 1.0828e-008 1.0828e-008
7.95 2.77274e-005 -3.83821e-005 1.03172e-017 1.0828e-008 1.0828e-008
7.96 2.77274e-005 -3.83821e-005 1.02553e-017 1.0828e-008 1.0828e-008
7.97 2.77274e-005 -3.83821e-005 1.03315e-017 1.0828e-008 1.0828e-008
7.98 2.77274e-005 -3.83821e-005 1.01013e-017 1.0828e-008 1.0828e-008
7.99 2.77274e-005 -3.83821e-005 1.0664e-017 1.0828e-008 1.0828e-008
8 2.77274e-005 -3.83821e-005 1.08749e-017 1.0828e-008 1.0828e-008
8.01 2.77274e-005 -3.83821e-005 1.0944e-017 1.0828e-008 1.0828e-008
8.02 2.77274e-005 -3.83821e-005 1.07551e-017 1.0828e-008 1.0828e-008
8.03 2.77274e-005 -3.83821e-005 1.08863e-017 1.0828e-008 1.0828e-008
8.04 2.77274e-005 -3.83821e-005 1.08743e-017 1.0828e-008 1.0828e-008
8.05 2.77274e-005 -3.83821e-005 1.09502e-017 1.0828e-008 1.0828e-008
8.06 2.77274e-005 -3.83821e-005 1.07252e-017 1.0828e-008 1.0828e-008
8.07 2.77274e-005 -3.83821e-005 1.07904e-017 1.0828e-008 1.0828e-008
8.08 2.77274e-005 -3.83821e-005 1.04583e-017 1.0828e-008 1.0828e-008
8.09 2.77274e-005 -3.83821e-005 1.04388e-017 1.0828e-008 1.0828e-008
8.1 2.77274e-005 -3.83821e-005 1.05607e-017 1.0828e-008 1.0828e-008
8.11 2.77274e-005 -3.83821e-005 1.01463e-017 1.0828e-008 1.0828e-008
8.12 2.77274e-005 -3.83821e-005 1.06036e-017 1.0828e-008 1.0828e-008
8.13 2.77274e-005 -3.83821e-005 9.92907e-018 1.0828e-008 1.0828e-008
8.14 2.77274e-005 -3.83821e-005 1.23725e-017 1.0828e-008 1.0828e-008
8.15 2.77274e-005 -3.83821e-005 7.3148e-018 1.0828e-008 1.0828e-008
8.16 2.77274e-005 -3.83821e-005 1.4179e-017 1.0828e-008 1.0828e-008
8.17 2.77274e-005 -3.83821e-005 2.20546e-017 1.0828e-008 1.0828e-008
8.18 2.77274e-005 -3.83821e-005 1.03567e-017 1.0828e-008 1.0828e-008
8.19 2.77274e-005 -3.83821e-005 1.9264e-017 1.0828e-008 1.0828e-008
8.2 2.77274e-005 -3.83821e-005 9.87657e-018 1.0828e-008 1.0828e-008
8.21 2.77274e-005 -3.83821e-005 1.03779e-017 1.0828e-008 1.0828e-008
8.22 2.77274e-005 -3.83821e-005 1.40207e-017 1.0828e-008 1.0828e-008
8.23 2.77274e-005 -3.83821e-005 1.41401e-017 1.0828e-008 1.0828e-008
8.24 2.77274e-005 -3.83821e-005 1.39274e-017 1.0828e-008 1.0828e-008
8.25 2.77274e-005 -3.83821e-005 1.41603e-017 1.0828e-008 1.0828e-008
8.26 2.77274e-005 -3.83821e-005 1.45569e-017 1.0828e-008 1.0828e-008
8.27 2.77274e-005 -3.83821e-005 1.43148e-017 1.0828e-008 1.0828e-008
8.28 2.77274e-005 -3.83821e-005 1.39257e-017 1.0828e-008 1.0828e-008
8.29 2.77274e-005 -3.83821e-005 1.31747e-017 1.0828e-008 1.0828e-008
8.3 2.77274e-005 -3.83821e-005 6.63648e-018 1.0828e-008 1.0828e-008
8.31 2.77274e-005 -3.83821e-005 8.41157e-018 1.0828e-008 1.0828e-008
8.32 2.77274e-005 -3.83821e-005 5.78411e-018 1.0828e-008 1.0828e-008
8.33 2.77274e-005 -3.83821e-005 2.11289e-017 1.0828e-008 1.0828e-008
8.34 2.77274e-005 -3.83821e-005 5.58396e-018 1.0828e-008 1.0828e-008
8.35 2.77274e-005 -3.83821e-005 1.78066e-017 1.0828e-008 1.0828e-008
8.36 2.77274e-005 -3.83821e-005 6.01269e-018 1.0828e-008 1.0828e-008
8.37 2.77274e-005 -3.83821e-005 1.14294e-017 1.0828e-008 1.0828e-008
8.38 2.77274e-005 -3.83821e-005 1.18778e-017 1.0828e-008 1.0828e-008
8.39 2.77274e-005 -3.83821e-005 1.44184e-017 1.0828e-008 1.0828e-008
8.4 2.77274e-005 -3.83821e-005 1.42746e-017 1.0828e-008 1.0828e-008
8.41 2.77274e-005 -3.83821e-005 1.36945e-017 1.0828e-008 1.0828e-008
8.42 2.77274e-005 -3.83821e-005 1.36965e-017 1.0828e-008 1.0828e-008
8.43 2.77274e-005 -3.83821e-005 1.37505e-017 1.0828e-008 1.0828e-008
8.44 2.77274e-005 -3.83821e-005 1.38562e-017 1.0828e-008 1.0828e-008
8.45 2.77274e-005 -3.83821e-005 1.42499e-017 1.0828e-008 1.0828e-008
8.46 2.77274e-005 -3.83821e-005 1.42253e-017 1.0828e-008 1.0828e-008
8.47 2.77274e-005 -3.83821e-005 1.41159e-017 1.0828e-008 1.0828e-008
8.48 2.77274e-005 -3.83821e-005 1.51786e-017 1.0828e-008 1.0828e-008
8.49 2.77274e-005 -3.83821e-005 1.82163e-017 1.0828e-008 1.0828e-008
8.5 2.77274e-005 -3.83821e-005 1.51303e-017 1.0828e-008 1.0828e-008
8.51 2.77274e-005 -3.83821e-005 1.39402e-017 1.0828e-008 1.0828e-008
8.52 2.77274e-005 -3.83821e-005 1.81588e-017 1.0828e-008 1.0828e-008
8.53 2.77274e-005 -3.83821e-005 1.96317e-017 1.0828e-008 1.0828e-008
8.54 2.77274e-005 -3.83821e-005 2.29597e-017 1.0828e-008 1.0828e-008
8.55 2.77274e-005 -3.83821e-005 1.69063e-017 1.0828e-008 1.0828e-008
8.56 2.77274e-005 -3.83821e-005 2.05977e-017 1.0828e-008 1.0828e-008
8.57 2.77274e-005 -3.83821e-005 2.14314e-017 1.0828e-008 1.0828e-008
8.58 2.77274e-005 -3.83821e-005 2.27096e-017 1.0828e-008 1.0828e-008
8.59 2.77274e-005 -3.83821e-005 1.81758e-017 1.0828e-008 1.0828e-008
8.6 2.77274e-005 -3.83821e-005 1.93555e-017 1.0828e-008 1.0828e-008
8.61 2.77274e-005 -3.83821e-005 2.0558e-017 1.0828e-008 1.0828e-008
8.62 2.77274e-005 -3.83821e-005 1.96293e-017 1.0828e-008 1.0828e-008
8.63 2.77274e-005 -3.83821e-005 1.92266e-017 1.0828e-008 1.0828e-008
8.64 2.77274e-005 -3.83821e-005 2.12332e-017 1.0828e-008 1.0828e-008
8.65 2.77274e-005 -3.83821e-005 2.01231e-017 1.0828e-008 1.0828e-008
8.66 2.77274e-005 -3.83821e-005 1.72886e-017 1.0828e-008 1.0828e-008
8.67 2.77274e-005 -3.83821e-005 1.71981e-017 1.0828e-008 1.0828e-008
8.68 2.77274e-005 -3.83821e-005 2.2e-017 1.0828e-008 1.0828e-008
8.69 2.77274e-005 -3.83821e-005 3.29635e-017 1.0828e-008 1.0828e-008
8.7 2.77274e-005 -3.83821e-005 2.76428e-017 1.0828e-008 1.0828e-008
8.71 2.77274e-005 -3.83821e-005 2.99677e-017 1.0828e-008 1.0828e-008
8.72 2.77274e-005 -3.83821e-005 2.88192e-017 1.0828e-008 1.0828e-008
8.73 2.77274e-005 -3.83821e-005 2.03089e-017 1.0828e-008 1.0828e-008
8.74 2.77274e-005 -3.83821e-005 2.63404e-017 1.0828e-008 1.0828e-008
8.75 2.77274e-005 -3.83821e-005 2.43588e-017 1.0828e-008 1.0828e-008
8.76 2.77274e-005 -3.83821e-005 2.34657e-017 1.0828e-008 1.0828e-008
8.77 2.77274e-005 -3.83821e-005 2.31629e-017 1.0828e-008 1.0828e-008
8.78 2.77274e-005 -3.83821e-005 2.29211e-017 1.0828e-008 1.0828e-008
8.79 2.77274e-005 -3.83821e-005 2.28159e-017 1.0828e-008 1.0828e-008
8.8 2.77274e-005 -3.83821e-005 2.27724e-017 1.0828e-008 1.0828e-008
8.81 2.77274e-005 -3.83821e-005 2.28978e-017 1.0828e-008 1.0828e-008
8.82 2.77274e-005 -3.83821e-005 2.29605e-017 1.0828e-008 1.0828e-008
8.83 2.77274e-005 -3.83821e-005 2.40639e-017 1.0828e-008 1.0828e-008
8.84 2.77274e-005 -3.83821e-005 2.34645e-017 1.0828e-008 1.0828e-008
8.85 2.77274e-005 -3.83821e-005 2.61239e-017 1.0828e-008 1.0828e-008
8.86 2.77274e-005 -3.83821e-005 2.27047e-017 1.0828e-008 1.0828e-008
8.87 2.77274e-005 -3.83821e-005 2.15998e-017 1.0828e-008 1.0828e-008
8.88 2.77274e-005 -3.83821e-005 1.69884e-017 1.0828e-008 1.0828e-008
8.89 2.77274e-005 -3.83821e-005 2.12604e-017 1.0828e-008 1.0828e-008
8.9 2.77274e-005 -3.83821e-005 1.7416e-017 1.0828e-008 1.0828e-008
8.91 2.77274e-005 -3.83821e-005 1.78501e-017 1.0828e-008 1.0828e-008
8.92 2.77274e-005 -3.83821e-005 2.1114e-017 1.0828e-008 1.0828e-008
8.93 2.77274e-005 -3.83821e-005 1.93954e-017 1.0828e-008 1.0828e-008
8.94 2.77274e-005 -3.83821e-005 2.01766e-017 1.0828e-008 1.0828e-008
8.95 2.77274e-005 -3.83821e-005 1.89314e-017 1.0828e-008 1.0828e-008
8.96 2.77274e-005 -3.83821e-005 1.88789e-017 1.0828e-008 1.0828e-008
8.97 2.77274e-005 -3.83821e-005 1.94849e-017 1.0828e-008 1.0828e-008
8.98 2.77274e-005 -3.83821e-005 1.89418e-017 1.0828e-008 1.0828e-008
8.99 2.77274e-005 -3.83821e-005 1.9168e-017 1.0828e-008 1.0828e-008
9 2.77274e-005 -3.83821e-005 1.92998e-017 1.0828e-008 1.0828e-008
9.01 2.77274e-005 -3.83821e-005 1.84794e-017 1.0828e-008 1.0828e-008
9.02 2.77274e-005 -3.83821e-005 1.89673e-017 1.0828e-008 1.0828e-008
9.03 2.77274e-005 -3.83821e-005 1.85021e-017 1.0828e-008 1.0828e-008
9.04 2.77274e-005 -3.83821e-005 1.86674e-017 1.0828e-008 1.0828e-008
9.05 2.77274e-005 -3.83821e-005 1.96887e-017 1.0828e-008 1.0828e-008
9.06 2.77274e-005 -3.83821e-005 1.76217e-017 1.0828e-008 1.0828e-008
9.07 2.77274e-005 -3.83821e-005 1.9216e-017 1.0828e-008 1.0828e-008
9.08 2.77274e-005 -3.83821e-005 1.88661e-017 1.0828e-008 1.0828e-008
9.09 2.77274e-005 -3.83821e-005 1.83674e-017 1.0828e-008 1.0828e-008
9.1 2.77274e-005 -3.83821e-005 1.87937e-017 1.0828e-008 1.0828e-008
9.11 2.77274e-005 -3.83821e-005 1.85009e-017 1.0828e-008 1.0828e-008
9.12 2.77274e-005 -3.83821e-005 1.69131e-017 1.0828e-008 1.0828e-008
9.13 2.77274e-005 -3.83821e-005 1.91854e-017 1.0828e-008 1.0828e-008
9.14 2.77274e-005 -3.83821e-005 1.37102e-017 1.0828e-008 1.0828e-008
9.15 2.77274e-005 -3.83821e-005 1.80959e-017 1.0828e-008 1.0828e-008
9.16 2.77274e-005 -3.83821e-005 1.4347e-017 1.0828e-008 1.0828e-008
9.17 2.77274e-005 -3.83821e-005 1.60981e-017 1.0828e-008 1.0828e-008
9.18 2.77274e-005 -3.83821e-005 1.09244e-017 1.0828e-008 1.0828e-008
9.19 2.77274e-005 -3.83821e-005 9.40411e-018 1.0828e-008 1.0828e-008
9.2 2.77274e-005 -3.83821e-005 1.15977e-017 1.0828e-008 1.0828e-008
9.21 2.77274e-005 -3.83821e-005 5.63901e-018 1.0828e-008 1.0828e-008
9.22 2.77274e-005 -3.83821e-005 1.07745e-017 1.0828e-008 1.0828e-008
9.23 2.77274e-005 -3.83821e-005 1.00805e-017 1.0828e-008 1.0828e-008
9.24 2.77274e-005 -3.83821e-005 1.28299e-017 1.0828e-008 1.0828e-008
9.25 2.77274e-005 -3.83821e-005 9.8829e-018 1.0828e-008 1.0828e-008
9.26 2.77274e-005 -3.83821e-005 9.07924e-018 1.0828e-008 1.0828e-008
9.27 2.77274e-005 -3.83821e-005 1.33348e-017 1.0828e-008 1.0828e-008
9.28 2.77274e-005 -3.83821e-005 7.95641e-018 1.0828e-008 1.0828e-008
9.29 2.77274e-005 -3.83821e-005 1.36752e-017 1.0828e-008 1.0828e-008
9.3 2.77274e-005 -3.83821e-005 8.54637e-018 1.0828e-008 1.0828e-008
9.31 2.77274e-005 -3.83821e-005 1.13127e-017 1.0828e-008 1.0828e-008
9.32 2.77274e-005 -3.83821e-005 8.0226e-018 1.0828e-008 1.0828e-008
9.33 2.77274e-005 -3.83821e-005 1.00895e-017 1.0828e-008 1.0828e-008
9.34 2.77274e-005 -3.83821e-005 7.75197e-018 1.0828e-008 1.0828e-008
9.35 2.77274e-005 -3.83821e-005 1.14962e-017 1.0828e-008 1.0828e-008
9.36 2.77274e-005 -3.83821e-005 1.07628e-017 1.0828e-008 1.0828e-008
9.37 2.77274e-005 -3.83821e-005 1.09582e-017 1.0828e-008 1.0828e-008
9.38 2.77274e-005 -3.83821e-005 4.90824e-018 1.0828e-008 1.0828e-008
9.39 2.77274e-005 -3.83821e-005 1.16332e-017 1.0828e-008 1.0828e-008
9.4 2.77274e-005 -3.83821e-005 6.01426e-018 1.0828e-008 1.0828e-008
9.41 2.77274e-005 -3.83821e-005 1.30354e-017 1.0828e-008 1.0828e-008
9.42 2.77274e-005 -3.83821e-005 5.66191e-018 1.0828e-008 1.0828e-008
9.43 2.77274e-005 -3.83821e-005 1.44834e-017 1.0828e-008 1.0828e-008
9.44 2.77274e-005 -3.83821e-005 8.66109e-018 1.0828e-008 1.0828e-008
9.45 2.77274e-005 -3.83821e-005 9.48904e-018 1.0828e-008 1.0828e-008
9.46 2.77274e-005 -3.83821e-005 8.49275e-018 1.0828e-008 1.0828e-008
9.47 2.77274e-005 -3.83821e-005 1.02074e-017 1.0828e-008 1.0828e-008
9.48 2.77274e-005 -3.83821e-005 1.10379e-017 1.0828e-008 1.0828e-008
9.49 2.77274e-005 -3.83821e-005 8.16875e-018 1.0828e-008 1.0828e-008
9.5 2.77274e-005 -3.83821e-005 2.57218e-019 1.0828e-008 1.0828e-008
9.51 2.77274e-005 -3.83821e-005 9.58634e-018 1.0828e-008 1.0828e-008
9.52 2.77274e-005 -3.83821e-005 2.3167e-018 1.0828e-008 1.0828e-008
9.53 2.77274e-005 -3.83821e-005 2.06216e-018 1.0828e-008 1.0828e-008
9.54 2.77274e-005 -3.83821e-005 3.68973e-018 1.0828e-008 1.0828e-008
9.55 2.77274e-005 -3.83821e-005 -1.27598e-018 1.0828e-008 1.0828e-008
9.56 2.77274e-005 -3.83821e-005 -6.92088e-018 1.0828e-008 1.0828e-008
9.57 2.77274e-005 -3.83821e-005 4.43711e-019 1.0828e-008 1.0828e-008
9.58 2.77274e-005 -3.83821e-005 2.37063e-019 1.0828e-008 1.0828e-008
9.59 2.77274e-005 -3.83821e-005 6.13509e-019 1.0828e-008 1.0828e-008
9.6 2.77274e-005 -3.83821e-005 1.83302e-019 1.0828e-008 1.0828e-008
9.61 2.77274e-005 -3.83821e-005 -2.15898e-020 1.0828e-008 1.0828e-008
9.62 2.77274e-005 -3.83821e-005 8.31383e-019 1.0828e-008 1.0828e-008
9.63 2.77274e-005 -3.83821e-005 2.95753e-019 1.0828e-008 1.0828e-008
9.64 2.77274e-005 -3.83821e-005 6.19876e-019 1.0828e-008 1.0828e-008
9.65 2.77274e-005 -3.83821e-005 5.75808e-019 1.0828e-008 1.0828e-008
9.66 2.77274e-005 -3.83821e-005 3.11886e-019 1.0828e-008 1.0828e-008
9.67 2.77274e-005 -3.83821e-005 1.85236e-019 1.0828e-008 1.0828e-008
9.68 2.77274e-005 -3.83821e-005 1.16503e-018 1.0828e-008 1.0828e-008
9.69 2.77274e-005 -3.83821e-005 -1.5236e-018 1.0828e-008 1.0828e-008
9.7 2.77274e-005 -3.83821e-005 -5.28122e-019 1.0828e-008 1.0828e-008
9.71 2.77274e-005 -3.83821e-005 1.80978e-019 1.0828e-008 1.0828e-008
9.72 2.77274e-005 -3.83821e-005 -2.41823e-018 1.0828e-008 1.0828e-008
9.73 2.77274e-005 -3.83821e-005 1.69734e-018 1.0828e-008 1.0828e-008
9.74 2.77274e-005 -3.83821e-005 -4.89242e-018 1.0828e-008 1.0828e-008
9.75 2.77274e-005 -3.83821e-005 4.77601e-019 1.0828e-008 1.0828e-008
9.76 2.77274e-005 -3.83821e-005 -1.36581e-018 1.0828e-008 1.0828e-008
9.77 2.77274e-005 -3.83821e-005 -9.93416e-019 1.0828e-008 1.0828e-008
9.78 2.77274e-005 -3.83821e-005 -1.60865e-018 1.0828e-008 1.0828e-008
9.79 2.77274e-005 -3.83821e-005 -8.9758e-019 1.0828e-008 1.0828e-008
9.8 2.77274e-005 -3.83821e-005 -1.56308e-018 1.0828e-008 1.0828e-008
9.81 2.77274e-005 -3.83821e-005 -1.24391e-018 1.0828e-008 1.0828e-008
9.82 2.77274e-005 -3.83821e-005 -1.54329e-018 1.0828e-008 1.0828e-008
9.83 2.77274e-005 -3.83821e-005 -8.84566e-019 1.0828e-008 1.0828e-008
9.84 2.77274e-005 -3.83821e-005 -1.54842e-018 1.0828e-008 1.0828e-008
9.85 2.77274e-005 -3.83821e-005 -1.79315e-018 1.0828e-008 1.0828e-008
9.86 2.77274e-005 -3.83821e-005 -1.36038e-018 1.0828e-008 1.0828e-008
9.87 2.77274e-005 -3.83821e-005 -6.31748e-019 1.0828e-008 1.0828e-008
9.88 2.77274e-005 -3.83821e-005 -8.13962e-019 1.0828e-008 1.0828e-008
9.89 2.77274e-005 -3.83821e-005 3.55686e-019 1.0828e-008 1.0828e-008
9.9 2.77274e-005 -3.83821e-005 -3.34977e-018 1.0828e-008 1.0828e-008
9.91 2.77274e-005 -3.83821e-005 -7.27497e-018 1.0828e-008 1.0828e-008
9.92 2.77274e-005 -3.83821e-005 -1.28548e-017 1.0828e-008 1.0828e-008
9.93 2.77274e-005 -3.83821e-005 -1.15861e-017 1.0828e-008 1.0828e-008
9.94 2.77274e-005 -3.83821e-005 -6.66985e-019 1.0828e-008 1.0828e-008
9.95 2.77274e-005 -3.83821e-005 -5.35265e-018 1.0828e-008 1.0828e-008
9.96 2.77274e-005 -3.83821e-005 -3.837e-018 1.0828e-008 1.0828e-008
9.97 2.77274e-005 -3.83821e-005 -1.11719e-018 1.0828e-008 1.0828e-008
9.98 2.77274e-005 -3.83821e-005 -4.37899e-018 1.0828e-008 1.0828e-008
9.99 2.77274e-005 -3.83821e-005 -2.39606e-018 1.0828e-008 1.0828e-008
10 2.77274e-005 -3.83821e-005 -6.43693e-018 1.0828e-008 1.0828e-008
