0.1 -25.5518 3.14091 2.43129 -0.213496 -0.213496
0.2 -51.1024 6.2754 4.85415 -0.42737 -0.42737
0.3 -76.6518 9.40341 7.26849 -0.641627 -0.641627
0.4 -102.2 12.5249 9.67423 -0.856269 -0.856269
0.5 -127.747 15.6397 12.0713 -1.0713 -1.0713
0.6 -153.292 18.7478 14.4595 -1.28672 -1.28672
0.7 -178.837 21.8492 16.8388 -1.50254 -1.50254
0.8 -204.38 24.9438 19.2092 -1.71875 -1.71875
0.9 -229.922 28.0314 21.5704 -1.93537 -1.93537
1 -255.462 31.1121 23.9224 -2.15239 -2.15239
0.01 -255.462 30.883 23.8679 -2.15966 -2.15966
0.02 -255.461 30.2441 23.7206 -2.19612 -2.19612
0.03 -255.46 29.5282 23.5605 -2.27515 -2.27515
0.04 -255.46 29.0377 23.4372 -2.37353 -2.37353
0.05 -255.46 28.7797 23.3257 -2.45391 -2.45391
0.06 -255.46 28.7248 23.2085 -2.50395 -2.50395
0.07 -255.46 28.8503 23.0866 -2.53336 -2.53336
0.08 -255.46 29.1402 22.977 -2.54723 -2.54723
0.09 -255.461 29.5712 22.8987 -2.53887 -2.53887
0.1 -255.462 30.113 22.8626 -2.50299 -2.50299
0.11 -255.462 30.7254 22.8663 -2.44478 -2.44478
0.12 -255.463 31.3716 22.8953 -2.37647 -2.37647
0.13 -255.464 32.0286 22.9278 -2.31121 -2.31121
0.14 -255.465 32.6852 22.9426 -2.2601 -2.2601
0.15 -255.466 33.3341 22.9262 -2.22965 -2.22965
0.16 -255.466 33.961 22.8791 -2.21798 -2.21798
0.17 -255.467 34.5496 22.8128 -2.2138 -2.2138
0.18 -255.467 35.0972 22.7391 -2.20025 -2.20025
0.19 -255.467 35.6249 22.6633 -2.16278 -2.16278
0.2 -255.467 36.1639 22.5829 -2.09671 -2.09671
0.21 -255.467 36.7276 22.4971 -2.00856 -2.00856
0.22 -255.466 37.309 22.4151 -1.91038 -1.91038
0.23 -255.466 37.8822 22.3507 -1.81091 -1.81091
0.24 -255.466 38.4174 22.3139 -1.71153 -1.71153
0.25 -255.466 38.8924 22.3017 -1.60998 -1.60998
0.26 -255.465 39.3093 22.3081 -1.50636 -1.50636
0.27 -255.465 39.7145 22.3385 -1.40309 -1.40309
0.28 -255.465 40.1924 22.4062 -1.29955 -1.29955
0.29 -255.465 40.8287 22.507 -1.18966 -1.18966
0.3 -255.465 41.6767 22.6096 -1.06705 -1.06705
0.31 -255.466 42.7571 22.6894 -0.931157 -0.931157
0.32 -255.466 44.0379 22.7464 -0.785368 -0.785368
0.33 -255.467 45.4439 22.788 -0.633068 -0.633068
0.34 -255.467 46.8941 22.8184 -0.47885 -0.47885
0.35 -255.468 48.3402 22.8384 -0.329906 -0.329906
0.36 -255.469 49.7716 22.8431 -0.192653 -0.192653
0.37 -255.47 51.17 22.8333 -0.0677382 -0.0677382
0.38 -255.47 52.4855 22.8311 0.0514483 0.0514483
0.39 -255.47 53.6477 22.867 0.175368 0.175368
0.4 -255.471 54.6272 22.9472 0.310918 0.310918
0.41 -255.471 55.4326 23.0525 0.456392 0.456392
0.42 -255.471 56.1078 23.1612 0.605485 0.605485
0.43 -255.471 56.6777 23.2664 0.754689 0.754689
0.44 -255.471 57.1397 23.3848 0.905455 0.905455
0.45 -255.471 57.4947 23.5303 1.0595 1.0595
0.46 -255.47 57.7658 23.6994 1.21265 1.21265
0.47 -255.47 58.0001 23.8878 1.35554 1.35554
0.48 -255.469 58.2018 24.0897 1.48021 1.48021
0.49 -255.468 58.3342 24.2939 1.58335 1.58335
0.5 -255.468 58.3672 24.5062 1.66493 1.66493
0.51 -255.467 58.3007 24.7483 1.72739 1.72739
0.52 -255.467 58.1296 25.0283 1.77426 1.77426
0.53 -255.467 57.8437 25.3536 1.80699 1.80699
0.54 -255.466 57.4826 25.7495 1.82659 1.82659
0.55 -255.466 57.1565 26.238 1.83932 1.83932
0.56 -255.466 56.9365 26.7894 1.85414 1.85414
0.57 -255.466 56.7476 27.3207 1.86968 1.86968
0.58 -255.466 56.4451 27.7544 1.8679 1.8679
0.59 -255.466 55.9795 28.0792 1.82969 1.82969
0.6 -255.466 55.4356 28.3509 1.75783 1.75783
0.61 -255.465 54.9205 28.6066 1.67631 1.67631
0.62 -255.465 54.4515 28.8257 1.60408 1.60408
0.63 -255.465 53.9948 29.0278 1.5408 1.5408
0.64 -255.465 53.5275 29.3044 1.48571 1.48571
0.65 -255.464 52.9883 29.6613 1.44965 1.44965
0.66 -255.464 52.2966 29.9915 1.43244 1.43244
0.67 -255.464 51.4589 30.2243 1.41036 1.41036
0.68 -255.464 50.5253 30.3872 1.36571 1.36571
0.69 -255.463 49.4866 30.5393 1.31223 1.31223
0.7 -255.462 48.3249 30.7157 1.2746 1.2746
0.71 -255.462 47.1027 30.9193 1.25577 1.25577
0.72 -255.461 45.9305 31.0987 1.23543 1.23543
0.73 -255.46 44.8563 31.1733 1.19032 1.19032
0.74 -255.459 43.7774 31.107 1.1091 1.1091
0.75 -255.458 42.5005 30.9363 0.995381 0.995381
0.76 -255.457 40.9409 30.7291 0.86291 0.86291
0.77 -255.456 39.2046 30.5545 0.727185 0.727185
0.78 -255.455 37.483 30.4992 0.601615 0.601615
0.79 -255.454 35.8986 30.6294 0.49883 0.49883
0.8 -255.453 34.4483 30.9254 0.42441 0.42441
0.81 -255.452 33.11 31.3148 0.366999 0.366999
0.82 -255.452 31.956 31.7312 0.30536 0.30536
0.83 -255.452 31.0633 32.1389 0.229036 0.229036
0.84 -255.452 30.405 32.5389 0.146028 0.146028
0.85 -255.452 29.9153 32.9815 0.0715602 0.0715602
0.86 -255.453 29.5373 33.5452 0.0152561 0.0152561
0.87 -255.454 29.1167 34.1769 -0.0327691 -0.0327691
0.88 -255.454 28.433 34.7059 -0.115942 -0.115942
0.89 -255.455 27.4806 35.0741 -0.289065 -0.289065
0.9 -255.455 26.5146 35.4142 -0.555305 -0.555305
0.91 -255.455 25.7381 35.8733 -0.840996 -0.840996
0.92 -255.455 24.9878 36.4157 -1.06239 -1.06239
0.93 -255.454 23.8644 36.8929 -1.21077 -1.21077
0.94 -255.453 22.2446 37.2494 -1.34425 -1.34425
0.95 -255.452 20.5222 37.5329 -1.50053 -1.50053
0.96 -255.451 19.2648 37.7837 -1.64891 -1.64891
0.97 -255.449 18.6324 37.9821 -1.73384 -1.73384
0.98 -255.448 18.2694 38.0282 -1.74345 -1.74345
0.99 -255.447 17.8098 37.8863 -1.71722 -1.71722
1 -255.447 17.2738 37.6569 -1.69042 -1.69042
1.01 -255.446 16.9211 37.3551 -1.65917 -1.65917
1.02 -255.446 16.9368 36.8845 -1.61048 -1.61048
1.03 -255.446 17.2756 36.3355 -1.54428 -1.54428
1.04 -255.446 17.6817 36.0048 -1.43998 -1.43998
1.05 -255.446 17.9034 36.0175 -1.25032 -1.25032
1.06 -255.446 17.8924 36.1694 -0.971219 -0.971219
1.07 -255.446 17.81 36.2208 -0.681165 -0.681165
1.08 -255.446 17.944 36.1961 -0.46235 -0.46235
1.09 -255.446 18.4484 36.2493 -0.305062 -0.305062
1.1 -255.445 19.0726 36.3334 -0.143472 -0.143472
1.11 -255.445 19.3899 36.3076 0.0309678 0.0309678
1.12 -255.445 19.2927 36.2971 0.162335 0.162335
1.13 -255.444 19.1163 36.5954 0.23477 0.23477
1.14 -255.444 19.34 37.2177 0.304458 0.304458
1.15 -255.445 20.3438 37.9957 0.417785 0.417785
1.16 -255.446 22.2441 38.9378 0.578309 0.578309
1.17 -255.447 24.6312 40.0909 0.796264 0.796264
1.18 -255.449 26.7426 41.4136 1.08873 1.08873
1.19 -255.45 28.0928 42.7883 1.42047 1.42047
1.2 -255.451 28.7889 43.9875 1.6955 1.6955
1.21 -255.451 29.2833 44.8011 1.82484 1.82484
1.22 -255.452 29.9594 45.1359 1.78936 1.78936
1.23 -255.452 30.9685 45.019 1.63684 1.63684
1.24 -255.451 32.2894 44.6176 1.44178 1.44178
1.25 -255.451 33.8719 44.2448 1.28398 1.28398
1.26 -255.451 35.7047 44.1898 1.2448 1.2448
1.27 -255.45 37.7254 44.5086 1.38319 1.38319
1.28 -255.45 39.7888 45.0711 1.70221 1.70221
1.29 -255.45 41.6956 45.6483 2.14913 2.14913
1.3 -255.449 43.2259 46.0292 2.64648 2.64648
1.31 -255.449 44.3231 46.2596 3.13182 3.13182
1.32 -255.448 45.2073 46.5247 3.58771 3.58771
1.33 -255.447 46.2339 46.8064 4.02637 4.02637
1.34 -255.447 47.7529 47.1009 4.45587 4.45587
1.35 -255.447 49.8477 47.7242 4.90313 4.90313
1.36 -255.447 52.0432 48.9014 5.43687 5.43687
1.37 -255.447 53.6715 50.339 6.0839 6.0839
1.38 -255.447 54.5524 51.4111 6.73396 6.73396
1.39 -255.447 55.1924 51.6431 7.2082 7.2082
1.4 -255.446 56.3103 50.9844 7.43734 7.43734
1.41 -255.445 57.8693 49.6899 7.51983 7.51983
1.42 -255.444 58.9265 48.2485 7.59531 7.59531
1.43 -255.443 58.7568 47.3027 7.72336 7.72336
1.44 -255.442 57.551 47.134 7.8868 7.8868
1.45 -255.44 56.0661 47.3381 8.02628 8.02628
1.46 -255.439 54.9547 47.2498 8.05462 8.05462
1.47 -255.439 54.1854 46.601 7.91422 7.91422
1.48 -255.438 52.9709 45.5476 7.64073 7.64073
1.49 -255.437 50.4529 44.0687 7.3005 7.3005
1.5 -255.435 46.5125 41.9189 6.85131 6.85131
1.51 -255.433 41.9783 39.4371 6.17503 6.17503
1.52 -255.431 37.9945 37.7419 5.30594 5.30594
1.53 -255.43 34.9797 37.62 4.49549 4.49549
1.54 -255.431 32.4553 38.7301 3.93102 3.93102
1.55 -255.432 29.9562 40.2227 3.49188 3.49188
1.56 -255.434 27.4956 41.5506 2.91232 2.91232
1.57 -255.436 25.2827 42.5021 2.10321 2.10321
1.58 -255.439 23.5548 42.8964 1.18904 1.18904
1.59 -255.444 22.4874 42.4859 0.285691 0.285691
1.6 -255.448 21.8813 40.9957 -0.643549 -0.643549
1.61 -255.453 20.8987 38.4893 -1.71617 -1.71617
1.62 -255.458 18.6842 35.7648 -2.9649 -2.9649
1.63 -255.461 15.7431 34.1119 -4.22991 -4.22991
1.64 -255.465 14.0483 34.5744 -5.18485 -5.18485
1.65 -255.468 15.0853 37.2333 -5.50642 -5.50642
1.66 -255.472 18.2231 41.0675 -5.10093 -5.10093
1.67 -255.474 21.3333 44.6523 -4.2024 -4.2024
1.68 -255.475 22.6725 46.9828 -3.22424 -3.22424
1.69 -255.475 22.0131 47.6677 -2.4946 -2.4946
1.7 -255.472 20.055 46.779 -2.12956 -2.12956
1.71 -255.468 17.3508 44.9124 -2.0875 -2.0875
1.72 -255.463 14.2448 43.0991 -2.23867 -2.23867
1.73 -255.458 11.2145 42.0924 -2.41018 -2.41018
1.74 -255.452 8.80714 41.8445 -2.4925 -2.4925
1.75 -255.448 7.5296 41.853 -2.52101 -2.52101
1.76 -255.444 7.75786 41.6475 -2.5741 -2.5741
1.77 -255.441 9.43267 40.7378 -2.60325 -2.60325
1.78 -255.438 11.7471 38.5373 -2.45305 -2.45305
1.79 -255.435 13.598 34.9966 -2.03368 -2.03368
1.8 -255.432 14.6562 31.052 -1.37397 -1.37397
1.81 -255.429 15.6905 27.8843 -0.532654 -0.532654
1.82 -255.427 17.707 26.1654 0.427293 0.427293
1.83 -255.427 21.0041 26.0561 1.39459 1.39459
1.84 -255.429 25.026 27.4628 2.25438 2.25438
1.85 -255.432 28.7879 30.0518 2.98948 2.98948
1.86 -255.436 31.4783 33.0181 3.65052 3.65052
1.87 -255.439 33.2509 35.6056 4.2346 4.2346
1.88 -255.442 35.4789 38.1425 4.73523 4.73523
1.89 -255.445 39.5774 41.4871 5.31025 5.31025
1.9 -255.448 45.3761 45.1471 6.1442 6.1442
1.91 -255.452 51.2226 47.3508 7.03867 7.03867
1.92 -255.456 55.5209 47.0587 7.39715 7.39715
1.93 -255.46 57.6773 44.6276 6.77968 6.77968
1.94 -255.463 57.9652 40.8791 5.30699 5.30699
1.95 -255.465 57.0098 36.5062 3.44849 3.44849
1.96 -255.467 55.6001 32.2974 1.62898 1.62898
1.97 -255.468 54.6093 29.2281 0.157172 0.157172
1.98 -255.468 54.5217 27.7582 -0.690716 -0.690716
1.99 -255.467 55.1784 27.3378 -0.785533 -0.785533
2 -255.466 55.9793 26.9046 -0.313262 -0.313262
2.01 -255.464 56.1277 25.7301 0.341971 0.341971
2.02 -255.461 54.8765 23.8785 0.910104 0.910104
2.03 -255.457 51.7243 21.7786 1.34814 1.34814
2.04 -255.453 46.7445 19.564 1.63482 1.63482
2.05 -255.449 41.0025 17.4099 1.5896 1.5896
2.06 -255.447 36.0482 15.7894 1.0069 1.0069
2.07 -255.446 32.5891 14.5523 -0.139982 -0.139982
2.08 -255.448 30.1025 12.6124 -1.75827 -1.75827
2.09 -255.451 27.7999 8.99806 -3.77277 -3.77277
2.1 -255.456 25.6696 3.76157 -6.03471 -6.03471
2.11 -255.462 24.3861 -2.26019 -8.18497 -8.18497
2.12 -255.469 24.2953 -8.43635 -9.8262 -9.8262
2.13 -255.477 25.0525 -14.6962 -10.8764 -10.8764
2.14 -255.484 26.0236 -20.935 -11.6272 -11.6272
2.15 -255.492 26.6789 -26.4448 -12.3976 -12.3976
2.16 -255.499 26.9173 -29.9588 -13.1887 -13.1887
2.17 -255.505 27.025 -30.6193 -13.7127 -13.7127
2.18 -255.511 27.2506 -29.1824 -13.7532 -13.7532
2.19 -255.518 27.6123 -27.4691 -13.4524 -13.4524
2.2 -255.523 28.1228 -26.3513 -13.1561 -13.1561
2.21 -255.527 28.7567 -25.5371 -13.0134 -13.0134
2.22 -255.53 29.1848 -24.9177 -12.9176 -12.9176
2.23 -255.532 28.9156 -25.0359 -12.8653 -12.8653
2.24 -255.532 27.805 -26.4074 -13.1508 -13.1508
2.25 -255.532 26.2072 -28.9794 -14.09 -14.09
2.26 -255.532 24.5729 -32.4208 -15.6965 -15.6965
2.27 -255.532 23.2118 -36.3147 -17.7189 -17.7189
2.28 -255.533 22.5038 -39.7739 -19.836 -19.836
2.29 -255.533 22.6842 -41.9156 -21.7115 -21.7115
2.3 -255.534 23.6863 -42.7068 -23.0258 -23.0258
2.31 -255.534 25.3147 -42.5516 -23.5914 -23.5914
2.32 -255.533 27.3135 -41.59 -23.3836 -23.3836
2.33 -255.532 29.3369 -39.787 -22.4582 -22.4582
2.34 -255.529 31.1251 -37.2988 -20.9365 -20.9365
2.35 -255.525 32.6617 -34.4675 -19.065 -19.065
2.36 -255.52 34.1042 -31.5851 -17.1663 -17.1663
2.37 -255.516 35.5327 -28.9883 -15.4904 -15.4904
2.38 -255.511 36.9325 -26.964 -14.153 -14.153
2.39 -255.508 38.5236 -25.1125 -13.1525 -13.1525
2.4 -255.505 40.4424 -22.6837 -12.3588 -12.3588
2.41 -255.503 42.1229 -19.5156 -11.5698 -11.5698
2.42 -255.5 42.835 -15.8937 -10.6681 -10.6681
2.43 -255.498 42.6155 -12.4701 -9.69857 -9.69857
2.44 -255.495 42.1354 -10.5678 -8.8381 -8.8381
2.45 -255.492 41.9564 -11.1688 -8.31902 -8.31902
2.46 -255.489 42.1709 -13.5053 -8.23999 -8.23999
2.47 -255.487 42.4929 -15.5298 -8.36302 -8.36302
2.48 -255.485 42.5209 -15.5954 -8.21836 -8.21836
2.49 -255.483 41.9885 -13.3345 -7.50322 -7.50322
2.5 -255.481 40.7335 -9.44639 -6.32435 -6.32435
2.51 -255.478 38.7327 -4.94715 -5.02847 -5.02847
2.52 -255.475 36.3114 -0.613294 -3.86898 -3.86898
2.53 -255.471 33.9047 3.07732 -2.87547 -2.87547
2.54 -255.466 31.7387 6.06176 -1.96344 -1.96344
2.55 -255.461 29.8595 8.7015 -1.06282 -1.06282
2.56 -255.456 28.1889 11.3939 -0.164875 -0.164875
2.57 -255.452 26.6559 14.2545 0.645075 0.645075
2.58 -255.45 25.2868 17.1033 1.17243 1.17243
2.59 -255.449 23.9347 19.6309 1.1896 1.1896
2.6 -255.449 22.1749 21.6441 0.580855 0.580855
2.61 -255.45 19.8369 23.2512 -0.555343 -0.555343
2.62 -255.45 17.4084 24.7925 -1.92428 -1.92428
2.63 -255.451 15.5284 26.6494 -3.16811 -3.16811
2.64 -255.452 13.9686 28.7888 -4.06062 -4.06062
2.65 -255.452 11.4276 30.3942 -4.67521 -4.67521
2.66 -255.45 6.87576 30.6679 -5.34711 -5.34711
2.67 -255.447 0.991186 29.8449 -6.33212 -6.33212
2.68 -255.444 -4.17583 29.0451 -7.45465 -7.45465
2.69 -255.44 -6.99954 29.373 -8.1806 -8.1806
2.7 -255.438 -7.66475 30.9997 -8.10113 -8.10113
2.71 -255.436 -7.8182 33.2726 -7.32264 -7.32264
2.72 -255.434 -9.0196 35.7544 -6.34039 -6.34039
2.73 -255.433 -11.3671 38.6674 -5.554 -5.554
2.74 -255.433 -13.4307 41.9863 -4.99225 -4.99225
2.75 -255.434 -13.642 44.6502 -4.52111 -4.52111
2.76 -255.436 -11.691 45.5247 -4.1554 -4.1554
2.77 -255.44 -8.37474 44.4505 -4.0238 -4.0238
2.78 -255.446 -4.22551 41.8523 -4.14514 -4.14514
2.79 -255.452 1.22408 38.3816 -4.39804 -4.39804
2.8 -255.46 8.44247 35.168 -4.62272 -4.62272
2.81 -255.468 16.5407 33.0637 -4.66137 -4.66137
2.82 -255.475 23.5719 31.8394 -4.42307 -4.42307
2.83 -255.48 28.1254 30.7608 -3.98246 -3.98246
2.84 -255.482 30.2948 29.3447 -3.52169 -3.52169
2.85 -255.482 31.2028 27.7109 -3.12801 -3.12801
2.86 -255.478 31.9351 26.2414 -2.70062 -2.70062
2.87 -255.473 33.1869 24.992 -2.07951 -2.07951
2.88 -255.466 35.2845 24.0888 -1.18562 -1.18562
2.89 -255.46 37.891 24.1372 0.0153645 0.0153645
2.9 -255.455 40.1094 25.5755 1.55212 1.55212
2.91 -255.45 41.4529 28.1389 3.31441 3.31441
2.92 -255.446 42.4747 31.1407 4.96769 4.96769
2.93 -255.443 43.9984 33.8334 6.13793 6.13793
2.94 -255.442 46.1262 35.6726 6.66615 6.66615
2.95 -255.441 48.4281 36.4762 6.63599 6.63599
2.96 -255.442 50.5839 36.238 6.19547 6.19547
2.97 -255.443 52.2504 34.859 5.39746 5.39746
2.98 -255.445 52.7719 32.2846 4.20138 4.20138
2.99 -255.447 51.7345 29.0138 2.62581 2.62581
3 -255.448 49.6523 26.3229 0.922978 0.922978
3.01 -255.449 47.6988 25.6429 -0.423593 -0.423593
3.02 -255.449 46.7337 27.6405 -0.963571 -0.963571
3.03 -255.449 46.6498 31.9831 -0.598411 -0.598411
3.04 -255.449 46.5708 37.5015 0.346889 0.346889
3.05 -255.448 45.7747 42.4717 1.33129 1.33129
3.06 -255.448 44.266 45.4909 1.89323 1.89323
3.07 -255.448 42.2506 46.6019 1.88778 1.88778
3.08 -255.449 39.7086 47.1563 1.55833 1.55833
3.09 -255.45 36.5443 48.1281 1.30722 1.30722
3.1 -255.452 32.7525 49.0939 1.26568 1.26568
3.11 -255.454 28.9238 49.211 1.13429 1.13429
3.12 -255.456 26.329 48.7026 0.574703 0.574703
3.13 -255.459 25.8488 48.8022 -0.287883 -0.287883
3.14 -255.463 27.0839 49.9774 -0.933089 -0.933089
3.15 -255.466 28.5749 50.9582 -1.04864 -1.04864
3.16 -255.467 28.7443 49.9737 -0.892025 -0.892025
3.17 -255.466 26.6847 46.0565 -0.982859 -0.982859
3.18 -255.463 22.3667 39.5855 -1.5852 -1.5852
3.19 -255.457 16.5066 32.6544 -2.51008 -2.51008
3.2 -255.45 9.9699 28.0867 -3.25233 -3.25233
3.21 -255.441 2.86221 27.2245 -3.33629 -3.33629
3.22 -255.432 -5.55831 29.0346 -2.72213 -2.72213
3.23 -255.422 -15.7303 31.37 -1.90673 -1.90673
3.24 -255.411 -26.9604 32.551 -1.53133 -1.53133
3.25 -255.401 -37.8428 31.798 -1.88791 -1.88791
3.26 -255.392 -46.6111 29.0893 -2.81514 -2.81514
3.27 -255.386 -51.3309 25.2013 -3.92592 -3.92592
3.28 -255.384 -50.909 21.4128 -4.82154 -4.82154
3.29 -255.387 -46.1889 18.5411 -5.25873 -5.25873
3.3 -255.396 -39.7305 16.5752 -5.35357 -5.35357
3.31 -255.408 -34.3263 15.3748 -5.59379 -5.59379
3.32 -255.422 -31.5265 15.3189 -6.46184 -6.46184
3.33 -255.436 -31.3418 16.7043 -8.00744 -8.00744
3.34 -255.449 -33.0683 18.5622 -9.90171 -9.90171
3.35 -255.459 -35.736 19.1931 -11.8802 -11.8802
3.36 -255.467 -37.7445 18.0078 -13.9151 -13.9151
3.37 -255.473 -37.1177 15.9834 -15.9153 -15.9153
3.38 -255.479 -32.6902 14.7763 -17.4916 -17.4916
3.39 -255.485 -24.9969 15.7595 -18.1519 -18.1519
3.4 -255.491 -16.1782 19.0074 -17.6836 -17.6836
3.41 -255.497 -8.97358 22.9202 -16.3719 -16.3719
3.42 -255.5 -5.25559 25.4893 -14.9045 -14.9045
3.43 -255.501 -5.0406 25.9373 -13.9819 -13.9819
3.44 -255.5 -6.90942 24.8015 -13.8979 -13.8979
3.45 -255.497 -9.37268 22.8455 -14.4682 -14.4682
3.46 -255.493 -11.6386 20.2039 -15.3314 -15.3314
3.47 -255.489 -13.4468 16.4548 -16.2432 -16.2432
3.48 -255.484 -14.7529 11.3728 -17.0774 -17.0774
3.49 -255.48 -15.5678 5.41182 -17.666 -17.666
3.5 -255.475 -16.0533 -0.836549 -17.79 -17.79
3.51 -255.469 -16.5402 -7.2117 -17.3712 -17.3712
3.52 -255.462 -16.8493 -13.2711 -16.5452 -16.5452
3.53 -255.454 -15.984 -17.8823 -15.4336 -15.4336
3.54 -255.447 -13.1484 -20.3448 -13.9814 -13.9814
3.55 -255.442 -8.69861 -21.346 -12.2058 -12.2058
3.56 -255.44 -4.04056 -22.6909 -10.5193 -10.5193
3.57 -255.44 -0.599963 -25.8281 -9.56174 -9.56174
3.58 -255.443 1.12132 -30.5599 -9.6054 -9.6054
3.59 -255.449 1.60399 -35.1283 -10.1947 -10.1947
3.6 -255.455 1.9745 -37.3029 -10.4507 -10.4507
3.61 -255.463 3.68753 -35.7801 -9.74582 -9.74582
3.62 -255.471 7.73875 -31.3603 -8.17625 -8.17625
3.63 -255.481 13.9567 -26.6375 -6.52939 -6.52939
3.64 -255.49 21.1328 -23.9187 -5.77219 -5.77219
3.65 -255.5 27.768 -23.4758 -6.37105 -6.37105
3.66 -255.508 32.8183 -23.9415 -7.97715 -7.97715
3.67 -255.516 35.6911 -23.9112 -9.7886 -9.7886
3.68 -255.521 36.082 -22.7604 -11.2281 -11.2281
3.69 -255.524 34.6446 -20.562 -12.2609 -12.2609
3.7 -255.526 33.1861 -17.9376 -13.1738 -13.1738
3.71 -255.528 33.4898 -15.6892 -14.2103 -14.2103
3.72 -255.53 36.4444 -14.0584 -15.3744 -15.3744
3.73 -255.534 41.8354 -12.5736 -16.3947 -16.3947
3.74 -255.537 48.1839 -10.7236 -16.8492 -16.8492
3.75 -255.541 53.7769 -8.48671 -16.4634 -16.4634
3.76 -255.543 58.1658 -6.34086 -15.3624 -15.3624
3.77 -255.543 62.0269 -4.81602 -14.0088 -14.0088
3.78 -255.541 66.0694 -4.1545 -12.8698 -12.8698
3.79 -255.538 70.6108 -4.45131 -12.1273 -12.1273
3.8 -255.533 75.6868 -5.62467 -11.6395 -11.6395
3.81 -255.528 80.8502 -7.2462 -11.0848 -11.0848
3.82 -255.522 84.8095 -8.79975 -10.1654 -10.1654
3.83 -255.514 85.9954 -9.8531 -8.79437 -8.79437
3.84 -255.506 84.4572 -10.2281 -7.13985 -7.13985
3.85 -255.498 82.7156 -10.5405 -5.47582 -5.47582
3.86 -255.49 83.4297 -11.7746 -3.98016 -3.98016
3.87 -255.483 86.793 -14.1554 -2.62479 -2.62479
3.88 -255.478 91.1358 -17.0767 -1.2111 -1.2111
3.89 -255.474 94.9869 -19.7266 0.460459 0.460459
3.9 -255.471 97.9159 -21.7794 2.39473 2.39473
3.91 -255.47 99.7762 -23.7138 4.33005 4.33005
3.92 -255.47 99.7593 -26.3694 5.84795 5.84795
3.93 -255.47 97.0686 -29.7819 6.62278 6.62278
3.94 -255.47 92.1657 -32.6307 6.68034 6.68034
3.95 -255.47 86.1807 -33.2834 6.41166 6.41166
3.96 -255.469 79.7329 -31.03 6.23184 6.23184
3.97 -255.467 73.1435 -26.2011 6.21578 6.21578
3.98 -255.465 66.8528 -19.5184 6.12249 6.12249
3.99 -255.464 61.0352 -11.5879 5.71998 5.71998
4 -255.465 55.0696 -3.3861 4.93557 4.93557
4.01 -255.467 47.6525 3.40096 3.64699 3.64699
4.02 -255.469 38.223 7.64878 1.53812 1.53812
4.03 -255.472 28.0729 9.64692 -1.61591 -1.61591
4.04 -255.477 19.0363 10.0842 -5.62379 -5.62379
4.05 -255.483 11.9528 9.41504 -10.0172 -10.0172
4.06 -255.49 6.90382 8.60076 -14.3721 -14.3721
4.07 -255.499 3.45046 8.98662 -18.3293 -18.3293
4.08 -255.507 0.155919 10.8498 -21.5282 -21.5282
4.09 -255.513 -5.09348 13.2822 -23.7867 -23.7867
4.1 -255.515 -13.7386 15.5224 -25.2332 -25.2332
4.11 -255.511 -25.7202 17.3472 -26.1004 -26.1004
4.12 -255.502 -39.6349 18.8672 -26.4866 -26.4866
4.13 -255.489 -53.3213 20.7477 -26.3619 -26.3619
4.14 -255.472 -64.987 23.4435 -25.7099 -25.7099
4.15 -255.458 -74.2872 26.2579 -24.6721 -24.6721
4.16 -255.444 -81.5496 27.8171 -23.5983 -23.5983
4.17 -255.433 -87.1679 27.1512 -22.871 -22.871
4.18 -255.426 -91.4033 24.2307 -22.61 -22.61
4.19 -255.422 -94.656 20.042 -22.5491 -22.5491
4.2 -255.42 -97.6524 15.8112 -22.2367 -22.2367
4.21 -255.418 -100.822 12.2082 -21.3969 -21.3969
4.22 -255.417 -103.585 9.57657 -20.0948 -20.0948
4.23 -255.417 -105.059 8.00883 -18.5768 -18.5768
4.24 -255.416 -105.107 7.3038 -17.046 -17.046
4.25 -255.415 -103.948 8.04031 -15.535 -15.535
4.26 -255.415 -101.637 11.6215 -13.823 -13.823
4.27 -255.415 -98.1825 18.663 -11.5375 -11.5375
4.28 -255.414 -93.5519 28.6365 -8.49973 -8.49973
4.29 -255.413 -87.8213 40.5999 -4.94736 -4.94736
4.3 -255.412 -81.5651 52.8009 -1.44007 -1.44007
4.31 -255.409 -75.5394 62.82 1.32561 1.32561
4.32 -255.407 -69.8583 69.2503 2.74599 2.74599
4.33 -255.405 -64.151 72.593 2.66036 2.66036
4.34 -255.405 -58.4512 74.375 1.51468 1.51468
4.35 -255.406 -53.3506 76.2288 0.0469337 0.0469337
4.36 -255.408 -49.0303 79.2547 -1.20884 -1.20884
4.37 -255.41 -44.6219 83.4067 -2.1209 -2.1209
4.38 -255.411 -38.9818 87.6469 -2.80386 -2.80386
4.39 -255.411 -32.1382 90.6492 -3.3809 -3.3809
4.4 -255.409 -25.5001 91.5742 -3.86356 -3.86356
4.41 -255.405 -20.3185 90.9526 -4.11312 -4.11312
4.42 -255.397 -16.4606 90.4426 -3.83254 -3.83254
4.43 -255.389 -12.7241 91.7285 -2.68352 -2.68352
4.44 -255.38 -7.8181 96.0067 -0.501311 -0.501311
4.45 -255.372 -1.35142 103.38 2.59 2.59
4.46 -255.367 5.93008 111.955 6.1825 6.1825
4.47 -255.364 13.2006 118.62 9.65815 9.65815
4.48 -255.363 20.3322 121.396 12.4653 12.4653
4.49 -255.362 27.1651 120.424 14.5134 14.5134
4.5 -255.364 32.9055 117.014 16.205 16.205
4.51 -255.366 37.0955 112.807 17.9882 17.9882
4.52 -255.368 40.4718 109.532 19.9863 19.9863
4.53 -255.371 43.8598 108.032 22.046 22.046
4.54 -255.374 46.9313 107.897 23.9223 23.9223
4.55 -255.376 49.0021 108.541 25.4039 25.4039
4.56 -255.376 50.1839 109.445 26.4493 26.4493
4.57 -255.376 51.1497 109.886 27.2362 27.2362
4.58 -255.373 52.4958 109.729 28.0368 28.0368
4.59 -255.371 54.7131 110.068 29.096 29.096
4.6 -255.369 58.2492 112.436 30.5889 30.5889
4.61 -255.37 62.8566 117.096 32.4727 32.4727
4.62 -255.373 67.0212 122.41 34.257 34.257
4.63 -255.377 69.1082 126.594 35.1107 35.1107
4.64 -255.382 69.2923 129.784 34.5036 34.5036
4.65 -255.388 69.6847 133.412 32.7679 32.7679
4.66 -255.395 72.6099 137.728 30.7913 30.7913
4.67 -255.402 78.9217 141.108 29.1082 29.1082
4.68 -255.41 87.6116 141.711 27.4913 27.4913
4.69 -255.418 96.8537 139.165 25.4769 25.4769
4.7 -255.425 105.448 135.004 23.0887 23.0887
4.71 -255.43 113.181 131.762 20.9499 20.9499
4.72 -255.433 120.085 130.989 19.7693 19.7693
4.73 -255.434 126.235 132.096 19.7594 19.7594
4.74 -255.434 132.08 133.633 20.546 20.546
4.75 -255.432 138.112 134.839 21.6218 21.6218
4.76 -255.43 144.59 135.883 22.8225 22.8225
4.77 -255.427 151.758 137.657 24.3853 24.3853
4.78 -255.424 159.59 140.725 26.67 26.67
4.79 -255.422 167.285 143.969 29.7994 29.7994
4.8 -255.419 173.719 145.495 33.4659 33.4659
4.81 -255.416 178.474 144.388 37.1052 37.1052
4.82 -255.412 182.156 140.625 40.246 40.246
4.83 -255.408 185.646 134.951 42.6649 42.6649
4.84 -255.404 189.152 129.65 44.4121 44.4121
4.85 -255.399 192.199 127.16 45.8462 45.8462
4.86 -255.395 194.022 126.553 47.3371 47.3371
4.87 -255.391 194.151 123.707 48.6501 48.6501
4.88 -255.388 193.32 116.157 48.973 48.973
4.89 -255.386 192.886 105.784 47.9439 47.9439
4.9 -255.385 193.189 96.4986 46.371 46.371
4.91 -255.386 193.638 90.6427 45.5262 45.5262
4.92 -255.388 194.4 88.0022 45.8697 45.8697
4.93 -255.393 196.825 87.3284 46.771 46.771
4.94 -255.401 201.594 87.1716 47.2802 47.2802
4.95 -255.413 207.302 85.6846 46.7582 46.7582
4.96 -255.427 211.447 81.6956 44.8932 44.8932
4.97 -255.441 212.142 76.0631 41.7038 41.7038
4.98 -255.453 208.669 70.3468 37.6805 37.6805
4.99 -255.463 201.532 64.3711 33.478 33.478
5 -255.47 192.931 56.8291 29.2825 29.2825
5.01 -255.477 185.921 47.8274 24.8017 24.8017
5.02 -255.483 181.576 38.8881 19.9361 19.9361
5.03 -255.491 177.894 31.1858 15.0879 15.0879
5.04 -255.498 172.271 25.1331 10.7516 10.7516
5.05 -255.503 163.827 20.3696 7.1195 7.1195
5.06 -255.508 153.059 15.1394 4.06293 4.06293
5.07 -255.512 141.217 7.4383 1.2193 1.2193
5.08 -255.515 130.277 -2.57269 -1.78826 -1.78826
5.09 -255.519 121.978 -12.8562 -4.94797 -4.94797
5.1 -255.526 116.747 -21.8988 -7.77353 -7.77353
5.11 -255.534 114.069 -29.0896 -9.73964 -9.73964
5.12 -255.545 113.539 -33.6779 -10.631 -10.631
5.13 -255.558 114.877 -35.8217 -10.5058 -10.5058
5.14 -255.572 116.908 -38.1426 -9.73983 -9.73983
5.15 -255.585 117.779 -43.8961 -9.17524 -9.17524
5.16 -255.595 116.951 -53.9142 -9.72761 -9.72761
5.17 -255.603 115.843 -66.9623 -11.6033 -11.6033
5.18 -255.609 116.274 -81.6749 -14.1754 -14.1754
5.19 -255.614 119.503 -96.5556 -16.667 -16.667
5.2 -255.621 126.287 -109.033 -18.6133 -18.6133
5.21 -255.63 135.916 -116.313 -19.6854 -19.6854
5.22 -255.64 144.983 -117.723 -19.6179 -19.6179
5.23 -255.647 148.867 -114.793 -18.5808 -18.5808
5.24 -255.65 144.929 -109.58 -17.2784 -17.2784
5.25 -255.646 133.623 -104.171 -16.4597 -16.4597
5.26 -255.635 117.27 -99.9901 -16.493 -16.493
5.27 -255.618 98.6267 -96.8151 -17.3881 -17.3881
5.28 -255.597 79.6373 -93.6258 -18.9864 -18.9864
5.29 -255.576 61.0852 -90.2275 -21.1347 -21.1347
5.3 -255.555 43.7821 -86.5481 -23.7485 -23.7485
5.31 -255.538 29.1392 -81.5895 -26.609 -26.609
5.32 -255.526 17.76 -74.5993 -29.1755 -29.1755
5.33 -255.517 8.46013 -65.9433 -30.8677 -30.8677
5.34 -255.51 -0.826655 -56.2767 -31.5377 -31.5377
5.35 -255.503 -11.6953 -45.4657 -31.482 -31.482
5.36 -255.496 -24.8482 -32.6465 -31.0192 -31.0192
5.37 -255.488 -40.2451 -18.3184 -30.3143 -30.3143
5.38 -255.479 -57.0563 -5.48925 -29.7048 -29.7048
5.39 -255.471 -73.9432 3.51816 -29.7985 -29.7985
5.4 -255.464 -89.771 10.3907 -30.7774 -30.7774
5.41 -255.457 -103.654 19.1149 -31.7498 -31.7498
5.42 -255.449 -114.306 31.8821 -31.2988 -31.2988
5.43 -255.442 -120.377 46.8884 -28.8045 -28.8045
5.44 -255.435 -121.889 59.814 -25.0377 -25.0377
5.45 -255.427 -121.041 67.9998 -21.3684 -21.3684
5.46 -255.418 -120.829 72.5923 -18.4891 -18.4891
5.47 -255.406 -123.144 76.4783 -16.0193 -16.0193
5.48 -255.393 -128.301 81.8291 -13.2307 -13.2307
5.49 -255.379 -135.618 89.6011 -9.84618 -9.84618
5.5 -255.364 -144.255 99.0439 -6.13016 -6.13016
5.51 -255.349 -153.465 107.803 -2.57681 -2.57681
5.52 -255.333 -161.798 114.533 0.413624 0.413624
5.53 -255.317 -167.297 120.288 2.88409 2.88409
5.54 -255.301 -169.134 126.338 5.38911 5.38911
5.55 -255.285 -167.533 132.617 8.48696 8.48696
5.56 -255.269 -162.382 138.146 12.191 12.191
5.57 -255.255 -153.738 141.553 15.981 15.981
5.58 -255.244 -143.375 141.945 19.1705 19.1705
5.59 -255.235 -134.272 139.611 21.1953 21.1953
5.6 -255.227 -128.407 135.303 21.7577 21.7577
5.61 -255.22 -125.497 129.332 20.9066 20.9066
5.62 -255.216 -123.537 122.35 19.0732 19.0732
5.63 -255.215 -119.98 116.62 17.0511 17.0511
5.64 -255.219 -112.698 114.952 15.7897 15.7897
5.65 -255.229 -100.618 117.852 15.8639 15.8639
5.66 -255.244 -84.1201 122.445 16.9447 16.9447
5.67 -255.263 -64.9387 124.568 17.9203 17.9203
5.68 -255.286 -45.0717 122.229 17.7783 17.7783
5.69 -255.31 -25.2949 117.058 16.4701 16.4701
5.7 -255.335 -4.90131 112.41 14.8701 14.8701
5.71 -255.362 16.902 110.31 13.8575 13.8575
5.72 -255.39 39.668 110.523 13.489 13.489
5.73 -255.419 61.9314 112.362 13.1429 13.1429
5.74 -255.45 82.6074 116.571 12.4348 12.4348
5.75 -255.48 102.149 124.986 11.8618 11.8618
5.76 -255.508 122.172 138.362 12.466 12.466
5.77 -255.534 144.049 155.052 14.909 14.909
5.78 -255.553 167.917 171.607 18.9267 18.9267
5.79 -255.573 192.836 184.021 23.55 23.55
5.8 -255.586 216.89 188.199 27.6052 27.6052
5.81 -255.591 238.036 181.999 30.1016 30.1016
5.82 -255.591 256.383 168.709 30.7749 30.7749
5.83 -255.586 274.737 156.78 30.7518 30.7518
5.84 -255.578 295.188 153.21 32.2599 32.2599
5.85 -255.567 315.582 157.719 36.8674 36.8674
5.86 -255.551 330.826 164.542 43.9068 43.9068
5.87 -255.527 337.581 168.042 51.0622 51.0622
5.88 -255.495 336.624 165.454 56.5021 56.5021
5.89 -255.456 331.451 157.301 60.1757 60.1757
5.9 -255.414 325.512 146.831 63.3231 63.3231
5.91 -255.369 320.153 137.49 67.1895 67.1895
5.92 -255.328 315.05 131.533 72.1152 72.1152
5.93 -255.292 309.334 130.62 77.4811 77.4811
5.94 -255.262 301.424 135.399 82.2819 82.2819
5.95 -255.238 289.2 144.239 85.6662 85.6662
5.96 -255.218 271.547 153.212 87.0835 87.0835
5.97 -255.202 249.421 158.359 86.3034 86.3034
5.98 -255.189 225.254 158.175 83.5787 83.5787
5.99 -255.18 201.245 153.014 79.6096 79.6096
6 -255.177 177.871 142.241 74.8816 74.8816
6.01 -255.18 153.823 123.517 68.8982 68.8982
6.02 -255.189 127.061 95.8282 60.4585 60.4585
6.03 -255.203 95.0401 61.4535 48.9885 48.9885
6.04 -255.22 55.5569 24.643 35.3917 35.3917
6.05 -255.238 9.51609 -10.3132 21.4211 21.4211
6.06 -255.256 -38.3502 -40.7967 8.39836 8.39836
6.07 -255.27 -81.9187 -66.1863 -3.38185 -3.38185
6.08 -255.297 -117.009 -87.679 -14.2421 -14.2421
6.09 -255.33 -142.44 -107.421 -24.4918 -24.4918
6.1 -255.371 -160.035 -128.036 -34.3055 -34.3055
6.11 -255.421 -173.038 -150.023 -43.8336 -43.8336
6.12 -255.478 -184.46 -170.532 -53.065 -53.065
6.13 -255.543 -196.456 -185.565 -61.7362 -61.7362
6.14 -255.61 -209.411 -191.177 -69.6149 -69.6149
6.15 -255.678 -221.976 -183.659 -76.7369 -76.7369
6.16 -255.743 -232.816 -161.445 -83.2839 -83.2839
6.17 -255.806 -241.739 -126.779 -89.4544 -89.4544
6.18 -255.858 -249.48 -84.3344 -95.4516 -95.4516
6.19 -255.898 -258.334 -39.6912 -101.35 -101.35
6.2 -255.92 -272.566 1.8303 -106.986 -106.986
6.21 -255.92 -295.575 37.9601 -112.032 -112.032
6.22 -255.897 -326.025 71.6928 -115.919 -115.919
6.23 -255.855 -357.742 109.253 -117.629 -117.629
6.24 -255.796 -384.126 154.434 -116.022 -116.022
6.25 -255.727 -403.603 204.665 -110.895 -110.895
6.26 -255.649 -421.003 251.14 -103.768 -103.768
6.27 -255.562 -443.892 282.483 -97.3637 -97.3637
6.28 -255.468 -476.625 291.305 -93.9553 -93.9553
6.29 -255.363 -516.695 279.461 -93.6481 -93.6481
6.3 -255.255 -555.801 257.563 -93.8363 -93.8363
6.31 -255.146 -585.37 235.898 -90.6696 -90.6696
6.32 -255.042 -601.426 214.82 -82.0212 -82.0212
6.33 -254.948 -603.861 185.394 -69.4973 -69.4973
6.34 -254.869 -594.174 137.148 -57.2961 -57.2961
6.35 -254.808 -574.348 65.96 -48.8647 -48.8647
6.36 -254.768 -545.562 -21.8777 -44.3773 -44.3773
6.37 -254.751 -506.161 -110.467 -40.695 -40.695
6.38 -254.76 -451.916 -180.924 -33.2228 -33.2228
6.39 -254.796 -381.307 -223.887 -18.7008 -18.7008
6.4 -254.859 -299.843 -245.997 2.11984 2.11984
6.41 -254.943 -216.732 -259.873 24.3187 24.3187
6.42 -255.04 -139.771 -270.612 42.5084 42.5084
6.43 -255.142 -75.4714 -274.862 55.0833 55.0833
6.44 -255.24 -29.3052 -266.408 64.4288 64.4288
6.45 -255.327 -2.91615 -239.27 73.5316 73.5316
6.46 -255.403 6.94901 -190.118 83.1723 83.1723
6.47 -255.466 5.15656 -121.801 91.6032 91.6032
6.48 -255.514 -5.33933 -43.7588 95.5051 95.5051
6.49 -255.55 -23.5635 33.2532 91.4374 91.4374
6.5 -255.574 -48.7391 103.1 77.8861 77.8861
6.51 -255.588 -78.7111 164.63 56.7217 56.7217
6.52 -255.593 -110.445 217.511 32.1946 32.1946
6.53 -255.593 -142.153 258.187 7.78917 7.78917
6.54 -255.591 -172.944 280.536 -16.1976 -16.1976
6.55 -255.59 -199.533 282.063 -41.8862 -41.8862
6.56 -255.594 -215.508 267.498 -70.584 -70.584
6.57 -255.608 -214.272 245.921 -100.397 -100.397
6.58 -255.631 -191.855 225.799 -126.856 -126.856
6.59 -255.663 -148.412 211.021 -145.557 -145.557
6.6 -255.7 -87.9005 198.562 -154.524 -154.524
6.61 -255.738 -15.0387 180.386 -154.916 -154.916
6.62 -255.774 67.7304 148.338 -149.865 -149.865
6.63 -255.805 160.183 97.5967 -142.302 -142.302
6.64 -255.833 261.963 28.1799 -133.313 -133.313
6.65 -255.842 369.237 -54.3602 -122.031 -122.031
6.66 -255.868 475.57 -142.765 -106.915 -106.915
6.67 -255.894 572.973 -230.445 -87.2703 -87.2703
6.68 -255.91 654.861 -311.026 -63.8285 -63.8285
6.69 -255.915 718.009 -378.506 -37.8948 -37.8948
6.7 -255.903 761.874 -428.789 -10.0649 -10.0649
6.71 -255.883 784.516 -460.094 20.0103 20.0103
6.72 -255.836 783.283 -474.621 52.6644 52.6644
6.73 -255.766 758.337 -474.669 87.2664 87.2664
6.74 -255.684 716.753 -459.541 122.313 122.313
6.75 -255.59 670.286 -426.967 156.19 156.19
6.76 -255.496 629.836 -375.352 187.53 187.53
6.77 -255.417 601.538 -303.778 215.121 215.121
6.78 -255.361 586.476 -213.173 237.879 237.879
6.79 -255.332 582.891 -108.922 254.704 254.704
6.8 -255.328 588.428 -1.08973 263.985 263.985
6.81 -255.353 601.804 99.2581 263.582 263.582
6.82 -255.41 623.413 184.845 251.935 251.935
6.83 -255.481 653.363 251.414 229.322 229.322
6.84 -255.564 689.84 295.676 197.708 197.708
6.85 -255.654 729.953 316.046 159.524 159.524
6.86 -255.743 771.777 316.436 117.134 117.134
6.87 -255.823 814.364 305.788 73.4012 73.4012
6.88 -255.89 855.995 291.936 31.7976 31.7976
6.89 -255.936 892.883 277.041 -4.73929 -4.73929
6.9 -255.958 919.921 258.778 -34.8046 -34.8046
6.91 -255.949 934.203 235.313 -57.9987 -57.9987
6.92 -255.912 936.862 207.338 -73.6677 -73.6677
6.93 -255.852 931.093 173.765 -80.8763 -80.8763
6.94 -255.775 917.227 128.573 -79.8884 -79.8884
6.95 -255.692 891.191 65.0887 -73.027 -73.027
6.96 -255.607 848.565 -16.8711 -63.2425 -63.2425
6.97 -255.526 789.458 -109.496 -51.7597 -51.7597
6.98 -255.456 719.502 -202.407 -37.5807 -37.5807
6.99 -255.398 646.802 -288.527 -19.3465 -19.3465
7 -255.358 578.361 -363.981 2.83738 2.83738
7.01 -255.335 519.516 -423.518 27.7848 27.7848
7.02 -255.329 474.064 -460.57 54.9065 54.9065
7.03 -255.342 441.709 -473.233 84.4187 84.4187
7.04 -255.37 415.291 -467.469 115.479 115.479
7.05 -255.404 381.598 -454.066 144.71 144.71
7.06 -255.441 328.094 -440.466 167.238 167.238
7.07 -255.472 250.65 -423.709 179.556 179.556
7.08 -255.498 153.564 -394.191 181.286 181.286
7.09 -255.519 43.8504 -345.288 173.893 173.893
7.1 -255.537 -72.8605 -278.845 157.941 157.941
7.11 -255.555 -191.785 -203.54 132.149 132.149
7.12 -255.575 -307.154 -129.707 95.1221 95.1221
7.13 -255.598 -413.442 -66.5994 47.3998 47.3998
7.14 -255.625 -507.649 -21.7298 -8.4467 -8.4467
7.15 -255.651 -588.936 0.669924 -69.25 -69.25
7.16 -255.679 -656.745 0.936374 -132.328 -132.328
7.17 -255.709 -711.299 -16.5161 -195.418 -195.418
7.18 -255.738 -754.427 -44.3691 -256.289 -256.289
7.19 -255.771 -788.578 -74.0523 -312.792 -312.792
7.2 -255.803 -815.523 -98.7085 -363.046 -363.046
7.21 -255.834 -835.791 -114.515 -405.302 -405.302
7.22 -255.858 -848.435 -119.481 -437.443 -437.443
7.23 -255.871 -851.478 -112.986 -456.667 -456.667
7.24 -255.871 -843.978 -97.8806 -460.296 -460.296
7.25 -255.861 -827.794 -81.0135 -447.535 -447.535
7.26 -255.829 -806.906 -69.9538 -420.425 -420.425
7.27 -255.774 -785.535 -68.4662 -382.707 -382.707
7.28 -255.7 -766.459 -75.063 -337.664 -337.664
7.29 -255.612 -750.891 -85.628 -287.163 -287.163
7.3 -255.514 -738.995 -95.2331 -232.416 -232.416
7.31 -255.414 -729.765 -97.578 -174.799 -174.799
7.32 -255.314 -721.771 -87.5179 -115.711 -115.711
7.33 -255.216 -716.135 -68.1842 -56.5585 -56.5585
7.34 -255.116 -717.54 -53.0482 0.278469 0.278469
7.35 -255.011 -730.12 -56.413 51.0987 51.0987
7.36 -254.899 -752.178 -80.8709 92.8563 92.8563
7.37 -254.784 -775.502 -114.835 125.722 125.722
7.38 -254.674 -790.902 -142.439 152.729 152.729
7.39 -254.577 -794.182 -155.258 176.117 176.117
7.4 -254.501 -785.167 -153.546 194.311 194.311
7.41 -254.454 -762.686 -139.506 203.079 203.079
7.42 -254.443 -723.279 -113.376 199.498 199.498
7.43 -254.468 -664.313 -75.9618 184.173 184.173
7.44 -254.532 -587.869 -35.0961 159.588 159.588
7.45 -254.63 -500.172 -5.03057 127.074 127.074
7.46 -254.757 -407.235 2.96652 86.1687 86.1687
7.47 -254.909 -311.609 -10.913 36.905 36.905
7.48 -255.082 -212.473 -34.7249 -17.9553 -17.9553
7.49 -255.272 -107.347 -52.6036 -73.3276 -73.3276
7.5 -255.476 6.54302 -54.4333 -124.221 -124.221
7.51 -255.685 131.299 -38.9683 -167.532 -167.532
7.52 -255.893 267.562 -8.72054 -201.597 -201.597
7.53 -256.089 412.914 34.165 -224.602 -224.602
7.54 -256.263 561.297 86.8201 -234.198 -234.198
7.55 -256.405 704.577 143.076 -228.979 -228.979
7.56 -256.509 833.643 191.824 -210.064 -210.064
7.57 -256.569 939.947 221.077 -180.866 -180.866
7.58 -256.566 1018.79 228.672 -144.961 -144.961
7.59 -256.557 1073.27 227.544 -103.72 -103.72
7.6 -256.485 1108.5 234.226 -56.1583 -56.1583
7.61 -256.386 1129.04 254.242 -1.68311 -1.68311
7.62 -256.259 1135.28 277.875 57.0389 57.0389
7.63 -256.107 1125.12 288.984 114.534 114.534
7.64 -255.928 1097.85 277.397 166.111 166.111
7.65 -255.734 1056.49 244.529 210.688 210.688
7.66 -255.521 1007.58 200.317 250.143 250.143
7.67 -255.307 959.42 157.022 286.62 286.62
7.68 -255.105 917.539 121.207 320.41 320.41
7.69 -254.924 882.597 91.4564 349.364 349.364
7.7 -254.777 853.893 65.6665 369.95 369.95
7.71 -254.668 832.855 47.9682 379.593 379.593
7.72 -254.602 822.22 45.7997 378.548 378.548
7.73 -254.582 822.896 61.4148 369.301 369.301
7.74 -254.602 833.623 89.6858 354.171 354.171
7.75 -254.658 853.333 124 334.013 334.013
7.76 -254.744 881.937 161.334 309.128 309.128
7.77 -254.855 918.557 201.159 280.365 280.365
7.78 -254.983 960.435 241.405 248.73 248.73
7.79 -255.122 1003.06 276.84 214.503 214.503
7.8 -255.267 1041.07 302.902 177.618 177.618
7.81 -255.407 1070.05 320.511 139.112 139.112
7.82 -255.537 1088.43 337.259 101.902 101.902
7.83 -255.652 1098.31 365.477 70.042 70.042
7.84 -255.752 1101.56 414.404 47.1841 47.1841
7.85 -255.823 1095.91 483.75 35.2128 35.2128
7.86 -255.866 1074.81 565.273 33.8313 33.8313
7.87 -255.872 1031.65 649.533 41.4847 41.4847
7.88 -255.841 962.847 728.289 56.5706 56.5706
7.89 -255.768 867.683 794.104 77.4482 77.4482
7.9 -255.657 746.728 841.017 101.514 101.514
7.91 -255.508 601.752 865.27 125.093 125.093
7.92 -255.331 437.554 867.025 144.828 144.828
7.93 -255.134 263.445 851.957 159.266 159.266
7.94 -254.925 91.9897 827.68 169.173 169.173
7.95 -254.726 -65.2553 798.75 176.33 176.33
7.96 -254.541 -201.671 763.226 181.838 181.838
7.97 -254.38 -314.962 714.985 185.415 185.415
7.98 -254.252 -405.323 648.828 186.154 186.154
7.99 -254.158 -473.416 564.989 183.633 183.633
8 -254.106 -520.4 471.325 178.267 178.267
8.01 -254.098 -548.845 378.103 170.644 170.644
8.02 -254.132 -564.513 290.871 160.344 160.344
8.03 -254.203 -574.319 210.01 145.41 145.41
8.04 -254.31 -581.243 137.033 123.644 123.644
8.05 -254.443 -582.316 77.7015 94.953 94.953
8.06 -254.597 -573.218 35.7877 62.0364 62.0364
8.07 -254.764 -554.152 5.65536 28.1311 28.1311
8.08 -254.932 -530.136 -24.8369 -5.68013 -5.68013
8.09 -255.095 -507.419 -63.6515 -40.2654 -40.2654
8.1 -255.246 -490.946 -108.44 -75.788 -75.788
8.11 -255.386 -484.355 -150.748 -110.342 -110.342
8.12 -255.505 -489.98 -181.885 -141.5 -141.5
8.13 -255.605 -508.756 -195.297 -168.199 -168.199
8.14 -255.694 -541.576 -187.424 -190.513 -190.513
8.15 -255.768 -590.999 -158.102 -208.431 -208.431
8.16 -255.824 -660.204 -110.608 -221.675 -221.675
8.17 -255.852 -749.319 -51.1539 -230.371 -230.371
8.18 -255.845 -852.272 12.433 -235.198 -235.198
8.19 -255.798 -958.813 72.5786 -236.705 -236.705
8.2 -255.746 -1058.74 122.588 -234.813 -234.813
8.21 -255.65 -1146.7 157.85 -229.44 -229.44
8.22 -255.547 -1220.59 174.657 -221.612 -221.612
8.23 -255.439 -1281.64 171.733 -213.676 -213.676
8.24 -255.333 -1332.81 149.43 -208.423 -208.423
8.25 -255.218 -1377.71 108.975 -207.798 -207.798
8.26 -255.126 -1417.12 53.5161 -212.01 -212.01
8.27 -255.05 -1449.9 -14.5548 -219.703 -219.703
8.28 -254.988 -1474.09 -94.9529 -229.1 -229.1
8.29 -254.942 -1487.04 -187.207 -239 -239
8.3 -254.92 -1485.69 -288.398 -248.649 -248.649
8.31 -254.915 -1469.24 -396.703 -257.173 -257.173
8.32 -254.924 -1439.11 -510.701 -263.777 -263.777
8.33 -254.963 -1396.82 -626.238 -268.233 -268.233
8.34 -255.015 -1342.51 -737.171 -270.719 -270.719
8.35 -255.076 -1275.75 -838.636 -271.457 -271.457
8.36 -255.164 -1197.24 -928.252 -270.985 -270.985
8.37 -255.267 -1110.54 -1007.04 -270.467 -270.467
8.38 -255.376 -1022.68 -1077.93 -271.223 -271.223
8.39 -255.501 -942.486 -1141.49 -273.799 -273.799
8.4 -255.626 -878.092 -1196.53 -277.604 -277.604
8.41 -255.741 -835.617 -1242.39 -281.632 -281.632
8.42 -255.86 -819.125 -1279.25 -285.586 -285.586
8.43 -255.958 -828.696 -1308.47 -290.218 -290.218
8.44 -256.042 -861.527 -1329.64 -296.657 -296.657
8.45 -256.103 -913.536 -1341.05 -305.57 -305.57
8.46 -256.145 -980.301 -1341.4 -316.901 -316.901
8.47 -256.168 -1056.35 -1329.66 -330.176 -330.176
8.48 -256.171 -1135.27 -1306.04 -344.817 -344.817
8.49 -256.164 -1211.14 -1274.65 -360.414 -360.414
8.5 -256.153 -1278.68 -1243.39 -377.153 -377.153
8.51 -256.149 -1333.05 -1219.18 -395.834 -395.834
8.52 -256.156 -1369.42 -1203.22 -416.957 -416.957
8.53 -256.181 -1383.67 -1191.67 -439.739 -439.739
8.54 -256.225 -1373.71 -1180.22 -462.331 -462.331
8.55 -256.295 -1341.53 -1168.81 -483.241 -483.241
8.56 -256.388 -1291.24 -1161.67 -502.657 -502.657
8.57 -256.495 -1227.39 -1164.8 -522.181 -522.181
8.58 -256.614 -1152.47 -1181.25 -542.909 -542.909
8.59 -256.734 -1065.99 -1209.44 -563.773 -563.773
8.6 -256.847 -967.487 -1247.03 -581.855 -581.855
8.61 -256.945 -859.955 -1295.09 -594.467 -594.467
8.62 -257.01 -750.039 -1356.16 -601.014 -601.014
8.63 -257.066 -644.762 -1430.9 -602.621 -602.621
8.64 -257.082 -551.263 -1516.81 -600.221 -600.221
8.65 -257.066 -476.128 -1609.71 -593.705 -593.705
8.66 -257.014 -424.898 -1704.41 -582.631 -582.631
8.67 -256.94 -398.669 -1795.43 -566.799 -566.799
8.68 -256.84 -395.82 -1876.97 -545.945 -545.945
8.69 -256.729 -411.696 -1942.73 -519.534 -519.534
8.7 -256.592 -443.863 -1992.39 -487.494 -487.494
8.71 -256.454 -488.141 -2028.25 -451.275 -451.275
8.72 -256.326 -538.054 -2051.56 -413.62 -413.62
8.73 -256.208 -585.305 -2060.12 -376.676 -376.676
8.74 -256.11 -622.88 -2049.79 -340.834 -340.834
8.75 -256.045 -648.065 -2017.64 -306.087 -306.087
8.76 -256 -662.364 -1967.61 -274.101 -274.101
8.77 -255.985 -667.454 -1905.82 -248.342 -248.342
8.78 -256.004 -660.484 -1833.36 -231.992 -231.992
8.79 -256.055 -633.817 -1746.32 -225.505 -225.505
8.8 -256.142 -579.089 -1638.63 -226.074 -226.074
8.81 -256.264 -491.889 -1506.84 -229.525 -229.525
8.82 -256.416 -373.328 -1351.72 -232.732 -232.732
8.83 -256.59 -229.819 -1179.77 -234.721 -234.721
8.84 -256.775 -71.8525 -1003.25 -236.482 -236.482
8.85 -256.961 89.0887 -836.968 -240.198 -240.198
8.86 -257.125 243.98 -692.682 -247.995 -247.995
8.87 -257.233 387.019 -577.104 -260.317 -260.317
8.88 -257.314 519.139 -485.684 -274.998 -274.998
8.89 -257.343 643.62 -407.598 -287.998 -287.998
8.9 -257.325 762.069 -333.913 -295.116 -295.116
8.91 -257.26 871.578 -263.168 -293.63 -293.63
8.92 -257.145 967.975 -198.622 -283.015 -283.015
8.93 -256.993 1048.69 -143.649 -263.774 -263.774
8.94 -256.777 1114.56 -97.5135 -235.387 -235.387
8.95 -256.53 1166.29 -57.7558 -196.168 -196.168
8.96 -256.269 1201.91 -21.7754 -145.189 -145.189
8.97 -255.968 1222.7 14.25 -83.7179 -83.7179
8.98 -255.67 1232.37 52.2658 -14.8887 -14.8887
8.99 -255.385 1235.31 94.9047 57.4115 57.4115
9 -255.117 1235.61 143.59 129.608 129.608
9.01 -254.879 1237.64 196.509 199.567 199.567
9.02 -254.672 1245.9 253.964 267.258 267.258
9.03 -254.498 1264.97 318.886 333.932 333.932
9.04 -254.358 1298.22 393.253 400.267 400.267
9.05 -254.248 1346.06 475.742 465.241 465.241
9.06 -254.175 1404.92 563.567 526.464 526.464
9.07 -254.132 1468.03 655.181 581.26 581.26
9.08 -254.091 1527.99 752.115 627.443 627.443
9.09 -254.097 1576.71 858.1 663.595 663.595
9.1 -254.116 1607.61 975.899 689.001 689.001
9.11 -254.113 1619.61 1105.94 703.415 703.415
9.12 -254.164 1610.91 1241.32 706.657 706.657
9.13 -254.17 1583.75 1374.09 698.099 698.099
9.14 -254.194 1541.91 1498.08 677.272 677.272
9.15 -254.218 1488.86 1611.26 645.278 645.278
9.16 -254.214 1429.05 1714.12 605.13 605.13
9.17 -254.228 1365.49 1805.27 560.335 560.335
9.18 -254.214 1297.52 1880.87 512.964 512.964
9.19 -254.211 1221.52 1934.66 462.943 462.943
9.2 -254.204 1131.21 1963.28 409.28 409.28
9.21 -254.176 1021.76 1971.54 352.463 352.463
9.22 -254.133 892.396 1968.64 295.799 295.799
9.23 -254.084 747.347 1961.62 244.254 244.254
9.24 -254.017 592.722 1952.12 202.188 202.188
9.25 -253.943 434.781 1936.68 171.958 171.958
9.26 -253.863 278.507 1911.22 153.961 153.961
9.27 -253.776 128.59 1874.61 147.514 147.514
9.28 -253.7 -8.49768 1831.2 151.978 151.978
9.29 -253.628 -125.993 1788.64 167.345 167.345
9.3 -253.574 -221.803 1751.2 193.466 193.466
9.31 -253.531 -300.206 1717.33 228.391 228.391
9.32 -253.51 -367.802 1682.81 267.849 267.849
9.33 -253.513 -428.305 1644.86 306.863 306.863
9.34 -253.54 -482.845 1601.65 341.719 341.719
9.35 -253.591 -531.961 1550.94 370.413 370.413
9.36 -253.663 -575.836 1491.6 392.025 392.025
9.37 -253.752 -613.552 1424.65 406.315 406.315
9.38 -253.855 -643.248 1351.87 413.485 413.485
9.39 -253.963 -662.581 1275.23 413.542 413.542
9.4 -254.077 -669.441 1197.32 405.958 405.958
9.41 -254.186 -660.807 1124.14 390.482 390.482
9.42 -254.291 -634.491 1062.87 368.286 368.286
9.43 -254.39 -591.825 1017.12 341.799 341.799
9.44 -254.482 -538.285 985.23 313.067 313.067
9.45 -254.566 -482.093 962.268 282.388 282.388
9.46 -254.639 -431.691 943.248 248.614 248.614
9.47 -254.701 -392.136 925.713 210.642 210.642
9.48 -254.752 -363.157 909.576 168.629 168.629
9.49 -254.793 -340.982 894.552 124.015 124.015
9.5 -254.825 -321.862 877.151 78.5394 78.5394
9.51 -254.849 -304.75 848.832 33.0753 33.0753
9.52 -254.868 -290.41 799.984 -12.6972 -12.6972
9.53 -254.881 -277.096 728.795 -58.9566 -58.9566
9.54 -254.89 -259.091 643.743 -103.592 -103.592
9.55 -254.899 -229.918 557.215 -141.731 -141.731
9.56 -254.911 -185.787 478.352 -167.966 -167.966
9.57 -254.929 -125.905 410.1 -179.229 -179.229
9.58 -254.959 -49.498 351.783 -175.643 -175.643
9.59 -255.007 45.9504 304.314 -159.009 -159.009
9.6 -255.075 162.467 270.218 -130.999 -130.999
9.61 -255.165 298.298 248.432 -92.9487 -92.9487
9.62 -255.273 447.384 231.307 -46.7463 -46.7463
9.63 -255.398 602.664 208.664 4.6409 4.6409
9.64 -255.533 761.196 176.023 57.7058 57.7058
9.65 -255.677 924.356 136.275 109.688 109.688
9.66 -255.818 1094.85 96.1681 159.099 159.099
9.67 -255.931 1272.82 57.6308 204.855 204.855
9.68 -256.036 1452.31 14.7447 245.288 245.288
9.69 -256.169 1623.46 -40.6479 278.307 278.307
9.7 -256.243 1777.1 -109.159 302.632 302.632
9.71 -256.26 1908.7 -185.558 318.601 318.601
9.72 -256.276 2017.33 -263.01 327.29 327.29
9.73 -256.264 2101.01 -338.32 329.038 329.038
9.74 -256.221 2160.25 -407.982 323.505 323.505
9.75 -256.162 2200.1 -465.207 311.208 311.208
9.76 -256.106 2225.51 -504.927 294.153 294.153
9.77 -256.023 2239.39 -530.893 274.253 274.253
9.78 -255.949 2241.22 -551.831 251.476 251.476
9.79 -255.889 2230.97 -574.963 224.381 224.381
9.8 -255.837 2211.14 -601.706 192.539 192.539
9.81 -255.792 2186.3 -628.528 157.986 157.986
9.82 -255.757 2161.88 -649.405 124.342 124.342
9.83 -255.741 2141.89 -658.549 94.7728 94.7728
9.84 -255.745 2127.01 -654.294 70.6257 70.6257
9.85 -255.768 2114.79 -638.79 51.403 51.403
9.86 -255.813 2102.19 -614.338 35.8342 35.8342
9.87 -255.881 2087.04 -580.795 23.4006 23.4006
9.88 -255.965 2067.81 -536.763 15.0086 15.0086
9.89 -256.061 2043.24 -482.628 12.0714 12.0714
9.9 -256.162 2012.1 -421.871 14.9963 14.9963
9.91 -256.262 1974.1 -358.085 22.7618 22.7618
9.92 -256.357 1930.21 -291.275 33.9611 33.9611
9.93 -256.439 1881.39 -218.281 48.0118 48.0118
9.94 -256.504 1826.73 -136.594 65.1439 65.1439
9.95 -256.544 1764.32 -46.6333 85.3638 85.3638
9.96 -256.557 1693.47 47.3113 107.776 107.776
9.97 -256.54 1615.51 138.271 130.9 130.9
9.98 -256.49 1531.65 221.365 153.096 153.096
9.99 -256.409 1440.27 294.672 172.249 172.249
10 -256.293 1335.67 352.227 185.704 185.704
