0.1 -25.8191 2.80712 -2.71605 -0.192849 -0.192849
0.2 -51.6367 5.60856 -5.42235 -0.386041 -0.386041
0.3 -77.453 8.40426 -8.11881 -0.579577 -0.579577
0.4 -103.268 11.1942 -10.8053 -0.773462 -0.773462
0.5 -129.081 13.9782 -13.4817 -0.967697 -0.967697
0.6 -154.894 16.7563 -16.148 -1.16229 -1.16229
0.7 -180.704 19.5283 -18.804 -1.35723 -1.35723
0.8 -206.513 22.2944 -21.4495 -1.55254 -1.55254
0.9 -232.321 25.0542 -24.0846 -1.74821 -1.74821
1 -258.127 27.8079 -26.709 -1.94424 -1.94424
0.01 -258.127 27.6157 -26.7555 -1.95081 -1.95081
0.02 -258.126 27.0798 -26.8806 -1.98374 -1.98374
0.03 -258.126 26.4803 -27.0157 -2.05513 -2.05513
0.04 -258.125 26.0737 -27.1176 -2.14399 -2.14399
0.05 -258.125 25.8637 -27.209 -2.2166 -2.2166
0.06 -258.125 25.8237 -27.3052 -2.2618 -2.2618
0.07 -258.125 25.9327 -27.4051 -2.28837 -2.28837
0.08 -258.126 26.1758 -27.4944 -2.30089 -2.30089
0.09 -258.126 26.536 -27.5574 -2.29334 -2.29334
0.1 -258.127 26.9877 -27.5841 -2.26093 -2.26093
0.11 -258.127 27.4978 -27.5774 -2.20835 -2.20835
0.12 -258.128 28.0341 -27.5499 -2.14665 -2.14665
0.13 -258.128 28.5784 -27.5208 -2.0877 -2.0877
0.14 -258.129 29.1214 -27.5084 -2.04154 -2.04154
0.15 -258.13 29.656 -27.5226 -2.01402 -2.01402
0.16 -258.13 30.171 -27.563 -2.00348 -2.00348
0.17 -258.13 30.6534 -27.6192 -1.99971 -1.99971
0.18 -258.129 31.103 -27.6807 -1.98747 -1.98747
0.19 -258.129 31.5378 -27.7436 -1.95362 -1.95362
0.2 -258.129 31.9838 -27.8107 -1.89394 -1.89394
0.21 -258.129 32.4514 -27.8812 -1.81432 -1.81432
0.22 -258.128 32.9339 -27.9485 -1.72563 -1.72563
0.23 -258.127 33.4085 -28.0004 -1.63578 -1.63578
0.24 -258.127 33.8482 -28.0291 -1.54601 -1.54601
0.25 -258.126 34.2365 -28.0373 -1.45429 -1.45429
0.26 -258.125 34.5755 -28.0294 -1.36068 -1.36068
0.27 -258.125 34.9026 -28.0011 -1.2674 -1.2674
0.28 -258.125 35.2906 -27.9412 -1.17388 -1.17388
0.29 -258.125 35.8113 -27.8541 -1.07461 -1.07461
0.3 -258.124 36.5117 -27.766 -0.963859 -0.963859
0.31 -258.125 37.4059 -27.6986 -0.841107 -0.841107
0.32 -258.125 38.4695 -27.652 -0.709417 -0.709417
0.33 -258.125 39.6373 -27.6197 -0.571846 -0.571846
0.34 -258.126 40.839 -27.5976 -0.432542 -0.432542
0.35 -258.127 42.039 -27.5845 -0.298001 -0.298001
0.36 -258.127 43.2249 -27.5849 -0.174022 -0.174022
0.37 -258.128 44.3834 -27.5978 -0.0611874 -0.0611874
0.38 -258.129 45.4723 -27.6037 0.0464729 0.0464729
0.39 -258.129 46.4362 -27.5764 0.158408 0.158408
0.4 -258.13 47.2444 -27.5106 0.28085 0.28085
0.41 -258.13 47.9083 -27.4232 0.412256 0.412256
0.42 -258.13 48.4661 -27.3321 0.54693 0.54693
0.43 -258.13 48.9355 -27.244 0.681705 0.681705
0.44 -258.13 49.3178 -27.1446 0.817891 0.817891
0.45 -258.13 49.6125 -27.0217 0.957041 0.957041
0.46 -258.13 49.8403 -26.8794 1.09538 1.09538
0.47 -258.13 50.038 -26.7216 1.22445 1.22445
0.48 -258.129 50.2083 -26.5539 1.33706 1.33706
0.49 -258.129 50.3208 -26.385 1.43023 1.43023
0.5 -258.129 50.3492 -26.2102 1.50392 1.50392
0.51 -258.128 50.2932 -26.011 1.56034 1.56034
0.52 -258.128 50.1491 -25.7806 1.60268 1.60268
0.53 -258.128 49.9092 -25.5129 1.63224 1.63224
0.54 -258.128 49.6078 -25.1854 1.64995 1.64995
0.55 -258.128 49.3374 -24.7816 1.66144 1.66144
0.56 -258.128 49.1594 -24.3258 1.67483 1.67483
0.57 -258.129 49.0092 -23.8874 1.68887 1.68887
0.58 -258.129 48.7631 -23.5347 1.68726 1.68726
0.59 -258.129 48.3799 -23.2743 1.65275 1.65275
0.6 -258.13 47.9329 -23.0562 1.58784 1.58784
0.61 -258.131 47.5129 -22.8487 1.5142 1.5142
0.62 -258.131 47.1352 -22.6705 1.44895 1.44895
0.63 -258.132 46.7685 -22.504 1.39179 1.39179
0.64 -258.133 46.3922 -22.2737 1.34203 1.34203
0.65 -258.134 45.9555 -21.9738 1.30946 1.30946
0.66 -258.135 45.3905 -21.699 1.29392 1.29392
0.67 -258.136 44.7015 -21.509 1.27396 1.27396
0.68 -258.136 43.9306 -21.3808 1.23364 1.23364
0.69 -258.137 43.0714 -21.2591 1.18533 1.18533
0.7 -258.137 42.1127 -21.1192 1.15134 1.15134
0.71 -258.138 41.1058 -20.9538 1.13433 1.13433
0.72 -258.138 40.1422 -20.809 1.11595 1.11595
0.73 -258.138 39.2598 -20.754 1.0752 1.0752
0.74 -258.138 38.3711 -20.8193 1.00184 1.00184
0.75 -258.138 37.3137 -20.9703 0.89912 0.89912
0.76 -258.137 36.0193 -21.1495 0.779461 0.779461
0.77 -258.137 34.5786 -21.2971 0.656861 0.656861
0.78 -258.136 33.1533 -21.3401 0.543435 0.543435
0.79 -258.135 31.8468 -21.2249 0.45059 0.45059
0.8 -258.135 30.6524 -20.9697 0.383366 0.383366
0.81 -258.134 29.5519 -20.6393 0.331507 0.331507
0.82 -258.134 28.6007 -20.2883 0.275829 0.275829
0.83 -258.134 27.8653 -19.947 0.206886 0.206886
0.84 -258.134 27.3256 -19.6142 0.131906 0.131906
0.85 -258.135 26.9238 -19.2413 0.0646398 0.0646398
0.86 -258.135 26.6179 -18.7661 0.0137807 0.0137807
0.87 -258.135 26.276 -18.2328 -0.0296001 -0.0296001
0.88 -258.136 25.7134 -17.7904 -0.10473 -0.10473
0.89 -258.136 24.9222 -17.4888 -0.26111 -0.26111
0.9 -258.135 24.1173 -17.2111 -0.501603 -0.501603
0.91 -258.135 23.475 -16.8331 -0.759666 -0.759666
0.92 -258.135 22.8584 -16.3835 -0.959651 -0.959651
0.93 -258.135 21.9304 -15.991 -1.09368 -1.09368
0.94 -258.135 20.5841 -15.7027 -1.21425 -1.21425
0.95 -258.134 19.1524 -15.477 -1.35542 -1.35542
0.96 -258.134 18.1141 -15.2777 -1.48945 -1.48945
0.97 -258.134 17.6063 -15.1209 -1.56617 -1.56617
0.98 -258.134 17.3213 -15.0898 -1.57484 -1.57484
0.99 -258.135 16.9477 -15.2153 -1.55115 -1.55115
1 -258.135 16.5063 -15.4112 -1.52695 -1.52695
1.01 -258.136 16.2143 -15.6638 -1.49871 -1.49871
1.02 -258.138 16.2301 -16.0577 -1.45474 -1.45474
1.03 -258.139 16.5141 -16.517 -1.39494 -1.39494
1.04 -258.141 16.8515 -16.7892 -1.30072 -1.30072
1.05 -258.142 17.036 -16.7704 -1.1294 -1.1294
1.06 -258.143 17.0294 -16.6383 -0.877295 -0.877295
1.07 -258.144 16.9646 -16.5989 -0.615291 -0.615291
1.08 -258.144 17.0796 -16.6292 -0.417637 -0.417637
1.09 -258.145 17.5042 -16.594 -0.27556 -0.27556
1.1 -258.145 18.03 -16.5318 -0.129597 -0.129597
1.11 -258.144 18.2973 -16.5624 0.0279729 0.0279729
1.12 -258.144 18.2133 -16.5778 0.146636 0.146636
1.13 -258.143 18.0631 -16.3269 0.212066 0.212066
1.14 -258.142 18.2541 -15.7988 0.275015 0.275015
1.15 -258.141 19.1025 -15.1406 0.377382 0.377382
1.16 -258.141 20.6964 -14.3462 0.522382 0.522382
1.17 -258.141 22.6865 -13.377 0.71926 0.71926
1.18 -258.142 24.4355 -12.268 0.983444 0.983444
1.19 -258.142 25.5409 -11.12 1.2831 1.2831
1.2 -258.142 26.0968 -10.1264 1.53153 1.53153
1.21 -258.142 26.4846 -9.4635 1.64837 1.64837
1.22 -258.142 27.0275 -9.20639 1.61632 1.61632
1.23 -258.142 27.8521 -9.32687 1.47854 1.47854
1.24 -258.141 28.94 -9.6775 1.30235 1.30235
1.25 -258.141 30.2491 -9.99004 1.15981 1.15981
1.26 -258.141 31.7724 -10.0215 1.12442 1.12442
1.27 -258.141 33.4584 -9.73156 1.24942 1.24942
1.28 -258.142 35.182 -9.24064 1.53759 1.53759
1.29 -258.143 36.7716 -8.74934 1.94129 1.94129
1.3 -258.144 38.0394 -8.43889 2.39055 2.39055
1.31 -258.145 38.9412 -8.26532 2.82895 2.82895
1.32 -258.146 39.6668 -8.06509 3.24075 3.24075
1.33 -258.148 40.5181 -7.84782 3.63699 3.63699
1.34 -258.149 41.7844 -7.61635 4.02496 4.02496
1.35 -258.151 43.5322 -7.10062 4.42896 4.42896
1.36 -258.153 45.3637 -6.1107 4.91109 4.91109
1.37 -258.154 46.7214 -4.90383 5.49554 5.49554
1.38 -258.155 47.4529 -4.0191 6.08274 6.08274
1.39 -258.155 47.9798 -3.86031 6.51111 6.51111
1.4 -258.155 48.9046 -4.46399 6.7181 6.7181
1.41 -258.155 50.2011 -5.60159 6.79261 6.79261
1.42 -258.156 51.0823 -6.84818 6.86079 6.86079
1.43 -258.156 50.9388 -7.65327 6.97645 6.97645
1.44 -258.155 49.9323 -7.78169 7.12409 7.12409
1.45 -258.154 48.6951 -7.5884 7.25008 7.25008
1.46 -258.154 47.7695 -7.64588 7.27568 7.27568
1.47 -258.153 47.1225 -8.18034 7.14886 7.14886
1.48 -258.153 46.0974 -9.05006 6.90181 6.90181
1.49 -258.151 43.9848 -10.2688 6.59449 6.59449
1.5 -258.149 40.6904 -12.047 6.18873 6.18873
1.51 -258.147 36.9089 -14.0975 5.57786 5.57786
1.52 -258.144 33.6028 -15.4687 4.79282 4.79282
1.53 -258.142 31.1295 -15.499 4.06075 4.06075
1.54 -258.139 29.0819 -14.4953 3.55086 3.55086
1.55 -258.137 27.0475 -13.1942 3.15419 3.15419
1.56 -258.136 25.0196 -12.0627 2.63068 2.63068
1.57 -258.135 23.1795 -11.2725 1.89981 1.89981
1.58 -258.135 21.7432 -10.9661 1.07405 1.07405
1.59 -258.135 20.8634 -11.3458 0.258063 0.258063
1.6 -258.137 20.3617 -12.6388 -0.581313 -0.581313
1.61 -258.138 19.5236 -14.7827 -1.5502 -1.5502
1.62 -258.138 17.6389 -17.0874 -2.67818 -2.67818
1.63 -258.137 15.1571 -18.4458 -3.82085 -3.82085
1.64 -258.137 13.7566 -17.9762 -4.68344 -4.68344
1.65 -258.138 14.6882 -15.6316 -4.97391 -4.97391
1.66 -258.14 17.3963 -12.3114 -4.60763 -4.60763
1.67 -258.143 20.0576 -9.25105 -3.79599 -3.79599
1.68 -258.145 21.1895 -7.30806 -2.91243 -2.91243
1.69 -258.147 20.6116 -6.79807 -2.25336 -2.25336
1.7 -258.147 18.9388 -7.63425 -1.92361 -1.92361
1.71 -258.146 16.6552 -9.28437 -1.88562 -1.88562
1.72 -258.143 14.0544 -10.8526 -2.02218 -2.02218
1.73 -258.141 11.5311 -11.6963 -2.17709 -2.17709
1.74 -258.137 9.53756 -11.873 -2.25146 -2.25146
1.75 -258.134 8.48456 -11.8325 -2.27721 -2.27721
1.76 -258.131 8.67109 -11.9908 -2.32517 -2.32517
1.77 -258.13 10.0443 -12.774 -2.35149 -2.35149
1.78 -258.131 11.9331 -14.6805 -2.21582 -2.21582
1.79 -258.133 13.4233 -17.7396 -1.83701 -1.83701
1.8 -258.134 14.2547 -21.1321 -1.2411 -1.2411
1.81 -258.137 15.0887 -23.8356 -0.481142 -0.481142
1.82 -258.139 16.7755 -25.2717 0.38597 0.38597
1.83 -258.142 19.5518 -25.3103 1.25972 1.25972
1.84 -258.145 22.9289 -24.0424 2.03637 2.03637
1.85 -258.148 26.0688 -21.7653 2.70037 2.70037
1.86 -258.15 28.2966 -19.1807 3.29749 3.29749
1.87 -258.152 29.7529 -16.946 3.82508 3.82508
1.88 -258.153 31.6016 -14.7874 4.2773 4.2773
1.89 -258.154 35.0427 -11.9779 4.79671 4.79671
1.9 -258.155 39.9317 -8.94826 5.55001 5.55001
1.91 -258.156 44.8469 -7.21155 6.35798 6.35798
1.92 -258.155 48.4055 -7.62908 6.68179 6.68179
1.93 -258.154 50.1036 -9.84938 6.12403 6.12403
1.94 -258.151 50.2104 -13.125 4.79377 4.79377
1.95 -258.147 49.2962 -16.8394 3.115 3.115
1.96 -258.142 48.0409 -20.3221 1.47144 1.47144
1.97 -258.138 47.1746 -22.7676 0.141972 0.141972
1.98 -258.134 47.0989 -23.8271 -0.623919 -0.623919
1.99 -258.131 47.6699 -24.0125 -0.709566 -0.709566
2 -258.129 48.3617 -24.2539 -0.282968 -0.282968
2.01 -258.128 48.4851 -25.1706 0.308899 0.308899
2.02 -258.127 47.4162 -26.6854 0.822091 0.822091
2.03 -258.125 44.7595 -28.4065 1.21777 1.21777
2.04 -258.122 40.5977 -30.2053 1.47672 1.47672
2.05 -258.118 35.8248 -31.9327 1.43588 1.43588
2.06 -258.113 31.7268 -33.1956 0.909524 0.909524
2.07 -258.107 28.8801 -34.1422 -0.126445 -0.126445
2.08 -258.102 26.8247 -35.7184 -1.58823 -1.58823
2.09 -258.098 24.879 -38.7564 -3.40791 -3.40791
2.1 -258.094 23.0338 -43.2007 -5.45111 -5.45111
2.11 -258.092 21.8847 -48.3181 -7.39342 -7.39342
2.12 -258.092 21.7551 -53.557 -8.87594 -8.87594
2.13 -258.093 22.3623 -58.8515 -9.82458 -9.82458
2.14 -258.095 23.1585 -64.108 -10.5028 -10.5028
2.15 -258.097 23.6872 -68.7109 -11.1987 -11.1987
2.16 -258.099 23.8761 -71.566 -11.9133 -11.9133
2.17 -258.1 23.9876 -71.9412 -12.3866 -12.3866
2.18 -258.101 24.232 -70.4968 -12.4232 -12.4232
2.19 -258.102 24.5913 -68.8194 -12.1515 -12.1515
2.2 -258.103 25.0477 -67.6733 -11.8838 -11.8838
2.21 -258.102 25.5844 -66.8222 -11.7549 -11.7549
2.22 -258.1 25.9463 -66.1876 -11.6684 -11.6684
2.23 -258.097 25.7267 -66.2429 -11.6212 -11.6212
2.24 -258.091 24.7856 -67.4241 -11.879 -11.879
2.25 -258.084 23.402 -69.6656 -12.7274 -12.7274
2.26 -258.075 21.9536 -72.6664 -14.1785 -14.1785
2.27 -258.065 20.7264 -76.0233 -16.0054 -16.0054
2.28 -258.057 20.0391 -78.9743 -17.9177 -17.9177
2.29 -258.049 20.1017 -80.7717 -19.6118 -19.6118
2.3 -258.043 20.8635 -81.4078 -20.7991 -20.7991
2.31 -258.038 22.1635 -81.2503 -21.3099 -21.3099
2.32 -258.036 23.7844 -80.4301 -21.1222 -21.1222
2.33 -258.035 25.4422 -78.9153 -20.2863 -20.2863
2.34 -258.036 26.9276 -76.8289 -18.9118 -18.9118
2.35 -258.038 28.2249 -74.4505 -17.2212 -17.2212
2.36 -258.041 29.4551 -72.0192 -15.5062 -15.5062
2.37 -258.045 30.6752 -69.8182 -13.9924 -13.9924
2.38 -258.049 31.8695 -68.0946 -12.7843 -12.7843
2.39 -258.052 33.2249 -66.5124 -11.8806 -11.8806
2.4 -258.056 34.8617 -64.4434 -11.1636 -11.1636
2.41 -258.06 36.3094 -61.7704 -10.451 -10.451
2.42 -258.064 36.9558 -58.7613 -9.63644 -9.63644
2.43 -258.068 36.8239 -55.9889 -8.76065 -8.76065
2.44 -258.072 36.4616 -54.5813 -7.9834 -7.9834
2.45 -258.077 36.3265 -55.3536 -7.51451 -7.51451
2.46 -258.084 36.4954 -57.6062 -7.44313 -7.44313
2.47 -258.09 36.7494 -59.5459 -7.55426 -7.55426
2.48 -258.098 36.7864 -59.7448 -7.42359 -7.42359
2.49 -258.105 36.3988 -57.8949 -6.77761 -6.77761
2.5 -258.112 35.4375 -54.6152 -5.71274 -5.71274
2.51 -258.118 33.8597 -50.7949 -4.54218 -4.54218
2.52 -258.124 31.9274 -47.1095 -3.49482 -3.49482
2.53 -258.129 30.0083 -43.9723 -2.59739 -2.59739
2.54 -258.134 28.2941 -41.4398 -1.77356 -1.77356
2.55 -258.139 26.82 -39.2084 -0.960037 -0.960037
2.56 -258.143 25.5143 -36.9466 -0.148931 -0.148931
2.57 -258.147 24.3106 -34.5639 0.582691 0.582691
2.58 -258.149 23.2216 -32.2164 1.05905 1.05905
2.59 -258.15 22.1156 -30.162 1.07456 1.07456
2.6 -258.15 20.6362 -28.5524 0.524682 0.524682
2.61 -258.148 18.6533 -27.2809 -0.501637 -0.501637
2.62 -258.145 16.5962 -26.0492 -1.73819 -1.73819
2.63 -258.142 15.0158 -24.5351 -2.86173 -2.86173
2.64 -258.139 13.7203 -22.7795 -3.66793 -3.66793
2.65 -258.136 11.6004 -21.493 -4.22308 -4.22308
2.66 -258.132 7.77176 -21.3565 -4.83 -4.83
2.67 -258.128 2.8046 -22.1488 -5.71976 -5.71976
2.68 -258.123 -1.54892 -22.8832 -6.73373 -6.73373
2.69 -258.12 -3.88699 -22.5952 -7.38948 -7.38948
2.7 -258.119 -4.35756 -21.1386 -7.31769 -7.31769
2.71 -258.118 -4.37452 -19.0896 -6.61449 -6.61449
2.72 -258.118 -5.28591 -16.8484 -5.72723 -5.72723
2.73 -258.118 -7.18456 -14.2516 -5.01688 -5.01688
2.74 -258.118 -8.8572 -11.3444 -4.50947 -4.50947
2.75 -258.121 -8.98417 -9.05218 -4.08388 -4.08388
2.76 -258.124 -7.32684 -8.34425 -3.75354 -3.75354
2.77 -258.129 -4.57465 -9.33868 -3.63466 -3.63466
2.78 -258.135 -1.1669 -11.6446 -3.74427 -3.74427
2.79 -258.141 3.3147 -14.6803 -3.97271 -3.97271
2.8 -258.147 9.28369 -17.4675 -4.17567 -4.17567
2.81 -258.153 15.999 -19.2797 -4.21058 -4.21058
2.82 -258.158 21.8217 -20.3261 -3.99533 -3.99533
2.83 -258.161 25.5632 -21.2452 -3.59733 -3.59733
2.84 -258.161 27.3061 -22.4502 -3.18112 -3.18112
2.85 -258.16 28.0082 -23.8295 -2.82551 -2.82551
2.86 -258.158 28.596 -25.0492 -2.43945 -2.43945
2.87 -258.156 29.6492 -26.0619 -1.87841 -1.87841
2.88 -258.153 31.4191 -26.7664 -1.07096 -1.07096
2.89 -258.15 33.6046 -26.6526 0.0138786 0.0138786
2.9 -258.147 35.4544 -25.3539 1.40202 1.40202
2.91 -258.142 36.5691 -23.1054 2.99388 2.99388
2.92 -258.138 37.4117 -20.5008 4.48728 4.48728
2.93 -258.133 38.6633 -18.1833 5.54434 5.54434
2.94 -258.128 40.4027 -16.6199 6.02148 6.02148
2.95 -258.123 42.2695 -15.9667 5.99424 5.99424
2.96 -258.119 43.9965 -16.229 5.59632 5.59632
2.97 -258.116 45.2931 -17.4884 4.87549 4.87549
2.98 -258.112 45.6082 -19.7818 3.79508 3.79508
2.99 -258.109 44.6073 -22.6642 2.37187 2.37187
3 -258.105 42.7549 -25.0225 0.833719 0.833719
3.01 -258.102 41.0771 -25.6196 -0.382628 -0.382628
3.02 -258.1 40.3173 -23.8909 -0.870386 -0.870386
3.03 -258.1 40.3707 -20.1421 -0.54054 -0.54054
3.04 -258.101 40.4588 -15.3996 0.313343 0.313343
3.05 -258.104 39.9299 -11.156 1.20255 1.20255
3.06 -258.108 38.7603 -8.61068 1.71014 1.71014
3.07 -258.114 37.1241 -7.70832 1.70521 1.70521
3.08 -258.121 35.0316 -7.26988 1.40763 1.40763
3.09 -258.128 32.4341 -6.45365 1.1808 1.1808
3.1 -258.135 29.3348 -5.63037 1.14328 1.14328
3.11 -258.141 26.2074 -5.53455 1.0246 1.0246
3.12 -258.146 24.0973 -5.98263 0.519125 0.519125
3.13 -258.152 23.7493 -5.9232 -0.260043 -0.260043
3.14 -258.159 24.8455 -4.96493 -0.842852 -0.842852
3.15 -258.165 26.1539 -4.20644 -0.947226 -0.947226
3.16 -258.171 26.3185 -5.16232 -0.80576 -0.80576
3.17 -258.175 24.561 -8.63658 -0.887809 -0.887809
3.18 -258.178 20.8821 -14.2647 -1.4319 -1.4319
3.19 -258.178 15.9353 -20.2176 -2.26733 -2.26733
3.2 -258.176 10.4887 -24.0605 -2.93781 -2.93781
3.21 -258.172 4.63893 -24.6628 -3.01365 -3.01365
3.22 -258.166 -2.2685 -22.9532 -2.45888 -2.45888
3.23 -258.159 -10.6552 -20.8086 -1.72234 -1.72234
3.24 -258.15 -19.9763 -19.6823 -1.38324 -1.38324
3.25 -258.141 -29.0463 -20.2367 -1.70534 -1.70534
3.26 -258.133 -36.3596 -22.4775 -2.54289 -2.54289
3.27 -258.127 -40.2776 -25.7263 -3.54626 -3.54626
3.28 -258.123 -39.8873 -28.8872 -4.35526 -4.35526
3.29 -258.122 -35.9079 -31.2692 -4.75017 -4.75017
3.3 -258.122 -30.5063 -32.8906 -4.83584 -4.83584
3.31 -258.123 -26.0419 -33.8715 -5.05283 -5.05283
3.32 -258.123 -23.8108 -33.8808 -5.83694 -5.83694
3.33 -258.122 -23.7873 -32.6601 -7.23306 -7.23306
3.34 -258.121 -25.3422 -31.0436 -8.94414 -8.94414
3.35 -258.118 -27.6536 -30.4912 -10.7313 -10.7313
3.36 -258.114 -29.3927 -31.5027 -12.5694 -12.5694
3.37 -258.111 -28.907 -33.2283 -14.3761 -14.3761
3.38 -258.109 -25.2071 -34.2384 -15.8 -15.8
3.39 -258.108 -18.7347 -33.3569 -16.3965 -16.3965
3.4 -258.108 -11.3001 -30.5293 -15.9735 -15.9735
3.41 -258.107 -5.23239 -27.136 -14.7886 -14.7886
3.42 -258.106 -2.12523 -24.8968 -13.4631 -13.4631
3.43 -258.104 -1.98828 -24.465 -12.6298 -12.6298
3.44 -258.1 -3.60467 -25.3687 -12.5539 -12.5539
3.45 -258.097 -5.70413 -26.9584 -13.069 -13.069
3.46 -258.093 -7.63226 -29.1399 -13.8488 -13.8488
3.47 -258.091 -9.20447 -32.2963 -14.6724 -14.6724
3.48 -258.089 -10.4073 -36.6254 -15.4259 -15.4259
3.49 -258.087 -11.2344 -41.7215 -15.9575 -15.9575
3.5 -258.085 -11.7758 -47.0507 -16.0695 -16.0695
3.51 -258.083 -12.2682 -52.453 -15.6912 -15.6912
3.52 -258.081 -12.5439 -57.5404 -14.9452 -14.9452
3.53 -258.079 -11.7698 -61.3565 -13.9411 -13.9411
3.54 -258.078 -9.28916 -63.3269 -12.6293 -12.6293
3.55 -258.078 -5.43731 -64.0717 -11.0254 -11.0254
3.56 -258.081 -1.45808 -65.1549 -9.50198 -9.50198
3.57 -258.085 1.39437 -67.8078 -8.63705 -8.63705
3.58 -258.09 2.69979 -71.8299 -8.67648 -8.67648
3.59 -258.095 2.93194 -75.6819 -9.20881 -9.20881
3.6 -258.099 3.12554 -77.4429 -9.44005 -9.44005
3.61 -258.103 4.55226 -76.0197 -8.80332 -8.80332
3.62 -258.106 8.02796 -72.1441 -7.38555 -7.38555
3.63 -258.108 13.3342 -68.0772 -5.89795 -5.89795
3.64 -258.109 19.3801 -65.8016 -5.21398 -5.21398
3.65 -258.108 24.882 -65.5211 -5.75492 -5.75492
3.66 -258.106 29.0034 -66.0197 -7.2057 -7.2057
3.67 -258.102 31.3102 -66.0634 -8.84197 -8.84197
3.68 -258.097 31.584 -65.1129 -10.1423 -10.1423
3.69 -258.091 30.3683 -63.2463 -11.0752 -11.0752
3.7 -258.084 29.1538 -61.0153 -11.8998 -11.8998
3.71 -258.077 29.4102 -59.1144 -12.8361 -12.8361
3.72 -258.072 31.8624 -57.7411 -13.8876 -13.8876
3.73 -258.069 36.3215 -56.4739 -14.8092 -14.8092
3.74 -258.069 41.5552 -54.865 -15.2198 -15.2198
3.75 -258.071 46.1451 -52.9019 -14.8712 -14.8712
3.76 -258.073 49.7288 -51.0142 -13.8767 -13.8767
3.77 -258.076 52.88 -49.6776 -12.6541 -12.6541
3.78 -258.079 56.1942 -49.1142 -11.6252 -11.6252
3.79 -258.08 59.9345 -49.4039 -10.9545 -10.9545
3.8 -258.081 64.1279 -50.4621 -10.5139 -10.5139
3.81 -258.082 68.4017 -51.9005 -10.0128 -10.0128
3.82 -258.083 71.6759 -53.2628 -9.18232 -9.18232
3.83 -258.083 72.6402 -54.1781 -7.94389 -7.94389
3.84 -258.083 71.3389 -54.51 -6.44937 -6.44937
3.85 -258.082 69.8813 -54.8092 -4.94626 -4.94626
3.86 -258.083 70.4854 -55.9341 -3.59525 -3.59525
3.87 -258.085 73.2996 -58.0705 -2.37096 -2.37096
3.88 -258.089 76.9275 -60.6776 -1.09398 -1.09398
3.89 -258.093 80.1473 -63.0275 0.415929 0.415929
3.9 -258.099 82.6084 -64.8203 2.16314 2.16314
3.91 -258.105 84.1805 -66.4624 3.91131 3.91131
3.92 -258.11 84.1648 -68.6782 5.28241 5.28241
3.93 -258.114 81.8851 -71.507 5.98231 5.98231
3.94 -258.116 77.7544 -73.8251 6.0343 6.0343
3.95 -258.116 72.7689 -74.2491 5.79161 5.79161
3.96 -258.114 67.4794 -72.1969 5.62918 5.62918
3.97 -258.111 62.141 -67.9826 5.61466 5.61466
3.98 -258.107 57.0779 -62.2508 5.5304 5.5304
3.99 -258.103 52.3947 -55.534 5.16682 5.16682
4 -258.099 47.5512 -48.6662 4.45826 4.45826
4.01 -258.095 41.4456 -43.0728 3.2943 3.2943
4.02 -258.09 33.6039 -39.6802 1.38938 1.38938
4.03 -258.085 25.1237 -38.1953 -1.45964 -1.45964
4.04 -258.081 17.574 -37.99 -5.07993 -5.07993
4.05 -258.078 11.678 -38.6554 -9.04848 -9.04848
4.06 -258.077 7.49426 -39.3691 -12.9822 -12.9822
4.07 -258.078 4.63708 -38.9999 -16.5567 -16.5567
4.08 -258.081 1.89903 -37.3455 -19.4462 -19.4462
4.09 -258.085 -2.48383 -35.2176 -21.4864 -21.4864
4.1 -258.09 -9.70595 -33.2852 -22.793 -22.793
4.11 -258.093 -19.6916 -31.7361 -23.5763 -23.5763
4.12 -258.095 -31.2302 -30.4607 -23.9251 -23.9251
4.13 -258.096 -42.4923 -28.8763 -23.8126 -23.8126
4.14 -258.095 -51.9947 -26.5883 -23.2236 -23.2236
4.15 -258.097 -59.4961 -24.1933 -22.2861 -22.2861
4.16 -258.098 -65.3316 -22.8763 -21.3162 -21.3162
4.17 -258.1 -69.8761 -23.4672 -20.6592 -20.6592
4.18 -258.103 -73.3516 -25.9838 -20.4234 -20.4234
4.19 -258.107 -76.0599 -29.5741 -20.3685 -20.3685
4.2 -258.113 -78.5666 -33.1967 -20.0863 -20.0863
4.21 -258.119 -81.205 -36.2994 -19.3277 -19.3277
4.22 -258.125 -83.4887 -38.6116 -18.1515 -18.1515
4.23 -258.131 -84.6912 -40.0677 -16.7803 -16.7803
4.24 -258.138 -84.7123 -40.8307 -15.3975 -15.3975
4.25 -258.144 -83.7431 -40.3768 -14.0327 -14.0327
4.26 -258.151 -81.8085 -37.472 -12.4863 -12.4863
4.27 -258.157 -78.8873 -31.5727 -10.4217 -10.4217
4.28 -258.162 -74.9313 -23.1365 -7.67774 -7.67774
4.29 -258.166 -70.0104 -13.0006 -4.46892 -4.46892
4.3 -258.168 -64.6391 -2.68858 -1.3008 -1.3008
4.31 -258.169 -59.4917 5.71669 1.19742 1.19742
4.32 -258.167 -54.7048 11.0205 2.48043 2.48043
4.33 -258.166 -49.9834 13.6774 2.40308 2.40308
4.34 -258.164 -45.3387 15.0211 1.3682 1.3682
4.35 -258.163 -41.2312 16.4599 0.0423948 0.0423948
4.36 -258.162 -37.785 18.9259 -1.09194 -1.09194
4.37 -258.162 -34.2608 22.3572 -1.91579 -1.91579
4.38 -258.161 -29.6996 25.8463 -2.5327 -2.5327
4.39 -258.161 -24.1268 28.2564 -3.05394 -3.05394
4.4 -258.161 -18.7207 28.8907 -3.48993 -3.48993
4.41 -258.161 -14.5133 28.2383 -3.71535 -3.71535
4.42 -258.16 -11.363 27.7438 -3.46191 -3.46191
4.43 -258.16 -8.23485 28.8514 -2.424 -2.424
4.44 -258.162 -4.05108 32.554 -0.452831 -0.452831
4.45 -258.165 1.48069 38.8921 2.33953 2.33953
4.46 -258.17 7.68128 46.1995 5.5846 5.5846
4.47 -258.176 13.809 51.7993 8.72414 8.72414
4.48 -258.184 19.7383 54.0197 11.2598 11.2598
4.49 -258.191 25.3608 53.0337 13.1099 13.1099
4.5 -258.2 30.0661 50.0067 14.6379 14.6379
4.51 -258.208 33.5119 46.358 16.2486 16.2486
4.52 -258.215 36.3249 43.5488 18.0535 18.0535
4.53 -258.22 39.1762 42.2613 19.914 19.914
4.54 -258.224 41.7671 42.1109 21.6089 21.6089
4.55 -258.227 43.5105 42.5869 22.9472 22.9472
4.56 -258.228 44.5056 43.2635 23.8914 23.8914
4.57 -258.229 45.3342 43.5526 24.6023 24.6023
4.58 -258.23 46.5105 43.3657 25.3254 25.3254
4.59 -258.231 48.4544 43.6558 26.2822 26.2822
4.6 -258.234 51.5335 45.7198 27.6307 27.6307
4.61 -258.237 55.515 49.7486 29.3323 29.3323
4.62 -258.241 59.0877 54.3092 30.9441 30.9441
4.63 -258.243 60.8317 57.8669 31.7152 31.7152
4.64 -258.244 60.8932 60.5615 31.1669 31.1669
4.65 -258.244 61.0998 63.6456 29.599 29.599
4.66 -258.245 63.4619 67.3362 27.8136 27.8136
4.67 -258.246 68.693 70.2206 26.2932 26.2932
4.68 -258.248 75.8854 70.6958 24.8327 24.8327
4.69 -258.25 83.4584 68.4399 23.0131 23.0131
4.7 -258.25 90.4292 64.7857 20.8558 20.8558
4.71 -258.249 96.693 61.9331 18.9239 18.9239
4.72 -258.246 102.337 61.2281 17.8575 17.8575
4.73 -258.243 107.425 62.1707 17.8485 17.8485
4.74 -258.24 112.289 63.5105 18.559 18.559
4.75 -258.237 117.301 64.5903 19.5308 19.5308
4.76 -258.235 122.669 65.5474 20.6154 20.6154
4.77 -258.234 128.614 67.133 22.027 22.027
4.78 -258.234 135.123 69.8079 24.0908 24.0908
4.79 -258.235 141.516 72.5959 26.9176 26.9176
4.8 -258.237 146.83 73.8724 30.2295 30.2295
4.81 -258.237 150.708 72.8743 33.5168 33.5168
4.82 -258.236 153.682 69.6152 36.3539 36.3539
4.83 -258.234 156.517 64.7671 38.5389 38.5389
4.84 -258.231 159.408 60.2942 40.1171 40.1171
4.85 -258.227 161.963 58.2575 41.4126 41.4126
4.86 -258.222 163.527 57.8144 42.7593 42.7593
4.87 -258.217 163.652 55.4019 43.9452 43.9452
4.88 -258.213 162.89 48.9245 44.237 44.237
4.89 -258.21 162.388 40.0518 43.3073 43.3073
4.9 -258.209 162.516 32.1874 41.8866 41.8866
4.91 -258.21 162.872 27.3424 41.1235 41.1235
4.92 -258.212 163.592 25.301 41.4338 41.4338
4.93 -258.216 165.732 24.9458 42.2479 42.2479
4.94 -258.221 169.792 25.0062 42.7079 42.7079
4.95 -258.227 174.558 23.9013 42.2364 42.2364
4.96 -258.232 177.929 20.6534 40.5517 40.5517
4.97 -258.235 178.35 16.0305 37.6708 37.6708
4.98 -258.236 175.285 11.3762 34.0366 34.0366
4.99 -258.232 169.214 6.52502 30.2404 30.2404
5 -258.224 161.985 0.332135 26.4507 26.4507
5.01 -258.213 156.119 -7.12477 22.4032 22.4032
5.02 -258.2 152.478 -14.538 18.0081 18.0081
5.03 -258.186 149.381 -20.8945 13.6288 13.6288
5.04 -258.171 144.654 -25.8367 9.71186 9.71186
5.05 -258.155 137.564 -29.6725 6.43099 6.43099
5.06 -258.138 128.532 -33.9057 3.67002 3.67002
5.07 -258.122 118.601 -40.2435 1.10139 1.10139
5.08 -258.106 109.423 -48.5289 -1.61532 -1.61532
5.09 -258.092 102.457 -57.0037 -4.46946 -4.46946
5.1 -258.081 98.0695 -64.3745 -7.02177 -7.02177
5.11 -258.071 95.8286 -70.1387 -8.79774 -8.79774
5.12 -258.064 95.3853 -73.6792 -9.60292 -9.60292
5.13 -258.06 96.5003 -75.1569 -9.48985 -9.48985
5.14 -258.057 98.1804 -76.8322 -8.79792 -8.79792
5.15 -258.054 98.8448 -81.4941 -8.28793 -8.28793
5.16 -258.049 98.026 -89.8398 -8.78687 -8.78687
5.17 -258.043 96.939 -100.774 -10.4811 -10.4811
5.18 -258.037 97.1676 -113.11 -12.8046 -12.8046
5.19 -258.03 99.7919 -125.552 -15.0552 -15.0552
5.2 -258.025 105.423 -135.905 -16.8133 -16.8133
5.21 -258.021 113.443 -141.802 -17.7817 -17.7817
5.22 -258.018 120.983 -142.711 -17.7207 -17.7207
5.23 -258.014 124.168 -139.99 -16.7839 -16.7839
5.24 -258.007 120.786 -135.435 -15.6075 -15.6075
5.25 -257.998 111.24 -130.83 -14.8679 -14.8679
5.26 -257.985 97.5201 -127.372 -14.898 -14.898
5.27 -257.97 81.9714 -124.833 -15.7065 -15.7065
5.28 -257.953 66.2091 -122.304 -17.1503 -17.1503
5.29 -257.936 50.8501 -119.593 -19.0908 -19.0908
5.3 -257.92 36.5284 -116.631 -21.4518 -21.4518
5.31 -257.908 24.4134 -112.564 -24.0357 -24.0357
5.32 -257.9 15.0351 -106.753 -26.354 -26.354
5.33 -257.897 7.43251 -99.5286 -27.8825 -27.8825
5.34 -257.901 -0.118344 -91.4772 -28.4878 -28.4878
5.35 -257.909 -8.96365 -82.5103 -28.4375 -28.4375
5.36 -257.923 -19.6939 -71.9125 -28.0194 -28.0194
5.37 -257.942 -32.2756 -60.1284 -27.3827 -27.3827
5.38 -257.965 -46.0457 -49.7257 -26.8321 -26.8321
5.39 -257.991 -59.9381 -42.6423 -26.9168 -26.9168
5.4 -258.02 -73.0079 -37.3516 -27.801 -27.801
5.41 -258.05 -84.4273 -30.3731 -28.6794 -28.6794
5.42 -258.08 -93.0107 -19.8231 -28.272 -28.272
5.43 -258.113 -97.6107 -7.29133 -26.0189 -26.0189
5.44 -258.145 -98.3407 3.46149 -22.6163 -22.6163
5.45 -258.177 -97.1683 10.1212 -19.3019 -19.3019
5.46 -258.207 -96.6404 13.6678 -16.7011 -16.7011
5.47 -258.236 -98.2963 16.5936 -14.4701 -14.4701
5.48 -258.263 -102.355 20.7729 -11.9512 -11.9512
5.49 -258.288 -108.24 27.0156 -8.89398 -8.89398
5.5 -258.311 -115.283 34.6668 -5.53733 -5.53733
5.51 -258.329 -122.882 41.7147 -2.32761 -2.32761
5.52 -258.342 -129.819 47.0412 0.373623 0.373623
5.53 -258.351 -134.414 51.5993 2.60518 2.60518
5.54 -258.355 -135.919 56.5069 4.86794 4.86794
5.55 -258.355 -134.5 61.7009 7.66621 7.66621
5.56 -258.353 -130.095 66.3098 11.012 11.012
5.57 -258.347 -122.814 69.1288 14.4355 14.4355
5.58 -258.34 -114.186 69.3788 17.3166 17.3166
5.59 -258.33 -106.718 67.3163 19.1456 19.1456
5.6 -258.318 -102.052 63.6076 19.6535 19.6535
5.61 -258.302 -99.9201 58.5457 18.8848 18.8848
5.62 -258.284 -98.6055 52.7096 17.2287 17.2287
5.63 -258.267 -95.9279 48.0471 15.4021 15.4021
5.64 -258.25 -90.0617 46.9473 14.2628 14.2628
5.65 -258.235 -80.1042 49.7908 14.3297 14.3297
5.66 -258.223 -66.4309 54.051 15.306 15.306
5.67 -258.213 -50.5852 56.1249 16.1873 16.1873
5.68 -258.203 -34.2804 54.3151 16.059 16.059
5.69 -258.194 -18.1065 50.0677 14.8773 14.8773
5.7 -258.185 -1.35738 46.2998 13.4321 13.4321
5.71 -258.177 16.6943 44.7544 12.5173 12.5173
5.72 -258.17 35.6318 45.1962 12.1845 12.1845
5.73 -258.163 54.1318 46.9906 11.8719 11.8719
5.74 -258.158 71.2353 50.7418 11.2323 11.2323
5.75 -258.153 87.3599 58.004 10.7147 10.7147
5.76 -258.151 103.933 69.4076 11.2605 11.2605
5.77 -258.153 122.133 83.5199 13.4672 13.4672
5.78 -258.156 142.031 97.3847 17.0963 17.0963
5.79 -258.165 162.776 107.604 21.2725 21.2725
5.8 -258.175 182.709 110.722 24.9356 24.9356
5.81 -258.183 200.105 104.995 27.1906 27.1906
5.82 -258.19 215.089 93.3504 27.7988 27.7988
5.83 -258.197 230.123 83.0964 27.7779 27.7779
5.84 -258.205 247.079 80.196 29.1401 29.1401
5.85 -258.214 264.162 84.2839 33.3021 33.3021
5.86 -258.224 276.971 90.2853 39.6607 39.6607
5.87 -258.233 282.558 93.2896 46.1242 46.1242
5.88 -258.239 281.56 90.9347 51.0379 51.0379
5.89 -258.244 277.01 83.7429 54.3563 54.3563
5.9 -258.25 271.919 74.5787 57.1993 57.1993
5.91 -258.255 267.465 66.4405 60.6918 60.6918
5.92 -258.26 263.343 61.2633 65.1411 65.1411
5.93 -258.263 258.761 60.4369 69.9881 69.9881
5.94 -258.265 252.353 64.4718 74.3246 74.3246
5.95 -258.263 242.328 71.9303 77.3816 77.3816
5.96 -258.26 227.741 79.4254 78.6619 78.6619
5.97 -258.255 209.388 83.57 77.9573 77.9573
5.98 -258.251 189.314 83.1092 75.496 75.496
5.99 -258.25 169.393 78.3934 71.9108 71.9108
6 -258.251 150.032 68.9259 67.64 67.64
6.01 -258.253 130.073 52.7636 62.2352 62.2352
6.02 -258.255 107.726 29.1204 54.6117 54.6117
6.03 -258.254 80.8587 0.0543184 44.251 44.251
6.04 -258.247 47.7484 -30.7009 31.969 31.969
6.05 -258.234 9.3117 -59.4433 19.3495 19.3495
6.06 -258.217 -30.3943 -84.004 7.58618 7.58618
6.07 -258.195 -66.2621 -103.993 -3.0548 -3.0548
6.08 -258.182 -94.9653 -120.638 -12.8648 -12.8648
6.09 -258.17 -115.637 -135.907 -22.1233 -22.1233
6.1 -258.161 -129.952 -152.173 -30.9879 -30.9879
6.11 -258.154 -140.657 -169.83 -39.5946 -39.5946
6.12 -258.146 -150.224 -186.362 -47.9332 -47.9332
6.13 -258.135 -160.358 -198.278 -55.7659 -55.7659
6.14 -258.115 -171.261 -202.187 -62.8826 -62.8826
6.15 -258.086 -181.734 -194.975 -69.3159 -69.3159
6.16 -258.048 -190.656 -175.429 -75.2297 -75.2297
6.17 -258.005 -197.941 -145.602 -80.8035 -80.8035
6.18 -257.955 -204.298 -109.603 -86.2208 -86.2208
6.19 -257.901 -211.726 -72.2468 -91.5485 -91.5485
6.2 -257.846 -223.811 -38.0253 -96.6398 -96.6398
6.21 -257.789 -243.315 -8.72295 -101.197 -101.197
6.22 -257.731 -268.99 18.4512 -104.709 -104.709
6.23 -257.679 -295.49 48.9481 -106.253 -106.253
6.24 -257.636 -317.204 86.071 -104.802 -104.802
6.25 -257.607 -332.896 127.593 -100.171 -100.171
6.26 -257.594 -346.852 165.947 -93.7326 -93.7326
6.27 -257.596 -365.657 191.427 -87.9479 -87.9479
6.28 -257.616 -393.039 197.813 -84.8691 -84.8691
6.29 -257.651 -426.772 186.828 -84.5916 -84.5916
6.3 -257.706 -459.598 167.637 -84.7617 -84.7617
6.31 -257.781 -484.086 148.978 -81.9011 -81.9011
6.32 -257.876 -496.904 130.962 -74.0891 -74.0891
6.33 -257.985 -498.237 105.762 -62.7764 -62.7764
6.34 -258.107 -489.669 64.4002 -51.7552 -51.7552
6.35 -258.234 -472.995 3.54221 -44.1392 -44.1392
6.36 -258.365 -449.102 -71.1578 -40.0857 -40.0857
6.37 -258.498 -416.322 -145.909 -36.7595 -36.7595
6.38 -258.63 -370.841 -204.594 -30.0099 -30.0099
6.39 -258.758 -311.321 -239.5 -16.8923 -16.8923
6.4 -258.876 -242.607 -256.769 1.91483 1.91483
6.41 -258.974 -172.818 -267.511 21.9669 21.9669
6.42 -259.042 -108.746 -276.112 38.3975 38.3975
6.43 -259.075 -55.7115 -279.534 49.7563 49.7563
6.44 -259.071 -17.9021 -272.234 58.1981 58.1981
6.45 -259.023 3.62103 -248.972 66.4205 66.4205
6.46 -258.932 11.6633 -206.922 75.1289 75.1289
6.47 -258.799 10.2023 -148.666 82.7445 82.7445
6.48 -258.626 1.50353 -82.4432 86.2691 86.2691
6.49 -258.421 -13.8468 -17.4942 82.5948 82.5948
6.5 -258.196 -35.3255 41.0559 70.3539 70.3539
6.51 -257.963 -61.0588 92.4452 51.2363 51.2363
6.52 -257.739 -88.3215 136.612 29.0811 29.0811
6.53 -257.536 -115.517 170.631 7.0359 7.0359
6.54 -257.362 -141.989 189.304 -14.6311 -14.6311
6.55 -257.224 -165.149 190.504 -37.8355 -37.8355
6.56 -257.127 -179.664 178.311 -63.758 -63.758
6.57 -257.077 -179.86 160.524 -90.6877 -90.6877
6.58 -257.077 -162.195 144.373 -114.588 -114.588
6.59 -257.128 -126.659 133.105 -131.481 -131.481
6.6 -257.226 -76.5663 123.981 -139.581 -139.581
6.61 -257.363 -15.9683 109.95 -139.935 -139.935
6.62 -257.53 52.9598 83.8811 -135.372 -135.372
6.63 -257.717 129.943 41.5568 -128.541 -128.541
6.64 -257.914 214.686 -16.9639 -120.421 -120.421
6.65 -258.098 304.104 -86.8832 -110.23 -110.23
6.66 -258.285 392.779 -161.831 -96.5753 -96.5753
6.67 -258.458 474.041 -236.087 -78.8306 -78.8306
6.68 -258.596 542.438 -304.246 -57.6558 -57.6558
6.69 -258.702 595.355 -361.335 -34.2301 -34.2301
6.7 -258.768 632.014 -403.598 -9.09159 -9.09159
6.71 -258.8 650.933 -429.851 18.0751 18.0751
6.72 -258.789 650.102 -442.309 47.5713 47.5713
6.73 -258.739 629.525 -442.754 78.8271 78.8271
6.74 -258.659 595.258 -430.598 110.485 110.485
6.75 -258.552 557.096 -403.733 141.085 141.085
6.76 -258.423 524.182 -360.678 169.395 169.395
6.77 -258.287 501.51 -300.557 194.317 194.317
6.78 -258.149 489.815 -224.18 214.874 214.874
6.79 -258.017 487.487 -136.221 230.072 230.072
6.8 -257.896 492.432 -45.3579 238.456 238.456
6.81 -257.794 503.501 38.9338 238.091 238.091
6.82 -257.721 520.991 110.434 227.571 227.571
6.83 -257.671 545.043 165.615 207.145 207.145
6.84 -257.649 574.225 201.745 178.588 178.588
6.85 -257.653 606.226 217.611 144.097 144.097
6.86 -257.682 639.543 216.721 105.806 105.806
6.87 -257.729 673.493 206.844 66.3028 66.3028
6.88 -257.791 706.926 194.792 28.7226 28.7226
6.89 -257.864 736.785 182.374 -4.28096 -4.28096
6.9 -257.943 758.877 167.542 -31.4387 -31.4387
6.91 -258.025 770.692 148.642 -52.3898 -52.3898
6.92 -258.108 773.19 126.127 -66.5435 -66.5435
6.93 -258.191 769.038 98.9309 -73.0549 -73.0549
6.94 -258.273 758.348 61.7695 -72.1626 -72.1626
6.95 -258.35 737.417 8.87791 -65.9648 -65.9648
6.96 -258.415 702.324 -59.8662 -57.1265 -57.1265
6.97 -258.465 653.205 -137.659 -46.7541 -46.7541
6.98 -258.494 595.037 -215.529 -33.9464 -33.9464
6.99 -258.504 534.82 -287.433 -17.4756 -17.4756
7 -258.495 478.444 -350.169 2.56299 2.56299
7.01 -258.469 430.281 -399.425 25.0978 25.0978
7.02 -258.43 393.443 -429.78 49.5967 49.5967
7.03 -258.385 367.66 -439.796 76.2548 76.2548
7.04 -258.333 346.834 -434.683 104.312 104.312
7.05 -258.27 319.695 -423.651 130.715 130.715
7.06 -258.193 275.6 -412.85 151.065 151.065
7.07 -258.096 211.203 -399.423 162.192 162.192
7.08 -257.979 130.435 -374.843 163.754 163.754
7.09 -257.847 39.4361 -333.312 157.076 157.076
7.1 -257.704 -57.1066 -276.484 142.667 142.667
7.11 -257.558 -155.488 -211.959 119.369 119.369
7.12 -257.418 -251.188 -148.77 85.9231 85.9231
7.13 -257.296 -339.706 -94.9268 42.8159 42.8159
7.14 -257.2 -418.489 -56.831 -7.62984 -7.62984
7.15 -257.136 -486.777 -38.0446 -62.553 -62.553
7.16 -257.103 -543.986 -38.1983 -119.531 -119.531
7.17 -257.107 -590.22 -53.3908 -176.52 -176.52
7.18 -257.138 -626.835 -77.211 -231.504 -231.504
7.19 -257.197 -655.874 -102.317 -282.543 -282.543
7.2 -257.279 -678.734 -122.816 -327.936 -327.936
7.21 -257.381 -695.855 -135.517 -366.106 -366.106
7.22 -257.501 -706.469 -138.867 -395.139 -395.139
7.23 -257.639 -708.859 -132.567 -412.504 -412.504
7.24 -257.79 -702.147 -119.263 -415.782 -415.782
7.25 -257.944 -687.866 -105.01 -404.255 -404.255
7.26 -258.089 -669.446 -96.3689 -379.767 -379.767
7.27 -258.218 -650.552 -96.4871 -345.697 -345.697
7.28 -258.326 -633.548 -103.892 -305.009 -305.009
7.29 -258.409 -619.426 -114.787 -259.393 -259.393
7.3 -258.464 -608.304 -124.718 -209.94 -209.94
7.31 -258.493 -599.376 -128.161 -157.894 -157.894
7.32 -258.501 -591.523 -120.724 -104.521 -104.521
7.33 -258.491 -585.781 -105.256 -51.0888 -51.0888
7.34 -258.466 -586.227 -93.4756 0.251539 0.251539
7.35 -258.426 -596.511 -97.6625 46.1571 46.1571
7.36 -258.374 -615.229 -119.893 83.8764 83.8764
7.37 -258.314 -635.232 -149.986 113.564 113.564
7.38 -258.251 -648.407 -174.062 137.959 137.959
7.39 -258.191 -651.094 -184.879 159.085 159.085
7.4 -258.133 -643.377 -182.775 175.52 175.52
7.41 -258.08 -624.576 -169.77 183.44 183.44
7.42 -258.037 -591.962 -146.221 180.205 180.205
7.43 -258.006 -543.273 -112.974 166.362 166.362
7.44 -257.992 -480.195 -76.9107 144.154 144.154
7.45 -257.993 -408.045 -50.3633 114.785 114.785
7.46 -258.007 -332.037 -43.0119 77.8355 77.8355
7.47 -258.029 -254.31 -54.5973 33.336 33.336
7.48 -258.055 -173.917 -74.7392 -16.2189 -16.2189
7.49 -258.082 -88.4223 -89.7427 -66.2363 -66.2363
7.5 -258.107 4.71255 -90.9478 -112.208 -112.208
7.51 -258.13 107.239 -77.3715 -151.33 -151.33
7.52 -258.152 219.601 -51.2573 -182.101 -182.101
7.53 -258.174 339.768 -14.4928 -202.882 -202.882
7.54 -258.195 462.768 30.4572 -211.549 -211.549
7.55 -258.213 581.893 78.2482 -206.835 -206.835
7.56 -258.225 689.499 119.405 -189.749 -189.749
7.57 -258.225 778.189 143.778 -163.375 -163.375
7.58 -258.196 843.688 149.382 -130.943 -130.943
7.59 -258.175 888.839 147.736 -93.6892 -93.6892
7.6 -258.118 918.283 153.08 -50.7274 -50.7274
7.61 -258.05 935.858 170.211 -1.52034 -1.52034
7.62 -257.973 941.728 190.48 51.5228 51.5228
7.63 -257.89 933.773 199.968 103.457 103.457
7.64 -257.799 911.009 189.814 150.047 150.047
7.65 -257.723 876.345 161.237 190.313 190.313
7.66 -257.659 835.585 122.84 225.952 225.952
7.67 -257.611 795.811 85.1868 258.902 258.902
7.68 -257.59 761.585 53.857 289.424 289.424
7.69 -257.596 733.279 27.6203 315.578 315.578
7.7 -257.629 709.983 4.73065 334.173 334.173
7.71 -257.692 692.845 -11.1329 342.883 342.883
7.72 -257.788 684.269 -13.49 341.94 341.94
7.73 -257.914 685.182 -0.433803 333.587 333.587
7.74 -258.068 694.558 23.4961 319.92 319.92
7.75 -258.242 711.4 52.4286 301.712 301.712
7.76 -258.43 735.571 83.614 279.233 279.233
7.77 -258.622 766.401 116.562 253.252 253.252
7.78 -258.809 801.617 149.552 224.676 224.676
7.79 -258.983 837.362 178.233 193.759 193.759
7.8 -259.135 869.095 198.976 160.441 160.441
7.81 -259.255 893.095 212.76 125.659 125.659
7.82 -259.339 908.349 226.305 92.0477 92.0477
7.83 -259.39 916.697 250.003 63.2684 63.2684
7.84 -259.406 920.059 291.843 42.6211 42.6211
7.85 -259.393 916.188 351.03 31.8075 31.8075
7.86 -259.347 899.529 420.305 30.5595 30.5595
7.87 -259.274 864.244 491.358 37.4728 37.4728
7.88 -259.175 807.331 557.336 51.0998 51.0998
7.89 -259.052 728.247 612.124 69.9584 69.9584
7.9 -258.906 627.585 650.928 91.6968 91.6968
7.91 -258.736 506.844 670.599 112.995 112.995
7.92 -258.546 370.047 671.523 130.822 130.822
7.93 -258.343 225.056 658.578 143.864 143.864
7.94 -258.136 82.5031 638.341 152.812 152.812
7.95 -257.947 -48.0438 614.724 159.278 159.278
7.96 -257.79 -161.057 585.714 164.253 164.253
7.97 -257.677 -254.784 545.748 167.484 167.484
7.98 -257.62 -329.562 490.308 168.151 168.151
7.99 -257.622 -386.072 419.681 165.874 165.874
8 -257.684 -425.148 340.699 161.027 161.027
8.01 -257.797 -448.821 262.266 154.141 154.141
8.02 -257.948 -461.768 189.182 144.837 144.837
8.03 -258.123 -469.855 121.799 131.348 131.348
8.04 -258.305 -475.693 61.4622 111.686 111.686
8.05 -258.484 -476.662 13.0854 85.7703 85.7703
8.06 -258.652 -468.942 -20.2243 56.037 56.037
8.07 -258.803 -452.631 -43.4974 25.4106 25.4106
8.08 -258.926 -432.109 -67.4509 -5.13082 -5.13082
8.09 -259.016 -412.858 -99.0928 -36.3714 -36.3714
8.1 -259.065 -399.071 -136.377 -68.4587 -68.4587
8.11 -259.066 -393.62 -171.887 -99.6708 -99.6708
8.12 -259.019 -398.297 -198.065 -127.816 -127.816
8.13 -258.936 -413.94 -209.176 -151.933 -151.933
8.14 -258.817 -441.409 -202.042 -172.089 -172.089
8.15 -258.661 -482.862 -176.5 -188.275 -188.275
8.16 -258.474 -540.966 -135.407 -200.237 -200.237
8.17 -258.262 -615.817 -84.1866 -208.092 -208.092
8.18 -258.029 -702.462 -29.6543 -212.453 -212.453
8.19 -257.783 -792.03 21.6787 -213.814 -213.814
8.2 -257.551 -876.355 64.2848 -212.105 -212.105
8.21 -257.325 -950.374 93.6636 -207.251 -207.251
8.22 -257.12 -1012.24 107.19 -200.18 -200.18
8.23 -256.939 -1063.15 104.123 -193.012 -193.012
8.24 -256.788 -1105.86 84.9755 -188.267 -188.267
8.25 -256.661 -1143.69 50.7502 -187.703 -187.703
8.26 -256.587 -1176.95 4.41456 -191.507 -191.507
8.27 -256.557 -1204.64 -52.1699 -198.456 -198.456
8.28 -256.567 -1225.26 -119.102 -206.944 -206.944
8.29 -256.632 -1236.43 -195.791 -215.887 -215.887
8.3 -256.739 -1235.85 -280.409 -224.603 -224.603
8.31 -256.891 -1222.68 -371.174 -232.303 -232.303
8.32 -257.081 -1197.91 -466.519 -238.268 -238.268
8.33 -257.289 -1162.87 -563.167 -242.293 -242.293
8.34 -257.504 -1117.71 -656.129 -244.538 -244.538
8.35 -257.716 -1061.9 -740.428 -245.206 -245.206
8.36 -257.917 -996.009 -814.129 -244.779 -244.779
8.37 -258.089 -923.11 -878.552 -244.311 -244.311
8.38 -258.231 -849.293 -936.15 -244.994 -244.994
8.39 -258.335 -782.168 -987.602 -247.321 -247.321
8.4 -258.388 -728.449 -1032.37 -250.758 -250.758
8.41 -258.402 -693.385 -1069.62 -254.396 -254.396
8.42 -258.361 -680.249 -1099.95 -257.968 -257.968
8.43 -258.261 -689.183 -1123.97 -262.151 -262.151
8.44 -258.105 -717.772 -1141.34 -267.968 -267.968
8.45 -257.898 -762.462 -1150.69 -276.019 -276.019
8.46 -257.644 -819.37 -1150.57 -286.254 -286.254
8.47 -257.354 -883.909 -1140.13 -298.246 -298.246
8.48 -257.036 -950.74 -1119.52 -311.471 -311.471
8.49 -256.71 -1015.02 -1092.29 -325.559 -325.559
8.5 -256.393 -1072.25 -1065.06 -340.679 -340.679
8.51 -256.096 -1118.52 -1043.82 -357.554 -357.554
8.52 -255.837 -1149.86 -1029.55 -376.635 -376.635
8.53 -255.627 -1162.66 -1018.76 -397.213 -397.213
8.54 -255.472 -1155.26 -1007.82 -417.62 -417.62
8.55 -255.383 -1129.27 -996.856 -436.508 -436.508
8.56 -255.351 -1088.27 -989.697 -454.046 -454.046
8.57 -255.373 -1036.2 -991.494 -471.682 -471.682
8.58 -255.442 -975.111 -1004.8 -490.406 -490.406
8.59 -255.552 -904.409 -1028.18 -509.252 -509.252
8.6 -255.694 -823.421 -1059.59 -525.585 -525.585
8.61 -255.861 -734.527 -1100.02 -536.977 -536.977
8.62 -256.038 -643.156 -1151.95 -542.891 -542.891
8.63 -256.217 -555.491 -1215.44 -544.343 -544.343
8.64 -256.397 -477.539 -1288.31 -542.176 -542.176
8.65 -256.557 -415.06 -1367 -536.29 -536.29
8.66 -256.697 -372.131 -1447.82 -526.286 -526.286
8.67 -256.818 -350.242 -1525.57 -511.986 -511.986
8.68 -256.913 -347.48 -1594.8 -493.148 -493.148
8.69 -256.982 -360.805 -1650.75 -469.291 -469.291
8.7 -257.027 -387.657 -1692.9 -440.35 -440.35
8.71 -257.045 -424.671 -1723.36 -407.634 -407.634
8.72 -257.036 -466.626 -1743.69 -373.62 -373.62
8.73 -257.012 -506.05 -1751.28 -340.248 -340.248
8.74 -256.963 -536.977 -1742.49 -307.873 -307.873
8.75 -256.903 -557.166 -1715.19 -276.486 -276.486
8.76 -256.831 -568.12 -1672.88 -247.593 -247.593
8.77 -256.748 -571.493 -1620.95 -224.325 -224.325
8.78 -256.658 -565.028 -1560.28 -209.556 -209.556
8.79 -256.572 -542.202 -1487.35 -203.697 -203.697
8.8 -256.5 -495.856 -1396.86 -204.211 -204.211
8.81 -256.453 -422.18 -1285.79 -207.328 -207.328
8.82 -256.436 -322.185 -1154.89 -210.225 -210.225
8.83 -256.454 -201.406 -1009.83 -212.022 -212.022
8.84 -256.504 -68.8465 -861.26 -213.612 -213.612
8.85 -256.579 65.3936 -722.26 -216.969 -216.969
8.86 -256.672 193.421 -603.174 -224.012 -224.012
8.87 -256.769 311.274 -508.298 -235.142 -235.142
8.88 -256.873 419.995 -433.211 -248.404 -248.404
8.89 -256.976 522.764 -368.711 -260.146 -260.146
8.9 -257.079 620.952 -307.364 -266.576 -266.576
8.91 -257.18 712.347 -248.018 -265.234 -265.234
8.92 -257.276 793.34 -193.868 -255.645 -255.645
8.93 -257.376 861.728 -147.756 -238.265 -238.265
8.94 -257.473 917.612 -109.547 -212.623 -212.623
8.95 -257.579 961.197 -77.4835 -177.197 -177.197
8.96 -257.691 991.922 -49.0023 -131.149 -131.149
8.97 -257.799 1010.19 -21.1414 -75.6218 -75.6218
8.98 -257.905 1019.05 7.63762 -13.4488 -13.4488
8.99 -258.02 1022.41 39.3848 51.8594 51.8594
9 -258.136 1023.48 75.6695 117.074 117.074
9.01 -258.253 1026 116.449 180.267 180.267
9.02 -258.375 1033.85 161.7 241.413 241.413
9.03 -258.502 1050.85 213.027 301.638 301.638
9.04 -258.638 1080.07 272.488 361.559 361.559
9.05 -258.781 1121.9 338.901 420.249 420.249
9.06 -258.937 1173.02 409.49 475.552 475.552
9.07 -259.095 1227.94 483.567 525.048 525.048
9.08 -259.248 1280.03 561.763 566.764 566.764
9.09 -259.402 1322.92 647.3 599.421 599.421
9.1 -259.547 1351.99 744.296 622.37 622.37
9.11 -259.664 1365.25 851.759 635.39 635.39
9.12 -259.781 1362.07 964.604 638.318 638.318
9.13 -259.857 1343.32 1075.93 630.588 630.588
9.14 -259.918 1311.3 1179.23 611.775 611.775
9.15 -259.942 1269.58 1272.91 582.875 582.875
9.16 -259.942 1221.67 1357.74 546.61 546.61
9.17 -259.932 1170.34 1433.4 506.147 506.147
9.18 -259.903 1114.8 1495.26 463.356 463.356
9.19 -259.868 1051.64 1538 418.173 418.173
9.2 -259.822 975.733 1559.36 369.7 369.7
9.21 -259.754 882.866 1564.22 318.378 318.378
9.22 -259.692 773.292 1559.95 267.193 267.193
9.23 -259.617 650.627 1552.86 220.632 220.632
9.24 -259.552 520.453 1544.1 182.635 182.635
9.25 -259.484 387.5 1530.96 155.329 155.329
9.26 -259.43 256.188 1509.64 139.072 139.072
9.27 -259.386 130.283 1479.18 133.248 133.248
9.28 -259.363 15.6221 1443.1 137.28 137.28
9.29 -259.352 -82.1229 1408.12 151.161 151.161
9.3 -259.361 -161.265 1377.88 174.757 174.757
9.31 -259.388 -225.513 1350.66 206.303 206.303
9.32 -259.422 -280.541 1322.71 241.946 241.946
9.33 -259.462 -329.747 1291.61 277.187 277.187
9.34 -259.504 -374.232 1255.86 308.673 308.673
9.35 -259.546 -414.574 1213.67 334.592 334.592
9.36 -259.585 -450.956 1164.19 354.114 354.114
9.37 -259.62 -482.586 1108.29 367.021 367.021
9.38 -259.645 -507.695 1047.73 373.498 373.498
9.39 -259.66 -524.375 984.092 373.549 373.549
9.4 -259.664 -530.67 919.826 366.699 366.699
9.41 -259.655 -524.097 859.913 352.719 352.719
9.42 -259.635 -502.772 810.374 332.67 332.67
9.43 -259.606 -467.782 774.155 308.744 308.744
9.44 -259.568 -423.782 749.787 282.791 282.791
9.45 -259.52 -377.803 733.088 255.079 255.079
9.46 -259.458 -337.051 719.814 224.571 224.571
9.47 -259.378 -305.787 707.862 190.271 190.271
9.48 -259.28 -283.683 697.114 152.321 152.321
9.49 -259.162 -267.445 687.248 112.022 112.022
9.5 -259.025 -253.858 675.228 70.9441 70.9441
9.51 -258.87 -242.08 653.804 29.8767 29.8767
9.52 -258.698 -232.825 614.956 -11.4693 -11.4693
9.53 -258.513 -224.598 557.316 -53.255 -53.255
9.54 -258.323 -212.35 488.187 -93.5743 -93.5743
9.55 -258.139 -190.391 418.006 -128.025 -128.025
9.56 -257.968 -155.38 354.372 -151.723 -151.723
9.57 -257.82 -106.644 299.538 -161.897 -161.897
9.58 -257.704 -43.7302 252.794 -158.657 -158.657
9.59 -257.626 35.3051 214.871 -143.631 -143.631
9.6 -257.592 132.122 187.881 -118.33 -118.33
9.61 -257.603 245.239 170.797 -83.9598 -83.9598
9.62 -257.655 369.49 157.17 -42.2256 -42.2256
9.63 -257.738 498.979 138.848 4.19209 4.19209
9.64 -257.842 631.26 112.433 52.1253 52.1253
9.65 -257.954 767.96 80.4673 99.0801 99.0801
9.66 -258.067 911.478 47.8239 143.713 143.713
9.67 -258.173 1060.95 15.825 185.044 185.044
9.68 -258.24 1211.08 -19.491 221.567 221.567
9.69 -258.317 1353.85 -65.7662 251.392 251.392
9.7 -258.374 1483.12 -123.136 273.365 273.365
9.71 -258.375 1593.32 -187.203 287.79 287.79
9.72 -258.348 1683.34 -252.476 295.638 295.638
9.73 -258.308 1752.94 -316.111 297.218 297.218
9.74 -258.245 1802.12 -375.11 292.22 292.22
9.75 -258.17 1834.81 -423.254 281.112 281.112
9.76 -258.071 1855.44 -456.723 265.706 265.706
9.77 -257.96 1866.26 -478.167 247.731 247.731
9.78 -257.852 1866.54 -495.035 227.156 227.156
9.79 -257.742 1856.25 -513.547 202.682 202.682
9.8 -257.627 1837.61 -534.992 173.919 173.919
9.81 -257.51 1814.81 -556.403 142.707 142.707
9.82 -257.397 1792.74 -572.589 112.318 112.318
9.83 -257.292 1774.94 -578.819 85.6076 85.6076
9.84 -257.195 1761.93 -573.87 63.7956 63.7956
9.85 -257.11 1751.51 -559.809 46.4319 46.4319
9.86 -257.041 1740.95 -538.628 32.3688 32.3688
9.87 -256.99 1728.35 -510.167 21.1376 21.1376
9.88 -256.962 1712.57 -473.112 13.5572 13.5572
9.89 -256.958 1692.63 -427.697 10.904 10.904
9.9 -256.974 1667.47 -376.936 13.5461 13.5461
9.91 -257.008 1636.84 -323.878 20.5606 20.5606
9.92 -257.059 1601.5 -268.525 30.6768 30.6768
9.93 -257.124 1562.28 -208.092 43.3687 43.3687
9.94 -257.204 1518.54 -140.273 58.844 58.844
9.95 -257.296 1468.52 -65.6261 77.1084 77.1084
9.96 -257.397 1411.59 12.5187 97.353 97.353
9.97 -257.511 1348.7 88.6873 118.241 118.241
9.98 -257.633 1280.72 157.167 138.291 138.291
9.99 -257.761 1206.36 215.32 155.591 155.591
10 -257.897 1120.56 259.781 167.745 167.745
