0.1 -4.28695 8.64431 -2.77555 -0.186562 -0.186562
0.2 -8.57529 17.298 -5.55474 -0.373455 -0.373455
0.3 -12.865 25.9611 -8.3376 -0.560682 -0.560682
0.4 -17.1562 34.6336 -11.1242 -0.748245 -0.748245
0.5 -21.4487 43.3158 -13.9145 -0.936148 -0.936148
0.6 -25.7426 52.0076 -16.7086 -1.12439 -1.12439
0.7 -30.0379 60.7092 -19.5064 -1.31298 -1.31298
0.8 -34.3347 69.4205 -22.3082 -1.50192 -1.50192
0.9 -38.6328 78.1418 -25.1138 -1.69121 -1.69121
1 -42.9324 86.873 -27.9234 -1.88085 -1.88085
0.01 -42.9274 86.6806 -27.9665 -1.8872 -1.8872
0.02 -42.9119 86.1397 -28.0818 -1.91906 -1.91906
0.03 -42.8888 85.533 -28.2032 -1.98812 -1.98812
0.04 -42.8629 85.1205 -28.2925 -2.07409 -2.07409
0.05 -42.8365 84.9109 -28.3739 -2.14433 -2.14433
0.06 -42.8132 84.8841 -28.4619 -2.18806 -2.18806
0.07 -42.7963 85.0175 -28.5543 -2.21376 -2.21376
0.08 -42.7876 85.2906 -28.638 -2.22588 -2.22588
0.09 -42.7875 85.6795 -28.6985 -2.21857 -2.21857
0.1 -42.7956 86.1547 -28.728 -2.18722 -2.18722
0.11 -42.8109 86.6816 -28.7283 -2.13635 -2.13635
0.12 -42.8324 87.2284 -28.71 -2.07667 -2.07667
0.13 -42.8591 87.7755 -28.6894 -2.01964 -2.01964
0.14 -42.89 88.3136 -28.682 -1.97498 -1.97498
0.15 -42.9239 88.8362 -28.6988 -1.94836 -1.94836
0.16 -42.96 89.3318 -28.7385 -1.93817 -1.93817
0.17 -42.997 89.7901 -28.7926 -1.93452 -1.93452
0.18 -43.0344 90.2115 -28.8523 -1.92267 -1.92267
0.19 -43.0715 90.6134 -28.9148 -1.88993 -1.88993
0.2 -43.1086 91.0205 -28.9823 -1.83219 -1.83219
0.21 -43.1465 91.4442 -29.0547 -1.75517 -1.75517
0.22 -43.1866 91.8754 -29.1244 -1.66937 -1.66937
0.23 -43.2307 92.2913 -29.1794 -1.58245 -1.58245
0.24 -43.2801 92.6657 -29.2125 -1.4956 -1.4956
0.25 -43.3351 92.9825 -29.2257 -1.40687 -1.40687
0.26 -43.395 93.2464 -29.2239 -1.31632 -1.31632
0.27 -43.4585 93.4983 -29.2028 -1.22608 -1.22608
0.28 -43.5241 93.8117 -29.1522 -1.13561 -1.13561
0.29 -43.5909 94.2629 -29.0767 -1.03958 -1.03958
0.3 -43.6584 94.9014 -29.0019 -0.932435 -0.932435
0.31 -43.7271 95.7446 -28.9479 -0.813685 -0.813685
0.32 -43.7977 96.7678 -28.9145 -0.686289 -0.686289
0.33 -43.8704 97.9056 -28.8954 -0.553202 -0.553202
0.34 -43.9443 99.0857 -28.8862 -0.41844 -0.41844
0.35 -44.0191 100.265 -28.8854 -0.288286 -0.288286
0.36 -44.0941 101.429 -28.8966 -0.168349 -0.168349
0.37 -44.1688 102.561 -28.9188 -0.0591926 -0.0591926
0.38 -44.2426 103.619 -28.9339 0.0449578 0.0449578
0.39 -44.3143 104.547 -28.9173 0.153244 0.153244
0.4 -44.383 105.315 -28.8645 0.271693 0.271693
0.41 -44.4478 105.937 -28.7911 0.398815 0.398815
0.42 -44.5081 106.447 -28.7146 0.529099 0.529099
0.43 -44.5631 106.869 -28.6405 0.65948 0.65948
0.44 -44.6118 107.206 -28.5556 0.791226 0.791226
0.45 -44.6538 107.458 -28.4486 0.92584 0.92584
0.46 -44.6891 107.646 -28.3229 1.05967 1.05967
0.47 -44.719 107.804 -28.1825 1.18453 1.18453
0.48 -44.7449 107.938 -28.0319 1.29347 1.29347
0.49 -44.7678 108.016 -27.8791 1.3836 1.3836
0.5 -44.7887 108.013 -27.7197 1.45489 1.45489
0.51 -44.8078 107.929 -27.5367 1.50947 1.50947
0.52 -44.8244 107.763 -27.3236 1.55043 1.55043
0.53 -44.8363 107.505 -27.0756 1.57902 1.57902
0.54 -44.8424 107.193 -26.7706 1.59615 1.59615
0.55 -44.8426 106.921 -26.3933 1.60728 1.60728
0.56 -44.838 106.752 -25.967 1.62023 1.62023
0.57 -44.8272 106.624 -25.5581 1.63381 1.63381
0.58 -44.8081 106.415 -25.2281 1.63225 1.63225
0.59 -44.7791 106.081 -24.9826 1.59886 1.59886
0.6 -44.741 105.69 -24.7748 1.53607 1.53607
0.61 -44.696 105.33 -24.5762 1.46483 1.46483
0.62 -44.646 105.016 -24.4056 1.40171 1.40171
0.63 -44.5936 104.719 -24.2468 1.34642 1.34642
0.64 -44.5418 104.417 -24.0278 1.29828 1.29828
0.65 -44.4918 104.055 -23.745 1.26677 1.26677
0.66 -44.4425 103.564 -23.4864 1.25173 1.25173
0.67 -44.393 102.943 -23.3071 1.23243 1.23243
0.68 -44.3426 102.235 -23.1821 1.19342 1.19342
0.69 -44.2896 101.435 -23.0641 1.14668 1.14668
0.7 -44.2323 100.532 -22.9275 1.1138 1.1138
0.71 -44.1704 99.5807 -22.77 1.09735 1.09735
0.72 -44.1054 98.671 -22.6316 1.07957 1.07957
0.73 -44.039 97.8418 -22.5758 1.04015 1.04015
0.74 -43.971 97.0068 -22.6299 0.969181 0.969181
0.75 -43.8993 96.0041 -22.7613 0.869807 0.869807
0.76 -43.8219 94.7627 -22.917 0.754048 0.754048
0.77 -43.7388 93.3695 -23.0421 0.635445 0.635445
0.78 -43.6522 91.9852 -23.0695 0.525717 0.525717
0.79 -43.5652 90.7151 -22.9486 0.435899 0.435899
0.8 -43.48 89.5612 -22.6989 0.370868 0.370868
0.81 -43.3989 88.506 -22.3781 0.320699 0.320699
0.82 -43.3241 87.6086 -22.0394 0.266837 0.266837
0.83 -43.2577 86.9323 -21.7099 0.200141 0.200141
0.84 -43.1992 86.4568 -21.3895 0.127606 0.127606
0.85 -43.1472 86.1218 -21.0325 0.0625324 0.0625324
0.86 -43.1003 85.8833 -20.5816 0.0133314 0.0133314
0.87 -43.0548 85.6061 -20.0761 -0.028635 -0.028635
0.88 -43.0042 85.1027 -19.654 -0.101315 -0.101315
0.89 -42.9465 84.361 -19.3565 -0.252597 -0.252597
0.9 -42.8857 83.5965 -19.0764 -0.485249 -0.485249
0.91 -42.8274 82.9892 -18.7016 -0.734899 -0.734899
0.92 -42.7726 82.41 -18.2642 -0.928364 -0.928364
0.93 -42.7154 81.5255 -17.8833 -1.05802 -1.05802
0.94 -42.651 80.2248 -17.598 -1.17467 -1.17467
0.95 -42.5814 78.8311 -17.3689 -1.31123 -1.31123
0.96 -42.5146 77.8221 -17.1671 -1.44089 -1.44089
0.97 -42.458 77.3432 -17.0125 -1.51511 -1.51511
0.98 -42.4127 77.0978 -16.9823 -1.5235 -1.5235
0.99 -42.3774 76.7739 -17.1 -1.50058 -1.50058
1 -42.3534 76.3794 -17.2823 -1.47716 -1.47716
1.01 -42.3422 76.1224 -17.5184 -1.44985 -1.44985
1.02 -42.3444 76.1576 -17.8883 -1.40731 -1.40731
1.03 -42.3594 76.4518 -18.3203 -1.34946 -1.34946
1.04 -42.3841 76.7995 -18.5793 -1.25832 -1.25832
1.05 -42.4128 76.9955 -18.5712 -1.09258 -1.09258
1.06 -42.4394 76.9952 -18.4631 -0.848693 -0.848693
1.07 -42.4606 76.9246 -18.4424 -0.595231 -0.595231
1.08 -42.4791 77.0225 -18.4823 -0.404022 -0.404022
1.09 -42.5002 77.4258 -18.4579 -0.266576 -0.266576
1.1 -42.5239 77.9351 -18.4099 -0.125372 -0.125372
1.11 -42.5446 78.1933 -18.4498 0.027061 0.027061
1.12 -42.5593 78.099 -18.4716 0.141856 0.141856
1.13 -42.5713 77.923 -18.2403 0.205152 0.205152
1.14 -42.5888 78.0665 -17.7518 0.266049 0.266049
1.15 -42.6244 78.8531 -17.1472 0.365079 0.365079
1.16 -42.6916 80.3857 -16.4191 0.505351 0.505351
1.17 -42.7943 82.3252 -15.5285 0.69581 0.69581
1.18 -42.922 84.0305 -14.5119 0.951381 0.951381
1.19 -43.0586 85.0823 -13.4582 1.24127 1.24127
1.2 -43.189 85.5567 -12.5443 1.4816 1.4816
1.21 -43.3052 85.8301 -11.9324 1.59463 1.59463
1.22 -43.4054 86.2406 -11.6913 1.56362 1.56362
1.23 -43.4928 86.9378 -11.7972 1.43034 1.43034
1.24 -43.574 87.9214 -12.1171 1.25989 1.25989
1.25 -43.6568 89.1523 -12.4027 1.12199 1.12199
1.26 -43.749 90.6135 -12.4312 1.08776 1.08776
1.27 -43.8551 92.2416 -12.169 1.20869 1.20869
1.28 -43.9761 93.9053 -11.7261 1.48746 1.48746
1.29 -44.1088 95.4278 -11.2897 1.878 1.878
1.3 -44.2462 96.6192 -11.0261 2.31261 2.31261
1.31 -44.3816 97.4303 -10.8895 2.73672 2.73672
1.32 -44.5126 98.0475 -10.7267 3.1351 3.1351
1.33 -44.6418 98.7768 -10.5474 3.51842 3.51842
1.34 -44.7762 99.9219 -10.3541 3.89374 3.89374
1.35 -44.9231 101.569 -9.89412 4.28456 4.28456
1.36 -45.0789 103.334 -8.99353 4.75097 4.75097
1.37 -45.2281 104.655 -7.89781 5.31637 5.31637
1.38 -45.3545 105.358 -7.10647 5.88443 5.88443
1.39 -45.4523 105.842 -6.98669 6.29883 6.29883
1.4 -45.5287 106.7 -7.56421 6.49907 6.49907
1.41 -45.5908 107.923 -8.63162 6.57115 6.57115
1.42 -45.6368 108.743 -9.80064 6.63711 6.63711
1.43 -45.6634 108.56 -10.5579 6.749 6.749
1.44 -45.6721 107.522 -10.6829 6.89183 6.89183
1.45 -45.6659 106.247 -10.5059 7.01371 7.01371
1.46 -45.647 105.281 -10.5571 7.03848 7.03848
1.47 -45.6129 104.611 -11.0432 6.91579 6.91579
1.48 -45.5504 103.601 -11.8321 6.6768 6.6768
1.49 -45.4386 101.541 -12.9407 6.37949 6.37949
1.5 -45.2614 98.3161 -14.5632 5.98697 5.98697
1.51 -45.0221 94.6064 -16.4245 5.396 5.396
1.52 -44.7442 91.3807 -17.6401 4.63656 4.63656
1.53 -44.453 89.0261 -17.6122 3.92836 3.92836
1.54 -44.1617 87.1673 -16.6404 3.4351 3.4351
1.55 -43.8762 85.395 -15.4024 3.05135 3.05135
1.56 -43.6003 83.6737 -14.314 2.54491 2.54491
1.57 -43.3344 82.1448 -13.5298 1.83787 1.83787
1.58 -43.0792 80.9969 -13.1906 1.03904 1.03904
1.59 -42.8392 80.3862 -13.4983 0.249649 0.249649
1.6 -42.6153 80.1476 -14.6589 -0.562361 -0.562361
1.61 -42.3955 79.5792 -16.6024 -1.49966 -1.49966
1.62 -42.1616 77.9631 -18.6795 -2.59086 -2.59086
1.63 -41.9149 75.7119 -19.8722 -3.69628 -3.69628
1.64 -41.69 74.4935 -19.3755 -4.53075 -4.53075
1.65 -41.5313 75.5795 -17.1698 -4.81175 -4.81175
1.66 -41.4595 78.4469 -14.101 -4.45741 -4.45741
1.67 -41.4627 81.2898 -11.3001 -3.67224 -3.67224
1.68 -41.51 82.5925 -9.54116 -2.81748 -2.81748
1.69 -41.5712 82.1045 -9.09904 -2.17989 -2.17989
1.7 -41.6229 80.3859 -9.89089 -1.8609 -1.8609
1.71 -41.6511 77.9244 -11.4223 -1.82414 -1.82414
1.72 -41.6576 75.0666 -12.8634 -1.95625 -1.95625
1.73 -41.6601 72.2679 -13.6258 -2.10612 -2.10612
1.74 -41.6802 70.02 -13.7744 -2.17806 -2.17806
1.75 -41.7376 68.7485 -13.7301 -2.20297 -2.20297
1.76 -41.8482 68.7521 -13.8753 -2.24936 -2.24936
1.77 -42.0169 69.9627 -14.6061 -2.27483 -2.27483
1.78 -42.2283 71.7079 -16.3958 -2.14358 -2.14358
1.79 -42.451 73.0655 -19.274 -1.77712 -1.77712
1.8 -42.6601 73.7528 -22.4787 -1.20064 -1.20064
1.81 -42.849 74.4149 -25.0501 -0.465456 -0.465456
1.82 -43.0271 75.9062 -26.4424 0.373387 0.373387
1.83 -43.2083 78.4896 -26.5341 1.21865 1.21865
1.84 -43.4018 81.7171 -25.4025 1.96998 1.96998
1.85 -43.604 84.7716 -23.3214 2.61233 2.61233
1.86 -43.7953 86.9685 -20.9492 3.18998 3.18998
1.87 -43.9568 88.4161 -18.8997 3.70038 3.70038
1.88 -44.0929 90.2477 -16.9185 4.13785 4.13785
1.89 -44.2276 93.655 -14.3399 4.64032 4.64032
1.9 -44.3759 98.5125 -11.5813 5.36907 5.36907
1.91 -44.531 103.42 -10.0403 6.15069 6.15069
1.92 -44.6776 106.985 -10.4747 6.46395 6.46395
1.93 -44.801 108.664 -12.5232 5.92438 5.92438
1.94 -44.8872 108.681 -15.4982 4.63748 4.63748
1.95 -44.9257 107.598 -18.8574 3.01344 3.01344
1.96 -44.9191 106.13 -22.0001 1.42347 1.42347
1.97 -44.8866 105.051 -24.1911 0.137343 0.137343
1.98 -44.8517 104.796 -25.1227 -0.603578 -0.603578
1.99 -44.83 105.235 -25.2832 -0.686432 -0.686432
2 -44.8243 105.84 -25.5287 -0.273742 -0.273742
2.01 -44.8236 105.911 -26.4099 0.298829 0.298829
2.02 -44.8047 104.808 -27.8366 0.795289 0.795289
2.03 -44.7358 102.12 -29.4434 1.17807 1.17807
2.04 -44.5875 97.9248 -31.117 1.42858 1.42858
2.05 -44.3537 93.1197 -32.7095 1.38907 1.38907
2.06 -44.0574 89.006 -33.8435 0.879872 0.879872
2.07 -43.7294 86.1897 -34.6592 -0.122322 -0.122322
2.08 -43.3909 84.2432 -36.0521 -1.53645 -1.53645
2.09 -43.0549 82.4966 -38.8069 -3.29681 -3.29681
2.1 -42.7347 80.9283 -42.8763 -5.27339 -5.27339
2.11 -42.442 80.106 -47.5898 -7.15238 -7.15238
2.12 -42.1747 80.3355 -52.4545 -8.58656 -8.58656
2.13 -41.9176 81.3219 -57.4134 -9.50427 -9.50427
2.14 -41.6537 82.5002 -62.3515 -10.1604 -10.1604
2.15 -41.3735 83.3927 -66.6637 -10.8336 -10.8336
2.16 -41.0836 83.9018 -69.3126 -11.5249 -11.5249
2.17 -40.8035 84.2844 -69.6248 -11.9827 -11.9827
2.18 -40.5526 84.7612 -68.2638 -12.0182 -12.0182
2.19 -40.3402 85.3389 -66.7065 -11.7553 -11.7553
2.2 -40.1699 86.0023 -65.6426 -11.4964 -11.4964
2.21 -40.0399 86.7112 -64.8436 -11.3716 -11.3716
2.22 -39.9378 87.1794 -64.2478 -11.2879 -11.2879
2.23 -39.8464 86.9775 -64.3004 -11.2423 -11.2423
2.24 -39.7576 85.9591 -65.3879 -11.4917 -11.4917
2.25 -39.6782 84.4112 -67.4257 -12.3125 -12.3125
2.26 -39.622 82.7162 -70.149 -13.7163 -13.7163
2.27 -39.6037 81.1953 -73.2175 -15.4835 -15.4835
2.28 -39.6404 80.2 -75.9001 -17.3336 -17.3336
2.29 -39.7438 79.9516 -77.502 -18.9724 -18.9724
2.3 -39.9134 80.4044 -78.0353 -20.121 -20.121
2.31 -40.14 81.3904 -77.8657 -20.6152 -20.6152
2.32 -40.41 82.6953 -77.1162 -20.4336 -20.4336
2.33 -40.7064 84.0395 -75.7548 -19.625 -19.625
2.34 -41.0111 85.2202 -73.8924 -18.2952 -18.2952
2.35 -41.309 86.2321 -71.7769 -16.6598 -16.6598
2.36 -41.5895 87.2078 -69.6128 -15.0006 -15.0006
2.37 -41.8433 88.2162 -67.6499 -13.5362 -13.5362
2.38 -42.063 89.2507 -66.1143 -12.3675 -12.3675
2.39 -42.2525 90.5022 -64.6937 -11.4932 -11.4932
2.4 -42.4211 92.0912 -62.8106 -10.7996 -10.7996
2.41 -42.568 93.5467 -60.368 -10.1102 -10.1102
2.42 -42.6867 94.2478 -57.6208 -9.32227 -9.32227
2.43 -42.7781 94.1986 -55.0999 -8.47503 -8.47503
2.44 -42.8481 93.9297 -53.8487 -7.72312 -7.72312
2.45 -42.9031 93.8997 -54.6135 -7.26952 -7.26952
2.46 -42.9501 94.2007 -56.732 -7.20046 -7.20046
2.47 -42.9935 94.6262 -58.5422 -7.30797 -7.30797
2.48 -43.0312 94.8706 -58.7424 -7.18156 -7.18156
2.49 -43.0533 94.7083 -57.064 -6.55664 -6.55664
2.5 -43.0462 93.9717 -54.0757 -5.52649 -5.52649
2.51 -42.9988 92.6074 -50.5832 -4.39409 -4.39409
2.52 -42.9119 90.8737 -47.2025 -3.38089 -3.38089
2.53 -42.7974 89.1422 -44.3221 -2.51271 -2.51271
2.54 -42.6708 87.6132 -42.0029 -1.71574 -1.71574
2.55 -42.5486 86.3286 -39.9661 -0.928737 -0.928737
2.56 -42.4423 85.2143 -37.9036 -0.144075 -0.144075
2.57 -42.3569 84.1932 -35.7271 0.563694 0.563694
2.58 -42.2919 83.2641 -33.5715 1.02452 1.02452
2.59 -42.2396 82.286 -31.663 1.03952 1.03952
2.6 -42.1855 80.8976 -30.1339 0.507576 0.507576
2.61 -42.1196 78.9629 -28.889 -0.485283 -0.485283
2.62 -42.047 76.9057 -27.6682 -1.68152 -1.68152
2.63 -41.9828 75.2835 -26.1933 -2.76843 -2.76843
2.64 -41.9323 73.9298 -24.5157 -3.54834 -3.54834
2.65 -41.8755 71.767 -23.2905 -4.0854 -4.0854
2.66 -41.7809 67.9212 -23.128 -4.67253 -4.67253
2.67 -41.6346 62.9425 -23.8026 -5.53328 -5.53328
2.68 -41.4515 58.5692 -24.4068 -6.5142 -6.5142
2.69 -41.2607 56.2215 -24.0819 -7.14856 -7.14856
2.7 -41.0825 55.7916 -22.7195 -7.07912 -7.07912
2.71 -40.9186 55.8901 -20.8443 -6.39884 -6.39884
2.72 -40.761 55.1469 -18.7897 -5.54051 -5.54051
2.73 -40.6109 53.4098 -16.3769 -4.85332 -4.85332
2.74 -40.4872 51.8492 -13.659 -4.36245 -4.36245
2.75 -40.415 51.7975 -11.529 -3.95074 -3.95074
2.76 -40.408 53.5418 -10.8956 -3.63117 -3.63117
2.77 -40.4639 56.4254 -11.8419 -3.51617 -3.51617
2.78 -40.5753 59.9994 -13.9989 -3.6222 -3.6222
2.79 -40.7425 64.6303 -16.8336 -3.84319 -3.84319
2.8 -40.9708 70.69 -19.4427 -4.03953 -4.03953
2.81 -41.2504 77.4345 -21.1541 -4.07331 -4.07331
2.82 -41.5507 83.2414 -22.1635 -3.86507 -3.86507
2.83 -41.8363 86.9178 -23.058 -3.48004 -3.48004
2.84 -42.0848 88.5137 -24.2104 -3.0774 -3.0774
2.85 -42.2934 88.957 -25.5136 -2.73339 -2.73339
2.86 -42.4749 89.1819 -26.6668 -2.35992 -2.35992
2.87 -42.6547 89.8128 -27.6389 -1.81717 -1.81717
2.88 -42.8639 91.1553 -28.3399 -1.03605 -1.03605
2.89 -43.1211 92.942 -28.2934 0.0134262 0.0134262
2.9 -43.4195 94.4208 -27.1593 1.35631 1.35631
2.91 -43.7377 95.1616 -25.1533 2.89627 2.89627
2.92 -44.06 95.592 -22.8118 4.34099 4.34099
2.93 -44.3788 96.3822 -20.7136 5.36359 5.36359
2.94 -44.6883 97.6342 -19.2856 5.82517 5.82517
2.95 -44.985 99.0275 -18.6797 5.79882 5.79882
2.96 -45.2688 100.328 -18.9098 5.41387 5.41387
2.97 -45.5304 101.268 -20.053 4.71654 4.71654
2.98 -45.7416 101.31 -22.1365 3.67135 3.67135
2.99 -45.8678 100.123 -24.7422 2.29454 2.29454
3 -45.8895 98.1676 -26.8455 0.806538 0.806538
3.01 -45.8113 96.4729 -27.3242 -0.370154 -0.370154
3.02 -45.6538 95.7942 -25.6818 -0.84201 -0.84201
3.03 -45.4414 96.0433 -22.2104 -0.522917 -0.522917
3.04 -45.1934 96.446 -17.8458 0.303127 0.303127
3.05 -44.9242 96.3221 -13.9456 1.16334 1.16334
3.06 -44.6473 95.6012 -11.6015 1.65439 1.65439
3.07 -44.3718 94.4235 -10.7536 1.64962 1.64962
3.08 -44.0988 92.7904 -10.3174 1.36173 1.36173
3.09 -43.8213 90.6563 -9.5353 1.14231 1.14231
3.1 -43.5248 88.0234 -8.76354 1.106 1.106
3.11 -43.205 85.3543 -8.668 0.991191 0.991191
3.12 -42.885 83.6803 -9.05488 0.502201 0.502201
3.13 -42.6046 83.7479 -8.95261 -0.251565 -0.251565
3.14 -42.3945 85.2578 -8.0314 -0.815373 -0.815373
3.15 -42.257 86.9918 -7.33421 -0.916344 -0.916344
3.16 -42.1654 87.5747 -8.25126 -0.77949 -0.77949
3.17 -42.0756 86.1713 -11.4918 -0.858864 -0.858864
3.18 -41.9446 82.7197 -16.6989 -1.38521 -1.38521
3.19 -41.7531 77.84 -22.1802 -2.19341 -2.19341
3.2 -41.5123 72.3221 -25.6975 -2.84203 -2.84203
3.21 -41.242 66.3295 -26.2277 -2.91539 -2.91539
3.22 -40.9495 59.2776 -24.641 -2.37871 -2.37871
3.23 -40.6325 50.772 -22.6577 -1.66619 -1.66619
3.24 -40.2894 41.3343 -21.5894 -1.33815 -1.33815
3.25 -39.9223 32.1463 -22.0305 -1.64974 -1.64974
3.26 -39.547 24.7475 -24.0283 -2.45999 -2.45999
3.27 -39.2043 20.8158 -26.9839 -3.43064 -3.43064
3.28 -38.9457 21.2942 -29.8824 -4.21327 -4.21327
3.29 -38.8017 25.4626 -32.0903 -4.59531 -4.59531
3.3 -38.7629 31.1222 -33.6175 -4.67818 -4.67818
3.31 -38.7884 35.8502 -34.5391 -4.8881 -4.8881
3.32 -38.8294 38.2823 -34.5103 -5.64664 -5.64664
3.33 -38.8443 38.3978 -33.2872 -6.99725 -6.99725
3.34 -38.798 36.8372 -31.6735 -8.65254 -8.65254
3.35 -38.6693 34.4866 -31.0503 -10.3814 -10.3814
3.36 -38.4696 32.7422 -31.884 -12.1596 -12.1596
3.37 -38.246 33.2964 -33.3866 -13.9075 -13.9075
3.38 -38.0601 37.1489 -34.2516 -15.2849 -15.2849
3.39 -37.9627 43.8508 -33.4116 -15.8619 -15.8619
3.4 -37.9709 51.565 -30.8237 -15.4527 -15.4527
3.41 -38.0602 57.9003 -27.7515 -14.3065 -14.3065
3.42 -38.1819 61.1665 -25.7532 -13.0242 -13.0242
3.43 -38.2973 61.2597 -25.3961 -12.218 -12.218
3.44 -38.398 59.3523 -26.2283 -12.1446 -12.1446
3.45 -38.5014 56.7497 -27.6632 -12.6429 -12.6429
3.46 -38.6364 54.2119 -29.6389 -13.3973 -13.3973
3.47 -38.8274 52.0449 -32.5251 -14.194 -14.194
3.48 -39.0797 50.3455 -36.5091 -14.923 -14.923
3.49 -39.3716 49.1459 -41.2198 -15.4373 -15.4373
3.5 -39.656 48.3371 -46.1732 -15.5456 -15.5456
3.51 -39.8746 47.6465 -51.2258 -15.1797 -15.1797
3.52 -39.993 47.2022 -56.009 -14.4579 -14.4579
3.53 -40.0271 47.812 -59.6239 -13.4865 -13.4865
3.54 -40.0296 50.1385 -61.5339 -12.2175 -12.2175
3.55 -40.0581 53.8626 -62.3291 -10.666 -10.666
3.56 -40.1478 57.7711 -63.4398 -9.19219 -9.19219
3.57 -40.3014 60.611 -65.9699 -8.35547 -8.35547
3.58 -40.495 61.9353 -69.7088 -8.39361 -8.39361
3.59 -40.6884 62.1747 -73.259 -8.90858 -8.90858
3.6 -40.8441 62.3565 -74.8782 -9.13229 -9.13229
3.61 -40.9458 63.7721 -73.5865 -8.51631 -8.51631
3.62 -40.9986 67.2721 -70.0716 -7.14476 -7.14476
3.63 -41.0158 72.6723 -66.3942 -5.70566 -5.70566
3.64 -41.0119 78.8897 -64.3401 -5.04399 -5.04399
3.65 -40.9998 84.6146 -64.0652 -5.5673 -5.5673
3.66 -40.9879 88.9572 -64.4545 -6.97078 -6.97078
3.67 -40.9709 91.4319 -64.4071 -8.5537 -8.5537
3.68 -40.93 91.7871 -63.4537 -9.81162 -9.81162
3.69 -40.8561 90.5486 -61.6659 -10.7141 -10.7141
3.7 -40.7698 89.2004 -59.5419 -11.5118 -11.5118
3.71 -40.7157 89.2284 -57.7188 -12.4176 -12.4176
3.72 -40.7509 91.4003 -56.383 -13.4349 -13.4349
3.73 -40.9258 95.5777 -55.156 -14.3264 -14.3264
3.74 -41.2527 100.561 -53.6429 -14.7236 -14.7236
3.75 -41.6998 104.923 -51.8473 -14.3864 -14.3864
3.76 -42.215 108.251 -50.1607 -13.4243 -13.4243
3.77 -42.7454 111.062 -48.9988 -12.2415 -12.2415
3.78 -43.2505 113.944 -48.5426 -11.2462 -11.2462
3.79 -43.7134 117.19 -48.8605 -10.5974 -10.5974
3.8 -44.1452 120.873 -49.8834 -10.1711 -10.1711
3.81 -44.569 124.662 -51.2688 -9.68639 -9.68639
3.82 -44.9914 127.497 -52.5997 -8.88296 -8.88296
3.83 -45.3915 128.068 -53.5281 -7.6849 -7.6849
3.84 -45.747 126.405 -53.9202 -6.23911 -6.23911
3.85 -46.0622 124.599 -54.2823 -4.785 -4.785
3.86 -46.3565 124.867 -55.4061 -3.47803 -3.47803
3.87 -46.6376 127.421 -57.486 -2.29366 -2.29366
3.88 -46.9022 130.898 -60.0144 -1.05832 -1.05832
3.89 -47.1482 134.054 -62.3152 0.402369 0.402369
3.9 -47.3759 136.489 -64.1086 2.09262 2.09262
3.91 -47.5734 138.04 -65.7562 3.78379 3.78379
3.92 -47.7033 138.023 -67.9071 5.11019 5.11019
3.93 -47.718 135.793 -70.5739 5.78727 5.78727
3.94 -47.589 131.773 -72.7119 5.83757 5.83757
3.95 -47.3082 126.955 -73.0633 5.60279 5.60279
3.96 -46.8798 121.89 -71.1164 5.44565 5.44565
3.97 -46.3297 116.851 -67.1708 5.43161 5.43161
3.98 -45.707 112.188 -61.8116 5.3501 5.3501
3.99 -45.064 108.023 -55.5209 4.99837 4.99837
4 -44.4271 103.815 -49.074 4.31291 4.31291
4.01 -43.7815 98.432 -43.7932 3.18689 3.18689
4.02 -43.0974 91.338 -40.5193 1.34408 1.34408
4.03 -42.3687 83.5583 -38.9621 -1.41205 -1.41205
4.04 -41.6143 76.6228 -38.5509 -4.91431 -4.91431
4.05 -40.8662 71.2759 -38.936 -8.75348 -8.75348
4.06 -40.1721 67.6349 -39.3728 -12.559 -12.559
4.07 -39.5789 65.3621 -38.8204 -16.0169 -16.0169
4.08 -39.0941 63.2593 -37.1079 -18.8122 -18.8122
4.09 -38.6733 59.5314 -34.9999 -20.7859 -20.7859
4.1 -38.2455 52.9279 -33.1068 -22.0498 -22.0498
4.11 -37.7466 43.4719 -31.5881 -22.8077 -22.8077
4.12 -37.1451 32.3551 -30.3415 -23.1451 -23.1451
4.13 -36.4604 21.4255 -28.8373 -23.0362 -23.0362
4.14 -35.7513 12.1695 -26.6816 -22.4664 -22.4664
4.15 -35.0846 4.98896 -24.4518 -21.5595 -21.5595
4.16 -34.5132 -0.440024 -23.2451 -20.6212 -20.6212
4.17 -34.0725 -4.52581 -23.8201 -19.9857 -19.9857
4.18 -33.776 -7.55799 -26.1843 -19.7576 -19.7576
4.19 -33.6121 -9.90246 -29.5453 -19.7044 -19.7044
4.2 -33.5488 -12.1586 -32.9528 -19.4314 -19.4314
4.21 -33.5494 -14.675 -35.9109 -18.6975 -18.6975
4.22 -33.5976 -16.9557 -38.1568 -17.5597 -17.5597
4.23 -33.6944 -18.2412 -39.6106 -16.2332 -16.2332
4.24 -33.8412 -18.3786 -40.4133 -14.8955 -14.8955
4.25 -34.0415 -17.5078 -40.0768 -13.5752 -13.5752
4.26 -34.3001 -15.6118 -37.465 -12.0792 -12.0792
4.27 -34.6075 -12.6712 -32.0949 -10.082 -10.082
4.28 -34.9443 -8.68444 -24.3873 -7.42743 -7.42743
4.29 -35.2922 -3.76398 -15.108 -4.32322 -4.32322
4.3 -35.6352 1.52676 -5.65654 -1.25839 -1.25839
4.31 -35.9692 6.48323 2.04258 1.15838 1.15838
4.32 -36.3174 10.9517 6.90981 2.39957 2.39957
4.33 -36.7238 15.2292 9.37845 2.32473 2.32473
4.34 -37.223 19.3355 10.6764 1.32359 1.32359
4.35 -37.8201 22.8517 12.0777 0.0410127 0.0410127
4.36 -38.4963 25.6793 14.4249 -1.05634 -1.05634
4.37 -39.2239 28.5621 17.6561 -1.85333 -1.85333
4.38 -39.9723 32.4595 20.9317 -2.45013 -2.45013
4.39 -40.703 37.3667 23.19 -2.95438 -2.95438
4.4 -41.3713 42.1384 23.7861 -3.37615 -3.37615
4.41 -41.9489 45.762 23.1758 -3.59422 -3.59422
4.42 -42.4402 48.3744 22.6944 -3.34904 -3.34904
4.43 -42.8769 51.0011 23.665 -2.34497 -2.34497
4.44 -43.3063 54.7363 27.0092 -0.438067 -0.438067
4.45 -43.7696 59.912 32.7851 2.26326 2.26326
4.46 -44.2795 65.8675 39.4543 5.40253 5.40253
4.47 -44.8238 71.8278 44.5264 8.43971 8.43971
4.48 -45.3841 77.604 46.4559 10.8927 10.8927
4.49 -45.935 83.0385 45.4231 12.6825 12.6825
4.5 -46.4415 87.5145 42.501 14.1607 14.1607
4.51 -46.8766 90.7184 38.9924 15.7189 15.7189
4.52 -47.2397 93.3111 36.2536 17.4649 17.4649
4.53 -47.5379 96.0031 34.9301 19.2647 19.2647
4.54 -47.7619 98.5282 34.6796 20.9044 20.9044
4.55 -47.8986 100.306 35.0392 22.199 22.199
4.56 -47.9476 101.412 35.6145 23.1125 23.1125
4.57 -47.9208 102.39 35.845 23.8002 23.8002
4.58 -47.8408 103.732 35.6306 24.4997 24.4997
4.59 -47.7464 105.849 35.8496 25.4254 25.4254
4.6 -47.6882 109.11 37.7068 26.7299 26.7299
4.61 -47.7022 113.275 41.382 28.376 28.376
4.62 -47.7831 117.003 45.5588 29.9353 29.9353
4.63 -47.8967 118.836 48.8437 30.6812 30.6812
4.64 -48.0219 118.88 51.4071 30.1507 30.1507
4.65 -48.1705 118.952 54.4023 28.634 28.634
4.66 -48.3713 121.098 57.974 26.9068 26.9068
4.67 -48.6448 126.104 60.7595 25.436 25.436
4.68 -48.9887 133.124 61.2708 24.0231 24.0231
4.69 -49.3803 140.573 59.2488 22.2628 22.2628
4.7 -49.7942 147.408 55.9481 20.1759 20.1759
4.71 -50.2154 153.453 53.3885 18.307 18.307
4.72 -50.6362 158.765 52.7836 17.2753 17.2753
4.73 -51.0559 163.422 53.6545 17.2666 17.2666
4.74 -51.4889 167.785 54.8584 17.9539 17.9539
4.75 -51.9579 172.247 55.8115 18.894 18.894
4.76 -52.4851 177.019 56.6503 19.9433 19.9433
4.77 -53.0929 182.325 58.0631 21.3089 21.3089
4.78 -53.7924 188.168 60.4558 23.3054 23.3054
4.79 -54.5614 193.888 62.903 26.04 26.04
4.8 -55.3465 198.538 63.9005 29.2439 29.2439
4.81 -56.0872 201.761 62.7692 32.4241 32.4241
4.82 -56.7362 204.078 59.5621 35.1687 35.1687
4.83 -57.2683 206.257 54.9173 37.2824 37.2824
4.84 -57.6841 208.52 50.6602 38.8092 38.8092
4.85 -58.0031 210.526 48.6915 40.0624 40.0624
4.86 -58.2393 211.659 48.1993 41.3652 41.3652
4.87 -58.3885 211.489 45.8755 42.5125 42.5125
4.88 -58.4508 210.559 39.8228 42.7947 42.7947
4.89 -58.4406 209.996 31.6267 41.8954 41.8954
4.9 -58.3651 210.165 24.4062 40.521 40.521
4.91 -58.2217 210.65 19.95 39.7827 39.7827
4.92 -58.0218 211.58 18.0274 40.0829 40.0829
4.93 -57.8046 214.001 17.6401 40.8705 40.8705
4.94 -57.6075 218.414 17.6623 41.3155 41.3155
4.95 -57.4296 223.612 16.6539 40.8594 40.8594
4.96 -57.2334 227.48 13.7226 39.2296 39.2296
4.97 -56.9659 228.417 9.58907 36.4426 36.4426
4.98 -56.5707 225.821 5.48739 32.9269 32.9269
4.99 -56.0005 220.133 1.21622 29.2545 29.2545
5 -55.255 213.21 -4.31188 25.5883 25.5883
5.01 -54.3971 207.63 -11.0062 21.6728 21.6728
5.02 -53.5056 204.337 -17.6425 17.421 17.421
5.03 -52.6237 201.696 -23.2943 13.1845 13.1845
5.04 -51.7629 197.506 -27.6505 9.39523 9.39523
5.05 -50.9212 190.95 -31.0058 6.22133 6.22133
5.06 -50.0805 182.352 -34.7547 3.55037 3.55037
5.07 -49.2231 172.718 -40.4727 1.06548 1.06548
5.08 -48.3647 163.722 -47.9938 -1.56266 -1.56266
5.09 -47.5513 156.883 -55.681 -4.32375 -4.32375
5.1 -46.8282 152.641 -62.3688 -6.79284 -6.79284
5.11 -46.2288 150.598 -67.6238 -8.51091 -8.51091
5.12 -45.7779 150.399 -70.87 -9.28985 -9.28985
5.13 -45.4793 151.779 -72.2482 -9.18046 -9.18046
5.14 -45.2891 153.724 -73.8576 -8.51109 -8.51109
5.15 -45.1248 154.645 -78.262 -8.01772 -8.01772
5.16 -44.919 154.045 -86.0533 -8.5004 -8.5004
5.17 -44.6518 153.097 -96.2071 -10.1394 -10.1394
5.18 -44.3441 153.36 -107.658 -12.3871 -12.3871
5.19 -44.0548 155.946 -119.24 -14.5644 -14.5644
5.2 -43.8758 161.521 -128.902 -16.2651 -16.2651
5.21 -43.8867 169.51 -134.429 -17.202 -17.202
5.22 -44.0851 177.032 -135.321 -17.143 -17.143
5.23 -44.3785 180.15 -132.843 -16.2367 -16.2367
5.24 -44.637 176.582 -128.652 -15.0986 -15.0986
5.25 -44.742 166.638 -124.369 -14.3832 -14.3832
5.26 -44.6202 152.311 -121.098 -14.4123 -14.4123
5.27 -44.2653 136.054 -118.635 -15.1945 -15.1945
5.28 -43.7229 119.665 -116.153 -16.5911 -16.5911
5.29 -43.0549 103.941 -113.483 -18.4684 -18.4684
5.3 -42.3283 89.606 -110.562 -20.7524 -20.7524
5.31 -41.6093 77.8202 -106.6 -23.2521 -23.2521
5.32 -40.9347 69.0488 -101.033 -25.4948 -25.4948
5.33 -40.2977 62.2561 -94.2069 -26.9735 -26.9735
5.34 -39.6682 55.6482 -86.6732 -27.559 -27.559
5.35 -39.0201 47.8082 -78.3236 -27.5104 -27.5104
5.36 -38.3427 38.0888 -68.469 -27.1059 -27.1059
5.37 -37.6346 26.5086 -57.5205 -26.49 -26.49
5.38 -36.8981 13.7742 -47.8609 -25.9573 -25.9573
5.39 -36.1393 1.04009 -41.2579 -26.0392 -26.0392
5.4 -35.3639 -10.6617 -36.2665 -26.8946 -26.8946
5.41 -34.5731 -20.4779 -29.6926 -27.7444 -27.7444
5.42 -33.7736 -27.3088 -19.8584 -27.3503 -27.3503
5.43 -32.9869 -30.0702 -8.28034 -25.1706 -25.1706
5.44 -32.2401 -28.9349 1.55123 -21.879 -21.879
5.45 -31.5591 -25.9369 7.55065 -18.6726 -18.6726
5.46 -30.9801 -23.7548 10.696 -16.1566 -16.1566
5.47 -30.5503 -24.0679 13.3029 -13.9984 -13.9984
5.48 -30.3121 -27.1777 17.0823 -11.5616 -11.5616
5.49 -30.287 -32.5228 22.7752 -8.60402 -8.60402
5.5 -30.4604 -39.3807 29.7818 -5.3568 -5.3568
5.51 -30.782 -47.0788 36.2369 -2.25173 -2.25173
5.52 -31.2026 -54.3357 41.1059 0.361442 0.361442
5.53 -31.6998 -59.4293 45.2797 2.52024 2.52024
5.54 -32.2615 -61.563 49.7622 4.70924 4.70924
5.55 -32.8852 -60.864 54.4582 7.41627 7.41627
5.56 -33.5925 -57.2392 58.5477 10.653 10.653
5.57 -34.4078 -50.8068 60.9467 13.9649 13.9649
5.58 -35.3207 -43.1178 60.9805 16.752 16.752
5.59 -36.2823 -36.7128 58.9284 18.5214 18.5214
5.6 -37.2329 -33.2722 55.4334 19.0128 19.0128
5.61 -38.1269 -32.5502 50.7668 18.2691 18.2691
5.62 -38.9485 -32.7962 45.4421 16.667 16.667
5.63 -39.7178 -31.7317 41.2259 14.9 14.9
5.64 -40.4812 -27.3947 40.2822 13.7978 13.7978
5.65 -41.2825 -18.7565 42.9219 13.8626 13.8626
5.66 -42.1311 -6.11996 46.8056 14.807 14.807
5.67 -42.989 8.97257 48.6476 15.6595 15.6595
5.68 -43.793 24.7394 46.937 15.5355 15.5355
5.69 -44.4971 40.4812 43.0279 14.3922 14.3922
5.7 -45.1001 56.81 39.5788 12.9941 12.9941
5.71 -45.6354 74.4225 38.1525 12.1092 12.1092
5.72 -46.147 92.9312 38.5286 11.7873 11.7873
5.73 -46.6768 111.048 40.1652 11.4848 11.4848
5.74 -47.2663 127.806 43.6594 10.8661 10.8661
5.75 -47.9634 143.57 50.4284 10.3654 10.3654
5.76 -48.814 159.719 60.9857 10.8934 10.8934
5.77 -49.846 177.435 73.9645 13.0281 13.0281
5.78 -51.0592 196.904 86.7427 16.539 16.539
5.79 -52.4178 217.218 96.086 20.579 20.579
5.8 -53.8504 236.603 98.7641 24.1226 24.1226
5.81 -55.272 253.256 93.2297 26.3041 26.3041
5.82 -56.6528 267.257 82.2847 26.8925 26.8925
5.83 -58.0572 281.065 72.7007 26.8723 26.8723
5.84 -59.5814 296.631 69.907 28.1901 28.1901
5.85 -61.252 312.285 73.4663 32.2164 32.2164
5.86 -62.9951 323.685 78.6745 38.3677 38.3677
5.87 -64.6917 327.824 81.0765 44.6204 44.6204
5.88 -66.2372 325.25 78.6028 49.374 49.374
5.89 -67.5711 318.984 71.7574 52.5841 52.5841
5.9 -68.6831 312.125 63.1054 55.3345 55.3345
5.91 -69.587 306.079 55.3565 58.7131 58.7131
5.92 -70.2978 300.742 50.292 63.0173 63.0173
5.93 -70.8184 295.403 49.2457 67.7064 67.7064
5.94 -71.1157 288.646 52.7593 71.9015 71.9015
5.95 -71.1193 278.586 59.5427 74.8588 74.8588
5.96 -70.7567 264.209 66.474 76.0974 76.0974
5.97 -69.9928 246.301 70.4113 75.4157 75.4157
5.98 -68.8431 226.953 70.1681 73.0346 73.0346
5.99 -67.3502 208.111 66.0218 69.5663 69.5663
6 -65.5414 190.25 57.4714 65.4348 65.4348
6.01 -63.4036 172.245 42.7389 60.2062 60.2062
6.02 -60.8908 152.283 21.1847 52.8313 52.8313
6.03 -57.9273 128.17 -5.21281 42.8083 42.8083
6.04 -54.4259 98.0982 -33.017 30.9268 30.9268
6.05 -50.3574 62.9025 -58.8868 18.7187 18.7187
6.06 -45.8009 26.5857 -80.8911 7.33885 7.33885
6.07 -40.9389 -5.95103 -98.9476 -2.95521 -2.95521
6.08 -36.0168 -31.15 -113.952 -12.4454 -12.4454
6.09 -31.2796 -48.1121 -127.717 -21.402 -21.402
6.1 -26.912 -58.5517 -142.446 -29.9777 -29.9777
6.11 -23.008 -65.3786 -158.503 -38.3037 -38.3037
6.12 -19.5709 -71.3059 -173.548 -46.3704 -46.3704
6.13 -16.5337 -78.2508 -184.285 -53.9478 -53.9478
6.14 -13.819 -86.5846 -187.538 -60.8325 -60.8325
6.15 -11.4008 -95.1708 -180.389 -67.0561 -67.0561
6.16 -9.31275 -102.899 -161.782 -72.777 -72.777
6.17 -7.62589 -109.578 -133.642 -78.1691 -78.1691
6.18 -6.41943 -115.802 -99.7899 -83.4098 -83.4098
6.19 -5.72044 -123.472 -64.6986 -88.5638 -88.5638
6.2 -5.44384 -136.155 -32.5269 -93.4891 -93.4891
6.21 -5.42947 -156.69 -4.88277 -97.898 -97.898
6.22 -5.55079 -183.915 20.8749 -101.295 -101.295
6.23 -5.79563 -212.439 49.7255 -102.789 -102.789
6.24 -6.25399 -236.508 84.62 -101.385 -101.385
6.25 -7.03219 -254.631 123.416 -96.905 -96.905
6.26 -8.15673 -270.85 159.104 -90.6767 -90.6767
6.27 -9.53442 -291.632 182.791 -85.0806 -85.0806
6.28 -10.9963 -320.763 188.742 -82.1022 -82.1022
6.29 -12.3953 -356.092 178.616 -81.8337 -81.8337
6.3 -13.6787 -390.332 160.858 -81.9982 -81.9982
6.31 -14.8658 -415.85 143.351 -79.231 -79.231
6.32 -15.9744 -428.937 126.086 -71.6736 -71.6736
6.33 -17.0005 -429.583 101.861 -60.7297 -60.7297
6.34 -17.9279 -419.411 62.5495 -50.0678 -50.0678
6.35 -18.7296 -400.446 5.24507 -42.7001 -42.7001
6.36 -19.4074 -373.91 -64.8133 -38.7788 -38.7788
6.37 -20.0598 -338.346 -134.93 -35.5611 -35.5611
6.38 -20.894 -290.029 -190.251 -29.0315 -29.0315
6.39 -22.1082 -227.739 -223.747 -16.3415 -16.3415
6.4 -23.7549 -156.495 -241.163 1.85241 1.85241
6.41 -25.7513 -84.6242 -252.607 21.2507 21.2507
6.42 -27.9694 -19.2664 -261.801 37.1457 37.1457
6.43 -30.2274 33.9875 -265.802 48.1341 48.1341
6.44 -32.2986 70.7842 -259.553 56.3007 56.3007
6.45 -33.9922 90.1131 -238.354 64.2551 64.2551
6.46 -35.2011 95.0381 -199.677 72.6796 72.6796
6.47 -35.8826 89.7729 -145.839 80.0469 80.0469
6.48 -36.0274 76.806 -84.3449 83.4565 83.4565
6.49 -35.6802 56.8838 -23.6101 79.902 79.902
6.5 -34.9662 30.6473 31.6976 68.0602 68.0602
6.51 -34.0865 0.060148 80.7651 49.5659 49.5659
6.52 -33.2552 -32.0303 123.243 28.133 28.133
6.53 -32.6138 -63.8863 156.234 6.80651 6.80651
6.54 -32.2034 -94.6798 174.893 -14.1541 -14.1541
6.55 -32.0352 -121.734 177.354 -36.602 -36.602
6.56 -32.1617 -139.634 167.534 -61.6793 -61.6793
6.57 -32.6841 -142.573 152.574 -87.7311 -87.7311
6.58 -33.7281 -126.781 138.937 -110.852 -110.852
6.59 -35.3757 -91.9975 129.386 -127.194 -127.194
6.6 -37.5999 -41.415 121.258 -135.03 -135.03
6.61 -40.2684 20.7999 108.055 -135.373 -135.373
6.62 -43.2172 92.1539 83.3164 -130.958 -130.958
6.63 -46.3172 171.972 43.2799 -124.35 -124.35
6.64 -49.5101 259.605 -11.9092 -116.495 -116.495
6.65 -52.8001 352.241 -78.1396 -106.636 -106.636
6.66 -56.2016 443.918 -149.404 -93.4267 -93.4267
6.67 -59.7088 527.647 -220.33 -76.2605 -76.2605
6.68 -63.2752 597.559 -285.7 -55.7761 -55.7761
6.69 -66.8524 650.824 -340.753 -33.1141 -33.1141
6.7 -70.3709 686.497 -381.907 -8.79518 -8.79518
6.71 -73.7088 703.106 -408.165 17.4858 17.4858
6.72 -76.6798 698.588 -421.319 46.0204 46.0204
6.73 -79.1079 673.545 -423.374 76.2572 76.2572
6.74 -80.9335 634.098 -413.693 106.882 106.882
6.75 -82.2505 590.38 -390.258 136.485 136.485
6.76 -83.2612 551.832 -351.632 163.872 163.872
6.77 -84.2143 523.856 -296.954 187.982 187.982
6.78 -85.3244 507.481 -226.939 207.869 207.869
6.79 -86.7156 501.137 -145.921 222.571 222.571
6.8 -88.4058 502.668 -61.8719 230.682 230.682
6.81 -90.3501 510.849 16.6872 230.329 230.329
6.82 -92.4907 525.72 83.9505 220.152 220.152
6.83 -94.7713 547.427 136.554 200.391 200.391
6.84 -97.102 574.818 171.759 172.766 172.766
6.85 -99.3499 605.729 188.325 139.399 139.399
6.86 -101.372 638.745 189.451 102.357 102.357
6.87 -103.03 673.425 182.307 64.1412 64.1412
6.88 -104.174 708.472 173.062 27.7862 27.7862
6.89 -104.648 740.68 163.256 -4.14139 -4.14139
6.9 -104.328 765.715 150.914 -30.4138 -30.4138
6.91 -103.196 780.795 134.488 -50.6818 -50.6818
6.92 -101.4 786.692 114.371 -64.374 -64.374
6.93 -99.1945 785.839 89.4863 -70.6732 -70.6732
6.94 -96.8152 778.231 54.8965 -69.8099 -69.8099
6.95 -94.3795 760.175 5.36436 -63.8142 -63.8142
6.96 -91.887 727.701 -59.0102 -55.264 -55.264
6.97 -89.2743 680.837 -131.816 -45.2299 -45.2299
6.98 -86.4664 624.448 -204.788 -32.8397 -32.8397
6.99 -83.4103 565.584 -272.417 -16.9058 -16.9058
7 -80.1043 510.363 -331.737 2.47943 2.47943
7.01 -76.644 463.458 -378.639 24.2795 24.2795
7.02 -73.218 428.185 -408.071 47.9797 47.9797
7.03 -69.9967 404.331 -418.77 73.7687 73.7687
7.04 -66.9846 385.787 -415.525 100.911 100.911
7.05 -63.9507 361.202 -406.673 126.454 126.454
7.06 -60.5015 319.684 -397.657 146.14 146.14
7.07 -56.2784 257.636 -385.512 156.904 156.904
7.08 -51.0714 178.8 -362.327 158.415 158.415
7.09 -44.8411 89.3502 -322.9 151.955 151.955
7.1 -37.7047 -5.48573 -268.735 138.016 138.016
7.11 -29.9024 -101.541 -206.93 115.478 115.478
7.12 -21.7719 -193.879 -145.926 83.1218 83.1218
7.13 -13.6411 -277.925 -93.3922 41.42 41.42
7.14 -5.72608 -351.569 -54.8659 -7.38109 -7.38109
7.15 1.83545 -413.92 -34.1357 -60.5136 -60.5136
7.16 8.97265 -464.867 -31.0053 -115.634 -115.634
7.17 15.6337 -504.739 -42.0333 -170.765 -170.765
7.18 21.7704 -535.148 -61.3292 -223.956 -223.956
7.19 27.3027 -558.131 -82.1118 -273.331 -273.331
7.2 32.1055 -575.168 -98.878 -317.245 -317.245
7.21 36.0275 -586.751 -108.722 -354.17 -354.17
7.22 38.9235 -592.004 -110.244 -382.257 -382.257
7.23 40.6937 -589.205 -103.34 -399.055 -399.055
7.24 41.3368 -577.658 -90.7649 -402.227 -402.227
7.25 40.9708 -559.078 -78.2325 -391.075 -391.075
7.26 39.7962 -537.169 -71.7251 -367.385 -367.385
7.27 38.012 -515.83 -73.9359 -334.426 -334.426
7.28 35.7486 -497.664 -83.2919 -295.065 -295.065
7.29 33.0468 -483.809 -96.1643 -250.936 -250.936
7.3 29.8704 -474.377 -108.347 -203.095 -203.095
7.31 26.1297 -468.472 -114.615 -152.747 -152.747
7.32 21.7333 -464.835 -110.799 -101.113 -101.113
7.33 16.7089 -464.346 -99.4957 -49.4232 -49.4232
7.34 11.2891 -470.936 -91.5068 0.243338 0.243338
7.35 5.83413 -488.097 -98.0482 44.6522 44.6522
7.36 0.667406 -514.183 -120.809 81.1418 81.1418
7.37 -4.04117 -541.789 -150.31 109.862 109.862
7.38 -8.25083 -562.484 -173.956 133.461 133.461
7.39 -11.9455 -572.122 -185.168 153.899 153.899
7.4 -15.1303 -570.278 -184.117 169.797 169.797
7.41 -17.875 -556.09 -172.464 177.459 177.459
7.42 -20.3228 -526.874 -150.336 174.33 174.33
7.43 -22.6489 -480.562 -118.594 160.938 160.938
7.44 -24.9647 -418.981 -83.8343 139.454 139.454
7.45 -27.2779 -347.561 -57.6278 111.043 111.043
7.46 -29.5347 -271.67 -48.9179 75.2979 75.2979
7.47 -31.6863 -193.719 -57.4066 32.2492 32.2492
7.48 -33.7422 -113.003 -73.5526 -15.6901 -15.6901
7.49 -35.7829 -27.2091 -84.915 -64.0768 -64.0768
7.5 -37.9536 66.2341 -83.7165 -108.55 -108.55
7.51 -40.4396 169.182 -69.1791 -146.397 -146.397
7.52 -43.4325 281.976 -43.5296 -176.164 -176.164
7.53 -47.0968 402.47 -8.48513 -196.267 -196.267
7.54 -51.5148 525.265 33.4872 -204.652 -204.652
7.55 -56.6907 643.202 77.3298 -200.092 -200.092
7.56 -62.5257 748.286 114.298 -183.563 -183.563
7.57 -68.8169 832.951 135.238 -158.049 -158.049
7.58 -75.3729 893.307 138.86 -126.674 -126.674
7.59 -82.0949 931.156 135.369 -90.6347 -90.6347
7.6 -88.9799 951.953 138.087 -49.0735 -49.0735
7.61 -95.9985 959.943 151.324 -1.47078 -1.47078
7.62 -103.011 955.614 167.211 49.843 49.843
7.63 -109.774 937.328 172.979 100.084 100.084
7.64 -116.012 904.767 160.951 145.155 145.155
7.65 -121.478 860.697 132.221 184.109 184.109
7.66 -126.041 811.287 94.6252 218.586 218.586
7.67 -129.706 764.052 57.8332 250.461 250.461
7.68 -132.544 723.951 27.0047 279.988 279.988
7.69 -134.602 691.71 1.123 305.289 305.289
7.7 -135.916 666.605 -21.2283 323.278 323.278
7.71 -136.556 649.704 -36.4701 331.705 331.705
7.72 -136.605 643.274 -38.6016 330.792 330.792
7.73 -136.1 648.108 -25.9992 322.711 322.711
7.74 -135.025 663.101 -3.02687 309.49 309.49
7.75 -133.362 687.135 24.811 291.875 291.875
7.76 -131.125 719.824 54.9574 270.13 270.13
7.77 -128.357 760.171 86.91 244.995 244.995
7.78 -125.109 805.544 118.994 217.351 217.351
7.79 -121.43 851.782 147.17 187.442 187.442
7.8 -117.367 893.976 168.087 155.211 155.211
7.81 -112.974 927.939 182.686 121.562 121.562
7.82 -108.382 952.322 197.213 89.0468 89.0468
7.83 -103.828 968.612 221.193 61.2057 61.2057
7.84 -99.6256 978.204 261.664 41.2315 41.2315
7.85 -96.0506 978.869 317.945 30.7705 30.7705
7.86 -93.263 964.769 383.138 29.5632 29.5632
7.87 -91.2886 930.07 449.488 36.2511 36.2511
7.88 -90.0164 871.702 510.592 49.4338 49.4338
7.89 -89.1792 789.227 560.915 67.6776 67.6776
7.9 -88.3865 683.593 596.123 88.7073 88.7073
7.91 -87.2103 556.785 613.504 109.312 109.312
7.92 -85.2943 413.381 613.666 126.557 126.557
7.93 -82.4697 261.817 601.201 139.173 139.173
7.94 -78.8026 113.208 582.295 147.83 147.83
7.95 -74.5454 -22.326 560.475 154.085 154.085
7.96 -70.0201 -138.552 533.673 158.898 158.898
7.97 -65.4948 -233.44 496.711 162.024 162.024
7.98 -61.1435 -307.122 445.309 162.669 162.669
7.99 -57.0179 -360.57 379.83 160.466 160.466
8 -53.0806 -394.875 306.714 155.778 155.778
8.01 -49.2091 -412.223 234.289 149.116 149.116
8.02 -45.1695 -417.601 167.005 140.115 140.115
8.03 -40.6863 -417.081 105.158 127.066 127.066
8.04 -35.558 -413.27 50.3111 108.045 108.045
8.05 -29.7573 -403.823 6.9412 82.974 82.974
8.06 -23.3903 -385.07 -22.268 54.2101 54.2101
8.07 -16.5935 -357.21 -42.1042 24.5821 24.5821
8.08 -9.48145 -324.868 -62.6657 -4.96355 -4.96355
8.09 -2.16994 -293.971 -90.3819 -35.1856 -35.1856
8.1 5.17309 -269.452 -123.235 -66.2268 -66.2268
8.11 12.3538 -254.855 -154.472 -96.4213 -96.4213
8.12 19.1324 -252.467 -177.209 -123.649 -123.649
8.13 25.2473 -263.279 -186.169 -146.979 -146.979
8.14 30.4513 -288.365 -178.286 -166.478 -166.478
8.15 34.6204 -329.859 -153.395 -182.136 -182.136
8.16 37.787 -390.263 -114.192 -193.709 -193.709
8.17 40.109 -469.421 -65.7455 -201.308 -201.308
8.18 41.7708 -562.309 -14.3332 -205.527 -205.527
8.19 42.9197 -659.983 34.0894 -206.843 -206.843
8.2 43.6713 -753.48 74.334 -205.189 -205.189
8.21 44.1056 -836.774 102.148 -200.495 -200.495
8.22 44.2853 -907.349 115.02 -193.654 -193.654
8.23 44.2844 -965.923 112.037 -186.719 -186.719
8.24 44.1994 -1015.32 93.5257 -182.129 -182.129
8.25 44.1293 -1058.34 61.196 -181.583 -181.583
8.26 44.1166 -1095.68 17.7583 -185.263 -185.263
8.27 44.1763 -1126.44 -35.0914 -191.986 -191.986
8.28 44.3072 -1148.76 -97.2816 -200.197 -200.197
8.29 44.4747 -1159.74 -168.159 -208.849 -208.849
8.3 44.6517 -1156.6 -245.811 -217.28 -217.28
8.31 44.885 -1138.96 -328.917 -224.729 -224.729
8.32 45.2683 -1108.09 -416.353 -230.5 -230.5
8.33 45.9255 -1065.44 -504.969 -234.394 -234.394
8.34 46.9479 -1011.43 -589.892 -236.566 -236.566
8.35 48.3765 -946.511 -667.556 -237.211 -237.211
8.36 50.1314 -871.635 -735.815 -236.799 -236.799
8.37 52.0819 -790.149 -795.419 -236.346 -236.346
8.38 54.0761 -708.428 -848.66 -237.006 -237.006
8.39 55.9564 -634.499 -896.155 -239.257 -239.257
8.4 57.6119 -575.515 -936.927 -242.582 -242.582
8.41 58.9869 -536.949 -970.145 -246.102 -246.102
8.42 60.1581 -522.106 -996.483 -249.558 -249.558
8.43 61.2662 -530.704 -1016.01 -253.605 -253.605
8.44 62.4975 -560.236 -1028.4 -259.232 -259.232
8.45 64.0136 -606.548 -1032.3 -267.02 -267.02
8.46 65.9458 -665.793 -1026.89 -276.922 -276.922
8.47 68.2951 -732.899 -1011.71 -288.522 -288.522
8.48 70.9725 -802.932 -987.489 -301.316 -301.316
8.49 73.7736 -870.342 -957.466 -314.945 -314.945
8.5 76.4616 -930.491 -927.768 -329.572 -329.572
8.51 78.7969 -979.188 -903.754 -345.897 -345.897
8.52 80.5735 -1013.2 -886.835 -364.355 -364.355
8.53 81.5778 -1029.62 -874.601 -384.263 -384.263
8.54 81.6271 -1026.45 -863.327 -404.005 -404.005
8.55 80.6857 -1004.36 -852.792 -422.277 -422.277
8.56 78.8205 -966.661 -846.29 -439.243 -439.243
8.57 76.2158 -916.991 -848.222 -456.304 -456.304
8.58 73.1287 -857.346 -860.789 -474.417 -474.417
8.59 69.7697 -787.193 -882.673 -492.649 -492.649
8.6 66.3177 -705.973 -912.195 -508.45 -508.45
8.61 62.9222 -616.011 -950.316 -519.471 -519.471
8.62 59.7171 -522.585 -999.326 -525.192 -525.192
8.63 56.7788 -432.094 -1058.42 -526.596 -526.596
8.64 54.1473 -350.986 -1124.6 -524.499 -524.499
8.65 51.852 -285.807 -1194.3 -518.805 -518.805
8.66 49.8566 -241.383 -1263.04 -509.128 -509.128
8.67 48.1501 -218.302 -1327.75 -495.294 -495.294
8.68 46.6401 -215.655 -1383.91 -477.07 -477.07
8.69 45.2545 -229.607 -1429.11 -453.991 -453.991
8.7 43.9559 -257.359 -1463.35 -425.993 -425.993
8.71 42.7384 -295.672 -1488.7 -394.344 -394.344
8.72 41.5537 -339.188 -1505.47 -361.439 -361.439
8.73 40.3902 -380.937 -1512.19 -329.155 -329.155
8.74 39.1903 -414.862 -1505.58 -297.836 -297.836
8.75 37.9194 -438.445 -1483.2 -267.472 -267.472
8.76 36.6476 -452.9 -1447.87 -239.521 -239.521
8.77 35.4465 -459.682 -1404 -217.012 -217.012
8.78 34.2766 -456.665 -1352.23 -202.724 -202.724
8.79 32.9372 -437.679 -1289.6 -197.056 -197.056
8.8 31.074 -395.836 -1211.81 -197.553 -197.553
8.81 28.2844 -327.367 -1116.65 -200.569 -200.569
8.82 24.2212 -233.141 -1004.96 -203.371 -203.371
8.83 18.7079 -118.578 -881.691 -205.109 -205.109
8.84 11.8103 7.39299 -755.894 -206.648 -206.648
8.85 3.82037 134.557 -638.694 -209.895 -209.895
8.86 -4.85412 255.047 -539.058 -216.709 -216.709
8.87 -13.8467 365.366 -459.925 -227.476 -227.476
8.88 -22.9393 466.94 -396.874 -240.306 -240.306
8.89 -32.1002 563.661 -340.979 -251.665 -251.665
8.9 -41.3719 656.064 -286.629 -257.885 -257.885
8.91 -50.8517 741.396 -233.947 -256.587 -256.587
8.92 -60.5971 816.185 -185.856 -247.311 -247.311
8.93 -70.6524 878.197 -145.286 -230.497 -230.497
8.94 -81.0305 927.149 -112.172 -205.691 -205.691
8.95 -91.658 963.025 -85.1466 -171.42 -171.42
8.96 -102.411 985.449 -61.8523 -126.873 -126.873
8.97 -113.139 995.369 -39.5956 -73.1564 -73.1564
8.98 -123.685 995.859 -17.0494 -13.0104 -13.0104
8.99 -133.964 990.721 8.03394 50.1687 50.1687
9 -143.921 983.746 37.5471 113.257 113.257
9.01 -153.432 979.095 71.5287 174.39 174.39
9.02 -162.287 981.049 109.854 233.542 233.542
9.03 -170.348 993.769 153.821 291.804 291.804
9.04 -177.566 1020.34 205.157 349.771 349.771
9.05 -183.889 1061.13 262.714 406.548 406.548
9.06 -189.267 1113.01 324.798 460.047 460.047
9.07 -193.61 1170.32 390.638 507.93 507.93
9.08 -196.877 1225.96 460.626 548.286 548.286
9.09 -199.061 1273.42 538.033 579.878 579.878
9.1 -200.136 1307.88 626.921 602.079 602.079
9.11 -200.048 1326.83 725.912 614.675 614.675
9.12 -198.735 1329.71 830.549 617.507 617.507
9.13 -196.181 1317.12 934.228 610.029 610.029
9.14 -192.46 1290.95 1030.86 591.829 591.829
9.15 -187.722 1255.1 1119.32 563.872 563.872
9.16 -182.209 1212.98 1199.92 528.789 528.789
9.17 -176.186 1166.87 1271.67 489.645 489.645
9.18 -169.922 1116.3 1330.35 448.25 448.25
9.19 -163.554 1057.9 1371.48 404.539 404.539
9.2 -157.085 986.361 1393.94 357.646 357.646
9.21 -150.455 897.43 1401.29 307.998 307.998
9.22 -143.589 790.958 1400.56 258.482 258.482
9.23 -136.48 670.536 1397.15 213.439 213.439
9.24 -129.144 541.914 1391.95 176.681 176.681
9.25 -121.629 410.658 1381.99 150.265 150.265
9.26 -113.991 281.099 1364.15 134.538 134.538
9.27 -106.325 158.12 1336.95 128.904 128.904
9.28 -98.7024 47.1023 1304.05 132.805 132.805
9.29 -91.2535 -46.0567 1271.48 146.233 146.233
9.3 -84.061 -119.541 1242.61 169.059 169.059
9.31 -77.1302 -177.273 1215.96 199.578 199.578
9.32 -70.4402 -225.454 1188.31 234.058 234.058
9.33 -64.0041 -267.691 1157.7 268.15 268.15
9.34 -57.8379 -305.304 1122.95 298.609 298.609
9.35 -51.979 -338.896 1082.56 323.683 323.683
9.36 -46.4648 -368.864 1035.76 342.569 342.569
9.37 -41.3244 -394.484 983.438 355.055 355.055
9.38 -36.5683 -413.811 927.196 361.321 361.321
9.39 -32.1677 -424.983 868.487 361.371 361.371
9.4 -28.1219 -426.187 809.609 354.744 354.744
9.41 -24.4989 -415.253 755.125 341.22 341.22
9.42 -21.4664 -390.501 710.498 321.824 321.824
9.43 -19.2266 -353.167 678.336 298.679 298.679
9.44 -17.9409 -307.985 657.204 273.572 273.572
9.45 -17.6693 -262.171 643.271 246.763 246.763
9.46 -18.3545 -223.149 632.76 217.249 217.249
9.47 -19.8654 -195.378 623.828 184.068 184.068
9.48 -22.0577 -178.621 616.341 147.355 147.355
9.49 -24.8002 -169.404 609.879 108.369 108.369
9.5 -27.9677 -164.088 601.48 68.6311 68.6311
9.51 -31.3888 -161.269 584.379 28.9026 28.9026
9.52 -34.8503 -161.149 551.177 -11.0954 -11.0954
9.53 -38.1872 -161.917 500.626 -51.5188 -51.5188
9.54 -41.3521 -158.369 439.347 -90.5236 -90.5236
9.55 -44.4079 -144.654 376.709 -123.851 -123.851
9.56 -47.4906 -117.244 319.407 -146.776 -146.776
9.57 -50.7708 -75.2539 269.349 -156.618 -156.618
9.58 -54.4412 -18.1442 225.904 -153.485 -153.485
9.59 -58.7279 55.9082 189.858 -138.949 -138.949
9.6 -63.8335 148.313 163.185 -114.472 -114.472
9.61 -69.8448 257.38 145.024 -81.2225 -81.2225
9.62 -76.6902 377.933 129.572 -40.8489 -40.8489
9.63 -84.1706 503.948 109.832 4.05541 4.05541
9.64 -92.0025 633.059 82.8407 50.4259 50.4259
9.65 -99.9472 766.76 51.0906 95.8498 95.8498
9.66 -107.837 907.537 18.9377 139.028 139.028
9.67 -115.579 1054.96 -12.5767 179.011 179.011
9.68 -123.088 1203.01 -47.1629 214.343 214.343
9.69 -130.19 1342.74 -90.8032 243.196 243.196
9.7 -136.782 1467.17 -144.282 264.453 264.453
9.71 -142.97 1572.44 -203.171 278.407 278.407
9.72 -148.814 1656.09 -262.856 286 286
9.73 -154.303 1717.85 -320.773 287.528 287.528
9.74 -159.466 1758.64 -373.982 282.693 282.693
9.75 -164.344 1782.22 -417.097 271.947 271.947
9.76 -168.99 1793.63 -446.658 257.044 257.044
9.77 -173.379 1794.93 -465.088 239.654 239.654
9.78 -177.405 1786.1 -479.14 219.75 219.75
9.79 -180.871 1767.4 -494.479 196.074 196.074
9.8 -183.577 1741.25 -512.209 168.249 168.249
9.81 -185.36 1711.78 -529.722 138.055 138.055
9.82 -186.145 1684.07 -542.527 108.656 108.656
9.83 -185.958 1662.09 -546.499 82.8166 82.8166
9.84 -184.88 1646.6 -540.586 61.7157 61.7157
9.85 -183.005 1635.55 -526.646 44.9181 44.9181
9.86 -180.436 1626.19 -506.435 31.3135 31.3135
9.87 -177.265 1616.51 -479.767 20.4485 20.4485
9.88 -173.554 1605.2 -445.496 13.1152 13.1152
9.89 -169.319 1591.12 -403.919 10.5485 10.5485
9.9 -164.538 1573.06 -357.741 13.1044 13.1044
9.91 -159.191 1550.59 -309.742 19.8903 19.8903
9.92 -153.327 1524.28 -259.871 29.6767 29.6767
9.93 -147.059 1494.83 -205.485 41.9548 41.9548
9.94 -140.541 1461.46 -144.452 56.9256 56.9256
9.95 -133.933 1422.34 -77.3076 74.5945 74.5945
9.96 -127.389 1376.57 -7.17278 94.1791 94.1791
9.97 -121.024 1324.84 61.2052 114.386 114.386
9.98 -114.948 1267.66 122.473 133.782 133.782
9.99 -109.307 1203.37 174.252 150.518 150.518
10 -104.09 1126.73 213.943 162.276 162.276
