0.1 -0.0870299 -3.00103e-006
0.2 -0.174163 -6.00563e-006
0.3 -0.2614 -9.01381e-006
0.4 -0.348742 -1.20256e-005
0.5 -0.436188 -1.5041e-005
0.6 -0.523739 -1.806e-005
0.7 -0.611396 -2.10826e-005
0.8 -0.699159 -2.41089e-005
0.9 -0.787028 -2.71389e-005
1 -0.875004 -3.01726e-005
0.01 -0.874254 -3.01467e-005
0.02 -0.872088 -3.0072e-005
0.03 -0.869517 -2.99833e-005
0.04 -0.867625 -2.99181e-005
0.05 -0.866623 -2.98836e-005
0.06 -0.866567 -2.98816e-005
0.07 -0.867407 -2.99106e-005
0.08 -0.869019 -2.99662e-005
0.09 -0.871219 -3.0042e-005
0.1 -0.873823 -3.01318e-005
0.11 -0.876659 -3.02296e-005
0.12 -0.879627 -3.0332e-005
0.13 -0.882693 -3.04377e-005
0.14 -0.885899 -3.05482e-005
0.15 -0.889248 -3.06637e-005
0.16 -0.892663 -3.07815e-005
0.17 -0.89603 -3.08976e-005
0.18 -0.899278 -3.10096e-005
0.19 -0.902455 -3.11191e-005
0.2 -0.905688 -3.12306e-005
0.21 -0.909044 -3.13463e-005
0.22 -0.912465 -3.14643e-005
0.23 -0.915817 -3.15799e-005
0.24 -0.918963 -3.16884e-005
0.25 -0.921847 -3.17878e-005
0.26 -0.924497 -3.18792e-005
0.27 -0.92705 -3.19672e-005
0.28 -0.929755 -3.20605e-005
0.29 -0.932959 -3.2171e-005
0.3 -0.937017 -3.23109e-005
0.31 -0.942124 -3.2487e-005
0.32 -0.948182 -3.26959e-005
0.33 -0.954857 -3.29261e-005
0.34 -0.961784 -3.3165e-005
0.35 -0.968748 -3.34051e-005
0.36 -0.975701 -3.36449e-005
0.37 -0.982556 -3.38812e-005
0.38 -0.989008 -3.41037e-005
0.39 -0.994645 -3.42981e-005
0.4 -0.999276 -3.44578e-005
0.41 -1.00303 -3.45872e-005
0.42 -1.00615 -3.46948e-005
0.43 -1.00876 -3.47847e-005
0.44 -1.01077 -3.4854e-005
0.45 -1.01211 -3.49004e-005
0.46 -1.01291 -3.49279e-005
0.47 -1.01336 -3.49435e-005
0.48 -1.01355 -3.49499e-005
0.49 -1.01339 -3.49445e-005
0.5 -1.01277 -3.49231e-005
0.51 -1.0116 -3.48827e-005
0.52 -1.0098 -3.48206e-005
0.53 -1.00726 -3.47331e-005
0.54 -1.004 -3.46206e-005
0.55 -1.00035 -3.44948e-005
0.56 -0.99674 -3.43704e-005
0.57 -0.99323 -3.42493e-005
0.58 -0.98955 -3.41224e-005
0.59 -0.985526 -3.39837e-005
0.6 -0.981254 -3.38363e-005
0.61 -0.977035 -3.36909e-005
0.62 -0.973087 -3.35547e-005
0.63 -0.969235 -3.34219e-005
0.64 -0.965038 -3.32772e-005
0.65 -0.960235 -3.31116e-005
0.66 -0.954942 -3.2929e-005
0.67 -0.949452 -3.27397e-005
0.68 -0.943821 -3.25456e-005
0.69 -0.937751 -3.23362e-005
0.7 -0.931025 -3.21043e-005
0.71 -0.923887 -3.18582e-005
0.72 -0.917015 -3.16212e-005
0.73 -0.910989 -3.14134e-005
0.74 -0.905574 -3.12267e-005
0.75 -0.899823 -3.10284e-005
0.76 -0.893076 -3.07957e-005
0.77 -0.885431 -3.05321e-005
0.78 -0.87728 -3.0251e-005
0.79 -0.868868 -2.9961e-005
0.8 -0.860322 -2.96663e-005
0.81 -0.851907 -2.93761e-005
0.82 -0.84424 -2.91117e-005
0.83 -0.837815 -2.88902e-005
0.84 -0.832543 -2.87084e-005
0.85 -0.82788 -2.85476e-005
0.86 -0.823266 -2.83885e-005
0.87 -0.8182 -2.82138e-005
0.88 -0.812428 -2.80148e-005
0.89 -0.806071 -2.77955e-005
0.9 -0.799607 -2.75727e-005
0.91 -0.793353 -2.7357e-005
0.92 -0.786865 -2.71333e-005
0.93 -0.779122 -2.68663e-005
0.94 -0.769737 -2.65427e-005
0.95 -0.760052 -2.62087e-005
0.96 -0.752299 -2.59414e-005
0.97 -0.747418 -2.57731e-005
0.98 -0.744521 -2.56731e-005
0.99 -0.742304 -2.55967e-005
1 -0.740394 -2.55308e-005
1.01 -0.739741 -2.55083e-005
1.02 -0.741503 -2.55691e-005
1.03 -0.745117 -2.56937e-005
1.04 -0.748266 -2.58023e-005
1.05 -0.74933 -2.5839e-005
1.06 -0.748863 -2.58229e-005
1.07 -0.74842 -2.58076e-005
1.08 -0.749056 -2.58295e-005
1.09 -0.750869 -2.58921e-005
1.1 -0.75319 -2.59721e-005
1.11 -0.754895 -2.60309e-005
1.12 -0.7549 -2.6031e-005
1.13 -0.753228 -2.59734e-005
1.14 -0.751826 -2.5925e-005
1.15 -0.753151 -2.59707e-005
1.16 -0.757858 -2.6133e-005
1.17 -0.764207 -2.6352e-005
1.18 -0.769182 -2.65235e-005
1.19 -0.771 -2.65862e-005
1.2 -0.77069 -2.65755e-005
1.21 -0.770771 -2.65783e-005
1.22 -0.773206 -2.66623e-005
1.23 -0.778683 -2.68511e-005
1.24 -0.786638 -2.71255e-005
1.25 -0.795681 -2.74373e-005
1.26 -0.804592 -2.77445e-005
1.27 -0.812869 -2.803e-005
1.28 -0.820412 -2.82901e-005
1.29 -0.827296 -2.85274e-005
1.3 -0.83342 -2.87386e-005
1.31 -0.838241 -2.89049e-005
1.32 -0.841832 -2.90287e-005
1.33 -0.845807 -2.91658e-005
1.34 -0.851801 -2.93724e-005
1.35 -0.859008 -2.9621e-005
1.36 -0.864582 -2.98132e-005
1.37 -0.86686 -2.98917e-005
1.38 -0.867383 -2.99098e-005
1.39 -0.869896 -2.99964e-005
1.4 -0.87753 -3.02597e-005
1.41 -0.88936 -3.06676e-005
1.42 -0.899779 -3.10269e-005
1.43 -0.903199 -3.11448e-005
1.44 -0.899113 -3.10039e-005
1.45 -0.89217 -3.07645e-005
1.46 -0.887813 -3.06142e-005
1.47 -0.887075 -3.05888e-005
1.48 -0.886065 -3.0554e-005
1.49 -0.881189 -3.03858e-005
1.5 -0.8727 -3.00931e-005
1.51 -0.862327 -2.97354e-005
1.52 -0.850141 -2.93152e-005
1.53 -0.835002 -2.87932e-005
1.54 -0.816866 -2.81678e-005
1.55 -0.797528 -2.7501e-005
1.56 -0.779143 -2.6867e-005
1.57 -0.76326 -2.63193e-005
1.58 -0.751619 -2.59179e-005
1.59 -0.746256 -2.5733e-005
1.6 -0.747755 -2.57847e-005
1.61 -0.752448 -2.59465e-005
1.62 -0.753224 -2.59733e-005
1.63 -0.746389 -2.57376e-005
1.64 -0.735629 -2.53665e-005
1.65 -0.727121 -2.50731e-005
1.66 -0.723053 -2.49329e-005
1.67 -0.720808 -2.48554e-005
1.68 -0.717084 -2.4727e-005
1.69 -0.711947 -2.45499e-005
1.7 -0.707511 -2.43969e-005
1.71 -0.703467 -2.42575e-005
1.72 -0.697187 -2.40409e-005
1.73 -0.68794 -2.37221e-005
1.74 -0.678587 -2.33995e-005
1.75 -0.673481 -2.32235e-005
1.76 -0.676092 -2.33135e-005
1.77 -0.688133 -2.37287e-005
1.78 -0.708716 -2.44385e-005
1.79 -0.733313 -2.52867e-005
1.8 -0.756312 -2.60797e-005
1.81 -0.775724 -2.67491e-005
1.82 -0.79299 -2.73445e-005
1.83 -0.809045 -2.78981e-005
1.84 -0.822345 -2.83567e-005
1.85 -0.830283 -2.86304e-005
1.86 -0.832553 -2.87087e-005
1.87 -0.832308 -2.87003e-005
1.88 -0.833236 -2.87323e-005
1.89 -0.837504 -2.88794e-005
1.9 -0.847062 -2.9209e-005
1.91 -0.863213 -2.9766e-005
1.92 -0.883972 -3.04818e-005
1.93 -0.905237 -3.12151e-005
1.94 -0.924489 -3.18789e-005
1.95 -0.941269 -3.24576e-005
1.96 -0.955386 -3.29444e-005
1.97 -0.96624 -3.33186e-005
1.98 -0.97392 -3.35835e-005
1.99 -0.980195 -3.37998e-005
2 -0.987077 -3.40371e-005
2.01 -0.994209 -3.42831e-005
2.02 -0.998026 -3.44147e-005
2.03 -0.994443 -3.42912e-005
2.04 -0.982992 -3.38963e-005
2.05 -0.967136 -3.33495e-005
2.06 -0.951316 -3.2804e-005
2.07 -0.939517 -3.23971e-005
2.08 -0.934782 -3.22339e-005
2.09 -0.938335 -3.23564e-005
2.1 -0.949964 -3.27574e-005
2.11 -0.968826 -3.34078e-005
2.12 -0.993659 -3.42641e-005
2.13 -1.02269 -3.5265e-005
2.14 -1.05266 -3.62987e-005
2.15 -1.07823 -3.71802e-005
2.16 -1.09354 -3.77084e-005
2.17 -1.0964 -3.78068e-005
2.18 -1.09151 -3.76381e-005
2.19 -1.08678 -3.74753e-005
2.2 -1.08571 -3.74381e-005
2.21 -1.08655 -3.74674e-005
2.22 -1.08723 -3.74907e-005
2.23 -1.08782 -3.75109e-005
2.24 -1.0898 -3.75794e-005
2.25 -1.09456 -3.77435e-005
2.26 -1.10308 -3.80371e-005
2.27 -1.11546 -3.84641e-005
2.28 -1.12963 -3.89527e-005
2.29 -1.14275 -3.94053e-005
2.3 -1.1542 -3.98001e-005
2.31 -1.16455 -4.01568e-005
2.32 -1.17293 -4.04459e-005
2.33 -1.17747 -4.06025e-005
2.34 -1.17762 -4.06075e-005
2.35 -1.17468 -4.05064e-005
2.36 -1.17052 -4.03628e-005
2.37 -1.16691 -4.02383e-005
2.38 -1.16509 -4.01756e-005
2.39 -1.16432 -4.01489e-005
2.4 -1.16198 -4.00682e-005
2.41 -1.15495 -3.98258e-005
2.42 -1.14121 -3.93521e-005
2.43 -1.12343 -3.87388e-005
2.44 -1.10992 -3.82731e-005
2.45 -1.10746 -3.81884e-005
2.46 -1.11367 -3.84024e-005
2.47 -1.11922 -3.85939e-005
2.48 -1.11586 -3.8478e-005
2.49 -1.10092 -3.79628e-005
2.5 -1.0763 -3.71139e-005
2.51 -1.04573 -3.60595e-005
2.52 -1.01356 -3.49503e-005
2.53 -0.983678 -3.39199e-005
2.54 -0.957547 -3.30189e-005
2.55 -0.934142 -3.22118e-005
2.56 -0.911746 -3.14395e-005
2.57 -0.88978 -3.06821e-005
2.58 -0.869193 -2.99722e-005
2.59 -0.850636 -2.93323e-005
2.6 -0.833006 -2.87244e-005
2.61 -0.81493 -2.8101e-005
2.62 -0.796847 -2.74775e-005
2.63 -0.779804 -2.68898e-005
2.64 -0.763102 -2.63139e-005
2.65 -0.744779 -2.5682e-005
2.66 -0.723583 -2.49511e-005
2.67 -0.700809 -2.41658e-005
2.68 -0.6801 -2.34517e-005
2.69 -0.664042 -2.2898e-005
2.7 -0.651912 -2.24797e-005
2.71 -0.640057 -2.20709e-005
2.72 -0.623607 -2.15037e-005
2.73 -0.600597 -2.07102e-005
2.74 -0.57672 -1.98869e-005
2.75 -0.563236 -1.94219e-005
2.76 -0.56671 -1.95417e-005
2.77 -0.584803 -2.01656e-005
2.78 -0.613714 -2.11625e-005
2.79 -0.652651 -2.25052e-005
2.8 -0.698747 -2.40947e-005
2.81 -0.744701 -2.56793e-005
2.82 -0.783301 -2.70104e-005
2.83 -0.811332 -2.7977e-005
2.84 -0.830486 -2.86375e-005
2.85 -0.844357 -2.91158e-005
2.86 -0.855864 -2.95125e-005
2.87 -0.868259 -2.994e-005
2.88 -0.88317 -3.04541e-005
2.89 -0.897228 -3.09389e-005
2.9 -0.90501 -3.12073e-005
2.91 -0.905261 -3.12159e-005
2.92 -0.902505 -3.11209e-005
2.93 -0.902746 -3.11292e-005
2.94 -0.908518 -3.13282e-005
2.95 -0.918948 -3.16878e-005
2.96 -0.932941 -3.21704e-005
2.97 -0.949522 -3.27421e-005
2.98 -0.965948 -3.33086e-005
2.99 -0.97791 -3.3721e-005
3 -0.981673 -3.38508e-005
3.01 -0.975882 -3.36511e-005
3.02 -0.96145 -3.31535e-005
3.03 -0.939685 -3.24029e-005
3.04 -0.912206 -3.14554e-005
3.05 -0.883482 -3.04649e-005
3.06 -0.859586 -2.96409e-005
3.07 -0.841354 -2.90122e-005
3.08 -0.823208 -2.83865e-005
3.09 -0.800826 -2.76147e-005
3.1 -0.77593 -2.67562e-005
3.11 -0.754234 -2.60081e-005
3.12 -0.739876 -2.55129e-005
3.13 -0.731595 -2.52274e-005
3.14 -0.726469 -2.50506e-005
3.15 -0.724349 -2.49775e-005
3.16 -0.726025 -2.50354e-005
3.17 -0.731122 -2.52111e-005
3.18 -0.737264 -2.54229e-005
3.19 -0.738318 -2.54592e-005
3.2 -0.726199 -2.50413e-005
3.21 -0.696282 -2.40097e-005
3.22 -0.650286 -2.24237e-005
3.23 -0.595277 -2.05268e-005
3.24 -0.540524 -1.86388e-005
3.25 -0.494701 -1.70587e-005
3.26 -0.465563 -1.60539e-005
3.27 -0.458548 -1.5812e-005
3.28 -0.47366 -1.63331e-005
3.29 -0.504884 -1.74098e-005
3.3 -0.542113 -1.86936e-005
3.31 -0.573889 -1.97893e-005
3.32 -0.590994 -2.03791e-005
3.33 -0.590801 -2.03724e-005
3.34 -0.57941 -1.99797e-005
3.35 -0.567603 -1.95725e-005
3.36 -0.564498 -1.94655e-005
3.37 -0.574702 -1.98173e-005
3.38 -0.597121 -2.05904e-005
3.39 -0.62494 -2.15497e-005
3.4 -0.649749 -2.24051e-005
3.41 -0.666863 -2.29953e-005
3.42 -0.676064 -2.33126e-005
3.43 -0.679305 -2.34243e-005
3.44 -0.679377 -2.34268e-005
3.45 -0.679278 -2.34234e-005
3.46 -0.682478 -2.35337e-005
3.47 -0.692733 -2.38873e-005
3.48 -0.711673 -2.45405e-005
3.49 -0.737231 -2.54217e-005
3.5 -0.76561 -2.64004e-005
3.51 -0.793842 -2.73739e-005
3.52 -0.819938 -2.82737e-005
3.53 -0.842975 -2.90681e-005
3.54 -0.863935 -2.97909e-005
3.55 -0.885554 -3.05364e-005
3.56 -0.910833 -3.14081e-005
3.57 -0.940452 -3.24294e-005
3.58 -0.971199 -3.34896e-005
3.59 -0.996933 -3.4377e-005
3.6 -1.01206 -3.48987e-005
3.61 -1.01647 -3.50507e-005
3.62 -1.01742 -3.50835e-005
3.63 -1.02526 -3.53537e-005
3.64 -1.04502 -3.60351e-005
3.65 -1.07201 -3.69657e-005
3.66 -1.09644 -3.78084e-005
3.67 -1.11007 -3.82784e-005
3.68 -1.10874 -3.82324e-005
3.69 -1.09496 -3.77572e-005
3.7 -1.07861 -3.71935e-005
3.71 -1.07087 -3.69267e-005
3.72 -1.07741 -3.7152e-005
3.73 -1.09643 -3.7808e-005
3.74 -1.12029 -3.86308e-005
3.75 -1.14152 -3.93628e-005
3.76 -1.15907 -3.9968e-005
3.77 -1.17647 -4.05679e-005
3.78 -1.19664 -4.12633e-005
3.79 -1.22113 -4.21081e-005
3.8 -1.25036 -4.31157e-005
3.81 -1.28157 -4.41922e-005
3.82 -1.30785 -4.50981e-005
3.83 -1.32074 -4.55427e-005
3.84 -1.31909 -4.54859e-005
3.85 -1.31529 -4.53548e-005
3.86 -1.32428 -4.56647e-005
3.87 -1.34842 -4.64974e-005
3.88 -1.3789 -4.75481e-005
3.89 -1.4066 -4.85034e-005
3.9 -1.42856 -4.92607e-005
3.91 -1.44607 -4.98645e-005
3.92 -1.45893 -5.0308e-005
3.93 -1.46333 -5.04596e-005
3.94 -1.45481 -5.01659e-005
3.95 -1.43056 -4.93298e-005
3.96 -1.38988 -4.79268e-005
3.97 -1.33564 -4.60564e-005
3.98 -1.27326 -4.39055e-005
3.99 -1.2068 -4.16139e-005
4 -1.13855 -3.92603e-005
4.01 -1.07047 -3.69126e-005
4.02 -1.0046 -3.46412e-005
4.03 -0.944549 -3.25707e-005
4.04 -0.895068 -3.08644e-005
4.05 -0.858457 -2.9602e-005
4.06 -0.831958 -2.86882e-005
4.07 -0.808744 -2.78877e-005
4.08 -0.781751 -2.69569e-005
4.09 -0.745245 -2.56981e-005
4.1 -0.69492 -2.39628e-005
4.11 -0.630374 -2.1737e-005
4.12 -0.556145 -1.91774e-005
4.13 -0.478653 -1.65053e-005
4.14 -0.40416 -1.39365e-005
4.15 -0.339344 -1.17015e-005
4.16 -0.290177 -1.00061e-005
4.17 -0.259979 -8.9648e-006
4.18 -0.247897 -8.54818e-006
4.19 -0.247617 -8.53851e-006
4.2 -0.250229 -8.62859e-006
4.21 -0.250296 -8.63089e-006
4.22 -0.248062 -8.55387e-006
4.23 -0.246589 -8.50307e-006
4.24 -0.247635 -8.53914e-006
4.25 -0.248383 -8.56494e-006
4.26 -0.243142 -8.38419e-006
4.27 -0.22928 -7.9062e-006
4.28 -0.208601 -7.19313e-006
4.29 -0.18415 -6.35001e-006
4.3 -0.16046 -5.53311e-006
4.31 -0.1447 -4.98967e-006
4.32 -0.142728 -4.92166e-006
4.33 -0.154698 -5.33443e-006
4.34 -0.174849 -6.02929e-006
4.35 -0.194313 -6.70045e-006
4.36 -0.207368 -7.15062e-006
4.37 -0.21685 -7.47758e-006
4.38 -0.230819 -7.95928e-006
4.39 -0.254102 -8.76213e-006
4.4 -0.284107 -9.79679e-006
4.41 -0.313333 -1.08046e-005
4.42 -0.335422 -1.15663e-005
4.43 -0.348569 -1.20196e-005
4.44 -0.353562 -1.21918e-005
4.45 -0.352093 -1.21412e-005
4.46 -0.349476 -1.20509e-005
4.47 -0.355511 -1.2259e-005
4.48 -0.377755 -1.3026e-005
4.49 -0.414494 -1.42929e-005
4.5 -0.456783 -1.57511e-005
4.51 -0.495755 -1.7095e-005
4.52 -0.527008 -1.81727e-005
4.53 -0.550201 -1.89725e-005
4.54 -0.565485 -1.94995e-005
4.55 -0.572219 -1.97317e-005
4.56 -0.572845 -1.97533e-005
4.57 -0.57329 -1.97686e-005
4.58 -0.577031 -1.98976e-005
4.59 -0.582183 -2.00753e-005
4.6 -0.584989 -2.0172e-005
4.61 -0.584055 -2.01398e-005
4.62 -0.580269 -2.00093e-005
4.63 -0.573951 -1.97914e-005
4.64 -0.564359 -1.94606e-005
4.65 -0.553685 -1.90926e-005
4.66 -0.550715 -1.89902e-005
4.67 -0.566457 -1.9533e-005
4.68 -0.60485 -2.08569e-005
4.69 -0.659666 -2.27471e-005
4.7 -0.719029 -2.47941e-005
4.71 -0.771016 -2.65868e-005
4.72 -0.809136 -2.79012e-005
4.73 -0.836265 -2.88367e-005
4.74 -0.860516 -2.96729e-005
4.75 -0.887299 -3.05965e-005
4.76 -0.917169 -3.16265e-005
4.77 -0.947618 -3.26765e-005
4.78 -0.976351 -3.36673e-005
4.79 -1.00472 -3.46455e-005
4.8 -1.0356 -3.57103e-005
4.81 -1.07027 -3.69058e-005
4.82 -1.11049 -3.82927e-005
4.83 -1.15632 -3.9873e-005
4.84 -1.19891 -4.13419e-005
4.85 -1.22629 -4.22857e-005
4.86 -1.23966 -4.27469e-005
4.87 -1.25476 -4.32676e-005
4.88 -1.28486 -4.43057e-005
4.89 -1.32747 -4.57749e-005
4.9 -1.36779 -4.71652e-005
4.91 -1.39402 -4.80695e-005
4.92 -1.40802 -4.85524e-005
4.93 -1.42078 -4.89923e-005
4.94 -1.44156 -4.97089e-005
4.95 -1.47282 -5.0787e-005
4.96 -1.50914 -5.20392e-005
4.97 -1.53818 -5.30405e-005
4.98 -1.54913 -5.34183e-005
4.99 -1.54391 -5.32383e-005
5 -1.53686 -5.29951e-005
5.01 -1.54068 -5.3127e-005
5.02 -1.55474 -5.36116e-005
5.03 -1.56718 -5.40407e-005
5.04 -1.5661 -5.40034e-005
5.05 -1.54899 -5.34133e-005
5.06 -1.52447 -5.2568e-005
5.07 -1.50554 -5.19153e-005
5.08 -1.49968 -5.1713e-005
5.09 -1.5061 -5.19344e-005
5.1 -1.52134 -5.24599e-005
5.11 -1.54157 -5.31576e-005
5.12 -1.56208 -5.3865e-005
5.13 -1.58201 -5.45521e-005
5.14 -1.60695 -5.5412e-005
5.15 -1.64191 -5.66175e-005
5.16 -1.68678 -5.8165e-005
5.17 -1.74142 -6.00489e-005
5.18 -1.80798 -6.23441e-005
5.19 -1.8867 -6.50586e-005
5.2 -1.97141 -6.79798e-005
5.21 -2.0486 -7.06413e-005
5.22 -2.10139 -7.24618e-005
5.23 -2.11569 -7.29548e-005
5.24 -2.08682 -7.19593e-005
5.25 -2.02239 -6.97378e-005
5.26 -1.93625 -6.67673e-005
5.27 -1.83893 -6.34113e-005
5.28 -1.73575 -5.98534e-005
5.29 -1.63127 -5.62509e-005
5.3 -1.53025 -5.27672e-005
5.31 -1.43507 -4.94852e-005
5.32 -1.34517 -4.63853e-005
5.33 -1.25686 -4.33399e-005
5.34 -1.16347 -4.01198e-005
5.35 -1.05673 -3.64389e-005
5.36 -0.929193 -3.20411e-005
5.37 -0.783048 -2.70017e-005
5.38 -0.635123 -2.19008e-005
5.39 -0.501711 -1.73004e-005
5.4 -0.381166 -1.31436e-005
5.41 -0.260864 -8.9953e-006
5.42 -0.136909 -4.72101e-006
5.43 -0.0222716 -7.67985e-007
5.44 0.0641895 2.21343e-006
5.45 0.120247 4.14646e-006
5.46 0.162607 5.60713e-006
5.47 0.210483 7.25802e-006
5.48 0.273472 9.43007e-006
5.49 0.352395 1.21515e-005
5.5 0.440613 1.51935e-005
5.51 0.525191 1.811e-005
5.52 0.594758 2.05089e-005
5.53 0.646099 2.22793e-005
5.54 0.681068 2.34851e-005
5.55 0.700039 2.41393e-005
5.56 0.698099 2.40724e-005
5.57 0.669601 2.30897e-005
5.58 0.618196 2.13171e-005
5.59 0.557854 1.92363e-005
5.6 0.500725 1.72664e-005
5.61 0.447806 1.54416e-005
5.62 0.394023 1.3587e-005
5.63 0.338266 1.16643e-005
5.64 0.28295 9.75689e-006
5.65 0.225093 7.76184e-006
5.66 0.154079 5.31306e-006
5.67 0.0604009 2.08279e-006
5.68 -0.0546466 -1.88437e-006
5.69 -0.179782 -6.19936e-006
5.7 -0.303457 -1.0464e-005
5.71 -0.420915 -1.45143e-005
5.72 -0.532153 -1.83501e-005
5.73 -0.634583 -2.18822e-005
5.74 -0.720695 -2.48515e-005
5.75 -0.784482 -2.70511e-005
5.76 -0.829324 -2.85974e-005
5.77 -0.867686 -2.99202e-005
5.78 -0.914317 -3.15282e-005
5.79 -0.982343 -3.38739e-005
5.8 -1.08094 -3.72739e-005
5.81 -1.21032 -4.17352e-005
5.82 -1.35683 -4.67871e-005
5.83 -1.49709 -5.16238e-005
5.84 -1.61186 -5.55813e-005
5.85 -1.6944 -5.84277e-005
5.86 -1.747 -6.02414e-005
5.87 -1.77671 -6.12659e-005
5.88 -1.79537 -6.19093e-005
5.89 -1.81404 -6.2553e-005
5.9 -1.83404 -6.32429e-005
5.91 -1.84861 -6.3745e-005
5.92 -1.84896 -6.37572e-005
5.93 -1.8254 -6.2945e-005
5.94 -1.76805 -6.09672e-005
5.95 -1.67343 -5.77043e-005
5.96 -1.55172 -5.35077e-005
5.97 -1.42239 -4.9048e-005
5.98 -1.30163 -4.48838e-005
5.99 -1.19812 -4.13145e-005
6 -1.11839 -3.85651e-005
6.01 -1.0685 -3.68447e-005
6.02 -1.04493 -3.60321e-005
6.03 -1.0273 -3.54241e-005
6.04 -0.987834 -3.40632e-005
6.05 -0.911289 -3.14238e-005
6.06 -0.8056 -2.77793e-005
6.07 -0.694228 -2.39389e-005
6.08 -0.601023 -2.07249e-005
6.09 -0.543359 -1.87365e-005
6.1 -0.527996 -1.82067e-005
6.11 -0.545806 -1.88209e-005
6.12 -0.572701 -1.97483e-005
6.13 -0.581466 -2.00505e-005
6.14 -0.551508 -1.90175e-005
6.15 -0.470471 -1.62231e-005
6.16 -0.335796 -1.15792e-005
6.17 -0.156999 -5.41376e-006
6.18 0.0494523 1.70525e-006
6.19 0.26978 9.30277e-006
6.2 0.500433 1.72563e-005
6.21 0.748526 2.58113e-005
6.22 1.02435 3.53224e-005
6.23 1.32945 4.5843e-005
6.24 1.6512 5.69379e-005
6.25 1.96894 6.78944e-005
6.26 2.26247 7.80161e-005
6.27 2.51409 8.66927e-005
6.28 2.7117 9.3507e-005
6.29 2.85579 9.84754e-005
6.3 2.959 0.000102035
6.31 3.02892 0.000104446
6.32 3.04823 0.000105111
6.33 2.97647 0.000102637
6.34 2.77351 9.56384e-005
6.35 2.42785 8.37188e-005
6.36 1.96804 6.78636e-005
6.37 1.45109 5.00377e-005
6.38 0.936216 3.22833e-005
6.39 0.454477 1.56716e-005
6.4 -0.0005551 -1.91414e-008
6.41 -0.442545 -1.52602e-005
6.42 -0.856773 -2.95439e-005
6.43 -1.19908 -4.13477e-005
6.44 -1.41789 -4.88929e-005
6.45 -1.47855 -5.09846e-005
6.46 -1.37781 -4.75108e-005
6.47 -1.14455 -3.94673e-005
6.48 -0.828428 -2.85665e-005
6.49 -0.477374 -1.64612e-005
6.5 -0.120187 -4.14437e-006
6.51 0.227389 7.84099e-006
6.52 0.548449 1.8912e-005
6.53 0.818111 2.82107e-005
6.54 1.00666 3.47123e-005
6.55 1.09127 3.76299e-005
6.56 1.06726 3.68022e-005
6.57 0.945571 3.26059e-005
6.58 0.743558 2.56399e-005
6.59 0.476186 1.64202e-005
6.6 0.146719 5.05926e-006
6.61 -0.257092 -8.86525e-006
6.62 -0.756023 -2.60698e-005
6.63 -1.3669 -4.71344e-005
6.64 -2.08905 -7.20361e-005
6.65 -2.89457 -9.98128e-005
6.66 -3.73162 -0.000128677
6.67 -4.53907 -0.00015652
6.68 -5.26206 -0.00018145
6.69 -5.8599 -0.000202066
6.7 -6.30483 -0.000217408
6.71 -6.57841 -0.000226842
6.72 -6.67427 -0.000230147
6.73 -6.60333 -0.000227701
6.74 -6.39244 -0.000220429
6.75 -6.08154 -0.000209708
6.76 -5.71265 -0.000196988
6.77 -5.31224 -0.000183181
6.78 -4.89297 -0.000168723
6.79 -4.4722 -0.000154214
6.8 -4.08147 -0.00014074
6.81 -3.75735 -0.000129564
6.82 -3.5277 -0.000121645
6.83 -3.40883 -0.000117546
6.84 -3.40725 -0.000117492
6.85 -3.51714 -0.000121281
6.86 -3.71252 -0.000128018
6.87 -3.95062 -0.000136228
6.88 -4.18931 -0.000144459
6.89 -4.4011 -0.000151762
6.9 -4.57276 -0.000157681
6.91 -4.69801 -0.000162
6.92 -4.78046 -0.000164843
6.93 -4.8422 -0.000166973
6.94 -4.91606 -0.000169519
6.95 -5.01913 -0.000173073
6.96 -5.13726 -0.000177147
6.97 -5.23901 -0.000180655
6.98 -5.30371 -0.000182887
6.99 -5.33396 -0.00018393
7 -5.34142 -0.000184187
7.01 -5.32509 -0.000183624
7.02 -5.27329 -0.000181838
7.03 -5.17768 -0.000178541
7.04 -5.03405 -0.000173588
7.05 -4.83138 -0.000166599
7.06 -4.54396 -0.000156688
7.07 -4.13608 -0.000142624
7.08 -3.58023 -0.000123456
7.09 -2.87637 -9.91853e-005
7.1 -2.05646 -7.09123e-005
7.11 -1.17902 -4.06559e-005
7.12 -0.310175 -1.06957e-005
7.13 0.478918 1.65144e-005
7.14 1.14465 3.94706e-005
7.15 1.66475 5.74051e-005
7.16 2.03807 7.02781e-005
7.17 2.28344 7.87395e-005
7.18 2.43721 8.40417e-005
7.19 2.54219 8.76619e-005
7.2 2.63204 9.07599e-005
7.21 2.72299 9.38962e-005
7.22 2.81843 9.71873e-005
7.23 2.91276 0.00010044
7.24 2.99118 0.000103144
7.25 3.03444 0.000104636
7.26 3.02985 0.000104477
7.27 2.98004 0.00010276
7.28 2.9019 0.000100066
7.29 2.81446 9.70504e-005
7.3 2.73467 9.4299e-005
7.31 2.6816 9.2469e-005
7.32 2.66989 9.20652e-005
7.33 2.69214 9.28324e-005
7.34 2.71468 9.36096e-005
7.35 2.70032 9.31145e-005
7.36 2.63723 9.0939e-005
7.37 2.54343 8.77047e-005
7.38 2.44648 8.43614e-005
7.39 2.36116 8.14193e-005
7.4 2.28377 7.87506e-005
7.41 2.20007 7.58645e-005
7.42 2.09563 7.22632e-005
7.43 1.95628 6.74579e-005
7.44 1.75675 6.05774e-005
7.45 1.46225 5.04223e-005
7.46 1.05102 3.62422e-005
7.47 0.535763 1.84746e-005
7.48 -0.0364185 -1.25581e-006
7.49 -0.610535 -2.10529e-005
7.5 -1.15823 -3.9939e-005
7.51 -1.68382 -5.80627e-005
7.52 -2.20131 -7.59072e-005
7.53 -2.70923 -9.34219e-005
7.54 -3.19437 -0.000110151
7.55 -3.64736 -0.000125771
7.56 -4.07576 -0.000140544
7.57 -4.49258 -0.000154917
7.58 -4.88825 -0.00016856
7.59 -5.21781 -0.000179924
7.6 -5.43424 -0.000187388
7.61 -5.53192 -0.000190756
7.62 -5.55065 -0.000191402
7.63 -5.54472 -0.000191197
7.64 -5.54772 -0.000191301
7.65 -5.56123 -0.000191767
7.66 -5.56905 -0.000192036
7.67 -5.55486 -0.000191547
7.68 -5.51701 -0.000190242
7.69 -5.46897 -0.000188585
7.7 -5.42041 -0.000186911
7.71 -5.36232 -0.000184908
7.72 -5.27629 -0.000181941
7.73 -5.15764 -0.00017785
7.74 -5.0227 -0.000173197
7.75 -4.89369 -0.000168748
7.76 -4.78184 -0.000164891
7.77 -4.68631 -0.000161597
7.78 -4.60677 -0.000158854
7.79 -4.55033 -0.000156908
7.8 -4.51731 -0.000155769
7.81 -4.48787 -0.000154754
7.82 -4.42502 -0.000152587
7.83 -4.28647 -0.000147809
7.84 -4.0404 -0.000139324
7.85 -3.68083 -0.000126925
7.86 -3.21598 -0.000110896
7.87 -2.65909 -9.16927e-005
7.88 -2.02968 -6.99891e-005
7.89 -1.35277 -4.66473e-005
7.9 -0.64906 -2.23814e-005
7.91 0.0620363 2.13918e-006
7.92 0.76653 2.64321e-005
7.93 1.45472 5.01629e-005
7.94 2.10694 7.26532e-005
7.95 2.69347 9.28783e-005
7.96 3.17191 0.000109376
7.97 3.50259 0.000120779
7.98 3.66161 0.000126262
7.99 3.65379 0.000125993
8 3.51755 0.000121295
8.01 3.30657 0.00011402
8.02 3.06653 0.000105742
8.03 2.82812 9.75212e-005
8.04 2.61215 9.00742e-005
8.05 2.43177 8.38541e-005
8.06 2.2849 7.87896e-005
8.07 2.14681 7.4028e-005
8.08 1.98585 6.84775e-005
8.09 1.79324 6.18359e-005
8.1 1.59856 5.51226e-005
8.11 1.44932 4.99765e-005
8.12 1.38648 4.78097e-005
8.13 1.43698 4.9551e-005
8.14 1.61623 5.57321e-005
8.15 1.93417 6.66954e-005
8.16 2.39211 8.24866e-005
8.17 2.9701 0.000102417
8.18 3.62006 0.00012483
8.19 4.27609 0.000147452
8.2 4.8776 0.000168193
8.21 5.40296 0.000186309
8.22 5.81069 0.000200369
8.23 6.07944 0.000209636
8.24 6.2206 0.000214503
8.25 6.25081 0.000215545
8.26 6.19836 0.000213737
8.27 6.0668 0.0002092
8.28 5.85724 0.000201974
8.29 5.55571 0.000191576
8.3 5.15667 0.000177816
8.31 4.66538 0.000160875
8.32 4.09367 0.000141161
8.33 3.46279 0.000119407
8.34 2.79627 9.6423e-005
8.35 2.11125 7.28017e-005
8.36 1.41802 4.88972e-005
8.37 0.724854 2.4995e-005
8.38 0.0508661 1.754e-006
8.39 -0.572272 -1.97335e-005
8.4 -1.10747 -3.81885e-005
8.41 -1.52154 -5.24671e-005
8.42 -1.79819 -6.20064e-005
8.43 -1.94056 -6.69159e-005
8.44 -1.95119 -6.72823e-005
8.45 -1.83815 -6.33846e-005
8.46 -1.61315 -5.56259e-005
8.47 -1.29322 -4.45936e-005
8.48 -0.909182 -3.13511e-005
8.49 -0.499474 -1.72232e-005
8.5 -0.127063 -4.38147e-006
8.51 0.157238 5.422e-006
8.52 0.325271 1.12162e-005
8.53 0.374254 1.29053e-005
8.54 0.314872 1.08577e-005
8.55 0.154029 5.31133e-006
8.56 -0.106968 -3.68853e-006
8.57 -0.469449 -1.61879e-005
8.58 -0.93108 -3.21062e-005
8.59 -1.47934 -5.10116e-005
8.6 -2.1073 -7.26657e-005
8.61 -2.80352 -9.6673e-005
8.62 -3.55439 -0.000122565
8.63 -4.33448 -0.000149465
8.64 -5.10392 -0.000175997
8.65 -5.83396 -0.000201171
8.66 -6.47735 -0.000223357
8.67 -6.99393 -0.00024117
8.68 -7.36218 -0.000253868
8.69 -7.57469 -0.000261196
8.7 -7.64106 -0.000263485
8.71 -7.59242 -0.000261807
8.72 -7.4692 -0.000257559
8.73 -7.30018 -0.00025173
8.74 -7.10194 -0.000244894
8.75 -6.87471 -0.000237059
8.76 -6.62644 -0.000228498
8.77 -6.37391 -0.00021979
8.78 -6.13152 -0.000211432
8.79 -5.91607 -0.000204003
8.8 -5.74164 -0.000197988
8.81 -5.61815 -0.000193729
8.82 -5.54834 -0.000191322
8.83 -5.53071 -0.000190714
8.84 -5.56778 -0.000191993
8.85 -5.66273 -0.000195266
8.86 -5.81653 -0.00020057
8.87 -6.01979 -0.000207579
8.88 -6.25559 -0.00021571
8.89 -6.50045 -0.000224153
8.9 -6.73136 -0.000232116
8.91 -6.93292 -0.000239066
8.92 -7.1069 -0.000245066
8.93 -7.25182 -0.000250063
8.94 -7.3654 -0.000253979
8.95 -7.43788 -0.000256479
8.96 -7.45473 -0.00025706
8.97 -7.40337 -0.000255289
8.98 -7.29155 -0.000251433
8.99 -7.12465 -0.000245678
9 -6.91287 -0.000238375
9.01 -6.68289 -0.000230444
9.02 -6.4558 -0.000222614
9.03 -6.23945 -0.000215153
9.04 -6.03838 -0.00020822
9.05 -5.85683 -0.00020196
9.06 -5.6858 -0.000196062
9.07 -5.50508 -0.00018983
9.08 -5.26331 -0.000181493
9.09 -4.91629 -0.000169527
9.1 -4.42291 -0.000152514
9.11 -3.78777 -0.000130613
9.12 -3.01911 -0.000104107
9.13 -2.17627 -7.50439e-005
9.14 -1.28637 -4.43574e-005
9.15 -0.387716 -1.33695e-005
9.16 0.516017 1.77937e-005
9.17 1.38689 4.78237e-005
9.18 2.21005 7.62086e-005
9.19 2.94403 0.000101518
9.2 3.60387 0.000124271
9.21 4.23177 0.000145923
9.22 4.88261 0.000168366
9.23 5.61134 0.000193494
9.24 6.37155 0.000219709
9.25 7.11641 0.000245394
9.26 7.8284 0.000269945
9.27 8.44264 0.000291125
9.28 8.94455 0.000308433
9.29 9.37727 0.000323354
9.3 9.75204 0.000336277
9.31 10.0479 0.000346479
9.32 10.2785 0.000354433
9.33 10.4512 0.000360386
9.34 10.5602 0.000364146
9.35 10.5936 0.000365296
9.36 10.5488 0.000363752
9.37 10.4276 0.000359572
9.38 10.2289 0.000352722
9.39 9.95461 0.000343262
9.4 9.61047 0.000331396
9.41 9.21207 0.000317658
9.42 8.78372 0.000302887
9.43 8.34504 0.00028776
9.44 7.90826 0.000272699
9.45 7.4827 0.000258024
9.46 7.0814 0.000244186
9.47 6.71867 0.000231678
9.48 6.39645 0.000220567
9.49 6.09993 0.000210343
9.5 5.79743 0.000199911
9.51 5.44307 0.000187692
9.52 4.99415 0.000172212
9.53 4.43769 0.000153024
9.54 3.79469 0.000130851
9.55 3.10021 0.000106904
9.56 2.38266 8.21607e-005
9.57 1.65097 5.69301e-005
9.58 0.897498 3.09482e-005
9.59 0.118278 4.07854e-006
9.6 -0.668586 -2.30547e-005
9.61 -1.4508 -5.00274e-005
9.62 -2.26331 -7.80452e-005
9.63 -3.13364 -0.000108056
9.64 -4.06571 -0.000140197
9.65 -5.04993 -0.000174136
9.66 -6.0667 -0.000209196
9.67 -7.10337 -0.000244944
9.68 -8.16365 -0.000281505
9.69 -9.24739 -0.000318875
9.7 -10.3363 -0.000356425
9.71 -11.3749 -0.000392239
9.72 -12.3156 -0.000424675
9.73 -13.1356 -0.000452953
9.74 -13.8193 -0.000476528
9.75 -14.3558 -0.000495027
9.76 -14.7474 -0.00050853
9.77 -15.0182 -0.000517869
9.78 -15.2106 -0.000524503
9.79 -15.3581 -0.000529591
9.8 -15.4733 -0.000533563
9.81 -15.5549 -0.000536375
9.82 -15.5955 -0.000537774
9.83 -15.5865 -0.000537464
9.84 -15.5255 -0.00053536
9.85 -15.4136 -0.000531503
9.86 -15.2488 -0.000525819
9.87 -15.0211 -0.00051797
9.88 -14.7168 -0.000507474
9.89 -14.3326 -0.000494227
9.9 -13.8774 -0.00047853
9.91 -13.3654 -0.000460874
9.92 -12.7992 -0.000441353
9.93 -12.1687 -0.000419611
9.94 -11.4584 -0.000395116
9.95 -10.6629 -0.000367686
9.96 -9.80246 -0.000338016
9.97 -8.91951 -0.000307569
9.98 -8.03838 -0.000277185
9.99 -7.16285 -0.000246995
10 -6.29927 -0.000217216
