0.1 -0.276219 -9.52479e-006
0.2 -0.552851 -1.90638e-005
0.3 -0.829899 -2.86172e-005
0.4 -1.10736 -3.8185e-005
0.5 -1.38525 -4.77672e-005
0.6 -1.66356 -5.7364e-005
0.7 -1.94229 -6.69754e-005
0.8 -2.22145 -7.66016e-005
0.9 -2.50103 -8.62425e-005
1 -2.78105 -9.58982e-005
0.01 -2.78043 -9.58768e-005
0.02 -2.77868 -9.58164e-005
0.03 -2.77673 -9.57493e-005
0.04 -2.77554 -9.57081e-005
0.05 -2.77525 -9.56983e-005
0.06 -2.77583 -9.57183e-005
0.07 -2.77714 -9.57633e-005
0.08 -2.77899 -9.58271e-005
0.09 -2.78117 -9.59025e-005
0.1 -2.78352 -9.59834e-005
0.11 -2.78587 -9.60647e-005
0.12 -2.78816 -9.61434e-005
0.13 -2.79038 -9.62199e-005
0.14 -2.79259 -9.62963e-005
0.15 -2.79483 -9.63735e-005
0.16 -2.79705 -9.64499e-005
0.17 -2.79916 -9.65228e-005
0.18 -2.80113 -9.65908e-005
0.19 -2.80303 -9.66561e-005
0.2 -2.80495 -9.67225e-005
0.21 -2.80697 -9.6792e-005
0.22 -2.80897 -9.68611e-005
0.23 -2.81077 -9.69229e-005
0.24 -2.8122 -9.69724e-005
0.25 -2.81319 -9.70067e-005
0.26 -2.81381 -9.70278e-005
0.27 -2.81422 -9.70421e-005
0.28 -2.81476 -9.70605e-005
0.29 -2.81579 -9.70961e-005
0.3 -2.8177 -9.71621e-005
0.31 -2.82069 -9.72653e-005
0.32 -2.82463 -9.74011e-005
0.33 -2.82919 -9.75582e-005
0.34 -2.83399 -9.77239e-005
0.35 -2.83883 -9.78907e-005
0.36 -2.84366 -9.80572e-005
0.37 -2.84839 -9.82202e-005
0.38 -2.85273 -9.83699e-005
0.39 -2.85629 -9.84929e-005
0.4 -2.85893 -9.85838e-005
0.41 -2.86079 -9.86479e-005
0.42 -2.86215 -9.86947e-005
0.43 -2.86315 -9.87293e-005
0.44 -2.86374 -9.87496e-005
0.45 -2.86389 -9.87549e-005
0.46 -2.8637 -9.87484e-005
0.47 -2.86335 -9.87361e-005
0.48 -2.86285 -9.87191e-005
0.49 -2.86212 -9.86939e-005
0.5 -2.86101 -9.86554e-005
0.51 -2.85941 -9.86004e-005
0.52 -2.85729 -9.85273e-005
0.53 -2.85461 -9.84348e-005
0.54 -2.85143 -9.83251e-005
0.55 -2.8481 -9.82103e-005
0.56 -2.84504 -9.81049e-005
0.57 -2.84233 -9.80115e-005
0.58 -2.83975 -9.79226e-005
0.59 -2.83715 -9.78327e-005
0.6 -2.83458 -9.7744e-005
0.61 -2.83226 -9.76643e-005
0.62 -2.83036 -9.75986e-005
0.63 -2.82862 -9.75385e-005
0.64 -2.82653 -9.74666e-005
0.65 -2.82381 -9.73726e-005
0.66 -2.82058 -9.72614e-005
0.67 -2.81717 -9.71437e-005
0.68 -2.81364 -9.7022e-005
0.69 -2.80973 -9.68874e-005
0.7 -2.80529 -9.67341e-005
0.71 -2.80054 -9.65705e-005
0.72 -2.79613 -9.64182e-005
0.73 -2.79255 -9.6295e-005
0.74 -2.78957 -9.61922e-005
0.75 -2.78628 -9.60788e-005
0.76 -2.78208 -9.59337e-005
0.77 -2.77705 -9.57605e-005
0.78 -2.77157 -9.55715e-005
0.79 -2.76584 -9.53736e-005
0.8 -2.75992 -9.51698e-005
0.81 -2.75407 -9.49681e-005
0.82 -2.74882 -9.47868e-005
0.83 -2.74459 -9.4641e-005
0.84 -2.74129 -9.45273e-005
0.85 -2.7384 -9.44276e-005
0.86 -2.73542 -9.43248e-005
0.87 -2.73196 -9.42053e-005
0.88 -2.72792 -9.4066e-005
0.89 -2.7235 -9.39138e-005
0.9 -2.71909 -9.37619e-005
0.91 -2.71489 -9.36168e-005
0.92 -2.71043 -9.3463e-005
0.93 -2.70485 -9.32707e-005
0.94 -2.6979 -9.3031e-005
0.95 -2.69085 -9.27879e-005
0.96 -2.68568 -9.26095e-005
0.97 -2.68309 -9.25202e-005
0.98 -2.68215 -9.24878e-005
0.99 -2.68154 -9.24669e-005
1 -2.68085 -9.24431e-005
1.01 -2.68097 -9.24472e-005
1.02 -2.68301 -9.25175e-005
1.03 -2.68646 -9.26365e-005
1.04 -2.68915 -9.27294e-005
1.05 -2.68967 -9.27474e-005
1.06 -2.68874 -9.27151e-005
1.07 -2.68797 -9.26885e-005
1.08 -2.68833 -9.27012e-005
1.09 -2.68979 -9.27515e-005
1.1 -2.69163 -9.28148e-005
1.11 -2.69282 -9.2856e-005
1.12 -2.69237 -9.28404e-005
1.13 -2.69023 -9.27667e-005
1.14 -2.68815 -9.26947e-005
1.15 -2.68824 -9.2698e-005
1.16 -2.69086 -9.27883e-005
1.17 -2.6942 -9.29035e-005
1.18 -2.69554 -9.29497e-005
1.19 -2.69353 -9.28805e-005
1.2 -2.68957 -9.27439e-005
1.21 -2.68637 -9.26334e-005
1.22 -2.68591 -9.26175e-005
1.23 -2.68877 -9.27162e-005
1.24 -2.69422 -9.29041e-005
1.25 -2.70068 -9.31268e-005
1.26 -2.70679 -9.33374e-005
1.27 -2.71197 -9.35164e-005
1.28 -2.71617 -9.36612e-005
1.29 -2.71955 -9.37777e-005
1.3 -2.72218 -9.38684e-005
1.31 -2.72366 -9.39194e-005
1.32 -2.72408 -9.39338e-005
1.33 -2.72493 -9.39631e-005
1.34 -2.72762 -9.40559e-005
1.35 -2.7312 -9.41793e-005
1.36 -2.73299 -9.42409e-005
1.37 -2.73177 -9.4199e-005
1.38 -2.7295 -9.41207e-005
1.39 -2.73002 -9.41386e-005
1.4 -2.73618 -9.43512e-005
1.41 -2.74679 -9.47167e-005
1.42 -2.75622 -9.50422e-005
1.43 -2.75902 -9.51387e-005
1.44 -2.75468 -9.49891e-005
1.45 -2.74778 -9.4751e-005
1.46 -2.74365 -9.46087e-005
1.47 -2.74342 -9.46007e-005
1.48 -2.74357 -9.46058e-005
1.49 -2.74105 -9.45188e-005
1.5 -2.73648 -9.43615e-005
1.51 -2.73156 -9.41919e-005
1.52 -2.72591 -9.3997e-005
1.53 -2.7179 -9.37207e-005
1.54 -2.70723 -9.33528e-005
1.55 -2.69556 -9.29503e-005
1.56 -2.68491 -9.2583e-005
1.57 -2.67672 -9.23006e-005
1.58 -2.67254 -9.21567e-005
1.59 -2.67412 -9.2211e-005
1.6 -2.68181 -9.24763e-005
1.61 -2.69216 -9.28332e-005
1.62 -2.69856 -9.3054e-005
1.63 -2.69748 -9.30164e-005
1.64 -2.69193 -9.28253e-005
1.65 -2.68721 -9.26623e-005
1.66 -2.68516 -9.25919e-005
1.67 -2.68357 -9.25368e-005
1.68 -2.67979 -9.24065e-005
1.69 -2.67439 -9.22204e-005
1.7 -2.66974 -9.20599e-005
1.71 -2.66565 -9.19191e-005
1.72 -2.65943 -9.17044e-005
1.73 -2.64999 -9.13789e-005
1.74 -2.63978 -9.1027e-005
1.75 -2.63283 -9.07871e-005
1.76 -2.63238 -9.07718e-005
1.77 -2.64015 -9.10396e-005
1.78 -2.65556 -9.1571e-005
1.79 -2.67472 -9.22316e-005
1.8 -2.69249 -9.28445e-005
1.81 -2.70688 -9.33407e-005
1.82 -2.71894 -9.37564e-005
1.83 -2.72923 -9.41114e-005
1.84 -2.73612 -9.4349e-005
1.85 -2.73733 -9.43907e-005
1.86 -2.73327 -9.42507e-005
1.87 -2.72777 -9.40611e-005
1.88 -2.72463 -9.39526e-005
1.89 -2.72555 -9.39845e-005
1.9 -2.732 -9.4207e-005
1.91 -2.74505 -9.46568e-005
1.92 -2.76257 -9.52611e-005
1.93 -2.78042 -9.58764e-005
1.94 -2.79605 -9.64154e-005
1.95 -2.80916 -9.68677e-005
1.96 -2.81976 -9.7233e-005
1.97 -2.82729 -9.74926e-005
1.98 -2.83182 -9.76491e-005
1.99 -2.83514 -9.77634e-005
2 -2.83933 -9.79078e-005
2.01 -2.84425 -9.80775e-005
2.02 -2.84676 -9.81641e-005
2.03 -2.84334 -9.80462e-005
2.04 -2.83404 -9.77253e-005
2.05 -2.82236 -9.73229e-005
2.06 -2.81227 -9.69748e-005
2.07 -2.80709 -9.67961e-005
2.08 -2.8094 -9.6876e-005
2.09 -2.82016 -9.72468e-005
2.1 -2.83882 -9.78903e-005
2.11 -2.8642 -9.87656e-005
2.12 -2.89496 -9.98263e-005
2.13 -2.92951 -0.000101017
2.14 -2.9648 -0.000102235
2.15 -2.99555 -0.000103295
2.16 -3.0157 -0.00010399
2.17 -3.02263 -0.000104229
2.18 -3.02072 -0.000104163
2.19 -3.01781 -0.000104062
2.2 -3.01754 -0.000104053
2.21 -3.01853 -0.000104087
2.22 -3.01909 -0.000104107
2.23 -3.0197 -0.000104128
2.24 -3.02186 -0.000104202
2.25 -3.02658 -0.000104365
2.26 -3.03423 -0.000104629
2.27 -3.04432 -0.000104976
2.28 -3.05437 -0.000105323
2.29 -3.06151 -0.000105569
2.3 -3.06543 -0.000105704
2.31 -3.06724 -0.000105767
2.32 -3.06669 -0.000105748
2.33 -3.06244 -0.000105601
2.34 -3.05435 -0.000105323
2.35 -3.04399 -0.000104965
2.36 -3.03331 -0.000104597
2.37 -3.02417 -0.000104282
2.38 -3.01791 -0.000104066
2.39 -3.01375 -0.000103922
2.4 -3.00905 -0.00010376
2.41 -3.00101 -0.000103483
2.42 -2.98803 -0.000103036
2.43 -2.97286 -0.000102512
2.44 -2.96345 -0.000102188
2.45 -2.96594 -0.000102274
2.46 -2.97733 -0.000102666
2.47 -2.98786 -0.00010303
2.48 -2.98916 -0.000103074
2.49 -2.97872 -0.000102714
2.5 -2.95886 -0.00010203
2.51 -2.93374 -0.000101163
2.52 -2.90783 -0.00010027
2.53 -2.88483 -9.94769e-005
2.54 -2.86585 -9.88226e-005
2.55 -2.8495 -9.82585e-005
2.56 -2.83371 -9.77142e-005
2.57 -2.81766 -9.71609e-005
2.58 -2.80213 -9.66251e-005
2.59 -2.78777 -9.61299e-005
2.6 -2.77376 -9.56468e-005
2.61 -2.75899 -9.51377e-005
2.62 -2.74391 -9.46177e-005
2.63 -2.72938 -9.41166e-005
2.64 -2.71478 -9.36132e-005
2.65 -2.69879 -9.30617e-005
2.66 -2.68094 -9.24464e-005
2.67 -2.66281 -9.18211e-005
2.68 -2.64752 -9.12936e-005
2.69 -2.63675 -9.09223e-005
2.7 -2.62921 -9.06623e-005
2.71 -2.62127 -9.03886e-005
2.72 -2.60848 -8.99477e-005
2.73 -2.58916 -8.92813e-005
2.74 -2.56871 -8.85763e-005
2.75 -2.55776 -8.81986e-005
2.76 -2.56241 -8.8359e-005
2.77 -2.58026 -8.89744e-005
2.78 -2.6074 -8.99103e-005
2.79 -2.64268 -9.11268e-005
2.8 -2.68292 -9.25146e-005
2.81 -2.72114 -9.38324e-005
2.82 -2.75102 -9.48629e-005
2.83 -2.77039 -9.55306e-005
2.84 -2.78158 -9.59167e-005
2.85 -2.78835 -9.615e-005
2.86 -2.79332 -9.63213e-005
2.87 -2.79906 -9.65195e-005
2.88 -2.80638 -9.67718e-005
2.89 -2.81143 -9.69459e-005
2.9 -2.80898 -9.68615e-005
2.91 -2.79834 -9.64944e-005
2.92 -2.78445 -9.60155e-005
2.93 -2.7736 -9.56414e-005
2.94 -2.76861 -9.54694e-005
2.95 -2.76885 -9.54777e-005
2.96 -2.77333 -9.56321e-005
2.97 -2.78132 -9.59077e-005
2.98 -2.79079 -9.6234e-005
2.99 -2.79828 -9.64925e-005
3 -2.80063 -9.65735e-005
3.01 -2.79649 -9.64305e-005
3.02 -2.7864 -9.60827e-005
3.03 -2.77123 -9.55597e-005
3.04 -2.75222 -9.49042e-005
3.05 -2.73336 -9.4254e-005
3.06 -2.72007 -9.37957e-005
3.07 -2.71266 -9.35399e-005
3.08 -2.70535 -9.32879e-005
3.09 -2.69391 -9.28934e-005
3.1 -2.68034 -9.24254e-005
3.11 -2.67041 -9.20832e-005
3.12 -2.66779 -9.19928e-005
3.13 -2.67042 -9.20834e-005
3.14 -2.67476 -9.2233e-005
3.15 -2.68055 -9.24328e-005
3.16 -2.68901 -9.27245e-005
3.17 -2.70047 -9.31198e-005
3.18 -2.71316 -9.35574e-005
3.19 -2.72112 -9.38316e-005
3.2 -2.71601 -9.36555e-005
3.21 -2.69299 -9.28616e-005
3.22 -2.65392 -9.15145e-005
3.23 -2.60627 -8.98713e-005
3.24 -2.55961 -8.82624e-005
3.25 -2.52263 -8.69873e-005
3.26 -2.50252 -8.62938e-005
3.27 -2.50348 -8.63268e-005
3.28 -2.52403 -8.70355e-005
3.29 -2.55721 -8.81798e-005
3.3 -2.59298 -8.94131e-005
3.31 -2.62084 -9.03738e-005
3.32 -2.63301 -9.07933e-005
3.33 -2.62831 -9.06314e-005
3.34 -2.61412 -9.0142e-005
3.35 -2.60202 -8.9725e-005
3.36 -2.60101 -8.969e-005
3.37 -2.61449 -9.01549e-005
3.38 -2.63968 -9.10235e-005
3.39 -2.66832 -9.20109e-005
3.4 -2.69137 -9.28058e-005
3.41 -2.70453 -9.32598e-005
3.42 -2.70857 -9.33989e-005
3.43 -2.70629 -9.33203e-005
3.44 -2.70079 -9.31306e-005
3.45 -2.69487 -9.29265e-005
3.46 -2.69158 -9.28131e-005
3.47 -2.69429 -9.29065e-005
3.48 -2.70459 -9.32618e-005
3.49 -2.72095 -9.38258e-005
3.5 -2.74065 -9.45053e-005
3.51 -2.76208 -9.5244e-005
3.52 -2.78407 -9.60024e-005
3.53 -2.8054 -9.67381e-005
3.54 -2.82577 -9.74405e-005
3.55 -2.84634 -9.81496e-005
3.56 -2.86892 -9.89284e-005
3.57 -2.89379 -9.97859e-005
3.58 -2.91808 -0.000100624
3.59 -2.93664 -0.000101263
3.6 -2.94507 -0.000101554
3.61 -2.94414 -0.000101522
3.62 -2.94139 -0.000101427
3.63 -2.94699 -0.00010162
3.64 -2.96551 -0.000102259
3.65 -2.99172 -0.000103163
3.66 -3.01539 -0.000103979
3.67 -3.02815 -0.000104419
3.68 -3.02628 -0.000104354
3.69 -3.01253 -0.00010388
3.7 -2.99628 -0.00010332
3.71 -2.98751 -0.000103018
3.72 -2.9904 -0.000103117
3.73 -3.00192 -0.000103515
3.74 -3.01431 -0.000103942
3.75 -3.02109 -0.000104176
3.76 -3.02275 -0.000104233
3.77 -3.02434 -0.000104288
3.78 -3.02997 -0.000104482
3.79 -3.0416 -0.000104883
3.8 -3.05923 -0.000105491
3.81 -3.07939 -0.000106186
3.82 -3.09489 -0.00010672
3.83 -3.09787 -0.000106823
3.84 -3.08797 -0.000106482
3.85 -3.07756 -0.000106123
3.86 -3.08101 -0.000106242
3.87 -3.10032 -0.000106908
3.88 -3.12661 -0.000107814
3.89 -3.15045 -0.000108636
3.9 -3.16849 -0.000109258
3.91 -3.18203 -0.000109725
3.92 -3.19177 -0.000110061
3.93 -3.19529 -0.000110182
3.94 -3.18926 -0.000109974
3.95 -3.17158 -0.000109365
3.96 -3.14189 -0.000108341
3.97 -3.10282 -0.000106994
3.98 -3.05875 -0.000105474
3.99 -3.01244 -0.000103877
4 -2.9653 -0.000102252
4.01 -2.91916 -0.000100661
4.02 -2.87626 -9.91815e-005
4.03 -2.83987 -9.79267e-005
4.04 -2.81384 -9.70288e-005
4.05 -2.79941 -9.65313e-005
4.06 -2.79276 -9.63021e-005
4.07 -2.78635 -9.60811e-005
4.08 -2.77348 -9.56373e-005
4.09 -2.75004 -9.4829e-005
4.1 -2.71393 -9.35837e-005
4.11 -2.66659 -9.19512e-005
4.12 -2.61331 -9.0114e-005
4.13 -2.56 -8.82757e-005
4.14 -2.51103 -8.65873e-005
4.15 -2.47096 -8.52056e-005
4.16 -2.44386 -8.42709e-005
4.17 -2.43162 -8.3849e-005
4.18 -2.43279 -8.38894e-005
4.19 -2.44136 -8.41847e-005
4.2 -2.44952 -8.4466e-005
4.21 -2.4531 -8.45898e-005
4.22 -2.45312 -8.45902e-005
4.23 -2.45274 -8.45773e-005
4.24 -2.45365 -8.46086e-005
4.25 -2.45282 -8.45801e-005
4.26 -2.44441 -8.429e-005
4.27 -2.42596 -8.36538e-005
4.28 -2.39975 -8.27499e-005
4.29 -2.36937 -8.17023e-005
4.3 -2.33973 -8.06805e-005
4.31 -2.31786 -7.99263e-005
4.32 -2.30868 -7.96097e-005
4.33 -2.31101 -7.96899e-005
4.34 -2.31814 -7.9936e-005
4.35 -2.32124 -8.00427e-005
4.36 -2.31539 -7.98412e-005
4.37 -2.30455 -7.94672e-005
4.38 -2.29784 -7.92359e-005
4.39 -2.30124 -7.93532e-005
4.4 -2.31329 -7.97685e-005
4.41 -2.32714 -8.02463e-005
4.42 -2.3363 -8.05621e-005
4.43 -2.33817 -8.06264e-005
4.44 -2.33249 -8.04308e-005
4.45 -2.3202 -8.00068e-005
4.46 -2.30633 -7.95287e-005
4.47 -2.3007 -7.93346e-005
4.48 -2.31089 -7.96859e-005
4.49 -2.33544 -8.05326e-005
4.5 -2.3661 -8.15897e-005
4.51 -2.39468 -8.25753e-005
4.52 -2.41708 -8.33476e-005
4.53 -2.43317 -8.39024e-005
4.54 -2.44365 -8.42638e-005
4.55 -2.44841 -8.4428e-005
4.56 -2.44987 -8.44781e-005
4.57 -2.45332 -8.45973e-005
4.58 -2.46131 -8.48728e-005
4.59 -2.47073 -8.51975e-005
4.6 -2.47644 -8.53944e-005
4.61 -2.47603 -8.53802e-005
4.62 -2.47034 -8.51842e-005
4.63 -2.46042 -8.48419e-005
4.64 -2.44614 -8.43497e-005
4.65 -2.42967 -8.37819e-005
4.66 -2.41934 -8.34255e-005
4.67 -2.42579 -8.36479e-005
4.68 -2.45312 -8.45902e-005
4.69 -2.49567 -8.60576e-005
4.7 -2.54212 -8.76594e-005
4.71 -2.58082 -8.89936e-005
4.72 -2.60538 -8.98406e-005
4.73 -2.61863 -9.02976e-005
4.74 -2.62825 -9.06294e-005
4.75 -2.63912 -9.10041e-005
4.76 -2.65139 -9.14274e-005
4.77 -2.66222 -9.18008e-005
4.78 -2.66931 -9.20452e-005
4.79 -2.67467 -9.22301e-005
4.8 -2.68244 -9.24978e-005
4.81 -2.69525 -9.29395e-005
4.82 -2.71583 -9.36493e-005
4.83 -2.7447 -9.46449e-005
4.84 -2.77325 -9.56293e-005
4.85 -2.78954 -9.6191e-005
4.86 -2.79474 -9.63705e-005
4.87 -2.80449 -9.67064e-005
4.88 -2.83162 -9.76419e-005
4.89 -2.873 -9.9069e-005
4.9 -2.91356 -0.000100467
4.91 -2.94151 -0.000101431
4.92 -2.95838 -0.000102013
4.93 -2.97418 -0.000102558
4.94 -2.99718 -0.000103351
4.95 -3.02963 -0.00010447
4.96 -3.06683 -0.000105753
4.97 -3.09784 -0.000106822
4.98 -3.11357 -0.000107365
4.99 -3.11734 -0.000107494
5 -3.1235 -0.000107707
5.01 -3.1432 -0.000108386
5.02 -3.17389 -0.000109445
5.03 -3.20266 -0.000110437
5.04 -3.21731 -0.000110942
5.05 -3.21537 -0.000110875
5.06 -3.20573 -0.000110542
5.07 -3.2015 -0.000110397
5.08 -3.2096 -0.000110676
5.09 -3.22816 -0.000111316
5.1 -3.25268 -0.000112161
5.11 -3.27868 -0.000113058
5.12 -3.3012 -0.000113835
5.13 -3.31964 -0.00011447
5.14 -3.34081 -0.0001152
5.15 -3.3718 -0.000116269
5.16 -3.41418 -0.00011773
5.17 -3.46817 -0.000119592
5.18 -3.53506 -0.000121899
5.19 -3.61331 -0.000124597
5.2 -3.69432 -0.00012739
5.21 -3.76285 -0.000129754
5.22 -3.80258 -0.000131123
5.23 -3.80239 -0.000131117
5.24 -3.76166 -0.000129712
5.25 -3.69143 -0.000127291
5.26 -3.60749 -0.000124396
5.27 -3.52049 -0.000121396
5.28 -3.43447 -0.00011843
5.29 -3.35213 -0.000115591
5.3 -3.27618 -0.000112972
5.31 -3.20724 -0.000110595
5.32 -3.14384 -0.000108408
5.33 -3.08258 -0.000106296
5.34 -3.01791 -0.000104066
5.35 -2.94265 -0.000101471
5.36 -2.85008 -9.82786e-005
5.37 -2.7425 -9.4569e-005
5.38 -2.6361 -9.08999e-005
5.39 -2.54614 -8.77979e-005
5.4 -2.47024 -8.51805e-005
5.41 -2.39546 -8.26022e-005
5.42 -2.31775 -7.99223e-005
5.43 -2.24954 -7.75705e-005
5.44 -2.20814 -7.61427e-005
5.45 -2.19493 -7.56871e-005
5.46 -2.192 -7.55861e-005
5.47 -2.17865 -7.51259e-005
5.48 -2.14381 -7.39245e-005
5.49 -2.0859 -7.19274e-005
5.5 -2.01172 -6.93698e-005
5.51 -1.93504 -6.67256e-005
5.52 -1.86803 -6.44148e-005
5.53 -1.81439 -6.25653e-005
5.54 -1.77265 -6.11259e-005
5.55 -1.7427 -6.00932e-005
5.56 -1.7291 -5.96242e-005
5.57 -1.73689 -5.98926e-005
5.58 -1.76256 -6.0778e-005
5.59 -1.79329 -6.18377e-005
5.6 -1.81835 -6.27019e-005
5.61 -1.83778 -6.33719e-005
5.62 -1.85712 -6.40385e-005
5.63 -1.87741 -6.47384e-005
5.64 -1.89593 -6.53767e-005
5.65 -1.91541 -6.60485e-005
5.66 -1.94687 -6.71334e-005
5.67 -2.00107 -6.90026e-005
5.68 -2.07841 -7.16692e-005
5.69 -2.16868 -7.4782e-005
5.7 -2.26027 -7.79404e-005
5.71 -2.34753 -8.09493e-005
5.72 -2.4294 -8.37723e-005
5.73 -2.50255 -8.62948e-005
5.74 -2.55899 -8.82412e-005
5.75 -2.59225 -8.93878e-005
5.76 -2.60515 -8.98326e-005
5.77 -2.60996 -8.99985e-005
5.78 -2.62164 -9.04013e-005
5.79 -2.65338 -9.14959e-005
5.8 -2.71501 -9.36212e-005
5.81 -2.80747 -9.68092e-005
5.82 -2.91677 -0.000100578
5.83 -3.01783 -0.000104063
5.84 -3.0897 -0.000106541
5.85 -3.1261 -0.000107797
5.86 -3.1321 -0.000108003
5.87 -3.11867 -0.00010754
5.88 -3.10068 -0.00010692
5.89 -3.09028 -0.000106561
5.9 -3.08838 -0.000106496
5.91 -3.08737 -0.000106461
5.92 -3.07761 -0.000106124
5.93 -3.04912 -0.000105142
5.94 -2.993 -0.000103207
5.95 -2.90788 -0.000100272
5.96 -2.80609 -9.67617e-005
5.97 -2.70812 -9.33834e-005
5.98 -2.62975 -9.06811e-005
5.99 -2.57817 -8.89025e-005
6 -2.55815 -8.82121e-005
6.01 -2.57445 -8.87742e-005
6.02 -2.62303 -9.04494e-005
6.03 -2.6842 -9.25587e-005
6.04 -2.73187 -9.42025e-005
6.05 -2.75181 -9.48901e-005
6.06 -2.75097 -9.48612e-005
6.07 -2.74987 -9.48229e-005
6.08 -2.76784 -9.54426e-005
6.09 -2.81617 -9.71094e-005
6.1 -2.89679 -9.98893e-005
6.11 -2.9975 -0.000103362
6.12 -3.09308 -0.000106658
6.13 -3.1575 -0.000108879
6.14 -3.17221 -0.000109387
6.15 -3.12682 -0.000107821
6.16 -3.02042 -0.000104153
6.17 -2.86346 -9.87398e-005
6.18 -2.67263 -9.21595e-005
6.19 -2.46245 -8.49122e-005
6.2 -2.23901 -7.72074e-005
6.21 -1.99878 -6.89236e-005
6.22 -1.73421 -5.98003e-005
6.23 -1.44359 -4.97789e-005
6.24 -1.13679 -3.91997e-005
6.25 -0.831323 -2.86663e-005
6.26 -0.545883 -1.88236e-005
6.27 -0.299078 -1.0313e-005
6.28 -0.106087 -3.65817e-006
6.29 0.0289545 9.98432e-007
6.3 0.118367 4.08163e-006
6.31 0.168556 5.81229e-006
6.32 0.162551 5.60521e-006
6.33 0.0612506 2.11209e-006
6.34 -0.172801 -5.95864e-006
6.35 -0.547513 -1.88797e-005
6.36 -1.03012 -3.55215e-005
6.37 -1.55859 -5.37445e-005
6.38 -2.06803 -7.13115e-005
6.39 -2.52366 -8.70228e-005
6.4 -2.9318 -0.000101097
6.41 -3.30858 -0.000114089
6.42 -3.64295 -0.000125619
6.43 -3.89544 -0.000134325
6.44 -4.01983 -0.000138615
6.45 -3.98672 -0.000137473
6.46 -3.79867 -0.000130989
6.47 -3.48832 -0.000120287
6.48 -3.10758 -0.000107158
6.49 -2.7048 -9.32691e-005
6.5 -2.30682 -7.95454e-005
6.51 -1.92457 -6.63643e-005
6.52 -1.56979 -5.41308e-005
6.53 -1.26381 -4.35797e-005
6.54 -1.0353 -3.56999e-005
6.55 -0.906912 -3.12728e-005
6.56 -0.882898 -3.04448e-005
6.57 -0.951185 -3.27995e-005
6.58 -1.0932 -3.76964e-005
6.59 -1.29412 -4.46249e-005
6.6 -1.55321 -5.35589e-005
6.61 -1.88692 -6.50663e-005
6.62 -2.31962 -7.99868e-005
6.63 -2.86988 -9.89614e-005
6.64 -3.53606 -0.000121933
6.65 -4.28549 -0.000147775
6.66 -5.06259 -0.000174572
6.67 -5.80265 -0.000200091
6.68 -6.44907 -0.000222382
6.69 -6.96213 -0.000240073
6.7 -7.3166 -0.000252297
6.71 -7.5009 -0.000258652
6.72 -7.51455 -0.000259122
6.73 -7.37384 -0.00025427
6.74 -7.1084 -0.000245117
6.75 -6.75497 -0.00023293
6.76 -6.34938 -0.000218944
6.77 -5.91116 -0.000203833
6.78 -5.44745 -0.000187843
6.79 -4.97298 -0.000171482
6.8 -4.51883 -0.000155822
6.81 -4.12489 -0.000142238
6.82 -3.82207 -0.000131796
6.83 -3.62955 -0.000125157
6.84 -3.55651 -0.000122638
6.85 -3.60036 -0.00012415
6.86 -3.73942 -0.000128946
6.87 -3.9345 -0.000135673
6.88 -4.14727 -0.000143009
6.89 -4.35432 -0.000150149
6.9 -4.54659 -0.000156779
6.91 -4.71887 -0.00016272
6.92 -4.87079 -0.000167958
6.93 -5.01702 -0.000173001
6.94 -5.18197 -0.000178689
6.95 -5.37649 -0.000185396
6.96 -5.58318 -0.000192523
6.97 -5.76967 -0.000198954
6.98 -5.91547 -0.000203982
6.99 -6.0246 -0.000207745
7 -6.11 -0.00021069
7.01 -6.17108 -0.000212796
7.02 -6.19489 -0.000213617
7.03 -6.17148 -0.00021281
7.04 -6.09743 -0.000210256
7.05 -5.96668 -0.000205747
7.06 -5.76163 -0.000198677
7.07 -5.45374 -0.00018806
7.08 -5.01996 -0.000173102
7.09 -4.46149 -0.000153844
7.1 -3.80967 -0.000131368
7.11 -3.11985 -0.000107581
7.12 -2.45626 -8.46987e-005
7.13 -1.87702 -6.47247e-005
7.14 -1.42332 -4.908e-005
7.15 -1.11493 -3.84459e-005
7.16 -0.947722 -3.26801e-005
7.17 -0.899623 -3.10215e-005
7.18 -0.936056 -3.22778e-005
7.19 -1.00728 -3.47339e-005
7.2 -1.07491 -3.7066e-005
7.21 -1.11985 -3.86157e-005
7.22 -1.13701 -3.92071e-005
7.23 -1.13199 -3.90341e-005
7.24 -1.12216 -3.86952e-005
7.25 -1.13045 -3.89812e-005
7.26 -1.17364 -4.04705e-005
7.27 -1.2507 -4.31276e-005
7.28 -1.34352 -4.63282e-005
7.29 -1.42907 -4.92784e-005
7.3 -1.48523 -5.12149e-005
7.31 -1.48846 -5.13261e-005
7.32 -1.42207 -4.90369e-005
7.33 -1.29581 -4.4683e-005
7.34 -1.1506 -3.96757e-005
7.35 -1.03338 -3.56339e-005
7.36 -0.964101 -3.32449e-005
7.37 -0.929293 -3.20446e-005
7.38 -0.902602 -3.11242e-005
7.39 -0.869249 -2.99741e-005
7.4 -0.833305 -2.87347e-005
7.41 -0.808088 -2.78651e-005
7.42 -0.805946 -2.77912e-005
7.43 -0.838686 -2.89202e-005
7.44 -0.930465 -3.2085e-005
7.45 -1.11656 -3.8502e-005
7.46 -1.41952 -4.89488e-005
7.47 -1.82701 -6.30002e-005
7.48 -2.29118 -7.90063e-005
7.49 -2.75504 -9.50013e-005
7.5 -3.18694 -0.000109895
7.51 -3.59009 -0.000123796
7.52 -3.97179 -0.000136958
7.53 -4.33043 -0.000149325
7.54 -4.65246 -0.00016043
7.55 -4.92931 -0.000169976
7.56 -5.17176 -0.000178337
7.57 -5.3961 -0.000186072
7.58 -5.58896 -0.000192723
7.59 -5.70606 -0.000196761
7.6 -5.70405 -0.000196692
7.61 -5.58125 -0.000192457
7.62 -5.38501 -0.00018569
7.63 -5.18124 -0.000178664
7.64 -5.01171 -0.000172817
7.65 -4.88487 -0.000168444
7.66 -4.78868 -0.000165127
7.67 -4.70641 -0.00016229
7.68 -4.63381 -0.000159787
7.69 -4.58059 -0.000157952
7.7 -4.55247 -0.000156982
7.71 -4.53579 -0.000156407
7.72 -4.5085 -0.000155465
7.73 -4.46456 -0.00015395
7.74 -4.42134 -0.00015246
7.75 -4.40252 -0.000151811
7.76 -4.41943 -0.000152394
7.77 -4.46943 -0.000154118
7.78 -4.54864 -0.00015685
7.79 -4.65882 -0.000160649
7.8 -4.79544 -0.00016536
7.81 -4.93296 -0.000170102
7.82 -5.02761 -0.000173366
7.83 -5.03305 -0.000173553
7.84 -4.91292 -0.000169411
7.85 -4.6545 -0.0001605
7.86 -4.26518 -0.000147075
7.87 -3.76263 -0.000129746
7.88 -3.17093 -0.000109342
7.89 -2.51938 -8.68751e-005
7.9 -1.83687 -6.33403e-005
7.91 -1.15642 -3.98766e-005
7.92 -0.495048 -1.70706e-005
7.93 0.127073 4.38181e-006
7.94 0.689786 2.37857e-005
7.95 1.16848 4.02925e-005
7.96 1.5276 5.2676e-005
7.97 1.73036 5.96675e-005
7.98 1.75825 6.06292e-005
7.99 1.61891 5.58244e-005
8 1.35347 4.66714e-005
8.01 1.01313 3.49354e-005
8.02 0.640483 2.20856e-005
8.03 0.262455 9.05017e-006
8.04 -0.103615 -3.57294e-006
8.05 -0.445807 -1.53726e-005
8.06 -0.765811 -2.64073e-005
8.07 -1.08591 -3.74452e-005
8.08 -1.43559 -4.9503e-005
8.09 -1.81971 -6.27487e-005
8.1 -2.20309 -7.59685e-005
8.11 -2.53 -8.72413e-005
8.12 -2.74941 -9.48074e-005
8.13 -2.82479 -9.74065e-005
8.14 -2.73374 -9.42669e-005
8.15 -2.46421 -8.49727e-005
8.16 -2.01876 -6.96123e-005
8.17 -1.42555 -4.91568e-005
8.18 -0.741485 -2.55684e-005
8.19 -0.0452276 -1.55957e-006
8.2 0.593722 2.04732e-005
8.21 1.12396 3.87573e-005
8.22 1.52019 5.24204e-005
8.23 1.77924 6.1353e-005
8.24 1.91278 6.59579e-005
8.25 1.94191 6.69626e-005
8.26 1.88391 6.49623e-005
8.27 1.7438 6.0131e-005
8.28 1.5132 5.21794e-005
8.29 1.18314 4.07981e-005
8.3 0.751728 2.59217e-005
8.31 0.221574 7.6405e-006
8.32 -0.396279 -1.36648e-005
8.33 -1.07911 -3.72107e-005
8.34 -1.80175 -6.21295e-005
8.35 -2.54268 -8.76788e-005
8.36 -3.28702 -0.000113345
8.37 -4.02119 -0.000138662
8.38 -4.72377 -0.000162889
8.39 -5.36136 -0.000184875
8.4 -5.89367 -0.00020323
8.41 -6.28699 -0.000216793
8.42 -6.5289 -0.000225134
8.43 -6.62712 -0.000228521
8.44 -6.59141 -0.00022729
8.45 -6.43306 -0.00022183
8.46 -6.16823 -0.000212698
8.47 -5.81614 -0.000200556
8.48 -5.40277 -0.000186302
8.49 -4.96869 -0.000171334
8.5 -4.56829 -0.000157527
8.51 -4.24779 -0.000146476
8.52 -4.02923 -0.000138939
8.53 -3.91049 -0.000134844
8.54 -3.88012 -0.000133797
8.55 -3.93096 -0.00013555
8.56 -4.06532 -0.000140184
8.57 -4.29247 -0.000148016
8.58 -4.61747 -0.000159223
8.59 -5.03778 -0.000173716
8.6 -5.54834 -0.000191322
8.61 -6.14382 -0.000211856
8.62 -6.81566 -0.000235023
8.63 -7.53853 -0.000259949
8.64 -8.27104 -0.000285208
8.65 -8.96285 -0.000309064
8.66 -9.57023 -0.000330008
8.67 -10.0636 -0.000347022
8.68 -10.4289 -0.000359616
8.69 -10.6473 -0.000367148
8.7 -10.7188 -0.000369613
8.71 -10.6708 -0.00036796
8.72 -10.5418 -0.000363509
8.73 -10.3586 -0.000357194
8.74 -10.1333 -0.000349426
8.75 -9.87216 -0.000340419
8.76 -9.58526 -0.000330526
8.77 -9.29107 -0.000320382
8.78 -9.00325 -0.000310457
8.79 -8.73232 -0.000301114
8.8 -8.48252 -0.000292501
8.81 -8.25407 -0.000284623
8.82 -8.04309 -0.000277348
8.83 -7.8487 -0.000270645
8.84 -7.6798 -0.000264821
8.85 -7.54996 -0.000260343
8.86 -7.47211 -0.000257659
8.87 -7.451 -0.000256931
8.88 -7.47037 -0.000257599
8.89 -7.5034 -0.000258738
8.9 -7.52282 -0.000259408
8.91 -7.51605 -0.000259174
8.92 -7.47962 -0.000257918
8.93 -7.4207 -0.000255886
8.94 -7.33548 -0.000252948
8.95 -7.22161 -0.000249021
8.96 -7.06091 -0.00024348
8.97 -6.84163 -0.000235918
8.98 -6.57017 -0.000226557
8.99 -6.25256 -0.000215606
9 -5.90273 -0.000203542
9.01 -5.5539 -0.000191514
9.02 -5.22013 -0.000180004
9.03 -4.9036 -0.00016909
9.04 -4.60989 -0.000158962
9.05 -4.35085 -0.000150029
9.06 -4.11639 -0.000141945
9.07 -3.89534 -0.000134322
9.08 -3.63721 -0.000125421
9.09 -3.29723 -0.000113698
9.1 -2.85062 -9.82971e-005
9.11 -2.27288 -7.83751e-005
9.12 -1.5871 -5.47275e-005
9.13 -0.866772 -2.98887e-005
9.14 -0.135213 -4.66253e-006
9.15 0.585707 2.01968e-005
9.16 1.26199 4.35169e-005
9.17 1.88829 6.51136e-005
9.18 2.45081 8.45108e-005
9.19 2.92489 0.000100858
9.2 3.3213 0.000114528
9.21 3.69135 0.000127288
9.22 4.09163 0.000141091
9.23 4.53416 0.00015635
9.24 5.00997 0.000172757
9.25 5.47684 0.000188857
9.26 5.88177 0.00020282
9.27 6.19571 0.000213645
9.28 6.41811 0.000221314
9.29 6.55704 0.000226105
9.3 6.63136 0.000228668
9.31 6.64938 0.000229289
9.32 6.61638 0.000228151
9.33 6.53877 0.000225475
9.34 6.41588 0.000221237
9.35 6.2412 0.000215214
9.36 6.01129 0.000207286
9.37 5.72858 0.000197537
9.38 5.39523 0.000186042
9.39 5.0107 0.000172783
9.4 4.58092 0.000157963
9.41 4.12676 0.000142302
9.42 3.67669 0.000126782
9.43 3.25564 0.000112264
9.44 2.87884 9.92704e-005
9.45 2.5562 8.81448e-005
9.46 2.29806 7.92433e-005
9.47 2.11169 7.2817e-005
9.48 1.99306 6.87263e-005
9.49 1.92253 6.62941e-005
9.5 1.86349 6.42583e-005
9.51 1.76431 6.08382e-005
9.52 1.57573 5.43356e-005
9.53 1.27881 4.40969e-005
9.54 0.891435 3.07391e-005
9.55 0.448658 1.5471e-005
9.56 -0.0209006 -7.20709e-007
9.57 -0.505794 -1.74412e-005
9.58 -1.00509 -3.46584e-005
9.59 -1.51459 -5.22272e-005
9.6 -2.03044 -7.00152e-005
9.61 -2.55622 -8.81457e-005
9.62 -3.10337 -0.000107013
9.63 -3.69504 -0.000127415
9.64 -4.34508 -0.00014983
9.65 -5.04439 -0.000173944
9.66 -5.78071 -0.000199335
9.67 -6.54361 -0.000225642
9.68 -7.37464 -0.000254298
9.69 -8.23323 -0.000283904
9.7 -9.09418 -0.000313592
9.71 -9.90081 -0.000341407
9.72 -10.6117 -0.000365922
9.73 -11.2132 -0.000386661
9.74 -11.6806 -0.00040278
9.75 -12.0052 -0.000413973
9.76 -12.1862 -0.000420215
9.77 -12.2543 -0.000422563
9.78 -12.2534 -0.00042253
9.79 -12.2253 -0.000421561
9.8 -12.1908 -0.000420374
9.81 -12.1542 -0.000419109
9.82 -12.1094 -0.000417564
9.83 -12.047 -0.000415413
9.84 -11.9635 -0.000412534
9.85 -11.8602 -0.000408972
9.86 -11.7346 -0.000404641
9.87 -11.5752 -0.000399146
9.88 -11.3678 -0.000391992
9.89 -11.1081 -0.000383039
9.9 -10.8076 -0.000372675
9.91 -10.4802 -0.000361385
9.92 -10.1272 -0.000349215
9.93 -9.73485 -0.000335685
9.94 -9.2846 -0.000320158
9.95 -8.76929 -0.000302389
9.96 -8.20126 -0.000282802
9.97 -7.61527 -0.000262595
9.98 -7.03993 -0.000242756
9.99 -6.4729 -0.000223204
10 -5.91913 -0.000204108
